Begin at: 2021-04-02 02:09:49.422656
['../dist/Debug/GNU-Linux/memo_batch_tester', '', '--mbt_execution_trace_fname', 'olcs4_traceback_csize_input_types/OLCS4_lru_2021_04_02__02_07_47_k_3__d_2_cache_size_160000_problems_10_to_400/OLCS4_lru_2021_04_02__02_07_47_k_3__d_2_cache_size_160000_problems_10_to_400/OLCS4__do_traceback_prob_size_242_cache_size_160000_lru_k_3_d_2_execution_trace_2021_4_2_2_9_49_pid_10171.log', '--mbt_cache_misses_fname', 'olcs4_traceback_csize_input_types/OLCS4_lru_2021_04_02__02_07_47_k_3__d_2_cache_size_160000_problems_10_to_400/lcs_cost_OLCS4_lru_misses_for_cache_size.csv', '--mbt_misses_for_problem_size_fname', 'olcs4_traceback_csize_input_types/OLCS4_lru_2021_04_02__02_07_47_k_3__d_2_cache_size_160000_problems_10_to_400/lcs_cost_OLCS4_lru_misses_for_problem_size.csv', '--mbt_exact_cutoff_min_cache_size', '160000', '--mbt_exact_cutoff_max_cache_size', '160000', '--mbt_problem_type', 'lcs', '--mbt_metric_type', 'csize_binary_search', '--mbt_cutoff_ratio', '2.2', '--mbt_instance_fname', '242', '--mbt_detailed_cache_misses_out_fname', 'csize_olcs4_traceback_0011nc_nc1100_0_7.csv', '--mbt_phi_N', '5.0', '--mbt_problem_size', '242', '--lcs_compute_length', '0', '--lcs_perform_traceback', '1', '--lig_instance_type', '0011nc_nc1100', '--lig_n', '242', '--lig_c', '0.7', '--lig_b', '3.0', '--lcs_oblivious', '4', '--lcs_execution_trace_fname', 'olcs4_traceback_csize_input_types/OLCS4_lru_2021_04_02__02_07_47_k_3__d_2_cache_size_160000_problems_10_to_400/OLCS4_lru_2021_04_02__02_07_47_k_3__d_2_cache_size_160000_problems_10_to_400/OLCS4__do_traceback_prob_size_242_cache_size_160000_lru_k_3_d_2_execution_trace_2021_4_2_2_9_49_pid_10171.log', '--memo_caching_strategy', 'lru', '--memo_cache_size', '160001', '--memo_lru_queue_size', '160000', '--memo_cuckoo_k', '4', '--memo_key_length', '8', '--memo_value_length', '8', '--memo_k_timestamps', '3', '--memo_d_recent_timestamps', '2', '--memo_a_items_per_timestamp_factor', '0.4375']

csize_binary_search chosen
lcs problem_type lcs cache_size 160001
initialize_long_int_cache begin
init_memo
arguments to memo:
 --mbt_execution_trace_fname olcs4_traceback_csize_input_types/OLCS4_lru_2021_04_02__02_07_47_k_3__d_2_cache_size_160000_problems_10_to_400/OLCS4_lru_2021_04_02__02_07_47_k_3__d_2_cache_size_160000_problems_10_to_400/OLCS4__do_traceback_prob_size_242_cache_size_160000_lru_k_3_d_2_execution_trace_2021_4_2_2_9_49_pid_10171.log --mbt_cache_misses_fname olcs4_traceback_csize_input_types/OLCS4_lru_2021_04_02__02_07_47_k_3__d_2_cache_size_160000_problems_10_to_400/lcs_cost_OLCS4_lru_misses_for_cache_size.csv --mbt_misses_for_problem_size_fname olcs4_traceback_csize_input_types/OLCS4_lru_2021_04_02__02_07_47_k_3__d_2_cache_size_160000_problems_10_to_400/lcs_cost_OLCS4_lru_misses_for_problem_size.csv --mbt_exact_cutoff_min_cache_size 160000 --mbt_exact_cutoff_max_cache_size 160000 --mbt_problem_type lcs --mbt_metric_type csize_binary_search --mbt_cutoff_ratio 2.2 --mbt_instance_fname 242 --mbt_detailed_cache_misses_out_fname csize_olcs4_traceback_0011nc_nc1100_0_7.csv --mbt_phi_N 5.0 --mbt_problem_size 242 --lcs_compute_length 0 --lcs_perform_traceback 1 --lig_instance_type 0011nc_nc1100 --lig_n 242 --lig_c 0.7 --lig_b 3.0 --lcs_oblivious 4 --lcs_execution_trace_fname olcs4_traceback_csize_input_types/OLCS4_lru_2021_04_02__02_07_47_k_3__d_2_cache_size_160000_problems_10_to_400/OLCS4_lru_2021_04_02__02_07_47_k_3__d_2_cache_size_160000_problems_10_to_400/OLCS4__do_traceback_prob_size_242_cache_size_160000_lru_k_3_d_2_execution_trace_2021_4_2_2_9_49_pid_10171.log --memo_caching_strategy lru --memo_cache_size 160001 --memo_lru_queue_size 160000 --memo_cuckoo_k 4 --memo_key_length 8 --memo_value_length 8 --memo_k_timestamps 3 --memo_d_recent_timestamps 2 --memo_a_items_per_timestamp_factor 0.4375 
calculate_table_size: table_size is 262144, original is 160001
Finished initializing cache
initialize_long_int_cache end
done initializing cache
initializing problem
done initializing problem
commence trials
Starting characteristic_cache_size_binary_search with max cache size 160001
binary search, size 160001  misses 59048
binary search, size 80000  misses 59048  min 0  max 160001
binary search, size 40000  misses 59048  min 0  max 80000
binary search, size 20000  misses 59048  min 0  max 40000
preemptive halt, cache_misses = 59049
preemptive halt, cache_misses = 59049
preemptive halt, cache_misses = 59049
preemptive halt, cache_misses = 59049
preemptive halt, cache_misses = 59049
preemptive halt, cache_misses = 59049
preemptive halt, cache_misses = 59049
preemptive halt, cache_misses = 59049
preemptive halt, cache_misses = 59049
preemptive halt, cache_misses = 59049
preemptive halt, cache_misses = 59049
preemptive halt, cache_misses = 59049
preemptive halt, cache_misses = 59049
preemptive halt, cache_misses = 59049
preemptive halt, cache_misses = 59049
preemptive halt, cache_misses = 59049
preemptive halt, cache_misses = 59049
preemptive halt, cache_misses = 59049
preemptive halt, cache_misses = 59049
preemptive halt, cache_misses = 59049
preemptive halt, cache_misses = 59049
preemptive halt, cache_misses = 59049
preemptive halt, cache_misses = 59049
preemptive halt, cache_misses = 59049
preemptive halt, cache_misses = 59049
preemptive halt, cache_misses = 59049
binary search, size 10000  misses 59049  min 0  max 20000
binary search, size 15000  misses 59048  min 10000  max 20000
preemptive halt, cache_misses = 59049
preemptive halt, cache_misses = 59049
preemptive halt, cache_misses = 59049
preemptive halt, cache_misses = 59049
preemptive halt, cache_misses = 59049
preemptive halt, cache_misses = 59049
preemptive halt, cache_misses = 59049
preemptive halt, cache_misses = 59049
preemptive halt, cache_misses = 59049
preemptive halt, cache_misses = 59049
preemptive halt, cache_misses = 59049
preemptive halt, cache_misses = 59049
preemptive halt, cache_misses = 59049
preemptive halt, cache_misses = 59049
preemptive halt, cache_misses = 59049
preemptive halt, cache_misses = 59049
preemptive halt, cache_misses = 59049
preemptive halt, cache_misses = 59049
preemptive halt, cache_misses = 59049
preemptive halt, cache_misses = 59049
preemptive halt, cache_misses = 59049
preemptive halt, cache_misses = 59049
preemptive halt, cache_misses = 59049
preemptive halt, cache_misses = 59049
preemptive halt, cache_misses = 59049
preemptive halt, cache_misses = 59049
binary search, size 12500  misses 59049  min 10000  max 15000
preemptive halt, cache_misses = 59050
preemptive halt, cache_misses = 59050
preemptive halt, cache_misses = 59050
preemptive halt, cache_misses = 59050
preemptive halt, cache_misses = 59050
preemptive halt, cache_misses = 59050
preemptive halt, cache_misses = 59050
preemptive halt, cache_misses = 59050
preemptive halt, cache_misses = 59050
preemptive halt, cache_misses = 59050
preemptive halt, cache_misses = 59050
preemptive halt, cache_misses = 59050
preemptive halt, cache_misses = 59050
preemptive halt, cache_misses = 59050
preemptive halt, cache_misses = 59050
preemptive halt, cache_misses = 59050
preemptive halt, cache_misses = 59050
preemptive halt, cache_misses = 59050
preemptive halt, cache_misses = 59050
preemptive halt, cache_misses = 59050
preemptive halt, cache_misses = 59050
preemptive halt, cache_misses = 59050
preemptive halt, cache_misses = 59050
preemptive halt, cache_misses = 59050
preemptive halt, cache_misses = 59050
preemptive halt, cache_misses = 59050
preemptive halt, cache_misses = 59050
preemptive halt, cache_misses = 59050
binary search, size 13750  misses 59050  min 12500  max 15000
binary search, size 14375  misses 59048  min 13750  max 15000
preemptive halt, cache_misses = 59049
preemptive halt, cache_misses = 59049
preemptive halt, cache_misses = 59049
preemptive halt, cache_misses = 59049
preemptive halt, cache_misses = 59049
preemptive halt, cache_misses = 59049
preemptive halt, cache_misses = 59049
preemptive halt, cache_misses = 59049
preemptive halt, cache_misses = 59049
preemptive halt, cache_misses = 59049
preemptive halt, cache_misses = 59049
preemptive halt, cache_misses = 59049
preemptive halt, cache_misses = 59049
preemptive halt, cache_misses = 59049
preemptive halt, cache_misses = 59049
preemptive halt, cache_misses = 59049
preemptive halt, cache_misses = 59049
preemptive halt, cache_misses = 59049
preemptive halt, cache_misses = 59049
preemptive halt, cache_misses = 59049
preemptive halt, cache_misses = 59049
preemptive halt, cache_misses = 59049
preemptive halt, cache_misses = 59049
preemptive halt, cache_misses = 59049
preemptive halt, cache_misses = 59049
preemptive halt, cache_misses = 59049
binary search, size 14062  misses 59049  min 13750  max 14375
preemptive halt, cache_misses = 59050
preemptive halt, cache_misses = 59050
preemptive halt, cache_misses = 59050
preemptive halt, cache_misses = 59050
preemptive halt, cache_misses = 59050
preemptive halt, cache_misses = 59050
preemptive halt, cache_misses = 59050
preemptive halt, cache_misses = 59050
preemptive halt, cache_misses = 59050
preemptive halt, cache_misses = 59050
preemptive halt, cache_misses = 59050
preemptive halt, cache_misses = 59050
preemptive halt, cache_misses = 59050
preemptive halt, cache_misses = 59050
preemptive halt, cache_misses = 59050
preemptive halt, cache_misses = 59050
preemptive halt, cache_misses = 59050
preemptive halt, cache_misses = 59050
preemptive halt, cache_misses = 59050
preemptive halt, cache_misses = 59050
preemptive halt, cache_misses = 59050
preemptive halt, cache_misses = 59050
preemptive halt, cache_misses = 59050
preemptive halt, cache_misses = 59050
preemptive halt, cache_misses = 59050
preemptive halt, cache_misses = 59050
preemptive halt, cache_misses = 59050
preemptive halt, cache_misses = 59050
binary search, size 14218  misses 59050  min 14062  max 14375
preemptive halt, cache_misses = 59051
preemptive halt, cache_misses = 59051
preemptive halt, cache_misses = 59051
preemptive halt, cache_misses = 59051
preemptive halt, cache_misses = 59051
preemptive halt, cache_misses = 59051
preemptive halt, cache_misses = 59051
preemptive halt, cache_misses = 59051
preemptive halt, cache_misses = 59051
preemptive halt, cache_misses = 59051
preemptive halt, cache_misses = 59051
preemptive halt, cache_misses = 59051
preemptive halt, cache_misses = 59051
preemptive halt, cache_misses = 59051
preemptive halt, cache_misses = 59051
preemptive halt, cache_misses = 59051
preemptive halt, cache_misses = 59051
preemptive halt, cache_misses = 59051
preemptive halt, cache_misses = 59051
preemptive halt, cache_misses = 59051
preemptive halt, cache_misses = 59051
preemptive halt, cache_misses = 59051
preemptive halt, cache_misses = 59051
preemptive halt, cache_misses = 59051
preemptive halt, cache_misses = 59051
preemptive halt, cache_misses = 59051
preemptive halt, cache_misses = 59051
preemptive halt, cache_misses = 59051
preemptive halt, cache_misses = 59051
preemptive halt, cache_misses = 59051
binary search, size 14296  misses 59051  min 14218  max 14375
preemptive halt, cache_misses = 59052
preemptive halt, cache_misses = 59052
preemptive halt, cache_misses = 59052
preemptive halt, cache_misses = 59052
preemptive halt, cache_misses = 59052
preemptive halt, cache_misses = 59052
preemptive halt, cache_misses = 59052
preemptive halt, cache_misses = 59052
preemptive halt, cache_misses = 59052
preemptive halt, cache_misses = 59052
preemptive halt, cache_misses = 59052
preemptive halt, cache_misses = 59052
preemptive halt, cache_misses = 59052
preemptive halt, cache_misses = 59052
preemptive halt, cache_misses = 59052
preemptive halt, cache_misses = 59052
preemptive halt, cache_misses = 59052
preemptive halt, cache_misses = 59052
preemptive halt, cache_misses = 59052
preemptive halt, cache_misses = 59052
preemptive halt, cache_misses = 59052
preemptive halt, cache_misses = 59052
preemptive halt, cache_misses = 59052
preemptive halt, cache_misses = 59052
preemptive halt, cache_misses = 59052
preemptive halt, cache_misses = 59052
preemptive halt, cache_misses = 59052
preemptive halt, cache_misses = 59052
preemptive halt, cache_misses = 59052
preemptive halt, cache_misses = 59052
preemptive halt, cache_misses = 59052
preemptive halt, cache_misses = 59052
binary search, size 14335  misses 59052  min 14296  max 14375
binary search, size 14355  misses 59048  min 14335  max 14375
preemptive halt, cache_misses = 59049
preemptive halt, cache_misses = 59049
preemptive halt, cache_misses = 59049
preemptive halt, cache_misses = 59049
preemptive halt, cache_misses = 59049
preemptive halt, cache_misses = 59049
preemptive halt, cache_misses = 59049
preemptive halt, cache_misses = 59049
preemptive halt, cache_misses = 59049
preemptive halt, cache_misses = 59049
preemptive halt, cache_misses = 59049
preemptive halt, cache_misses = 59049
preemptive halt, cache_misses = 59049
preemptive halt, cache_misses = 59049
preemptive halt, cache_misses = 59049
preemptive halt, cache_misses = 59049
preemptive halt, cache_misses = 59049
preemptive halt, cache_misses = 59049
preemptive halt, cache_misses = 59049
preemptive halt, cache_misses = 59049
preemptive halt, cache_misses = 59049
preemptive halt, cache_misses = 59049
preemptive halt, cache_misses = 59049
preemptive halt, cache_misses = 59049
preemptive halt, cache_misses = 59049
preemptive halt, cache_misses = 59049
binary search, size 14345  misses 59049  min 14335  max 14355
binary search, size 14350  misses 59048  min 14345  max 14355
preemptive halt, cache_misses = 59049
preemptive halt, cache_misses = 59049
preemptive halt, cache_misses = 59049
preemptive halt, cache_misses = 59049
preemptive halt, cache_misses = 59049
preemptive halt, cache_misses = 59049
preemptive halt, cache_misses = 59049
preemptive halt, cache_misses = 59049
preemptive halt, cache_misses = 59049
preemptive halt, cache_misses = 59049
preemptive halt, cache_misses = 59049
preemptive halt, cache_misses = 59049
preemptive halt, cache_misses = 59049
preemptive halt, cache_misses = 59049
preemptive halt, cache_misses = 59049
preemptive halt, cache_misses = 59049
preemptive halt, cache_misses = 59049
preemptive halt, cache_misses = 59049
preemptive halt, cache_misses = 59049
preemptive halt, cache_misses = 59049
preemptive halt, cache_misses = 59049
preemptive halt, cache_misses = 59049
preemptive halt, cache_misses = 59049
preemptive halt, cache_misses = 59049
preemptive halt, cache_misses = 59049
preemptive halt, cache_misses = 59049
binary search, size 14347  misses 59049  min 14345  max 14350
preemptive halt, cache_misses = 59050
preemptive halt, cache_misses = 59050
preemptive halt, cache_misses = 59050
preemptive halt, cache_misses = 59050
preemptive halt, cache_misses = 59050
preemptive halt, cache_misses = 59050
preemptive halt, cache_misses = 59050
preemptive halt, cache_misses = 59050
preemptive halt, cache_misses = 59050
preemptive halt, cache_misses = 59050
preemptive halt, cache_misses = 59050
preemptive halt, cache_misses = 59050
preemptive halt, cache_misses = 59050
preemptive halt, cache_misses = 59050
preemptive halt, cache_misses = 59050
preemptive halt, cache_misses = 59050
preemptive halt, cache_misses = 59050
preemptive halt, cache_misses = 59050
preemptive halt, cache_misses = 59050
preemptive halt, cache_misses = 59050
preemptive halt, cache_misses = 59050
preemptive halt, cache_misses = 59050
preemptive halt, cache_misses = 59050
preemptive halt, cache_misses = 59050
preemptive halt, cache_misses = 59050
preemptive halt, cache_misses = 59050
preemptive halt, cache_misses = 59050
preemptive halt, cache_misses = 59050
binary search, size 14348  misses 59050  min 14347  max 14350
binary search, size 14349  misses 59048  min 14348  max 14350
characteristic cache size (binary search) for 242 = 14349
End at: 2021-04-02 02:09:50.729224
Time elapsed: 0:00:01.306584
