Begin at: 2021-04-02 02:08:55.306128
['../dist/Debug/GNU-Linux/memo_batch_tester', '', '--mbt_execution_trace_fname', 'olcs4_traceback_csize_input_types/OLCS4_lru_2021_04_02__02_07_47_k_3__d_2_cache_size_160000_problems_10_to_400/OLCS4_lru_2021_04_02__02_07_47_k_3__d_2_cache_size_160000_problems_10_to_400/OLCS4__do_traceback_prob_size_188_cache_size_160000_lru_k_3_d_2_execution_trace_2021_4_2_2_8_55_pid_9933.log', '--mbt_cache_misses_fname', 'olcs4_traceback_csize_input_types/OLCS4_lru_2021_04_02__02_07_47_k_3__d_2_cache_size_160000_problems_10_to_400/lcs_cost_OLCS4_lru_misses_for_cache_size.csv', '--mbt_misses_for_problem_size_fname', 'olcs4_traceback_csize_input_types/OLCS4_lru_2021_04_02__02_07_47_k_3__d_2_cache_size_160000_problems_10_to_400/lcs_cost_OLCS4_lru_misses_for_problem_size.csv', '--mbt_exact_cutoff_min_cache_size', '160000', '--mbt_exact_cutoff_max_cache_size', '160000', '--mbt_problem_type', 'lcs', '--mbt_metric_type', 'csize_binary_search', '--mbt_cutoff_ratio', '2.2', '--mbt_instance_fname', '188', '--mbt_detailed_cache_misses_out_fname', 'csize_olcs4_traceback_0011nc_nc1100_0_7.csv', '--mbt_phi_N', '5.0', '--mbt_problem_size', '188', '--lcs_compute_length', '0', '--lcs_perform_traceback', '1', '--lig_instance_type', '0011nc_nc1100', '--lig_n', '188', '--lig_c', '0.7', '--lig_b', '3.0', '--lcs_oblivious', '4', '--lcs_execution_trace_fname', 'olcs4_traceback_csize_input_types/OLCS4_lru_2021_04_02__02_07_47_k_3__d_2_cache_size_160000_problems_10_to_400/OLCS4_lru_2021_04_02__02_07_47_k_3__d_2_cache_size_160000_problems_10_to_400/OLCS4__do_traceback_prob_size_188_cache_size_160000_lru_k_3_d_2_execution_trace_2021_4_2_2_8_55_pid_9933.log', '--memo_caching_strategy', 'lru', '--memo_cache_size', '160001', '--memo_lru_queue_size', '160000', '--memo_cuckoo_k', '4', '--memo_key_length', '8', '--memo_value_length', '8', '--memo_k_timestamps', '3', '--memo_d_recent_timestamps', '2', '--memo_a_items_per_timestamp_factor', '0.4375']

csize_binary_search chosen
lcs problem_type lcs cache_size 160001
initialize_long_int_cache begin
init_memo
arguments to memo:
 --mbt_execution_trace_fname olcs4_traceback_csize_input_types/OLCS4_lru_2021_04_02__02_07_47_k_3__d_2_cache_size_160000_problems_10_to_400/OLCS4_lru_2021_04_02__02_07_47_k_3__d_2_cache_size_160000_problems_10_to_400/OLCS4__do_traceback_prob_size_188_cache_size_160000_lru_k_3_d_2_execution_trace_2021_4_2_2_8_55_pid_9933.log --mbt_cache_misses_fname olcs4_traceback_csize_input_types/OLCS4_lru_2021_04_02__02_07_47_k_3__d_2_cache_size_160000_problems_10_to_400/lcs_cost_OLCS4_lru_misses_for_cache_size.csv --mbt_misses_for_problem_size_fname olcs4_traceback_csize_input_types/OLCS4_lru_2021_04_02__02_07_47_k_3__d_2_cache_size_160000_problems_10_to_400/lcs_cost_OLCS4_lru_misses_for_problem_size.csv --mbt_exact_cutoff_min_cache_size 160000 --mbt_exact_cutoff_max_cache_size 160000 --mbt_problem_type lcs --mbt_metric_type csize_binary_search --mbt_cutoff_ratio 2.2 --mbt_instance_fname 188 --mbt_detailed_cache_misses_out_fname csize_olcs4_traceback_0011nc_nc1100_0_7.csv --mbt_phi_N 5.0 --mbt_problem_size 188 --lcs_compute_length 0 --lcs_perform_traceback 1 --lig_instance_type 0011nc_nc1100 --lig_n 188 --lig_c 0.7 --lig_b 3.0 --lcs_oblivious 4 --lcs_execution_trace_fname olcs4_traceback_csize_input_types/OLCS4_lru_2021_04_02__02_07_47_k_3__d_2_cache_size_160000_problems_10_to_400/OLCS4_lru_2021_04_02__02_07_47_k_3__d_2_cache_size_160000_problems_10_to_400/OLCS4__do_traceback_prob_size_188_cache_size_160000_lru_k_3_d_2_execution_trace_2021_4_2_2_8_55_pid_9933.log --memo_caching_strategy lru --memo_cache_size 160001 --memo_lru_queue_size 160000 --memo_cuckoo_k 4 --memo_key_length 8 --memo_value_length 8 --memo_k_timestamps 3 --memo_d_recent_timestamps 2 --memo_a_items_per_timestamp_factor 0.4375 
calculate_table_size: table_size is 262144, original is 160001
Finished initializing cache
initialize_long_int_cache end
done initializing cache
initializing problem
done initializing problem
commence trials
Starting characteristic_cache_size_binary_search with max cache size 160001
binary search, size 160001  misses 35720
binary search, size 80000  misses 35720  min 0  max 160001
binary search, size 40000  misses 35720  min 0  max 80000
binary search, size 20000  misses 35720  min 0  max 40000
preemptive halt, cache_misses = 35721
preemptive halt, cache_misses = 35721
preemptive halt, cache_misses = 35721
preemptive halt, cache_misses = 35721
preemptive halt, cache_misses = 35721
preemptive halt, cache_misses = 35721
preemptive halt, cache_misses = 35721
preemptive halt, cache_misses = 35721
preemptive halt, cache_misses = 35721
preemptive halt, cache_misses = 35721
preemptive halt, cache_misses = 35721
preemptive halt, cache_misses = 35721
preemptive halt, cache_misses = 35721
preemptive halt, cache_misses = 35721
preemptive halt, cache_misses = 35721
preemptive halt, cache_misses = 35721
preemptive halt, cache_misses = 35721
preemptive halt, cache_misses = 35721
preemptive halt, cache_misses = 35721
preemptive halt, cache_misses = 35721
preemptive halt, cache_misses = 35721
preemptive halt, cache_misses = 35721
preemptive halt, cache_misses = 35721
preemptive halt, cache_misses = 35721
preemptive halt, cache_misses = 35721
preemptive halt, cache_misses = 35721
preemptive halt, cache_misses = 35721
preemptive halt, cache_misses = 35721
preemptive halt, cache_misses = 35721
preemptive halt, cache_misses = 35721
preemptive halt, cache_misses = 35721
preemptive halt, cache_misses = 35721
preemptive halt, cache_misses = 35721
preemptive halt, cache_misses = 35721
preemptive halt, cache_misses = 35721
preemptive halt, cache_misses = 35721
preemptive halt, cache_misses = 35721
preemptive halt, cache_misses = 35721
preemptive halt, cache_misses = 35721
preemptive halt, cache_misses = 35721
preemptive halt, cache_misses = 35721
preemptive halt, cache_misses = 35721
preemptive halt, cache_misses = 35721
preemptive halt, cache_misses = 35721
preemptive halt, cache_misses = 35721
preemptive halt, cache_misses = 35721
preemptive halt, cache_misses = 35721
preemptive halt, cache_misses = 35721
preemptive halt, cache_misses = 35721
preemptive halt, cache_misses = 35721
preemptive halt, cache_misses = 35721
preemptive halt, cache_misses = 35721
preemptive halt, cache_misses = 35721
preemptive halt, cache_misses = 35721
preemptive halt, cache_misses = 35721
preemptive halt, cache_misses = 35721
preemptive halt, cache_misses = 35721
preemptive halt, cache_misses = 35721
preemptive halt, cache_misses = 35721
preemptive halt, cache_misses = 35721
preemptive halt, cache_misses = 35721
preemptive halt, cache_misses = 35721
preemptive halt, cache_misses = 35721
preemptive halt, cache_misses = 35721
preemptive halt, cache_misses = 35721
preemptive halt, cache_misses = 35721
binary search, size 10000  misses 35721  min 0  max 20000
binary search, size 15000  misses 35720  min 10000  max 20000
preemptive halt, cache_misses = 35721
preemptive halt, cache_misses = 35721
preemptive halt, cache_misses = 35721
preemptive halt, cache_misses = 35721
preemptive halt, cache_misses = 35721
preemptive halt, cache_misses = 35721
preemptive halt, cache_misses = 35721
preemptive halt, cache_misses = 35721
preemptive halt, cache_misses = 35721
preemptive halt, cache_misses = 35721
preemptive halt, cache_misses = 35721
preemptive halt, cache_misses = 35721
preemptive halt, cache_misses = 35721
preemptive halt, cache_misses = 35721
preemptive halt, cache_misses = 35721
preemptive halt, cache_misses = 35721
preemptive halt, cache_misses = 35721
preemptive halt, cache_misses = 35721
preemptive halt, cache_misses = 35721
preemptive halt, cache_misses = 35721
preemptive halt, cache_misses = 35721
preemptive halt, cache_misses = 35721
preemptive halt, cache_misses = 35721
preemptive halt, cache_misses = 35721
preemptive halt, cache_misses = 35721
preemptive halt, cache_misses = 35721
preemptive halt, cache_misses = 35721
preemptive halt, cache_misses = 35721
preemptive halt, cache_misses = 35721
preemptive halt, cache_misses = 35721
preemptive halt, cache_misses = 35721
preemptive halt, cache_misses = 35721
preemptive halt, cache_misses = 35721
preemptive halt, cache_misses = 35721
preemptive halt, cache_misses = 35721
preemptive halt, cache_misses = 35721
preemptive halt, cache_misses = 35721
preemptive halt, cache_misses = 35721
preemptive halt, cache_misses = 35721
preemptive halt, cache_misses = 35721
preemptive halt, cache_misses = 35721
preemptive halt, cache_misses = 35721
preemptive halt, cache_misses = 35721
preemptive halt, cache_misses = 35721
preemptive halt, cache_misses = 35721
preemptive halt, cache_misses = 35721
preemptive halt, cache_misses = 35721
preemptive halt, cache_misses = 35721
preemptive halt, cache_misses = 35721
preemptive halt, cache_misses = 35721
preemptive halt, cache_misses = 35721
preemptive halt, cache_misses = 35721
preemptive halt, cache_misses = 35721
preemptive halt, cache_misses = 35721
preemptive halt, cache_misses = 35721
preemptive halt, cache_misses = 35721
preemptive halt, cache_misses = 35721
preemptive halt, cache_misses = 35721
preemptive halt, cache_misses = 35721
preemptive halt, cache_misses = 35721
preemptive halt, cache_misses = 35721
preemptive halt, cache_misses = 35721
preemptive halt, cache_misses = 35721
preemptive halt, cache_misses = 35721
preemptive halt, cache_misses = 35721
preemptive halt, cache_misses = 35721
binary search, size 12500  misses 35721  min 10000  max 15000
binary search, size 13750  misses 35720  min 12500  max 15000
preemptive halt, cache_misses = 35721
preemptive halt, cache_misses = 35721
preemptive halt, cache_misses = 35721
preemptive halt, cache_misses = 35721
preemptive halt, cache_misses = 35721
preemptive halt, cache_misses = 35721
preemptive halt, cache_misses = 35721
preemptive halt, cache_misses = 35721
preemptive halt, cache_misses = 35721
preemptive halt, cache_misses = 35721
preemptive halt, cache_misses = 35721
preemptive halt, cache_misses = 35721
preemptive halt, cache_misses = 35721
preemptive halt, cache_misses = 35721
preemptive halt, cache_misses = 35721
preemptive halt, cache_misses = 35721
preemptive halt, cache_misses = 35721
preemptive halt, cache_misses = 35721
preemptive halt, cache_misses = 35721
preemptive halt, cache_misses = 35721
preemptive halt, cache_misses = 35721
preemptive halt, cache_misses = 35721
preemptive halt, cache_misses = 35721
preemptive halt, cache_misses = 35721
preemptive halt, cache_misses = 35721
preemptive halt, cache_misses = 35721
preemptive halt, cache_misses = 35721
preemptive halt, cache_misses = 35721
preemptive halt, cache_misses = 35721
preemptive halt, cache_misses = 35721
preemptive halt, cache_misses = 35721
preemptive halt, cache_misses = 35721
preemptive halt, cache_misses = 35721
preemptive halt, cache_misses = 35721
preemptive halt, cache_misses = 35721
preemptive halt, cache_misses = 35721
preemptive halt, cache_misses = 35721
preemptive halt, cache_misses = 35721
preemptive halt, cache_misses = 35721
preemptive halt, cache_misses = 35721
preemptive halt, cache_misses = 35721
preemptive halt, cache_misses = 35721
preemptive halt, cache_misses = 35721
preemptive halt, cache_misses = 35721
preemptive halt, cache_misses = 35721
preemptive halt, cache_misses = 35721
preemptive halt, cache_misses = 35721
preemptive halt, cache_misses = 35721
preemptive halt, cache_misses = 35721
preemptive halt, cache_misses = 35721
preemptive halt, cache_misses = 35721
preemptive halt, cache_misses = 35721
preemptive halt, cache_misses = 35721
preemptive halt, cache_misses = 35721
preemptive halt, cache_misses = 35721
preemptive halt, cache_misses = 35721
preemptive halt, cache_misses = 35721
preemptive halt, cache_misses = 35721
preemptive halt, cache_misses = 35721
preemptive halt, cache_misses = 35721
preemptive halt, cache_misses = 35721
preemptive halt, cache_misses = 35721
preemptive halt, cache_misses = 35721
preemptive halt, cache_misses = 35721
preemptive halt, cache_misses = 35721
preemptive halt, cache_misses = 35721
binary search, size 13125  misses 35721  min 12500  max 13750
preemptive halt, cache_misses = 35722
preemptive halt, cache_misses = 35722
preemptive halt, cache_misses = 35722
preemptive halt, cache_misses = 35722
preemptive halt, cache_misses = 35722
preemptive halt, cache_misses = 35722
preemptive halt, cache_misses = 35722
preemptive halt, cache_misses = 35722
preemptive halt, cache_misses = 35722
preemptive halt, cache_misses = 35722
preemptive halt, cache_misses = 35722
preemptive halt, cache_misses = 35722
preemptive halt, cache_misses = 35722
preemptive halt, cache_misses = 35722
preemptive halt, cache_misses = 35722
preemptive halt, cache_misses = 35722
preemptive halt, cache_misses = 35722
preemptive halt, cache_misses = 35722
preemptive halt, cache_misses = 35722
preemptive halt, cache_misses = 35722
preemptive halt, cache_misses = 35722
preemptive halt, cache_misses = 35722
preemptive halt, cache_misses = 35722
preemptive halt, cache_misses = 35722
preemptive halt, cache_misses = 35722
preemptive halt, cache_misses = 35722
preemptive halt, cache_misses = 35722
preemptive halt, cache_misses = 35722
preemptive halt, cache_misses = 35722
preemptive halt, cache_misses = 35722
preemptive halt, cache_misses = 35722
preemptive halt, cache_misses = 35722
preemptive halt, cache_misses = 35722
preemptive halt, cache_misses = 35722
preemptive halt, cache_misses = 35722
preemptive halt, cache_misses = 35722
preemptive halt, cache_misses = 35722
preemptive halt, cache_misses = 35722
preemptive halt, cache_misses = 35722
preemptive halt, cache_misses = 35722
preemptive halt, cache_misses = 35722
preemptive halt, cache_misses = 35722
preemptive halt, cache_misses = 35722
preemptive halt, cache_misses = 35722
preemptive halt, cache_misses = 35722
preemptive halt, cache_misses = 35722
preemptive halt, cache_misses = 35722
preemptive halt, cache_misses = 35722
preemptive halt, cache_misses = 35722
preemptive halt, cache_misses = 35722
preemptive halt, cache_misses = 35722
preemptive halt, cache_misses = 35722
preemptive halt, cache_misses = 35722
preemptive halt, cache_misses = 35722
preemptive halt, cache_misses = 35722
preemptive halt, cache_misses = 35722
preemptive halt, cache_misses = 35722
preemptive halt, cache_misses = 35722
preemptive halt, cache_misses = 35722
preemptive halt, cache_misses = 35722
preemptive halt, cache_misses = 35722
preemptive halt, cache_misses = 35722
preemptive halt, cache_misses = 35722
preemptive halt, cache_misses = 35722
preemptive halt, cache_misses = 35722
preemptive halt, cache_misses = 35722
preemptive halt, cache_misses = 35722
preemptive halt, cache_misses = 35722
binary search, size 13437  misses 35722  min 13125  max 13750
preemptive halt, cache_misses = 35723
preemptive halt, cache_misses = 35723
preemptive halt, cache_misses = 35723
preemptive halt, cache_misses = 35723
preemptive halt, cache_misses = 35723
preemptive halt, cache_misses = 35723
preemptive halt, cache_misses = 35723
preemptive halt, cache_misses = 35723
preemptive halt, cache_misses = 35723
preemptive halt, cache_misses = 35723
preemptive halt, cache_misses = 35723
preemptive halt, cache_misses = 35723
preemptive halt, cache_misses = 35723
preemptive halt, cache_misses = 35723
preemptive halt, cache_misses = 35723
preemptive halt, cache_misses = 35723
preemptive halt, cache_misses = 35723
preemptive halt, cache_misses = 35723
preemptive halt, cache_misses = 35723
preemptive halt, cache_misses = 35723
preemptive halt, cache_misses = 35723
preemptive halt, cache_misses = 35723
preemptive halt, cache_misses = 35723
preemptive halt, cache_misses = 35723
preemptive halt, cache_misses = 35723
preemptive halt, cache_misses = 35723
preemptive halt, cache_misses = 35723
preemptive halt, cache_misses = 35723
preemptive halt, cache_misses = 35723
preemptive halt, cache_misses = 35723
preemptive halt, cache_misses = 35723
preemptive halt, cache_misses = 35723
preemptive halt, cache_misses = 35723
preemptive halt, cache_misses = 35723
preemptive halt, cache_misses = 35723
preemptive halt, cache_misses = 35723
preemptive halt, cache_misses = 35723
preemptive halt, cache_misses = 35723
preemptive halt, cache_misses = 35723
preemptive halt, cache_misses = 35723
preemptive halt, cache_misses = 35723
preemptive halt, cache_misses = 35723
preemptive halt, cache_misses = 35723
preemptive halt, cache_misses = 35723
preemptive halt, cache_misses = 35723
preemptive halt, cache_misses = 35723
preemptive halt, cache_misses = 35723
preemptive halt, cache_misses = 35723
preemptive halt, cache_misses = 35723
preemptive halt, cache_misses = 35723
preemptive halt, cache_misses = 35723
preemptive halt, cache_misses = 35723
preemptive halt, cache_misses = 35723
preemptive halt, cache_misses = 35723
preemptive halt, cache_misses = 35723
preemptive halt, cache_misses = 35723
preemptive halt, cache_misses = 35723
preemptive halt, cache_misses = 35723
preemptive halt, cache_misses = 35723
preemptive halt, cache_misses = 35723
preemptive halt, cache_misses = 35723
preemptive halt, cache_misses = 35723
preemptive halt, cache_misses = 35723
preemptive halt, cache_misses = 35723
preemptive halt, cache_misses = 35723
preemptive halt, cache_misses = 35723
preemptive halt, cache_misses = 35723
preemptive halt, cache_misses = 35723
preemptive halt, cache_misses = 35723
preemptive halt, cache_misses = 35723
binary search, size 13593  misses 35723  min 13437  max 13750
binary search, size 13671  misses 35720  min 13593  max 13750
preemptive halt, cache_misses = 35721
preemptive halt, cache_misses = 35721
preemptive halt, cache_misses = 35721
preemptive halt, cache_misses = 35721
preemptive halt, cache_misses = 35721
preemptive halt, cache_misses = 35721
preemptive halt, cache_misses = 35721
preemptive halt, cache_misses = 35721
preemptive halt, cache_misses = 35721
preemptive halt, cache_misses = 35721
preemptive halt, cache_misses = 35721
preemptive halt, cache_misses = 35721
preemptive halt, cache_misses = 35721
preemptive halt, cache_misses = 35721
preemptive halt, cache_misses = 35721
preemptive halt, cache_misses = 35721
preemptive halt, cache_misses = 35721
preemptive halt, cache_misses = 35721
preemptive halt, cache_misses = 35721
preemptive halt, cache_misses = 35721
preemptive halt, cache_misses = 35721
preemptive halt, cache_misses = 35721
preemptive halt, cache_misses = 35721
preemptive halt, cache_misses = 35721
preemptive halt, cache_misses = 35721
preemptive halt, cache_misses = 35721
preemptive halt, cache_misses = 35721
preemptive halt, cache_misses = 35721
preemptive halt, cache_misses = 35721
preemptive halt, cache_misses = 35721
preemptive halt, cache_misses = 35721
preemptive halt, cache_misses = 35721
preemptive halt, cache_misses = 35721
preemptive halt, cache_misses = 35721
preemptive halt, cache_misses = 35721
preemptive halt, cache_misses = 35721
preemptive halt, cache_misses = 35721
preemptive halt, cache_misses = 35721
preemptive halt, cache_misses = 35721
preemptive halt, cache_misses = 35721
preemptive halt, cache_misses = 35721
preemptive halt, cache_misses = 35721
preemptive halt, cache_misses = 35721
preemptive halt, cache_misses = 35721
preemptive halt, cache_misses = 35721
preemptive halt, cache_misses = 35721
preemptive halt, cache_misses = 35721
preemptive halt, cache_misses = 35721
preemptive halt, cache_misses = 35721
preemptive halt, cache_misses = 35721
preemptive halt, cache_misses = 35721
preemptive halt, cache_misses = 35721
preemptive halt, cache_misses = 35721
preemptive halt, cache_misses = 35721
preemptive halt, cache_misses = 35721
preemptive halt, cache_misses = 35721
preemptive halt, cache_misses = 35721
preemptive halt, cache_misses = 35721
preemptive halt, cache_misses = 35721
preemptive halt, cache_misses = 35721
preemptive halt, cache_misses = 35721
preemptive halt, cache_misses = 35721
preemptive halt, cache_misses = 35721
preemptive halt, cache_misses = 35721
preemptive halt, cache_misses = 35721
preemptive halt, cache_misses = 35721
binary search, size 13632  misses 35721  min 13593  max 13671
binary search, size 13651  misses 35720  min 13632  max 13671
binary search, size 13641  misses 35720  min 13632  max 13651
preemptive halt, cache_misses = 35721
preemptive halt, cache_misses = 35721
preemptive halt, cache_misses = 35721
preemptive halt, cache_misses = 35721
preemptive halt, cache_misses = 35721
preemptive halt, cache_misses = 35721
preemptive halt, cache_misses = 35721
preemptive halt, cache_misses = 35721
preemptive halt, cache_misses = 35721
preemptive halt, cache_misses = 35721
preemptive halt, cache_misses = 35721
preemptive halt, cache_misses = 35721
preemptive halt, cache_misses = 35721
preemptive halt, cache_misses = 35721
preemptive halt, cache_misses = 35721
preemptive halt, cache_misses = 35721
preemptive halt, cache_misses = 35721
preemptive halt, cache_misses = 35721
preemptive halt, cache_misses = 35721
preemptive halt, cache_misses = 35721
preemptive halt, cache_misses = 35721
preemptive halt, cache_misses = 35721
preemptive halt, cache_misses = 35721
preemptive halt, cache_misses = 35721
preemptive halt, cache_misses = 35721
preemptive halt, cache_misses = 35721
preemptive halt, cache_misses = 35721
preemptive halt, cache_misses = 35721
preemptive halt, cache_misses = 35721
preemptive halt, cache_misses = 35721
preemptive halt, cache_misses = 35721
preemptive halt, cache_misses = 35721
preemptive halt, cache_misses = 35721
preemptive halt, cache_misses = 35721
preemptive halt, cache_misses = 35721
preemptive halt, cache_misses = 35721
preemptive halt, cache_misses = 35721
preemptive halt, cache_misses = 35721
preemptive halt, cache_misses = 35721
preemptive halt, cache_misses = 35721
preemptive halt, cache_misses = 35721
preemptive halt, cache_misses = 35721
preemptive halt, cache_misses = 35721
preemptive halt, cache_misses = 35721
preemptive halt, cache_misses = 35721
preemptive halt, cache_misses = 35721
preemptive halt, cache_misses = 35721
preemptive halt, cache_misses = 35721
preemptive halt, cache_misses = 35721
preemptive halt, cache_misses = 35721
preemptive halt, cache_misses = 35721
preemptive halt, cache_misses = 35721
preemptive halt, cache_misses = 35721
preemptive halt, cache_misses = 35721
preemptive halt, cache_misses = 35721
preemptive halt, cache_misses = 35721
preemptive halt, cache_misses = 35721
preemptive halt, cache_misses = 35721
preemptive halt, cache_misses = 35721
preemptive halt, cache_misses = 35721
preemptive halt, cache_misses = 35721
preemptive halt, cache_misses = 35721
preemptive halt, cache_misses = 35721
preemptive halt, cache_misses = 35721
preemptive halt, cache_misses = 35721
preemptive halt, cache_misses = 35721
binary search, size 13636  misses 35721  min 13632  max 13641
preemptive halt, cache_misses = 35722
preemptive halt, cache_misses = 35722
preemptive halt, cache_misses = 35722
preemptive halt, cache_misses = 35722
preemptive halt, cache_misses = 35722
preemptive halt, cache_misses = 35722
preemptive halt, cache_misses = 35722
preemptive halt, cache_misses = 35722
preemptive halt, cache_misses = 35722
preemptive halt, cache_misses = 35722
preemptive halt, cache_misses = 35722
preemptive halt, cache_misses = 35722
preemptive halt, cache_misses = 35722
preemptive halt, cache_misses = 35722
preemptive halt, cache_misses = 35722
preemptive halt, cache_misses = 35722
preemptive halt, cache_misses = 35722
preemptive halt, cache_misses = 35722
preemptive halt, cache_misses = 35722
preemptive halt, cache_misses = 35722
preemptive halt, cache_misses = 35722
preemptive halt, cache_misses = 35722
preemptive halt, cache_misses = 35722
preemptive halt, cache_misses = 35722
preemptive halt, cache_misses = 35722
preemptive halt, cache_misses = 35722
preemptive halt, cache_misses = 35722
preemptive halt, cache_misses = 35722
preemptive halt, cache_misses = 35722
preemptive halt, cache_misses = 35722
preemptive halt, cache_misses = 35722
preemptive halt, cache_misses = 35722
preemptive halt, cache_misses = 35722
preemptive halt, cache_misses = 35722
preemptive halt, cache_misses = 35722
preemptive halt, cache_misses = 35722
preemptive halt, cache_misses = 35722
preemptive halt, cache_misses = 35722
preemptive halt, cache_misses = 35722
preemptive halt, cache_misses = 35722
preemptive halt, cache_misses = 35722
preemptive halt, cache_misses = 35722
preemptive halt, cache_misses = 35722
preemptive halt, cache_misses = 35722
preemptive halt, cache_misses = 35722
preemptive halt, cache_misses = 35722
preemptive halt, cache_misses = 35722
preemptive halt, cache_misses = 35722
preemptive halt, cache_misses = 35722
preemptive halt, cache_misses = 35722
preemptive halt, cache_misses = 35722
preemptive halt, cache_misses = 35722
preemptive halt, cache_misses = 35722
preemptive halt, cache_misses = 35722
preemptive halt, cache_misses = 35722
preemptive halt, cache_misses = 35722
preemptive halt, cache_misses = 35722
preemptive halt, cache_misses = 35722
preemptive halt, cache_misses = 35722
preemptive halt, cache_misses = 35722
preemptive halt, cache_misses = 35722
preemptive halt, cache_misses = 35722
preemptive halt, cache_misses = 35722
preemptive halt, cache_misses = 35722
preemptive halt, cache_misses = 35722
preemptive halt, cache_misses = 35722
preemptive halt, cache_misses = 35722
preemptive halt, cache_misses = 35722
binary search, size 13638  misses 35722  min 13636  max 13641
preemptive halt, cache_misses = 35723
preemptive halt, cache_misses = 35723
preemptive halt, cache_misses = 35723
preemptive halt, cache_misses = 35723
preemptive halt, cache_misses = 35723
preemptive halt, cache_misses = 35723
preemptive halt, cache_misses = 35723
preemptive halt, cache_misses = 35723
preemptive halt, cache_misses = 35723
preemptive halt, cache_misses = 35723
preemptive halt, cache_misses = 35723
preemptive halt, cache_misses = 35723
preemptive halt, cache_misses = 35723
preemptive halt, cache_misses = 35723
preemptive halt, cache_misses = 35723
preemptive halt, cache_misses = 35723
preemptive halt, cache_misses = 35723
preemptive halt, cache_misses = 35723
preemptive halt, cache_misses = 35723
preemptive halt, cache_misses = 35723
preemptive halt, cache_misses = 35723
preemptive halt, cache_misses = 35723
preemptive halt, cache_misses = 35723
preemptive halt, cache_misses = 35723
preemptive halt, cache_misses = 35723
preemptive halt, cache_misses = 35723
preemptive halt, cache_misses = 35723
preemptive halt, cache_misses = 35723
preemptive halt, cache_misses = 35723
preemptive halt, cache_misses = 35723
preemptive halt, cache_misses = 35723
preemptive halt, cache_misses = 35723
preemptive halt, cache_misses = 35723
preemptive halt, cache_misses = 35723
preemptive halt, cache_misses = 35723
preemptive halt, cache_misses = 35723
preemptive halt, cache_misses = 35723
preemptive halt, cache_misses = 35723
preemptive halt, cache_misses = 35723
preemptive halt, cache_misses = 35723
preemptive halt, cache_misses = 35723
preemptive halt, cache_misses = 35723
preemptive halt, cache_misses = 35723
preemptive halt, cache_misses = 35723
preemptive halt, cache_misses = 35723
preemptive halt, cache_misses = 35723
preemptive halt, cache_misses = 35723
preemptive halt, cache_misses = 35723
preemptive halt, cache_misses = 35723
preemptive halt, cache_misses = 35723
preemptive halt, cache_misses = 35723
preemptive halt, cache_misses = 35723
preemptive halt, cache_misses = 35723
preemptive halt, cache_misses = 35723
preemptive halt, cache_misses = 35723
preemptive halt, cache_misses = 35723
preemptive halt, cache_misses = 35723
preemptive halt, cache_misses = 35723
preemptive halt, cache_misses = 35723
preemptive halt, cache_misses = 35723
preemptive halt, cache_misses = 35723
preemptive halt, cache_misses = 35723
preemptive halt, cache_misses = 35723
preemptive halt, cache_misses = 35723
preemptive halt, cache_misses = 35723
preemptive halt, cache_misses = 35723
preemptive halt, cache_misses = 35723
preemptive halt, cache_misses = 35723
preemptive halt, cache_misses = 35723
preemptive halt, cache_misses = 35723
binary search, size 13639  misses 35723  min 13638  max 13641
binary search, size 13640  misses 35720  min 13639  max 13641
characteristic cache size (binary search) for 188 = 13640
End at: 2021-04-02 02:08:56.018919
Time elapsed: 0:00:00.712807
