Begin at: 2021-04-02 02:13:51.087585
['../dist/Debug/GNU-Linux/memo_batch_tester', '', '--mbt_execution_trace_fname', 'olcs4_traceback_csize_input_types/OLCS4_lru_2021_04_02__02_07_47_k_3__d_2_cache_size_160000_problems_10_to_400/OLCS4_lru_2021_04_02__02_07_47_k_3__d_2_cache_size_160000_problems_10_to_400/OLCS4__do_traceback_prob_size_364_cache_size_160000_lru_k_3_d_2_execution_trace_2021_4_2_2_13_51_pid_10478.log', '--mbt_cache_misses_fname', 'olcs4_traceback_csize_input_types/OLCS4_lru_2021_04_02__02_07_47_k_3__d_2_cache_size_160000_problems_10_to_400/lcs_cost_OLCS4_lru_misses_for_cache_size.csv', '--mbt_misses_for_problem_size_fname', 'olcs4_traceback_csize_input_types/OLCS4_lru_2021_04_02__02_07_47_k_3__d_2_cache_size_160000_problems_10_to_400/lcs_cost_OLCS4_lru_misses_for_problem_size.csv', '--mbt_exact_cutoff_min_cache_size', '160000', '--mbt_exact_cutoff_max_cache_size', '160000', '--mbt_problem_type', 'lcs', '--mbt_metric_type', 'csize_binary_search', '--mbt_cutoff_ratio', '2.2', '--mbt_instance_fname', '364', '--mbt_detailed_cache_misses_out_fname', 'csize_olcs4_traceback_0011nc_nc1100_0_7.csv', '--mbt_phi_N', '5.0', '--mbt_problem_size', '364', '--lcs_compute_length', '0', '--lcs_perform_traceback', '1', '--lig_instance_type', '0011nc_nc1100', '--lig_n', '364', '--lig_c', '0.7', '--lig_b', '3.0', '--lcs_oblivious', '4', '--lcs_execution_trace_fname', 'olcs4_traceback_csize_input_types/OLCS4_lru_2021_04_02__02_07_47_k_3__d_2_cache_size_160000_problems_10_to_400/OLCS4_lru_2021_04_02__02_07_47_k_3__d_2_cache_size_160000_problems_10_to_400/OLCS4__do_traceback_prob_size_364_cache_size_160000_lru_k_3_d_2_execution_trace_2021_4_2_2_13_51_pid_10478.log', '--memo_caching_strategy', 'lru', '--memo_cache_size', '160001', '--memo_lru_queue_size', '160000', '--memo_cuckoo_k', '4', '--memo_key_length', '8', '--memo_value_length', '8', '--memo_k_timestamps', '3', '--memo_d_recent_timestamps', '2', '--memo_a_items_per_timestamp_factor', '0.4375']

csize_binary_search chosen
lcs problem_type lcs cache_size 160001
initialize_long_int_cache begin
init_memo
arguments to memo:
 --mbt_execution_trace_fname olcs4_traceback_csize_input_types/OLCS4_lru_2021_04_02__02_07_47_k_3__d_2_cache_size_160000_problems_10_to_400/OLCS4_lru_2021_04_02__02_07_47_k_3__d_2_cache_size_160000_problems_10_to_400/OLCS4__do_traceback_prob_size_364_cache_size_160000_lru_k_3_d_2_execution_trace_2021_4_2_2_13_51_pid_10478.log --mbt_cache_misses_fname olcs4_traceback_csize_input_types/OLCS4_lru_2021_04_02__02_07_47_k_3__d_2_cache_size_160000_problems_10_to_400/lcs_cost_OLCS4_lru_misses_for_cache_size.csv --mbt_misses_for_problem_size_fname olcs4_traceback_csize_input_types/OLCS4_lru_2021_04_02__02_07_47_k_3__d_2_cache_size_160000_problems_10_to_400/lcs_cost_OLCS4_lru_misses_for_problem_size.csv --mbt_exact_cutoff_min_cache_size 160000 --mbt_exact_cutoff_max_cache_size 160000 --mbt_problem_type lcs --mbt_metric_type csize_binary_search --mbt_cutoff_ratio 2.2 --mbt_instance_fname 364 --mbt_detailed_cache_misses_out_fname csize_olcs4_traceback_0011nc_nc1100_0_7.csv --mbt_phi_N 5.0 --mbt_problem_size 364 --lcs_compute_length 0 --lcs_perform_traceback 1 --lig_instance_type 0011nc_nc1100 --lig_n 364 --lig_c 0.7 --lig_b 3.0 --lcs_oblivious 4 --lcs_execution_trace_fname olcs4_traceback_csize_input_types/OLCS4_lru_2021_04_02__02_07_47_k_3__d_2_cache_size_160000_problems_10_to_400/OLCS4_lru_2021_04_02__02_07_47_k_3__d_2_cache_size_160000_problems_10_to_400/OLCS4__do_traceback_prob_size_364_cache_size_160000_lru_k_3_d_2_execution_trace_2021_4_2_2_13_51_pid_10478.log --memo_caching_strategy lru --memo_cache_size 160001 --memo_lru_queue_size 160000 --memo_cuckoo_k 4 --memo_key_length 8 --memo_value_length 8 --memo_k_timestamps 3 --memo_d_recent_timestamps 2 --memo_a_items_per_timestamp_factor 0.4375 
calculate_table_size: table_size is 262144, original is 160001
Finished initializing cache
initialize_long_int_cache end
done initializing cache
initializing problem
done initializing problem
commence trials
Starting characteristic_cache_size_binary_search with max cache size 160001
binary search, size 160001  misses 133224
binary search, size 80000  misses 133224  min 0  max 160001
preemptive halt, cache_misses = 133225
preemptive halt, cache_misses = 133225
preemptive halt, cache_misses = 133225
preemptive halt, cache_misses = 133225
preemptive halt, cache_misses = 133225
preemptive halt, cache_misses = 133225
preemptive halt, cache_misses = 133225
preemptive halt, cache_misses = 133225
preemptive halt, cache_misses = 133225
preemptive halt, cache_misses = 133225
preemptive halt, cache_misses = 133225
preemptive halt, cache_misses = 133225
preemptive halt, cache_misses = 133225
preemptive halt, cache_misses = 133225
preemptive halt, cache_misses = 133225
preemptive halt, cache_misses = 133225
preemptive halt, cache_misses = 133225
preemptive halt, cache_misses = 133225
preemptive halt, cache_misses = 133225
preemptive halt, cache_misses = 133225
preemptive halt, cache_misses = 133225
preemptive halt, cache_misses = 133225
preemptive halt, cache_misses = 133225
preemptive halt, cache_misses = 133225
preemptive halt, cache_misses = 133225
preemptive halt, cache_misses = 133225
preemptive halt, cache_misses = 133225
preemptive halt, cache_misses = 133225
preemptive halt, cache_misses = 133225
preemptive halt, cache_misses = 133225
preemptive halt, cache_misses = 133225
preemptive halt, cache_misses = 133225
preemptive halt, cache_misses = 133225
preemptive halt, cache_misses = 133225
preemptive halt, cache_misses = 133225
preemptive halt, cache_misses = 133225
preemptive halt, cache_misses = 133225
preemptive halt, cache_misses = 133225
preemptive halt, cache_misses = 133225
preemptive halt, cache_misses = 133225
preemptive halt, cache_misses = 133225
preemptive halt, cache_misses = 133225
preemptive halt, cache_misses = 133225
preemptive halt, cache_misses = 133225
preemptive halt, cache_misses = 133225
preemptive halt, cache_misses = 133225
preemptive halt, cache_misses = 133225
preemptive halt, cache_misses = 133225
preemptive halt, cache_misses = 133225
preemptive halt, cache_misses = 133225
preemptive halt, cache_misses = 133225
preemptive halt, cache_misses = 133225
preemptive halt, cache_misses = 133225
preemptive halt, cache_misses = 133225
preemptive halt, cache_misses = 133225
preemptive halt, cache_misses = 133225
preemptive halt, cache_misses = 133225
preemptive halt, cache_misses = 133225
preemptive halt, cache_misses = 133225
preemptive halt, cache_misses = 133225
preemptive halt, cache_misses = 133225
preemptive halt, cache_misses = 133225
preemptive halt, cache_misses = 133225
preemptive halt, cache_misses = 133225
preemptive halt, cache_misses = 133225
preemptive halt, cache_misses = 133225
preemptive halt, cache_misses = 133225
preemptive halt, cache_misses = 133225
preemptive halt, cache_misses = 133225
preemptive halt, cache_misses = 133225
preemptive halt, cache_misses = 133225
preemptive halt, cache_misses = 133225
preemptive halt, cache_misses = 133225
preemptive halt, cache_misses = 133225
preemptive halt, cache_misses = 133225
preemptive halt, cache_misses = 133225
preemptive halt, cache_misses = 133225
preemptive halt, cache_misses = 133225
preemptive halt, cache_misses = 133225
preemptive halt, cache_misses = 133225
preemptive halt, cache_misses = 133225
preemptive halt, cache_misses = 133225
preemptive halt, cache_misses = 133225
preemptive halt, cache_misses = 133225
preemptive halt, cache_misses = 133225
preemptive halt, cache_misses = 133225
preemptive halt, cache_misses = 133225
preemptive halt, cache_misses = 133225
preemptive halt, cache_misses = 133225
preemptive halt, cache_misses = 133225
preemptive halt, cache_misses = 133225
preemptive halt, cache_misses = 133225
preemptive halt, cache_misses = 133225
preemptive halt, cache_misses = 133225
preemptive halt, cache_misses = 133225
preemptive halt, cache_misses = 133225
preemptive halt, cache_misses = 133225
preemptive halt, cache_misses = 133225
preemptive halt, cache_misses = 133225
preemptive halt, cache_misses = 133225
preemptive halt, cache_misses = 133225
preemptive halt, cache_misses = 133225
preemptive halt, cache_misses = 133225
preemptive halt, cache_misses = 133225
preemptive halt, cache_misses = 133225
preemptive halt, cache_misses = 133225
preemptive halt, cache_misses = 133225
preemptive halt, cache_misses = 133225
preemptive halt, cache_misses = 133225
preemptive halt, cache_misses = 133225
binary search, size 40000  misses 133225  min 0  max 80000
binary search, size 60000  misses 133224  min 40000  max 80000
binary search, size 50000  misses 133224  min 40000  max 60000
binary search, size 45000  misses 133224  min 40000  max 50000
preemptive halt, cache_misses = 133225
preemptive halt, cache_misses = 133225
preemptive halt, cache_misses = 133225
preemptive halt, cache_misses = 133225
preemptive halt, cache_misses = 133225
preemptive halt, cache_misses = 133225
preemptive halt, cache_misses = 133225
preemptive halt, cache_misses = 133225
preemptive halt, cache_misses = 133225
preemptive halt, cache_misses = 133225
preemptive halt, cache_misses = 133225
preemptive halt, cache_misses = 133225
preemptive halt, cache_misses = 133225
preemptive halt, cache_misses = 133225
preemptive halt, cache_misses = 133225
preemptive halt, cache_misses = 133225
preemptive halt, cache_misses = 133225
preemptive halt, cache_misses = 133225
preemptive halt, cache_misses = 133225
preemptive halt, cache_misses = 133225
preemptive halt, cache_misses = 133225
preemptive halt, cache_misses = 133225
preemptive halt, cache_misses = 133225
preemptive halt, cache_misses = 133225
preemptive halt, cache_misses = 133225
preemptive halt, cache_misses = 133225
preemptive halt, cache_misses = 133225
preemptive halt, cache_misses = 133225
preemptive halt, cache_misses = 133225
preemptive halt, cache_misses = 133225
preemptive halt, cache_misses = 133225
preemptive halt, cache_misses = 133225
preemptive halt, cache_misses = 133225
preemptive halt, cache_misses = 133225
preemptive halt, cache_misses = 133225
preemptive halt, cache_misses = 133225
preemptive halt, cache_misses = 133225
preemptive halt, cache_misses = 133225
preemptive halt, cache_misses = 133225
preemptive halt, cache_misses = 133225
preemptive halt, cache_misses = 133225
preemptive halt, cache_misses = 133225
preemptive halt, cache_misses = 133225
preemptive halt, cache_misses = 133225
preemptive halt, cache_misses = 133225
preemptive halt, cache_misses = 133225
preemptive halt, cache_misses = 133225
preemptive halt, cache_misses = 133225
preemptive halt, cache_misses = 133225
preemptive halt, cache_misses = 133225
preemptive halt, cache_misses = 133225
preemptive halt, cache_misses = 133225
preemptive halt, cache_misses = 133225
preemptive halt, cache_misses = 133225
preemptive halt, cache_misses = 133225
preemptive halt, cache_misses = 133225
preemptive halt, cache_misses = 133225
preemptive halt, cache_misses = 133225
preemptive halt, cache_misses = 133225
preemptive halt, cache_misses = 133225
preemptive halt, cache_misses = 133225
preemptive halt, cache_misses = 133225
preemptive halt, cache_misses = 133225
preemptive halt, cache_misses = 133225
preemptive halt, cache_misses = 133225
preemptive halt, cache_misses = 133225
preemptive halt, cache_misses = 133225
preemptive halt, cache_misses = 133225
preemptive halt, cache_misses = 133225
preemptive halt, cache_misses = 133225
preemptive halt, cache_misses = 133225
preemptive halt, cache_misses = 133225
preemptive halt, cache_misses = 133225
preemptive halt, cache_misses = 133225
preemptive halt, cache_misses = 133225
preemptive halt, cache_misses = 133225
preemptive halt, cache_misses = 133225
preemptive halt, cache_misses = 133225
preemptive halt, cache_misses = 133225
preemptive halt, cache_misses = 133225
preemptive halt, cache_misses = 133225
preemptive halt, cache_misses = 133225
preemptive halt, cache_misses = 133225
preemptive halt, cache_misses = 133225
preemptive halt, cache_misses = 133225
preemptive halt, cache_misses = 133225
preemptive halt, cache_misses = 133225
preemptive halt, cache_misses = 133225
preemptive halt, cache_misses = 133225
preemptive halt, cache_misses = 133225
preemptive halt, cache_misses = 133225
preemptive halt, cache_misses = 133225
preemptive halt, cache_misses = 133225
preemptive halt, cache_misses = 133225
preemptive halt, cache_misses = 133225
preemptive halt, cache_misses = 133225
preemptive halt, cache_misses = 133225
preemptive halt, cache_misses = 133225
preemptive halt, cache_misses = 133225
preemptive halt, cache_misses = 133225
preemptive halt, cache_misses = 133225
preemptive halt, cache_misses = 133225
preemptive halt, cache_misses = 133225
preemptive halt, cache_misses = 133225
preemptive halt, cache_misses = 133225
preemptive halt, cache_misses = 133225
preemptive halt, cache_misses = 133225
preemptive halt, cache_misses = 133225
preemptive halt, cache_misses = 133225
preemptive halt, cache_misses = 133225
binary search, size 42500  misses 133225  min 40000  max 45000
binary search, size 43750  misses 133224  min 42500  max 45000
binary search, size 43125  misses 133224  min 42500  max 43750
binary search, size 42812  misses 133224  min 42500  max 43125
preemptive halt, cache_misses = 133225
preemptive halt, cache_misses = 133225
preemptive halt, cache_misses = 133225
preemptive halt, cache_misses = 133225
preemptive halt, cache_misses = 133225
preemptive halt, cache_misses = 133225
preemptive halt, cache_misses = 133225
preemptive halt, cache_misses = 133225
preemptive halt, cache_misses = 133225
preemptive halt, cache_misses = 133225
preemptive halt, cache_misses = 133225
preemptive halt, cache_misses = 133225
preemptive halt, cache_misses = 133225
preemptive halt, cache_misses = 133225
preemptive halt, cache_misses = 133225
preemptive halt, cache_misses = 133225
preemptive halt, cache_misses = 133225
preemptive halt, cache_misses = 133225
preemptive halt, cache_misses = 133225
preemptive halt, cache_misses = 133225
preemptive halt, cache_misses = 133225
preemptive halt, cache_misses = 133225
preemptive halt, cache_misses = 133225
preemptive halt, cache_misses = 133225
preemptive halt, cache_misses = 133225
preemptive halt, cache_misses = 133225
preemptive halt, cache_misses = 133225
preemptive halt, cache_misses = 133225
preemptive halt, cache_misses = 133225
preemptive halt, cache_misses = 133225
preemptive halt, cache_misses = 133225
preemptive halt, cache_misses = 133225
preemptive halt, cache_misses = 133225
preemptive halt, cache_misses = 133225
preemptive halt, cache_misses = 133225
preemptive halt, cache_misses = 133225
preemptive halt, cache_misses = 133225
preemptive halt, cache_misses = 133225
preemptive halt, cache_misses = 133225
preemptive halt, cache_misses = 133225
preemptive halt, cache_misses = 133225
preemptive halt, cache_misses = 133225
preemptive halt, cache_misses = 133225
preemptive halt, cache_misses = 133225
preemptive halt, cache_misses = 133225
preemptive halt, cache_misses = 133225
preemptive halt, cache_misses = 133225
preemptive halt, cache_misses = 133225
preemptive halt, cache_misses = 133225
preemptive halt, cache_misses = 133225
preemptive halt, cache_misses = 133225
preemptive halt, cache_misses = 133225
preemptive halt, cache_misses = 133225
preemptive halt, cache_misses = 133225
preemptive halt, cache_misses = 133225
preemptive halt, cache_misses = 133225
preemptive halt, cache_misses = 133225
preemptive halt, cache_misses = 133225
preemptive halt, cache_misses = 133225
preemptive halt, cache_misses = 133225
preemptive halt, cache_misses = 133225
preemptive halt, cache_misses = 133225
preemptive halt, cache_misses = 133225
preemptive halt, cache_misses = 133225
preemptive halt, cache_misses = 133225
preemptive halt, cache_misses = 133225
preemptive halt, cache_misses = 133225
preemptive halt, cache_misses = 133225
preemptive halt, cache_misses = 133225
preemptive halt, cache_misses = 133225
preemptive halt, cache_misses = 133225
preemptive halt, cache_misses = 133225
preemptive halt, cache_misses = 133225
preemptive halt, cache_misses = 133225
preemptive halt, cache_misses = 133225
preemptive halt, cache_misses = 133225
preemptive halt, cache_misses = 133225
preemptive halt, cache_misses = 133225
preemptive halt, cache_misses = 133225
preemptive halt, cache_misses = 133225
preemptive halt, cache_misses = 133225
preemptive halt, cache_misses = 133225
preemptive halt, cache_misses = 133225
preemptive halt, cache_misses = 133225
preemptive halt, cache_misses = 133225
preemptive halt, cache_misses = 133225
preemptive halt, cache_misses = 133225
preemptive halt, cache_misses = 133225
preemptive halt, cache_misses = 133225
preemptive halt, cache_misses = 133225
preemptive halt, cache_misses = 133225
preemptive halt, cache_misses = 133225
preemptive halt, cache_misses = 133225
preemptive halt, cache_misses = 133225
preemptive halt, cache_misses = 133225
preemptive halt, cache_misses = 133225
preemptive halt, cache_misses = 133225
preemptive halt, cache_misses = 133225
preemptive halt, cache_misses = 133225
preemptive halt, cache_misses = 133225
preemptive halt, cache_misses = 133225
preemptive halt, cache_misses = 133225
preemptive halt, cache_misses = 133225
preemptive halt, cache_misses = 133225
preemptive halt, cache_misses = 133225
preemptive halt, cache_misses = 133225
preemptive halt, cache_misses = 133225
preemptive halt, cache_misses = 133225
preemptive halt, cache_misses = 133225
preemptive halt, cache_misses = 133225
binary search, size 42656  misses 133225  min 42500  max 42812
preemptive halt, cache_misses = 133226
preemptive halt, cache_misses = 133226
preemptive halt, cache_misses = 133226
preemptive halt, cache_misses = 133226
preemptive halt, cache_misses = 133226
preemptive halt, cache_misses = 133226
preemptive halt, cache_misses = 133226
preemptive halt, cache_misses = 133226
preemptive halt, cache_misses = 133226
preemptive halt, cache_misses = 133226
preemptive halt, cache_misses = 133226
preemptive halt, cache_misses = 133226
preemptive halt, cache_misses = 133226
preemptive halt, cache_misses = 133226
preemptive halt, cache_misses = 133226
preemptive halt, cache_misses = 133226
preemptive halt, cache_misses = 133226
preemptive halt, cache_misses = 133226
preemptive halt, cache_misses = 133226
preemptive halt, cache_misses = 133226
preemptive halt, cache_misses = 133226
preemptive halt, cache_misses = 133226
preemptive halt, cache_misses = 133226
preemptive halt, cache_misses = 133226
preemptive halt, cache_misses = 133226
preemptive halt, cache_misses = 133226
preemptive halt, cache_misses = 133226
preemptive halt, cache_misses = 133226
preemptive halt, cache_misses = 133226
preemptive halt, cache_misses = 133226
preemptive halt, cache_misses = 133226
preemptive halt, cache_misses = 133226
preemptive halt, cache_misses = 133226
preemptive halt, cache_misses = 133226
preemptive halt, cache_misses = 133226
preemptive halt, cache_misses = 133226
preemptive halt, cache_misses = 133226
preemptive halt, cache_misses = 133226
preemptive halt, cache_misses = 133226
preemptive halt, cache_misses = 133226
preemptive halt, cache_misses = 133226
preemptive halt, cache_misses = 133226
preemptive halt, cache_misses = 133226
preemptive halt, cache_misses = 133226
preemptive halt, cache_misses = 133226
preemptive halt, cache_misses = 133226
preemptive halt, cache_misses = 133226
preemptive halt, cache_misses = 133226
preemptive halt, cache_misses = 133226
preemptive halt, cache_misses = 133226
preemptive halt, cache_misses = 133226
preemptive halt, cache_misses = 133226
preemptive halt, cache_misses = 133226
preemptive halt, cache_misses = 133226
preemptive halt, cache_misses = 133226
preemptive halt, cache_misses = 133226
preemptive halt, cache_misses = 133226
preemptive halt, cache_misses = 133226
preemptive halt, cache_misses = 133226
preemptive halt, cache_misses = 133226
preemptive halt, cache_misses = 133226
preemptive halt, cache_misses = 133226
preemptive halt, cache_misses = 133226
preemptive halt, cache_misses = 133226
preemptive halt, cache_misses = 133226
preemptive halt, cache_misses = 133226
preemptive halt, cache_misses = 133226
preemptive halt, cache_misses = 133226
preemptive halt, cache_misses = 133226
preemptive halt, cache_misses = 133226
preemptive halt, cache_misses = 133226
preemptive halt, cache_misses = 133226
preemptive halt, cache_misses = 133226
preemptive halt, cache_misses = 133226
preemptive halt, cache_misses = 133226
preemptive halt, cache_misses = 133226
preemptive halt, cache_misses = 133226
preemptive halt, cache_misses = 133226
preemptive halt, cache_misses = 133226
preemptive halt, cache_misses = 133226
preemptive halt, cache_misses = 133226
preemptive halt, cache_misses = 133226
preemptive halt, cache_misses = 133226
preemptive halt, cache_misses = 133226
preemptive halt, cache_misses = 133226
preemptive halt, cache_misses = 133226
preemptive halt, cache_misses = 133226
preemptive halt, cache_misses = 133226
preemptive halt, cache_misses = 133226
preemptive halt, cache_misses = 133226
preemptive halt, cache_misses = 133226
preemptive halt, cache_misses = 133226
preemptive halt, cache_misses = 133226
preemptive halt, cache_misses = 133226
preemptive halt, cache_misses = 133226
preemptive halt, cache_misses = 133226
preemptive halt, cache_misses = 133226
preemptive halt, cache_misses = 133226
preemptive halt, cache_misses = 133226
preemptive halt, cache_misses = 133226
preemptive halt, cache_misses = 133226
preemptive halt, cache_misses = 133226
preemptive halt, cache_misses = 133226
preemptive halt, cache_misses = 133226
preemptive halt, cache_misses = 133226
preemptive halt, cache_misses = 133226
preemptive halt, cache_misses = 133226
preemptive halt, cache_misses = 133226
preemptive halt, cache_misses = 133226
preemptive halt, cache_misses = 133226
preemptive halt, cache_misses = 133226
preemptive halt, cache_misses = 133226
binary search, size 42734  misses 133226  min 42656  max 42812
binary search, size 42773  misses 133224  min 42734  max 42812
preemptive halt, cache_misses = 133225
preemptive halt, cache_misses = 133225
preemptive halt, cache_misses = 133225
preemptive halt, cache_misses = 133225
preemptive halt, cache_misses = 133225
preemptive halt, cache_misses = 133225
preemptive halt, cache_misses = 133225
preemptive halt, cache_misses = 133225
preemptive halt, cache_misses = 133225
preemptive halt, cache_misses = 133225
preemptive halt, cache_misses = 133225
preemptive halt, cache_misses = 133225
preemptive halt, cache_misses = 133225
preemptive halt, cache_misses = 133225
preemptive halt, cache_misses = 133225
preemptive halt, cache_misses = 133225
preemptive halt, cache_misses = 133225
preemptive halt, cache_misses = 133225
preemptive halt, cache_misses = 133225
preemptive halt, cache_misses = 133225
preemptive halt, cache_misses = 133225
preemptive halt, cache_misses = 133225
preemptive halt, cache_misses = 133225
preemptive halt, cache_misses = 133225
preemptive halt, cache_misses = 133225
preemptive halt, cache_misses = 133225
preemptive halt, cache_misses = 133225
preemptive halt, cache_misses = 133225
preemptive halt, cache_misses = 133225
preemptive halt, cache_misses = 133225
preemptive halt, cache_misses = 133225
preemptive halt, cache_misses = 133225
preemptive halt, cache_misses = 133225
preemptive halt, cache_misses = 133225
preemptive halt, cache_misses = 133225
preemptive halt, cache_misses = 133225
preemptive halt, cache_misses = 133225
preemptive halt, cache_misses = 133225
preemptive halt, cache_misses = 133225
preemptive halt, cache_misses = 133225
preemptive halt, cache_misses = 133225
preemptive halt, cache_misses = 133225
preemptive halt, cache_misses = 133225
preemptive halt, cache_misses = 133225
preemptive halt, cache_misses = 133225
preemptive halt, cache_misses = 133225
preemptive halt, cache_misses = 133225
preemptive halt, cache_misses = 133225
preemptive halt, cache_misses = 133225
preemptive halt, cache_misses = 133225
preemptive halt, cache_misses = 133225
preemptive halt, cache_misses = 133225
preemptive halt, cache_misses = 133225
preemptive halt, cache_misses = 133225
preemptive halt, cache_misses = 133225
preemptive halt, cache_misses = 133225
preemptive halt, cache_misses = 133225
preemptive halt, cache_misses = 133225
preemptive halt, cache_misses = 133225
preemptive halt, cache_misses = 133225
preemptive halt, cache_misses = 133225
preemptive halt, cache_misses = 133225
preemptive halt, cache_misses = 133225
preemptive halt, cache_misses = 133225
preemptive halt, cache_misses = 133225
preemptive halt, cache_misses = 133225
preemptive halt, cache_misses = 133225
preemptive halt, cache_misses = 133225
preemptive halt, cache_misses = 133225
preemptive halt, cache_misses = 133225
preemptive halt, cache_misses = 133225
preemptive halt, cache_misses = 133225
preemptive halt, cache_misses = 133225
preemptive halt, cache_misses = 133225
preemptive halt, cache_misses = 133225
preemptive halt, cache_misses = 133225
preemptive halt, cache_misses = 133225
preemptive halt, cache_misses = 133225
preemptive halt, cache_misses = 133225
preemptive halt, cache_misses = 133225
preemptive halt, cache_misses = 133225
preemptive halt, cache_misses = 133225
preemptive halt, cache_misses = 133225
preemptive halt, cache_misses = 133225
preemptive halt, cache_misses = 133225
preemptive halt, cache_misses = 133225
preemptive halt, cache_misses = 133225
preemptive halt, cache_misses = 133225
preemptive halt, cache_misses = 133225
preemptive halt, cache_misses = 133225
preemptive halt, cache_misses = 133225
preemptive halt, cache_misses = 133225
preemptive halt, cache_misses = 133225
preemptive halt, cache_misses = 133225
preemptive halt, cache_misses = 133225
preemptive halt, cache_misses = 133225
preemptive halt, cache_misses = 133225
preemptive halt, cache_misses = 133225
preemptive halt, cache_misses = 133225
preemptive halt, cache_misses = 133225
preemptive halt, cache_misses = 133225
preemptive halt, cache_misses = 133225
preemptive halt, cache_misses = 133225
preemptive halt, cache_misses = 133225
preemptive halt, cache_misses = 133225
preemptive halt, cache_misses = 133225
preemptive halt, cache_misses = 133225
preemptive halt, cache_misses = 133225
preemptive halt, cache_misses = 133225
preemptive halt, cache_misses = 133225
binary search, size 42753  misses 133225  min 42734  max 42773
binary search, size 42763  misses 133224  min 42753  max 42773
preemptive halt, cache_misses = 133225
preemptive halt, cache_misses = 133225
preemptive halt, cache_misses = 133225
preemptive halt, cache_misses = 133225
preemptive halt, cache_misses = 133225
preemptive halt, cache_misses = 133225
preemptive halt, cache_misses = 133225
preemptive halt, cache_misses = 133225
preemptive halt, cache_misses = 133225
preemptive halt, cache_misses = 133225
preemptive halt, cache_misses = 133225
preemptive halt, cache_misses = 133225
preemptive halt, cache_misses = 133225
preemptive halt, cache_misses = 133225
preemptive halt, cache_misses = 133225
preemptive halt, cache_misses = 133225
preemptive halt, cache_misses = 133225
preemptive halt, cache_misses = 133225
preemptive halt, cache_misses = 133225
preemptive halt, cache_misses = 133225
preemptive halt, cache_misses = 133225
preemptive halt, cache_misses = 133225
preemptive halt, cache_misses = 133225
preemptive halt, cache_misses = 133225
preemptive halt, cache_misses = 133225
preemptive halt, cache_misses = 133225
preemptive halt, cache_misses = 133225
preemptive halt, cache_misses = 133225
preemptive halt, cache_misses = 133225
preemptive halt, cache_misses = 133225
preemptive halt, cache_misses = 133225
preemptive halt, cache_misses = 133225
preemptive halt, cache_misses = 133225
preemptive halt, cache_misses = 133225
preemptive halt, cache_misses = 133225
preemptive halt, cache_misses = 133225
preemptive halt, cache_misses = 133225
preemptive halt, cache_misses = 133225
preemptive halt, cache_misses = 133225
preemptive halt, cache_misses = 133225
preemptive halt, cache_misses = 133225
preemptive halt, cache_misses = 133225
preemptive halt, cache_misses = 133225
preemptive halt, cache_misses = 133225
preemptive halt, cache_misses = 133225
preemptive halt, cache_misses = 133225
preemptive halt, cache_misses = 133225
preemptive halt, cache_misses = 133225
preemptive halt, cache_misses = 133225
preemptive halt, cache_misses = 133225
preemptive halt, cache_misses = 133225
preemptive halt, cache_misses = 133225
preemptive halt, cache_misses = 133225
preemptive halt, cache_misses = 133225
preemptive halt, cache_misses = 133225
preemptive halt, cache_misses = 133225
preemptive halt, cache_misses = 133225
preemptive halt, cache_misses = 133225
preemptive halt, cache_misses = 133225
preemptive halt, cache_misses = 133225
preemptive halt, cache_misses = 133225
preemptive halt, cache_misses = 133225
preemptive halt, cache_misses = 133225
preemptive halt, cache_misses = 133225
preemptive halt, cache_misses = 133225
preemptive halt, cache_misses = 133225
preemptive halt, cache_misses = 133225
preemptive halt, cache_misses = 133225
preemptive halt, cache_misses = 133225
preemptive halt, cache_misses = 133225
preemptive halt, cache_misses = 133225
preemptive halt, cache_misses = 133225
preemptive halt, cache_misses = 133225
preemptive halt, cache_misses = 133225
preemptive halt, cache_misses = 133225
preemptive halt, cache_misses = 133225
preemptive halt, cache_misses = 133225
preemptive halt, cache_misses = 133225
preemptive halt, cache_misses = 133225
preemptive halt, cache_misses = 133225
preemptive halt, cache_misses = 133225
preemptive halt, cache_misses = 133225
preemptive halt, cache_misses = 133225
preemptive halt, cache_misses = 133225
preemptive halt, cache_misses = 133225
preemptive halt, cache_misses = 133225
preemptive halt, cache_misses = 133225
preemptive halt, cache_misses = 133225
preemptive halt, cache_misses = 133225
preemptive halt, cache_misses = 133225
preemptive halt, cache_misses = 133225
preemptive halt, cache_misses = 133225
preemptive halt, cache_misses = 133225
preemptive halt, cache_misses = 133225
preemptive halt, cache_misses = 133225
preemptive halt, cache_misses = 133225
preemptive halt, cache_misses = 133225
preemptive halt, cache_misses = 133225
preemptive halt, cache_misses = 133225
preemptive halt, cache_misses = 133225
preemptive halt, cache_misses = 133225
preemptive halt, cache_misses = 133225
preemptive halt, cache_misses = 133225
preemptive halt, cache_misses = 133225
preemptive halt, cache_misses = 133225
preemptive halt, cache_misses = 133225
preemptive halt, cache_misses = 133225
preemptive halt, cache_misses = 133225
preemptive halt, cache_misses = 133225
preemptive halt, cache_misses = 133225
binary search, size 42758  misses 133225  min 42753  max 42763
binary search, size 42760  misses 133224  min 42758  max 42763
binary search, size 42759  misses 133224  min 42758  max 42760
characteristic cache size (binary search) for 364 = 42759
End at: 2021-04-02 02:13:53.943235
Time elapsed: 0:00:02.855667
