Begin at: 2021-04-02 02:09:48.256763
['../dist/Debug/GNU-Linux/memo_batch_tester', '', '--mbt_execution_trace_fname', 'olcs4_traceback_csize_input_types/OLCS4_lru_2021_04_02__02_07_47_k_3__d_2_cache_size_160000_problems_10_to_400/OLCS4_lru_2021_04_02__02_07_47_k_3__d_2_cache_size_160000_problems_10_to_400/OLCS4__do_traceback_prob_size_241_cache_size_160000_lru_k_3_d_2_execution_trace_2021_4_2_2_9_48_pid_10169.log', '--mbt_cache_misses_fname', 'olcs4_traceback_csize_input_types/OLCS4_lru_2021_04_02__02_07_47_k_3__d_2_cache_size_160000_problems_10_to_400/lcs_cost_OLCS4_lru_misses_for_cache_size.csv', '--mbt_misses_for_problem_size_fname', 'olcs4_traceback_csize_input_types/OLCS4_lru_2021_04_02__02_07_47_k_3__d_2_cache_size_160000_problems_10_to_400/lcs_cost_OLCS4_lru_misses_for_problem_size.csv', '--mbt_exact_cutoff_min_cache_size', '160000', '--mbt_exact_cutoff_max_cache_size', '160000', '--mbt_problem_type', 'lcs', '--mbt_metric_type', 'csize_binary_search', '--mbt_cutoff_ratio', '2.2', '--mbt_instance_fname', '241', '--mbt_detailed_cache_misses_out_fname', 'csize_olcs4_traceback_0011nc_nc1100_0_7.csv', '--mbt_phi_N', '5.0', '--mbt_problem_size', '241', '--lcs_compute_length', '0', '--lcs_perform_traceback', '1', '--lig_instance_type', '0011nc_nc1100', '--lig_n', '241', '--lig_c', '0.7', '--lig_b', '3.0', '--lcs_oblivious', '4', '--lcs_execution_trace_fname', 'olcs4_traceback_csize_input_types/OLCS4_lru_2021_04_02__02_07_47_k_3__d_2_cache_size_160000_problems_10_to_400/OLCS4_lru_2021_04_02__02_07_47_k_3__d_2_cache_size_160000_problems_10_to_400/OLCS4__do_traceback_prob_size_241_cache_size_160000_lru_k_3_d_2_execution_trace_2021_4_2_2_9_48_pid_10169.log', '--memo_caching_strategy', 'lru', '--memo_cache_size', '160001', '--memo_lru_queue_size', '160000', '--memo_cuckoo_k', '4', '--memo_key_length', '8', '--memo_value_length', '8', '--memo_k_timestamps', '3', '--memo_d_recent_timestamps', '2', '--memo_a_items_per_timestamp_factor', '0.4375']

csize_binary_search chosen
lcs problem_type lcs cache_size 160001
initialize_long_int_cache begin
init_memo
arguments to memo:
 --mbt_execution_trace_fname olcs4_traceback_csize_input_types/OLCS4_lru_2021_04_02__02_07_47_k_3__d_2_cache_size_160000_problems_10_to_400/OLCS4_lru_2021_04_02__02_07_47_k_3__d_2_cache_size_160000_problems_10_to_400/OLCS4__do_traceback_prob_size_241_cache_size_160000_lru_k_3_d_2_execution_trace_2021_4_2_2_9_48_pid_10169.log --mbt_cache_misses_fname olcs4_traceback_csize_input_types/OLCS4_lru_2021_04_02__02_07_47_k_3__d_2_cache_size_160000_problems_10_to_400/lcs_cost_OLCS4_lru_misses_for_cache_size.csv --mbt_misses_for_problem_size_fname olcs4_traceback_csize_input_types/OLCS4_lru_2021_04_02__02_07_47_k_3__d_2_cache_size_160000_problems_10_to_400/lcs_cost_OLCS4_lru_misses_for_problem_size.csv --mbt_exact_cutoff_min_cache_size 160000 --mbt_exact_cutoff_max_cache_size 160000 --mbt_problem_type lcs --mbt_metric_type csize_binary_search --mbt_cutoff_ratio 2.2 --mbt_instance_fname 241 --mbt_detailed_cache_misses_out_fname csize_olcs4_traceback_0011nc_nc1100_0_7.csv --mbt_phi_N 5.0 --mbt_problem_size 241 --lcs_compute_length 0 --lcs_perform_traceback 1 --lig_instance_type 0011nc_nc1100 --lig_n 241 --lig_c 0.7 --lig_b 3.0 --lcs_oblivious 4 --lcs_execution_trace_fname olcs4_traceback_csize_input_types/OLCS4_lru_2021_04_02__02_07_47_k_3__d_2_cache_size_160000_problems_10_to_400/OLCS4_lru_2021_04_02__02_07_47_k_3__d_2_cache_size_160000_problems_10_to_400/OLCS4__do_traceback_prob_size_241_cache_size_160000_lru_k_3_d_2_execution_trace_2021_4_2_2_9_48_pid_10169.log --memo_caching_strategy lru --memo_cache_size 160001 --memo_lru_queue_size 160000 --memo_cuckoo_k 4 --memo_key_length 8 --memo_value_length 8 --memo_k_timestamps 3 --memo_d_recent_timestamps 2 --memo_a_items_per_timestamp_factor 0.4375 
calculate_table_size: table_size is 262144, original is 160001
Finished initializing cache
initialize_long_int_cache end
done initializing cache
initializing problem
done initializing problem
commence trials
Starting characteristic_cache_size_binary_search with max cache size 160001
binary search, size 160001  misses 58563
binary search, size 80000  misses 58563  min 0  max 160001
binary search, size 40000  misses 58563  min 0  max 80000
binary search, size 20000  misses 58563  min 0  max 40000
preemptive halt, cache_misses = 58564
preemptive halt, cache_misses = 58564
preemptive halt, cache_misses = 58564
preemptive halt, cache_misses = 58564
preemptive halt, cache_misses = 58564
preemptive halt, cache_misses = 58564
preemptive halt, cache_misses = 58564
preemptive halt, cache_misses = 58564
preemptive halt, cache_misses = 58564
preemptive halt, cache_misses = 58564
preemptive halt, cache_misses = 58564
preemptive halt, cache_misses = 58564
preemptive halt, cache_misses = 58564
preemptive halt, cache_misses = 58564
preemptive halt, cache_misses = 58564
preemptive halt, cache_misses = 58564
preemptive halt, cache_misses = 58564
preemptive halt, cache_misses = 58564
preemptive halt, cache_misses = 58564
preemptive halt, cache_misses = 58564
preemptive halt, cache_misses = 58564
preemptive halt, cache_misses = 58564
preemptive halt, cache_misses = 58564
preemptive halt, cache_misses = 58564
binary search, size 10000  misses 58564  min 0  max 20000
binary search, size 15000  misses 58563  min 10000  max 20000
preemptive halt, cache_misses = 58564
preemptive halt, cache_misses = 58564
preemptive halt, cache_misses = 58564
preemptive halt, cache_misses = 58564
preemptive halt, cache_misses = 58564
preemptive halt, cache_misses = 58564
preemptive halt, cache_misses = 58564
preemptive halt, cache_misses = 58564
preemptive halt, cache_misses = 58564
preemptive halt, cache_misses = 58564
preemptive halt, cache_misses = 58564
preemptive halt, cache_misses = 58564
preemptive halt, cache_misses = 58564
preemptive halt, cache_misses = 58564
preemptive halt, cache_misses = 58564
preemptive halt, cache_misses = 58564
preemptive halt, cache_misses = 58564
preemptive halt, cache_misses = 58564
preemptive halt, cache_misses = 58564
preemptive halt, cache_misses = 58564
preemptive halt, cache_misses = 58564
preemptive halt, cache_misses = 58564
preemptive halt, cache_misses = 58564
preemptive halt, cache_misses = 58564
binary search, size 12500  misses 58564  min 10000  max 15000
preemptive halt, cache_misses = 58565
preemptive halt, cache_misses = 58565
preemptive halt, cache_misses = 58565
preemptive halt, cache_misses = 58565
preemptive halt, cache_misses = 58565
preemptive halt, cache_misses = 58565
preemptive halt, cache_misses = 58565
preemptive halt, cache_misses = 58565
preemptive halt, cache_misses = 58565
preemptive halt, cache_misses = 58565
preemptive halt, cache_misses = 58565
preemptive halt, cache_misses = 58565
preemptive halt, cache_misses = 58565
preemptive halt, cache_misses = 58565
preemptive halt, cache_misses = 58565
preemptive halt, cache_misses = 58565
preemptive halt, cache_misses = 58565
preemptive halt, cache_misses = 58565
preemptive halt, cache_misses = 58565
preemptive halt, cache_misses = 58565
preemptive halt, cache_misses = 58565
preemptive halt, cache_misses = 58565
preemptive halt, cache_misses = 58565
preemptive halt, cache_misses = 58565
preemptive halt, cache_misses = 58565
preemptive halt, cache_misses = 58565
binary search, size 13750  misses 58565  min 12500  max 15000
binary search, size 14375  misses 58563  min 13750  max 15000
binary search, size 14062  misses 58563  min 13750  max 14375
preemptive halt, cache_misses = 58564
preemptive halt, cache_misses = 58564
preemptive halt, cache_misses = 58564
preemptive halt, cache_misses = 58564
preemptive halt, cache_misses = 58564
preemptive halt, cache_misses = 58564
preemptive halt, cache_misses = 58564
preemptive halt, cache_misses = 58564
preemptive halt, cache_misses = 58564
preemptive halt, cache_misses = 58564
preemptive halt, cache_misses = 58564
preemptive halt, cache_misses = 58564
preemptive halt, cache_misses = 58564
preemptive halt, cache_misses = 58564
preemptive halt, cache_misses = 58564
preemptive halt, cache_misses = 58564
preemptive halt, cache_misses = 58564
preemptive halt, cache_misses = 58564
preemptive halt, cache_misses = 58564
preemptive halt, cache_misses = 58564
preemptive halt, cache_misses = 58564
preemptive halt, cache_misses = 58564
preemptive halt, cache_misses = 58564
preemptive halt, cache_misses = 58564
binary search, size 13906  misses 58564  min 13750  max 14062
preemptive halt, cache_misses = 58565
preemptive halt, cache_misses = 58565
preemptive halt, cache_misses = 58565
preemptive halt, cache_misses = 58565
preemptive halt, cache_misses = 58565
preemptive halt, cache_misses = 58565
preemptive halt, cache_misses = 58565
preemptive halt, cache_misses = 58565
preemptive halt, cache_misses = 58565
preemptive halt, cache_misses = 58565
preemptive halt, cache_misses = 58565
preemptive halt, cache_misses = 58565
preemptive halt, cache_misses = 58565
preemptive halt, cache_misses = 58565
preemptive halt, cache_misses = 58565
preemptive halt, cache_misses = 58565
preemptive halt, cache_misses = 58565
preemptive halt, cache_misses = 58565
preemptive halt, cache_misses = 58565
preemptive halt, cache_misses = 58565
preemptive halt, cache_misses = 58565
preemptive halt, cache_misses = 58565
preemptive halt, cache_misses = 58565
preemptive halt, cache_misses = 58565
preemptive halt, cache_misses = 58565
preemptive halt, cache_misses = 58565
binary search, size 13984  misses 58565  min 13906  max 14062
preemptive halt, cache_misses = 58566
preemptive halt, cache_misses = 58566
preemptive halt, cache_misses = 58566
preemptive halt, cache_misses = 58566
preemptive halt, cache_misses = 58566
preemptive halt, cache_misses = 58566
preemptive halt, cache_misses = 58566
preemptive halt, cache_misses = 58566
preemptive halt, cache_misses = 58566
preemptive halt, cache_misses = 58566
preemptive halt, cache_misses = 58566
preemptive halt, cache_misses = 58566
preemptive halt, cache_misses = 58566
preemptive halt, cache_misses = 58566
preemptive halt, cache_misses = 58566
preemptive halt, cache_misses = 58566
preemptive halt, cache_misses = 58566
preemptive halt, cache_misses = 58566
preemptive halt, cache_misses = 58566
preemptive halt, cache_misses = 58566
preemptive halt, cache_misses = 58566
preemptive halt, cache_misses = 58566
preemptive halt, cache_misses = 58566
preemptive halt, cache_misses = 58566
preemptive halt, cache_misses = 58566
preemptive halt, cache_misses = 58566
preemptive halt, cache_misses = 58566
preemptive halt, cache_misses = 58566
binary search, size 14023  misses 58566  min 13984  max 14062
preemptive halt, cache_misses = 58567
preemptive halt, cache_misses = 58567
preemptive halt, cache_misses = 58567
preemptive halt, cache_misses = 58567
preemptive halt, cache_misses = 58567
preemptive halt, cache_misses = 58567
preemptive halt, cache_misses = 58567
preemptive halt, cache_misses = 58567
preemptive halt, cache_misses = 58567
preemptive halt, cache_misses = 58567
preemptive halt, cache_misses = 58567
preemptive halt, cache_misses = 58567
preemptive halt, cache_misses = 58567
preemptive halt, cache_misses = 58567
preemptive halt, cache_misses = 58567
preemptive halt, cache_misses = 58567
preemptive halt, cache_misses = 58567
preemptive halt, cache_misses = 58567
preemptive halt, cache_misses = 58567
preemptive halt, cache_misses = 58567
preemptive halt, cache_misses = 58567
preemptive halt, cache_misses = 58567
preemptive halt, cache_misses = 58567
preemptive halt, cache_misses = 58567
preemptive halt, cache_misses = 58567
preemptive halt, cache_misses = 58567
preemptive halt, cache_misses = 58567
preemptive halt, cache_misses = 58567
preemptive halt, cache_misses = 58567
preemptive halt, cache_misses = 58567
binary search, size 14042  misses 58567  min 14023  max 14062
binary search, size 14052  misses 58563  min 14042  max 14062
binary search, size 14047  misses 58563  min 14042  max 14052
preemptive halt, cache_misses = 58564
preemptive halt, cache_misses = 58564
preemptive halt, cache_misses = 58564
preemptive halt, cache_misses = 58564
preemptive halt, cache_misses = 58564
preemptive halt, cache_misses = 58564
preemptive halt, cache_misses = 58564
preemptive halt, cache_misses = 58564
preemptive halt, cache_misses = 58564
preemptive halt, cache_misses = 58564
preemptive halt, cache_misses = 58564
preemptive halt, cache_misses = 58564
preemptive halt, cache_misses = 58564
preemptive halt, cache_misses = 58564
preemptive halt, cache_misses = 58564
preemptive halt, cache_misses = 58564
preemptive halt, cache_misses = 58564
preemptive halt, cache_misses = 58564
preemptive halt, cache_misses = 58564
preemptive halt, cache_misses = 58564
preemptive halt, cache_misses = 58564
preemptive halt, cache_misses = 58564
preemptive halt, cache_misses = 58564
preemptive halt, cache_misses = 58564
binary search, size 14044  misses 58564  min 14042  max 14047
preemptive halt, cache_misses = 58565
preemptive halt, cache_misses = 58565
preemptive halt, cache_misses = 58565
preemptive halt, cache_misses = 58565
preemptive halt, cache_misses = 58565
preemptive halt, cache_misses = 58565
preemptive halt, cache_misses = 58565
preemptive halt, cache_misses = 58565
preemptive halt, cache_misses = 58565
preemptive halt, cache_misses = 58565
preemptive halt, cache_misses = 58565
preemptive halt, cache_misses = 58565
preemptive halt, cache_misses = 58565
preemptive halt, cache_misses = 58565
preemptive halt, cache_misses = 58565
preemptive halt, cache_misses = 58565
preemptive halt, cache_misses = 58565
preemptive halt, cache_misses = 58565
preemptive halt, cache_misses = 58565
preemptive halt, cache_misses = 58565
preemptive halt, cache_misses = 58565
preemptive halt, cache_misses = 58565
preemptive halt, cache_misses = 58565
preemptive halt, cache_misses = 58565
preemptive halt, cache_misses = 58565
preemptive halt, cache_misses = 58565
binary search, size 14045  misses 58565  min 14044  max 14047
preemptive halt, cache_misses = 58566
preemptive halt, cache_misses = 58566
preemptive halt, cache_misses = 58566
preemptive halt, cache_misses = 58566
preemptive halt, cache_misses = 58566
preemptive halt, cache_misses = 58566
preemptive halt, cache_misses = 58566
preemptive halt, cache_misses = 58566
preemptive halt, cache_misses = 58566
preemptive halt, cache_misses = 58566
preemptive halt, cache_misses = 58566
preemptive halt, cache_misses = 58566
preemptive halt, cache_misses = 58566
preemptive halt, cache_misses = 58566
preemptive halt, cache_misses = 58566
preemptive halt, cache_misses = 58566
preemptive halt, cache_misses = 58566
preemptive halt, cache_misses = 58566
preemptive halt, cache_misses = 58566
preemptive halt, cache_misses = 58566
preemptive halt, cache_misses = 58566
preemptive halt, cache_misses = 58566
preemptive halt, cache_misses = 58566
preemptive halt, cache_misses = 58566
preemptive halt, cache_misses = 58566
preemptive halt, cache_misses = 58566
preemptive halt, cache_misses = 58566
preemptive halt, cache_misses = 58566
binary search, size 14046  misses 58566  min 14045  max 14047
characteristic cache size (binary search) for 241 = 14047
End at: 2021-04-02 02:09:49.390525
Time elapsed: 0:00:01.133778
