Begin at: 2021-04-02 02:09:00.614734
['../dist/Debug/GNU-Linux/memo_batch_tester', '', '--mbt_execution_trace_fname', 'olcs4_traceback_csize_input_types/OLCS4_lru_2021_04_02__02_07_47_k_3__d_2_cache_size_160000_problems_10_to_400/OLCS4_lru_2021_04_02__02_07_47_k_3__d_2_cache_size_160000_problems_10_to_400/OLCS4__do_traceback_prob_size_195_cache_size_160000_lru_k_3_d_2_execution_trace_2021_4_2_2_9_0_pid_9947.log', '--mbt_cache_misses_fname', 'olcs4_traceback_csize_input_types/OLCS4_lru_2021_04_02__02_07_47_k_3__d_2_cache_size_160000_problems_10_to_400/lcs_cost_OLCS4_lru_misses_for_cache_size.csv', '--mbt_misses_for_problem_size_fname', 'olcs4_traceback_csize_input_types/OLCS4_lru_2021_04_02__02_07_47_k_3__d_2_cache_size_160000_problems_10_to_400/lcs_cost_OLCS4_lru_misses_for_problem_size.csv', '--mbt_exact_cutoff_min_cache_size', '160000', '--mbt_exact_cutoff_max_cache_size', '160000', '--mbt_problem_type', 'lcs', '--mbt_metric_type', 'csize_binary_search', '--mbt_cutoff_ratio', '2.2', '--mbt_instance_fname', '195', '--mbt_detailed_cache_misses_out_fname', 'csize_olcs4_traceback_0011nc_nc1100_0_7.csv', '--mbt_phi_N', '5.0', '--mbt_problem_size', '195', '--lcs_compute_length', '0', '--lcs_perform_traceback', '1', '--lig_instance_type', '0011nc_nc1100', '--lig_n', '195', '--lig_c', '0.7', '--lig_b', '3.0', '--lcs_oblivious', '4', '--lcs_execution_trace_fname', 'olcs4_traceback_csize_input_types/OLCS4_lru_2021_04_02__02_07_47_k_3__d_2_cache_size_160000_problems_10_to_400/OLCS4_lru_2021_04_02__02_07_47_k_3__d_2_cache_size_160000_problems_10_to_400/OLCS4__do_traceback_prob_size_195_cache_size_160000_lru_k_3_d_2_execution_trace_2021_4_2_2_9_0_pid_9947.log', '--memo_caching_strategy', 'lru', '--memo_cache_size', '160001', '--memo_lru_queue_size', '160000', '--memo_cuckoo_k', '4', '--memo_key_length', '8', '--memo_value_length', '8', '--memo_k_timestamps', '3', '--memo_d_recent_timestamps', '2', '--memo_a_items_per_timestamp_factor', '0.4375']

csize_binary_search chosen
lcs problem_type lcs cache_size 160001
initialize_long_int_cache begin
init_memo
arguments to memo:
 --mbt_execution_trace_fname olcs4_traceback_csize_input_types/OLCS4_lru_2021_04_02__02_07_47_k_3__d_2_cache_size_160000_problems_10_to_400/OLCS4_lru_2021_04_02__02_07_47_k_3__d_2_cache_size_160000_problems_10_to_400/OLCS4__do_traceback_prob_size_195_cache_size_160000_lru_k_3_d_2_execution_trace_2021_4_2_2_9_0_pid_9947.log --mbt_cache_misses_fname olcs4_traceback_csize_input_types/OLCS4_lru_2021_04_02__02_07_47_k_3__d_2_cache_size_160000_problems_10_to_400/lcs_cost_OLCS4_lru_misses_for_cache_size.csv --mbt_misses_for_problem_size_fname olcs4_traceback_csize_input_types/OLCS4_lru_2021_04_02__02_07_47_k_3__d_2_cache_size_160000_problems_10_to_400/lcs_cost_OLCS4_lru_misses_for_problem_size.csv --mbt_exact_cutoff_min_cache_size 160000 --mbt_exact_cutoff_max_cache_size 160000 --mbt_problem_type lcs --mbt_metric_type csize_binary_search --mbt_cutoff_ratio 2.2 --mbt_instance_fname 195 --mbt_detailed_cache_misses_out_fname csize_olcs4_traceback_0011nc_nc1100_0_7.csv --mbt_phi_N 5.0 --mbt_problem_size 195 --lcs_compute_length 0 --lcs_perform_traceback 1 --lig_instance_type 0011nc_nc1100 --lig_n 195 --lig_c 0.7 --lig_b 3.0 --lcs_oblivious 4 --lcs_execution_trace_fname olcs4_traceback_csize_input_types/OLCS4_lru_2021_04_02__02_07_47_k_3__d_2_cache_size_160000_problems_10_to_400/OLCS4_lru_2021_04_02__02_07_47_k_3__d_2_cache_size_160000_problems_10_to_400/OLCS4__do_traceback_prob_size_195_cache_size_160000_lru_k_3_d_2_execution_trace_2021_4_2_2_9_0_pid_9947.log --memo_caching_strategy lru --memo_cache_size 160001 --memo_lru_queue_size 160000 --memo_cuckoo_k 4 --memo_key_length 8 --memo_value_length 8 --memo_k_timestamps 3 --memo_d_recent_timestamps 2 --memo_a_items_per_timestamp_factor 0.4375 
calculate_table_size: table_size is 262144, original is 160001
Finished initializing cache
initialize_long_int_cache end
done initializing cache
initializing problem
done initializing problem
commence trials
Starting characteristic_cache_size_binary_search with max cache size 160001
binary search, size 160001  misses 38415
binary search, size 80000  misses 38415  min 0  max 160001
binary search, size 40000  misses 38415  min 0  max 80000
binary search, size 20000  misses 38415  min 0  max 40000
preemptive halt, cache_misses = 38416
preemptive halt, cache_misses = 38416
preemptive halt, cache_misses = 38416
preemptive halt, cache_misses = 38416
preemptive halt, cache_misses = 38416
preemptive halt, cache_misses = 38416
preemptive halt, cache_misses = 38416
preemptive halt, cache_misses = 38416
preemptive halt, cache_misses = 38416
preemptive halt, cache_misses = 38416
preemptive halt, cache_misses = 38416
preemptive halt, cache_misses = 38416
preemptive halt, cache_misses = 38416
preemptive halt, cache_misses = 38416
preemptive halt, cache_misses = 38416
preemptive halt, cache_misses = 38416
preemptive halt, cache_misses = 38416
preemptive halt, cache_misses = 38416
preemptive halt, cache_misses = 38416
preemptive halt, cache_misses = 38416
preemptive halt, cache_misses = 38416
preemptive halt, cache_misses = 38416
preemptive halt, cache_misses = 38416
preemptive halt, cache_misses = 38416
preemptive halt, cache_misses = 38416
preemptive halt, cache_misses = 38416
preemptive halt, cache_misses = 38416
preemptive halt, cache_misses = 38416
preemptive halt, cache_misses = 38416
preemptive halt, cache_misses = 38416
preemptive halt, cache_misses = 38416
preemptive halt, cache_misses = 38416
preemptive halt, cache_misses = 38416
preemptive halt, cache_misses = 38416
preemptive halt, cache_misses = 38416
preemptive halt, cache_misses = 38416
preemptive halt, cache_misses = 38416
preemptive halt, cache_misses = 38416
preemptive halt, cache_misses = 38416
preemptive halt, cache_misses = 38416
preemptive halt, cache_misses = 38416
preemptive halt, cache_misses = 38416
preemptive halt, cache_misses = 38416
preemptive halt, cache_misses = 38416
preemptive halt, cache_misses = 38416
preemptive halt, cache_misses = 38416
preemptive halt, cache_misses = 38416
preemptive halt, cache_misses = 38416
preemptive halt, cache_misses = 38416
preemptive halt, cache_misses = 38416
preemptive halt, cache_misses = 38416
preemptive halt, cache_misses = 38416
preemptive halt, cache_misses = 38416
preemptive halt, cache_misses = 38416
preemptive halt, cache_misses = 38416
preemptive halt, cache_misses = 38416
preemptive halt, cache_misses = 38416
preemptive halt, cache_misses = 38416
preemptive halt, cache_misses = 38416
preemptive halt, cache_misses = 38416
preemptive halt, cache_misses = 38416
preemptive halt, cache_misses = 38416
preemptive halt, cache_misses = 38416
preemptive halt, cache_misses = 38416
preemptive halt, cache_misses = 38416
preemptive halt, cache_misses = 38416
preemptive halt, cache_misses = 38416
preemptive halt, cache_misses = 38416
preemptive halt, cache_misses = 38416
preemptive halt, cache_misses = 38416
preemptive halt, cache_misses = 38416
preemptive halt, cache_misses = 38416
binary search, size 10000  misses 38416  min 0  max 20000
binary search, size 15000  misses 38415  min 10000  max 20000
preemptive halt, cache_misses = 38416
preemptive halt, cache_misses = 38416
preemptive halt, cache_misses = 38416
preemptive halt, cache_misses = 38416
preemptive halt, cache_misses = 38416
preemptive halt, cache_misses = 38416
preemptive halt, cache_misses = 38416
preemptive halt, cache_misses = 38416
preemptive halt, cache_misses = 38416
preemptive halt, cache_misses = 38416
preemptive halt, cache_misses = 38416
preemptive halt, cache_misses = 38416
preemptive halt, cache_misses = 38416
preemptive halt, cache_misses = 38416
preemptive halt, cache_misses = 38416
preemptive halt, cache_misses = 38416
preemptive halt, cache_misses = 38416
preemptive halt, cache_misses = 38416
preemptive halt, cache_misses = 38416
preemptive halt, cache_misses = 38416
preemptive halt, cache_misses = 38416
preemptive halt, cache_misses = 38416
preemptive halt, cache_misses = 38416
preemptive halt, cache_misses = 38416
preemptive halt, cache_misses = 38416
preemptive halt, cache_misses = 38416
preemptive halt, cache_misses = 38416
preemptive halt, cache_misses = 38416
preemptive halt, cache_misses = 38416
preemptive halt, cache_misses = 38416
preemptive halt, cache_misses = 38416
preemptive halt, cache_misses = 38416
preemptive halt, cache_misses = 38416
preemptive halt, cache_misses = 38416
preemptive halt, cache_misses = 38416
preemptive halt, cache_misses = 38416
preemptive halt, cache_misses = 38416
preemptive halt, cache_misses = 38416
preemptive halt, cache_misses = 38416
preemptive halt, cache_misses = 38416
preemptive halt, cache_misses = 38416
preemptive halt, cache_misses = 38416
preemptive halt, cache_misses = 38416
preemptive halt, cache_misses = 38416
preemptive halt, cache_misses = 38416
preemptive halt, cache_misses = 38416
preemptive halt, cache_misses = 38416
preemptive halt, cache_misses = 38416
preemptive halt, cache_misses = 38416
preemptive halt, cache_misses = 38416
preemptive halt, cache_misses = 38416
preemptive halt, cache_misses = 38416
preemptive halt, cache_misses = 38416
preemptive halt, cache_misses = 38416
preemptive halt, cache_misses = 38416
preemptive halt, cache_misses = 38416
preemptive halt, cache_misses = 38416
preemptive halt, cache_misses = 38416
preemptive halt, cache_misses = 38416
preemptive halt, cache_misses = 38416
preemptive halt, cache_misses = 38416
preemptive halt, cache_misses = 38416
preemptive halt, cache_misses = 38416
preemptive halt, cache_misses = 38416
preemptive halt, cache_misses = 38416
preemptive halt, cache_misses = 38416
preemptive halt, cache_misses = 38416
preemptive halt, cache_misses = 38416
preemptive halt, cache_misses = 38416
preemptive halt, cache_misses = 38416
preemptive halt, cache_misses = 38416
preemptive halt, cache_misses = 38416
binary search, size 12500  misses 38416  min 10000  max 15000
preemptive halt, cache_misses = 38417
preemptive halt, cache_misses = 38417
preemptive halt, cache_misses = 38417
preemptive halt, cache_misses = 38417
preemptive halt, cache_misses = 38417
preemptive halt, cache_misses = 38417
preemptive halt, cache_misses = 38417
preemptive halt, cache_misses = 38417
preemptive halt, cache_misses = 38417
preemptive halt, cache_misses = 38417
preemptive halt, cache_misses = 38417
preemptive halt, cache_misses = 38417
preemptive halt, cache_misses = 38417
preemptive halt, cache_misses = 38417
preemptive halt, cache_misses = 38417
preemptive halt, cache_misses = 38417
preemptive halt, cache_misses = 38417
preemptive halt, cache_misses = 38417
preemptive halt, cache_misses = 38417
preemptive halt, cache_misses = 38417
preemptive halt, cache_misses = 38417
preemptive halt, cache_misses = 38417
preemptive halt, cache_misses = 38417
preemptive halt, cache_misses = 38417
preemptive halt, cache_misses = 38417
preemptive halt, cache_misses = 38417
preemptive halt, cache_misses = 38417
preemptive halt, cache_misses = 38417
preemptive halt, cache_misses = 38417
preemptive halt, cache_misses = 38417
preemptive halt, cache_misses = 38417
preemptive halt, cache_misses = 38417
preemptive halt, cache_misses = 38417
preemptive halt, cache_misses = 38417
preemptive halt, cache_misses = 38417
preemptive halt, cache_misses = 38417
preemptive halt, cache_misses = 38417
preemptive halt, cache_misses = 38417
preemptive halt, cache_misses = 38417
preemptive halt, cache_misses = 38417
preemptive halt, cache_misses = 38417
preemptive halt, cache_misses = 38417
preemptive halt, cache_misses = 38417
preemptive halt, cache_misses = 38417
preemptive halt, cache_misses = 38417
preemptive halt, cache_misses = 38417
preemptive halt, cache_misses = 38417
preemptive halt, cache_misses = 38417
preemptive halt, cache_misses = 38417
preemptive halt, cache_misses = 38417
preemptive halt, cache_misses = 38417
preemptive halt, cache_misses = 38417
preemptive halt, cache_misses = 38417
preemptive halt, cache_misses = 38417
preemptive halt, cache_misses = 38417
preemptive halt, cache_misses = 38417
preemptive halt, cache_misses = 38417
preemptive halt, cache_misses = 38417
preemptive halt, cache_misses = 38417
preemptive halt, cache_misses = 38417
preemptive halt, cache_misses = 38417
preemptive halt, cache_misses = 38417
preemptive halt, cache_misses = 38417
preemptive halt, cache_misses = 38417
preemptive halt, cache_misses = 38417
preemptive halt, cache_misses = 38417
preemptive halt, cache_misses = 38417
preemptive halt, cache_misses = 38417
preemptive halt, cache_misses = 38417
preemptive halt, cache_misses = 38417
preemptive halt, cache_misses = 38417
preemptive halt, cache_misses = 38417
preemptive halt, cache_misses = 38417
preemptive halt, cache_misses = 38417
binary search, size 13750  misses 38417  min 12500  max 15000
preemptive halt, cache_misses = 38418
preemptive halt, cache_misses = 38418
preemptive halt, cache_misses = 38418
preemptive halt, cache_misses = 38418
preemptive halt, cache_misses = 38418
preemptive halt, cache_misses = 38418
preemptive halt, cache_misses = 38418
preemptive halt, cache_misses = 38418
preemptive halt, cache_misses = 38418
preemptive halt, cache_misses = 38418
preemptive halt, cache_misses = 38418
preemptive halt, cache_misses = 38418
preemptive halt, cache_misses = 38418
preemptive halt, cache_misses = 38418
preemptive halt, cache_misses = 38418
preemptive halt, cache_misses = 38418
preemptive halt, cache_misses = 38418
preemptive halt, cache_misses = 38418
preemptive halt, cache_misses = 38418
preemptive halt, cache_misses = 38418
preemptive halt, cache_misses = 38418
preemptive halt, cache_misses = 38418
preemptive halt, cache_misses = 38418
preemptive halt, cache_misses = 38418
preemptive halt, cache_misses = 38418
preemptive halt, cache_misses = 38418
preemptive halt, cache_misses = 38418
preemptive halt, cache_misses = 38418
preemptive halt, cache_misses = 38418
preemptive halt, cache_misses = 38418
preemptive halt, cache_misses = 38418
preemptive halt, cache_misses = 38418
preemptive halt, cache_misses = 38418
preemptive halt, cache_misses = 38418
preemptive halt, cache_misses = 38418
preemptive halt, cache_misses = 38418
preemptive halt, cache_misses = 38418
preemptive halt, cache_misses = 38418
preemptive halt, cache_misses = 38418
preemptive halt, cache_misses = 38418
preemptive halt, cache_misses = 38418
preemptive halt, cache_misses = 38418
preemptive halt, cache_misses = 38418
preemptive halt, cache_misses = 38418
preemptive halt, cache_misses = 38418
preemptive halt, cache_misses = 38418
preemptive halt, cache_misses = 38418
preemptive halt, cache_misses = 38418
preemptive halt, cache_misses = 38418
preemptive halt, cache_misses = 38418
preemptive halt, cache_misses = 38418
preemptive halt, cache_misses = 38418
preemptive halt, cache_misses = 38418
preemptive halt, cache_misses = 38418
preemptive halt, cache_misses = 38418
preemptive halt, cache_misses = 38418
preemptive halt, cache_misses = 38418
preemptive halt, cache_misses = 38418
preemptive halt, cache_misses = 38418
preemptive halt, cache_misses = 38418
preemptive halt, cache_misses = 38418
preemptive halt, cache_misses = 38418
preemptive halt, cache_misses = 38418
preemptive halt, cache_misses = 38418
preemptive halt, cache_misses = 38418
preemptive halt, cache_misses = 38418
preemptive halt, cache_misses = 38418
preemptive halt, cache_misses = 38418
preemptive halt, cache_misses = 38418
preemptive halt, cache_misses = 38418
preemptive halt, cache_misses = 38418
preemptive halt, cache_misses = 38418
preemptive halt, cache_misses = 38418
preemptive halt, cache_misses = 38418
preemptive halt, cache_misses = 38418
preemptive halt, cache_misses = 38418
binary search, size 14375  misses 38418  min 13750  max 15000
preemptive halt, cache_misses = 38419
preemptive halt, cache_misses = 38419
preemptive halt, cache_misses = 38419
preemptive halt, cache_misses = 38419
preemptive halt, cache_misses = 38419
preemptive halt, cache_misses = 38419
preemptive halt, cache_misses = 38419
preemptive halt, cache_misses = 38419
preemptive halt, cache_misses = 38419
preemptive halt, cache_misses = 38419
preemptive halt, cache_misses = 38419
preemptive halt, cache_misses = 38419
preemptive halt, cache_misses = 38419
preemptive halt, cache_misses = 38419
preemptive halt, cache_misses = 38419
preemptive halt, cache_misses = 38419
preemptive halt, cache_misses = 38419
preemptive halt, cache_misses = 38419
preemptive halt, cache_misses = 38419
preemptive halt, cache_misses = 38419
preemptive halt, cache_misses = 38419
preemptive halt, cache_misses = 38419
preemptive halt, cache_misses = 38419
preemptive halt, cache_misses = 38419
preemptive halt, cache_misses = 38419
preemptive halt, cache_misses = 38419
preemptive halt, cache_misses = 38419
preemptive halt, cache_misses = 38419
preemptive halt, cache_misses = 38419
preemptive halt, cache_misses = 38419
preemptive halt, cache_misses = 38419
preemptive halt, cache_misses = 38419
preemptive halt, cache_misses = 38419
preemptive halt, cache_misses = 38419
preemptive halt, cache_misses = 38419
preemptive halt, cache_misses = 38419
preemptive halt, cache_misses = 38419
preemptive halt, cache_misses = 38419
preemptive halt, cache_misses = 38419
preemptive halt, cache_misses = 38419
preemptive halt, cache_misses = 38419
preemptive halt, cache_misses = 38419
preemptive halt, cache_misses = 38419
preemptive halt, cache_misses = 38419
preemptive halt, cache_misses = 38419
preemptive halt, cache_misses = 38419
preemptive halt, cache_misses = 38419
preemptive halt, cache_misses = 38419
preemptive halt, cache_misses = 38419
preemptive halt, cache_misses = 38419
preemptive halt, cache_misses = 38419
preemptive halt, cache_misses = 38419
preemptive halt, cache_misses = 38419
preemptive halt, cache_misses = 38419
preemptive halt, cache_misses = 38419
preemptive halt, cache_misses = 38419
preemptive halt, cache_misses = 38419
preemptive halt, cache_misses = 38419
preemptive halt, cache_misses = 38419
preemptive halt, cache_misses = 38419
preemptive halt, cache_misses = 38419
preemptive halt, cache_misses = 38419
preemptive halt, cache_misses = 38419
preemptive halt, cache_misses = 38419
preemptive halt, cache_misses = 38419
preemptive halt, cache_misses = 38419
preemptive halt, cache_misses = 38419
preemptive halt, cache_misses = 38419
preemptive halt, cache_misses = 38419
preemptive halt, cache_misses = 38419
preemptive halt, cache_misses = 38419
preemptive halt, cache_misses = 38419
preemptive halt, cache_misses = 38419
preemptive halt, cache_misses = 38419
preemptive halt, cache_misses = 38419
preemptive halt, cache_misses = 38419
preemptive halt, cache_misses = 38419
preemptive halt, cache_misses = 38419
binary search, size 14687  misses 38419  min 14375  max 15000
preemptive halt, cache_misses = 38420
preemptive halt, cache_misses = 38420
preemptive halt, cache_misses = 38420
preemptive halt, cache_misses = 38420
preemptive halt, cache_misses = 38420
preemptive halt, cache_misses = 38420
preemptive halt, cache_misses = 38420
preemptive halt, cache_misses = 38420
preemptive halt, cache_misses = 38420
preemptive halt, cache_misses = 38420
preemptive halt, cache_misses = 38420
preemptive halt, cache_misses = 38420
preemptive halt, cache_misses = 38420
preemptive halt, cache_misses = 38420
preemptive halt, cache_misses = 38420
preemptive halt, cache_misses = 38420
preemptive halt, cache_misses = 38420
preemptive halt, cache_misses = 38420
preemptive halt, cache_misses = 38420
preemptive halt, cache_misses = 38420
preemptive halt, cache_misses = 38420
preemptive halt, cache_misses = 38420
preemptive halt, cache_misses = 38420
preemptive halt, cache_misses = 38420
preemptive halt, cache_misses = 38420
preemptive halt, cache_misses = 38420
preemptive halt, cache_misses = 38420
preemptive halt, cache_misses = 38420
preemptive halt, cache_misses = 38420
preemptive halt, cache_misses = 38420
preemptive halt, cache_misses = 38420
preemptive halt, cache_misses = 38420
preemptive halt, cache_misses = 38420
preemptive halt, cache_misses = 38420
preemptive halt, cache_misses = 38420
preemptive halt, cache_misses = 38420
preemptive halt, cache_misses = 38420
preemptive halt, cache_misses = 38420
preemptive halt, cache_misses = 38420
preemptive halt, cache_misses = 38420
preemptive halt, cache_misses = 38420
preemptive halt, cache_misses = 38420
preemptive halt, cache_misses = 38420
preemptive halt, cache_misses = 38420
preemptive halt, cache_misses = 38420
preemptive halt, cache_misses = 38420
preemptive halt, cache_misses = 38420
preemptive halt, cache_misses = 38420
preemptive halt, cache_misses = 38420
preemptive halt, cache_misses = 38420
preemptive halt, cache_misses = 38420
preemptive halt, cache_misses = 38420
preemptive halt, cache_misses = 38420
preemptive halt, cache_misses = 38420
preemptive halt, cache_misses = 38420
preemptive halt, cache_misses = 38420
preemptive halt, cache_misses = 38420
preemptive halt, cache_misses = 38420
preemptive halt, cache_misses = 38420
preemptive halt, cache_misses = 38420
preemptive halt, cache_misses = 38420
preemptive halt, cache_misses = 38420
preemptive halt, cache_misses = 38420
preemptive halt, cache_misses = 38420
preemptive halt, cache_misses = 38420
preemptive halt, cache_misses = 38420
preemptive halt, cache_misses = 38420
preemptive halt, cache_misses = 38420
preemptive halt, cache_misses = 38420
preemptive halt, cache_misses = 38420
preemptive halt, cache_misses = 38420
preemptive halt, cache_misses = 38420
preemptive halt, cache_misses = 38420
preemptive halt, cache_misses = 38420
preemptive halt, cache_misses = 38420
preemptive halt, cache_misses = 38420
preemptive halt, cache_misses = 38420
preemptive halt, cache_misses = 38420
preemptive halt, cache_misses = 38420
preemptive halt, cache_misses = 38420
binary search, size 14843  misses 38420  min 14687  max 15000
preemptive halt, cache_misses = 38421
preemptive halt, cache_misses = 38421
preemptive halt, cache_misses = 38421
preemptive halt, cache_misses = 38421
preemptive halt, cache_misses = 38421
preemptive halt, cache_misses = 38421
preemptive halt, cache_misses = 38421
preemptive halt, cache_misses = 38421
preemptive halt, cache_misses = 38421
preemptive halt, cache_misses = 38421
preemptive halt, cache_misses = 38421
preemptive halt, cache_misses = 38421
preemptive halt, cache_misses = 38421
preemptive halt, cache_misses = 38421
preemptive halt, cache_misses = 38421
preemptive halt, cache_misses = 38421
preemptive halt, cache_misses = 38421
preemptive halt, cache_misses = 38421
preemptive halt, cache_misses = 38421
preemptive halt, cache_misses = 38421
preemptive halt, cache_misses = 38421
preemptive halt, cache_misses = 38421
preemptive halt, cache_misses = 38421
preemptive halt, cache_misses = 38421
preemptive halt, cache_misses = 38421
preemptive halt, cache_misses = 38421
preemptive halt, cache_misses = 38421
preemptive halt, cache_misses = 38421
preemptive halt, cache_misses = 38421
preemptive halt, cache_misses = 38421
preemptive halt, cache_misses = 38421
preemptive halt, cache_misses = 38421
preemptive halt, cache_misses = 38421
preemptive halt, cache_misses = 38421
preemptive halt, cache_misses = 38421
preemptive halt, cache_misses = 38421
preemptive halt, cache_misses = 38421
preemptive halt, cache_misses = 38421
preemptive halt, cache_misses = 38421
preemptive halt, cache_misses = 38421
preemptive halt, cache_misses = 38421
preemptive halt, cache_misses = 38421
preemptive halt, cache_misses = 38421
preemptive halt, cache_misses = 38421
preemptive halt, cache_misses = 38421
preemptive halt, cache_misses = 38421
preemptive halt, cache_misses = 38421
preemptive halt, cache_misses = 38421
preemptive halt, cache_misses = 38421
preemptive halt, cache_misses = 38421
preemptive halt, cache_misses = 38421
preemptive halt, cache_misses = 38421
preemptive halt, cache_misses = 38421
preemptive halt, cache_misses = 38421
preemptive halt, cache_misses = 38421
preemptive halt, cache_misses = 38421
preemptive halt, cache_misses = 38421
preemptive halt, cache_misses = 38421
preemptive halt, cache_misses = 38421
preemptive halt, cache_misses = 38421
preemptive halt, cache_misses = 38421
preemptive halt, cache_misses = 38421
preemptive halt, cache_misses = 38421
preemptive halt, cache_misses = 38421
preemptive halt, cache_misses = 38421
preemptive halt, cache_misses = 38421
preemptive halt, cache_misses = 38421
preemptive halt, cache_misses = 38421
preemptive halt, cache_misses = 38421
preemptive halt, cache_misses = 38421
preemptive halt, cache_misses = 38421
preemptive halt, cache_misses = 38421
preemptive halt, cache_misses = 38421
preemptive halt, cache_misses = 38421
preemptive halt, cache_misses = 38421
preemptive halt, cache_misses = 38421
preemptive halt, cache_misses = 38421
preemptive halt, cache_misses = 38421
preemptive halt, cache_misses = 38421
preemptive halt, cache_misses = 38421
preemptive halt, cache_misses = 38421
preemptive halt, cache_misses = 38421
binary search, size 14921  misses 38421  min 14843  max 15000
binary search, size 14960  misses 38415  min 14921  max 15000
binary search, size 14940  misses 38415  min 14921  max 14960
preemptive halt, cache_misses = 38416
preemptive halt, cache_misses = 38416
preemptive halt, cache_misses = 38416
preemptive halt, cache_misses = 38416
preemptive halt, cache_misses = 38416
preemptive halt, cache_misses = 38416
preemptive halt, cache_misses = 38416
preemptive halt, cache_misses = 38416
preemptive halt, cache_misses = 38416
preemptive halt, cache_misses = 38416
preemptive halt, cache_misses = 38416
preemptive halt, cache_misses = 38416
preemptive halt, cache_misses = 38416
preemptive halt, cache_misses = 38416
preemptive halt, cache_misses = 38416
preemptive halt, cache_misses = 38416
preemptive halt, cache_misses = 38416
preemptive halt, cache_misses = 38416
preemptive halt, cache_misses = 38416
preemptive halt, cache_misses = 38416
preemptive halt, cache_misses = 38416
preemptive halt, cache_misses = 38416
preemptive halt, cache_misses = 38416
preemptive halt, cache_misses = 38416
preemptive halt, cache_misses = 38416
preemptive halt, cache_misses = 38416
preemptive halt, cache_misses = 38416
preemptive halt, cache_misses = 38416
preemptive halt, cache_misses = 38416
preemptive halt, cache_misses = 38416
preemptive halt, cache_misses = 38416
preemptive halt, cache_misses = 38416
preemptive halt, cache_misses = 38416
preemptive halt, cache_misses = 38416
preemptive halt, cache_misses = 38416
preemptive halt, cache_misses = 38416
preemptive halt, cache_misses = 38416
preemptive halt, cache_misses = 38416
preemptive halt, cache_misses = 38416
preemptive halt, cache_misses = 38416
preemptive halt, cache_misses = 38416
preemptive halt, cache_misses = 38416
preemptive halt, cache_misses = 38416
preemptive halt, cache_misses = 38416
preemptive halt, cache_misses = 38416
preemptive halt, cache_misses = 38416
preemptive halt, cache_misses = 38416
preemptive halt, cache_misses = 38416
preemptive halt, cache_misses = 38416
preemptive halt, cache_misses = 38416
preemptive halt, cache_misses = 38416
preemptive halt, cache_misses = 38416
preemptive halt, cache_misses = 38416
preemptive halt, cache_misses = 38416
preemptive halt, cache_misses = 38416
preemptive halt, cache_misses = 38416
preemptive halt, cache_misses = 38416
preemptive halt, cache_misses = 38416
preemptive halt, cache_misses = 38416
preemptive halt, cache_misses = 38416
preemptive halt, cache_misses = 38416
preemptive halt, cache_misses = 38416
preemptive halt, cache_misses = 38416
preemptive halt, cache_misses = 38416
preemptive halt, cache_misses = 38416
preemptive halt, cache_misses = 38416
preemptive halt, cache_misses = 38416
preemptive halt, cache_misses = 38416
preemptive halt, cache_misses = 38416
preemptive halt, cache_misses = 38416
preemptive halt, cache_misses = 38416
preemptive halt, cache_misses = 38416
binary search, size 14930  misses 38416  min 14921  max 14940
binary search, size 14935  misses 38415  min 14930  max 14940
binary search, size 14932  misses 38415  min 14930  max 14935
binary search, size 14931  misses 38415  min 14930  max 14932
characteristic cache size (binary search) for 195 = 14931
End at: 2021-04-02 02:09:01.331909
Time elapsed: 0:00:00.717193
