Begin at: 2021-04-02 02:12:14.314463
['../dist/Debug/GNU-Linux/memo_batch_tester', '', '--mbt_execution_trace_fname', 'olcs4_traceback_csize_input_types/OLCS4_lru_2021_04_02__02_07_47_k_3__d_2_cache_size_160000_problems_10_to_400/OLCS4_lru_2021_04_02__02_07_47_k_3__d_2_cache_size_160000_problems_10_to_400/OLCS4__do_traceback_prob_size_326_cache_size_160000_lru_k_3_d_2_execution_trace_2021_4_2_2_12_14_pid_10388.log', '--mbt_cache_misses_fname', 'olcs4_traceback_csize_input_types/OLCS4_lru_2021_04_02__02_07_47_k_3__d_2_cache_size_160000_problems_10_to_400/lcs_cost_OLCS4_lru_misses_for_cache_size.csv', '--mbt_misses_for_problem_size_fname', 'olcs4_traceback_csize_input_types/OLCS4_lru_2021_04_02__02_07_47_k_3__d_2_cache_size_160000_problems_10_to_400/lcs_cost_OLCS4_lru_misses_for_problem_size.csv', '--mbt_exact_cutoff_min_cache_size', '160000', '--mbt_exact_cutoff_max_cache_size', '160000', '--mbt_problem_type', 'lcs', '--mbt_metric_type', 'csize_binary_search', '--mbt_cutoff_ratio', '2.2', '--mbt_instance_fname', '326', '--mbt_detailed_cache_misses_out_fname', 'csize_olcs4_traceback_0011nc_nc1100_0_7.csv', '--mbt_phi_N', '5.0', '--mbt_problem_size', '326', '--lcs_compute_length', '0', '--lcs_perform_traceback', '1', '--lig_instance_type', '0011nc_nc1100', '--lig_n', '326', '--lig_c', '0.7', '--lig_b', '3.0', '--lcs_oblivious', '4', '--lcs_execution_trace_fname', 'olcs4_traceback_csize_input_types/OLCS4_lru_2021_04_02__02_07_47_k_3__d_2_cache_size_160000_problems_10_to_400/OLCS4_lru_2021_04_02__02_07_47_k_3__d_2_cache_size_160000_problems_10_to_400/OLCS4__do_traceback_prob_size_326_cache_size_160000_lru_k_3_d_2_execution_trace_2021_4_2_2_12_14_pid_10388.log', '--memo_caching_strategy', 'lru', '--memo_cache_size', '160001', '--memo_lru_queue_size', '160000', '--memo_cuckoo_k', '4', '--memo_key_length', '8', '--memo_value_length', '8', '--memo_k_timestamps', '3', '--memo_d_recent_timestamps', '2', '--memo_a_items_per_timestamp_factor', '0.4375']

csize_binary_search chosen
lcs problem_type lcs cache_size 160001
initialize_long_int_cache begin
init_memo
arguments to memo:
 --mbt_execution_trace_fname olcs4_traceback_csize_input_types/OLCS4_lru_2021_04_02__02_07_47_k_3__d_2_cache_size_160000_problems_10_to_400/OLCS4_lru_2021_04_02__02_07_47_k_3__d_2_cache_size_160000_problems_10_to_400/OLCS4__do_traceback_prob_size_326_cache_size_160000_lru_k_3_d_2_execution_trace_2021_4_2_2_12_14_pid_10388.log --mbt_cache_misses_fname olcs4_traceback_csize_input_types/OLCS4_lru_2021_04_02__02_07_47_k_3__d_2_cache_size_160000_problems_10_to_400/lcs_cost_OLCS4_lru_misses_for_cache_size.csv --mbt_misses_for_problem_size_fname olcs4_traceback_csize_input_types/OLCS4_lru_2021_04_02__02_07_47_k_3__d_2_cache_size_160000_problems_10_to_400/lcs_cost_OLCS4_lru_misses_for_problem_size.csv --mbt_exact_cutoff_min_cache_size 160000 --mbt_exact_cutoff_max_cache_size 160000 --mbt_problem_type lcs --mbt_metric_type csize_binary_search --mbt_cutoff_ratio 2.2 --mbt_instance_fname 326 --mbt_detailed_cache_misses_out_fname csize_olcs4_traceback_0011nc_nc1100_0_7.csv --mbt_phi_N 5.0 --mbt_problem_size 326 --lcs_compute_length 0 --lcs_perform_traceback 1 --lig_instance_type 0011nc_nc1100 --lig_n 326 --lig_c 0.7 --lig_b 3.0 --lcs_oblivious 4 --lcs_execution_trace_fname olcs4_traceback_csize_input_types/OLCS4_lru_2021_04_02__02_07_47_k_3__d_2_cache_size_160000_problems_10_to_400/OLCS4_lru_2021_04_02__02_07_47_k_3__d_2_cache_size_160000_problems_10_to_400/OLCS4__do_traceback_prob_size_326_cache_size_160000_lru_k_3_d_2_execution_trace_2021_4_2_2_12_14_pid_10388.log --memo_caching_strategy lru --memo_cache_size 160001 --memo_lru_queue_size 160000 --memo_cuckoo_k 4 --memo_key_length 8 --memo_value_length 8 --memo_k_timestamps 3 --memo_d_recent_timestamps 2 --memo_a_items_per_timestamp_factor 0.4375 
calculate_table_size: table_size is 262144, original is 160001
Finished initializing cache
initialize_long_int_cache end
done initializing cache
initializing problem
done initializing problem
commence trials
Starting characteristic_cache_size_binary_search with max cache size 160001
binary search, size 160001  misses 106928
binary search, size 80000  misses 106928  min 0  max 160001
binary search, size 40000  misses 106928  min 0  max 80000
preemptive halt, cache_misses = 106929
preemptive halt, cache_misses = 106929
preemptive halt, cache_misses = 106929
preemptive halt, cache_misses = 106929
preemptive halt, cache_misses = 106929
preemptive halt, cache_misses = 106929
preemptive halt, cache_misses = 106929
preemptive halt, cache_misses = 106929
preemptive halt, cache_misses = 106929
preemptive halt, cache_misses = 106929
preemptive halt, cache_misses = 106929
preemptive halt, cache_misses = 106929
preemptive halt, cache_misses = 106929
preemptive halt, cache_misses = 106929
preemptive halt, cache_misses = 106929
preemptive halt, cache_misses = 106929
preemptive halt, cache_misses = 106929
preemptive halt, cache_misses = 106929
preemptive halt, cache_misses = 106929
preemptive halt, cache_misses = 106929
preemptive halt, cache_misses = 106929
preemptive halt, cache_misses = 106929
preemptive halt, cache_misses = 106929
preemptive halt, cache_misses = 106929
preemptive halt, cache_misses = 106929
preemptive halt, cache_misses = 106929
preemptive halt, cache_misses = 106929
preemptive halt, cache_misses = 106929
preemptive halt, cache_misses = 106929
preemptive halt, cache_misses = 106929
preemptive halt, cache_misses = 106929
preemptive halt, cache_misses = 106929
preemptive halt, cache_misses = 106929
preemptive halt, cache_misses = 106929
preemptive halt, cache_misses = 106929
preemptive halt, cache_misses = 106929
preemptive halt, cache_misses = 106929
preemptive halt, cache_misses = 106929
preemptive halt, cache_misses = 106929
preemptive halt, cache_misses = 106929
preemptive halt, cache_misses = 106929
preemptive halt, cache_misses = 106929
preemptive halt, cache_misses = 106929
preemptive halt, cache_misses = 106929
preemptive halt, cache_misses = 106929
preemptive halt, cache_misses = 106929
preemptive halt, cache_misses = 106929
preemptive halt, cache_misses = 106929
preemptive halt, cache_misses = 106929
preemptive halt, cache_misses = 106929
preemptive halt, cache_misses = 106929
preemptive halt, cache_misses = 106929
preemptive halt, cache_misses = 106929
preemptive halt, cache_misses = 106929
preemptive halt, cache_misses = 106929
preemptive halt, cache_misses = 106929
preemptive halt, cache_misses = 106929
preemptive halt, cache_misses = 106929
preemptive halt, cache_misses = 106929
preemptive halt, cache_misses = 106929
preemptive halt, cache_misses = 106929
preemptive halt, cache_misses = 106929
preemptive halt, cache_misses = 106929
preemptive halt, cache_misses = 106929
preemptive halt, cache_misses = 106929
preemptive halt, cache_misses = 106929
preemptive halt, cache_misses = 106929
preemptive halt, cache_misses = 106929
preemptive halt, cache_misses = 106929
preemptive halt, cache_misses = 106929
preemptive halt, cache_misses = 106929
preemptive halt, cache_misses = 106929
preemptive halt, cache_misses = 106929
preemptive halt, cache_misses = 106929
preemptive halt, cache_misses = 106929
preemptive halt, cache_misses = 106929
preemptive halt, cache_misses = 106929
preemptive halt, cache_misses = 106929
preemptive halt, cache_misses = 106929
preemptive halt, cache_misses = 106929
preemptive halt, cache_misses = 106929
preemptive halt, cache_misses = 106929
preemptive halt, cache_misses = 106929
preemptive halt, cache_misses = 106929
binary search, size 20000  misses 106929  min 0  max 40000
preemptive halt, cache_misses = 106930
preemptive halt, cache_misses = 106930
preemptive halt, cache_misses = 106930
preemptive halt, cache_misses = 106930
preemptive halt, cache_misses = 106930
preemptive halt, cache_misses = 106930
preemptive halt, cache_misses = 106930
preemptive halt, cache_misses = 106930
preemptive halt, cache_misses = 106930
preemptive halt, cache_misses = 106930
preemptive halt, cache_misses = 106930
preemptive halt, cache_misses = 106930
preemptive halt, cache_misses = 106930
preemptive halt, cache_misses = 106930
preemptive halt, cache_misses = 106930
preemptive halt, cache_misses = 106930
preemptive halt, cache_misses = 106930
preemptive halt, cache_misses = 106930
preemptive halt, cache_misses = 106930
preemptive halt, cache_misses = 106930
preemptive halt, cache_misses = 106930
preemptive halt, cache_misses = 106930
preemptive halt, cache_misses = 106930
preemptive halt, cache_misses = 106930
preemptive halt, cache_misses = 106930
preemptive halt, cache_misses = 106930
preemptive halt, cache_misses = 106930
preemptive halt, cache_misses = 106930
preemptive halt, cache_misses = 106930
preemptive halt, cache_misses = 106930
preemptive halt, cache_misses = 106930
preemptive halt, cache_misses = 106930
preemptive halt, cache_misses = 106930
preemptive halt, cache_misses = 106930
preemptive halt, cache_misses = 106930
preemptive halt, cache_misses = 106930
preemptive halt, cache_misses = 106930
preemptive halt, cache_misses = 106930
preemptive halt, cache_misses = 106930
preemptive halt, cache_misses = 106930
preemptive halt, cache_misses = 106930
preemptive halt, cache_misses = 106930
preemptive halt, cache_misses = 106930
preemptive halt, cache_misses = 106930
preemptive halt, cache_misses = 106930
preemptive halt, cache_misses = 106930
preemptive halt, cache_misses = 106930
preemptive halt, cache_misses = 106930
preemptive halt, cache_misses = 106930
preemptive halt, cache_misses = 106930
preemptive halt, cache_misses = 106930
preemptive halt, cache_misses = 106930
preemptive halt, cache_misses = 106930
preemptive halt, cache_misses = 106930
preemptive halt, cache_misses = 106930
preemptive halt, cache_misses = 106930
preemptive halt, cache_misses = 106930
preemptive halt, cache_misses = 106930
preemptive halt, cache_misses = 106930
preemptive halt, cache_misses = 106930
preemptive halt, cache_misses = 106930
preemptive halt, cache_misses = 106930
preemptive halt, cache_misses = 106930
preemptive halt, cache_misses = 106930
preemptive halt, cache_misses = 106930
preemptive halt, cache_misses = 106930
preemptive halt, cache_misses = 106930
preemptive halt, cache_misses = 106930
preemptive halt, cache_misses = 106930
preemptive halt, cache_misses = 106930
preemptive halt, cache_misses = 106930
preemptive halt, cache_misses = 106930
preemptive halt, cache_misses = 106930
preemptive halt, cache_misses = 106930
preemptive halt, cache_misses = 106930
preemptive halt, cache_misses = 106930
preemptive halt, cache_misses = 106930
preemptive halt, cache_misses = 106930
preemptive halt, cache_misses = 106930
preemptive halt, cache_misses = 106930
preemptive halt, cache_misses = 106930
preemptive halt, cache_misses = 106930
preemptive halt, cache_misses = 106930
preemptive halt, cache_misses = 106930
preemptive halt, cache_misses = 106930
preemptive halt, cache_misses = 106930
binary search, size 30000  misses 106930  min 20000  max 40000
binary search, size 35000  misses 106928  min 30000  max 40000
binary search, size 32500  misses 106928  min 30000  max 35000
preemptive halt, cache_misses = 106929
preemptive halt, cache_misses = 106929
preemptive halt, cache_misses = 106929
preemptive halt, cache_misses = 106929
preemptive halt, cache_misses = 106929
preemptive halt, cache_misses = 106929
preemptive halt, cache_misses = 106929
preemptive halt, cache_misses = 106929
preemptive halt, cache_misses = 106929
preemptive halt, cache_misses = 106929
preemptive halt, cache_misses = 106929
preemptive halt, cache_misses = 106929
preemptive halt, cache_misses = 106929
preemptive halt, cache_misses = 106929
preemptive halt, cache_misses = 106929
preemptive halt, cache_misses = 106929
preemptive halt, cache_misses = 106929
preemptive halt, cache_misses = 106929
preemptive halt, cache_misses = 106929
preemptive halt, cache_misses = 106929
preemptive halt, cache_misses = 106929
preemptive halt, cache_misses = 106929
preemptive halt, cache_misses = 106929
preemptive halt, cache_misses = 106929
preemptive halt, cache_misses = 106929
preemptive halt, cache_misses = 106929
preemptive halt, cache_misses = 106929
preemptive halt, cache_misses = 106929
preemptive halt, cache_misses = 106929
preemptive halt, cache_misses = 106929
preemptive halt, cache_misses = 106929
preemptive halt, cache_misses = 106929
preemptive halt, cache_misses = 106929
preemptive halt, cache_misses = 106929
preemptive halt, cache_misses = 106929
preemptive halt, cache_misses = 106929
preemptive halt, cache_misses = 106929
preemptive halt, cache_misses = 106929
preemptive halt, cache_misses = 106929
preemptive halt, cache_misses = 106929
preemptive halt, cache_misses = 106929
preemptive halt, cache_misses = 106929
preemptive halt, cache_misses = 106929
preemptive halt, cache_misses = 106929
preemptive halt, cache_misses = 106929
preemptive halt, cache_misses = 106929
preemptive halt, cache_misses = 106929
preemptive halt, cache_misses = 106929
preemptive halt, cache_misses = 106929
preemptive halt, cache_misses = 106929
preemptive halt, cache_misses = 106929
preemptive halt, cache_misses = 106929
preemptive halt, cache_misses = 106929
preemptive halt, cache_misses = 106929
preemptive halt, cache_misses = 106929
preemptive halt, cache_misses = 106929
preemptive halt, cache_misses = 106929
preemptive halt, cache_misses = 106929
preemptive halt, cache_misses = 106929
preemptive halt, cache_misses = 106929
preemptive halt, cache_misses = 106929
preemptive halt, cache_misses = 106929
preemptive halt, cache_misses = 106929
preemptive halt, cache_misses = 106929
preemptive halt, cache_misses = 106929
preemptive halt, cache_misses = 106929
preemptive halt, cache_misses = 106929
preemptive halt, cache_misses = 106929
preemptive halt, cache_misses = 106929
preemptive halt, cache_misses = 106929
preemptive halt, cache_misses = 106929
preemptive halt, cache_misses = 106929
preemptive halt, cache_misses = 106929
preemptive halt, cache_misses = 106929
preemptive halt, cache_misses = 106929
preemptive halt, cache_misses = 106929
preemptive halt, cache_misses = 106929
preemptive halt, cache_misses = 106929
preemptive halt, cache_misses = 106929
preemptive halt, cache_misses = 106929
preemptive halt, cache_misses = 106929
preemptive halt, cache_misses = 106929
preemptive halt, cache_misses = 106929
preemptive halt, cache_misses = 106929
binary search, size 31250  misses 106929  min 30000  max 32500
preemptive halt, cache_misses = 106930
preemptive halt, cache_misses = 106930
preemptive halt, cache_misses = 106930
preemptive halt, cache_misses = 106930
preemptive halt, cache_misses = 106930
preemptive halt, cache_misses = 106930
preemptive halt, cache_misses = 106930
preemptive halt, cache_misses = 106930
preemptive halt, cache_misses = 106930
preemptive halt, cache_misses = 106930
preemptive halt, cache_misses = 106930
preemptive halt, cache_misses = 106930
preemptive halt, cache_misses = 106930
preemptive halt, cache_misses = 106930
preemptive halt, cache_misses = 106930
preemptive halt, cache_misses = 106930
preemptive halt, cache_misses = 106930
preemptive halt, cache_misses = 106930
preemptive halt, cache_misses = 106930
preemptive halt, cache_misses = 106930
preemptive halt, cache_misses = 106930
preemptive halt, cache_misses = 106930
preemptive halt, cache_misses = 106930
preemptive halt, cache_misses = 106930
preemptive halt, cache_misses = 106930
preemptive halt, cache_misses = 106930
preemptive halt, cache_misses = 106930
preemptive halt, cache_misses = 106930
preemptive halt, cache_misses = 106930
preemptive halt, cache_misses = 106930
preemptive halt, cache_misses = 106930
preemptive halt, cache_misses = 106930
preemptive halt, cache_misses = 106930
preemptive halt, cache_misses = 106930
preemptive halt, cache_misses = 106930
preemptive halt, cache_misses = 106930
preemptive halt, cache_misses = 106930
preemptive halt, cache_misses = 106930
preemptive halt, cache_misses = 106930
preemptive halt, cache_misses = 106930
preemptive halt, cache_misses = 106930
preemptive halt, cache_misses = 106930
preemptive halt, cache_misses = 106930
preemptive halt, cache_misses = 106930
preemptive halt, cache_misses = 106930
preemptive halt, cache_misses = 106930
preemptive halt, cache_misses = 106930
preemptive halt, cache_misses = 106930
preemptive halt, cache_misses = 106930
preemptive halt, cache_misses = 106930
preemptive halt, cache_misses = 106930
preemptive halt, cache_misses = 106930
preemptive halt, cache_misses = 106930
preemptive halt, cache_misses = 106930
preemptive halt, cache_misses = 106930
preemptive halt, cache_misses = 106930
preemptive halt, cache_misses = 106930
preemptive halt, cache_misses = 106930
preemptive halt, cache_misses = 106930
preemptive halt, cache_misses = 106930
preemptive halt, cache_misses = 106930
preemptive halt, cache_misses = 106930
preemptive halt, cache_misses = 106930
preemptive halt, cache_misses = 106930
preemptive halt, cache_misses = 106930
preemptive halt, cache_misses = 106930
preemptive halt, cache_misses = 106930
preemptive halt, cache_misses = 106930
preemptive halt, cache_misses = 106930
preemptive halt, cache_misses = 106930
preemptive halt, cache_misses = 106930
preemptive halt, cache_misses = 106930
preemptive halt, cache_misses = 106930
preemptive halt, cache_misses = 106930
preemptive halt, cache_misses = 106930
preemptive halt, cache_misses = 106930
preemptive halt, cache_misses = 106930
preemptive halt, cache_misses = 106930
preemptive halt, cache_misses = 106930
preemptive halt, cache_misses = 106930
preemptive halt, cache_misses = 106930
preemptive halt, cache_misses = 106930
preemptive halt, cache_misses = 106930
preemptive halt, cache_misses = 106930
preemptive halt, cache_misses = 106930
preemptive halt, cache_misses = 106930
binary search, size 31875  misses 106930  min 31250  max 32500
preemptive halt, cache_misses = 106931
preemptive halt, cache_misses = 106931
preemptive halt, cache_misses = 106931
preemptive halt, cache_misses = 106931
preemptive halt, cache_misses = 106931
preemptive halt, cache_misses = 106931
preemptive halt, cache_misses = 106931
preemptive halt, cache_misses = 106931
preemptive halt, cache_misses = 106931
preemptive halt, cache_misses = 106931
preemptive halt, cache_misses = 106931
preemptive halt, cache_misses = 106931
preemptive halt, cache_misses = 106931
preemptive halt, cache_misses = 106931
preemptive halt, cache_misses = 106931
preemptive halt, cache_misses = 106931
preemptive halt, cache_misses = 106931
preemptive halt, cache_misses = 106931
preemptive halt, cache_misses = 106931
preemptive halt, cache_misses = 106931
preemptive halt, cache_misses = 106931
preemptive halt, cache_misses = 106931
preemptive halt, cache_misses = 106931
preemptive halt, cache_misses = 106931
preemptive halt, cache_misses = 106931
preemptive halt, cache_misses = 106931
preemptive halt, cache_misses = 106931
preemptive halt, cache_misses = 106931
preemptive halt, cache_misses = 106931
preemptive halt, cache_misses = 106931
preemptive halt, cache_misses = 106931
preemptive halt, cache_misses = 106931
preemptive halt, cache_misses = 106931
preemptive halt, cache_misses = 106931
preemptive halt, cache_misses = 106931
preemptive halt, cache_misses = 106931
preemptive halt, cache_misses = 106931
preemptive halt, cache_misses = 106931
preemptive halt, cache_misses = 106931
preemptive halt, cache_misses = 106931
preemptive halt, cache_misses = 106931
preemptive halt, cache_misses = 106931
preemptive halt, cache_misses = 106931
preemptive halt, cache_misses = 106931
preemptive halt, cache_misses = 106931
preemptive halt, cache_misses = 106931
preemptive halt, cache_misses = 106931
preemptive halt, cache_misses = 106931
preemptive halt, cache_misses = 106931
preemptive halt, cache_misses = 106931
preemptive halt, cache_misses = 106931
preemptive halt, cache_misses = 106931
preemptive halt, cache_misses = 106931
preemptive halt, cache_misses = 106931
preemptive halt, cache_misses = 106931
preemptive halt, cache_misses = 106931
preemptive halt, cache_misses = 106931
preemptive halt, cache_misses = 106931
preemptive halt, cache_misses = 106931
preemptive halt, cache_misses = 106931
preemptive halt, cache_misses = 106931
preemptive halt, cache_misses = 106931
preemptive halt, cache_misses = 106931
preemptive halt, cache_misses = 106931
preemptive halt, cache_misses = 106931
preemptive halt, cache_misses = 106931
preemptive halt, cache_misses = 106931
preemptive halt, cache_misses = 106931
preemptive halt, cache_misses = 106931
preemptive halt, cache_misses = 106931
preemptive halt, cache_misses = 106931
preemptive halt, cache_misses = 106931
preemptive halt, cache_misses = 106931
preemptive halt, cache_misses = 106931
preemptive halt, cache_misses = 106931
preemptive halt, cache_misses = 106931
preemptive halt, cache_misses = 106931
preemptive halt, cache_misses = 106931
preemptive halt, cache_misses = 106931
preemptive halt, cache_misses = 106931
preemptive halt, cache_misses = 106931
preemptive halt, cache_misses = 106931
preemptive halt, cache_misses = 106931
preemptive halt, cache_misses = 106931
preemptive halt, cache_misses = 106931
preemptive halt, cache_misses = 106931
preemptive halt, cache_misses = 106931
preemptive halt, cache_misses = 106931
binary search, size 32187  misses 106931  min 31875  max 32500
preemptive halt, cache_misses = 106932
preemptive halt, cache_misses = 106932
preemptive halt, cache_misses = 106932
preemptive halt, cache_misses = 106932
preemptive halt, cache_misses = 106932
preemptive halt, cache_misses = 106932
preemptive halt, cache_misses = 106932
preemptive halt, cache_misses = 106932
preemptive halt, cache_misses = 106932
preemptive halt, cache_misses = 106932
preemptive halt, cache_misses = 106932
preemptive halt, cache_misses = 106932
preemptive halt, cache_misses = 106932
preemptive halt, cache_misses = 106932
preemptive halt, cache_misses = 106932
preemptive halt, cache_misses = 106932
preemptive halt, cache_misses = 106932
preemptive halt, cache_misses = 106932
preemptive halt, cache_misses = 106932
preemptive halt, cache_misses = 106932
preemptive halt, cache_misses = 106932
preemptive halt, cache_misses = 106932
preemptive halt, cache_misses = 106932
preemptive halt, cache_misses = 106932
preemptive halt, cache_misses = 106932
preemptive halt, cache_misses = 106932
preemptive halt, cache_misses = 106932
preemptive halt, cache_misses = 106932
preemptive halt, cache_misses = 106932
preemptive halt, cache_misses = 106932
preemptive halt, cache_misses = 106932
preemptive halt, cache_misses = 106932
preemptive halt, cache_misses = 106932
preemptive halt, cache_misses = 106932
preemptive halt, cache_misses = 106932
preemptive halt, cache_misses = 106932
preemptive halt, cache_misses = 106932
preemptive halt, cache_misses = 106932
preemptive halt, cache_misses = 106932
preemptive halt, cache_misses = 106932
preemptive halt, cache_misses = 106932
preemptive halt, cache_misses = 106932
preemptive halt, cache_misses = 106932
preemptive halt, cache_misses = 106932
preemptive halt, cache_misses = 106932
preemptive halt, cache_misses = 106932
preemptive halt, cache_misses = 106932
preemptive halt, cache_misses = 106932
preemptive halt, cache_misses = 106932
preemptive halt, cache_misses = 106932
preemptive halt, cache_misses = 106932
preemptive halt, cache_misses = 106932
preemptive halt, cache_misses = 106932
preemptive halt, cache_misses = 106932
preemptive halt, cache_misses = 106932
preemptive halt, cache_misses = 106932
preemptive halt, cache_misses = 106932
preemptive halt, cache_misses = 106932
preemptive halt, cache_misses = 106932
preemptive halt, cache_misses = 106932
preemptive halt, cache_misses = 106932
preemptive halt, cache_misses = 106932
preemptive halt, cache_misses = 106932
preemptive halt, cache_misses = 106932
preemptive halt, cache_misses = 106932
preemptive halt, cache_misses = 106932
preemptive halt, cache_misses = 106932
preemptive halt, cache_misses = 106932
preemptive halt, cache_misses = 106932
preemptive halt, cache_misses = 106932
preemptive halt, cache_misses = 106932
preemptive halt, cache_misses = 106932
preemptive halt, cache_misses = 106932
preemptive halt, cache_misses = 106932
preemptive halt, cache_misses = 106932
preemptive halt, cache_misses = 106932
preemptive halt, cache_misses = 106932
preemptive halt, cache_misses = 106932
preemptive halt, cache_misses = 106932
preemptive halt, cache_misses = 106932
preemptive halt, cache_misses = 106932
preemptive halt, cache_misses = 106932
preemptive halt, cache_misses = 106932
preemptive halt, cache_misses = 106932
preemptive halt, cache_misses = 106932
preemptive halt, cache_misses = 106932
preemptive halt, cache_misses = 106932
preemptive halt, cache_misses = 106932
preemptive halt, cache_misses = 106932
preemptive halt, cache_misses = 106932
binary search, size 32343  misses 106932  min 32187  max 32500
binary search, size 32421  misses 106928  min 32343  max 32500
preemptive halt, cache_misses = 106929
preemptive halt, cache_misses = 106929
preemptive halt, cache_misses = 106929
preemptive halt, cache_misses = 106929
preemptive halt, cache_misses = 106929
preemptive halt, cache_misses = 106929
preemptive halt, cache_misses = 106929
preemptive halt, cache_misses = 106929
preemptive halt, cache_misses = 106929
preemptive halt, cache_misses = 106929
preemptive halt, cache_misses = 106929
preemptive halt, cache_misses = 106929
preemptive halt, cache_misses = 106929
preemptive halt, cache_misses = 106929
preemptive halt, cache_misses = 106929
preemptive halt, cache_misses = 106929
preemptive halt, cache_misses = 106929
preemptive halt, cache_misses = 106929
preemptive halt, cache_misses = 106929
preemptive halt, cache_misses = 106929
preemptive halt, cache_misses = 106929
preemptive halt, cache_misses = 106929
preemptive halt, cache_misses = 106929
preemptive halt, cache_misses = 106929
preemptive halt, cache_misses = 106929
preemptive halt, cache_misses = 106929
preemptive halt, cache_misses = 106929
preemptive halt, cache_misses = 106929
preemptive halt, cache_misses = 106929
preemptive halt, cache_misses = 106929
preemptive halt, cache_misses = 106929
preemptive halt, cache_misses = 106929
preemptive halt, cache_misses = 106929
preemptive halt, cache_misses = 106929
preemptive halt, cache_misses = 106929
preemptive halt, cache_misses = 106929
preemptive halt, cache_misses = 106929
preemptive halt, cache_misses = 106929
preemptive halt, cache_misses = 106929
preemptive halt, cache_misses = 106929
preemptive halt, cache_misses = 106929
preemptive halt, cache_misses = 106929
preemptive halt, cache_misses = 106929
preemptive halt, cache_misses = 106929
preemptive halt, cache_misses = 106929
preemptive halt, cache_misses = 106929
preemptive halt, cache_misses = 106929
preemptive halt, cache_misses = 106929
preemptive halt, cache_misses = 106929
preemptive halt, cache_misses = 106929
preemptive halt, cache_misses = 106929
preemptive halt, cache_misses = 106929
preemptive halt, cache_misses = 106929
preemptive halt, cache_misses = 106929
preemptive halt, cache_misses = 106929
preemptive halt, cache_misses = 106929
preemptive halt, cache_misses = 106929
preemptive halt, cache_misses = 106929
preemptive halt, cache_misses = 106929
preemptive halt, cache_misses = 106929
preemptive halt, cache_misses = 106929
preemptive halt, cache_misses = 106929
preemptive halt, cache_misses = 106929
preemptive halt, cache_misses = 106929
preemptive halt, cache_misses = 106929
preemptive halt, cache_misses = 106929
preemptive halt, cache_misses = 106929
preemptive halt, cache_misses = 106929
preemptive halt, cache_misses = 106929
preemptive halt, cache_misses = 106929
preemptive halt, cache_misses = 106929
preemptive halt, cache_misses = 106929
preemptive halt, cache_misses = 106929
preemptive halt, cache_misses = 106929
preemptive halt, cache_misses = 106929
preemptive halt, cache_misses = 106929
preemptive halt, cache_misses = 106929
preemptive halt, cache_misses = 106929
preemptive halt, cache_misses = 106929
preemptive halt, cache_misses = 106929
preemptive halt, cache_misses = 106929
preemptive halt, cache_misses = 106929
preemptive halt, cache_misses = 106929
preemptive halt, cache_misses = 106929
binary search, size 32382  misses 106929  min 32343  max 32421
preemptive halt, cache_misses = 106930
preemptive halt, cache_misses = 106930
preemptive halt, cache_misses = 106930
preemptive halt, cache_misses = 106930
preemptive halt, cache_misses = 106930
preemptive halt, cache_misses = 106930
preemptive halt, cache_misses = 106930
preemptive halt, cache_misses = 106930
preemptive halt, cache_misses = 106930
preemptive halt, cache_misses = 106930
preemptive halt, cache_misses = 106930
preemptive halt, cache_misses = 106930
preemptive halt, cache_misses = 106930
preemptive halt, cache_misses = 106930
preemptive halt, cache_misses = 106930
preemptive halt, cache_misses = 106930
preemptive halt, cache_misses = 106930
preemptive halt, cache_misses = 106930
preemptive halt, cache_misses = 106930
preemptive halt, cache_misses = 106930
preemptive halt, cache_misses = 106930
preemptive halt, cache_misses = 106930
preemptive halt, cache_misses = 106930
preemptive halt, cache_misses = 106930
preemptive halt, cache_misses = 106930
preemptive halt, cache_misses = 106930
preemptive halt, cache_misses = 106930
preemptive halt, cache_misses = 106930
preemptive halt, cache_misses = 106930
preemptive halt, cache_misses = 106930
preemptive halt, cache_misses = 106930
preemptive halt, cache_misses = 106930
preemptive halt, cache_misses = 106930
preemptive halt, cache_misses = 106930
preemptive halt, cache_misses = 106930
preemptive halt, cache_misses = 106930
preemptive halt, cache_misses = 106930
preemptive halt, cache_misses = 106930
preemptive halt, cache_misses = 106930
preemptive halt, cache_misses = 106930
preemptive halt, cache_misses = 106930
preemptive halt, cache_misses = 106930
preemptive halt, cache_misses = 106930
preemptive halt, cache_misses = 106930
preemptive halt, cache_misses = 106930
preemptive halt, cache_misses = 106930
preemptive halt, cache_misses = 106930
preemptive halt, cache_misses = 106930
preemptive halt, cache_misses = 106930
preemptive halt, cache_misses = 106930
preemptive halt, cache_misses = 106930
preemptive halt, cache_misses = 106930
preemptive halt, cache_misses = 106930
preemptive halt, cache_misses = 106930
preemptive halt, cache_misses = 106930
preemptive halt, cache_misses = 106930
preemptive halt, cache_misses = 106930
preemptive halt, cache_misses = 106930
preemptive halt, cache_misses = 106930
preemptive halt, cache_misses = 106930
preemptive halt, cache_misses = 106930
preemptive halt, cache_misses = 106930
preemptive halt, cache_misses = 106930
preemptive halt, cache_misses = 106930
preemptive halt, cache_misses = 106930
preemptive halt, cache_misses = 106930
preemptive halt, cache_misses = 106930
preemptive halt, cache_misses = 106930
preemptive halt, cache_misses = 106930
preemptive halt, cache_misses = 106930
preemptive halt, cache_misses = 106930
preemptive halt, cache_misses = 106930
preemptive halt, cache_misses = 106930
preemptive halt, cache_misses = 106930
preemptive halt, cache_misses = 106930
preemptive halt, cache_misses = 106930
preemptive halt, cache_misses = 106930
preemptive halt, cache_misses = 106930
preemptive halt, cache_misses = 106930
preemptive halt, cache_misses = 106930
preemptive halt, cache_misses = 106930
preemptive halt, cache_misses = 106930
preemptive halt, cache_misses = 106930
preemptive halt, cache_misses = 106930
preemptive halt, cache_misses = 106930
preemptive halt, cache_misses = 106930
binary search, size 32401  misses 106930  min 32382  max 32421
preemptive halt, cache_misses = 106931
preemptive halt, cache_misses = 106931
preemptive halt, cache_misses = 106931
preemptive halt, cache_misses = 106931
preemptive halt, cache_misses = 106931
preemptive halt, cache_misses = 106931
preemptive halt, cache_misses = 106931
preemptive halt, cache_misses = 106931
preemptive halt, cache_misses = 106931
preemptive halt, cache_misses = 106931
preemptive halt, cache_misses = 106931
preemptive halt, cache_misses = 106931
preemptive halt, cache_misses = 106931
preemptive halt, cache_misses = 106931
preemptive halt, cache_misses = 106931
preemptive halt, cache_misses = 106931
preemptive halt, cache_misses = 106931
preemptive halt, cache_misses = 106931
preemptive halt, cache_misses = 106931
preemptive halt, cache_misses = 106931
preemptive halt, cache_misses = 106931
preemptive halt, cache_misses = 106931
preemptive halt, cache_misses = 106931
preemptive halt, cache_misses = 106931
preemptive halt, cache_misses = 106931
preemptive halt, cache_misses = 106931
preemptive halt, cache_misses = 106931
preemptive halt, cache_misses = 106931
preemptive halt, cache_misses = 106931
preemptive halt, cache_misses = 106931
preemptive halt, cache_misses = 106931
preemptive halt, cache_misses = 106931
preemptive halt, cache_misses = 106931
preemptive halt, cache_misses = 106931
preemptive halt, cache_misses = 106931
preemptive halt, cache_misses = 106931
preemptive halt, cache_misses = 106931
preemptive halt, cache_misses = 106931
preemptive halt, cache_misses = 106931
preemptive halt, cache_misses = 106931
preemptive halt, cache_misses = 106931
preemptive halt, cache_misses = 106931
preemptive halt, cache_misses = 106931
preemptive halt, cache_misses = 106931
preemptive halt, cache_misses = 106931
preemptive halt, cache_misses = 106931
preemptive halt, cache_misses = 106931
preemptive halt, cache_misses = 106931
preemptive halt, cache_misses = 106931
preemptive halt, cache_misses = 106931
preemptive halt, cache_misses = 106931
preemptive halt, cache_misses = 106931
preemptive halt, cache_misses = 106931
preemptive halt, cache_misses = 106931
preemptive halt, cache_misses = 106931
preemptive halt, cache_misses = 106931
preemptive halt, cache_misses = 106931
preemptive halt, cache_misses = 106931
preemptive halt, cache_misses = 106931
preemptive halt, cache_misses = 106931
preemptive halt, cache_misses = 106931
preemptive halt, cache_misses = 106931
preemptive halt, cache_misses = 106931
preemptive halt, cache_misses = 106931
preemptive halt, cache_misses = 106931
preemptive halt, cache_misses = 106931
preemptive halt, cache_misses = 106931
preemptive halt, cache_misses = 106931
preemptive halt, cache_misses = 106931
preemptive halt, cache_misses = 106931
preemptive halt, cache_misses = 106931
preemptive halt, cache_misses = 106931
preemptive halt, cache_misses = 106931
preemptive halt, cache_misses = 106931
preemptive halt, cache_misses = 106931
preemptive halt, cache_misses = 106931
preemptive halt, cache_misses = 106931
preemptive halt, cache_misses = 106931
preemptive halt, cache_misses = 106931
preemptive halt, cache_misses = 106931
preemptive halt, cache_misses = 106931
preemptive halt, cache_misses = 106931
preemptive halt, cache_misses = 106931
preemptive halt, cache_misses = 106931
preemptive halt, cache_misses = 106931
preemptive halt, cache_misses = 106931
preemptive halt, cache_misses = 106931
preemptive halt, cache_misses = 106931
binary search, size 32411  misses 106931  min 32401  max 32421
binary search, size 32416  misses 106928  min 32411  max 32421
preemptive halt, cache_misses = 106929
preemptive halt, cache_misses = 106929
preemptive halt, cache_misses = 106929
preemptive halt, cache_misses = 106929
preemptive halt, cache_misses = 106929
preemptive halt, cache_misses = 106929
preemptive halt, cache_misses = 106929
preemptive halt, cache_misses = 106929
preemptive halt, cache_misses = 106929
preemptive halt, cache_misses = 106929
preemptive halt, cache_misses = 106929
preemptive halt, cache_misses = 106929
preemptive halt, cache_misses = 106929
preemptive halt, cache_misses = 106929
preemptive halt, cache_misses = 106929
preemptive halt, cache_misses = 106929
preemptive halt, cache_misses = 106929
preemptive halt, cache_misses = 106929
preemptive halt, cache_misses = 106929
preemptive halt, cache_misses = 106929
preemptive halt, cache_misses = 106929
preemptive halt, cache_misses = 106929
preemptive halt, cache_misses = 106929
preemptive halt, cache_misses = 106929
preemptive halt, cache_misses = 106929
preemptive halt, cache_misses = 106929
preemptive halt, cache_misses = 106929
preemptive halt, cache_misses = 106929
preemptive halt, cache_misses = 106929
preemptive halt, cache_misses = 106929
preemptive halt, cache_misses = 106929
preemptive halt, cache_misses = 106929
preemptive halt, cache_misses = 106929
preemptive halt, cache_misses = 106929
preemptive halt, cache_misses = 106929
preemptive halt, cache_misses = 106929
preemptive halt, cache_misses = 106929
preemptive halt, cache_misses = 106929
preemptive halt, cache_misses = 106929
preemptive halt, cache_misses = 106929
preemptive halt, cache_misses = 106929
preemptive halt, cache_misses = 106929
preemptive halt, cache_misses = 106929
preemptive halt, cache_misses = 106929
preemptive halt, cache_misses = 106929
preemptive halt, cache_misses = 106929
preemptive halt, cache_misses = 106929
preemptive halt, cache_misses = 106929
preemptive halt, cache_misses = 106929
preemptive halt, cache_misses = 106929
preemptive halt, cache_misses = 106929
preemptive halt, cache_misses = 106929
preemptive halt, cache_misses = 106929
preemptive halt, cache_misses = 106929
preemptive halt, cache_misses = 106929
preemptive halt, cache_misses = 106929
preemptive halt, cache_misses = 106929
preemptive halt, cache_misses = 106929
preemptive halt, cache_misses = 106929
preemptive halt, cache_misses = 106929
preemptive halt, cache_misses = 106929
preemptive halt, cache_misses = 106929
preemptive halt, cache_misses = 106929
preemptive halt, cache_misses = 106929
preemptive halt, cache_misses = 106929
preemptive halt, cache_misses = 106929
preemptive halt, cache_misses = 106929
preemptive halt, cache_misses = 106929
preemptive halt, cache_misses = 106929
preemptive halt, cache_misses = 106929
preemptive halt, cache_misses = 106929
preemptive halt, cache_misses = 106929
preemptive halt, cache_misses = 106929
preemptive halt, cache_misses = 106929
preemptive halt, cache_misses = 106929
preemptive halt, cache_misses = 106929
preemptive halt, cache_misses = 106929
preemptive halt, cache_misses = 106929
preemptive halt, cache_misses = 106929
preemptive halt, cache_misses = 106929
preemptive halt, cache_misses = 106929
preemptive halt, cache_misses = 106929
preemptive halt, cache_misses = 106929
preemptive halt, cache_misses = 106929
binary search, size 32413  misses 106929  min 32411  max 32416
binary search, size 32414  misses 106928  min 32413  max 32416
characteristic cache size (binary search) for 326 = 32414
End at: 2021-04-02 02:12:16.215224
Time elapsed: 0:00:01.900778
