Begin at: 2021-04-02 02:10:46.053706
['../dist/Debug/GNU-Linux/memo_batch_tester', '', '--mbt_execution_trace_fname', 'olcs4_traceback_csize_input_types/OLCS4_lru_2021_04_02__02_07_47_k_3__d_2_cache_size_160000_problems_10_to_400/OLCS4_lru_2021_04_02__02_07_47_k_3__d_2_cache_size_160000_problems_10_to_400/OLCS4__do_traceback_prob_size_278_cache_size_160000_lru_k_3_d_2_execution_trace_2021_4_2_2_10_46_pid_10266.log', '--mbt_cache_misses_fname', 'olcs4_traceback_csize_input_types/OLCS4_lru_2021_04_02__02_07_47_k_3__d_2_cache_size_160000_problems_10_to_400/lcs_cost_OLCS4_lru_misses_for_cache_size.csv', '--mbt_misses_for_problem_size_fname', 'olcs4_traceback_csize_input_types/OLCS4_lru_2021_04_02__02_07_47_k_3__d_2_cache_size_160000_problems_10_to_400/lcs_cost_OLCS4_lru_misses_for_problem_size.csv', '--mbt_exact_cutoff_min_cache_size', '160000', '--mbt_exact_cutoff_max_cache_size', '160000', '--mbt_problem_type', 'lcs', '--mbt_metric_type', 'csize_binary_search', '--mbt_cutoff_ratio', '2.2', '--mbt_instance_fname', '278', '--mbt_detailed_cache_misses_out_fname', 'csize_olcs4_traceback_0011nc_nc1100_0_7.csv', '--mbt_phi_N', '5.0', '--mbt_problem_size', '278', '--lcs_compute_length', '0', '--lcs_perform_traceback', '1', '--lig_instance_type', '0011nc_nc1100', '--lig_n', '278', '--lig_c', '0.7', '--lig_b', '3.0', '--lcs_oblivious', '4', '--lcs_execution_trace_fname', 'olcs4_traceback_csize_input_types/OLCS4_lru_2021_04_02__02_07_47_k_3__d_2_cache_size_160000_problems_10_to_400/OLCS4_lru_2021_04_02__02_07_47_k_3__d_2_cache_size_160000_problems_10_to_400/OLCS4__do_traceback_prob_size_278_cache_size_160000_lru_k_3_d_2_execution_trace_2021_4_2_2_10_46_pid_10266.log', '--memo_caching_strategy', 'lru', '--memo_cache_size', '160001', '--memo_lru_queue_size', '160000', '--memo_cuckoo_k', '4', '--memo_key_length', '8', '--memo_value_length', '8', '--memo_k_timestamps', '3', '--memo_d_recent_timestamps', '2', '--memo_a_items_per_timestamp_factor', '0.4375']

csize_binary_search chosen
lcs problem_type lcs cache_size 160001
initialize_long_int_cache begin
init_memo
arguments to memo:
 --mbt_execution_trace_fname olcs4_traceback_csize_input_types/OLCS4_lru_2021_04_02__02_07_47_k_3__d_2_cache_size_160000_problems_10_to_400/OLCS4_lru_2021_04_02__02_07_47_k_3__d_2_cache_size_160000_problems_10_to_400/OLCS4__do_traceback_prob_size_278_cache_size_160000_lru_k_3_d_2_execution_trace_2021_4_2_2_10_46_pid_10266.log --mbt_cache_misses_fname olcs4_traceback_csize_input_types/OLCS4_lru_2021_04_02__02_07_47_k_3__d_2_cache_size_160000_problems_10_to_400/lcs_cost_OLCS4_lru_misses_for_cache_size.csv --mbt_misses_for_problem_size_fname olcs4_traceback_csize_input_types/OLCS4_lru_2021_04_02__02_07_47_k_3__d_2_cache_size_160000_problems_10_to_400/lcs_cost_OLCS4_lru_misses_for_problem_size.csv --mbt_exact_cutoff_min_cache_size 160000 --mbt_exact_cutoff_max_cache_size 160000 --mbt_problem_type lcs --mbt_metric_type csize_binary_search --mbt_cutoff_ratio 2.2 --mbt_instance_fname 278 --mbt_detailed_cache_misses_out_fname csize_olcs4_traceback_0011nc_nc1100_0_7.csv --mbt_phi_N 5.0 --mbt_problem_size 278 --lcs_compute_length 0 --lcs_perform_traceback 1 --lig_instance_type 0011nc_nc1100 --lig_n 278 --lig_c 0.7 --lig_b 3.0 --lcs_oblivious 4 --lcs_execution_trace_fname olcs4_traceback_csize_input_types/OLCS4_lru_2021_04_02__02_07_47_k_3__d_2_cache_size_160000_problems_10_to_400/OLCS4_lru_2021_04_02__02_07_47_k_3__d_2_cache_size_160000_problems_10_to_400/OLCS4__do_traceback_prob_size_278_cache_size_160000_lru_k_3_d_2_execution_trace_2021_4_2_2_10_46_pid_10266.log --memo_caching_strategy lru --memo_cache_size 160001 --memo_lru_queue_size 160000 --memo_cuckoo_k 4 --memo_key_length 8 --memo_value_length 8 --memo_k_timestamps 3 --memo_d_recent_timestamps 2 --memo_a_items_per_timestamp_factor 0.4375 
calculate_table_size: table_size is 262144, original is 160001
Finished initializing cache
initialize_long_int_cache end
done initializing cache
initializing problem
done initializing problem
commence trials
Starting characteristic_cache_size_binary_search with max cache size 160001
binary search, size 160001  misses 77840
binary search, size 80000  misses 77840  min 0  max 160001
binary search, size 40000  misses 77840  min 0  max 80000
preemptive halt, cache_misses = 77841
preemptive halt, cache_misses = 77841
preemptive halt, cache_misses = 77841
preemptive halt, cache_misses = 77841
preemptive halt, cache_misses = 77841
preemptive halt, cache_misses = 77841
preemptive halt, cache_misses = 77841
preemptive halt, cache_misses = 77841
preemptive halt, cache_misses = 77841
preemptive halt, cache_misses = 77841
preemptive halt, cache_misses = 77841
preemptive halt, cache_misses = 77841
preemptive halt, cache_misses = 77841
preemptive halt, cache_misses = 77841
preemptive halt, cache_misses = 77841
preemptive halt, cache_misses = 77841
preemptive halt, cache_misses = 77841
preemptive halt, cache_misses = 77841
preemptive halt, cache_misses = 77841
preemptive halt, cache_misses = 77841
preemptive halt, cache_misses = 77841
preemptive halt, cache_misses = 77841
preemptive halt, cache_misses = 77841
preemptive halt, cache_misses = 77841
preemptive halt, cache_misses = 77841
preemptive halt, cache_misses = 77841
preemptive halt, cache_misses = 77841
preemptive halt, cache_misses = 77841
preemptive halt, cache_misses = 77841
preemptive halt, cache_misses = 77841
preemptive halt, cache_misses = 77841
preemptive halt, cache_misses = 77841
preemptive halt, cache_misses = 77841
preemptive halt, cache_misses = 77841
preemptive halt, cache_misses = 77841
preemptive halt, cache_misses = 77841
preemptive halt, cache_misses = 77841
preemptive halt, cache_misses = 77841
preemptive halt, cache_misses = 77841
preemptive halt, cache_misses = 77841
preemptive halt, cache_misses = 77841
preemptive halt, cache_misses = 77841
preemptive halt, cache_misses = 77841
preemptive halt, cache_misses = 77841
preemptive halt, cache_misses = 77841
preemptive halt, cache_misses = 77841
preemptive halt, cache_misses = 77841
preemptive halt, cache_misses = 77841
binary search, size 20000  misses 77841  min 0  max 40000
binary search, size 30000  misses 77840  min 20000  max 40000
binary search, size 25000  misses 77840  min 20000  max 30000
binary search, size 22500  misses 77840  min 20000  max 25000
binary search, size 21250  misses 77840  min 20000  max 22500
preemptive halt, cache_misses = 77841
preemptive halt, cache_misses = 77841
preemptive halt, cache_misses = 77841
preemptive halt, cache_misses = 77841
preemptive halt, cache_misses = 77841
preemptive halt, cache_misses = 77841
preemptive halt, cache_misses = 77841
preemptive halt, cache_misses = 77841
preemptive halt, cache_misses = 77841
preemptive halt, cache_misses = 77841
preemptive halt, cache_misses = 77841
preemptive halt, cache_misses = 77841
preemptive halt, cache_misses = 77841
preemptive halt, cache_misses = 77841
preemptive halt, cache_misses = 77841
preemptive halt, cache_misses = 77841
preemptive halt, cache_misses = 77841
preemptive halt, cache_misses = 77841
preemptive halt, cache_misses = 77841
preemptive halt, cache_misses = 77841
preemptive halt, cache_misses = 77841
preemptive halt, cache_misses = 77841
preemptive halt, cache_misses = 77841
preemptive halt, cache_misses = 77841
preemptive halt, cache_misses = 77841
preemptive halt, cache_misses = 77841
preemptive halt, cache_misses = 77841
preemptive halt, cache_misses = 77841
preemptive halt, cache_misses = 77841
preemptive halt, cache_misses = 77841
preemptive halt, cache_misses = 77841
preemptive halt, cache_misses = 77841
preemptive halt, cache_misses = 77841
preemptive halt, cache_misses = 77841
preemptive halt, cache_misses = 77841
preemptive halt, cache_misses = 77841
preemptive halt, cache_misses = 77841
preemptive halt, cache_misses = 77841
preemptive halt, cache_misses = 77841
preemptive halt, cache_misses = 77841
preemptive halt, cache_misses = 77841
preemptive halt, cache_misses = 77841
preemptive halt, cache_misses = 77841
preemptive halt, cache_misses = 77841
preemptive halt, cache_misses = 77841
preemptive halt, cache_misses = 77841
preemptive halt, cache_misses = 77841
preemptive halt, cache_misses = 77841
binary search, size 20625  misses 77841  min 20000  max 21250
preemptive halt, cache_misses = 77842
preemptive halt, cache_misses = 77842
preemptive halt, cache_misses = 77842
preemptive halt, cache_misses = 77842
preemptive halt, cache_misses = 77842
preemptive halt, cache_misses = 77842
preemptive halt, cache_misses = 77842
preemptive halt, cache_misses = 77842
preemptive halt, cache_misses = 77842
preemptive halt, cache_misses = 77842
preemptive halt, cache_misses = 77842
preemptive halt, cache_misses = 77842
preemptive halt, cache_misses = 77842
preemptive halt, cache_misses = 77842
preemptive halt, cache_misses = 77842
preemptive halt, cache_misses = 77842
preemptive halt, cache_misses = 77842
preemptive halt, cache_misses = 77842
preemptive halt, cache_misses = 77842
preemptive halt, cache_misses = 77842
preemptive halt, cache_misses = 77842
preemptive halt, cache_misses = 77842
preemptive halt, cache_misses = 77842
preemptive halt, cache_misses = 77842
preemptive halt, cache_misses = 77842
preemptive halt, cache_misses = 77842
preemptive halt, cache_misses = 77842
preemptive halt, cache_misses = 77842
preemptive halt, cache_misses = 77842
preemptive halt, cache_misses = 77842
preemptive halt, cache_misses = 77842
preemptive halt, cache_misses = 77842
preemptive halt, cache_misses = 77842
preemptive halt, cache_misses = 77842
preemptive halt, cache_misses = 77842
preemptive halt, cache_misses = 77842
preemptive halt, cache_misses = 77842
preemptive halt, cache_misses = 77842
preemptive halt, cache_misses = 77842
preemptive halt, cache_misses = 77842
preemptive halt, cache_misses = 77842
preemptive halt, cache_misses = 77842
preemptive halt, cache_misses = 77842
preemptive halt, cache_misses = 77842
preemptive halt, cache_misses = 77842
preemptive halt, cache_misses = 77842
preemptive halt, cache_misses = 77842
preemptive halt, cache_misses = 77842
preemptive halt, cache_misses = 77842
preemptive halt, cache_misses = 77842
binary search, size 20937  misses 77842  min 20625  max 21250
binary search, size 21093  misses 77840  min 20937  max 21250
binary search, size 21015  misses 77840  min 20937  max 21093
binary search, size 20976  misses 77840  min 20937  max 21015
binary search, size 20956  misses 77840  min 20937  max 20976
preemptive halt, cache_misses = 77841
preemptive halt, cache_misses = 77841
preemptive halt, cache_misses = 77841
preemptive halt, cache_misses = 77841
preemptive halt, cache_misses = 77841
preemptive halt, cache_misses = 77841
preemptive halt, cache_misses = 77841
preemptive halt, cache_misses = 77841
preemptive halt, cache_misses = 77841
preemptive halt, cache_misses = 77841
preemptive halt, cache_misses = 77841
preemptive halt, cache_misses = 77841
preemptive halt, cache_misses = 77841
preemptive halt, cache_misses = 77841
preemptive halt, cache_misses = 77841
preemptive halt, cache_misses = 77841
preemptive halt, cache_misses = 77841
preemptive halt, cache_misses = 77841
preemptive halt, cache_misses = 77841
preemptive halt, cache_misses = 77841
preemptive halt, cache_misses = 77841
preemptive halt, cache_misses = 77841
preemptive halt, cache_misses = 77841
preemptive halt, cache_misses = 77841
preemptive halt, cache_misses = 77841
preemptive halt, cache_misses = 77841
preemptive halt, cache_misses = 77841
preemptive halt, cache_misses = 77841
preemptive halt, cache_misses = 77841
preemptive halt, cache_misses = 77841
preemptive halt, cache_misses = 77841
preemptive halt, cache_misses = 77841
preemptive halt, cache_misses = 77841
preemptive halt, cache_misses = 77841
preemptive halt, cache_misses = 77841
preemptive halt, cache_misses = 77841
preemptive halt, cache_misses = 77841
preemptive halt, cache_misses = 77841
preemptive halt, cache_misses = 77841
preemptive halt, cache_misses = 77841
preemptive halt, cache_misses = 77841
preemptive halt, cache_misses = 77841
preemptive halt, cache_misses = 77841
preemptive halt, cache_misses = 77841
preemptive halt, cache_misses = 77841
preemptive halt, cache_misses = 77841
preemptive halt, cache_misses = 77841
preemptive halt, cache_misses = 77841
binary search, size 20946  misses 77841  min 20937  max 20956
binary search, size 20951  misses 77840  min 20946  max 20956
binary search, size 20948  misses 77840  min 20946  max 20951
preemptive halt, cache_misses = 77841
preemptive halt, cache_misses = 77841
preemptive halt, cache_misses = 77841
preemptive halt, cache_misses = 77841
preemptive halt, cache_misses = 77841
preemptive halt, cache_misses = 77841
preemptive halt, cache_misses = 77841
preemptive halt, cache_misses = 77841
preemptive halt, cache_misses = 77841
preemptive halt, cache_misses = 77841
preemptive halt, cache_misses = 77841
preemptive halt, cache_misses = 77841
preemptive halt, cache_misses = 77841
preemptive halt, cache_misses = 77841
preemptive halt, cache_misses = 77841
preemptive halt, cache_misses = 77841
preemptive halt, cache_misses = 77841
preemptive halt, cache_misses = 77841
preemptive halt, cache_misses = 77841
preemptive halt, cache_misses = 77841
preemptive halt, cache_misses = 77841
preemptive halt, cache_misses = 77841
preemptive halt, cache_misses = 77841
preemptive halt, cache_misses = 77841
preemptive halt, cache_misses = 77841
preemptive halt, cache_misses = 77841
preemptive halt, cache_misses = 77841
preemptive halt, cache_misses = 77841
preemptive halt, cache_misses = 77841
preemptive halt, cache_misses = 77841
preemptive halt, cache_misses = 77841
preemptive halt, cache_misses = 77841
preemptive halt, cache_misses = 77841
preemptive halt, cache_misses = 77841
preemptive halt, cache_misses = 77841
preemptive halt, cache_misses = 77841
preemptive halt, cache_misses = 77841
preemptive halt, cache_misses = 77841
preemptive halt, cache_misses = 77841
preemptive halt, cache_misses = 77841
preemptive halt, cache_misses = 77841
preemptive halt, cache_misses = 77841
preemptive halt, cache_misses = 77841
preemptive halt, cache_misses = 77841
preemptive halt, cache_misses = 77841
preemptive halt, cache_misses = 77841
preemptive halt, cache_misses = 77841
preemptive halt, cache_misses = 77841
binary search, size 20947  misses 77841  min 20946  max 20948
characteristic cache size (binary search) for 278 = 20948
End at: 2021-04-02 02:10:47.470335
Time elapsed: 0:00:01.416652
