Begin at: 2021-04-02 02:15:29.157302
['../dist/Debug/GNU-Linux/memo_batch_tester', '', '--mbt_execution_trace_fname', 'olcs4_traceback_csize_input_types/OLCS4_lru_2021_04_02__02_07_47_k_3__d_2_cache_size_160000_problems_10_to_400/OLCS4_lru_2021_04_02__02_07_47_k_3__d_2_cache_size_160000_problems_10_to_400/OLCS4__do_traceback_prob_size_397_cache_size_160000_lru_k_3_d_2_execution_trace_2021_4_2_2_15_29_pid_10556.log', '--mbt_cache_misses_fname', 'olcs4_traceback_csize_input_types/OLCS4_lru_2021_04_02__02_07_47_k_3__d_2_cache_size_160000_problems_10_to_400/lcs_cost_OLCS4_lru_misses_for_cache_size.csv', '--mbt_misses_for_problem_size_fname', 'olcs4_traceback_csize_input_types/OLCS4_lru_2021_04_02__02_07_47_k_3__d_2_cache_size_160000_problems_10_to_400/lcs_cost_OLCS4_lru_misses_for_problem_size.csv', '--mbt_exact_cutoff_min_cache_size', '160000', '--mbt_exact_cutoff_max_cache_size', '160000', '--mbt_problem_type', 'lcs', '--mbt_metric_type', 'csize_binary_search', '--mbt_cutoff_ratio', '2.2', '--mbt_instance_fname', '397', '--mbt_detailed_cache_misses_out_fname', 'csize_olcs4_traceback_0011nc_nc1100_0_7.csv', '--mbt_phi_N', '5.0', '--mbt_problem_size', '397', '--lcs_compute_length', '0', '--lcs_perform_traceback', '1', '--lig_instance_type', '0011nc_nc1100', '--lig_n', '397', '--lig_c', '0.7', '--lig_b', '3.0', '--lcs_oblivious', '4', '--lcs_execution_trace_fname', 'olcs4_traceback_csize_input_types/OLCS4_lru_2021_04_02__02_07_47_k_3__d_2_cache_size_160000_problems_10_to_400/OLCS4_lru_2021_04_02__02_07_47_k_3__d_2_cache_size_160000_problems_10_to_400/OLCS4__do_traceback_prob_size_397_cache_size_160000_lru_k_3_d_2_execution_trace_2021_4_2_2_15_29_pid_10556.log', '--memo_caching_strategy', 'lru', '--memo_cache_size', '160001', '--memo_lru_queue_size', '160000', '--memo_cuckoo_k', '4', '--memo_key_length', '8', '--memo_value_length', '8', '--memo_k_timestamps', '3', '--memo_d_recent_timestamps', '2', '--memo_a_items_per_timestamp_factor', '0.4375']

csize_binary_search chosen
lcs problem_type lcs cache_size 160001
initialize_long_int_cache begin
init_memo
arguments to memo:
 --mbt_execution_trace_fname olcs4_traceback_csize_input_types/OLCS4_lru_2021_04_02__02_07_47_k_3__d_2_cache_size_160000_problems_10_to_400/OLCS4_lru_2021_04_02__02_07_47_k_3__d_2_cache_size_160000_problems_10_to_400/OLCS4__do_traceback_prob_size_397_cache_size_160000_lru_k_3_d_2_execution_trace_2021_4_2_2_15_29_pid_10556.log --mbt_cache_misses_fname olcs4_traceback_csize_input_types/OLCS4_lru_2021_04_02__02_07_47_k_3__d_2_cache_size_160000_problems_10_to_400/lcs_cost_OLCS4_lru_misses_for_cache_size.csv --mbt_misses_for_problem_size_fname olcs4_traceback_csize_input_types/OLCS4_lru_2021_04_02__02_07_47_k_3__d_2_cache_size_160000_problems_10_to_400/lcs_cost_OLCS4_lru_misses_for_problem_size.csv --mbt_exact_cutoff_min_cache_size 160000 --mbt_exact_cutoff_max_cache_size 160000 --mbt_problem_type lcs --mbt_metric_type csize_binary_search --mbt_cutoff_ratio 2.2 --mbt_instance_fname 397 --mbt_detailed_cache_misses_out_fname csize_olcs4_traceback_0011nc_nc1100_0_7.csv --mbt_phi_N 5.0 --mbt_problem_size 397 --lcs_compute_length 0 --lcs_perform_traceback 1 --lig_instance_type 0011nc_nc1100 --lig_n 397 --lig_c 0.7 --lig_b 3.0 --lcs_oblivious 4 --lcs_execution_trace_fname olcs4_traceback_csize_input_types/OLCS4_lru_2021_04_02__02_07_47_k_3__d_2_cache_size_160000_problems_10_to_400/OLCS4_lru_2021_04_02__02_07_47_k_3__d_2_cache_size_160000_problems_10_to_400/OLCS4__do_traceback_prob_size_397_cache_size_160000_lru_k_3_d_2_execution_trace_2021_4_2_2_15_29_pid_10556.log --memo_caching_strategy lru --memo_cache_size 160001 --memo_lru_queue_size 160000 --memo_cuckoo_k 4 --memo_key_length 8 --memo_value_length 8 --memo_k_timestamps 3 --memo_d_recent_timestamps 2 --memo_a_items_per_timestamp_factor 0.4375 
calculate_table_size: table_size is 262144, original is 160001
Finished initializing cache
initialize_long_int_cache end
done initializing cache
initializing problem
done initializing problem
commence trials
Starting characteristic_cache_size_binary_search with max cache size 160001
binary search, size 160001  misses 158403
binary search, size 80000  misses 158403  min 0  max 160001
binary search, size 40000  misses 158403  min 0  max 80000
preemptive halt, cache_misses = 158404
preemptive halt, cache_misses = 158404
preemptive halt, cache_misses = 158404
preemptive halt, cache_misses = 158404
preemptive halt, cache_misses = 158404
preemptive halt, cache_misses = 158404
preemptive halt, cache_misses = 158404
preemptive halt, cache_misses = 158404
preemptive halt, cache_misses = 158404
preemptive halt, cache_misses = 158404
preemptive halt, cache_misses = 158404
preemptive halt, cache_misses = 158404
preemptive halt, cache_misses = 158404
preemptive halt, cache_misses = 158404
preemptive halt, cache_misses = 158404
preemptive halt, cache_misses = 158404
binary search, size 20000  misses 158404  min 0  max 40000
binary search, size 30000  misses 158403  min 20000  max 40000
preemptive halt, cache_misses = 158404
preemptive halt, cache_misses = 158404
preemptive halt, cache_misses = 158404
preemptive halt, cache_misses = 158404
preemptive halt, cache_misses = 158404
preemptive halt, cache_misses = 158404
preemptive halt, cache_misses = 158404
preemptive halt, cache_misses = 158404
preemptive halt, cache_misses = 158404
preemptive halt, cache_misses = 158404
preemptive halt, cache_misses = 158404
preemptive halt, cache_misses = 158404
preemptive halt, cache_misses = 158404
preemptive halt, cache_misses = 158404
preemptive halt, cache_misses = 158404
preemptive halt, cache_misses = 158404
binary search, size 25000  misses 158404  min 20000  max 30000
preemptive halt, cache_misses = 158405
preemptive halt, cache_misses = 158405
preemptive halt, cache_misses = 158405
preemptive halt, cache_misses = 158405
preemptive halt, cache_misses = 158405
preemptive halt, cache_misses = 158405
preemptive halt, cache_misses = 158405
preemptive halt, cache_misses = 158405
preemptive halt, cache_misses = 158405
preemptive halt, cache_misses = 158405
preemptive halt, cache_misses = 158405
preemptive halt, cache_misses = 158405
preemptive halt, cache_misses = 158405
preemptive halt, cache_misses = 158405
preemptive halt, cache_misses = 158405
preemptive halt, cache_misses = 158405
preemptive halt, cache_misses = 158405
preemptive halt, cache_misses = 158405
binary search, size 27500  misses 158405  min 25000  max 30000
preemptive halt, cache_misses = 158406
preemptive halt, cache_misses = 158406
preemptive halt, cache_misses = 158406
preemptive halt, cache_misses = 158406
preemptive halt, cache_misses = 158406
preemptive halt, cache_misses = 158406
preemptive halt, cache_misses = 158406
preemptive halt, cache_misses = 158406
preemptive halt, cache_misses = 158406
preemptive halt, cache_misses = 158406
preemptive halt, cache_misses = 158406
preemptive halt, cache_misses = 158406
preemptive halt, cache_misses = 158406
preemptive halt, cache_misses = 158406
preemptive halt, cache_misses = 158406
preemptive halt, cache_misses = 158406
preemptive halt, cache_misses = 158406
preemptive halt, cache_misses = 158406
preemptive halt, cache_misses = 158406
preemptive halt, cache_misses = 158406
binary search, size 28750  misses 158406  min 27500  max 30000
binary search, size 29375  misses 158403  min 28750  max 30000
binary search, size 29062  misses 158403  min 28750  max 29375
preemptive halt, cache_misses = 158404
preemptive halt, cache_misses = 158404
preemptive halt, cache_misses = 158404
preemptive halt, cache_misses = 158404
preemptive halt, cache_misses = 158404
preemptive halt, cache_misses = 158404
preemptive halt, cache_misses = 158404
preemptive halt, cache_misses = 158404
preemptive halt, cache_misses = 158404
preemptive halt, cache_misses = 158404
preemptive halt, cache_misses = 158404
preemptive halt, cache_misses = 158404
preemptive halt, cache_misses = 158404
preemptive halt, cache_misses = 158404
preemptive halt, cache_misses = 158404
preemptive halt, cache_misses = 158404
binary search, size 28906  misses 158404  min 28750  max 29062
preemptive halt, cache_misses = 158405
preemptive halt, cache_misses = 158405
preemptive halt, cache_misses = 158405
preemptive halt, cache_misses = 158405
preemptive halt, cache_misses = 158405
preemptive halt, cache_misses = 158405
preemptive halt, cache_misses = 158405
preemptive halt, cache_misses = 158405
preemptive halt, cache_misses = 158405
preemptive halt, cache_misses = 158405
preemptive halt, cache_misses = 158405
preemptive halt, cache_misses = 158405
preemptive halt, cache_misses = 158405
preemptive halt, cache_misses = 158405
preemptive halt, cache_misses = 158405
preemptive halt, cache_misses = 158405
preemptive halt, cache_misses = 158405
preemptive halt, cache_misses = 158405
binary search, size 28984  misses 158405  min 28906  max 29062
preemptive halt, cache_misses = 158406
preemptive halt, cache_misses = 158406
preemptive halt, cache_misses = 158406
preemptive halt, cache_misses = 158406
preemptive halt, cache_misses = 158406
preemptive halt, cache_misses = 158406
preemptive halt, cache_misses = 158406
preemptive halt, cache_misses = 158406
preemptive halt, cache_misses = 158406
preemptive halt, cache_misses = 158406
preemptive halt, cache_misses = 158406
preemptive halt, cache_misses = 158406
preemptive halt, cache_misses = 158406
preemptive halt, cache_misses = 158406
preemptive halt, cache_misses = 158406
preemptive halt, cache_misses = 158406
preemptive halt, cache_misses = 158406
preemptive halt, cache_misses = 158406
preemptive halt, cache_misses = 158406
preemptive halt, cache_misses = 158406
binary search, size 29023  misses 158406  min 28984  max 29062
preemptive halt, cache_misses = 158407
preemptive halt, cache_misses = 158407
preemptive halt, cache_misses = 158407
preemptive halt, cache_misses = 158407
preemptive halt, cache_misses = 158407
preemptive halt, cache_misses = 158407
preemptive halt, cache_misses = 158407
preemptive halt, cache_misses = 158407
preemptive halt, cache_misses = 158407
preemptive halt, cache_misses = 158407
preemptive halt, cache_misses = 158407
preemptive halt, cache_misses = 158407
preemptive halt, cache_misses = 158407
preemptive halt, cache_misses = 158407
preemptive halt, cache_misses = 158407
preemptive halt, cache_misses = 158407
preemptive halt, cache_misses = 158407
preemptive halt, cache_misses = 158407
preemptive halt, cache_misses = 158407
preemptive halt, cache_misses = 158407
preemptive halt, cache_misses = 158407
preemptive halt, cache_misses = 158407
binary search, size 29042  misses 158407  min 29023  max 29062
preemptive halt, cache_misses = 158408
preemptive halt, cache_misses = 158408
preemptive halt, cache_misses = 158408
preemptive halt, cache_misses = 158408
preemptive halt, cache_misses = 158408
preemptive halt, cache_misses = 158408
preemptive halt, cache_misses = 158408
preemptive halt, cache_misses = 158408
preemptive halt, cache_misses = 158408
preemptive halt, cache_misses = 158408
preemptive halt, cache_misses = 158408
preemptive halt, cache_misses = 158408
preemptive halt, cache_misses = 158408
preemptive halt, cache_misses = 158408
preemptive halt, cache_misses = 158408
preemptive halt, cache_misses = 158408
preemptive halt, cache_misses = 158408
preemptive halt, cache_misses = 158408
preemptive halt, cache_misses = 158408
preemptive halt, cache_misses = 158408
preemptive halt, cache_misses = 158408
preemptive halt, cache_misses = 158408
preemptive halt, cache_misses = 158408
preemptive halt, cache_misses = 158408
binary search, size 29052  misses 158408  min 29042  max 29062
preemptive halt, cache_misses = 158409
preemptive halt, cache_misses = 158409
preemptive halt, cache_misses = 158409
preemptive halt, cache_misses = 158409
preemptive halt, cache_misses = 158409
preemptive halt, cache_misses = 158409
preemptive halt, cache_misses = 158409
preemptive halt, cache_misses = 158409
preemptive halt, cache_misses = 158409
preemptive halt, cache_misses = 158409
preemptive halt, cache_misses = 158409
preemptive halt, cache_misses = 158409
preemptive halt, cache_misses = 158409
preemptive halt, cache_misses = 158409
preemptive halt, cache_misses = 158409
preemptive halt, cache_misses = 158409
preemptive halt, cache_misses = 158409
preemptive halt, cache_misses = 158409
preemptive halt, cache_misses = 158409
preemptive halt, cache_misses = 158409
preemptive halt, cache_misses = 158409
preemptive halt, cache_misses = 158409
preemptive halt, cache_misses = 158409
preemptive halt, cache_misses = 158409
preemptive halt, cache_misses = 158409
preemptive halt, cache_misses = 158409
binary search, size 29057  misses 158409  min 29052  max 29062
preemptive halt, cache_misses = 158410
preemptive halt, cache_misses = 158410
preemptive halt, cache_misses = 158410
preemptive halt, cache_misses = 158410
preemptive halt, cache_misses = 158410
preemptive halt, cache_misses = 158410
preemptive halt, cache_misses = 158410
preemptive halt, cache_misses = 158410
preemptive halt, cache_misses = 158410
preemptive halt, cache_misses = 158410
preemptive halt, cache_misses = 158410
preemptive halt, cache_misses = 158410
preemptive halt, cache_misses = 158410
preemptive halt, cache_misses = 158410
preemptive halt, cache_misses = 158410
preemptive halt, cache_misses = 158410
preemptive halt, cache_misses = 158410
preemptive halt, cache_misses = 158410
preemptive halt, cache_misses = 158410
preemptive halt, cache_misses = 158410
preemptive halt, cache_misses = 158410
preemptive halt, cache_misses = 158410
preemptive halt, cache_misses = 158410
preemptive halt, cache_misses = 158410
preemptive halt, cache_misses = 158410
preemptive halt, cache_misses = 158410
preemptive halt, cache_misses = 158410
preemptive halt, cache_misses = 158410
binary search, size 29059  misses 158410  min 29057  max 29062
preemptive halt, cache_misses = 158411
preemptive halt, cache_misses = 158411
preemptive halt, cache_misses = 158411
preemptive halt, cache_misses = 158411
preemptive halt, cache_misses = 158411
preemptive halt, cache_misses = 158411
preemptive halt, cache_misses = 158411
preemptive halt, cache_misses = 158411
preemptive halt, cache_misses = 158411
preemptive halt, cache_misses = 158411
preemptive halt, cache_misses = 158411
preemptive halt, cache_misses = 158411
preemptive halt, cache_misses = 158411
preemptive halt, cache_misses = 158411
preemptive halt, cache_misses = 158411
preemptive halt, cache_misses = 158411
preemptive halt, cache_misses = 158411
preemptive halt, cache_misses = 158411
preemptive halt, cache_misses = 158411
preemptive halt, cache_misses = 158411
preemptive halt, cache_misses = 158411
preemptive halt, cache_misses = 158411
preemptive halt, cache_misses = 158411
preemptive halt, cache_misses = 158411
preemptive halt, cache_misses = 158411
preemptive halt, cache_misses = 158411
preemptive halt, cache_misses = 158411
preemptive halt, cache_misses = 158411
preemptive halt, cache_misses = 158411
preemptive halt, cache_misses = 158411
binary search, size 29060  misses 158411  min 29059  max 29062
binary search, size 29061  misses 158403  min 29060  max 29062
characteristic cache size (binary search) for 397 = 29061
End at: 2021-04-02 02:15:32.449796
Time elapsed: 0:00:03.292511
