Begin at: 2021-04-02 02:10:34.620390
['../dist/Debug/GNU-Linux/memo_batch_tester', '', '--mbt_execution_trace_fname', 'olcs4_traceback_csize_input_types/OLCS4_lru_2021_04_02__02_07_47_k_3__d_2_cache_size_160000_problems_10_to_400/OLCS4_lru_2021_04_02__02_07_47_k_3__d_2_cache_size_160000_problems_10_to_400/OLCS4__do_traceback_prob_size_271_cache_size_160000_lru_k_3_d_2_execution_trace_2021_4_2_2_10_34_pid_10250.log', '--mbt_cache_misses_fname', 'olcs4_traceback_csize_input_types/OLCS4_lru_2021_04_02__02_07_47_k_3__d_2_cache_size_160000_problems_10_to_400/lcs_cost_OLCS4_lru_misses_for_cache_size.csv', '--mbt_misses_for_problem_size_fname', 'olcs4_traceback_csize_input_types/OLCS4_lru_2021_04_02__02_07_47_k_3__d_2_cache_size_160000_problems_10_to_400/lcs_cost_OLCS4_lru_misses_for_problem_size.csv', '--mbt_exact_cutoff_min_cache_size', '160000', '--mbt_exact_cutoff_max_cache_size', '160000', '--mbt_problem_type', 'lcs', '--mbt_metric_type', 'csize_binary_search', '--mbt_cutoff_ratio', '2.2', '--mbt_instance_fname', '271', '--mbt_detailed_cache_misses_out_fname', 'csize_olcs4_traceback_0011nc_nc1100_0_7.csv', '--mbt_phi_N', '5.0', '--mbt_problem_size', '271', '--lcs_compute_length', '0', '--lcs_perform_traceback', '1', '--lig_instance_type', '0011nc_nc1100', '--lig_n', '271', '--lig_c', '0.7', '--lig_b', '3.0', '--lcs_oblivious', '4', '--lcs_execution_trace_fname', 'olcs4_traceback_csize_input_types/OLCS4_lru_2021_04_02__02_07_47_k_3__d_2_cache_size_160000_problems_10_to_400/OLCS4_lru_2021_04_02__02_07_47_k_3__d_2_cache_size_160000_problems_10_to_400/OLCS4__do_traceback_prob_size_271_cache_size_160000_lru_k_3_d_2_execution_trace_2021_4_2_2_10_34_pid_10250.log', '--memo_caching_strategy', 'lru', '--memo_cache_size', '160001', '--memo_lru_queue_size', '160000', '--memo_cuckoo_k', '4', '--memo_key_length', '8', '--memo_value_length', '8', '--memo_k_timestamps', '3', '--memo_d_recent_timestamps', '2', '--memo_a_items_per_timestamp_factor', '0.4375']

csize_binary_search chosen
lcs problem_type lcs cache_size 160001
initialize_long_int_cache begin
init_memo
arguments to memo:
 --mbt_execution_trace_fname olcs4_traceback_csize_input_types/OLCS4_lru_2021_04_02__02_07_47_k_3__d_2_cache_size_160000_problems_10_to_400/OLCS4_lru_2021_04_02__02_07_47_k_3__d_2_cache_size_160000_problems_10_to_400/OLCS4__do_traceback_prob_size_271_cache_size_160000_lru_k_3_d_2_execution_trace_2021_4_2_2_10_34_pid_10250.log --mbt_cache_misses_fname olcs4_traceback_csize_input_types/OLCS4_lru_2021_04_02__02_07_47_k_3__d_2_cache_size_160000_problems_10_to_400/lcs_cost_OLCS4_lru_misses_for_cache_size.csv --mbt_misses_for_problem_size_fname olcs4_traceback_csize_input_types/OLCS4_lru_2021_04_02__02_07_47_k_3__d_2_cache_size_160000_problems_10_to_400/lcs_cost_OLCS4_lru_misses_for_problem_size.csv --mbt_exact_cutoff_min_cache_size 160000 --mbt_exact_cutoff_max_cache_size 160000 --mbt_problem_type lcs --mbt_metric_type csize_binary_search --mbt_cutoff_ratio 2.2 --mbt_instance_fname 271 --mbt_detailed_cache_misses_out_fname csize_olcs4_traceback_0011nc_nc1100_0_7.csv --mbt_phi_N 5.0 --mbt_problem_size 271 --lcs_compute_length 0 --lcs_perform_traceback 1 --lig_instance_type 0011nc_nc1100 --lig_n 271 --lig_c 0.7 --lig_b 3.0 --lcs_oblivious 4 --lcs_execution_trace_fname olcs4_traceback_csize_input_types/OLCS4_lru_2021_04_02__02_07_47_k_3__d_2_cache_size_160000_problems_10_to_400/OLCS4_lru_2021_04_02__02_07_47_k_3__d_2_cache_size_160000_problems_10_to_400/OLCS4__do_traceback_prob_size_271_cache_size_160000_lru_k_3_d_2_execution_trace_2021_4_2_2_10_34_pid_10250.log --memo_caching_strategy lru --memo_cache_size 160001 --memo_lru_queue_size 160000 --memo_cuckoo_k 4 --memo_key_length 8 --memo_value_length 8 --memo_k_timestamps 3 --memo_d_recent_timestamps 2 --memo_a_items_per_timestamp_factor 0.4375 
calculate_table_size: table_size is 262144, original is 160001
Finished initializing cache
initialize_long_int_cache end
done initializing cache
initializing problem
done initializing problem
commence trials
Starting characteristic_cache_size_binary_search with max cache size 160001
binary search, size 160001  misses 73983
binary search, size 80000  misses 73983  min 0  max 160001
binary search, size 40000  misses 73983  min 0  max 80000
binary search, size 20000  misses 73983  min 0  max 40000
preemptive halt, cache_misses = 73984
preemptive halt, cache_misses = 73984
preemptive halt, cache_misses = 73984
preemptive halt, cache_misses = 73984
preemptive halt, cache_misses = 73984
preemptive halt, cache_misses = 73984
preemptive halt, cache_misses = 73984
preemptive halt, cache_misses = 73984
preemptive halt, cache_misses = 73984
preemptive halt, cache_misses = 73984
preemptive halt, cache_misses = 73984
preemptive halt, cache_misses = 73984
preemptive halt, cache_misses = 73984
preemptive halt, cache_misses = 73984
preemptive halt, cache_misses = 73984
preemptive halt, cache_misses = 73984
preemptive halt, cache_misses = 73984
preemptive halt, cache_misses = 73984
preemptive halt, cache_misses = 73984
preemptive halt, cache_misses = 73984
preemptive halt, cache_misses = 73984
preemptive halt, cache_misses = 73984
preemptive halt, cache_misses = 73984
preemptive halt, cache_misses = 73984
preemptive halt, cache_misses = 73984
preemptive halt, cache_misses = 73984
preemptive halt, cache_misses = 73984
preemptive halt, cache_misses = 73984
preemptive halt, cache_misses = 73984
preemptive halt, cache_misses = 73984
preemptive halt, cache_misses = 73984
preemptive halt, cache_misses = 73984
preemptive halt, cache_misses = 73984
preemptive halt, cache_misses = 73984
preemptive halt, cache_misses = 73984
preemptive halt, cache_misses = 73984
preemptive halt, cache_misses = 73984
preemptive halt, cache_misses = 73984
preemptive halt, cache_misses = 73984
preemptive halt, cache_misses = 73984
preemptive halt, cache_misses = 73984
preemptive halt, cache_misses = 73984
preemptive halt, cache_misses = 73984
preemptive halt, cache_misses = 73984
binary search, size 10000  misses 73984  min 0  max 20000
preemptive halt, cache_misses = 73985
preemptive halt, cache_misses = 73985
preemptive halt, cache_misses = 73985
preemptive halt, cache_misses = 73985
preemptive halt, cache_misses = 73985
preemptive halt, cache_misses = 73985
preemptive halt, cache_misses = 73985
preemptive halt, cache_misses = 73985
preemptive halt, cache_misses = 73985
preemptive halt, cache_misses = 73985
preemptive halt, cache_misses = 73985
preemptive halt, cache_misses = 73985
preemptive halt, cache_misses = 73985
preemptive halt, cache_misses = 73985
preemptive halt, cache_misses = 73985
preemptive halt, cache_misses = 73985
preemptive halt, cache_misses = 73985
preemptive halt, cache_misses = 73985
preemptive halt, cache_misses = 73985
preemptive halt, cache_misses = 73985
preemptive halt, cache_misses = 73985
preemptive halt, cache_misses = 73985
preemptive halt, cache_misses = 73985
preemptive halt, cache_misses = 73985
preemptive halt, cache_misses = 73985
preemptive halt, cache_misses = 73985
preemptive halt, cache_misses = 73985
preemptive halt, cache_misses = 73985
preemptive halt, cache_misses = 73985
preemptive halt, cache_misses = 73985
preemptive halt, cache_misses = 73985
preemptive halt, cache_misses = 73985
preemptive halt, cache_misses = 73985
preemptive halt, cache_misses = 73985
preemptive halt, cache_misses = 73985
preemptive halt, cache_misses = 73985
preemptive halt, cache_misses = 73985
preemptive halt, cache_misses = 73985
preemptive halt, cache_misses = 73985
preemptive halt, cache_misses = 73985
preemptive halt, cache_misses = 73985
preemptive halt, cache_misses = 73985
preemptive halt, cache_misses = 73985
preemptive halt, cache_misses = 73985
preemptive halt, cache_misses = 73985
preemptive halt, cache_misses = 73985
binary search, size 15000  misses 73985  min 10000  max 20000
preemptive halt, cache_misses = 73986
preemptive halt, cache_misses = 73986
preemptive halt, cache_misses = 73986
preemptive halt, cache_misses = 73986
preemptive halt, cache_misses = 73986
preemptive halt, cache_misses = 73986
preemptive halt, cache_misses = 73986
preemptive halt, cache_misses = 73986
preemptive halt, cache_misses = 73986
preemptive halt, cache_misses = 73986
preemptive halt, cache_misses = 73986
preemptive halt, cache_misses = 73986
preemptive halt, cache_misses = 73986
preemptive halt, cache_misses = 73986
preemptive halt, cache_misses = 73986
preemptive halt, cache_misses = 73986
preemptive halt, cache_misses = 73986
preemptive halt, cache_misses = 73986
preemptive halt, cache_misses = 73986
preemptive halt, cache_misses = 73986
preemptive halt, cache_misses = 73986
preemptive halt, cache_misses = 73986
preemptive halt, cache_misses = 73986
preemptive halt, cache_misses = 73986
preemptive halt, cache_misses = 73986
preemptive halt, cache_misses = 73986
preemptive halt, cache_misses = 73986
preemptive halt, cache_misses = 73986
preemptive halt, cache_misses = 73986
preemptive halt, cache_misses = 73986
preemptive halt, cache_misses = 73986
preemptive halt, cache_misses = 73986
preemptive halt, cache_misses = 73986
preemptive halt, cache_misses = 73986
preemptive halt, cache_misses = 73986
preemptive halt, cache_misses = 73986
preemptive halt, cache_misses = 73986
preemptive halt, cache_misses = 73986
preemptive halt, cache_misses = 73986
preemptive halt, cache_misses = 73986
preemptive halt, cache_misses = 73986
preemptive halt, cache_misses = 73986
preemptive halt, cache_misses = 73986
preemptive halt, cache_misses = 73986
preemptive halt, cache_misses = 73986
preemptive halt, cache_misses = 73986
preemptive halt, cache_misses = 73986
preemptive halt, cache_misses = 73986
binary search, size 17500  misses 73986  min 15000  max 20000
preemptive halt, cache_misses = 73987
preemptive halt, cache_misses = 73987
preemptive halt, cache_misses = 73987
preemptive halt, cache_misses = 73987
preemptive halt, cache_misses = 73987
preemptive halt, cache_misses = 73987
preemptive halt, cache_misses = 73987
preemptive halt, cache_misses = 73987
preemptive halt, cache_misses = 73987
preemptive halt, cache_misses = 73987
preemptive halt, cache_misses = 73987
preemptive halt, cache_misses = 73987
preemptive halt, cache_misses = 73987
preemptive halt, cache_misses = 73987
preemptive halt, cache_misses = 73987
preemptive halt, cache_misses = 73987
preemptive halt, cache_misses = 73987
preemptive halt, cache_misses = 73987
preemptive halt, cache_misses = 73987
preemptive halt, cache_misses = 73987
preemptive halt, cache_misses = 73987
preemptive halt, cache_misses = 73987
preemptive halt, cache_misses = 73987
preemptive halt, cache_misses = 73987
preemptive halt, cache_misses = 73987
preemptive halt, cache_misses = 73987
preemptive halt, cache_misses = 73987
preemptive halt, cache_misses = 73987
preemptive halt, cache_misses = 73987
preemptive halt, cache_misses = 73987
preemptive halt, cache_misses = 73987
preemptive halt, cache_misses = 73987
preemptive halt, cache_misses = 73987
preemptive halt, cache_misses = 73987
preemptive halt, cache_misses = 73987
preemptive halt, cache_misses = 73987
preemptive halt, cache_misses = 73987
preemptive halt, cache_misses = 73987
preemptive halt, cache_misses = 73987
preemptive halt, cache_misses = 73987
preemptive halt, cache_misses = 73987
preemptive halt, cache_misses = 73987
preemptive halt, cache_misses = 73987
preemptive halt, cache_misses = 73987
preemptive halt, cache_misses = 73987
preemptive halt, cache_misses = 73987
preemptive halt, cache_misses = 73987
preemptive halt, cache_misses = 73987
preemptive halt, cache_misses = 73987
preemptive halt, cache_misses = 73987
binary search, size 18750  misses 73987  min 17500  max 20000
preemptive halt, cache_misses = 73988
preemptive halt, cache_misses = 73988
preemptive halt, cache_misses = 73988
preemptive halt, cache_misses = 73988
preemptive halt, cache_misses = 73988
preemptive halt, cache_misses = 73988
preemptive halt, cache_misses = 73988
preemptive halt, cache_misses = 73988
preemptive halt, cache_misses = 73988
preemptive halt, cache_misses = 73988
preemptive halt, cache_misses = 73988
preemptive halt, cache_misses = 73988
preemptive halt, cache_misses = 73988
preemptive halt, cache_misses = 73988
preemptive halt, cache_misses = 73988
preemptive halt, cache_misses = 73988
preemptive halt, cache_misses = 73988
preemptive halt, cache_misses = 73988
preemptive halt, cache_misses = 73988
preemptive halt, cache_misses = 73988
preemptive halt, cache_misses = 73988
preemptive halt, cache_misses = 73988
preemptive halt, cache_misses = 73988
preemptive halt, cache_misses = 73988
preemptive halt, cache_misses = 73988
preemptive halt, cache_misses = 73988
preemptive halt, cache_misses = 73988
preemptive halt, cache_misses = 73988
preemptive halt, cache_misses = 73988
preemptive halt, cache_misses = 73988
preemptive halt, cache_misses = 73988
preemptive halt, cache_misses = 73988
preemptive halt, cache_misses = 73988
preemptive halt, cache_misses = 73988
preemptive halt, cache_misses = 73988
preemptive halt, cache_misses = 73988
preemptive halt, cache_misses = 73988
preemptive halt, cache_misses = 73988
preemptive halt, cache_misses = 73988
preemptive halt, cache_misses = 73988
preemptive halt, cache_misses = 73988
preemptive halt, cache_misses = 73988
preemptive halt, cache_misses = 73988
preemptive halt, cache_misses = 73988
preemptive halt, cache_misses = 73988
preemptive halt, cache_misses = 73988
preemptive halt, cache_misses = 73988
preemptive halt, cache_misses = 73988
preemptive halt, cache_misses = 73988
preemptive halt, cache_misses = 73988
preemptive halt, cache_misses = 73988
preemptive halt, cache_misses = 73988
binary search, size 19375  misses 73988  min 18750  max 20000
binary search, size 19687  misses 73983  min 19375  max 20000
preemptive halt, cache_misses = 73984
preemptive halt, cache_misses = 73984
preemptive halt, cache_misses = 73984
preemptive halt, cache_misses = 73984
preemptive halt, cache_misses = 73984
preemptive halt, cache_misses = 73984
preemptive halt, cache_misses = 73984
preemptive halt, cache_misses = 73984
preemptive halt, cache_misses = 73984
preemptive halt, cache_misses = 73984
preemptive halt, cache_misses = 73984
preemptive halt, cache_misses = 73984
preemptive halt, cache_misses = 73984
preemptive halt, cache_misses = 73984
preemptive halt, cache_misses = 73984
preemptive halt, cache_misses = 73984
preemptive halt, cache_misses = 73984
preemptive halt, cache_misses = 73984
preemptive halt, cache_misses = 73984
preemptive halt, cache_misses = 73984
preemptive halt, cache_misses = 73984
preemptive halt, cache_misses = 73984
preemptive halt, cache_misses = 73984
preemptive halt, cache_misses = 73984
preemptive halt, cache_misses = 73984
preemptive halt, cache_misses = 73984
preemptive halt, cache_misses = 73984
preemptive halt, cache_misses = 73984
preemptive halt, cache_misses = 73984
preemptive halt, cache_misses = 73984
preemptive halt, cache_misses = 73984
preemptive halt, cache_misses = 73984
preemptive halt, cache_misses = 73984
preemptive halt, cache_misses = 73984
preemptive halt, cache_misses = 73984
preemptive halt, cache_misses = 73984
preemptive halt, cache_misses = 73984
preemptive halt, cache_misses = 73984
preemptive halt, cache_misses = 73984
preemptive halt, cache_misses = 73984
preemptive halt, cache_misses = 73984
preemptive halt, cache_misses = 73984
preemptive halt, cache_misses = 73984
preemptive halt, cache_misses = 73984
binary search, size 19531  misses 73984  min 19375  max 19687
binary search, size 19609  misses 73983  min 19531  max 19687
preemptive halt, cache_misses = 73984
preemptive halt, cache_misses = 73984
preemptive halt, cache_misses = 73984
preemptive halt, cache_misses = 73984
preemptive halt, cache_misses = 73984
preemptive halt, cache_misses = 73984
preemptive halt, cache_misses = 73984
preemptive halt, cache_misses = 73984
preemptive halt, cache_misses = 73984
preemptive halt, cache_misses = 73984
preemptive halt, cache_misses = 73984
preemptive halt, cache_misses = 73984
preemptive halt, cache_misses = 73984
preemptive halt, cache_misses = 73984
preemptive halt, cache_misses = 73984
preemptive halt, cache_misses = 73984
preemptive halt, cache_misses = 73984
preemptive halt, cache_misses = 73984
preemptive halt, cache_misses = 73984
preemptive halt, cache_misses = 73984
preemptive halt, cache_misses = 73984
preemptive halt, cache_misses = 73984
preemptive halt, cache_misses = 73984
preemptive halt, cache_misses = 73984
preemptive halt, cache_misses = 73984
preemptive halt, cache_misses = 73984
preemptive halt, cache_misses = 73984
preemptive halt, cache_misses = 73984
preemptive halt, cache_misses = 73984
preemptive halt, cache_misses = 73984
preemptive halt, cache_misses = 73984
preemptive halt, cache_misses = 73984
preemptive halt, cache_misses = 73984
preemptive halt, cache_misses = 73984
preemptive halt, cache_misses = 73984
preemptive halt, cache_misses = 73984
preemptive halt, cache_misses = 73984
preemptive halt, cache_misses = 73984
preemptive halt, cache_misses = 73984
preemptive halt, cache_misses = 73984
preemptive halt, cache_misses = 73984
preemptive halt, cache_misses = 73984
preemptive halt, cache_misses = 73984
preemptive halt, cache_misses = 73984
binary search, size 19570  misses 73984  min 19531  max 19609
preemptive halt, cache_misses = 73985
preemptive halt, cache_misses = 73985
preemptive halt, cache_misses = 73985
preemptive halt, cache_misses = 73985
preemptive halt, cache_misses = 73985
preemptive halt, cache_misses = 73985
preemptive halt, cache_misses = 73985
preemptive halt, cache_misses = 73985
preemptive halt, cache_misses = 73985
preemptive halt, cache_misses = 73985
preemptive halt, cache_misses = 73985
preemptive halt, cache_misses = 73985
preemptive halt, cache_misses = 73985
preemptive halt, cache_misses = 73985
preemptive halt, cache_misses = 73985
preemptive halt, cache_misses = 73985
preemptive halt, cache_misses = 73985
preemptive halt, cache_misses = 73985
preemptive halt, cache_misses = 73985
preemptive halt, cache_misses = 73985
preemptive halt, cache_misses = 73985
preemptive halt, cache_misses = 73985
preemptive halt, cache_misses = 73985
preemptive halt, cache_misses = 73985
preemptive halt, cache_misses = 73985
preemptive halt, cache_misses = 73985
preemptive halt, cache_misses = 73985
preemptive halt, cache_misses = 73985
preemptive halt, cache_misses = 73985
preemptive halt, cache_misses = 73985
preemptive halt, cache_misses = 73985
preemptive halt, cache_misses = 73985
preemptive halt, cache_misses = 73985
preemptive halt, cache_misses = 73985
preemptive halt, cache_misses = 73985
preemptive halt, cache_misses = 73985
preemptive halt, cache_misses = 73985
preemptive halt, cache_misses = 73985
preemptive halt, cache_misses = 73985
preemptive halt, cache_misses = 73985
preemptive halt, cache_misses = 73985
preemptive halt, cache_misses = 73985
preemptive halt, cache_misses = 73985
preemptive halt, cache_misses = 73985
preemptive halt, cache_misses = 73985
preemptive halt, cache_misses = 73985
binary search, size 19589  misses 73985  min 19570  max 19609
preemptive halt, cache_misses = 73986
preemptive halt, cache_misses = 73986
preemptive halt, cache_misses = 73986
preemptive halt, cache_misses = 73986
preemptive halt, cache_misses = 73986
preemptive halt, cache_misses = 73986
preemptive halt, cache_misses = 73986
preemptive halt, cache_misses = 73986
preemptive halt, cache_misses = 73986
preemptive halt, cache_misses = 73986
preemptive halt, cache_misses = 73986
preemptive halt, cache_misses = 73986
preemptive halt, cache_misses = 73986
preemptive halt, cache_misses = 73986
preemptive halt, cache_misses = 73986
preemptive halt, cache_misses = 73986
preemptive halt, cache_misses = 73986
preemptive halt, cache_misses = 73986
preemptive halt, cache_misses = 73986
preemptive halt, cache_misses = 73986
preemptive halt, cache_misses = 73986
preemptive halt, cache_misses = 73986
preemptive halt, cache_misses = 73986
preemptive halt, cache_misses = 73986
preemptive halt, cache_misses = 73986
preemptive halt, cache_misses = 73986
preemptive halt, cache_misses = 73986
preemptive halt, cache_misses = 73986
preemptive halt, cache_misses = 73986
preemptive halt, cache_misses = 73986
preemptive halt, cache_misses = 73986
preemptive halt, cache_misses = 73986
preemptive halt, cache_misses = 73986
preemptive halt, cache_misses = 73986
preemptive halt, cache_misses = 73986
preemptive halt, cache_misses = 73986
preemptive halt, cache_misses = 73986
preemptive halt, cache_misses = 73986
preemptive halt, cache_misses = 73986
preemptive halt, cache_misses = 73986
preemptive halt, cache_misses = 73986
preemptive halt, cache_misses = 73986
preemptive halt, cache_misses = 73986
preemptive halt, cache_misses = 73986
preemptive halt, cache_misses = 73986
preemptive halt, cache_misses = 73986
preemptive halt, cache_misses = 73986
preemptive halt, cache_misses = 73986
binary search, size 19599  misses 73986  min 19589  max 19609
preemptive halt, cache_misses = 73987
preemptive halt, cache_misses = 73987
preemptive halt, cache_misses = 73987
preemptive halt, cache_misses = 73987
preemptive halt, cache_misses = 73987
preemptive halt, cache_misses = 73987
preemptive halt, cache_misses = 73987
preemptive halt, cache_misses = 73987
preemptive halt, cache_misses = 73987
preemptive halt, cache_misses = 73987
preemptive halt, cache_misses = 73987
preemptive halt, cache_misses = 73987
preemptive halt, cache_misses = 73987
preemptive halt, cache_misses = 73987
preemptive halt, cache_misses = 73987
preemptive halt, cache_misses = 73987
preemptive halt, cache_misses = 73987
preemptive halt, cache_misses = 73987
preemptive halt, cache_misses = 73987
preemptive halt, cache_misses = 73987
preemptive halt, cache_misses = 73987
preemptive halt, cache_misses = 73987
preemptive halt, cache_misses = 73987
preemptive halt, cache_misses = 73987
preemptive halt, cache_misses = 73987
preemptive halt, cache_misses = 73987
preemptive halt, cache_misses = 73987
preemptive halt, cache_misses = 73987
preemptive halt, cache_misses = 73987
preemptive halt, cache_misses = 73987
preemptive halt, cache_misses = 73987
preemptive halt, cache_misses = 73987
preemptive halt, cache_misses = 73987
preemptive halt, cache_misses = 73987
preemptive halt, cache_misses = 73987
preemptive halt, cache_misses = 73987
preemptive halt, cache_misses = 73987
preemptive halt, cache_misses = 73987
preemptive halt, cache_misses = 73987
preemptive halt, cache_misses = 73987
preemptive halt, cache_misses = 73987
preemptive halt, cache_misses = 73987
preemptive halt, cache_misses = 73987
preemptive halt, cache_misses = 73987
preemptive halt, cache_misses = 73987
preemptive halt, cache_misses = 73987
preemptive halt, cache_misses = 73987
preemptive halt, cache_misses = 73987
preemptive halt, cache_misses = 73987
preemptive halt, cache_misses = 73987
binary search, size 19604  misses 73987  min 19599  max 19609
binary search, size 19606  misses 73983  min 19604  max 19609
binary search, size 19605  misses 73983  min 19604  max 19606
characteristic cache size (binary search) for 271 = 19605
End at: 2021-04-02 02:10:36.264394
Time elapsed: 0:00:01.644021
