Begin at: 2021-04-02 02:11:49.677000
['../dist/Debug/GNU-Linux/memo_batch_tester', '', '--mbt_execution_trace_fname', 'olcs4_traceback_csize_input_types/OLCS4_lru_2021_04_02__02_07_47_k_3__d_2_cache_size_160000_problems_10_to_400/OLCS4_lru_2021_04_02__02_07_47_k_3__d_2_cache_size_160000_problems_10_to_400/OLCS4__do_traceback_prob_size_314_cache_size_160000_lru_k_3_d_2_execution_trace_2021_4_2_2_11_49_pid_10349.log', '--mbt_cache_misses_fname', 'olcs4_traceback_csize_input_types/OLCS4_lru_2021_04_02__02_07_47_k_3__d_2_cache_size_160000_problems_10_to_400/lcs_cost_OLCS4_lru_misses_for_cache_size.csv', '--mbt_misses_for_problem_size_fname', 'olcs4_traceback_csize_input_types/OLCS4_lru_2021_04_02__02_07_47_k_3__d_2_cache_size_160000_problems_10_to_400/lcs_cost_OLCS4_lru_misses_for_problem_size.csv', '--mbt_exact_cutoff_min_cache_size', '160000', '--mbt_exact_cutoff_max_cache_size', '160000', '--mbt_problem_type', 'lcs', '--mbt_metric_type', 'csize_binary_search', '--mbt_cutoff_ratio', '2.2', '--mbt_instance_fname', '314', '--mbt_detailed_cache_misses_out_fname', 'csize_olcs4_traceback_0011nc_nc1100_0_7.csv', '--mbt_phi_N', '5.0', '--mbt_problem_size', '314', '--lcs_compute_length', '0', '--lcs_perform_traceback', '1', '--lig_instance_type', '0011nc_nc1100', '--lig_n', '314', '--lig_c', '0.7', '--lig_b', '3.0', '--lcs_oblivious', '4', '--lcs_execution_trace_fname', 'olcs4_traceback_csize_input_types/OLCS4_lru_2021_04_02__02_07_47_k_3__d_2_cache_size_160000_problems_10_to_400/OLCS4_lru_2021_04_02__02_07_47_k_3__d_2_cache_size_160000_problems_10_to_400/OLCS4__do_traceback_prob_size_314_cache_size_160000_lru_k_3_d_2_execution_trace_2021_4_2_2_11_49_pid_10349.log', '--memo_caching_strategy', 'lru', '--memo_cache_size', '160001', '--memo_lru_queue_size', '160000', '--memo_cuckoo_k', '4', '--memo_key_length', '8', '--memo_value_length', '8', '--memo_k_timestamps', '3', '--memo_d_recent_timestamps', '2', '--memo_a_items_per_timestamp_factor', '0.4375']

csize_binary_search chosen
lcs problem_type lcs cache_size 160001
initialize_long_int_cache begin
init_memo
arguments to memo:
 --mbt_execution_trace_fname olcs4_traceback_csize_input_types/OLCS4_lru_2021_04_02__02_07_47_k_3__d_2_cache_size_160000_problems_10_to_400/OLCS4_lru_2021_04_02__02_07_47_k_3__d_2_cache_size_160000_problems_10_to_400/OLCS4__do_traceback_prob_size_314_cache_size_160000_lru_k_3_d_2_execution_trace_2021_4_2_2_11_49_pid_10349.log --mbt_cache_misses_fname olcs4_traceback_csize_input_types/OLCS4_lru_2021_04_02__02_07_47_k_3__d_2_cache_size_160000_problems_10_to_400/lcs_cost_OLCS4_lru_misses_for_cache_size.csv --mbt_misses_for_problem_size_fname olcs4_traceback_csize_input_types/OLCS4_lru_2021_04_02__02_07_47_k_3__d_2_cache_size_160000_problems_10_to_400/lcs_cost_OLCS4_lru_misses_for_problem_size.csv --mbt_exact_cutoff_min_cache_size 160000 --mbt_exact_cutoff_max_cache_size 160000 --mbt_problem_type lcs --mbt_metric_type csize_binary_search --mbt_cutoff_ratio 2.2 --mbt_instance_fname 314 --mbt_detailed_cache_misses_out_fname csize_olcs4_traceback_0011nc_nc1100_0_7.csv --mbt_phi_N 5.0 --mbt_problem_size 314 --lcs_compute_length 0 --lcs_perform_traceback 1 --lig_instance_type 0011nc_nc1100 --lig_n 314 --lig_c 0.7 --lig_b 3.0 --lcs_oblivious 4 --lcs_execution_trace_fname olcs4_traceback_csize_input_types/OLCS4_lru_2021_04_02__02_07_47_k_3__d_2_cache_size_160000_problems_10_to_400/OLCS4_lru_2021_04_02__02_07_47_k_3__d_2_cache_size_160000_problems_10_to_400/OLCS4__do_traceback_prob_size_314_cache_size_160000_lru_k_3_d_2_execution_trace_2021_4_2_2_11_49_pid_10349.log --memo_caching_strategy lru --memo_cache_size 160001 --memo_lru_queue_size 160000 --memo_cuckoo_k 4 --memo_key_length 8 --memo_value_length 8 --memo_k_timestamps 3 --memo_d_recent_timestamps 2 --memo_a_items_per_timestamp_factor 0.4375 
calculate_table_size: table_size is 262144, original is 160001
Finished initializing cache
initialize_long_int_cache end
done initializing cache
initializing problem
done initializing problem
commence trials
Starting characteristic_cache_size_binary_search with max cache size 160001
binary search, size 160001  misses 99224
binary search, size 80000  misses 99224  min 0  max 160001
binary search, size 40000  misses 99224  min 0  max 80000
preemptive halt, cache_misses = 99225
preemptive halt, cache_misses = 99225
preemptive halt, cache_misses = 99225
preemptive halt, cache_misses = 99225
preemptive halt, cache_misses = 99225
preemptive halt, cache_misses = 99225
preemptive halt, cache_misses = 99225
preemptive halt, cache_misses = 99225
preemptive halt, cache_misses = 99225
preemptive halt, cache_misses = 99225
preemptive halt, cache_misses = 99225
preemptive halt, cache_misses = 99225
preemptive halt, cache_misses = 99225
preemptive halt, cache_misses = 99225
preemptive halt, cache_misses = 99225
preemptive halt, cache_misses = 99225
preemptive halt, cache_misses = 99225
preemptive halt, cache_misses = 99225
preemptive halt, cache_misses = 99225
preemptive halt, cache_misses = 99225
preemptive halt, cache_misses = 99225
preemptive halt, cache_misses = 99225
preemptive halt, cache_misses = 99225
preemptive halt, cache_misses = 99225
preemptive halt, cache_misses = 99225
preemptive halt, cache_misses = 99225
preemptive halt, cache_misses = 99225
preemptive halt, cache_misses = 99225
preemptive halt, cache_misses = 99225
preemptive halt, cache_misses = 99225
preemptive halt, cache_misses = 99225
preemptive halt, cache_misses = 99225
preemptive halt, cache_misses = 99225
preemptive halt, cache_misses = 99225
preemptive halt, cache_misses = 99225
preemptive halt, cache_misses = 99225
preemptive halt, cache_misses = 99225
preemptive halt, cache_misses = 99225
preemptive halt, cache_misses = 99225
preemptive halt, cache_misses = 99225
preemptive halt, cache_misses = 99225
preemptive halt, cache_misses = 99225
preemptive halt, cache_misses = 99225
preemptive halt, cache_misses = 99225
preemptive halt, cache_misses = 99225
preemptive halt, cache_misses = 99225
preemptive halt, cache_misses = 99225
preemptive halt, cache_misses = 99225
preemptive halt, cache_misses = 99225
preemptive halt, cache_misses = 99225
preemptive halt, cache_misses = 99225
preemptive halt, cache_misses = 99225
preemptive halt, cache_misses = 99225
preemptive halt, cache_misses = 99225
preemptive halt, cache_misses = 99225
preemptive halt, cache_misses = 99225
preemptive halt, cache_misses = 99225
preemptive halt, cache_misses = 99225
preemptive halt, cache_misses = 99225
preemptive halt, cache_misses = 99225
preemptive halt, cache_misses = 99225
preemptive halt, cache_misses = 99225
preemptive halt, cache_misses = 99225
preemptive halt, cache_misses = 99225
preemptive halt, cache_misses = 99225
preemptive halt, cache_misses = 99225
preemptive halt, cache_misses = 99225
preemptive halt, cache_misses = 99225
preemptive halt, cache_misses = 99225
preemptive halt, cache_misses = 99225
preemptive halt, cache_misses = 99225
preemptive halt, cache_misses = 99225
preemptive halt, cache_misses = 99225
preemptive halt, cache_misses = 99225
preemptive halt, cache_misses = 99225
preemptive halt, cache_misses = 99225
preemptive halt, cache_misses = 99225
preemptive halt, cache_misses = 99225
preemptive halt, cache_misses = 99225
preemptive halt, cache_misses = 99225
binary search, size 20000  misses 99225  min 0  max 40000
binary search, size 30000  misses 99224  min 20000  max 40000
preemptive halt, cache_misses = 99225
preemptive halt, cache_misses = 99225
preemptive halt, cache_misses = 99225
preemptive halt, cache_misses = 99225
preemptive halt, cache_misses = 99225
preemptive halt, cache_misses = 99225
preemptive halt, cache_misses = 99225
preemptive halt, cache_misses = 99225
preemptive halt, cache_misses = 99225
preemptive halt, cache_misses = 99225
preemptive halt, cache_misses = 99225
preemptive halt, cache_misses = 99225
preemptive halt, cache_misses = 99225
preemptive halt, cache_misses = 99225
preemptive halt, cache_misses = 99225
preemptive halt, cache_misses = 99225
preemptive halt, cache_misses = 99225
preemptive halt, cache_misses = 99225
preemptive halt, cache_misses = 99225
preemptive halt, cache_misses = 99225
preemptive halt, cache_misses = 99225
preemptive halt, cache_misses = 99225
preemptive halt, cache_misses = 99225
preemptive halt, cache_misses = 99225
preemptive halt, cache_misses = 99225
preemptive halt, cache_misses = 99225
preemptive halt, cache_misses = 99225
preemptive halt, cache_misses = 99225
preemptive halt, cache_misses = 99225
preemptive halt, cache_misses = 99225
preemptive halt, cache_misses = 99225
preemptive halt, cache_misses = 99225
preemptive halt, cache_misses = 99225
preemptive halt, cache_misses = 99225
preemptive halt, cache_misses = 99225
preemptive halt, cache_misses = 99225
preemptive halt, cache_misses = 99225
preemptive halt, cache_misses = 99225
preemptive halt, cache_misses = 99225
preemptive halt, cache_misses = 99225
preemptive halt, cache_misses = 99225
preemptive halt, cache_misses = 99225
preemptive halt, cache_misses = 99225
preemptive halt, cache_misses = 99225
preemptive halt, cache_misses = 99225
preemptive halt, cache_misses = 99225
preemptive halt, cache_misses = 99225
preemptive halt, cache_misses = 99225
preemptive halt, cache_misses = 99225
preemptive halt, cache_misses = 99225
preemptive halt, cache_misses = 99225
preemptive halt, cache_misses = 99225
preemptive halt, cache_misses = 99225
preemptive halt, cache_misses = 99225
preemptive halt, cache_misses = 99225
preemptive halt, cache_misses = 99225
preemptive halt, cache_misses = 99225
preemptive halt, cache_misses = 99225
preemptive halt, cache_misses = 99225
preemptive halt, cache_misses = 99225
preemptive halt, cache_misses = 99225
preemptive halt, cache_misses = 99225
preemptive halt, cache_misses = 99225
preemptive halt, cache_misses = 99225
preemptive halt, cache_misses = 99225
preemptive halt, cache_misses = 99225
preemptive halt, cache_misses = 99225
preemptive halt, cache_misses = 99225
preemptive halt, cache_misses = 99225
preemptive halt, cache_misses = 99225
preemptive halt, cache_misses = 99225
preemptive halt, cache_misses = 99225
preemptive halt, cache_misses = 99225
preemptive halt, cache_misses = 99225
preemptive halt, cache_misses = 99225
preemptive halt, cache_misses = 99225
preemptive halt, cache_misses = 99225
preemptive halt, cache_misses = 99225
preemptive halt, cache_misses = 99225
preemptive halt, cache_misses = 99225
binary search, size 25000  misses 99225  min 20000  max 30000
preemptive halt, cache_misses = 99226
preemptive halt, cache_misses = 99226
preemptive halt, cache_misses = 99226
preemptive halt, cache_misses = 99226
preemptive halt, cache_misses = 99226
preemptive halt, cache_misses = 99226
preemptive halt, cache_misses = 99226
preemptive halt, cache_misses = 99226
preemptive halt, cache_misses = 99226
preemptive halt, cache_misses = 99226
preemptive halt, cache_misses = 99226
preemptive halt, cache_misses = 99226
preemptive halt, cache_misses = 99226
preemptive halt, cache_misses = 99226
preemptive halt, cache_misses = 99226
preemptive halt, cache_misses = 99226
preemptive halt, cache_misses = 99226
preemptive halt, cache_misses = 99226
preemptive halt, cache_misses = 99226
preemptive halt, cache_misses = 99226
preemptive halt, cache_misses = 99226
preemptive halt, cache_misses = 99226
preemptive halt, cache_misses = 99226
preemptive halt, cache_misses = 99226
preemptive halt, cache_misses = 99226
preemptive halt, cache_misses = 99226
preemptive halt, cache_misses = 99226
preemptive halt, cache_misses = 99226
preemptive halt, cache_misses = 99226
preemptive halt, cache_misses = 99226
preemptive halt, cache_misses = 99226
preemptive halt, cache_misses = 99226
preemptive halt, cache_misses = 99226
preemptive halt, cache_misses = 99226
preemptive halt, cache_misses = 99226
preemptive halt, cache_misses = 99226
preemptive halt, cache_misses = 99226
preemptive halt, cache_misses = 99226
preemptive halt, cache_misses = 99226
preemptive halt, cache_misses = 99226
preemptive halt, cache_misses = 99226
preemptive halt, cache_misses = 99226
preemptive halt, cache_misses = 99226
preemptive halt, cache_misses = 99226
preemptive halt, cache_misses = 99226
preemptive halt, cache_misses = 99226
preemptive halt, cache_misses = 99226
preemptive halt, cache_misses = 99226
preemptive halt, cache_misses = 99226
preemptive halt, cache_misses = 99226
preemptive halt, cache_misses = 99226
preemptive halt, cache_misses = 99226
preemptive halt, cache_misses = 99226
preemptive halt, cache_misses = 99226
preemptive halt, cache_misses = 99226
preemptive halt, cache_misses = 99226
preemptive halt, cache_misses = 99226
preemptive halt, cache_misses = 99226
preemptive halt, cache_misses = 99226
preemptive halt, cache_misses = 99226
preemptive halt, cache_misses = 99226
preemptive halt, cache_misses = 99226
preemptive halt, cache_misses = 99226
preemptive halt, cache_misses = 99226
preemptive halt, cache_misses = 99226
preemptive halt, cache_misses = 99226
preemptive halt, cache_misses = 99226
preemptive halt, cache_misses = 99226
preemptive halt, cache_misses = 99226
preemptive halt, cache_misses = 99226
preemptive halt, cache_misses = 99226
preemptive halt, cache_misses = 99226
preemptive halt, cache_misses = 99226
preemptive halt, cache_misses = 99226
preemptive halt, cache_misses = 99226
preemptive halt, cache_misses = 99226
preemptive halt, cache_misses = 99226
preemptive halt, cache_misses = 99226
preemptive halt, cache_misses = 99226
preemptive halt, cache_misses = 99226
preemptive halt, cache_misses = 99226
preemptive halt, cache_misses = 99226
binary search, size 27500  misses 99226  min 25000  max 30000
preemptive halt, cache_misses = 99227
preemptive halt, cache_misses = 99227
preemptive halt, cache_misses = 99227
preemptive halt, cache_misses = 99227
preemptive halt, cache_misses = 99227
preemptive halt, cache_misses = 99227
preemptive halt, cache_misses = 99227
preemptive halt, cache_misses = 99227
preemptive halt, cache_misses = 99227
preemptive halt, cache_misses = 99227
preemptive halt, cache_misses = 99227
preemptive halt, cache_misses = 99227
preemptive halt, cache_misses = 99227
preemptive halt, cache_misses = 99227
preemptive halt, cache_misses = 99227
preemptive halt, cache_misses = 99227
preemptive halt, cache_misses = 99227
preemptive halt, cache_misses = 99227
preemptive halt, cache_misses = 99227
preemptive halt, cache_misses = 99227
preemptive halt, cache_misses = 99227
preemptive halt, cache_misses = 99227
preemptive halt, cache_misses = 99227
preemptive halt, cache_misses = 99227
preemptive halt, cache_misses = 99227
preemptive halt, cache_misses = 99227
preemptive halt, cache_misses = 99227
preemptive halt, cache_misses = 99227
preemptive halt, cache_misses = 99227
preemptive halt, cache_misses = 99227
preemptive halt, cache_misses = 99227
preemptive halt, cache_misses = 99227
preemptive halt, cache_misses = 99227
preemptive halt, cache_misses = 99227
preemptive halt, cache_misses = 99227
preemptive halt, cache_misses = 99227
preemptive halt, cache_misses = 99227
preemptive halt, cache_misses = 99227
preemptive halt, cache_misses = 99227
preemptive halt, cache_misses = 99227
preemptive halt, cache_misses = 99227
preemptive halt, cache_misses = 99227
preemptive halt, cache_misses = 99227
preemptive halt, cache_misses = 99227
preemptive halt, cache_misses = 99227
preemptive halt, cache_misses = 99227
preemptive halt, cache_misses = 99227
preemptive halt, cache_misses = 99227
preemptive halt, cache_misses = 99227
preemptive halt, cache_misses = 99227
preemptive halt, cache_misses = 99227
preemptive halt, cache_misses = 99227
preemptive halt, cache_misses = 99227
preemptive halt, cache_misses = 99227
preemptive halt, cache_misses = 99227
preemptive halt, cache_misses = 99227
preemptive halt, cache_misses = 99227
preemptive halt, cache_misses = 99227
preemptive halt, cache_misses = 99227
preemptive halt, cache_misses = 99227
preemptive halt, cache_misses = 99227
preemptive halt, cache_misses = 99227
preemptive halt, cache_misses = 99227
preemptive halt, cache_misses = 99227
preemptive halt, cache_misses = 99227
preemptive halt, cache_misses = 99227
preemptive halt, cache_misses = 99227
preemptive halt, cache_misses = 99227
preemptive halt, cache_misses = 99227
preemptive halt, cache_misses = 99227
preemptive halt, cache_misses = 99227
preemptive halt, cache_misses = 99227
preemptive halt, cache_misses = 99227
preemptive halt, cache_misses = 99227
preemptive halt, cache_misses = 99227
preemptive halt, cache_misses = 99227
preemptive halt, cache_misses = 99227
preemptive halt, cache_misses = 99227
preemptive halt, cache_misses = 99227
preemptive halt, cache_misses = 99227
preemptive halt, cache_misses = 99227
preemptive halt, cache_misses = 99227
preemptive halt, cache_misses = 99227
preemptive halt, cache_misses = 99227
binary search, size 28750  misses 99227  min 27500  max 30000
preemptive halt, cache_misses = 99228
preemptive halt, cache_misses = 99228
preemptive halt, cache_misses = 99228
preemptive halt, cache_misses = 99228
preemptive halt, cache_misses = 99228
preemptive halt, cache_misses = 99228
preemptive halt, cache_misses = 99228
preemptive halt, cache_misses = 99228
preemptive halt, cache_misses = 99228
preemptive halt, cache_misses = 99228
preemptive halt, cache_misses = 99228
preemptive halt, cache_misses = 99228
preemptive halt, cache_misses = 99228
preemptive halt, cache_misses = 99228
preemptive halt, cache_misses = 99228
preemptive halt, cache_misses = 99228
preemptive halt, cache_misses = 99228
preemptive halt, cache_misses = 99228
preemptive halt, cache_misses = 99228
preemptive halt, cache_misses = 99228
preemptive halt, cache_misses = 99228
preemptive halt, cache_misses = 99228
preemptive halt, cache_misses = 99228
preemptive halt, cache_misses = 99228
preemptive halt, cache_misses = 99228
preemptive halt, cache_misses = 99228
preemptive halt, cache_misses = 99228
preemptive halt, cache_misses = 99228
preemptive halt, cache_misses = 99228
preemptive halt, cache_misses = 99228
preemptive halt, cache_misses = 99228
preemptive halt, cache_misses = 99228
preemptive halt, cache_misses = 99228
preemptive halt, cache_misses = 99228
preemptive halt, cache_misses = 99228
preemptive halt, cache_misses = 99228
preemptive halt, cache_misses = 99228
preemptive halt, cache_misses = 99228
preemptive halt, cache_misses = 99228
preemptive halt, cache_misses = 99228
preemptive halt, cache_misses = 99228
preemptive halt, cache_misses = 99228
preemptive halt, cache_misses = 99228
preemptive halt, cache_misses = 99228
preemptive halt, cache_misses = 99228
preemptive halt, cache_misses = 99228
preemptive halt, cache_misses = 99228
preemptive halt, cache_misses = 99228
preemptive halt, cache_misses = 99228
preemptive halt, cache_misses = 99228
preemptive halt, cache_misses = 99228
preemptive halt, cache_misses = 99228
preemptive halt, cache_misses = 99228
preemptive halt, cache_misses = 99228
preemptive halt, cache_misses = 99228
preemptive halt, cache_misses = 99228
preemptive halt, cache_misses = 99228
preemptive halt, cache_misses = 99228
preemptive halt, cache_misses = 99228
preemptive halt, cache_misses = 99228
preemptive halt, cache_misses = 99228
preemptive halt, cache_misses = 99228
preemptive halt, cache_misses = 99228
preemptive halt, cache_misses = 99228
preemptive halt, cache_misses = 99228
preemptive halt, cache_misses = 99228
preemptive halt, cache_misses = 99228
preemptive halt, cache_misses = 99228
preemptive halt, cache_misses = 99228
preemptive halt, cache_misses = 99228
preemptive halt, cache_misses = 99228
preemptive halt, cache_misses = 99228
preemptive halt, cache_misses = 99228
preemptive halt, cache_misses = 99228
preemptive halt, cache_misses = 99228
preemptive halt, cache_misses = 99228
preemptive halt, cache_misses = 99228
preemptive halt, cache_misses = 99228
preemptive halt, cache_misses = 99228
preemptive halt, cache_misses = 99228
preemptive halt, cache_misses = 99228
preemptive halt, cache_misses = 99228
preemptive halt, cache_misses = 99228
preemptive halt, cache_misses = 99228
preemptive halt, cache_misses = 99228
preemptive halt, cache_misses = 99228
binary search, size 29375  misses 99228  min 28750  max 30000
preemptive halt, cache_misses = 99229
preemptive halt, cache_misses = 99229
preemptive halt, cache_misses = 99229
preemptive halt, cache_misses = 99229
preemptive halt, cache_misses = 99229
preemptive halt, cache_misses = 99229
preemptive halt, cache_misses = 99229
preemptive halt, cache_misses = 99229
preemptive halt, cache_misses = 99229
preemptive halt, cache_misses = 99229
preemptive halt, cache_misses = 99229
preemptive halt, cache_misses = 99229
preemptive halt, cache_misses = 99229
preemptive halt, cache_misses = 99229
preemptive halt, cache_misses = 99229
preemptive halt, cache_misses = 99229
preemptive halt, cache_misses = 99229
preemptive halt, cache_misses = 99229
preemptive halt, cache_misses = 99229
preemptive halt, cache_misses = 99229
preemptive halt, cache_misses = 99229
preemptive halt, cache_misses = 99229
preemptive halt, cache_misses = 99229
preemptive halt, cache_misses = 99229
preemptive halt, cache_misses = 99229
preemptive halt, cache_misses = 99229
preemptive halt, cache_misses = 99229
preemptive halt, cache_misses = 99229
preemptive halt, cache_misses = 99229
preemptive halt, cache_misses = 99229
preemptive halt, cache_misses = 99229
preemptive halt, cache_misses = 99229
preemptive halt, cache_misses = 99229
preemptive halt, cache_misses = 99229
preemptive halt, cache_misses = 99229
preemptive halt, cache_misses = 99229
preemptive halt, cache_misses = 99229
preemptive halt, cache_misses = 99229
preemptive halt, cache_misses = 99229
preemptive halt, cache_misses = 99229
preemptive halt, cache_misses = 99229
preemptive halt, cache_misses = 99229
preemptive halt, cache_misses = 99229
preemptive halt, cache_misses = 99229
preemptive halt, cache_misses = 99229
preemptive halt, cache_misses = 99229
preemptive halt, cache_misses = 99229
preemptive halt, cache_misses = 99229
preemptive halt, cache_misses = 99229
preemptive halt, cache_misses = 99229
preemptive halt, cache_misses = 99229
preemptive halt, cache_misses = 99229
preemptive halt, cache_misses = 99229
preemptive halt, cache_misses = 99229
preemptive halt, cache_misses = 99229
preemptive halt, cache_misses = 99229
preemptive halt, cache_misses = 99229
preemptive halt, cache_misses = 99229
preemptive halt, cache_misses = 99229
preemptive halt, cache_misses = 99229
preemptive halt, cache_misses = 99229
preemptive halt, cache_misses = 99229
preemptive halt, cache_misses = 99229
preemptive halt, cache_misses = 99229
preemptive halt, cache_misses = 99229
preemptive halt, cache_misses = 99229
preemptive halt, cache_misses = 99229
preemptive halt, cache_misses = 99229
preemptive halt, cache_misses = 99229
preemptive halt, cache_misses = 99229
preemptive halt, cache_misses = 99229
preemptive halt, cache_misses = 99229
preemptive halt, cache_misses = 99229
preemptive halt, cache_misses = 99229
preemptive halt, cache_misses = 99229
preemptive halt, cache_misses = 99229
preemptive halt, cache_misses = 99229
preemptive halt, cache_misses = 99229
preemptive halt, cache_misses = 99229
preemptive halt, cache_misses = 99229
preemptive halt, cache_misses = 99229
preemptive halt, cache_misses = 99229
preemptive halt, cache_misses = 99229
preemptive halt, cache_misses = 99229
preemptive halt, cache_misses = 99229
preemptive halt, cache_misses = 99229
preemptive halt, cache_misses = 99229
preemptive halt, cache_misses = 99229
binary search, size 29687  misses 99229  min 29375  max 30000
preemptive halt, cache_misses = 99230
preemptive halt, cache_misses = 99230
preemptive halt, cache_misses = 99230
preemptive halt, cache_misses = 99230
preemptive halt, cache_misses = 99230
preemptive halt, cache_misses = 99230
preemptive halt, cache_misses = 99230
preemptive halt, cache_misses = 99230
preemptive halt, cache_misses = 99230
preemptive halt, cache_misses = 99230
preemptive halt, cache_misses = 99230
preemptive halt, cache_misses = 99230
preemptive halt, cache_misses = 99230
preemptive halt, cache_misses = 99230
preemptive halt, cache_misses = 99230
preemptive halt, cache_misses = 99230
preemptive halt, cache_misses = 99230
preemptive halt, cache_misses = 99230
preemptive halt, cache_misses = 99230
preemptive halt, cache_misses = 99230
preemptive halt, cache_misses = 99230
preemptive halt, cache_misses = 99230
preemptive halt, cache_misses = 99230
preemptive halt, cache_misses = 99230
preemptive halt, cache_misses = 99230
preemptive halt, cache_misses = 99230
preemptive halt, cache_misses = 99230
preemptive halt, cache_misses = 99230
preemptive halt, cache_misses = 99230
preemptive halt, cache_misses = 99230
preemptive halt, cache_misses = 99230
preemptive halt, cache_misses = 99230
preemptive halt, cache_misses = 99230
preemptive halt, cache_misses = 99230
preemptive halt, cache_misses = 99230
preemptive halt, cache_misses = 99230
preemptive halt, cache_misses = 99230
preemptive halt, cache_misses = 99230
preemptive halt, cache_misses = 99230
preemptive halt, cache_misses = 99230
preemptive halt, cache_misses = 99230
preemptive halt, cache_misses = 99230
preemptive halt, cache_misses = 99230
preemptive halt, cache_misses = 99230
preemptive halt, cache_misses = 99230
preemptive halt, cache_misses = 99230
preemptive halt, cache_misses = 99230
preemptive halt, cache_misses = 99230
preemptive halt, cache_misses = 99230
preemptive halt, cache_misses = 99230
preemptive halt, cache_misses = 99230
preemptive halt, cache_misses = 99230
preemptive halt, cache_misses = 99230
preemptive halt, cache_misses = 99230
preemptive halt, cache_misses = 99230
preemptive halt, cache_misses = 99230
preemptive halt, cache_misses = 99230
preemptive halt, cache_misses = 99230
preemptive halt, cache_misses = 99230
preemptive halt, cache_misses = 99230
preemptive halt, cache_misses = 99230
preemptive halt, cache_misses = 99230
preemptive halt, cache_misses = 99230
preemptive halt, cache_misses = 99230
preemptive halt, cache_misses = 99230
preemptive halt, cache_misses = 99230
preemptive halt, cache_misses = 99230
preemptive halt, cache_misses = 99230
preemptive halt, cache_misses = 99230
preemptive halt, cache_misses = 99230
preemptive halt, cache_misses = 99230
preemptive halt, cache_misses = 99230
preemptive halt, cache_misses = 99230
preemptive halt, cache_misses = 99230
preemptive halt, cache_misses = 99230
preemptive halt, cache_misses = 99230
preemptive halt, cache_misses = 99230
preemptive halt, cache_misses = 99230
preemptive halt, cache_misses = 99230
preemptive halt, cache_misses = 99230
preemptive halt, cache_misses = 99230
preemptive halt, cache_misses = 99230
preemptive halt, cache_misses = 99230
preemptive halt, cache_misses = 99230
preemptive halt, cache_misses = 99230
preemptive halt, cache_misses = 99230
preemptive halt, cache_misses = 99230
preemptive halt, cache_misses = 99230
preemptive halt, cache_misses = 99230
preemptive halt, cache_misses = 99230
binary search, size 29843  misses 99230  min 29687  max 30000
preemptive halt, cache_misses = 99231
preemptive halt, cache_misses = 99231
preemptive halt, cache_misses = 99231
preemptive halt, cache_misses = 99231
preemptive halt, cache_misses = 99231
preemptive halt, cache_misses = 99231
preemptive halt, cache_misses = 99231
preemptive halt, cache_misses = 99231
preemptive halt, cache_misses = 99231
preemptive halt, cache_misses = 99231
preemptive halt, cache_misses = 99231
preemptive halt, cache_misses = 99231
preemptive halt, cache_misses = 99231
preemptive halt, cache_misses = 99231
preemptive halt, cache_misses = 99231
preemptive halt, cache_misses = 99231
preemptive halt, cache_misses = 99231
preemptive halt, cache_misses = 99231
preemptive halt, cache_misses = 99231
preemptive halt, cache_misses = 99231
preemptive halt, cache_misses = 99231
preemptive halt, cache_misses = 99231
preemptive halt, cache_misses = 99231
preemptive halt, cache_misses = 99231
preemptive halt, cache_misses = 99231
preemptive halt, cache_misses = 99231
preemptive halt, cache_misses = 99231
preemptive halt, cache_misses = 99231
preemptive halt, cache_misses = 99231
preemptive halt, cache_misses = 99231
preemptive halt, cache_misses = 99231
preemptive halt, cache_misses = 99231
preemptive halt, cache_misses = 99231
preemptive halt, cache_misses = 99231
preemptive halt, cache_misses = 99231
preemptive halt, cache_misses = 99231
preemptive halt, cache_misses = 99231
preemptive halt, cache_misses = 99231
preemptive halt, cache_misses = 99231
preemptive halt, cache_misses = 99231
preemptive halt, cache_misses = 99231
preemptive halt, cache_misses = 99231
preemptive halt, cache_misses = 99231
preemptive halt, cache_misses = 99231
preemptive halt, cache_misses = 99231
preemptive halt, cache_misses = 99231
preemptive halt, cache_misses = 99231
preemptive halt, cache_misses = 99231
preemptive halt, cache_misses = 99231
preemptive halt, cache_misses = 99231
preemptive halt, cache_misses = 99231
preemptive halt, cache_misses = 99231
preemptive halt, cache_misses = 99231
preemptive halt, cache_misses = 99231
preemptive halt, cache_misses = 99231
preemptive halt, cache_misses = 99231
preemptive halt, cache_misses = 99231
preemptive halt, cache_misses = 99231
preemptive halt, cache_misses = 99231
preemptive halt, cache_misses = 99231
preemptive halt, cache_misses = 99231
preemptive halt, cache_misses = 99231
preemptive halt, cache_misses = 99231
preemptive halt, cache_misses = 99231
preemptive halt, cache_misses = 99231
preemptive halt, cache_misses = 99231
preemptive halt, cache_misses = 99231
preemptive halt, cache_misses = 99231
preemptive halt, cache_misses = 99231
preemptive halt, cache_misses = 99231
preemptive halt, cache_misses = 99231
preemptive halt, cache_misses = 99231
preemptive halt, cache_misses = 99231
preemptive halt, cache_misses = 99231
preemptive halt, cache_misses = 99231
preemptive halt, cache_misses = 99231
preemptive halt, cache_misses = 99231
preemptive halt, cache_misses = 99231
preemptive halt, cache_misses = 99231
preemptive halt, cache_misses = 99231
preemptive halt, cache_misses = 99231
preemptive halt, cache_misses = 99231
preemptive halt, cache_misses = 99231
preemptive halt, cache_misses = 99231
preemptive halt, cache_misses = 99231
preemptive halt, cache_misses = 99231
preemptive halt, cache_misses = 99231
preemptive halt, cache_misses = 99231
preemptive halt, cache_misses = 99231
preemptive halt, cache_misses = 99231
preemptive halt, cache_misses = 99231
preemptive halt, cache_misses = 99231
binary search, size 29921  misses 99231  min 29843  max 30000
preemptive halt, cache_misses = 99232
preemptive halt, cache_misses = 99232
preemptive halt, cache_misses = 99232
preemptive halt, cache_misses = 99232
preemptive halt, cache_misses = 99232
preemptive halt, cache_misses = 99232
preemptive halt, cache_misses = 99232
preemptive halt, cache_misses = 99232
preemptive halt, cache_misses = 99232
preemptive halt, cache_misses = 99232
preemptive halt, cache_misses = 99232
preemptive halt, cache_misses = 99232
preemptive halt, cache_misses = 99232
preemptive halt, cache_misses = 99232
preemptive halt, cache_misses = 99232
preemptive halt, cache_misses = 99232
preemptive halt, cache_misses = 99232
preemptive halt, cache_misses = 99232
preemptive halt, cache_misses = 99232
preemptive halt, cache_misses = 99232
preemptive halt, cache_misses = 99232
preemptive halt, cache_misses = 99232
preemptive halt, cache_misses = 99232
preemptive halt, cache_misses = 99232
preemptive halt, cache_misses = 99232
preemptive halt, cache_misses = 99232
preemptive halt, cache_misses = 99232
preemptive halt, cache_misses = 99232
preemptive halt, cache_misses = 99232
preemptive halt, cache_misses = 99232
preemptive halt, cache_misses = 99232
preemptive halt, cache_misses = 99232
preemptive halt, cache_misses = 99232
preemptive halt, cache_misses = 99232
preemptive halt, cache_misses = 99232
preemptive halt, cache_misses = 99232
preemptive halt, cache_misses = 99232
preemptive halt, cache_misses = 99232
preemptive halt, cache_misses = 99232
preemptive halt, cache_misses = 99232
preemptive halt, cache_misses = 99232
preemptive halt, cache_misses = 99232
preemptive halt, cache_misses = 99232
preemptive halt, cache_misses = 99232
preemptive halt, cache_misses = 99232
preemptive halt, cache_misses = 99232
preemptive halt, cache_misses = 99232
preemptive halt, cache_misses = 99232
preemptive halt, cache_misses = 99232
preemptive halt, cache_misses = 99232
preemptive halt, cache_misses = 99232
preemptive halt, cache_misses = 99232
preemptive halt, cache_misses = 99232
preemptive halt, cache_misses = 99232
preemptive halt, cache_misses = 99232
preemptive halt, cache_misses = 99232
preemptive halt, cache_misses = 99232
preemptive halt, cache_misses = 99232
preemptive halt, cache_misses = 99232
preemptive halt, cache_misses = 99232
preemptive halt, cache_misses = 99232
preemptive halt, cache_misses = 99232
preemptive halt, cache_misses = 99232
preemptive halt, cache_misses = 99232
preemptive halt, cache_misses = 99232
preemptive halt, cache_misses = 99232
preemptive halt, cache_misses = 99232
preemptive halt, cache_misses = 99232
preemptive halt, cache_misses = 99232
preemptive halt, cache_misses = 99232
preemptive halt, cache_misses = 99232
preemptive halt, cache_misses = 99232
preemptive halt, cache_misses = 99232
preemptive halt, cache_misses = 99232
preemptive halt, cache_misses = 99232
preemptive halt, cache_misses = 99232
preemptive halt, cache_misses = 99232
preemptive halt, cache_misses = 99232
preemptive halt, cache_misses = 99232
preemptive halt, cache_misses = 99232
preemptive halt, cache_misses = 99232
preemptive halt, cache_misses = 99232
preemptive halt, cache_misses = 99232
preemptive halt, cache_misses = 99232
preemptive halt, cache_misses = 99232
preemptive halt, cache_misses = 99232
preemptive halt, cache_misses = 99232
preemptive halt, cache_misses = 99232
preemptive halt, cache_misses = 99232
preemptive halt, cache_misses = 99232
preemptive halt, cache_misses = 99232
preemptive halt, cache_misses = 99232
preemptive halt, cache_misses = 99232
preemptive halt, cache_misses = 99232
binary search, size 29960  misses 99232  min 29921  max 30000
binary search, size 29980  misses 99224  min 29960  max 30000
binary search, size 29970  misses 99224  min 29960  max 29980
binary search, size 29965  misses 99224  min 29960  max 29970
preemptive halt, cache_misses = 99225
preemptive halt, cache_misses = 99225
preemptive halt, cache_misses = 99225
preemptive halt, cache_misses = 99225
preemptive halt, cache_misses = 99225
preemptive halt, cache_misses = 99225
preemptive halt, cache_misses = 99225
preemptive halt, cache_misses = 99225
preemptive halt, cache_misses = 99225
preemptive halt, cache_misses = 99225
preemptive halt, cache_misses = 99225
preemptive halt, cache_misses = 99225
preemptive halt, cache_misses = 99225
preemptive halt, cache_misses = 99225
preemptive halt, cache_misses = 99225
preemptive halt, cache_misses = 99225
preemptive halt, cache_misses = 99225
preemptive halt, cache_misses = 99225
preemptive halt, cache_misses = 99225
preemptive halt, cache_misses = 99225
preemptive halt, cache_misses = 99225
preemptive halt, cache_misses = 99225
preemptive halt, cache_misses = 99225
preemptive halt, cache_misses = 99225
preemptive halt, cache_misses = 99225
preemptive halt, cache_misses = 99225
preemptive halt, cache_misses = 99225
preemptive halt, cache_misses = 99225
preemptive halt, cache_misses = 99225
preemptive halt, cache_misses = 99225
preemptive halt, cache_misses = 99225
preemptive halt, cache_misses = 99225
preemptive halt, cache_misses = 99225
preemptive halt, cache_misses = 99225
preemptive halt, cache_misses = 99225
preemptive halt, cache_misses = 99225
preemptive halt, cache_misses = 99225
preemptive halt, cache_misses = 99225
preemptive halt, cache_misses = 99225
preemptive halt, cache_misses = 99225
preemptive halt, cache_misses = 99225
preemptive halt, cache_misses = 99225
preemptive halt, cache_misses = 99225
preemptive halt, cache_misses = 99225
preemptive halt, cache_misses = 99225
preemptive halt, cache_misses = 99225
preemptive halt, cache_misses = 99225
preemptive halt, cache_misses = 99225
preemptive halt, cache_misses = 99225
preemptive halt, cache_misses = 99225
preemptive halt, cache_misses = 99225
preemptive halt, cache_misses = 99225
preemptive halt, cache_misses = 99225
preemptive halt, cache_misses = 99225
preemptive halt, cache_misses = 99225
preemptive halt, cache_misses = 99225
preemptive halt, cache_misses = 99225
preemptive halt, cache_misses = 99225
preemptive halt, cache_misses = 99225
preemptive halt, cache_misses = 99225
preemptive halt, cache_misses = 99225
preemptive halt, cache_misses = 99225
preemptive halt, cache_misses = 99225
preemptive halt, cache_misses = 99225
preemptive halt, cache_misses = 99225
preemptive halt, cache_misses = 99225
preemptive halt, cache_misses = 99225
preemptive halt, cache_misses = 99225
preemptive halt, cache_misses = 99225
preemptive halt, cache_misses = 99225
preemptive halt, cache_misses = 99225
preemptive halt, cache_misses = 99225
preemptive halt, cache_misses = 99225
preemptive halt, cache_misses = 99225
preemptive halt, cache_misses = 99225
preemptive halt, cache_misses = 99225
preemptive halt, cache_misses = 99225
preemptive halt, cache_misses = 99225
preemptive halt, cache_misses = 99225
preemptive halt, cache_misses = 99225
binary search, size 29962  misses 99225  min 29960  max 29965
preemptive halt, cache_misses = 99226
preemptive halt, cache_misses = 99226
preemptive halt, cache_misses = 99226
preemptive halt, cache_misses = 99226
preemptive halt, cache_misses = 99226
preemptive halt, cache_misses = 99226
preemptive halt, cache_misses = 99226
preemptive halt, cache_misses = 99226
preemptive halt, cache_misses = 99226
preemptive halt, cache_misses = 99226
preemptive halt, cache_misses = 99226
preemptive halt, cache_misses = 99226
preemptive halt, cache_misses = 99226
preemptive halt, cache_misses = 99226
preemptive halt, cache_misses = 99226
preemptive halt, cache_misses = 99226
preemptive halt, cache_misses = 99226
preemptive halt, cache_misses = 99226
preemptive halt, cache_misses = 99226
preemptive halt, cache_misses = 99226
preemptive halt, cache_misses = 99226
preemptive halt, cache_misses = 99226
preemptive halt, cache_misses = 99226
preemptive halt, cache_misses = 99226
preemptive halt, cache_misses = 99226
preemptive halt, cache_misses = 99226
preemptive halt, cache_misses = 99226
preemptive halt, cache_misses = 99226
preemptive halt, cache_misses = 99226
preemptive halt, cache_misses = 99226
preemptive halt, cache_misses = 99226
preemptive halt, cache_misses = 99226
preemptive halt, cache_misses = 99226
preemptive halt, cache_misses = 99226
preemptive halt, cache_misses = 99226
preemptive halt, cache_misses = 99226
preemptive halt, cache_misses = 99226
preemptive halt, cache_misses = 99226
preemptive halt, cache_misses = 99226
preemptive halt, cache_misses = 99226
preemptive halt, cache_misses = 99226
preemptive halt, cache_misses = 99226
preemptive halt, cache_misses = 99226
preemptive halt, cache_misses = 99226
preemptive halt, cache_misses = 99226
preemptive halt, cache_misses = 99226
preemptive halt, cache_misses = 99226
preemptive halt, cache_misses = 99226
preemptive halt, cache_misses = 99226
preemptive halt, cache_misses = 99226
preemptive halt, cache_misses = 99226
preemptive halt, cache_misses = 99226
preemptive halt, cache_misses = 99226
preemptive halt, cache_misses = 99226
preemptive halt, cache_misses = 99226
preemptive halt, cache_misses = 99226
preemptive halt, cache_misses = 99226
preemptive halt, cache_misses = 99226
preemptive halt, cache_misses = 99226
preemptive halt, cache_misses = 99226
preemptive halt, cache_misses = 99226
preemptive halt, cache_misses = 99226
preemptive halt, cache_misses = 99226
preemptive halt, cache_misses = 99226
preemptive halt, cache_misses = 99226
preemptive halt, cache_misses = 99226
preemptive halt, cache_misses = 99226
preemptive halt, cache_misses = 99226
preemptive halt, cache_misses = 99226
preemptive halt, cache_misses = 99226
preemptive halt, cache_misses = 99226
preemptive halt, cache_misses = 99226
preemptive halt, cache_misses = 99226
preemptive halt, cache_misses = 99226
preemptive halt, cache_misses = 99226
preemptive halt, cache_misses = 99226
preemptive halt, cache_misses = 99226
preemptive halt, cache_misses = 99226
preemptive halt, cache_misses = 99226
preemptive halt, cache_misses = 99226
preemptive halt, cache_misses = 99226
preemptive halt, cache_misses = 99226
binary search, size 29963  misses 99226  min 29962  max 29965
binary search, size 29964  misses 99224  min 29963  max 29965
characteristic cache size (binary search) for 314 = 29964
End at: 2021-04-02 02:11:52.005477
Time elapsed: 0:00:02.328502
