Begin at: 2021-04-02 02:28:48.651443
['../dist/Debug/GNU-Linux/memo_batch_tester', '', '--mbt_execution_trace_fname', 'olcs4_traceback_csize_input_types/OLCS4_lru_2021_04_02__02_23_19_k_3__d_2_cache_size_160000_problems_10_to_400/OLCS4_lru_2021_04_02__02_23_19_k_3__d_2_cache_size_160000_problems_10_to_400/OLCS4__do_traceback_prob_size_369_cache_size_160000_lru_k_3_d_2_execution_trace_2021_4_2_2_28_48_pid_12185.log', '--mbt_cache_misses_fname', 'olcs4_traceback_csize_input_types/OLCS4_lru_2021_04_02__02_23_19_k_3__d_2_cache_size_160000_problems_10_to_400/lcs_cost_OLCS4_lru_misses_for_cache_size.csv', '--mbt_misses_for_problem_size_fname', 'olcs4_traceback_csize_input_types/OLCS4_lru_2021_04_02__02_23_19_k_3__d_2_cache_size_160000_problems_10_to_400/lcs_cost_OLCS4_lru_misses_for_problem_size.csv', '--mbt_exact_cutoff_min_cache_size', '160000', '--mbt_exact_cutoff_max_cache_size', '160000', '--mbt_problem_type', 'lcs', '--mbt_metric_type', 'csize_binary_search', '--mbt_cutoff_ratio', '2.2', '--mbt_instance_fname', '369', '--mbt_detailed_cache_misses_out_fname', 'csize_olcs4_traceback_0011nc_nc1100_0_9.csv', '--mbt_phi_N', '5.0', '--mbt_problem_size', '369', '--lcs_compute_length', '0', '--lcs_perform_traceback', '1', '--lig_instance_type', '0011nc_nc1100', '--lig_n', '369', '--lig_c', '0.9', '--lig_b', '3.0', '--lcs_oblivious', '4', '--lcs_execution_trace_fname', 'olcs4_traceback_csize_input_types/OLCS4_lru_2021_04_02__02_23_19_k_3__d_2_cache_size_160000_problems_10_to_400/OLCS4_lru_2021_04_02__02_23_19_k_3__d_2_cache_size_160000_problems_10_to_400/OLCS4__do_traceback_prob_size_369_cache_size_160000_lru_k_3_d_2_execution_trace_2021_4_2_2_28_48_pid_12185.log', '--memo_caching_strategy', 'lru', '--memo_cache_size', '160001', '--memo_lru_queue_size', '160000', '--memo_cuckoo_k', '4', '--memo_key_length', '8', '--memo_value_length', '8', '--memo_k_timestamps', '3', '--memo_d_recent_timestamps', '2', '--memo_a_items_per_timestamp_factor', '0.4375']

csize_binary_search chosen
lcs problem_type lcs cache_size 160001
initialize_long_int_cache begin
init_memo
arguments to memo:
 --mbt_execution_trace_fname olcs4_traceback_csize_input_types/OLCS4_lru_2021_04_02__02_23_19_k_3__d_2_cache_size_160000_problems_10_to_400/OLCS4_lru_2021_04_02__02_23_19_k_3__d_2_cache_size_160000_problems_10_to_400/OLCS4__do_traceback_prob_size_369_cache_size_160000_lru_k_3_d_2_execution_trace_2021_4_2_2_28_48_pid_12185.log --mbt_cache_misses_fname olcs4_traceback_csize_input_types/OLCS4_lru_2021_04_02__02_23_19_k_3__d_2_cache_size_160000_problems_10_to_400/lcs_cost_OLCS4_lru_misses_for_cache_size.csv --mbt_misses_for_problem_size_fname olcs4_traceback_csize_input_types/OLCS4_lru_2021_04_02__02_23_19_k_3__d_2_cache_size_160000_problems_10_to_400/lcs_cost_OLCS4_lru_misses_for_problem_size.csv --mbt_exact_cutoff_min_cache_size 160000 --mbt_exact_cutoff_max_cache_size 160000 --mbt_problem_type lcs --mbt_metric_type csize_binary_search --mbt_cutoff_ratio 2.2 --mbt_instance_fname 369 --mbt_detailed_cache_misses_out_fname csize_olcs4_traceback_0011nc_nc1100_0_9.csv --mbt_phi_N 5.0 --mbt_problem_size 369 --lcs_compute_length 0 --lcs_perform_traceback 1 --lig_instance_type 0011nc_nc1100 --lig_n 369 --lig_c 0.9 --lig_b 3.0 --lcs_oblivious 4 --lcs_execution_trace_fname olcs4_traceback_csize_input_types/OLCS4_lru_2021_04_02__02_23_19_k_3__d_2_cache_size_160000_problems_10_to_400/OLCS4_lru_2021_04_02__02_23_19_k_3__d_2_cache_size_160000_problems_10_to_400/OLCS4__do_traceback_prob_size_369_cache_size_160000_lru_k_3_d_2_execution_trace_2021_4_2_2_28_48_pid_12185.log --memo_caching_strategy lru --memo_cache_size 160001 --memo_lru_queue_size 160000 --memo_cuckoo_k 4 --memo_key_length 8 --memo_value_length 8 --memo_k_timestamps 3 --memo_d_recent_timestamps 2 --memo_a_items_per_timestamp_factor 0.4375 
calculate_table_size: table_size is 262144, original is 160001
Finished initializing cache
initialize_long_int_cache end
done initializing cache
initializing problem
done initializing problem
commence trials
Starting characteristic_cache_size_binary_search with max cache size 160001
binary search, size 160001  misses 136899
binary search, size 80000  misses 136899  min 0  max 160001
preemptive halt, cache_misses = 136900
preemptive halt, cache_misses = 136900
preemptive halt, cache_misses = 136900
preemptive halt, cache_misses = 136900
preemptive halt, cache_misses = 136900
preemptive halt, cache_misses = 136900
preemptive halt, cache_misses = 136900
preemptive halt, cache_misses = 136900
preemptive halt, cache_misses = 136900
preemptive halt, cache_misses = 136900
preemptive halt, cache_misses = 136900
preemptive halt, cache_misses = 136900
preemptive halt, cache_misses = 136900
preemptive halt, cache_misses = 136900
preemptive halt, cache_misses = 136900
preemptive halt, cache_misses = 136900
preemptive halt, cache_misses = 136900
preemptive halt, cache_misses = 136900
preemptive halt, cache_misses = 136900
preemptive halt, cache_misses = 136900
preemptive halt, cache_misses = 136900
preemptive halt, cache_misses = 136900
preemptive halt, cache_misses = 136900
preemptive halt, cache_misses = 136900
preemptive halt, cache_misses = 136900
preemptive halt, cache_misses = 136900
preemptive halt, cache_misses = 136900
preemptive halt, cache_misses = 136900
preemptive halt, cache_misses = 136900
preemptive halt, cache_misses = 136900
preemptive halt, cache_misses = 136900
preemptive halt, cache_misses = 136900
preemptive halt, cache_misses = 136900
preemptive halt, cache_misses = 136900
preemptive halt, cache_misses = 136900
preemptive halt, cache_misses = 136900
preemptive halt, cache_misses = 136900
preemptive halt, cache_misses = 136900
preemptive halt, cache_misses = 136900
preemptive halt, cache_misses = 136900
preemptive halt, cache_misses = 136900
preemptive halt, cache_misses = 136900
preemptive halt, cache_misses = 136900
preemptive halt, cache_misses = 136900
preemptive halt, cache_misses = 136900
preemptive halt, cache_misses = 136900
preemptive halt, cache_misses = 136900
preemptive halt, cache_misses = 136900
preemptive halt, cache_misses = 136900
preemptive halt, cache_misses = 136900
preemptive halt, cache_misses = 136900
preemptive halt, cache_misses = 136900
preemptive halt, cache_misses = 136900
preemptive halt, cache_misses = 136900
preemptive halt, cache_misses = 136900
preemptive halt, cache_misses = 136900
preemptive halt, cache_misses = 136900
preemptive halt, cache_misses = 136900
preemptive halt, cache_misses = 136900
preemptive halt, cache_misses = 136900
preemptive halt, cache_misses = 136900
preemptive halt, cache_misses = 136900
preemptive halt, cache_misses = 136900
preemptive halt, cache_misses = 136900
preemptive halt, cache_misses = 136900
preemptive halt, cache_misses = 136900
preemptive halt, cache_misses = 136900
preemptive halt, cache_misses = 136900
preemptive halt, cache_misses = 136900
preemptive halt, cache_misses = 136900
preemptive halt, cache_misses = 136900
preemptive halt, cache_misses = 136900
preemptive halt, cache_misses = 136900
preemptive halt, cache_misses = 136900
preemptive halt, cache_misses = 136900
preemptive halt, cache_misses = 136900
preemptive halt, cache_misses = 136900
preemptive halt, cache_misses = 136900
preemptive halt, cache_misses = 136900
preemptive halt, cache_misses = 136900
preemptive halt, cache_misses = 136900
preemptive halt, cache_misses = 136900
preemptive halt, cache_misses = 136900
preemptive halt, cache_misses = 136900
preemptive halt, cache_misses = 136900
preemptive halt, cache_misses = 136900
preemptive halt, cache_misses = 136900
preemptive halt, cache_misses = 136900
preemptive halt, cache_misses = 136900
preemptive halt, cache_misses = 136900
preemptive halt, cache_misses = 136900
preemptive halt, cache_misses = 136900
preemptive halt, cache_misses = 136900
preemptive halt, cache_misses = 136900
preemptive halt, cache_misses = 136900
preemptive halt, cache_misses = 136900
preemptive halt, cache_misses = 136900
preemptive halt, cache_misses = 136900
preemptive halt, cache_misses = 136900
preemptive halt, cache_misses = 136900
preemptive halt, cache_misses = 136900
preemptive halt, cache_misses = 136900
preemptive halt, cache_misses = 136900
preemptive halt, cache_misses = 136900
preemptive halt, cache_misses = 136900
preemptive halt, cache_misses = 136900
preemptive halt, cache_misses = 136900
preemptive halt, cache_misses = 136900
preemptive halt, cache_misses = 136900
preemptive halt, cache_misses = 136900
preemptive halt, cache_misses = 136900
preemptive halt, cache_misses = 136900
preemptive halt, cache_misses = 136900
preemptive halt, cache_misses = 136900
preemptive halt, cache_misses = 136900
preemptive halt, cache_misses = 136900
preemptive halt, cache_misses = 136900
preemptive halt, cache_misses = 136900
preemptive halt, cache_misses = 136900
preemptive halt, cache_misses = 136900
preemptive halt, cache_misses = 136900
preemptive halt, cache_misses = 136900
preemptive halt, cache_misses = 136900
preemptive halt, cache_misses = 136900
preemptive halt, cache_misses = 136900
preemptive halt, cache_misses = 136900
preemptive halt, cache_misses = 136900
preemptive halt, cache_misses = 136900
preemptive halt, cache_misses = 136900
preemptive halt, cache_misses = 136900
preemptive halt, cache_misses = 136900
preemptive halt, cache_misses = 136900
preemptive halt, cache_misses = 136900
preemptive halt, cache_misses = 136900
preemptive halt, cache_misses = 136900
preemptive halt, cache_misses = 136900
preemptive halt, cache_misses = 136900
preemptive halt, cache_misses = 136900
preemptive halt, cache_misses = 136900
preemptive halt, cache_misses = 136900
preemptive halt, cache_misses = 136900
preemptive halt, cache_misses = 136900
preemptive halt, cache_misses = 136900
preemptive halt, cache_misses = 136900
preemptive halt, cache_misses = 136900
preemptive halt, cache_misses = 136900
preemptive halt, cache_misses = 136900
preemptive halt, cache_misses = 136900
preemptive halt, cache_misses = 136900
preemptive halt, cache_misses = 136900
preemptive halt, cache_misses = 136900
preemptive halt, cache_misses = 136900
preemptive halt, cache_misses = 136900
preemptive halt, cache_misses = 136900
preemptive halt, cache_misses = 136900
preemptive halt, cache_misses = 136900
preemptive halt, cache_misses = 136900
preemptive halt, cache_misses = 136900
preemptive halt, cache_misses = 136900
preemptive halt, cache_misses = 136900
preemptive halt, cache_misses = 136900
preemptive halt, cache_misses = 136900
preemptive halt, cache_misses = 136900
preemptive halt, cache_misses = 136900
preemptive halt, cache_misses = 136900
preemptive halt, cache_misses = 136900
preemptive halt, cache_misses = 136900
preemptive halt, cache_misses = 136900
preemptive halt, cache_misses = 136900
preemptive halt, cache_misses = 136900
preemptive halt, cache_misses = 136900
preemptive halt, cache_misses = 136900
preemptive halt, cache_misses = 136900
preemptive halt, cache_misses = 136900
preemptive halt, cache_misses = 136900
preemptive halt, cache_misses = 136900
preemptive halt, cache_misses = 136900
preemptive halt, cache_misses = 136900
preemptive halt, cache_misses = 136900
preemptive halt, cache_misses = 136900
preemptive halt, cache_misses = 136900
preemptive halt, cache_misses = 136900
preemptive halt, cache_misses = 136900
preemptive halt, cache_misses = 136900
preemptive halt, cache_misses = 136900
preemptive halt, cache_misses = 136900
preemptive halt, cache_misses = 136900
preemptive halt, cache_misses = 136900
preemptive halt, cache_misses = 136900
preemptive halt, cache_misses = 136900
preemptive halt, cache_misses = 136900
preemptive halt, cache_misses = 136900
preemptive halt, cache_misses = 136900
preemptive halt, cache_misses = 136900
preemptive halt, cache_misses = 136900
preemptive halt, cache_misses = 136900
preemptive halt, cache_misses = 136900
preemptive halt, cache_misses = 136900
preemptive halt, cache_misses = 136900
preemptive halt, cache_misses = 136900
preemptive halt, cache_misses = 136900
preemptive halt, cache_misses = 136900
preemptive halt, cache_misses = 136900
preemptive halt, cache_misses = 136900
preemptive halt, cache_misses = 136900
preemptive halt, cache_misses = 136900
preemptive halt, cache_misses = 136900
preemptive halt, cache_misses = 136900
preemptive halt, cache_misses = 136900
preemptive halt, cache_misses = 136900
preemptive halt, cache_misses = 136900
preemptive halt, cache_misses = 136900
preemptive halt, cache_misses = 136900
preemptive halt, cache_misses = 136900
preemptive halt, cache_misses = 136900
preemptive halt, cache_misses = 136900
preemptive halt, cache_misses = 136900
preemptive halt, cache_misses = 136900
preemptive halt, cache_misses = 136900
preemptive halt, cache_misses = 136900
preemptive halt, cache_misses = 136900
preemptive halt, cache_misses = 136900
preemptive halt, cache_misses = 136900
preemptive halt, cache_misses = 136900
preemptive halt, cache_misses = 136900
preemptive halt, cache_misses = 136900
preemptive halt, cache_misses = 136900
preemptive halt, cache_misses = 136900
preemptive halt, cache_misses = 136900
preemptive halt, cache_misses = 136900
preemptive halt, cache_misses = 136900
preemptive halt, cache_misses = 136900
preemptive halt, cache_misses = 136900
preemptive halt, cache_misses = 136900
preemptive halt, cache_misses = 136900
preemptive halt, cache_misses = 136900
preemptive halt, cache_misses = 136900
preemptive halt, cache_misses = 136900
preemptive halt, cache_misses = 136900
preemptive halt, cache_misses = 136900
preemptive halt, cache_misses = 136900
preemptive halt, cache_misses = 136900
preemptive halt, cache_misses = 136900
preemptive halt, cache_misses = 136900
preemptive halt, cache_misses = 136900
preemptive halt, cache_misses = 136900
preemptive halt, cache_misses = 136900
preemptive halt, cache_misses = 136900
preemptive halt, cache_misses = 136900
preemptive halt, cache_misses = 136900
preemptive halt, cache_misses = 136900
preemptive halt, cache_misses = 136900
preemptive halt, cache_misses = 136900
preemptive halt, cache_misses = 136900
preemptive halt, cache_misses = 136900
preemptive halt, cache_misses = 136900
preemptive halt, cache_misses = 136900
preemptive halt, cache_misses = 136900
preemptive halt, cache_misses = 136900
preemptive halt, cache_misses = 136900
preemptive halt, cache_misses = 136900
preemptive halt, cache_misses = 136900
preemptive halt, cache_misses = 136900
preemptive halt, cache_misses = 136900
preemptive halt, cache_misses = 136900
preemptive halt, cache_misses = 136900
preemptive halt, cache_misses = 136900
preemptive halt, cache_misses = 136900
preemptive halt, cache_misses = 136900
preemptive halt, cache_misses = 136900
preemptive halt, cache_misses = 136900
preemptive halt, cache_misses = 136900
preemptive halt, cache_misses = 136900
preemptive halt, cache_misses = 136900
preemptive halt, cache_misses = 136900
preemptive halt, cache_misses = 136900
preemptive halt, cache_misses = 136900
preemptive halt, cache_misses = 136900
preemptive halt, cache_misses = 136900
preemptive halt, cache_misses = 136900
preemptive halt, cache_misses = 136900
preemptive halt, cache_misses = 136900
preemptive halt, cache_misses = 136900
preemptive halt, cache_misses = 136900
preemptive halt, cache_misses = 136900
preemptive halt, cache_misses = 136900
preemptive halt, cache_misses = 136900
preemptive halt, cache_misses = 136900
preemptive halt, cache_misses = 136900
preemptive halt, cache_misses = 136900
preemptive halt, cache_misses = 136900
preemptive halt, cache_misses = 136900
preemptive halt, cache_misses = 136900
preemptive halt, cache_misses = 136900
preemptive halt, cache_misses = 136900
preemptive halt, cache_misses = 136900
preemptive halt, cache_misses = 136900
preemptive halt, cache_misses = 136900
preemptive halt, cache_misses = 136900
preemptive halt, cache_misses = 136900
preemptive halt, cache_misses = 136900
preemptive halt, cache_misses = 136900
preemptive halt, cache_misses = 136900
preemptive halt, cache_misses = 136900
preemptive halt, cache_misses = 136900
preemptive halt, cache_misses = 136900
preemptive halt, cache_misses = 136900
preemptive halt, cache_misses = 136900
preemptive halt, cache_misses = 136900
preemptive halt, cache_misses = 136900
preemptive halt, cache_misses = 136900
preemptive halt, cache_misses = 136900
preemptive halt, cache_misses = 136900
preemptive halt, cache_misses = 136900
preemptive halt, cache_misses = 136900
preemptive halt, cache_misses = 136900
preemptive halt, cache_misses = 136900
preemptive halt, cache_misses = 136900
preemptive halt, cache_misses = 136900
preemptive halt, cache_misses = 136900
preemptive halt, cache_misses = 136900
preemptive halt, cache_misses = 136900
preemptive halt, cache_misses = 136900
preemptive halt, cache_misses = 136900
preemptive halt, cache_misses = 136900
preemptive halt, cache_misses = 136900
preemptive halt, cache_misses = 136900
preemptive halt, cache_misses = 136900
preemptive halt, cache_misses = 136900
preemptive halt, cache_misses = 136900
preemptive halt, cache_misses = 136900
preemptive halt, cache_misses = 136900
preemptive halt, cache_misses = 136900
preemptive halt, cache_misses = 136900
preemptive halt, cache_misses = 136900
preemptive halt, cache_misses = 136900
preemptive halt, cache_misses = 136900
preemptive halt, cache_misses = 136900
preemptive halt, cache_misses = 136900
preemptive halt, cache_misses = 136900
preemptive halt, cache_misses = 136900
preemptive halt, cache_misses = 136900
preemptive halt, cache_misses = 136900
preemptive halt, cache_misses = 136900
preemptive halt, cache_misses = 136900
preemptive halt, cache_misses = 136900
preemptive halt, cache_misses = 136900
preemptive halt, cache_misses = 136900
preemptive halt, cache_misses = 136900
preemptive halt, cache_misses = 136900
preemptive halt, cache_misses = 136900
preemptive halt, cache_misses = 136900
preemptive halt, cache_misses = 136900
preemptive halt, cache_misses = 136900
preemptive halt, cache_misses = 136900
preemptive halt, cache_misses = 136900
preemptive halt, cache_misses = 136900
preemptive halt, cache_misses = 136900
preemptive halt, cache_misses = 136900
preemptive halt, cache_misses = 136900
preemptive halt, cache_misses = 136900
preemptive halt, cache_misses = 136900
preemptive halt, cache_misses = 136900
preemptive halt, cache_misses = 136900
preemptive halt, cache_misses = 136900
preemptive halt, cache_misses = 136900
preemptive halt, cache_misses = 136900
preemptive halt, cache_misses = 136900
preemptive halt, cache_misses = 136900
preemptive halt, cache_misses = 136900
preemptive halt, cache_misses = 136900
preemptive halt, cache_misses = 136900
preemptive halt, cache_misses = 136900
preemptive halt, cache_misses = 136900
preemptive halt, cache_misses = 136900
preemptive halt, cache_misses = 136900
preemptive halt, cache_misses = 136900
preemptive halt, cache_misses = 136900
preemptive halt, cache_misses = 136900
preemptive halt, cache_misses = 136900
preemptive halt, cache_misses = 136900
preemptive halt, cache_misses = 136900
preemptive halt, cache_misses = 136900
preemptive halt, cache_misses = 136900
preemptive halt, cache_misses = 136900
preemptive halt, cache_misses = 136900
preemptive halt, cache_misses = 136900
preemptive halt, cache_misses = 136900
preemptive halt, cache_misses = 136900
preemptive halt, cache_misses = 136900
preemptive halt, cache_misses = 136900
preemptive halt, cache_misses = 136900
preemptive halt, cache_misses = 136900
preemptive halt, cache_misses = 136900
preemptive halt, cache_misses = 136900
preemptive halt, cache_misses = 136900
preemptive halt, cache_misses = 136900
preemptive halt, cache_misses = 136900
preemptive halt, cache_misses = 136900
preemptive halt, cache_misses = 136900
preemptive halt, cache_misses = 136900
preemptive halt, cache_misses = 136900
preemptive halt, cache_misses = 136900
preemptive halt, cache_misses = 136900
preemptive halt, cache_misses = 136900
preemptive halt, cache_misses = 136900
preemptive halt, cache_misses = 136900
preemptive halt, cache_misses = 136900
preemptive halt, cache_misses = 136900
preemptive halt, cache_misses = 136900
preemptive halt, cache_misses = 136900
preemptive halt, cache_misses = 136900
preemptive halt, cache_misses = 136900
preemptive halt, cache_misses = 136900
preemptive halt, cache_misses = 136900
preemptive halt, cache_misses = 136900
preemptive halt, cache_misses = 136900
preemptive halt, cache_misses = 136900
preemptive halt, cache_misses = 136900
preemptive halt, cache_misses = 136900
preemptive halt, cache_misses = 136900
preemptive halt, cache_misses = 136900
preemptive halt, cache_misses = 136900
preemptive halt, cache_misses = 136900
preemptive halt, cache_misses = 136900
preemptive halt, cache_misses = 136900
preemptive halt, cache_misses = 136900
preemptive halt, cache_misses = 136900
preemptive halt, cache_misses = 136900
preemptive halt, cache_misses = 136900
preemptive halt, cache_misses = 136900
preemptive halt, cache_misses = 136900
preemptive halt, cache_misses = 136900
preemptive halt, cache_misses = 136900
preemptive halt, cache_misses = 136900
preemptive halt, cache_misses = 136900
preemptive halt, cache_misses = 136900
preemptive halt, cache_misses = 136900
preemptive halt, cache_misses = 136900
preemptive halt, cache_misses = 136900
preemptive halt, cache_misses = 136900
preemptive halt, cache_misses = 136900
preemptive halt, cache_misses = 136900
preemptive halt, cache_misses = 136900
preemptive halt, cache_misses = 136900
preemptive halt, cache_misses = 136900
preemptive halt, cache_misses = 136900
preemptive halt, cache_misses = 136900
preemptive halt, cache_misses = 136900
preemptive halt, cache_misses = 136900
preemptive halt, cache_misses = 136900
preemptive halt, cache_misses = 136900
preemptive halt, cache_misses = 136900
preemptive halt, cache_misses = 136900
preemptive halt, cache_misses = 136900
preemptive halt, cache_misses = 136900
preemptive halt, cache_misses = 136900
preemptive halt, cache_misses = 136900
preemptive halt, cache_misses = 136900
preemptive halt, cache_misses = 136900
preemptive halt, cache_misses = 136900
preemptive halt, cache_misses = 136900
preemptive halt, cache_misses = 136900
preemptive halt, cache_misses = 136900
preemptive halt, cache_misses = 136900
preemptive halt, cache_misses = 136900
preemptive halt, cache_misses = 136900
preemptive halt, cache_misses = 136900
preemptive halt, cache_misses = 136900
preemptive halt, cache_misses = 136900
preemptive halt, cache_misses = 136900
preemptive halt, cache_misses = 136900
preemptive halt, cache_misses = 136900
preemptive halt, cache_misses = 136900
preemptive halt, cache_misses = 136900
preemptive halt, cache_misses = 136900
preemptive halt, cache_misses = 136900
preemptive halt, cache_misses = 136900
preemptive halt, cache_misses = 136900
preemptive halt, cache_misses = 136900
preemptive halt, cache_misses = 136900
preemptive halt, cache_misses = 136900
preemptive halt, cache_misses = 136900
preemptive halt, cache_misses = 136900
preemptive halt, cache_misses = 136900
preemptive halt, cache_misses = 136900
preemptive halt, cache_misses = 136900
preemptive halt, cache_misses = 136900
preemptive halt, cache_misses = 136900
preemptive halt, cache_misses = 136900
preemptive halt, cache_misses = 136900
preemptive halt, cache_misses = 136900
preemptive halt, cache_misses = 136900
preemptive halt, cache_misses = 136900
preemptive halt, cache_misses = 136900
preemptive halt, cache_misses = 136900
preemptive halt, cache_misses = 136900
preemptive halt, cache_misses = 136900
preemptive halt, cache_misses = 136900
preemptive halt, cache_misses = 136900
preemptive halt, cache_misses = 136900
preemptive halt, cache_misses = 136900
preemptive halt, cache_misses = 136900
preemptive halt, cache_misses = 136900
preemptive halt, cache_misses = 136900
preemptive halt, cache_misses = 136900
preemptive halt, cache_misses = 136900
preemptive halt, cache_misses = 136900
preemptive halt, cache_misses = 136900
preemptive halt, cache_misses = 136900
preemptive halt, cache_misses = 136900
preemptive halt, cache_misses = 136900
preemptive halt, cache_misses = 136900
preemptive halt, cache_misses = 136900
preemptive halt, cache_misses = 136900
preemptive halt, cache_misses = 136900
preemptive halt, cache_misses = 136900
preemptive halt, cache_misses = 136900
preemptive halt, cache_misses = 136900
preemptive halt, cache_misses = 136900
preemptive halt, cache_misses = 136900
preemptive halt, cache_misses = 136900
preemptive halt, cache_misses = 136900
preemptive halt, cache_misses = 136900
preemptive halt, cache_misses = 136900
preemptive halt, cache_misses = 136900
preemptive halt, cache_misses = 136900
preemptive halt, cache_misses = 136900
preemptive halt, cache_misses = 136900
preemptive halt, cache_misses = 136900
preemptive halt, cache_misses = 136900
preemptive halt, cache_misses = 136900
preemptive halt, cache_misses = 136900
preemptive halt, cache_misses = 136900
preemptive halt, cache_misses = 136900
preemptive halt, cache_misses = 136900
preemptive halt, cache_misses = 136900
preemptive halt, cache_misses = 136900
preemptive halt, cache_misses = 136900
preemptive halt, cache_misses = 136900
preemptive halt, cache_misses = 136900
preemptive halt, cache_misses = 136900
preemptive halt, cache_misses = 136900
preemptive halt, cache_misses = 136900
preemptive halt, cache_misses = 136900
preemptive halt, cache_misses = 136900
preemptive halt, cache_misses = 136900
preemptive halt, cache_misses = 136900
preemptive halt, cache_misses = 136900
preemptive halt, cache_misses = 136900
preemptive halt, cache_misses = 136900
preemptive halt, cache_misses = 136900
preemptive halt, cache_misses = 136900
preemptive halt, cache_misses = 136900
preemptive halt, cache_misses = 136900
preemptive halt, cache_misses = 136900
preemptive halt, cache_misses = 136900
preemptive halt, cache_misses = 136900
preemptive halt, cache_misses = 136900
preemptive halt, cache_misses = 136900
preemptive halt, cache_misses = 136900
preemptive halt, cache_misses = 136900
preemptive halt, cache_misses = 136900
preemptive halt, cache_misses = 136900
preemptive halt, cache_misses = 136900
preemptive halt, cache_misses = 136900
preemptive halt, cache_misses = 136900
preemptive halt, cache_misses = 136900
preemptive halt, cache_misses = 136900
preemptive halt, cache_misses = 136900
preemptive halt, cache_misses = 136900
preemptive halt, cache_misses = 136900
preemptive halt, cache_misses = 136900
preemptive halt, cache_misses = 136900
preemptive halt, cache_misses = 136900
preemptive halt, cache_misses = 136900
preemptive halt, cache_misses = 136900
preemptive halt, cache_misses = 136900
preemptive halt, cache_misses = 136900
preemptive halt, cache_misses = 136900
preemptive halt, cache_misses = 136900
preemptive halt, cache_misses = 136900
preemptive halt, cache_misses = 136900
preemptive halt, cache_misses = 136900
preemptive halt, cache_misses = 136900
preemptive halt, cache_misses = 136900
preemptive halt, cache_misses = 136900
preemptive halt, cache_misses = 136900
preemptive halt, cache_misses = 136900
preemptive halt, cache_misses = 136900
preemptive halt, cache_misses = 136900
preemptive halt, cache_misses = 136900
preemptive halt, cache_misses = 136900
preemptive halt, cache_misses = 136900
preemptive halt, cache_misses = 136900
preemptive halt, cache_misses = 136900
preemptive halt, cache_misses = 136900
preemptive halt, cache_misses = 136900
preemptive halt, cache_misses = 136900
preemptive halt, cache_misses = 136900
preemptive halt, cache_misses = 136900
preemptive halt, cache_misses = 136900
preemptive halt, cache_misses = 136900
preemptive halt, cache_misses = 136900
preemptive halt, cache_misses = 136900
preemptive halt, cache_misses = 136900
preemptive halt, cache_misses = 136900
preemptive halt, cache_misses = 136900
preemptive halt, cache_misses = 136900
preemptive halt, cache_misses = 136900
preemptive halt, cache_misses = 136900
preemptive halt, cache_misses = 136900
preemptive halt, cache_misses = 136900
preemptive halt, cache_misses = 136900
preemptive halt, cache_misses = 136900
preemptive halt, cache_misses = 136900
preemptive halt, cache_misses = 136900
preemptive halt, cache_misses = 136900
preemptive halt, cache_misses = 136900
preemptive halt, cache_misses = 136900
preemptive halt, cache_misses = 136900
preemptive halt, cache_misses = 136900
preemptive halt, cache_misses = 136900
preemptive halt, cache_misses = 136900
binary search, size 40000  misses 136900  min 0  max 80000
preemptive halt, cache_misses = 136901
preemptive halt, cache_misses = 136901
preemptive halt, cache_misses = 136901
preemptive halt, cache_misses = 136901
preemptive halt, cache_misses = 136901
preemptive halt, cache_misses = 136901
preemptive halt, cache_misses = 136901
preemptive halt, cache_misses = 136901
preemptive halt, cache_misses = 136901
preemptive halt, cache_misses = 136901
preemptive halt, cache_misses = 136901
preemptive halt, cache_misses = 136901
preemptive halt, cache_misses = 136901
preemptive halt, cache_misses = 136901
preemptive halt, cache_misses = 136901
preemptive halt, cache_misses = 136901
preemptive halt, cache_misses = 136901
preemptive halt, cache_misses = 136901
preemptive halt, cache_misses = 136901
preemptive halt, cache_misses = 136901
preemptive halt, cache_misses = 136901
preemptive halt, cache_misses = 136901
preemptive halt, cache_misses = 136901
preemptive halt, cache_misses = 136901
preemptive halt, cache_misses = 136901
preemptive halt, cache_misses = 136901
preemptive halt, cache_misses = 136901
preemptive halt, cache_misses = 136901
preemptive halt, cache_misses = 136901
preemptive halt, cache_misses = 136901
preemptive halt, cache_misses = 136901
preemptive halt, cache_misses = 136901
preemptive halt, cache_misses = 136901
preemptive halt, cache_misses = 136901
preemptive halt, cache_misses = 136901
preemptive halt, cache_misses = 136901
preemptive halt, cache_misses = 136901
preemptive halt, cache_misses = 136901
preemptive halt, cache_misses = 136901
preemptive halt, cache_misses = 136901
preemptive halt, cache_misses = 136901
preemptive halt, cache_misses = 136901
preemptive halt, cache_misses = 136901
preemptive halt, cache_misses = 136901
preemptive halt, cache_misses = 136901
preemptive halt, cache_misses = 136901
preemptive halt, cache_misses = 136901
preemptive halt, cache_misses = 136901
preemptive halt, cache_misses = 136901
preemptive halt, cache_misses = 136901
preemptive halt, cache_misses = 136901
preemptive halt, cache_misses = 136901
preemptive halt, cache_misses = 136901
preemptive halt, cache_misses = 136901
preemptive halt, cache_misses = 136901
preemptive halt, cache_misses = 136901
preemptive halt, cache_misses = 136901
preemptive halt, cache_misses = 136901
preemptive halt, cache_misses = 136901
preemptive halt, cache_misses = 136901
preemptive halt, cache_misses = 136901
preemptive halt, cache_misses = 136901
preemptive halt, cache_misses = 136901
preemptive halt, cache_misses = 136901
preemptive halt, cache_misses = 136901
preemptive halt, cache_misses = 136901
preemptive halt, cache_misses = 136901
preemptive halt, cache_misses = 136901
preemptive halt, cache_misses = 136901
preemptive halt, cache_misses = 136901
preemptive halt, cache_misses = 136901
preemptive halt, cache_misses = 136901
preemptive halt, cache_misses = 136901
preemptive halt, cache_misses = 136901
preemptive halt, cache_misses = 136901
preemptive halt, cache_misses = 136901
preemptive halt, cache_misses = 136901
preemptive halt, cache_misses = 136901
preemptive halt, cache_misses = 136901
preemptive halt, cache_misses = 136901
preemptive halt, cache_misses = 136901
preemptive halt, cache_misses = 136901
preemptive halt, cache_misses = 136901
preemptive halt, cache_misses = 136901
preemptive halt, cache_misses = 136901
preemptive halt, cache_misses = 136901
preemptive halt, cache_misses = 136901
preemptive halt, cache_misses = 136901
preemptive halt, cache_misses = 136901
preemptive halt, cache_misses = 136901
preemptive halt, cache_misses = 136901
preemptive halt, cache_misses = 136901
preemptive halt, cache_misses = 136901
preemptive halt, cache_misses = 136901
preemptive halt, cache_misses = 136901
preemptive halt, cache_misses = 136901
preemptive halt, cache_misses = 136901
preemptive halt, cache_misses = 136901
preemptive halt, cache_misses = 136901
preemptive halt, cache_misses = 136901
preemptive halt, cache_misses = 136901
preemptive halt, cache_misses = 136901
preemptive halt, cache_misses = 136901
preemptive halt, cache_misses = 136901
preemptive halt, cache_misses = 136901
preemptive halt, cache_misses = 136901
preemptive halt, cache_misses = 136901
preemptive halt, cache_misses = 136901
preemptive halt, cache_misses = 136901
preemptive halt, cache_misses = 136901
preemptive halt, cache_misses = 136901
preemptive halt, cache_misses = 136901
preemptive halt, cache_misses = 136901
preemptive halt, cache_misses = 136901
preemptive halt, cache_misses = 136901
preemptive halt, cache_misses = 136901
preemptive halt, cache_misses = 136901
preemptive halt, cache_misses = 136901
preemptive halt, cache_misses = 136901
preemptive halt, cache_misses = 136901
preemptive halt, cache_misses = 136901
preemptive halt, cache_misses = 136901
preemptive halt, cache_misses = 136901
preemptive halt, cache_misses = 136901
preemptive halt, cache_misses = 136901
preemptive halt, cache_misses = 136901
preemptive halt, cache_misses = 136901
preemptive halt, cache_misses = 136901
preemptive halt, cache_misses = 136901
preemptive halt, cache_misses = 136901
preemptive halt, cache_misses = 136901
preemptive halt, cache_misses = 136901
preemptive halt, cache_misses = 136901
preemptive halt, cache_misses = 136901
preemptive halt, cache_misses = 136901
preemptive halt, cache_misses = 136901
preemptive halt, cache_misses = 136901
preemptive halt, cache_misses = 136901
preemptive halt, cache_misses = 136901
preemptive halt, cache_misses = 136901
preemptive halt, cache_misses = 136901
preemptive halt, cache_misses = 136901
preemptive halt, cache_misses = 136901
preemptive halt, cache_misses = 136901
preemptive halt, cache_misses = 136901
preemptive halt, cache_misses = 136901
preemptive halt, cache_misses = 136901
preemptive halt, cache_misses = 136901
preemptive halt, cache_misses = 136901
preemptive halt, cache_misses = 136901
preemptive halt, cache_misses = 136901
preemptive halt, cache_misses = 136901
preemptive halt, cache_misses = 136901
preemptive halt, cache_misses = 136901
preemptive halt, cache_misses = 136901
preemptive halt, cache_misses = 136901
preemptive halt, cache_misses = 136901
preemptive halt, cache_misses = 136901
preemptive halt, cache_misses = 136901
preemptive halt, cache_misses = 136901
preemptive halt, cache_misses = 136901
preemptive halt, cache_misses = 136901
preemptive halt, cache_misses = 136901
preemptive halt, cache_misses = 136901
preemptive halt, cache_misses = 136901
preemptive halt, cache_misses = 136901
preemptive halt, cache_misses = 136901
preemptive halt, cache_misses = 136901
preemptive halt, cache_misses = 136901
preemptive halt, cache_misses = 136901
preemptive halt, cache_misses = 136901
preemptive halt, cache_misses = 136901
preemptive halt, cache_misses = 136901
preemptive halt, cache_misses = 136901
preemptive halt, cache_misses = 136901
preemptive halt, cache_misses = 136901
preemptive halt, cache_misses = 136901
preemptive halt, cache_misses = 136901
preemptive halt, cache_misses = 136901
preemptive halt, cache_misses = 136901
preemptive halt, cache_misses = 136901
preemptive halt, cache_misses = 136901
preemptive halt, cache_misses = 136901
preemptive halt, cache_misses = 136901
preemptive halt, cache_misses = 136901
preemptive halt, cache_misses = 136901
preemptive halt, cache_misses = 136901
preemptive halt, cache_misses = 136901
preemptive halt, cache_misses = 136901
preemptive halt, cache_misses = 136901
preemptive halt, cache_misses = 136901
preemptive halt, cache_misses = 136901
preemptive halt, cache_misses = 136901
preemptive halt, cache_misses = 136901
preemptive halt, cache_misses = 136901
preemptive halt, cache_misses = 136901
preemptive halt, cache_misses = 136901
preemptive halt, cache_misses = 136901
preemptive halt, cache_misses = 136901
preemptive halt, cache_misses = 136901
preemptive halt, cache_misses = 136901
preemptive halt, cache_misses = 136901
preemptive halt, cache_misses = 136901
preemptive halt, cache_misses = 136901
preemptive halt, cache_misses = 136901
preemptive halt, cache_misses = 136901
preemptive halt, cache_misses = 136901
preemptive halt, cache_misses = 136901
preemptive halt, cache_misses = 136901
preemptive halt, cache_misses = 136901
preemptive halt, cache_misses = 136901
preemptive halt, cache_misses = 136901
preemptive halt, cache_misses = 136901
preemptive halt, cache_misses = 136901
preemptive halt, cache_misses = 136901
preemptive halt, cache_misses = 136901
preemptive halt, cache_misses = 136901
preemptive halt, cache_misses = 136901
preemptive halt, cache_misses = 136901
preemptive halt, cache_misses = 136901
preemptive halt, cache_misses = 136901
preemptive halt, cache_misses = 136901
preemptive halt, cache_misses = 136901
preemptive halt, cache_misses = 136901
preemptive halt, cache_misses = 136901
preemptive halt, cache_misses = 136901
preemptive halt, cache_misses = 136901
preemptive halt, cache_misses = 136901
preemptive halt, cache_misses = 136901
preemptive halt, cache_misses = 136901
preemptive halt, cache_misses = 136901
preemptive halt, cache_misses = 136901
preemptive halt, cache_misses = 136901
preemptive halt, cache_misses = 136901
preemptive halt, cache_misses = 136901
preemptive halt, cache_misses = 136901
preemptive halt, cache_misses = 136901
preemptive halt, cache_misses = 136901
preemptive halt, cache_misses = 136901
preemptive halt, cache_misses = 136901
preemptive halt, cache_misses = 136901
preemptive halt, cache_misses = 136901
preemptive halt, cache_misses = 136901
preemptive halt, cache_misses = 136901
preemptive halt, cache_misses = 136901
preemptive halt, cache_misses = 136901
preemptive halt, cache_misses = 136901
preemptive halt, cache_misses = 136901
preemptive halt, cache_misses = 136901
preemptive halt, cache_misses = 136901
preemptive halt, cache_misses = 136901
preemptive halt, cache_misses = 136901
preemptive halt, cache_misses = 136901
preemptive halt, cache_misses = 136901
preemptive halt, cache_misses = 136901
preemptive halt, cache_misses = 136901
preemptive halt, cache_misses = 136901
preemptive halt, cache_misses = 136901
preemptive halt, cache_misses = 136901
preemptive halt, cache_misses = 136901
preemptive halt, cache_misses = 136901
preemptive halt, cache_misses = 136901
preemptive halt, cache_misses = 136901
preemptive halt, cache_misses = 136901
preemptive halt, cache_misses = 136901
preemptive halt, cache_misses = 136901
preemptive halt, cache_misses = 136901
preemptive halt, cache_misses = 136901
preemptive halt, cache_misses = 136901
preemptive halt, cache_misses = 136901
preemptive halt, cache_misses = 136901
preemptive halt, cache_misses = 136901
preemptive halt, cache_misses = 136901
preemptive halt, cache_misses = 136901
preemptive halt, cache_misses = 136901
preemptive halt, cache_misses = 136901
preemptive halt, cache_misses = 136901
preemptive halt, cache_misses = 136901
preemptive halt, cache_misses = 136901
preemptive halt, cache_misses = 136901
preemptive halt, cache_misses = 136901
preemptive halt, cache_misses = 136901
preemptive halt, cache_misses = 136901
preemptive halt, cache_misses = 136901
preemptive halt, cache_misses = 136901
preemptive halt, cache_misses = 136901
preemptive halt, cache_misses = 136901
preemptive halt, cache_misses = 136901
preemptive halt, cache_misses = 136901
preemptive halt, cache_misses = 136901
preemptive halt, cache_misses = 136901
preemptive halt, cache_misses = 136901
preemptive halt, cache_misses = 136901
preemptive halt, cache_misses = 136901
preemptive halt, cache_misses = 136901
preemptive halt, cache_misses = 136901
preemptive halt, cache_misses = 136901
preemptive halt, cache_misses = 136901
preemptive halt, cache_misses = 136901
preemptive halt, cache_misses = 136901
preemptive halt, cache_misses = 136901
preemptive halt, cache_misses = 136901
preemptive halt, cache_misses = 136901
preemptive halt, cache_misses = 136901
preemptive halt, cache_misses = 136901
preemptive halt, cache_misses = 136901
preemptive halt, cache_misses = 136901
preemptive halt, cache_misses = 136901
preemptive halt, cache_misses = 136901
preemptive halt, cache_misses = 136901
preemptive halt, cache_misses = 136901
preemptive halt, cache_misses = 136901
preemptive halt, cache_misses = 136901
preemptive halt, cache_misses = 136901
preemptive halt, cache_misses = 136901
preemptive halt, cache_misses = 136901
preemptive halt, cache_misses = 136901
preemptive halt, cache_misses = 136901
preemptive halt, cache_misses = 136901
preemptive halt, cache_misses = 136901
preemptive halt, cache_misses = 136901
preemptive halt, cache_misses = 136901
preemptive halt, cache_misses = 136901
preemptive halt, cache_misses = 136901
preemptive halt, cache_misses = 136901
preemptive halt, cache_misses = 136901
preemptive halt, cache_misses = 136901
preemptive halt, cache_misses = 136901
preemptive halt, cache_misses = 136901
preemptive halt, cache_misses = 136901
preemptive halt, cache_misses = 136901
preemptive halt, cache_misses = 136901
preemptive halt, cache_misses = 136901
preemptive halt, cache_misses = 136901
preemptive halt, cache_misses = 136901
preemptive halt, cache_misses = 136901
preemptive halt, cache_misses = 136901
preemptive halt, cache_misses = 136901
preemptive halt, cache_misses = 136901
preemptive halt, cache_misses = 136901
preemptive halt, cache_misses = 136901
preemptive halt, cache_misses = 136901
preemptive halt, cache_misses = 136901
preemptive halt, cache_misses = 136901
preemptive halt, cache_misses = 136901
preemptive halt, cache_misses = 136901
preemptive halt, cache_misses = 136901
preemptive halt, cache_misses = 136901
preemptive halt, cache_misses = 136901
preemptive halt, cache_misses = 136901
preemptive halt, cache_misses = 136901
preemptive halt, cache_misses = 136901
preemptive halt, cache_misses = 136901
preemptive halt, cache_misses = 136901
preemptive halt, cache_misses = 136901
preemptive halt, cache_misses = 136901
preemptive halt, cache_misses = 136901
preemptive halt, cache_misses = 136901
preemptive halt, cache_misses = 136901
preemptive halt, cache_misses = 136901
preemptive halt, cache_misses = 136901
preemptive halt, cache_misses = 136901
preemptive halt, cache_misses = 136901
preemptive halt, cache_misses = 136901
preemptive halt, cache_misses = 136901
preemptive halt, cache_misses = 136901
preemptive halt, cache_misses = 136901
preemptive halt, cache_misses = 136901
preemptive halt, cache_misses = 136901
preemptive halt, cache_misses = 136901
preemptive halt, cache_misses = 136901
preemptive halt, cache_misses = 136901
preemptive halt, cache_misses = 136901
preemptive halt, cache_misses = 136901
preemptive halt, cache_misses = 136901
preemptive halt, cache_misses = 136901
preemptive halt, cache_misses = 136901
preemptive halt, cache_misses = 136901
preemptive halt, cache_misses = 136901
preemptive halt, cache_misses = 136901
preemptive halt, cache_misses = 136901
preemptive halt, cache_misses = 136901
preemptive halt, cache_misses = 136901
preemptive halt, cache_misses = 136901
preemptive halt, cache_misses = 136901
preemptive halt, cache_misses = 136901
preemptive halt, cache_misses = 136901
preemptive halt, cache_misses = 136901
preemptive halt, cache_misses = 136901
preemptive halt, cache_misses = 136901
preemptive halt, cache_misses = 136901
preemptive halt, cache_misses = 136901
preemptive halt, cache_misses = 136901
preemptive halt, cache_misses = 136901
preemptive halt, cache_misses = 136901
preemptive halt, cache_misses = 136901
preemptive halt, cache_misses = 136901
preemptive halt, cache_misses = 136901
preemptive halt, cache_misses = 136901
preemptive halt, cache_misses = 136901
preemptive halt, cache_misses = 136901
preemptive halt, cache_misses = 136901
preemptive halt, cache_misses = 136901
preemptive halt, cache_misses = 136901
preemptive halt, cache_misses = 136901
preemptive halt, cache_misses = 136901
preemptive halt, cache_misses = 136901
preemptive halt, cache_misses = 136901
preemptive halt, cache_misses = 136901
preemptive halt, cache_misses = 136901
preemptive halt, cache_misses = 136901
preemptive halt, cache_misses = 136901
preemptive halt, cache_misses = 136901
preemptive halt, cache_misses = 136901
preemptive halt, cache_misses = 136901
preemptive halt, cache_misses = 136901
preemptive halt, cache_misses = 136901
preemptive halt, cache_misses = 136901
preemptive halt, cache_misses = 136901
preemptive halt, cache_misses = 136901
preemptive halt, cache_misses = 136901
preemptive halt, cache_misses = 136901
preemptive halt, cache_misses = 136901
preemptive halt, cache_misses = 136901
preemptive halt, cache_misses = 136901
preemptive halt, cache_misses = 136901
preemptive halt, cache_misses = 136901
preemptive halt, cache_misses = 136901
preemptive halt, cache_misses = 136901
preemptive halt, cache_misses = 136901
preemptive halt, cache_misses = 136901
preemptive halt, cache_misses = 136901
preemptive halt, cache_misses = 136901
preemptive halt, cache_misses = 136901
preemptive halt, cache_misses = 136901
preemptive halt, cache_misses = 136901
preemptive halt, cache_misses = 136901
preemptive halt, cache_misses = 136901
preemptive halt, cache_misses = 136901
preemptive halt, cache_misses = 136901
preemptive halt, cache_misses = 136901
preemptive halt, cache_misses = 136901
preemptive halt, cache_misses = 136901
preemptive halt, cache_misses = 136901
preemptive halt, cache_misses = 136901
preemptive halt, cache_misses = 136901
preemptive halt, cache_misses = 136901
preemptive halt, cache_misses = 136901
preemptive halt, cache_misses = 136901
preemptive halt, cache_misses = 136901
preemptive halt, cache_misses = 136901
preemptive halt, cache_misses = 136901
preemptive halt, cache_misses = 136901
preemptive halt, cache_misses = 136901
preemptive halt, cache_misses = 136901
preemptive halt, cache_misses = 136901
preemptive halt, cache_misses = 136901
preemptive halt, cache_misses = 136901
preemptive halt, cache_misses = 136901
preemptive halt, cache_misses = 136901
preemptive halt, cache_misses = 136901
preemptive halt, cache_misses = 136901
preemptive halt, cache_misses = 136901
preemptive halt, cache_misses = 136901
preemptive halt, cache_misses = 136901
preemptive halt, cache_misses = 136901
preemptive halt, cache_misses = 136901
preemptive halt, cache_misses = 136901
preemptive halt, cache_misses = 136901
preemptive halt, cache_misses = 136901
preemptive halt, cache_misses = 136901
preemptive halt, cache_misses = 136901
preemptive halt, cache_misses = 136901
preemptive halt, cache_misses = 136901
preemptive halt, cache_misses = 136901
preemptive halt, cache_misses = 136901
preemptive halt, cache_misses = 136901
preemptive halt, cache_misses = 136901
preemptive halt, cache_misses = 136901
preemptive halt, cache_misses = 136901
preemptive halt, cache_misses = 136901
preemptive halt, cache_misses = 136901
preemptive halt, cache_misses = 136901
preemptive halt, cache_misses = 136901
preemptive halt, cache_misses = 136901
preemptive halt, cache_misses = 136901
preemptive halt, cache_misses = 136901
preemptive halt, cache_misses = 136901
preemptive halt, cache_misses = 136901
preemptive halt, cache_misses = 136901
preemptive halt, cache_misses = 136901
preemptive halt, cache_misses = 136901
preemptive halt, cache_misses = 136901
preemptive halt, cache_misses = 136901
preemptive halt, cache_misses = 136901
preemptive halt, cache_misses = 136901
preemptive halt, cache_misses = 136901
preemptive halt, cache_misses = 136901
preemptive halt, cache_misses = 136901
preemptive halt, cache_misses = 136901
preemptive halt, cache_misses = 136901
preemptive halt, cache_misses = 136901
preemptive halt, cache_misses = 136901
preemptive halt, cache_misses = 136901
preemptive halt, cache_misses = 136901
preemptive halt, cache_misses = 136901
preemptive halt, cache_misses = 136901
preemptive halt, cache_misses = 136901
preemptive halt, cache_misses = 136901
preemptive halt, cache_misses = 136901
preemptive halt, cache_misses = 136901
preemptive halt, cache_misses = 136901
preemptive halt, cache_misses = 136901
preemptive halt, cache_misses = 136901
preemptive halt, cache_misses = 136901
preemptive halt, cache_misses = 136901
preemptive halt, cache_misses = 136901
preemptive halt, cache_misses = 136901
preemptive halt, cache_misses = 136901
preemptive halt, cache_misses = 136901
preemptive halt, cache_misses = 136901
preemptive halt, cache_misses = 136901
preemptive halt, cache_misses = 136901
preemptive halt, cache_misses = 136901
preemptive halt, cache_misses = 136901
preemptive halt, cache_misses = 136901
preemptive halt, cache_misses = 136901
preemptive halt, cache_misses = 136901
preemptive halt, cache_misses = 136901
preemptive halt, cache_misses = 136901
preemptive halt, cache_misses = 136901
preemptive halt, cache_misses = 136901
preemptive halt, cache_misses = 136901
preemptive halt, cache_misses = 136901
preemptive halt, cache_misses = 136901
preemptive halt, cache_misses = 136901
preemptive halt, cache_misses = 136901
preemptive halt, cache_misses = 136901
preemptive halt, cache_misses = 136901
preemptive halt, cache_misses = 136901
preemptive halt, cache_misses = 136901
preemptive halt, cache_misses = 136901
preemptive halt, cache_misses = 136901
preemptive halt, cache_misses = 136901
preemptive halt, cache_misses = 136901
preemptive halt, cache_misses = 136901
preemptive halt, cache_misses = 136901
preemptive halt, cache_misses = 136901
preemptive halt, cache_misses = 136901
preemptive halt, cache_misses = 136901
preemptive halt, cache_misses = 136901
preemptive halt, cache_misses = 136901
preemptive halt, cache_misses = 136901
preemptive halt, cache_misses = 136901
preemptive halt, cache_misses = 136901
preemptive halt, cache_misses = 136901
preemptive halt, cache_misses = 136901
preemptive halt, cache_misses = 136901
preemptive halt, cache_misses = 136901
preemptive halt, cache_misses = 136901
preemptive halt, cache_misses = 136901
preemptive halt, cache_misses = 136901
preemptive halt, cache_misses = 136901
preemptive halt, cache_misses = 136901
preemptive halt, cache_misses = 136901
preemptive halt, cache_misses = 136901
preemptive halt, cache_misses = 136901
preemptive halt, cache_misses = 136901
preemptive halt, cache_misses = 136901
preemptive halt, cache_misses = 136901
preemptive halt, cache_misses = 136901
preemptive halt, cache_misses = 136901
preemptive halt, cache_misses = 136901
preemptive halt, cache_misses = 136901
preemptive halt, cache_misses = 136901
preemptive halt, cache_misses = 136901
preemptive halt, cache_misses = 136901
preemptive halt, cache_misses = 136901
preemptive halt, cache_misses = 136901
preemptive halt, cache_misses = 136901
preemptive halt, cache_misses = 136901
preemptive halt, cache_misses = 136901
preemptive halt, cache_misses = 136901
preemptive halt, cache_misses = 136901
preemptive halt, cache_misses = 136901
preemptive halt, cache_misses = 136901
preemptive halt, cache_misses = 136901
preemptive halt, cache_misses = 136901
preemptive halt, cache_misses = 136901
preemptive halt, cache_misses = 136901
preemptive halt, cache_misses = 136901
preemptive halt, cache_misses = 136901
preemptive halt, cache_misses = 136901
preemptive halt, cache_misses = 136901
preemptive halt, cache_misses = 136901
preemptive halt, cache_misses = 136901
preemptive halt, cache_misses = 136901
preemptive halt, cache_misses = 136901
preemptive halt, cache_misses = 136901
preemptive halt, cache_misses = 136901
preemptive halt, cache_misses = 136901
preemptive halt, cache_misses = 136901
preemptive halt, cache_misses = 136901
preemptive halt, cache_misses = 136901
preemptive halt, cache_misses = 136901
preemptive halt, cache_misses = 136901
preemptive halt, cache_misses = 136901
preemptive halt, cache_misses = 136901
preemptive halt, cache_misses = 136901
preemptive halt, cache_misses = 136901
preemptive halt, cache_misses = 136901
preemptive halt, cache_misses = 136901
preemptive halt, cache_misses = 136901
preemptive halt, cache_misses = 136901
preemptive halt, cache_misses = 136901
preemptive halt, cache_misses = 136901
preemptive halt, cache_misses = 136901
preemptive halt, cache_misses = 136901
preemptive halt, cache_misses = 136901
preemptive halt, cache_misses = 136901
preemptive halt, cache_misses = 136901
preemptive halt, cache_misses = 136901
preemptive halt, cache_misses = 136901
preemptive halt, cache_misses = 136901
preemptive halt, cache_misses = 136901
preemptive halt, cache_misses = 136901
preemptive halt, cache_misses = 136901
preemptive halt, cache_misses = 136901
preemptive halt, cache_misses = 136901
preemptive halt, cache_misses = 136901
preemptive halt, cache_misses = 136901
preemptive halt, cache_misses = 136901
preemptive halt, cache_misses = 136901
preemptive halt, cache_misses = 136901
preemptive halt, cache_misses = 136901
preemptive halt, cache_misses = 136901
preemptive halt, cache_misses = 136901
preemptive halt, cache_misses = 136901
preemptive halt, cache_misses = 136901
preemptive halt, cache_misses = 136901
preemptive halt, cache_misses = 136901
preemptive halt, cache_misses = 136901
preemptive halt, cache_misses = 136901
preemptive halt, cache_misses = 136901
preemptive halt, cache_misses = 136901
preemptive halt, cache_misses = 136901
preemptive halt, cache_misses = 136901
preemptive halt, cache_misses = 136901
preemptive halt, cache_misses = 136901
preemptive halt, cache_misses = 136901
preemptive halt, cache_misses = 136901
preemptive halt, cache_misses = 136901
preemptive halt, cache_misses = 136901
preemptive halt, cache_misses = 136901
preemptive halt, cache_misses = 136901
preemptive halt, cache_misses = 136901
preemptive halt, cache_misses = 136901
preemptive halt, cache_misses = 136901
preemptive halt, cache_misses = 136901
preemptive halt, cache_misses = 136901
preemptive halt, cache_misses = 136901
preemptive halt, cache_misses = 136901
preemptive halt, cache_misses = 136901
preemptive halt, cache_misses = 136901
preemptive halt, cache_misses = 136901
preemptive halt, cache_misses = 136901
preemptive halt, cache_misses = 136901
preemptive halt, cache_misses = 136901
preemptive halt, cache_misses = 136901
preemptive halt, cache_misses = 136901
preemptive halt, cache_misses = 136901
preemptive halt, cache_misses = 136901
preemptive halt, cache_misses = 136901
preemptive halt, cache_misses = 136901
preemptive halt, cache_misses = 136901
preemptive halt, cache_misses = 136901
preemptive halt, cache_misses = 136901
preemptive halt, cache_misses = 136901
preemptive halt, cache_misses = 136901
preemptive halt, cache_misses = 136901
preemptive halt, cache_misses = 136901
preemptive halt, cache_misses = 136901
preemptive halt, cache_misses = 136901
preemptive halt, cache_misses = 136901
preemptive halt, cache_misses = 136901
preemptive halt, cache_misses = 136901
preemptive halt, cache_misses = 136901
preemptive halt, cache_misses = 136901
preemptive halt, cache_misses = 136901
preemptive halt, cache_misses = 136901
preemptive halt, cache_misses = 136901
preemptive halt, cache_misses = 136901
preemptive halt, cache_misses = 136901
preemptive halt, cache_misses = 136901
preemptive halt, cache_misses = 136901
preemptive halt, cache_misses = 136901
preemptive halt, cache_misses = 136901
preemptive halt, cache_misses = 136901
preemptive halt, cache_misses = 136901
preemptive halt, cache_misses = 136901
preemptive halt, cache_misses = 136901
preemptive halt, cache_misses = 136901
preemptive halt, cache_misses = 136901
preemptive halt, cache_misses = 136901
preemptive halt, cache_misses = 136901
preemptive halt, cache_misses = 136901
preemptive halt, cache_misses = 136901
preemptive halt, cache_misses = 136901
preemptive halt, cache_misses = 136901
preemptive halt, cache_misses = 136901
preemptive halt, cache_misses = 136901
preemptive halt, cache_misses = 136901
preemptive halt, cache_misses = 136901
preemptive halt, cache_misses = 136901
preemptive halt, cache_misses = 136901
preemptive halt, cache_misses = 136901
preemptive halt, cache_misses = 136901
preemptive halt, cache_misses = 136901
preemptive halt, cache_misses = 136901
preemptive halt, cache_misses = 136901
preemptive halt, cache_misses = 136901
preemptive halt, cache_misses = 136901
preemptive halt, cache_misses = 136901
preemptive halt, cache_misses = 136901
preemptive halt, cache_misses = 136901
preemptive halt, cache_misses = 136901
preemptive halt, cache_misses = 136901
preemptive halt, cache_misses = 136901
preemptive halt, cache_misses = 136901
preemptive halt, cache_misses = 136901
preemptive halt, cache_misses = 136901
preemptive halt, cache_misses = 136901
preemptive halt, cache_misses = 136901
preemptive halt, cache_misses = 136901
binary search, size 60000  misses 136901  min 40000  max 80000
binary search, size 70000  misses 136899  min 60000  max 80000
binary search, size 65000  misses 136899  min 60000  max 70000
binary search, size 62500  misses 136899  min 60000  max 65000
preemptive halt, cache_misses = 136900
preemptive halt, cache_misses = 136900
preemptive halt, cache_misses = 136900
preemptive halt, cache_misses = 136900
binary search, size 61250  misses 136900  min 60000  max 62500
binary search, size 61875  misses 136899  min 61250  max 62500
binary search, size 61562  misses 136899  min 61250  max 61875
preemptive halt, cache_misses = 136900
preemptive halt, cache_misses = 136900
preemptive halt, cache_misses = 136900
preemptive halt, cache_misses = 136900
binary search, size 61406  misses 136900  min 61250  max 61562
binary search, size 61484  misses 136899  min 61406  max 61562
binary search, size 61445  misses 136899  min 61406  max 61484
binary search, size 61425  misses 136899  min 61406  max 61445
preemptive halt, cache_misses = 136900
preemptive halt, cache_misses = 136900
preemptive halt, cache_misses = 136900
preemptive halt, cache_misses = 136900
binary search, size 61415  misses 136900  min 61406  max 61425
binary search, size 61420  misses 136899  min 61415  max 61425
preemptive halt, cache_misses = 136900
preemptive halt, cache_misses = 136900
preemptive halt, cache_misses = 136900
preemptive halt, cache_misses = 136900
binary search, size 61417  misses 136900  min 61415  max 61420
preemptive halt, cache_misses = 136901
preemptive halt, cache_misses = 136901
preemptive halt, cache_misses = 136901
preemptive halt, cache_misses = 136901
preemptive halt, cache_misses = 136901
preemptive halt, cache_misses = 136901
binary search, size 61418  misses 136901  min 61417  max 61420
binary search, size 61419  misses 136899  min 61418  max 61420
characteristic cache size (binary search) for 369 = 61419
End at: 2021-04-02 02:28:51.190684
Time elapsed: 0:00:02.539257
