Begin at: 2021-04-02 02:25:54.748406
['../dist/Debug/GNU-Linux/memo_batch_tester', '', '--mbt_execution_trace_fname', 'olcs4_traceback_csize_input_types/OLCS4_lru_2021_04_02__02_23_19_k_3__d_2_cache_size_160000_problems_10_to_400/OLCS4_lru_2021_04_02__02_23_19_k_3__d_2_cache_size_160000_problems_10_to_400/OLCS4__do_traceback_prob_size_279_cache_size_160000_lru_k_3_d_2_execution_trace_2021_4_2_2_25_54_pid_11960.log', '--mbt_cache_misses_fname', 'olcs4_traceback_csize_input_types/OLCS4_lru_2021_04_02__02_23_19_k_3__d_2_cache_size_160000_problems_10_to_400/lcs_cost_OLCS4_lru_misses_for_cache_size.csv', '--mbt_misses_for_problem_size_fname', 'olcs4_traceback_csize_input_types/OLCS4_lru_2021_04_02__02_23_19_k_3__d_2_cache_size_160000_problems_10_to_400/lcs_cost_OLCS4_lru_misses_for_problem_size.csv', '--mbt_exact_cutoff_min_cache_size', '160000', '--mbt_exact_cutoff_max_cache_size', '160000', '--mbt_problem_type', 'lcs', '--mbt_metric_type', 'csize_binary_search', '--mbt_cutoff_ratio', '2.2', '--mbt_instance_fname', '279', '--mbt_detailed_cache_misses_out_fname', 'csize_olcs4_traceback_0011nc_nc1100_0_9.csv', '--mbt_phi_N', '5.0', '--mbt_problem_size', '279', '--lcs_compute_length', '0', '--lcs_perform_traceback', '1', '--lig_instance_type', '0011nc_nc1100', '--lig_n', '279', '--lig_c', '0.9', '--lig_b', '3.0', '--lcs_oblivious', '4', '--lcs_execution_trace_fname', 'olcs4_traceback_csize_input_types/OLCS4_lru_2021_04_02__02_23_19_k_3__d_2_cache_size_160000_problems_10_to_400/OLCS4_lru_2021_04_02__02_23_19_k_3__d_2_cache_size_160000_problems_10_to_400/OLCS4__do_traceback_prob_size_279_cache_size_160000_lru_k_3_d_2_execution_trace_2021_4_2_2_25_54_pid_11960.log', '--memo_caching_strategy', 'lru', '--memo_cache_size', '160001', '--memo_lru_queue_size', '160000', '--memo_cuckoo_k', '4', '--memo_key_length', '8', '--memo_value_length', '8', '--memo_k_timestamps', '3', '--memo_d_recent_timestamps', '2', '--memo_a_items_per_timestamp_factor', '0.4375']

csize_binary_search chosen
lcs problem_type lcs cache_size 160001
initialize_long_int_cache begin
init_memo
arguments to memo:
 --mbt_execution_trace_fname olcs4_traceback_csize_input_types/OLCS4_lru_2021_04_02__02_23_19_k_3__d_2_cache_size_160000_problems_10_to_400/OLCS4_lru_2021_04_02__02_23_19_k_3__d_2_cache_size_160000_problems_10_to_400/OLCS4__do_traceback_prob_size_279_cache_size_160000_lru_k_3_d_2_execution_trace_2021_4_2_2_25_54_pid_11960.log --mbt_cache_misses_fname olcs4_traceback_csize_input_types/OLCS4_lru_2021_04_02__02_23_19_k_3__d_2_cache_size_160000_problems_10_to_400/lcs_cost_OLCS4_lru_misses_for_cache_size.csv --mbt_misses_for_problem_size_fname olcs4_traceback_csize_input_types/OLCS4_lru_2021_04_02__02_23_19_k_3__d_2_cache_size_160000_problems_10_to_400/lcs_cost_OLCS4_lru_misses_for_problem_size.csv --mbt_exact_cutoff_min_cache_size 160000 --mbt_exact_cutoff_max_cache_size 160000 --mbt_problem_type lcs --mbt_metric_type csize_binary_search --mbt_cutoff_ratio 2.2 --mbt_instance_fname 279 --mbt_detailed_cache_misses_out_fname csize_olcs4_traceback_0011nc_nc1100_0_9.csv --mbt_phi_N 5.0 --mbt_problem_size 279 --lcs_compute_length 0 --lcs_perform_traceback 1 --lig_instance_type 0011nc_nc1100 --lig_n 279 --lig_c 0.9 --lig_b 3.0 --lcs_oblivious 4 --lcs_execution_trace_fname olcs4_traceback_csize_input_types/OLCS4_lru_2021_04_02__02_23_19_k_3__d_2_cache_size_160000_problems_10_to_400/OLCS4_lru_2021_04_02__02_23_19_k_3__d_2_cache_size_160000_problems_10_to_400/OLCS4__do_traceback_prob_size_279_cache_size_160000_lru_k_3_d_2_execution_trace_2021_4_2_2_25_54_pid_11960.log --memo_caching_strategy lru --memo_cache_size 160001 --memo_lru_queue_size 160000 --memo_cuckoo_k 4 --memo_key_length 8 --memo_value_length 8 --memo_k_timestamps 3 --memo_d_recent_timestamps 2 --memo_a_items_per_timestamp_factor 0.4375 
calculate_table_size: table_size is 262144, original is 160001
Finished initializing cache
initialize_long_int_cache end
done initializing cache
initializing problem
done initializing problem
commence trials
Starting characteristic_cache_size_binary_search with max cache size 160001
binary search, size 160001  misses 78399
binary search, size 80000  misses 78399  min 0  max 160001
binary search, size 40000  misses 78399  min 0  max 80000
preemptive halt, cache_misses = 78400
preemptive halt, cache_misses = 78400
preemptive halt, cache_misses = 78400
preemptive halt, cache_misses = 78400
preemptive halt, cache_misses = 78400
preemptive halt, cache_misses = 78400
preemptive halt, cache_misses = 78400
preemptive halt, cache_misses = 78400
preemptive halt, cache_misses = 78400
preemptive halt, cache_misses = 78400
preemptive halt, cache_misses = 78400
preemptive halt, cache_misses = 78400
preemptive halt, cache_misses = 78400
preemptive halt, cache_misses = 78400
preemptive halt, cache_misses = 78400
preemptive halt, cache_misses = 78400
preemptive halt, cache_misses = 78400
preemptive halt, cache_misses = 78400
preemptive halt, cache_misses = 78400
preemptive halt, cache_misses = 78400
preemptive halt, cache_misses = 78400
preemptive halt, cache_misses = 78400
preemptive halt, cache_misses = 78400
preemptive halt, cache_misses = 78400
preemptive halt, cache_misses = 78400
preemptive halt, cache_misses = 78400
preemptive halt, cache_misses = 78400
preemptive halt, cache_misses = 78400
preemptive halt, cache_misses = 78400
preemptive halt, cache_misses = 78400
preemptive halt, cache_misses = 78400
preemptive halt, cache_misses = 78400
preemptive halt, cache_misses = 78400
preemptive halt, cache_misses = 78400
preemptive halt, cache_misses = 78400
preemptive halt, cache_misses = 78400
preemptive halt, cache_misses = 78400
preemptive halt, cache_misses = 78400
preemptive halt, cache_misses = 78400
preemptive halt, cache_misses = 78400
preemptive halt, cache_misses = 78400
preemptive halt, cache_misses = 78400
preemptive halt, cache_misses = 78400
preemptive halt, cache_misses = 78400
preemptive halt, cache_misses = 78400
preemptive halt, cache_misses = 78400
preemptive halt, cache_misses = 78400
preemptive halt, cache_misses = 78400
preemptive halt, cache_misses = 78400
preemptive halt, cache_misses = 78400
preemptive halt, cache_misses = 78400
preemptive halt, cache_misses = 78400
preemptive halt, cache_misses = 78400
preemptive halt, cache_misses = 78400
preemptive halt, cache_misses = 78400
preemptive halt, cache_misses = 78400
preemptive halt, cache_misses = 78400
preemptive halt, cache_misses = 78400
preemptive halt, cache_misses = 78400
preemptive halt, cache_misses = 78400
preemptive halt, cache_misses = 78400
preemptive halt, cache_misses = 78400
preemptive halt, cache_misses = 78400
preemptive halt, cache_misses = 78400
preemptive halt, cache_misses = 78400
preemptive halt, cache_misses = 78400
preemptive halt, cache_misses = 78400
preemptive halt, cache_misses = 78400
preemptive halt, cache_misses = 78400
preemptive halt, cache_misses = 78400
preemptive halt, cache_misses = 78400
preemptive halt, cache_misses = 78400
preemptive halt, cache_misses = 78400
preemptive halt, cache_misses = 78400
preemptive halt, cache_misses = 78400
preemptive halt, cache_misses = 78400
preemptive halt, cache_misses = 78400
preemptive halt, cache_misses = 78400
preemptive halt, cache_misses = 78400
preemptive halt, cache_misses = 78400
preemptive halt, cache_misses = 78400
preemptive halt, cache_misses = 78400
preemptive halt, cache_misses = 78400
preemptive halt, cache_misses = 78400
preemptive halt, cache_misses = 78400
preemptive halt, cache_misses = 78400
preemptive halt, cache_misses = 78400
preemptive halt, cache_misses = 78400
preemptive halt, cache_misses = 78400
preemptive halt, cache_misses = 78400
preemptive halt, cache_misses = 78400
preemptive halt, cache_misses = 78400
preemptive halt, cache_misses = 78400
preemptive halt, cache_misses = 78400
preemptive halt, cache_misses = 78400
preemptive halt, cache_misses = 78400
preemptive halt, cache_misses = 78400
preemptive halt, cache_misses = 78400
preemptive halt, cache_misses = 78400
preemptive halt, cache_misses = 78400
preemptive halt, cache_misses = 78400
preemptive halt, cache_misses = 78400
preemptive halt, cache_misses = 78400
preemptive halt, cache_misses = 78400
preemptive halt, cache_misses = 78400
preemptive halt, cache_misses = 78400
preemptive halt, cache_misses = 78400
preemptive halt, cache_misses = 78400
preemptive halt, cache_misses = 78400
preemptive halt, cache_misses = 78400
preemptive halt, cache_misses = 78400
preemptive halt, cache_misses = 78400
preemptive halt, cache_misses = 78400
preemptive halt, cache_misses = 78400
preemptive halt, cache_misses = 78400
preemptive halt, cache_misses = 78400
preemptive halt, cache_misses = 78400
preemptive halt, cache_misses = 78400
preemptive halt, cache_misses = 78400
preemptive halt, cache_misses = 78400
preemptive halt, cache_misses = 78400
preemptive halt, cache_misses = 78400
preemptive halt, cache_misses = 78400
preemptive halt, cache_misses = 78400
preemptive halt, cache_misses = 78400
preemptive halt, cache_misses = 78400
preemptive halt, cache_misses = 78400
preemptive halt, cache_misses = 78400
preemptive halt, cache_misses = 78400
preemptive halt, cache_misses = 78400
preemptive halt, cache_misses = 78400
preemptive halt, cache_misses = 78400
preemptive halt, cache_misses = 78400
preemptive halt, cache_misses = 78400
preemptive halt, cache_misses = 78400
preemptive halt, cache_misses = 78400
preemptive halt, cache_misses = 78400
preemptive halt, cache_misses = 78400
preemptive halt, cache_misses = 78400
preemptive halt, cache_misses = 78400
preemptive halt, cache_misses = 78400
preemptive halt, cache_misses = 78400
preemptive halt, cache_misses = 78400
preemptive halt, cache_misses = 78400
preemptive halt, cache_misses = 78400
preemptive halt, cache_misses = 78400
preemptive halt, cache_misses = 78400
preemptive halt, cache_misses = 78400
preemptive halt, cache_misses = 78400
preemptive halt, cache_misses = 78400
preemptive halt, cache_misses = 78400
preemptive halt, cache_misses = 78400
preemptive halt, cache_misses = 78400
preemptive halt, cache_misses = 78400
preemptive halt, cache_misses = 78400
preemptive halt, cache_misses = 78400
preemptive halt, cache_misses = 78400
preemptive halt, cache_misses = 78400
preemptive halt, cache_misses = 78400
preemptive halt, cache_misses = 78400
preemptive halt, cache_misses = 78400
preemptive halt, cache_misses = 78400
preemptive halt, cache_misses = 78400
preemptive halt, cache_misses = 78400
preemptive halt, cache_misses = 78400
preemptive halt, cache_misses = 78400
preemptive halt, cache_misses = 78400
preemptive halt, cache_misses = 78400
preemptive halt, cache_misses = 78400
preemptive halt, cache_misses = 78400
preemptive halt, cache_misses = 78400
preemptive halt, cache_misses = 78400
preemptive halt, cache_misses = 78400
preemptive halt, cache_misses = 78400
preemptive halt, cache_misses = 78400
preemptive halt, cache_misses = 78400
preemptive halt, cache_misses = 78400
preemptive halt, cache_misses = 78400
preemptive halt, cache_misses = 78400
preemptive halt, cache_misses = 78400
preemptive halt, cache_misses = 78400
preemptive halt, cache_misses = 78400
preemptive halt, cache_misses = 78400
preemptive halt, cache_misses = 78400
preemptive halt, cache_misses = 78400
preemptive halt, cache_misses = 78400
preemptive halt, cache_misses = 78400
preemptive halt, cache_misses = 78400
preemptive halt, cache_misses = 78400
preemptive halt, cache_misses = 78400
preemptive halt, cache_misses = 78400
preemptive halt, cache_misses = 78400
preemptive halt, cache_misses = 78400
preemptive halt, cache_misses = 78400
preemptive halt, cache_misses = 78400
preemptive halt, cache_misses = 78400
preemptive halt, cache_misses = 78400
preemptive halt, cache_misses = 78400
preemptive halt, cache_misses = 78400
preemptive halt, cache_misses = 78400
preemptive halt, cache_misses = 78400
preemptive halt, cache_misses = 78400
preemptive halt, cache_misses = 78400
preemptive halt, cache_misses = 78400
preemptive halt, cache_misses = 78400
preemptive halt, cache_misses = 78400
preemptive halt, cache_misses = 78400
preemptive halt, cache_misses = 78400
preemptive halt, cache_misses = 78400
preemptive halt, cache_misses = 78400
preemptive halt, cache_misses = 78400
preemptive halt, cache_misses = 78400
preemptive halt, cache_misses = 78400
preemptive halt, cache_misses = 78400
preemptive halt, cache_misses = 78400
preemptive halt, cache_misses = 78400
preemptive halt, cache_misses = 78400
preemptive halt, cache_misses = 78400
preemptive halt, cache_misses = 78400
preemptive halt, cache_misses = 78400
preemptive halt, cache_misses = 78400
preemptive halt, cache_misses = 78400
preemptive halt, cache_misses = 78400
preemptive halt, cache_misses = 78400
preemptive halt, cache_misses = 78400
preemptive halt, cache_misses = 78400
preemptive halt, cache_misses = 78400
preemptive halt, cache_misses = 78400
preemptive halt, cache_misses = 78400
preemptive halt, cache_misses = 78400
preemptive halt, cache_misses = 78400
preemptive halt, cache_misses = 78400
preemptive halt, cache_misses = 78400
preemptive halt, cache_misses = 78400
preemptive halt, cache_misses = 78400
preemptive halt, cache_misses = 78400
preemptive halt, cache_misses = 78400
preemptive halt, cache_misses = 78400
preemptive halt, cache_misses = 78400
preemptive halt, cache_misses = 78400
preemptive halt, cache_misses = 78400
preemptive halt, cache_misses = 78400
preemptive halt, cache_misses = 78400
preemptive halt, cache_misses = 78400
preemptive halt, cache_misses = 78400
preemptive halt, cache_misses = 78400
preemptive halt, cache_misses = 78400
preemptive halt, cache_misses = 78400
preemptive halt, cache_misses = 78400
preemptive halt, cache_misses = 78400
preemptive halt, cache_misses = 78400
preemptive halt, cache_misses = 78400
preemptive halt, cache_misses = 78400
preemptive halt, cache_misses = 78400
preemptive halt, cache_misses = 78400
preemptive halt, cache_misses = 78400
preemptive halt, cache_misses = 78400
preemptive halt, cache_misses = 78400
preemptive halt, cache_misses = 78400
preemptive halt, cache_misses = 78400
preemptive halt, cache_misses = 78400
preemptive halt, cache_misses = 78400
preemptive halt, cache_misses = 78400
preemptive halt, cache_misses = 78400
preemptive halt, cache_misses = 78400
preemptive halt, cache_misses = 78400
preemptive halt, cache_misses = 78400
preemptive halt, cache_misses = 78400
preemptive halt, cache_misses = 78400
preemptive halt, cache_misses = 78400
preemptive halt, cache_misses = 78400
preemptive halt, cache_misses = 78400
preemptive halt, cache_misses = 78400
preemptive halt, cache_misses = 78400
preemptive halt, cache_misses = 78400
preemptive halt, cache_misses = 78400
preemptive halt, cache_misses = 78400
preemptive halt, cache_misses = 78400
preemptive halt, cache_misses = 78400
preemptive halt, cache_misses = 78400
preemptive halt, cache_misses = 78400
preemptive halt, cache_misses = 78400
preemptive halt, cache_misses = 78400
preemptive halt, cache_misses = 78400
preemptive halt, cache_misses = 78400
preemptive halt, cache_misses = 78400
preemptive halt, cache_misses = 78400
preemptive halt, cache_misses = 78400
preemptive halt, cache_misses = 78400
preemptive halt, cache_misses = 78400
preemptive halt, cache_misses = 78400
preemptive halt, cache_misses = 78400
preemptive halt, cache_misses = 78400
preemptive halt, cache_misses = 78400
preemptive halt, cache_misses = 78400
preemptive halt, cache_misses = 78400
preemptive halt, cache_misses = 78400
preemptive halt, cache_misses = 78400
preemptive halt, cache_misses = 78400
preemptive halt, cache_misses = 78400
preemptive halt, cache_misses = 78400
preemptive halt, cache_misses = 78400
preemptive halt, cache_misses = 78400
preemptive halt, cache_misses = 78400
preemptive halt, cache_misses = 78400
preemptive halt, cache_misses = 78400
preemptive halt, cache_misses = 78400
preemptive halt, cache_misses = 78400
preemptive halt, cache_misses = 78400
preemptive halt, cache_misses = 78400
preemptive halt, cache_misses = 78400
preemptive halt, cache_misses = 78400
preemptive halt, cache_misses = 78400
preemptive halt, cache_misses = 78400
preemptive halt, cache_misses = 78400
preemptive halt, cache_misses = 78400
preemptive halt, cache_misses = 78400
preemptive halt, cache_misses = 78400
preemptive halt, cache_misses = 78400
preemptive halt, cache_misses = 78400
preemptive halt, cache_misses = 78400
preemptive halt, cache_misses = 78400
preemptive halt, cache_misses = 78400
preemptive halt, cache_misses = 78400
preemptive halt, cache_misses = 78400
preemptive halt, cache_misses = 78400
preemptive halt, cache_misses = 78400
preemptive halt, cache_misses = 78400
preemptive halt, cache_misses = 78400
preemptive halt, cache_misses = 78400
preemptive halt, cache_misses = 78400
preemptive halt, cache_misses = 78400
preemptive halt, cache_misses = 78400
preemptive halt, cache_misses = 78400
preemptive halt, cache_misses = 78400
preemptive halt, cache_misses = 78400
preemptive halt, cache_misses = 78400
preemptive halt, cache_misses = 78400
preemptive halt, cache_misses = 78400
preemptive halt, cache_misses = 78400
preemptive halt, cache_misses = 78400
preemptive halt, cache_misses = 78400
preemptive halt, cache_misses = 78400
preemptive halt, cache_misses = 78400
preemptive halt, cache_misses = 78400
preemptive halt, cache_misses = 78400
preemptive halt, cache_misses = 78400
preemptive halt, cache_misses = 78400
preemptive halt, cache_misses = 78400
preemptive halt, cache_misses = 78400
preemptive halt, cache_misses = 78400
preemptive halt, cache_misses = 78400
preemptive halt, cache_misses = 78400
preemptive halt, cache_misses = 78400
preemptive halt, cache_misses = 78400
preemptive halt, cache_misses = 78400
preemptive halt, cache_misses = 78400
preemptive halt, cache_misses = 78400
preemptive halt, cache_misses = 78400
preemptive halt, cache_misses = 78400
preemptive halt, cache_misses = 78400
preemptive halt, cache_misses = 78400
preemptive halt, cache_misses = 78400
preemptive halt, cache_misses = 78400
preemptive halt, cache_misses = 78400
preemptive halt, cache_misses = 78400
preemptive halt, cache_misses = 78400
preemptive halt, cache_misses = 78400
preemptive halt, cache_misses = 78400
preemptive halt, cache_misses = 78400
preemptive halt, cache_misses = 78400
preemptive halt, cache_misses = 78400
preemptive halt, cache_misses = 78400
preemptive halt, cache_misses = 78400
preemptive halt, cache_misses = 78400
preemptive halt, cache_misses = 78400
preemptive halt, cache_misses = 78400
preemptive halt, cache_misses = 78400
preemptive halt, cache_misses = 78400
preemptive halt, cache_misses = 78400
preemptive halt, cache_misses = 78400
preemptive halt, cache_misses = 78400
preemptive halt, cache_misses = 78400
preemptive halt, cache_misses = 78400
preemptive halt, cache_misses = 78400
preemptive halt, cache_misses = 78400
preemptive halt, cache_misses = 78400
preemptive halt, cache_misses = 78400
preemptive halt, cache_misses = 78400
preemptive halt, cache_misses = 78400
preemptive halt, cache_misses = 78400
preemptive halt, cache_misses = 78400
preemptive halt, cache_misses = 78400
preemptive halt, cache_misses = 78400
preemptive halt, cache_misses = 78400
preemptive halt, cache_misses = 78400
preemptive halt, cache_misses = 78400
preemptive halt, cache_misses = 78400
preemptive halt, cache_misses = 78400
preemptive halt, cache_misses = 78400
preemptive halt, cache_misses = 78400
preemptive halt, cache_misses = 78400
preemptive halt, cache_misses = 78400
preemptive halt, cache_misses = 78400
preemptive halt, cache_misses = 78400
preemptive halt, cache_misses = 78400
preemptive halt, cache_misses = 78400
preemptive halt, cache_misses = 78400
preemptive halt, cache_misses = 78400
preemptive halt, cache_misses = 78400
preemptive halt, cache_misses = 78400
preemptive halt, cache_misses = 78400
preemptive halt, cache_misses = 78400
preemptive halt, cache_misses = 78400
preemptive halt, cache_misses = 78400
preemptive halt, cache_misses = 78400
preemptive halt, cache_misses = 78400
preemptive halt, cache_misses = 78400
preemptive halt, cache_misses = 78400
preemptive halt, cache_misses = 78400
preemptive halt, cache_misses = 78400
preemptive halt, cache_misses = 78400
preemptive halt, cache_misses = 78400
preemptive halt, cache_misses = 78400
preemptive halt, cache_misses = 78400
preemptive halt, cache_misses = 78400
preemptive halt, cache_misses = 78400
preemptive halt, cache_misses = 78400
preemptive halt, cache_misses = 78400
preemptive halt, cache_misses = 78400
preemptive halt, cache_misses = 78400
preemptive halt, cache_misses = 78400
preemptive halt, cache_misses = 78400
preemptive halt, cache_misses = 78400
preemptive halt, cache_misses = 78400
preemptive halt, cache_misses = 78400
preemptive halt, cache_misses = 78400
preemptive halt, cache_misses = 78400
preemptive halt, cache_misses = 78400
preemptive halt, cache_misses = 78400
preemptive halt, cache_misses = 78400
preemptive halt, cache_misses = 78400
preemptive halt, cache_misses = 78400
preemptive halt, cache_misses = 78400
preemptive halt, cache_misses = 78400
preemptive halt, cache_misses = 78400
preemptive halt, cache_misses = 78400
preemptive halt, cache_misses = 78400
preemptive halt, cache_misses = 78400
preemptive halt, cache_misses = 78400
preemptive halt, cache_misses = 78400
preemptive halt, cache_misses = 78400
preemptive halt, cache_misses = 78400
preemptive halt, cache_misses = 78400
preemptive halt, cache_misses = 78400
preemptive halt, cache_misses = 78400
preemptive halt, cache_misses = 78400
preemptive halt, cache_misses = 78400
binary search, size 20000  misses 78400  min 0  max 40000
preemptive halt, cache_misses = 78401
preemptive halt, cache_misses = 78401
preemptive halt, cache_misses = 78401
preemptive halt, cache_misses = 78401
preemptive halt, cache_misses = 78401
preemptive halt, cache_misses = 78401
preemptive halt, cache_misses = 78401
preemptive halt, cache_misses = 78401
preemptive halt, cache_misses = 78401
preemptive halt, cache_misses = 78401
preemptive halt, cache_misses = 78401
preemptive halt, cache_misses = 78401
preemptive halt, cache_misses = 78401
preemptive halt, cache_misses = 78401
preemptive halt, cache_misses = 78401
preemptive halt, cache_misses = 78401
preemptive halt, cache_misses = 78401
preemptive halt, cache_misses = 78401
preemptive halt, cache_misses = 78401
preemptive halt, cache_misses = 78401
preemptive halt, cache_misses = 78401
preemptive halt, cache_misses = 78401
preemptive halt, cache_misses = 78401
preemptive halt, cache_misses = 78401
preemptive halt, cache_misses = 78401
preemptive halt, cache_misses = 78401
preemptive halt, cache_misses = 78401
preemptive halt, cache_misses = 78401
preemptive halt, cache_misses = 78401
preemptive halt, cache_misses = 78401
preemptive halt, cache_misses = 78401
preemptive halt, cache_misses = 78401
preemptive halt, cache_misses = 78401
preemptive halt, cache_misses = 78401
preemptive halt, cache_misses = 78401
preemptive halt, cache_misses = 78401
preemptive halt, cache_misses = 78401
preemptive halt, cache_misses = 78401
preemptive halt, cache_misses = 78401
preemptive halt, cache_misses = 78401
preemptive halt, cache_misses = 78401
preemptive halt, cache_misses = 78401
preemptive halt, cache_misses = 78401
preemptive halt, cache_misses = 78401
preemptive halt, cache_misses = 78401
preemptive halt, cache_misses = 78401
preemptive halt, cache_misses = 78401
preemptive halt, cache_misses = 78401
preemptive halt, cache_misses = 78401
preemptive halt, cache_misses = 78401
preemptive halt, cache_misses = 78401
preemptive halt, cache_misses = 78401
preemptive halt, cache_misses = 78401
preemptive halt, cache_misses = 78401
preemptive halt, cache_misses = 78401
preemptive halt, cache_misses = 78401
preemptive halt, cache_misses = 78401
preemptive halt, cache_misses = 78401
preemptive halt, cache_misses = 78401
preemptive halt, cache_misses = 78401
preemptive halt, cache_misses = 78401
preemptive halt, cache_misses = 78401
preemptive halt, cache_misses = 78401
preemptive halt, cache_misses = 78401
preemptive halt, cache_misses = 78401
preemptive halt, cache_misses = 78401
preemptive halt, cache_misses = 78401
preemptive halt, cache_misses = 78401
preemptive halt, cache_misses = 78401
preemptive halt, cache_misses = 78401
preemptive halt, cache_misses = 78401
preemptive halt, cache_misses = 78401
preemptive halt, cache_misses = 78401
preemptive halt, cache_misses = 78401
preemptive halt, cache_misses = 78401
preemptive halt, cache_misses = 78401
preemptive halt, cache_misses = 78401
preemptive halt, cache_misses = 78401
preemptive halt, cache_misses = 78401
preemptive halt, cache_misses = 78401
preemptive halt, cache_misses = 78401
preemptive halt, cache_misses = 78401
preemptive halt, cache_misses = 78401
preemptive halt, cache_misses = 78401
preemptive halt, cache_misses = 78401
preemptive halt, cache_misses = 78401
preemptive halt, cache_misses = 78401
preemptive halt, cache_misses = 78401
preemptive halt, cache_misses = 78401
preemptive halt, cache_misses = 78401
preemptive halt, cache_misses = 78401
preemptive halt, cache_misses = 78401
preemptive halt, cache_misses = 78401
preemptive halt, cache_misses = 78401
preemptive halt, cache_misses = 78401
preemptive halt, cache_misses = 78401
preemptive halt, cache_misses = 78401
preemptive halt, cache_misses = 78401
preemptive halt, cache_misses = 78401
preemptive halt, cache_misses = 78401
preemptive halt, cache_misses = 78401
preemptive halt, cache_misses = 78401
preemptive halt, cache_misses = 78401
preemptive halt, cache_misses = 78401
preemptive halt, cache_misses = 78401
preemptive halt, cache_misses = 78401
preemptive halt, cache_misses = 78401
preemptive halt, cache_misses = 78401
preemptive halt, cache_misses = 78401
preemptive halt, cache_misses = 78401
preemptive halt, cache_misses = 78401
preemptive halt, cache_misses = 78401
preemptive halt, cache_misses = 78401
preemptive halt, cache_misses = 78401
preemptive halt, cache_misses = 78401
preemptive halt, cache_misses = 78401
preemptive halt, cache_misses = 78401
preemptive halt, cache_misses = 78401
preemptive halt, cache_misses = 78401
preemptive halt, cache_misses = 78401
preemptive halt, cache_misses = 78401
preemptive halt, cache_misses = 78401
preemptive halt, cache_misses = 78401
preemptive halt, cache_misses = 78401
preemptive halt, cache_misses = 78401
preemptive halt, cache_misses = 78401
preemptive halt, cache_misses = 78401
preemptive halt, cache_misses = 78401
preemptive halt, cache_misses = 78401
preemptive halt, cache_misses = 78401
preemptive halt, cache_misses = 78401
preemptive halt, cache_misses = 78401
preemptive halt, cache_misses = 78401
preemptive halt, cache_misses = 78401
preemptive halt, cache_misses = 78401
preemptive halt, cache_misses = 78401
preemptive halt, cache_misses = 78401
preemptive halt, cache_misses = 78401
preemptive halt, cache_misses = 78401
preemptive halt, cache_misses = 78401
preemptive halt, cache_misses = 78401
preemptive halt, cache_misses = 78401
preemptive halt, cache_misses = 78401
preemptive halt, cache_misses = 78401
preemptive halt, cache_misses = 78401
preemptive halt, cache_misses = 78401
preemptive halt, cache_misses = 78401
preemptive halt, cache_misses = 78401
preemptive halt, cache_misses = 78401
preemptive halt, cache_misses = 78401
preemptive halt, cache_misses = 78401
preemptive halt, cache_misses = 78401
preemptive halt, cache_misses = 78401
preemptive halt, cache_misses = 78401
preemptive halt, cache_misses = 78401
preemptive halt, cache_misses = 78401
preemptive halt, cache_misses = 78401
preemptive halt, cache_misses = 78401
preemptive halt, cache_misses = 78401
preemptive halt, cache_misses = 78401
preemptive halt, cache_misses = 78401
preemptive halt, cache_misses = 78401
preemptive halt, cache_misses = 78401
preemptive halt, cache_misses = 78401
preemptive halt, cache_misses = 78401
preemptive halt, cache_misses = 78401
preemptive halt, cache_misses = 78401
preemptive halt, cache_misses = 78401
preemptive halt, cache_misses = 78401
preemptive halt, cache_misses = 78401
preemptive halt, cache_misses = 78401
preemptive halt, cache_misses = 78401
preemptive halt, cache_misses = 78401
preemptive halt, cache_misses = 78401
preemptive halt, cache_misses = 78401
preemptive halt, cache_misses = 78401
preemptive halt, cache_misses = 78401
preemptive halt, cache_misses = 78401
preemptive halt, cache_misses = 78401
preemptive halt, cache_misses = 78401
preemptive halt, cache_misses = 78401
preemptive halt, cache_misses = 78401
preemptive halt, cache_misses = 78401
preemptive halt, cache_misses = 78401
preemptive halt, cache_misses = 78401
preemptive halt, cache_misses = 78401
preemptive halt, cache_misses = 78401
preemptive halt, cache_misses = 78401
preemptive halt, cache_misses = 78401
preemptive halt, cache_misses = 78401
preemptive halt, cache_misses = 78401
preemptive halt, cache_misses = 78401
preemptive halt, cache_misses = 78401
preemptive halt, cache_misses = 78401
preemptive halt, cache_misses = 78401
preemptive halt, cache_misses = 78401
preemptive halt, cache_misses = 78401
preemptive halt, cache_misses = 78401
preemptive halt, cache_misses = 78401
preemptive halt, cache_misses = 78401
preemptive halt, cache_misses = 78401
preemptive halt, cache_misses = 78401
preemptive halt, cache_misses = 78401
preemptive halt, cache_misses = 78401
preemptive halt, cache_misses = 78401
preemptive halt, cache_misses = 78401
preemptive halt, cache_misses = 78401
preemptive halt, cache_misses = 78401
preemptive halt, cache_misses = 78401
preemptive halt, cache_misses = 78401
preemptive halt, cache_misses = 78401
preemptive halt, cache_misses = 78401
preemptive halt, cache_misses = 78401
preemptive halt, cache_misses = 78401
preemptive halt, cache_misses = 78401
preemptive halt, cache_misses = 78401
preemptive halt, cache_misses = 78401
preemptive halt, cache_misses = 78401
preemptive halt, cache_misses = 78401
preemptive halt, cache_misses = 78401
preemptive halt, cache_misses = 78401
preemptive halt, cache_misses = 78401
preemptive halt, cache_misses = 78401
preemptive halt, cache_misses = 78401
preemptive halt, cache_misses = 78401
preemptive halt, cache_misses = 78401
preemptive halt, cache_misses = 78401
preemptive halt, cache_misses = 78401
preemptive halt, cache_misses = 78401
preemptive halt, cache_misses = 78401
preemptive halt, cache_misses = 78401
preemptive halt, cache_misses = 78401
preemptive halt, cache_misses = 78401
preemptive halt, cache_misses = 78401
preemptive halt, cache_misses = 78401
preemptive halt, cache_misses = 78401
preemptive halt, cache_misses = 78401
preemptive halt, cache_misses = 78401
preemptive halt, cache_misses = 78401
preemptive halt, cache_misses = 78401
preemptive halt, cache_misses = 78401
preemptive halt, cache_misses = 78401
preemptive halt, cache_misses = 78401
preemptive halt, cache_misses = 78401
preemptive halt, cache_misses = 78401
preemptive halt, cache_misses = 78401
preemptive halt, cache_misses = 78401
preemptive halt, cache_misses = 78401
preemptive halt, cache_misses = 78401
preemptive halt, cache_misses = 78401
preemptive halt, cache_misses = 78401
preemptive halt, cache_misses = 78401
preemptive halt, cache_misses = 78401
preemptive halt, cache_misses = 78401
preemptive halt, cache_misses = 78401
preemptive halt, cache_misses = 78401
preemptive halt, cache_misses = 78401
preemptive halt, cache_misses = 78401
preemptive halt, cache_misses = 78401
preemptive halt, cache_misses = 78401
preemptive halt, cache_misses = 78401
preemptive halt, cache_misses = 78401
preemptive halt, cache_misses = 78401
preemptive halt, cache_misses = 78401
preemptive halt, cache_misses = 78401
preemptive halt, cache_misses = 78401
preemptive halt, cache_misses = 78401
preemptive halt, cache_misses = 78401
preemptive halt, cache_misses = 78401
preemptive halt, cache_misses = 78401
preemptive halt, cache_misses = 78401
preemptive halt, cache_misses = 78401
preemptive halt, cache_misses = 78401
preemptive halt, cache_misses = 78401
preemptive halt, cache_misses = 78401
preemptive halt, cache_misses = 78401
preemptive halt, cache_misses = 78401
preemptive halt, cache_misses = 78401
preemptive halt, cache_misses = 78401
preemptive halt, cache_misses = 78401
preemptive halt, cache_misses = 78401
preemptive halt, cache_misses = 78401
preemptive halt, cache_misses = 78401
preemptive halt, cache_misses = 78401
preemptive halt, cache_misses = 78401
preemptive halt, cache_misses = 78401
preemptive halt, cache_misses = 78401
preemptive halt, cache_misses = 78401
preemptive halt, cache_misses = 78401
preemptive halt, cache_misses = 78401
preemptive halt, cache_misses = 78401
preemptive halt, cache_misses = 78401
preemptive halt, cache_misses = 78401
preemptive halt, cache_misses = 78401
preemptive halt, cache_misses = 78401
preemptive halt, cache_misses = 78401
preemptive halt, cache_misses = 78401
preemptive halt, cache_misses = 78401
preemptive halt, cache_misses = 78401
preemptive halt, cache_misses = 78401
preemptive halt, cache_misses = 78401
preemptive halt, cache_misses = 78401
preemptive halt, cache_misses = 78401
preemptive halt, cache_misses = 78401
preemptive halt, cache_misses = 78401
preemptive halt, cache_misses = 78401
preemptive halt, cache_misses = 78401
preemptive halt, cache_misses = 78401
preemptive halt, cache_misses = 78401
preemptive halt, cache_misses = 78401
preemptive halt, cache_misses = 78401
preemptive halt, cache_misses = 78401
preemptive halt, cache_misses = 78401
preemptive halt, cache_misses = 78401
preemptive halt, cache_misses = 78401
preemptive halt, cache_misses = 78401
preemptive halt, cache_misses = 78401
preemptive halt, cache_misses = 78401
preemptive halt, cache_misses = 78401
preemptive halt, cache_misses = 78401
preemptive halt, cache_misses = 78401
preemptive halt, cache_misses = 78401
preemptive halt, cache_misses = 78401
preemptive halt, cache_misses = 78401
preemptive halt, cache_misses = 78401
preemptive halt, cache_misses = 78401
preemptive halt, cache_misses = 78401
preemptive halt, cache_misses = 78401
preemptive halt, cache_misses = 78401
preemptive halt, cache_misses = 78401
preemptive halt, cache_misses = 78401
preemptive halt, cache_misses = 78401
preemptive halt, cache_misses = 78401
preemptive halt, cache_misses = 78401
preemptive halt, cache_misses = 78401
preemptive halt, cache_misses = 78401
preemptive halt, cache_misses = 78401
preemptive halt, cache_misses = 78401
preemptive halt, cache_misses = 78401
preemptive halt, cache_misses = 78401
preemptive halt, cache_misses = 78401
preemptive halt, cache_misses = 78401
preemptive halt, cache_misses = 78401
preemptive halt, cache_misses = 78401
preemptive halt, cache_misses = 78401
preemptive halt, cache_misses = 78401
preemptive halt, cache_misses = 78401
preemptive halt, cache_misses = 78401
preemptive halt, cache_misses = 78401
preemptive halt, cache_misses = 78401
preemptive halt, cache_misses = 78401
preemptive halt, cache_misses = 78401
preemptive halt, cache_misses = 78401
preemptive halt, cache_misses = 78401
preemptive halt, cache_misses = 78401
preemptive halt, cache_misses = 78401
preemptive halt, cache_misses = 78401
preemptive halt, cache_misses = 78401
preemptive halt, cache_misses = 78401
preemptive halt, cache_misses = 78401
preemptive halt, cache_misses = 78401
preemptive halt, cache_misses = 78401
preemptive halt, cache_misses = 78401
preemptive halt, cache_misses = 78401
preemptive halt, cache_misses = 78401
preemptive halt, cache_misses = 78401
preemptive halt, cache_misses = 78401
preemptive halt, cache_misses = 78401
preemptive halt, cache_misses = 78401
preemptive halt, cache_misses = 78401
preemptive halt, cache_misses = 78401
preemptive halt, cache_misses = 78401
preemptive halt, cache_misses = 78401
preemptive halt, cache_misses = 78401
preemptive halt, cache_misses = 78401
preemptive halt, cache_misses = 78401
preemptive halt, cache_misses = 78401
preemptive halt, cache_misses = 78401
preemptive halt, cache_misses = 78401
preemptive halt, cache_misses = 78401
preemptive halt, cache_misses = 78401
preemptive halt, cache_misses = 78401
preemptive halt, cache_misses = 78401
preemptive halt, cache_misses = 78401
preemptive halt, cache_misses = 78401
preemptive halt, cache_misses = 78401
preemptive halt, cache_misses = 78401
preemptive halt, cache_misses = 78401
preemptive halt, cache_misses = 78401
preemptive halt, cache_misses = 78401
preemptive halt, cache_misses = 78401
preemptive halt, cache_misses = 78401
preemptive halt, cache_misses = 78401
preemptive halt, cache_misses = 78401
preemptive halt, cache_misses = 78401
preemptive halt, cache_misses = 78401
preemptive halt, cache_misses = 78401
preemptive halt, cache_misses = 78401
preemptive halt, cache_misses = 78401
preemptive halt, cache_misses = 78401
preemptive halt, cache_misses = 78401
preemptive halt, cache_misses = 78401
preemptive halt, cache_misses = 78401
preemptive halt, cache_misses = 78401
preemptive halt, cache_misses = 78401
preemptive halt, cache_misses = 78401
preemptive halt, cache_misses = 78401
preemptive halt, cache_misses = 78401
preemptive halt, cache_misses = 78401
preemptive halt, cache_misses = 78401
preemptive halt, cache_misses = 78401
preemptive halt, cache_misses = 78401
preemptive halt, cache_misses = 78401
preemptive halt, cache_misses = 78401
preemptive halt, cache_misses = 78401
preemptive halt, cache_misses = 78401
preemptive halt, cache_misses = 78401
preemptive halt, cache_misses = 78401
preemptive halt, cache_misses = 78401
preemptive halt, cache_misses = 78401
preemptive halt, cache_misses = 78401
preemptive halt, cache_misses = 78401
preemptive halt, cache_misses = 78401
preemptive halt, cache_misses = 78401
preemptive halt, cache_misses = 78401
preemptive halt, cache_misses = 78401
preemptive halt, cache_misses = 78401
preemptive halt, cache_misses = 78401
preemptive halt, cache_misses = 78401
preemptive halt, cache_misses = 78401
preemptive halt, cache_misses = 78401
preemptive halt, cache_misses = 78401
preemptive halt, cache_misses = 78401
preemptive halt, cache_misses = 78401
preemptive halt, cache_misses = 78401
preemptive halt, cache_misses = 78401
preemptive halt, cache_misses = 78401
preemptive halt, cache_misses = 78401
preemptive halt, cache_misses = 78401
preemptive halt, cache_misses = 78401
preemptive halt, cache_misses = 78401
preemptive halt, cache_misses = 78401
preemptive halt, cache_misses = 78401
preemptive halt, cache_misses = 78401
preemptive halt, cache_misses = 78401
preemptive halt, cache_misses = 78401
preemptive halt, cache_misses = 78401
preemptive halt, cache_misses = 78401
preemptive halt, cache_misses = 78401
preemptive halt, cache_misses = 78401
preemptive halt, cache_misses = 78401
preemptive halt, cache_misses = 78401
preemptive halt, cache_misses = 78401
preemptive halt, cache_misses = 78401
preemptive halt, cache_misses = 78401
preemptive halt, cache_misses = 78401
preemptive halt, cache_misses = 78401
preemptive halt, cache_misses = 78401
preemptive halt, cache_misses = 78401
preemptive halt, cache_misses = 78401
preemptive halt, cache_misses = 78401
preemptive halt, cache_misses = 78401
preemptive halt, cache_misses = 78401
preemptive halt, cache_misses = 78401
preemptive halt, cache_misses = 78401
preemptive halt, cache_misses = 78401
preemptive halt, cache_misses = 78401
preemptive halt, cache_misses = 78401
preemptive halt, cache_misses = 78401
preemptive halt, cache_misses = 78401
preemptive halt, cache_misses = 78401
preemptive halt, cache_misses = 78401
preemptive halt, cache_misses = 78401
preemptive halt, cache_misses = 78401
preemptive halt, cache_misses = 78401
preemptive halt, cache_misses = 78401
preemptive halt, cache_misses = 78401
preemptive halt, cache_misses = 78401
preemptive halt, cache_misses = 78401
preemptive halt, cache_misses = 78401
preemptive halt, cache_misses = 78401
preemptive halt, cache_misses = 78401
preemptive halt, cache_misses = 78401
preemptive halt, cache_misses = 78401
preemptive halt, cache_misses = 78401
preemptive halt, cache_misses = 78401
preemptive halt, cache_misses = 78401
preemptive halt, cache_misses = 78401
preemptive halt, cache_misses = 78401
preemptive halt, cache_misses = 78401
preemptive halt, cache_misses = 78401
preemptive halt, cache_misses = 78401
preemptive halt, cache_misses = 78401
preemptive halt, cache_misses = 78401
preemptive halt, cache_misses = 78401
preemptive halt, cache_misses = 78401
preemptive halt, cache_misses = 78401
preemptive halt, cache_misses = 78401
preemptive halt, cache_misses = 78401
preemptive halt, cache_misses = 78401
preemptive halt, cache_misses = 78401
preemptive halt, cache_misses = 78401
preemptive halt, cache_misses = 78401
preemptive halt, cache_misses = 78401
preemptive halt, cache_misses = 78401
preemptive halt, cache_misses = 78401
preemptive halt, cache_misses = 78401
preemptive halt, cache_misses = 78401
preemptive halt, cache_misses = 78401
preemptive halt, cache_misses = 78401
preemptive halt, cache_misses = 78401
preemptive halt, cache_misses = 78401
preemptive halt, cache_misses = 78401
preemptive halt, cache_misses = 78401
preemptive halt, cache_misses = 78401
preemptive halt, cache_misses = 78401
preemptive halt, cache_misses = 78401
preemptive halt, cache_misses = 78401
preemptive halt, cache_misses = 78401
preemptive halt, cache_misses = 78401
preemptive halt, cache_misses = 78401
preemptive halt, cache_misses = 78401
preemptive halt, cache_misses = 78401
preemptive halt, cache_misses = 78401
preemptive halt, cache_misses = 78401
preemptive halt, cache_misses = 78401
preemptive halt, cache_misses = 78401
preemptive halt, cache_misses = 78401
preemptive halt, cache_misses = 78401
preemptive halt, cache_misses = 78401
preemptive halt, cache_misses = 78401
preemptive halt, cache_misses = 78401
binary search, size 30000  misses 78401  min 20000  max 40000
binary search, size 35000  misses 78399  min 30000  max 40000
preemptive halt, cache_misses = 78400
preemptive halt, cache_misses = 78400
preemptive halt, cache_misses = 78400
preemptive halt, cache_misses = 78400
preemptive halt, cache_misses = 78400
preemptive halt, cache_misses = 78400
preemptive halt, cache_misses = 78400
preemptive halt, cache_misses = 78400
preemptive halt, cache_misses = 78400
preemptive halt, cache_misses = 78400
preemptive halt, cache_misses = 78400
preemptive halt, cache_misses = 78400
preemptive halt, cache_misses = 78400
preemptive halt, cache_misses = 78400
preemptive halt, cache_misses = 78400
preemptive halt, cache_misses = 78400
preemptive halt, cache_misses = 78400
preemptive halt, cache_misses = 78400
preemptive halt, cache_misses = 78400
preemptive halt, cache_misses = 78400
preemptive halt, cache_misses = 78400
preemptive halt, cache_misses = 78400
preemptive halt, cache_misses = 78400
preemptive halt, cache_misses = 78400
preemptive halt, cache_misses = 78400
preemptive halt, cache_misses = 78400
preemptive halt, cache_misses = 78400
preemptive halt, cache_misses = 78400
preemptive halt, cache_misses = 78400
preemptive halt, cache_misses = 78400
preemptive halt, cache_misses = 78400
preemptive halt, cache_misses = 78400
preemptive halt, cache_misses = 78400
preemptive halt, cache_misses = 78400
preemptive halt, cache_misses = 78400
preemptive halt, cache_misses = 78400
preemptive halt, cache_misses = 78400
preemptive halt, cache_misses = 78400
preemptive halt, cache_misses = 78400
preemptive halt, cache_misses = 78400
preemptive halt, cache_misses = 78400
preemptive halt, cache_misses = 78400
preemptive halt, cache_misses = 78400
preemptive halt, cache_misses = 78400
preemptive halt, cache_misses = 78400
preemptive halt, cache_misses = 78400
preemptive halt, cache_misses = 78400
preemptive halt, cache_misses = 78400
preemptive halt, cache_misses = 78400
preemptive halt, cache_misses = 78400
preemptive halt, cache_misses = 78400
preemptive halt, cache_misses = 78400
preemptive halt, cache_misses = 78400
preemptive halt, cache_misses = 78400
preemptive halt, cache_misses = 78400
preemptive halt, cache_misses = 78400
preemptive halt, cache_misses = 78400
preemptive halt, cache_misses = 78400
preemptive halt, cache_misses = 78400
preemptive halt, cache_misses = 78400
preemptive halt, cache_misses = 78400
preemptive halt, cache_misses = 78400
preemptive halt, cache_misses = 78400
preemptive halt, cache_misses = 78400
preemptive halt, cache_misses = 78400
preemptive halt, cache_misses = 78400
preemptive halt, cache_misses = 78400
preemptive halt, cache_misses = 78400
preemptive halt, cache_misses = 78400
preemptive halt, cache_misses = 78400
preemptive halt, cache_misses = 78400
preemptive halt, cache_misses = 78400
preemptive halt, cache_misses = 78400
preemptive halt, cache_misses = 78400
preemptive halt, cache_misses = 78400
preemptive halt, cache_misses = 78400
preemptive halt, cache_misses = 78400
preemptive halt, cache_misses = 78400
preemptive halt, cache_misses = 78400
preemptive halt, cache_misses = 78400
preemptive halt, cache_misses = 78400
preemptive halt, cache_misses = 78400
preemptive halt, cache_misses = 78400
preemptive halt, cache_misses = 78400
preemptive halt, cache_misses = 78400
preemptive halt, cache_misses = 78400
preemptive halt, cache_misses = 78400
preemptive halt, cache_misses = 78400
preemptive halt, cache_misses = 78400
preemptive halt, cache_misses = 78400
preemptive halt, cache_misses = 78400
preemptive halt, cache_misses = 78400
preemptive halt, cache_misses = 78400
preemptive halt, cache_misses = 78400
preemptive halt, cache_misses = 78400
preemptive halt, cache_misses = 78400
preemptive halt, cache_misses = 78400
preemptive halt, cache_misses = 78400
preemptive halt, cache_misses = 78400
preemptive halt, cache_misses = 78400
preemptive halt, cache_misses = 78400
preemptive halt, cache_misses = 78400
preemptive halt, cache_misses = 78400
preemptive halt, cache_misses = 78400
preemptive halt, cache_misses = 78400
preemptive halt, cache_misses = 78400
preemptive halt, cache_misses = 78400
preemptive halt, cache_misses = 78400
preemptive halt, cache_misses = 78400
preemptive halt, cache_misses = 78400
preemptive halt, cache_misses = 78400
preemptive halt, cache_misses = 78400
preemptive halt, cache_misses = 78400
preemptive halt, cache_misses = 78400
preemptive halt, cache_misses = 78400
preemptive halt, cache_misses = 78400
preemptive halt, cache_misses = 78400
preemptive halt, cache_misses = 78400
preemptive halt, cache_misses = 78400
preemptive halt, cache_misses = 78400
preemptive halt, cache_misses = 78400
preemptive halt, cache_misses = 78400
preemptive halt, cache_misses = 78400
preemptive halt, cache_misses = 78400
preemptive halt, cache_misses = 78400
preemptive halt, cache_misses = 78400
preemptive halt, cache_misses = 78400
preemptive halt, cache_misses = 78400
preemptive halt, cache_misses = 78400
preemptive halt, cache_misses = 78400
preemptive halt, cache_misses = 78400
preemptive halt, cache_misses = 78400
preemptive halt, cache_misses = 78400
preemptive halt, cache_misses = 78400
preemptive halt, cache_misses = 78400
preemptive halt, cache_misses = 78400
preemptive halt, cache_misses = 78400
preemptive halt, cache_misses = 78400
preemptive halt, cache_misses = 78400
preemptive halt, cache_misses = 78400
preemptive halt, cache_misses = 78400
preemptive halt, cache_misses = 78400
preemptive halt, cache_misses = 78400
preemptive halt, cache_misses = 78400
preemptive halt, cache_misses = 78400
preemptive halt, cache_misses = 78400
preemptive halt, cache_misses = 78400
preemptive halt, cache_misses = 78400
preemptive halt, cache_misses = 78400
preemptive halt, cache_misses = 78400
preemptive halt, cache_misses = 78400
preemptive halt, cache_misses = 78400
preemptive halt, cache_misses = 78400
preemptive halt, cache_misses = 78400
preemptive halt, cache_misses = 78400
preemptive halt, cache_misses = 78400
preemptive halt, cache_misses = 78400
preemptive halt, cache_misses = 78400
preemptive halt, cache_misses = 78400
preemptive halt, cache_misses = 78400
preemptive halt, cache_misses = 78400
preemptive halt, cache_misses = 78400
preemptive halt, cache_misses = 78400
preemptive halt, cache_misses = 78400
preemptive halt, cache_misses = 78400
preemptive halt, cache_misses = 78400
preemptive halt, cache_misses = 78400
preemptive halt, cache_misses = 78400
preemptive halt, cache_misses = 78400
preemptive halt, cache_misses = 78400
preemptive halt, cache_misses = 78400
preemptive halt, cache_misses = 78400
preemptive halt, cache_misses = 78400
preemptive halt, cache_misses = 78400
preemptive halt, cache_misses = 78400
preemptive halt, cache_misses = 78400
preemptive halt, cache_misses = 78400
preemptive halt, cache_misses = 78400
preemptive halt, cache_misses = 78400
preemptive halt, cache_misses = 78400
preemptive halt, cache_misses = 78400
preemptive halt, cache_misses = 78400
preemptive halt, cache_misses = 78400
preemptive halt, cache_misses = 78400
preemptive halt, cache_misses = 78400
preemptive halt, cache_misses = 78400
preemptive halt, cache_misses = 78400
preemptive halt, cache_misses = 78400
preemptive halt, cache_misses = 78400
preemptive halt, cache_misses = 78400
preemptive halt, cache_misses = 78400
preemptive halt, cache_misses = 78400
preemptive halt, cache_misses = 78400
preemptive halt, cache_misses = 78400
preemptive halt, cache_misses = 78400
preemptive halt, cache_misses = 78400
preemptive halt, cache_misses = 78400
preemptive halt, cache_misses = 78400
preemptive halt, cache_misses = 78400
preemptive halt, cache_misses = 78400
preemptive halt, cache_misses = 78400
preemptive halt, cache_misses = 78400
preemptive halt, cache_misses = 78400
preemptive halt, cache_misses = 78400
preemptive halt, cache_misses = 78400
preemptive halt, cache_misses = 78400
preemptive halt, cache_misses = 78400
preemptive halt, cache_misses = 78400
preemptive halt, cache_misses = 78400
preemptive halt, cache_misses = 78400
preemptive halt, cache_misses = 78400
preemptive halt, cache_misses = 78400
preemptive halt, cache_misses = 78400
preemptive halt, cache_misses = 78400
preemptive halt, cache_misses = 78400
preemptive halt, cache_misses = 78400
preemptive halt, cache_misses = 78400
preemptive halt, cache_misses = 78400
preemptive halt, cache_misses = 78400
preemptive halt, cache_misses = 78400
preemptive halt, cache_misses = 78400
preemptive halt, cache_misses = 78400
preemptive halt, cache_misses = 78400
preemptive halt, cache_misses = 78400
preemptive halt, cache_misses = 78400
preemptive halt, cache_misses = 78400
preemptive halt, cache_misses = 78400
preemptive halt, cache_misses = 78400
preemptive halt, cache_misses = 78400
preemptive halt, cache_misses = 78400
preemptive halt, cache_misses = 78400
preemptive halt, cache_misses = 78400
preemptive halt, cache_misses = 78400
preemptive halt, cache_misses = 78400
preemptive halt, cache_misses = 78400
preemptive halt, cache_misses = 78400
preemptive halt, cache_misses = 78400
preemptive halt, cache_misses = 78400
preemptive halt, cache_misses = 78400
preemptive halt, cache_misses = 78400
preemptive halt, cache_misses = 78400
preemptive halt, cache_misses = 78400
preemptive halt, cache_misses = 78400
preemptive halt, cache_misses = 78400
preemptive halt, cache_misses = 78400
preemptive halt, cache_misses = 78400
preemptive halt, cache_misses = 78400
preemptive halt, cache_misses = 78400
preemptive halt, cache_misses = 78400
preemptive halt, cache_misses = 78400
preemptive halt, cache_misses = 78400
preemptive halt, cache_misses = 78400
preemptive halt, cache_misses = 78400
preemptive halt, cache_misses = 78400
preemptive halt, cache_misses = 78400
preemptive halt, cache_misses = 78400
preemptive halt, cache_misses = 78400
preemptive halt, cache_misses = 78400
preemptive halt, cache_misses = 78400
preemptive halt, cache_misses = 78400
preemptive halt, cache_misses = 78400
preemptive halt, cache_misses = 78400
preemptive halt, cache_misses = 78400
preemptive halt, cache_misses = 78400
preemptive halt, cache_misses = 78400
preemptive halt, cache_misses = 78400
preemptive halt, cache_misses = 78400
preemptive halt, cache_misses = 78400
preemptive halt, cache_misses = 78400
preemptive halt, cache_misses = 78400
preemptive halt, cache_misses = 78400
preemptive halt, cache_misses = 78400
preemptive halt, cache_misses = 78400
preemptive halt, cache_misses = 78400
preemptive halt, cache_misses = 78400
preemptive halt, cache_misses = 78400
preemptive halt, cache_misses = 78400
preemptive halt, cache_misses = 78400
preemptive halt, cache_misses = 78400
preemptive halt, cache_misses = 78400
preemptive halt, cache_misses = 78400
preemptive halt, cache_misses = 78400
preemptive halt, cache_misses = 78400
preemptive halt, cache_misses = 78400
preemptive halt, cache_misses = 78400
preemptive halt, cache_misses = 78400
preemptive halt, cache_misses = 78400
preemptive halt, cache_misses = 78400
preemptive halt, cache_misses = 78400
preemptive halt, cache_misses = 78400
preemptive halt, cache_misses = 78400
preemptive halt, cache_misses = 78400
preemptive halt, cache_misses = 78400
preemptive halt, cache_misses = 78400
preemptive halt, cache_misses = 78400
preemptive halt, cache_misses = 78400
preemptive halt, cache_misses = 78400
preemptive halt, cache_misses = 78400
preemptive halt, cache_misses = 78400
preemptive halt, cache_misses = 78400
preemptive halt, cache_misses = 78400
preemptive halt, cache_misses = 78400
preemptive halt, cache_misses = 78400
preemptive halt, cache_misses = 78400
preemptive halt, cache_misses = 78400
preemptive halt, cache_misses = 78400
preemptive halt, cache_misses = 78400
preemptive halt, cache_misses = 78400
preemptive halt, cache_misses = 78400
preemptive halt, cache_misses = 78400
preemptive halt, cache_misses = 78400
preemptive halt, cache_misses = 78400
preemptive halt, cache_misses = 78400
preemptive halt, cache_misses = 78400
preemptive halt, cache_misses = 78400
preemptive halt, cache_misses = 78400
preemptive halt, cache_misses = 78400
preemptive halt, cache_misses = 78400
preemptive halt, cache_misses = 78400
preemptive halt, cache_misses = 78400
preemptive halt, cache_misses = 78400
preemptive halt, cache_misses = 78400
preemptive halt, cache_misses = 78400
preemptive halt, cache_misses = 78400
preemptive halt, cache_misses = 78400
preemptive halt, cache_misses = 78400
preemptive halt, cache_misses = 78400
preemptive halt, cache_misses = 78400
preemptive halt, cache_misses = 78400
preemptive halt, cache_misses = 78400
preemptive halt, cache_misses = 78400
preemptive halt, cache_misses = 78400
preemptive halt, cache_misses = 78400
preemptive halt, cache_misses = 78400
preemptive halt, cache_misses = 78400
preemptive halt, cache_misses = 78400
preemptive halt, cache_misses = 78400
preemptive halt, cache_misses = 78400
preemptive halt, cache_misses = 78400
preemptive halt, cache_misses = 78400
preemptive halt, cache_misses = 78400
preemptive halt, cache_misses = 78400
preemptive halt, cache_misses = 78400
preemptive halt, cache_misses = 78400
preemptive halt, cache_misses = 78400
preemptive halt, cache_misses = 78400
preemptive halt, cache_misses = 78400
preemptive halt, cache_misses = 78400
preemptive halt, cache_misses = 78400
preemptive halt, cache_misses = 78400
preemptive halt, cache_misses = 78400
preemptive halt, cache_misses = 78400
preemptive halt, cache_misses = 78400
preemptive halt, cache_misses = 78400
preemptive halt, cache_misses = 78400
preemptive halt, cache_misses = 78400
preemptive halt, cache_misses = 78400
preemptive halt, cache_misses = 78400
preemptive halt, cache_misses = 78400
preemptive halt, cache_misses = 78400
preemptive halt, cache_misses = 78400
preemptive halt, cache_misses = 78400
preemptive halt, cache_misses = 78400
preemptive halt, cache_misses = 78400
preemptive halt, cache_misses = 78400
preemptive halt, cache_misses = 78400
preemptive halt, cache_misses = 78400
preemptive halt, cache_misses = 78400
preemptive halt, cache_misses = 78400
preemptive halt, cache_misses = 78400
preemptive halt, cache_misses = 78400
preemptive halt, cache_misses = 78400
preemptive halt, cache_misses = 78400
preemptive halt, cache_misses = 78400
preemptive halt, cache_misses = 78400
preemptive halt, cache_misses = 78400
preemptive halt, cache_misses = 78400
preemptive halt, cache_misses = 78400
preemptive halt, cache_misses = 78400
preemptive halt, cache_misses = 78400
preemptive halt, cache_misses = 78400
preemptive halt, cache_misses = 78400
preemptive halt, cache_misses = 78400
preemptive halt, cache_misses = 78400
preemptive halt, cache_misses = 78400
preemptive halt, cache_misses = 78400
preemptive halt, cache_misses = 78400
preemptive halt, cache_misses = 78400
preemptive halt, cache_misses = 78400
preemptive halt, cache_misses = 78400
preemptive halt, cache_misses = 78400
preemptive halt, cache_misses = 78400
preemptive halt, cache_misses = 78400
preemptive halt, cache_misses = 78400
preemptive halt, cache_misses = 78400
preemptive halt, cache_misses = 78400
preemptive halt, cache_misses = 78400
preemptive halt, cache_misses = 78400
preemptive halt, cache_misses = 78400
preemptive halt, cache_misses = 78400
preemptive halt, cache_misses = 78400
preemptive halt, cache_misses = 78400
preemptive halt, cache_misses = 78400
preemptive halt, cache_misses = 78400
preemptive halt, cache_misses = 78400
preemptive halt, cache_misses = 78400
preemptive halt, cache_misses = 78400
preemptive halt, cache_misses = 78400
preemptive halt, cache_misses = 78400
preemptive halt, cache_misses = 78400
preemptive halt, cache_misses = 78400
preemptive halt, cache_misses = 78400
preemptive halt, cache_misses = 78400
preemptive halt, cache_misses = 78400
preemptive halt, cache_misses = 78400
preemptive halt, cache_misses = 78400
preemptive halt, cache_misses = 78400
preemptive halt, cache_misses = 78400
preemptive halt, cache_misses = 78400
preemptive halt, cache_misses = 78400
preemptive halt, cache_misses = 78400
preemptive halt, cache_misses = 78400
preemptive halt, cache_misses = 78400
preemptive halt, cache_misses = 78400
preemptive halt, cache_misses = 78400
preemptive halt, cache_misses = 78400
preemptive halt, cache_misses = 78400
preemptive halt, cache_misses = 78400
preemptive halt, cache_misses = 78400
preemptive halt, cache_misses = 78400
preemptive halt, cache_misses = 78400
preemptive halt, cache_misses = 78400
preemptive halt, cache_misses = 78400
preemptive halt, cache_misses = 78400
preemptive halt, cache_misses = 78400
preemptive halt, cache_misses = 78400
preemptive halt, cache_misses = 78400
preemptive halt, cache_misses = 78400
preemptive halt, cache_misses = 78400
preemptive halt, cache_misses = 78400
preemptive halt, cache_misses = 78400
preemptive halt, cache_misses = 78400
preemptive halt, cache_misses = 78400
preemptive halt, cache_misses = 78400
preemptive halt, cache_misses = 78400
preemptive halt, cache_misses = 78400
preemptive halt, cache_misses = 78400
preemptive halt, cache_misses = 78400
preemptive halt, cache_misses = 78400
preemptive halt, cache_misses = 78400
preemptive halt, cache_misses = 78400
preemptive halt, cache_misses = 78400
preemptive halt, cache_misses = 78400
preemptive halt, cache_misses = 78400
preemptive halt, cache_misses = 78400
preemptive halt, cache_misses = 78400
preemptive halt, cache_misses = 78400
preemptive halt, cache_misses = 78400
preemptive halt, cache_misses = 78400
preemptive halt, cache_misses = 78400
preemptive halt, cache_misses = 78400
preemptive halt, cache_misses = 78400
preemptive halt, cache_misses = 78400
preemptive halt, cache_misses = 78400
preemptive halt, cache_misses = 78400
preemptive halt, cache_misses = 78400
preemptive halt, cache_misses = 78400
preemptive halt, cache_misses = 78400
preemptive halt, cache_misses = 78400
preemptive halt, cache_misses = 78400
preemptive halt, cache_misses = 78400
preemptive halt, cache_misses = 78400
preemptive halt, cache_misses = 78400
preemptive halt, cache_misses = 78400
preemptive halt, cache_misses = 78400
preemptive halt, cache_misses = 78400
preemptive halt, cache_misses = 78400
preemptive halt, cache_misses = 78400
preemptive halt, cache_misses = 78400
preemptive halt, cache_misses = 78400
preemptive halt, cache_misses = 78400
preemptive halt, cache_misses = 78400
preemptive halt, cache_misses = 78400
preemptive halt, cache_misses = 78400
preemptive halt, cache_misses = 78400
preemptive halt, cache_misses = 78400
preemptive halt, cache_misses = 78400
preemptive halt, cache_misses = 78400
preemptive halt, cache_misses = 78400
preemptive halt, cache_misses = 78400
preemptive halt, cache_misses = 78400
preemptive halt, cache_misses = 78400
preemptive halt, cache_misses = 78400
preemptive halt, cache_misses = 78400
preemptive halt, cache_misses = 78400
preemptive halt, cache_misses = 78400
preemptive halt, cache_misses = 78400
preemptive halt, cache_misses = 78400
preemptive halt, cache_misses = 78400
preemptive halt, cache_misses = 78400
preemptive halt, cache_misses = 78400
preemptive halt, cache_misses = 78400
preemptive halt, cache_misses = 78400
preemptive halt, cache_misses = 78400
preemptive halt, cache_misses = 78400
preemptive halt, cache_misses = 78400
preemptive halt, cache_misses = 78400
preemptive halt, cache_misses = 78400
preemptive halt, cache_misses = 78400
preemptive halt, cache_misses = 78400
preemptive halt, cache_misses = 78400
preemptive halt, cache_misses = 78400
preemptive halt, cache_misses = 78400
preemptive halt, cache_misses = 78400
preemptive halt, cache_misses = 78400
preemptive halt, cache_misses = 78400
preemptive halt, cache_misses = 78400
preemptive halt, cache_misses = 78400
preemptive halt, cache_misses = 78400
preemptive halt, cache_misses = 78400
preemptive halt, cache_misses = 78400
preemptive halt, cache_misses = 78400
preemptive halt, cache_misses = 78400
preemptive halt, cache_misses = 78400
preemptive halt, cache_misses = 78400
preemptive halt, cache_misses = 78400
preemptive halt, cache_misses = 78400
preemptive halt, cache_misses = 78400
preemptive halt, cache_misses = 78400
preemptive halt, cache_misses = 78400
preemptive halt, cache_misses = 78400
preemptive halt, cache_misses = 78400
preemptive halt, cache_misses = 78400
preemptive halt, cache_misses = 78400
preemptive halt, cache_misses = 78400
preemptive halt, cache_misses = 78400
preemptive halt, cache_misses = 78400
preemptive halt, cache_misses = 78400
preemptive halt, cache_misses = 78400
preemptive halt, cache_misses = 78400
preemptive halt, cache_misses = 78400
preemptive halt, cache_misses = 78400
preemptive halt, cache_misses = 78400
preemptive halt, cache_misses = 78400
preemptive halt, cache_misses = 78400
preemptive halt, cache_misses = 78400
preemptive halt, cache_misses = 78400
preemptive halt, cache_misses = 78400
binary search, size 32500  misses 78400  min 30000  max 35000
preemptive halt, cache_misses = 78401
preemptive halt, cache_misses = 78401
preemptive halt, cache_misses = 78401
preemptive halt, cache_misses = 78401
preemptive halt, cache_misses = 78401
preemptive halt, cache_misses = 78401
preemptive halt, cache_misses = 78401
preemptive halt, cache_misses = 78401
preemptive halt, cache_misses = 78401
preemptive halt, cache_misses = 78401
preemptive halt, cache_misses = 78401
preemptive halt, cache_misses = 78401
preemptive halt, cache_misses = 78401
preemptive halt, cache_misses = 78401
preemptive halt, cache_misses = 78401
preemptive halt, cache_misses = 78401
preemptive halt, cache_misses = 78401
preemptive halt, cache_misses = 78401
preemptive halt, cache_misses = 78401
preemptive halt, cache_misses = 78401
preemptive halt, cache_misses = 78401
preemptive halt, cache_misses = 78401
preemptive halt, cache_misses = 78401
preemptive halt, cache_misses = 78401
preemptive halt, cache_misses = 78401
preemptive halt, cache_misses = 78401
preemptive halt, cache_misses = 78401
preemptive halt, cache_misses = 78401
preemptive halt, cache_misses = 78401
preemptive halt, cache_misses = 78401
preemptive halt, cache_misses = 78401
preemptive halt, cache_misses = 78401
preemptive halt, cache_misses = 78401
preemptive halt, cache_misses = 78401
preemptive halt, cache_misses = 78401
preemptive halt, cache_misses = 78401
preemptive halt, cache_misses = 78401
preemptive halt, cache_misses = 78401
preemptive halt, cache_misses = 78401
preemptive halt, cache_misses = 78401
preemptive halt, cache_misses = 78401
preemptive halt, cache_misses = 78401
preemptive halt, cache_misses = 78401
preemptive halt, cache_misses = 78401
preemptive halt, cache_misses = 78401
preemptive halt, cache_misses = 78401
preemptive halt, cache_misses = 78401
preemptive halt, cache_misses = 78401
preemptive halt, cache_misses = 78401
preemptive halt, cache_misses = 78401
preemptive halt, cache_misses = 78401
preemptive halt, cache_misses = 78401
preemptive halt, cache_misses = 78401
preemptive halt, cache_misses = 78401
preemptive halt, cache_misses = 78401
preemptive halt, cache_misses = 78401
preemptive halt, cache_misses = 78401
preemptive halt, cache_misses = 78401
preemptive halt, cache_misses = 78401
preemptive halt, cache_misses = 78401
preemptive halt, cache_misses = 78401
preemptive halt, cache_misses = 78401
preemptive halt, cache_misses = 78401
preemptive halt, cache_misses = 78401
preemptive halt, cache_misses = 78401
preemptive halt, cache_misses = 78401
preemptive halt, cache_misses = 78401
preemptive halt, cache_misses = 78401
preemptive halt, cache_misses = 78401
preemptive halt, cache_misses = 78401
preemptive halt, cache_misses = 78401
preemptive halt, cache_misses = 78401
preemptive halt, cache_misses = 78401
preemptive halt, cache_misses = 78401
preemptive halt, cache_misses = 78401
preemptive halt, cache_misses = 78401
preemptive halt, cache_misses = 78401
preemptive halt, cache_misses = 78401
preemptive halt, cache_misses = 78401
preemptive halt, cache_misses = 78401
preemptive halt, cache_misses = 78401
preemptive halt, cache_misses = 78401
preemptive halt, cache_misses = 78401
preemptive halt, cache_misses = 78401
preemptive halt, cache_misses = 78401
preemptive halt, cache_misses = 78401
preemptive halt, cache_misses = 78401
preemptive halt, cache_misses = 78401
preemptive halt, cache_misses = 78401
preemptive halt, cache_misses = 78401
preemptive halt, cache_misses = 78401
preemptive halt, cache_misses = 78401
preemptive halt, cache_misses = 78401
preemptive halt, cache_misses = 78401
preemptive halt, cache_misses = 78401
preemptive halt, cache_misses = 78401
preemptive halt, cache_misses = 78401
preemptive halt, cache_misses = 78401
preemptive halt, cache_misses = 78401
preemptive halt, cache_misses = 78401
preemptive halt, cache_misses = 78401
preemptive halt, cache_misses = 78401
preemptive halt, cache_misses = 78401
preemptive halt, cache_misses = 78401
preemptive halt, cache_misses = 78401
preemptive halt, cache_misses = 78401
preemptive halt, cache_misses = 78401
preemptive halt, cache_misses = 78401
preemptive halt, cache_misses = 78401
preemptive halt, cache_misses = 78401
preemptive halt, cache_misses = 78401
preemptive halt, cache_misses = 78401
preemptive halt, cache_misses = 78401
preemptive halt, cache_misses = 78401
preemptive halt, cache_misses = 78401
preemptive halt, cache_misses = 78401
preemptive halt, cache_misses = 78401
preemptive halt, cache_misses = 78401
preemptive halt, cache_misses = 78401
preemptive halt, cache_misses = 78401
preemptive halt, cache_misses = 78401
preemptive halt, cache_misses = 78401
preemptive halt, cache_misses = 78401
preemptive halt, cache_misses = 78401
preemptive halt, cache_misses = 78401
preemptive halt, cache_misses = 78401
preemptive halt, cache_misses = 78401
preemptive halt, cache_misses = 78401
preemptive halt, cache_misses = 78401
preemptive halt, cache_misses = 78401
preemptive halt, cache_misses = 78401
preemptive halt, cache_misses = 78401
preemptive halt, cache_misses = 78401
preemptive halt, cache_misses = 78401
preemptive halt, cache_misses = 78401
preemptive halt, cache_misses = 78401
preemptive halt, cache_misses = 78401
preemptive halt, cache_misses = 78401
preemptive halt, cache_misses = 78401
preemptive halt, cache_misses = 78401
preemptive halt, cache_misses = 78401
preemptive halt, cache_misses = 78401
preemptive halt, cache_misses = 78401
preemptive halt, cache_misses = 78401
preemptive halt, cache_misses = 78401
preemptive halt, cache_misses = 78401
preemptive halt, cache_misses = 78401
preemptive halt, cache_misses = 78401
preemptive halt, cache_misses = 78401
preemptive halt, cache_misses = 78401
preemptive halt, cache_misses = 78401
preemptive halt, cache_misses = 78401
preemptive halt, cache_misses = 78401
preemptive halt, cache_misses = 78401
preemptive halt, cache_misses = 78401
preemptive halt, cache_misses = 78401
preemptive halt, cache_misses = 78401
preemptive halt, cache_misses = 78401
preemptive halt, cache_misses = 78401
preemptive halt, cache_misses = 78401
preemptive halt, cache_misses = 78401
preemptive halt, cache_misses = 78401
preemptive halt, cache_misses = 78401
preemptive halt, cache_misses = 78401
preemptive halt, cache_misses = 78401
preemptive halt, cache_misses = 78401
preemptive halt, cache_misses = 78401
preemptive halt, cache_misses = 78401
preemptive halt, cache_misses = 78401
preemptive halt, cache_misses = 78401
preemptive halt, cache_misses = 78401
preemptive halt, cache_misses = 78401
preemptive halt, cache_misses = 78401
preemptive halt, cache_misses = 78401
preemptive halt, cache_misses = 78401
preemptive halt, cache_misses = 78401
preemptive halt, cache_misses = 78401
preemptive halt, cache_misses = 78401
preemptive halt, cache_misses = 78401
preemptive halt, cache_misses = 78401
preemptive halt, cache_misses = 78401
preemptive halt, cache_misses = 78401
preemptive halt, cache_misses = 78401
preemptive halt, cache_misses = 78401
preemptive halt, cache_misses = 78401
preemptive halt, cache_misses = 78401
preemptive halt, cache_misses = 78401
preemptive halt, cache_misses = 78401
preemptive halt, cache_misses = 78401
preemptive halt, cache_misses = 78401
preemptive halt, cache_misses = 78401
preemptive halt, cache_misses = 78401
preemptive halt, cache_misses = 78401
preemptive halt, cache_misses = 78401
preemptive halt, cache_misses = 78401
preemptive halt, cache_misses = 78401
preemptive halt, cache_misses = 78401
preemptive halt, cache_misses = 78401
preemptive halt, cache_misses = 78401
preemptive halt, cache_misses = 78401
preemptive halt, cache_misses = 78401
preemptive halt, cache_misses = 78401
preemptive halt, cache_misses = 78401
preemptive halt, cache_misses = 78401
preemptive halt, cache_misses = 78401
preemptive halt, cache_misses = 78401
preemptive halt, cache_misses = 78401
preemptive halt, cache_misses = 78401
preemptive halt, cache_misses = 78401
preemptive halt, cache_misses = 78401
preemptive halt, cache_misses = 78401
preemptive halt, cache_misses = 78401
preemptive halt, cache_misses = 78401
preemptive halt, cache_misses = 78401
preemptive halt, cache_misses = 78401
preemptive halt, cache_misses = 78401
preemptive halt, cache_misses = 78401
preemptive halt, cache_misses = 78401
preemptive halt, cache_misses = 78401
preemptive halt, cache_misses = 78401
preemptive halt, cache_misses = 78401
preemptive halt, cache_misses = 78401
preemptive halt, cache_misses = 78401
preemptive halt, cache_misses = 78401
preemptive halt, cache_misses = 78401
preemptive halt, cache_misses = 78401
preemptive halt, cache_misses = 78401
preemptive halt, cache_misses = 78401
preemptive halt, cache_misses = 78401
preemptive halt, cache_misses = 78401
preemptive halt, cache_misses = 78401
preemptive halt, cache_misses = 78401
preemptive halt, cache_misses = 78401
preemptive halt, cache_misses = 78401
preemptive halt, cache_misses = 78401
preemptive halt, cache_misses = 78401
preemptive halt, cache_misses = 78401
preemptive halt, cache_misses = 78401
preemptive halt, cache_misses = 78401
preemptive halt, cache_misses = 78401
preemptive halt, cache_misses = 78401
preemptive halt, cache_misses = 78401
preemptive halt, cache_misses = 78401
preemptive halt, cache_misses = 78401
preemptive halt, cache_misses = 78401
preemptive halt, cache_misses = 78401
preemptive halt, cache_misses = 78401
preemptive halt, cache_misses = 78401
preemptive halt, cache_misses = 78401
preemptive halt, cache_misses = 78401
preemptive halt, cache_misses = 78401
preemptive halt, cache_misses = 78401
preemptive halt, cache_misses = 78401
preemptive halt, cache_misses = 78401
preemptive halt, cache_misses = 78401
preemptive halt, cache_misses = 78401
preemptive halt, cache_misses = 78401
preemptive halt, cache_misses = 78401
preemptive halt, cache_misses = 78401
preemptive halt, cache_misses = 78401
preemptive halt, cache_misses = 78401
preemptive halt, cache_misses = 78401
preemptive halt, cache_misses = 78401
preemptive halt, cache_misses = 78401
preemptive halt, cache_misses = 78401
preemptive halt, cache_misses = 78401
preemptive halt, cache_misses = 78401
preemptive halt, cache_misses = 78401
preemptive halt, cache_misses = 78401
preemptive halt, cache_misses = 78401
preemptive halt, cache_misses = 78401
preemptive halt, cache_misses = 78401
preemptive halt, cache_misses = 78401
preemptive halt, cache_misses = 78401
preemptive halt, cache_misses = 78401
preemptive halt, cache_misses = 78401
preemptive halt, cache_misses = 78401
preemptive halt, cache_misses = 78401
preemptive halt, cache_misses = 78401
preemptive halt, cache_misses = 78401
preemptive halt, cache_misses = 78401
preemptive halt, cache_misses = 78401
preemptive halt, cache_misses = 78401
preemptive halt, cache_misses = 78401
preemptive halt, cache_misses = 78401
preemptive halt, cache_misses = 78401
preemptive halt, cache_misses = 78401
preemptive halt, cache_misses = 78401
preemptive halt, cache_misses = 78401
preemptive halt, cache_misses = 78401
preemptive halt, cache_misses = 78401
preemptive halt, cache_misses = 78401
preemptive halt, cache_misses = 78401
preemptive halt, cache_misses = 78401
preemptive halt, cache_misses = 78401
preemptive halt, cache_misses = 78401
preemptive halt, cache_misses = 78401
preemptive halt, cache_misses = 78401
preemptive halt, cache_misses = 78401
preemptive halt, cache_misses = 78401
preemptive halt, cache_misses = 78401
preemptive halt, cache_misses = 78401
preemptive halt, cache_misses = 78401
preemptive halt, cache_misses = 78401
preemptive halt, cache_misses = 78401
preemptive halt, cache_misses = 78401
preemptive halt, cache_misses = 78401
preemptive halt, cache_misses = 78401
preemptive halt, cache_misses = 78401
preemptive halt, cache_misses = 78401
preemptive halt, cache_misses = 78401
preemptive halt, cache_misses = 78401
preemptive halt, cache_misses = 78401
preemptive halt, cache_misses = 78401
preemptive halt, cache_misses = 78401
preemptive halt, cache_misses = 78401
preemptive halt, cache_misses = 78401
preemptive halt, cache_misses = 78401
preemptive halt, cache_misses = 78401
preemptive halt, cache_misses = 78401
preemptive halt, cache_misses = 78401
preemptive halt, cache_misses = 78401
preemptive halt, cache_misses = 78401
preemptive halt, cache_misses = 78401
preemptive halt, cache_misses = 78401
preemptive halt, cache_misses = 78401
preemptive halt, cache_misses = 78401
preemptive halt, cache_misses = 78401
preemptive halt, cache_misses = 78401
preemptive halt, cache_misses = 78401
preemptive halt, cache_misses = 78401
preemptive halt, cache_misses = 78401
preemptive halt, cache_misses = 78401
preemptive halt, cache_misses = 78401
preemptive halt, cache_misses = 78401
preemptive halt, cache_misses = 78401
preemptive halt, cache_misses = 78401
preemptive halt, cache_misses = 78401
preemptive halt, cache_misses = 78401
preemptive halt, cache_misses = 78401
preemptive halt, cache_misses = 78401
preemptive halt, cache_misses = 78401
preemptive halt, cache_misses = 78401
preemptive halt, cache_misses = 78401
preemptive halt, cache_misses = 78401
preemptive halt, cache_misses = 78401
preemptive halt, cache_misses = 78401
preemptive halt, cache_misses = 78401
preemptive halt, cache_misses = 78401
preemptive halt, cache_misses = 78401
preemptive halt, cache_misses = 78401
preemptive halt, cache_misses = 78401
preemptive halt, cache_misses = 78401
preemptive halt, cache_misses = 78401
preemptive halt, cache_misses = 78401
preemptive halt, cache_misses = 78401
preemptive halt, cache_misses = 78401
preemptive halt, cache_misses = 78401
preemptive halt, cache_misses = 78401
preemptive halt, cache_misses = 78401
preemptive halt, cache_misses = 78401
preemptive halt, cache_misses = 78401
preemptive halt, cache_misses = 78401
preemptive halt, cache_misses = 78401
preemptive halt, cache_misses = 78401
preemptive halt, cache_misses = 78401
preemptive halt, cache_misses = 78401
preemptive halt, cache_misses = 78401
preemptive halt, cache_misses = 78401
preemptive halt, cache_misses = 78401
preemptive halt, cache_misses = 78401
preemptive halt, cache_misses = 78401
preemptive halt, cache_misses = 78401
preemptive halt, cache_misses = 78401
preemptive halt, cache_misses = 78401
preemptive halt, cache_misses = 78401
preemptive halt, cache_misses = 78401
preemptive halt, cache_misses = 78401
preemptive halt, cache_misses = 78401
preemptive halt, cache_misses = 78401
preemptive halt, cache_misses = 78401
preemptive halt, cache_misses = 78401
preemptive halt, cache_misses = 78401
preemptive halt, cache_misses = 78401
preemptive halt, cache_misses = 78401
preemptive halt, cache_misses = 78401
preemptive halt, cache_misses = 78401
preemptive halt, cache_misses = 78401
preemptive halt, cache_misses = 78401
preemptive halt, cache_misses = 78401
preemptive halt, cache_misses = 78401
preemptive halt, cache_misses = 78401
preemptive halt, cache_misses = 78401
preemptive halt, cache_misses = 78401
preemptive halt, cache_misses = 78401
preemptive halt, cache_misses = 78401
preemptive halt, cache_misses = 78401
preemptive halt, cache_misses = 78401
preemptive halt, cache_misses = 78401
preemptive halt, cache_misses = 78401
preemptive halt, cache_misses = 78401
preemptive halt, cache_misses = 78401
preemptive halt, cache_misses = 78401
preemptive halt, cache_misses = 78401
preemptive halt, cache_misses = 78401
preemptive halt, cache_misses = 78401
preemptive halt, cache_misses = 78401
preemptive halt, cache_misses = 78401
preemptive halt, cache_misses = 78401
preemptive halt, cache_misses = 78401
preemptive halt, cache_misses = 78401
preemptive halt, cache_misses = 78401
preemptive halt, cache_misses = 78401
preemptive halt, cache_misses = 78401
preemptive halt, cache_misses = 78401
preemptive halt, cache_misses = 78401
preemptive halt, cache_misses = 78401
preemptive halt, cache_misses = 78401
preemptive halt, cache_misses = 78401
preemptive halt, cache_misses = 78401
preemptive halt, cache_misses = 78401
preemptive halt, cache_misses = 78401
preemptive halt, cache_misses = 78401
preemptive halt, cache_misses = 78401
preemptive halt, cache_misses = 78401
preemptive halt, cache_misses = 78401
preemptive halt, cache_misses = 78401
preemptive halt, cache_misses = 78401
preemptive halt, cache_misses = 78401
preemptive halt, cache_misses = 78401
preemptive halt, cache_misses = 78401
preemptive halt, cache_misses = 78401
preemptive halt, cache_misses = 78401
preemptive halt, cache_misses = 78401
preemptive halt, cache_misses = 78401
preemptive halt, cache_misses = 78401
preemptive halt, cache_misses = 78401
preemptive halt, cache_misses = 78401
preemptive halt, cache_misses = 78401
preemptive halt, cache_misses = 78401
preemptive halt, cache_misses = 78401
preemptive halt, cache_misses = 78401
preemptive halt, cache_misses = 78401
preemptive halt, cache_misses = 78401
preemptive halt, cache_misses = 78401
preemptive halt, cache_misses = 78401
preemptive halt, cache_misses = 78401
preemptive halt, cache_misses = 78401
preemptive halt, cache_misses = 78401
preemptive halt, cache_misses = 78401
preemptive halt, cache_misses = 78401
preemptive halt, cache_misses = 78401
preemptive halt, cache_misses = 78401
preemptive halt, cache_misses = 78401
preemptive halt, cache_misses = 78401
preemptive halt, cache_misses = 78401
preemptive halt, cache_misses = 78401
preemptive halt, cache_misses = 78401
preemptive halt, cache_misses = 78401
preemptive halt, cache_misses = 78401
preemptive halt, cache_misses = 78401
preemptive halt, cache_misses = 78401
preemptive halt, cache_misses = 78401
preemptive halt, cache_misses = 78401
preemptive halt, cache_misses = 78401
preemptive halt, cache_misses = 78401
preemptive halt, cache_misses = 78401
preemptive halt, cache_misses = 78401
preemptive halt, cache_misses = 78401
preemptive halt, cache_misses = 78401
preemptive halt, cache_misses = 78401
preemptive halt, cache_misses = 78401
preemptive halt, cache_misses = 78401
preemptive halt, cache_misses = 78401
preemptive halt, cache_misses = 78401
preemptive halt, cache_misses = 78401
preemptive halt, cache_misses = 78401
preemptive halt, cache_misses = 78401
preemptive halt, cache_misses = 78401
preemptive halt, cache_misses = 78401
preemptive halt, cache_misses = 78401
preemptive halt, cache_misses = 78401
preemptive halt, cache_misses = 78401
preemptive halt, cache_misses = 78401
preemptive halt, cache_misses = 78401
preemptive halt, cache_misses = 78401
preemptive halt, cache_misses = 78401
preemptive halt, cache_misses = 78401
preemptive halt, cache_misses = 78401
preemptive halt, cache_misses = 78401
preemptive halt, cache_misses = 78401
preemptive halt, cache_misses = 78401
preemptive halt, cache_misses = 78401
preemptive halt, cache_misses = 78401
preemptive halt, cache_misses = 78401
preemptive halt, cache_misses = 78401
preemptive halt, cache_misses = 78401
preemptive halt, cache_misses = 78401
preemptive halt, cache_misses = 78401
preemptive halt, cache_misses = 78401
preemptive halt, cache_misses = 78401
preemptive halt, cache_misses = 78401
preemptive halt, cache_misses = 78401
preemptive halt, cache_misses = 78401
preemptive halt, cache_misses = 78401
preemptive halt, cache_misses = 78401
preemptive halt, cache_misses = 78401
preemptive halt, cache_misses = 78401
preemptive halt, cache_misses = 78401
preemptive halt, cache_misses = 78401
preemptive halt, cache_misses = 78401
preemptive halt, cache_misses = 78401
preemptive halt, cache_misses = 78401
preemptive halt, cache_misses = 78401
preemptive halt, cache_misses = 78401
preemptive halt, cache_misses = 78401
preemptive halt, cache_misses = 78401
preemptive halt, cache_misses = 78401
preemptive halt, cache_misses = 78401
preemptive halt, cache_misses = 78401
preemptive halt, cache_misses = 78401
preemptive halt, cache_misses = 78401
preemptive halt, cache_misses = 78401
preemptive halt, cache_misses = 78401
preemptive halt, cache_misses = 78401
preemptive halt, cache_misses = 78401
preemptive halt, cache_misses = 78401
preemptive halt, cache_misses = 78401
preemptive halt, cache_misses = 78401
preemptive halt, cache_misses = 78401
preemptive halt, cache_misses = 78401
preemptive halt, cache_misses = 78401
preemptive halt, cache_misses = 78401
preemptive halt, cache_misses = 78401
preemptive halt, cache_misses = 78401
preemptive halt, cache_misses = 78401
preemptive halt, cache_misses = 78401
preemptive halt, cache_misses = 78401
preemptive halt, cache_misses = 78401
preemptive halt, cache_misses = 78401
preemptive halt, cache_misses = 78401
preemptive halt, cache_misses = 78401
preemptive halt, cache_misses = 78401
preemptive halt, cache_misses = 78401
preemptive halt, cache_misses = 78401
preemptive halt, cache_misses = 78401
preemptive halt, cache_misses = 78401
preemptive halt, cache_misses = 78401
preemptive halt, cache_misses = 78401
preemptive halt, cache_misses = 78401
preemptive halt, cache_misses = 78401
preemptive halt, cache_misses = 78401
preemptive halt, cache_misses = 78401
preemptive halt, cache_misses = 78401
preemptive halt, cache_misses = 78401
preemptive halt, cache_misses = 78401
preemptive halt, cache_misses = 78401
preemptive halt, cache_misses = 78401
preemptive halt, cache_misses = 78401
preemptive halt, cache_misses = 78401
preemptive halt, cache_misses = 78401
preemptive halt, cache_misses = 78401
binary search, size 33750  misses 78401  min 32500  max 35000
binary search, size 34375  misses 78399  min 33750  max 35000
preemptive halt, cache_misses = 78400
preemptive halt, cache_misses = 78400
preemptive halt, cache_misses = 78400
preemptive halt, cache_misses = 78400
binary search, size 34062  misses 78400  min 33750  max 34375
binary search, size 34218  misses 78399  min 34062  max 34375
preemptive halt, cache_misses = 78400
preemptive halt, cache_misses = 78400
preemptive halt, cache_misses = 78400
preemptive halt, cache_misses = 78400
binary search, size 34140  misses 78400  min 34062  max 34218
binary search, size 34179  misses 78399  min 34140  max 34218
binary search, size 34159  misses 78399  min 34140  max 34179
preemptive halt, cache_misses = 78400
preemptive halt, cache_misses = 78400
preemptive halt, cache_misses = 78400
preemptive halt, cache_misses = 78400
binary search, size 34149  misses 78400  min 34140  max 34159
preemptive halt, cache_misses = 78401
preemptive halt, cache_misses = 78401
preemptive halt, cache_misses = 78401
preemptive halt, cache_misses = 78401
preemptive halt, cache_misses = 78401
preemptive halt, cache_misses = 78401
binary search, size 34154  misses 78401  min 34149  max 34159
preemptive halt, cache_misses = 78402
preemptive halt, cache_misses = 78402
preemptive halt, cache_misses = 78402
preemptive halt, cache_misses = 78402
preemptive halt, cache_misses = 78402
preemptive halt, cache_misses = 78402
preemptive halt, cache_misses = 78402
preemptive halt, cache_misses = 78402
binary search, size 34156  misses 78402  min 34154  max 34159
preemptive halt, cache_misses = 78403
preemptive halt, cache_misses = 78403
preemptive halt, cache_misses = 78403
preemptive halt, cache_misses = 78403
preemptive halt, cache_misses = 78403
preemptive halt, cache_misses = 78403
preemptive halt, cache_misses = 78403
preemptive halt, cache_misses = 78403
preemptive halt, cache_misses = 78403
preemptive halt, cache_misses = 78403
binary search, size 34157  misses 78403  min 34156  max 34159
preemptive halt, cache_misses = 78404
preemptive halt, cache_misses = 78404
preemptive halt, cache_misses = 78404
preemptive halt, cache_misses = 78404
preemptive halt, cache_misses = 78404
preemptive halt, cache_misses = 78404
preemptive halt, cache_misses = 78404
preemptive halt, cache_misses = 78404
preemptive halt, cache_misses = 78404
preemptive halt, cache_misses = 78404
preemptive halt, cache_misses = 78404
preemptive halt, cache_misses = 78404
binary search, size 34158  misses 78404  min 34157  max 34159
characteristic cache size (binary search) for 279 = 34159
End at: 2021-04-02 02:25:56.239567
Time elapsed: 0:00:01.491178
