Begin at: 2021-04-02 02:24:14.403191
['../dist/Debug/GNU-Linux/memo_batch_tester', '', '--mbt_execution_trace_fname', 'olcs4_traceback_csize_input_types/OLCS4_lru_2021_04_02__02_23_19_k_3__d_2_cache_size_160000_problems_10_to_400/OLCS4_lru_2021_04_02__02_23_19_k_3__d_2_cache_size_160000_problems_10_to_400/OLCS4__do_traceback_prob_size_184_cache_size_160000_lru_k_3_d_2_execution_trace_2021_4_2_2_24_14_pid_11761.log', '--mbt_cache_misses_fname', 'olcs4_traceback_csize_input_types/OLCS4_lru_2021_04_02__02_23_19_k_3__d_2_cache_size_160000_problems_10_to_400/lcs_cost_OLCS4_lru_misses_for_cache_size.csv', '--mbt_misses_for_problem_size_fname', 'olcs4_traceback_csize_input_types/OLCS4_lru_2021_04_02__02_23_19_k_3__d_2_cache_size_160000_problems_10_to_400/lcs_cost_OLCS4_lru_misses_for_problem_size.csv', '--mbt_exact_cutoff_min_cache_size', '160000', '--mbt_exact_cutoff_max_cache_size', '160000', '--mbt_problem_type', 'lcs', '--mbt_metric_type', 'csize_binary_search', '--mbt_cutoff_ratio', '2.2', '--mbt_instance_fname', '184', '--mbt_detailed_cache_misses_out_fname', 'csize_olcs4_traceback_0011nc_nc1100_0_9.csv', '--mbt_phi_N', '5.0', '--mbt_problem_size', '184', '--lcs_compute_length', '0', '--lcs_perform_traceback', '1', '--lig_instance_type', '0011nc_nc1100', '--lig_n', '184', '--lig_c', '0.9', '--lig_b', '3.0', '--lcs_oblivious', '4', '--lcs_execution_trace_fname', 'olcs4_traceback_csize_input_types/OLCS4_lru_2021_04_02__02_23_19_k_3__d_2_cache_size_160000_problems_10_to_400/OLCS4_lru_2021_04_02__02_23_19_k_3__d_2_cache_size_160000_problems_10_to_400/OLCS4__do_traceback_prob_size_184_cache_size_160000_lru_k_3_d_2_execution_trace_2021_4_2_2_24_14_pid_11761.log', '--memo_caching_strategy', 'lru', '--memo_cache_size', '160001', '--memo_lru_queue_size', '160000', '--memo_cuckoo_k', '4', '--memo_key_length', '8', '--memo_value_length', '8', '--memo_k_timestamps', '3', '--memo_d_recent_timestamps', '2', '--memo_a_items_per_timestamp_factor', '0.4375']

csize_binary_search chosen
lcs problem_type lcs cache_size 160001
initialize_long_int_cache begin
init_memo
arguments to memo:
 --mbt_execution_trace_fname olcs4_traceback_csize_input_types/OLCS4_lru_2021_04_02__02_23_19_k_3__d_2_cache_size_160000_problems_10_to_400/OLCS4_lru_2021_04_02__02_23_19_k_3__d_2_cache_size_160000_problems_10_to_400/OLCS4__do_traceback_prob_size_184_cache_size_160000_lru_k_3_d_2_execution_trace_2021_4_2_2_24_14_pid_11761.log --mbt_cache_misses_fname olcs4_traceback_csize_input_types/OLCS4_lru_2021_04_02__02_23_19_k_3__d_2_cache_size_160000_problems_10_to_400/lcs_cost_OLCS4_lru_misses_for_cache_size.csv --mbt_misses_for_problem_size_fname olcs4_traceback_csize_input_types/OLCS4_lru_2021_04_02__02_23_19_k_3__d_2_cache_size_160000_problems_10_to_400/lcs_cost_OLCS4_lru_misses_for_problem_size.csv --mbt_exact_cutoff_min_cache_size 160000 --mbt_exact_cutoff_max_cache_size 160000 --mbt_problem_type lcs --mbt_metric_type csize_binary_search --mbt_cutoff_ratio 2.2 --mbt_instance_fname 184 --mbt_detailed_cache_misses_out_fname csize_olcs4_traceback_0011nc_nc1100_0_9.csv --mbt_phi_N 5.0 --mbt_problem_size 184 --lcs_compute_length 0 --lcs_perform_traceback 1 --lig_instance_type 0011nc_nc1100 --lig_n 184 --lig_c 0.9 --lig_b 3.0 --lcs_oblivious 4 --lcs_execution_trace_fname olcs4_traceback_csize_input_types/OLCS4_lru_2021_04_02__02_23_19_k_3__d_2_cache_size_160000_problems_10_to_400/OLCS4_lru_2021_04_02__02_23_19_k_3__d_2_cache_size_160000_problems_10_to_400/OLCS4__do_traceback_prob_size_184_cache_size_160000_lru_k_3_d_2_execution_trace_2021_4_2_2_24_14_pid_11761.log --memo_caching_strategy lru --memo_cache_size 160001 --memo_lru_queue_size 160000 --memo_cuckoo_k 4 --memo_key_length 8 --memo_value_length 8 --memo_k_timestamps 3 --memo_d_recent_timestamps 2 --memo_a_items_per_timestamp_factor 0.4375 
calculate_table_size: table_size is 262144, original is 160001
Finished initializing cache
initialize_long_int_cache end
done initializing cache
initializing problem
done initializing problem
commence trials
Starting characteristic_cache_size_binary_search with max cache size 160001
binary search, size 160001  misses 34224
binary search, size 80000  misses 34224  min 0  max 160001
binary search, size 40000  misses 34224  min 0  max 80000
binary search, size 20000  misses 34224  min 0  max 40000
preemptive halt, cache_misses = 34225
preemptive halt, cache_misses = 34225
preemptive halt, cache_misses = 34225
preemptive halt, cache_misses = 34225
preemptive halt, cache_misses = 34225
preemptive halt, cache_misses = 34225
preemptive halt, cache_misses = 34225
preemptive halt, cache_misses = 34225
preemptive halt, cache_misses = 34225
preemptive halt, cache_misses = 34225
preemptive halt, cache_misses = 34225
preemptive halt, cache_misses = 34225
preemptive halt, cache_misses = 34225
preemptive halt, cache_misses = 34225
preemptive halt, cache_misses = 34225
preemptive halt, cache_misses = 34225
preemptive halt, cache_misses = 34225
preemptive halt, cache_misses = 34225
preemptive halt, cache_misses = 34225
preemptive halt, cache_misses = 34225
preemptive halt, cache_misses = 34225
preemptive halt, cache_misses = 34225
preemptive halt, cache_misses = 34225
preemptive halt, cache_misses = 34225
preemptive halt, cache_misses = 34225
preemptive halt, cache_misses = 34225
preemptive halt, cache_misses = 34225
preemptive halt, cache_misses = 34225
preemptive halt, cache_misses = 34225
preemptive halt, cache_misses = 34225
preemptive halt, cache_misses = 34225
preemptive halt, cache_misses = 34225
preemptive halt, cache_misses = 34225
preemptive halt, cache_misses = 34225
preemptive halt, cache_misses = 34225
preemptive halt, cache_misses = 34225
preemptive halt, cache_misses = 34225
preemptive halt, cache_misses = 34225
preemptive halt, cache_misses = 34225
preemptive halt, cache_misses = 34225
preemptive halt, cache_misses = 34225
preemptive halt, cache_misses = 34225
preemptive halt, cache_misses = 34225
preemptive halt, cache_misses = 34225
preemptive halt, cache_misses = 34225
preemptive halt, cache_misses = 34225
preemptive halt, cache_misses = 34225
preemptive halt, cache_misses = 34225
preemptive halt, cache_misses = 34225
preemptive halt, cache_misses = 34225
preemptive halt, cache_misses = 34225
preemptive halt, cache_misses = 34225
preemptive halt, cache_misses = 34225
preemptive halt, cache_misses = 34225
preemptive halt, cache_misses = 34225
preemptive halt, cache_misses = 34225
preemptive halt, cache_misses = 34225
preemptive halt, cache_misses = 34225
preemptive halt, cache_misses = 34225
preemptive halt, cache_misses = 34225
preemptive halt, cache_misses = 34225
preemptive halt, cache_misses = 34225
preemptive halt, cache_misses = 34225
preemptive halt, cache_misses = 34225
preemptive halt, cache_misses = 34225
preemptive halt, cache_misses = 34225
preemptive halt, cache_misses = 34225
preemptive halt, cache_misses = 34225
preemptive halt, cache_misses = 34225
preemptive halt, cache_misses = 34225
preemptive halt, cache_misses = 34225
preemptive halt, cache_misses = 34225
preemptive halt, cache_misses = 34225
preemptive halt, cache_misses = 34225
preemptive halt, cache_misses = 34225
preemptive halt, cache_misses = 34225
preemptive halt, cache_misses = 34225
preemptive halt, cache_misses = 34225
preemptive halt, cache_misses = 34225
preemptive halt, cache_misses = 34225
preemptive halt, cache_misses = 34225
preemptive halt, cache_misses = 34225
preemptive halt, cache_misses = 34225
preemptive halt, cache_misses = 34225
preemptive halt, cache_misses = 34225
preemptive halt, cache_misses = 34225
preemptive halt, cache_misses = 34225
preemptive halt, cache_misses = 34225
preemptive halt, cache_misses = 34225
preemptive halt, cache_misses = 34225
preemptive halt, cache_misses = 34225
preemptive halt, cache_misses = 34225
preemptive halt, cache_misses = 34225
preemptive halt, cache_misses = 34225
preemptive halt, cache_misses = 34225
preemptive halt, cache_misses = 34225
preemptive halt, cache_misses = 34225
preemptive halt, cache_misses = 34225
preemptive halt, cache_misses = 34225
preemptive halt, cache_misses = 34225
preemptive halt, cache_misses = 34225
preemptive halt, cache_misses = 34225
preemptive halt, cache_misses = 34225
preemptive halt, cache_misses = 34225
preemptive halt, cache_misses = 34225
preemptive halt, cache_misses = 34225
preemptive halt, cache_misses = 34225
preemptive halt, cache_misses = 34225
preemptive halt, cache_misses = 34225
preemptive halt, cache_misses = 34225
preemptive halt, cache_misses = 34225
preemptive halt, cache_misses = 34225
preemptive halt, cache_misses = 34225
preemptive halt, cache_misses = 34225
preemptive halt, cache_misses = 34225
preemptive halt, cache_misses = 34225
preemptive halt, cache_misses = 34225
preemptive halt, cache_misses = 34225
preemptive halt, cache_misses = 34225
preemptive halt, cache_misses = 34225
preemptive halt, cache_misses = 34225
preemptive halt, cache_misses = 34225
preemptive halt, cache_misses = 34225
preemptive halt, cache_misses = 34225
preemptive halt, cache_misses = 34225
preemptive halt, cache_misses = 34225
preemptive halt, cache_misses = 34225
preemptive halt, cache_misses = 34225
preemptive halt, cache_misses = 34225
preemptive halt, cache_misses = 34225
preemptive halt, cache_misses = 34225
preemptive halt, cache_misses = 34225
preemptive halt, cache_misses = 34225
preemptive halt, cache_misses = 34225
preemptive halt, cache_misses = 34225
preemptive halt, cache_misses = 34225
preemptive halt, cache_misses = 34225
preemptive halt, cache_misses = 34225
preemptive halt, cache_misses = 34225
preemptive halt, cache_misses = 34225
preemptive halt, cache_misses = 34225
preemptive halt, cache_misses = 34225
preemptive halt, cache_misses = 34225
preemptive halt, cache_misses = 34225
preemptive halt, cache_misses = 34225
preemptive halt, cache_misses = 34225
preemptive halt, cache_misses = 34225
preemptive halt, cache_misses = 34225
preemptive halt, cache_misses = 34225
preemptive halt, cache_misses = 34225
preemptive halt, cache_misses = 34225
preemptive halt, cache_misses = 34225
preemptive halt, cache_misses = 34225
preemptive halt, cache_misses = 34225
preemptive halt, cache_misses = 34225
preemptive halt, cache_misses = 34225
preemptive halt, cache_misses = 34225
preemptive halt, cache_misses = 34225
preemptive halt, cache_misses = 34225
preemptive halt, cache_misses = 34225
preemptive halt, cache_misses = 34225
preemptive halt, cache_misses = 34225
preemptive halt, cache_misses = 34225
preemptive halt, cache_misses = 34225
preemptive halt, cache_misses = 34225
preemptive halt, cache_misses = 34225
preemptive halt, cache_misses = 34225
preemptive halt, cache_misses = 34225
preemptive halt, cache_misses = 34225
preemptive halt, cache_misses = 34225
preemptive halt, cache_misses = 34225
preemptive halt, cache_misses = 34225
preemptive halt, cache_misses = 34225
preemptive halt, cache_misses = 34225
preemptive halt, cache_misses = 34225
preemptive halt, cache_misses = 34225
preemptive halt, cache_misses = 34225
preemptive halt, cache_misses = 34225
preemptive halt, cache_misses = 34225
preemptive halt, cache_misses = 34225
preemptive halt, cache_misses = 34225
preemptive halt, cache_misses = 34225
preemptive halt, cache_misses = 34225
preemptive halt, cache_misses = 34225
preemptive halt, cache_misses = 34225
preemptive halt, cache_misses = 34225
preemptive halt, cache_misses = 34225
preemptive halt, cache_misses = 34225
preemptive halt, cache_misses = 34225
preemptive halt, cache_misses = 34225
preemptive halt, cache_misses = 34225
preemptive halt, cache_misses = 34225
preemptive halt, cache_misses = 34225
preemptive halt, cache_misses = 34225
preemptive halt, cache_misses = 34225
preemptive halt, cache_misses = 34225
preemptive halt, cache_misses = 34225
preemptive halt, cache_misses = 34225
preemptive halt, cache_misses = 34225
preemptive halt, cache_misses = 34225
preemptive halt, cache_misses = 34225
preemptive halt, cache_misses = 34225
preemptive halt, cache_misses = 34225
preemptive halt, cache_misses = 34225
preemptive halt, cache_misses = 34225
preemptive halt, cache_misses = 34225
preemptive halt, cache_misses = 34225
preemptive halt, cache_misses = 34225
preemptive halt, cache_misses = 34225
preemptive halt, cache_misses = 34225
preemptive halt, cache_misses = 34225
preemptive halt, cache_misses = 34225
preemptive halt, cache_misses = 34225
preemptive halt, cache_misses = 34225
preemptive halt, cache_misses = 34225
preemptive halt, cache_misses = 34225
preemptive halt, cache_misses = 34225
preemptive halt, cache_misses = 34225
preemptive halt, cache_misses = 34225
preemptive halt, cache_misses = 34225
preemptive halt, cache_misses = 34225
preemptive halt, cache_misses = 34225
preemptive halt, cache_misses = 34225
preemptive halt, cache_misses = 34225
preemptive halt, cache_misses = 34225
preemptive halt, cache_misses = 34225
preemptive halt, cache_misses = 34225
preemptive halt, cache_misses = 34225
preemptive halt, cache_misses = 34225
preemptive halt, cache_misses = 34225
preemptive halt, cache_misses = 34225
preemptive halt, cache_misses = 34225
preemptive halt, cache_misses = 34225
preemptive halt, cache_misses = 34225
preemptive halt, cache_misses = 34225
preemptive halt, cache_misses = 34225
preemptive halt, cache_misses = 34225
preemptive halt, cache_misses = 34225
preemptive halt, cache_misses = 34225
preemptive halt, cache_misses = 34225
preemptive halt, cache_misses = 34225
preemptive halt, cache_misses = 34225
preemptive halt, cache_misses = 34225
preemptive halt, cache_misses = 34225
preemptive halt, cache_misses = 34225
preemptive halt, cache_misses = 34225
preemptive halt, cache_misses = 34225
preemptive halt, cache_misses = 34225
preemptive halt, cache_misses = 34225
preemptive halt, cache_misses = 34225
preemptive halt, cache_misses = 34225
preemptive halt, cache_misses = 34225
preemptive halt, cache_misses = 34225
preemptive halt, cache_misses = 34225
preemptive halt, cache_misses = 34225
preemptive halt, cache_misses = 34225
preemptive halt, cache_misses = 34225
preemptive halt, cache_misses = 34225
preemptive halt, cache_misses = 34225
preemptive halt, cache_misses = 34225
preemptive halt, cache_misses = 34225
preemptive halt, cache_misses = 34225
preemptive halt, cache_misses = 34225
preemptive halt, cache_misses = 34225
preemptive halt, cache_misses = 34225
preemptive halt, cache_misses = 34225
preemptive halt, cache_misses = 34225
preemptive halt, cache_misses = 34225
preemptive halt, cache_misses = 34225
preemptive halt, cache_misses = 34225
preemptive halt, cache_misses = 34225
preemptive halt, cache_misses = 34225
preemptive halt, cache_misses = 34225
preemptive halt, cache_misses = 34225
preemptive halt, cache_misses = 34225
preemptive halt, cache_misses = 34225
preemptive halt, cache_misses = 34225
preemptive halt, cache_misses = 34225
preemptive halt, cache_misses = 34225
preemptive halt, cache_misses = 34225
preemptive halt, cache_misses = 34225
preemptive halt, cache_misses = 34225
preemptive halt, cache_misses = 34225
preemptive halt, cache_misses = 34225
preemptive halt, cache_misses = 34225
preemptive halt, cache_misses = 34225
preemptive halt, cache_misses = 34225
preemptive halt, cache_misses = 34225
preemptive halt, cache_misses = 34225
preemptive halt, cache_misses = 34225
preemptive halt, cache_misses = 34225
preemptive halt, cache_misses = 34225
preemptive halt, cache_misses = 34225
preemptive halt, cache_misses = 34225
preemptive halt, cache_misses = 34225
preemptive halt, cache_misses = 34225
preemptive halt, cache_misses = 34225
preemptive halt, cache_misses = 34225
preemptive halt, cache_misses = 34225
preemptive halt, cache_misses = 34225
preemptive halt, cache_misses = 34225
preemptive halt, cache_misses = 34225
preemptive halt, cache_misses = 34225
preemptive halt, cache_misses = 34225
preemptive halt, cache_misses = 34225
preemptive halt, cache_misses = 34225
preemptive halt, cache_misses = 34225
preemptive halt, cache_misses = 34225
preemptive halt, cache_misses = 34225
preemptive halt, cache_misses = 34225
preemptive halt, cache_misses = 34225
preemptive halt, cache_misses = 34225
preemptive halt, cache_misses = 34225
preemptive halt, cache_misses = 34225
preemptive halt, cache_misses = 34225
preemptive halt, cache_misses = 34225
preemptive halt, cache_misses = 34225
preemptive halt, cache_misses = 34225
preemptive halt, cache_misses = 34225
preemptive halt, cache_misses = 34225
preemptive halt, cache_misses = 34225
preemptive halt, cache_misses = 34225
preemptive halt, cache_misses = 34225
preemptive halt, cache_misses = 34225
preemptive halt, cache_misses = 34225
preemptive halt, cache_misses = 34225
binary search, size 10000  misses 34225  min 0  max 20000
binary search, size 15000  misses 34224  min 10000  max 20000
preemptive halt, cache_misses = 34225
preemptive halt, cache_misses = 34225
preemptive halt, cache_misses = 34225
preemptive halt, cache_misses = 34225
preemptive halt, cache_misses = 34225
preemptive halt, cache_misses = 34225
preemptive halt, cache_misses = 34225
preemptive halt, cache_misses = 34225
preemptive halt, cache_misses = 34225
preemptive halt, cache_misses = 34225
preemptive halt, cache_misses = 34225
preemptive halt, cache_misses = 34225
preemptive halt, cache_misses = 34225
preemptive halt, cache_misses = 34225
preemptive halt, cache_misses = 34225
preemptive halt, cache_misses = 34225
preemptive halt, cache_misses = 34225
preemptive halt, cache_misses = 34225
preemptive halt, cache_misses = 34225
preemptive halt, cache_misses = 34225
preemptive halt, cache_misses = 34225
preemptive halt, cache_misses = 34225
preemptive halt, cache_misses = 34225
preemptive halt, cache_misses = 34225
preemptive halt, cache_misses = 34225
preemptive halt, cache_misses = 34225
preemptive halt, cache_misses = 34225
preemptive halt, cache_misses = 34225
preemptive halt, cache_misses = 34225
preemptive halt, cache_misses = 34225
preemptive halt, cache_misses = 34225
preemptive halt, cache_misses = 34225
preemptive halt, cache_misses = 34225
preemptive halt, cache_misses = 34225
preemptive halt, cache_misses = 34225
preemptive halt, cache_misses = 34225
preemptive halt, cache_misses = 34225
preemptive halt, cache_misses = 34225
preemptive halt, cache_misses = 34225
preemptive halt, cache_misses = 34225
preemptive halt, cache_misses = 34225
preemptive halt, cache_misses = 34225
preemptive halt, cache_misses = 34225
preemptive halt, cache_misses = 34225
preemptive halt, cache_misses = 34225
preemptive halt, cache_misses = 34225
preemptive halt, cache_misses = 34225
preemptive halt, cache_misses = 34225
preemptive halt, cache_misses = 34225
preemptive halt, cache_misses = 34225
preemptive halt, cache_misses = 34225
preemptive halt, cache_misses = 34225
preemptive halt, cache_misses = 34225
preemptive halt, cache_misses = 34225
preemptive halt, cache_misses = 34225
preemptive halt, cache_misses = 34225
preemptive halt, cache_misses = 34225
preemptive halt, cache_misses = 34225
preemptive halt, cache_misses = 34225
preemptive halt, cache_misses = 34225
preemptive halt, cache_misses = 34225
preemptive halt, cache_misses = 34225
preemptive halt, cache_misses = 34225
preemptive halt, cache_misses = 34225
preemptive halt, cache_misses = 34225
preemptive halt, cache_misses = 34225
preemptive halt, cache_misses = 34225
preemptive halt, cache_misses = 34225
preemptive halt, cache_misses = 34225
preemptive halt, cache_misses = 34225
preemptive halt, cache_misses = 34225
preemptive halt, cache_misses = 34225
preemptive halt, cache_misses = 34225
preemptive halt, cache_misses = 34225
preemptive halt, cache_misses = 34225
preemptive halt, cache_misses = 34225
preemptive halt, cache_misses = 34225
preemptive halt, cache_misses = 34225
preemptive halt, cache_misses = 34225
preemptive halt, cache_misses = 34225
preemptive halt, cache_misses = 34225
preemptive halt, cache_misses = 34225
preemptive halt, cache_misses = 34225
preemptive halt, cache_misses = 34225
preemptive halt, cache_misses = 34225
preemptive halt, cache_misses = 34225
preemptive halt, cache_misses = 34225
preemptive halt, cache_misses = 34225
preemptive halt, cache_misses = 34225
preemptive halt, cache_misses = 34225
preemptive halt, cache_misses = 34225
preemptive halt, cache_misses = 34225
preemptive halt, cache_misses = 34225
preemptive halt, cache_misses = 34225
preemptive halt, cache_misses = 34225
preemptive halt, cache_misses = 34225
preemptive halt, cache_misses = 34225
preemptive halt, cache_misses = 34225
preemptive halt, cache_misses = 34225
preemptive halt, cache_misses = 34225
preemptive halt, cache_misses = 34225
preemptive halt, cache_misses = 34225
preemptive halt, cache_misses = 34225
preemptive halt, cache_misses = 34225
preemptive halt, cache_misses = 34225
preemptive halt, cache_misses = 34225
preemptive halt, cache_misses = 34225
preemptive halt, cache_misses = 34225
preemptive halt, cache_misses = 34225
preemptive halt, cache_misses = 34225
preemptive halt, cache_misses = 34225
preemptive halt, cache_misses = 34225
preemptive halt, cache_misses = 34225
preemptive halt, cache_misses = 34225
preemptive halt, cache_misses = 34225
preemptive halt, cache_misses = 34225
preemptive halt, cache_misses = 34225
preemptive halt, cache_misses = 34225
preemptive halt, cache_misses = 34225
preemptive halt, cache_misses = 34225
preemptive halt, cache_misses = 34225
preemptive halt, cache_misses = 34225
preemptive halt, cache_misses = 34225
preemptive halt, cache_misses = 34225
preemptive halt, cache_misses = 34225
preemptive halt, cache_misses = 34225
preemptive halt, cache_misses = 34225
preemptive halt, cache_misses = 34225
preemptive halt, cache_misses = 34225
preemptive halt, cache_misses = 34225
preemptive halt, cache_misses = 34225
preemptive halt, cache_misses = 34225
preemptive halt, cache_misses = 34225
preemptive halt, cache_misses = 34225
preemptive halt, cache_misses = 34225
preemptive halt, cache_misses = 34225
preemptive halt, cache_misses = 34225
preemptive halt, cache_misses = 34225
preemptive halt, cache_misses = 34225
preemptive halt, cache_misses = 34225
preemptive halt, cache_misses = 34225
preemptive halt, cache_misses = 34225
preemptive halt, cache_misses = 34225
preemptive halt, cache_misses = 34225
preemptive halt, cache_misses = 34225
preemptive halt, cache_misses = 34225
preemptive halt, cache_misses = 34225
preemptive halt, cache_misses = 34225
preemptive halt, cache_misses = 34225
preemptive halt, cache_misses = 34225
preemptive halt, cache_misses = 34225
preemptive halt, cache_misses = 34225
preemptive halt, cache_misses = 34225
preemptive halt, cache_misses = 34225
preemptive halt, cache_misses = 34225
preemptive halt, cache_misses = 34225
preemptive halt, cache_misses = 34225
preemptive halt, cache_misses = 34225
preemptive halt, cache_misses = 34225
preemptive halt, cache_misses = 34225
preemptive halt, cache_misses = 34225
preemptive halt, cache_misses = 34225
preemptive halt, cache_misses = 34225
preemptive halt, cache_misses = 34225
preemptive halt, cache_misses = 34225
preemptive halt, cache_misses = 34225
preemptive halt, cache_misses = 34225
preemptive halt, cache_misses = 34225
preemptive halt, cache_misses = 34225
preemptive halt, cache_misses = 34225
preemptive halt, cache_misses = 34225
preemptive halt, cache_misses = 34225
preemptive halt, cache_misses = 34225
preemptive halt, cache_misses = 34225
preemptive halt, cache_misses = 34225
preemptive halt, cache_misses = 34225
preemptive halt, cache_misses = 34225
preemptive halt, cache_misses = 34225
preemptive halt, cache_misses = 34225
preemptive halt, cache_misses = 34225
preemptive halt, cache_misses = 34225
preemptive halt, cache_misses = 34225
preemptive halt, cache_misses = 34225
preemptive halt, cache_misses = 34225
preemptive halt, cache_misses = 34225
preemptive halt, cache_misses = 34225
preemptive halt, cache_misses = 34225
preemptive halt, cache_misses = 34225
preemptive halt, cache_misses = 34225
preemptive halt, cache_misses = 34225
preemptive halt, cache_misses = 34225
preemptive halt, cache_misses = 34225
preemptive halt, cache_misses = 34225
preemptive halt, cache_misses = 34225
preemptive halt, cache_misses = 34225
preemptive halt, cache_misses = 34225
preemptive halt, cache_misses = 34225
preemptive halt, cache_misses = 34225
preemptive halt, cache_misses = 34225
preemptive halt, cache_misses = 34225
preemptive halt, cache_misses = 34225
preemptive halt, cache_misses = 34225
preemptive halt, cache_misses = 34225
preemptive halt, cache_misses = 34225
preemptive halt, cache_misses = 34225
preemptive halt, cache_misses = 34225
preemptive halt, cache_misses = 34225
preemptive halt, cache_misses = 34225
preemptive halt, cache_misses = 34225
preemptive halt, cache_misses = 34225
preemptive halt, cache_misses = 34225
preemptive halt, cache_misses = 34225
preemptive halt, cache_misses = 34225
preemptive halt, cache_misses = 34225
preemptive halt, cache_misses = 34225
preemptive halt, cache_misses = 34225
preemptive halt, cache_misses = 34225
preemptive halt, cache_misses = 34225
preemptive halt, cache_misses = 34225
preemptive halt, cache_misses = 34225
preemptive halt, cache_misses = 34225
preemptive halt, cache_misses = 34225
preemptive halt, cache_misses = 34225
preemptive halt, cache_misses = 34225
preemptive halt, cache_misses = 34225
preemptive halt, cache_misses = 34225
preemptive halt, cache_misses = 34225
preemptive halt, cache_misses = 34225
preemptive halt, cache_misses = 34225
preemptive halt, cache_misses = 34225
preemptive halt, cache_misses = 34225
preemptive halt, cache_misses = 34225
preemptive halt, cache_misses = 34225
preemptive halt, cache_misses = 34225
preemptive halt, cache_misses = 34225
preemptive halt, cache_misses = 34225
preemptive halt, cache_misses = 34225
preemptive halt, cache_misses = 34225
preemptive halt, cache_misses = 34225
preemptive halt, cache_misses = 34225
preemptive halt, cache_misses = 34225
preemptive halt, cache_misses = 34225
preemptive halt, cache_misses = 34225
preemptive halt, cache_misses = 34225
preemptive halt, cache_misses = 34225
preemptive halt, cache_misses = 34225
preemptive halt, cache_misses = 34225
preemptive halt, cache_misses = 34225
preemptive halt, cache_misses = 34225
preemptive halt, cache_misses = 34225
preemptive halt, cache_misses = 34225
preemptive halt, cache_misses = 34225
preemptive halt, cache_misses = 34225
preemptive halt, cache_misses = 34225
preemptive halt, cache_misses = 34225
preemptive halt, cache_misses = 34225
preemptive halt, cache_misses = 34225
preemptive halt, cache_misses = 34225
preemptive halt, cache_misses = 34225
preemptive halt, cache_misses = 34225
preemptive halt, cache_misses = 34225
preemptive halt, cache_misses = 34225
preemptive halt, cache_misses = 34225
preemptive halt, cache_misses = 34225
preemptive halt, cache_misses = 34225
preemptive halt, cache_misses = 34225
preemptive halt, cache_misses = 34225
preemptive halt, cache_misses = 34225
preemptive halt, cache_misses = 34225
preemptive halt, cache_misses = 34225
preemptive halt, cache_misses = 34225
preemptive halt, cache_misses = 34225
preemptive halt, cache_misses = 34225
preemptive halt, cache_misses = 34225
preemptive halt, cache_misses = 34225
preemptive halt, cache_misses = 34225
preemptive halt, cache_misses = 34225
preemptive halt, cache_misses = 34225
preemptive halt, cache_misses = 34225
preemptive halt, cache_misses = 34225
preemptive halt, cache_misses = 34225
preemptive halt, cache_misses = 34225
preemptive halt, cache_misses = 34225
preemptive halt, cache_misses = 34225
preemptive halt, cache_misses = 34225
preemptive halt, cache_misses = 34225
preemptive halt, cache_misses = 34225
preemptive halt, cache_misses = 34225
preemptive halt, cache_misses = 34225
preemptive halt, cache_misses = 34225
preemptive halt, cache_misses = 34225
preemptive halt, cache_misses = 34225
preemptive halt, cache_misses = 34225
preemptive halt, cache_misses = 34225
preemptive halt, cache_misses = 34225
preemptive halt, cache_misses = 34225
preemptive halt, cache_misses = 34225
preemptive halt, cache_misses = 34225
preemptive halt, cache_misses = 34225
preemptive halt, cache_misses = 34225
preemptive halt, cache_misses = 34225
preemptive halt, cache_misses = 34225
preemptive halt, cache_misses = 34225
preemptive halt, cache_misses = 34225
preemptive halt, cache_misses = 34225
preemptive halt, cache_misses = 34225
preemptive halt, cache_misses = 34225
preemptive halt, cache_misses = 34225
preemptive halt, cache_misses = 34225
preemptive halt, cache_misses = 34225
preemptive halt, cache_misses = 34225
preemptive halt, cache_misses = 34225
preemptive halt, cache_misses = 34225
preemptive halt, cache_misses = 34225
preemptive halt, cache_misses = 34225
preemptive halt, cache_misses = 34225
preemptive halt, cache_misses = 34225
preemptive halt, cache_misses = 34225
preemptive halt, cache_misses = 34225
preemptive halt, cache_misses = 34225
preemptive halt, cache_misses = 34225
preemptive halt, cache_misses = 34225
preemptive halt, cache_misses = 34225
preemptive halt, cache_misses = 34225
preemptive halt, cache_misses = 34225
preemptive halt, cache_misses = 34225
preemptive halt, cache_misses = 34225
preemptive halt, cache_misses = 34225
preemptive halt, cache_misses = 34225
preemptive halt, cache_misses = 34225
preemptive halt, cache_misses = 34225
preemptive halt, cache_misses = 34225
preemptive halt, cache_misses = 34225
preemptive halt, cache_misses = 34225
preemptive halt, cache_misses = 34225
preemptive halt, cache_misses = 34225
preemptive halt, cache_misses = 34225
preemptive halt, cache_misses = 34225
preemptive halt, cache_misses = 34225
preemptive halt, cache_misses = 34225
preemptive halt, cache_misses = 34225
preemptive halt, cache_misses = 34225
preemptive halt, cache_misses = 34225
preemptive halt, cache_misses = 34225
preemptive halt, cache_misses = 34225
preemptive halt, cache_misses = 34225
preemptive halt, cache_misses = 34225
preemptive halt, cache_misses = 34225
preemptive halt, cache_misses = 34225
preemptive halt, cache_misses = 34225
preemptive halt, cache_misses = 34225
preemptive halt, cache_misses = 34225
binary search, size 12500  misses 34225  min 10000  max 15000
preemptive halt, cache_misses = 34226
preemptive halt, cache_misses = 34226
preemptive halt, cache_misses = 34226
preemptive halt, cache_misses = 34226
preemptive halt, cache_misses = 34226
preemptive halt, cache_misses = 34226
preemptive halt, cache_misses = 34226
preemptive halt, cache_misses = 34226
preemptive halt, cache_misses = 34226
preemptive halt, cache_misses = 34226
preemptive halt, cache_misses = 34226
preemptive halt, cache_misses = 34226
preemptive halt, cache_misses = 34226
preemptive halt, cache_misses = 34226
preemptive halt, cache_misses = 34226
preemptive halt, cache_misses = 34226
preemptive halt, cache_misses = 34226
preemptive halt, cache_misses = 34226
preemptive halt, cache_misses = 34226
preemptive halt, cache_misses = 34226
preemptive halt, cache_misses = 34226
preemptive halt, cache_misses = 34226
preemptive halt, cache_misses = 34226
preemptive halt, cache_misses = 34226
preemptive halt, cache_misses = 34226
preemptive halt, cache_misses = 34226
preemptive halt, cache_misses = 34226
preemptive halt, cache_misses = 34226
preemptive halt, cache_misses = 34226
preemptive halt, cache_misses = 34226
preemptive halt, cache_misses = 34226
preemptive halt, cache_misses = 34226
preemptive halt, cache_misses = 34226
preemptive halt, cache_misses = 34226
preemptive halt, cache_misses = 34226
preemptive halt, cache_misses = 34226
preemptive halt, cache_misses = 34226
preemptive halt, cache_misses = 34226
preemptive halt, cache_misses = 34226
preemptive halt, cache_misses = 34226
preemptive halt, cache_misses = 34226
preemptive halt, cache_misses = 34226
preemptive halt, cache_misses = 34226
preemptive halt, cache_misses = 34226
preemptive halt, cache_misses = 34226
preemptive halt, cache_misses = 34226
preemptive halt, cache_misses = 34226
preemptive halt, cache_misses = 34226
preemptive halt, cache_misses = 34226
preemptive halt, cache_misses = 34226
preemptive halt, cache_misses = 34226
preemptive halt, cache_misses = 34226
preemptive halt, cache_misses = 34226
preemptive halt, cache_misses = 34226
preemptive halt, cache_misses = 34226
preemptive halt, cache_misses = 34226
preemptive halt, cache_misses = 34226
preemptive halt, cache_misses = 34226
preemptive halt, cache_misses = 34226
preemptive halt, cache_misses = 34226
preemptive halt, cache_misses = 34226
preemptive halt, cache_misses = 34226
preemptive halt, cache_misses = 34226
preemptive halt, cache_misses = 34226
preemptive halt, cache_misses = 34226
preemptive halt, cache_misses = 34226
preemptive halt, cache_misses = 34226
preemptive halt, cache_misses = 34226
preemptive halt, cache_misses = 34226
preemptive halt, cache_misses = 34226
preemptive halt, cache_misses = 34226
preemptive halt, cache_misses = 34226
preemptive halt, cache_misses = 34226
preemptive halt, cache_misses = 34226
preemptive halt, cache_misses = 34226
preemptive halt, cache_misses = 34226
preemptive halt, cache_misses = 34226
preemptive halt, cache_misses = 34226
preemptive halt, cache_misses = 34226
preemptive halt, cache_misses = 34226
preemptive halt, cache_misses = 34226
preemptive halt, cache_misses = 34226
preemptive halt, cache_misses = 34226
preemptive halt, cache_misses = 34226
preemptive halt, cache_misses = 34226
preemptive halt, cache_misses = 34226
preemptive halt, cache_misses = 34226
preemptive halt, cache_misses = 34226
preemptive halt, cache_misses = 34226
preemptive halt, cache_misses = 34226
preemptive halt, cache_misses = 34226
preemptive halt, cache_misses = 34226
preemptive halt, cache_misses = 34226
preemptive halt, cache_misses = 34226
preemptive halt, cache_misses = 34226
preemptive halt, cache_misses = 34226
preemptive halt, cache_misses = 34226
preemptive halt, cache_misses = 34226
preemptive halt, cache_misses = 34226
preemptive halt, cache_misses = 34226
preemptive halt, cache_misses = 34226
preemptive halt, cache_misses = 34226
preemptive halt, cache_misses = 34226
preemptive halt, cache_misses = 34226
preemptive halt, cache_misses = 34226
preemptive halt, cache_misses = 34226
preemptive halt, cache_misses = 34226
preemptive halt, cache_misses = 34226
preemptive halt, cache_misses = 34226
preemptive halt, cache_misses = 34226
preemptive halt, cache_misses = 34226
preemptive halt, cache_misses = 34226
preemptive halt, cache_misses = 34226
preemptive halt, cache_misses = 34226
preemptive halt, cache_misses = 34226
preemptive halt, cache_misses = 34226
preemptive halt, cache_misses = 34226
preemptive halt, cache_misses = 34226
preemptive halt, cache_misses = 34226
preemptive halt, cache_misses = 34226
preemptive halt, cache_misses = 34226
preemptive halt, cache_misses = 34226
preemptive halt, cache_misses = 34226
preemptive halt, cache_misses = 34226
preemptive halt, cache_misses = 34226
preemptive halt, cache_misses = 34226
preemptive halt, cache_misses = 34226
preemptive halt, cache_misses = 34226
preemptive halt, cache_misses = 34226
preemptive halt, cache_misses = 34226
preemptive halt, cache_misses = 34226
preemptive halt, cache_misses = 34226
preemptive halt, cache_misses = 34226
preemptive halt, cache_misses = 34226
preemptive halt, cache_misses = 34226
preemptive halt, cache_misses = 34226
preemptive halt, cache_misses = 34226
preemptive halt, cache_misses = 34226
preemptive halt, cache_misses = 34226
preemptive halt, cache_misses = 34226
preemptive halt, cache_misses = 34226
preemptive halt, cache_misses = 34226
preemptive halt, cache_misses = 34226
preemptive halt, cache_misses = 34226
preemptive halt, cache_misses = 34226
preemptive halt, cache_misses = 34226
preemptive halt, cache_misses = 34226
preemptive halt, cache_misses = 34226
preemptive halt, cache_misses = 34226
preemptive halt, cache_misses = 34226
preemptive halt, cache_misses = 34226
preemptive halt, cache_misses = 34226
preemptive halt, cache_misses = 34226
preemptive halt, cache_misses = 34226
preemptive halt, cache_misses = 34226
preemptive halt, cache_misses = 34226
preemptive halt, cache_misses = 34226
preemptive halt, cache_misses = 34226
preemptive halt, cache_misses = 34226
preemptive halt, cache_misses = 34226
preemptive halt, cache_misses = 34226
preemptive halt, cache_misses = 34226
preemptive halt, cache_misses = 34226
preemptive halt, cache_misses = 34226
preemptive halt, cache_misses = 34226
preemptive halt, cache_misses = 34226
preemptive halt, cache_misses = 34226
preemptive halt, cache_misses = 34226
preemptive halt, cache_misses = 34226
preemptive halt, cache_misses = 34226
preemptive halt, cache_misses = 34226
preemptive halt, cache_misses = 34226
preemptive halt, cache_misses = 34226
preemptive halt, cache_misses = 34226
preemptive halt, cache_misses = 34226
preemptive halt, cache_misses = 34226
preemptive halt, cache_misses = 34226
preemptive halt, cache_misses = 34226
preemptive halt, cache_misses = 34226
preemptive halt, cache_misses = 34226
preemptive halt, cache_misses = 34226
preemptive halt, cache_misses = 34226
preemptive halt, cache_misses = 34226
preemptive halt, cache_misses = 34226
preemptive halt, cache_misses = 34226
preemptive halt, cache_misses = 34226
preemptive halt, cache_misses = 34226
preemptive halt, cache_misses = 34226
preemptive halt, cache_misses = 34226
preemptive halt, cache_misses = 34226
preemptive halt, cache_misses = 34226
preemptive halt, cache_misses = 34226
preemptive halt, cache_misses = 34226
preemptive halt, cache_misses = 34226
preemptive halt, cache_misses = 34226
preemptive halt, cache_misses = 34226
preemptive halt, cache_misses = 34226
preemptive halt, cache_misses = 34226
preemptive halt, cache_misses = 34226
preemptive halt, cache_misses = 34226
preemptive halt, cache_misses = 34226
preemptive halt, cache_misses = 34226
preemptive halt, cache_misses = 34226
preemptive halt, cache_misses = 34226
preemptive halt, cache_misses = 34226
preemptive halt, cache_misses = 34226
preemptive halt, cache_misses = 34226
preemptive halt, cache_misses = 34226
preemptive halt, cache_misses = 34226
preemptive halt, cache_misses = 34226
preemptive halt, cache_misses = 34226
preemptive halt, cache_misses = 34226
preemptive halt, cache_misses = 34226
preemptive halt, cache_misses = 34226
preemptive halt, cache_misses = 34226
preemptive halt, cache_misses = 34226
preemptive halt, cache_misses = 34226
preemptive halt, cache_misses = 34226
preemptive halt, cache_misses = 34226
preemptive halt, cache_misses = 34226
preemptive halt, cache_misses = 34226
preemptive halt, cache_misses = 34226
preemptive halt, cache_misses = 34226
preemptive halt, cache_misses = 34226
preemptive halt, cache_misses = 34226
preemptive halt, cache_misses = 34226
preemptive halt, cache_misses = 34226
preemptive halt, cache_misses = 34226
preemptive halt, cache_misses = 34226
preemptive halt, cache_misses = 34226
preemptive halt, cache_misses = 34226
preemptive halt, cache_misses = 34226
preemptive halt, cache_misses = 34226
preemptive halt, cache_misses = 34226
preemptive halt, cache_misses = 34226
preemptive halt, cache_misses = 34226
preemptive halt, cache_misses = 34226
preemptive halt, cache_misses = 34226
preemptive halt, cache_misses = 34226
preemptive halt, cache_misses = 34226
preemptive halt, cache_misses = 34226
preemptive halt, cache_misses = 34226
preemptive halt, cache_misses = 34226
preemptive halt, cache_misses = 34226
preemptive halt, cache_misses = 34226
preemptive halt, cache_misses = 34226
preemptive halt, cache_misses = 34226
preemptive halt, cache_misses = 34226
preemptive halt, cache_misses = 34226
preemptive halt, cache_misses = 34226
preemptive halt, cache_misses = 34226
preemptive halt, cache_misses = 34226
preemptive halt, cache_misses = 34226
preemptive halt, cache_misses = 34226
preemptive halt, cache_misses = 34226
preemptive halt, cache_misses = 34226
preemptive halt, cache_misses = 34226
preemptive halt, cache_misses = 34226
preemptive halt, cache_misses = 34226
preemptive halt, cache_misses = 34226
preemptive halt, cache_misses = 34226
preemptive halt, cache_misses = 34226
preemptive halt, cache_misses = 34226
preemptive halt, cache_misses = 34226
preemptive halt, cache_misses = 34226
preemptive halt, cache_misses = 34226
preemptive halt, cache_misses = 34226
preemptive halt, cache_misses = 34226
preemptive halt, cache_misses = 34226
preemptive halt, cache_misses = 34226
preemptive halt, cache_misses = 34226
preemptive halt, cache_misses = 34226
preemptive halt, cache_misses = 34226
preemptive halt, cache_misses = 34226
preemptive halt, cache_misses = 34226
preemptive halt, cache_misses = 34226
preemptive halt, cache_misses = 34226
preemptive halt, cache_misses = 34226
preemptive halt, cache_misses = 34226
preemptive halt, cache_misses = 34226
preemptive halt, cache_misses = 34226
preemptive halt, cache_misses = 34226
preemptive halt, cache_misses = 34226
preemptive halt, cache_misses = 34226
preemptive halt, cache_misses = 34226
preemptive halt, cache_misses = 34226
preemptive halt, cache_misses = 34226
preemptive halt, cache_misses = 34226
preemptive halt, cache_misses = 34226
preemptive halt, cache_misses = 34226
preemptive halt, cache_misses = 34226
preemptive halt, cache_misses = 34226
preemptive halt, cache_misses = 34226
preemptive halt, cache_misses = 34226
preemptive halt, cache_misses = 34226
preemptive halt, cache_misses = 34226
preemptive halt, cache_misses = 34226
preemptive halt, cache_misses = 34226
preemptive halt, cache_misses = 34226
preemptive halt, cache_misses = 34226
preemptive halt, cache_misses = 34226
preemptive halt, cache_misses = 34226
preemptive halt, cache_misses = 34226
preemptive halt, cache_misses = 34226
preemptive halt, cache_misses = 34226
preemptive halt, cache_misses = 34226
preemptive halt, cache_misses = 34226
preemptive halt, cache_misses = 34226
preemptive halt, cache_misses = 34226
preemptive halt, cache_misses = 34226
preemptive halt, cache_misses = 34226
preemptive halt, cache_misses = 34226
preemptive halt, cache_misses = 34226
preemptive halt, cache_misses = 34226
preemptive halt, cache_misses = 34226
preemptive halt, cache_misses = 34226
preemptive halt, cache_misses = 34226
preemptive halt, cache_misses = 34226
preemptive halt, cache_misses = 34226
preemptive halt, cache_misses = 34226
preemptive halt, cache_misses = 34226
preemptive halt, cache_misses = 34226
preemptive halt, cache_misses = 34226
preemptive halt, cache_misses = 34226
preemptive halt, cache_misses = 34226
preemptive halt, cache_misses = 34226
preemptive halt, cache_misses = 34226
preemptive halt, cache_misses = 34226
preemptive halt, cache_misses = 34226
preemptive halt, cache_misses = 34226
preemptive halt, cache_misses = 34226
preemptive halt, cache_misses = 34226
preemptive halt, cache_misses = 34226
preemptive halt, cache_misses = 34226
preemptive halt, cache_misses = 34226
preemptive halt, cache_misses = 34226
preemptive halt, cache_misses = 34226
preemptive halt, cache_misses = 34226
preemptive halt, cache_misses = 34226
preemptive halt, cache_misses = 34226
preemptive halt, cache_misses = 34226
preemptive halt, cache_misses = 34226
preemptive halt, cache_misses = 34226
preemptive halt, cache_misses = 34226
preemptive halt, cache_misses = 34226
preemptive halt, cache_misses = 34226
preemptive halt, cache_misses = 34226
preemptive halt, cache_misses = 34226
preemptive halt, cache_misses = 34226
preemptive halt, cache_misses = 34226
preemptive halt, cache_misses = 34226
preemptive halt, cache_misses = 34226
preemptive halt, cache_misses = 34226
preemptive halt, cache_misses = 34226
preemptive halt, cache_misses = 34226
preemptive halt, cache_misses = 34226
preemptive halt, cache_misses = 34226
preemptive halt, cache_misses = 34226
preemptive halt, cache_misses = 34226
preemptive halt, cache_misses = 34226
preemptive halt, cache_misses = 34226
preemptive halt, cache_misses = 34226
preemptive halt, cache_misses = 34226
preemptive halt, cache_misses = 34226
preemptive halt, cache_misses = 34226
preemptive halt, cache_misses = 34226
preemptive halt, cache_misses = 34226
preemptive halt, cache_misses = 34226
preemptive halt, cache_misses = 34226
preemptive halt, cache_misses = 34226
preemptive halt, cache_misses = 34226
preemptive halt, cache_misses = 34226
binary search, size 13750  misses 34226  min 12500  max 15000
binary search, size 14375  misses 34224  min 13750  max 15000
binary search, size 14062  misses 34224  min 13750  max 14375
preemptive halt, cache_misses = 34225
preemptive halt, cache_misses = 34225
preemptive halt, cache_misses = 34225
preemptive halt, cache_misses = 34225
binary search, size 13906  misses 34225  min 13750  max 14062
preemptive halt, cache_misses = 34226
preemptive halt, cache_misses = 34226
preemptive halt, cache_misses = 34226
preemptive halt, cache_misses = 34226
preemptive halt, cache_misses = 34226
preemptive halt, cache_misses = 34226
binary search, size 13984  misses 34226  min 13906  max 14062
preemptive halt, cache_misses = 34227
preemptive halt, cache_misses = 34227
preemptive halt, cache_misses = 34227
preemptive halt, cache_misses = 34227
preemptive halt, cache_misses = 34227
preemptive halt, cache_misses = 34227
preemptive halt, cache_misses = 34227
preemptive halt, cache_misses = 34227
binary search, size 14023  misses 34227  min 13984  max 14062
preemptive halt, cache_misses = 34228
preemptive halt, cache_misses = 34228
preemptive halt, cache_misses = 34228
preemptive halt, cache_misses = 34228
preemptive halt, cache_misses = 34228
preemptive halt, cache_misses = 34228
preemptive halt, cache_misses = 34228
preemptive halt, cache_misses = 34228
preemptive halt, cache_misses = 34228
preemptive halt, cache_misses = 34228
binary search, size 14042  misses 34228  min 14023  max 14062
preemptive halt, cache_misses = 34229
preemptive halt, cache_misses = 34229
preemptive halt, cache_misses = 34229
preemptive halt, cache_misses = 34229
preemptive halt, cache_misses = 34229
preemptive halt, cache_misses = 34229
preemptive halt, cache_misses = 34229
preemptive halt, cache_misses = 34229
preemptive halt, cache_misses = 34229
preemptive halt, cache_misses = 34229
preemptive halt, cache_misses = 34229
preemptive halt, cache_misses = 34229
binary search, size 14052  misses 34229  min 14042  max 14062
preemptive halt, cache_misses = 34230
preemptive halt, cache_misses = 34230
preemptive halt, cache_misses = 34230
preemptive halt, cache_misses = 34230
preemptive halt, cache_misses = 34230
preemptive halt, cache_misses = 34230
preemptive halt, cache_misses = 34230
preemptive halt, cache_misses = 34230
preemptive halt, cache_misses = 34230
preemptive halt, cache_misses = 34230
preemptive halt, cache_misses = 34230
preemptive halt, cache_misses = 34230
preemptive halt, cache_misses = 34230
preemptive halt, cache_misses = 34230
binary search, size 14057  misses 34230  min 14052  max 14062
binary search, size 14059  misses 34224  min 14057  max 14062
preemptive halt, cache_misses = 34225
preemptive halt, cache_misses = 34225
preemptive halt, cache_misses = 34225
preemptive halt, cache_misses = 34225
binary search, size 14058  misses 34225  min 14057  max 14059
characteristic cache size (binary search) for 184 = 14059
End at: 2021-04-02 02:24:15.064714
Time elapsed: 0:00:00.661541
