Begin at: 2021-04-02 02:25:32.620371
['../dist/Debug/GNU-Linux/memo_batch_tester', '', '--mbt_execution_trace_fname', 'olcs4_traceback_csize_input_types/OLCS4_lru_2021_04_02__02_23_19_k_3__d_2_cache_size_160000_problems_10_to_400/OLCS4_lru_2021_04_02__02_23_19_k_3__d_2_cache_size_160000_problems_10_to_400/OLCS4__do_traceback_prob_size_263_cache_size_160000_lru_k_3_d_2_execution_trace_2021_4_2_2_25_32_pid_11925.log', '--mbt_cache_misses_fname', 'olcs4_traceback_csize_input_types/OLCS4_lru_2021_04_02__02_23_19_k_3__d_2_cache_size_160000_problems_10_to_400/lcs_cost_OLCS4_lru_misses_for_cache_size.csv', '--mbt_misses_for_problem_size_fname', 'olcs4_traceback_csize_input_types/OLCS4_lru_2021_04_02__02_23_19_k_3__d_2_cache_size_160000_problems_10_to_400/lcs_cost_OLCS4_lru_misses_for_problem_size.csv', '--mbt_exact_cutoff_min_cache_size', '160000', '--mbt_exact_cutoff_max_cache_size', '160000', '--mbt_problem_type', 'lcs', '--mbt_metric_type', 'csize_binary_search', '--mbt_cutoff_ratio', '2.2', '--mbt_instance_fname', '263', '--mbt_detailed_cache_misses_out_fname', 'csize_olcs4_traceback_0011nc_nc1100_0_9.csv', '--mbt_phi_N', '5.0', '--mbt_problem_size', '263', '--lcs_compute_length', '0', '--lcs_perform_traceback', '1', '--lig_instance_type', '0011nc_nc1100', '--lig_n', '263', '--lig_c', '0.9', '--lig_b', '3.0', '--lcs_oblivious', '4', '--lcs_execution_trace_fname', 'olcs4_traceback_csize_input_types/OLCS4_lru_2021_04_02__02_23_19_k_3__d_2_cache_size_160000_problems_10_to_400/OLCS4_lru_2021_04_02__02_23_19_k_3__d_2_cache_size_160000_problems_10_to_400/OLCS4__do_traceback_prob_size_263_cache_size_160000_lru_k_3_d_2_execution_trace_2021_4_2_2_25_32_pid_11925.log', '--memo_caching_strategy', 'lru', '--memo_cache_size', '160001', '--memo_lru_queue_size', '160000', '--memo_cuckoo_k', '4', '--memo_key_length', '8', '--memo_value_length', '8', '--memo_k_timestamps', '3', '--memo_d_recent_timestamps', '2', '--memo_a_items_per_timestamp_factor', '0.4375']

csize_binary_search chosen
lcs problem_type lcs cache_size 160001
initialize_long_int_cache begin
init_memo
arguments to memo:
 --mbt_execution_trace_fname olcs4_traceback_csize_input_types/OLCS4_lru_2021_04_02__02_23_19_k_3__d_2_cache_size_160000_problems_10_to_400/OLCS4_lru_2021_04_02__02_23_19_k_3__d_2_cache_size_160000_problems_10_to_400/OLCS4__do_traceback_prob_size_263_cache_size_160000_lru_k_3_d_2_execution_trace_2021_4_2_2_25_32_pid_11925.log --mbt_cache_misses_fname olcs4_traceback_csize_input_types/OLCS4_lru_2021_04_02__02_23_19_k_3__d_2_cache_size_160000_problems_10_to_400/lcs_cost_OLCS4_lru_misses_for_cache_size.csv --mbt_misses_for_problem_size_fname olcs4_traceback_csize_input_types/OLCS4_lru_2021_04_02__02_23_19_k_3__d_2_cache_size_160000_problems_10_to_400/lcs_cost_OLCS4_lru_misses_for_problem_size.csv --mbt_exact_cutoff_min_cache_size 160000 --mbt_exact_cutoff_max_cache_size 160000 --mbt_problem_type lcs --mbt_metric_type csize_binary_search --mbt_cutoff_ratio 2.2 --mbt_instance_fname 263 --mbt_detailed_cache_misses_out_fname csize_olcs4_traceback_0011nc_nc1100_0_9.csv --mbt_phi_N 5.0 --mbt_problem_size 263 --lcs_compute_length 0 --lcs_perform_traceback 1 --lig_instance_type 0011nc_nc1100 --lig_n 263 --lig_c 0.9 --lig_b 3.0 --lcs_oblivious 4 --lcs_execution_trace_fname olcs4_traceback_csize_input_types/OLCS4_lru_2021_04_02__02_23_19_k_3__d_2_cache_size_160000_problems_10_to_400/OLCS4_lru_2021_04_02__02_23_19_k_3__d_2_cache_size_160000_problems_10_to_400/OLCS4__do_traceback_prob_size_263_cache_size_160000_lru_k_3_d_2_execution_trace_2021_4_2_2_25_32_pid_11925.log --memo_caching_strategy lru --memo_cache_size 160001 --memo_lru_queue_size 160000 --memo_cuckoo_k 4 --memo_key_length 8 --memo_value_length 8 --memo_k_timestamps 3 --memo_d_recent_timestamps 2 --memo_a_items_per_timestamp_factor 0.4375 
calculate_table_size: table_size is 262144, original is 160001
Finished initializing cache
initialize_long_int_cache end
done initializing cache
initializing problem
done initializing problem
commence trials
Starting characteristic_cache_size_binary_search with max cache size 160001
binary search, size 160001  misses 69695
binary search, size 80000  misses 69695  min 0  max 160001
binary search, size 40000  misses 69695  min 0  max 80000
preemptive halt, cache_misses = 69696
preemptive halt, cache_misses = 69696
preemptive halt, cache_misses = 69696
preemptive halt, cache_misses = 69696
preemptive halt, cache_misses = 69696
preemptive halt, cache_misses = 69696
preemptive halt, cache_misses = 69696
preemptive halt, cache_misses = 69696
preemptive halt, cache_misses = 69696
preemptive halt, cache_misses = 69696
preemptive halt, cache_misses = 69696
preemptive halt, cache_misses = 69696
preemptive halt, cache_misses = 69696
preemptive halt, cache_misses = 69696
preemptive halt, cache_misses = 69696
preemptive halt, cache_misses = 69696
preemptive halt, cache_misses = 69696
preemptive halt, cache_misses = 69696
preemptive halt, cache_misses = 69696
preemptive halt, cache_misses = 69696
preemptive halt, cache_misses = 69696
preemptive halt, cache_misses = 69696
preemptive halt, cache_misses = 69696
preemptive halt, cache_misses = 69696
preemptive halt, cache_misses = 69696
preemptive halt, cache_misses = 69696
preemptive halt, cache_misses = 69696
preemptive halt, cache_misses = 69696
preemptive halt, cache_misses = 69696
preemptive halt, cache_misses = 69696
preemptive halt, cache_misses = 69696
preemptive halt, cache_misses = 69696
preemptive halt, cache_misses = 69696
preemptive halt, cache_misses = 69696
preemptive halt, cache_misses = 69696
preemptive halt, cache_misses = 69696
preemptive halt, cache_misses = 69696
preemptive halt, cache_misses = 69696
preemptive halt, cache_misses = 69696
preemptive halt, cache_misses = 69696
preemptive halt, cache_misses = 69696
preemptive halt, cache_misses = 69696
preemptive halt, cache_misses = 69696
preemptive halt, cache_misses = 69696
preemptive halt, cache_misses = 69696
preemptive halt, cache_misses = 69696
preemptive halt, cache_misses = 69696
preemptive halt, cache_misses = 69696
preemptive halt, cache_misses = 69696
preemptive halt, cache_misses = 69696
preemptive halt, cache_misses = 69696
preemptive halt, cache_misses = 69696
preemptive halt, cache_misses = 69696
preemptive halt, cache_misses = 69696
preemptive halt, cache_misses = 69696
preemptive halt, cache_misses = 69696
preemptive halt, cache_misses = 69696
preemptive halt, cache_misses = 69696
preemptive halt, cache_misses = 69696
preemptive halt, cache_misses = 69696
preemptive halt, cache_misses = 69696
preemptive halt, cache_misses = 69696
preemptive halt, cache_misses = 69696
preemptive halt, cache_misses = 69696
preemptive halt, cache_misses = 69696
preemptive halt, cache_misses = 69696
preemptive halt, cache_misses = 69696
preemptive halt, cache_misses = 69696
preemptive halt, cache_misses = 69696
preemptive halt, cache_misses = 69696
preemptive halt, cache_misses = 69696
preemptive halt, cache_misses = 69696
preemptive halt, cache_misses = 69696
preemptive halt, cache_misses = 69696
preemptive halt, cache_misses = 69696
preemptive halt, cache_misses = 69696
preemptive halt, cache_misses = 69696
preemptive halt, cache_misses = 69696
preemptive halt, cache_misses = 69696
preemptive halt, cache_misses = 69696
preemptive halt, cache_misses = 69696
preemptive halt, cache_misses = 69696
preemptive halt, cache_misses = 69696
preemptive halt, cache_misses = 69696
preemptive halt, cache_misses = 69696
preemptive halt, cache_misses = 69696
preemptive halt, cache_misses = 69696
preemptive halt, cache_misses = 69696
preemptive halt, cache_misses = 69696
preemptive halt, cache_misses = 69696
preemptive halt, cache_misses = 69696
preemptive halt, cache_misses = 69696
preemptive halt, cache_misses = 69696
preemptive halt, cache_misses = 69696
preemptive halt, cache_misses = 69696
preemptive halt, cache_misses = 69696
preemptive halt, cache_misses = 69696
preemptive halt, cache_misses = 69696
preemptive halt, cache_misses = 69696
preemptive halt, cache_misses = 69696
preemptive halt, cache_misses = 69696
preemptive halt, cache_misses = 69696
preemptive halt, cache_misses = 69696
preemptive halt, cache_misses = 69696
preemptive halt, cache_misses = 69696
preemptive halt, cache_misses = 69696
preemptive halt, cache_misses = 69696
preemptive halt, cache_misses = 69696
preemptive halt, cache_misses = 69696
preemptive halt, cache_misses = 69696
preemptive halt, cache_misses = 69696
preemptive halt, cache_misses = 69696
preemptive halt, cache_misses = 69696
preemptive halt, cache_misses = 69696
preemptive halt, cache_misses = 69696
preemptive halt, cache_misses = 69696
preemptive halt, cache_misses = 69696
preemptive halt, cache_misses = 69696
preemptive halt, cache_misses = 69696
preemptive halt, cache_misses = 69696
preemptive halt, cache_misses = 69696
preemptive halt, cache_misses = 69696
preemptive halt, cache_misses = 69696
preemptive halt, cache_misses = 69696
preemptive halt, cache_misses = 69696
preemptive halt, cache_misses = 69696
preemptive halt, cache_misses = 69696
preemptive halt, cache_misses = 69696
preemptive halt, cache_misses = 69696
preemptive halt, cache_misses = 69696
preemptive halt, cache_misses = 69696
preemptive halt, cache_misses = 69696
preemptive halt, cache_misses = 69696
preemptive halt, cache_misses = 69696
preemptive halt, cache_misses = 69696
preemptive halt, cache_misses = 69696
preemptive halt, cache_misses = 69696
preemptive halt, cache_misses = 69696
preemptive halt, cache_misses = 69696
preemptive halt, cache_misses = 69696
preemptive halt, cache_misses = 69696
preemptive halt, cache_misses = 69696
preemptive halt, cache_misses = 69696
preemptive halt, cache_misses = 69696
preemptive halt, cache_misses = 69696
preemptive halt, cache_misses = 69696
preemptive halt, cache_misses = 69696
preemptive halt, cache_misses = 69696
preemptive halt, cache_misses = 69696
preemptive halt, cache_misses = 69696
preemptive halt, cache_misses = 69696
preemptive halt, cache_misses = 69696
preemptive halt, cache_misses = 69696
preemptive halt, cache_misses = 69696
preemptive halt, cache_misses = 69696
preemptive halt, cache_misses = 69696
preemptive halt, cache_misses = 69696
preemptive halt, cache_misses = 69696
preemptive halt, cache_misses = 69696
preemptive halt, cache_misses = 69696
preemptive halt, cache_misses = 69696
preemptive halt, cache_misses = 69696
preemptive halt, cache_misses = 69696
preemptive halt, cache_misses = 69696
preemptive halt, cache_misses = 69696
preemptive halt, cache_misses = 69696
preemptive halt, cache_misses = 69696
preemptive halt, cache_misses = 69696
preemptive halt, cache_misses = 69696
preemptive halt, cache_misses = 69696
preemptive halt, cache_misses = 69696
preemptive halt, cache_misses = 69696
preemptive halt, cache_misses = 69696
preemptive halt, cache_misses = 69696
preemptive halt, cache_misses = 69696
preemptive halt, cache_misses = 69696
preemptive halt, cache_misses = 69696
preemptive halt, cache_misses = 69696
preemptive halt, cache_misses = 69696
preemptive halt, cache_misses = 69696
preemptive halt, cache_misses = 69696
preemptive halt, cache_misses = 69696
preemptive halt, cache_misses = 69696
preemptive halt, cache_misses = 69696
preemptive halt, cache_misses = 69696
preemptive halt, cache_misses = 69696
preemptive halt, cache_misses = 69696
preemptive halt, cache_misses = 69696
preemptive halt, cache_misses = 69696
preemptive halt, cache_misses = 69696
preemptive halt, cache_misses = 69696
preemptive halt, cache_misses = 69696
preemptive halt, cache_misses = 69696
preemptive halt, cache_misses = 69696
preemptive halt, cache_misses = 69696
preemptive halt, cache_misses = 69696
preemptive halt, cache_misses = 69696
preemptive halt, cache_misses = 69696
preemptive halt, cache_misses = 69696
preemptive halt, cache_misses = 69696
preemptive halt, cache_misses = 69696
preemptive halt, cache_misses = 69696
preemptive halt, cache_misses = 69696
preemptive halt, cache_misses = 69696
preemptive halt, cache_misses = 69696
preemptive halt, cache_misses = 69696
preemptive halt, cache_misses = 69696
preemptive halt, cache_misses = 69696
preemptive halt, cache_misses = 69696
preemptive halt, cache_misses = 69696
preemptive halt, cache_misses = 69696
preemptive halt, cache_misses = 69696
preemptive halt, cache_misses = 69696
preemptive halt, cache_misses = 69696
preemptive halt, cache_misses = 69696
preemptive halt, cache_misses = 69696
preemptive halt, cache_misses = 69696
preemptive halt, cache_misses = 69696
preemptive halt, cache_misses = 69696
preemptive halt, cache_misses = 69696
preemptive halt, cache_misses = 69696
preemptive halt, cache_misses = 69696
preemptive halt, cache_misses = 69696
preemptive halt, cache_misses = 69696
preemptive halt, cache_misses = 69696
preemptive halt, cache_misses = 69696
preemptive halt, cache_misses = 69696
preemptive halt, cache_misses = 69696
preemptive halt, cache_misses = 69696
preemptive halt, cache_misses = 69696
preemptive halt, cache_misses = 69696
preemptive halt, cache_misses = 69696
preemptive halt, cache_misses = 69696
preemptive halt, cache_misses = 69696
preemptive halt, cache_misses = 69696
preemptive halt, cache_misses = 69696
preemptive halt, cache_misses = 69696
preemptive halt, cache_misses = 69696
preemptive halt, cache_misses = 69696
preemptive halt, cache_misses = 69696
preemptive halt, cache_misses = 69696
preemptive halt, cache_misses = 69696
preemptive halt, cache_misses = 69696
preemptive halt, cache_misses = 69696
preemptive halt, cache_misses = 69696
preemptive halt, cache_misses = 69696
preemptive halt, cache_misses = 69696
preemptive halt, cache_misses = 69696
preemptive halt, cache_misses = 69696
preemptive halt, cache_misses = 69696
preemptive halt, cache_misses = 69696
preemptive halt, cache_misses = 69696
preemptive halt, cache_misses = 69696
preemptive halt, cache_misses = 69696
preemptive halt, cache_misses = 69696
preemptive halt, cache_misses = 69696
preemptive halt, cache_misses = 69696
preemptive halt, cache_misses = 69696
preemptive halt, cache_misses = 69696
preemptive halt, cache_misses = 69696
preemptive halt, cache_misses = 69696
preemptive halt, cache_misses = 69696
preemptive halt, cache_misses = 69696
preemptive halt, cache_misses = 69696
preemptive halt, cache_misses = 69696
preemptive halt, cache_misses = 69696
preemptive halt, cache_misses = 69696
preemptive halt, cache_misses = 69696
preemptive halt, cache_misses = 69696
preemptive halt, cache_misses = 69696
preemptive halt, cache_misses = 69696
preemptive halt, cache_misses = 69696
preemptive halt, cache_misses = 69696
preemptive halt, cache_misses = 69696
preemptive halt, cache_misses = 69696
preemptive halt, cache_misses = 69696
preemptive halt, cache_misses = 69696
preemptive halt, cache_misses = 69696
preemptive halt, cache_misses = 69696
preemptive halt, cache_misses = 69696
preemptive halt, cache_misses = 69696
preemptive halt, cache_misses = 69696
preemptive halt, cache_misses = 69696
preemptive halt, cache_misses = 69696
preemptive halt, cache_misses = 69696
preemptive halt, cache_misses = 69696
preemptive halt, cache_misses = 69696
preemptive halt, cache_misses = 69696
preemptive halt, cache_misses = 69696
preemptive halt, cache_misses = 69696
preemptive halt, cache_misses = 69696
preemptive halt, cache_misses = 69696
preemptive halt, cache_misses = 69696
preemptive halt, cache_misses = 69696
preemptive halt, cache_misses = 69696
preemptive halt, cache_misses = 69696
preemptive halt, cache_misses = 69696
preemptive halt, cache_misses = 69696
preemptive halt, cache_misses = 69696
preemptive halt, cache_misses = 69696
preemptive halt, cache_misses = 69696
preemptive halt, cache_misses = 69696
preemptive halt, cache_misses = 69696
preemptive halt, cache_misses = 69696
preemptive halt, cache_misses = 69696
preemptive halt, cache_misses = 69696
preemptive halt, cache_misses = 69696
preemptive halt, cache_misses = 69696
preemptive halt, cache_misses = 69696
preemptive halt, cache_misses = 69696
preemptive halt, cache_misses = 69696
preemptive halt, cache_misses = 69696
preemptive halt, cache_misses = 69696
preemptive halt, cache_misses = 69696
preemptive halt, cache_misses = 69696
preemptive halt, cache_misses = 69696
preemptive halt, cache_misses = 69696
preemptive halt, cache_misses = 69696
preemptive halt, cache_misses = 69696
preemptive halt, cache_misses = 69696
preemptive halt, cache_misses = 69696
preemptive halt, cache_misses = 69696
preemptive halt, cache_misses = 69696
preemptive halt, cache_misses = 69696
preemptive halt, cache_misses = 69696
preemptive halt, cache_misses = 69696
preemptive halt, cache_misses = 69696
preemptive halt, cache_misses = 69696
preemptive halt, cache_misses = 69696
preemptive halt, cache_misses = 69696
preemptive halt, cache_misses = 69696
preemptive halt, cache_misses = 69696
preemptive halt, cache_misses = 69696
preemptive halt, cache_misses = 69696
preemptive halt, cache_misses = 69696
preemptive halt, cache_misses = 69696
preemptive halt, cache_misses = 69696
preemptive halt, cache_misses = 69696
preemptive halt, cache_misses = 69696
preemptive halt, cache_misses = 69696
preemptive halt, cache_misses = 69696
preemptive halt, cache_misses = 69696
preemptive halt, cache_misses = 69696
preemptive halt, cache_misses = 69696
preemptive halt, cache_misses = 69696
preemptive halt, cache_misses = 69696
preemptive halt, cache_misses = 69696
preemptive halt, cache_misses = 69696
preemptive halt, cache_misses = 69696
preemptive halt, cache_misses = 69696
preemptive halt, cache_misses = 69696
preemptive halt, cache_misses = 69696
preemptive halt, cache_misses = 69696
preemptive halt, cache_misses = 69696
preemptive halt, cache_misses = 69696
preemptive halt, cache_misses = 69696
preemptive halt, cache_misses = 69696
preemptive halt, cache_misses = 69696
preemptive halt, cache_misses = 69696
preemptive halt, cache_misses = 69696
preemptive halt, cache_misses = 69696
preemptive halt, cache_misses = 69696
preemptive halt, cache_misses = 69696
preemptive halt, cache_misses = 69696
preemptive halt, cache_misses = 69696
preemptive halt, cache_misses = 69696
preemptive halt, cache_misses = 69696
preemptive halt, cache_misses = 69696
preemptive halt, cache_misses = 69696
preemptive halt, cache_misses = 69696
preemptive halt, cache_misses = 69696
preemptive halt, cache_misses = 69696
preemptive halt, cache_misses = 69696
preemptive halt, cache_misses = 69696
preemptive halt, cache_misses = 69696
preemptive halt, cache_misses = 69696
preemptive halt, cache_misses = 69696
preemptive halt, cache_misses = 69696
preemptive halt, cache_misses = 69696
preemptive halt, cache_misses = 69696
preemptive halt, cache_misses = 69696
preemptive halt, cache_misses = 69696
preemptive halt, cache_misses = 69696
preemptive halt, cache_misses = 69696
preemptive halt, cache_misses = 69696
preemptive halt, cache_misses = 69696
preemptive halt, cache_misses = 69696
preemptive halt, cache_misses = 69696
preemptive halt, cache_misses = 69696
preemptive halt, cache_misses = 69696
preemptive halt, cache_misses = 69696
preemptive halt, cache_misses = 69696
preemptive halt, cache_misses = 69696
preemptive halt, cache_misses = 69696
preemptive halt, cache_misses = 69696
preemptive halt, cache_misses = 69696
preemptive halt, cache_misses = 69696
preemptive halt, cache_misses = 69696
preemptive halt, cache_misses = 69696
preemptive halt, cache_misses = 69696
preemptive halt, cache_misses = 69696
preemptive halt, cache_misses = 69696
preemptive halt, cache_misses = 69696
preemptive halt, cache_misses = 69696
preemptive halt, cache_misses = 69696
preemptive halt, cache_misses = 69696
preemptive halt, cache_misses = 69696
preemptive halt, cache_misses = 69696
preemptive halt, cache_misses = 69696
preemptive halt, cache_misses = 69696
preemptive halt, cache_misses = 69696
preemptive halt, cache_misses = 69696
preemptive halt, cache_misses = 69696
preemptive halt, cache_misses = 69696
preemptive halt, cache_misses = 69696
preemptive halt, cache_misses = 69696
preemptive halt, cache_misses = 69696
preemptive halt, cache_misses = 69696
preemptive halt, cache_misses = 69696
preemptive halt, cache_misses = 69696
preemptive halt, cache_misses = 69696
preemptive halt, cache_misses = 69696
preemptive halt, cache_misses = 69696
preemptive halt, cache_misses = 69696
preemptive halt, cache_misses = 69696
preemptive halt, cache_misses = 69696
preemptive halt, cache_misses = 69696
preemptive halt, cache_misses = 69696
preemptive halt, cache_misses = 69696
preemptive halt, cache_misses = 69696
preemptive halt, cache_misses = 69696
preemptive halt, cache_misses = 69696
preemptive halt, cache_misses = 69696
preemptive halt, cache_misses = 69696
preemptive halt, cache_misses = 69696
preemptive halt, cache_misses = 69696
preemptive halt, cache_misses = 69696
preemptive halt, cache_misses = 69696
preemptive halt, cache_misses = 69696
preemptive halt, cache_misses = 69696
preemptive halt, cache_misses = 69696
preemptive halt, cache_misses = 69696
preemptive halt, cache_misses = 69696
preemptive halt, cache_misses = 69696
preemptive halt, cache_misses = 69696
preemptive halt, cache_misses = 69696
preemptive halt, cache_misses = 69696
preemptive halt, cache_misses = 69696
preemptive halt, cache_misses = 69696
preemptive halt, cache_misses = 69696
binary search, size 20000  misses 69696  min 0  max 40000
preemptive halt, cache_misses = 69697
preemptive halt, cache_misses = 69697
preemptive halt, cache_misses = 69697
preemptive halt, cache_misses = 69697
preemptive halt, cache_misses = 69697
preemptive halt, cache_misses = 69697
binary search, size 30000  misses 69697  min 20000  max 40000
binary search, size 35000  misses 69695  min 30000  max 40000
binary search, size 32500  misses 69695  min 30000  max 35000
binary search, size 31250  misses 69695  min 30000  max 32500
binary search, size 30625  misses 69695  min 30000  max 31250
binary search, size 30312  misses 69695  min 30000  max 30625
binary search, size 30156  misses 69695  min 30000  max 30312
preemptive halt, cache_misses = 69696
preemptive halt, cache_misses = 69696
preemptive halt, cache_misses = 69696
preemptive halt, cache_misses = 69696
binary search, size 30078  misses 69696  min 30000  max 30156
binary search, size 30117  misses 69695  min 30078  max 30156
binary search, size 30097  misses 69695  min 30078  max 30117
preemptive halt, cache_misses = 69696
preemptive halt, cache_misses = 69696
preemptive halt, cache_misses = 69696
preemptive halt, cache_misses = 69696
binary search, size 30087  misses 69696  min 30078  max 30097
preemptive halt, cache_misses = 69697
preemptive halt, cache_misses = 69697
preemptive halt, cache_misses = 69697
preemptive halt, cache_misses = 69697
preemptive halt, cache_misses = 69697
preemptive halt, cache_misses = 69697
binary search, size 30092  misses 69697  min 30087  max 30097
preemptive halt, cache_misses = 69698
preemptive halt, cache_misses = 69698
preemptive halt, cache_misses = 69698
preemptive halt, cache_misses = 69698
preemptive halt, cache_misses = 69698
preemptive halt, cache_misses = 69698
preemptive halt, cache_misses = 69698
preemptive halt, cache_misses = 69698
binary search, size 30094  misses 69698  min 30092  max 30097
binary search, size 30095  misses 69695  min 30094  max 30097
characteristic cache size (binary search) for 263 = 30095
End at: 2021-04-02 02:25:33.869630
Time elapsed: 0:00:01.249276
