Begin at: 2021-04-02 02:25:04.564971
['../dist/Debug/GNU-Linux/memo_batch_tester', '', '--mbt_execution_trace_fname', 'olcs4_traceback_csize_input_types/OLCS4_lru_2021_04_02__02_23_19_k_3__d_2_cache_size_160000_problems_10_to_400/OLCS4_lru_2021_04_02__02_23_19_k_3__d_2_cache_size_160000_problems_10_to_400/OLCS4__do_traceback_prob_size_240_cache_size_160000_lru_k_3_d_2_execution_trace_2021_4_2_2_25_4_pid_11877.log', '--mbt_cache_misses_fname', 'olcs4_traceback_csize_input_types/OLCS4_lru_2021_04_02__02_23_19_k_3__d_2_cache_size_160000_problems_10_to_400/lcs_cost_OLCS4_lru_misses_for_cache_size.csv', '--mbt_misses_for_problem_size_fname', 'olcs4_traceback_csize_input_types/OLCS4_lru_2021_04_02__02_23_19_k_3__d_2_cache_size_160000_problems_10_to_400/lcs_cost_OLCS4_lru_misses_for_problem_size.csv', '--mbt_exact_cutoff_min_cache_size', '160000', '--mbt_exact_cutoff_max_cache_size', '160000', '--mbt_problem_type', 'lcs', '--mbt_metric_type', 'csize_binary_search', '--mbt_cutoff_ratio', '2.2', '--mbt_instance_fname', '240', '--mbt_detailed_cache_misses_out_fname', 'csize_olcs4_traceback_0011nc_nc1100_0_9.csv', '--mbt_phi_N', '5.0', '--mbt_problem_size', '240', '--lcs_compute_length', '0', '--lcs_perform_traceback', '1', '--lig_instance_type', '0011nc_nc1100', '--lig_n', '240', '--lig_c', '0.9', '--lig_b', '3.0', '--lcs_oblivious', '4', '--lcs_execution_trace_fname', 'olcs4_traceback_csize_input_types/OLCS4_lru_2021_04_02__02_23_19_k_3__d_2_cache_size_160000_problems_10_to_400/OLCS4_lru_2021_04_02__02_23_19_k_3__d_2_cache_size_160000_problems_10_to_400/OLCS4__do_traceback_prob_size_240_cache_size_160000_lru_k_3_d_2_execution_trace_2021_4_2_2_25_4_pid_11877.log', '--memo_caching_strategy', 'lru', '--memo_cache_size', '160001', '--memo_lru_queue_size', '160000', '--memo_cuckoo_k', '4', '--memo_key_length', '8', '--memo_value_length', '8', '--memo_k_timestamps', '3', '--memo_d_recent_timestamps', '2', '--memo_a_items_per_timestamp_factor', '0.4375']

csize_binary_search chosen
lcs problem_type lcs cache_size 160001
initialize_long_int_cache begin
init_memo
arguments to memo:
 --mbt_execution_trace_fname olcs4_traceback_csize_input_types/OLCS4_lru_2021_04_02__02_23_19_k_3__d_2_cache_size_160000_problems_10_to_400/OLCS4_lru_2021_04_02__02_23_19_k_3__d_2_cache_size_160000_problems_10_to_400/OLCS4__do_traceback_prob_size_240_cache_size_160000_lru_k_3_d_2_execution_trace_2021_4_2_2_25_4_pid_11877.log --mbt_cache_misses_fname olcs4_traceback_csize_input_types/OLCS4_lru_2021_04_02__02_23_19_k_3__d_2_cache_size_160000_problems_10_to_400/lcs_cost_OLCS4_lru_misses_for_cache_size.csv --mbt_misses_for_problem_size_fname olcs4_traceback_csize_input_types/OLCS4_lru_2021_04_02__02_23_19_k_3__d_2_cache_size_160000_problems_10_to_400/lcs_cost_OLCS4_lru_misses_for_problem_size.csv --mbt_exact_cutoff_min_cache_size 160000 --mbt_exact_cutoff_max_cache_size 160000 --mbt_problem_type lcs --mbt_metric_type csize_binary_search --mbt_cutoff_ratio 2.2 --mbt_instance_fname 240 --mbt_detailed_cache_misses_out_fname csize_olcs4_traceback_0011nc_nc1100_0_9.csv --mbt_phi_N 5.0 --mbt_problem_size 240 --lcs_compute_length 0 --lcs_perform_traceback 1 --lig_instance_type 0011nc_nc1100 --lig_n 240 --lig_c 0.9 --lig_b 3.0 --lcs_oblivious 4 --lcs_execution_trace_fname olcs4_traceback_csize_input_types/OLCS4_lru_2021_04_02__02_23_19_k_3__d_2_cache_size_160000_problems_10_to_400/OLCS4_lru_2021_04_02__02_23_19_k_3__d_2_cache_size_160000_problems_10_to_400/OLCS4__do_traceback_prob_size_240_cache_size_160000_lru_k_3_d_2_execution_trace_2021_4_2_2_25_4_pid_11877.log --memo_caching_strategy lru --memo_cache_size 160001 --memo_lru_queue_size 160000 --memo_cuckoo_k 4 --memo_key_length 8 --memo_value_length 8 --memo_k_timestamps 3 --memo_d_recent_timestamps 2 --memo_a_items_per_timestamp_factor 0.4375 
calculate_table_size: table_size is 262144, original is 160001
Finished initializing cache
initialize_long_int_cache end
done initializing cache
initializing problem
done initializing problem
commence trials
Starting characteristic_cache_size_binary_search with max cache size 160001
binary search, size 160001  misses 58080
binary search, size 80000  misses 58080  min 0  max 160001
binary search, size 40000  misses 58080  min 0  max 80000
preemptive halt, cache_misses = 58081
preemptive halt, cache_misses = 58081
preemptive halt, cache_misses = 58081
preemptive halt, cache_misses = 58081
preemptive halt, cache_misses = 58081
preemptive halt, cache_misses = 58081
preemptive halt, cache_misses = 58081
preemptive halt, cache_misses = 58081
preemptive halt, cache_misses = 58081
preemptive halt, cache_misses = 58081
preemptive halt, cache_misses = 58081
preemptive halt, cache_misses = 58081
preemptive halt, cache_misses = 58081
preemptive halt, cache_misses = 58081
preemptive halt, cache_misses = 58081
preemptive halt, cache_misses = 58081
preemptive halt, cache_misses = 58081
preemptive halt, cache_misses = 58081
preemptive halt, cache_misses = 58081
preemptive halt, cache_misses = 58081
preemptive halt, cache_misses = 58081
preemptive halt, cache_misses = 58081
preemptive halt, cache_misses = 58081
preemptive halt, cache_misses = 58081
preemptive halt, cache_misses = 58081
preemptive halt, cache_misses = 58081
preemptive halt, cache_misses = 58081
preemptive halt, cache_misses = 58081
preemptive halt, cache_misses = 58081
preemptive halt, cache_misses = 58081
preemptive halt, cache_misses = 58081
preemptive halt, cache_misses = 58081
preemptive halt, cache_misses = 58081
preemptive halt, cache_misses = 58081
preemptive halt, cache_misses = 58081
preemptive halt, cache_misses = 58081
preemptive halt, cache_misses = 58081
preemptive halt, cache_misses = 58081
preemptive halt, cache_misses = 58081
preemptive halt, cache_misses = 58081
preemptive halt, cache_misses = 58081
preemptive halt, cache_misses = 58081
preemptive halt, cache_misses = 58081
preemptive halt, cache_misses = 58081
preemptive halt, cache_misses = 58081
preemptive halt, cache_misses = 58081
preemptive halt, cache_misses = 58081
preemptive halt, cache_misses = 58081
preemptive halt, cache_misses = 58081
preemptive halt, cache_misses = 58081
preemptive halt, cache_misses = 58081
preemptive halt, cache_misses = 58081
preemptive halt, cache_misses = 58081
preemptive halt, cache_misses = 58081
preemptive halt, cache_misses = 58081
preemptive halt, cache_misses = 58081
preemptive halt, cache_misses = 58081
preemptive halt, cache_misses = 58081
preemptive halt, cache_misses = 58081
preemptive halt, cache_misses = 58081
preemptive halt, cache_misses = 58081
preemptive halt, cache_misses = 58081
preemptive halt, cache_misses = 58081
preemptive halt, cache_misses = 58081
preemptive halt, cache_misses = 58081
preemptive halt, cache_misses = 58081
preemptive halt, cache_misses = 58081
preemptive halt, cache_misses = 58081
preemptive halt, cache_misses = 58081
preemptive halt, cache_misses = 58081
preemptive halt, cache_misses = 58081
preemptive halt, cache_misses = 58081
preemptive halt, cache_misses = 58081
preemptive halt, cache_misses = 58081
preemptive halt, cache_misses = 58081
preemptive halt, cache_misses = 58081
preemptive halt, cache_misses = 58081
preemptive halt, cache_misses = 58081
preemptive halt, cache_misses = 58081
preemptive halt, cache_misses = 58081
preemptive halt, cache_misses = 58081
preemptive halt, cache_misses = 58081
preemptive halt, cache_misses = 58081
preemptive halt, cache_misses = 58081
preemptive halt, cache_misses = 58081
preemptive halt, cache_misses = 58081
preemptive halt, cache_misses = 58081
preemptive halt, cache_misses = 58081
preemptive halt, cache_misses = 58081
preemptive halt, cache_misses = 58081
preemptive halt, cache_misses = 58081
preemptive halt, cache_misses = 58081
preemptive halt, cache_misses = 58081
preemptive halt, cache_misses = 58081
preemptive halt, cache_misses = 58081
preemptive halt, cache_misses = 58081
preemptive halt, cache_misses = 58081
preemptive halt, cache_misses = 58081
preemptive halt, cache_misses = 58081
preemptive halt, cache_misses = 58081
preemptive halt, cache_misses = 58081
preemptive halt, cache_misses = 58081
preemptive halt, cache_misses = 58081
preemptive halt, cache_misses = 58081
preemptive halt, cache_misses = 58081
preemptive halt, cache_misses = 58081
preemptive halt, cache_misses = 58081
preemptive halt, cache_misses = 58081
preemptive halt, cache_misses = 58081
preemptive halt, cache_misses = 58081
preemptive halt, cache_misses = 58081
preemptive halt, cache_misses = 58081
preemptive halt, cache_misses = 58081
preemptive halt, cache_misses = 58081
preemptive halt, cache_misses = 58081
preemptive halt, cache_misses = 58081
preemptive halt, cache_misses = 58081
preemptive halt, cache_misses = 58081
preemptive halt, cache_misses = 58081
preemptive halt, cache_misses = 58081
preemptive halt, cache_misses = 58081
preemptive halt, cache_misses = 58081
preemptive halt, cache_misses = 58081
preemptive halt, cache_misses = 58081
preemptive halt, cache_misses = 58081
preemptive halt, cache_misses = 58081
preemptive halt, cache_misses = 58081
preemptive halt, cache_misses = 58081
preemptive halt, cache_misses = 58081
preemptive halt, cache_misses = 58081
preemptive halt, cache_misses = 58081
preemptive halt, cache_misses = 58081
preemptive halt, cache_misses = 58081
preemptive halt, cache_misses = 58081
preemptive halt, cache_misses = 58081
preemptive halt, cache_misses = 58081
preemptive halt, cache_misses = 58081
preemptive halt, cache_misses = 58081
preemptive halt, cache_misses = 58081
preemptive halt, cache_misses = 58081
preemptive halt, cache_misses = 58081
preemptive halt, cache_misses = 58081
preemptive halt, cache_misses = 58081
preemptive halt, cache_misses = 58081
preemptive halt, cache_misses = 58081
preemptive halt, cache_misses = 58081
preemptive halt, cache_misses = 58081
preemptive halt, cache_misses = 58081
preemptive halt, cache_misses = 58081
preemptive halt, cache_misses = 58081
preemptive halt, cache_misses = 58081
preemptive halt, cache_misses = 58081
preemptive halt, cache_misses = 58081
preemptive halt, cache_misses = 58081
preemptive halt, cache_misses = 58081
preemptive halt, cache_misses = 58081
preemptive halt, cache_misses = 58081
preemptive halt, cache_misses = 58081
preemptive halt, cache_misses = 58081
preemptive halt, cache_misses = 58081
preemptive halt, cache_misses = 58081
preemptive halt, cache_misses = 58081
preemptive halt, cache_misses = 58081
preemptive halt, cache_misses = 58081
preemptive halt, cache_misses = 58081
preemptive halt, cache_misses = 58081
preemptive halt, cache_misses = 58081
preemptive halt, cache_misses = 58081
preemptive halt, cache_misses = 58081
preemptive halt, cache_misses = 58081
preemptive halt, cache_misses = 58081
preemptive halt, cache_misses = 58081
preemptive halt, cache_misses = 58081
preemptive halt, cache_misses = 58081
preemptive halt, cache_misses = 58081
preemptive halt, cache_misses = 58081
preemptive halt, cache_misses = 58081
preemptive halt, cache_misses = 58081
preemptive halt, cache_misses = 58081
preemptive halt, cache_misses = 58081
preemptive halt, cache_misses = 58081
preemptive halt, cache_misses = 58081
preemptive halt, cache_misses = 58081
preemptive halt, cache_misses = 58081
preemptive halt, cache_misses = 58081
preemptive halt, cache_misses = 58081
preemptive halt, cache_misses = 58081
preemptive halt, cache_misses = 58081
preemptive halt, cache_misses = 58081
preemptive halt, cache_misses = 58081
preemptive halt, cache_misses = 58081
preemptive halt, cache_misses = 58081
preemptive halt, cache_misses = 58081
preemptive halt, cache_misses = 58081
preemptive halt, cache_misses = 58081
preemptive halt, cache_misses = 58081
preemptive halt, cache_misses = 58081
preemptive halt, cache_misses = 58081
preemptive halt, cache_misses = 58081
preemptive halt, cache_misses = 58081
preemptive halt, cache_misses = 58081
preemptive halt, cache_misses = 58081
preemptive halt, cache_misses = 58081
preemptive halt, cache_misses = 58081
preemptive halt, cache_misses = 58081
preemptive halt, cache_misses = 58081
preemptive halt, cache_misses = 58081
preemptive halt, cache_misses = 58081
preemptive halt, cache_misses = 58081
preemptive halt, cache_misses = 58081
preemptive halt, cache_misses = 58081
preemptive halt, cache_misses = 58081
preemptive halt, cache_misses = 58081
preemptive halt, cache_misses = 58081
preemptive halt, cache_misses = 58081
preemptive halt, cache_misses = 58081
preemptive halt, cache_misses = 58081
preemptive halt, cache_misses = 58081
preemptive halt, cache_misses = 58081
preemptive halt, cache_misses = 58081
preemptive halt, cache_misses = 58081
preemptive halt, cache_misses = 58081
preemptive halt, cache_misses = 58081
preemptive halt, cache_misses = 58081
preemptive halt, cache_misses = 58081
preemptive halt, cache_misses = 58081
preemptive halt, cache_misses = 58081
preemptive halt, cache_misses = 58081
preemptive halt, cache_misses = 58081
preemptive halt, cache_misses = 58081
preemptive halt, cache_misses = 58081
preemptive halt, cache_misses = 58081
preemptive halt, cache_misses = 58081
preemptive halt, cache_misses = 58081
preemptive halt, cache_misses = 58081
preemptive halt, cache_misses = 58081
preemptive halt, cache_misses = 58081
preemptive halt, cache_misses = 58081
preemptive halt, cache_misses = 58081
preemptive halt, cache_misses = 58081
preemptive halt, cache_misses = 58081
preemptive halt, cache_misses = 58081
preemptive halt, cache_misses = 58081
preemptive halt, cache_misses = 58081
preemptive halt, cache_misses = 58081
preemptive halt, cache_misses = 58081
preemptive halt, cache_misses = 58081
preemptive halt, cache_misses = 58081
preemptive halt, cache_misses = 58081
preemptive halt, cache_misses = 58081
preemptive halt, cache_misses = 58081
preemptive halt, cache_misses = 58081
preemptive halt, cache_misses = 58081
preemptive halt, cache_misses = 58081
preemptive halt, cache_misses = 58081
preemptive halt, cache_misses = 58081
preemptive halt, cache_misses = 58081
preemptive halt, cache_misses = 58081
preemptive halt, cache_misses = 58081
preemptive halt, cache_misses = 58081
preemptive halt, cache_misses = 58081
preemptive halt, cache_misses = 58081
preemptive halt, cache_misses = 58081
preemptive halt, cache_misses = 58081
preemptive halt, cache_misses = 58081
preemptive halt, cache_misses = 58081
preemptive halt, cache_misses = 58081
preemptive halt, cache_misses = 58081
preemptive halt, cache_misses = 58081
preemptive halt, cache_misses = 58081
preemptive halt, cache_misses = 58081
preemptive halt, cache_misses = 58081
preemptive halt, cache_misses = 58081
preemptive halt, cache_misses = 58081
preemptive halt, cache_misses = 58081
preemptive halt, cache_misses = 58081
preemptive halt, cache_misses = 58081
preemptive halt, cache_misses = 58081
preemptive halt, cache_misses = 58081
preemptive halt, cache_misses = 58081
preemptive halt, cache_misses = 58081
preemptive halt, cache_misses = 58081
preemptive halt, cache_misses = 58081
preemptive halt, cache_misses = 58081
preemptive halt, cache_misses = 58081
preemptive halt, cache_misses = 58081
preemptive halt, cache_misses = 58081
preemptive halt, cache_misses = 58081
preemptive halt, cache_misses = 58081
preemptive halt, cache_misses = 58081
preemptive halt, cache_misses = 58081
preemptive halt, cache_misses = 58081
preemptive halt, cache_misses = 58081
preemptive halt, cache_misses = 58081
preemptive halt, cache_misses = 58081
preemptive halt, cache_misses = 58081
preemptive halt, cache_misses = 58081
preemptive halt, cache_misses = 58081
preemptive halt, cache_misses = 58081
preemptive halt, cache_misses = 58081
preemptive halt, cache_misses = 58081
preemptive halt, cache_misses = 58081
preemptive halt, cache_misses = 58081
preemptive halt, cache_misses = 58081
preemptive halt, cache_misses = 58081
preemptive halt, cache_misses = 58081
preemptive halt, cache_misses = 58081
preemptive halt, cache_misses = 58081
preemptive halt, cache_misses = 58081
preemptive halt, cache_misses = 58081
preemptive halt, cache_misses = 58081
preemptive halt, cache_misses = 58081
preemptive halt, cache_misses = 58081
preemptive halt, cache_misses = 58081
preemptive halt, cache_misses = 58081
preemptive halt, cache_misses = 58081
preemptive halt, cache_misses = 58081
preemptive halt, cache_misses = 58081
preemptive halt, cache_misses = 58081
preemptive halt, cache_misses = 58081
preemptive halt, cache_misses = 58081
preemptive halt, cache_misses = 58081
preemptive halt, cache_misses = 58081
preemptive halt, cache_misses = 58081
preemptive halt, cache_misses = 58081
preemptive halt, cache_misses = 58081
preemptive halt, cache_misses = 58081
preemptive halt, cache_misses = 58081
preemptive halt, cache_misses = 58081
preemptive halt, cache_misses = 58081
preemptive halt, cache_misses = 58081
preemptive halt, cache_misses = 58081
preemptive halt, cache_misses = 58081
preemptive halt, cache_misses = 58081
preemptive halt, cache_misses = 58081
preemptive halt, cache_misses = 58081
preemptive halt, cache_misses = 58081
preemptive halt, cache_misses = 58081
preemptive halt, cache_misses = 58081
preemptive halt, cache_misses = 58081
preemptive halt, cache_misses = 58081
preemptive halt, cache_misses = 58081
preemptive halt, cache_misses = 58081
preemptive halt, cache_misses = 58081
preemptive halt, cache_misses = 58081
preemptive halt, cache_misses = 58081
preemptive halt, cache_misses = 58081
preemptive halt, cache_misses = 58081
preemptive halt, cache_misses = 58081
preemptive halt, cache_misses = 58081
preemptive halt, cache_misses = 58081
preemptive halt, cache_misses = 58081
preemptive halt, cache_misses = 58081
preemptive halt, cache_misses = 58081
preemptive halt, cache_misses = 58081
preemptive halt, cache_misses = 58081
preemptive halt, cache_misses = 58081
preemptive halt, cache_misses = 58081
preemptive halt, cache_misses = 58081
preemptive halt, cache_misses = 58081
preemptive halt, cache_misses = 58081
preemptive halt, cache_misses = 58081
preemptive halt, cache_misses = 58081
preemptive halt, cache_misses = 58081
preemptive halt, cache_misses = 58081
preemptive halt, cache_misses = 58081
preemptive halt, cache_misses = 58081
preemptive halt, cache_misses = 58081
preemptive halt, cache_misses = 58081
preemptive halt, cache_misses = 58081
preemptive halt, cache_misses = 58081
preemptive halt, cache_misses = 58081
preemptive halt, cache_misses = 58081
preemptive halt, cache_misses = 58081
preemptive halt, cache_misses = 58081
preemptive halt, cache_misses = 58081
preemptive halt, cache_misses = 58081
preemptive halt, cache_misses = 58081
preemptive halt, cache_misses = 58081
preemptive halt, cache_misses = 58081
preemptive halt, cache_misses = 58081
preemptive halt, cache_misses = 58081
preemptive halt, cache_misses = 58081
preemptive halt, cache_misses = 58081
preemptive halt, cache_misses = 58081
preemptive halt, cache_misses = 58081
preemptive halt, cache_misses = 58081
preemptive halt, cache_misses = 58081
preemptive halt, cache_misses = 58081
preemptive halt, cache_misses = 58081
preemptive halt, cache_misses = 58081
preemptive halt, cache_misses = 58081
preemptive halt, cache_misses = 58081
preemptive halt, cache_misses = 58081
preemptive halt, cache_misses = 58081
preemptive halt, cache_misses = 58081
preemptive halt, cache_misses = 58081
preemptive halt, cache_misses = 58081
preemptive halt, cache_misses = 58081
preemptive halt, cache_misses = 58081
preemptive halt, cache_misses = 58081
preemptive halt, cache_misses = 58081
preemptive halt, cache_misses = 58081
preemptive halt, cache_misses = 58081
preemptive halt, cache_misses = 58081
preemptive halt, cache_misses = 58081
preemptive halt, cache_misses = 58081
preemptive halt, cache_misses = 58081
preemptive halt, cache_misses = 58081
preemptive halt, cache_misses = 58081
preemptive halt, cache_misses = 58081
preemptive halt, cache_misses = 58081
preemptive halt, cache_misses = 58081
preemptive halt, cache_misses = 58081
preemptive halt, cache_misses = 58081
preemptive halt, cache_misses = 58081
preemptive halt, cache_misses = 58081
preemptive halt, cache_misses = 58081
preemptive halt, cache_misses = 58081
preemptive halt, cache_misses = 58081
preemptive halt, cache_misses = 58081
preemptive halt, cache_misses = 58081
preemptive halt, cache_misses = 58081
preemptive halt, cache_misses = 58081
preemptive halt, cache_misses = 58081
preemptive halt, cache_misses = 58081
preemptive halt, cache_misses = 58081
preemptive halt, cache_misses = 58081
preemptive halt, cache_misses = 58081
preemptive halt, cache_misses = 58081
preemptive halt, cache_misses = 58081
preemptive halt, cache_misses = 58081
preemptive halt, cache_misses = 58081
preemptive halt, cache_misses = 58081
preemptive halt, cache_misses = 58081
preemptive halt, cache_misses = 58081
preemptive halt, cache_misses = 58081
preemptive halt, cache_misses = 58081
preemptive halt, cache_misses = 58081
preemptive halt, cache_misses = 58081
binary search, size 20000  misses 58081  min 0  max 40000
binary search, size 30000  misses 58080  min 20000  max 40000
binary search, size 25000  misses 58080  min 20000  max 30000
preemptive halt, cache_misses = 58081
preemptive halt, cache_misses = 58081
preemptive halt, cache_misses = 58081
preemptive halt, cache_misses = 58081
preemptive halt, cache_misses = 58081
preemptive halt, cache_misses = 58081
preemptive halt, cache_misses = 58081
preemptive halt, cache_misses = 58081
preemptive halt, cache_misses = 58081
preemptive halt, cache_misses = 58081
preemptive halt, cache_misses = 58081
preemptive halt, cache_misses = 58081
preemptive halt, cache_misses = 58081
preemptive halt, cache_misses = 58081
preemptive halt, cache_misses = 58081
preemptive halt, cache_misses = 58081
preemptive halt, cache_misses = 58081
preemptive halt, cache_misses = 58081
preemptive halt, cache_misses = 58081
preemptive halt, cache_misses = 58081
preemptive halt, cache_misses = 58081
preemptive halt, cache_misses = 58081
preemptive halt, cache_misses = 58081
preemptive halt, cache_misses = 58081
preemptive halt, cache_misses = 58081
preemptive halt, cache_misses = 58081
preemptive halt, cache_misses = 58081
preemptive halt, cache_misses = 58081
preemptive halt, cache_misses = 58081
preemptive halt, cache_misses = 58081
preemptive halt, cache_misses = 58081
preemptive halt, cache_misses = 58081
preemptive halt, cache_misses = 58081
preemptive halt, cache_misses = 58081
preemptive halt, cache_misses = 58081
preemptive halt, cache_misses = 58081
preemptive halt, cache_misses = 58081
preemptive halt, cache_misses = 58081
preemptive halt, cache_misses = 58081
preemptive halt, cache_misses = 58081
preemptive halt, cache_misses = 58081
preemptive halt, cache_misses = 58081
preemptive halt, cache_misses = 58081
preemptive halt, cache_misses = 58081
preemptive halt, cache_misses = 58081
preemptive halt, cache_misses = 58081
preemptive halt, cache_misses = 58081
preemptive halt, cache_misses = 58081
preemptive halt, cache_misses = 58081
preemptive halt, cache_misses = 58081
preemptive halt, cache_misses = 58081
preemptive halt, cache_misses = 58081
preemptive halt, cache_misses = 58081
preemptive halt, cache_misses = 58081
preemptive halt, cache_misses = 58081
preemptive halt, cache_misses = 58081
preemptive halt, cache_misses = 58081
preemptive halt, cache_misses = 58081
preemptive halt, cache_misses = 58081
preemptive halt, cache_misses = 58081
preemptive halt, cache_misses = 58081
preemptive halt, cache_misses = 58081
preemptive halt, cache_misses = 58081
preemptive halt, cache_misses = 58081
preemptive halt, cache_misses = 58081
preemptive halt, cache_misses = 58081
preemptive halt, cache_misses = 58081
preemptive halt, cache_misses = 58081
preemptive halt, cache_misses = 58081
preemptive halt, cache_misses = 58081
preemptive halt, cache_misses = 58081
preemptive halt, cache_misses = 58081
preemptive halt, cache_misses = 58081
preemptive halt, cache_misses = 58081
preemptive halt, cache_misses = 58081
preemptive halt, cache_misses = 58081
preemptive halt, cache_misses = 58081
preemptive halt, cache_misses = 58081
preemptive halt, cache_misses = 58081
preemptive halt, cache_misses = 58081
preemptive halt, cache_misses = 58081
preemptive halt, cache_misses = 58081
preemptive halt, cache_misses = 58081
preemptive halt, cache_misses = 58081
preemptive halt, cache_misses = 58081
preemptive halt, cache_misses = 58081
preemptive halt, cache_misses = 58081
preemptive halt, cache_misses = 58081
preemptive halt, cache_misses = 58081
preemptive halt, cache_misses = 58081
preemptive halt, cache_misses = 58081
preemptive halt, cache_misses = 58081
preemptive halt, cache_misses = 58081
preemptive halt, cache_misses = 58081
preemptive halt, cache_misses = 58081
preemptive halt, cache_misses = 58081
preemptive halt, cache_misses = 58081
preemptive halt, cache_misses = 58081
preemptive halt, cache_misses = 58081
preemptive halt, cache_misses = 58081
preemptive halt, cache_misses = 58081
preemptive halt, cache_misses = 58081
preemptive halt, cache_misses = 58081
preemptive halt, cache_misses = 58081
preemptive halt, cache_misses = 58081
preemptive halt, cache_misses = 58081
preemptive halt, cache_misses = 58081
preemptive halt, cache_misses = 58081
preemptive halt, cache_misses = 58081
preemptive halt, cache_misses = 58081
preemptive halt, cache_misses = 58081
preemptive halt, cache_misses = 58081
preemptive halt, cache_misses = 58081
preemptive halt, cache_misses = 58081
preemptive halt, cache_misses = 58081
preemptive halt, cache_misses = 58081
preemptive halt, cache_misses = 58081
preemptive halt, cache_misses = 58081
preemptive halt, cache_misses = 58081
preemptive halt, cache_misses = 58081
preemptive halt, cache_misses = 58081
preemptive halt, cache_misses = 58081
preemptive halt, cache_misses = 58081
preemptive halt, cache_misses = 58081
preemptive halt, cache_misses = 58081
preemptive halt, cache_misses = 58081
preemptive halt, cache_misses = 58081
preemptive halt, cache_misses = 58081
preemptive halt, cache_misses = 58081
preemptive halt, cache_misses = 58081
preemptive halt, cache_misses = 58081
preemptive halt, cache_misses = 58081
preemptive halt, cache_misses = 58081
preemptive halt, cache_misses = 58081
preemptive halt, cache_misses = 58081
preemptive halt, cache_misses = 58081
preemptive halt, cache_misses = 58081
preemptive halt, cache_misses = 58081
preemptive halt, cache_misses = 58081
preemptive halt, cache_misses = 58081
preemptive halt, cache_misses = 58081
preemptive halt, cache_misses = 58081
preemptive halt, cache_misses = 58081
preemptive halt, cache_misses = 58081
preemptive halt, cache_misses = 58081
preemptive halt, cache_misses = 58081
preemptive halt, cache_misses = 58081
preemptive halt, cache_misses = 58081
preemptive halt, cache_misses = 58081
preemptive halt, cache_misses = 58081
preemptive halt, cache_misses = 58081
preemptive halt, cache_misses = 58081
preemptive halt, cache_misses = 58081
preemptive halt, cache_misses = 58081
preemptive halt, cache_misses = 58081
preemptive halt, cache_misses = 58081
preemptive halt, cache_misses = 58081
preemptive halt, cache_misses = 58081
preemptive halt, cache_misses = 58081
preemptive halt, cache_misses = 58081
preemptive halt, cache_misses = 58081
preemptive halt, cache_misses = 58081
preemptive halt, cache_misses = 58081
preemptive halt, cache_misses = 58081
preemptive halt, cache_misses = 58081
preemptive halt, cache_misses = 58081
preemptive halt, cache_misses = 58081
preemptive halt, cache_misses = 58081
preemptive halt, cache_misses = 58081
preemptive halt, cache_misses = 58081
preemptive halt, cache_misses = 58081
preemptive halt, cache_misses = 58081
preemptive halt, cache_misses = 58081
preemptive halt, cache_misses = 58081
preemptive halt, cache_misses = 58081
preemptive halt, cache_misses = 58081
preemptive halt, cache_misses = 58081
preemptive halt, cache_misses = 58081
preemptive halt, cache_misses = 58081
preemptive halt, cache_misses = 58081
preemptive halt, cache_misses = 58081
preemptive halt, cache_misses = 58081
preemptive halt, cache_misses = 58081
preemptive halt, cache_misses = 58081
preemptive halt, cache_misses = 58081
preemptive halt, cache_misses = 58081
preemptive halt, cache_misses = 58081
preemptive halt, cache_misses = 58081
preemptive halt, cache_misses = 58081
preemptive halt, cache_misses = 58081
preemptive halt, cache_misses = 58081
preemptive halt, cache_misses = 58081
preemptive halt, cache_misses = 58081
preemptive halt, cache_misses = 58081
preemptive halt, cache_misses = 58081
preemptive halt, cache_misses = 58081
preemptive halt, cache_misses = 58081
preemptive halt, cache_misses = 58081
preemptive halt, cache_misses = 58081
preemptive halt, cache_misses = 58081
preemptive halt, cache_misses = 58081
preemptive halt, cache_misses = 58081
preemptive halt, cache_misses = 58081
preemptive halt, cache_misses = 58081
preemptive halt, cache_misses = 58081
preemptive halt, cache_misses = 58081
preemptive halt, cache_misses = 58081
preemptive halt, cache_misses = 58081
preemptive halt, cache_misses = 58081
preemptive halt, cache_misses = 58081
preemptive halt, cache_misses = 58081
preemptive halt, cache_misses = 58081
preemptive halt, cache_misses = 58081
preemptive halt, cache_misses = 58081
preemptive halt, cache_misses = 58081
preemptive halt, cache_misses = 58081
preemptive halt, cache_misses = 58081
preemptive halt, cache_misses = 58081
preemptive halt, cache_misses = 58081
preemptive halt, cache_misses = 58081
preemptive halt, cache_misses = 58081
preemptive halt, cache_misses = 58081
preemptive halt, cache_misses = 58081
preemptive halt, cache_misses = 58081
preemptive halt, cache_misses = 58081
preemptive halt, cache_misses = 58081
preemptive halt, cache_misses = 58081
preemptive halt, cache_misses = 58081
preemptive halt, cache_misses = 58081
preemptive halt, cache_misses = 58081
preemptive halt, cache_misses = 58081
preemptive halt, cache_misses = 58081
preemptive halt, cache_misses = 58081
preemptive halt, cache_misses = 58081
preemptive halt, cache_misses = 58081
preemptive halt, cache_misses = 58081
preemptive halt, cache_misses = 58081
preemptive halt, cache_misses = 58081
preemptive halt, cache_misses = 58081
preemptive halt, cache_misses = 58081
preemptive halt, cache_misses = 58081
preemptive halt, cache_misses = 58081
preemptive halt, cache_misses = 58081
preemptive halt, cache_misses = 58081
preemptive halt, cache_misses = 58081
preemptive halt, cache_misses = 58081
preemptive halt, cache_misses = 58081
preemptive halt, cache_misses = 58081
preemptive halt, cache_misses = 58081
preemptive halt, cache_misses = 58081
preemptive halt, cache_misses = 58081
preemptive halt, cache_misses = 58081
preemptive halt, cache_misses = 58081
preemptive halt, cache_misses = 58081
preemptive halt, cache_misses = 58081
preemptive halt, cache_misses = 58081
preemptive halt, cache_misses = 58081
preemptive halt, cache_misses = 58081
preemptive halt, cache_misses = 58081
preemptive halt, cache_misses = 58081
preemptive halt, cache_misses = 58081
preemptive halt, cache_misses = 58081
preemptive halt, cache_misses = 58081
preemptive halt, cache_misses = 58081
preemptive halt, cache_misses = 58081
preemptive halt, cache_misses = 58081
preemptive halt, cache_misses = 58081
preemptive halt, cache_misses = 58081
preemptive halt, cache_misses = 58081
preemptive halt, cache_misses = 58081
preemptive halt, cache_misses = 58081
preemptive halt, cache_misses = 58081
preemptive halt, cache_misses = 58081
preemptive halt, cache_misses = 58081
preemptive halt, cache_misses = 58081
preemptive halt, cache_misses = 58081
preemptive halt, cache_misses = 58081
preemptive halt, cache_misses = 58081
preemptive halt, cache_misses = 58081
preemptive halt, cache_misses = 58081
preemptive halt, cache_misses = 58081
preemptive halt, cache_misses = 58081
preemptive halt, cache_misses = 58081
preemptive halt, cache_misses = 58081
preemptive halt, cache_misses = 58081
preemptive halt, cache_misses = 58081
preemptive halt, cache_misses = 58081
preemptive halt, cache_misses = 58081
preemptive halt, cache_misses = 58081
preemptive halt, cache_misses = 58081
preemptive halt, cache_misses = 58081
preemptive halt, cache_misses = 58081
preemptive halt, cache_misses = 58081
preemptive halt, cache_misses = 58081
preemptive halt, cache_misses = 58081
preemptive halt, cache_misses = 58081
preemptive halt, cache_misses = 58081
preemptive halt, cache_misses = 58081
preemptive halt, cache_misses = 58081
preemptive halt, cache_misses = 58081
preemptive halt, cache_misses = 58081
preemptive halt, cache_misses = 58081
preemptive halt, cache_misses = 58081
preemptive halt, cache_misses = 58081
preemptive halt, cache_misses = 58081
preemptive halt, cache_misses = 58081
preemptive halt, cache_misses = 58081
preemptive halt, cache_misses = 58081
preemptive halt, cache_misses = 58081
preemptive halt, cache_misses = 58081
preemptive halt, cache_misses = 58081
preemptive halt, cache_misses = 58081
preemptive halt, cache_misses = 58081
preemptive halt, cache_misses = 58081
preemptive halt, cache_misses = 58081
preemptive halt, cache_misses = 58081
preemptive halt, cache_misses = 58081
preemptive halt, cache_misses = 58081
preemptive halt, cache_misses = 58081
preemptive halt, cache_misses = 58081
preemptive halt, cache_misses = 58081
preemptive halt, cache_misses = 58081
preemptive halt, cache_misses = 58081
preemptive halt, cache_misses = 58081
preemptive halt, cache_misses = 58081
preemptive halt, cache_misses = 58081
preemptive halt, cache_misses = 58081
preemptive halt, cache_misses = 58081
preemptive halt, cache_misses = 58081
preemptive halt, cache_misses = 58081
preemptive halt, cache_misses = 58081
preemptive halt, cache_misses = 58081
preemptive halt, cache_misses = 58081
preemptive halt, cache_misses = 58081
preemptive halt, cache_misses = 58081
preemptive halt, cache_misses = 58081
preemptive halt, cache_misses = 58081
preemptive halt, cache_misses = 58081
preemptive halt, cache_misses = 58081
preemptive halt, cache_misses = 58081
preemptive halt, cache_misses = 58081
preemptive halt, cache_misses = 58081
preemptive halt, cache_misses = 58081
preemptive halt, cache_misses = 58081
preemptive halt, cache_misses = 58081
preemptive halt, cache_misses = 58081
preemptive halt, cache_misses = 58081
preemptive halt, cache_misses = 58081
preemptive halt, cache_misses = 58081
preemptive halt, cache_misses = 58081
preemptive halt, cache_misses = 58081
preemptive halt, cache_misses = 58081
preemptive halt, cache_misses = 58081
preemptive halt, cache_misses = 58081
preemptive halt, cache_misses = 58081
preemptive halt, cache_misses = 58081
preemptive halt, cache_misses = 58081
preemptive halt, cache_misses = 58081
preemptive halt, cache_misses = 58081
preemptive halt, cache_misses = 58081
preemptive halt, cache_misses = 58081
preemptive halt, cache_misses = 58081
preemptive halt, cache_misses = 58081
preemptive halt, cache_misses = 58081
preemptive halt, cache_misses = 58081
preemptive halt, cache_misses = 58081
preemptive halt, cache_misses = 58081
preemptive halt, cache_misses = 58081
preemptive halt, cache_misses = 58081
preemptive halt, cache_misses = 58081
preemptive halt, cache_misses = 58081
preemptive halt, cache_misses = 58081
preemptive halt, cache_misses = 58081
preemptive halt, cache_misses = 58081
preemptive halt, cache_misses = 58081
preemptive halt, cache_misses = 58081
preemptive halt, cache_misses = 58081
preemptive halt, cache_misses = 58081
preemptive halt, cache_misses = 58081
preemptive halt, cache_misses = 58081
preemptive halt, cache_misses = 58081
preemptive halt, cache_misses = 58081
preemptive halt, cache_misses = 58081
preemptive halt, cache_misses = 58081
preemptive halt, cache_misses = 58081
preemptive halt, cache_misses = 58081
preemptive halt, cache_misses = 58081
preemptive halt, cache_misses = 58081
preemptive halt, cache_misses = 58081
preemptive halt, cache_misses = 58081
preemptive halt, cache_misses = 58081
preemptive halt, cache_misses = 58081
preemptive halt, cache_misses = 58081
preemptive halt, cache_misses = 58081
preemptive halt, cache_misses = 58081
preemptive halt, cache_misses = 58081
preemptive halt, cache_misses = 58081
preemptive halt, cache_misses = 58081
preemptive halt, cache_misses = 58081
preemptive halt, cache_misses = 58081
preemptive halt, cache_misses = 58081
preemptive halt, cache_misses = 58081
preemptive halt, cache_misses = 58081
preemptive halt, cache_misses = 58081
preemptive halt, cache_misses = 58081
preemptive halt, cache_misses = 58081
preemptive halt, cache_misses = 58081
preemptive halt, cache_misses = 58081
preemptive halt, cache_misses = 58081
preemptive halt, cache_misses = 58081
preemptive halt, cache_misses = 58081
preemptive halt, cache_misses = 58081
preemptive halt, cache_misses = 58081
preemptive halt, cache_misses = 58081
preemptive halt, cache_misses = 58081
preemptive halt, cache_misses = 58081
preemptive halt, cache_misses = 58081
preemptive halt, cache_misses = 58081
preemptive halt, cache_misses = 58081
preemptive halt, cache_misses = 58081
preemptive halt, cache_misses = 58081
preemptive halt, cache_misses = 58081
preemptive halt, cache_misses = 58081
preemptive halt, cache_misses = 58081
preemptive halt, cache_misses = 58081
preemptive halt, cache_misses = 58081
preemptive halt, cache_misses = 58081
preemptive halt, cache_misses = 58081
preemptive halt, cache_misses = 58081
preemptive halt, cache_misses = 58081
preemptive halt, cache_misses = 58081
preemptive halt, cache_misses = 58081
preemptive halt, cache_misses = 58081
preemptive halt, cache_misses = 58081
preemptive halt, cache_misses = 58081
preemptive halt, cache_misses = 58081
preemptive halt, cache_misses = 58081
preemptive halt, cache_misses = 58081
preemptive halt, cache_misses = 58081
preemptive halt, cache_misses = 58081
preemptive halt, cache_misses = 58081
preemptive halt, cache_misses = 58081
preemptive halt, cache_misses = 58081
preemptive halt, cache_misses = 58081
preemptive halt, cache_misses = 58081
preemptive halt, cache_misses = 58081
preemptive halt, cache_misses = 58081
preemptive halt, cache_misses = 58081
preemptive halt, cache_misses = 58081
preemptive halt, cache_misses = 58081
preemptive halt, cache_misses = 58081
preemptive halt, cache_misses = 58081
preemptive halt, cache_misses = 58081
preemptive halt, cache_misses = 58081
preemptive halt, cache_misses = 58081
preemptive halt, cache_misses = 58081
preemptive halt, cache_misses = 58081
preemptive halt, cache_misses = 58081
preemptive halt, cache_misses = 58081
preemptive halt, cache_misses = 58081
preemptive halt, cache_misses = 58081
preemptive halt, cache_misses = 58081
binary search, size 22500  misses 58081  min 20000  max 25000
preemptive halt, cache_misses = 58082
preemptive halt, cache_misses = 58082
preemptive halt, cache_misses = 58082
preemptive halt, cache_misses = 58082
preemptive halt, cache_misses = 58082
preemptive halt, cache_misses = 58082
preemptive halt, cache_misses = 58082
preemptive halt, cache_misses = 58082
preemptive halt, cache_misses = 58082
preemptive halt, cache_misses = 58082
preemptive halt, cache_misses = 58082
preemptive halt, cache_misses = 58082
preemptive halt, cache_misses = 58082
preemptive halt, cache_misses = 58082
preemptive halt, cache_misses = 58082
preemptive halt, cache_misses = 58082
preemptive halt, cache_misses = 58082
preemptive halt, cache_misses = 58082
preemptive halt, cache_misses = 58082
preemptive halt, cache_misses = 58082
preemptive halt, cache_misses = 58082
preemptive halt, cache_misses = 58082
preemptive halt, cache_misses = 58082
preemptive halt, cache_misses = 58082
preemptive halt, cache_misses = 58082
preemptive halt, cache_misses = 58082
preemptive halt, cache_misses = 58082
preemptive halt, cache_misses = 58082
preemptive halt, cache_misses = 58082
preemptive halt, cache_misses = 58082
preemptive halt, cache_misses = 58082
preemptive halt, cache_misses = 58082
preemptive halt, cache_misses = 58082
preemptive halt, cache_misses = 58082
preemptive halt, cache_misses = 58082
preemptive halt, cache_misses = 58082
preemptive halt, cache_misses = 58082
preemptive halt, cache_misses = 58082
preemptive halt, cache_misses = 58082
preemptive halt, cache_misses = 58082
preemptive halt, cache_misses = 58082
preemptive halt, cache_misses = 58082
preemptive halt, cache_misses = 58082
preemptive halt, cache_misses = 58082
preemptive halt, cache_misses = 58082
preemptive halt, cache_misses = 58082
preemptive halt, cache_misses = 58082
preemptive halt, cache_misses = 58082
preemptive halt, cache_misses = 58082
preemptive halt, cache_misses = 58082
preemptive halt, cache_misses = 58082
preemptive halt, cache_misses = 58082
preemptive halt, cache_misses = 58082
preemptive halt, cache_misses = 58082
preemptive halt, cache_misses = 58082
preemptive halt, cache_misses = 58082
preemptive halt, cache_misses = 58082
preemptive halt, cache_misses = 58082
preemptive halt, cache_misses = 58082
preemptive halt, cache_misses = 58082
preemptive halt, cache_misses = 58082
preemptive halt, cache_misses = 58082
preemptive halt, cache_misses = 58082
preemptive halt, cache_misses = 58082
preemptive halt, cache_misses = 58082
preemptive halt, cache_misses = 58082
preemptive halt, cache_misses = 58082
preemptive halt, cache_misses = 58082
preemptive halt, cache_misses = 58082
preemptive halt, cache_misses = 58082
preemptive halt, cache_misses = 58082
preemptive halt, cache_misses = 58082
preemptive halt, cache_misses = 58082
preemptive halt, cache_misses = 58082
preemptive halt, cache_misses = 58082
preemptive halt, cache_misses = 58082
preemptive halt, cache_misses = 58082
preemptive halt, cache_misses = 58082
preemptive halt, cache_misses = 58082
preemptive halt, cache_misses = 58082
preemptive halt, cache_misses = 58082
preemptive halt, cache_misses = 58082
preemptive halt, cache_misses = 58082
preemptive halt, cache_misses = 58082
preemptive halt, cache_misses = 58082
preemptive halt, cache_misses = 58082
preemptive halt, cache_misses = 58082
preemptive halt, cache_misses = 58082
preemptive halt, cache_misses = 58082
preemptive halt, cache_misses = 58082
preemptive halt, cache_misses = 58082
preemptive halt, cache_misses = 58082
preemptive halt, cache_misses = 58082
preemptive halt, cache_misses = 58082
preemptive halt, cache_misses = 58082
preemptive halt, cache_misses = 58082
preemptive halt, cache_misses = 58082
preemptive halt, cache_misses = 58082
preemptive halt, cache_misses = 58082
preemptive halt, cache_misses = 58082
preemptive halt, cache_misses = 58082
preemptive halt, cache_misses = 58082
preemptive halt, cache_misses = 58082
preemptive halt, cache_misses = 58082
preemptive halt, cache_misses = 58082
preemptive halt, cache_misses = 58082
preemptive halt, cache_misses = 58082
preemptive halt, cache_misses = 58082
preemptive halt, cache_misses = 58082
preemptive halt, cache_misses = 58082
preemptive halt, cache_misses = 58082
preemptive halt, cache_misses = 58082
preemptive halt, cache_misses = 58082
preemptive halt, cache_misses = 58082
preemptive halt, cache_misses = 58082
preemptive halt, cache_misses = 58082
preemptive halt, cache_misses = 58082
preemptive halt, cache_misses = 58082
preemptive halt, cache_misses = 58082
preemptive halt, cache_misses = 58082
preemptive halt, cache_misses = 58082
preemptive halt, cache_misses = 58082
preemptive halt, cache_misses = 58082
preemptive halt, cache_misses = 58082
preemptive halt, cache_misses = 58082
preemptive halt, cache_misses = 58082
preemptive halt, cache_misses = 58082
preemptive halt, cache_misses = 58082
preemptive halt, cache_misses = 58082
preemptive halt, cache_misses = 58082
preemptive halt, cache_misses = 58082
preemptive halt, cache_misses = 58082
preemptive halt, cache_misses = 58082
preemptive halt, cache_misses = 58082
preemptive halt, cache_misses = 58082
preemptive halt, cache_misses = 58082
preemptive halt, cache_misses = 58082
preemptive halt, cache_misses = 58082
preemptive halt, cache_misses = 58082
preemptive halt, cache_misses = 58082
preemptive halt, cache_misses = 58082
preemptive halt, cache_misses = 58082
preemptive halt, cache_misses = 58082
preemptive halt, cache_misses = 58082
preemptive halt, cache_misses = 58082
preemptive halt, cache_misses = 58082
preemptive halt, cache_misses = 58082
preemptive halt, cache_misses = 58082
preemptive halt, cache_misses = 58082
preemptive halt, cache_misses = 58082
preemptive halt, cache_misses = 58082
preemptive halt, cache_misses = 58082
preemptive halt, cache_misses = 58082
preemptive halt, cache_misses = 58082
preemptive halt, cache_misses = 58082
preemptive halt, cache_misses = 58082
preemptive halt, cache_misses = 58082
preemptive halt, cache_misses = 58082
preemptive halt, cache_misses = 58082
preemptive halt, cache_misses = 58082
preemptive halt, cache_misses = 58082
preemptive halt, cache_misses = 58082
preemptive halt, cache_misses = 58082
preemptive halt, cache_misses = 58082
preemptive halt, cache_misses = 58082
preemptive halt, cache_misses = 58082
preemptive halt, cache_misses = 58082
preemptive halt, cache_misses = 58082
preemptive halt, cache_misses = 58082
preemptive halt, cache_misses = 58082
preemptive halt, cache_misses = 58082
preemptive halt, cache_misses = 58082
preemptive halt, cache_misses = 58082
preemptive halt, cache_misses = 58082
preemptive halt, cache_misses = 58082
preemptive halt, cache_misses = 58082
preemptive halt, cache_misses = 58082
preemptive halt, cache_misses = 58082
preemptive halt, cache_misses = 58082
preemptive halt, cache_misses = 58082
preemptive halt, cache_misses = 58082
preemptive halt, cache_misses = 58082
preemptive halt, cache_misses = 58082
preemptive halt, cache_misses = 58082
preemptive halt, cache_misses = 58082
preemptive halt, cache_misses = 58082
preemptive halt, cache_misses = 58082
preemptive halt, cache_misses = 58082
preemptive halt, cache_misses = 58082
preemptive halt, cache_misses = 58082
preemptive halt, cache_misses = 58082
preemptive halt, cache_misses = 58082
preemptive halt, cache_misses = 58082
preemptive halt, cache_misses = 58082
preemptive halt, cache_misses = 58082
preemptive halt, cache_misses = 58082
preemptive halt, cache_misses = 58082
preemptive halt, cache_misses = 58082
preemptive halt, cache_misses = 58082
preemptive halt, cache_misses = 58082
preemptive halt, cache_misses = 58082
preemptive halt, cache_misses = 58082
preemptive halt, cache_misses = 58082
preemptive halt, cache_misses = 58082
preemptive halt, cache_misses = 58082
preemptive halt, cache_misses = 58082
preemptive halt, cache_misses = 58082
preemptive halt, cache_misses = 58082
preemptive halt, cache_misses = 58082
preemptive halt, cache_misses = 58082
preemptive halt, cache_misses = 58082
preemptive halt, cache_misses = 58082
preemptive halt, cache_misses = 58082
preemptive halt, cache_misses = 58082
preemptive halt, cache_misses = 58082
preemptive halt, cache_misses = 58082
preemptive halt, cache_misses = 58082
preemptive halt, cache_misses = 58082
preemptive halt, cache_misses = 58082
preemptive halt, cache_misses = 58082
preemptive halt, cache_misses = 58082
preemptive halt, cache_misses = 58082
preemptive halt, cache_misses = 58082
preemptive halt, cache_misses = 58082
preemptive halt, cache_misses = 58082
preemptive halt, cache_misses = 58082
preemptive halt, cache_misses = 58082
preemptive halt, cache_misses = 58082
preemptive halt, cache_misses = 58082
preemptive halt, cache_misses = 58082
preemptive halt, cache_misses = 58082
preemptive halt, cache_misses = 58082
preemptive halt, cache_misses = 58082
preemptive halt, cache_misses = 58082
preemptive halt, cache_misses = 58082
preemptive halt, cache_misses = 58082
preemptive halt, cache_misses = 58082
preemptive halt, cache_misses = 58082
preemptive halt, cache_misses = 58082
preemptive halt, cache_misses = 58082
preemptive halt, cache_misses = 58082
preemptive halt, cache_misses = 58082
preemptive halt, cache_misses = 58082
preemptive halt, cache_misses = 58082
preemptive halt, cache_misses = 58082
preemptive halt, cache_misses = 58082
preemptive halt, cache_misses = 58082
preemptive halt, cache_misses = 58082
preemptive halt, cache_misses = 58082
preemptive halt, cache_misses = 58082
preemptive halt, cache_misses = 58082
preemptive halt, cache_misses = 58082
preemptive halt, cache_misses = 58082
preemptive halt, cache_misses = 58082
preemptive halt, cache_misses = 58082
preemptive halt, cache_misses = 58082
preemptive halt, cache_misses = 58082
preemptive halt, cache_misses = 58082
preemptive halt, cache_misses = 58082
preemptive halt, cache_misses = 58082
preemptive halt, cache_misses = 58082
preemptive halt, cache_misses = 58082
preemptive halt, cache_misses = 58082
preemptive halt, cache_misses = 58082
preemptive halt, cache_misses = 58082
preemptive halt, cache_misses = 58082
preemptive halt, cache_misses = 58082
preemptive halt, cache_misses = 58082
preemptive halt, cache_misses = 58082
preemptive halt, cache_misses = 58082
preemptive halt, cache_misses = 58082
preemptive halt, cache_misses = 58082
preemptive halt, cache_misses = 58082
preemptive halt, cache_misses = 58082
preemptive halt, cache_misses = 58082
preemptive halt, cache_misses = 58082
preemptive halt, cache_misses = 58082
preemptive halt, cache_misses = 58082
preemptive halt, cache_misses = 58082
preemptive halt, cache_misses = 58082
preemptive halt, cache_misses = 58082
preemptive halt, cache_misses = 58082
preemptive halt, cache_misses = 58082
preemptive halt, cache_misses = 58082
preemptive halt, cache_misses = 58082
preemptive halt, cache_misses = 58082
preemptive halt, cache_misses = 58082
preemptive halt, cache_misses = 58082
preemptive halt, cache_misses = 58082
preemptive halt, cache_misses = 58082
preemptive halt, cache_misses = 58082
preemptive halt, cache_misses = 58082
preemptive halt, cache_misses = 58082
preemptive halt, cache_misses = 58082
preemptive halt, cache_misses = 58082
preemptive halt, cache_misses = 58082
preemptive halt, cache_misses = 58082
preemptive halt, cache_misses = 58082
preemptive halt, cache_misses = 58082
preemptive halt, cache_misses = 58082
preemptive halt, cache_misses = 58082
preemptive halt, cache_misses = 58082
preemptive halt, cache_misses = 58082
preemptive halt, cache_misses = 58082
preemptive halt, cache_misses = 58082
preemptive halt, cache_misses = 58082
preemptive halt, cache_misses = 58082
preemptive halt, cache_misses = 58082
preemptive halt, cache_misses = 58082
preemptive halt, cache_misses = 58082
preemptive halt, cache_misses = 58082
preemptive halt, cache_misses = 58082
preemptive halt, cache_misses = 58082
preemptive halt, cache_misses = 58082
preemptive halt, cache_misses = 58082
preemptive halt, cache_misses = 58082
preemptive halt, cache_misses = 58082
preemptive halt, cache_misses = 58082
preemptive halt, cache_misses = 58082
preemptive halt, cache_misses = 58082
preemptive halt, cache_misses = 58082
preemptive halt, cache_misses = 58082
preemptive halt, cache_misses = 58082
preemptive halt, cache_misses = 58082
preemptive halt, cache_misses = 58082
preemptive halt, cache_misses = 58082
preemptive halt, cache_misses = 58082
preemptive halt, cache_misses = 58082
preemptive halt, cache_misses = 58082
preemptive halt, cache_misses = 58082
preemptive halt, cache_misses = 58082
preemptive halt, cache_misses = 58082
preemptive halt, cache_misses = 58082
preemptive halt, cache_misses = 58082
preemptive halt, cache_misses = 58082
preemptive halt, cache_misses = 58082
preemptive halt, cache_misses = 58082
preemptive halt, cache_misses = 58082
preemptive halt, cache_misses = 58082
preemptive halt, cache_misses = 58082
preemptive halt, cache_misses = 58082
preemptive halt, cache_misses = 58082
preemptive halt, cache_misses = 58082
preemptive halt, cache_misses = 58082
preemptive halt, cache_misses = 58082
preemptive halt, cache_misses = 58082
preemptive halt, cache_misses = 58082
preemptive halt, cache_misses = 58082
preemptive halt, cache_misses = 58082
preemptive halt, cache_misses = 58082
preemptive halt, cache_misses = 58082
preemptive halt, cache_misses = 58082
preemptive halt, cache_misses = 58082
preemptive halt, cache_misses = 58082
preemptive halt, cache_misses = 58082
preemptive halt, cache_misses = 58082
preemptive halt, cache_misses = 58082
preemptive halt, cache_misses = 58082
preemptive halt, cache_misses = 58082
preemptive halt, cache_misses = 58082
preemptive halt, cache_misses = 58082
preemptive halt, cache_misses = 58082
preemptive halt, cache_misses = 58082
preemptive halt, cache_misses = 58082
preemptive halt, cache_misses = 58082
preemptive halt, cache_misses = 58082
preemptive halt, cache_misses = 58082
preemptive halt, cache_misses = 58082
preemptive halt, cache_misses = 58082
preemptive halt, cache_misses = 58082
preemptive halt, cache_misses = 58082
preemptive halt, cache_misses = 58082
preemptive halt, cache_misses = 58082
preemptive halt, cache_misses = 58082
preemptive halt, cache_misses = 58082
preemptive halt, cache_misses = 58082
preemptive halt, cache_misses = 58082
preemptive halt, cache_misses = 58082
preemptive halt, cache_misses = 58082
preemptive halt, cache_misses = 58082
preemptive halt, cache_misses = 58082
preemptive halt, cache_misses = 58082
preemptive halt, cache_misses = 58082
preemptive halt, cache_misses = 58082
preemptive halt, cache_misses = 58082
preemptive halt, cache_misses = 58082
preemptive halt, cache_misses = 58082
preemptive halt, cache_misses = 58082
preemptive halt, cache_misses = 58082
preemptive halt, cache_misses = 58082
preemptive halt, cache_misses = 58082
preemptive halt, cache_misses = 58082
preemptive halt, cache_misses = 58082
preemptive halt, cache_misses = 58082
preemptive halt, cache_misses = 58082
preemptive halt, cache_misses = 58082
preemptive halt, cache_misses = 58082
preemptive halt, cache_misses = 58082
preemptive halt, cache_misses = 58082
preemptive halt, cache_misses = 58082
preemptive halt, cache_misses = 58082
preemptive halt, cache_misses = 58082
preemptive halt, cache_misses = 58082
preemptive halt, cache_misses = 58082
preemptive halt, cache_misses = 58082
preemptive halt, cache_misses = 58082
preemptive halt, cache_misses = 58082
preemptive halt, cache_misses = 58082
preemptive halt, cache_misses = 58082
preemptive halt, cache_misses = 58082
preemptive halt, cache_misses = 58082
preemptive halt, cache_misses = 58082
preemptive halt, cache_misses = 58082
preemptive halt, cache_misses = 58082
preemptive halt, cache_misses = 58082
preemptive halt, cache_misses = 58082
preemptive halt, cache_misses = 58082
preemptive halt, cache_misses = 58082
preemptive halt, cache_misses = 58082
preemptive halt, cache_misses = 58082
preemptive halt, cache_misses = 58082
preemptive halt, cache_misses = 58082
preemptive halt, cache_misses = 58082
preemptive halt, cache_misses = 58082
preemptive halt, cache_misses = 58082
preemptive halt, cache_misses = 58082
preemptive halt, cache_misses = 58082
preemptive halt, cache_misses = 58082
preemptive halt, cache_misses = 58082
preemptive halt, cache_misses = 58082
preemptive halt, cache_misses = 58082
preemptive halt, cache_misses = 58082
preemptive halt, cache_misses = 58082
preemptive halt, cache_misses = 58082
preemptive halt, cache_misses = 58082
preemptive halt, cache_misses = 58082
preemptive halt, cache_misses = 58082
preemptive halt, cache_misses = 58082
preemptive halt, cache_misses = 58082
preemptive halt, cache_misses = 58082
preemptive halt, cache_misses = 58082
preemptive halt, cache_misses = 58082
preemptive halt, cache_misses = 58082
preemptive halt, cache_misses = 58082
preemptive halt, cache_misses = 58082
preemptive halt, cache_misses = 58082
preemptive halt, cache_misses = 58082
preemptive halt, cache_misses = 58082
preemptive halt, cache_misses = 58082
preemptive halt, cache_misses = 58082
preemptive halt, cache_misses = 58082
preemptive halt, cache_misses = 58082
preemptive halt, cache_misses = 58082
preemptive halt, cache_misses = 58082
preemptive halt, cache_misses = 58082
preemptive halt, cache_misses = 58082
preemptive halt, cache_misses = 58082
preemptive halt, cache_misses = 58082
preemptive halt, cache_misses = 58082
preemptive halt, cache_misses = 58082
preemptive halt, cache_misses = 58082
preemptive halt, cache_misses = 58082
preemptive halt, cache_misses = 58082
preemptive halt, cache_misses = 58082
preemptive halt, cache_misses = 58082
preemptive halt, cache_misses = 58082
preemptive halt, cache_misses = 58082
preemptive halt, cache_misses = 58082
preemptive halt, cache_misses = 58082
preemptive halt, cache_misses = 58082
preemptive halt, cache_misses = 58082
preemptive halt, cache_misses = 58082
preemptive halt, cache_misses = 58082
preemptive halt, cache_misses = 58082
binary search, size 23750  misses 58082  min 22500  max 25000
preemptive halt, cache_misses = 58083
preemptive halt, cache_misses = 58083
preemptive halt, cache_misses = 58083
preemptive halt, cache_misses = 58083
preemptive halt, cache_misses = 58083
preemptive halt, cache_misses = 58083
preemptive halt, cache_misses = 58083
preemptive halt, cache_misses = 58083
preemptive halt, cache_misses = 58083
preemptive halt, cache_misses = 58083
preemptive halt, cache_misses = 58083
preemptive halt, cache_misses = 58083
preemptive halt, cache_misses = 58083
preemptive halt, cache_misses = 58083
preemptive halt, cache_misses = 58083
preemptive halt, cache_misses = 58083
preemptive halt, cache_misses = 58083
preemptive halt, cache_misses = 58083
preemptive halt, cache_misses = 58083
preemptive halt, cache_misses = 58083
preemptive halt, cache_misses = 58083
preemptive halt, cache_misses = 58083
preemptive halt, cache_misses = 58083
preemptive halt, cache_misses = 58083
preemptive halt, cache_misses = 58083
preemptive halt, cache_misses = 58083
preemptive halt, cache_misses = 58083
preemptive halt, cache_misses = 58083
preemptive halt, cache_misses = 58083
preemptive halt, cache_misses = 58083
preemptive halt, cache_misses = 58083
preemptive halt, cache_misses = 58083
preemptive halt, cache_misses = 58083
preemptive halt, cache_misses = 58083
preemptive halt, cache_misses = 58083
preemptive halt, cache_misses = 58083
preemptive halt, cache_misses = 58083
preemptive halt, cache_misses = 58083
preemptive halt, cache_misses = 58083
preemptive halt, cache_misses = 58083
preemptive halt, cache_misses = 58083
preemptive halt, cache_misses = 58083
preemptive halt, cache_misses = 58083
preemptive halt, cache_misses = 58083
preemptive halt, cache_misses = 58083
preemptive halt, cache_misses = 58083
preemptive halt, cache_misses = 58083
preemptive halt, cache_misses = 58083
preemptive halt, cache_misses = 58083
preemptive halt, cache_misses = 58083
preemptive halt, cache_misses = 58083
preemptive halt, cache_misses = 58083
preemptive halt, cache_misses = 58083
preemptive halt, cache_misses = 58083
preemptive halt, cache_misses = 58083
preemptive halt, cache_misses = 58083
preemptive halt, cache_misses = 58083
preemptive halt, cache_misses = 58083
preemptive halt, cache_misses = 58083
preemptive halt, cache_misses = 58083
preemptive halt, cache_misses = 58083
preemptive halt, cache_misses = 58083
preemptive halt, cache_misses = 58083
preemptive halt, cache_misses = 58083
preemptive halt, cache_misses = 58083
preemptive halt, cache_misses = 58083
preemptive halt, cache_misses = 58083
preemptive halt, cache_misses = 58083
preemptive halt, cache_misses = 58083
preemptive halt, cache_misses = 58083
preemptive halt, cache_misses = 58083
preemptive halt, cache_misses = 58083
preemptive halt, cache_misses = 58083
preemptive halt, cache_misses = 58083
preemptive halt, cache_misses = 58083
preemptive halt, cache_misses = 58083
preemptive halt, cache_misses = 58083
preemptive halt, cache_misses = 58083
preemptive halt, cache_misses = 58083
preemptive halt, cache_misses = 58083
preemptive halt, cache_misses = 58083
preemptive halt, cache_misses = 58083
preemptive halt, cache_misses = 58083
preemptive halt, cache_misses = 58083
preemptive halt, cache_misses = 58083
preemptive halt, cache_misses = 58083
preemptive halt, cache_misses = 58083
preemptive halt, cache_misses = 58083
preemptive halt, cache_misses = 58083
preemptive halt, cache_misses = 58083
preemptive halt, cache_misses = 58083
preemptive halt, cache_misses = 58083
preemptive halt, cache_misses = 58083
preemptive halt, cache_misses = 58083
preemptive halt, cache_misses = 58083
preemptive halt, cache_misses = 58083
preemptive halt, cache_misses = 58083
preemptive halt, cache_misses = 58083
preemptive halt, cache_misses = 58083
preemptive halt, cache_misses = 58083
preemptive halt, cache_misses = 58083
preemptive halt, cache_misses = 58083
preemptive halt, cache_misses = 58083
preemptive halt, cache_misses = 58083
preemptive halt, cache_misses = 58083
preemptive halt, cache_misses = 58083
preemptive halt, cache_misses = 58083
preemptive halt, cache_misses = 58083
preemptive halt, cache_misses = 58083
preemptive halt, cache_misses = 58083
preemptive halt, cache_misses = 58083
preemptive halt, cache_misses = 58083
preemptive halt, cache_misses = 58083
preemptive halt, cache_misses = 58083
preemptive halt, cache_misses = 58083
preemptive halt, cache_misses = 58083
preemptive halt, cache_misses = 58083
preemptive halt, cache_misses = 58083
preemptive halt, cache_misses = 58083
preemptive halt, cache_misses = 58083
preemptive halt, cache_misses = 58083
preemptive halt, cache_misses = 58083
preemptive halt, cache_misses = 58083
preemptive halt, cache_misses = 58083
preemptive halt, cache_misses = 58083
preemptive halt, cache_misses = 58083
preemptive halt, cache_misses = 58083
preemptive halt, cache_misses = 58083
preemptive halt, cache_misses = 58083
preemptive halt, cache_misses = 58083
preemptive halt, cache_misses = 58083
preemptive halt, cache_misses = 58083
preemptive halt, cache_misses = 58083
preemptive halt, cache_misses = 58083
preemptive halt, cache_misses = 58083
preemptive halt, cache_misses = 58083
preemptive halt, cache_misses = 58083
preemptive halt, cache_misses = 58083
preemptive halt, cache_misses = 58083
preemptive halt, cache_misses = 58083
preemptive halt, cache_misses = 58083
preemptive halt, cache_misses = 58083
preemptive halt, cache_misses = 58083
preemptive halt, cache_misses = 58083
preemptive halt, cache_misses = 58083
preemptive halt, cache_misses = 58083
preemptive halt, cache_misses = 58083
preemptive halt, cache_misses = 58083
preemptive halt, cache_misses = 58083
preemptive halt, cache_misses = 58083
preemptive halt, cache_misses = 58083
preemptive halt, cache_misses = 58083
preemptive halt, cache_misses = 58083
preemptive halt, cache_misses = 58083
preemptive halt, cache_misses = 58083
preemptive halt, cache_misses = 58083
preemptive halt, cache_misses = 58083
preemptive halt, cache_misses = 58083
preemptive halt, cache_misses = 58083
preemptive halt, cache_misses = 58083
preemptive halt, cache_misses = 58083
preemptive halt, cache_misses = 58083
preemptive halt, cache_misses = 58083
preemptive halt, cache_misses = 58083
preemptive halt, cache_misses = 58083
preemptive halt, cache_misses = 58083
preemptive halt, cache_misses = 58083
preemptive halt, cache_misses = 58083
preemptive halt, cache_misses = 58083
preemptive halt, cache_misses = 58083
preemptive halt, cache_misses = 58083
preemptive halt, cache_misses = 58083
preemptive halt, cache_misses = 58083
preemptive halt, cache_misses = 58083
preemptive halt, cache_misses = 58083
preemptive halt, cache_misses = 58083
preemptive halt, cache_misses = 58083
preemptive halt, cache_misses = 58083
preemptive halt, cache_misses = 58083
preemptive halt, cache_misses = 58083
preemptive halt, cache_misses = 58083
preemptive halt, cache_misses = 58083
preemptive halt, cache_misses = 58083
preemptive halt, cache_misses = 58083
preemptive halt, cache_misses = 58083
preemptive halt, cache_misses = 58083
preemptive halt, cache_misses = 58083
preemptive halt, cache_misses = 58083
preemptive halt, cache_misses = 58083
preemptive halt, cache_misses = 58083
preemptive halt, cache_misses = 58083
preemptive halt, cache_misses = 58083
preemptive halt, cache_misses = 58083
preemptive halt, cache_misses = 58083
preemptive halt, cache_misses = 58083
preemptive halt, cache_misses = 58083
preemptive halt, cache_misses = 58083
preemptive halt, cache_misses = 58083
preemptive halt, cache_misses = 58083
preemptive halt, cache_misses = 58083
preemptive halt, cache_misses = 58083
preemptive halt, cache_misses = 58083
preemptive halt, cache_misses = 58083
preemptive halt, cache_misses = 58083
preemptive halt, cache_misses = 58083
preemptive halt, cache_misses = 58083
preemptive halt, cache_misses = 58083
preemptive halt, cache_misses = 58083
preemptive halt, cache_misses = 58083
preemptive halt, cache_misses = 58083
preemptive halt, cache_misses = 58083
preemptive halt, cache_misses = 58083
preemptive halt, cache_misses = 58083
preemptive halt, cache_misses = 58083
preemptive halt, cache_misses = 58083
preemptive halt, cache_misses = 58083
preemptive halt, cache_misses = 58083
preemptive halt, cache_misses = 58083
preemptive halt, cache_misses = 58083
preemptive halt, cache_misses = 58083
preemptive halt, cache_misses = 58083
preemptive halt, cache_misses = 58083
preemptive halt, cache_misses = 58083
preemptive halt, cache_misses = 58083
preemptive halt, cache_misses = 58083
preemptive halt, cache_misses = 58083
preemptive halt, cache_misses = 58083
preemptive halt, cache_misses = 58083
preemptive halt, cache_misses = 58083
preemptive halt, cache_misses = 58083
preemptive halt, cache_misses = 58083
preemptive halt, cache_misses = 58083
preemptive halt, cache_misses = 58083
preemptive halt, cache_misses = 58083
preemptive halt, cache_misses = 58083
preemptive halt, cache_misses = 58083
preemptive halt, cache_misses = 58083
preemptive halt, cache_misses = 58083
preemptive halt, cache_misses = 58083
preemptive halt, cache_misses = 58083
preemptive halt, cache_misses = 58083
preemptive halt, cache_misses = 58083
preemptive halt, cache_misses = 58083
preemptive halt, cache_misses = 58083
preemptive halt, cache_misses = 58083
preemptive halt, cache_misses = 58083
preemptive halt, cache_misses = 58083
preemptive halt, cache_misses = 58083
preemptive halt, cache_misses = 58083
preemptive halt, cache_misses = 58083
preemptive halt, cache_misses = 58083
preemptive halt, cache_misses = 58083
preemptive halt, cache_misses = 58083
preemptive halt, cache_misses = 58083
preemptive halt, cache_misses = 58083
preemptive halt, cache_misses = 58083
preemptive halt, cache_misses = 58083
preemptive halt, cache_misses = 58083
preemptive halt, cache_misses = 58083
preemptive halt, cache_misses = 58083
preemptive halt, cache_misses = 58083
preemptive halt, cache_misses = 58083
preemptive halt, cache_misses = 58083
preemptive halt, cache_misses = 58083
preemptive halt, cache_misses = 58083
preemptive halt, cache_misses = 58083
preemptive halt, cache_misses = 58083
preemptive halt, cache_misses = 58083
preemptive halt, cache_misses = 58083
preemptive halt, cache_misses = 58083
preemptive halt, cache_misses = 58083
preemptive halt, cache_misses = 58083
preemptive halt, cache_misses = 58083
preemptive halt, cache_misses = 58083
preemptive halt, cache_misses = 58083
preemptive halt, cache_misses = 58083
preemptive halt, cache_misses = 58083
preemptive halt, cache_misses = 58083
preemptive halt, cache_misses = 58083
preemptive halt, cache_misses = 58083
preemptive halt, cache_misses = 58083
preemptive halt, cache_misses = 58083
preemptive halt, cache_misses = 58083
preemptive halt, cache_misses = 58083
preemptive halt, cache_misses = 58083
preemptive halt, cache_misses = 58083
preemptive halt, cache_misses = 58083
preemptive halt, cache_misses = 58083
preemptive halt, cache_misses = 58083
preemptive halt, cache_misses = 58083
preemptive halt, cache_misses = 58083
preemptive halt, cache_misses = 58083
preemptive halt, cache_misses = 58083
preemptive halt, cache_misses = 58083
preemptive halt, cache_misses = 58083
preemptive halt, cache_misses = 58083
preemptive halt, cache_misses = 58083
preemptive halt, cache_misses = 58083
preemptive halt, cache_misses = 58083
preemptive halt, cache_misses = 58083
preemptive halt, cache_misses = 58083
preemptive halt, cache_misses = 58083
preemptive halt, cache_misses = 58083
preemptive halt, cache_misses = 58083
preemptive halt, cache_misses = 58083
preemptive halt, cache_misses = 58083
preemptive halt, cache_misses = 58083
preemptive halt, cache_misses = 58083
preemptive halt, cache_misses = 58083
preemptive halt, cache_misses = 58083
preemptive halt, cache_misses = 58083
preemptive halt, cache_misses = 58083
preemptive halt, cache_misses = 58083
preemptive halt, cache_misses = 58083
preemptive halt, cache_misses = 58083
preemptive halt, cache_misses = 58083
preemptive halt, cache_misses = 58083
preemptive halt, cache_misses = 58083
preemptive halt, cache_misses = 58083
preemptive halt, cache_misses = 58083
preemptive halt, cache_misses = 58083
preemptive halt, cache_misses = 58083
preemptive halt, cache_misses = 58083
preemptive halt, cache_misses = 58083
preemptive halt, cache_misses = 58083
preemptive halt, cache_misses = 58083
preemptive halt, cache_misses = 58083
preemptive halt, cache_misses = 58083
preemptive halt, cache_misses = 58083
preemptive halt, cache_misses = 58083
preemptive halt, cache_misses = 58083
preemptive halt, cache_misses = 58083
preemptive halt, cache_misses = 58083
preemptive halt, cache_misses = 58083
preemptive halt, cache_misses = 58083
preemptive halt, cache_misses = 58083
preemptive halt, cache_misses = 58083
preemptive halt, cache_misses = 58083
preemptive halt, cache_misses = 58083
preemptive halt, cache_misses = 58083
preemptive halt, cache_misses = 58083
preemptive halt, cache_misses = 58083
preemptive halt, cache_misses = 58083
preemptive halt, cache_misses = 58083
preemptive halt, cache_misses = 58083
preemptive halt, cache_misses = 58083
preemptive halt, cache_misses = 58083
preemptive halt, cache_misses = 58083
preemptive halt, cache_misses = 58083
preemptive halt, cache_misses = 58083
preemptive halt, cache_misses = 58083
preemptive halt, cache_misses = 58083
preemptive halt, cache_misses = 58083
preemptive halt, cache_misses = 58083
preemptive halt, cache_misses = 58083
preemptive halt, cache_misses = 58083
preemptive halt, cache_misses = 58083
preemptive halt, cache_misses = 58083
preemptive halt, cache_misses = 58083
preemptive halt, cache_misses = 58083
preemptive halt, cache_misses = 58083
preemptive halt, cache_misses = 58083
preemptive halt, cache_misses = 58083
preemptive halt, cache_misses = 58083
preemptive halt, cache_misses = 58083
preemptive halt, cache_misses = 58083
preemptive halt, cache_misses = 58083
preemptive halt, cache_misses = 58083
preemptive halt, cache_misses = 58083
preemptive halt, cache_misses = 58083
preemptive halt, cache_misses = 58083
preemptive halt, cache_misses = 58083
preemptive halt, cache_misses = 58083
preemptive halt, cache_misses = 58083
preemptive halt, cache_misses = 58083
preemptive halt, cache_misses = 58083
preemptive halt, cache_misses = 58083
preemptive halt, cache_misses = 58083
preemptive halt, cache_misses = 58083
preemptive halt, cache_misses = 58083
preemptive halt, cache_misses = 58083
preemptive halt, cache_misses = 58083
preemptive halt, cache_misses = 58083
preemptive halt, cache_misses = 58083
preemptive halt, cache_misses = 58083
preemptive halt, cache_misses = 58083
preemptive halt, cache_misses = 58083
preemptive halt, cache_misses = 58083
preemptive halt, cache_misses = 58083
preemptive halt, cache_misses = 58083
preemptive halt, cache_misses = 58083
preemptive halt, cache_misses = 58083
preemptive halt, cache_misses = 58083
preemptive halt, cache_misses = 58083
preemptive halt, cache_misses = 58083
preemptive halt, cache_misses = 58083
preemptive halt, cache_misses = 58083
preemptive halt, cache_misses = 58083
preemptive halt, cache_misses = 58083
preemptive halt, cache_misses = 58083
preemptive halt, cache_misses = 58083
preemptive halt, cache_misses = 58083
preemptive halt, cache_misses = 58083
preemptive halt, cache_misses = 58083
preemptive halt, cache_misses = 58083
preemptive halt, cache_misses = 58083
preemptive halt, cache_misses = 58083
preemptive halt, cache_misses = 58083
preemptive halt, cache_misses = 58083
preemptive halt, cache_misses = 58083
preemptive halt, cache_misses = 58083
preemptive halt, cache_misses = 58083
preemptive halt, cache_misses = 58083
preemptive halt, cache_misses = 58083
preemptive halt, cache_misses = 58083
preemptive halt, cache_misses = 58083
preemptive halt, cache_misses = 58083
preemptive halt, cache_misses = 58083
preemptive halt, cache_misses = 58083
preemptive halt, cache_misses = 58083
preemptive halt, cache_misses = 58083
preemptive halt, cache_misses = 58083
preemptive halt, cache_misses = 58083
preemptive halt, cache_misses = 58083
preemptive halt, cache_misses = 58083
preemptive halt, cache_misses = 58083
preemptive halt, cache_misses = 58083
preemptive halt, cache_misses = 58083
preemptive halt, cache_misses = 58083
preemptive halt, cache_misses = 58083
preemptive halt, cache_misses = 58083
preemptive halt, cache_misses = 58083
preemptive halt, cache_misses = 58083
preemptive halt, cache_misses = 58083
preemptive halt, cache_misses = 58083
preemptive halt, cache_misses = 58083
preemptive halt, cache_misses = 58083
preemptive halt, cache_misses = 58083
preemptive halt, cache_misses = 58083
preemptive halt, cache_misses = 58083
preemptive halt, cache_misses = 58083
preemptive halt, cache_misses = 58083
preemptive halt, cache_misses = 58083
preemptive halt, cache_misses = 58083
preemptive halt, cache_misses = 58083
preemptive halt, cache_misses = 58083
preemptive halt, cache_misses = 58083
preemptive halt, cache_misses = 58083
preemptive halt, cache_misses = 58083
preemptive halt, cache_misses = 58083
preemptive halt, cache_misses = 58083
preemptive halt, cache_misses = 58083
preemptive halt, cache_misses = 58083
preemptive halt, cache_misses = 58083
preemptive halt, cache_misses = 58083
preemptive halt, cache_misses = 58083
preemptive halt, cache_misses = 58083
preemptive halt, cache_misses = 58083
preemptive halt, cache_misses = 58083
preemptive halt, cache_misses = 58083
preemptive halt, cache_misses = 58083
preemptive halt, cache_misses = 58083
preemptive halt, cache_misses = 58083
preemptive halt, cache_misses = 58083
preemptive halt, cache_misses = 58083
preemptive halt, cache_misses = 58083
preemptive halt, cache_misses = 58083
preemptive halt, cache_misses = 58083
preemptive halt, cache_misses = 58083
preemptive halt, cache_misses = 58083
preemptive halt, cache_misses = 58083
preemptive halt, cache_misses = 58083
preemptive halt, cache_misses = 58083
preemptive halt, cache_misses = 58083
preemptive halt, cache_misses = 58083
preemptive halt, cache_misses = 58083
preemptive halt, cache_misses = 58083
preemptive halt, cache_misses = 58083
preemptive halt, cache_misses = 58083
preemptive halt, cache_misses = 58083
preemptive halt, cache_misses = 58083
preemptive halt, cache_misses = 58083
preemptive halt, cache_misses = 58083
preemptive halt, cache_misses = 58083
preemptive halt, cache_misses = 58083
preemptive halt, cache_misses = 58083
binary search, size 24375  misses 58083  min 23750  max 25000
preemptive halt, cache_misses = 58084
preemptive halt, cache_misses = 58084
preemptive halt, cache_misses = 58084
preemptive halt, cache_misses = 58084
preemptive halt, cache_misses = 58084
preemptive halt, cache_misses = 58084
preemptive halt, cache_misses = 58084
preemptive halt, cache_misses = 58084
preemptive halt, cache_misses = 58084
preemptive halt, cache_misses = 58084
binary search, size 24687  misses 58084  min 24375  max 25000
binary search, size 24843  misses 58080  min 24687  max 25000
preemptive halt, cache_misses = 58081
preemptive halt, cache_misses = 58081
preemptive halt, cache_misses = 58081
preemptive halt, cache_misses = 58081
binary search, size 24765  misses 58081  min 24687  max 24843
preemptive halt, cache_misses = 58082
preemptive halt, cache_misses = 58082
preemptive halt, cache_misses = 58082
preemptive halt, cache_misses = 58082
preemptive halt, cache_misses = 58082
preemptive halt, cache_misses = 58082
binary search, size 24804  misses 58082  min 24765  max 24843
binary search, size 24823  misses 58080  min 24804  max 24843
preemptive halt, cache_misses = 58081
preemptive halt, cache_misses = 58081
preemptive halt, cache_misses = 58081
preemptive halt, cache_misses = 58081
binary search, size 24813  misses 58081  min 24804  max 24823
preemptive halt, cache_misses = 58082
preemptive halt, cache_misses = 58082
preemptive halt, cache_misses = 58082
preemptive halt, cache_misses = 58082
preemptive halt, cache_misses = 58082
preemptive halt, cache_misses = 58082
binary search, size 24818  misses 58082  min 24813  max 24823
preemptive halt, cache_misses = 58083
preemptive halt, cache_misses = 58083
preemptive halt, cache_misses = 58083
preemptive halt, cache_misses = 58083
preemptive halt, cache_misses = 58083
preemptive halt, cache_misses = 58083
preemptive halt, cache_misses = 58083
preemptive halt, cache_misses = 58083
binary search, size 24820  misses 58083  min 24818  max 24823
preemptive halt, cache_misses = 58084
preemptive halt, cache_misses = 58084
preemptive halt, cache_misses = 58084
preemptive halt, cache_misses = 58084
preemptive halt, cache_misses = 58084
preemptive halt, cache_misses = 58084
preemptive halt, cache_misses = 58084
preemptive halt, cache_misses = 58084
preemptive halt, cache_misses = 58084
preemptive halt, cache_misses = 58084
binary search, size 24821  misses 58084  min 24820  max 24823
binary search, size 24822  misses 58080  min 24821  max 24823
characteristic cache size (binary search) for 240 = 24822
End at: 2021-04-02 02:25:05.686946
Time elapsed: 0:00:01.121991
