Begin at: 2021-04-02 01:34:15.710662
['../dist/Debug/GNU-Linux/memo_batch_tester', '', '--mbt_execution_trace_fname', 'olcs4_traceback_csize_input_types/OLCS4_lru_2021_04_02__01_30_39_k_3__d_2_cache_size_160000_problems_10_to_400/OLCS4_lru_2021_04_02__01_30_39_k_3__d_2_cache_size_160000_problems_10_to_400/OLCS4__do_traceback_prob_size_311_cache_size_160000_lru_k_3_d_2_execution_trace_2021_4_2_1_34_15_pid_6662.log', '--mbt_cache_misses_fname', 'olcs4_traceback_csize_input_types/OLCS4_lru_2021_04_02__01_30_39_k_3__d_2_cache_size_160000_problems_10_to_400/lcs_cost_OLCS4_lru_misses_for_cache_size.csv', '--mbt_misses_for_problem_size_fname', 'olcs4_traceback_csize_input_types/OLCS4_lru_2021_04_02__01_30_39_k_3__d_2_cache_size_160000_problems_10_to_400/lcs_cost_OLCS4_lru_misses_for_problem_size.csv', '--mbt_exact_cutoff_min_cache_size', '160000', '--mbt_exact_cutoff_max_cache_size', '160000', '--mbt_problem_type', 'lcs', '--mbt_metric_type', 'csize_binary_search', '--mbt_cutoff_ratio', '2.2', '--mbt_instance_fname', '311', '--mbt_detailed_cache_misses_out_fname', 'csize_olcs4_traceback_0011nc_nc1100_0_2.csv', '--mbt_phi_N', '5.0', '--mbt_problem_size', '311', '--lcs_compute_length', '0', '--lcs_perform_traceback', '1', '--lig_instance_type', '0011nc_nc1100', '--lig_n', '311', '--lig_c', '0.2', '--lig_b', '3.0', '--lcs_oblivious', '4', '--lcs_execution_trace_fname', 'olcs4_traceback_csize_input_types/OLCS4_lru_2021_04_02__01_30_39_k_3__d_2_cache_size_160000_problems_10_to_400/OLCS4_lru_2021_04_02__01_30_39_k_3__d_2_cache_size_160000_problems_10_to_400/OLCS4__do_traceback_prob_size_311_cache_size_160000_lru_k_3_d_2_execution_trace_2021_4_2_1_34_15_pid_6662.log', '--memo_caching_strategy', 'lru', '--memo_cache_size', '160001', '--memo_lru_queue_size', '160000', '--memo_cuckoo_k', '4', '--memo_key_length', '8', '--memo_value_length', '8', '--memo_k_timestamps', '3', '--memo_d_recent_timestamps', '2', '--memo_a_items_per_timestamp_factor', '0.4375']

csize_binary_search chosen
lcs problem_type lcs cache_size 160001
initialize_long_int_cache begin
init_memo
arguments to memo:
 --mbt_execution_trace_fname olcs4_traceback_csize_input_types/OLCS4_lru_2021_04_02__01_30_39_k_3__d_2_cache_size_160000_problems_10_to_400/OLCS4_lru_2021_04_02__01_30_39_k_3__d_2_cache_size_160000_problems_10_to_400/OLCS4__do_traceback_prob_size_311_cache_size_160000_lru_k_3_d_2_execution_trace_2021_4_2_1_34_15_pid_6662.log --mbt_cache_misses_fname olcs4_traceback_csize_input_types/OLCS4_lru_2021_04_02__01_30_39_k_3__d_2_cache_size_160000_problems_10_to_400/lcs_cost_OLCS4_lru_misses_for_cache_size.csv --mbt_misses_for_problem_size_fname olcs4_traceback_csize_input_types/OLCS4_lru_2021_04_02__01_30_39_k_3__d_2_cache_size_160000_problems_10_to_400/lcs_cost_OLCS4_lru_misses_for_problem_size.csv --mbt_exact_cutoff_min_cache_size 160000 --mbt_exact_cutoff_max_cache_size 160000 --mbt_problem_type lcs --mbt_metric_type csize_binary_search --mbt_cutoff_ratio 2.2 --mbt_instance_fname 311 --mbt_detailed_cache_misses_out_fname csize_olcs4_traceback_0011nc_nc1100_0_2.csv --mbt_phi_N 5.0 --mbt_problem_size 311 --lcs_compute_length 0 --lcs_perform_traceback 1 --lig_instance_type 0011nc_nc1100 --lig_n 311 --lig_c 0.2 --lig_b 3.0 --lcs_oblivious 4 --lcs_execution_trace_fname olcs4_traceback_csize_input_types/OLCS4_lru_2021_04_02__01_30_39_k_3__d_2_cache_size_160000_problems_10_to_400/OLCS4_lru_2021_04_02__01_30_39_k_3__d_2_cache_size_160000_problems_10_to_400/OLCS4__do_traceback_prob_size_311_cache_size_160000_lru_k_3_d_2_execution_trace_2021_4_2_1_34_15_pid_6662.log --memo_caching_strategy lru --memo_cache_size 160001 --memo_lru_queue_size 160000 --memo_cuckoo_k 4 --memo_key_length 8 --memo_value_length 8 --memo_k_timestamps 3 --memo_d_recent_timestamps 2 --memo_a_items_per_timestamp_factor 0.4375 
calculate_table_size: table_size is 262144, original is 160001
Finished initializing cache
initialize_long_int_cache end
done initializing cache
initializing problem
done initializing problem
commence trials
Starting characteristic_cache_size_binary_search with max cache size 160001
binary search, size 160001  misses 97343
binary search, size 80000  misses 97343  min 0  max 160001
binary search, size 40000  misses 97343  min 0  max 80000
binary search, size 20000  misses 97343  min 0  max 40000
binary search, size 10000  misses 97343  min 0  max 20000
binary search, size 5000  misses 97343  min 0  max 10000
binary search, size 2500  misses 97343  min 0  max 5000
preemptive halt, cache_misses = 97344
preemptive halt, cache_misses = 97344
preemptive halt, cache_misses = 97344
preemptive halt, cache_misses = 97344
preemptive halt, cache_misses = 97344
preemptive halt, cache_misses = 97344
binary search, size 1250  misses 97344  min 0  max 2500
binary search, size 1875  misses 97343  min 1250  max 2500
preemptive halt, cache_misses = 97344
preemptive halt, cache_misses = 97344
preemptive halt, cache_misses = 97344
preemptive halt, cache_misses = 97344
preemptive halt, cache_misses = 97344
preemptive halt, cache_misses = 97344
binary search, size 1562  misses 97344  min 1250  max 1875
preemptive halt, cache_misses = 97345
preemptive halt, cache_misses = 97345
preemptive halt, cache_misses = 97345
preemptive halt, cache_misses = 97345
preemptive halt, cache_misses = 97345
preemptive halt, cache_misses = 97345
preemptive halt, cache_misses = 97345
preemptive halt, cache_misses = 97345
binary search, size 1718  misses 97345  min 1562  max 1875
preemptive halt, cache_misses = 97346
preemptive halt, cache_misses = 97346
preemptive halt, cache_misses = 97346
preemptive halt, cache_misses = 97346
preemptive halt, cache_misses = 97346
preemptive halt, cache_misses = 97346
preemptive halt, cache_misses = 97346
preemptive halt, cache_misses = 97346
preemptive halt, cache_misses = 97346
preemptive halt, cache_misses = 97346
binary search, size 1796  misses 97346  min 1718  max 1875
preemptive halt, cache_misses = 97347
preemptive halt, cache_misses = 97347
preemptive halt, cache_misses = 97347
preemptive halt, cache_misses = 97347
preemptive halt, cache_misses = 97347
preemptive halt, cache_misses = 97347
preemptive halt, cache_misses = 97347
preemptive halt, cache_misses = 97347
preemptive halt, cache_misses = 97347
preemptive halt, cache_misses = 97347
preemptive halt, cache_misses = 97347
preemptive halt, cache_misses = 97347
binary search, size 1835  misses 97347  min 1796  max 1875
preemptive halt, cache_misses = 97348
preemptive halt, cache_misses = 97348
preemptive halt, cache_misses = 97348
preemptive halt, cache_misses = 97348
preemptive halt, cache_misses = 97348
preemptive halt, cache_misses = 97348
preemptive halt, cache_misses = 97348
preemptive halt, cache_misses = 97348
preemptive halt, cache_misses = 97348
preemptive halt, cache_misses = 97348
preemptive halt, cache_misses = 97348
preemptive halt, cache_misses = 97348
preemptive halt, cache_misses = 97348
preemptive halt, cache_misses = 97348
binary search, size 1855  misses 97348  min 1835  max 1875
preemptive halt, cache_misses = 97349
preemptive halt, cache_misses = 97349
preemptive halt, cache_misses = 97349
preemptive halt, cache_misses = 97349
preemptive halt, cache_misses = 97349
preemptive halt, cache_misses = 97349
preemptive halt, cache_misses = 97349
preemptive halt, cache_misses = 97349
preemptive halt, cache_misses = 97349
preemptive halt, cache_misses = 97349
preemptive halt, cache_misses = 97349
preemptive halt, cache_misses = 97349
preemptive halt, cache_misses = 97349
preemptive halt, cache_misses = 97349
preemptive halt, cache_misses = 97349
preemptive halt, cache_misses = 97349
binary search, size 1865  misses 97349  min 1855  max 1875
preemptive halt, cache_misses = 97350
preemptive halt, cache_misses = 97350
preemptive halt, cache_misses = 97350
preemptive halt, cache_misses = 97350
preemptive halt, cache_misses = 97350
preemptive halt, cache_misses = 97350
preemptive halt, cache_misses = 97350
preemptive halt, cache_misses = 97350
preemptive halt, cache_misses = 97350
preemptive halt, cache_misses = 97350
preemptive halt, cache_misses = 97350
preemptive halt, cache_misses = 97350
preemptive halt, cache_misses = 97350
preemptive halt, cache_misses = 97350
preemptive halt, cache_misses = 97350
preemptive halt, cache_misses = 97350
preemptive halt, cache_misses = 97350
preemptive halt, cache_misses = 97350
binary search, size 1870  misses 97350  min 1865  max 1875
preemptive halt, cache_misses = 97351
preemptive halt, cache_misses = 97351
preemptive halt, cache_misses = 97351
preemptive halt, cache_misses = 97351
preemptive halt, cache_misses = 97351
preemptive halt, cache_misses = 97351
preemptive halt, cache_misses = 97351
preemptive halt, cache_misses = 97351
preemptive halt, cache_misses = 97351
preemptive halt, cache_misses = 97351
preemptive halt, cache_misses = 97351
preemptive halt, cache_misses = 97351
preemptive halt, cache_misses = 97351
preemptive halt, cache_misses = 97351
preemptive halt, cache_misses = 97351
preemptive halt, cache_misses = 97351
preemptive halt, cache_misses = 97351
preemptive halt, cache_misses = 97351
preemptive halt, cache_misses = 97351
preemptive halt, cache_misses = 97351
binary search, size 1872  misses 97351  min 1870  max 1875
preemptive halt, cache_misses = 97352
preemptive halt, cache_misses = 97352
preemptive halt, cache_misses = 97352
preemptive halt, cache_misses = 97352
preemptive halt, cache_misses = 97352
preemptive halt, cache_misses = 97352
preemptive halt, cache_misses = 97352
preemptive halt, cache_misses = 97352
preemptive halt, cache_misses = 97352
preemptive halt, cache_misses = 97352
preemptive halt, cache_misses = 97352
preemptive halt, cache_misses = 97352
preemptive halt, cache_misses = 97352
preemptive halt, cache_misses = 97352
preemptive halt, cache_misses = 97352
preemptive halt, cache_misses = 97352
preemptive halt, cache_misses = 97352
preemptive halt, cache_misses = 97352
preemptive halt, cache_misses = 97352
preemptive halt, cache_misses = 97352
preemptive halt, cache_misses = 97352
preemptive halt, cache_misses = 97352
binary search, size 1873  misses 97352  min 1872  max 1875
binary search, size 1874  misses 97343  min 1873  max 1875
characteristic cache size (binary search) for 311 = 1874
End at: 2021-04-02 01:34:17.467320
Time elapsed: 0:00:01.756675
