Begin at: 2021-04-02 01:36:08.096614
['../dist/Debug/GNU-Linux/memo_batch_tester', '', '--mbt_execution_trace_fname', 'olcs4_traceback_csize_input_types/OLCS4_lru_2021_04_02__01_30_39_k_3__d_2_cache_size_160000_problems_10_to_400/OLCS4_lru_2021_04_02__01_30_39_k_3__d_2_cache_size_160000_problems_10_to_400/OLCS4__do_traceback_prob_size_365_cache_size_160000_lru_k_3_d_2_execution_trace_2021_4_2_1_36_8_pid_6777.log', '--mbt_cache_misses_fname', 'olcs4_traceback_csize_input_types/OLCS4_lru_2021_04_02__01_30_39_k_3__d_2_cache_size_160000_problems_10_to_400/lcs_cost_OLCS4_lru_misses_for_cache_size.csv', '--mbt_misses_for_problem_size_fname', 'olcs4_traceback_csize_input_types/OLCS4_lru_2021_04_02__01_30_39_k_3__d_2_cache_size_160000_problems_10_to_400/lcs_cost_OLCS4_lru_misses_for_problem_size.csv', '--mbt_exact_cutoff_min_cache_size', '160000', '--mbt_exact_cutoff_max_cache_size', '160000', '--mbt_problem_type', 'lcs', '--mbt_metric_type', 'csize_binary_search', '--mbt_cutoff_ratio', '2.2', '--mbt_instance_fname', '365', '--mbt_detailed_cache_misses_out_fname', 'csize_olcs4_traceback_0011nc_nc1100_0_2.csv', '--mbt_phi_N', '5.0', '--mbt_problem_size', '365', '--lcs_compute_length', '0', '--lcs_perform_traceback', '1', '--lig_instance_type', '0011nc_nc1100', '--lig_n', '365', '--lig_c', '0.2', '--lig_b', '3.0', '--lcs_oblivious', '4', '--lcs_execution_trace_fname', 'olcs4_traceback_csize_input_types/OLCS4_lru_2021_04_02__01_30_39_k_3__d_2_cache_size_160000_problems_10_to_400/OLCS4_lru_2021_04_02__01_30_39_k_3__d_2_cache_size_160000_problems_10_to_400/OLCS4__do_traceback_prob_size_365_cache_size_160000_lru_k_3_d_2_execution_trace_2021_4_2_1_36_8_pid_6777.log', '--memo_caching_strategy', 'lru', '--memo_cache_size', '160001', '--memo_lru_queue_size', '160000', '--memo_cuckoo_k', '4', '--memo_key_length', '8', '--memo_value_length', '8', '--memo_k_timestamps', '3', '--memo_d_recent_timestamps', '2', '--memo_a_items_per_timestamp_factor', '0.4375']

csize_binary_search chosen
lcs problem_type lcs cache_size 160001
initialize_long_int_cache begin
init_memo
arguments to memo:
 --mbt_execution_trace_fname olcs4_traceback_csize_input_types/OLCS4_lru_2021_04_02__01_30_39_k_3__d_2_cache_size_160000_problems_10_to_400/OLCS4_lru_2021_04_02__01_30_39_k_3__d_2_cache_size_160000_problems_10_to_400/OLCS4__do_traceback_prob_size_365_cache_size_160000_lru_k_3_d_2_execution_trace_2021_4_2_1_36_8_pid_6777.log --mbt_cache_misses_fname olcs4_traceback_csize_input_types/OLCS4_lru_2021_04_02__01_30_39_k_3__d_2_cache_size_160000_problems_10_to_400/lcs_cost_OLCS4_lru_misses_for_cache_size.csv --mbt_misses_for_problem_size_fname olcs4_traceback_csize_input_types/OLCS4_lru_2021_04_02__01_30_39_k_3__d_2_cache_size_160000_problems_10_to_400/lcs_cost_OLCS4_lru_misses_for_problem_size.csv --mbt_exact_cutoff_min_cache_size 160000 --mbt_exact_cutoff_max_cache_size 160000 --mbt_problem_type lcs --mbt_metric_type csize_binary_search --mbt_cutoff_ratio 2.2 --mbt_instance_fname 365 --mbt_detailed_cache_misses_out_fname csize_olcs4_traceback_0011nc_nc1100_0_2.csv --mbt_phi_N 5.0 --mbt_problem_size 365 --lcs_compute_length 0 --lcs_perform_traceback 1 --lig_instance_type 0011nc_nc1100 --lig_n 365 --lig_c 0.2 --lig_b 3.0 --lcs_oblivious 4 --lcs_execution_trace_fname olcs4_traceback_csize_input_types/OLCS4_lru_2021_04_02__01_30_39_k_3__d_2_cache_size_160000_problems_10_to_400/OLCS4_lru_2021_04_02__01_30_39_k_3__d_2_cache_size_160000_problems_10_to_400/OLCS4__do_traceback_prob_size_365_cache_size_160000_lru_k_3_d_2_execution_trace_2021_4_2_1_36_8_pid_6777.log --memo_caching_strategy lru --memo_cache_size 160001 --memo_lru_queue_size 160000 --memo_cuckoo_k 4 --memo_key_length 8 --memo_value_length 8 --memo_k_timestamps 3 --memo_d_recent_timestamps 2 --memo_a_items_per_timestamp_factor 0.4375 
calculate_table_size: table_size is 262144, original is 160001
Finished initializing cache
initialize_long_int_cache end
done initializing cache
initializing problem
done initializing problem
commence trials
Starting characteristic_cache_size_binary_search with max cache size 160001
binary search, size 160001  misses 133955
binary search, size 80000  misses 133955  min 0  max 160001
binary search, size 40000  misses 133955  min 0  max 80000
binary search, size 20000  misses 133955  min 0  max 40000
binary search, size 10000  misses 133955  min 0  max 20000
binary search, size 5000  misses 133955  min 0  max 10000
binary search, size 2500  misses 133955  min 0  max 5000
preemptive halt, cache_misses = 133956
preemptive halt, cache_misses = 133956
preemptive halt, cache_misses = 133956
preemptive halt, cache_misses = 133956
preemptive halt, cache_misses = 133956
preemptive halt, cache_misses = 133956
binary search, size 1250  misses 133956  min 0  max 2500
preemptive halt, cache_misses = 133957
preemptive halt, cache_misses = 133957
preemptive halt, cache_misses = 133957
preemptive halt, cache_misses = 133957
preemptive halt, cache_misses = 133957
preemptive halt, cache_misses = 133957
preemptive halt, cache_misses = 133957
preemptive halt, cache_misses = 133957
binary search, size 1875  misses 133957  min 1250  max 2500
preemptive halt, cache_misses = 133958
preemptive halt, cache_misses = 133958
preemptive halt, cache_misses = 133958
preemptive halt, cache_misses = 133958
preemptive halt, cache_misses = 133958
preemptive halt, cache_misses = 133958
preemptive halt, cache_misses = 133958
preemptive halt, cache_misses = 133958
preemptive halt, cache_misses = 133958
preemptive halt, cache_misses = 133958
binary search, size 2187  misses 133958  min 1875  max 2500
binary search, size 2343  misses 133955  min 2187  max 2500
binary search, size 2265  misses 133955  min 2187  max 2343
binary search, size 2226  misses 133955  min 2187  max 2265
binary search, size 2206  misses 133955  min 2187  max 2226
preemptive halt, cache_misses = 133956
preemptive halt, cache_misses = 133956
preemptive halt, cache_misses = 133956
preemptive halt, cache_misses = 133956
preemptive halt, cache_misses = 133956
preemptive halt, cache_misses = 133956
binary search, size 2196  misses 133956  min 2187  max 2206
binary search, size 2201  misses 133955  min 2196  max 2206
binary search, size 2198  misses 133955  min 2196  max 2201
preemptive halt, cache_misses = 133956
preemptive halt, cache_misses = 133956
preemptive halt, cache_misses = 133956
preemptive halt, cache_misses = 133956
preemptive halt, cache_misses = 133956
preemptive halt, cache_misses = 133956
binary search, size 2197  misses 133956  min 2196  max 2198
characteristic cache size (binary search) for 365 = 2198
End at: 2021-04-02 01:36:10.369317
Time elapsed: 0:00:02.272720
