Begin at: 2021-04-02 15:46:18.333388
['../dist/Debug/GNU-Linux/memo_batch_tester', '', '--mbt_execution_trace_fname', 'olcs4_traceback_csize_input_types/OLCS4_lru_2021_04_02__15_44_32_k_3__d_2_cache_size_160000_problems_10_to_400/OLCS4_lru_2021_04_02__15_44_32_k_3__d_2_cache_size_160000_problems_10_to_400/OLCS4__do_traceback_prob_size_246_cache_size_160000_lru_k_3_d_2_execution_trace_2021_4_2_15_46_18_pid_19182.log', '--mbt_cache_misses_fname', 'olcs4_traceback_csize_input_types/OLCS4_lru_2021_04_02__15_44_32_k_3__d_2_cache_size_160000_problems_10_to_400/lcs_cost_OLCS4_lru_misses_for_cache_size.csv', '--mbt_misses_for_problem_size_fname', 'olcs4_traceback_csize_input_types/OLCS4_lru_2021_04_02__15_44_32_k_3__d_2_cache_size_160000_problems_10_to_400/lcs_cost_OLCS4_lru_misses_for_problem_size.csv', '--mbt_exact_cutoff_min_cache_size', '160000', '--mbt_exact_cutoff_max_cache_size', '160000', '--mbt_problem_type', 'lcs', '--mbt_metric_type', 'csize_binary_search', '--mbt_cutoff_ratio', '2.2', '--mbt_instance_fname', '246', '--mbt_detailed_cache_misses_out_fname', 'csize_olcs4_traceback_0011n_ceil_n_b_4.csv', '--mbt_phi_N', '5.0', '--mbt_problem_size', '246', '--lcs_compute_length', '0', '--lcs_perform_traceback', '1', '--lig_instance_type', '0011n_ceil_n_b', '--lig_n', '246', '--lig_c', '0.9', '--lig_b', '4.0', '--lcs_oblivious', '4', '--lcs_execution_trace_fname', 'olcs4_traceback_csize_input_types/OLCS4_lru_2021_04_02__15_44_32_k_3__d_2_cache_size_160000_problems_10_to_400/OLCS4_lru_2021_04_02__15_44_32_k_3__d_2_cache_size_160000_problems_10_to_400/OLCS4__do_traceback_prob_size_246_cache_size_160000_lru_k_3_d_2_execution_trace_2021_4_2_15_46_18_pid_19182.log', '--memo_caching_strategy', 'lru', '--memo_cache_size', '160001', '--memo_lru_queue_size', '160000', '--memo_cuckoo_k', '4', '--memo_key_length', '8', '--memo_value_length', '8', '--memo_k_timestamps', '3', '--memo_d_recent_timestamps', '2', '--memo_a_items_per_timestamp_factor', '0.4375']

csize_binary_search chosen
lcs problem_type lcs cache_size 160001
initialize_long_int_cache begin
init_memo
arguments to memo:
 --mbt_execution_trace_fname olcs4_traceback_csize_input_types/OLCS4_lru_2021_04_02__15_44_32_k_3__d_2_cache_size_160000_problems_10_to_400/OLCS4_lru_2021_04_02__15_44_32_k_3__d_2_cache_size_160000_problems_10_to_400/OLCS4__do_traceback_prob_size_246_cache_size_160000_lru_k_3_d_2_execution_trace_2021_4_2_15_46_18_pid_19182.log --mbt_cache_misses_fname olcs4_traceback_csize_input_types/OLCS4_lru_2021_04_02__15_44_32_k_3__d_2_cache_size_160000_problems_10_to_400/lcs_cost_OLCS4_lru_misses_for_cache_size.csv --mbt_misses_for_problem_size_fname olcs4_traceback_csize_input_types/OLCS4_lru_2021_04_02__15_44_32_k_3__d_2_cache_size_160000_problems_10_to_400/lcs_cost_OLCS4_lru_misses_for_problem_size.csv --mbt_exact_cutoff_min_cache_size 160000 --mbt_exact_cutoff_max_cache_size 160000 --mbt_problem_type lcs --mbt_metric_type csize_binary_search --mbt_cutoff_ratio 2.2 --mbt_instance_fname 246 --mbt_detailed_cache_misses_out_fname csize_olcs4_traceback_0011n_ceil_n_b_4.csv --mbt_phi_N 5.0 --mbt_problem_size 246 --lcs_compute_length 0 --lcs_perform_traceback 1 --lig_instance_type 0011n_ceil_n_b --lig_n 246 --lig_c 0.9 --lig_b 4.0 --lcs_oblivious 4 --lcs_execution_trace_fname olcs4_traceback_csize_input_types/OLCS4_lru_2021_04_02__15_44_32_k_3__d_2_cache_size_160000_problems_10_to_400/OLCS4_lru_2021_04_02__15_44_32_k_3__d_2_cache_size_160000_problems_10_to_400/OLCS4__do_traceback_prob_size_246_cache_size_160000_lru_k_3_d_2_execution_trace_2021_4_2_15_46_18_pid_19182.log --memo_caching_strategy lru --memo_cache_size 160001 --memo_lru_queue_size 160000 --memo_cuckoo_k 4 --memo_key_length 8 --memo_value_length 8 --memo_k_timestamps 3 --memo_d_recent_timestamps 2 --memo_a_items_per_timestamp_factor 0.4375 
calculate_table_size: table_size is 262144, original is 160001
Finished initializing cache
initialize_long_int_cache end
done initializing cache
initializing problem
done initializing problem
commence trials
Starting characteristic_cache_size_binary_search with max cache size 160001
binary search, size 160001  misses 61008
binary search, size 80000  misses 61008  min 0  max 160001
binary search, size 40000  misses 61008  min 0  max 80000
preemptive halt, cache_misses = 61009
preemptive halt, cache_misses = 61009
preemptive halt, cache_misses = 61009
preemptive halt, cache_misses = 61009
preemptive halt, cache_misses = 61009
preemptive halt, cache_misses = 61009
preemptive halt, cache_misses = 61009
preemptive halt, cache_misses = 61009
preemptive halt, cache_misses = 61009
preemptive halt, cache_misses = 61009
preemptive halt, cache_misses = 61009
preemptive halt, cache_misses = 61009
preemptive halt, cache_misses = 61009
preemptive halt, cache_misses = 61009
preemptive halt, cache_misses = 61009
preemptive halt, cache_misses = 61009
preemptive halt, cache_misses = 61009
preemptive halt, cache_misses = 61009
preemptive halt, cache_misses = 61009
preemptive halt, cache_misses = 61009
preemptive halt, cache_misses = 61009
preemptive halt, cache_misses = 61009
preemptive halt, cache_misses = 61009
preemptive halt, cache_misses = 61009
preemptive halt, cache_misses = 61009
preemptive halt, cache_misses = 61009
preemptive halt, cache_misses = 61009
preemptive halt, cache_misses = 61009
preemptive halt, cache_misses = 61009
preemptive halt, cache_misses = 61009
preemptive halt, cache_misses = 61009
preemptive halt, cache_misses = 61009
preemptive halt, cache_misses = 61009
preemptive halt, cache_misses = 61009
preemptive halt, cache_misses = 61009
preemptive halt, cache_misses = 61009
preemptive halt, cache_misses = 61009
preemptive halt, cache_misses = 61009
preemptive halt, cache_misses = 61009
preemptive halt, cache_misses = 61009
preemptive halt, cache_misses = 61009
preemptive halt, cache_misses = 61009
preemptive halt, cache_misses = 61009
preemptive halt, cache_misses = 61009
preemptive halt, cache_misses = 61009
preemptive halt, cache_misses = 61009
preemptive halt, cache_misses = 61009
preemptive halt, cache_misses = 61009
preemptive halt, cache_misses = 61009
preemptive halt, cache_misses = 61009
preemptive halt, cache_misses = 61009
preemptive halt, cache_misses = 61009
preemptive halt, cache_misses = 61009
preemptive halt, cache_misses = 61009
preemptive halt, cache_misses = 61009
preemptive halt, cache_misses = 61009
preemptive halt, cache_misses = 61009
preemptive halt, cache_misses = 61009
preemptive halt, cache_misses = 61009
preemptive halt, cache_misses = 61009
preemptive halt, cache_misses = 61009
preemptive halt, cache_misses = 61009
preemptive halt, cache_misses = 61009
preemptive halt, cache_misses = 61009
preemptive halt, cache_misses = 61009
preemptive halt, cache_misses = 61009
preemptive halt, cache_misses = 61009
preemptive halt, cache_misses = 61009
preemptive halt, cache_misses = 61009
preemptive halt, cache_misses = 61009
preemptive halt, cache_misses = 61009
preemptive halt, cache_misses = 61009
preemptive halt, cache_misses = 61009
preemptive halt, cache_misses = 61009
preemptive halt, cache_misses = 61009
preemptive halt, cache_misses = 61009
preemptive halt, cache_misses = 61009
preemptive halt, cache_misses = 61009
preemptive halt, cache_misses = 61009
preemptive halt, cache_misses = 61009
preemptive halt, cache_misses = 61009
preemptive halt, cache_misses = 61009
preemptive halt, cache_misses = 61009
preemptive halt, cache_misses = 61009
preemptive halt, cache_misses = 61009
preemptive halt, cache_misses = 61009
preemptive halt, cache_misses = 61009
preemptive halt, cache_misses = 61009
preemptive halt, cache_misses = 61009
preemptive halt, cache_misses = 61009
preemptive halt, cache_misses = 61009
preemptive halt, cache_misses = 61009
preemptive halt, cache_misses = 61009
preemptive halt, cache_misses = 61009
preemptive halt, cache_misses = 61009
preemptive halt, cache_misses = 61009
preemptive halt, cache_misses = 61009
preemptive halt, cache_misses = 61009
preemptive halt, cache_misses = 61009
preemptive halt, cache_misses = 61009
preemptive halt, cache_misses = 61009
preemptive halt, cache_misses = 61009
preemptive halt, cache_misses = 61009
preemptive halt, cache_misses = 61009
preemptive halt, cache_misses = 61009
preemptive halt, cache_misses = 61009
preemptive halt, cache_misses = 61009
preemptive halt, cache_misses = 61009
preemptive halt, cache_misses = 61009
preemptive halt, cache_misses = 61009
preemptive halt, cache_misses = 61009
preemptive halt, cache_misses = 61009
preemptive halt, cache_misses = 61009
preemptive halt, cache_misses = 61009
preemptive halt, cache_misses = 61009
preemptive halt, cache_misses = 61009
preemptive halt, cache_misses = 61009
preemptive halt, cache_misses = 61009
preemptive halt, cache_misses = 61009
preemptive halt, cache_misses = 61009
preemptive halt, cache_misses = 61009
preemptive halt, cache_misses = 61009
binary search, size 20000  misses 61009  min 0  max 40000
preemptive halt, cache_misses = 61010
preemptive halt, cache_misses = 61010
preemptive halt, cache_misses = 61010
preemptive halt, cache_misses = 61010
preemptive halt, cache_misses = 61010
preemptive halt, cache_misses = 61010
preemptive halt, cache_misses = 61010
preemptive halt, cache_misses = 61010
preemptive halt, cache_misses = 61010
preemptive halt, cache_misses = 61010
preemptive halt, cache_misses = 61010
preemptive halt, cache_misses = 61010
preemptive halt, cache_misses = 61010
preemptive halt, cache_misses = 61010
preemptive halt, cache_misses = 61010
preemptive halt, cache_misses = 61010
preemptive halt, cache_misses = 61010
preemptive halt, cache_misses = 61010
preemptive halt, cache_misses = 61010
preemptive halt, cache_misses = 61010
preemptive halt, cache_misses = 61010
preemptive halt, cache_misses = 61010
preemptive halt, cache_misses = 61010
preemptive halt, cache_misses = 61010
preemptive halt, cache_misses = 61010
preemptive halt, cache_misses = 61010
preemptive halt, cache_misses = 61010
preemptive halt, cache_misses = 61010
preemptive halt, cache_misses = 61010
preemptive halt, cache_misses = 61010
preemptive halt, cache_misses = 61010
preemptive halt, cache_misses = 61010
preemptive halt, cache_misses = 61010
preemptive halt, cache_misses = 61010
preemptive halt, cache_misses = 61010
preemptive halt, cache_misses = 61010
preemptive halt, cache_misses = 61010
preemptive halt, cache_misses = 61010
preemptive halt, cache_misses = 61010
preemptive halt, cache_misses = 61010
preemptive halt, cache_misses = 61010
preemptive halt, cache_misses = 61010
preemptive halt, cache_misses = 61010
preemptive halt, cache_misses = 61010
preemptive halt, cache_misses = 61010
preemptive halt, cache_misses = 61010
preemptive halt, cache_misses = 61010
preemptive halt, cache_misses = 61010
preemptive halt, cache_misses = 61010
preemptive halt, cache_misses = 61010
preemptive halt, cache_misses = 61010
preemptive halt, cache_misses = 61010
preemptive halt, cache_misses = 61010
preemptive halt, cache_misses = 61010
preemptive halt, cache_misses = 61010
preemptive halt, cache_misses = 61010
preemptive halt, cache_misses = 61010
preemptive halt, cache_misses = 61010
preemptive halt, cache_misses = 61010
preemptive halt, cache_misses = 61010
preemptive halt, cache_misses = 61010
preemptive halt, cache_misses = 61010
preemptive halt, cache_misses = 61010
preemptive halt, cache_misses = 61010
preemptive halt, cache_misses = 61010
preemptive halt, cache_misses = 61010
preemptive halt, cache_misses = 61010
preemptive halt, cache_misses = 61010
preemptive halt, cache_misses = 61010
preemptive halt, cache_misses = 61010
preemptive halt, cache_misses = 61010
preemptive halt, cache_misses = 61010
preemptive halt, cache_misses = 61010
preemptive halt, cache_misses = 61010
preemptive halt, cache_misses = 61010
preemptive halt, cache_misses = 61010
preemptive halt, cache_misses = 61010
preemptive halt, cache_misses = 61010
preemptive halt, cache_misses = 61010
preemptive halt, cache_misses = 61010
preemptive halt, cache_misses = 61010
preemptive halt, cache_misses = 61010
preemptive halt, cache_misses = 61010
preemptive halt, cache_misses = 61010
preemptive halt, cache_misses = 61010
preemptive halt, cache_misses = 61010
preemptive halt, cache_misses = 61010
preemptive halt, cache_misses = 61010
preemptive halt, cache_misses = 61010
preemptive halt, cache_misses = 61010
preemptive halt, cache_misses = 61010
preemptive halt, cache_misses = 61010
preemptive halt, cache_misses = 61010
preemptive halt, cache_misses = 61010
preemptive halt, cache_misses = 61010
preemptive halt, cache_misses = 61010
preemptive halt, cache_misses = 61010
preemptive halt, cache_misses = 61010
preemptive halt, cache_misses = 61010
preemptive halt, cache_misses = 61010
preemptive halt, cache_misses = 61010
preemptive halt, cache_misses = 61010
preemptive halt, cache_misses = 61010
preemptive halt, cache_misses = 61010
preemptive halt, cache_misses = 61010
preemptive halt, cache_misses = 61010
preemptive halt, cache_misses = 61010
preemptive halt, cache_misses = 61010
preemptive halt, cache_misses = 61010
preemptive halt, cache_misses = 61010
preemptive halt, cache_misses = 61010
preemptive halt, cache_misses = 61010
preemptive halt, cache_misses = 61010
preemptive halt, cache_misses = 61010
preemptive halt, cache_misses = 61010
preemptive halt, cache_misses = 61010
preemptive halt, cache_misses = 61010
preemptive halt, cache_misses = 61010
preemptive halt, cache_misses = 61010
preemptive halt, cache_misses = 61010
preemptive halt, cache_misses = 61010
preemptive halt, cache_misses = 61010
preemptive halt, cache_misses = 61010
preemptive halt, cache_misses = 61010
binary search, size 30000  misses 61010  min 20000  max 40000
binary search, size 35000  misses 61008  min 30000  max 40000
binary search, size 32500  misses 61008  min 30000  max 35000
binary search, size 31250  misses 61008  min 30000  max 32500
binary search, size 30625  misses 61008  min 30000  max 31250
preemptive halt, cache_misses = 61009
preemptive halt, cache_misses = 61009
preemptive halt, cache_misses = 61009
preemptive halt, cache_misses = 61009
preemptive halt, cache_misses = 61009
preemptive halt, cache_misses = 61009
preemptive halt, cache_misses = 61009
preemptive halt, cache_misses = 61009
preemptive halt, cache_misses = 61009
preemptive halt, cache_misses = 61009
preemptive halt, cache_misses = 61009
preemptive halt, cache_misses = 61009
preemptive halt, cache_misses = 61009
preemptive halt, cache_misses = 61009
preemptive halt, cache_misses = 61009
preemptive halt, cache_misses = 61009
preemptive halt, cache_misses = 61009
preemptive halt, cache_misses = 61009
preemptive halt, cache_misses = 61009
preemptive halt, cache_misses = 61009
preemptive halt, cache_misses = 61009
preemptive halt, cache_misses = 61009
preemptive halt, cache_misses = 61009
preemptive halt, cache_misses = 61009
preemptive halt, cache_misses = 61009
preemptive halt, cache_misses = 61009
preemptive halt, cache_misses = 61009
preemptive halt, cache_misses = 61009
preemptive halt, cache_misses = 61009
preemptive halt, cache_misses = 61009
preemptive halt, cache_misses = 61009
preemptive halt, cache_misses = 61009
preemptive halt, cache_misses = 61009
preemptive halt, cache_misses = 61009
preemptive halt, cache_misses = 61009
preemptive halt, cache_misses = 61009
preemptive halt, cache_misses = 61009
preemptive halt, cache_misses = 61009
preemptive halt, cache_misses = 61009
preemptive halt, cache_misses = 61009
preemptive halt, cache_misses = 61009
preemptive halt, cache_misses = 61009
preemptive halt, cache_misses = 61009
preemptive halt, cache_misses = 61009
preemptive halt, cache_misses = 61009
preemptive halt, cache_misses = 61009
preemptive halt, cache_misses = 61009
preemptive halt, cache_misses = 61009
preemptive halt, cache_misses = 61009
preemptive halt, cache_misses = 61009
preemptive halt, cache_misses = 61009
preemptive halt, cache_misses = 61009
preemptive halt, cache_misses = 61009
preemptive halt, cache_misses = 61009
preemptive halt, cache_misses = 61009
preemptive halt, cache_misses = 61009
preemptive halt, cache_misses = 61009
preemptive halt, cache_misses = 61009
preemptive halt, cache_misses = 61009
preemptive halt, cache_misses = 61009
preemptive halt, cache_misses = 61009
preemptive halt, cache_misses = 61009
preemptive halt, cache_misses = 61009
preemptive halt, cache_misses = 61009
preemptive halt, cache_misses = 61009
preemptive halt, cache_misses = 61009
preemptive halt, cache_misses = 61009
preemptive halt, cache_misses = 61009
preemptive halt, cache_misses = 61009
preemptive halt, cache_misses = 61009
preemptive halt, cache_misses = 61009
preemptive halt, cache_misses = 61009
preemptive halt, cache_misses = 61009
preemptive halt, cache_misses = 61009
preemptive halt, cache_misses = 61009
preemptive halt, cache_misses = 61009
preemptive halt, cache_misses = 61009
preemptive halt, cache_misses = 61009
preemptive halt, cache_misses = 61009
preemptive halt, cache_misses = 61009
preemptive halt, cache_misses = 61009
preemptive halt, cache_misses = 61009
preemptive halt, cache_misses = 61009
preemptive halt, cache_misses = 61009
preemptive halt, cache_misses = 61009
preemptive halt, cache_misses = 61009
preemptive halt, cache_misses = 61009
preemptive halt, cache_misses = 61009
preemptive halt, cache_misses = 61009
preemptive halt, cache_misses = 61009
preemptive halt, cache_misses = 61009
preemptive halt, cache_misses = 61009
preemptive halt, cache_misses = 61009
preemptive halt, cache_misses = 61009
preemptive halt, cache_misses = 61009
preemptive halt, cache_misses = 61009
preemptive halt, cache_misses = 61009
preemptive halt, cache_misses = 61009
preemptive halt, cache_misses = 61009
preemptive halt, cache_misses = 61009
preemptive halt, cache_misses = 61009
preemptive halt, cache_misses = 61009
preemptive halt, cache_misses = 61009
preemptive halt, cache_misses = 61009
preemptive halt, cache_misses = 61009
preemptive halt, cache_misses = 61009
preemptive halt, cache_misses = 61009
preemptive halt, cache_misses = 61009
preemptive halt, cache_misses = 61009
preemptive halt, cache_misses = 61009
preemptive halt, cache_misses = 61009
preemptive halt, cache_misses = 61009
preemptive halt, cache_misses = 61009
preemptive halt, cache_misses = 61009
preemptive halt, cache_misses = 61009
preemptive halt, cache_misses = 61009
preemptive halt, cache_misses = 61009
preemptive halt, cache_misses = 61009
preemptive halt, cache_misses = 61009
preemptive halt, cache_misses = 61009
preemptive halt, cache_misses = 61009
preemptive halt, cache_misses = 61009
binary search, size 30312  misses 61009  min 30000  max 30625
binary search, size 30468  misses 61008  min 30312  max 30625
preemptive halt, cache_misses = 61009
preemptive halt, cache_misses = 61009
preemptive halt, cache_misses = 61009
preemptive halt, cache_misses = 61009
preemptive halt, cache_misses = 61009
preemptive halt, cache_misses = 61009
preemptive halt, cache_misses = 61009
preemptive halt, cache_misses = 61009
preemptive halt, cache_misses = 61009
preemptive halt, cache_misses = 61009
preemptive halt, cache_misses = 61009
preemptive halt, cache_misses = 61009
preemptive halt, cache_misses = 61009
preemptive halt, cache_misses = 61009
preemptive halt, cache_misses = 61009
preemptive halt, cache_misses = 61009
preemptive halt, cache_misses = 61009
preemptive halt, cache_misses = 61009
preemptive halt, cache_misses = 61009
preemptive halt, cache_misses = 61009
preemptive halt, cache_misses = 61009
preemptive halt, cache_misses = 61009
preemptive halt, cache_misses = 61009
preemptive halt, cache_misses = 61009
preemptive halt, cache_misses = 61009
preemptive halt, cache_misses = 61009
preemptive halt, cache_misses = 61009
preemptive halt, cache_misses = 61009
preemptive halt, cache_misses = 61009
preemptive halt, cache_misses = 61009
preemptive halt, cache_misses = 61009
preemptive halt, cache_misses = 61009
preemptive halt, cache_misses = 61009
preemptive halt, cache_misses = 61009
preemptive halt, cache_misses = 61009
preemptive halt, cache_misses = 61009
preemptive halt, cache_misses = 61009
preemptive halt, cache_misses = 61009
preemptive halt, cache_misses = 61009
preemptive halt, cache_misses = 61009
preemptive halt, cache_misses = 61009
preemptive halt, cache_misses = 61009
preemptive halt, cache_misses = 61009
preemptive halt, cache_misses = 61009
preemptive halt, cache_misses = 61009
preemptive halt, cache_misses = 61009
preemptive halt, cache_misses = 61009
preemptive halt, cache_misses = 61009
preemptive halt, cache_misses = 61009
preemptive halt, cache_misses = 61009
preemptive halt, cache_misses = 61009
preemptive halt, cache_misses = 61009
preemptive halt, cache_misses = 61009
preemptive halt, cache_misses = 61009
preemptive halt, cache_misses = 61009
preemptive halt, cache_misses = 61009
preemptive halt, cache_misses = 61009
preemptive halt, cache_misses = 61009
preemptive halt, cache_misses = 61009
preemptive halt, cache_misses = 61009
preemptive halt, cache_misses = 61009
preemptive halt, cache_misses = 61009
preemptive halt, cache_misses = 61009
preemptive halt, cache_misses = 61009
preemptive halt, cache_misses = 61009
preemptive halt, cache_misses = 61009
preemptive halt, cache_misses = 61009
preemptive halt, cache_misses = 61009
preemptive halt, cache_misses = 61009
preemptive halt, cache_misses = 61009
preemptive halt, cache_misses = 61009
preemptive halt, cache_misses = 61009
preemptive halt, cache_misses = 61009
preemptive halt, cache_misses = 61009
preemptive halt, cache_misses = 61009
preemptive halt, cache_misses = 61009
preemptive halt, cache_misses = 61009
preemptive halt, cache_misses = 61009
preemptive halt, cache_misses = 61009
preemptive halt, cache_misses = 61009
preemptive halt, cache_misses = 61009
preemptive halt, cache_misses = 61009
preemptive halt, cache_misses = 61009
preemptive halt, cache_misses = 61009
preemptive halt, cache_misses = 61009
preemptive halt, cache_misses = 61009
preemptive halt, cache_misses = 61009
preemptive halt, cache_misses = 61009
preemptive halt, cache_misses = 61009
preemptive halt, cache_misses = 61009
preemptive halt, cache_misses = 61009
preemptive halt, cache_misses = 61009
preemptive halt, cache_misses = 61009
preemptive halt, cache_misses = 61009
preemptive halt, cache_misses = 61009
preemptive halt, cache_misses = 61009
preemptive halt, cache_misses = 61009
preemptive halt, cache_misses = 61009
preemptive halt, cache_misses = 61009
preemptive halt, cache_misses = 61009
preemptive halt, cache_misses = 61009
preemptive halt, cache_misses = 61009
preemptive halt, cache_misses = 61009
preemptive halt, cache_misses = 61009
preemptive halt, cache_misses = 61009
preemptive halt, cache_misses = 61009
preemptive halt, cache_misses = 61009
preemptive halt, cache_misses = 61009
preemptive halt, cache_misses = 61009
preemptive halt, cache_misses = 61009
preemptive halt, cache_misses = 61009
preemptive halt, cache_misses = 61009
preemptive halt, cache_misses = 61009
preemptive halt, cache_misses = 61009
preemptive halt, cache_misses = 61009
preemptive halt, cache_misses = 61009
preemptive halt, cache_misses = 61009
preemptive halt, cache_misses = 61009
preemptive halt, cache_misses = 61009
preemptive halt, cache_misses = 61009
preemptive halt, cache_misses = 61009
preemptive halt, cache_misses = 61009
binary search, size 30390  misses 61009  min 30312  max 30468
preemptive halt, cache_misses = 61010
preemptive halt, cache_misses = 61010
preemptive halt, cache_misses = 61010
preemptive halt, cache_misses = 61010
preemptive halt, cache_misses = 61010
preemptive halt, cache_misses = 61010
preemptive halt, cache_misses = 61010
preemptive halt, cache_misses = 61010
preemptive halt, cache_misses = 61010
preemptive halt, cache_misses = 61010
preemptive halt, cache_misses = 61010
preemptive halt, cache_misses = 61010
preemptive halt, cache_misses = 61010
preemptive halt, cache_misses = 61010
preemptive halt, cache_misses = 61010
preemptive halt, cache_misses = 61010
preemptive halt, cache_misses = 61010
preemptive halt, cache_misses = 61010
preemptive halt, cache_misses = 61010
preemptive halt, cache_misses = 61010
preemptive halt, cache_misses = 61010
preemptive halt, cache_misses = 61010
preemptive halt, cache_misses = 61010
preemptive halt, cache_misses = 61010
preemptive halt, cache_misses = 61010
preemptive halt, cache_misses = 61010
preemptive halt, cache_misses = 61010
preemptive halt, cache_misses = 61010
preemptive halt, cache_misses = 61010
preemptive halt, cache_misses = 61010
preemptive halt, cache_misses = 61010
preemptive halt, cache_misses = 61010
preemptive halt, cache_misses = 61010
preemptive halt, cache_misses = 61010
preemptive halt, cache_misses = 61010
preemptive halt, cache_misses = 61010
preemptive halt, cache_misses = 61010
preemptive halt, cache_misses = 61010
preemptive halt, cache_misses = 61010
preemptive halt, cache_misses = 61010
preemptive halt, cache_misses = 61010
preemptive halt, cache_misses = 61010
preemptive halt, cache_misses = 61010
preemptive halt, cache_misses = 61010
preemptive halt, cache_misses = 61010
preemptive halt, cache_misses = 61010
preemptive halt, cache_misses = 61010
preemptive halt, cache_misses = 61010
preemptive halt, cache_misses = 61010
preemptive halt, cache_misses = 61010
preemptive halt, cache_misses = 61010
preemptive halt, cache_misses = 61010
preemptive halt, cache_misses = 61010
preemptive halt, cache_misses = 61010
preemptive halt, cache_misses = 61010
preemptive halt, cache_misses = 61010
preemptive halt, cache_misses = 61010
preemptive halt, cache_misses = 61010
preemptive halt, cache_misses = 61010
preemptive halt, cache_misses = 61010
preemptive halt, cache_misses = 61010
preemptive halt, cache_misses = 61010
preemptive halt, cache_misses = 61010
preemptive halt, cache_misses = 61010
preemptive halt, cache_misses = 61010
preemptive halt, cache_misses = 61010
preemptive halt, cache_misses = 61010
preemptive halt, cache_misses = 61010
preemptive halt, cache_misses = 61010
preemptive halt, cache_misses = 61010
preemptive halt, cache_misses = 61010
preemptive halt, cache_misses = 61010
preemptive halt, cache_misses = 61010
preemptive halt, cache_misses = 61010
preemptive halt, cache_misses = 61010
preemptive halt, cache_misses = 61010
preemptive halt, cache_misses = 61010
preemptive halt, cache_misses = 61010
preemptive halt, cache_misses = 61010
preemptive halt, cache_misses = 61010
preemptive halt, cache_misses = 61010
preemptive halt, cache_misses = 61010
preemptive halt, cache_misses = 61010
preemptive halt, cache_misses = 61010
preemptive halt, cache_misses = 61010
preemptive halt, cache_misses = 61010
preemptive halt, cache_misses = 61010
preemptive halt, cache_misses = 61010
preemptive halt, cache_misses = 61010
preemptive halt, cache_misses = 61010
preemptive halt, cache_misses = 61010
preemptive halt, cache_misses = 61010
preemptive halt, cache_misses = 61010
preemptive halt, cache_misses = 61010
preemptive halt, cache_misses = 61010
preemptive halt, cache_misses = 61010
preemptive halt, cache_misses = 61010
preemptive halt, cache_misses = 61010
preemptive halt, cache_misses = 61010
preemptive halt, cache_misses = 61010
preemptive halt, cache_misses = 61010
preemptive halt, cache_misses = 61010
preemptive halt, cache_misses = 61010
preemptive halt, cache_misses = 61010
preemptive halt, cache_misses = 61010
preemptive halt, cache_misses = 61010
preemptive halt, cache_misses = 61010
preemptive halt, cache_misses = 61010
preemptive halt, cache_misses = 61010
preemptive halt, cache_misses = 61010
preemptive halt, cache_misses = 61010
preemptive halt, cache_misses = 61010
preemptive halt, cache_misses = 61010
preemptive halt, cache_misses = 61010
preemptive halt, cache_misses = 61010
preemptive halt, cache_misses = 61010
preemptive halt, cache_misses = 61010
preemptive halt, cache_misses = 61010
preemptive halt, cache_misses = 61010
preemptive halt, cache_misses = 61010
preemptive halt, cache_misses = 61010
preemptive halt, cache_misses = 61010
preemptive halt, cache_misses = 61010
preemptive halt, cache_misses = 61010
binary search, size 30429  misses 61010  min 30390  max 30468
binary search, size 30448  misses 61008  min 30429  max 30468
preemptive halt, cache_misses = 61009
preemptive halt, cache_misses = 61009
preemptive halt, cache_misses = 61009
preemptive halt, cache_misses = 61009
preemptive halt, cache_misses = 61009
preemptive halt, cache_misses = 61009
preemptive halt, cache_misses = 61009
preemptive halt, cache_misses = 61009
preemptive halt, cache_misses = 61009
preemptive halt, cache_misses = 61009
preemptive halt, cache_misses = 61009
preemptive halt, cache_misses = 61009
preemptive halt, cache_misses = 61009
preemptive halt, cache_misses = 61009
preemptive halt, cache_misses = 61009
preemptive halt, cache_misses = 61009
preemptive halt, cache_misses = 61009
preemptive halt, cache_misses = 61009
preemptive halt, cache_misses = 61009
preemptive halt, cache_misses = 61009
preemptive halt, cache_misses = 61009
preemptive halt, cache_misses = 61009
preemptive halt, cache_misses = 61009
preemptive halt, cache_misses = 61009
preemptive halt, cache_misses = 61009
preemptive halt, cache_misses = 61009
preemptive halt, cache_misses = 61009
preemptive halt, cache_misses = 61009
preemptive halt, cache_misses = 61009
preemptive halt, cache_misses = 61009
preemptive halt, cache_misses = 61009
preemptive halt, cache_misses = 61009
preemptive halt, cache_misses = 61009
preemptive halt, cache_misses = 61009
preemptive halt, cache_misses = 61009
preemptive halt, cache_misses = 61009
preemptive halt, cache_misses = 61009
preemptive halt, cache_misses = 61009
preemptive halt, cache_misses = 61009
preemptive halt, cache_misses = 61009
preemptive halt, cache_misses = 61009
preemptive halt, cache_misses = 61009
preemptive halt, cache_misses = 61009
preemptive halt, cache_misses = 61009
preemptive halt, cache_misses = 61009
preemptive halt, cache_misses = 61009
preemptive halt, cache_misses = 61009
preemptive halt, cache_misses = 61009
preemptive halt, cache_misses = 61009
preemptive halt, cache_misses = 61009
preemptive halt, cache_misses = 61009
preemptive halt, cache_misses = 61009
preemptive halt, cache_misses = 61009
preemptive halt, cache_misses = 61009
preemptive halt, cache_misses = 61009
preemptive halt, cache_misses = 61009
preemptive halt, cache_misses = 61009
preemptive halt, cache_misses = 61009
preemptive halt, cache_misses = 61009
preemptive halt, cache_misses = 61009
preemptive halt, cache_misses = 61009
preemptive halt, cache_misses = 61009
preemptive halt, cache_misses = 61009
preemptive halt, cache_misses = 61009
preemptive halt, cache_misses = 61009
preemptive halt, cache_misses = 61009
preemptive halt, cache_misses = 61009
preemptive halt, cache_misses = 61009
preemptive halt, cache_misses = 61009
preemptive halt, cache_misses = 61009
preemptive halt, cache_misses = 61009
preemptive halt, cache_misses = 61009
preemptive halt, cache_misses = 61009
preemptive halt, cache_misses = 61009
preemptive halt, cache_misses = 61009
preemptive halt, cache_misses = 61009
preemptive halt, cache_misses = 61009
preemptive halt, cache_misses = 61009
preemptive halt, cache_misses = 61009
preemptive halt, cache_misses = 61009
preemptive halt, cache_misses = 61009
preemptive halt, cache_misses = 61009
preemptive halt, cache_misses = 61009
preemptive halt, cache_misses = 61009
preemptive halt, cache_misses = 61009
preemptive halt, cache_misses = 61009
preemptive halt, cache_misses = 61009
preemptive halt, cache_misses = 61009
preemptive halt, cache_misses = 61009
preemptive halt, cache_misses = 61009
preemptive halt, cache_misses = 61009
preemptive halt, cache_misses = 61009
preemptive halt, cache_misses = 61009
preemptive halt, cache_misses = 61009
preemptive halt, cache_misses = 61009
preemptive halt, cache_misses = 61009
preemptive halt, cache_misses = 61009
preemptive halt, cache_misses = 61009
preemptive halt, cache_misses = 61009
preemptive halt, cache_misses = 61009
preemptive halt, cache_misses = 61009
preemptive halt, cache_misses = 61009
preemptive halt, cache_misses = 61009
preemptive halt, cache_misses = 61009
preemptive halt, cache_misses = 61009
preemptive halt, cache_misses = 61009
preemptive halt, cache_misses = 61009
preemptive halt, cache_misses = 61009
preemptive halt, cache_misses = 61009
preemptive halt, cache_misses = 61009
preemptive halt, cache_misses = 61009
preemptive halt, cache_misses = 61009
preemptive halt, cache_misses = 61009
preemptive halt, cache_misses = 61009
preemptive halt, cache_misses = 61009
preemptive halt, cache_misses = 61009
preemptive halt, cache_misses = 61009
preemptive halt, cache_misses = 61009
preemptive halt, cache_misses = 61009
preemptive halt, cache_misses = 61009
preemptive halt, cache_misses = 61009
preemptive halt, cache_misses = 61009
binary search, size 30438  misses 61009  min 30429  max 30448
binary search, size 30443  misses 61008  min 30438  max 30448
preemptive halt, cache_misses = 61009
preemptive halt, cache_misses = 61009
preemptive halt, cache_misses = 61009
preemptive halt, cache_misses = 61009
preemptive halt, cache_misses = 61009
preemptive halt, cache_misses = 61009
preemptive halt, cache_misses = 61009
preemptive halt, cache_misses = 61009
preemptive halt, cache_misses = 61009
preemptive halt, cache_misses = 61009
preemptive halt, cache_misses = 61009
preemptive halt, cache_misses = 61009
preemptive halt, cache_misses = 61009
preemptive halt, cache_misses = 61009
preemptive halt, cache_misses = 61009
preemptive halt, cache_misses = 61009
preemptive halt, cache_misses = 61009
preemptive halt, cache_misses = 61009
preemptive halt, cache_misses = 61009
preemptive halt, cache_misses = 61009
preemptive halt, cache_misses = 61009
preemptive halt, cache_misses = 61009
preemptive halt, cache_misses = 61009
preemptive halt, cache_misses = 61009
preemptive halt, cache_misses = 61009
preemptive halt, cache_misses = 61009
preemptive halt, cache_misses = 61009
preemptive halt, cache_misses = 61009
preemptive halt, cache_misses = 61009
preemptive halt, cache_misses = 61009
preemptive halt, cache_misses = 61009
preemptive halt, cache_misses = 61009
preemptive halt, cache_misses = 61009
preemptive halt, cache_misses = 61009
preemptive halt, cache_misses = 61009
preemptive halt, cache_misses = 61009
preemptive halt, cache_misses = 61009
preemptive halt, cache_misses = 61009
preemptive halt, cache_misses = 61009
preemptive halt, cache_misses = 61009
preemptive halt, cache_misses = 61009
preemptive halt, cache_misses = 61009
preemptive halt, cache_misses = 61009
preemptive halt, cache_misses = 61009
preemptive halt, cache_misses = 61009
preemptive halt, cache_misses = 61009
preemptive halt, cache_misses = 61009
preemptive halt, cache_misses = 61009
preemptive halt, cache_misses = 61009
preemptive halt, cache_misses = 61009
preemptive halt, cache_misses = 61009
preemptive halt, cache_misses = 61009
preemptive halt, cache_misses = 61009
preemptive halt, cache_misses = 61009
preemptive halt, cache_misses = 61009
preemptive halt, cache_misses = 61009
preemptive halt, cache_misses = 61009
preemptive halt, cache_misses = 61009
preemptive halt, cache_misses = 61009
preemptive halt, cache_misses = 61009
preemptive halt, cache_misses = 61009
preemptive halt, cache_misses = 61009
preemptive halt, cache_misses = 61009
preemptive halt, cache_misses = 61009
preemptive halt, cache_misses = 61009
preemptive halt, cache_misses = 61009
preemptive halt, cache_misses = 61009
preemptive halt, cache_misses = 61009
preemptive halt, cache_misses = 61009
preemptive halt, cache_misses = 61009
preemptive halt, cache_misses = 61009
preemptive halt, cache_misses = 61009
preemptive halt, cache_misses = 61009
preemptive halt, cache_misses = 61009
preemptive halt, cache_misses = 61009
preemptive halt, cache_misses = 61009
preemptive halt, cache_misses = 61009
preemptive halt, cache_misses = 61009
preemptive halt, cache_misses = 61009
preemptive halt, cache_misses = 61009
preemptive halt, cache_misses = 61009
preemptive halt, cache_misses = 61009
preemptive halt, cache_misses = 61009
preemptive halt, cache_misses = 61009
preemptive halt, cache_misses = 61009
preemptive halt, cache_misses = 61009
preemptive halt, cache_misses = 61009
preemptive halt, cache_misses = 61009
preemptive halt, cache_misses = 61009
preemptive halt, cache_misses = 61009
preemptive halt, cache_misses = 61009
preemptive halt, cache_misses = 61009
preemptive halt, cache_misses = 61009
preemptive halt, cache_misses = 61009
preemptive halt, cache_misses = 61009
preemptive halt, cache_misses = 61009
preemptive halt, cache_misses = 61009
preemptive halt, cache_misses = 61009
preemptive halt, cache_misses = 61009
preemptive halt, cache_misses = 61009
preemptive halt, cache_misses = 61009
preemptive halt, cache_misses = 61009
preemptive halt, cache_misses = 61009
preemptive halt, cache_misses = 61009
preemptive halt, cache_misses = 61009
preemptive halt, cache_misses = 61009
preemptive halt, cache_misses = 61009
preemptive halt, cache_misses = 61009
preemptive halt, cache_misses = 61009
preemptive halt, cache_misses = 61009
preemptive halt, cache_misses = 61009
preemptive halt, cache_misses = 61009
preemptive halt, cache_misses = 61009
preemptive halt, cache_misses = 61009
preemptive halt, cache_misses = 61009
preemptive halt, cache_misses = 61009
preemptive halt, cache_misses = 61009
preemptive halt, cache_misses = 61009
preemptive halt, cache_misses = 61009
preemptive halt, cache_misses = 61009
preemptive halt, cache_misses = 61009
preemptive halt, cache_misses = 61009
binary search, size 30440  misses 61009  min 30438  max 30443
binary search, size 30441  misses 61008  min 30440  max 30443
characteristic cache size (binary search) for 246 = 30441
End at: 2021-04-02 15:46:19.411707
Time elapsed: 0:00:01.078335
