Begin at: 2021-04-02 15:49:56.553074
['../dist/Debug/GNU-Linux/memo_batch_tester', '', '--mbt_execution_trace_fname', 'olcs4_traceback_csize_input_types/OLCS4_lru_2021_04_02__15_44_32_k_3__d_2_cache_size_160000_problems_10_to_400/OLCS4_lru_2021_04_02__15_44_32_k_3__d_2_cache_size_160000_problems_10_to_400/OLCS4__do_traceback_prob_size_370_cache_size_160000_lru_k_3_d_2_execution_trace_2021_4_2_15_49_56_pid_19456.log', '--mbt_cache_misses_fname', 'olcs4_traceback_csize_input_types/OLCS4_lru_2021_04_02__15_44_32_k_3__d_2_cache_size_160000_problems_10_to_400/lcs_cost_OLCS4_lru_misses_for_cache_size.csv', '--mbt_misses_for_problem_size_fname', 'olcs4_traceback_csize_input_types/OLCS4_lru_2021_04_02__15_44_32_k_3__d_2_cache_size_160000_problems_10_to_400/lcs_cost_OLCS4_lru_misses_for_problem_size.csv', '--mbt_exact_cutoff_min_cache_size', '160000', '--mbt_exact_cutoff_max_cache_size', '160000', '--mbt_problem_type', 'lcs', '--mbt_metric_type', 'csize_binary_search', '--mbt_cutoff_ratio', '2.2', '--mbt_instance_fname', '370', '--mbt_detailed_cache_misses_out_fname', 'csize_olcs4_traceback_0011n_ceil_n_b_4.csv', '--mbt_phi_N', '5.0', '--mbt_problem_size', '370', '--lcs_compute_length', '0', '--lcs_perform_traceback', '1', '--lig_instance_type', '0011n_ceil_n_b', '--lig_n', '370', '--lig_c', '0.9', '--lig_b', '4.0', '--lcs_oblivious', '4', '--lcs_execution_trace_fname', 'olcs4_traceback_csize_input_types/OLCS4_lru_2021_04_02__15_44_32_k_3__d_2_cache_size_160000_problems_10_to_400/OLCS4_lru_2021_04_02__15_44_32_k_3__d_2_cache_size_160000_problems_10_to_400/OLCS4__do_traceback_prob_size_370_cache_size_160000_lru_k_3_d_2_execution_trace_2021_4_2_15_49_56_pid_19456.log', '--memo_caching_strategy', 'lru', '--memo_cache_size', '160001', '--memo_lru_queue_size', '160000', '--memo_cuckoo_k', '4', '--memo_key_length', '8', '--memo_value_length', '8', '--memo_k_timestamps', '3', '--memo_d_recent_timestamps', '2', '--memo_a_items_per_timestamp_factor', '0.4375']

csize_binary_search chosen
lcs problem_type lcs cache_size 160001
initialize_long_int_cache begin
init_memo
arguments to memo:
 --mbt_execution_trace_fname olcs4_traceback_csize_input_types/OLCS4_lru_2021_04_02__15_44_32_k_3__d_2_cache_size_160000_problems_10_to_400/OLCS4_lru_2021_04_02__15_44_32_k_3__d_2_cache_size_160000_problems_10_to_400/OLCS4__do_traceback_prob_size_370_cache_size_160000_lru_k_3_d_2_execution_trace_2021_4_2_15_49_56_pid_19456.log --mbt_cache_misses_fname olcs4_traceback_csize_input_types/OLCS4_lru_2021_04_02__15_44_32_k_3__d_2_cache_size_160000_problems_10_to_400/lcs_cost_OLCS4_lru_misses_for_cache_size.csv --mbt_misses_for_problem_size_fname olcs4_traceback_csize_input_types/OLCS4_lru_2021_04_02__15_44_32_k_3__d_2_cache_size_160000_problems_10_to_400/lcs_cost_OLCS4_lru_misses_for_problem_size.csv --mbt_exact_cutoff_min_cache_size 160000 --mbt_exact_cutoff_max_cache_size 160000 --mbt_problem_type lcs --mbt_metric_type csize_binary_search --mbt_cutoff_ratio 2.2 --mbt_instance_fname 370 --mbt_detailed_cache_misses_out_fname csize_olcs4_traceback_0011n_ceil_n_b_4.csv --mbt_phi_N 5.0 --mbt_problem_size 370 --lcs_compute_length 0 --lcs_perform_traceback 1 --lig_instance_type 0011n_ceil_n_b --lig_n 370 --lig_c 0.9 --lig_b 4.0 --lcs_oblivious 4 --lcs_execution_trace_fname olcs4_traceback_csize_input_types/OLCS4_lru_2021_04_02__15_44_32_k_3__d_2_cache_size_160000_problems_10_to_400/OLCS4_lru_2021_04_02__15_44_32_k_3__d_2_cache_size_160000_problems_10_to_400/OLCS4__do_traceback_prob_size_370_cache_size_160000_lru_k_3_d_2_execution_trace_2021_4_2_15_49_56_pid_19456.log --memo_caching_strategy lru --memo_cache_size 160001 --memo_lru_queue_size 160000 --memo_cuckoo_k 4 --memo_key_length 8 --memo_value_length 8 --memo_k_timestamps 3 --memo_d_recent_timestamps 2 --memo_a_items_per_timestamp_factor 0.4375 
calculate_table_size: table_size is 262144, original is 160001
Finished initializing cache
initialize_long_int_cache end
done initializing cache
initializing problem
done initializing problem
commence trials
Starting characteristic_cache_size_binary_search with max cache size 160001
binary search, size 160001  misses 137640
binary search, size 80000  misses 137640  min 0  max 160001
preemptive halt, cache_misses = 137641
preemptive halt, cache_misses = 137641
preemptive halt, cache_misses = 137641
preemptive halt, cache_misses = 137641
preemptive halt, cache_misses = 137641
preemptive halt, cache_misses = 137641
preemptive halt, cache_misses = 137641
preemptive halt, cache_misses = 137641
preemptive halt, cache_misses = 137641
preemptive halt, cache_misses = 137641
preemptive halt, cache_misses = 137641
preemptive halt, cache_misses = 137641
preemptive halt, cache_misses = 137641
preemptive halt, cache_misses = 137641
preemptive halt, cache_misses = 137641
preemptive halt, cache_misses = 137641
preemptive halt, cache_misses = 137641
preemptive halt, cache_misses = 137641
preemptive halt, cache_misses = 137641
preemptive halt, cache_misses = 137641
preemptive halt, cache_misses = 137641
preemptive halt, cache_misses = 137641
preemptive halt, cache_misses = 137641
preemptive halt, cache_misses = 137641
preemptive halt, cache_misses = 137641
preemptive halt, cache_misses = 137641
preemptive halt, cache_misses = 137641
preemptive halt, cache_misses = 137641
preemptive halt, cache_misses = 137641
preemptive halt, cache_misses = 137641
preemptive halt, cache_misses = 137641
preemptive halt, cache_misses = 137641
preemptive halt, cache_misses = 137641
preemptive halt, cache_misses = 137641
preemptive halt, cache_misses = 137641
preemptive halt, cache_misses = 137641
preemptive halt, cache_misses = 137641
preemptive halt, cache_misses = 137641
preemptive halt, cache_misses = 137641
preemptive halt, cache_misses = 137641
preemptive halt, cache_misses = 137641
preemptive halt, cache_misses = 137641
preemptive halt, cache_misses = 137641
preemptive halt, cache_misses = 137641
preemptive halt, cache_misses = 137641
preemptive halt, cache_misses = 137641
preemptive halt, cache_misses = 137641
preemptive halt, cache_misses = 137641
preemptive halt, cache_misses = 137641
preemptive halt, cache_misses = 137641
preemptive halt, cache_misses = 137641
preemptive halt, cache_misses = 137641
preemptive halt, cache_misses = 137641
preemptive halt, cache_misses = 137641
preemptive halt, cache_misses = 137641
preemptive halt, cache_misses = 137641
preemptive halt, cache_misses = 137641
preemptive halt, cache_misses = 137641
preemptive halt, cache_misses = 137641
preemptive halt, cache_misses = 137641
preemptive halt, cache_misses = 137641
preemptive halt, cache_misses = 137641
preemptive halt, cache_misses = 137641
preemptive halt, cache_misses = 137641
preemptive halt, cache_misses = 137641
preemptive halt, cache_misses = 137641
preemptive halt, cache_misses = 137641
preemptive halt, cache_misses = 137641
preemptive halt, cache_misses = 137641
preemptive halt, cache_misses = 137641
preemptive halt, cache_misses = 137641
preemptive halt, cache_misses = 137641
preemptive halt, cache_misses = 137641
preemptive halt, cache_misses = 137641
preemptive halt, cache_misses = 137641
preemptive halt, cache_misses = 137641
preemptive halt, cache_misses = 137641
preemptive halt, cache_misses = 137641
preemptive halt, cache_misses = 137641
preemptive halt, cache_misses = 137641
preemptive halt, cache_misses = 137641
preemptive halt, cache_misses = 137641
preemptive halt, cache_misses = 137641
preemptive halt, cache_misses = 137641
preemptive halt, cache_misses = 137641
preemptive halt, cache_misses = 137641
preemptive halt, cache_misses = 137641
preemptive halt, cache_misses = 137641
preemptive halt, cache_misses = 137641
preemptive halt, cache_misses = 137641
preemptive halt, cache_misses = 137641
preemptive halt, cache_misses = 137641
preemptive halt, cache_misses = 137641
preemptive halt, cache_misses = 137641
preemptive halt, cache_misses = 137641
preemptive halt, cache_misses = 137641
preemptive halt, cache_misses = 137641
preemptive halt, cache_misses = 137641
preemptive halt, cache_misses = 137641
preemptive halt, cache_misses = 137641
preemptive halt, cache_misses = 137641
preemptive halt, cache_misses = 137641
preemptive halt, cache_misses = 137641
preemptive halt, cache_misses = 137641
preemptive halt, cache_misses = 137641
preemptive halt, cache_misses = 137641
preemptive halt, cache_misses = 137641
preemptive halt, cache_misses = 137641
preemptive halt, cache_misses = 137641
preemptive halt, cache_misses = 137641
preemptive halt, cache_misses = 137641
preemptive halt, cache_misses = 137641
preemptive halt, cache_misses = 137641
preemptive halt, cache_misses = 137641
preemptive halt, cache_misses = 137641
preemptive halt, cache_misses = 137641
preemptive halt, cache_misses = 137641
preemptive halt, cache_misses = 137641
preemptive halt, cache_misses = 137641
preemptive halt, cache_misses = 137641
preemptive halt, cache_misses = 137641
preemptive halt, cache_misses = 137641
preemptive halt, cache_misses = 137641
preemptive halt, cache_misses = 137641
preemptive halt, cache_misses = 137641
preemptive halt, cache_misses = 137641
preemptive halt, cache_misses = 137641
preemptive halt, cache_misses = 137641
preemptive halt, cache_misses = 137641
preemptive halt, cache_misses = 137641
preemptive halt, cache_misses = 137641
preemptive halt, cache_misses = 137641
preemptive halt, cache_misses = 137641
preemptive halt, cache_misses = 137641
preemptive halt, cache_misses = 137641
preemptive halt, cache_misses = 137641
preemptive halt, cache_misses = 137641
preemptive halt, cache_misses = 137641
preemptive halt, cache_misses = 137641
preemptive halt, cache_misses = 137641
preemptive halt, cache_misses = 137641
preemptive halt, cache_misses = 137641
preemptive halt, cache_misses = 137641
preemptive halt, cache_misses = 137641
preemptive halt, cache_misses = 137641
preemptive halt, cache_misses = 137641
preemptive halt, cache_misses = 137641
preemptive halt, cache_misses = 137641
preemptive halt, cache_misses = 137641
preemptive halt, cache_misses = 137641
preemptive halt, cache_misses = 137641
preemptive halt, cache_misses = 137641
preemptive halt, cache_misses = 137641
preemptive halt, cache_misses = 137641
preemptive halt, cache_misses = 137641
preemptive halt, cache_misses = 137641
preemptive halt, cache_misses = 137641
preemptive halt, cache_misses = 137641
preemptive halt, cache_misses = 137641
preemptive halt, cache_misses = 137641
preemptive halt, cache_misses = 137641
preemptive halt, cache_misses = 137641
preemptive halt, cache_misses = 137641
preemptive halt, cache_misses = 137641
preemptive halt, cache_misses = 137641
preemptive halt, cache_misses = 137641
preemptive halt, cache_misses = 137641
preemptive halt, cache_misses = 137641
preemptive halt, cache_misses = 137641
preemptive halt, cache_misses = 137641
preemptive halt, cache_misses = 137641
preemptive halt, cache_misses = 137641
preemptive halt, cache_misses = 137641
preemptive halt, cache_misses = 137641
preemptive halt, cache_misses = 137641
preemptive halt, cache_misses = 137641
preemptive halt, cache_misses = 137641
preemptive halt, cache_misses = 137641
preemptive halt, cache_misses = 137641
preemptive halt, cache_misses = 137641
preemptive halt, cache_misses = 137641
preemptive halt, cache_misses = 137641
preemptive halt, cache_misses = 137641
preemptive halt, cache_misses = 137641
binary search, size 40000  misses 137641  min 0  max 80000
preemptive halt, cache_misses = 137642
preemptive halt, cache_misses = 137642
preemptive halt, cache_misses = 137642
preemptive halt, cache_misses = 137642
preemptive halt, cache_misses = 137642
preemptive halt, cache_misses = 137642
preemptive halt, cache_misses = 137642
preemptive halt, cache_misses = 137642
preemptive halt, cache_misses = 137642
preemptive halt, cache_misses = 137642
preemptive halt, cache_misses = 137642
preemptive halt, cache_misses = 137642
preemptive halt, cache_misses = 137642
preemptive halt, cache_misses = 137642
preemptive halt, cache_misses = 137642
preemptive halt, cache_misses = 137642
preemptive halt, cache_misses = 137642
preemptive halt, cache_misses = 137642
preemptive halt, cache_misses = 137642
preemptive halt, cache_misses = 137642
preemptive halt, cache_misses = 137642
preemptive halt, cache_misses = 137642
preemptive halt, cache_misses = 137642
preemptive halt, cache_misses = 137642
preemptive halt, cache_misses = 137642
preemptive halt, cache_misses = 137642
preemptive halt, cache_misses = 137642
preemptive halt, cache_misses = 137642
preemptive halt, cache_misses = 137642
preemptive halt, cache_misses = 137642
preemptive halt, cache_misses = 137642
preemptive halt, cache_misses = 137642
preemptive halt, cache_misses = 137642
preemptive halt, cache_misses = 137642
preemptive halt, cache_misses = 137642
preemptive halt, cache_misses = 137642
preemptive halt, cache_misses = 137642
preemptive halt, cache_misses = 137642
preemptive halt, cache_misses = 137642
preemptive halt, cache_misses = 137642
preemptive halt, cache_misses = 137642
preemptive halt, cache_misses = 137642
preemptive halt, cache_misses = 137642
preemptive halt, cache_misses = 137642
preemptive halt, cache_misses = 137642
preemptive halt, cache_misses = 137642
preemptive halt, cache_misses = 137642
preemptive halt, cache_misses = 137642
preemptive halt, cache_misses = 137642
preemptive halt, cache_misses = 137642
preemptive halt, cache_misses = 137642
preemptive halt, cache_misses = 137642
preemptive halt, cache_misses = 137642
preemptive halt, cache_misses = 137642
preemptive halt, cache_misses = 137642
preemptive halt, cache_misses = 137642
preemptive halt, cache_misses = 137642
preemptive halt, cache_misses = 137642
preemptive halt, cache_misses = 137642
preemptive halt, cache_misses = 137642
preemptive halt, cache_misses = 137642
preemptive halt, cache_misses = 137642
preemptive halt, cache_misses = 137642
preemptive halt, cache_misses = 137642
preemptive halt, cache_misses = 137642
preemptive halt, cache_misses = 137642
preemptive halt, cache_misses = 137642
preemptive halt, cache_misses = 137642
preemptive halt, cache_misses = 137642
preemptive halt, cache_misses = 137642
preemptive halt, cache_misses = 137642
preemptive halt, cache_misses = 137642
preemptive halt, cache_misses = 137642
preemptive halt, cache_misses = 137642
preemptive halt, cache_misses = 137642
preemptive halt, cache_misses = 137642
preemptive halt, cache_misses = 137642
preemptive halt, cache_misses = 137642
preemptive halt, cache_misses = 137642
preemptive halt, cache_misses = 137642
preemptive halt, cache_misses = 137642
preemptive halt, cache_misses = 137642
preemptive halt, cache_misses = 137642
preemptive halt, cache_misses = 137642
preemptive halt, cache_misses = 137642
preemptive halt, cache_misses = 137642
preemptive halt, cache_misses = 137642
preemptive halt, cache_misses = 137642
preemptive halt, cache_misses = 137642
preemptive halt, cache_misses = 137642
preemptive halt, cache_misses = 137642
preemptive halt, cache_misses = 137642
preemptive halt, cache_misses = 137642
preemptive halt, cache_misses = 137642
preemptive halt, cache_misses = 137642
preemptive halt, cache_misses = 137642
preemptive halt, cache_misses = 137642
preemptive halt, cache_misses = 137642
preemptive halt, cache_misses = 137642
preemptive halt, cache_misses = 137642
preemptive halt, cache_misses = 137642
preemptive halt, cache_misses = 137642
preemptive halt, cache_misses = 137642
preemptive halt, cache_misses = 137642
preemptive halt, cache_misses = 137642
preemptive halt, cache_misses = 137642
preemptive halt, cache_misses = 137642
preemptive halt, cache_misses = 137642
preemptive halt, cache_misses = 137642
preemptive halt, cache_misses = 137642
preemptive halt, cache_misses = 137642
preemptive halt, cache_misses = 137642
preemptive halt, cache_misses = 137642
preemptive halt, cache_misses = 137642
preemptive halt, cache_misses = 137642
preemptive halt, cache_misses = 137642
preemptive halt, cache_misses = 137642
preemptive halt, cache_misses = 137642
preemptive halt, cache_misses = 137642
preemptive halt, cache_misses = 137642
preemptive halt, cache_misses = 137642
preemptive halt, cache_misses = 137642
preemptive halt, cache_misses = 137642
preemptive halt, cache_misses = 137642
preemptive halt, cache_misses = 137642
preemptive halt, cache_misses = 137642
preemptive halt, cache_misses = 137642
preemptive halt, cache_misses = 137642
preemptive halt, cache_misses = 137642
preemptive halt, cache_misses = 137642
preemptive halt, cache_misses = 137642
preemptive halt, cache_misses = 137642
preemptive halt, cache_misses = 137642
preemptive halt, cache_misses = 137642
preemptive halt, cache_misses = 137642
preemptive halt, cache_misses = 137642
preemptive halt, cache_misses = 137642
preemptive halt, cache_misses = 137642
preemptive halt, cache_misses = 137642
preemptive halt, cache_misses = 137642
preemptive halt, cache_misses = 137642
preemptive halt, cache_misses = 137642
preemptive halt, cache_misses = 137642
preemptive halt, cache_misses = 137642
preemptive halt, cache_misses = 137642
preemptive halt, cache_misses = 137642
preemptive halt, cache_misses = 137642
preemptive halt, cache_misses = 137642
preemptive halt, cache_misses = 137642
preemptive halt, cache_misses = 137642
preemptive halt, cache_misses = 137642
preemptive halt, cache_misses = 137642
preemptive halt, cache_misses = 137642
preemptive halt, cache_misses = 137642
preemptive halt, cache_misses = 137642
preemptive halt, cache_misses = 137642
preemptive halt, cache_misses = 137642
preemptive halt, cache_misses = 137642
preemptive halt, cache_misses = 137642
preemptive halt, cache_misses = 137642
preemptive halt, cache_misses = 137642
preemptive halt, cache_misses = 137642
preemptive halt, cache_misses = 137642
preemptive halt, cache_misses = 137642
preemptive halt, cache_misses = 137642
preemptive halt, cache_misses = 137642
preemptive halt, cache_misses = 137642
preemptive halt, cache_misses = 137642
preemptive halt, cache_misses = 137642
preemptive halt, cache_misses = 137642
preemptive halt, cache_misses = 137642
preemptive halt, cache_misses = 137642
preemptive halt, cache_misses = 137642
preemptive halt, cache_misses = 137642
preemptive halt, cache_misses = 137642
preemptive halt, cache_misses = 137642
preemptive halt, cache_misses = 137642
preemptive halt, cache_misses = 137642
preemptive halt, cache_misses = 137642
preemptive halt, cache_misses = 137642
preemptive halt, cache_misses = 137642
preemptive halt, cache_misses = 137642
preemptive halt, cache_misses = 137642
preemptive halt, cache_misses = 137642
preemptive halt, cache_misses = 137642
preemptive halt, cache_misses = 137642
binary search, size 60000  misses 137642  min 40000  max 80000
binary search, size 70000  misses 137640  min 60000  max 80000
preemptive halt, cache_misses = 137641
preemptive halt, cache_misses = 137641
preemptive halt, cache_misses = 137641
preemptive halt, cache_misses = 137641
preemptive halt, cache_misses = 137641
preemptive halt, cache_misses = 137641
preemptive halt, cache_misses = 137641
preemptive halt, cache_misses = 137641
preemptive halt, cache_misses = 137641
preemptive halt, cache_misses = 137641
preemptive halt, cache_misses = 137641
preemptive halt, cache_misses = 137641
preemptive halt, cache_misses = 137641
preemptive halt, cache_misses = 137641
preemptive halt, cache_misses = 137641
preemptive halt, cache_misses = 137641
preemptive halt, cache_misses = 137641
preemptive halt, cache_misses = 137641
preemptive halt, cache_misses = 137641
preemptive halt, cache_misses = 137641
preemptive halt, cache_misses = 137641
preemptive halt, cache_misses = 137641
preemptive halt, cache_misses = 137641
preemptive halt, cache_misses = 137641
preemptive halt, cache_misses = 137641
preemptive halt, cache_misses = 137641
preemptive halt, cache_misses = 137641
preemptive halt, cache_misses = 137641
preemptive halt, cache_misses = 137641
preemptive halt, cache_misses = 137641
preemptive halt, cache_misses = 137641
preemptive halt, cache_misses = 137641
preemptive halt, cache_misses = 137641
preemptive halt, cache_misses = 137641
preemptive halt, cache_misses = 137641
preemptive halt, cache_misses = 137641
preemptive halt, cache_misses = 137641
preemptive halt, cache_misses = 137641
preemptive halt, cache_misses = 137641
preemptive halt, cache_misses = 137641
preemptive halt, cache_misses = 137641
preemptive halt, cache_misses = 137641
preemptive halt, cache_misses = 137641
preemptive halt, cache_misses = 137641
preemptive halt, cache_misses = 137641
preemptive halt, cache_misses = 137641
preemptive halt, cache_misses = 137641
preemptive halt, cache_misses = 137641
preemptive halt, cache_misses = 137641
preemptive halt, cache_misses = 137641
preemptive halt, cache_misses = 137641
preemptive halt, cache_misses = 137641
preemptive halt, cache_misses = 137641
preemptive halt, cache_misses = 137641
preemptive halt, cache_misses = 137641
preemptive halt, cache_misses = 137641
preemptive halt, cache_misses = 137641
preemptive halt, cache_misses = 137641
preemptive halt, cache_misses = 137641
preemptive halt, cache_misses = 137641
preemptive halt, cache_misses = 137641
preemptive halt, cache_misses = 137641
preemptive halt, cache_misses = 137641
preemptive halt, cache_misses = 137641
preemptive halt, cache_misses = 137641
preemptive halt, cache_misses = 137641
preemptive halt, cache_misses = 137641
preemptive halt, cache_misses = 137641
preemptive halt, cache_misses = 137641
preemptive halt, cache_misses = 137641
preemptive halt, cache_misses = 137641
preemptive halt, cache_misses = 137641
preemptive halt, cache_misses = 137641
preemptive halt, cache_misses = 137641
preemptive halt, cache_misses = 137641
preemptive halt, cache_misses = 137641
preemptive halt, cache_misses = 137641
preemptive halt, cache_misses = 137641
preemptive halt, cache_misses = 137641
preemptive halt, cache_misses = 137641
preemptive halt, cache_misses = 137641
preemptive halt, cache_misses = 137641
preemptive halt, cache_misses = 137641
preemptive halt, cache_misses = 137641
preemptive halt, cache_misses = 137641
preemptive halt, cache_misses = 137641
preemptive halt, cache_misses = 137641
preemptive halt, cache_misses = 137641
preemptive halt, cache_misses = 137641
preemptive halt, cache_misses = 137641
preemptive halt, cache_misses = 137641
preemptive halt, cache_misses = 137641
preemptive halt, cache_misses = 137641
preemptive halt, cache_misses = 137641
preemptive halt, cache_misses = 137641
preemptive halt, cache_misses = 137641
preemptive halt, cache_misses = 137641
preemptive halt, cache_misses = 137641
preemptive halt, cache_misses = 137641
preemptive halt, cache_misses = 137641
preemptive halt, cache_misses = 137641
preemptive halt, cache_misses = 137641
preemptive halt, cache_misses = 137641
preemptive halt, cache_misses = 137641
preemptive halt, cache_misses = 137641
preemptive halt, cache_misses = 137641
preemptive halt, cache_misses = 137641
preemptive halt, cache_misses = 137641
preemptive halt, cache_misses = 137641
preemptive halt, cache_misses = 137641
preemptive halt, cache_misses = 137641
preemptive halt, cache_misses = 137641
preemptive halt, cache_misses = 137641
preemptive halt, cache_misses = 137641
preemptive halt, cache_misses = 137641
preemptive halt, cache_misses = 137641
preemptive halt, cache_misses = 137641
preemptive halt, cache_misses = 137641
preemptive halt, cache_misses = 137641
preemptive halt, cache_misses = 137641
preemptive halt, cache_misses = 137641
preemptive halt, cache_misses = 137641
preemptive halt, cache_misses = 137641
preemptive halt, cache_misses = 137641
preemptive halt, cache_misses = 137641
preemptive halt, cache_misses = 137641
preemptive halt, cache_misses = 137641
preemptive halt, cache_misses = 137641
preemptive halt, cache_misses = 137641
preemptive halt, cache_misses = 137641
preemptive halt, cache_misses = 137641
preemptive halt, cache_misses = 137641
preemptive halt, cache_misses = 137641
preemptive halt, cache_misses = 137641
preemptive halt, cache_misses = 137641
preemptive halt, cache_misses = 137641
preemptive halt, cache_misses = 137641
preemptive halt, cache_misses = 137641
preemptive halt, cache_misses = 137641
preemptive halt, cache_misses = 137641
preemptive halt, cache_misses = 137641
preemptive halt, cache_misses = 137641
preemptive halt, cache_misses = 137641
preemptive halt, cache_misses = 137641
preemptive halt, cache_misses = 137641
preemptive halt, cache_misses = 137641
preemptive halt, cache_misses = 137641
preemptive halt, cache_misses = 137641
preemptive halt, cache_misses = 137641
preemptive halt, cache_misses = 137641
preemptive halt, cache_misses = 137641
preemptive halt, cache_misses = 137641
preemptive halt, cache_misses = 137641
preemptive halt, cache_misses = 137641
preemptive halt, cache_misses = 137641
preemptive halt, cache_misses = 137641
preemptive halt, cache_misses = 137641
preemptive halt, cache_misses = 137641
preemptive halt, cache_misses = 137641
preemptive halt, cache_misses = 137641
preemptive halt, cache_misses = 137641
preemptive halt, cache_misses = 137641
preemptive halt, cache_misses = 137641
preemptive halt, cache_misses = 137641
preemptive halt, cache_misses = 137641
preemptive halt, cache_misses = 137641
preemptive halt, cache_misses = 137641
preemptive halt, cache_misses = 137641
preemptive halt, cache_misses = 137641
preemptive halt, cache_misses = 137641
preemptive halt, cache_misses = 137641
preemptive halt, cache_misses = 137641
preemptive halt, cache_misses = 137641
preemptive halt, cache_misses = 137641
preemptive halt, cache_misses = 137641
preemptive halt, cache_misses = 137641
preemptive halt, cache_misses = 137641
preemptive halt, cache_misses = 137641
preemptive halt, cache_misses = 137641
preemptive halt, cache_misses = 137641
preemptive halt, cache_misses = 137641
preemptive halt, cache_misses = 137641
preemptive halt, cache_misses = 137641
preemptive halt, cache_misses = 137641
binary search, size 65000  misses 137641  min 60000  max 70000
preemptive halt, cache_misses = 137642
preemptive halt, cache_misses = 137642
preemptive halt, cache_misses = 137642
preemptive halt, cache_misses = 137642
preemptive halt, cache_misses = 137642
preemptive halt, cache_misses = 137642
preemptive halt, cache_misses = 137642
preemptive halt, cache_misses = 137642
preemptive halt, cache_misses = 137642
preemptive halt, cache_misses = 137642
preemptive halt, cache_misses = 137642
preemptive halt, cache_misses = 137642
preemptive halt, cache_misses = 137642
preemptive halt, cache_misses = 137642
preemptive halt, cache_misses = 137642
preemptive halt, cache_misses = 137642
preemptive halt, cache_misses = 137642
preemptive halt, cache_misses = 137642
preemptive halt, cache_misses = 137642
preemptive halt, cache_misses = 137642
preemptive halt, cache_misses = 137642
preemptive halt, cache_misses = 137642
preemptive halt, cache_misses = 137642
preemptive halt, cache_misses = 137642
preemptive halt, cache_misses = 137642
preemptive halt, cache_misses = 137642
preemptive halt, cache_misses = 137642
preemptive halt, cache_misses = 137642
preemptive halt, cache_misses = 137642
preemptive halt, cache_misses = 137642
preemptive halt, cache_misses = 137642
preemptive halt, cache_misses = 137642
preemptive halt, cache_misses = 137642
preemptive halt, cache_misses = 137642
preemptive halt, cache_misses = 137642
preemptive halt, cache_misses = 137642
preemptive halt, cache_misses = 137642
preemptive halt, cache_misses = 137642
preemptive halt, cache_misses = 137642
preemptive halt, cache_misses = 137642
preemptive halt, cache_misses = 137642
preemptive halt, cache_misses = 137642
preemptive halt, cache_misses = 137642
preemptive halt, cache_misses = 137642
preemptive halt, cache_misses = 137642
preemptive halt, cache_misses = 137642
preemptive halt, cache_misses = 137642
preemptive halt, cache_misses = 137642
preemptive halt, cache_misses = 137642
preemptive halt, cache_misses = 137642
preemptive halt, cache_misses = 137642
preemptive halt, cache_misses = 137642
preemptive halt, cache_misses = 137642
preemptive halt, cache_misses = 137642
preemptive halt, cache_misses = 137642
preemptive halt, cache_misses = 137642
preemptive halt, cache_misses = 137642
preemptive halt, cache_misses = 137642
preemptive halt, cache_misses = 137642
preemptive halt, cache_misses = 137642
preemptive halt, cache_misses = 137642
preemptive halt, cache_misses = 137642
preemptive halt, cache_misses = 137642
preemptive halt, cache_misses = 137642
preemptive halt, cache_misses = 137642
preemptive halt, cache_misses = 137642
preemptive halt, cache_misses = 137642
preemptive halt, cache_misses = 137642
preemptive halt, cache_misses = 137642
preemptive halt, cache_misses = 137642
preemptive halt, cache_misses = 137642
preemptive halt, cache_misses = 137642
preemptive halt, cache_misses = 137642
preemptive halt, cache_misses = 137642
preemptive halt, cache_misses = 137642
preemptive halt, cache_misses = 137642
preemptive halt, cache_misses = 137642
preemptive halt, cache_misses = 137642
preemptive halt, cache_misses = 137642
preemptive halt, cache_misses = 137642
preemptive halt, cache_misses = 137642
preemptive halt, cache_misses = 137642
preemptive halt, cache_misses = 137642
preemptive halt, cache_misses = 137642
preemptive halt, cache_misses = 137642
preemptive halt, cache_misses = 137642
preemptive halt, cache_misses = 137642
preemptive halt, cache_misses = 137642
preemptive halt, cache_misses = 137642
preemptive halt, cache_misses = 137642
preemptive halt, cache_misses = 137642
preemptive halt, cache_misses = 137642
preemptive halt, cache_misses = 137642
preemptive halt, cache_misses = 137642
preemptive halt, cache_misses = 137642
preemptive halt, cache_misses = 137642
preemptive halt, cache_misses = 137642
preemptive halt, cache_misses = 137642
preemptive halt, cache_misses = 137642
preemptive halt, cache_misses = 137642
preemptive halt, cache_misses = 137642
preemptive halt, cache_misses = 137642
preemptive halt, cache_misses = 137642
preemptive halt, cache_misses = 137642
preemptive halt, cache_misses = 137642
preemptive halt, cache_misses = 137642
preemptive halt, cache_misses = 137642
preemptive halt, cache_misses = 137642
preemptive halt, cache_misses = 137642
preemptive halt, cache_misses = 137642
preemptive halt, cache_misses = 137642
preemptive halt, cache_misses = 137642
preemptive halt, cache_misses = 137642
preemptive halt, cache_misses = 137642
preemptive halt, cache_misses = 137642
preemptive halt, cache_misses = 137642
preemptive halt, cache_misses = 137642
preemptive halt, cache_misses = 137642
preemptive halt, cache_misses = 137642
preemptive halt, cache_misses = 137642
preemptive halt, cache_misses = 137642
preemptive halt, cache_misses = 137642
preemptive halt, cache_misses = 137642
preemptive halt, cache_misses = 137642
preemptive halt, cache_misses = 137642
preemptive halt, cache_misses = 137642
preemptive halt, cache_misses = 137642
preemptive halt, cache_misses = 137642
preemptive halt, cache_misses = 137642
preemptive halt, cache_misses = 137642
preemptive halt, cache_misses = 137642
preemptive halt, cache_misses = 137642
preemptive halt, cache_misses = 137642
preemptive halt, cache_misses = 137642
preemptive halt, cache_misses = 137642
preemptive halt, cache_misses = 137642
preemptive halt, cache_misses = 137642
preemptive halt, cache_misses = 137642
preemptive halt, cache_misses = 137642
preemptive halt, cache_misses = 137642
preemptive halt, cache_misses = 137642
preemptive halt, cache_misses = 137642
preemptive halt, cache_misses = 137642
preemptive halt, cache_misses = 137642
preemptive halt, cache_misses = 137642
preemptive halt, cache_misses = 137642
preemptive halt, cache_misses = 137642
preemptive halt, cache_misses = 137642
preemptive halt, cache_misses = 137642
preemptive halt, cache_misses = 137642
preemptive halt, cache_misses = 137642
preemptive halt, cache_misses = 137642
preemptive halt, cache_misses = 137642
preemptive halt, cache_misses = 137642
preemptive halt, cache_misses = 137642
preemptive halt, cache_misses = 137642
preemptive halt, cache_misses = 137642
preemptive halt, cache_misses = 137642
preemptive halt, cache_misses = 137642
preemptive halt, cache_misses = 137642
preemptive halt, cache_misses = 137642
preemptive halt, cache_misses = 137642
preemptive halt, cache_misses = 137642
preemptive halt, cache_misses = 137642
preemptive halt, cache_misses = 137642
preemptive halt, cache_misses = 137642
preemptive halt, cache_misses = 137642
preemptive halt, cache_misses = 137642
preemptive halt, cache_misses = 137642
preemptive halt, cache_misses = 137642
preemptive halt, cache_misses = 137642
preemptive halt, cache_misses = 137642
preemptive halt, cache_misses = 137642
preemptive halt, cache_misses = 137642
preemptive halt, cache_misses = 137642
preemptive halt, cache_misses = 137642
preemptive halt, cache_misses = 137642
preemptive halt, cache_misses = 137642
preemptive halt, cache_misses = 137642
preemptive halt, cache_misses = 137642
preemptive halt, cache_misses = 137642
preemptive halt, cache_misses = 137642
preemptive halt, cache_misses = 137642
preemptive halt, cache_misses = 137642
preemptive halt, cache_misses = 137642
preemptive halt, cache_misses = 137642
binary search, size 67500  misses 137642  min 65000  max 70000
binary search, size 68750  misses 137640  min 67500  max 70000
preemptive halt, cache_misses = 137641
preemptive halt, cache_misses = 137641
preemptive halt, cache_misses = 137641
preemptive halt, cache_misses = 137641
preemptive halt, cache_misses = 137641
preemptive halt, cache_misses = 137641
preemptive halt, cache_misses = 137641
preemptive halt, cache_misses = 137641
preemptive halt, cache_misses = 137641
preemptive halt, cache_misses = 137641
preemptive halt, cache_misses = 137641
preemptive halt, cache_misses = 137641
preemptive halt, cache_misses = 137641
preemptive halt, cache_misses = 137641
preemptive halt, cache_misses = 137641
preemptive halt, cache_misses = 137641
preemptive halt, cache_misses = 137641
preemptive halt, cache_misses = 137641
preemptive halt, cache_misses = 137641
preemptive halt, cache_misses = 137641
preemptive halt, cache_misses = 137641
preemptive halt, cache_misses = 137641
preemptive halt, cache_misses = 137641
preemptive halt, cache_misses = 137641
preemptive halt, cache_misses = 137641
preemptive halt, cache_misses = 137641
preemptive halt, cache_misses = 137641
preemptive halt, cache_misses = 137641
preemptive halt, cache_misses = 137641
preemptive halt, cache_misses = 137641
preemptive halt, cache_misses = 137641
preemptive halt, cache_misses = 137641
preemptive halt, cache_misses = 137641
preemptive halt, cache_misses = 137641
preemptive halt, cache_misses = 137641
preemptive halt, cache_misses = 137641
preemptive halt, cache_misses = 137641
preemptive halt, cache_misses = 137641
preemptive halt, cache_misses = 137641
preemptive halt, cache_misses = 137641
preemptive halt, cache_misses = 137641
preemptive halt, cache_misses = 137641
preemptive halt, cache_misses = 137641
preemptive halt, cache_misses = 137641
preemptive halt, cache_misses = 137641
preemptive halt, cache_misses = 137641
preemptive halt, cache_misses = 137641
preemptive halt, cache_misses = 137641
preemptive halt, cache_misses = 137641
preemptive halt, cache_misses = 137641
preemptive halt, cache_misses = 137641
preemptive halt, cache_misses = 137641
preemptive halt, cache_misses = 137641
preemptive halt, cache_misses = 137641
preemptive halt, cache_misses = 137641
preemptive halt, cache_misses = 137641
preemptive halt, cache_misses = 137641
preemptive halt, cache_misses = 137641
preemptive halt, cache_misses = 137641
preemptive halt, cache_misses = 137641
preemptive halt, cache_misses = 137641
preemptive halt, cache_misses = 137641
preemptive halt, cache_misses = 137641
preemptive halt, cache_misses = 137641
preemptive halt, cache_misses = 137641
preemptive halt, cache_misses = 137641
preemptive halt, cache_misses = 137641
preemptive halt, cache_misses = 137641
preemptive halt, cache_misses = 137641
preemptive halt, cache_misses = 137641
preemptive halt, cache_misses = 137641
preemptive halt, cache_misses = 137641
preemptive halt, cache_misses = 137641
preemptive halt, cache_misses = 137641
preemptive halt, cache_misses = 137641
preemptive halt, cache_misses = 137641
preemptive halt, cache_misses = 137641
preemptive halt, cache_misses = 137641
preemptive halt, cache_misses = 137641
preemptive halt, cache_misses = 137641
preemptive halt, cache_misses = 137641
preemptive halt, cache_misses = 137641
preemptive halt, cache_misses = 137641
preemptive halt, cache_misses = 137641
preemptive halt, cache_misses = 137641
preemptive halt, cache_misses = 137641
preemptive halt, cache_misses = 137641
preemptive halt, cache_misses = 137641
preemptive halt, cache_misses = 137641
preemptive halt, cache_misses = 137641
preemptive halt, cache_misses = 137641
preemptive halt, cache_misses = 137641
preemptive halt, cache_misses = 137641
preemptive halt, cache_misses = 137641
preemptive halt, cache_misses = 137641
preemptive halt, cache_misses = 137641
preemptive halt, cache_misses = 137641
preemptive halt, cache_misses = 137641
preemptive halt, cache_misses = 137641
preemptive halt, cache_misses = 137641
preemptive halt, cache_misses = 137641
preemptive halt, cache_misses = 137641
preemptive halt, cache_misses = 137641
preemptive halt, cache_misses = 137641
preemptive halt, cache_misses = 137641
preemptive halt, cache_misses = 137641
preemptive halt, cache_misses = 137641
preemptive halt, cache_misses = 137641
preemptive halt, cache_misses = 137641
preemptive halt, cache_misses = 137641
preemptive halt, cache_misses = 137641
preemptive halt, cache_misses = 137641
preemptive halt, cache_misses = 137641
preemptive halt, cache_misses = 137641
preemptive halt, cache_misses = 137641
preemptive halt, cache_misses = 137641
preemptive halt, cache_misses = 137641
preemptive halt, cache_misses = 137641
preemptive halt, cache_misses = 137641
preemptive halt, cache_misses = 137641
preemptive halt, cache_misses = 137641
preemptive halt, cache_misses = 137641
preemptive halt, cache_misses = 137641
preemptive halt, cache_misses = 137641
preemptive halt, cache_misses = 137641
preemptive halt, cache_misses = 137641
preemptive halt, cache_misses = 137641
preemptive halt, cache_misses = 137641
preemptive halt, cache_misses = 137641
preemptive halt, cache_misses = 137641
preemptive halt, cache_misses = 137641
preemptive halt, cache_misses = 137641
preemptive halt, cache_misses = 137641
preemptive halt, cache_misses = 137641
preemptive halt, cache_misses = 137641
preemptive halt, cache_misses = 137641
preemptive halt, cache_misses = 137641
preemptive halt, cache_misses = 137641
preemptive halt, cache_misses = 137641
preemptive halt, cache_misses = 137641
preemptive halt, cache_misses = 137641
preemptive halt, cache_misses = 137641
preemptive halt, cache_misses = 137641
preemptive halt, cache_misses = 137641
preemptive halt, cache_misses = 137641
preemptive halt, cache_misses = 137641
preemptive halt, cache_misses = 137641
preemptive halt, cache_misses = 137641
preemptive halt, cache_misses = 137641
preemptive halt, cache_misses = 137641
preemptive halt, cache_misses = 137641
preemptive halt, cache_misses = 137641
preemptive halt, cache_misses = 137641
preemptive halt, cache_misses = 137641
preemptive halt, cache_misses = 137641
preemptive halt, cache_misses = 137641
preemptive halt, cache_misses = 137641
preemptive halt, cache_misses = 137641
preemptive halt, cache_misses = 137641
preemptive halt, cache_misses = 137641
preemptive halt, cache_misses = 137641
preemptive halt, cache_misses = 137641
preemptive halt, cache_misses = 137641
preemptive halt, cache_misses = 137641
preemptive halt, cache_misses = 137641
preemptive halt, cache_misses = 137641
preemptive halt, cache_misses = 137641
preemptive halt, cache_misses = 137641
preemptive halt, cache_misses = 137641
preemptive halt, cache_misses = 137641
preemptive halt, cache_misses = 137641
preemptive halt, cache_misses = 137641
preemptive halt, cache_misses = 137641
preemptive halt, cache_misses = 137641
preemptive halt, cache_misses = 137641
preemptive halt, cache_misses = 137641
preemptive halt, cache_misses = 137641
preemptive halt, cache_misses = 137641
preemptive halt, cache_misses = 137641
preemptive halt, cache_misses = 137641
preemptive halt, cache_misses = 137641
preemptive halt, cache_misses = 137641
preemptive halt, cache_misses = 137641
preemptive halt, cache_misses = 137641
binary search, size 68125  misses 137641  min 67500  max 68750
preemptive halt, cache_misses = 137642
preemptive halt, cache_misses = 137642
preemptive halt, cache_misses = 137642
preemptive halt, cache_misses = 137642
preemptive halt, cache_misses = 137642
preemptive halt, cache_misses = 137642
preemptive halt, cache_misses = 137642
preemptive halt, cache_misses = 137642
preemptive halt, cache_misses = 137642
preemptive halt, cache_misses = 137642
preemptive halt, cache_misses = 137642
preemptive halt, cache_misses = 137642
preemptive halt, cache_misses = 137642
preemptive halt, cache_misses = 137642
preemptive halt, cache_misses = 137642
preemptive halt, cache_misses = 137642
preemptive halt, cache_misses = 137642
preemptive halt, cache_misses = 137642
preemptive halt, cache_misses = 137642
preemptive halt, cache_misses = 137642
preemptive halt, cache_misses = 137642
preemptive halt, cache_misses = 137642
preemptive halt, cache_misses = 137642
preemptive halt, cache_misses = 137642
preemptive halt, cache_misses = 137642
preemptive halt, cache_misses = 137642
preemptive halt, cache_misses = 137642
preemptive halt, cache_misses = 137642
preemptive halt, cache_misses = 137642
preemptive halt, cache_misses = 137642
preemptive halt, cache_misses = 137642
preemptive halt, cache_misses = 137642
preemptive halt, cache_misses = 137642
preemptive halt, cache_misses = 137642
preemptive halt, cache_misses = 137642
preemptive halt, cache_misses = 137642
preemptive halt, cache_misses = 137642
preemptive halt, cache_misses = 137642
preemptive halt, cache_misses = 137642
preemptive halt, cache_misses = 137642
preemptive halt, cache_misses = 137642
preemptive halt, cache_misses = 137642
preemptive halt, cache_misses = 137642
preemptive halt, cache_misses = 137642
preemptive halt, cache_misses = 137642
preemptive halt, cache_misses = 137642
preemptive halt, cache_misses = 137642
preemptive halt, cache_misses = 137642
preemptive halt, cache_misses = 137642
preemptive halt, cache_misses = 137642
preemptive halt, cache_misses = 137642
preemptive halt, cache_misses = 137642
preemptive halt, cache_misses = 137642
preemptive halt, cache_misses = 137642
preemptive halt, cache_misses = 137642
preemptive halt, cache_misses = 137642
preemptive halt, cache_misses = 137642
preemptive halt, cache_misses = 137642
preemptive halt, cache_misses = 137642
preemptive halt, cache_misses = 137642
preemptive halt, cache_misses = 137642
preemptive halt, cache_misses = 137642
preemptive halt, cache_misses = 137642
preemptive halt, cache_misses = 137642
preemptive halt, cache_misses = 137642
preemptive halt, cache_misses = 137642
preemptive halt, cache_misses = 137642
preemptive halt, cache_misses = 137642
preemptive halt, cache_misses = 137642
preemptive halt, cache_misses = 137642
preemptive halt, cache_misses = 137642
preemptive halt, cache_misses = 137642
preemptive halt, cache_misses = 137642
preemptive halt, cache_misses = 137642
preemptive halt, cache_misses = 137642
preemptive halt, cache_misses = 137642
preemptive halt, cache_misses = 137642
preemptive halt, cache_misses = 137642
preemptive halt, cache_misses = 137642
preemptive halt, cache_misses = 137642
preemptive halt, cache_misses = 137642
preemptive halt, cache_misses = 137642
preemptive halt, cache_misses = 137642
preemptive halt, cache_misses = 137642
preemptive halt, cache_misses = 137642
preemptive halt, cache_misses = 137642
preemptive halt, cache_misses = 137642
preemptive halt, cache_misses = 137642
preemptive halt, cache_misses = 137642
preemptive halt, cache_misses = 137642
preemptive halt, cache_misses = 137642
preemptive halt, cache_misses = 137642
preemptive halt, cache_misses = 137642
preemptive halt, cache_misses = 137642
preemptive halt, cache_misses = 137642
preemptive halt, cache_misses = 137642
preemptive halt, cache_misses = 137642
preemptive halt, cache_misses = 137642
preemptive halt, cache_misses = 137642
preemptive halt, cache_misses = 137642
preemptive halt, cache_misses = 137642
preemptive halt, cache_misses = 137642
preemptive halt, cache_misses = 137642
preemptive halt, cache_misses = 137642
preemptive halt, cache_misses = 137642
preemptive halt, cache_misses = 137642
preemptive halt, cache_misses = 137642
preemptive halt, cache_misses = 137642
preemptive halt, cache_misses = 137642
preemptive halt, cache_misses = 137642
preemptive halt, cache_misses = 137642
preemptive halt, cache_misses = 137642
preemptive halt, cache_misses = 137642
preemptive halt, cache_misses = 137642
preemptive halt, cache_misses = 137642
preemptive halt, cache_misses = 137642
preemptive halt, cache_misses = 137642
preemptive halt, cache_misses = 137642
preemptive halt, cache_misses = 137642
preemptive halt, cache_misses = 137642
preemptive halt, cache_misses = 137642
preemptive halt, cache_misses = 137642
preemptive halt, cache_misses = 137642
preemptive halt, cache_misses = 137642
preemptive halt, cache_misses = 137642
preemptive halt, cache_misses = 137642
preemptive halt, cache_misses = 137642
preemptive halt, cache_misses = 137642
preemptive halt, cache_misses = 137642
preemptive halt, cache_misses = 137642
preemptive halt, cache_misses = 137642
preemptive halt, cache_misses = 137642
preemptive halt, cache_misses = 137642
preemptive halt, cache_misses = 137642
preemptive halt, cache_misses = 137642
preemptive halt, cache_misses = 137642
preemptive halt, cache_misses = 137642
preemptive halt, cache_misses = 137642
preemptive halt, cache_misses = 137642
preemptive halt, cache_misses = 137642
preemptive halt, cache_misses = 137642
preemptive halt, cache_misses = 137642
preemptive halt, cache_misses = 137642
preemptive halt, cache_misses = 137642
preemptive halt, cache_misses = 137642
preemptive halt, cache_misses = 137642
preemptive halt, cache_misses = 137642
preemptive halt, cache_misses = 137642
preemptive halt, cache_misses = 137642
preemptive halt, cache_misses = 137642
preemptive halt, cache_misses = 137642
preemptive halt, cache_misses = 137642
preemptive halt, cache_misses = 137642
preemptive halt, cache_misses = 137642
preemptive halt, cache_misses = 137642
preemptive halt, cache_misses = 137642
preemptive halt, cache_misses = 137642
preemptive halt, cache_misses = 137642
preemptive halt, cache_misses = 137642
preemptive halt, cache_misses = 137642
preemptive halt, cache_misses = 137642
preemptive halt, cache_misses = 137642
preemptive halt, cache_misses = 137642
preemptive halt, cache_misses = 137642
preemptive halt, cache_misses = 137642
preemptive halt, cache_misses = 137642
preemptive halt, cache_misses = 137642
preemptive halt, cache_misses = 137642
preemptive halt, cache_misses = 137642
preemptive halt, cache_misses = 137642
preemptive halt, cache_misses = 137642
preemptive halt, cache_misses = 137642
preemptive halt, cache_misses = 137642
preemptive halt, cache_misses = 137642
preemptive halt, cache_misses = 137642
preemptive halt, cache_misses = 137642
preemptive halt, cache_misses = 137642
preemptive halt, cache_misses = 137642
preemptive halt, cache_misses = 137642
preemptive halt, cache_misses = 137642
preemptive halt, cache_misses = 137642
preemptive halt, cache_misses = 137642
preemptive halt, cache_misses = 137642
preemptive halt, cache_misses = 137642
preemptive halt, cache_misses = 137642
preemptive halt, cache_misses = 137642
binary search, size 68437  misses 137642  min 68125  max 68750
preemptive halt, cache_misses = 137643
preemptive halt, cache_misses = 137643
preemptive halt, cache_misses = 137643
preemptive halt, cache_misses = 137643
preemptive halt, cache_misses = 137643
preemptive halt, cache_misses = 137643
preemptive halt, cache_misses = 137643
preemptive halt, cache_misses = 137643
preemptive halt, cache_misses = 137643
preemptive halt, cache_misses = 137643
preemptive halt, cache_misses = 137643
preemptive halt, cache_misses = 137643
preemptive halt, cache_misses = 137643
preemptive halt, cache_misses = 137643
preemptive halt, cache_misses = 137643
preemptive halt, cache_misses = 137643
preemptive halt, cache_misses = 137643
preemptive halt, cache_misses = 137643
preemptive halt, cache_misses = 137643
preemptive halt, cache_misses = 137643
preemptive halt, cache_misses = 137643
preemptive halt, cache_misses = 137643
preemptive halt, cache_misses = 137643
preemptive halt, cache_misses = 137643
preemptive halt, cache_misses = 137643
preemptive halt, cache_misses = 137643
preemptive halt, cache_misses = 137643
preemptive halt, cache_misses = 137643
preemptive halt, cache_misses = 137643
preemptive halt, cache_misses = 137643
preemptive halt, cache_misses = 137643
preemptive halt, cache_misses = 137643
preemptive halt, cache_misses = 137643
preemptive halt, cache_misses = 137643
preemptive halt, cache_misses = 137643
preemptive halt, cache_misses = 137643
preemptive halt, cache_misses = 137643
preemptive halt, cache_misses = 137643
preemptive halt, cache_misses = 137643
preemptive halt, cache_misses = 137643
preemptive halt, cache_misses = 137643
preemptive halt, cache_misses = 137643
preemptive halt, cache_misses = 137643
preemptive halt, cache_misses = 137643
preemptive halt, cache_misses = 137643
preemptive halt, cache_misses = 137643
preemptive halt, cache_misses = 137643
preemptive halt, cache_misses = 137643
preemptive halt, cache_misses = 137643
preemptive halt, cache_misses = 137643
preemptive halt, cache_misses = 137643
preemptive halt, cache_misses = 137643
preemptive halt, cache_misses = 137643
preemptive halt, cache_misses = 137643
preemptive halt, cache_misses = 137643
preemptive halt, cache_misses = 137643
preemptive halt, cache_misses = 137643
preemptive halt, cache_misses = 137643
preemptive halt, cache_misses = 137643
preemptive halt, cache_misses = 137643
preemptive halt, cache_misses = 137643
preemptive halt, cache_misses = 137643
preemptive halt, cache_misses = 137643
preemptive halt, cache_misses = 137643
preemptive halt, cache_misses = 137643
preemptive halt, cache_misses = 137643
preemptive halt, cache_misses = 137643
preemptive halt, cache_misses = 137643
preemptive halt, cache_misses = 137643
preemptive halt, cache_misses = 137643
preemptive halt, cache_misses = 137643
preemptive halt, cache_misses = 137643
preemptive halt, cache_misses = 137643
preemptive halt, cache_misses = 137643
preemptive halt, cache_misses = 137643
preemptive halt, cache_misses = 137643
preemptive halt, cache_misses = 137643
preemptive halt, cache_misses = 137643
preemptive halt, cache_misses = 137643
preemptive halt, cache_misses = 137643
preemptive halt, cache_misses = 137643
preemptive halt, cache_misses = 137643
preemptive halt, cache_misses = 137643
preemptive halt, cache_misses = 137643
preemptive halt, cache_misses = 137643
preemptive halt, cache_misses = 137643
preemptive halt, cache_misses = 137643
preemptive halt, cache_misses = 137643
preemptive halt, cache_misses = 137643
preemptive halt, cache_misses = 137643
preemptive halt, cache_misses = 137643
preemptive halt, cache_misses = 137643
preemptive halt, cache_misses = 137643
preemptive halt, cache_misses = 137643
preemptive halt, cache_misses = 137643
preemptive halt, cache_misses = 137643
preemptive halt, cache_misses = 137643
preemptive halt, cache_misses = 137643
preemptive halt, cache_misses = 137643
preemptive halt, cache_misses = 137643
preemptive halt, cache_misses = 137643
preemptive halt, cache_misses = 137643
preemptive halt, cache_misses = 137643
preemptive halt, cache_misses = 137643
preemptive halt, cache_misses = 137643
preemptive halt, cache_misses = 137643
preemptive halt, cache_misses = 137643
preemptive halt, cache_misses = 137643
preemptive halt, cache_misses = 137643
preemptive halt, cache_misses = 137643
preemptive halt, cache_misses = 137643
preemptive halt, cache_misses = 137643
preemptive halt, cache_misses = 137643
preemptive halt, cache_misses = 137643
preemptive halt, cache_misses = 137643
preemptive halt, cache_misses = 137643
preemptive halt, cache_misses = 137643
preemptive halt, cache_misses = 137643
preemptive halt, cache_misses = 137643
preemptive halt, cache_misses = 137643
preemptive halt, cache_misses = 137643
preemptive halt, cache_misses = 137643
preemptive halt, cache_misses = 137643
preemptive halt, cache_misses = 137643
preemptive halt, cache_misses = 137643
preemptive halt, cache_misses = 137643
preemptive halt, cache_misses = 137643
preemptive halt, cache_misses = 137643
preemptive halt, cache_misses = 137643
preemptive halt, cache_misses = 137643
preemptive halt, cache_misses = 137643
preemptive halt, cache_misses = 137643
preemptive halt, cache_misses = 137643
preemptive halt, cache_misses = 137643
preemptive halt, cache_misses = 137643
preemptive halt, cache_misses = 137643
preemptive halt, cache_misses = 137643
preemptive halt, cache_misses = 137643
preemptive halt, cache_misses = 137643
preemptive halt, cache_misses = 137643
preemptive halt, cache_misses = 137643
preemptive halt, cache_misses = 137643
preemptive halt, cache_misses = 137643
preemptive halt, cache_misses = 137643
preemptive halt, cache_misses = 137643
preemptive halt, cache_misses = 137643
preemptive halt, cache_misses = 137643
preemptive halt, cache_misses = 137643
preemptive halt, cache_misses = 137643
preemptive halt, cache_misses = 137643
preemptive halt, cache_misses = 137643
preemptive halt, cache_misses = 137643
preemptive halt, cache_misses = 137643
preemptive halt, cache_misses = 137643
preemptive halt, cache_misses = 137643
preemptive halt, cache_misses = 137643
preemptive halt, cache_misses = 137643
preemptive halt, cache_misses = 137643
preemptive halt, cache_misses = 137643
preemptive halt, cache_misses = 137643
preemptive halt, cache_misses = 137643
preemptive halt, cache_misses = 137643
preemptive halt, cache_misses = 137643
preemptive halt, cache_misses = 137643
preemptive halt, cache_misses = 137643
preemptive halt, cache_misses = 137643
preemptive halt, cache_misses = 137643
preemptive halt, cache_misses = 137643
preemptive halt, cache_misses = 137643
preemptive halt, cache_misses = 137643
preemptive halt, cache_misses = 137643
preemptive halt, cache_misses = 137643
preemptive halt, cache_misses = 137643
preemptive halt, cache_misses = 137643
preemptive halt, cache_misses = 137643
preemptive halt, cache_misses = 137643
preemptive halt, cache_misses = 137643
preemptive halt, cache_misses = 137643
preemptive halt, cache_misses = 137643
preemptive halt, cache_misses = 137643
preemptive halt, cache_misses = 137643
preemptive halt, cache_misses = 137643
preemptive halt, cache_misses = 137643
preemptive halt, cache_misses = 137643
preemptive halt, cache_misses = 137643
preemptive halt, cache_misses = 137643
preemptive halt, cache_misses = 137643
preemptive halt, cache_misses = 137643
binary search, size 68593  misses 137643  min 68437  max 68750
preemptive halt, cache_misses = 137644
preemptive halt, cache_misses = 137644
preemptive halt, cache_misses = 137644
preemptive halt, cache_misses = 137644
preemptive halt, cache_misses = 137644
preemptive halt, cache_misses = 137644
preemptive halt, cache_misses = 137644
preemptive halt, cache_misses = 137644
preemptive halt, cache_misses = 137644
preemptive halt, cache_misses = 137644
preemptive halt, cache_misses = 137644
preemptive halt, cache_misses = 137644
preemptive halt, cache_misses = 137644
preemptive halt, cache_misses = 137644
preemptive halt, cache_misses = 137644
preemptive halt, cache_misses = 137644
preemptive halt, cache_misses = 137644
preemptive halt, cache_misses = 137644
preemptive halt, cache_misses = 137644
preemptive halt, cache_misses = 137644
preemptive halt, cache_misses = 137644
preemptive halt, cache_misses = 137644
preemptive halt, cache_misses = 137644
preemptive halt, cache_misses = 137644
preemptive halt, cache_misses = 137644
preemptive halt, cache_misses = 137644
preemptive halt, cache_misses = 137644
preemptive halt, cache_misses = 137644
preemptive halt, cache_misses = 137644
preemptive halt, cache_misses = 137644
preemptive halt, cache_misses = 137644
preemptive halt, cache_misses = 137644
preemptive halt, cache_misses = 137644
preemptive halt, cache_misses = 137644
preemptive halt, cache_misses = 137644
preemptive halt, cache_misses = 137644
preemptive halt, cache_misses = 137644
preemptive halt, cache_misses = 137644
preemptive halt, cache_misses = 137644
preemptive halt, cache_misses = 137644
preemptive halt, cache_misses = 137644
preemptive halt, cache_misses = 137644
preemptive halt, cache_misses = 137644
preemptive halt, cache_misses = 137644
preemptive halt, cache_misses = 137644
preemptive halt, cache_misses = 137644
preemptive halt, cache_misses = 137644
preemptive halt, cache_misses = 137644
preemptive halt, cache_misses = 137644
preemptive halt, cache_misses = 137644
preemptive halt, cache_misses = 137644
preemptive halt, cache_misses = 137644
preemptive halt, cache_misses = 137644
preemptive halt, cache_misses = 137644
preemptive halt, cache_misses = 137644
preemptive halt, cache_misses = 137644
preemptive halt, cache_misses = 137644
preemptive halt, cache_misses = 137644
preemptive halt, cache_misses = 137644
preemptive halt, cache_misses = 137644
preemptive halt, cache_misses = 137644
preemptive halt, cache_misses = 137644
preemptive halt, cache_misses = 137644
preemptive halt, cache_misses = 137644
preemptive halt, cache_misses = 137644
preemptive halt, cache_misses = 137644
preemptive halt, cache_misses = 137644
preemptive halt, cache_misses = 137644
preemptive halt, cache_misses = 137644
preemptive halt, cache_misses = 137644
preemptive halt, cache_misses = 137644
preemptive halt, cache_misses = 137644
preemptive halt, cache_misses = 137644
preemptive halt, cache_misses = 137644
preemptive halt, cache_misses = 137644
preemptive halt, cache_misses = 137644
preemptive halt, cache_misses = 137644
preemptive halt, cache_misses = 137644
preemptive halt, cache_misses = 137644
preemptive halt, cache_misses = 137644
preemptive halt, cache_misses = 137644
preemptive halt, cache_misses = 137644
preemptive halt, cache_misses = 137644
preemptive halt, cache_misses = 137644
preemptive halt, cache_misses = 137644
preemptive halt, cache_misses = 137644
preemptive halt, cache_misses = 137644
preemptive halt, cache_misses = 137644
preemptive halt, cache_misses = 137644
preemptive halt, cache_misses = 137644
preemptive halt, cache_misses = 137644
preemptive halt, cache_misses = 137644
preemptive halt, cache_misses = 137644
preemptive halt, cache_misses = 137644
preemptive halt, cache_misses = 137644
preemptive halt, cache_misses = 137644
preemptive halt, cache_misses = 137644
preemptive halt, cache_misses = 137644
preemptive halt, cache_misses = 137644
preemptive halt, cache_misses = 137644
preemptive halt, cache_misses = 137644
preemptive halt, cache_misses = 137644
preemptive halt, cache_misses = 137644
preemptive halt, cache_misses = 137644
preemptive halt, cache_misses = 137644
preemptive halt, cache_misses = 137644
preemptive halt, cache_misses = 137644
preemptive halt, cache_misses = 137644
preemptive halt, cache_misses = 137644
preemptive halt, cache_misses = 137644
preemptive halt, cache_misses = 137644
preemptive halt, cache_misses = 137644
preemptive halt, cache_misses = 137644
preemptive halt, cache_misses = 137644
preemptive halt, cache_misses = 137644
preemptive halt, cache_misses = 137644
preemptive halt, cache_misses = 137644
preemptive halt, cache_misses = 137644
preemptive halt, cache_misses = 137644
preemptive halt, cache_misses = 137644
preemptive halt, cache_misses = 137644
preemptive halt, cache_misses = 137644
preemptive halt, cache_misses = 137644
preemptive halt, cache_misses = 137644
preemptive halt, cache_misses = 137644
preemptive halt, cache_misses = 137644
preemptive halt, cache_misses = 137644
preemptive halt, cache_misses = 137644
preemptive halt, cache_misses = 137644
preemptive halt, cache_misses = 137644
preemptive halt, cache_misses = 137644
preemptive halt, cache_misses = 137644
preemptive halt, cache_misses = 137644
preemptive halt, cache_misses = 137644
preemptive halt, cache_misses = 137644
preemptive halt, cache_misses = 137644
preemptive halt, cache_misses = 137644
preemptive halt, cache_misses = 137644
preemptive halt, cache_misses = 137644
preemptive halt, cache_misses = 137644
preemptive halt, cache_misses = 137644
preemptive halt, cache_misses = 137644
preemptive halt, cache_misses = 137644
preemptive halt, cache_misses = 137644
preemptive halt, cache_misses = 137644
preemptive halt, cache_misses = 137644
preemptive halt, cache_misses = 137644
preemptive halt, cache_misses = 137644
preemptive halt, cache_misses = 137644
preemptive halt, cache_misses = 137644
preemptive halt, cache_misses = 137644
preemptive halt, cache_misses = 137644
preemptive halt, cache_misses = 137644
preemptive halt, cache_misses = 137644
preemptive halt, cache_misses = 137644
preemptive halt, cache_misses = 137644
preemptive halt, cache_misses = 137644
preemptive halt, cache_misses = 137644
preemptive halt, cache_misses = 137644
preemptive halt, cache_misses = 137644
preemptive halt, cache_misses = 137644
preemptive halt, cache_misses = 137644
preemptive halt, cache_misses = 137644
preemptive halt, cache_misses = 137644
preemptive halt, cache_misses = 137644
preemptive halt, cache_misses = 137644
preemptive halt, cache_misses = 137644
preemptive halt, cache_misses = 137644
preemptive halt, cache_misses = 137644
preemptive halt, cache_misses = 137644
preemptive halt, cache_misses = 137644
preemptive halt, cache_misses = 137644
preemptive halt, cache_misses = 137644
preemptive halt, cache_misses = 137644
preemptive halt, cache_misses = 137644
preemptive halt, cache_misses = 137644
preemptive halt, cache_misses = 137644
preemptive halt, cache_misses = 137644
preemptive halt, cache_misses = 137644
preemptive halt, cache_misses = 137644
preemptive halt, cache_misses = 137644
preemptive halt, cache_misses = 137644
preemptive halt, cache_misses = 137644
preemptive halt, cache_misses = 137644
preemptive halt, cache_misses = 137644
preemptive halt, cache_misses = 137644
preemptive halt, cache_misses = 137644
preemptive halt, cache_misses = 137644
preemptive halt, cache_misses = 137644
preemptive halt, cache_misses = 137644
binary search, size 68671  misses 137644  min 68593  max 68750
preemptive halt, cache_misses = 137645
preemptive halt, cache_misses = 137645
preemptive halt, cache_misses = 137645
preemptive halt, cache_misses = 137645
preemptive halt, cache_misses = 137645
preemptive halt, cache_misses = 137645
preemptive halt, cache_misses = 137645
preemptive halt, cache_misses = 137645
preemptive halt, cache_misses = 137645
preemptive halt, cache_misses = 137645
preemptive halt, cache_misses = 137645
preemptive halt, cache_misses = 137645
preemptive halt, cache_misses = 137645
preemptive halt, cache_misses = 137645
preemptive halt, cache_misses = 137645
preemptive halt, cache_misses = 137645
preemptive halt, cache_misses = 137645
preemptive halt, cache_misses = 137645
preemptive halt, cache_misses = 137645
preemptive halt, cache_misses = 137645
preemptive halt, cache_misses = 137645
preemptive halt, cache_misses = 137645
preemptive halt, cache_misses = 137645
preemptive halt, cache_misses = 137645
preemptive halt, cache_misses = 137645
preemptive halt, cache_misses = 137645
preemptive halt, cache_misses = 137645
preemptive halt, cache_misses = 137645
preemptive halt, cache_misses = 137645
preemptive halt, cache_misses = 137645
preemptive halt, cache_misses = 137645
preemptive halt, cache_misses = 137645
preemptive halt, cache_misses = 137645
preemptive halt, cache_misses = 137645
preemptive halt, cache_misses = 137645
preemptive halt, cache_misses = 137645
preemptive halt, cache_misses = 137645
preemptive halt, cache_misses = 137645
preemptive halt, cache_misses = 137645
preemptive halt, cache_misses = 137645
preemptive halt, cache_misses = 137645
preemptive halt, cache_misses = 137645
preemptive halt, cache_misses = 137645
preemptive halt, cache_misses = 137645
preemptive halt, cache_misses = 137645
preemptive halt, cache_misses = 137645
preemptive halt, cache_misses = 137645
preemptive halt, cache_misses = 137645
preemptive halt, cache_misses = 137645
preemptive halt, cache_misses = 137645
preemptive halt, cache_misses = 137645
preemptive halt, cache_misses = 137645
preemptive halt, cache_misses = 137645
preemptive halt, cache_misses = 137645
preemptive halt, cache_misses = 137645
preemptive halt, cache_misses = 137645
preemptive halt, cache_misses = 137645
preemptive halt, cache_misses = 137645
preemptive halt, cache_misses = 137645
preemptive halt, cache_misses = 137645
preemptive halt, cache_misses = 137645
preemptive halt, cache_misses = 137645
preemptive halt, cache_misses = 137645
preemptive halt, cache_misses = 137645
preemptive halt, cache_misses = 137645
preemptive halt, cache_misses = 137645
preemptive halt, cache_misses = 137645
preemptive halt, cache_misses = 137645
preemptive halt, cache_misses = 137645
preemptive halt, cache_misses = 137645
preemptive halt, cache_misses = 137645
preemptive halt, cache_misses = 137645
preemptive halt, cache_misses = 137645
preemptive halt, cache_misses = 137645
preemptive halt, cache_misses = 137645
preemptive halt, cache_misses = 137645
preemptive halt, cache_misses = 137645
preemptive halt, cache_misses = 137645
preemptive halt, cache_misses = 137645
preemptive halt, cache_misses = 137645
preemptive halt, cache_misses = 137645
preemptive halt, cache_misses = 137645
preemptive halt, cache_misses = 137645
preemptive halt, cache_misses = 137645
preemptive halt, cache_misses = 137645
preemptive halt, cache_misses = 137645
preemptive halt, cache_misses = 137645
preemptive halt, cache_misses = 137645
preemptive halt, cache_misses = 137645
preemptive halt, cache_misses = 137645
preemptive halt, cache_misses = 137645
preemptive halt, cache_misses = 137645
preemptive halt, cache_misses = 137645
preemptive halt, cache_misses = 137645
preemptive halt, cache_misses = 137645
preemptive halt, cache_misses = 137645
preemptive halt, cache_misses = 137645
preemptive halt, cache_misses = 137645
preemptive halt, cache_misses = 137645
preemptive halt, cache_misses = 137645
preemptive halt, cache_misses = 137645
preemptive halt, cache_misses = 137645
preemptive halt, cache_misses = 137645
preemptive halt, cache_misses = 137645
preemptive halt, cache_misses = 137645
preemptive halt, cache_misses = 137645
preemptive halt, cache_misses = 137645
preemptive halt, cache_misses = 137645
preemptive halt, cache_misses = 137645
preemptive halt, cache_misses = 137645
preemptive halt, cache_misses = 137645
preemptive halt, cache_misses = 137645
preemptive halt, cache_misses = 137645
preemptive halt, cache_misses = 137645
preemptive halt, cache_misses = 137645
preemptive halt, cache_misses = 137645
preemptive halt, cache_misses = 137645
preemptive halt, cache_misses = 137645
preemptive halt, cache_misses = 137645
preemptive halt, cache_misses = 137645
preemptive halt, cache_misses = 137645
preemptive halt, cache_misses = 137645
preemptive halt, cache_misses = 137645
preemptive halt, cache_misses = 137645
preemptive halt, cache_misses = 137645
preemptive halt, cache_misses = 137645
preemptive halt, cache_misses = 137645
preemptive halt, cache_misses = 137645
preemptive halt, cache_misses = 137645
preemptive halt, cache_misses = 137645
preemptive halt, cache_misses = 137645
preemptive halt, cache_misses = 137645
preemptive halt, cache_misses = 137645
preemptive halt, cache_misses = 137645
preemptive halt, cache_misses = 137645
preemptive halt, cache_misses = 137645
preemptive halt, cache_misses = 137645
preemptive halt, cache_misses = 137645
preemptive halt, cache_misses = 137645
preemptive halt, cache_misses = 137645
preemptive halt, cache_misses = 137645
preemptive halt, cache_misses = 137645
preemptive halt, cache_misses = 137645
preemptive halt, cache_misses = 137645
preemptive halt, cache_misses = 137645
preemptive halt, cache_misses = 137645
preemptive halt, cache_misses = 137645
preemptive halt, cache_misses = 137645
preemptive halt, cache_misses = 137645
preemptive halt, cache_misses = 137645
preemptive halt, cache_misses = 137645
preemptive halt, cache_misses = 137645
preemptive halt, cache_misses = 137645
preemptive halt, cache_misses = 137645
preemptive halt, cache_misses = 137645
preemptive halt, cache_misses = 137645
preemptive halt, cache_misses = 137645
preemptive halt, cache_misses = 137645
preemptive halt, cache_misses = 137645
preemptive halt, cache_misses = 137645
preemptive halt, cache_misses = 137645
preemptive halt, cache_misses = 137645
preemptive halt, cache_misses = 137645
preemptive halt, cache_misses = 137645
preemptive halt, cache_misses = 137645
preemptive halt, cache_misses = 137645
preemptive halt, cache_misses = 137645
preemptive halt, cache_misses = 137645
preemptive halt, cache_misses = 137645
preemptive halt, cache_misses = 137645
preemptive halt, cache_misses = 137645
preemptive halt, cache_misses = 137645
preemptive halt, cache_misses = 137645
preemptive halt, cache_misses = 137645
preemptive halt, cache_misses = 137645
preemptive halt, cache_misses = 137645
preemptive halt, cache_misses = 137645
preemptive halt, cache_misses = 137645
preemptive halt, cache_misses = 137645
preemptive halt, cache_misses = 137645
preemptive halt, cache_misses = 137645
preemptive halt, cache_misses = 137645
preemptive halt, cache_misses = 137645
preemptive halt, cache_misses = 137645
preemptive halt, cache_misses = 137645
preemptive halt, cache_misses = 137645
preemptive halt, cache_misses = 137645
preemptive halt, cache_misses = 137645
preemptive halt, cache_misses = 137645
preemptive halt, cache_misses = 137645
preemptive halt, cache_misses = 137645
preemptive halt, cache_misses = 137645
binary search, size 68710  misses 137645  min 68671  max 68750
binary search, size 68730  misses 137640  min 68710  max 68750
preemptive halt, cache_misses = 137641
preemptive halt, cache_misses = 137641
preemptive halt, cache_misses = 137641
preemptive halt, cache_misses = 137641
preemptive halt, cache_misses = 137641
preemptive halt, cache_misses = 137641
preemptive halt, cache_misses = 137641
preemptive halt, cache_misses = 137641
preemptive halt, cache_misses = 137641
preemptive halt, cache_misses = 137641
preemptive halt, cache_misses = 137641
preemptive halt, cache_misses = 137641
preemptive halt, cache_misses = 137641
preemptive halt, cache_misses = 137641
preemptive halt, cache_misses = 137641
preemptive halt, cache_misses = 137641
preemptive halt, cache_misses = 137641
preemptive halt, cache_misses = 137641
preemptive halt, cache_misses = 137641
preemptive halt, cache_misses = 137641
preemptive halt, cache_misses = 137641
preemptive halt, cache_misses = 137641
preemptive halt, cache_misses = 137641
preemptive halt, cache_misses = 137641
preemptive halt, cache_misses = 137641
preemptive halt, cache_misses = 137641
preemptive halt, cache_misses = 137641
preemptive halt, cache_misses = 137641
preemptive halt, cache_misses = 137641
preemptive halt, cache_misses = 137641
preemptive halt, cache_misses = 137641
preemptive halt, cache_misses = 137641
preemptive halt, cache_misses = 137641
preemptive halt, cache_misses = 137641
preemptive halt, cache_misses = 137641
preemptive halt, cache_misses = 137641
preemptive halt, cache_misses = 137641
preemptive halt, cache_misses = 137641
preemptive halt, cache_misses = 137641
preemptive halt, cache_misses = 137641
preemptive halt, cache_misses = 137641
preemptive halt, cache_misses = 137641
preemptive halt, cache_misses = 137641
preemptive halt, cache_misses = 137641
preemptive halt, cache_misses = 137641
preemptive halt, cache_misses = 137641
preemptive halt, cache_misses = 137641
preemptive halt, cache_misses = 137641
preemptive halt, cache_misses = 137641
preemptive halt, cache_misses = 137641
preemptive halt, cache_misses = 137641
preemptive halt, cache_misses = 137641
preemptive halt, cache_misses = 137641
preemptive halt, cache_misses = 137641
preemptive halt, cache_misses = 137641
preemptive halt, cache_misses = 137641
preemptive halt, cache_misses = 137641
preemptive halt, cache_misses = 137641
preemptive halt, cache_misses = 137641
preemptive halt, cache_misses = 137641
preemptive halt, cache_misses = 137641
preemptive halt, cache_misses = 137641
preemptive halt, cache_misses = 137641
preemptive halt, cache_misses = 137641
preemptive halt, cache_misses = 137641
preemptive halt, cache_misses = 137641
preemptive halt, cache_misses = 137641
preemptive halt, cache_misses = 137641
preemptive halt, cache_misses = 137641
preemptive halt, cache_misses = 137641
preemptive halt, cache_misses = 137641
preemptive halt, cache_misses = 137641
preemptive halt, cache_misses = 137641
preemptive halt, cache_misses = 137641
preemptive halt, cache_misses = 137641
preemptive halt, cache_misses = 137641
preemptive halt, cache_misses = 137641
preemptive halt, cache_misses = 137641
preemptive halt, cache_misses = 137641
preemptive halt, cache_misses = 137641
preemptive halt, cache_misses = 137641
preemptive halt, cache_misses = 137641
preemptive halt, cache_misses = 137641
preemptive halt, cache_misses = 137641
preemptive halt, cache_misses = 137641
preemptive halt, cache_misses = 137641
preemptive halt, cache_misses = 137641
preemptive halt, cache_misses = 137641
preemptive halt, cache_misses = 137641
preemptive halt, cache_misses = 137641
preemptive halt, cache_misses = 137641
preemptive halt, cache_misses = 137641
preemptive halt, cache_misses = 137641
preemptive halt, cache_misses = 137641
preemptive halt, cache_misses = 137641
preemptive halt, cache_misses = 137641
preemptive halt, cache_misses = 137641
preemptive halt, cache_misses = 137641
preemptive halt, cache_misses = 137641
preemptive halt, cache_misses = 137641
preemptive halt, cache_misses = 137641
preemptive halt, cache_misses = 137641
preemptive halt, cache_misses = 137641
preemptive halt, cache_misses = 137641
preemptive halt, cache_misses = 137641
preemptive halt, cache_misses = 137641
preemptive halt, cache_misses = 137641
preemptive halt, cache_misses = 137641
preemptive halt, cache_misses = 137641
preemptive halt, cache_misses = 137641
preemptive halt, cache_misses = 137641
preemptive halt, cache_misses = 137641
preemptive halt, cache_misses = 137641
preemptive halt, cache_misses = 137641
preemptive halt, cache_misses = 137641
preemptive halt, cache_misses = 137641
preemptive halt, cache_misses = 137641
preemptive halt, cache_misses = 137641
preemptive halt, cache_misses = 137641
preemptive halt, cache_misses = 137641
preemptive halt, cache_misses = 137641
preemptive halt, cache_misses = 137641
preemptive halt, cache_misses = 137641
preemptive halt, cache_misses = 137641
preemptive halt, cache_misses = 137641
preemptive halt, cache_misses = 137641
preemptive halt, cache_misses = 137641
preemptive halt, cache_misses = 137641
preemptive halt, cache_misses = 137641
preemptive halt, cache_misses = 137641
preemptive halt, cache_misses = 137641
preemptive halt, cache_misses = 137641
preemptive halt, cache_misses = 137641
preemptive halt, cache_misses = 137641
preemptive halt, cache_misses = 137641
preemptive halt, cache_misses = 137641
preemptive halt, cache_misses = 137641
preemptive halt, cache_misses = 137641
preemptive halt, cache_misses = 137641
preemptive halt, cache_misses = 137641
preemptive halt, cache_misses = 137641
preemptive halt, cache_misses = 137641
preemptive halt, cache_misses = 137641
preemptive halt, cache_misses = 137641
preemptive halt, cache_misses = 137641
preemptive halt, cache_misses = 137641
preemptive halt, cache_misses = 137641
preemptive halt, cache_misses = 137641
preemptive halt, cache_misses = 137641
preemptive halt, cache_misses = 137641
preemptive halt, cache_misses = 137641
preemptive halt, cache_misses = 137641
preemptive halt, cache_misses = 137641
preemptive halt, cache_misses = 137641
preemptive halt, cache_misses = 137641
preemptive halt, cache_misses = 137641
preemptive halt, cache_misses = 137641
preemptive halt, cache_misses = 137641
preemptive halt, cache_misses = 137641
preemptive halt, cache_misses = 137641
preemptive halt, cache_misses = 137641
preemptive halt, cache_misses = 137641
preemptive halt, cache_misses = 137641
preemptive halt, cache_misses = 137641
preemptive halt, cache_misses = 137641
preemptive halt, cache_misses = 137641
preemptive halt, cache_misses = 137641
preemptive halt, cache_misses = 137641
preemptive halt, cache_misses = 137641
preemptive halt, cache_misses = 137641
preemptive halt, cache_misses = 137641
preemptive halt, cache_misses = 137641
preemptive halt, cache_misses = 137641
preemptive halt, cache_misses = 137641
preemptive halt, cache_misses = 137641
preemptive halt, cache_misses = 137641
preemptive halt, cache_misses = 137641
preemptive halt, cache_misses = 137641
preemptive halt, cache_misses = 137641
preemptive halt, cache_misses = 137641
preemptive halt, cache_misses = 137641
preemptive halt, cache_misses = 137641
preemptive halt, cache_misses = 137641
preemptive halt, cache_misses = 137641
binary search, size 68720  misses 137641  min 68710  max 68730
preemptive halt, cache_misses = 137642
preemptive halt, cache_misses = 137642
preemptive halt, cache_misses = 137642
preemptive halt, cache_misses = 137642
preemptive halt, cache_misses = 137642
preemptive halt, cache_misses = 137642
preemptive halt, cache_misses = 137642
preemptive halt, cache_misses = 137642
preemptive halt, cache_misses = 137642
preemptive halt, cache_misses = 137642
preemptive halt, cache_misses = 137642
preemptive halt, cache_misses = 137642
preemptive halt, cache_misses = 137642
preemptive halt, cache_misses = 137642
preemptive halt, cache_misses = 137642
preemptive halt, cache_misses = 137642
preemptive halt, cache_misses = 137642
preemptive halt, cache_misses = 137642
preemptive halt, cache_misses = 137642
preemptive halt, cache_misses = 137642
preemptive halt, cache_misses = 137642
preemptive halt, cache_misses = 137642
preemptive halt, cache_misses = 137642
preemptive halt, cache_misses = 137642
preemptive halt, cache_misses = 137642
preemptive halt, cache_misses = 137642
preemptive halt, cache_misses = 137642
preemptive halt, cache_misses = 137642
preemptive halt, cache_misses = 137642
preemptive halt, cache_misses = 137642
preemptive halt, cache_misses = 137642
preemptive halt, cache_misses = 137642
preemptive halt, cache_misses = 137642
preemptive halt, cache_misses = 137642
preemptive halt, cache_misses = 137642
preemptive halt, cache_misses = 137642
preemptive halt, cache_misses = 137642
preemptive halt, cache_misses = 137642
preemptive halt, cache_misses = 137642
preemptive halt, cache_misses = 137642
preemptive halt, cache_misses = 137642
preemptive halt, cache_misses = 137642
preemptive halt, cache_misses = 137642
preemptive halt, cache_misses = 137642
preemptive halt, cache_misses = 137642
preemptive halt, cache_misses = 137642
preemptive halt, cache_misses = 137642
preemptive halt, cache_misses = 137642
preemptive halt, cache_misses = 137642
preemptive halt, cache_misses = 137642
preemptive halt, cache_misses = 137642
preemptive halt, cache_misses = 137642
preemptive halt, cache_misses = 137642
preemptive halt, cache_misses = 137642
preemptive halt, cache_misses = 137642
preemptive halt, cache_misses = 137642
preemptive halt, cache_misses = 137642
preemptive halt, cache_misses = 137642
preemptive halt, cache_misses = 137642
preemptive halt, cache_misses = 137642
preemptive halt, cache_misses = 137642
preemptive halt, cache_misses = 137642
preemptive halt, cache_misses = 137642
preemptive halt, cache_misses = 137642
preemptive halt, cache_misses = 137642
preemptive halt, cache_misses = 137642
preemptive halt, cache_misses = 137642
preemptive halt, cache_misses = 137642
preemptive halt, cache_misses = 137642
preemptive halt, cache_misses = 137642
preemptive halt, cache_misses = 137642
preemptive halt, cache_misses = 137642
preemptive halt, cache_misses = 137642
preemptive halt, cache_misses = 137642
preemptive halt, cache_misses = 137642
preemptive halt, cache_misses = 137642
preemptive halt, cache_misses = 137642
preemptive halt, cache_misses = 137642
preemptive halt, cache_misses = 137642
preemptive halt, cache_misses = 137642
preemptive halt, cache_misses = 137642
preemptive halt, cache_misses = 137642
preemptive halt, cache_misses = 137642
preemptive halt, cache_misses = 137642
preemptive halt, cache_misses = 137642
preemptive halt, cache_misses = 137642
preemptive halt, cache_misses = 137642
preemptive halt, cache_misses = 137642
preemptive halt, cache_misses = 137642
preemptive halt, cache_misses = 137642
preemptive halt, cache_misses = 137642
preemptive halt, cache_misses = 137642
preemptive halt, cache_misses = 137642
preemptive halt, cache_misses = 137642
preemptive halt, cache_misses = 137642
preemptive halt, cache_misses = 137642
preemptive halt, cache_misses = 137642
preemptive halt, cache_misses = 137642
preemptive halt, cache_misses = 137642
preemptive halt, cache_misses = 137642
preemptive halt, cache_misses = 137642
preemptive halt, cache_misses = 137642
preemptive halt, cache_misses = 137642
preemptive halt, cache_misses = 137642
preemptive halt, cache_misses = 137642
preemptive halt, cache_misses = 137642
preemptive halt, cache_misses = 137642
preemptive halt, cache_misses = 137642
preemptive halt, cache_misses = 137642
preemptive halt, cache_misses = 137642
preemptive halt, cache_misses = 137642
preemptive halt, cache_misses = 137642
preemptive halt, cache_misses = 137642
preemptive halt, cache_misses = 137642
preemptive halt, cache_misses = 137642
preemptive halt, cache_misses = 137642
preemptive halt, cache_misses = 137642
preemptive halt, cache_misses = 137642
preemptive halt, cache_misses = 137642
preemptive halt, cache_misses = 137642
preemptive halt, cache_misses = 137642
preemptive halt, cache_misses = 137642
preemptive halt, cache_misses = 137642
preemptive halt, cache_misses = 137642
preemptive halt, cache_misses = 137642
preemptive halt, cache_misses = 137642
preemptive halt, cache_misses = 137642
preemptive halt, cache_misses = 137642
preemptive halt, cache_misses = 137642
preemptive halt, cache_misses = 137642
preemptive halt, cache_misses = 137642
preemptive halt, cache_misses = 137642
preemptive halt, cache_misses = 137642
preemptive halt, cache_misses = 137642
preemptive halt, cache_misses = 137642
preemptive halt, cache_misses = 137642
preemptive halt, cache_misses = 137642
preemptive halt, cache_misses = 137642
preemptive halt, cache_misses = 137642
preemptive halt, cache_misses = 137642
preemptive halt, cache_misses = 137642
preemptive halt, cache_misses = 137642
preemptive halt, cache_misses = 137642
preemptive halt, cache_misses = 137642
preemptive halt, cache_misses = 137642
preemptive halt, cache_misses = 137642
preemptive halt, cache_misses = 137642
preemptive halt, cache_misses = 137642
preemptive halt, cache_misses = 137642
preemptive halt, cache_misses = 137642
preemptive halt, cache_misses = 137642
preemptive halt, cache_misses = 137642
preemptive halt, cache_misses = 137642
preemptive halt, cache_misses = 137642
preemptive halt, cache_misses = 137642
preemptive halt, cache_misses = 137642
preemptive halt, cache_misses = 137642
preemptive halt, cache_misses = 137642
preemptive halt, cache_misses = 137642
preemptive halt, cache_misses = 137642
preemptive halt, cache_misses = 137642
preemptive halt, cache_misses = 137642
preemptive halt, cache_misses = 137642
preemptive halt, cache_misses = 137642
preemptive halt, cache_misses = 137642
preemptive halt, cache_misses = 137642
preemptive halt, cache_misses = 137642
preemptive halt, cache_misses = 137642
preemptive halt, cache_misses = 137642
preemptive halt, cache_misses = 137642
preemptive halt, cache_misses = 137642
preemptive halt, cache_misses = 137642
preemptive halt, cache_misses = 137642
preemptive halt, cache_misses = 137642
preemptive halt, cache_misses = 137642
preemptive halt, cache_misses = 137642
preemptive halt, cache_misses = 137642
preemptive halt, cache_misses = 137642
preemptive halt, cache_misses = 137642
preemptive halt, cache_misses = 137642
preemptive halt, cache_misses = 137642
preemptive halt, cache_misses = 137642
preemptive halt, cache_misses = 137642
preemptive halt, cache_misses = 137642
preemptive halt, cache_misses = 137642
preemptive halt, cache_misses = 137642
binary search, size 68725  misses 137642  min 68720  max 68730
binary search, size 68727  misses 137640  min 68725  max 68730
binary search, size 68726  misses 137640  min 68725  max 68727
characteristic cache size (binary search) for 370 = 68726
End at: 2021-04-02 15:49:58.954804
Time elapsed: 0:00:02.401757
