Begin at: 2021-04-02 15:50:37.729380
['../dist/Debug/GNU-Linux/memo_batch_tester', '', '--mbt_execution_trace_fname', 'olcs4_traceback_csize_input_types/OLCS4_lru_2021_04_02__15_44_32_k_3__d_2_cache_size_160000_problems_10_to_400/OLCS4_lru_2021_04_02__15_44_32_k_3__d_2_cache_size_160000_problems_10_to_400/OLCS4__do_traceback_prob_size_386_cache_size_160000_lru_k_3_d_2_execution_trace_2021_4_2_15_50_37_pid_19488.log', '--mbt_cache_misses_fname', 'olcs4_traceback_csize_input_types/OLCS4_lru_2021_04_02__15_44_32_k_3__d_2_cache_size_160000_problems_10_to_400/lcs_cost_OLCS4_lru_misses_for_cache_size.csv', '--mbt_misses_for_problem_size_fname', 'olcs4_traceback_csize_input_types/OLCS4_lru_2021_04_02__15_44_32_k_3__d_2_cache_size_160000_problems_10_to_400/lcs_cost_OLCS4_lru_misses_for_problem_size.csv', '--mbt_exact_cutoff_min_cache_size', '160000', '--mbt_exact_cutoff_max_cache_size', '160000', '--mbt_problem_type', 'lcs', '--mbt_metric_type', 'csize_binary_search', '--mbt_cutoff_ratio', '2.2', '--mbt_instance_fname', '386', '--mbt_detailed_cache_misses_out_fname', 'csize_olcs4_traceback_0011n_ceil_n_b_4.csv', '--mbt_phi_N', '5.0', '--mbt_problem_size', '386', '--lcs_compute_length', '0', '--lcs_perform_traceback', '1', '--lig_instance_type', '0011n_ceil_n_b', '--lig_n', '386', '--lig_c', '0.9', '--lig_b', '4.0', '--lcs_oblivious', '4', '--lcs_execution_trace_fname', 'olcs4_traceback_csize_input_types/OLCS4_lru_2021_04_02__15_44_32_k_3__d_2_cache_size_160000_problems_10_to_400/OLCS4_lru_2021_04_02__15_44_32_k_3__d_2_cache_size_160000_problems_10_to_400/OLCS4__do_traceback_prob_size_386_cache_size_160000_lru_k_3_d_2_execution_trace_2021_4_2_15_50_37_pid_19488.log', '--memo_caching_strategy', 'lru', '--memo_cache_size', '160001', '--memo_lru_queue_size', '160000', '--memo_cuckoo_k', '4', '--memo_key_length', '8', '--memo_value_length', '8', '--memo_k_timestamps', '3', '--memo_d_recent_timestamps', '2', '--memo_a_items_per_timestamp_factor', '0.4375']

csize_binary_search chosen
lcs problem_type lcs cache_size 160001
initialize_long_int_cache begin
init_memo
arguments to memo:
 --mbt_execution_trace_fname olcs4_traceback_csize_input_types/OLCS4_lru_2021_04_02__15_44_32_k_3__d_2_cache_size_160000_problems_10_to_400/OLCS4_lru_2021_04_02__15_44_32_k_3__d_2_cache_size_160000_problems_10_to_400/OLCS4__do_traceback_prob_size_386_cache_size_160000_lru_k_3_d_2_execution_trace_2021_4_2_15_50_37_pid_19488.log --mbt_cache_misses_fname olcs4_traceback_csize_input_types/OLCS4_lru_2021_04_02__15_44_32_k_3__d_2_cache_size_160000_problems_10_to_400/lcs_cost_OLCS4_lru_misses_for_cache_size.csv --mbt_misses_for_problem_size_fname olcs4_traceback_csize_input_types/OLCS4_lru_2021_04_02__15_44_32_k_3__d_2_cache_size_160000_problems_10_to_400/lcs_cost_OLCS4_lru_misses_for_problem_size.csv --mbt_exact_cutoff_min_cache_size 160000 --mbt_exact_cutoff_max_cache_size 160000 --mbt_problem_type lcs --mbt_metric_type csize_binary_search --mbt_cutoff_ratio 2.2 --mbt_instance_fname 386 --mbt_detailed_cache_misses_out_fname csize_olcs4_traceback_0011n_ceil_n_b_4.csv --mbt_phi_N 5.0 --mbt_problem_size 386 --lcs_compute_length 0 --lcs_perform_traceback 1 --lig_instance_type 0011n_ceil_n_b --lig_n 386 --lig_c 0.9 --lig_b 4.0 --lcs_oblivious 4 --lcs_execution_trace_fname olcs4_traceback_csize_input_types/OLCS4_lru_2021_04_02__15_44_32_k_3__d_2_cache_size_160000_problems_10_to_400/OLCS4_lru_2021_04_02__15_44_32_k_3__d_2_cache_size_160000_problems_10_to_400/OLCS4__do_traceback_prob_size_386_cache_size_160000_lru_k_3_d_2_execution_trace_2021_4_2_15_50_37_pid_19488.log --memo_caching_strategy lru --memo_cache_size 160001 --memo_lru_queue_size 160000 --memo_cuckoo_k 4 --memo_key_length 8 --memo_value_length 8 --memo_k_timestamps 3 --memo_d_recent_timestamps 2 --memo_a_items_per_timestamp_factor 0.4375 
calculate_table_size: table_size is 262144, original is 160001
Finished initializing cache
initialize_long_int_cache end
done initializing cache
initializing problem
done initializing problem
commence trials
Starting characteristic_cache_size_binary_search with max cache size 160001
binary search, size 160001  misses 149768
binary search, size 80000  misses 149768  min 0  max 160001
preemptive halt, cache_misses = 149769
preemptive halt, cache_misses = 149769
preemptive halt, cache_misses = 149769
preemptive halt, cache_misses = 149769
preemptive halt, cache_misses = 149769
preemptive halt, cache_misses = 149769
preemptive halt, cache_misses = 149769
preemptive halt, cache_misses = 149769
preemptive halt, cache_misses = 149769
preemptive halt, cache_misses = 149769
preemptive halt, cache_misses = 149769
preemptive halt, cache_misses = 149769
preemptive halt, cache_misses = 149769
preemptive halt, cache_misses = 149769
preemptive halt, cache_misses = 149769
preemptive halt, cache_misses = 149769
preemptive halt, cache_misses = 149769
preemptive halt, cache_misses = 149769
preemptive halt, cache_misses = 149769
preemptive halt, cache_misses = 149769
preemptive halt, cache_misses = 149769
preemptive halt, cache_misses = 149769
preemptive halt, cache_misses = 149769
preemptive halt, cache_misses = 149769
preemptive halt, cache_misses = 149769
preemptive halt, cache_misses = 149769
preemptive halt, cache_misses = 149769
preemptive halt, cache_misses = 149769
preemptive halt, cache_misses = 149769
preemptive halt, cache_misses = 149769
preemptive halt, cache_misses = 149769
preemptive halt, cache_misses = 149769
preemptive halt, cache_misses = 149769
preemptive halt, cache_misses = 149769
preemptive halt, cache_misses = 149769
preemptive halt, cache_misses = 149769
preemptive halt, cache_misses = 149769
preemptive halt, cache_misses = 149769
preemptive halt, cache_misses = 149769
preemptive halt, cache_misses = 149769
preemptive halt, cache_misses = 149769
preemptive halt, cache_misses = 149769
preemptive halt, cache_misses = 149769
preemptive halt, cache_misses = 149769
preemptive halt, cache_misses = 149769
preemptive halt, cache_misses = 149769
preemptive halt, cache_misses = 149769
preemptive halt, cache_misses = 149769
preemptive halt, cache_misses = 149769
preemptive halt, cache_misses = 149769
preemptive halt, cache_misses = 149769
preemptive halt, cache_misses = 149769
preemptive halt, cache_misses = 149769
preemptive halt, cache_misses = 149769
preemptive halt, cache_misses = 149769
preemptive halt, cache_misses = 149769
preemptive halt, cache_misses = 149769
preemptive halt, cache_misses = 149769
preemptive halt, cache_misses = 149769
preemptive halt, cache_misses = 149769
preemptive halt, cache_misses = 149769
preemptive halt, cache_misses = 149769
preemptive halt, cache_misses = 149769
preemptive halt, cache_misses = 149769
preemptive halt, cache_misses = 149769
preemptive halt, cache_misses = 149769
preemptive halt, cache_misses = 149769
preemptive halt, cache_misses = 149769
preemptive halt, cache_misses = 149769
preemptive halt, cache_misses = 149769
preemptive halt, cache_misses = 149769
preemptive halt, cache_misses = 149769
preemptive halt, cache_misses = 149769
preemptive halt, cache_misses = 149769
preemptive halt, cache_misses = 149769
preemptive halt, cache_misses = 149769
preemptive halt, cache_misses = 149769
preemptive halt, cache_misses = 149769
preemptive halt, cache_misses = 149769
preemptive halt, cache_misses = 149769
preemptive halt, cache_misses = 149769
preemptive halt, cache_misses = 149769
preemptive halt, cache_misses = 149769
preemptive halt, cache_misses = 149769
preemptive halt, cache_misses = 149769
preemptive halt, cache_misses = 149769
preemptive halt, cache_misses = 149769
preemptive halt, cache_misses = 149769
preemptive halt, cache_misses = 149769
preemptive halt, cache_misses = 149769
preemptive halt, cache_misses = 149769
preemptive halt, cache_misses = 149769
preemptive halt, cache_misses = 149769
preemptive halt, cache_misses = 149769
preemptive halt, cache_misses = 149769
preemptive halt, cache_misses = 149769
preemptive halt, cache_misses = 149769
preemptive halt, cache_misses = 149769
preemptive halt, cache_misses = 149769
preemptive halt, cache_misses = 149769
preemptive halt, cache_misses = 149769
preemptive halt, cache_misses = 149769
preemptive halt, cache_misses = 149769
preemptive halt, cache_misses = 149769
preemptive halt, cache_misses = 149769
preemptive halt, cache_misses = 149769
preemptive halt, cache_misses = 149769
preemptive halt, cache_misses = 149769
preemptive halt, cache_misses = 149769
preemptive halt, cache_misses = 149769
preemptive halt, cache_misses = 149769
preemptive halt, cache_misses = 149769
preemptive halt, cache_misses = 149769
preemptive halt, cache_misses = 149769
preemptive halt, cache_misses = 149769
preemptive halt, cache_misses = 149769
preemptive halt, cache_misses = 149769
preemptive halt, cache_misses = 149769
preemptive halt, cache_misses = 149769
preemptive halt, cache_misses = 149769
preemptive halt, cache_misses = 149769
preemptive halt, cache_misses = 149769
preemptive halt, cache_misses = 149769
preemptive halt, cache_misses = 149769
preemptive halt, cache_misses = 149769
preemptive halt, cache_misses = 149769
preemptive halt, cache_misses = 149769
preemptive halt, cache_misses = 149769
preemptive halt, cache_misses = 149769
preemptive halt, cache_misses = 149769
preemptive halt, cache_misses = 149769
preemptive halt, cache_misses = 149769
preemptive halt, cache_misses = 149769
preemptive halt, cache_misses = 149769
preemptive halt, cache_misses = 149769
preemptive halt, cache_misses = 149769
preemptive halt, cache_misses = 149769
preemptive halt, cache_misses = 149769
preemptive halt, cache_misses = 149769
preemptive halt, cache_misses = 149769
preemptive halt, cache_misses = 149769
preemptive halt, cache_misses = 149769
preemptive halt, cache_misses = 149769
preemptive halt, cache_misses = 149769
preemptive halt, cache_misses = 149769
preemptive halt, cache_misses = 149769
preemptive halt, cache_misses = 149769
preemptive halt, cache_misses = 149769
preemptive halt, cache_misses = 149769
preemptive halt, cache_misses = 149769
preemptive halt, cache_misses = 149769
preemptive halt, cache_misses = 149769
preemptive halt, cache_misses = 149769
preemptive halt, cache_misses = 149769
preemptive halt, cache_misses = 149769
preemptive halt, cache_misses = 149769
preemptive halt, cache_misses = 149769
preemptive halt, cache_misses = 149769
preemptive halt, cache_misses = 149769
preemptive halt, cache_misses = 149769
preemptive halt, cache_misses = 149769
preemptive halt, cache_misses = 149769
preemptive halt, cache_misses = 149769
preemptive halt, cache_misses = 149769
preemptive halt, cache_misses = 149769
preemptive halt, cache_misses = 149769
preemptive halt, cache_misses = 149769
preemptive halt, cache_misses = 149769
preemptive halt, cache_misses = 149769
preemptive halt, cache_misses = 149769
preemptive halt, cache_misses = 149769
preemptive halt, cache_misses = 149769
preemptive halt, cache_misses = 149769
preemptive halt, cache_misses = 149769
preemptive halt, cache_misses = 149769
preemptive halt, cache_misses = 149769
preemptive halt, cache_misses = 149769
preemptive halt, cache_misses = 149769
preemptive halt, cache_misses = 149769
preemptive halt, cache_misses = 149769
preemptive halt, cache_misses = 149769
preemptive halt, cache_misses = 149769
preemptive halt, cache_misses = 149769
preemptive halt, cache_misses = 149769
preemptive halt, cache_misses = 149769
preemptive halt, cache_misses = 149769
preemptive halt, cache_misses = 149769
preemptive halt, cache_misses = 149769
preemptive halt, cache_misses = 149769
preemptive halt, cache_misses = 149769
preemptive halt, cache_misses = 149769
preemptive halt, cache_misses = 149769
binary search, size 40000  misses 149769  min 0  max 80000
preemptive halt, cache_misses = 149770
preemptive halt, cache_misses = 149770
preemptive halt, cache_misses = 149770
preemptive halt, cache_misses = 149770
preemptive halt, cache_misses = 149770
preemptive halt, cache_misses = 149770
preemptive halt, cache_misses = 149770
preemptive halt, cache_misses = 149770
preemptive halt, cache_misses = 149770
preemptive halt, cache_misses = 149770
preemptive halt, cache_misses = 149770
preemptive halt, cache_misses = 149770
preemptive halt, cache_misses = 149770
preemptive halt, cache_misses = 149770
preemptive halt, cache_misses = 149770
preemptive halt, cache_misses = 149770
preemptive halt, cache_misses = 149770
preemptive halt, cache_misses = 149770
preemptive halt, cache_misses = 149770
preemptive halt, cache_misses = 149770
preemptive halt, cache_misses = 149770
preemptive halt, cache_misses = 149770
preemptive halt, cache_misses = 149770
preemptive halt, cache_misses = 149770
preemptive halt, cache_misses = 149770
preemptive halt, cache_misses = 149770
preemptive halt, cache_misses = 149770
preemptive halt, cache_misses = 149770
preemptive halt, cache_misses = 149770
preemptive halt, cache_misses = 149770
preemptive halt, cache_misses = 149770
preemptive halt, cache_misses = 149770
preemptive halt, cache_misses = 149770
preemptive halt, cache_misses = 149770
preemptive halt, cache_misses = 149770
preemptive halt, cache_misses = 149770
preemptive halt, cache_misses = 149770
preemptive halt, cache_misses = 149770
preemptive halt, cache_misses = 149770
preemptive halt, cache_misses = 149770
preemptive halt, cache_misses = 149770
preemptive halt, cache_misses = 149770
preemptive halt, cache_misses = 149770
preemptive halt, cache_misses = 149770
preemptive halt, cache_misses = 149770
preemptive halt, cache_misses = 149770
preemptive halt, cache_misses = 149770
preemptive halt, cache_misses = 149770
preemptive halt, cache_misses = 149770
preemptive halt, cache_misses = 149770
preemptive halt, cache_misses = 149770
preemptive halt, cache_misses = 149770
preemptive halt, cache_misses = 149770
preemptive halt, cache_misses = 149770
preemptive halt, cache_misses = 149770
preemptive halt, cache_misses = 149770
preemptive halt, cache_misses = 149770
preemptive halt, cache_misses = 149770
preemptive halt, cache_misses = 149770
preemptive halt, cache_misses = 149770
preemptive halt, cache_misses = 149770
preemptive halt, cache_misses = 149770
preemptive halt, cache_misses = 149770
preemptive halt, cache_misses = 149770
preemptive halt, cache_misses = 149770
preemptive halt, cache_misses = 149770
preemptive halt, cache_misses = 149770
preemptive halt, cache_misses = 149770
preemptive halt, cache_misses = 149770
preemptive halt, cache_misses = 149770
preemptive halt, cache_misses = 149770
preemptive halt, cache_misses = 149770
preemptive halt, cache_misses = 149770
preemptive halt, cache_misses = 149770
preemptive halt, cache_misses = 149770
preemptive halt, cache_misses = 149770
preemptive halt, cache_misses = 149770
preemptive halt, cache_misses = 149770
preemptive halt, cache_misses = 149770
preemptive halt, cache_misses = 149770
preemptive halt, cache_misses = 149770
preemptive halt, cache_misses = 149770
preemptive halt, cache_misses = 149770
preemptive halt, cache_misses = 149770
preemptive halt, cache_misses = 149770
preemptive halt, cache_misses = 149770
preemptive halt, cache_misses = 149770
preemptive halt, cache_misses = 149770
preemptive halt, cache_misses = 149770
preemptive halt, cache_misses = 149770
preemptive halt, cache_misses = 149770
preemptive halt, cache_misses = 149770
preemptive halt, cache_misses = 149770
preemptive halt, cache_misses = 149770
preemptive halt, cache_misses = 149770
preemptive halt, cache_misses = 149770
preemptive halt, cache_misses = 149770
preemptive halt, cache_misses = 149770
preemptive halt, cache_misses = 149770
preemptive halt, cache_misses = 149770
preemptive halt, cache_misses = 149770
preemptive halt, cache_misses = 149770
preemptive halt, cache_misses = 149770
preemptive halt, cache_misses = 149770
preemptive halt, cache_misses = 149770
preemptive halt, cache_misses = 149770
preemptive halt, cache_misses = 149770
preemptive halt, cache_misses = 149770
preemptive halt, cache_misses = 149770
preemptive halt, cache_misses = 149770
preemptive halt, cache_misses = 149770
preemptive halt, cache_misses = 149770
preemptive halt, cache_misses = 149770
preemptive halt, cache_misses = 149770
preemptive halt, cache_misses = 149770
preemptive halt, cache_misses = 149770
preemptive halt, cache_misses = 149770
preemptive halt, cache_misses = 149770
preemptive halt, cache_misses = 149770
preemptive halt, cache_misses = 149770
preemptive halt, cache_misses = 149770
preemptive halt, cache_misses = 149770
preemptive halt, cache_misses = 149770
preemptive halt, cache_misses = 149770
preemptive halt, cache_misses = 149770
preemptive halt, cache_misses = 149770
preemptive halt, cache_misses = 149770
preemptive halt, cache_misses = 149770
preemptive halt, cache_misses = 149770
preemptive halt, cache_misses = 149770
preemptive halt, cache_misses = 149770
preemptive halt, cache_misses = 149770
preemptive halt, cache_misses = 149770
preemptive halt, cache_misses = 149770
preemptive halt, cache_misses = 149770
preemptive halt, cache_misses = 149770
preemptive halt, cache_misses = 149770
preemptive halt, cache_misses = 149770
preemptive halt, cache_misses = 149770
preemptive halt, cache_misses = 149770
preemptive halt, cache_misses = 149770
preemptive halt, cache_misses = 149770
preemptive halt, cache_misses = 149770
preemptive halt, cache_misses = 149770
preemptive halt, cache_misses = 149770
preemptive halt, cache_misses = 149770
preemptive halt, cache_misses = 149770
preemptive halt, cache_misses = 149770
preemptive halt, cache_misses = 149770
preemptive halt, cache_misses = 149770
preemptive halt, cache_misses = 149770
preemptive halt, cache_misses = 149770
preemptive halt, cache_misses = 149770
preemptive halt, cache_misses = 149770
preemptive halt, cache_misses = 149770
preemptive halt, cache_misses = 149770
preemptive halt, cache_misses = 149770
preemptive halt, cache_misses = 149770
preemptive halt, cache_misses = 149770
preemptive halt, cache_misses = 149770
preemptive halt, cache_misses = 149770
preemptive halt, cache_misses = 149770
preemptive halt, cache_misses = 149770
preemptive halt, cache_misses = 149770
preemptive halt, cache_misses = 149770
preemptive halt, cache_misses = 149770
preemptive halt, cache_misses = 149770
preemptive halt, cache_misses = 149770
preemptive halt, cache_misses = 149770
preemptive halt, cache_misses = 149770
preemptive halt, cache_misses = 149770
preemptive halt, cache_misses = 149770
preemptive halt, cache_misses = 149770
preemptive halt, cache_misses = 149770
preemptive halt, cache_misses = 149770
preemptive halt, cache_misses = 149770
preemptive halt, cache_misses = 149770
preemptive halt, cache_misses = 149770
preemptive halt, cache_misses = 149770
preemptive halt, cache_misses = 149770
preemptive halt, cache_misses = 149770
preemptive halt, cache_misses = 149770
preemptive halt, cache_misses = 149770
preemptive halt, cache_misses = 149770
preemptive halt, cache_misses = 149770
preemptive halt, cache_misses = 149770
preemptive halt, cache_misses = 149770
preemptive halt, cache_misses = 149770
preemptive halt, cache_misses = 149770
preemptive halt, cache_misses = 149770
preemptive halt, cache_misses = 149770
preemptive halt, cache_misses = 149770
preemptive halt, cache_misses = 149770
preemptive halt, cache_misses = 149770
binary search, size 60000  misses 149770  min 40000  max 80000
preemptive halt, cache_misses = 149771
preemptive halt, cache_misses = 149771
preemptive halt, cache_misses = 149771
preemptive halt, cache_misses = 149771
preemptive halt, cache_misses = 149771
preemptive halt, cache_misses = 149771
preemptive halt, cache_misses = 149771
preemptive halt, cache_misses = 149771
preemptive halt, cache_misses = 149771
preemptive halt, cache_misses = 149771
preemptive halt, cache_misses = 149771
preemptive halt, cache_misses = 149771
preemptive halt, cache_misses = 149771
preemptive halt, cache_misses = 149771
preemptive halt, cache_misses = 149771
preemptive halt, cache_misses = 149771
preemptive halt, cache_misses = 149771
preemptive halt, cache_misses = 149771
preemptive halt, cache_misses = 149771
preemptive halt, cache_misses = 149771
preemptive halt, cache_misses = 149771
preemptive halt, cache_misses = 149771
preemptive halt, cache_misses = 149771
preemptive halt, cache_misses = 149771
preemptive halt, cache_misses = 149771
preemptive halt, cache_misses = 149771
preemptive halt, cache_misses = 149771
preemptive halt, cache_misses = 149771
preemptive halt, cache_misses = 149771
preemptive halt, cache_misses = 149771
preemptive halt, cache_misses = 149771
preemptive halt, cache_misses = 149771
preemptive halt, cache_misses = 149771
preemptive halt, cache_misses = 149771
preemptive halt, cache_misses = 149771
preemptive halt, cache_misses = 149771
preemptive halt, cache_misses = 149771
preemptive halt, cache_misses = 149771
preemptive halt, cache_misses = 149771
preemptive halt, cache_misses = 149771
preemptive halt, cache_misses = 149771
preemptive halt, cache_misses = 149771
preemptive halt, cache_misses = 149771
preemptive halt, cache_misses = 149771
preemptive halt, cache_misses = 149771
preemptive halt, cache_misses = 149771
preemptive halt, cache_misses = 149771
preemptive halt, cache_misses = 149771
preemptive halt, cache_misses = 149771
preemptive halt, cache_misses = 149771
preemptive halt, cache_misses = 149771
preemptive halt, cache_misses = 149771
preemptive halt, cache_misses = 149771
preemptive halt, cache_misses = 149771
preemptive halt, cache_misses = 149771
preemptive halt, cache_misses = 149771
preemptive halt, cache_misses = 149771
preemptive halt, cache_misses = 149771
preemptive halt, cache_misses = 149771
preemptive halt, cache_misses = 149771
preemptive halt, cache_misses = 149771
preemptive halt, cache_misses = 149771
preemptive halt, cache_misses = 149771
preemptive halt, cache_misses = 149771
preemptive halt, cache_misses = 149771
preemptive halt, cache_misses = 149771
preemptive halt, cache_misses = 149771
preemptive halt, cache_misses = 149771
preemptive halt, cache_misses = 149771
preemptive halt, cache_misses = 149771
preemptive halt, cache_misses = 149771
preemptive halt, cache_misses = 149771
preemptive halt, cache_misses = 149771
preemptive halt, cache_misses = 149771
preemptive halt, cache_misses = 149771
preemptive halt, cache_misses = 149771
preemptive halt, cache_misses = 149771
preemptive halt, cache_misses = 149771
preemptive halt, cache_misses = 149771
preemptive halt, cache_misses = 149771
preemptive halt, cache_misses = 149771
preemptive halt, cache_misses = 149771
preemptive halt, cache_misses = 149771
preemptive halt, cache_misses = 149771
preemptive halt, cache_misses = 149771
preemptive halt, cache_misses = 149771
preemptive halt, cache_misses = 149771
preemptive halt, cache_misses = 149771
preemptive halt, cache_misses = 149771
preemptive halt, cache_misses = 149771
preemptive halt, cache_misses = 149771
preemptive halt, cache_misses = 149771
preemptive halt, cache_misses = 149771
preemptive halt, cache_misses = 149771
preemptive halt, cache_misses = 149771
preemptive halt, cache_misses = 149771
preemptive halt, cache_misses = 149771
preemptive halt, cache_misses = 149771
preemptive halt, cache_misses = 149771
preemptive halt, cache_misses = 149771
preemptive halt, cache_misses = 149771
preemptive halt, cache_misses = 149771
preemptive halt, cache_misses = 149771
preemptive halt, cache_misses = 149771
preemptive halt, cache_misses = 149771
preemptive halt, cache_misses = 149771
preemptive halt, cache_misses = 149771
preemptive halt, cache_misses = 149771
preemptive halt, cache_misses = 149771
preemptive halt, cache_misses = 149771
preemptive halt, cache_misses = 149771
preemptive halt, cache_misses = 149771
preemptive halt, cache_misses = 149771
preemptive halt, cache_misses = 149771
preemptive halt, cache_misses = 149771
preemptive halt, cache_misses = 149771
preemptive halt, cache_misses = 149771
preemptive halt, cache_misses = 149771
preemptive halt, cache_misses = 149771
preemptive halt, cache_misses = 149771
preemptive halt, cache_misses = 149771
preemptive halt, cache_misses = 149771
preemptive halt, cache_misses = 149771
preemptive halt, cache_misses = 149771
preemptive halt, cache_misses = 149771
preemptive halt, cache_misses = 149771
preemptive halt, cache_misses = 149771
preemptive halt, cache_misses = 149771
preemptive halt, cache_misses = 149771
preemptive halt, cache_misses = 149771
preemptive halt, cache_misses = 149771
preemptive halt, cache_misses = 149771
preemptive halt, cache_misses = 149771
preemptive halt, cache_misses = 149771
preemptive halt, cache_misses = 149771
preemptive halt, cache_misses = 149771
preemptive halt, cache_misses = 149771
preemptive halt, cache_misses = 149771
preemptive halt, cache_misses = 149771
preemptive halt, cache_misses = 149771
preemptive halt, cache_misses = 149771
preemptive halt, cache_misses = 149771
preemptive halt, cache_misses = 149771
preemptive halt, cache_misses = 149771
preemptive halt, cache_misses = 149771
preemptive halt, cache_misses = 149771
preemptive halt, cache_misses = 149771
preemptive halt, cache_misses = 149771
preemptive halt, cache_misses = 149771
preemptive halt, cache_misses = 149771
preemptive halt, cache_misses = 149771
preemptive halt, cache_misses = 149771
preemptive halt, cache_misses = 149771
preemptive halt, cache_misses = 149771
preemptive halt, cache_misses = 149771
preemptive halt, cache_misses = 149771
preemptive halt, cache_misses = 149771
preemptive halt, cache_misses = 149771
preemptive halt, cache_misses = 149771
preemptive halt, cache_misses = 149771
preemptive halt, cache_misses = 149771
preemptive halt, cache_misses = 149771
preemptive halt, cache_misses = 149771
preemptive halt, cache_misses = 149771
preemptive halt, cache_misses = 149771
preemptive halt, cache_misses = 149771
preemptive halt, cache_misses = 149771
preemptive halt, cache_misses = 149771
preemptive halt, cache_misses = 149771
preemptive halt, cache_misses = 149771
preemptive halt, cache_misses = 149771
preemptive halt, cache_misses = 149771
preemptive halt, cache_misses = 149771
preemptive halt, cache_misses = 149771
preemptive halt, cache_misses = 149771
preemptive halt, cache_misses = 149771
preemptive halt, cache_misses = 149771
preemptive halt, cache_misses = 149771
preemptive halt, cache_misses = 149771
preemptive halt, cache_misses = 149771
preemptive halt, cache_misses = 149771
preemptive halt, cache_misses = 149771
preemptive halt, cache_misses = 149771
preemptive halt, cache_misses = 149771
preemptive halt, cache_misses = 149771
preemptive halt, cache_misses = 149771
preemptive halt, cache_misses = 149771
preemptive halt, cache_misses = 149771
preemptive halt, cache_misses = 149771
preemptive halt, cache_misses = 149771
preemptive halt, cache_misses = 149771
preemptive halt, cache_misses = 149771
preemptive halt, cache_misses = 149771
preemptive halt, cache_misses = 149771
preemptive halt, cache_misses = 149771
preemptive halt, cache_misses = 149771
binary search, size 70000  misses 149771  min 60000  max 80000
binary search, size 75000  misses 149768  min 70000  max 80000
preemptive halt, cache_misses = 149769
preemptive halt, cache_misses = 149769
preemptive halt, cache_misses = 149769
preemptive halt, cache_misses = 149769
preemptive halt, cache_misses = 149769
preemptive halt, cache_misses = 149769
preemptive halt, cache_misses = 149769
preemptive halt, cache_misses = 149769
preemptive halt, cache_misses = 149769
preemptive halt, cache_misses = 149769
preemptive halt, cache_misses = 149769
preemptive halt, cache_misses = 149769
preemptive halt, cache_misses = 149769
preemptive halt, cache_misses = 149769
preemptive halt, cache_misses = 149769
preemptive halt, cache_misses = 149769
preemptive halt, cache_misses = 149769
preemptive halt, cache_misses = 149769
preemptive halt, cache_misses = 149769
preemptive halt, cache_misses = 149769
preemptive halt, cache_misses = 149769
preemptive halt, cache_misses = 149769
preemptive halt, cache_misses = 149769
preemptive halt, cache_misses = 149769
preemptive halt, cache_misses = 149769
preemptive halt, cache_misses = 149769
preemptive halt, cache_misses = 149769
preemptive halt, cache_misses = 149769
preemptive halt, cache_misses = 149769
preemptive halt, cache_misses = 149769
preemptive halt, cache_misses = 149769
preemptive halt, cache_misses = 149769
preemptive halt, cache_misses = 149769
preemptive halt, cache_misses = 149769
preemptive halt, cache_misses = 149769
preemptive halt, cache_misses = 149769
preemptive halt, cache_misses = 149769
preemptive halt, cache_misses = 149769
preemptive halt, cache_misses = 149769
preemptive halt, cache_misses = 149769
preemptive halt, cache_misses = 149769
preemptive halt, cache_misses = 149769
preemptive halt, cache_misses = 149769
preemptive halt, cache_misses = 149769
preemptive halt, cache_misses = 149769
preemptive halt, cache_misses = 149769
preemptive halt, cache_misses = 149769
preemptive halt, cache_misses = 149769
preemptive halt, cache_misses = 149769
preemptive halt, cache_misses = 149769
preemptive halt, cache_misses = 149769
preemptive halt, cache_misses = 149769
preemptive halt, cache_misses = 149769
preemptive halt, cache_misses = 149769
preemptive halt, cache_misses = 149769
preemptive halt, cache_misses = 149769
preemptive halt, cache_misses = 149769
preemptive halt, cache_misses = 149769
preemptive halt, cache_misses = 149769
preemptive halt, cache_misses = 149769
preemptive halt, cache_misses = 149769
preemptive halt, cache_misses = 149769
preemptive halt, cache_misses = 149769
preemptive halt, cache_misses = 149769
preemptive halt, cache_misses = 149769
preemptive halt, cache_misses = 149769
preemptive halt, cache_misses = 149769
preemptive halt, cache_misses = 149769
preemptive halt, cache_misses = 149769
preemptive halt, cache_misses = 149769
preemptive halt, cache_misses = 149769
preemptive halt, cache_misses = 149769
preemptive halt, cache_misses = 149769
preemptive halt, cache_misses = 149769
preemptive halt, cache_misses = 149769
preemptive halt, cache_misses = 149769
preemptive halt, cache_misses = 149769
preemptive halt, cache_misses = 149769
preemptive halt, cache_misses = 149769
preemptive halt, cache_misses = 149769
preemptive halt, cache_misses = 149769
preemptive halt, cache_misses = 149769
preemptive halt, cache_misses = 149769
preemptive halt, cache_misses = 149769
preemptive halt, cache_misses = 149769
preemptive halt, cache_misses = 149769
preemptive halt, cache_misses = 149769
preemptive halt, cache_misses = 149769
preemptive halt, cache_misses = 149769
preemptive halt, cache_misses = 149769
preemptive halt, cache_misses = 149769
preemptive halt, cache_misses = 149769
preemptive halt, cache_misses = 149769
preemptive halt, cache_misses = 149769
preemptive halt, cache_misses = 149769
preemptive halt, cache_misses = 149769
preemptive halt, cache_misses = 149769
preemptive halt, cache_misses = 149769
preemptive halt, cache_misses = 149769
preemptive halt, cache_misses = 149769
preemptive halt, cache_misses = 149769
preemptive halt, cache_misses = 149769
preemptive halt, cache_misses = 149769
preemptive halt, cache_misses = 149769
preemptive halt, cache_misses = 149769
preemptive halt, cache_misses = 149769
preemptive halt, cache_misses = 149769
preemptive halt, cache_misses = 149769
preemptive halt, cache_misses = 149769
preemptive halt, cache_misses = 149769
preemptive halt, cache_misses = 149769
preemptive halt, cache_misses = 149769
preemptive halt, cache_misses = 149769
preemptive halt, cache_misses = 149769
preemptive halt, cache_misses = 149769
preemptive halt, cache_misses = 149769
preemptive halt, cache_misses = 149769
preemptive halt, cache_misses = 149769
preemptive halt, cache_misses = 149769
preemptive halt, cache_misses = 149769
preemptive halt, cache_misses = 149769
preemptive halt, cache_misses = 149769
preemptive halt, cache_misses = 149769
preemptive halt, cache_misses = 149769
preemptive halt, cache_misses = 149769
preemptive halt, cache_misses = 149769
preemptive halt, cache_misses = 149769
preemptive halt, cache_misses = 149769
preemptive halt, cache_misses = 149769
preemptive halt, cache_misses = 149769
preemptive halt, cache_misses = 149769
preemptive halt, cache_misses = 149769
preemptive halt, cache_misses = 149769
preemptive halt, cache_misses = 149769
preemptive halt, cache_misses = 149769
preemptive halt, cache_misses = 149769
preemptive halt, cache_misses = 149769
preemptive halt, cache_misses = 149769
preemptive halt, cache_misses = 149769
preemptive halt, cache_misses = 149769
preemptive halt, cache_misses = 149769
preemptive halt, cache_misses = 149769
preemptive halt, cache_misses = 149769
preemptive halt, cache_misses = 149769
preemptive halt, cache_misses = 149769
preemptive halt, cache_misses = 149769
preemptive halt, cache_misses = 149769
preemptive halt, cache_misses = 149769
preemptive halt, cache_misses = 149769
preemptive halt, cache_misses = 149769
preemptive halt, cache_misses = 149769
preemptive halt, cache_misses = 149769
preemptive halt, cache_misses = 149769
preemptive halt, cache_misses = 149769
preemptive halt, cache_misses = 149769
preemptive halt, cache_misses = 149769
preemptive halt, cache_misses = 149769
preemptive halt, cache_misses = 149769
preemptive halt, cache_misses = 149769
preemptive halt, cache_misses = 149769
preemptive halt, cache_misses = 149769
preemptive halt, cache_misses = 149769
preemptive halt, cache_misses = 149769
preemptive halt, cache_misses = 149769
preemptive halt, cache_misses = 149769
preemptive halt, cache_misses = 149769
preemptive halt, cache_misses = 149769
preemptive halt, cache_misses = 149769
preemptive halt, cache_misses = 149769
preemptive halt, cache_misses = 149769
preemptive halt, cache_misses = 149769
preemptive halt, cache_misses = 149769
preemptive halt, cache_misses = 149769
preemptive halt, cache_misses = 149769
preemptive halt, cache_misses = 149769
preemptive halt, cache_misses = 149769
preemptive halt, cache_misses = 149769
preemptive halt, cache_misses = 149769
preemptive halt, cache_misses = 149769
preemptive halt, cache_misses = 149769
preemptive halt, cache_misses = 149769
preemptive halt, cache_misses = 149769
preemptive halt, cache_misses = 149769
preemptive halt, cache_misses = 149769
preemptive halt, cache_misses = 149769
preemptive halt, cache_misses = 149769
preemptive halt, cache_misses = 149769
preemptive halt, cache_misses = 149769
preemptive halt, cache_misses = 149769
preemptive halt, cache_misses = 149769
preemptive halt, cache_misses = 149769
preemptive halt, cache_misses = 149769
binary search, size 72500  misses 149769  min 70000  max 75000
preemptive halt, cache_misses = 149770
preemptive halt, cache_misses = 149770
preemptive halt, cache_misses = 149770
preemptive halt, cache_misses = 149770
preemptive halt, cache_misses = 149770
preemptive halt, cache_misses = 149770
preemptive halt, cache_misses = 149770
preemptive halt, cache_misses = 149770
preemptive halt, cache_misses = 149770
preemptive halt, cache_misses = 149770
preemptive halt, cache_misses = 149770
preemptive halt, cache_misses = 149770
preemptive halt, cache_misses = 149770
preemptive halt, cache_misses = 149770
preemptive halt, cache_misses = 149770
preemptive halt, cache_misses = 149770
preemptive halt, cache_misses = 149770
preemptive halt, cache_misses = 149770
preemptive halt, cache_misses = 149770
preemptive halt, cache_misses = 149770
preemptive halt, cache_misses = 149770
preemptive halt, cache_misses = 149770
preemptive halt, cache_misses = 149770
preemptive halt, cache_misses = 149770
preemptive halt, cache_misses = 149770
preemptive halt, cache_misses = 149770
preemptive halt, cache_misses = 149770
preemptive halt, cache_misses = 149770
preemptive halt, cache_misses = 149770
preemptive halt, cache_misses = 149770
preemptive halt, cache_misses = 149770
preemptive halt, cache_misses = 149770
preemptive halt, cache_misses = 149770
preemptive halt, cache_misses = 149770
preemptive halt, cache_misses = 149770
preemptive halt, cache_misses = 149770
preemptive halt, cache_misses = 149770
preemptive halt, cache_misses = 149770
preemptive halt, cache_misses = 149770
preemptive halt, cache_misses = 149770
preemptive halt, cache_misses = 149770
preemptive halt, cache_misses = 149770
preemptive halt, cache_misses = 149770
preemptive halt, cache_misses = 149770
preemptive halt, cache_misses = 149770
preemptive halt, cache_misses = 149770
preemptive halt, cache_misses = 149770
preemptive halt, cache_misses = 149770
preemptive halt, cache_misses = 149770
preemptive halt, cache_misses = 149770
preemptive halt, cache_misses = 149770
preemptive halt, cache_misses = 149770
preemptive halt, cache_misses = 149770
preemptive halt, cache_misses = 149770
preemptive halt, cache_misses = 149770
preemptive halt, cache_misses = 149770
preemptive halt, cache_misses = 149770
preemptive halt, cache_misses = 149770
preemptive halt, cache_misses = 149770
preemptive halt, cache_misses = 149770
preemptive halt, cache_misses = 149770
preemptive halt, cache_misses = 149770
preemptive halt, cache_misses = 149770
preemptive halt, cache_misses = 149770
preemptive halt, cache_misses = 149770
preemptive halt, cache_misses = 149770
preemptive halt, cache_misses = 149770
preemptive halt, cache_misses = 149770
preemptive halt, cache_misses = 149770
preemptive halt, cache_misses = 149770
preemptive halt, cache_misses = 149770
preemptive halt, cache_misses = 149770
preemptive halt, cache_misses = 149770
preemptive halt, cache_misses = 149770
preemptive halt, cache_misses = 149770
preemptive halt, cache_misses = 149770
preemptive halt, cache_misses = 149770
preemptive halt, cache_misses = 149770
preemptive halt, cache_misses = 149770
preemptive halt, cache_misses = 149770
preemptive halt, cache_misses = 149770
preemptive halt, cache_misses = 149770
preemptive halt, cache_misses = 149770
preemptive halt, cache_misses = 149770
preemptive halt, cache_misses = 149770
preemptive halt, cache_misses = 149770
preemptive halt, cache_misses = 149770
preemptive halt, cache_misses = 149770
preemptive halt, cache_misses = 149770
preemptive halt, cache_misses = 149770
preemptive halt, cache_misses = 149770
preemptive halt, cache_misses = 149770
preemptive halt, cache_misses = 149770
preemptive halt, cache_misses = 149770
preemptive halt, cache_misses = 149770
preemptive halt, cache_misses = 149770
preemptive halt, cache_misses = 149770
preemptive halt, cache_misses = 149770
preemptive halt, cache_misses = 149770
preemptive halt, cache_misses = 149770
preemptive halt, cache_misses = 149770
preemptive halt, cache_misses = 149770
preemptive halt, cache_misses = 149770
preemptive halt, cache_misses = 149770
preemptive halt, cache_misses = 149770
preemptive halt, cache_misses = 149770
preemptive halt, cache_misses = 149770
preemptive halt, cache_misses = 149770
preemptive halt, cache_misses = 149770
preemptive halt, cache_misses = 149770
preemptive halt, cache_misses = 149770
preemptive halt, cache_misses = 149770
preemptive halt, cache_misses = 149770
preemptive halt, cache_misses = 149770
preemptive halt, cache_misses = 149770
preemptive halt, cache_misses = 149770
preemptive halt, cache_misses = 149770
preemptive halt, cache_misses = 149770
preemptive halt, cache_misses = 149770
preemptive halt, cache_misses = 149770
preemptive halt, cache_misses = 149770
preemptive halt, cache_misses = 149770
preemptive halt, cache_misses = 149770
preemptive halt, cache_misses = 149770
preemptive halt, cache_misses = 149770
preemptive halt, cache_misses = 149770
preemptive halt, cache_misses = 149770
preemptive halt, cache_misses = 149770
preemptive halt, cache_misses = 149770
preemptive halt, cache_misses = 149770
preemptive halt, cache_misses = 149770
preemptive halt, cache_misses = 149770
preemptive halt, cache_misses = 149770
preemptive halt, cache_misses = 149770
preemptive halt, cache_misses = 149770
preemptive halt, cache_misses = 149770
preemptive halt, cache_misses = 149770
preemptive halt, cache_misses = 149770
preemptive halt, cache_misses = 149770
preemptive halt, cache_misses = 149770
preemptive halt, cache_misses = 149770
preemptive halt, cache_misses = 149770
preemptive halt, cache_misses = 149770
preemptive halt, cache_misses = 149770
preemptive halt, cache_misses = 149770
preemptive halt, cache_misses = 149770
preemptive halt, cache_misses = 149770
preemptive halt, cache_misses = 149770
preemptive halt, cache_misses = 149770
preemptive halt, cache_misses = 149770
preemptive halt, cache_misses = 149770
preemptive halt, cache_misses = 149770
preemptive halt, cache_misses = 149770
preemptive halt, cache_misses = 149770
preemptive halt, cache_misses = 149770
preemptive halt, cache_misses = 149770
preemptive halt, cache_misses = 149770
preemptive halt, cache_misses = 149770
preemptive halt, cache_misses = 149770
preemptive halt, cache_misses = 149770
preemptive halt, cache_misses = 149770
preemptive halt, cache_misses = 149770
preemptive halt, cache_misses = 149770
preemptive halt, cache_misses = 149770
preemptive halt, cache_misses = 149770
preemptive halt, cache_misses = 149770
preemptive halt, cache_misses = 149770
preemptive halt, cache_misses = 149770
preemptive halt, cache_misses = 149770
preemptive halt, cache_misses = 149770
preemptive halt, cache_misses = 149770
preemptive halt, cache_misses = 149770
preemptive halt, cache_misses = 149770
preemptive halt, cache_misses = 149770
preemptive halt, cache_misses = 149770
preemptive halt, cache_misses = 149770
preemptive halt, cache_misses = 149770
preemptive halt, cache_misses = 149770
preemptive halt, cache_misses = 149770
preemptive halt, cache_misses = 149770
preemptive halt, cache_misses = 149770
preemptive halt, cache_misses = 149770
preemptive halt, cache_misses = 149770
preemptive halt, cache_misses = 149770
preemptive halt, cache_misses = 149770
preemptive halt, cache_misses = 149770
preemptive halt, cache_misses = 149770
preemptive halt, cache_misses = 149770
preemptive halt, cache_misses = 149770
preemptive halt, cache_misses = 149770
preemptive halt, cache_misses = 149770
preemptive halt, cache_misses = 149770
preemptive halt, cache_misses = 149770
preemptive halt, cache_misses = 149770
binary search, size 73750  misses 149770  min 72500  max 75000
preemptive halt, cache_misses = 149771
preemptive halt, cache_misses = 149771
preemptive halt, cache_misses = 149771
preemptive halt, cache_misses = 149771
preemptive halt, cache_misses = 149771
preemptive halt, cache_misses = 149771
preemptive halt, cache_misses = 149771
preemptive halt, cache_misses = 149771
preemptive halt, cache_misses = 149771
preemptive halt, cache_misses = 149771
preemptive halt, cache_misses = 149771
preemptive halt, cache_misses = 149771
preemptive halt, cache_misses = 149771
preemptive halt, cache_misses = 149771
preemptive halt, cache_misses = 149771
preemptive halt, cache_misses = 149771
preemptive halt, cache_misses = 149771
preemptive halt, cache_misses = 149771
preemptive halt, cache_misses = 149771
preemptive halt, cache_misses = 149771
preemptive halt, cache_misses = 149771
preemptive halt, cache_misses = 149771
preemptive halt, cache_misses = 149771
preemptive halt, cache_misses = 149771
preemptive halt, cache_misses = 149771
preemptive halt, cache_misses = 149771
preemptive halt, cache_misses = 149771
preemptive halt, cache_misses = 149771
preemptive halt, cache_misses = 149771
preemptive halt, cache_misses = 149771
preemptive halt, cache_misses = 149771
preemptive halt, cache_misses = 149771
preemptive halt, cache_misses = 149771
preemptive halt, cache_misses = 149771
preemptive halt, cache_misses = 149771
preemptive halt, cache_misses = 149771
preemptive halt, cache_misses = 149771
preemptive halt, cache_misses = 149771
preemptive halt, cache_misses = 149771
preemptive halt, cache_misses = 149771
preemptive halt, cache_misses = 149771
preemptive halt, cache_misses = 149771
preemptive halt, cache_misses = 149771
preemptive halt, cache_misses = 149771
preemptive halt, cache_misses = 149771
preemptive halt, cache_misses = 149771
preemptive halt, cache_misses = 149771
preemptive halt, cache_misses = 149771
preemptive halt, cache_misses = 149771
preemptive halt, cache_misses = 149771
preemptive halt, cache_misses = 149771
preemptive halt, cache_misses = 149771
preemptive halt, cache_misses = 149771
preemptive halt, cache_misses = 149771
preemptive halt, cache_misses = 149771
preemptive halt, cache_misses = 149771
preemptive halt, cache_misses = 149771
preemptive halt, cache_misses = 149771
preemptive halt, cache_misses = 149771
preemptive halt, cache_misses = 149771
preemptive halt, cache_misses = 149771
preemptive halt, cache_misses = 149771
preemptive halt, cache_misses = 149771
preemptive halt, cache_misses = 149771
preemptive halt, cache_misses = 149771
preemptive halt, cache_misses = 149771
preemptive halt, cache_misses = 149771
preemptive halt, cache_misses = 149771
preemptive halt, cache_misses = 149771
preemptive halt, cache_misses = 149771
preemptive halt, cache_misses = 149771
preemptive halt, cache_misses = 149771
preemptive halt, cache_misses = 149771
preemptive halt, cache_misses = 149771
preemptive halt, cache_misses = 149771
preemptive halt, cache_misses = 149771
preemptive halt, cache_misses = 149771
preemptive halt, cache_misses = 149771
preemptive halt, cache_misses = 149771
preemptive halt, cache_misses = 149771
preemptive halt, cache_misses = 149771
preemptive halt, cache_misses = 149771
preemptive halt, cache_misses = 149771
preemptive halt, cache_misses = 149771
preemptive halt, cache_misses = 149771
preemptive halt, cache_misses = 149771
preemptive halt, cache_misses = 149771
preemptive halt, cache_misses = 149771
preemptive halt, cache_misses = 149771
preemptive halt, cache_misses = 149771
preemptive halt, cache_misses = 149771
preemptive halt, cache_misses = 149771
preemptive halt, cache_misses = 149771
preemptive halt, cache_misses = 149771
preemptive halt, cache_misses = 149771
preemptive halt, cache_misses = 149771
preemptive halt, cache_misses = 149771
preemptive halt, cache_misses = 149771
preemptive halt, cache_misses = 149771
preemptive halt, cache_misses = 149771
preemptive halt, cache_misses = 149771
preemptive halt, cache_misses = 149771
preemptive halt, cache_misses = 149771
preemptive halt, cache_misses = 149771
preemptive halt, cache_misses = 149771
preemptive halt, cache_misses = 149771
preemptive halt, cache_misses = 149771
preemptive halt, cache_misses = 149771
preemptive halt, cache_misses = 149771
preemptive halt, cache_misses = 149771
preemptive halt, cache_misses = 149771
preemptive halt, cache_misses = 149771
preemptive halt, cache_misses = 149771
preemptive halt, cache_misses = 149771
preemptive halt, cache_misses = 149771
preemptive halt, cache_misses = 149771
preemptive halt, cache_misses = 149771
preemptive halt, cache_misses = 149771
preemptive halt, cache_misses = 149771
preemptive halt, cache_misses = 149771
preemptive halt, cache_misses = 149771
preemptive halt, cache_misses = 149771
preemptive halt, cache_misses = 149771
preemptive halt, cache_misses = 149771
preemptive halt, cache_misses = 149771
preemptive halt, cache_misses = 149771
preemptive halt, cache_misses = 149771
preemptive halt, cache_misses = 149771
preemptive halt, cache_misses = 149771
preemptive halt, cache_misses = 149771
preemptive halt, cache_misses = 149771
preemptive halt, cache_misses = 149771
preemptive halt, cache_misses = 149771
preemptive halt, cache_misses = 149771
preemptive halt, cache_misses = 149771
preemptive halt, cache_misses = 149771
preemptive halt, cache_misses = 149771
preemptive halt, cache_misses = 149771
preemptive halt, cache_misses = 149771
preemptive halt, cache_misses = 149771
preemptive halt, cache_misses = 149771
preemptive halt, cache_misses = 149771
preemptive halt, cache_misses = 149771
preemptive halt, cache_misses = 149771
preemptive halt, cache_misses = 149771
preemptive halt, cache_misses = 149771
preemptive halt, cache_misses = 149771
preemptive halt, cache_misses = 149771
preemptive halt, cache_misses = 149771
preemptive halt, cache_misses = 149771
preemptive halt, cache_misses = 149771
preemptive halt, cache_misses = 149771
preemptive halt, cache_misses = 149771
preemptive halt, cache_misses = 149771
preemptive halt, cache_misses = 149771
preemptive halt, cache_misses = 149771
preemptive halt, cache_misses = 149771
preemptive halt, cache_misses = 149771
preemptive halt, cache_misses = 149771
preemptive halt, cache_misses = 149771
preemptive halt, cache_misses = 149771
preemptive halt, cache_misses = 149771
preemptive halt, cache_misses = 149771
preemptive halt, cache_misses = 149771
preemptive halt, cache_misses = 149771
preemptive halt, cache_misses = 149771
preemptive halt, cache_misses = 149771
preemptive halt, cache_misses = 149771
preemptive halt, cache_misses = 149771
preemptive halt, cache_misses = 149771
preemptive halt, cache_misses = 149771
preemptive halt, cache_misses = 149771
preemptive halt, cache_misses = 149771
preemptive halt, cache_misses = 149771
preemptive halt, cache_misses = 149771
preemptive halt, cache_misses = 149771
preemptive halt, cache_misses = 149771
preemptive halt, cache_misses = 149771
preemptive halt, cache_misses = 149771
preemptive halt, cache_misses = 149771
preemptive halt, cache_misses = 149771
preemptive halt, cache_misses = 149771
preemptive halt, cache_misses = 149771
preemptive halt, cache_misses = 149771
preemptive halt, cache_misses = 149771
preemptive halt, cache_misses = 149771
preemptive halt, cache_misses = 149771
preemptive halt, cache_misses = 149771
preemptive halt, cache_misses = 149771
preemptive halt, cache_misses = 149771
preemptive halt, cache_misses = 149771
preemptive halt, cache_misses = 149771
preemptive halt, cache_misses = 149771
preemptive halt, cache_misses = 149771
preemptive halt, cache_misses = 149771
preemptive halt, cache_misses = 149771
binary search, size 74375  misses 149771  min 73750  max 75000
preemptive halt, cache_misses = 149772
preemptive halt, cache_misses = 149772
preemptive halt, cache_misses = 149772
preemptive halt, cache_misses = 149772
preemptive halt, cache_misses = 149772
preemptive halt, cache_misses = 149772
preemptive halt, cache_misses = 149772
preemptive halt, cache_misses = 149772
preemptive halt, cache_misses = 149772
preemptive halt, cache_misses = 149772
preemptive halt, cache_misses = 149772
preemptive halt, cache_misses = 149772
preemptive halt, cache_misses = 149772
preemptive halt, cache_misses = 149772
preemptive halt, cache_misses = 149772
preemptive halt, cache_misses = 149772
preemptive halt, cache_misses = 149772
preemptive halt, cache_misses = 149772
preemptive halt, cache_misses = 149772
preemptive halt, cache_misses = 149772
preemptive halt, cache_misses = 149772
preemptive halt, cache_misses = 149772
preemptive halt, cache_misses = 149772
preemptive halt, cache_misses = 149772
preemptive halt, cache_misses = 149772
preemptive halt, cache_misses = 149772
preemptive halt, cache_misses = 149772
preemptive halt, cache_misses = 149772
preemptive halt, cache_misses = 149772
preemptive halt, cache_misses = 149772
preemptive halt, cache_misses = 149772
preemptive halt, cache_misses = 149772
preemptive halt, cache_misses = 149772
preemptive halt, cache_misses = 149772
preemptive halt, cache_misses = 149772
preemptive halt, cache_misses = 149772
preemptive halt, cache_misses = 149772
preemptive halt, cache_misses = 149772
preemptive halt, cache_misses = 149772
preemptive halt, cache_misses = 149772
preemptive halt, cache_misses = 149772
preemptive halt, cache_misses = 149772
preemptive halt, cache_misses = 149772
preemptive halt, cache_misses = 149772
preemptive halt, cache_misses = 149772
preemptive halt, cache_misses = 149772
preemptive halt, cache_misses = 149772
preemptive halt, cache_misses = 149772
preemptive halt, cache_misses = 149772
preemptive halt, cache_misses = 149772
preemptive halt, cache_misses = 149772
preemptive halt, cache_misses = 149772
preemptive halt, cache_misses = 149772
preemptive halt, cache_misses = 149772
preemptive halt, cache_misses = 149772
preemptive halt, cache_misses = 149772
preemptive halt, cache_misses = 149772
preemptive halt, cache_misses = 149772
preemptive halt, cache_misses = 149772
preemptive halt, cache_misses = 149772
preemptive halt, cache_misses = 149772
preemptive halt, cache_misses = 149772
preemptive halt, cache_misses = 149772
preemptive halt, cache_misses = 149772
preemptive halt, cache_misses = 149772
preemptive halt, cache_misses = 149772
preemptive halt, cache_misses = 149772
preemptive halt, cache_misses = 149772
preemptive halt, cache_misses = 149772
preemptive halt, cache_misses = 149772
preemptive halt, cache_misses = 149772
preemptive halt, cache_misses = 149772
preemptive halt, cache_misses = 149772
preemptive halt, cache_misses = 149772
preemptive halt, cache_misses = 149772
preemptive halt, cache_misses = 149772
preemptive halt, cache_misses = 149772
preemptive halt, cache_misses = 149772
preemptive halt, cache_misses = 149772
preemptive halt, cache_misses = 149772
preemptive halt, cache_misses = 149772
preemptive halt, cache_misses = 149772
preemptive halt, cache_misses = 149772
preemptive halt, cache_misses = 149772
preemptive halt, cache_misses = 149772
preemptive halt, cache_misses = 149772
preemptive halt, cache_misses = 149772
preemptive halt, cache_misses = 149772
preemptive halt, cache_misses = 149772
preemptive halt, cache_misses = 149772
preemptive halt, cache_misses = 149772
preemptive halt, cache_misses = 149772
preemptive halt, cache_misses = 149772
preemptive halt, cache_misses = 149772
preemptive halt, cache_misses = 149772
preemptive halt, cache_misses = 149772
preemptive halt, cache_misses = 149772
preemptive halt, cache_misses = 149772
preemptive halt, cache_misses = 149772
preemptive halt, cache_misses = 149772
preemptive halt, cache_misses = 149772
preemptive halt, cache_misses = 149772
preemptive halt, cache_misses = 149772
preemptive halt, cache_misses = 149772
preemptive halt, cache_misses = 149772
preemptive halt, cache_misses = 149772
preemptive halt, cache_misses = 149772
preemptive halt, cache_misses = 149772
preemptive halt, cache_misses = 149772
preemptive halt, cache_misses = 149772
preemptive halt, cache_misses = 149772
preemptive halt, cache_misses = 149772
preemptive halt, cache_misses = 149772
preemptive halt, cache_misses = 149772
preemptive halt, cache_misses = 149772
preemptive halt, cache_misses = 149772
preemptive halt, cache_misses = 149772
preemptive halt, cache_misses = 149772
preemptive halt, cache_misses = 149772
preemptive halt, cache_misses = 149772
preemptive halt, cache_misses = 149772
preemptive halt, cache_misses = 149772
preemptive halt, cache_misses = 149772
preemptive halt, cache_misses = 149772
preemptive halt, cache_misses = 149772
preemptive halt, cache_misses = 149772
preemptive halt, cache_misses = 149772
preemptive halt, cache_misses = 149772
preemptive halt, cache_misses = 149772
preemptive halt, cache_misses = 149772
preemptive halt, cache_misses = 149772
preemptive halt, cache_misses = 149772
preemptive halt, cache_misses = 149772
preemptive halt, cache_misses = 149772
preemptive halt, cache_misses = 149772
preemptive halt, cache_misses = 149772
preemptive halt, cache_misses = 149772
preemptive halt, cache_misses = 149772
preemptive halt, cache_misses = 149772
preemptive halt, cache_misses = 149772
preemptive halt, cache_misses = 149772
preemptive halt, cache_misses = 149772
preemptive halt, cache_misses = 149772
preemptive halt, cache_misses = 149772
preemptive halt, cache_misses = 149772
preemptive halt, cache_misses = 149772
preemptive halt, cache_misses = 149772
preemptive halt, cache_misses = 149772
preemptive halt, cache_misses = 149772
preemptive halt, cache_misses = 149772
preemptive halt, cache_misses = 149772
preemptive halt, cache_misses = 149772
preemptive halt, cache_misses = 149772
preemptive halt, cache_misses = 149772
preemptive halt, cache_misses = 149772
preemptive halt, cache_misses = 149772
preemptive halt, cache_misses = 149772
preemptive halt, cache_misses = 149772
preemptive halt, cache_misses = 149772
preemptive halt, cache_misses = 149772
preemptive halt, cache_misses = 149772
preemptive halt, cache_misses = 149772
preemptive halt, cache_misses = 149772
preemptive halt, cache_misses = 149772
preemptive halt, cache_misses = 149772
preemptive halt, cache_misses = 149772
preemptive halt, cache_misses = 149772
preemptive halt, cache_misses = 149772
preemptive halt, cache_misses = 149772
preemptive halt, cache_misses = 149772
preemptive halt, cache_misses = 149772
preemptive halt, cache_misses = 149772
preemptive halt, cache_misses = 149772
preemptive halt, cache_misses = 149772
preemptive halt, cache_misses = 149772
preemptive halt, cache_misses = 149772
preemptive halt, cache_misses = 149772
preemptive halt, cache_misses = 149772
preemptive halt, cache_misses = 149772
preemptive halt, cache_misses = 149772
preemptive halt, cache_misses = 149772
preemptive halt, cache_misses = 149772
preemptive halt, cache_misses = 149772
preemptive halt, cache_misses = 149772
preemptive halt, cache_misses = 149772
preemptive halt, cache_misses = 149772
preemptive halt, cache_misses = 149772
preemptive halt, cache_misses = 149772
preemptive halt, cache_misses = 149772
preemptive halt, cache_misses = 149772
preemptive halt, cache_misses = 149772
preemptive halt, cache_misses = 149772
preemptive halt, cache_misses = 149772
preemptive halt, cache_misses = 149772
preemptive halt, cache_misses = 149772
preemptive halt, cache_misses = 149772
preemptive halt, cache_misses = 149772
preemptive halt, cache_misses = 149772
binary search, size 74687  misses 149772  min 74375  max 75000
binary search, size 74843  misses 149768  min 74687  max 75000
preemptive halt, cache_misses = 149769
preemptive halt, cache_misses = 149769
preemptive halt, cache_misses = 149769
preemptive halt, cache_misses = 149769
preemptive halt, cache_misses = 149769
preemptive halt, cache_misses = 149769
preemptive halt, cache_misses = 149769
preemptive halt, cache_misses = 149769
preemptive halt, cache_misses = 149769
preemptive halt, cache_misses = 149769
preemptive halt, cache_misses = 149769
preemptive halt, cache_misses = 149769
preemptive halt, cache_misses = 149769
preemptive halt, cache_misses = 149769
preemptive halt, cache_misses = 149769
preemptive halt, cache_misses = 149769
preemptive halt, cache_misses = 149769
preemptive halt, cache_misses = 149769
preemptive halt, cache_misses = 149769
preemptive halt, cache_misses = 149769
preemptive halt, cache_misses = 149769
preemptive halt, cache_misses = 149769
preemptive halt, cache_misses = 149769
preemptive halt, cache_misses = 149769
preemptive halt, cache_misses = 149769
preemptive halt, cache_misses = 149769
preemptive halt, cache_misses = 149769
preemptive halt, cache_misses = 149769
preemptive halt, cache_misses = 149769
preemptive halt, cache_misses = 149769
preemptive halt, cache_misses = 149769
preemptive halt, cache_misses = 149769
preemptive halt, cache_misses = 149769
preemptive halt, cache_misses = 149769
preemptive halt, cache_misses = 149769
preemptive halt, cache_misses = 149769
preemptive halt, cache_misses = 149769
preemptive halt, cache_misses = 149769
preemptive halt, cache_misses = 149769
preemptive halt, cache_misses = 149769
preemptive halt, cache_misses = 149769
preemptive halt, cache_misses = 149769
preemptive halt, cache_misses = 149769
preemptive halt, cache_misses = 149769
preemptive halt, cache_misses = 149769
preemptive halt, cache_misses = 149769
preemptive halt, cache_misses = 149769
preemptive halt, cache_misses = 149769
preemptive halt, cache_misses = 149769
preemptive halt, cache_misses = 149769
preemptive halt, cache_misses = 149769
preemptive halt, cache_misses = 149769
preemptive halt, cache_misses = 149769
preemptive halt, cache_misses = 149769
preemptive halt, cache_misses = 149769
preemptive halt, cache_misses = 149769
preemptive halt, cache_misses = 149769
preemptive halt, cache_misses = 149769
preemptive halt, cache_misses = 149769
preemptive halt, cache_misses = 149769
preemptive halt, cache_misses = 149769
preemptive halt, cache_misses = 149769
preemptive halt, cache_misses = 149769
preemptive halt, cache_misses = 149769
preemptive halt, cache_misses = 149769
preemptive halt, cache_misses = 149769
preemptive halt, cache_misses = 149769
preemptive halt, cache_misses = 149769
preemptive halt, cache_misses = 149769
preemptive halt, cache_misses = 149769
preemptive halt, cache_misses = 149769
preemptive halt, cache_misses = 149769
preemptive halt, cache_misses = 149769
preemptive halt, cache_misses = 149769
preemptive halt, cache_misses = 149769
preemptive halt, cache_misses = 149769
preemptive halt, cache_misses = 149769
preemptive halt, cache_misses = 149769
preemptive halt, cache_misses = 149769
preemptive halt, cache_misses = 149769
preemptive halt, cache_misses = 149769
preemptive halt, cache_misses = 149769
preemptive halt, cache_misses = 149769
preemptive halt, cache_misses = 149769
preemptive halt, cache_misses = 149769
preemptive halt, cache_misses = 149769
preemptive halt, cache_misses = 149769
preemptive halt, cache_misses = 149769
preemptive halt, cache_misses = 149769
preemptive halt, cache_misses = 149769
preemptive halt, cache_misses = 149769
preemptive halt, cache_misses = 149769
preemptive halt, cache_misses = 149769
preemptive halt, cache_misses = 149769
preemptive halt, cache_misses = 149769
preemptive halt, cache_misses = 149769
preemptive halt, cache_misses = 149769
preemptive halt, cache_misses = 149769
preemptive halt, cache_misses = 149769
preemptive halt, cache_misses = 149769
preemptive halt, cache_misses = 149769
preemptive halt, cache_misses = 149769
preemptive halt, cache_misses = 149769
preemptive halt, cache_misses = 149769
preemptive halt, cache_misses = 149769
preemptive halt, cache_misses = 149769
preemptive halt, cache_misses = 149769
preemptive halt, cache_misses = 149769
preemptive halt, cache_misses = 149769
preemptive halt, cache_misses = 149769
preemptive halt, cache_misses = 149769
preemptive halt, cache_misses = 149769
preemptive halt, cache_misses = 149769
preemptive halt, cache_misses = 149769
preemptive halt, cache_misses = 149769
preemptive halt, cache_misses = 149769
preemptive halt, cache_misses = 149769
preemptive halt, cache_misses = 149769
preemptive halt, cache_misses = 149769
preemptive halt, cache_misses = 149769
preemptive halt, cache_misses = 149769
preemptive halt, cache_misses = 149769
preemptive halt, cache_misses = 149769
preemptive halt, cache_misses = 149769
preemptive halt, cache_misses = 149769
preemptive halt, cache_misses = 149769
preemptive halt, cache_misses = 149769
preemptive halt, cache_misses = 149769
preemptive halt, cache_misses = 149769
preemptive halt, cache_misses = 149769
preemptive halt, cache_misses = 149769
preemptive halt, cache_misses = 149769
preemptive halt, cache_misses = 149769
preemptive halt, cache_misses = 149769
preemptive halt, cache_misses = 149769
preemptive halt, cache_misses = 149769
preemptive halt, cache_misses = 149769
preemptive halt, cache_misses = 149769
preemptive halt, cache_misses = 149769
preemptive halt, cache_misses = 149769
preemptive halt, cache_misses = 149769
preemptive halt, cache_misses = 149769
preemptive halt, cache_misses = 149769
preemptive halt, cache_misses = 149769
preemptive halt, cache_misses = 149769
preemptive halt, cache_misses = 149769
preemptive halt, cache_misses = 149769
preemptive halt, cache_misses = 149769
preemptive halt, cache_misses = 149769
preemptive halt, cache_misses = 149769
preemptive halt, cache_misses = 149769
preemptive halt, cache_misses = 149769
preemptive halt, cache_misses = 149769
preemptive halt, cache_misses = 149769
preemptive halt, cache_misses = 149769
preemptive halt, cache_misses = 149769
preemptive halt, cache_misses = 149769
preemptive halt, cache_misses = 149769
preemptive halt, cache_misses = 149769
preemptive halt, cache_misses = 149769
preemptive halt, cache_misses = 149769
preemptive halt, cache_misses = 149769
preemptive halt, cache_misses = 149769
preemptive halt, cache_misses = 149769
preemptive halt, cache_misses = 149769
preemptive halt, cache_misses = 149769
preemptive halt, cache_misses = 149769
preemptive halt, cache_misses = 149769
preemptive halt, cache_misses = 149769
preemptive halt, cache_misses = 149769
preemptive halt, cache_misses = 149769
preemptive halt, cache_misses = 149769
preemptive halt, cache_misses = 149769
preemptive halt, cache_misses = 149769
preemptive halt, cache_misses = 149769
preemptive halt, cache_misses = 149769
preemptive halt, cache_misses = 149769
preemptive halt, cache_misses = 149769
preemptive halt, cache_misses = 149769
preemptive halt, cache_misses = 149769
preemptive halt, cache_misses = 149769
preemptive halt, cache_misses = 149769
preemptive halt, cache_misses = 149769
preemptive halt, cache_misses = 149769
preemptive halt, cache_misses = 149769
preemptive halt, cache_misses = 149769
preemptive halt, cache_misses = 149769
preemptive halt, cache_misses = 149769
preemptive halt, cache_misses = 149769
preemptive halt, cache_misses = 149769
preemptive halt, cache_misses = 149769
preemptive halt, cache_misses = 149769
binary search, size 74765  misses 149769  min 74687  max 74843
binary search, size 74804  misses 149768  min 74765  max 74843
preemptive halt, cache_misses = 149769
preemptive halt, cache_misses = 149769
preemptive halt, cache_misses = 149769
preemptive halt, cache_misses = 149769
preemptive halt, cache_misses = 149769
preemptive halt, cache_misses = 149769
preemptive halt, cache_misses = 149769
preemptive halt, cache_misses = 149769
preemptive halt, cache_misses = 149769
preemptive halt, cache_misses = 149769
preemptive halt, cache_misses = 149769
preemptive halt, cache_misses = 149769
preemptive halt, cache_misses = 149769
preemptive halt, cache_misses = 149769
preemptive halt, cache_misses = 149769
preemptive halt, cache_misses = 149769
preemptive halt, cache_misses = 149769
preemptive halt, cache_misses = 149769
preemptive halt, cache_misses = 149769
preemptive halt, cache_misses = 149769
preemptive halt, cache_misses = 149769
preemptive halt, cache_misses = 149769
preemptive halt, cache_misses = 149769
preemptive halt, cache_misses = 149769
preemptive halt, cache_misses = 149769
preemptive halt, cache_misses = 149769
preemptive halt, cache_misses = 149769
preemptive halt, cache_misses = 149769
preemptive halt, cache_misses = 149769
preemptive halt, cache_misses = 149769
preemptive halt, cache_misses = 149769
preemptive halt, cache_misses = 149769
preemptive halt, cache_misses = 149769
preemptive halt, cache_misses = 149769
preemptive halt, cache_misses = 149769
preemptive halt, cache_misses = 149769
preemptive halt, cache_misses = 149769
preemptive halt, cache_misses = 149769
preemptive halt, cache_misses = 149769
preemptive halt, cache_misses = 149769
preemptive halt, cache_misses = 149769
preemptive halt, cache_misses = 149769
preemptive halt, cache_misses = 149769
preemptive halt, cache_misses = 149769
preemptive halt, cache_misses = 149769
preemptive halt, cache_misses = 149769
preemptive halt, cache_misses = 149769
preemptive halt, cache_misses = 149769
preemptive halt, cache_misses = 149769
preemptive halt, cache_misses = 149769
preemptive halt, cache_misses = 149769
preemptive halt, cache_misses = 149769
preemptive halt, cache_misses = 149769
preemptive halt, cache_misses = 149769
preemptive halt, cache_misses = 149769
preemptive halt, cache_misses = 149769
preemptive halt, cache_misses = 149769
preemptive halt, cache_misses = 149769
preemptive halt, cache_misses = 149769
preemptive halt, cache_misses = 149769
preemptive halt, cache_misses = 149769
preemptive halt, cache_misses = 149769
preemptive halt, cache_misses = 149769
preemptive halt, cache_misses = 149769
preemptive halt, cache_misses = 149769
preemptive halt, cache_misses = 149769
preemptive halt, cache_misses = 149769
preemptive halt, cache_misses = 149769
preemptive halt, cache_misses = 149769
preemptive halt, cache_misses = 149769
preemptive halt, cache_misses = 149769
preemptive halt, cache_misses = 149769
preemptive halt, cache_misses = 149769
preemptive halt, cache_misses = 149769
preemptive halt, cache_misses = 149769
preemptive halt, cache_misses = 149769
preemptive halt, cache_misses = 149769
preemptive halt, cache_misses = 149769
preemptive halt, cache_misses = 149769
preemptive halt, cache_misses = 149769
preemptive halt, cache_misses = 149769
preemptive halt, cache_misses = 149769
preemptive halt, cache_misses = 149769
preemptive halt, cache_misses = 149769
preemptive halt, cache_misses = 149769
preemptive halt, cache_misses = 149769
preemptive halt, cache_misses = 149769
preemptive halt, cache_misses = 149769
preemptive halt, cache_misses = 149769
preemptive halt, cache_misses = 149769
preemptive halt, cache_misses = 149769
preemptive halt, cache_misses = 149769
preemptive halt, cache_misses = 149769
preemptive halt, cache_misses = 149769
preemptive halt, cache_misses = 149769
preemptive halt, cache_misses = 149769
preemptive halt, cache_misses = 149769
preemptive halt, cache_misses = 149769
preemptive halt, cache_misses = 149769
preemptive halt, cache_misses = 149769
preemptive halt, cache_misses = 149769
preemptive halt, cache_misses = 149769
preemptive halt, cache_misses = 149769
preemptive halt, cache_misses = 149769
preemptive halt, cache_misses = 149769
preemptive halt, cache_misses = 149769
preemptive halt, cache_misses = 149769
preemptive halt, cache_misses = 149769
preemptive halt, cache_misses = 149769
preemptive halt, cache_misses = 149769
preemptive halt, cache_misses = 149769
preemptive halt, cache_misses = 149769
preemptive halt, cache_misses = 149769
preemptive halt, cache_misses = 149769
preemptive halt, cache_misses = 149769
preemptive halt, cache_misses = 149769
preemptive halt, cache_misses = 149769
preemptive halt, cache_misses = 149769
preemptive halt, cache_misses = 149769
preemptive halt, cache_misses = 149769
preemptive halt, cache_misses = 149769
preemptive halt, cache_misses = 149769
preemptive halt, cache_misses = 149769
preemptive halt, cache_misses = 149769
preemptive halt, cache_misses = 149769
preemptive halt, cache_misses = 149769
preemptive halt, cache_misses = 149769
preemptive halt, cache_misses = 149769
preemptive halt, cache_misses = 149769
preemptive halt, cache_misses = 149769
preemptive halt, cache_misses = 149769
preemptive halt, cache_misses = 149769
preemptive halt, cache_misses = 149769
preemptive halt, cache_misses = 149769
preemptive halt, cache_misses = 149769
preemptive halt, cache_misses = 149769
preemptive halt, cache_misses = 149769
preemptive halt, cache_misses = 149769
preemptive halt, cache_misses = 149769
preemptive halt, cache_misses = 149769
preemptive halt, cache_misses = 149769
preemptive halt, cache_misses = 149769
preemptive halt, cache_misses = 149769
preemptive halt, cache_misses = 149769
preemptive halt, cache_misses = 149769
preemptive halt, cache_misses = 149769
preemptive halt, cache_misses = 149769
preemptive halt, cache_misses = 149769
preemptive halt, cache_misses = 149769
preemptive halt, cache_misses = 149769
preemptive halt, cache_misses = 149769
preemptive halt, cache_misses = 149769
preemptive halt, cache_misses = 149769
preemptive halt, cache_misses = 149769
preemptive halt, cache_misses = 149769
preemptive halt, cache_misses = 149769
preemptive halt, cache_misses = 149769
preemptive halt, cache_misses = 149769
preemptive halt, cache_misses = 149769
preemptive halt, cache_misses = 149769
preemptive halt, cache_misses = 149769
preemptive halt, cache_misses = 149769
preemptive halt, cache_misses = 149769
preemptive halt, cache_misses = 149769
preemptive halt, cache_misses = 149769
preemptive halt, cache_misses = 149769
preemptive halt, cache_misses = 149769
preemptive halt, cache_misses = 149769
preemptive halt, cache_misses = 149769
preemptive halt, cache_misses = 149769
preemptive halt, cache_misses = 149769
preemptive halt, cache_misses = 149769
preemptive halt, cache_misses = 149769
preemptive halt, cache_misses = 149769
preemptive halt, cache_misses = 149769
preemptive halt, cache_misses = 149769
preemptive halt, cache_misses = 149769
preemptive halt, cache_misses = 149769
preemptive halt, cache_misses = 149769
preemptive halt, cache_misses = 149769
preemptive halt, cache_misses = 149769
preemptive halt, cache_misses = 149769
preemptive halt, cache_misses = 149769
preemptive halt, cache_misses = 149769
preemptive halt, cache_misses = 149769
preemptive halt, cache_misses = 149769
preemptive halt, cache_misses = 149769
preemptive halt, cache_misses = 149769
preemptive halt, cache_misses = 149769
preemptive halt, cache_misses = 149769
preemptive halt, cache_misses = 149769
preemptive halt, cache_misses = 149769
binary search, size 74784  misses 149769  min 74765  max 74804
binary search, size 74794  misses 149768  min 74784  max 74804
binary search, size 74789  misses 149768  min 74784  max 74794
binary search, size 74786  misses 149768  min 74784  max 74789
preemptive halt, cache_misses = 149769
preemptive halt, cache_misses = 149769
preemptive halt, cache_misses = 149769
preemptive halt, cache_misses = 149769
preemptive halt, cache_misses = 149769
preemptive halt, cache_misses = 149769
preemptive halt, cache_misses = 149769
preemptive halt, cache_misses = 149769
preemptive halt, cache_misses = 149769
preemptive halt, cache_misses = 149769
preemptive halt, cache_misses = 149769
preemptive halt, cache_misses = 149769
preemptive halt, cache_misses = 149769
preemptive halt, cache_misses = 149769
preemptive halt, cache_misses = 149769
preemptive halt, cache_misses = 149769
preemptive halt, cache_misses = 149769
preemptive halt, cache_misses = 149769
preemptive halt, cache_misses = 149769
preemptive halt, cache_misses = 149769
preemptive halt, cache_misses = 149769
preemptive halt, cache_misses = 149769
preemptive halt, cache_misses = 149769
preemptive halt, cache_misses = 149769
preemptive halt, cache_misses = 149769
preemptive halt, cache_misses = 149769
preemptive halt, cache_misses = 149769
preemptive halt, cache_misses = 149769
preemptive halt, cache_misses = 149769
preemptive halt, cache_misses = 149769
preemptive halt, cache_misses = 149769
preemptive halt, cache_misses = 149769
preemptive halt, cache_misses = 149769
preemptive halt, cache_misses = 149769
preemptive halt, cache_misses = 149769
preemptive halt, cache_misses = 149769
preemptive halt, cache_misses = 149769
preemptive halt, cache_misses = 149769
preemptive halt, cache_misses = 149769
preemptive halt, cache_misses = 149769
preemptive halt, cache_misses = 149769
preemptive halt, cache_misses = 149769
preemptive halt, cache_misses = 149769
preemptive halt, cache_misses = 149769
preemptive halt, cache_misses = 149769
preemptive halt, cache_misses = 149769
preemptive halt, cache_misses = 149769
preemptive halt, cache_misses = 149769
preemptive halt, cache_misses = 149769
preemptive halt, cache_misses = 149769
preemptive halt, cache_misses = 149769
preemptive halt, cache_misses = 149769
preemptive halt, cache_misses = 149769
preemptive halt, cache_misses = 149769
preemptive halt, cache_misses = 149769
preemptive halt, cache_misses = 149769
preemptive halt, cache_misses = 149769
preemptive halt, cache_misses = 149769
preemptive halt, cache_misses = 149769
preemptive halt, cache_misses = 149769
preemptive halt, cache_misses = 149769
preemptive halt, cache_misses = 149769
preemptive halt, cache_misses = 149769
preemptive halt, cache_misses = 149769
preemptive halt, cache_misses = 149769
preemptive halt, cache_misses = 149769
preemptive halt, cache_misses = 149769
preemptive halt, cache_misses = 149769
preemptive halt, cache_misses = 149769
preemptive halt, cache_misses = 149769
preemptive halt, cache_misses = 149769
preemptive halt, cache_misses = 149769
preemptive halt, cache_misses = 149769
preemptive halt, cache_misses = 149769
preemptive halt, cache_misses = 149769
preemptive halt, cache_misses = 149769
preemptive halt, cache_misses = 149769
preemptive halt, cache_misses = 149769
preemptive halt, cache_misses = 149769
preemptive halt, cache_misses = 149769
preemptive halt, cache_misses = 149769
preemptive halt, cache_misses = 149769
preemptive halt, cache_misses = 149769
preemptive halt, cache_misses = 149769
preemptive halt, cache_misses = 149769
preemptive halt, cache_misses = 149769
preemptive halt, cache_misses = 149769
preemptive halt, cache_misses = 149769
preemptive halt, cache_misses = 149769
preemptive halt, cache_misses = 149769
preemptive halt, cache_misses = 149769
preemptive halt, cache_misses = 149769
preemptive halt, cache_misses = 149769
preemptive halt, cache_misses = 149769
preemptive halt, cache_misses = 149769
preemptive halt, cache_misses = 149769
preemptive halt, cache_misses = 149769
preemptive halt, cache_misses = 149769
preemptive halt, cache_misses = 149769
preemptive halt, cache_misses = 149769
preemptive halt, cache_misses = 149769
preemptive halt, cache_misses = 149769
preemptive halt, cache_misses = 149769
preemptive halt, cache_misses = 149769
preemptive halt, cache_misses = 149769
preemptive halt, cache_misses = 149769
preemptive halt, cache_misses = 149769
preemptive halt, cache_misses = 149769
preemptive halt, cache_misses = 149769
preemptive halt, cache_misses = 149769
preemptive halt, cache_misses = 149769
preemptive halt, cache_misses = 149769
preemptive halt, cache_misses = 149769
preemptive halt, cache_misses = 149769
preemptive halt, cache_misses = 149769
preemptive halt, cache_misses = 149769
preemptive halt, cache_misses = 149769
preemptive halt, cache_misses = 149769
preemptive halt, cache_misses = 149769
preemptive halt, cache_misses = 149769
preemptive halt, cache_misses = 149769
preemptive halt, cache_misses = 149769
preemptive halt, cache_misses = 149769
preemptive halt, cache_misses = 149769
preemptive halt, cache_misses = 149769
preemptive halt, cache_misses = 149769
preemptive halt, cache_misses = 149769
preemptive halt, cache_misses = 149769
preemptive halt, cache_misses = 149769
preemptive halt, cache_misses = 149769
preemptive halt, cache_misses = 149769
preemptive halt, cache_misses = 149769
preemptive halt, cache_misses = 149769
preemptive halt, cache_misses = 149769
preemptive halt, cache_misses = 149769
preemptive halt, cache_misses = 149769
preemptive halt, cache_misses = 149769
preemptive halt, cache_misses = 149769
preemptive halt, cache_misses = 149769
preemptive halt, cache_misses = 149769
preemptive halt, cache_misses = 149769
preemptive halt, cache_misses = 149769
preemptive halt, cache_misses = 149769
preemptive halt, cache_misses = 149769
preemptive halt, cache_misses = 149769
preemptive halt, cache_misses = 149769
preemptive halt, cache_misses = 149769
preemptive halt, cache_misses = 149769
preemptive halt, cache_misses = 149769
preemptive halt, cache_misses = 149769
preemptive halt, cache_misses = 149769
preemptive halt, cache_misses = 149769
preemptive halt, cache_misses = 149769
preemptive halt, cache_misses = 149769
preemptive halt, cache_misses = 149769
preemptive halt, cache_misses = 149769
preemptive halt, cache_misses = 149769
preemptive halt, cache_misses = 149769
preemptive halt, cache_misses = 149769
preemptive halt, cache_misses = 149769
preemptive halt, cache_misses = 149769
preemptive halt, cache_misses = 149769
preemptive halt, cache_misses = 149769
preemptive halt, cache_misses = 149769
preemptive halt, cache_misses = 149769
preemptive halt, cache_misses = 149769
preemptive halt, cache_misses = 149769
preemptive halt, cache_misses = 149769
preemptive halt, cache_misses = 149769
preemptive halt, cache_misses = 149769
preemptive halt, cache_misses = 149769
preemptive halt, cache_misses = 149769
preemptive halt, cache_misses = 149769
preemptive halt, cache_misses = 149769
preemptive halt, cache_misses = 149769
preemptive halt, cache_misses = 149769
preemptive halt, cache_misses = 149769
preemptive halt, cache_misses = 149769
preemptive halt, cache_misses = 149769
preemptive halt, cache_misses = 149769
preemptive halt, cache_misses = 149769
preemptive halt, cache_misses = 149769
preemptive halt, cache_misses = 149769
preemptive halt, cache_misses = 149769
preemptive halt, cache_misses = 149769
preemptive halt, cache_misses = 149769
preemptive halt, cache_misses = 149769
preemptive halt, cache_misses = 149769
preemptive halt, cache_misses = 149769
preemptive halt, cache_misses = 149769
preemptive halt, cache_misses = 149769
preemptive halt, cache_misses = 149769
binary search, size 74785  misses 149769  min 74784  max 74786
characteristic cache size (binary search) for 386 = 74786
End at: 2021-04-02 15:50:40.366163
Time elapsed: 0:00:02.636800
