Begin at: 2021-04-02 15:47:17.966238
['../dist/Debug/GNU-Linux/memo_batch_tester', '', '--mbt_execution_trace_fname', 'olcs4_traceback_csize_input_types/OLCS4_lru_2021_04_02__15_44_32_k_3__d_2_cache_size_160000_problems_10_to_400/OLCS4_lru_2021_04_02__15_44_32_k_3__d_2_cache_size_160000_problems_10_to_400/OLCS4__do_traceback_prob_size_291_cache_size_160000_lru_k_3_d_2_execution_trace_2021_4_2_15_47_17_pid_19275.log', '--mbt_cache_misses_fname', 'olcs4_traceback_csize_input_types/OLCS4_lru_2021_04_02__15_44_32_k_3__d_2_cache_size_160000_problems_10_to_400/lcs_cost_OLCS4_lru_misses_for_cache_size.csv', '--mbt_misses_for_problem_size_fname', 'olcs4_traceback_csize_input_types/OLCS4_lru_2021_04_02__15_44_32_k_3__d_2_cache_size_160000_problems_10_to_400/lcs_cost_OLCS4_lru_misses_for_problem_size.csv', '--mbt_exact_cutoff_min_cache_size', '160000', '--mbt_exact_cutoff_max_cache_size', '160000', '--mbt_problem_type', 'lcs', '--mbt_metric_type', 'csize_binary_search', '--mbt_cutoff_ratio', '2.2', '--mbt_instance_fname', '291', '--mbt_detailed_cache_misses_out_fname', 'csize_olcs4_traceback_0011n_ceil_n_b_4.csv', '--mbt_phi_N', '5.0', '--mbt_problem_size', '291', '--lcs_compute_length', '0', '--lcs_perform_traceback', '1', '--lig_instance_type', '0011n_ceil_n_b', '--lig_n', '291', '--lig_c', '0.9', '--lig_b', '4.0', '--lcs_oblivious', '4', '--lcs_execution_trace_fname', 'olcs4_traceback_csize_input_types/OLCS4_lru_2021_04_02__15_44_32_k_3__d_2_cache_size_160000_problems_10_to_400/OLCS4_lru_2021_04_02__15_44_32_k_3__d_2_cache_size_160000_problems_10_to_400/OLCS4__do_traceback_prob_size_291_cache_size_160000_lru_k_3_d_2_execution_trace_2021_4_2_15_47_17_pid_19275.log', '--memo_caching_strategy', 'lru', '--memo_cache_size', '160001', '--memo_lru_queue_size', '160000', '--memo_cuckoo_k', '4', '--memo_key_length', '8', '--memo_value_length', '8', '--memo_k_timestamps', '3', '--memo_d_recent_timestamps', '2', '--memo_a_items_per_timestamp_factor', '0.4375']

csize_binary_search chosen
lcs problem_type lcs cache_size 160001
initialize_long_int_cache begin
init_memo
arguments to memo:
 --mbt_execution_trace_fname olcs4_traceback_csize_input_types/OLCS4_lru_2021_04_02__15_44_32_k_3__d_2_cache_size_160000_problems_10_to_400/OLCS4_lru_2021_04_02__15_44_32_k_3__d_2_cache_size_160000_problems_10_to_400/OLCS4__do_traceback_prob_size_291_cache_size_160000_lru_k_3_d_2_execution_trace_2021_4_2_15_47_17_pid_19275.log --mbt_cache_misses_fname olcs4_traceback_csize_input_types/OLCS4_lru_2021_04_02__15_44_32_k_3__d_2_cache_size_160000_problems_10_to_400/lcs_cost_OLCS4_lru_misses_for_cache_size.csv --mbt_misses_for_problem_size_fname olcs4_traceback_csize_input_types/OLCS4_lru_2021_04_02__15_44_32_k_3__d_2_cache_size_160000_problems_10_to_400/lcs_cost_OLCS4_lru_misses_for_problem_size.csv --mbt_exact_cutoff_min_cache_size 160000 --mbt_exact_cutoff_max_cache_size 160000 --mbt_problem_type lcs --mbt_metric_type csize_binary_search --mbt_cutoff_ratio 2.2 --mbt_instance_fname 291 --mbt_detailed_cache_misses_out_fname csize_olcs4_traceback_0011n_ceil_n_b_4.csv --mbt_phi_N 5.0 --mbt_problem_size 291 --lcs_compute_length 0 --lcs_perform_traceback 1 --lig_instance_type 0011n_ceil_n_b --lig_n 291 --lig_c 0.9 --lig_b 4.0 --lcs_oblivious 4 --lcs_execution_trace_fname olcs4_traceback_csize_input_types/OLCS4_lru_2021_04_02__15_44_32_k_3__d_2_cache_size_160000_problems_10_to_400/OLCS4_lru_2021_04_02__15_44_32_k_3__d_2_cache_size_160000_problems_10_to_400/OLCS4__do_traceback_prob_size_291_cache_size_160000_lru_k_3_d_2_execution_trace_2021_4_2_15_47_17_pid_19275.log --memo_caching_strategy lru --memo_cache_size 160001 --memo_lru_queue_size 160000 --memo_cuckoo_k 4 --memo_key_length 8 --memo_value_length 8 --memo_k_timestamps 3 --memo_d_recent_timestamps 2 --memo_a_items_per_timestamp_factor 0.4375 
calculate_table_size: table_size is 262144, original is 160001
Finished initializing cache
initialize_long_int_cache end
done initializing cache
initializing problem
done initializing problem
commence trials
Starting characteristic_cache_size_binary_search with max cache size 160001
binary search, size 160001  misses 85263
binary search, size 80000  misses 85263  min 0  max 160001
preemptive halt, cache_misses = 85264
preemptive halt, cache_misses = 85264
preemptive halt, cache_misses = 85264
preemptive halt, cache_misses = 85264
preemptive halt, cache_misses = 85264
preemptive halt, cache_misses = 85264
preemptive halt, cache_misses = 85264
preemptive halt, cache_misses = 85264
preemptive halt, cache_misses = 85264
preemptive halt, cache_misses = 85264
preemptive halt, cache_misses = 85264
preemptive halt, cache_misses = 85264
preemptive halt, cache_misses = 85264
preemptive halt, cache_misses = 85264
preemptive halt, cache_misses = 85264
preemptive halt, cache_misses = 85264
preemptive halt, cache_misses = 85264
preemptive halt, cache_misses = 85264
preemptive halt, cache_misses = 85264
preemptive halt, cache_misses = 85264
preemptive halt, cache_misses = 85264
preemptive halt, cache_misses = 85264
preemptive halt, cache_misses = 85264
preemptive halt, cache_misses = 85264
preemptive halt, cache_misses = 85264
preemptive halt, cache_misses = 85264
preemptive halt, cache_misses = 85264
preemptive halt, cache_misses = 85264
preemptive halt, cache_misses = 85264
preemptive halt, cache_misses = 85264
preemptive halt, cache_misses = 85264
preemptive halt, cache_misses = 85264
preemptive halt, cache_misses = 85264
preemptive halt, cache_misses = 85264
preemptive halt, cache_misses = 85264
preemptive halt, cache_misses = 85264
preemptive halt, cache_misses = 85264
preemptive halt, cache_misses = 85264
preemptive halt, cache_misses = 85264
preemptive halt, cache_misses = 85264
preemptive halt, cache_misses = 85264
preemptive halt, cache_misses = 85264
preemptive halt, cache_misses = 85264
preemptive halt, cache_misses = 85264
preemptive halt, cache_misses = 85264
preemptive halt, cache_misses = 85264
preemptive halt, cache_misses = 85264
preemptive halt, cache_misses = 85264
preemptive halt, cache_misses = 85264
preemptive halt, cache_misses = 85264
preemptive halt, cache_misses = 85264
preemptive halt, cache_misses = 85264
preemptive halt, cache_misses = 85264
preemptive halt, cache_misses = 85264
preemptive halt, cache_misses = 85264
preemptive halt, cache_misses = 85264
preemptive halt, cache_misses = 85264
preemptive halt, cache_misses = 85264
preemptive halt, cache_misses = 85264
preemptive halt, cache_misses = 85264
preemptive halt, cache_misses = 85264
preemptive halt, cache_misses = 85264
preemptive halt, cache_misses = 85264
preemptive halt, cache_misses = 85264
preemptive halt, cache_misses = 85264
preemptive halt, cache_misses = 85264
preemptive halt, cache_misses = 85264
preemptive halt, cache_misses = 85264
preemptive halt, cache_misses = 85264
preemptive halt, cache_misses = 85264
preemptive halt, cache_misses = 85264
preemptive halt, cache_misses = 85264
preemptive halt, cache_misses = 85264
preemptive halt, cache_misses = 85264
preemptive halt, cache_misses = 85264
preemptive halt, cache_misses = 85264
preemptive halt, cache_misses = 85264
preemptive halt, cache_misses = 85264
preemptive halt, cache_misses = 85264
preemptive halt, cache_misses = 85264
preemptive halt, cache_misses = 85264
preemptive halt, cache_misses = 85264
preemptive halt, cache_misses = 85264
preemptive halt, cache_misses = 85264
preemptive halt, cache_misses = 85264
preemptive halt, cache_misses = 85264
preemptive halt, cache_misses = 85264
preemptive halt, cache_misses = 85264
preemptive halt, cache_misses = 85264
preemptive halt, cache_misses = 85264
preemptive halt, cache_misses = 85264
preemptive halt, cache_misses = 85264
preemptive halt, cache_misses = 85264
preemptive halt, cache_misses = 85264
preemptive halt, cache_misses = 85264
preemptive halt, cache_misses = 85264
preemptive halt, cache_misses = 85264
preemptive halt, cache_misses = 85264
preemptive halt, cache_misses = 85264
preemptive halt, cache_misses = 85264
preemptive halt, cache_misses = 85264
preemptive halt, cache_misses = 85264
preemptive halt, cache_misses = 85264
preemptive halt, cache_misses = 85264
preemptive halt, cache_misses = 85264
preemptive halt, cache_misses = 85264
preemptive halt, cache_misses = 85264
preemptive halt, cache_misses = 85264
preemptive halt, cache_misses = 85264
preemptive halt, cache_misses = 85264
preemptive halt, cache_misses = 85264
preemptive halt, cache_misses = 85264
preemptive halt, cache_misses = 85264
preemptive halt, cache_misses = 85264
preemptive halt, cache_misses = 85264
preemptive halt, cache_misses = 85264
preemptive halt, cache_misses = 85264
preemptive halt, cache_misses = 85264
preemptive halt, cache_misses = 85264
preemptive halt, cache_misses = 85264
preemptive halt, cache_misses = 85264
preemptive halt, cache_misses = 85264
preemptive halt, cache_misses = 85264
preemptive halt, cache_misses = 85264
preemptive halt, cache_misses = 85264
preemptive halt, cache_misses = 85264
preemptive halt, cache_misses = 85264
preemptive halt, cache_misses = 85264
preemptive halt, cache_misses = 85264
preemptive halt, cache_misses = 85264
preemptive halt, cache_misses = 85264
preemptive halt, cache_misses = 85264
preemptive halt, cache_misses = 85264
preemptive halt, cache_misses = 85264
preemptive halt, cache_misses = 85264
preemptive halt, cache_misses = 85264
preemptive halt, cache_misses = 85264
preemptive halt, cache_misses = 85264
preemptive halt, cache_misses = 85264
preemptive halt, cache_misses = 85264
preemptive halt, cache_misses = 85264
preemptive halt, cache_misses = 85264
preemptive halt, cache_misses = 85264
preemptive halt, cache_misses = 85264
preemptive halt, cache_misses = 85264
preemptive halt, cache_misses = 85264
binary search, size 40000  misses 85264  min 0  max 80000
binary search, size 60000  misses 85263  min 40000  max 80000
binary search, size 50000  misses 85263  min 40000  max 60000
binary search, size 45000  misses 85263  min 40000  max 50000
preemptive halt, cache_misses = 85264
preemptive halt, cache_misses = 85264
preemptive halt, cache_misses = 85264
preemptive halt, cache_misses = 85264
preemptive halt, cache_misses = 85264
preemptive halt, cache_misses = 85264
preemptive halt, cache_misses = 85264
preemptive halt, cache_misses = 85264
preemptive halt, cache_misses = 85264
preemptive halt, cache_misses = 85264
preemptive halt, cache_misses = 85264
preemptive halt, cache_misses = 85264
preemptive halt, cache_misses = 85264
preemptive halt, cache_misses = 85264
preemptive halt, cache_misses = 85264
preemptive halt, cache_misses = 85264
preemptive halt, cache_misses = 85264
preemptive halt, cache_misses = 85264
preemptive halt, cache_misses = 85264
preemptive halt, cache_misses = 85264
preemptive halt, cache_misses = 85264
preemptive halt, cache_misses = 85264
preemptive halt, cache_misses = 85264
preemptive halt, cache_misses = 85264
preemptive halt, cache_misses = 85264
preemptive halt, cache_misses = 85264
preemptive halt, cache_misses = 85264
preemptive halt, cache_misses = 85264
preemptive halt, cache_misses = 85264
preemptive halt, cache_misses = 85264
preemptive halt, cache_misses = 85264
preemptive halt, cache_misses = 85264
preemptive halt, cache_misses = 85264
preemptive halt, cache_misses = 85264
preemptive halt, cache_misses = 85264
preemptive halt, cache_misses = 85264
preemptive halt, cache_misses = 85264
preemptive halt, cache_misses = 85264
preemptive halt, cache_misses = 85264
preemptive halt, cache_misses = 85264
preemptive halt, cache_misses = 85264
preemptive halt, cache_misses = 85264
preemptive halt, cache_misses = 85264
preemptive halt, cache_misses = 85264
preemptive halt, cache_misses = 85264
preemptive halt, cache_misses = 85264
preemptive halt, cache_misses = 85264
preemptive halt, cache_misses = 85264
preemptive halt, cache_misses = 85264
preemptive halt, cache_misses = 85264
preemptive halt, cache_misses = 85264
preemptive halt, cache_misses = 85264
preemptive halt, cache_misses = 85264
preemptive halt, cache_misses = 85264
preemptive halt, cache_misses = 85264
preemptive halt, cache_misses = 85264
preemptive halt, cache_misses = 85264
preemptive halt, cache_misses = 85264
preemptive halt, cache_misses = 85264
preemptive halt, cache_misses = 85264
preemptive halt, cache_misses = 85264
preemptive halt, cache_misses = 85264
preemptive halt, cache_misses = 85264
preemptive halt, cache_misses = 85264
preemptive halt, cache_misses = 85264
preemptive halt, cache_misses = 85264
preemptive halt, cache_misses = 85264
preemptive halt, cache_misses = 85264
preemptive halt, cache_misses = 85264
preemptive halt, cache_misses = 85264
preemptive halt, cache_misses = 85264
preemptive halt, cache_misses = 85264
preemptive halt, cache_misses = 85264
preemptive halt, cache_misses = 85264
preemptive halt, cache_misses = 85264
preemptive halt, cache_misses = 85264
preemptive halt, cache_misses = 85264
preemptive halt, cache_misses = 85264
preemptive halt, cache_misses = 85264
preemptive halt, cache_misses = 85264
preemptive halt, cache_misses = 85264
preemptive halt, cache_misses = 85264
preemptive halt, cache_misses = 85264
preemptive halt, cache_misses = 85264
preemptive halt, cache_misses = 85264
preemptive halt, cache_misses = 85264
preemptive halt, cache_misses = 85264
preemptive halt, cache_misses = 85264
preemptive halt, cache_misses = 85264
preemptive halt, cache_misses = 85264
preemptive halt, cache_misses = 85264
preemptive halt, cache_misses = 85264
preemptive halt, cache_misses = 85264
preemptive halt, cache_misses = 85264
preemptive halt, cache_misses = 85264
preemptive halt, cache_misses = 85264
preemptive halt, cache_misses = 85264
preemptive halt, cache_misses = 85264
preemptive halt, cache_misses = 85264
preemptive halt, cache_misses = 85264
preemptive halt, cache_misses = 85264
preemptive halt, cache_misses = 85264
preemptive halt, cache_misses = 85264
preemptive halt, cache_misses = 85264
preemptive halt, cache_misses = 85264
preemptive halt, cache_misses = 85264
preemptive halt, cache_misses = 85264
preemptive halt, cache_misses = 85264
preemptive halt, cache_misses = 85264
preemptive halt, cache_misses = 85264
preemptive halt, cache_misses = 85264
preemptive halt, cache_misses = 85264
preemptive halt, cache_misses = 85264
preemptive halt, cache_misses = 85264
preemptive halt, cache_misses = 85264
preemptive halt, cache_misses = 85264
preemptive halt, cache_misses = 85264
preemptive halt, cache_misses = 85264
preemptive halt, cache_misses = 85264
preemptive halt, cache_misses = 85264
preemptive halt, cache_misses = 85264
preemptive halt, cache_misses = 85264
preemptive halt, cache_misses = 85264
preemptive halt, cache_misses = 85264
preemptive halt, cache_misses = 85264
preemptive halt, cache_misses = 85264
preemptive halt, cache_misses = 85264
preemptive halt, cache_misses = 85264
preemptive halt, cache_misses = 85264
preemptive halt, cache_misses = 85264
preemptive halt, cache_misses = 85264
preemptive halt, cache_misses = 85264
preemptive halt, cache_misses = 85264
preemptive halt, cache_misses = 85264
preemptive halt, cache_misses = 85264
preemptive halt, cache_misses = 85264
preemptive halt, cache_misses = 85264
preemptive halt, cache_misses = 85264
preemptive halt, cache_misses = 85264
preemptive halt, cache_misses = 85264
preemptive halt, cache_misses = 85264
preemptive halt, cache_misses = 85264
preemptive halt, cache_misses = 85264
preemptive halt, cache_misses = 85264
preemptive halt, cache_misses = 85264
preemptive halt, cache_misses = 85264
binary search, size 42500  misses 85264  min 40000  max 45000
binary search, size 43750  misses 85263  min 42500  max 45000
binary search, size 43125  misses 85263  min 42500  max 43750
binary search, size 42812  misses 85263  min 42500  max 43125
preemptive halt, cache_misses = 85264
preemptive halt, cache_misses = 85264
preemptive halt, cache_misses = 85264
preemptive halt, cache_misses = 85264
preemptive halt, cache_misses = 85264
preemptive halt, cache_misses = 85264
preemptive halt, cache_misses = 85264
preemptive halt, cache_misses = 85264
preemptive halt, cache_misses = 85264
preemptive halt, cache_misses = 85264
preemptive halt, cache_misses = 85264
preemptive halt, cache_misses = 85264
preemptive halt, cache_misses = 85264
preemptive halt, cache_misses = 85264
preemptive halt, cache_misses = 85264
preemptive halt, cache_misses = 85264
preemptive halt, cache_misses = 85264
preemptive halt, cache_misses = 85264
preemptive halt, cache_misses = 85264
preemptive halt, cache_misses = 85264
preemptive halt, cache_misses = 85264
preemptive halt, cache_misses = 85264
preemptive halt, cache_misses = 85264
preemptive halt, cache_misses = 85264
preemptive halt, cache_misses = 85264
preemptive halt, cache_misses = 85264
preemptive halt, cache_misses = 85264
preemptive halt, cache_misses = 85264
preemptive halt, cache_misses = 85264
preemptive halt, cache_misses = 85264
preemptive halt, cache_misses = 85264
preemptive halt, cache_misses = 85264
preemptive halt, cache_misses = 85264
preemptive halt, cache_misses = 85264
preemptive halt, cache_misses = 85264
preemptive halt, cache_misses = 85264
preemptive halt, cache_misses = 85264
preemptive halt, cache_misses = 85264
preemptive halt, cache_misses = 85264
preemptive halt, cache_misses = 85264
preemptive halt, cache_misses = 85264
preemptive halt, cache_misses = 85264
preemptive halt, cache_misses = 85264
preemptive halt, cache_misses = 85264
preemptive halt, cache_misses = 85264
preemptive halt, cache_misses = 85264
preemptive halt, cache_misses = 85264
preemptive halt, cache_misses = 85264
preemptive halt, cache_misses = 85264
preemptive halt, cache_misses = 85264
preemptive halt, cache_misses = 85264
preemptive halt, cache_misses = 85264
preemptive halt, cache_misses = 85264
preemptive halt, cache_misses = 85264
preemptive halt, cache_misses = 85264
preemptive halt, cache_misses = 85264
preemptive halt, cache_misses = 85264
preemptive halt, cache_misses = 85264
preemptive halt, cache_misses = 85264
preemptive halt, cache_misses = 85264
preemptive halt, cache_misses = 85264
preemptive halt, cache_misses = 85264
preemptive halt, cache_misses = 85264
preemptive halt, cache_misses = 85264
preemptive halt, cache_misses = 85264
preemptive halt, cache_misses = 85264
preemptive halt, cache_misses = 85264
preemptive halt, cache_misses = 85264
preemptive halt, cache_misses = 85264
preemptive halt, cache_misses = 85264
preemptive halt, cache_misses = 85264
preemptive halt, cache_misses = 85264
preemptive halt, cache_misses = 85264
preemptive halt, cache_misses = 85264
preemptive halt, cache_misses = 85264
preemptive halt, cache_misses = 85264
preemptive halt, cache_misses = 85264
preemptive halt, cache_misses = 85264
preemptive halt, cache_misses = 85264
preemptive halt, cache_misses = 85264
preemptive halt, cache_misses = 85264
preemptive halt, cache_misses = 85264
preemptive halt, cache_misses = 85264
preemptive halt, cache_misses = 85264
preemptive halt, cache_misses = 85264
preemptive halt, cache_misses = 85264
preemptive halt, cache_misses = 85264
preemptive halt, cache_misses = 85264
preemptive halt, cache_misses = 85264
preemptive halt, cache_misses = 85264
preemptive halt, cache_misses = 85264
preemptive halt, cache_misses = 85264
preemptive halt, cache_misses = 85264
preemptive halt, cache_misses = 85264
preemptive halt, cache_misses = 85264
preemptive halt, cache_misses = 85264
preemptive halt, cache_misses = 85264
preemptive halt, cache_misses = 85264
preemptive halt, cache_misses = 85264
preemptive halt, cache_misses = 85264
preemptive halt, cache_misses = 85264
preemptive halt, cache_misses = 85264
preemptive halt, cache_misses = 85264
preemptive halt, cache_misses = 85264
preemptive halt, cache_misses = 85264
preemptive halt, cache_misses = 85264
preemptive halt, cache_misses = 85264
preemptive halt, cache_misses = 85264
preemptive halt, cache_misses = 85264
preemptive halt, cache_misses = 85264
preemptive halt, cache_misses = 85264
preemptive halt, cache_misses = 85264
preemptive halt, cache_misses = 85264
preemptive halt, cache_misses = 85264
preemptive halt, cache_misses = 85264
preemptive halt, cache_misses = 85264
preemptive halt, cache_misses = 85264
preemptive halt, cache_misses = 85264
preemptive halt, cache_misses = 85264
preemptive halt, cache_misses = 85264
preemptive halt, cache_misses = 85264
preemptive halt, cache_misses = 85264
preemptive halt, cache_misses = 85264
preemptive halt, cache_misses = 85264
preemptive halt, cache_misses = 85264
preemptive halt, cache_misses = 85264
preemptive halt, cache_misses = 85264
preemptive halt, cache_misses = 85264
preemptive halt, cache_misses = 85264
preemptive halt, cache_misses = 85264
preemptive halt, cache_misses = 85264
preemptive halt, cache_misses = 85264
preemptive halt, cache_misses = 85264
preemptive halt, cache_misses = 85264
preemptive halt, cache_misses = 85264
preemptive halt, cache_misses = 85264
preemptive halt, cache_misses = 85264
preemptive halt, cache_misses = 85264
preemptive halt, cache_misses = 85264
preemptive halt, cache_misses = 85264
preemptive halt, cache_misses = 85264
preemptive halt, cache_misses = 85264
preemptive halt, cache_misses = 85264
preemptive halt, cache_misses = 85264
preemptive halt, cache_misses = 85264
preemptive halt, cache_misses = 85264
binary search, size 42656  misses 85264  min 42500  max 42812
binary search, size 42734  misses 85263  min 42656  max 42812
preemptive halt, cache_misses = 85264
preemptive halt, cache_misses = 85264
preemptive halt, cache_misses = 85264
preemptive halt, cache_misses = 85264
preemptive halt, cache_misses = 85264
preemptive halt, cache_misses = 85264
preemptive halt, cache_misses = 85264
preemptive halt, cache_misses = 85264
preemptive halt, cache_misses = 85264
preemptive halt, cache_misses = 85264
preemptive halt, cache_misses = 85264
preemptive halt, cache_misses = 85264
preemptive halt, cache_misses = 85264
preemptive halt, cache_misses = 85264
preemptive halt, cache_misses = 85264
preemptive halt, cache_misses = 85264
preemptive halt, cache_misses = 85264
preemptive halt, cache_misses = 85264
preemptive halt, cache_misses = 85264
preemptive halt, cache_misses = 85264
preemptive halt, cache_misses = 85264
preemptive halt, cache_misses = 85264
preemptive halt, cache_misses = 85264
preemptive halt, cache_misses = 85264
preemptive halt, cache_misses = 85264
preemptive halt, cache_misses = 85264
preemptive halt, cache_misses = 85264
preemptive halt, cache_misses = 85264
preemptive halt, cache_misses = 85264
preemptive halt, cache_misses = 85264
preemptive halt, cache_misses = 85264
preemptive halt, cache_misses = 85264
preemptive halt, cache_misses = 85264
preemptive halt, cache_misses = 85264
preemptive halt, cache_misses = 85264
preemptive halt, cache_misses = 85264
preemptive halt, cache_misses = 85264
preemptive halt, cache_misses = 85264
preemptive halt, cache_misses = 85264
preemptive halt, cache_misses = 85264
preemptive halt, cache_misses = 85264
preemptive halt, cache_misses = 85264
preemptive halt, cache_misses = 85264
preemptive halt, cache_misses = 85264
preemptive halt, cache_misses = 85264
preemptive halt, cache_misses = 85264
preemptive halt, cache_misses = 85264
preemptive halt, cache_misses = 85264
preemptive halt, cache_misses = 85264
preemptive halt, cache_misses = 85264
preemptive halt, cache_misses = 85264
preemptive halt, cache_misses = 85264
preemptive halt, cache_misses = 85264
preemptive halt, cache_misses = 85264
preemptive halt, cache_misses = 85264
preemptive halt, cache_misses = 85264
preemptive halt, cache_misses = 85264
preemptive halt, cache_misses = 85264
preemptive halt, cache_misses = 85264
preemptive halt, cache_misses = 85264
preemptive halt, cache_misses = 85264
preemptive halt, cache_misses = 85264
preemptive halt, cache_misses = 85264
preemptive halt, cache_misses = 85264
preemptive halt, cache_misses = 85264
preemptive halt, cache_misses = 85264
preemptive halt, cache_misses = 85264
preemptive halt, cache_misses = 85264
preemptive halt, cache_misses = 85264
preemptive halt, cache_misses = 85264
preemptive halt, cache_misses = 85264
preemptive halt, cache_misses = 85264
preemptive halt, cache_misses = 85264
preemptive halt, cache_misses = 85264
preemptive halt, cache_misses = 85264
preemptive halt, cache_misses = 85264
preemptive halt, cache_misses = 85264
preemptive halt, cache_misses = 85264
preemptive halt, cache_misses = 85264
preemptive halt, cache_misses = 85264
preemptive halt, cache_misses = 85264
preemptive halt, cache_misses = 85264
preemptive halt, cache_misses = 85264
preemptive halt, cache_misses = 85264
preemptive halt, cache_misses = 85264
preemptive halt, cache_misses = 85264
preemptive halt, cache_misses = 85264
preemptive halt, cache_misses = 85264
preemptive halt, cache_misses = 85264
preemptive halt, cache_misses = 85264
preemptive halt, cache_misses = 85264
preemptive halt, cache_misses = 85264
preemptive halt, cache_misses = 85264
preemptive halt, cache_misses = 85264
preemptive halt, cache_misses = 85264
preemptive halt, cache_misses = 85264
preemptive halt, cache_misses = 85264
preemptive halt, cache_misses = 85264
preemptive halt, cache_misses = 85264
preemptive halt, cache_misses = 85264
preemptive halt, cache_misses = 85264
preemptive halt, cache_misses = 85264
preemptive halt, cache_misses = 85264
preemptive halt, cache_misses = 85264
preemptive halt, cache_misses = 85264
preemptive halt, cache_misses = 85264
preemptive halt, cache_misses = 85264
preemptive halt, cache_misses = 85264
preemptive halt, cache_misses = 85264
preemptive halt, cache_misses = 85264
preemptive halt, cache_misses = 85264
preemptive halt, cache_misses = 85264
preemptive halt, cache_misses = 85264
preemptive halt, cache_misses = 85264
preemptive halt, cache_misses = 85264
preemptive halt, cache_misses = 85264
preemptive halt, cache_misses = 85264
preemptive halt, cache_misses = 85264
preemptive halt, cache_misses = 85264
preemptive halt, cache_misses = 85264
preemptive halt, cache_misses = 85264
preemptive halt, cache_misses = 85264
preemptive halt, cache_misses = 85264
preemptive halt, cache_misses = 85264
preemptive halt, cache_misses = 85264
preemptive halt, cache_misses = 85264
preemptive halt, cache_misses = 85264
preemptive halt, cache_misses = 85264
preemptive halt, cache_misses = 85264
preemptive halt, cache_misses = 85264
preemptive halt, cache_misses = 85264
preemptive halt, cache_misses = 85264
preemptive halt, cache_misses = 85264
preemptive halt, cache_misses = 85264
preemptive halt, cache_misses = 85264
preemptive halt, cache_misses = 85264
preemptive halt, cache_misses = 85264
preemptive halt, cache_misses = 85264
preemptive halt, cache_misses = 85264
preemptive halt, cache_misses = 85264
preemptive halt, cache_misses = 85264
preemptive halt, cache_misses = 85264
preemptive halt, cache_misses = 85264
preemptive halt, cache_misses = 85264
preemptive halt, cache_misses = 85264
preemptive halt, cache_misses = 85264
binary search, size 42695  misses 85264  min 42656  max 42734
binary search, size 42714  misses 85263  min 42695  max 42734
binary search, size 42704  misses 85263  min 42695  max 42714
preemptive halt, cache_misses = 85264
preemptive halt, cache_misses = 85264
preemptive halt, cache_misses = 85264
preemptive halt, cache_misses = 85264
preemptive halt, cache_misses = 85264
preemptive halt, cache_misses = 85264
preemptive halt, cache_misses = 85264
preemptive halt, cache_misses = 85264
preemptive halt, cache_misses = 85264
preemptive halt, cache_misses = 85264
preemptive halt, cache_misses = 85264
preemptive halt, cache_misses = 85264
preemptive halt, cache_misses = 85264
preemptive halt, cache_misses = 85264
preemptive halt, cache_misses = 85264
preemptive halt, cache_misses = 85264
preemptive halt, cache_misses = 85264
preemptive halt, cache_misses = 85264
preemptive halt, cache_misses = 85264
preemptive halt, cache_misses = 85264
preemptive halt, cache_misses = 85264
preemptive halt, cache_misses = 85264
preemptive halt, cache_misses = 85264
preemptive halt, cache_misses = 85264
preemptive halt, cache_misses = 85264
preemptive halt, cache_misses = 85264
preemptive halt, cache_misses = 85264
preemptive halt, cache_misses = 85264
preemptive halt, cache_misses = 85264
preemptive halt, cache_misses = 85264
preemptive halt, cache_misses = 85264
preemptive halt, cache_misses = 85264
preemptive halt, cache_misses = 85264
preemptive halt, cache_misses = 85264
preemptive halt, cache_misses = 85264
preemptive halt, cache_misses = 85264
preemptive halt, cache_misses = 85264
preemptive halt, cache_misses = 85264
preemptive halt, cache_misses = 85264
preemptive halt, cache_misses = 85264
preemptive halt, cache_misses = 85264
preemptive halt, cache_misses = 85264
preemptive halt, cache_misses = 85264
preemptive halt, cache_misses = 85264
preemptive halt, cache_misses = 85264
preemptive halt, cache_misses = 85264
preemptive halt, cache_misses = 85264
preemptive halt, cache_misses = 85264
preemptive halt, cache_misses = 85264
preemptive halt, cache_misses = 85264
preemptive halt, cache_misses = 85264
preemptive halt, cache_misses = 85264
preemptive halt, cache_misses = 85264
preemptive halt, cache_misses = 85264
preemptive halt, cache_misses = 85264
preemptive halt, cache_misses = 85264
preemptive halt, cache_misses = 85264
preemptive halt, cache_misses = 85264
preemptive halt, cache_misses = 85264
preemptive halt, cache_misses = 85264
preemptive halt, cache_misses = 85264
preemptive halt, cache_misses = 85264
preemptive halt, cache_misses = 85264
preemptive halt, cache_misses = 85264
preemptive halt, cache_misses = 85264
preemptive halt, cache_misses = 85264
preemptive halt, cache_misses = 85264
preemptive halt, cache_misses = 85264
preemptive halt, cache_misses = 85264
preemptive halt, cache_misses = 85264
preemptive halt, cache_misses = 85264
preemptive halt, cache_misses = 85264
preemptive halt, cache_misses = 85264
preemptive halt, cache_misses = 85264
preemptive halt, cache_misses = 85264
preemptive halt, cache_misses = 85264
preemptive halt, cache_misses = 85264
preemptive halt, cache_misses = 85264
preemptive halt, cache_misses = 85264
preemptive halt, cache_misses = 85264
preemptive halt, cache_misses = 85264
preemptive halt, cache_misses = 85264
preemptive halt, cache_misses = 85264
preemptive halt, cache_misses = 85264
preemptive halt, cache_misses = 85264
preemptive halt, cache_misses = 85264
preemptive halt, cache_misses = 85264
preemptive halt, cache_misses = 85264
preemptive halt, cache_misses = 85264
preemptive halt, cache_misses = 85264
preemptive halt, cache_misses = 85264
preemptive halt, cache_misses = 85264
preemptive halt, cache_misses = 85264
preemptive halt, cache_misses = 85264
preemptive halt, cache_misses = 85264
preemptive halt, cache_misses = 85264
preemptive halt, cache_misses = 85264
preemptive halt, cache_misses = 85264
preemptive halt, cache_misses = 85264
preemptive halt, cache_misses = 85264
preemptive halt, cache_misses = 85264
preemptive halt, cache_misses = 85264
preemptive halt, cache_misses = 85264
preemptive halt, cache_misses = 85264
preemptive halt, cache_misses = 85264
preemptive halt, cache_misses = 85264
preemptive halt, cache_misses = 85264
preemptive halt, cache_misses = 85264
preemptive halt, cache_misses = 85264
preemptive halt, cache_misses = 85264
preemptive halt, cache_misses = 85264
preemptive halt, cache_misses = 85264
preemptive halt, cache_misses = 85264
preemptive halt, cache_misses = 85264
preemptive halt, cache_misses = 85264
preemptive halt, cache_misses = 85264
preemptive halt, cache_misses = 85264
preemptive halt, cache_misses = 85264
preemptive halt, cache_misses = 85264
preemptive halt, cache_misses = 85264
preemptive halt, cache_misses = 85264
preemptive halt, cache_misses = 85264
preemptive halt, cache_misses = 85264
preemptive halt, cache_misses = 85264
preemptive halt, cache_misses = 85264
preemptive halt, cache_misses = 85264
preemptive halt, cache_misses = 85264
preemptive halt, cache_misses = 85264
preemptive halt, cache_misses = 85264
preemptive halt, cache_misses = 85264
preemptive halt, cache_misses = 85264
preemptive halt, cache_misses = 85264
preemptive halt, cache_misses = 85264
preemptive halt, cache_misses = 85264
preemptive halt, cache_misses = 85264
preemptive halt, cache_misses = 85264
preemptive halt, cache_misses = 85264
preemptive halt, cache_misses = 85264
preemptive halt, cache_misses = 85264
preemptive halt, cache_misses = 85264
preemptive halt, cache_misses = 85264
preemptive halt, cache_misses = 85264
preemptive halt, cache_misses = 85264
preemptive halt, cache_misses = 85264
preemptive halt, cache_misses = 85264
preemptive halt, cache_misses = 85264
binary search, size 42699  misses 85264  min 42695  max 42704
preemptive halt, cache_misses = 85265
preemptive halt, cache_misses = 85265
preemptive halt, cache_misses = 85265
preemptive halt, cache_misses = 85265
preemptive halt, cache_misses = 85265
preemptive halt, cache_misses = 85265
preemptive halt, cache_misses = 85265
preemptive halt, cache_misses = 85265
preemptive halt, cache_misses = 85265
preemptive halt, cache_misses = 85265
preemptive halt, cache_misses = 85265
preemptive halt, cache_misses = 85265
preemptive halt, cache_misses = 85265
preemptive halt, cache_misses = 85265
preemptive halt, cache_misses = 85265
preemptive halt, cache_misses = 85265
preemptive halt, cache_misses = 85265
preemptive halt, cache_misses = 85265
preemptive halt, cache_misses = 85265
preemptive halt, cache_misses = 85265
preemptive halt, cache_misses = 85265
preemptive halt, cache_misses = 85265
preemptive halt, cache_misses = 85265
preemptive halt, cache_misses = 85265
preemptive halt, cache_misses = 85265
preemptive halt, cache_misses = 85265
preemptive halt, cache_misses = 85265
preemptive halt, cache_misses = 85265
preemptive halt, cache_misses = 85265
preemptive halt, cache_misses = 85265
preemptive halt, cache_misses = 85265
preemptive halt, cache_misses = 85265
preemptive halt, cache_misses = 85265
preemptive halt, cache_misses = 85265
preemptive halt, cache_misses = 85265
preemptive halt, cache_misses = 85265
preemptive halt, cache_misses = 85265
preemptive halt, cache_misses = 85265
preemptive halt, cache_misses = 85265
preemptive halt, cache_misses = 85265
preemptive halt, cache_misses = 85265
preemptive halt, cache_misses = 85265
preemptive halt, cache_misses = 85265
preemptive halt, cache_misses = 85265
preemptive halt, cache_misses = 85265
preemptive halt, cache_misses = 85265
preemptive halt, cache_misses = 85265
preemptive halt, cache_misses = 85265
preemptive halt, cache_misses = 85265
preemptive halt, cache_misses = 85265
preemptive halt, cache_misses = 85265
preemptive halt, cache_misses = 85265
preemptive halt, cache_misses = 85265
preemptive halt, cache_misses = 85265
preemptive halt, cache_misses = 85265
preemptive halt, cache_misses = 85265
preemptive halt, cache_misses = 85265
preemptive halt, cache_misses = 85265
preemptive halt, cache_misses = 85265
preemptive halt, cache_misses = 85265
preemptive halt, cache_misses = 85265
preemptive halt, cache_misses = 85265
preemptive halt, cache_misses = 85265
preemptive halt, cache_misses = 85265
preemptive halt, cache_misses = 85265
preemptive halt, cache_misses = 85265
preemptive halt, cache_misses = 85265
preemptive halt, cache_misses = 85265
preemptive halt, cache_misses = 85265
preemptive halt, cache_misses = 85265
preemptive halt, cache_misses = 85265
preemptive halt, cache_misses = 85265
preemptive halt, cache_misses = 85265
preemptive halt, cache_misses = 85265
preemptive halt, cache_misses = 85265
preemptive halt, cache_misses = 85265
preemptive halt, cache_misses = 85265
preemptive halt, cache_misses = 85265
preemptive halt, cache_misses = 85265
preemptive halt, cache_misses = 85265
preemptive halt, cache_misses = 85265
preemptive halt, cache_misses = 85265
preemptive halt, cache_misses = 85265
preemptive halt, cache_misses = 85265
preemptive halt, cache_misses = 85265
preemptive halt, cache_misses = 85265
preemptive halt, cache_misses = 85265
preemptive halt, cache_misses = 85265
preemptive halt, cache_misses = 85265
preemptive halt, cache_misses = 85265
preemptive halt, cache_misses = 85265
preemptive halt, cache_misses = 85265
preemptive halt, cache_misses = 85265
preemptive halt, cache_misses = 85265
preemptive halt, cache_misses = 85265
preemptive halt, cache_misses = 85265
preemptive halt, cache_misses = 85265
preemptive halt, cache_misses = 85265
preemptive halt, cache_misses = 85265
preemptive halt, cache_misses = 85265
preemptive halt, cache_misses = 85265
preemptive halt, cache_misses = 85265
preemptive halt, cache_misses = 85265
preemptive halt, cache_misses = 85265
preemptive halt, cache_misses = 85265
preemptive halt, cache_misses = 85265
preemptive halt, cache_misses = 85265
preemptive halt, cache_misses = 85265
preemptive halt, cache_misses = 85265
preemptive halt, cache_misses = 85265
preemptive halt, cache_misses = 85265
preemptive halt, cache_misses = 85265
preemptive halt, cache_misses = 85265
preemptive halt, cache_misses = 85265
preemptive halt, cache_misses = 85265
preemptive halt, cache_misses = 85265
preemptive halt, cache_misses = 85265
preemptive halt, cache_misses = 85265
preemptive halt, cache_misses = 85265
preemptive halt, cache_misses = 85265
preemptive halt, cache_misses = 85265
preemptive halt, cache_misses = 85265
preemptive halt, cache_misses = 85265
preemptive halt, cache_misses = 85265
preemptive halt, cache_misses = 85265
preemptive halt, cache_misses = 85265
preemptive halt, cache_misses = 85265
preemptive halt, cache_misses = 85265
preemptive halt, cache_misses = 85265
preemptive halt, cache_misses = 85265
preemptive halt, cache_misses = 85265
preemptive halt, cache_misses = 85265
preemptive halt, cache_misses = 85265
preemptive halt, cache_misses = 85265
preemptive halt, cache_misses = 85265
preemptive halt, cache_misses = 85265
preemptive halt, cache_misses = 85265
preemptive halt, cache_misses = 85265
preemptive halt, cache_misses = 85265
preemptive halt, cache_misses = 85265
preemptive halt, cache_misses = 85265
preemptive halt, cache_misses = 85265
preemptive halt, cache_misses = 85265
preemptive halt, cache_misses = 85265
preemptive halt, cache_misses = 85265
preemptive halt, cache_misses = 85265
preemptive halt, cache_misses = 85265
preemptive halt, cache_misses = 85265
binary search, size 42701  misses 85265  min 42699  max 42704
preemptive halt, cache_misses = 85266
preemptive halt, cache_misses = 85266
preemptive halt, cache_misses = 85266
preemptive halt, cache_misses = 85266
preemptive halt, cache_misses = 85266
preemptive halt, cache_misses = 85266
preemptive halt, cache_misses = 85266
preemptive halt, cache_misses = 85266
preemptive halt, cache_misses = 85266
preemptive halt, cache_misses = 85266
preemptive halt, cache_misses = 85266
preemptive halt, cache_misses = 85266
preemptive halt, cache_misses = 85266
preemptive halt, cache_misses = 85266
preemptive halt, cache_misses = 85266
preemptive halt, cache_misses = 85266
preemptive halt, cache_misses = 85266
preemptive halt, cache_misses = 85266
preemptive halt, cache_misses = 85266
preemptive halt, cache_misses = 85266
preemptive halt, cache_misses = 85266
preemptive halt, cache_misses = 85266
preemptive halt, cache_misses = 85266
preemptive halt, cache_misses = 85266
preemptive halt, cache_misses = 85266
preemptive halt, cache_misses = 85266
preemptive halt, cache_misses = 85266
preemptive halt, cache_misses = 85266
preemptive halt, cache_misses = 85266
preemptive halt, cache_misses = 85266
preemptive halt, cache_misses = 85266
preemptive halt, cache_misses = 85266
preemptive halt, cache_misses = 85266
preemptive halt, cache_misses = 85266
preemptive halt, cache_misses = 85266
preemptive halt, cache_misses = 85266
preemptive halt, cache_misses = 85266
preemptive halt, cache_misses = 85266
preemptive halt, cache_misses = 85266
preemptive halt, cache_misses = 85266
preemptive halt, cache_misses = 85266
preemptive halt, cache_misses = 85266
preemptive halt, cache_misses = 85266
preemptive halt, cache_misses = 85266
preemptive halt, cache_misses = 85266
preemptive halt, cache_misses = 85266
preemptive halt, cache_misses = 85266
preemptive halt, cache_misses = 85266
preemptive halt, cache_misses = 85266
preemptive halt, cache_misses = 85266
preemptive halt, cache_misses = 85266
preemptive halt, cache_misses = 85266
preemptive halt, cache_misses = 85266
preemptive halt, cache_misses = 85266
preemptive halt, cache_misses = 85266
preemptive halt, cache_misses = 85266
preemptive halt, cache_misses = 85266
preemptive halt, cache_misses = 85266
preemptive halt, cache_misses = 85266
preemptive halt, cache_misses = 85266
preemptive halt, cache_misses = 85266
preemptive halt, cache_misses = 85266
preemptive halt, cache_misses = 85266
preemptive halt, cache_misses = 85266
preemptive halt, cache_misses = 85266
preemptive halt, cache_misses = 85266
preemptive halt, cache_misses = 85266
preemptive halt, cache_misses = 85266
preemptive halt, cache_misses = 85266
preemptive halt, cache_misses = 85266
preemptive halt, cache_misses = 85266
preemptive halt, cache_misses = 85266
preemptive halt, cache_misses = 85266
preemptive halt, cache_misses = 85266
preemptive halt, cache_misses = 85266
preemptive halt, cache_misses = 85266
preemptive halt, cache_misses = 85266
preemptive halt, cache_misses = 85266
preemptive halt, cache_misses = 85266
preemptive halt, cache_misses = 85266
preemptive halt, cache_misses = 85266
preemptive halt, cache_misses = 85266
preemptive halt, cache_misses = 85266
preemptive halt, cache_misses = 85266
preemptive halt, cache_misses = 85266
preemptive halt, cache_misses = 85266
preemptive halt, cache_misses = 85266
preemptive halt, cache_misses = 85266
preemptive halt, cache_misses = 85266
preemptive halt, cache_misses = 85266
preemptive halt, cache_misses = 85266
preemptive halt, cache_misses = 85266
preemptive halt, cache_misses = 85266
preemptive halt, cache_misses = 85266
preemptive halt, cache_misses = 85266
preemptive halt, cache_misses = 85266
preemptive halt, cache_misses = 85266
preemptive halt, cache_misses = 85266
preemptive halt, cache_misses = 85266
preemptive halt, cache_misses = 85266
preemptive halt, cache_misses = 85266
preemptive halt, cache_misses = 85266
preemptive halt, cache_misses = 85266
preemptive halt, cache_misses = 85266
preemptive halt, cache_misses = 85266
preemptive halt, cache_misses = 85266
preemptive halt, cache_misses = 85266
preemptive halt, cache_misses = 85266
preemptive halt, cache_misses = 85266
preemptive halt, cache_misses = 85266
preemptive halt, cache_misses = 85266
preemptive halt, cache_misses = 85266
preemptive halt, cache_misses = 85266
preemptive halt, cache_misses = 85266
preemptive halt, cache_misses = 85266
preemptive halt, cache_misses = 85266
preemptive halt, cache_misses = 85266
preemptive halt, cache_misses = 85266
preemptive halt, cache_misses = 85266
preemptive halt, cache_misses = 85266
preemptive halt, cache_misses = 85266
preemptive halt, cache_misses = 85266
preemptive halt, cache_misses = 85266
preemptive halt, cache_misses = 85266
preemptive halt, cache_misses = 85266
preemptive halt, cache_misses = 85266
preemptive halt, cache_misses = 85266
preemptive halt, cache_misses = 85266
preemptive halt, cache_misses = 85266
preemptive halt, cache_misses = 85266
preemptive halt, cache_misses = 85266
preemptive halt, cache_misses = 85266
preemptive halt, cache_misses = 85266
preemptive halt, cache_misses = 85266
preemptive halt, cache_misses = 85266
preemptive halt, cache_misses = 85266
preemptive halt, cache_misses = 85266
preemptive halt, cache_misses = 85266
preemptive halt, cache_misses = 85266
preemptive halt, cache_misses = 85266
preemptive halt, cache_misses = 85266
preemptive halt, cache_misses = 85266
preemptive halt, cache_misses = 85266
preemptive halt, cache_misses = 85266
preemptive halt, cache_misses = 85266
preemptive halt, cache_misses = 85266
preemptive halt, cache_misses = 85266
preemptive halt, cache_misses = 85266
preemptive halt, cache_misses = 85266
preemptive halt, cache_misses = 85266
binary search, size 42702  misses 85266  min 42701  max 42704
preemptive halt, cache_misses = 85267
preemptive halt, cache_misses = 85267
preemptive halt, cache_misses = 85267
preemptive halt, cache_misses = 85267
preemptive halt, cache_misses = 85267
preemptive halt, cache_misses = 85267
preemptive halt, cache_misses = 85267
preemptive halt, cache_misses = 85267
preemptive halt, cache_misses = 85267
preemptive halt, cache_misses = 85267
preemptive halt, cache_misses = 85267
preemptive halt, cache_misses = 85267
preemptive halt, cache_misses = 85267
preemptive halt, cache_misses = 85267
preemptive halt, cache_misses = 85267
preemptive halt, cache_misses = 85267
preemptive halt, cache_misses = 85267
preemptive halt, cache_misses = 85267
preemptive halt, cache_misses = 85267
preemptive halt, cache_misses = 85267
preemptive halt, cache_misses = 85267
preemptive halt, cache_misses = 85267
preemptive halt, cache_misses = 85267
preemptive halt, cache_misses = 85267
preemptive halt, cache_misses = 85267
preemptive halt, cache_misses = 85267
preemptive halt, cache_misses = 85267
preemptive halt, cache_misses = 85267
preemptive halt, cache_misses = 85267
preemptive halt, cache_misses = 85267
preemptive halt, cache_misses = 85267
preemptive halt, cache_misses = 85267
preemptive halt, cache_misses = 85267
preemptive halt, cache_misses = 85267
preemptive halt, cache_misses = 85267
preemptive halt, cache_misses = 85267
preemptive halt, cache_misses = 85267
preemptive halt, cache_misses = 85267
preemptive halt, cache_misses = 85267
preemptive halt, cache_misses = 85267
preemptive halt, cache_misses = 85267
preemptive halt, cache_misses = 85267
preemptive halt, cache_misses = 85267
preemptive halt, cache_misses = 85267
preemptive halt, cache_misses = 85267
preemptive halt, cache_misses = 85267
preemptive halt, cache_misses = 85267
preemptive halt, cache_misses = 85267
preemptive halt, cache_misses = 85267
preemptive halt, cache_misses = 85267
preemptive halt, cache_misses = 85267
preemptive halt, cache_misses = 85267
preemptive halt, cache_misses = 85267
preemptive halt, cache_misses = 85267
preemptive halt, cache_misses = 85267
preemptive halt, cache_misses = 85267
preemptive halt, cache_misses = 85267
preemptive halt, cache_misses = 85267
preemptive halt, cache_misses = 85267
preemptive halt, cache_misses = 85267
preemptive halt, cache_misses = 85267
preemptive halt, cache_misses = 85267
preemptive halt, cache_misses = 85267
preemptive halt, cache_misses = 85267
preemptive halt, cache_misses = 85267
preemptive halt, cache_misses = 85267
preemptive halt, cache_misses = 85267
preemptive halt, cache_misses = 85267
preemptive halt, cache_misses = 85267
preemptive halt, cache_misses = 85267
preemptive halt, cache_misses = 85267
preemptive halt, cache_misses = 85267
preemptive halt, cache_misses = 85267
preemptive halt, cache_misses = 85267
preemptive halt, cache_misses = 85267
preemptive halt, cache_misses = 85267
preemptive halt, cache_misses = 85267
preemptive halt, cache_misses = 85267
preemptive halt, cache_misses = 85267
preemptive halt, cache_misses = 85267
preemptive halt, cache_misses = 85267
preemptive halt, cache_misses = 85267
preemptive halt, cache_misses = 85267
preemptive halt, cache_misses = 85267
preemptive halt, cache_misses = 85267
preemptive halt, cache_misses = 85267
preemptive halt, cache_misses = 85267
preemptive halt, cache_misses = 85267
preemptive halt, cache_misses = 85267
preemptive halt, cache_misses = 85267
preemptive halt, cache_misses = 85267
preemptive halt, cache_misses = 85267
preemptive halt, cache_misses = 85267
preemptive halt, cache_misses = 85267
preemptive halt, cache_misses = 85267
preemptive halt, cache_misses = 85267
preemptive halt, cache_misses = 85267
preemptive halt, cache_misses = 85267
preemptive halt, cache_misses = 85267
preemptive halt, cache_misses = 85267
preemptive halt, cache_misses = 85267
preemptive halt, cache_misses = 85267
preemptive halt, cache_misses = 85267
preemptive halt, cache_misses = 85267
preemptive halt, cache_misses = 85267
preemptive halt, cache_misses = 85267
preemptive halt, cache_misses = 85267
preemptive halt, cache_misses = 85267
preemptive halt, cache_misses = 85267
preemptive halt, cache_misses = 85267
preemptive halt, cache_misses = 85267
preemptive halt, cache_misses = 85267
preemptive halt, cache_misses = 85267
preemptive halt, cache_misses = 85267
preemptive halt, cache_misses = 85267
preemptive halt, cache_misses = 85267
preemptive halt, cache_misses = 85267
preemptive halt, cache_misses = 85267
preemptive halt, cache_misses = 85267
preemptive halt, cache_misses = 85267
preemptive halt, cache_misses = 85267
preemptive halt, cache_misses = 85267
preemptive halt, cache_misses = 85267
preemptive halt, cache_misses = 85267
preemptive halt, cache_misses = 85267
preemptive halt, cache_misses = 85267
preemptive halt, cache_misses = 85267
preemptive halt, cache_misses = 85267
preemptive halt, cache_misses = 85267
preemptive halt, cache_misses = 85267
preemptive halt, cache_misses = 85267
preemptive halt, cache_misses = 85267
preemptive halt, cache_misses = 85267
preemptive halt, cache_misses = 85267
preemptive halt, cache_misses = 85267
preemptive halt, cache_misses = 85267
preemptive halt, cache_misses = 85267
preemptive halt, cache_misses = 85267
preemptive halt, cache_misses = 85267
preemptive halt, cache_misses = 85267
preemptive halt, cache_misses = 85267
preemptive halt, cache_misses = 85267
preemptive halt, cache_misses = 85267
preemptive halt, cache_misses = 85267
preemptive halt, cache_misses = 85267
preemptive halt, cache_misses = 85267
preemptive halt, cache_misses = 85267
preemptive halt, cache_misses = 85267
preemptive halt, cache_misses = 85267
preemptive halt, cache_misses = 85267
preemptive halt, cache_misses = 85267
preemptive halt, cache_misses = 85267
binary search, size 42703  misses 85267  min 42702  max 42704
characteristic cache size (binary search) for 291 = 42704
End at: 2021-04-02 15:47:19.514836
Time elapsed: 0:00:01.548615
