Begin at: 2021-04-02 15:45:01.281797
['../dist/Debug/GNU-Linux/memo_batch_tester', '', '--mbt_execution_trace_fname', 'olcs4_traceback_csize_input_types/OLCS4_lru_2021_04_02__15_44_32_k_3__d_2_cache_size_160000_problems_10_to_400/OLCS4_lru_2021_04_02__15_44_32_k_3__d_2_cache_size_160000_problems_10_to_400/OLCS4__do_traceback_prob_size_145_cache_size_160000_lru_k_3_d_2_execution_trace_2021_4_2_15_45_1_pid_18974.log', '--mbt_cache_misses_fname', 'olcs4_traceback_csize_input_types/OLCS4_lru_2021_04_02__15_44_32_k_3__d_2_cache_size_160000_problems_10_to_400/lcs_cost_OLCS4_lru_misses_for_cache_size.csv', '--mbt_misses_for_problem_size_fname', 'olcs4_traceback_csize_input_types/OLCS4_lru_2021_04_02__15_44_32_k_3__d_2_cache_size_160000_problems_10_to_400/lcs_cost_OLCS4_lru_misses_for_problem_size.csv', '--mbt_exact_cutoff_min_cache_size', '160000', '--mbt_exact_cutoff_max_cache_size', '160000', '--mbt_problem_type', 'lcs', '--mbt_metric_type', 'csize_binary_search', '--mbt_cutoff_ratio', '2.2', '--mbt_instance_fname', '145', '--mbt_detailed_cache_misses_out_fname', 'csize_olcs4_traceback_0011n_ceil_n_b_4.csv', '--mbt_phi_N', '5.0', '--mbt_problem_size', '145', '--lcs_compute_length', '0', '--lcs_perform_traceback', '1', '--lig_instance_type', '0011n_ceil_n_b', '--lig_n', '145', '--lig_c', '0.9', '--lig_b', '4.0', '--lcs_oblivious', '4', '--lcs_execution_trace_fname', 'olcs4_traceback_csize_input_types/OLCS4_lru_2021_04_02__15_44_32_k_3__d_2_cache_size_160000_problems_10_to_400/OLCS4_lru_2021_04_02__15_44_32_k_3__d_2_cache_size_160000_problems_10_to_400/OLCS4__do_traceback_prob_size_145_cache_size_160000_lru_k_3_d_2_execution_trace_2021_4_2_15_45_1_pid_18974.log', '--memo_caching_strategy', 'lru', '--memo_cache_size', '160001', '--memo_lru_queue_size', '160000', '--memo_cuckoo_k', '4', '--memo_key_length', '8', '--memo_value_length', '8', '--memo_k_timestamps', '3', '--memo_d_recent_timestamps', '2', '--memo_a_items_per_timestamp_factor', '0.4375']

csize_binary_search chosen
lcs problem_type lcs cache_size 160001
initialize_long_int_cache begin
init_memo
arguments to memo:
 --mbt_execution_trace_fname olcs4_traceback_csize_input_types/OLCS4_lru_2021_04_02__15_44_32_k_3__d_2_cache_size_160000_problems_10_to_400/OLCS4_lru_2021_04_02__15_44_32_k_3__d_2_cache_size_160000_problems_10_to_400/OLCS4__do_traceback_prob_size_145_cache_size_160000_lru_k_3_d_2_execution_trace_2021_4_2_15_45_1_pid_18974.log --mbt_cache_misses_fname olcs4_traceback_csize_input_types/OLCS4_lru_2021_04_02__15_44_32_k_3__d_2_cache_size_160000_problems_10_to_400/lcs_cost_OLCS4_lru_misses_for_cache_size.csv --mbt_misses_for_problem_size_fname olcs4_traceback_csize_input_types/OLCS4_lru_2021_04_02__15_44_32_k_3__d_2_cache_size_160000_problems_10_to_400/lcs_cost_OLCS4_lru_misses_for_problem_size.csv --mbt_exact_cutoff_min_cache_size 160000 --mbt_exact_cutoff_max_cache_size 160000 --mbt_problem_type lcs --mbt_metric_type csize_binary_search --mbt_cutoff_ratio 2.2 --mbt_instance_fname 145 --mbt_detailed_cache_misses_out_fname csize_olcs4_traceback_0011n_ceil_n_b_4.csv --mbt_phi_N 5.0 --mbt_problem_size 145 --lcs_compute_length 0 --lcs_perform_traceback 1 --lig_instance_type 0011n_ceil_n_b --lig_n 145 --lig_c 0.9 --lig_b 4.0 --lcs_oblivious 4 --lcs_execution_trace_fname olcs4_traceback_csize_input_types/OLCS4_lru_2021_04_02__15_44_32_k_3__d_2_cache_size_160000_problems_10_to_400/OLCS4_lru_2021_04_02__15_44_32_k_3__d_2_cache_size_160000_problems_10_to_400/OLCS4__do_traceback_prob_size_145_cache_size_160000_lru_k_3_d_2_execution_trace_2021_4_2_15_45_1_pid_18974.log --memo_caching_strategy lru --memo_cache_size 160001 --memo_lru_queue_size 160000 --memo_cuckoo_k 4 --memo_key_length 8 --memo_value_length 8 --memo_k_timestamps 3 --memo_d_recent_timestamps 2 --memo_a_items_per_timestamp_factor 0.4375 
calculate_table_size: table_size is 262144, original is 160001
Finished initializing cache
initialize_long_int_cache end
done initializing cache
initializing problem
done initializing problem
commence trials
Starting characteristic_cache_size_binary_search with max cache size 160001
binary search, size 160001  misses 21315
binary search, size 80000  misses 21315  min 0  max 160001
binary search, size 40000  misses 21315  min 0  max 80000
binary search, size 20000  misses 21315  min 0  max 40000
preemptive halt, cache_misses = 21316
preemptive halt, cache_misses = 21316
preemptive halt, cache_misses = 21316
preemptive halt, cache_misses = 21316
preemptive halt, cache_misses = 21316
preemptive halt, cache_misses = 21316
preemptive halt, cache_misses = 21316
preemptive halt, cache_misses = 21316
preemptive halt, cache_misses = 21316
preemptive halt, cache_misses = 21316
preemptive halt, cache_misses = 21316
preemptive halt, cache_misses = 21316
preemptive halt, cache_misses = 21316
preemptive halt, cache_misses = 21316
preemptive halt, cache_misses = 21316
preemptive halt, cache_misses = 21316
preemptive halt, cache_misses = 21316
preemptive halt, cache_misses = 21316
preemptive halt, cache_misses = 21316
preemptive halt, cache_misses = 21316
preemptive halt, cache_misses = 21316
preemptive halt, cache_misses = 21316
preemptive halt, cache_misses = 21316
preemptive halt, cache_misses = 21316
preemptive halt, cache_misses = 21316
preemptive halt, cache_misses = 21316
preemptive halt, cache_misses = 21316
preemptive halt, cache_misses = 21316
preemptive halt, cache_misses = 21316
preemptive halt, cache_misses = 21316
preemptive halt, cache_misses = 21316
preemptive halt, cache_misses = 21316
preemptive halt, cache_misses = 21316
preemptive halt, cache_misses = 21316
preemptive halt, cache_misses = 21316
preemptive halt, cache_misses = 21316
preemptive halt, cache_misses = 21316
preemptive halt, cache_misses = 21316
preemptive halt, cache_misses = 21316
preemptive halt, cache_misses = 21316
preemptive halt, cache_misses = 21316
preemptive halt, cache_misses = 21316
preemptive halt, cache_misses = 21316
preemptive halt, cache_misses = 21316
preemptive halt, cache_misses = 21316
preemptive halt, cache_misses = 21316
preemptive halt, cache_misses = 21316
preemptive halt, cache_misses = 21316
preemptive halt, cache_misses = 21316
preemptive halt, cache_misses = 21316
preemptive halt, cache_misses = 21316
preemptive halt, cache_misses = 21316
preemptive halt, cache_misses = 21316
preemptive halt, cache_misses = 21316
preemptive halt, cache_misses = 21316
preemptive halt, cache_misses = 21316
preemptive halt, cache_misses = 21316
preemptive halt, cache_misses = 21316
preemptive halt, cache_misses = 21316
preemptive halt, cache_misses = 21316
preemptive halt, cache_misses = 21316
preemptive halt, cache_misses = 21316
preemptive halt, cache_misses = 21316
preemptive halt, cache_misses = 21316
preemptive halt, cache_misses = 21316
preemptive halt, cache_misses = 21316
preemptive halt, cache_misses = 21316
preemptive halt, cache_misses = 21316
preemptive halt, cache_misses = 21316
preemptive halt, cache_misses = 21316
binary search, size 10000  misses 21316  min 0  max 20000
binary search, size 15000  misses 21315  min 10000  max 20000
binary search, size 12500  misses 21315  min 10000  max 15000
binary search, size 11250  misses 21315  min 10000  max 12500
binary search, size 10625  misses 21315  min 10000  max 11250
preemptive halt, cache_misses = 21316
preemptive halt, cache_misses = 21316
preemptive halt, cache_misses = 21316
preemptive halt, cache_misses = 21316
preemptive halt, cache_misses = 21316
preemptive halt, cache_misses = 21316
preemptive halt, cache_misses = 21316
preemptive halt, cache_misses = 21316
preemptive halt, cache_misses = 21316
preemptive halt, cache_misses = 21316
preemptive halt, cache_misses = 21316
preemptive halt, cache_misses = 21316
preemptive halt, cache_misses = 21316
preemptive halt, cache_misses = 21316
preemptive halt, cache_misses = 21316
preemptive halt, cache_misses = 21316
preemptive halt, cache_misses = 21316
preemptive halt, cache_misses = 21316
preemptive halt, cache_misses = 21316
preemptive halt, cache_misses = 21316
preemptive halt, cache_misses = 21316
preemptive halt, cache_misses = 21316
preemptive halt, cache_misses = 21316
preemptive halt, cache_misses = 21316
preemptive halt, cache_misses = 21316
preemptive halt, cache_misses = 21316
preemptive halt, cache_misses = 21316
preemptive halt, cache_misses = 21316
preemptive halt, cache_misses = 21316
preemptive halt, cache_misses = 21316
preemptive halt, cache_misses = 21316
preemptive halt, cache_misses = 21316
preemptive halt, cache_misses = 21316
preemptive halt, cache_misses = 21316
preemptive halt, cache_misses = 21316
preemptive halt, cache_misses = 21316
preemptive halt, cache_misses = 21316
preemptive halt, cache_misses = 21316
preemptive halt, cache_misses = 21316
preemptive halt, cache_misses = 21316
preemptive halt, cache_misses = 21316
preemptive halt, cache_misses = 21316
preemptive halt, cache_misses = 21316
preemptive halt, cache_misses = 21316
preemptive halt, cache_misses = 21316
preemptive halt, cache_misses = 21316
preemptive halt, cache_misses = 21316
preemptive halt, cache_misses = 21316
preemptive halt, cache_misses = 21316
preemptive halt, cache_misses = 21316
preemptive halt, cache_misses = 21316
preemptive halt, cache_misses = 21316
preemptive halt, cache_misses = 21316
preemptive halt, cache_misses = 21316
preemptive halt, cache_misses = 21316
preemptive halt, cache_misses = 21316
preemptive halt, cache_misses = 21316
preemptive halt, cache_misses = 21316
preemptive halt, cache_misses = 21316
preemptive halt, cache_misses = 21316
preemptive halt, cache_misses = 21316
preemptive halt, cache_misses = 21316
preemptive halt, cache_misses = 21316
preemptive halt, cache_misses = 21316
preemptive halt, cache_misses = 21316
preemptive halt, cache_misses = 21316
preemptive halt, cache_misses = 21316
preemptive halt, cache_misses = 21316
preemptive halt, cache_misses = 21316
preemptive halt, cache_misses = 21316
binary search, size 10312  misses 21316  min 10000  max 10625
preemptive halt, cache_misses = 21317
preemptive halt, cache_misses = 21317
preemptive halt, cache_misses = 21317
preemptive halt, cache_misses = 21317
preemptive halt, cache_misses = 21317
preemptive halt, cache_misses = 21317
preemptive halt, cache_misses = 21317
preemptive halt, cache_misses = 21317
preemptive halt, cache_misses = 21317
preemptive halt, cache_misses = 21317
preemptive halt, cache_misses = 21317
preemptive halt, cache_misses = 21317
preemptive halt, cache_misses = 21317
preemptive halt, cache_misses = 21317
preemptive halt, cache_misses = 21317
preemptive halt, cache_misses = 21317
preemptive halt, cache_misses = 21317
preemptive halt, cache_misses = 21317
preemptive halt, cache_misses = 21317
preemptive halt, cache_misses = 21317
preemptive halt, cache_misses = 21317
preemptive halt, cache_misses = 21317
preemptive halt, cache_misses = 21317
preemptive halt, cache_misses = 21317
preemptive halt, cache_misses = 21317
preemptive halt, cache_misses = 21317
preemptive halt, cache_misses = 21317
preemptive halt, cache_misses = 21317
preemptive halt, cache_misses = 21317
preemptive halt, cache_misses = 21317
preemptive halt, cache_misses = 21317
preemptive halt, cache_misses = 21317
preemptive halt, cache_misses = 21317
preemptive halt, cache_misses = 21317
preemptive halt, cache_misses = 21317
preemptive halt, cache_misses = 21317
preemptive halt, cache_misses = 21317
preemptive halt, cache_misses = 21317
preemptive halt, cache_misses = 21317
preemptive halt, cache_misses = 21317
preemptive halt, cache_misses = 21317
preemptive halt, cache_misses = 21317
preemptive halt, cache_misses = 21317
preemptive halt, cache_misses = 21317
preemptive halt, cache_misses = 21317
preemptive halt, cache_misses = 21317
preemptive halt, cache_misses = 21317
preemptive halt, cache_misses = 21317
preemptive halt, cache_misses = 21317
preemptive halt, cache_misses = 21317
preemptive halt, cache_misses = 21317
preemptive halt, cache_misses = 21317
preemptive halt, cache_misses = 21317
preemptive halt, cache_misses = 21317
preemptive halt, cache_misses = 21317
preemptive halt, cache_misses = 21317
preemptive halt, cache_misses = 21317
preemptive halt, cache_misses = 21317
preemptive halt, cache_misses = 21317
preemptive halt, cache_misses = 21317
preemptive halt, cache_misses = 21317
preemptive halt, cache_misses = 21317
preemptive halt, cache_misses = 21317
preemptive halt, cache_misses = 21317
preemptive halt, cache_misses = 21317
preemptive halt, cache_misses = 21317
preemptive halt, cache_misses = 21317
preemptive halt, cache_misses = 21317
preemptive halt, cache_misses = 21317
preemptive halt, cache_misses = 21317
preemptive halt, cache_misses = 21317
preemptive halt, cache_misses = 21317
binary search, size 10468  misses 21317  min 10312  max 10625
binary search, size 10546  misses 21315  min 10468  max 10625
preemptive halt, cache_misses = 21316
preemptive halt, cache_misses = 21316
preemptive halt, cache_misses = 21316
preemptive halt, cache_misses = 21316
preemptive halt, cache_misses = 21316
preemptive halt, cache_misses = 21316
preemptive halt, cache_misses = 21316
preemptive halt, cache_misses = 21316
preemptive halt, cache_misses = 21316
preemptive halt, cache_misses = 21316
preemptive halt, cache_misses = 21316
preemptive halt, cache_misses = 21316
preemptive halt, cache_misses = 21316
preemptive halt, cache_misses = 21316
preemptive halt, cache_misses = 21316
preemptive halt, cache_misses = 21316
preemptive halt, cache_misses = 21316
preemptive halt, cache_misses = 21316
preemptive halt, cache_misses = 21316
preemptive halt, cache_misses = 21316
preemptive halt, cache_misses = 21316
preemptive halt, cache_misses = 21316
preemptive halt, cache_misses = 21316
preemptive halt, cache_misses = 21316
preemptive halt, cache_misses = 21316
preemptive halt, cache_misses = 21316
preemptive halt, cache_misses = 21316
preemptive halt, cache_misses = 21316
preemptive halt, cache_misses = 21316
preemptive halt, cache_misses = 21316
preemptive halt, cache_misses = 21316
preemptive halt, cache_misses = 21316
preemptive halt, cache_misses = 21316
preemptive halt, cache_misses = 21316
preemptive halt, cache_misses = 21316
preemptive halt, cache_misses = 21316
preemptive halt, cache_misses = 21316
preemptive halt, cache_misses = 21316
preemptive halt, cache_misses = 21316
preemptive halt, cache_misses = 21316
preemptive halt, cache_misses = 21316
preemptive halt, cache_misses = 21316
preemptive halt, cache_misses = 21316
preemptive halt, cache_misses = 21316
preemptive halt, cache_misses = 21316
preemptive halt, cache_misses = 21316
preemptive halt, cache_misses = 21316
preemptive halt, cache_misses = 21316
preemptive halt, cache_misses = 21316
preemptive halt, cache_misses = 21316
preemptive halt, cache_misses = 21316
preemptive halt, cache_misses = 21316
preemptive halt, cache_misses = 21316
preemptive halt, cache_misses = 21316
preemptive halt, cache_misses = 21316
preemptive halt, cache_misses = 21316
preemptive halt, cache_misses = 21316
preemptive halt, cache_misses = 21316
preemptive halt, cache_misses = 21316
preemptive halt, cache_misses = 21316
preemptive halt, cache_misses = 21316
preemptive halt, cache_misses = 21316
preemptive halt, cache_misses = 21316
preemptive halt, cache_misses = 21316
preemptive halt, cache_misses = 21316
preemptive halt, cache_misses = 21316
preemptive halt, cache_misses = 21316
preemptive halt, cache_misses = 21316
preemptive halt, cache_misses = 21316
preemptive halt, cache_misses = 21316
binary search, size 10507  misses 21316  min 10468  max 10546
preemptive halt, cache_misses = 21317
preemptive halt, cache_misses = 21317
preemptive halt, cache_misses = 21317
preemptive halt, cache_misses = 21317
preemptive halt, cache_misses = 21317
preemptive halt, cache_misses = 21317
preemptive halt, cache_misses = 21317
preemptive halt, cache_misses = 21317
preemptive halt, cache_misses = 21317
preemptive halt, cache_misses = 21317
preemptive halt, cache_misses = 21317
preemptive halt, cache_misses = 21317
preemptive halt, cache_misses = 21317
preemptive halt, cache_misses = 21317
preemptive halt, cache_misses = 21317
preemptive halt, cache_misses = 21317
preemptive halt, cache_misses = 21317
preemptive halt, cache_misses = 21317
preemptive halt, cache_misses = 21317
preemptive halt, cache_misses = 21317
preemptive halt, cache_misses = 21317
preemptive halt, cache_misses = 21317
preemptive halt, cache_misses = 21317
preemptive halt, cache_misses = 21317
preemptive halt, cache_misses = 21317
preemptive halt, cache_misses = 21317
preemptive halt, cache_misses = 21317
preemptive halt, cache_misses = 21317
preemptive halt, cache_misses = 21317
preemptive halt, cache_misses = 21317
preemptive halt, cache_misses = 21317
preemptive halt, cache_misses = 21317
preemptive halt, cache_misses = 21317
preemptive halt, cache_misses = 21317
preemptive halt, cache_misses = 21317
preemptive halt, cache_misses = 21317
preemptive halt, cache_misses = 21317
preemptive halt, cache_misses = 21317
preemptive halt, cache_misses = 21317
preemptive halt, cache_misses = 21317
preemptive halt, cache_misses = 21317
preemptive halt, cache_misses = 21317
preemptive halt, cache_misses = 21317
preemptive halt, cache_misses = 21317
preemptive halt, cache_misses = 21317
preemptive halt, cache_misses = 21317
preemptive halt, cache_misses = 21317
preemptive halt, cache_misses = 21317
preemptive halt, cache_misses = 21317
preemptive halt, cache_misses = 21317
preemptive halt, cache_misses = 21317
preemptive halt, cache_misses = 21317
preemptive halt, cache_misses = 21317
preemptive halt, cache_misses = 21317
preemptive halt, cache_misses = 21317
preemptive halt, cache_misses = 21317
preemptive halt, cache_misses = 21317
preemptive halt, cache_misses = 21317
preemptive halt, cache_misses = 21317
preemptive halt, cache_misses = 21317
preemptive halt, cache_misses = 21317
preemptive halt, cache_misses = 21317
preemptive halt, cache_misses = 21317
preemptive halt, cache_misses = 21317
preemptive halt, cache_misses = 21317
preemptive halt, cache_misses = 21317
preemptive halt, cache_misses = 21317
preemptive halt, cache_misses = 21317
preemptive halt, cache_misses = 21317
preemptive halt, cache_misses = 21317
preemptive halt, cache_misses = 21317
preemptive halt, cache_misses = 21317
binary search, size 10526  misses 21317  min 10507  max 10546
preemptive halt, cache_misses = 21318
preemptive halt, cache_misses = 21318
preemptive halt, cache_misses = 21318
preemptive halt, cache_misses = 21318
preemptive halt, cache_misses = 21318
preemptive halt, cache_misses = 21318
preemptive halt, cache_misses = 21318
preemptive halt, cache_misses = 21318
preemptive halt, cache_misses = 21318
preemptive halt, cache_misses = 21318
preemptive halt, cache_misses = 21318
preemptive halt, cache_misses = 21318
preemptive halt, cache_misses = 21318
preemptive halt, cache_misses = 21318
preemptive halt, cache_misses = 21318
preemptive halt, cache_misses = 21318
preemptive halt, cache_misses = 21318
preemptive halt, cache_misses = 21318
preemptive halt, cache_misses = 21318
preemptive halt, cache_misses = 21318
preemptive halt, cache_misses = 21318
preemptive halt, cache_misses = 21318
preemptive halt, cache_misses = 21318
preemptive halt, cache_misses = 21318
preemptive halt, cache_misses = 21318
preemptive halt, cache_misses = 21318
preemptive halt, cache_misses = 21318
preemptive halt, cache_misses = 21318
preemptive halt, cache_misses = 21318
preemptive halt, cache_misses = 21318
preemptive halt, cache_misses = 21318
preemptive halt, cache_misses = 21318
preemptive halt, cache_misses = 21318
preemptive halt, cache_misses = 21318
preemptive halt, cache_misses = 21318
preemptive halt, cache_misses = 21318
preemptive halt, cache_misses = 21318
preemptive halt, cache_misses = 21318
preemptive halt, cache_misses = 21318
preemptive halt, cache_misses = 21318
preemptive halt, cache_misses = 21318
preemptive halt, cache_misses = 21318
preemptive halt, cache_misses = 21318
preemptive halt, cache_misses = 21318
preemptive halt, cache_misses = 21318
preemptive halt, cache_misses = 21318
preemptive halt, cache_misses = 21318
preemptive halt, cache_misses = 21318
preemptive halt, cache_misses = 21318
preemptive halt, cache_misses = 21318
preemptive halt, cache_misses = 21318
preemptive halt, cache_misses = 21318
preemptive halt, cache_misses = 21318
preemptive halt, cache_misses = 21318
preemptive halt, cache_misses = 21318
preemptive halt, cache_misses = 21318
preemptive halt, cache_misses = 21318
preemptive halt, cache_misses = 21318
preemptive halt, cache_misses = 21318
preemptive halt, cache_misses = 21318
preemptive halt, cache_misses = 21318
preemptive halt, cache_misses = 21318
preemptive halt, cache_misses = 21318
preemptive halt, cache_misses = 21318
preemptive halt, cache_misses = 21318
preemptive halt, cache_misses = 21318
preemptive halt, cache_misses = 21318
preemptive halt, cache_misses = 21318
preemptive halt, cache_misses = 21318
preemptive halt, cache_misses = 21318
preemptive halt, cache_misses = 21318
preemptive halt, cache_misses = 21318
preemptive halt, cache_misses = 21318
preemptive halt, cache_misses = 21318
binary search, size 10536  misses 21318  min 10526  max 10546
preemptive halt, cache_misses = 21319
preemptive halt, cache_misses = 21319
preemptive halt, cache_misses = 21319
preemptive halt, cache_misses = 21319
preemptive halt, cache_misses = 21319
preemptive halt, cache_misses = 21319
preemptive halt, cache_misses = 21319
preemptive halt, cache_misses = 21319
preemptive halt, cache_misses = 21319
preemptive halt, cache_misses = 21319
preemptive halt, cache_misses = 21319
preemptive halt, cache_misses = 21319
preemptive halt, cache_misses = 21319
preemptive halt, cache_misses = 21319
preemptive halt, cache_misses = 21319
preemptive halt, cache_misses = 21319
preemptive halt, cache_misses = 21319
preemptive halt, cache_misses = 21319
preemptive halt, cache_misses = 21319
preemptive halt, cache_misses = 21319
preemptive halt, cache_misses = 21319
preemptive halt, cache_misses = 21319
preemptive halt, cache_misses = 21319
preemptive halt, cache_misses = 21319
preemptive halt, cache_misses = 21319
preemptive halt, cache_misses = 21319
preemptive halt, cache_misses = 21319
preemptive halt, cache_misses = 21319
preemptive halt, cache_misses = 21319
preemptive halt, cache_misses = 21319
preemptive halt, cache_misses = 21319
preemptive halt, cache_misses = 21319
preemptive halt, cache_misses = 21319
preemptive halt, cache_misses = 21319
preemptive halt, cache_misses = 21319
preemptive halt, cache_misses = 21319
preemptive halt, cache_misses = 21319
preemptive halt, cache_misses = 21319
preemptive halt, cache_misses = 21319
preemptive halt, cache_misses = 21319
preemptive halt, cache_misses = 21319
preemptive halt, cache_misses = 21319
preemptive halt, cache_misses = 21319
preemptive halt, cache_misses = 21319
preemptive halt, cache_misses = 21319
preemptive halt, cache_misses = 21319
preemptive halt, cache_misses = 21319
preemptive halt, cache_misses = 21319
preemptive halt, cache_misses = 21319
preemptive halt, cache_misses = 21319
preemptive halt, cache_misses = 21319
preemptive halt, cache_misses = 21319
preemptive halt, cache_misses = 21319
preemptive halt, cache_misses = 21319
preemptive halt, cache_misses = 21319
preemptive halt, cache_misses = 21319
preemptive halt, cache_misses = 21319
preemptive halt, cache_misses = 21319
preemptive halt, cache_misses = 21319
preemptive halt, cache_misses = 21319
preemptive halt, cache_misses = 21319
preemptive halt, cache_misses = 21319
preemptive halt, cache_misses = 21319
preemptive halt, cache_misses = 21319
preemptive halt, cache_misses = 21319
preemptive halt, cache_misses = 21319
preemptive halt, cache_misses = 21319
preemptive halt, cache_misses = 21319
preemptive halt, cache_misses = 21319
preemptive halt, cache_misses = 21319
preemptive halt, cache_misses = 21319
preemptive halt, cache_misses = 21319
preemptive halt, cache_misses = 21319
preemptive halt, cache_misses = 21319
preemptive halt, cache_misses = 21319
preemptive halt, cache_misses = 21319
binary search, size 10541  misses 21319  min 10536  max 10546
preemptive halt, cache_misses = 21320
preemptive halt, cache_misses = 21320
preemptive halt, cache_misses = 21320
preemptive halt, cache_misses = 21320
preemptive halt, cache_misses = 21320
preemptive halt, cache_misses = 21320
preemptive halt, cache_misses = 21320
preemptive halt, cache_misses = 21320
preemptive halt, cache_misses = 21320
preemptive halt, cache_misses = 21320
preemptive halt, cache_misses = 21320
preemptive halt, cache_misses = 21320
preemptive halt, cache_misses = 21320
preemptive halt, cache_misses = 21320
preemptive halt, cache_misses = 21320
preemptive halt, cache_misses = 21320
preemptive halt, cache_misses = 21320
preemptive halt, cache_misses = 21320
preemptive halt, cache_misses = 21320
preemptive halt, cache_misses = 21320
preemptive halt, cache_misses = 21320
preemptive halt, cache_misses = 21320
preemptive halt, cache_misses = 21320
preemptive halt, cache_misses = 21320
preemptive halt, cache_misses = 21320
preemptive halt, cache_misses = 21320
preemptive halt, cache_misses = 21320
preemptive halt, cache_misses = 21320
preemptive halt, cache_misses = 21320
preemptive halt, cache_misses = 21320
preemptive halt, cache_misses = 21320
preemptive halt, cache_misses = 21320
preemptive halt, cache_misses = 21320
preemptive halt, cache_misses = 21320
preemptive halt, cache_misses = 21320
preemptive halt, cache_misses = 21320
preemptive halt, cache_misses = 21320
preemptive halt, cache_misses = 21320
preemptive halt, cache_misses = 21320
preemptive halt, cache_misses = 21320
preemptive halt, cache_misses = 21320
preemptive halt, cache_misses = 21320
preemptive halt, cache_misses = 21320
preemptive halt, cache_misses = 21320
preemptive halt, cache_misses = 21320
preemptive halt, cache_misses = 21320
preemptive halt, cache_misses = 21320
preemptive halt, cache_misses = 21320
preemptive halt, cache_misses = 21320
preemptive halt, cache_misses = 21320
preemptive halt, cache_misses = 21320
preemptive halt, cache_misses = 21320
preemptive halt, cache_misses = 21320
preemptive halt, cache_misses = 21320
preemptive halt, cache_misses = 21320
preemptive halt, cache_misses = 21320
preemptive halt, cache_misses = 21320
preemptive halt, cache_misses = 21320
preemptive halt, cache_misses = 21320
preemptive halt, cache_misses = 21320
preemptive halt, cache_misses = 21320
preemptive halt, cache_misses = 21320
preemptive halt, cache_misses = 21320
preemptive halt, cache_misses = 21320
preemptive halt, cache_misses = 21320
preemptive halt, cache_misses = 21320
preemptive halt, cache_misses = 21320
preemptive halt, cache_misses = 21320
preemptive halt, cache_misses = 21320
preemptive halt, cache_misses = 21320
preemptive halt, cache_misses = 21320
preemptive halt, cache_misses = 21320
preemptive halt, cache_misses = 21320
preemptive halt, cache_misses = 21320
preemptive halt, cache_misses = 21320
preemptive halt, cache_misses = 21320
preemptive halt, cache_misses = 21320
preemptive halt, cache_misses = 21320
binary search, size 10543  misses 21320  min 10541  max 10546
preemptive halt, cache_misses = 21321
preemptive halt, cache_misses = 21321
preemptive halt, cache_misses = 21321
preemptive halt, cache_misses = 21321
preemptive halt, cache_misses = 21321
preemptive halt, cache_misses = 21321
preemptive halt, cache_misses = 21321
preemptive halt, cache_misses = 21321
preemptive halt, cache_misses = 21321
preemptive halt, cache_misses = 21321
preemptive halt, cache_misses = 21321
preemptive halt, cache_misses = 21321
preemptive halt, cache_misses = 21321
preemptive halt, cache_misses = 21321
preemptive halt, cache_misses = 21321
preemptive halt, cache_misses = 21321
preemptive halt, cache_misses = 21321
preemptive halt, cache_misses = 21321
preemptive halt, cache_misses = 21321
preemptive halt, cache_misses = 21321
preemptive halt, cache_misses = 21321
preemptive halt, cache_misses = 21321
preemptive halt, cache_misses = 21321
preemptive halt, cache_misses = 21321
preemptive halt, cache_misses = 21321
preemptive halt, cache_misses = 21321
preemptive halt, cache_misses = 21321
preemptive halt, cache_misses = 21321
preemptive halt, cache_misses = 21321
preemptive halt, cache_misses = 21321
preemptive halt, cache_misses = 21321
preemptive halt, cache_misses = 21321
preemptive halt, cache_misses = 21321
preemptive halt, cache_misses = 21321
preemptive halt, cache_misses = 21321
preemptive halt, cache_misses = 21321
preemptive halt, cache_misses = 21321
preemptive halt, cache_misses = 21321
preemptive halt, cache_misses = 21321
preemptive halt, cache_misses = 21321
preemptive halt, cache_misses = 21321
preemptive halt, cache_misses = 21321
preemptive halt, cache_misses = 21321
preemptive halt, cache_misses = 21321
preemptive halt, cache_misses = 21321
preemptive halt, cache_misses = 21321
preemptive halt, cache_misses = 21321
preemptive halt, cache_misses = 21321
preemptive halt, cache_misses = 21321
preemptive halt, cache_misses = 21321
preemptive halt, cache_misses = 21321
preemptive halt, cache_misses = 21321
preemptive halt, cache_misses = 21321
preemptive halt, cache_misses = 21321
preemptive halt, cache_misses = 21321
preemptive halt, cache_misses = 21321
preemptive halt, cache_misses = 21321
preemptive halt, cache_misses = 21321
preemptive halt, cache_misses = 21321
preemptive halt, cache_misses = 21321
preemptive halt, cache_misses = 21321
preemptive halt, cache_misses = 21321
preemptive halt, cache_misses = 21321
preemptive halt, cache_misses = 21321
preemptive halt, cache_misses = 21321
preemptive halt, cache_misses = 21321
preemptive halt, cache_misses = 21321
preemptive halt, cache_misses = 21321
preemptive halt, cache_misses = 21321
preemptive halt, cache_misses = 21321
preemptive halt, cache_misses = 21321
preemptive halt, cache_misses = 21321
preemptive halt, cache_misses = 21321
preemptive halt, cache_misses = 21321
preemptive halt, cache_misses = 21321
preemptive halt, cache_misses = 21321
preemptive halt, cache_misses = 21321
preemptive halt, cache_misses = 21321
preemptive halt, cache_misses = 21321
preemptive halt, cache_misses = 21321
binary search, size 10544  misses 21321  min 10543  max 10546
preemptive halt, cache_misses = 21322
preemptive halt, cache_misses = 21322
preemptive halt, cache_misses = 21322
preemptive halt, cache_misses = 21322
preemptive halt, cache_misses = 21322
preemptive halt, cache_misses = 21322
preemptive halt, cache_misses = 21322
preemptive halt, cache_misses = 21322
preemptive halt, cache_misses = 21322
preemptive halt, cache_misses = 21322
preemptive halt, cache_misses = 21322
preemptive halt, cache_misses = 21322
preemptive halt, cache_misses = 21322
preemptive halt, cache_misses = 21322
preemptive halt, cache_misses = 21322
preemptive halt, cache_misses = 21322
preemptive halt, cache_misses = 21322
preemptive halt, cache_misses = 21322
preemptive halt, cache_misses = 21322
preemptive halt, cache_misses = 21322
preemptive halt, cache_misses = 21322
preemptive halt, cache_misses = 21322
preemptive halt, cache_misses = 21322
preemptive halt, cache_misses = 21322
preemptive halt, cache_misses = 21322
preemptive halt, cache_misses = 21322
preemptive halt, cache_misses = 21322
preemptive halt, cache_misses = 21322
preemptive halt, cache_misses = 21322
preemptive halt, cache_misses = 21322
preemptive halt, cache_misses = 21322
preemptive halt, cache_misses = 21322
preemptive halt, cache_misses = 21322
preemptive halt, cache_misses = 21322
preemptive halt, cache_misses = 21322
preemptive halt, cache_misses = 21322
preemptive halt, cache_misses = 21322
preemptive halt, cache_misses = 21322
preemptive halt, cache_misses = 21322
preemptive halt, cache_misses = 21322
preemptive halt, cache_misses = 21322
preemptive halt, cache_misses = 21322
preemptive halt, cache_misses = 21322
preemptive halt, cache_misses = 21322
preemptive halt, cache_misses = 21322
preemptive halt, cache_misses = 21322
preemptive halt, cache_misses = 21322
preemptive halt, cache_misses = 21322
preemptive halt, cache_misses = 21322
preemptive halt, cache_misses = 21322
preemptive halt, cache_misses = 21322
preemptive halt, cache_misses = 21322
preemptive halt, cache_misses = 21322
preemptive halt, cache_misses = 21322
preemptive halt, cache_misses = 21322
preemptive halt, cache_misses = 21322
preemptive halt, cache_misses = 21322
preemptive halt, cache_misses = 21322
preemptive halt, cache_misses = 21322
preemptive halt, cache_misses = 21322
preemptive halt, cache_misses = 21322
preemptive halt, cache_misses = 21322
preemptive halt, cache_misses = 21322
preemptive halt, cache_misses = 21322
preemptive halt, cache_misses = 21322
preemptive halt, cache_misses = 21322
preemptive halt, cache_misses = 21322
preemptive halt, cache_misses = 21322
preemptive halt, cache_misses = 21322
preemptive halt, cache_misses = 21322
preemptive halt, cache_misses = 21322
preemptive halt, cache_misses = 21322
preemptive halt, cache_misses = 21322
preemptive halt, cache_misses = 21322
preemptive halt, cache_misses = 21322
preemptive halt, cache_misses = 21322
preemptive halt, cache_misses = 21322
preemptive halt, cache_misses = 21322
preemptive halt, cache_misses = 21322
preemptive halt, cache_misses = 21322
preemptive halt, cache_misses = 21322
preemptive halt, cache_misses = 21322
binary search, size 10545  misses 21322  min 10544  max 10546
characteristic cache size (binary search) for 145 = 10546
End at: 2021-04-02 15:45:01.717574
Time elapsed: 0:00:00.435794
