Begin at: 2021-04-02 15:45:37.283788
['../dist/Debug/GNU-Linux/memo_batch_tester', '', '--mbt_execution_trace_fname', 'olcs4_traceback_csize_input_types/OLCS4_lru_2021_04_02__15_44_32_k_3__d_2_cache_size_160000_problems_10_to_400/OLCS4_lru_2021_04_02__15_44_32_k_3__d_2_cache_size_160000_problems_10_to_400/OLCS4__do_traceback_prob_size_203_cache_size_160000_lru_k_3_d_2_execution_trace_2021_4_2_15_45_37_pid_19093.log', '--mbt_cache_misses_fname', 'olcs4_traceback_csize_input_types/OLCS4_lru_2021_04_02__15_44_32_k_3__d_2_cache_size_160000_problems_10_to_400/lcs_cost_OLCS4_lru_misses_for_cache_size.csv', '--mbt_misses_for_problem_size_fname', 'olcs4_traceback_csize_input_types/OLCS4_lru_2021_04_02__15_44_32_k_3__d_2_cache_size_160000_problems_10_to_400/lcs_cost_OLCS4_lru_misses_for_problem_size.csv', '--mbt_exact_cutoff_min_cache_size', '160000', '--mbt_exact_cutoff_max_cache_size', '160000', '--mbt_problem_type', 'lcs', '--mbt_metric_type', 'csize_binary_search', '--mbt_cutoff_ratio', '2.2', '--mbt_instance_fname', '203', '--mbt_detailed_cache_misses_out_fname', 'csize_olcs4_traceback_0011n_ceil_n_b_4.csv', '--mbt_phi_N', '5.0', '--mbt_problem_size', '203', '--lcs_compute_length', '0', '--lcs_perform_traceback', '1', '--lig_instance_type', '0011n_ceil_n_b', '--lig_n', '203', '--lig_c', '0.9', '--lig_b', '4.0', '--lcs_oblivious', '4', '--lcs_execution_trace_fname', 'olcs4_traceback_csize_input_types/OLCS4_lru_2021_04_02__15_44_32_k_3__d_2_cache_size_160000_problems_10_to_400/OLCS4_lru_2021_04_02__15_44_32_k_3__d_2_cache_size_160000_problems_10_to_400/OLCS4__do_traceback_prob_size_203_cache_size_160000_lru_k_3_d_2_execution_trace_2021_4_2_15_45_37_pid_19093.log', '--memo_caching_strategy', 'lru', '--memo_cache_size', '160001', '--memo_lru_queue_size', '160000', '--memo_cuckoo_k', '4', '--memo_key_length', '8', '--memo_value_length', '8', '--memo_k_timestamps', '3', '--memo_d_recent_timestamps', '2', '--memo_a_items_per_timestamp_factor', '0.4375']

csize_binary_search chosen
lcs problem_type lcs cache_size 160001
initialize_long_int_cache begin
init_memo
arguments to memo:
 --mbt_execution_trace_fname olcs4_traceback_csize_input_types/OLCS4_lru_2021_04_02__15_44_32_k_3__d_2_cache_size_160000_problems_10_to_400/OLCS4_lru_2021_04_02__15_44_32_k_3__d_2_cache_size_160000_problems_10_to_400/OLCS4__do_traceback_prob_size_203_cache_size_160000_lru_k_3_d_2_execution_trace_2021_4_2_15_45_37_pid_19093.log --mbt_cache_misses_fname olcs4_traceback_csize_input_types/OLCS4_lru_2021_04_02__15_44_32_k_3__d_2_cache_size_160000_problems_10_to_400/lcs_cost_OLCS4_lru_misses_for_cache_size.csv --mbt_misses_for_problem_size_fname olcs4_traceback_csize_input_types/OLCS4_lru_2021_04_02__15_44_32_k_3__d_2_cache_size_160000_problems_10_to_400/lcs_cost_OLCS4_lru_misses_for_problem_size.csv --mbt_exact_cutoff_min_cache_size 160000 --mbt_exact_cutoff_max_cache_size 160000 --mbt_problem_type lcs --mbt_metric_type csize_binary_search --mbt_cutoff_ratio 2.2 --mbt_instance_fname 203 --mbt_detailed_cache_misses_out_fname csize_olcs4_traceback_0011n_ceil_n_b_4.csv --mbt_phi_N 5.0 --mbt_problem_size 203 --lcs_compute_length 0 --lcs_perform_traceback 1 --lig_instance_type 0011n_ceil_n_b --lig_n 203 --lig_c 0.9 --lig_b 4.0 --lcs_oblivious 4 --lcs_execution_trace_fname olcs4_traceback_csize_input_types/OLCS4_lru_2021_04_02__15_44_32_k_3__d_2_cache_size_160000_problems_10_to_400/OLCS4_lru_2021_04_02__15_44_32_k_3__d_2_cache_size_160000_problems_10_to_400/OLCS4__do_traceback_prob_size_203_cache_size_160000_lru_k_3_d_2_execution_trace_2021_4_2_15_45_37_pid_19093.log --memo_caching_strategy lru --memo_cache_size 160001 --memo_lru_queue_size 160000 --memo_cuckoo_k 4 --memo_key_length 8 --memo_value_length 8 --memo_k_timestamps 3 --memo_d_recent_timestamps 2 --memo_a_items_per_timestamp_factor 0.4375 
calculate_table_size: table_size is 262144, original is 160001
Finished initializing cache
initialize_long_int_cache end
done initializing cache
initializing problem
done initializing problem
commence trials
Starting characteristic_cache_size_binary_search with max cache size 160001
binary search, size 160001  misses 41615
binary search, size 80000  misses 41615  min 0  max 160001
binary search, size 40000  misses 41615  min 0  max 80000
preemptive halt, cache_misses = 41616
preemptive halt, cache_misses = 41616
preemptive halt, cache_misses = 41616
preemptive halt, cache_misses = 41616
preemptive halt, cache_misses = 41616
preemptive halt, cache_misses = 41616
preemptive halt, cache_misses = 41616
preemptive halt, cache_misses = 41616
preemptive halt, cache_misses = 41616
preemptive halt, cache_misses = 41616
preemptive halt, cache_misses = 41616
preemptive halt, cache_misses = 41616
preemptive halt, cache_misses = 41616
preemptive halt, cache_misses = 41616
preemptive halt, cache_misses = 41616
preemptive halt, cache_misses = 41616
preemptive halt, cache_misses = 41616
preemptive halt, cache_misses = 41616
preemptive halt, cache_misses = 41616
preemptive halt, cache_misses = 41616
preemptive halt, cache_misses = 41616
preemptive halt, cache_misses = 41616
preemptive halt, cache_misses = 41616
preemptive halt, cache_misses = 41616
preemptive halt, cache_misses = 41616
preemptive halt, cache_misses = 41616
preemptive halt, cache_misses = 41616
preemptive halt, cache_misses = 41616
preemptive halt, cache_misses = 41616
preemptive halt, cache_misses = 41616
preemptive halt, cache_misses = 41616
preemptive halt, cache_misses = 41616
preemptive halt, cache_misses = 41616
preemptive halt, cache_misses = 41616
preemptive halt, cache_misses = 41616
preemptive halt, cache_misses = 41616
preemptive halt, cache_misses = 41616
preemptive halt, cache_misses = 41616
preemptive halt, cache_misses = 41616
preemptive halt, cache_misses = 41616
preemptive halt, cache_misses = 41616
preemptive halt, cache_misses = 41616
preemptive halt, cache_misses = 41616
preemptive halt, cache_misses = 41616
preemptive halt, cache_misses = 41616
preemptive halt, cache_misses = 41616
preemptive halt, cache_misses = 41616
preemptive halt, cache_misses = 41616
preemptive halt, cache_misses = 41616
preemptive halt, cache_misses = 41616
preemptive halt, cache_misses = 41616
preemptive halt, cache_misses = 41616
preemptive halt, cache_misses = 41616
preemptive halt, cache_misses = 41616
preemptive halt, cache_misses = 41616
preemptive halt, cache_misses = 41616
preemptive halt, cache_misses = 41616
preemptive halt, cache_misses = 41616
preemptive halt, cache_misses = 41616
preemptive halt, cache_misses = 41616
preemptive halt, cache_misses = 41616
preemptive halt, cache_misses = 41616
preemptive halt, cache_misses = 41616
preemptive halt, cache_misses = 41616
preemptive halt, cache_misses = 41616
preemptive halt, cache_misses = 41616
preemptive halt, cache_misses = 41616
preemptive halt, cache_misses = 41616
preemptive halt, cache_misses = 41616
preemptive halt, cache_misses = 41616
preemptive halt, cache_misses = 41616
preemptive halt, cache_misses = 41616
preemptive halt, cache_misses = 41616
preemptive halt, cache_misses = 41616
preemptive halt, cache_misses = 41616
preemptive halt, cache_misses = 41616
preemptive halt, cache_misses = 41616
preemptive halt, cache_misses = 41616
preemptive halt, cache_misses = 41616
preemptive halt, cache_misses = 41616
preemptive halt, cache_misses = 41616
preemptive halt, cache_misses = 41616
preemptive halt, cache_misses = 41616
preemptive halt, cache_misses = 41616
preemptive halt, cache_misses = 41616
preemptive halt, cache_misses = 41616
preemptive halt, cache_misses = 41616
preemptive halt, cache_misses = 41616
preemptive halt, cache_misses = 41616
preemptive halt, cache_misses = 41616
preemptive halt, cache_misses = 41616
preemptive halt, cache_misses = 41616
preemptive halt, cache_misses = 41616
preemptive halt, cache_misses = 41616
preemptive halt, cache_misses = 41616
preemptive halt, cache_misses = 41616
preemptive halt, cache_misses = 41616
preemptive halt, cache_misses = 41616
preemptive halt, cache_misses = 41616
preemptive halt, cache_misses = 41616
preemptive halt, cache_misses = 41616
preemptive halt, cache_misses = 41616
binary search, size 20000  misses 41616  min 0  max 40000
binary search, size 30000  misses 41615  min 20000  max 40000
binary search, size 25000  misses 41615  min 20000  max 30000
binary search, size 22500  misses 41615  min 20000  max 25000
binary search, size 21250  misses 41615  min 20000  max 22500
preemptive halt, cache_misses = 41616
preemptive halt, cache_misses = 41616
preemptive halt, cache_misses = 41616
preemptive halt, cache_misses = 41616
preemptive halt, cache_misses = 41616
preemptive halt, cache_misses = 41616
preemptive halt, cache_misses = 41616
preemptive halt, cache_misses = 41616
preemptive halt, cache_misses = 41616
preemptive halt, cache_misses = 41616
preemptive halt, cache_misses = 41616
preemptive halt, cache_misses = 41616
preemptive halt, cache_misses = 41616
preemptive halt, cache_misses = 41616
preemptive halt, cache_misses = 41616
preemptive halt, cache_misses = 41616
preemptive halt, cache_misses = 41616
preemptive halt, cache_misses = 41616
preemptive halt, cache_misses = 41616
preemptive halt, cache_misses = 41616
preemptive halt, cache_misses = 41616
preemptive halt, cache_misses = 41616
preemptive halt, cache_misses = 41616
preemptive halt, cache_misses = 41616
preemptive halt, cache_misses = 41616
preemptive halt, cache_misses = 41616
preemptive halt, cache_misses = 41616
preemptive halt, cache_misses = 41616
preemptive halt, cache_misses = 41616
preemptive halt, cache_misses = 41616
preemptive halt, cache_misses = 41616
preemptive halt, cache_misses = 41616
preemptive halt, cache_misses = 41616
preemptive halt, cache_misses = 41616
preemptive halt, cache_misses = 41616
preemptive halt, cache_misses = 41616
preemptive halt, cache_misses = 41616
preemptive halt, cache_misses = 41616
preemptive halt, cache_misses = 41616
preemptive halt, cache_misses = 41616
preemptive halt, cache_misses = 41616
preemptive halt, cache_misses = 41616
preemptive halt, cache_misses = 41616
preemptive halt, cache_misses = 41616
preemptive halt, cache_misses = 41616
preemptive halt, cache_misses = 41616
preemptive halt, cache_misses = 41616
preemptive halt, cache_misses = 41616
preemptive halt, cache_misses = 41616
preemptive halt, cache_misses = 41616
preemptive halt, cache_misses = 41616
preemptive halt, cache_misses = 41616
preemptive halt, cache_misses = 41616
preemptive halt, cache_misses = 41616
preemptive halt, cache_misses = 41616
preemptive halt, cache_misses = 41616
preemptive halt, cache_misses = 41616
preemptive halt, cache_misses = 41616
preemptive halt, cache_misses = 41616
preemptive halt, cache_misses = 41616
preemptive halt, cache_misses = 41616
preemptive halt, cache_misses = 41616
preemptive halt, cache_misses = 41616
preemptive halt, cache_misses = 41616
preemptive halt, cache_misses = 41616
preemptive halt, cache_misses = 41616
preemptive halt, cache_misses = 41616
preemptive halt, cache_misses = 41616
preemptive halt, cache_misses = 41616
preemptive halt, cache_misses = 41616
preemptive halt, cache_misses = 41616
preemptive halt, cache_misses = 41616
preemptive halt, cache_misses = 41616
preemptive halt, cache_misses = 41616
preemptive halt, cache_misses = 41616
preemptive halt, cache_misses = 41616
preemptive halt, cache_misses = 41616
preemptive halt, cache_misses = 41616
preemptive halt, cache_misses = 41616
preemptive halt, cache_misses = 41616
preemptive halt, cache_misses = 41616
preemptive halt, cache_misses = 41616
preemptive halt, cache_misses = 41616
preemptive halt, cache_misses = 41616
preemptive halt, cache_misses = 41616
preemptive halt, cache_misses = 41616
preemptive halt, cache_misses = 41616
preemptive halt, cache_misses = 41616
preemptive halt, cache_misses = 41616
preemptive halt, cache_misses = 41616
preemptive halt, cache_misses = 41616
preemptive halt, cache_misses = 41616
preemptive halt, cache_misses = 41616
preemptive halt, cache_misses = 41616
preemptive halt, cache_misses = 41616
preemptive halt, cache_misses = 41616
preemptive halt, cache_misses = 41616
preemptive halt, cache_misses = 41616
preemptive halt, cache_misses = 41616
preemptive halt, cache_misses = 41616
preemptive halt, cache_misses = 41616
preemptive halt, cache_misses = 41616
binary search, size 20625  misses 41616  min 20000  max 21250
binary search, size 20937  misses 41615  min 20625  max 21250
preemptive halt, cache_misses = 41616
preemptive halt, cache_misses = 41616
preemptive halt, cache_misses = 41616
preemptive halt, cache_misses = 41616
preemptive halt, cache_misses = 41616
preemptive halt, cache_misses = 41616
preemptive halt, cache_misses = 41616
preemptive halt, cache_misses = 41616
preemptive halt, cache_misses = 41616
preemptive halt, cache_misses = 41616
preemptive halt, cache_misses = 41616
preemptive halt, cache_misses = 41616
preemptive halt, cache_misses = 41616
preemptive halt, cache_misses = 41616
preemptive halt, cache_misses = 41616
preemptive halt, cache_misses = 41616
preemptive halt, cache_misses = 41616
preemptive halt, cache_misses = 41616
preemptive halt, cache_misses = 41616
preemptive halt, cache_misses = 41616
preemptive halt, cache_misses = 41616
preemptive halt, cache_misses = 41616
preemptive halt, cache_misses = 41616
preemptive halt, cache_misses = 41616
preemptive halt, cache_misses = 41616
preemptive halt, cache_misses = 41616
preemptive halt, cache_misses = 41616
preemptive halt, cache_misses = 41616
preemptive halt, cache_misses = 41616
preemptive halt, cache_misses = 41616
preemptive halt, cache_misses = 41616
preemptive halt, cache_misses = 41616
preemptive halt, cache_misses = 41616
preemptive halt, cache_misses = 41616
preemptive halt, cache_misses = 41616
preemptive halt, cache_misses = 41616
preemptive halt, cache_misses = 41616
preemptive halt, cache_misses = 41616
preemptive halt, cache_misses = 41616
preemptive halt, cache_misses = 41616
preemptive halt, cache_misses = 41616
preemptive halt, cache_misses = 41616
preemptive halt, cache_misses = 41616
preemptive halt, cache_misses = 41616
preemptive halt, cache_misses = 41616
preemptive halt, cache_misses = 41616
preemptive halt, cache_misses = 41616
preemptive halt, cache_misses = 41616
preemptive halt, cache_misses = 41616
preemptive halt, cache_misses = 41616
preemptive halt, cache_misses = 41616
preemptive halt, cache_misses = 41616
preemptive halt, cache_misses = 41616
preemptive halt, cache_misses = 41616
preemptive halt, cache_misses = 41616
preemptive halt, cache_misses = 41616
preemptive halt, cache_misses = 41616
preemptive halt, cache_misses = 41616
preemptive halt, cache_misses = 41616
preemptive halt, cache_misses = 41616
preemptive halt, cache_misses = 41616
preemptive halt, cache_misses = 41616
preemptive halt, cache_misses = 41616
preemptive halt, cache_misses = 41616
preemptive halt, cache_misses = 41616
preemptive halt, cache_misses = 41616
preemptive halt, cache_misses = 41616
preemptive halt, cache_misses = 41616
preemptive halt, cache_misses = 41616
preemptive halt, cache_misses = 41616
preemptive halt, cache_misses = 41616
preemptive halt, cache_misses = 41616
preemptive halt, cache_misses = 41616
preemptive halt, cache_misses = 41616
preemptive halt, cache_misses = 41616
preemptive halt, cache_misses = 41616
preemptive halt, cache_misses = 41616
preemptive halt, cache_misses = 41616
preemptive halt, cache_misses = 41616
preemptive halt, cache_misses = 41616
preemptive halt, cache_misses = 41616
preemptive halt, cache_misses = 41616
preemptive halt, cache_misses = 41616
preemptive halt, cache_misses = 41616
preemptive halt, cache_misses = 41616
preemptive halt, cache_misses = 41616
preemptive halt, cache_misses = 41616
preemptive halt, cache_misses = 41616
preemptive halt, cache_misses = 41616
preemptive halt, cache_misses = 41616
preemptive halt, cache_misses = 41616
preemptive halt, cache_misses = 41616
preemptive halt, cache_misses = 41616
preemptive halt, cache_misses = 41616
preemptive halt, cache_misses = 41616
preemptive halt, cache_misses = 41616
preemptive halt, cache_misses = 41616
preemptive halt, cache_misses = 41616
preemptive halt, cache_misses = 41616
preemptive halt, cache_misses = 41616
preemptive halt, cache_misses = 41616
preemptive halt, cache_misses = 41616
binary search, size 20781  misses 41616  min 20625  max 20937
binary search, size 20859  misses 41615  min 20781  max 20937
preemptive halt, cache_misses = 41616
preemptive halt, cache_misses = 41616
preemptive halt, cache_misses = 41616
preemptive halt, cache_misses = 41616
preemptive halt, cache_misses = 41616
preemptive halt, cache_misses = 41616
preemptive halt, cache_misses = 41616
preemptive halt, cache_misses = 41616
preemptive halt, cache_misses = 41616
preemptive halt, cache_misses = 41616
preemptive halt, cache_misses = 41616
preemptive halt, cache_misses = 41616
preemptive halt, cache_misses = 41616
preemptive halt, cache_misses = 41616
preemptive halt, cache_misses = 41616
preemptive halt, cache_misses = 41616
preemptive halt, cache_misses = 41616
preemptive halt, cache_misses = 41616
preemptive halt, cache_misses = 41616
preemptive halt, cache_misses = 41616
preemptive halt, cache_misses = 41616
preemptive halt, cache_misses = 41616
preemptive halt, cache_misses = 41616
preemptive halt, cache_misses = 41616
preemptive halt, cache_misses = 41616
preemptive halt, cache_misses = 41616
preemptive halt, cache_misses = 41616
preemptive halt, cache_misses = 41616
preemptive halt, cache_misses = 41616
preemptive halt, cache_misses = 41616
preemptive halt, cache_misses = 41616
preemptive halt, cache_misses = 41616
preemptive halt, cache_misses = 41616
preemptive halt, cache_misses = 41616
preemptive halt, cache_misses = 41616
preemptive halt, cache_misses = 41616
preemptive halt, cache_misses = 41616
preemptive halt, cache_misses = 41616
preemptive halt, cache_misses = 41616
preemptive halt, cache_misses = 41616
preemptive halt, cache_misses = 41616
preemptive halt, cache_misses = 41616
preemptive halt, cache_misses = 41616
preemptive halt, cache_misses = 41616
preemptive halt, cache_misses = 41616
preemptive halt, cache_misses = 41616
preemptive halt, cache_misses = 41616
preemptive halt, cache_misses = 41616
preemptive halt, cache_misses = 41616
preemptive halt, cache_misses = 41616
preemptive halt, cache_misses = 41616
preemptive halt, cache_misses = 41616
preemptive halt, cache_misses = 41616
preemptive halt, cache_misses = 41616
preemptive halt, cache_misses = 41616
preemptive halt, cache_misses = 41616
preemptive halt, cache_misses = 41616
preemptive halt, cache_misses = 41616
preemptive halt, cache_misses = 41616
preemptive halt, cache_misses = 41616
preemptive halt, cache_misses = 41616
preemptive halt, cache_misses = 41616
preemptive halt, cache_misses = 41616
preemptive halt, cache_misses = 41616
preemptive halt, cache_misses = 41616
preemptive halt, cache_misses = 41616
preemptive halt, cache_misses = 41616
preemptive halt, cache_misses = 41616
preemptive halt, cache_misses = 41616
preemptive halt, cache_misses = 41616
preemptive halt, cache_misses = 41616
preemptive halt, cache_misses = 41616
preemptive halt, cache_misses = 41616
preemptive halt, cache_misses = 41616
preemptive halt, cache_misses = 41616
preemptive halt, cache_misses = 41616
preemptive halt, cache_misses = 41616
preemptive halt, cache_misses = 41616
preemptive halt, cache_misses = 41616
preemptive halt, cache_misses = 41616
preemptive halt, cache_misses = 41616
preemptive halt, cache_misses = 41616
preemptive halt, cache_misses = 41616
preemptive halt, cache_misses = 41616
preemptive halt, cache_misses = 41616
preemptive halt, cache_misses = 41616
preemptive halt, cache_misses = 41616
preemptive halt, cache_misses = 41616
preemptive halt, cache_misses = 41616
preemptive halt, cache_misses = 41616
preemptive halt, cache_misses = 41616
preemptive halt, cache_misses = 41616
preemptive halt, cache_misses = 41616
preemptive halt, cache_misses = 41616
preemptive halt, cache_misses = 41616
preemptive halt, cache_misses = 41616
preemptive halt, cache_misses = 41616
preemptive halt, cache_misses = 41616
preemptive halt, cache_misses = 41616
preemptive halt, cache_misses = 41616
preemptive halt, cache_misses = 41616
preemptive halt, cache_misses = 41616
binary search, size 20820  misses 41616  min 20781  max 20859
preemptive halt, cache_misses = 41617
preemptive halt, cache_misses = 41617
preemptive halt, cache_misses = 41617
preemptive halt, cache_misses = 41617
preemptive halt, cache_misses = 41617
preemptive halt, cache_misses = 41617
preemptive halt, cache_misses = 41617
preemptive halt, cache_misses = 41617
preemptive halt, cache_misses = 41617
preemptive halt, cache_misses = 41617
preemptive halt, cache_misses = 41617
preemptive halt, cache_misses = 41617
preemptive halt, cache_misses = 41617
preemptive halt, cache_misses = 41617
preemptive halt, cache_misses = 41617
preemptive halt, cache_misses = 41617
preemptive halt, cache_misses = 41617
preemptive halt, cache_misses = 41617
preemptive halt, cache_misses = 41617
preemptive halt, cache_misses = 41617
preemptive halt, cache_misses = 41617
preemptive halt, cache_misses = 41617
preemptive halt, cache_misses = 41617
preemptive halt, cache_misses = 41617
preemptive halt, cache_misses = 41617
preemptive halt, cache_misses = 41617
preemptive halt, cache_misses = 41617
preemptive halt, cache_misses = 41617
preemptive halt, cache_misses = 41617
preemptive halt, cache_misses = 41617
preemptive halt, cache_misses = 41617
preemptive halt, cache_misses = 41617
preemptive halt, cache_misses = 41617
preemptive halt, cache_misses = 41617
preemptive halt, cache_misses = 41617
preemptive halt, cache_misses = 41617
preemptive halt, cache_misses = 41617
preemptive halt, cache_misses = 41617
preemptive halt, cache_misses = 41617
preemptive halt, cache_misses = 41617
preemptive halt, cache_misses = 41617
preemptive halt, cache_misses = 41617
preemptive halt, cache_misses = 41617
preemptive halt, cache_misses = 41617
preemptive halt, cache_misses = 41617
preemptive halt, cache_misses = 41617
preemptive halt, cache_misses = 41617
preemptive halt, cache_misses = 41617
preemptive halt, cache_misses = 41617
preemptive halt, cache_misses = 41617
preemptive halt, cache_misses = 41617
preemptive halt, cache_misses = 41617
preemptive halt, cache_misses = 41617
preemptive halt, cache_misses = 41617
preemptive halt, cache_misses = 41617
preemptive halt, cache_misses = 41617
preemptive halt, cache_misses = 41617
preemptive halt, cache_misses = 41617
preemptive halt, cache_misses = 41617
preemptive halt, cache_misses = 41617
preemptive halt, cache_misses = 41617
preemptive halt, cache_misses = 41617
preemptive halt, cache_misses = 41617
preemptive halt, cache_misses = 41617
preemptive halt, cache_misses = 41617
preemptive halt, cache_misses = 41617
preemptive halt, cache_misses = 41617
preemptive halt, cache_misses = 41617
preemptive halt, cache_misses = 41617
preemptive halt, cache_misses = 41617
preemptive halt, cache_misses = 41617
preemptive halt, cache_misses = 41617
preemptive halt, cache_misses = 41617
preemptive halt, cache_misses = 41617
preemptive halt, cache_misses = 41617
preemptive halt, cache_misses = 41617
preemptive halt, cache_misses = 41617
preemptive halt, cache_misses = 41617
preemptive halt, cache_misses = 41617
preemptive halt, cache_misses = 41617
preemptive halt, cache_misses = 41617
preemptive halt, cache_misses = 41617
preemptive halt, cache_misses = 41617
preemptive halt, cache_misses = 41617
preemptive halt, cache_misses = 41617
preemptive halt, cache_misses = 41617
preemptive halt, cache_misses = 41617
preemptive halt, cache_misses = 41617
preemptive halt, cache_misses = 41617
preemptive halt, cache_misses = 41617
preemptive halt, cache_misses = 41617
preemptive halt, cache_misses = 41617
preemptive halt, cache_misses = 41617
preemptive halt, cache_misses = 41617
preemptive halt, cache_misses = 41617
preemptive halt, cache_misses = 41617
preemptive halt, cache_misses = 41617
preemptive halt, cache_misses = 41617
preemptive halt, cache_misses = 41617
preemptive halt, cache_misses = 41617
preemptive halt, cache_misses = 41617
preemptive halt, cache_misses = 41617
preemptive halt, cache_misses = 41617
preemptive halt, cache_misses = 41617
binary search, size 20839  misses 41617  min 20820  max 20859
preemptive halt, cache_misses = 41618
preemptive halt, cache_misses = 41618
preemptive halt, cache_misses = 41618
preemptive halt, cache_misses = 41618
preemptive halt, cache_misses = 41618
preemptive halt, cache_misses = 41618
preemptive halt, cache_misses = 41618
preemptive halt, cache_misses = 41618
preemptive halt, cache_misses = 41618
preemptive halt, cache_misses = 41618
preemptive halt, cache_misses = 41618
preemptive halt, cache_misses = 41618
preemptive halt, cache_misses = 41618
preemptive halt, cache_misses = 41618
preemptive halt, cache_misses = 41618
preemptive halt, cache_misses = 41618
preemptive halt, cache_misses = 41618
preemptive halt, cache_misses = 41618
preemptive halt, cache_misses = 41618
preemptive halt, cache_misses = 41618
preemptive halt, cache_misses = 41618
preemptive halt, cache_misses = 41618
preemptive halt, cache_misses = 41618
preemptive halt, cache_misses = 41618
preemptive halt, cache_misses = 41618
preemptive halt, cache_misses = 41618
preemptive halt, cache_misses = 41618
preemptive halt, cache_misses = 41618
preemptive halt, cache_misses = 41618
preemptive halt, cache_misses = 41618
preemptive halt, cache_misses = 41618
preemptive halt, cache_misses = 41618
preemptive halt, cache_misses = 41618
preemptive halt, cache_misses = 41618
preemptive halt, cache_misses = 41618
preemptive halt, cache_misses = 41618
preemptive halt, cache_misses = 41618
preemptive halt, cache_misses = 41618
preemptive halt, cache_misses = 41618
preemptive halt, cache_misses = 41618
preemptive halt, cache_misses = 41618
preemptive halt, cache_misses = 41618
preemptive halt, cache_misses = 41618
preemptive halt, cache_misses = 41618
preemptive halt, cache_misses = 41618
preemptive halt, cache_misses = 41618
preemptive halt, cache_misses = 41618
preemptive halt, cache_misses = 41618
preemptive halt, cache_misses = 41618
preemptive halt, cache_misses = 41618
preemptive halt, cache_misses = 41618
preemptive halt, cache_misses = 41618
preemptive halt, cache_misses = 41618
preemptive halt, cache_misses = 41618
preemptive halt, cache_misses = 41618
preemptive halt, cache_misses = 41618
preemptive halt, cache_misses = 41618
preemptive halt, cache_misses = 41618
preemptive halt, cache_misses = 41618
preemptive halt, cache_misses = 41618
preemptive halt, cache_misses = 41618
preemptive halt, cache_misses = 41618
preemptive halt, cache_misses = 41618
preemptive halt, cache_misses = 41618
preemptive halt, cache_misses = 41618
preemptive halt, cache_misses = 41618
preemptive halt, cache_misses = 41618
preemptive halt, cache_misses = 41618
preemptive halt, cache_misses = 41618
preemptive halt, cache_misses = 41618
preemptive halt, cache_misses = 41618
preemptive halt, cache_misses = 41618
preemptive halt, cache_misses = 41618
preemptive halt, cache_misses = 41618
preemptive halt, cache_misses = 41618
preemptive halt, cache_misses = 41618
preemptive halt, cache_misses = 41618
preemptive halt, cache_misses = 41618
preemptive halt, cache_misses = 41618
preemptive halt, cache_misses = 41618
preemptive halt, cache_misses = 41618
preemptive halt, cache_misses = 41618
preemptive halt, cache_misses = 41618
preemptive halt, cache_misses = 41618
preemptive halt, cache_misses = 41618
preemptive halt, cache_misses = 41618
preemptive halt, cache_misses = 41618
preemptive halt, cache_misses = 41618
preemptive halt, cache_misses = 41618
preemptive halt, cache_misses = 41618
preemptive halt, cache_misses = 41618
preemptive halt, cache_misses = 41618
preemptive halt, cache_misses = 41618
preemptive halt, cache_misses = 41618
preemptive halt, cache_misses = 41618
preemptive halt, cache_misses = 41618
preemptive halt, cache_misses = 41618
preemptive halt, cache_misses = 41618
preemptive halt, cache_misses = 41618
preemptive halt, cache_misses = 41618
preemptive halt, cache_misses = 41618
preemptive halt, cache_misses = 41618
preemptive halt, cache_misses = 41618
preemptive halt, cache_misses = 41618
preemptive halt, cache_misses = 41618
preemptive halt, cache_misses = 41618
binary search, size 20849  misses 41618  min 20839  max 20859
preemptive halt, cache_misses = 41619
preemptive halt, cache_misses = 41619
preemptive halt, cache_misses = 41619
preemptive halt, cache_misses = 41619
preemptive halt, cache_misses = 41619
preemptive halt, cache_misses = 41619
preemptive halt, cache_misses = 41619
preemptive halt, cache_misses = 41619
preemptive halt, cache_misses = 41619
preemptive halt, cache_misses = 41619
preemptive halt, cache_misses = 41619
preemptive halt, cache_misses = 41619
preemptive halt, cache_misses = 41619
preemptive halt, cache_misses = 41619
preemptive halt, cache_misses = 41619
preemptive halt, cache_misses = 41619
preemptive halt, cache_misses = 41619
preemptive halt, cache_misses = 41619
preemptive halt, cache_misses = 41619
preemptive halt, cache_misses = 41619
preemptive halt, cache_misses = 41619
preemptive halt, cache_misses = 41619
preemptive halt, cache_misses = 41619
preemptive halt, cache_misses = 41619
preemptive halt, cache_misses = 41619
preemptive halt, cache_misses = 41619
preemptive halt, cache_misses = 41619
preemptive halt, cache_misses = 41619
preemptive halt, cache_misses = 41619
preemptive halt, cache_misses = 41619
preemptive halt, cache_misses = 41619
preemptive halt, cache_misses = 41619
preemptive halt, cache_misses = 41619
preemptive halt, cache_misses = 41619
preemptive halt, cache_misses = 41619
preemptive halt, cache_misses = 41619
preemptive halt, cache_misses = 41619
preemptive halt, cache_misses = 41619
preemptive halt, cache_misses = 41619
preemptive halt, cache_misses = 41619
preemptive halt, cache_misses = 41619
preemptive halt, cache_misses = 41619
preemptive halt, cache_misses = 41619
preemptive halt, cache_misses = 41619
preemptive halt, cache_misses = 41619
preemptive halt, cache_misses = 41619
preemptive halt, cache_misses = 41619
preemptive halt, cache_misses = 41619
preemptive halt, cache_misses = 41619
preemptive halt, cache_misses = 41619
preemptive halt, cache_misses = 41619
preemptive halt, cache_misses = 41619
preemptive halt, cache_misses = 41619
preemptive halt, cache_misses = 41619
preemptive halt, cache_misses = 41619
preemptive halt, cache_misses = 41619
preemptive halt, cache_misses = 41619
preemptive halt, cache_misses = 41619
preemptive halt, cache_misses = 41619
preemptive halt, cache_misses = 41619
preemptive halt, cache_misses = 41619
preemptive halt, cache_misses = 41619
preemptive halt, cache_misses = 41619
preemptive halt, cache_misses = 41619
preemptive halt, cache_misses = 41619
preemptive halt, cache_misses = 41619
preemptive halt, cache_misses = 41619
preemptive halt, cache_misses = 41619
preemptive halt, cache_misses = 41619
preemptive halt, cache_misses = 41619
preemptive halt, cache_misses = 41619
preemptive halt, cache_misses = 41619
preemptive halt, cache_misses = 41619
preemptive halt, cache_misses = 41619
preemptive halt, cache_misses = 41619
preemptive halt, cache_misses = 41619
preemptive halt, cache_misses = 41619
preemptive halt, cache_misses = 41619
preemptive halt, cache_misses = 41619
preemptive halt, cache_misses = 41619
preemptive halt, cache_misses = 41619
preemptive halt, cache_misses = 41619
preemptive halt, cache_misses = 41619
preemptive halt, cache_misses = 41619
preemptive halt, cache_misses = 41619
preemptive halt, cache_misses = 41619
preemptive halt, cache_misses = 41619
preemptive halt, cache_misses = 41619
preemptive halt, cache_misses = 41619
preemptive halt, cache_misses = 41619
preemptive halt, cache_misses = 41619
preemptive halt, cache_misses = 41619
preemptive halt, cache_misses = 41619
preemptive halt, cache_misses = 41619
preemptive halt, cache_misses = 41619
preemptive halt, cache_misses = 41619
preemptive halt, cache_misses = 41619
preemptive halt, cache_misses = 41619
preemptive halt, cache_misses = 41619
preemptive halt, cache_misses = 41619
preemptive halt, cache_misses = 41619
preemptive halt, cache_misses = 41619
preemptive halt, cache_misses = 41619
preemptive halt, cache_misses = 41619
preemptive halt, cache_misses = 41619
preemptive halt, cache_misses = 41619
preemptive halt, cache_misses = 41619
preemptive halt, cache_misses = 41619
binary search, size 20854  misses 41619  min 20849  max 20859
preemptive halt, cache_misses = 41620
preemptive halt, cache_misses = 41620
preemptive halt, cache_misses = 41620
preemptive halt, cache_misses = 41620
preemptive halt, cache_misses = 41620
preemptive halt, cache_misses = 41620
preemptive halt, cache_misses = 41620
preemptive halt, cache_misses = 41620
preemptive halt, cache_misses = 41620
preemptive halt, cache_misses = 41620
preemptive halt, cache_misses = 41620
preemptive halt, cache_misses = 41620
preemptive halt, cache_misses = 41620
preemptive halt, cache_misses = 41620
preemptive halt, cache_misses = 41620
preemptive halt, cache_misses = 41620
preemptive halt, cache_misses = 41620
preemptive halt, cache_misses = 41620
preemptive halt, cache_misses = 41620
preemptive halt, cache_misses = 41620
preemptive halt, cache_misses = 41620
preemptive halt, cache_misses = 41620
preemptive halt, cache_misses = 41620
preemptive halt, cache_misses = 41620
preemptive halt, cache_misses = 41620
preemptive halt, cache_misses = 41620
preemptive halt, cache_misses = 41620
preemptive halt, cache_misses = 41620
preemptive halt, cache_misses = 41620
preemptive halt, cache_misses = 41620
preemptive halt, cache_misses = 41620
preemptive halt, cache_misses = 41620
preemptive halt, cache_misses = 41620
preemptive halt, cache_misses = 41620
preemptive halt, cache_misses = 41620
preemptive halt, cache_misses = 41620
preemptive halt, cache_misses = 41620
preemptive halt, cache_misses = 41620
preemptive halt, cache_misses = 41620
preemptive halt, cache_misses = 41620
preemptive halt, cache_misses = 41620
preemptive halt, cache_misses = 41620
preemptive halt, cache_misses = 41620
preemptive halt, cache_misses = 41620
preemptive halt, cache_misses = 41620
preemptive halt, cache_misses = 41620
preemptive halt, cache_misses = 41620
preemptive halt, cache_misses = 41620
preemptive halt, cache_misses = 41620
preemptive halt, cache_misses = 41620
preemptive halt, cache_misses = 41620
preemptive halt, cache_misses = 41620
preemptive halt, cache_misses = 41620
preemptive halt, cache_misses = 41620
preemptive halt, cache_misses = 41620
preemptive halt, cache_misses = 41620
preemptive halt, cache_misses = 41620
preemptive halt, cache_misses = 41620
preemptive halt, cache_misses = 41620
preemptive halt, cache_misses = 41620
preemptive halt, cache_misses = 41620
preemptive halt, cache_misses = 41620
preemptive halt, cache_misses = 41620
preemptive halt, cache_misses = 41620
preemptive halt, cache_misses = 41620
preemptive halt, cache_misses = 41620
preemptive halt, cache_misses = 41620
preemptive halt, cache_misses = 41620
preemptive halt, cache_misses = 41620
preemptive halt, cache_misses = 41620
preemptive halt, cache_misses = 41620
preemptive halt, cache_misses = 41620
preemptive halt, cache_misses = 41620
preemptive halt, cache_misses = 41620
preemptive halt, cache_misses = 41620
preemptive halt, cache_misses = 41620
preemptive halt, cache_misses = 41620
preemptive halt, cache_misses = 41620
preemptive halt, cache_misses = 41620
preemptive halt, cache_misses = 41620
preemptive halt, cache_misses = 41620
preemptive halt, cache_misses = 41620
preemptive halt, cache_misses = 41620
preemptive halt, cache_misses = 41620
preemptive halt, cache_misses = 41620
preemptive halt, cache_misses = 41620
preemptive halt, cache_misses = 41620
preemptive halt, cache_misses = 41620
preemptive halt, cache_misses = 41620
preemptive halt, cache_misses = 41620
preemptive halt, cache_misses = 41620
preemptive halt, cache_misses = 41620
preemptive halt, cache_misses = 41620
preemptive halt, cache_misses = 41620
preemptive halt, cache_misses = 41620
preemptive halt, cache_misses = 41620
preemptive halt, cache_misses = 41620
preemptive halt, cache_misses = 41620
preemptive halt, cache_misses = 41620
preemptive halt, cache_misses = 41620
preemptive halt, cache_misses = 41620
preemptive halt, cache_misses = 41620
preemptive halt, cache_misses = 41620
preemptive halt, cache_misses = 41620
preemptive halt, cache_misses = 41620
preemptive halt, cache_misses = 41620
preemptive halt, cache_misses = 41620
preemptive halt, cache_misses = 41620
preemptive halt, cache_misses = 41620
preemptive halt, cache_misses = 41620
binary search, size 20856  misses 41620  min 20854  max 20859
preemptive halt, cache_misses = 41621
preemptive halt, cache_misses = 41621
preemptive halt, cache_misses = 41621
preemptive halt, cache_misses = 41621
preemptive halt, cache_misses = 41621
preemptive halt, cache_misses = 41621
preemptive halt, cache_misses = 41621
preemptive halt, cache_misses = 41621
preemptive halt, cache_misses = 41621
preemptive halt, cache_misses = 41621
preemptive halt, cache_misses = 41621
preemptive halt, cache_misses = 41621
preemptive halt, cache_misses = 41621
preemptive halt, cache_misses = 41621
preemptive halt, cache_misses = 41621
preemptive halt, cache_misses = 41621
preemptive halt, cache_misses = 41621
preemptive halt, cache_misses = 41621
preemptive halt, cache_misses = 41621
preemptive halt, cache_misses = 41621
preemptive halt, cache_misses = 41621
preemptive halt, cache_misses = 41621
preemptive halt, cache_misses = 41621
preemptive halt, cache_misses = 41621
preemptive halt, cache_misses = 41621
preemptive halt, cache_misses = 41621
preemptive halt, cache_misses = 41621
preemptive halt, cache_misses = 41621
preemptive halt, cache_misses = 41621
preemptive halt, cache_misses = 41621
preemptive halt, cache_misses = 41621
preemptive halt, cache_misses = 41621
preemptive halt, cache_misses = 41621
preemptive halt, cache_misses = 41621
preemptive halt, cache_misses = 41621
preemptive halt, cache_misses = 41621
preemptive halt, cache_misses = 41621
preemptive halt, cache_misses = 41621
preemptive halt, cache_misses = 41621
preemptive halt, cache_misses = 41621
preemptive halt, cache_misses = 41621
preemptive halt, cache_misses = 41621
preemptive halt, cache_misses = 41621
preemptive halt, cache_misses = 41621
preemptive halt, cache_misses = 41621
preemptive halt, cache_misses = 41621
preemptive halt, cache_misses = 41621
preemptive halt, cache_misses = 41621
preemptive halt, cache_misses = 41621
preemptive halt, cache_misses = 41621
preemptive halt, cache_misses = 41621
preemptive halt, cache_misses = 41621
preemptive halt, cache_misses = 41621
preemptive halt, cache_misses = 41621
preemptive halt, cache_misses = 41621
preemptive halt, cache_misses = 41621
preemptive halt, cache_misses = 41621
preemptive halt, cache_misses = 41621
preemptive halt, cache_misses = 41621
preemptive halt, cache_misses = 41621
preemptive halt, cache_misses = 41621
preemptive halt, cache_misses = 41621
preemptive halt, cache_misses = 41621
preemptive halt, cache_misses = 41621
preemptive halt, cache_misses = 41621
preemptive halt, cache_misses = 41621
preemptive halt, cache_misses = 41621
preemptive halt, cache_misses = 41621
preemptive halt, cache_misses = 41621
preemptive halt, cache_misses = 41621
preemptive halt, cache_misses = 41621
preemptive halt, cache_misses = 41621
preemptive halt, cache_misses = 41621
preemptive halt, cache_misses = 41621
preemptive halt, cache_misses = 41621
preemptive halt, cache_misses = 41621
preemptive halt, cache_misses = 41621
preemptive halt, cache_misses = 41621
preemptive halt, cache_misses = 41621
preemptive halt, cache_misses = 41621
preemptive halt, cache_misses = 41621
preemptive halt, cache_misses = 41621
preemptive halt, cache_misses = 41621
preemptive halt, cache_misses = 41621
preemptive halt, cache_misses = 41621
preemptive halt, cache_misses = 41621
preemptive halt, cache_misses = 41621
preemptive halt, cache_misses = 41621
preemptive halt, cache_misses = 41621
preemptive halt, cache_misses = 41621
preemptive halt, cache_misses = 41621
preemptive halt, cache_misses = 41621
preemptive halt, cache_misses = 41621
preemptive halt, cache_misses = 41621
preemptive halt, cache_misses = 41621
preemptive halt, cache_misses = 41621
preemptive halt, cache_misses = 41621
preemptive halt, cache_misses = 41621
preemptive halt, cache_misses = 41621
preemptive halt, cache_misses = 41621
preemptive halt, cache_misses = 41621
preemptive halt, cache_misses = 41621
preemptive halt, cache_misses = 41621
preemptive halt, cache_misses = 41621
preemptive halt, cache_misses = 41621
preemptive halt, cache_misses = 41621
preemptive halt, cache_misses = 41621
preemptive halt, cache_misses = 41621
preemptive halt, cache_misses = 41621
preemptive halt, cache_misses = 41621
preemptive halt, cache_misses = 41621
preemptive halt, cache_misses = 41621
binary search, size 20857  misses 41621  min 20856  max 20859
binary search, size 20858  misses 41615  min 20857  max 20859
characteristic cache size (binary search) for 203 = 20858
End at: 2021-04-02 15:45:38.071683
Time elapsed: 0:00:00.787912
