Begin at: 2021-04-02 15:45:19.309700
['../dist/Debug/GNU-Linux/memo_batch_tester', '', '--mbt_execution_trace_fname', 'olcs4_traceback_csize_input_types/OLCS4_lru_2021_04_02__15_44_32_k_3__d_2_cache_size_160000_problems_10_to_400/OLCS4_lru_2021_04_02__15_44_32_k_3__d_2_cache_size_160000_problems_10_to_400/OLCS4__do_traceback_prob_size_178_cache_size_160000_lru_k_3_d_2_execution_trace_2021_4_2_15_45_19_pid_19043.log', '--mbt_cache_misses_fname', 'olcs4_traceback_csize_input_types/OLCS4_lru_2021_04_02__15_44_32_k_3__d_2_cache_size_160000_problems_10_to_400/lcs_cost_OLCS4_lru_misses_for_cache_size.csv', '--mbt_misses_for_problem_size_fname', 'olcs4_traceback_csize_input_types/OLCS4_lru_2021_04_02__15_44_32_k_3__d_2_cache_size_160000_problems_10_to_400/lcs_cost_OLCS4_lru_misses_for_problem_size.csv', '--mbt_exact_cutoff_min_cache_size', '160000', '--mbt_exact_cutoff_max_cache_size', '160000', '--mbt_problem_type', 'lcs', '--mbt_metric_type', 'csize_binary_search', '--mbt_cutoff_ratio', '2.2', '--mbt_instance_fname', '178', '--mbt_detailed_cache_misses_out_fname', 'csize_olcs4_traceback_0011n_ceil_n_b_4.csv', '--mbt_phi_N', '5.0', '--mbt_problem_size', '178', '--lcs_compute_length', '0', '--lcs_perform_traceback', '1', '--lig_instance_type', '0011n_ceil_n_b', '--lig_n', '178', '--lig_c', '0.9', '--lig_b', '4.0', '--lcs_oblivious', '4', '--lcs_execution_trace_fname', 'olcs4_traceback_csize_input_types/OLCS4_lru_2021_04_02__15_44_32_k_3__d_2_cache_size_160000_problems_10_to_400/OLCS4_lru_2021_04_02__15_44_32_k_3__d_2_cache_size_160000_problems_10_to_400/OLCS4__do_traceback_prob_size_178_cache_size_160000_lru_k_3_d_2_execution_trace_2021_4_2_15_45_19_pid_19043.log', '--memo_caching_strategy', 'lru', '--memo_cache_size', '160001', '--memo_lru_queue_size', '160000', '--memo_cuckoo_k', '4', '--memo_key_length', '8', '--memo_value_length', '8', '--memo_k_timestamps', '3', '--memo_d_recent_timestamps', '2', '--memo_a_items_per_timestamp_factor', '0.4375']

csize_binary_search chosen
lcs problem_type lcs cache_size 160001
initialize_long_int_cache begin
init_memo
arguments to memo:
 --mbt_execution_trace_fname olcs4_traceback_csize_input_types/OLCS4_lru_2021_04_02__15_44_32_k_3__d_2_cache_size_160000_problems_10_to_400/OLCS4_lru_2021_04_02__15_44_32_k_3__d_2_cache_size_160000_problems_10_to_400/OLCS4__do_traceback_prob_size_178_cache_size_160000_lru_k_3_d_2_execution_trace_2021_4_2_15_45_19_pid_19043.log --mbt_cache_misses_fname olcs4_traceback_csize_input_types/OLCS4_lru_2021_04_02__15_44_32_k_3__d_2_cache_size_160000_problems_10_to_400/lcs_cost_OLCS4_lru_misses_for_cache_size.csv --mbt_misses_for_problem_size_fname olcs4_traceback_csize_input_types/OLCS4_lru_2021_04_02__15_44_32_k_3__d_2_cache_size_160000_problems_10_to_400/lcs_cost_OLCS4_lru_misses_for_problem_size.csv --mbt_exact_cutoff_min_cache_size 160000 --mbt_exact_cutoff_max_cache_size 160000 --mbt_problem_type lcs --mbt_metric_type csize_binary_search --mbt_cutoff_ratio 2.2 --mbt_instance_fname 178 --mbt_detailed_cache_misses_out_fname csize_olcs4_traceback_0011n_ceil_n_b_4.csv --mbt_phi_N 5.0 --mbt_problem_size 178 --lcs_compute_length 0 --lcs_perform_traceback 1 --lig_instance_type 0011n_ceil_n_b --lig_n 178 --lig_c 0.9 --lig_b 4.0 --lcs_oblivious 4 --lcs_execution_trace_fname olcs4_traceback_csize_input_types/OLCS4_lru_2021_04_02__15_44_32_k_3__d_2_cache_size_160000_problems_10_to_400/OLCS4_lru_2021_04_02__15_44_32_k_3__d_2_cache_size_160000_problems_10_to_400/OLCS4__do_traceback_prob_size_178_cache_size_160000_lru_k_3_d_2_execution_trace_2021_4_2_15_45_19_pid_19043.log --memo_caching_strategy lru --memo_cache_size 160001 --memo_lru_queue_size 160000 --memo_cuckoo_k 4 --memo_key_length 8 --memo_value_length 8 --memo_k_timestamps 3 --memo_d_recent_timestamps 2 --memo_a_items_per_timestamp_factor 0.4375 
calculate_table_size: table_size is 262144, original is 160001
Finished initializing cache
initialize_long_int_cache end
done initializing cache
initializing problem
done initializing problem
commence trials
Starting characteristic_cache_size_binary_search with max cache size 160001
binary search, size 160001  misses 32040
binary search, size 80000  misses 32040  min 0  max 160001
binary search, size 40000  misses 32040  min 0  max 80000
binary search, size 20000  misses 32040  min 0  max 40000
preemptive halt, cache_misses = 32041
preemptive halt, cache_misses = 32041
preemptive halt, cache_misses = 32041
preemptive halt, cache_misses = 32041
preemptive halt, cache_misses = 32041
preemptive halt, cache_misses = 32041
preemptive halt, cache_misses = 32041
preemptive halt, cache_misses = 32041
preemptive halt, cache_misses = 32041
preemptive halt, cache_misses = 32041
preemptive halt, cache_misses = 32041
preemptive halt, cache_misses = 32041
preemptive halt, cache_misses = 32041
preemptive halt, cache_misses = 32041
preemptive halt, cache_misses = 32041
preemptive halt, cache_misses = 32041
preemptive halt, cache_misses = 32041
preemptive halt, cache_misses = 32041
preemptive halt, cache_misses = 32041
preemptive halt, cache_misses = 32041
preemptive halt, cache_misses = 32041
preemptive halt, cache_misses = 32041
preemptive halt, cache_misses = 32041
preemptive halt, cache_misses = 32041
preemptive halt, cache_misses = 32041
preemptive halt, cache_misses = 32041
preemptive halt, cache_misses = 32041
preemptive halt, cache_misses = 32041
preemptive halt, cache_misses = 32041
preemptive halt, cache_misses = 32041
preemptive halt, cache_misses = 32041
preemptive halt, cache_misses = 32041
preemptive halt, cache_misses = 32041
preemptive halt, cache_misses = 32041
preemptive halt, cache_misses = 32041
preemptive halt, cache_misses = 32041
preemptive halt, cache_misses = 32041
preemptive halt, cache_misses = 32041
preemptive halt, cache_misses = 32041
preemptive halt, cache_misses = 32041
preemptive halt, cache_misses = 32041
preemptive halt, cache_misses = 32041
preemptive halt, cache_misses = 32041
preemptive halt, cache_misses = 32041
preemptive halt, cache_misses = 32041
preemptive halt, cache_misses = 32041
preemptive halt, cache_misses = 32041
preemptive halt, cache_misses = 32041
preemptive halt, cache_misses = 32041
preemptive halt, cache_misses = 32041
preemptive halt, cache_misses = 32041
preemptive halt, cache_misses = 32041
preemptive halt, cache_misses = 32041
preemptive halt, cache_misses = 32041
preemptive halt, cache_misses = 32041
preemptive halt, cache_misses = 32041
preemptive halt, cache_misses = 32041
preemptive halt, cache_misses = 32041
preemptive halt, cache_misses = 32041
preemptive halt, cache_misses = 32041
preemptive halt, cache_misses = 32041
preemptive halt, cache_misses = 32041
preemptive halt, cache_misses = 32041
preemptive halt, cache_misses = 32041
preemptive halt, cache_misses = 32041
preemptive halt, cache_misses = 32041
preemptive halt, cache_misses = 32041
preemptive halt, cache_misses = 32041
preemptive halt, cache_misses = 32041
preemptive halt, cache_misses = 32041
preemptive halt, cache_misses = 32041
preemptive halt, cache_misses = 32041
preemptive halt, cache_misses = 32041
preemptive halt, cache_misses = 32041
preemptive halt, cache_misses = 32041
preemptive halt, cache_misses = 32041
preemptive halt, cache_misses = 32041
preemptive halt, cache_misses = 32041
preemptive halt, cache_misses = 32041
preemptive halt, cache_misses = 32041
preemptive halt, cache_misses = 32041
preemptive halt, cache_misses = 32041
preemptive halt, cache_misses = 32041
preemptive halt, cache_misses = 32041
preemptive halt, cache_misses = 32041
preemptive halt, cache_misses = 32041
preemptive halt, cache_misses = 32041
preemptive halt, cache_misses = 32041
binary search, size 10000  misses 32041  min 0  max 20000
preemptive halt, cache_misses = 32042
preemptive halt, cache_misses = 32042
preemptive halt, cache_misses = 32042
preemptive halt, cache_misses = 32042
preemptive halt, cache_misses = 32042
preemptive halt, cache_misses = 32042
preemptive halt, cache_misses = 32042
preemptive halt, cache_misses = 32042
preemptive halt, cache_misses = 32042
preemptive halt, cache_misses = 32042
preemptive halt, cache_misses = 32042
preemptive halt, cache_misses = 32042
preemptive halt, cache_misses = 32042
preemptive halt, cache_misses = 32042
preemptive halt, cache_misses = 32042
preemptive halt, cache_misses = 32042
preemptive halt, cache_misses = 32042
preemptive halt, cache_misses = 32042
preemptive halt, cache_misses = 32042
preemptive halt, cache_misses = 32042
preemptive halt, cache_misses = 32042
preemptive halt, cache_misses = 32042
preemptive halt, cache_misses = 32042
preemptive halt, cache_misses = 32042
preemptive halt, cache_misses = 32042
preemptive halt, cache_misses = 32042
preemptive halt, cache_misses = 32042
preemptive halt, cache_misses = 32042
preemptive halt, cache_misses = 32042
preemptive halt, cache_misses = 32042
preemptive halt, cache_misses = 32042
preemptive halt, cache_misses = 32042
preemptive halt, cache_misses = 32042
preemptive halt, cache_misses = 32042
preemptive halt, cache_misses = 32042
preemptive halt, cache_misses = 32042
preemptive halt, cache_misses = 32042
preemptive halt, cache_misses = 32042
preemptive halt, cache_misses = 32042
preemptive halt, cache_misses = 32042
preemptive halt, cache_misses = 32042
preemptive halt, cache_misses = 32042
preemptive halt, cache_misses = 32042
preemptive halt, cache_misses = 32042
preemptive halt, cache_misses = 32042
preemptive halt, cache_misses = 32042
preemptive halt, cache_misses = 32042
preemptive halt, cache_misses = 32042
preemptive halt, cache_misses = 32042
preemptive halt, cache_misses = 32042
preemptive halt, cache_misses = 32042
preemptive halt, cache_misses = 32042
preemptive halt, cache_misses = 32042
preemptive halt, cache_misses = 32042
preemptive halt, cache_misses = 32042
preemptive halt, cache_misses = 32042
preemptive halt, cache_misses = 32042
preemptive halt, cache_misses = 32042
preemptive halt, cache_misses = 32042
preemptive halt, cache_misses = 32042
preemptive halt, cache_misses = 32042
preemptive halt, cache_misses = 32042
preemptive halt, cache_misses = 32042
preemptive halt, cache_misses = 32042
preemptive halt, cache_misses = 32042
preemptive halt, cache_misses = 32042
preemptive halt, cache_misses = 32042
preemptive halt, cache_misses = 32042
preemptive halt, cache_misses = 32042
preemptive halt, cache_misses = 32042
preemptive halt, cache_misses = 32042
preemptive halt, cache_misses = 32042
preemptive halt, cache_misses = 32042
preemptive halt, cache_misses = 32042
preemptive halt, cache_misses = 32042
preemptive halt, cache_misses = 32042
preemptive halt, cache_misses = 32042
preemptive halt, cache_misses = 32042
preemptive halt, cache_misses = 32042
preemptive halt, cache_misses = 32042
preemptive halt, cache_misses = 32042
preemptive halt, cache_misses = 32042
preemptive halt, cache_misses = 32042
preemptive halt, cache_misses = 32042
preemptive halt, cache_misses = 32042
preemptive halt, cache_misses = 32042
preemptive halt, cache_misses = 32042
preemptive halt, cache_misses = 32042
preemptive halt, cache_misses = 32042
preemptive halt, cache_misses = 32042
binary search, size 15000  misses 32042  min 10000  max 20000
binary search, size 17500  misses 32040  min 15000  max 20000
binary search, size 16250  misses 32040  min 15000  max 17500
preemptive halt, cache_misses = 32041
preemptive halt, cache_misses = 32041
preemptive halt, cache_misses = 32041
preemptive halt, cache_misses = 32041
preemptive halt, cache_misses = 32041
preemptive halt, cache_misses = 32041
preemptive halt, cache_misses = 32041
preemptive halt, cache_misses = 32041
preemptive halt, cache_misses = 32041
preemptive halt, cache_misses = 32041
preemptive halt, cache_misses = 32041
preemptive halt, cache_misses = 32041
preemptive halt, cache_misses = 32041
preemptive halt, cache_misses = 32041
preemptive halt, cache_misses = 32041
preemptive halt, cache_misses = 32041
preemptive halt, cache_misses = 32041
preemptive halt, cache_misses = 32041
preemptive halt, cache_misses = 32041
preemptive halt, cache_misses = 32041
preemptive halt, cache_misses = 32041
preemptive halt, cache_misses = 32041
preemptive halt, cache_misses = 32041
preemptive halt, cache_misses = 32041
preemptive halt, cache_misses = 32041
preemptive halt, cache_misses = 32041
preemptive halt, cache_misses = 32041
preemptive halt, cache_misses = 32041
preemptive halt, cache_misses = 32041
preemptive halt, cache_misses = 32041
preemptive halt, cache_misses = 32041
preemptive halt, cache_misses = 32041
preemptive halt, cache_misses = 32041
preemptive halt, cache_misses = 32041
preemptive halt, cache_misses = 32041
preemptive halt, cache_misses = 32041
preemptive halt, cache_misses = 32041
preemptive halt, cache_misses = 32041
preemptive halt, cache_misses = 32041
preemptive halt, cache_misses = 32041
preemptive halt, cache_misses = 32041
preemptive halt, cache_misses = 32041
preemptive halt, cache_misses = 32041
preemptive halt, cache_misses = 32041
preemptive halt, cache_misses = 32041
preemptive halt, cache_misses = 32041
preemptive halt, cache_misses = 32041
preemptive halt, cache_misses = 32041
preemptive halt, cache_misses = 32041
preemptive halt, cache_misses = 32041
preemptive halt, cache_misses = 32041
preemptive halt, cache_misses = 32041
preemptive halt, cache_misses = 32041
preemptive halt, cache_misses = 32041
preemptive halt, cache_misses = 32041
preemptive halt, cache_misses = 32041
preemptive halt, cache_misses = 32041
preemptive halt, cache_misses = 32041
preemptive halt, cache_misses = 32041
preemptive halt, cache_misses = 32041
preemptive halt, cache_misses = 32041
preemptive halt, cache_misses = 32041
preemptive halt, cache_misses = 32041
preemptive halt, cache_misses = 32041
preemptive halt, cache_misses = 32041
preemptive halt, cache_misses = 32041
preemptive halt, cache_misses = 32041
preemptive halt, cache_misses = 32041
preemptive halt, cache_misses = 32041
preemptive halt, cache_misses = 32041
preemptive halt, cache_misses = 32041
preemptive halt, cache_misses = 32041
preemptive halt, cache_misses = 32041
preemptive halt, cache_misses = 32041
preemptive halt, cache_misses = 32041
preemptive halt, cache_misses = 32041
preemptive halt, cache_misses = 32041
preemptive halt, cache_misses = 32041
preemptive halt, cache_misses = 32041
preemptive halt, cache_misses = 32041
preemptive halt, cache_misses = 32041
preemptive halt, cache_misses = 32041
preemptive halt, cache_misses = 32041
preemptive halt, cache_misses = 32041
preemptive halt, cache_misses = 32041
preemptive halt, cache_misses = 32041
preemptive halt, cache_misses = 32041
preemptive halt, cache_misses = 32041
binary search, size 15625  misses 32041  min 15000  max 16250
preemptive halt, cache_misses = 32042
preemptive halt, cache_misses = 32042
preemptive halt, cache_misses = 32042
preemptive halt, cache_misses = 32042
preemptive halt, cache_misses = 32042
preemptive halt, cache_misses = 32042
preemptive halt, cache_misses = 32042
preemptive halt, cache_misses = 32042
preemptive halt, cache_misses = 32042
preemptive halt, cache_misses = 32042
preemptive halt, cache_misses = 32042
preemptive halt, cache_misses = 32042
preemptive halt, cache_misses = 32042
preemptive halt, cache_misses = 32042
preemptive halt, cache_misses = 32042
preemptive halt, cache_misses = 32042
preemptive halt, cache_misses = 32042
preemptive halt, cache_misses = 32042
preemptive halt, cache_misses = 32042
preemptive halt, cache_misses = 32042
preemptive halt, cache_misses = 32042
preemptive halt, cache_misses = 32042
preemptive halt, cache_misses = 32042
preemptive halt, cache_misses = 32042
preemptive halt, cache_misses = 32042
preemptive halt, cache_misses = 32042
preemptive halt, cache_misses = 32042
preemptive halt, cache_misses = 32042
preemptive halt, cache_misses = 32042
preemptive halt, cache_misses = 32042
preemptive halt, cache_misses = 32042
preemptive halt, cache_misses = 32042
preemptive halt, cache_misses = 32042
preemptive halt, cache_misses = 32042
preemptive halt, cache_misses = 32042
preemptive halt, cache_misses = 32042
preemptive halt, cache_misses = 32042
preemptive halt, cache_misses = 32042
preemptive halt, cache_misses = 32042
preemptive halt, cache_misses = 32042
preemptive halt, cache_misses = 32042
preemptive halt, cache_misses = 32042
preemptive halt, cache_misses = 32042
preemptive halt, cache_misses = 32042
preemptive halt, cache_misses = 32042
preemptive halt, cache_misses = 32042
preemptive halt, cache_misses = 32042
preemptive halt, cache_misses = 32042
preemptive halt, cache_misses = 32042
preemptive halt, cache_misses = 32042
preemptive halt, cache_misses = 32042
preemptive halt, cache_misses = 32042
preemptive halt, cache_misses = 32042
preemptive halt, cache_misses = 32042
preemptive halt, cache_misses = 32042
preemptive halt, cache_misses = 32042
preemptive halt, cache_misses = 32042
preemptive halt, cache_misses = 32042
preemptive halt, cache_misses = 32042
preemptive halt, cache_misses = 32042
preemptive halt, cache_misses = 32042
preemptive halt, cache_misses = 32042
preemptive halt, cache_misses = 32042
preemptive halt, cache_misses = 32042
preemptive halt, cache_misses = 32042
preemptive halt, cache_misses = 32042
preemptive halt, cache_misses = 32042
preemptive halt, cache_misses = 32042
preemptive halt, cache_misses = 32042
preemptive halt, cache_misses = 32042
preemptive halt, cache_misses = 32042
preemptive halt, cache_misses = 32042
preemptive halt, cache_misses = 32042
preemptive halt, cache_misses = 32042
preemptive halt, cache_misses = 32042
preemptive halt, cache_misses = 32042
preemptive halt, cache_misses = 32042
preemptive halt, cache_misses = 32042
preemptive halt, cache_misses = 32042
preemptive halt, cache_misses = 32042
preemptive halt, cache_misses = 32042
preemptive halt, cache_misses = 32042
preemptive halt, cache_misses = 32042
preemptive halt, cache_misses = 32042
preemptive halt, cache_misses = 32042
preemptive halt, cache_misses = 32042
preemptive halt, cache_misses = 32042
preemptive halt, cache_misses = 32042
preemptive halt, cache_misses = 32042
preemptive halt, cache_misses = 32042
binary search, size 15937  misses 32042  min 15625  max 16250
binary search, size 16093  misses 32040  min 15937  max 16250
binary search, size 16015  misses 32040  min 15937  max 16093
binary search, size 15976  misses 32040  min 15937  max 16015
preemptive halt, cache_misses = 32041
preemptive halt, cache_misses = 32041
preemptive halt, cache_misses = 32041
preemptive halt, cache_misses = 32041
preemptive halt, cache_misses = 32041
preemptive halt, cache_misses = 32041
preemptive halt, cache_misses = 32041
preemptive halt, cache_misses = 32041
preemptive halt, cache_misses = 32041
preemptive halt, cache_misses = 32041
preemptive halt, cache_misses = 32041
preemptive halt, cache_misses = 32041
preemptive halt, cache_misses = 32041
preemptive halt, cache_misses = 32041
preemptive halt, cache_misses = 32041
preemptive halt, cache_misses = 32041
preemptive halt, cache_misses = 32041
preemptive halt, cache_misses = 32041
preemptive halt, cache_misses = 32041
preemptive halt, cache_misses = 32041
preemptive halt, cache_misses = 32041
preemptive halt, cache_misses = 32041
preemptive halt, cache_misses = 32041
preemptive halt, cache_misses = 32041
preemptive halt, cache_misses = 32041
preemptive halt, cache_misses = 32041
preemptive halt, cache_misses = 32041
preemptive halt, cache_misses = 32041
preemptive halt, cache_misses = 32041
preemptive halt, cache_misses = 32041
preemptive halt, cache_misses = 32041
preemptive halt, cache_misses = 32041
preemptive halt, cache_misses = 32041
preemptive halt, cache_misses = 32041
preemptive halt, cache_misses = 32041
preemptive halt, cache_misses = 32041
preemptive halt, cache_misses = 32041
preemptive halt, cache_misses = 32041
preemptive halt, cache_misses = 32041
preemptive halt, cache_misses = 32041
preemptive halt, cache_misses = 32041
preemptive halt, cache_misses = 32041
preemptive halt, cache_misses = 32041
preemptive halt, cache_misses = 32041
preemptive halt, cache_misses = 32041
preemptive halt, cache_misses = 32041
preemptive halt, cache_misses = 32041
preemptive halt, cache_misses = 32041
preemptive halt, cache_misses = 32041
preemptive halt, cache_misses = 32041
preemptive halt, cache_misses = 32041
preemptive halt, cache_misses = 32041
preemptive halt, cache_misses = 32041
preemptive halt, cache_misses = 32041
preemptive halt, cache_misses = 32041
preemptive halt, cache_misses = 32041
preemptive halt, cache_misses = 32041
preemptive halt, cache_misses = 32041
preemptive halt, cache_misses = 32041
preemptive halt, cache_misses = 32041
preemptive halt, cache_misses = 32041
preemptive halt, cache_misses = 32041
preemptive halt, cache_misses = 32041
preemptive halt, cache_misses = 32041
preemptive halt, cache_misses = 32041
preemptive halt, cache_misses = 32041
preemptive halt, cache_misses = 32041
preemptive halt, cache_misses = 32041
preemptive halt, cache_misses = 32041
preemptive halt, cache_misses = 32041
preemptive halt, cache_misses = 32041
preemptive halt, cache_misses = 32041
preemptive halt, cache_misses = 32041
preemptive halt, cache_misses = 32041
preemptive halt, cache_misses = 32041
preemptive halt, cache_misses = 32041
preemptive halt, cache_misses = 32041
preemptive halt, cache_misses = 32041
preemptive halt, cache_misses = 32041
preemptive halt, cache_misses = 32041
preemptive halt, cache_misses = 32041
preemptive halt, cache_misses = 32041
preemptive halt, cache_misses = 32041
preemptive halt, cache_misses = 32041
preemptive halt, cache_misses = 32041
preemptive halt, cache_misses = 32041
preemptive halt, cache_misses = 32041
preemptive halt, cache_misses = 32041
binary search, size 15956  misses 32041  min 15937  max 15976
preemptive halt, cache_misses = 32042
preemptive halt, cache_misses = 32042
preemptive halt, cache_misses = 32042
preemptive halt, cache_misses = 32042
preemptive halt, cache_misses = 32042
preemptive halt, cache_misses = 32042
preemptive halt, cache_misses = 32042
preemptive halt, cache_misses = 32042
preemptive halt, cache_misses = 32042
preemptive halt, cache_misses = 32042
preemptive halt, cache_misses = 32042
preemptive halt, cache_misses = 32042
preemptive halt, cache_misses = 32042
preemptive halt, cache_misses = 32042
preemptive halt, cache_misses = 32042
preemptive halt, cache_misses = 32042
preemptive halt, cache_misses = 32042
preemptive halt, cache_misses = 32042
preemptive halt, cache_misses = 32042
preemptive halt, cache_misses = 32042
preemptive halt, cache_misses = 32042
preemptive halt, cache_misses = 32042
preemptive halt, cache_misses = 32042
preemptive halt, cache_misses = 32042
preemptive halt, cache_misses = 32042
preemptive halt, cache_misses = 32042
preemptive halt, cache_misses = 32042
preemptive halt, cache_misses = 32042
preemptive halt, cache_misses = 32042
preemptive halt, cache_misses = 32042
preemptive halt, cache_misses = 32042
preemptive halt, cache_misses = 32042
preemptive halt, cache_misses = 32042
preemptive halt, cache_misses = 32042
preemptive halt, cache_misses = 32042
preemptive halt, cache_misses = 32042
preemptive halt, cache_misses = 32042
preemptive halt, cache_misses = 32042
preemptive halt, cache_misses = 32042
preemptive halt, cache_misses = 32042
preemptive halt, cache_misses = 32042
preemptive halt, cache_misses = 32042
preemptive halt, cache_misses = 32042
preemptive halt, cache_misses = 32042
preemptive halt, cache_misses = 32042
preemptive halt, cache_misses = 32042
preemptive halt, cache_misses = 32042
preemptive halt, cache_misses = 32042
preemptive halt, cache_misses = 32042
preemptive halt, cache_misses = 32042
preemptive halt, cache_misses = 32042
preemptive halt, cache_misses = 32042
preemptive halt, cache_misses = 32042
preemptive halt, cache_misses = 32042
preemptive halt, cache_misses = 32042
preemptive halt, cache_misses = 32042
preemptive halt, cache_misses = 32042
preemptive halt, cache_misses = 32042
preemptive halt, cache_misses = 32042
preemptive halt, cache_misses = 32042
preemptive halt, cache_misses = 32042
preemptive halt, cache_misses = 32042
preemptive halt, cache_misses = 32042
preemptive halt, cache_misses = 32042
preemptive halt, cache_misses = 32042
preemptive halt, cache_misses = 32042
preemptive halt, cache_misses = 32042
preemptive halt, cache_misses = 32042
preemptive halt, cache_misses = 32042
preemptive halt, cache_misses = 32042
preemptive halt, cache_misses = 32042
preemptive halt, cache_misses = 32042
preemptive halt, cache_misses = 32042
preemptive halt, cache_misses = 32042
preemptive halt, cache_misses = 32042
preemptive halt, cache_misses = 32042
preemptive halt, cache_misses = 32042
preemptive halt, cache_misses = 32042
preemptive halt, cache_misses = 32042
preemptive halt, cache_misses = 32042
preemptive halt, cache_misses = 32042
preemptive halt, cache_misses = 32042
preemptive halt, cache_misses = 32042
preemptive halt, cache_misses = 32042
preemptive halt, cache_misses = 32042
preemptive halt, cache_misses = 32042
preemptive halt, cache_misses = 32042
preemptive halt, cache_misses = 32042
preemptive halt, cache_misses = 32042
preemptive halt, cache_misses = 32042
binary search, size 15966  misses 32042  min 15956  max 15976
preemptive halt, cache_misses = 32043
preemptive halt, cache_misses = 32043
preemptive halt, cache_misses = 32043
preemptive halt, cache_misses = 32043
preemptive halt, cache_misses = 32043
preemptive halt, cache_misses = 32043
preemptive halt, cache_misses = 32043
preemptive halt, cache_misses = 32043
preemptive halt, cache_misses = 32043
preemptive halt, cache_misses = 32043
preemptive halt, cache_misses = 32043
preemptive halt, cache_misses = 32043
preemptive halt, cache_misses = 32043
preemptive halt, cache_misses = 32043
preemptive halt, cache_misses = 32043
preemptive halt, cache_misses = 32043
preemptive halt, cache_misses = 32043
preemptive halt, cache_misses = 32043
preemptive halt, cache_misses = 32043
preemptive halt, cache_misses = 32043
preemptive halt, cache_misses = 32043
preemptive halt, cache_misses = 32043
preemptive halt, cache_misses = 32043
preemptive halt, cache_misses = 32043
preemptive halt, cache_misses = 32043
preemptive halt, cache_misses = 32043
preemptive halt, cache_misses = 32043
preemptive halt, cache_misses = 32043
preemptive halt, cache_misses = 32043
preemptive halt, cache_misses = 32043
preemptive halt, cache_misses = 32043
preemptive halt, cache_misses = 32043
preemptive halt, cache_misses = 32043
preemptive halt, cache_misses = 32043
preemptive halt, cache_misses = 32043
preemptive halt, cache_misses = 32043
preemptive halt, cache_misses = 32043
preemptive halt, cache_misses = 32043
preemptive halt, cache_misses = 32043
preemptive halt, cache_misses = 32043
preemptive halt, cache_misses = 32043
preemptive halt, cache_misses = 32043
preemptive halt, cache_misses = 32043
preemptive halt, cache_misses = 32043
preemptive halt, cache_misses = 32043
preemptive halt, cache_misses = 32043
preemptive halt, cache_misses = 32043
preemptive halt, cache_misses = 32043
preemptive halt, cache_misses = 32043
preemptive halt, cache_misses = 32043
preemptive halt, cache_misses = 32043
preemptive halt, cache_misses = 32043
preemptive halt, cache_misses = 32043
preemptive halt, cache_misses = 32043
preemptive halt, cache_misses = 32043
preemptive halt, cache_misses = 32043
preemptive halt, cache_misses = 32043
preemptive halt, cache_misses = 32043
preemptive halt, cache_misses = 32043
preemptive halt, cache_misses = 32043
preemptive halt, cache_misses = 32043
preemptive halt, cache_misses = 32043
preemptive halt, cache_misses = 32043
preemptive halt, cache_misses = 32043
preemptive halt, cache_misses = 32043
preemptive halt, cache_misses = 32043
preemptive halt, cache_misses = 32043
preemptive halt, cache_misses = 32043
preemptive halt, cache_misses = 32043
preemptive halt, cache_misses = 32043
preemptive halt, cache_misses = 32043
preemptive halt, cache_misses = 32043
preemptive halt, cache_misses = 32043
preemptive halt, cache_misses = 32043
preemptive halt, cache_misses = 32043
preemptive halt, cache_misses = 32043
preemptive halt, cache_misses = 32043
preemptive halt, cache_misses = 32043
preemptive halt, cache_misses = 32043
preemptive halt, cache_misses = 32043
preemptive halt, cache_misses = 32043
preemptive halt, cache_misses = 32043
preemptive halt, cache_misses = 32043
preemptive halt, cache_misses = 32043
preemptive halt, cache_misses = 32043
preemptive halt, cache_misses = 32043
preemptive halt, cache_misses = 32043
preemptive halt, cache_misses = 32043
preemptive halt, cache_misses = 32043
preemptive halt, cache_misses = 32043
preemptive halt, cache_misses = 32043
preemptive halt, cache_misses = 32043
binary search, size 15971  misses 32043  min 15966  max 15976
preemptive halt, cache_misses = 32044
preemptive halt, cache_misses = 32044
preemptive halt, cache_misses = 32044
preemptive halt, cache_misses = 32044
preemptive halt, cache_misses = 32044
preemptive halt, cache_misses = 32044
preemptive halt, cache_misses = 32044
preemptive halt, cache_misses = 32044
preemptive halt, cache_misses = 32044
preemptive halt, cache_misses = 32044
preemptive halt, cache_misses = 32044
preemptive halt, cache_misses = 32044
preemptive halt, cache_misses = 32044
preemptive halt, cache_misses = 32044
preemptive halt, cache_misses = 32044
preemptive halt, cache_misses = 32044
preemptive halt, cache_misses = 32044
preemptive halt, cache_misses = 32044
preemptive halt, cache_misses = 32044
preemptive halt, cache_misses = 32044
preemptive halt, cache_misses = 32044
preemptive halt, cache_misses = 32044
preemptive halt, cache_misses = 32044
preemptive halt, cache_misses = 32044
preemptive halt, cache_misses = 32044
preemptive halt, cache_misses = 32044
preemptive halt, cache_misses = 32044
preemptive halt, cache_misses = 32044
preemptive halt, cache_misses = 32044
preemptive halt, cache_misses = 32044
preemptive halt, cache_misses = 32044
preemptive halt, cache_misses = 32044
preemptive halt, cache_misses = 32044
preemptive halt, cache_misses = 32044
preemptive halt, cache_misses = 32044
preemptive halt, cache_misses = 32044
preemptive halt, cache_misses = 32044
preemptive halt, cache_misses = 32044
preemptive halt, cache_misses = 32044
preemptive halt, cache_misses = 32044
preemptive halt, cache_misses = 32044
preemptive halt, cache_misses = 32044
preemptive halt, cache_misses = 32044
preemptive halt, cache_misses = 32044
preemptive halt, cache_misses = 32044
preemptive halt, cache_misses = 32044
preemptive halt, cache_misses = 32044
preemptive halt, cache_misses = 32044
preemptive halt, cache_misses = 32044
preemptive halt, cache_misses = 32044
preemptive halt, cache_misses = 32044
preemptive halt, cache_misses = 32044
preemptive halt, cache_misses = 32044
preemptive halt, cache_misses = 32044
preemptive halt, cache_misses = 32044
preemptive halt, cache_misses = 32044
preemptive halt, cache_misses = 32044
preemptive halt, cache_misses = 32044
preemptive halt, cache_misses = 32044
preemptive halt, cache_misses = 32044
preemptive halt, cache_misses = 32044
preemptive halt, cache_misses = 32044
preemptive halt, cache_misses = 32044
preemptive halt, cache_misses = 32044
preemptive halt, cache_misses = 32044
preemptive halt, cache_misses = 32044
preemptive halt, cache_misses = 32044
preemptive halt, cache_misses = 32044
preemptive halt, cache_misses = 32044
preemptive halt, cache_misses = 32044
preemptive halt, cache_misses = 32044
preemptive halt, cache_misses = 32044
preemptive halt, cache_misses = 32044
preemptive halt, cache_misses = 32044
preemptive halt, cache_misses = 32044
preemptive halt, cache_misses = 32044
preemptive halt, cache_misses = 32044
preemptive halt, cache_misses = 32044
preemptive halt, cache_misses = 32044
preemptive halt, cache_misses = 32044
preemptive halt, cache_misses = 32044
preemptive halt, cache_misses = 32044
preemptive halt, cache_misses = 32044
preemptive halt, cache_misses = 32044
preemptive halt, cache_misses = 32044
preemptive halt, cache_misses = 32044
preemptive halt, cache_misses = 32044
preemptive halt, cache_misses = 32044
preemptive halt, cache_misses = 32044
preemptive halt, cache_misses = 32044
preemptive halt, cache_misses = 32044
preemptive halt, cache_misses = 32044
preemptive halt, cache_misses = 32044
preemptive halt, cache_misses = 32044
binary search, size 15973  misses 32044  min 15971  max 15976
binary search, size 15974  misses 32040  min 15973  max 15976
characteristic cache size (binary search) for 178 = 15974
End at: 2021-04-02 15:45:19.907312
Time elapsed: 0:00:00.597628
