Begin at: 2021-04-02 15:45:29.617245
['../dist/Debug/GNU-Linux/memo_batch_tester', '', '--mbt_execution_trace_fname', 'olcs4_traceback_csize_input_types/OLCS4_lru_2021_04_02__15_44_32_k_3__d_2_cache_size_160000_problems_10_to_400/OLCS4_lru_2021_04_02__15_44_32_k_3__d_2_cache_size_160000_problems_10_to_400/OLCS4__do_traceback_prob_size_193_cache_size_160000_lru_k_3_d_2_execution_trace_2021_4_2_15_45_29_pid_19073.log', '--mbt_cache_misses_fname', 'olcs4_traceback_csize_input_types/OLCS4_lru_2021_04_02__15_44_32_k_3__d_2_cache_size_160000_problems_10_to_400/lcs_cost_OLCS4_lru_misses_for_cache_size.csv', '--mbt_misses_for_problem_size_fname', 'olcs4_traceback_csize_input_types/OLCS4_lru_2021_04_02__15_44_32_k_3__d_2_cache_size_160000_problems_10_to_400/lcs_cost_OLCS4_lru_misses_for_problem_size.csv', '--mbt_exact_cutoff_min_cache_size', '160000', '--mbt_exact_cutoff_max_cache_size', '160000', '--mbt_problem_type', 'lcs', '--mbt_metric_type', 'csize_binary_search', '--mbt_cutoff_ratio', '2.2', '--mbt_instance_fname', '193', '--mbt_detailed_cache_misses_out_fname', 'csize_olcs4_traceback_0011n_ceil_n_b_4.csv', '--mbt_phi_N', '5.0', '--mbt_problem_size', '193', '--lcs_compute_length', '0', '--lcs_perform_traceback', '1', '--lig_instance_type', '0011n_ceil_n_b', '--lig_n', '193', '--lig_c', '0.9', '--lig_b', '4.0', '--lcs_oblivious', '4', '--lcs_execution_trace_fname', 'olcs4_traceback_csize_input_types/OLCS4_lru_2021_04_02__15_44_32_k_3__d_2_cache_size_160000_problems_10_to_400/OLCS4_lru_2021_04_02__15_44_32_k_3__d_2_cache_size_160000_problems_10_to_400/OLCS4__do_traceback_prob_size_193_cache_size_160000_lru_k_3_d_2_execution_trace_2021_4_2_15_45_29_pid_19073.log', '--memo_caching_strategy', 'lru', '--memo_cache_size', '160001', '--memo_lru_queue_size', '160000', '--memo_cuckoo_k', '4', '--memo_key_length', '8', '--memo_value_length', '8', '--memo_k_timestamps', '3', '--memo_d_recent_timestamps', '2', '--memo_a_items_per_timestamp_factor', '0.4375']

csize_binary_search chosen
lcs problem_type lcs cache_size 160001
initialize_long_int_cache begin
init_memo
arguments to memo:
 --mbt_execution_trace_fname olcs4_traceback_csize_input_types/OLCS4_lru_2021_04_02__15_44_32_k_3__d_2_cache_size_160000_problems_10_to_400/OLCS4_lru_2021_04_02__15_44_32_k_3__d_2_cache_size_160000_problems_10_to_400/OLCS4__do_traceback_prob_size_193_cache_size_160000_lru_k_3_d_2_execution_trace_2021_4_2_15_45_29_pid_19073.log --mbt_cache_misses_fname olcs4_traceback_csize_input_types/OLCS4_lru_2021_04_02__15_44_32_k_3__d_2_cache_size_160000_problems_10_to_400/lcs_cost_OLCS4_lru_misses_for_cache_size.csv --mbt_misses_for_problem_size_fname olcs4_traceback_csize_input_types/OLCS4_lru_2021_04_02__15_44_32_k_3__d_2_cache_size_160000_problems_10_to_400/lcs_cost_OLCS4_lru_misses_for_problem_size.csv --mbt_exact_cutoff_min_cache_size 160000 --mbt_exact_cutoff_max_cache_size 160000 --mbt_problem_type lcs --mbt_metric_type csize_binary_search --mbt_cutoff_ratio 2.2 --mbt_instance_fname 193 --mbt_detailed_cache_misses_out_fname csize_olcs4_traceback_0011n_ceil_n_b_4.csv --mbt_phi_N 5.0 --mbt_problem_size 193 --lcs_compute_length 0 --lcs_perform_traceback 1 --lig_instance_type 0011n_ceil_n_b --lig_n 193 --lig_c 0.9 --lig_b 4.0 --lcs_oblivious 4 --lcs_execution_trace_fname olcs4_traceback_csize_input_types/OLCS4_lru_2021_04_02__15_44_32_k_3__d_2_cache_size_160000_problems_10_to_400/OLCS4_lru_2021_04_02__15_44_32_k_3__d_2_cache_size_160000_problems_10_to_400/OLCS4__do_traceback_prob_size_193_cache_size_160000_lru_k_3_d_2_execution_trace_2021_4_2_15_45_29_pid_19073.log --memo_caching_strategy lru --memo_cache_size 160001 --memo_lru_queue_size 160000 --memo_cuckoo_k 4 --memo_key_length 8 --memo_value_length 8 --memo_k_timestamps 3 --memo_d_recent_timestamps 2 --memo_a_items_per_timestamp_factor 0.4375 
calculate_table_size: table_size is 262144, original is 160001
Finished initializing cache
initialize_long_int_cache end
done initializing cache
initializing problem
done initializing problem
commence trials
Starting characteristic_cache_size_binary_search with max cache size 160001
binary search, size 160001  misses 37635
binary search, size 80000  misses 37635  min 0  max 160001
binary search, size 40000  misses 37635  min 0  max 80000
binary search, size 20000  misses 37635  min 0  max 40000
preemptive halt, cache_misses = 37636
preemptive halt, cache_misses = 37636
preemptive halt, cache_misses = 37636
preemptive halt, cache_misses = 37636
preemptive halt, cache_misses = 37636
preemptive halt, cache_misses = 37636
preemptive halt, cache_misses = 37636
preemptive halt, cache_misses = 37636
preemptive halt, cache_misses = 37636
preemptive halt, cache_misses = 37636
preemptive halt, cache_misses = 37636
preemptive halt, cache_misses = 37636
preemptive halt, cache_misses = 37636
preemptive halt, cache_misses = 37636
preemptive halt, cache_misses = 37636
preemptive halt, cache_misses = 37636
preemptive halt, cache_misses = 37636
preemptive halt, cache_misses = 37636
preemptive halt, cache_misses = 37636
preemptive halt, cache_misses = 37636
preemptive halt, cache_misses = 37636
preemptive halt, cache_misses = 37636
preemptive halt, cache_misses = 37636
preemptive halt, cache_misses = 37636
preemptive halt, cache_misses = 37636
preemptive halt, cache_misses = 37636
preemptive halt, cache_misses = 37636
preemptive halt, cache_misses = 37636
preemptive halt, cache_misses = 37636
preemptive halt, cache_misses = 37636
preemptive halt, cache_misses = 37636
preemptive halt, cache_misses = 37636
preemptive halt, cache_misses = 37636
preemptive halt, cache_misses = 37636
preemptive halt, cache_misses = 37636
preemptive halt, cache_misses = 37636
preemptive halt, cache_misses = 37636
preemptive halt, cache_misses = 37636
preemptive halt, cache_misses = 37636
preemptive halt, cache_misses = 37636
preemptive halt, cache_misses = 37636
preemptive halt, cache_misses = 37636
preemptive halt, cache_misses = 37636
preemptive halt, cache_misses = 37636
preemptive halt, cache_misses = 37636
preemptive halt, cache_misses = 37636
preemptive halt, cache_misses = 37636
preemptive halt, cache_misses = 37636
preemptive halt, cache_misses = 37636
preemptive halt, cache_misses = 37636
preemptive halt, cache_misses = 37636
preemptive halt, cache_misses = 37636
preemptive halt, cache_misses = 37636
preemptive halt, cache_misses = 37636
preemptive halt, cache_misses = 37636
preemptive halt, cache_misses = 37636
preemptive halt, cache_misses = 37636
preemptive halt, cache_misses = 37636
preemptive halt, cache_misses = 37636
preemptive halt, cache_misses = 37636
preemptive halt, cache_misses = 37636
preemptive halt, cache_misses = 37636
preemptive halt, cache_misses = 37636
preemptive halt, cache_misses = 37636
preemptive halt, cache_misses = 37636
preemptive halt, cache_misses = 37636
preemptive halt, cache_misses = 37636
preemptive halt, cache_misses = 37636
preemptive halt, cache_misses = 37636
preemptive halt, cache_misses = 37636
preemptive halt, cache_misses = 37636
preemptive halt, cache_misses = 37636
preemptive halt, cache_misses = 37636
preemptive halt, cache_misses = 37636
preemptive halt, cache_misses = 37636
preemptive halt, cache_misses = 37636
preemptive halt, cache_misses = 37636
preemptive halt, cache_misses = 37636
preemptive halt, cache_misses = 37636
preemptive halt, cache_misses = 37636
preemptive halt, cache_misses = 37636
preemptive halt, cache_misses = 37636
preemptive halt, cache_misses = 37636
preemptive halt, cache_misses = 37636
preemptive halt, cache_misses = 37636
preemptive halt, cache_misses = 37636
preemptive halt, cache_misses = 37636
preemptive halt, cache_misses = 37636
preemptive halt, cache_misses = 37636
preemptive halt, cache_misses = 37636
preemptive halt, cache_misses = 37636
preemptive halt, cache_misses = 37636
preemptive halt, cache_misses = 37636
preemptive halt, cache_misses = 37636
binary search, size 10000  misses 37636  min 0  max 20000
preemptive halt, cache_misses = 37637
preemptive halt, cache_misses = 37637
preemptive halt, cache_misses = 37637
preemptive halt, cache_misses = 37637
preemptive halt, cache_misses = 37637
preemptive halt, cache_misses = 37637
preemptive halt, cache_misses = 37637
preemptive halt, cache_misses = 37637
preemptive halt, cache_misses = 37637
preemptive halt, cache_misses = 37637
preemptive halt, cache_misses = 37637
preemptive halt, cache_misses = 37637
preemptive halt, cache_misses = 37637
preemptive halt, cache_misses = 37637
preemptive halt, cache_misses = 37637
preemptive halt, cache_misses = 37637
preemptive halt, cache_misses = 37637
preemptive halt, cache_misses = 37637
preemptive halt, cache_misses = 37637
preemptive halt, cache_misses = 37637
preemptive halt, cache_misses = 37637
preemptive halt, cache_misses = 37637
preemptive halt, cache_misses = 37637
preemptive halt, cache_misses = 37637
preemptive halt, cache_misses = 37637
preemptive halt, cache_misses = 37637
preemptive halt, cache_misses = 37637
preemptive halt, cache_misses = 37637
preemptive halt, cache_misses = 37637
preemptive halt, cache_misses = 37637
preemptive halt, cache_misses = 37637
preemptive halt, cache_misses = 37637
preemptive halt, cache_misses = 37637
preemptive halt, cache_misses = 37637
preemptive halt, cache_misses = 37637
preemptive halt, cache_misses = 37637
preemptive halt, cache_misses = 37637
preemptive halt, cache_misses = 37637
preemptive halt, cache_misses = 37637
preemptive halt, cache_misses = 37637
preemptive halt, cache_misses = 37637
preemptive halt, cache_misses = 37637
preemptive halt, cache_misses = 37637
preemptive halt, cache_misses = 37637
preemptive halt, cache_misses = 37637
preemptive halt, cache_misses = 37637
preemptive halt, cache_misses = 37637
preemptive halt, cache_misses = 37637
preemptive halt, cache_misses = 37637
preemptive halt, cache_misses = 37637
preemptive halt, cache_misses = 37637
preemptive halt, cache_misses = 37637
preemptive halt, cache_misses = 37637
preemptive halt, cache_misses = 37637
preemptive halt, cache_misses = 37637
preemptive halt, cache_misses = 37637
preemptive halt, cache_misses = 37637
preemptive halt, cache_misses = 37637
preemptive halt, cache_misses = 37637
preemptive halt, cache_misses = 37637
preemptive halt, cache_misses = 37637
preemptive halt, cache_misses = 37637
preemptive halt, cache_misses = 37637
preemptive halt, cache_misses = 37637
preemptive halt, cache_misses = 37637
preemptive halt, cache_misses = 37637
preemptive halt, cache_misses = 37637
preemptive halt, cache_misses = 37637
preemptive halt, cache_misses = 37637
preemptive halt, cache_misses = 37637
preemptive halt, cache_misses = 37637
preemptive halt, cache_misses = 37637
preemptive halt, cache_misses = 37637
preemptive halt, cache_misses = 37637
preemptive halt, cache_misses = 37637
preemptive halt, cache_misses = 37637
preemptive halt, cache_misses = 37637
preemptive halt, cache_misses = 37637
preemptive halt, cache_misses = 37637
preemptive halt, cache_misses = 37637
preemptive halt, cache_misses = 37637
preemptive halt, cache_misses = 37637
preemptive halt, cache_misses = 37637
preemptive halt, cache_misses = 37637
preemptive halt, cache_misses = 37637
preemptive halt, cache_misses = 37637
preemptive halt, cache_misses = 37637
preemptive halt, cache_misses = 37637
preemptive halt, cache_misses = 37637
preemptive halt, cache_misses = 37637
preemptive halt, cache_misses = 37637
preemptive halt, cache_misses = 37637
preemptive halt, cache_misses = 37637
preemptive halt, cache_misses = 37637
preemptive halt, cache_misses = 37637
preemptive halt, cache_misses = 37637
binary search, size 15000  misses 37637  min 10000  max 20000
preemptive halt, cache_misses = 37638
preemptive halt, cache_misses = 37638
preemptive halt, cache_misses = 37638
preemptive halt, cache_misses = 37638
preemptive halt, cache_misses = 37638
preemptive halt, cache_misses = 37638
preemptive halt, cache_misses = 37638
preemptive halt, cache_misses = 37638
preemptive halt, cache_misses = 37638
preemptive halt, cache_misses = 37638
preemptive halt, cache_misses = 37638
preemptive halt, cache_misses = 37638
preemptive halt, cache_misses = 37638
preemptive halt, cache_misses = 37638
preemptive halt, cache_misses = 37638
preemptive halt, cache_misses = 37638
preemptive halt, cache_misses = 37638
preemptive halt, cache_misses = 37638
preemptive halt, cache_misses = 37638
preemptive halt, cache_misses = 37638
preemptive halt, cache_misses = 37638
preemptive halt, cache_misses = 37638
preemptive halt, cache_misses = 37638
preemptive halt, cache_misses = 37638
preemptive halt, cache_misses = 37638
preemptive halt, cache_misses = 37638
preemptive halt, cache_misses = 37638
preemptive halt, cache_misses = 37638
preemptive halt, cache_misses = 37638
preemptive halt, cache_misses = 37638
preemptive halt, cache_misses = 37638
preemptive halt, cache_misses = 37638
preemptive halt, cache_misses = 37638
preemptive halt, cache_misses = 37638
preemptive halt, cache_misses = 37638
preemptive halt, cache_misses = 37638
preemptive halt, cache_misses = 37638
preemptive halt, cache_misses = 37638
preemptive halt, cache_misses = 37638
preemptive halt, cache_misses = 37638
preemptive halt, cache_misses = 37638
preemptive halt, cache_misses = 37638
preemptive halt, cache_misses = 37638
preemptive halt, cache_misses = 37638
preemptive halt, cache_misses = 37638
preemptive halt, cache_misses = 37638
preemptive halt, cache_misses = 37638
preemptive halt, cache_misses = 37638
preemptive halt, cache_misses = 37638
preemptive halt, cache_misses = 37638
preemptive halt, cache_misses = 37638
preemptive halt, cache_misses = 37638
preemptive halt, cache_misses = 37638
preemptive halt, cache_misses = 37638
preemptive halt, cache_misses = 37638
preemptive halt, cache_misses = 37638
preemptive halt, cache_misses = 37638
preemptive halt, cache_misses = 37638
preemptive halt, cache_misses = 37638
preemptive halt, cache_misses = 37638
preemptive halt, cache_misses = 37638
preemptive halt, cache_misses = 37638
preemptive halt, cache_misses = 37638
preemptive halt, cache_misses = 37638
preemptive halt, cache_misses = 37638
preemptive halt, cache_misses = 37638
preemptive halt, cache_misses = 37638
preemptive halt, cache_misses = 37638
preemptive halt, cache_misses = 37638
preemptive halt, cache_misses = 37638
preemptive halt, cache_misses = 37638
preemptive halt, cache_misses = 37638
preemptive halt, cache_misses = 37638
preemptive halt, cache_misses = 37638
preemptive halt, cache_misses = 37638
preemptive halt, cache_misses = 37638
preemptive halt, cache_misses = 37638
preemptive halt, cache_misses = 37638
preemptive halt, cache_misses = 37638
preemptive halt, cache_misses = 37638
preemptive halt, cache_misses = 37638
preemptive halt, cache_misses = 37638
preemptive halt, cache_misses = 37638
preemptive halt, cache_misses = 37638
preemptive halt, cache_misses = 37638
preemptive halt, cache_misses = 37638
preemptive halt, cache_misses = 37638
preemptive halt, cache_misses = 37638
preemptive halt, cache_misses = 37638
preemptive halt, cache_misses = 37638
preemptive halt, cache_misses = 37638
preemptive halt, cache_misses = 37638
preemptive halt, cache_misses = 37638
preemptive halt, cache_misses = 37638
preemptive halt, cache_misses = 37638
preemptive halt, cache_misses = 37638
preemptive halt, cache_misses = 37638
preemptive halt, cache_misses = 37638
binary search, size 17500  misses 37638  min 15000  max 20000
binary search, size 18750  misses 37635  min 17500  max 20000
preemptive halt, cache_misses = 37636
preemptive halt, cache_misses = 37636
preemptive halt, cache_misses = 37636
preemptive halt, cache_misses = 37636
preemptive halt, cache_misses = 37636
preemptive halt, cache_misses = 37636
preemptive halt, cache_misses = 37636
preemptive halt, cache_misses = 37636
preemptive halt, cache_misses = 37636
preemptive halt, cache_misses = 37636
preemptive halt, cache_misses = 37636
preemptive halt, cache_misses = 37636
preemptive halt, cache_misses = 37636
preemptive halt, cache_misses = 37636
preemptive halt, cache_misses = 37636
preemptive halt, cache_misses = 37636
preemptive halt, cache_misses = 37636
preemptive halt, cache_misses = 37636
preemptive halt, cache_misses = 37636
preemptive halt, cache_misses = 37636
preemptive halt, cache_misses = 37636
preemptive halt, cache_misses = 37636
preemptive halt, cache_misses = 37636
preemptive halt, cache_misses = 37636
preemptive halt, cache_misses = 37636
preemptive halt, cache_misses = 37636
preemptive halt, cache_misses = 37636
preemptive halt, cache_misses = 37636
preemptive halt, cache_misses = 37636
preemptive halt, cache_misses = 37636
preemptive halt, cache_misses = 37636
preemptive halt, cache_misses = 37636
preemptive halt, cache_misses = 37636
preemptive halt, cache_misses = 37636
preemptive halt, cache_misses = 37636
preemptive halt, cache_misses = 37636
preemptive halt, cache_misses = 37636
preemptive halt, cache_misses = 37636
preemptive halt, cache_misses = 37636
preemptive halt, cache_misses = 37636
preemptive halt, cache_misses = 37636
preemptive halt, cache_misses = 37636
preemptive halt, cache_misses = 37636
preemptive halt, cache_misses = 37636
preemptive halt, cache_misses = 37636
preemptive halt, cache_misses = 37636
preemptive halt, cache_misses = 37636
preemptive halt, cache_misses = 37636
preemptive halt, cache_misses = 37636
preemptive halt, cache_misses = 37636
preemptive halt, cache_misses = 37636
preemptive halt, cache_misses = 37636
preemptive halt, cache_misses = 37636
preemptive halt, cache_misses = 37636
preemptive halt, cache_misses = 37636
preemptive halt, cache_misses = 37636
preemptive halt, cache_misses = 37636
preemptive halt, cache_misses = 37636
preemptive halt, cache_misses = 37636
preemptive halt, cache_misses = 37636
preemptive halt, cache_misses = 37636
preemptive halt, cache_misses = 37636
preemptive halt, cache_misses = 37636
preemptive halt, cache_misses = 37636
preemptive halt, cache_misses = 37636
preemptive halt, cache_misses = 37636
preemptive halt, cache_misses = 37636
preemptive halt, cache_misses = 37636
preemptive halt, cache_misses = 37636
preemptive halt, cache_misses = 37636
preemptive halt, cache_misses = 37636
preemptive halt, cache_misses = 37636
preemptive halt, cache_misses = 37636
preemptive halt, cache_misses = 37636
preemptive halt, cache_misses = 37636
preemptive halt, cache_misses = 37636
preemptive halt, cache_misses = 37636
preemptive halt, cache_misses = 37636
preemptive halt, cache_misses = 37636
preemptive halt, cache_misses = 37636
preemptive halt, cache_misses = 37636
preemptive halt, cache_misses = 37636
preemptive halt, cache_misses = 37636
preemptive halt, cache_misses = 37636
preemptive halt, cache_misses = 37636
preemptive halt, cache_misses = 37636
preemptive halt, cache_misses = 37636
preemptive halt, cache_misses = 37636
preemptive halt, cache_misses = 37636
preemptive halt, cache_misses = 37636
preemptive halt, cache_misses = 37636
preemptive halt, cache_misses = 37636
preemptive halt, cache_misses = 37636
preemptive halt, cache_misses = 37636
binary search, size 18125  misses 37636  min 17500  max 18750
preemptive halt, cache_misses = 37637
preemptive halt, cache_misses = 37637
preemptive halt, cache_misses = 37637
preemptive halt, cache_misses = 37637
preemptive halt, cache_misses = 37637
preemptive halt, cache_misses = 37637
preemptive halt, cache_misses = 37637
preemptive halt, cache_misses = 37637
preemptive halt, cache_misses = 37637
preemptive halt, cache_misses = 37637
preemptive halt, cache_misses = 37637
preemptive halt, cache_misses = 37637
preemptive halt, cache_misses = 37637
preemptive halt, cache_misses = 37637
preemptive halt, cache_misses = 37637
preemptive halt, cache_misses = 37637
preemptive halt, cache_misses = 37637
preemptive halt, cache_misses = 37637
preemptive halt, cache_misses = 37637
preemptive halt, cache_misses = 37637
preemptive halt, cache_misses = 37637
preemptive halt, cache_misses = 37637
preemptive halt, cache_misses = 37637
preemptive halt, cache_misses = 37637
preemptive halt, cache_misses = 37637
preemptive halt, cache_misses = 37637
preemptive halt, cache_misses = 37637
preemptive halt, cache_misses = 37637
preemptive halt, cache_misses = 37637
preemptive halt, cache_misses = 37637
preemptive halt, cache_misses = 37637
preemptive halt, cache_misses = 37637
preemptive halt, cache_misses = 37637
preemptive halt, cache_misses = 37637
preemptive halt, cache_misses = 37637
preemptive halt, cache_misses = 37637
preemptive halt, cache_misses = 37637
preemptive halt, cache_misses = 37637
preemptive halt, cache_misses = 37637
preemptive halt, cache_misses = 37637
preemptive halt, cache_misses = 37637
preemptive halt, cache_misses = 37637
preemptive halt, cache_misses = 37637
preemptive halt, cache_misses = 37637
preemptive halt, cache_misses = 37637
preemptive halt, cache_misses = 37637
preemptive halt, cache_misses = 37637
preemptive halt, cache_misses = 37637
preemptive halt, cache_misses = 37637
preemptive halt, cache_misses = 37637
preemptive halt, cache_misses = 37637
preemptive halt, cache_misses = 37637
preemptive halt, cache_misses = 37637
preemptive halt, cache_misses = 37637
preemptive halt, cache_misses = 37637
preemptive halt, cache_misses = 37637
preemptive halt, cache_misses = 37637
preemptive halt, cache_misses = 37637
preemptive halt, cache_misses = 37637
preemptive halt, cache_misses = 37637
preemptive halt, cache_misses = 37637
preemptive halt, cache_misses = 37637
preemptive halt, cache_misses = 37637
preemptive halt, cache_misses = 37637
preemptive halt, cache_misses = 37637
preemptive halt, cache_misses = 37637
preemptive halt, cache_misses = 37637
preemptive halt, cache_misses = 37637
preemptive halt, cache_misses = 37637
preemptive halt, cache_misses = 37637
preemptive halt, cache_misses = 37637
preemptive halt, cache_misses = 37637
preemptive halt, cache_misses = 37637
preemptive halt, cache_misses = 37637
preemptive halt, cache_misses = 37637
preemptive halt, cache_misses = 37637
preemptive halt, cache_misses = 37637
preemptive halt, cache_misses = 37637
preemptive halt, cache_misses = 37637
preemptive halt, cache_misses = 37637
preemptive halt, cache_misses = 37637
preemptive halt, cache_misses = 37637
preemptive halt, cache_misses = 37637
preemptive halt, cache_misses = 37637
preemptive halt, cache_misses = 37637
preemptive halt, cache_misses = 37637
preemptive halt, cache_misses = 37637
preemptive halt, cache_misses = 37637
preemptive halt, cache_misses = 37637
preemptive halt, cache_misses = 37637
preemptive halt, cache_misses = 37637
preemptive halt, cache_misses = 37637
preemptive halt, cache_misses = 37637
preemptive halt, cache_misses = 37637
preemptive halt, cache_misses = 37637
preemptive halt, cache_misses = 37637
binary search, size 18437  misses 37637  min 18125  max 18750
preemptive halt, cache_misses = 37638
preemptive halt, cache_misses = 37638
preemptive halt, cache_misses = 37638
preemptive halt, cache_misses = 37638
preemptive halt, cache_misses = 37638
preemptive halt, cache_misses = 37638
preemptive halt, cache_misses = 37638
preemptive halt, cache_misses = 37638
preemptive halt, cache_misses = 37638
preemptive halt, cache_misses = 37638
preemptive halt, cache_misses = 37638
preemptive halt, cache_misses = 37638
preemptive halt, cache_misses = 37638
preemptive halt, cache_misses = 37638
preemptive halt, cache_misses = 37638
preemptive halt, cache_misses = 37638
preemptive halt, cache_misses = 37638
preemptive halt, cache_misses = 37638
preemptive halt, cache_misses = 37638
preemptive halt, cache_misses = 37638
preemptive halt, cache_misses = 37638
preemptive halt, cache_misses = 37638
preemptive halt, cache_misses = 37638
preemptive halt, cache_misses = 37638
preemptive halt, cache_misses = 37638
preemptive halt, cache_misses = 37638
preemptive halt, cache_misses = 37638
preemptive halt, cache_misses = 37638
preemptive halt, cache_misses = 37638
preemptive halt, cache_misses = 37638
preemptive halt, cache_misses = 37638
preemptive halt, cache_misses = 37638
preemptive halt, cache_misses = 37638
preemptive halt, cache_misses = 37638
preemptive halt, cache_misses = 37638
preemptive halt, cache_misses = 37638
preemptive halt, cache_misses = 37638
preemptive halt, cache_misses = 37638
preemptive halt, cache_misses = 37638
preemptive halt, cache_misses = 37638
preemptive halt, cache_misses = 37638
preemptive halt, cache_misses = 37638
preemptive halt, cache_misses = 37638
preemptive halt, cache_misses = 37638
preemptive halt, cache_misses = 37638
preemptive halt, cache_misses = 37638
preemptive halt, cache_misses = 37638
preemptive halt, cache_misses = 37638
preemptive halt, cache_misses = 37638
preemptive halt, cache_misses = 37638
preemptive halt, cache_misses = 37638
preemptive halt, cache_misses = 37638
preemptive halt, cache_misses = 37638
preemptive halt, cache_misses = 37638
preemptive halt, cache_misses = 37638
preemptive halt, cache_misses = 37638
preemptive halt, cache_misses = 37638
preemptive halt, cache_misses = 37638
preemptive halt, cache_misses = 37638
preemptive halt, cache_misses = 37638
preemptive halt, cache_misses = 37638
preemptive halt, cache_misses = 37638
preemptive halt, cache_misses = 37638
preemptive halt, cache_misses = 37638
preemptive halt, cache_misses = 37638
preemptive halt, cache_misses = 37638
preemptive halt, cache_misses = 37638
preemptive halt, cache_misses = 37638
preemptive halt, cache_misses = 37638
preemptive halt, cache_misses = 37638
preemptive halt, cache_misses = 37638
preemptive halt, cache_misses = 37638
preemptive halt, cache_misses = 37638
preemptive halt, cache_misses = 37638
preemptive halt, cache_misses = 37638
preemptive halt, cache_misses = 37638
preemptive halt, cache_misses = 37638
preemptive halt, cache_misses = 37638
preemptive halt, cache_misses = 37638
preemptive halt, cache_misses = 37638
preemptive halt, cache_misses = 37638
preemptive halt, cache_misses = 37638
preemptive halt, cache_misses = 37638
preemptive halt, cache_misses = 37638
preemptive halt, cache_misses = 37638
preemptive halt, cache_misses = 37638
preemptive halt, cache_misses = 37638
preemptive halt, cache_misses = 37638
preemptive halt, cache_misses = 37638
preemptive halt, cache_misses = 37638
preemptive halt, cache_misses = 37638
preemptive halt, cache_misses = 37638
preemptive halt, cache_misses = 37638
preemptive halt, cache_misses = 37638
preemptive halt, cache_misses = 37638
preemptive halt, cache_misses = 37638
preemptive halt, cache_misses = 37638
preemptive halt, cache_misses = 37638
binary search, size 18593  misses 37638  min 18437  max 18750
binary search, size 18671  misses 37635  min 18593  max 18750
preemptive halt, cache_misses = 37636
preemptive halt, cache_misses = 37636
preemptive halt, cache_misses = 37636
preemptive halt, cache_misses = 37636
preemptive halt, cache_misses = 37636
preemptive halt, cache_misses = 37636
preemptive halt, cache_misses = 37636
preemptive halt, cache_misses = 37636
preemptive halt, cache_misses = 37636
preemptive halt, cache_misses = 37636
preemptive halt, cache_misses = 37636
preemptive halt, cache_misses = 37636
preemptive halt, cache_misses = 37636
preemptive halt, cache_misses = 37636
preemptive halt, cache_misses = 37636
preemptive halt, cache_misses = 37636
preemptive halt, cache_misses = 37636
preemptive halt, cache_misses = 37636
preemptive halt, cache_misses = 37636
preemptive halt, cache_misses = 37636
preemptive halt, cache_misses = 37636
preemptive halt, cache_misses = 37636
preemptive halt, cache_misses = 37636
preemptive halt, cache_misses = 37636
preemptive halt, cache_misses = 37636
preemptive halt, cache_misses = 37636
preemptive halt, cache_misses = 37636
preemptive halt, cache_misses = 37636
preemptive halt, cache_misses = 37636
preemptive halt, cache_misses = 37636
preemptive halt, cache_misses = 37636
preemptive halt, cache_misses = 37636
preemptive halt, cache_misses = 37636
preemptive halt, cache_misses = 37636
preemptive halt, cache_misses = 37636
preemptive halt, cache_misses = 37636
preemptive halt, cache_misses = 37636
preemptive halt, cache_misses = 37636
preemptive halt, cache_misses = 37636
preemptive halt, cache_misses = 37636
preemptive halt, cache_misses = 37636
preemptive halt, cache_misses = 37636
preemptive halt, cache_misses = 37636
preemptive halt, cache_misses = 37636
preemptive halt, cache_misses = 37636
preemptive halt, cache_misses = 37636
preemptive halt, cache_misses = 37636
preemptive halt, cache_misses = 37636
preemptive halt, cache_misses = 37636
preemptive halt, cache_misses = 37636
preemptive halt, cache_misses = 37636
preemptive halt, cache_misses = 37636
preemptive halt, cache_misses = 37636
preemptive halt, cache_misses = 37636
preemptive halt, cache_misses = 37636
preemptive halt, cache_misses = 37636
preemptive halt, cache_misses = 37636
preemptive halt, cache_misses = 37636
preemptive halt, cache_misses = 37636
preemptive halt, cache_misses = 37636
preemptive halt, cache_misses = 37636
preemptive halt, cache_misses = 37636
preemptive halt, cache_misses = 37636
preemptive halt, cache_misses = 37636
preemptive halt, cache_misses = 37636
preemptive halt, cache_misses = 37636
preemptive halt, cache_misses = 37636
preemptive halt, cache_misses = 37636
preemptive halt, cache_misses = 37636
preemptive halt, cache_misses = 37636
preemptive halt, cache_misses = 37636
preemptive halt, cache_misses = 37636
preemptive halt, cache_misses = 37636
preemptive halt, cache_misses = 37636
preemptive halt, cache_misses = 37636
preemptive halt, cache_misses = 37636
preemptive halt, cache_misses = 37636
preemptive halt, cache_misses = 37636
preemptive halt, cache_misses = 37636
preemptive halt, cache_misses = 37636
preemptive halt, cache_misses = 37636
preemptive halt, cache_misses = 37636
preemptive halt, cache_misses = 37636
preemptive halt, cache_misses = 37636
preemptive halt, cache_misses = 37636
preemptive halt, cache_misses = 37636
preemptive halt, cache_misses = 37636
preemptive halt, cache_misses = 37636
preemptive halt, cache_misses = 37636
preemptive halt, cache_misses = 37636
preemptive halt, cache_misses = 37636
preemptive halt, cache_misses = 37636
preemptive halt, cache_misses = 37636
preemptive halt, cache_misses = 37636
binary search, size 18632  misses 37636  min 18593  max 18671
preemptive halt, cache_misses = 37637
preemptive halt, cache_misses = 37637
preemptive halt, cache_misses = 37637
preemptive halt, cache_misses = 37637
preemptive halt, cache_misses = 37637
preemptive halt, cache_misses = 37637
preemptive halt, cache_misses = 37637
preemptive halt, cache_misses = 37637
preemptive halt, cache_misses = 37637
preemptive halt, cache_misses = 37637
preemptive halt, cache_misses = 37637
preemptive halt, cache_misses = 37637
preemptive halt, cache_misses = 37637
preemptive halt, cache_misses = 37637
preemptive halt, cache_misses = 37637
preemptive halt, cache_misses = 37637
preemptive halt, cache_misses = 37637
preemptive halt, cache_misses = 37637
preemptive halt, cache_misses = 37637
preemptive halt, cache_misses = 37637
preemptive halt, cache_misses = 37637
preemptive halt, cache_misses = 37637
preemptive halt, cache_misses = 37637
preemptive halt, cache_misses = 37637
preemptive halt, cache_misses = 37637
preemptive halt, cache_misses = 37637
preemptive halt, cache_misses = 37637
preemptive halt, cache_misses = 37637
preemptive halt, cache_misses = 37637
preemptive halt, cache_misses = 37637
preemptive halt, cache_misses = 37637
preemptive halt, cache_misses = 37637
preemptive halt, cache_misses = 37637
preemptive halt, cache_misses = 37637
preemptive halt, cache_misses = 37637
preemptive halt, cache_misses = 37637
preemptive halt, cache_misses = 37637
preemptive halt, cache_misses = 37637
preemptive halt, cache_misses = 37637
preemptive halt, cache_misses = 37637
preemptive halt, cache_misses = 37637
preemptive halt, cache_misses = 37637
preemptive halt, cache_misses = 37637
preemptive halt, cache_misses = 37637
preemptive halt, cache_misses = 37637
preemptive halt, cache_misses = 37637
preemptive halt, cache_misses = 37637
preemptive halt, cache_misses = 37637
preemptive halt, cache_misses = 37637
preemptive halt, cache_misses = 37637
preemptive halt, cache_misses = 37637
preemptive halt, cache_misses = 37637
preemptive halt, cache_misses = 37637
preemptive halt, cache_misses = 37637
preemptive halt, cache_misses = 37637
preemptive halt, cache_misses = 37637
preemptive halt, cache_misses = 37637
preemptive halt, cache_misses = 37637
preemptive halt, cache_misses = 37637
preemptive halt, cache_misses = 37637
preemptive halt, cache_misses = 37637
preemptive halt, cache_misses = 37637
preemptive halt, cache_misses = 37637
preemptive halt, cache_misses = 37637
preemptive halt, cache_misses = 37637
preemptive halt, cache_misses = 37637
preemptive halt, cache_misses = 37637
preemptive halt, cache_misses = 37637
preemptive halt, cache_misses = 37637
preemptive halt, cache_misses = 37637
preemptive halt, cache_misses = 37637
preemptive halt, cache_misses = 37637
preemptive halt, cache_misses = 37637
preemptive halt, cache_misses = 37637
preemptive halt, cache_misses = 37637
preemptive halt, cache_misses = 37637
preemptive halt, cache_misses = 37637
preemptive halt, cache_misses = 37637
preemptive halt, cache_misses = 37637
preemptive halt, cache_misses = 37637
preemptive halt, cache_misses = 37637
preemptive halt, cache_misses = 37637
preemptive halt, cache_misses = 37637
preemptive halt, cache_misses = 37637
preemptive halt, cache_misses = 37637
preemptive halt, cache_misses = 37637
preemptive halt, cache_misses = 37637
preemptive halt, cache_misses = 37637
preemptive halt, cache_misses = 37637
preemptive halt, cache_misses = 37637
preemptive halt, cache_misses = 37637
preemptive halt, cache_misses = 37637
preemptive halt, cache_misses = 37637
preemptive halt, cache_misses = 37637
preemptive halt, cache_misses = 37637
preemptive halt, cache_misses = 37637
binary search, size 18651  misses 37637  min 18632  max 18671
preemptive halt, cache_misses = 37638
preemptive halt, cache_misses = 37638
preemptive halt, cache_misses = 37638
preemptive halt, cache_misses = 37638
preemptive halt, cache_misses = 37638
preemptive halt, cache_misses = 37638
preemptive halt, cache_misses = 37638
preemptive halt, cache_misses = 37638
preemptive halt, cache_misses = 37638
preemptive halt, cache_misses = 37638
preemptive halt, cache_misses = 37638
preemptive halt, cache_misses = 37638
preemptive halt, cache_misses = 37638
preemptive halt, cache_misses = 37638
preemptive halt, cache_misses = 37638
preemptive halt, cache_misses = 37638
preemptive halt, cache_misses = 37638
preemptive halt, cache_misses = 37638
preemptive halt, cache_misses = 37638
preemptive halt, cache_misses = 37638
preemptive halt, cache_misses = 37638
preemptive halt, cache_misses = 37638
preemptive halt, cache_misses = 37638
preemptive halt, cache_misses = 37638
preemptive halt, cache_misses = 37638
preemptive halt, cache_misses = 37638
preemptive halt, cache_misses = 37638
preemptive halt, cache_misses = 37638
preemptive halt, cache_misses = 37638
preemptive halt, cache_misses = 37638
preemptive halt, cache_misses = 37638
preemptive halt, cache_misses = 37638
preemptive halt, cache_misses = 37638
preemptive halt, cache_misses = 37638
preemptive halt, cache_misses = 37638
preemptive halt, cache_misses = 37638
preemptive halt, cache_misses = 37638
preemptive halt, cache_misses = 37638
preemptive halt, cache_misses = 37638
preemptive halt, cache_misses = 37638
preemptive halt, cache_misses = 37638
preemptive halt, cache_misses = 37638
preemptive halt, cache_misses = 37638
preemptive halt, cache_misses = 37638
preemptive halt, cache_misses = 37638
preemptive halt, cache_misses = 37638
preemptive halt, cache_misses = 37638
preemptive halt, cache_misses = 37638
preemptive halt, cache_misses = 37638
preemptive halt, cache_misses = 37638
preemptive halt, cache_misses = 37638
preemptive halt, cache_misses = 37638
preemptive halt, cache_misses = 37638
preemptive halt, cache_misses = 37638
preemptive halt, cache_misses = 37638
preemptive halt, cache_misses = 37638
preemptive halt, cache_misses = 37638
preemptive halt, cache_misses = 37638
preemptive halt, cache_misses = 37638
preemptive halt, cache_misses = 37638
preemptive halt, cache_misses = 37638
preemptive halt, cache_misses = 37638
preemptive halt, cache_misses = 37638
preemptive halt, cache_misses = 37638
preemptive halt, cache_misses = 37638
preemptive halt, cache_misses = 37638
preemptive halt, cache_misses = 37638
preemptive halt, cache_misses = 37638
preemptive halt, cache_misses = 37638
preemptive halt, cache_misses = 37638
preemptive halt, cache_misses = 37638
preemptive halt, cache_misses = 37638
preemptive halt, cache_misses = 37638
preemptive halt, cache_misses = 37638
preemptive halt, cache_misses = 37638
preemptive halt, cache_misses = 37638
preemptive halt, cache_misses = 37638
preemptive halt, cache_misses = 37638
preemptive halt, cache_misses = 37638
preemptive halt, cache_misses = 37638
preemptive halt, cache_misses = 37638
preemptive halt, cache_misses = 37638
preemptive halt, cache_misses = 37638
preemptive halt, cache_misses = 37638
preemptive halt, cache_misses = 37638
preemptive halt, cache_misses = 37638
preemptive halt, cache_misses = 37638
preemptive halt, cache_misses = 37638
preemptive halt, cache_misses = 37638
preemptive halt, cache_misses = 37638
preemptive halt, cache_misses = 37638
preemptive halt, cache_misses = 37638
preemptive halt, cache_misses = 37638
preemptive halt, cache_misses = 37638
preemptive halt, cache_misses = 37638
preemptive halt, cache_misses = 37638
preemptive halt, cache_misses = 37638
preemptive halt, cache_misses = 37638
binary search, size 18661  misses 37638  min 18651  max 18671
preemptive halt, cache_misses = 37639
preemptive halt, cache_misses = 37639
preemptive halt, cache_misses = 37639
preemptive halt, cache_misses = 37639
preemptive halt, cache_misses = 37639
preemptive halt, cache_misses = 37639
preemptive halt, cache_misses = 37639
preemptive halt, cache_misses = 37639
preemptive halt, cache_misses = 37639
preemptive halt, cache_misses = 37639
preemptive halt, cache_misses = 37639
preemptive halt, cache_misses = 37639
preemptive halt, cache_misses = 37639
preemptive halt, cache_misses = 37639
preemptive halt, cache_misses = 37639
preemptive halt, cache_misses = 37639
preemptive halt, cache_misses = 37639
preemptive halt, cache_misses = 37639
preemptive halt, cache_misses = 37639
preemptive halt, cache_misses = 37639
preemptive halt, cache_misses = 37639
preemptive halt, cache_misses = 37639
preemptive halt, cache_misses = 37639
preemptive halt, cache_misses = 37639
preemptive halt, cache_misses = 37639
preemptive halt, cache_misses = 37639
preemptive halt, cache_misses = 37639
preemptive halt, cache_misses = 37639
preemptive halt, cache_misses = 37639
preemptive halt, cache_misses = 37639
preemptive halt, cache_misses = 37639
preemptive halt, cache_misses = 37639
preemptive halt, cache_misses = 37639
preemptive halt, cache_misses = 37639
preemptive halt, cache_misses = 37639
preemptive halt, cache_misses = 37639
preemptive halt, cache_misses = 37639
preemptive halt, cache_misses = 37639
preemptive halt, cache_misses = 37639
preemptive halt, cache_misses = 37639
preemptive halt, cache_misses = 37639
preemptive halt, cache_misses = 37639
preemptive halt, cache_misses = 37639
preemptive halt, cache_misses = 37639
preemptive halt, cache_misses = 37639
preemptive halt, cache_misses = 37639
preemptive halt, cache_misses = 37639
preemptive halt, cache_misses = 37639
preemptive halt, cache_misses = 37639
preemptive halt, cache_misses = 37639
preemptive halt, cache_misses = 37639
preemptive halt, cache_misses = 37639
preemptive halt, cache_misses = 37639
preemptive halt, cache_misses = 37639
preemptive halt, cache_misses = 37639
preemptive halt, cache_misses = 37639
preemptive halt, cache_misses = 37639
preemptive halt, cache_misses = 37639
preemptive halt, cache_misses = 37639
preemptive halt, cache_misses = 37639
preemptive halt, cache_misses = 37639
preemptive halt, cache_misses = 37639
preemptive halt, cache_misses = 37639
preemptive halt, cache_misses = 37639
preemptive halt, cache_misses = 37639
preemptive halt, cache_misses = 37639
preemptive halt, cache_misses = 37639
preemptive halt, cache_misses = 37639
preemptive halt, cache_misses = 37639
preemptive halt, cache_misses = 37639
preemptive halt, cache_misses = 37639
preemptive halt, cache_misses = 37639
preemptive halt, cache_misses = 37639
preemptive halt, cache_misses = 37639
preemptive halt, cache_misses = 37639
preemptive halt, cache_misses = 37639
preemptive halt, cache_misses = 37639
preemptive halt, cache_misses = 37639
preemptive halt, cache_misses = 37639
preemptive halt, cache_misses = 37639
preemptive halt, cache_misses = 37639
preemptive halt, cache_misses = 37639
preemptive halt, cache_misses = 37639
preemptive halt, cache_misses = 37639
preemptive halt, cache_misses = 37639
preemptive halt, cache_misses = 37639
preemptive halt, cache_misses = 37639
preemptive halt, cache_misses = 37639
preemptive halt, cache_misses = 37639
preemptive halt, cache_misses = 37639
preemptive halt, cache_misses = 37639
preemptive halt, cache_misses = 37639
preemptive halt, cache_misses = 37639
preemptive halt, cache_misses = 37639
preemptive halt, cache_misses = 37639
preemptive halt, cache_misses = 37639
preemptive halt, cache_misses = 37639
preemptive halt, cache_misses = 37639
preemptive halt, cache_misses = 37639
preemptive halt, cache_misses = 37639
binary search, size 18666  misses 37639  min 18661  max 18671
preemptive halt, cache_misses = 37640
preemptive halt, cache_misses = 37640
preemptive halt, cache_misses = 37640
preemptive halt, cache_misses = 37640
preemptive halt, cache_misses = 37640
preemptive halt, cache_misses = 37640
preemptive halt, cache_misses = 37640
preemptive halt, cache_misses = 37640
preemptive halt, cache_misses = 37640
preemptive halt, cache_misses = 37640
preemptive halt, cache_misses = 37640
preemptive halt, cache_misses = 37640
preemptive halt, cache_misses = 37640
preemptive halt, cache_misses = 37640
preemptive halt, cache_misses = 37640
preemptive halt, cache_misses = 37640
preemptive halt, cache_misses = 37640
preemptive halt, cache_misses = 37640
preemptive halt, cache_misses = 37640
preemptive halt, cache_misses = 37640
preemptive halt, cache_misses = 37640
preemptive halt, cache_misses = 37640
preemptive halt, cache_misses = 37640
preemptive halt, cache_misses = 37640
preemptive halt, cache_misses = 37640
preemptive halt, cache_misses = 37640
preemptive halt, cache_misses = 37640
preemptive halt, cache_misses = 37640
preemptive halt, cache_misses = 37640
preemptive halt, cache_misses = 37640
preemptive halt, cache_misses = 37640
preemptive halt, cache_misses = 37640
preemptive halt, cache_misses = 37640
preemptive halt, cache_misses = 37640
preemptive halt, cache_misses = 37640
preemptive halt, cache_misses = 37640
preemptive halt, cache_misses = 37640
preemptive halt, cache_misses = 37640
preemptive halt, cache_misses = 37640
preemptive halt, cache_misses = 37640
preemptive halt, cache_misses = 37640
preemptive halt, cache_misses = 37640
preemptive halt, cache_misses = 37640
preemptive halt, cache_misses = 37640
preemptive halt, cache_misses = 37640
preemptive halt, cache_misses = 37640
preemptive halt, cache_misses = 37640
preemptive halt, cache_misses = 37640
preemptive halt, cache_misses = 37640
preemptive halt, cache_misses = 37640
preemptive halt, cache_misses = 37640
preemptive halt, cache_misses = 37640
preemptive halt, cache_misses = 37640
preemptive halt, cache_misses = 37640
preemptive halt, cache_misses = 37640
preemptive halt, cache_misses = 37640
preemptive halt, cache_misses = 37640
preemptive halt, cache_misses = 37640
preemptive halt, cache_misses = 37640
preemptive halt, cache_misses = 37640
preemptive halt, cache_misses = 37640
preemptive halt, cache_misses = 37640
preemptive halt, cache_misses = 37640
preemptive halt, cache_misses = 37640
preemptive halt, cache_misses = 37640
preemptive halt, cache_misses = 37640
preemptive halt, cache_misses = 37640
preemptive halt, cache_misses = 37640
preemptive halt, cache_misses = 37640
preemptive halt, cache_misses = 37640
preemptive halt, cache_misses = 37640
preemptive halt, cache_misses = 37640
preemptive halt, cache_misses = 37640
preemptive halt, cache_misses = 37640
preemptive halt, cache_misses = 37640
preemptive halt, cache_misses = 37640
preemptive halt, cache_misses = 37640
preemptive halt, cache_misses = 37640
preemptive halt, cache_misses = 37640
preemptive halt, cache_misses = 37640
preemptive halt, cache_misses = 37640
preemptive halt, cache_misses = 37640
preemptive halt, cache_misses = 37640
preemptive halt, cache_misses = 37640
preemptive halt, cache_misses = 37640
preemptive halt, cache_misses = 37640
preemptive halt, cache_misses = 37640
preemptive halt, cache_misses = 37640
preemptive halt, cache_misses = 37640
preemptive halt, cache_misses = 37640
preemptive halt, cache_misses = 37640
preemptive halt, cache_misses = 37640
preemptive halt, cache_misses = 37640
preemptive halt, cache_misses = 37640
preemptive halt, cache_misses = 37640
preemptive halt, cache_misses = 37640
preemptive halt, cache_misses = 37640
preemptive halt, cache_misses = 37640
preemptive halt, cache_misses = 37640
preemptive halt, cache_misses = 37640
preemptive halt, cache_misses = 37640
preemptive halt, cache_misses = 37640
binary search, size 18668  misses 37640  min 18666  max 18671
preemptive halt, cache_misses = 37641
preemptive halt, cache_misses = 37641
preemptive halt, cache_misses = 37641
preemptive halt, cache_misses = 37641
preemptive halt, cache_misses = 37641
preemptive halt, cache_misses = 37641
preemptive halt, cache_misses = 37641
preemptive halt, cache_misses = 37641
preemptive halt, cache_misses = 37641
preemptive halt, cache_misses = 37641
preemptive halt, cache_misses = 37641
preemptive halt, cache_misses = 37641
preemptive halt, cache_misses = 37641
preemptive halt, cache_misses = 37641
preemptive halt, cache_misses = 37641
preemptive halt, cache_misses = 37641
preemptive halt, cache_misses = 37641
preemptive halt, cache_misses = 37641
preemptive halt, cache_misses = 37641
preemptive halt, cache_misses = 37641
preemptive halt, cache_misses = 37641
preemptive halt, cache_misses = 37641
preemptive halt, cache_misses = 37641
preemptive halt, cache_misses = 37641
preemptive halt, cache_misses = 37641
preemptive halt, cache_misses = 37641
preemptive halt, cache_misses = 37641
preemptive halt, cache_misses = 37641
preemptive halt, cache_misses = 37641
preemptive halt, cache_misses = 37641
preemptive halt, cache_misses = 37641
preemptive halt, cache_misses = 37641
preemptive halt, cache_misses = 37641
preemptive halt, cache_misses = 37641
preemptive halt, cache_misses = 37641
preemptive halt, cache_misses = 37641
preemptive halt, cache_misses = 37641
preemptive halt, cache_misses = 37641
preemptive halt, cache_misses = 37641
preemptive halt, cache_misses = 37641
preemptive halt, cache_misses = 37641
preemptive halt, cache_misses = 37641
preemptive halt, cache_misses = 37641
preemptive halt, cache_misses = 37641
preemptive halt, cache_misses = 37641
preemptive halt, cache_misses = 37641
preemptive halt, cache_misses = 37641
preemptive halt, cache_misses = 37641
preemptive halt, cache_misses = 37641
preemptive halt, cache_misses = 37641
preemptive halt, cache_misses = 37641
preemptive halt, cache_misses = 37641
preemptive halt, cache_misses = 37641
preemptive halt, cache_misses = 37641
preemptive halt, cache_misses = 37641
preemptive halt, cache_misses = 37641
preemptive halt, cache_misses = 37641
preemptive halt, cache_misses = 37641
preemptive halt, cache_misses = 37641
preemptive halt, cache_misses = 37641
preemptive halt, cache_misses = 37641
preemptive halt, cache_misses = 37641
preemptive halt, cache_misses = 37641
preemptive halt, cache_misses = 37641
preemptive halt, cache_misses = 37641
preemptive halt, cache_misses = 37641
preemptive halt, cache_misses = 37641
preemptive halt, cache_misses = 37641
preemptive halt, cache_misses = 37641
preemptive halt, cache_misses = 37641
preemptive halt, cache_misses = 37641
preemptive halt, cache_misses = 37641
preemptive halt, cache_misses = 37641
preemptive halt, cache_misses = 37641
preemptive halt, cache_misses = 37641
preemptive halt, cache_misses = 37641
preemptive halt, cache_misses = 37641
preemptive halt, cache_misses = 37641
preemptive halt, cache_misses = 37641
preemptive halt, cache_misses = 37641
preemptive halt, cache_misses = 37641
preemptive halt, cache_misses = 37641
preemptive halt, cache_misses = 37641
preemptive halt, cache_misses = 37641
preemptive halt, cache_misses = 37641
preemptive halt, cache_misses = 37641
preemptive halt, cache_misses = 37641
preemptive halt, cache_misses = 37641
preemptive halt, cache_misses = 37641
preemptive halt, cache_misses = 37641
preemptive halt, cache_misses = 37641
preemptive halt, cache_misses = 37641
preemptive halt, cache_misses = 37641
preemptive halt, cache_misses = 37641
preemptive halt, cache_misses = 37641
preemptive halt, cache_misses = 37641
preemptive halt, cache_misses = 37641
preemptive halt, cache_misses = 37641
preemptive halt, cache_misses = 37641
preemptive halt, cache_misses = 37641
preemptive halt, cache_misses = 37641
preemptive halt, cache_misses = 37641
preemptive halt, cache_misses = 37641
preemptive halt, cache_misses = 37641
binary search, size 18669  misses 37641  min 18668  max 18671
binary search, size 18670  misses 37635  min 18669  max 18671
characteristic cache size (binary search) for 193 = 18670
End at: 2021-04-02 15:45:30.346918
Time elapsed: 0:00:00.729695
