Begin at: 2021-04-02 15:46:21.754576
['../dist/Debug/GNU-Linux/memo_batch_tester', '', '--mbt_execution_trace_fname', 'olcs4_traceback_csize_input_types/OLCS4_lru_2021_04_02__15_44_32_k_3__d_2_cache_size_160000_problems_10_to_400/OLCS4_lru_2021_04_02__15_44_32_k_3__d_2_cache_size_160000_problems_10_to_400/OLCS4__do_traceback_prob_size_249_cache_size_160000_lru_k_3_d_2_execution_trace_2021_4_2_15_46_21_pid_19188.log', '--mbt_cache_misses_fname', 'olcs4_traceback_csize_input_types/OLCS4_lru_2021_04_02__15_44_32_k_3__d_2_cache_size_160000_problems_10_to_400/lcs_cost_OLCS4_lru_misses_for_cache_size.csv', '--mbt_misses_for_problem_size_fname', 'olcs4_traceback_csize_input_types/OLCS4_lru_2021_04_02__15_44_32_k_3__d_2_cache_size_160000_problems_10_to_400/lcs_cost_OLCS4_lru_misses_for_problem_size.csv', '--mbt_exact_cutoff_min_cache_size', '160000', '--mbt_exact_cutoff_max_cache_size', '160000', '--mbt_problem_type', 'lcs', '--mbt_metric_type', 'csize_binary_search', '--mbt_cutoff_ratio', '2.2', '--mbt_instance_fname', '249', '--mbt_detailed_cache_misses_out_fname', 'csize_olcs4_traceback_0011n_ceil_n_b_4.csv', '--mbt_phi_N', '5.0', '--mbt_problem_size', '249', '--lcs_compute_length', '0', '--lcs_perform_traceback', '1', '--lig_instance_type', '0011n_ceil_n_b', '--lig_n', '249', '--lig_c', '0.9', '--lig_b', '4.0', '--lcs_oblivious', '4', '--lcs_execution_trace_fname', 'olcs4_traceback_csize_input_types/OLCS4_lru_2021_04_02__15_44_32_k_3__d_2_cache_size_160000_problems_10_to_400/OLCS4_lru_2021_04_02__15_44_32_k_3__d_2_cache_size_160000_problems_10_to_400/OLCS4__do_traceback_prob_size_249_cache_size_160000_lru_k_3_d_2_execution_trace_2021_4_2_15_46_21_pid_19188.log', '--memo_caching_strategy', 'lru', '--memo_cache_size', '160001', '--memo_lru_queue_size', '160000', '--memo_cuckoo_k', '4', '--memo_key_length', '8', '--memo_value_length', '8', '--memo_k_timestamps', '3', '--memo_d_recent_timestamps', '2', '--memo_a_items_per_timestamp_factor', '0.4375']

csize_binary_search chosen
lcs problem_type lcs cache_size 160001
initialize_long_int_cache begin
init_memo
arguments to memo:
 --mbt_execution_trace_fname olcs4_traceback_csize_input_types/OLCS4_lru_2021_04_02__15_44_32_k_3__d_2_cache_size_160000_problems_10_to_400/OLCS4_lru_2021_04_02__15_44_32_k_3__d_2_cache_size_160000_problems_10_to_400/OLCS4__do_traceback_prob_size_249_cache_size_160000_lru_k_3_d_2_execution_trace_2021_4_2_15_46_21_pid_19188.log --mbt_cache_misses_fname olcs4_traceback_csize_input_types/OLCS4_lru_2021_04_02__15_44_32_k_3__d_2_cache_size_160000_problems_10_to_400/lcs_cost_OLCS4_lru_misses_for_cache_size.csv --mbt_misses_for_problem_size_fname olcs4_traceback_csize_input_types/OLCS4_lru_2021_04_02__15_44_32_k_3__d_2_cache_size_160000_problems_10_to_400/lcs_cost_OLCS4_lru_misses_for_problem_size.csv --mbt_exact_cutoff_min_cache_size 160000 --mbt_exact_cutoff_max_cache_size 160000 --mbt_problem_type lcs --mbt_metric_type csize_binary_search --mbt_cutoff_ratio 2.2 --mbt_instance_fname 249 --mbt_detailed_cache_misses_out_fname csize_olcs4_traceback_0011n_ceil_n_b_4.csv --mbt_phi_N 5.0 --mbt_problem_size 249 --lcs_compute_length 0 --lcs_perform_traceback 1 --lig_instance_type 0011n_ceil_n_b --lig_n 249 --lig_c 0.9 --lig_b 4.0 --lcs_oblivious 4 --lcs_execution_trace_fname olcs4_traceback_csize_input_types/OLCS4_lru_2021_04_02__15_44_32_k_3__d_2_cache_size_160000_problems_10_to_400/OLCS4_lru_2021_04_02__15_44_32_k_3__d_2_cache_size_160000_problems_10_to_400/OLCS4__do_traceback_prob_size_249_cache_size_160000_lru_k_3_d_2_execution_trace_2021_4_2_15_46_21_pid_19188.log --memo_caching_strategy lru --memo_cache_size 160001 --memo_lru_queue_size 160000 --memo_cuckoo_k 4 --memo_key_length 8 --memo_value_length 8 --memo_k_timestamps 3 --memo_d_recent_timestamps 2 --memo_a_items_per_timestamp_factor 0.4375 
calculate_table_size: table_size is 262144, original is 160001
Finished initializing cache
initialize_long_int_cache end
done initializing cache
initializing problem
done initializing problem
commence trials
Starting characteristic_cache_size_binary_search with max cache size 160001
binary search, size 160001  misses 62499
binary search, size 80000  misses 62499  min 0  max 160001
binary search, size 40000  misses 62499  min 0  max 80000
preemptive halt, cache_misses = 62500
preemptive halt, cache_misses = 62500
preemptive halt, cache_misses = 62500
preemptive halt, cache_misses = 62500
preemptive halt, cache_misses = 62500
preemptive halt, cache_misses = 62500
preemptive halt, cache_misses = 62500
preemptive halt, cache_misses = 62500
preemptive halt, cache_misses = 62500
preemptive halt, cache_misses = 62500
preemptive halt, cache_misses = 62500
preemptive halt, cache_misses = 62500
preemptive halt, cache_misses = 62500
preemptive halt, cache_misses = 62500
preemptive halt, cache_misses = 62500
preemptive halt, cache_misses = 62500
preemptive halt, cache_misses = 62500
preemptive halt, cache_misses = 62500
preemptive halt, cache_misses = 62500
preemptive halt, cache_misses = 62500
preemptive halt, cache_misses = 62500
preemptive halt, cache_misses = 62500
preemptive halt, cache_misses = 62500
preemptive halt, cache_misses = 62500
preemptive halt, cache_misses = 62500
preemptive halt, cache_misses = 62500
preemptive halt, cache_misses = 62500
preemptive halt, cache_misses = 62500
preemptive halt, cache_misses = 62500
preemptive halt, cache_misses = 62500
preemptive halt, cache_misses = 62500
preemptive halt, cache_misses = 62500
preemptive halt, cache_misses = 62500
preemptive halt, cache_misses = 62500
preemptive halt, cache_misses = 62500
preemptive halt, cache_misses = 62500
preemptive halt, cache_misses = 62500
preemptive halt, cache_misses = 62500
preemptive halt, cache_misses = 62500
preemptive halt, cache_misses = 62500
preemptive halt, cache_misses = 62500
preemptive halt, cache_misses = 62500
preemptive halt, cache_misses = 62500
preemptive halt, cache_misses = 62500
preemptive halt, cache_misses = 62500
preemptive halt, cache_misses = 62500
preemptive halt, cache_misses = 62500
preemptive halt, cache_misses = 62500
preemptive halt, cache_misses = 62500
preemptive halt, cache_misses = 62500
preemptive halt, cache_misses = 62500
preemptive halt, cache_misses = 62500
preemptive halt, cache_misses = 62500
preemptive halt, cache_misses = 62500
preemptive halt, cache_misses = 62500
preemptive halt, cache_misses = 62500
preemptive halt, cache_misses = 62500
preemptive halt, cache_misses = 62500
preemptive halt, cache_misses = 62500
preemptive halt, cache_misses = 62500
preemptive halt, cache_misses = 62500
preemptive halt, cache_misses = 62500
preemptive halt, cache_misses = 62500
preemptive halt, cache_misses = 62500
preemptive halt, cache_misses = 62500
preemptive halt, cache_misses = 62500
preemptive halt, cache_misses = 62500
preemptive halt, cache_misses = 62500
preemptive halt, cache_misses = 62500
preemptive halt, cache_misses = 62500
preemptive halt, cache_misses = 62500
preemptive halt, cache_misses = 62500
preemptive halt, cache_misses = 62500
preemptive halt, cache_misses = 62500
preemptive halt, cache_misses = 62500
preemptive halt, cache_misses = 62500
preemptive halt, cache_misses = 62500
preemptive halt, cache_misses = 62500
preemptive halt, cache_misses = 62500
preemptive halt, cache_misses = 62500
preemptive halt, cache_misses = 62500
preemptive halt, cache_misses = 62500
preemptive halt, cache_misses = 62500
preemptive halt, cache_misses = 62500
preemptive halt, cache_misses = 62500
preemptive halt, cache_misses = 62500
preemptive halt, cache_misses = 62500
preemptive halt, cache_misses = 62500
preemptive halt, cache_misses = 62500
preemptive halt, cache_misses = 62500
preemptive halt, cache_misses = 62500
preemptive halt, cache_misses = 62500
preemptive halt, cache_misses = 62500
preemptive halt, cache_misses = 62500
preemptive halt, cache_misses = 62500
preemptive halt, cache_misses = 62500
preemptive halt, cache_misses = 62500
preemptive halt, cache_misses = 62500
preemptive halt, cache_misses = 62500
preemptive halt, cache_misses = 62500
preemptive halt, cache_misses = 62500
preemptive halt, cache_misses = 62500
preemptive halt, cache_misses = 62500
preemptive halt, cache_misses = 62500
preemptive halt, cache_misses = 62500
preemptive halt, cache_misses = 62500
preemptive halt, cache_misses = 62500
preemptive halt, cache_misses = 62500
preemptive halt, cache_misses = 62500
preemptive halt, cache_misses = 62500
preemptive halt, cache_misses = 62500
preemptive halt, cache_misses = 62500
preemptive halt, cache_misses = 62500
preemptive halt, cache_misses = 62500
preemptive halt, cache_misses = 62500
preemptive halt, cache_misses = 62500
preemptive halt, cache_misses = 62500
preemptive halt, cache_misses = 62500
preemptive halt, cache_misses = 62500
preemptive halt, cache_misses = 62500
preemptive halt, cache_misses = 62500
preemptive halt, cache_misses = 62500
binary search, size 20000  misses 62500  min 0  max 40000
preemptive halt, cache_misses = 62501
preemptive halt, cache_misses = 62501
preemptive halt, cache_misses = 62501
preemptive halt, cache_misses = 62501
preemptive halt, cache_misses = 62501
preemptive halt, cache_misses = 62501
preemptive halt, cache_misses = 62501
preemptive halt, cache_misses = 62501
preemptive halt, cache_misses = 62501
preemptive halt, cache_misses = 62501
preemptive halt, cache_misses = 62501
preemptive halt, cache_misses = 62501
preemptive halt, cache_misses = 62501
preemptive halt, cache_misses = 62501
preemptive halt, cache_misses = 62501
preemptive halt, cache_misses = 62501
preemptive halt, cache_misses = 62501
preemptive halt, cache_misses = 62501
preemptive halt, cache_misses = 62501
preemptive halt, cache_misses = 62501
preemptive halt, cache_misses = 62501
preemptive halt, cache_misses = 62501
preemptive halt, cache_misses = 62501
preemptive halt, cache_misses = 62501
preemptive halt, cache_misses = 62501
preemptive halt, cache_misses = 62501
preemptive halt, cache_misses = 62501
preemptive halt, cache_misses = 62501
preemptive halt, cache_misses = 62501
preemptive halt, cache_misses = 62501
preemptive halt, cache_misses = 62501
preemptive halt, cache_misses = 62501
preemptive halt, cache_misses = 62501
preemptive halt, cache_misses = 62501
preemptive halt, cache_misses = 62501
preemptive halt, cache_misses = 62501
preemptive halt, cache_misses = 62501
preemptive halt, cache_misses = 62501
preemptive halt, cache_misses = 62501
preemptive halt, cache_misses = 62501
preemptive halt, cache_misses = 62501
preemptive halt, cache_misses = 62501
preemptive halt, cache_misses = 62501
preemptive halt, cache_misses = 62501
preemptive halt, cache_misses = 62501
preemptive halt, cache_misses = 62501
preemptive halt, cache_misses = 62501
preemptive halt, cache_misses = 62501
preemptive halt, cache_misses = 62501
preemptive halt, cache_misses = 62501
preemptive halt, cache_misses = 62501
preemptive halt, cache_misses = 62501
preemptive halt, cache_misses = 62501
preemptive halt, cache_misses = 62501
preemptive halt, cache_misses = 62501
preemptive halt, cache_misses = 62501
preemptive halt, cache_misses = 62501
preemptive halt, cache_misses = 62501
preemptive halt, cache_misses = 62501
preemptive halt, cache_misses = 62501
preemptive halt, cache_misses = 62501
preemptive halt, cache_misses = 62501
preemptive halt, cache_misses = 62501
preemptive halt, cache_misses = 62501
preemptive halt, cache_misses = 62501
preemptive halt, cache_misses = 62501
preemptive halt, cache_misses = 62501
preemptive halt, cache_misses = 62501
preemptive halt, cache_misses = 62501
preemptive halt, cache_misses = 62501
preemptive halt, cache_misses = 62501
preemptive halt, cache_misses = 62501
preemptive halt, cache_misses = 62501
preemptive halt, cache_misses = 62501
preemptive halt, cache_misses = 62501
preemptive halt, cache_misses = 62501
preemptive halt, cache_misses = 62501
preemptive halt, cache_misses = 62501
preemptive halt, cache_misses = 62501
preemptive halt, cache_misses = 62501
preemptive halt, cache_misses = 62501
preemptive halt, cache_misses = 62501
preemptive halt, cache_misses = 62501
preemptive halt, cache_misses = 62501
preemptive halt, cache_misses = 62501
preemptive halt, cache_misses = 62501
preemptive halt, cache_misses = 62501
preemptive halt, cache_misses = 62501
preemptive halt, cache_misses = 62501
preemptive halt, cache_misses = 62501
preemptive halt, cache_misses = 62501
preemptive halt, cache_misses = 62501
preemptive halt, cache_misses = 62501
preemptive halt, cache_misses = 62501
preemptive halt, cache_misses = 62501
preemptive halt, cache_misses = 62501
preemptive halt, cache_misses = 62501
preemptive halt, cache_misses = 62501
preemptive halt, cache_misses = 62501
preemptive halt, cache_misses = 62501
preemptive halt, cache_misses = 62501
preemptive halt, cache_misses = 62501
preemptive halt, cache_misses = 62501
preemptive halt, cache_misses = 62501
preemptive halt, cache_misses = 62501
preemptive halt, cache_misses = 62501
preemptive halt, cache_misses = 62501
preemptive halt, cache_misses = 62501
preemptive halt, cache_misses = 62501
preemptive halt, cache_misses = 62501
preemptive halt, cache_misses = 62501
preemptive halt, cache_misses = 62501
preemptive halt, cache_misses = 62501
preemptive halt, cache_misses = 62501
preemptive halt, cache_misses = 62501
preemptive halt, cache_misses = 62501
preemptive halt, cache_misses = 62501
preemptive halt, cache_misses = 62501
preemptive halt, cache_misses = 62501
preemptive halt, cache_misses = 62501
preemptive halt, cache_misses = 62501
preemptive halt, cache_misses = 62501
preemptive halt, cache_misses = 62501
preemptive halt, cache_misses = 62501
binary search, size 30000  misses 62501  min 20000  max 40000
binary search, size 35000  misses 62499  min 30000  max 40000
binary search, size 32500  misses 62499  min 30000  max 35000
binary search, size 31250  misses 62499  min 30000  max 32500
preemptive halt, cache_misses = 62500
preemptive halt, cache_misses = 62500
preemptive halt, cache_misses = 62500
preemptive halt, cache_misses = 62500
preemptive halt, cache_misses = 62500
preemptive halt, cache_misses = 62500
preemptive halt, cache_misses = 62500
preemptive halt, cache_misses = 62500
preemptive halt, cache_misses = 62500
preemptive halt, cache_misses = 62500
preemptive halt, cache_misses = 62500
preemptive halt, cache_misses = 62500
preemptive halt, cache_misses = 62500
preemptive halt, cache_misses = 62500
preemptive halt, cache_misses = 62500
preemptive halt, cache_misses = 62500
preemptive halt, cache_misses = 62500
preemptive halt, cache_misses = 62500
preemptive halt, cache_misses = 62500
preemptive halt, cache_misses = 62500
preemptive halt, cache_misses = 62500
preemptive halt, cache_misses = 62500
preemptive halt, cache_misses = 62500
preemptive halt, cache_misses = 62500
preemptive halt, cache_misses = 62500
preemptive halt, cache_misses = 62500
preemptive halt, cache_misses = 62500
preemptive halt, cache_misses = 62500
preemptive halt, cache_misses = 62500
preemptive halt, cache_misses = 62500
preemptive halt, cache_misses = 62500
preemptive halt, cache_misses = 62500
preemptive halt, cache_misses = 62500
preemptive halt, cache_misses = 62500
preemptive halt, cache_misses = 62500
preemptive halt, cache_misses = 62500
preemptive halt, cache_misses = 62500
preemptive halt, cache_misses = 62500
preemptive halt, cache_misses = 62500
preemptive halt, cache_misses = 62500
preemptive halt, cache_misses = 62500
preemptive halt, cache_misses = 62500
preemptive halt, cache_misses = 62500
preemptive halt, cache_misses = 62500
preemptive halt, cache_misses = 62500
preemptive halt, cache_misses = 62500
preemptive halt, cache_misses = 62500
preemptive halt, cache_misses = 62500
preemptive halt, cache_misses = 62500
preemptive halt, cache_misses = 62500
preemptive halt, cache_misses = 62500
preemptive halt, cache_misses = 62500
preemptive halt, cache_misses = 62500
preemptive halt, cache_misses = 62500
preemptive halt, cache_misses = 62500
preemptive halt, cache_misses = 62500
preemptive halt, cache_misses = 62500
preemptive halt, cache_misses = 62500
preemptive halt, cache_misses = 62500
preemptive halt, cache_misses = 62500
preemptive halt, cache_misses = 62500
preemptive halt, cache_misses = 62500
preemptive halt, cache_misses = 62500
preemptive halt, cache_misses = 62500
preemptive halt, cache_misses = 62500
preemptive halt, cache_misses = 62500
preemptive halt, cache_misses = 62500
preemptive halt, cache_misses = 62500
preemptive halt, cache_misses = 62500
preemptive halt, cache_misses = 62500
preemptive halt, cache_misses = 62500
preemptive halt, cache_misses = 62500
preemptive halt, cache_misses = 62500
preemptive halt, cache_misses = 62500
preemptive halt, cache_misses = 62500
preemptive halt, cache_misses = 62500
preemptive halt, cache_misses = 62500
preemptive halt, cache_misses = 62500
preemptive halt, cache_misses = 62500
preemptive halt, cache_misses = 62500
preemptive halt, cache_misses = 62500
preemptive halt, cache_misses = 62500
preemptive halt, cache_misses = 62500
preemptive halt, cache_misses = 62500
preemptive halt, cache_misses = 62500
preemptive halt, cache_misses = 62500
preemptive halt, cache_misses = 62500
preemptive halt, cache_misses = 62500
preemptive halt, cache_misses = 62500
preemptive halt, cache_misses = 62500
preemptive halt, cache_misses = 62500
preemptive halt, cache_misses = 62500
preemptive halt, cache_misses = 62500
preemptive halt, cache_misses = 62500
preemptive halt, cache_misses = 62500
preemptive halt, cache_misses = 62500
preemptive halt, cache_misses = 62500
preemptive halt, cache_misses = 62500
preemptive halt, cache_misses = 62500
preemptive halt, cache_misses = 62500
preemptive halt, cache_misses = 62500
preemptive halt, cache_misses = 62500
preemptive halt, cache_misses = 62500
preemptive halt, cache_misses = 62500
preemptive halt, cache_misses = 62500
preemptive halt, cache_misses = 62500
preemptive halt, cache_misses = 62500
preemptive halt, cache_misses = 62500
preemptive halt, cache_misses = 62500
preemptive halt, cache_misses = 62500
preemptive halt, cache_misses = 62500
preemptive halt, cache_misses = 62500
preemptive halt, cache_misses = 62500
preemptive halt, cache_misses = 62500
preemptive halt, cache_misses = 62500
preemptive halt, cache_misses = 62500
preemptive halt, cache_misses = 62500
preemptive halt, cache_misses = 62500
preemptive halt, cache_misses = 62500
preemptive halt, cache_misses = 62500
preemptive halt, cache_misses = 62500
preemptive halt, cache_misses = 62500
binary search, size 30625  misses 62500  min 30000  max 31250
preemptive halt, cache_misses = 62501
preemptive halt, cache_misses = 62501
preemptive halt, cache_misses = 62501
preemptive halt, cache_misses = 62501
preemptive halt, cache_misses = 62501
preemptive halt, cache_misses = 62501
preemptive halt, cache_misses = 62501
preemptive halt, cache_misses = 62501
preemptive halt, cache_misses = 62501
preemptive halt, cache_misses = 62501
preemptive halt, cache_misses = 62501
preemptive halt, cache_misses = 62501
preemptive halt, cache_misses = 62501
preemptive halt, cache_misses = 62501
preemptive halt, cache_misses = 62501
preemptive halt, cache_misses = 62501
preemptive halt, cache_misses = 62501
preemptive halt, cache_misses = 62501
preemptive halt, cache_misses = 62501
preemptive halt, cache_misses = 62501
preemptive halt, cache_misses = 62501
preemptive halt, cache_misses = 62501
preemptive halt, cache_misses = 62501
preemptive halt, cache_misses = 62501
preemptive halt, cache_misses = 62501
preemptive halt, cache_misses = 62501
preemptive halt, cache_misses = 62501
preemptive halt, cache_misses = 62501
preemptive halt, cache_misses = 62501
preemptive halt, cache_misses = 62501
preemptive halt, cache_misses = 62501
preemptive halt, cache_misses = 62501
preemptive halt, cache_misses = 62501
preemptive halt, cache_misses = 62501
preemptive halt, cache_misses = 62501
preemptive halt, cache_misses = 62501
preemptive halt, cache_misses = 62501
preemptive halt, cache_misses = 62501
preemptive halt, cache_misses = 62501
preemptive halt, cache_misses = 62501
preemptive halt, cache_misses = 62501
preemptive halt, cache_misses = 62501
preemptive halt, cache_misses = 62501
preemptive halt, cache_misses = 62501
preemptive halt, cache_misses = 62501
preemptive halt, cache_misses = 62501
preemptive halt, cache_misses = 62501
preemptive halt, cache_misses = 62501
preemptive halt, cache_misses = 62501
preemptive halt, cache_misses = 62501
preemptive halt, cache_misses = 62501
preemptive halt, cache_misses = 62501
preemptive halt, cache_misses = 62501
preemptive halt, cache_misses = 62501
preemptive halt, cache_misses = 62501
preemptive halt, cache_misses = 62501
preemptive halt, cache_misses = 62501
preemptive halt, cache_misses = 62501
preemptive halt, cache_misses = 62501
preemptive halt, cache_misses = 62501
preemptive halt, cache_misses = 62501
preemptive halt, cache_misses = 62501
preemptive halt, cache_misses = 62501
preemptive halt, cache_misses = 62501
preemptive halt, cache_misses = 62501
preemptive halt, cache_misses = 62501
preemptive halt, cache_misses = 62501
preemptive halt, cache_misses = 62501
preemptive halt, cache_misses = 62501
preemptive halt, cache_misses = 62501
preemptive halt, cache_misses = 62501
preemptive halt, cache_misses = 62501
preemptive halt, cache_misses = 62501
preemptive halt, cache_misses = 62501
preemptive halt, cache_misses = 62501
preemptive halt, cache_misses = 62501
preemptive halt, cache_misses = 62501
preemptive halt, cache_misses = 62501
preemptive halt, cache_misses = 62501
preemptive halt, cache_misses = 62501
preemptive halt, cache_misses = 62501
preemptive halt, cache_misses = 62501
preemptive halt, cache_misses = 62501
preemptive halt, cache_misses = 62501
preemptive halt, cache_misses = 62501
preemptive halt, cache_misses = 62501
preemptive halt, cache_misses = 62501
preemptive halt, cache_misses = 62501
preemptive halt, cache_misses = 62501
preemptive halt, cache_misses = 62501
preemptive halt, cache_misses = 62501
preemptive halt, cache_misses = 62501
preemptive halt, cache_misses = 62501
preemptive halt, cache_misses = 62501
preemptive halt, cache_misses = 62501
preemptive halt, cache_misses = 62501
preemptive halt, cache_misses = 62501
preemptive halt, cache_misses = 62501
preemptive halt, cache_misses = 62501
preemptive halt, cache_misses = 62501
preemptive halt, cache_misses = 62501
preemptive halt, cache_misses = 62501
preemptive halt, cache_misses = 62501
preemptive halt, cache_misses = 62501
preemptive halt, cache_misses = 62501
preemptive halt, cache_misses = 62501
preemptive halt, cache_misses = 62501
preemptive halt, cache_misses = 62501
preemptive halt, cache_misses = 62501
preemptive halt, cache_misses = 62501
preemptive halt, cache_misses = 62501
preemptive halt, cache_misses = 62501
preemptive halt, cache_misses = 62501
preemptive halt, cache_misses = 62501
preemptive halt, cache_misses = 62501
preemptive halt, cache_misses = 62501
preemptive halt, cache_misses = 62501
preemptive halt, cache_misses = 62501
preemptive halt, cache_misses = 62501
preemptive halt, cache_misses = 62501
preemptive halt, cache_misses = 62501
preemptive halt, cache_misses = 62501
preemptive halt, cache_misses = 62501
preemptive halt, cache_misses = 62501
binary search, size 30937  misses 62501  min 30625  max 31250
binary search, size 31093  misses 62499  min 30937  max 31250
preemptive halt, cache_misses = 62500
preemptive halt, cache_misses = 62500
preemptive halt, cache_misses = 62500
preemptive halt, cache_misses = 62500
preemptive halt, cache_misses = 62500
preemptive halt, cache_misses = 62500
preemptive halt, cache_misses = 62500
preemptive halt, cache_misses = 62500
preemptive halt, cache_misses = 62500
preemptive halt, cache_misses = 62500
preemptive halt, cache_misses = 62500
preemptive halt, cache_misses = 62500
preemptive halt, cache_misses = 62500
preemptive halt, cache_misses = 62500
preemptive halt, cache_misses = 62500
preemptive halt, cache_misses = 62500
preemptive halt, cache_misses = 62500
preemptive halt, cache_misses = 62500
preemptive halt, cache_misses = 62500
preemptive halt, cache_misses = 62500
preemptive halt, cache_misses = 62500
preemptive halt, cache_misses = 62500
preemptive halt, cache_misses = 62500
preemptive halt, cache_misses = 62500
preemptive halt, cache_misses = 62500
preemptive halt, cache_misses = 62500
preemptive halt, cache_misses = 62500
preemptive halt, cache_misses = 62500
preemptive halt, cache_misses = 62500
preemptive halt, cache_misses = 62500
preemptive halt, cache_misses = 62500
preemptive halt, cache_misses = 62500
preemptive halt, cache_misses = 62500
preemptive halt, cache_misses = 62500
preemptive halt, cache_misses = 62500
preemptive halt, cache_misses = 62500
preemptive halt, cache_misses = 62500
preemptive halt, cache_misses = 62500
preemptive halt, cache_misses = 62500
preemptive halt, cache_misses = 62500
preemptive halt, cache_misses = 62500
preemptive halt, cache_misses = 62500
preemptive halt, cache_misses = 62500
preemptive halt, cache_misses = 62500
preemptive halt, cache_misses = 62500
preemptive halt, cache_misses = 62500
preemptive halt, cache_misses = 62500
preemptive halt, cache_misses = 62500
preemptive halt, cache_misses = 62500
preemptive halt, cache_misses = 62500
preemptive halt, cache_misses = 62500
preemptive halt, cache_misses = 62500
preemptive halt, cache_misses = 62500
preemptive halt, cache_misses = 62500
preemptive halt, cache_misses = 62500
preemptive halt, cache_misses = 62500
preemptive halt, cache_misses = 62500
preemptive halt, cache_misses = 62500
preemptive halt, cache_misses = 62500
preemptive halt, cache_misses = 62500
preemptive halt, cache_misses = 62500
preemptive halt, cache_misses = 62500
preemptive halt, cache_misses = 62500
preemptive halt, cache_misses = 62500
preemptive halt, cache_misses = 62500
preemptive halt, cache_misses = 62500
preemptive halt, cache_misses = 62500
preemptive halt, cache_misses = 62500
preemptive halt, cache_misses = 62500
preemptive halt, cache_misses = 62500
preemptive halt, cache_misses = 62500
preemptive halt, cache_misses = 62500
preemptive halt, cache_misses = 62500
preemptive halt, cache_misses = 62500
preemptive halt, cache_misses = 62500
preemptive halt, cache_misses = 62500
preemptive halt, cache_misses = 62500
preemptive halt, cache_misses = 62500
preemptive halt, cache_misses = 62500
preemptive halt, cache_misses = 62500
preemptive halt, cache_misses = 62500
preemptive halt, cache_misses = 62500
preemptive halt, cache_misses = 62500
preemptive halt, cache_misses = 62500
preemptive halt, cache_misses = 62500
preemptive halt, cache_misses = 62500
preemptive halt, cache_misses = 62500
preemptive halt, cache_misses = 62500
preemptive halt, cache_misses = 62500
preemptive halt, cache_misses = 62500
preemptive halt, cache_misses = 62500
preemptive halt, cache_misses = 62500
preemptive halt, cache_misses = 62500
preemptive halt, cache_misses = 62500
preemptive halt, cache_misses = 62500
preemptive halt, cache_misses = 62500
preemptive halt, cache_misses = 62500
preemptive halt, cache_misses = 62500
preemptive halt, cache_misses = 62500
preemptive halt, cache_misses = 62500
preemptive halt, cache_misses = 62500
preemptive halt, cache_misses = 62500
preemptive halt, cache_misses = 62500
preemptive halt, cache_misses = 62500
preemptive halt, cache_misses = 62500
preemptive halt, cache_misses = 62500
preemptive halt, cache_misses = 62500
preemptive halt, cache_misses = 62500
preemptive halt, cache_misses = 62500
preemptive halt, cache_misses = 62500
preemptive halt, cache_misses = 62500
preemptive halt, cache_misses = 62500
preemptive halt, cache_misses = 62500
preemptive halt, cache_misses = 62500
preemptive halt, cache_misses = 62500
preemptive halt, cache_misses = 62500
preemptive halt, cache_misses = 62500
preemptive halt, cache_misses = 62500
preemptive halt, cache_misses = 62500
preemptive halt, cache_misses = 62500
preemptive halt, cache_misses = 62500
preemptive halt, cache_misses = 62500
binary search, size 31015  misses 62500  min 30937  max 31093
preemptive halt, cache_misses = 62501
preemptive halt, cache_misses = 62501
preemptive halt, cache_misses = 62501
preemptive halt, cache_misses = 62501
preemptive halt, cache_misses = 62501
preemptive halt, cache_misses = 62501
preemptive halt, cache_misses = 62501
preemptive halt, cache_misses = 62501
preemptive halt, cache_misses = 62501
preemptive halt, cache_misses = 62501
preemptive halt, cache_misses = 62501
preemptive halt, cache_misses = 62501
preemptive halt, cache_misses = 62501
preemptive halt, cache_misses = 62501
preemptive halt, cache_misses = 62501
preemptive halt, cache_misses = 62501
preemptive halt, cache_misses = 62501
preemptive halt, cache_misses = 62501
preemptive halt, cache_misses = 62501
preemptive halt, cache_misses = 62501
preemptive halt, cache_misses = 62501
preemptive halt, cache_misses = 62501
preemptive halt, cache_misses = 62501
preemptive halt, cache_misses = 62501
preemptive halt, cache_misses = 62501
preemptive halt, cache_misses = 62501
preemptive halt, cache_misses = 62501
preemptive halt, cache_misses = 62501
preemptive halt, cache_misses = 62501
preemptive halt, cache_misses = 62501
preemptive halt, cache_misses = 62501
preemptive halt, cache_misses = 62501
preemptive halt, cache_misses = 62501
preemptive halt, cache_misses = 62501
preemptive halt, cache_misses = 62501
preemptive halt, cache_misses = 62501
preemptive halt, cache_misses = 62501
preemptive halt, cache_misses = 62501
preemptive halt, cache_misses = 62501
preemptive halt, cache_misses = 62501
preemptive halt, cache_misses = 62501
preemptive halt, cache_misses = 62501
preemptive halt, cache_misses = 62501
preemptive halt, cache_misses = 62501
preemptive halt, cache_misses = 62501
preemptive halt, cache_misses = 62501
preemptive halt, cache_misses = 62501
preemptive halt, cache_misses = 62501
preemptive halt, cache_misses = 62501
preemptive halt, cache_misses = 62501
preemptive halt, cache_misses = 62501
preemptive halt, cache_misses = 62501
preemptive halt, cache_misses = 62501
preemptive halt, cache_misses = 62501
preemptive halt, cache_misses = 62501
preemptive halt, cache_misses = 62501
preemptive halt, cache_misses = 62501
preemptive halt, cache_misses = 62501
preemptive halt, cache_misses = 62501
preemptive halt, cache_misses = 62501
preemptive halt, cache_misses = 62501
preemptive halt, cache_misses = 62501
preemptive halt, cache_misses = 62501
preemptive halt, cache_misses = 62501
preemptive halt, cache_misses = 62501
preemptive halt, cache_misses = 62501
preemptive halt, cache_misses = 62501
preemptive halt, cache_misses = 62501
preemptive halt, cache_misses = 62501
preemptive halt, cache_misses = 62501
preemptive halt, cache_misses = 62501
preemptive halt, cache_misses = 62501
preemptive halt, cache_misses = 62501
preemptive halt, cache_misses = 62501
preemptive halt, cache_misses = 62501
preemptive halt, cache_misses = 62501
preemptive halt, cache_misses = 62501
preemptive halt, cache_misses = 62501
preemptive halt, cache_misses = 62501
preemptive halt, cache_misses = 62501
preemptive halt, cache_misses = 62501
preemptive halt, cache_misses = 62501
preemptive halt, cache_misses = 62501
preemptive halt, cache_misses = 62501
preemptive halt, cache_misses = 62501
preemptive halt, cache_misses = 62501
preemptive halt, cache_misses = 62501
preemptive halt, cache_misses = 62501
preemptive halt, cache_misses = 62501
preemptive halt, cache_misses = 62501
preemptive halt, cache_misses = 62501
preemptive halt, cache_misses = 62501
preemptive halt, cache_misses = 62501
preemptive halt, cache_misses = 62501
preemptive halt, cache_misses = 62501
preemptive halt, cache_misses = 62501
preemptive halt, cache_misses = 62501
preemptive halt, cache_misses = 62501
preemptive halt, cache_misses = 62501
preemptive halt, cache_misses = 62501
preemptive halt, cache_misses = 62501
preemptive halt, cache_misses = 62501
preemptive halt, cache_misses = 62501
preemptive halt, cache_misses = 62501
preemptive halt, cache_misses = 62501
preemptive halt, cache_misses = 62501
preemptive halt, cache_misses = 62501
preemptive halt, cache_misses = 62501
preemptive halt, cache_misses = 62501
preemptive halt, cache_misses = 62501
preemptive halt, cache_misses = 62501
preemptive halt, cache_misses = 62501
preemptive halt, cache_misses = 62501
preemptive halt, cache_misses = 62501
preemptive halt, cache_misses = 62501
preemptive halt, cache_misses = 62501
preemptive halt, cache_misses = 62501
preemptive halt, cache_misses = 62501
preemptive halt, cache_misses = 62501
preemptive halt, cache_misses = 62501
preemptive halt, cache_misses = 62501
preemptive halt, cache_misses = 62501
preemptive halt, cache_misses = 62501
preemptive halt, cache_misses = 62501
binary search, size 31054  misses 62501  min 31015  max 31093
binary search, size 31073  misses 62499  min 31054  max 31093
binary search, size 31063  misses 62499  min 31054  max 31073
preemptive halt, cache_misses = 62500
preemptive halt, cache_misses = 62500
preemptive halt, cache_misses = 62500
preemptive halt, cache_misses = 62500
preemptive halt, cache_misses = 62500
preemptive halt, cache_misses = 62500
preemptive halt, cache_misses = 62500
preemptive halt, cache_misses = 62500
preemptive halt, cache_misses = 62500
preemptive halt, cache_misses = 62500
preemptive halt, cache_misses = 62500
preemptive halt, cache_misses = 62500
preemptive halt, cache_misses = 62500
preemptive halt, cache_misses = 62500
preemptive halt, cache_misses = 62500
preemptive halt, cache_misses = 62500
preemptive halt, cache_misses = 62500
preemptive halt, cache_misses = 62500
preemptive halt, cache_misses = 62500
preemptive halt, cache_misses = 62500
preemptive halt, cache_misses = 62500
preemptive halt, cache_misses = 62500
preemptive halt, cache_misses = 62500
preemptive halt, cache_misses = 62500
preemptive halt, cache_misses = 62500
preemptive halt, cache_misses = 62500
preemptive halt, cache_misses = 62500
preemptive halt, cache_misses = 62500
preemptive halt, cache_misses = 62500
preemptive halt, cache_misses = 62500
preemptive halt, cache_misses = 62500
preemptive halt, cache_misses = 62500
preemptive halt, cache_misses = 62500
preemptive halt, cache_misses = 62500
preemptive halt, cache_misses = 62500
preemptive halt, cache_misses = 62500
preemptive halt, cache_misses = 62500
preemptive halt, cache_misses = 62500
preemptive halt, cache_misses = 62500
preemptive halt, cache_misses = 62500
preemptive halt, cache_misses = 62500
preemptive halt, cache_misses = 62500
preemptive halt, cache_misses = 62500
preemptive halt, cache_misses = 62500
preemptive halt, cache_misses = 62500
preemptive halt, cache_misses = 62500
preemptive halt, cache_misses = 62500
preemptive halt, cache_misses = 62500
preemptive halt, cache_misses = 62500
preemptive halt, cache_misses = 62500
preemptive halt, cache_misses = 62500
preemptive halt, cache_misses = 62500
preemptive halt, cache_misses = 62500
preemptive halt, cache_misses = 62500
preemptive halt, cache_misses = 62500
preemptive halt, cache_misses = 62500
preemptive halt, cache_misses = 62500
preemptive halt, cache_misses = 62500
preemptive halt, cache_misses = 62500
preemptive halt, cache_misses = 62500
preemptive halt, cache_misses = 62500
preemptive halt, cache_misses = 62500
preemptive halt, cache_misses = 62500
preemptive halt, cache_misses = 62500
preemptive halt, cache_misses = 62500
preemptive halt, cache_misses = 62500
preemptive halt, cache_misses = 62500
preemptive halt, cache_misses = 62500
preemptive halt, cache_misses = 62500
preemptive halt, cache_misses = 62500
preemptive halt, cache_misses = 62500
preemptive halt, cache_misses = 62500
preemptive halt, cache_misses = 62500
preemptive halt, cache_misses = 62500
preemptive halt, cache_misses = 62500
preemptive halt, cache_misses = 62500
preemptive halt, cache_misses = 62500
preemptive halt, cache_misses = 62500
preemptive halt, cache_misses = 62500
preemptive halt, cache_misses = 62500
preemptive halt, cache_misses = 62500
preemptive halt, cache_misses = 62500
preemptive halt, cache_misses = 62500
preemptive halt, cache_misses = 62500
preemptive halt, cache_misses = 62500
preemptive halt, cache_misses = 62500
preemptive halt, cache_misses = 62500
preemptive halt, cache_misses = 62500
preemptive halt, cache_misses = 62500
preemptive halt, cache_misses = 62500
preemptive halt, cache_misses = 62500
preemptive halt, cache_misses = 62500
preemptive halt, cache_misses = 62500
preemptive halt, cache_misses = 62500
preemptive halt, cache_misses = 62500
preemptive halt, cache_misses = 62500
preemptive halt, cache_misses = 62500
preemptive halt, cache_misses = 62500
preemptive halt, cache_misses = 62500
preemptive halt, cache_misses = 62500
preemptive halt, cache_misses = 62500
preemptive halt, cache_misses = 62500
preemptive halt, cache_misses = 62500
preemptive halt, cache_misses = 62500
preemptive halt, cache_misses = 62500
preemptive halt, cache_misses = 62500
preemptive halt, cache_misses = 62500
preemptive halt, cache_misses = 62500
preemptive halt, cache_misses = 62500
preemptive halt, cache_misses = 62500
preemptive halt, cache_misses = 62500
preemptive halt, cache_misses = 62500
preemptive halt, cache_misses = 62500
preemptive halt, cache_misses = 62500
preemptive halt, cache_misses = 62500
preemptive halt, cache_misses = 62500
preemptive halt, cache_misses = 62500
preemptive halt, cache_misses = 62500
preemptive halt, cache_misses = 62500
preemptive halt, cache_misses = 62500
preemptive halt, cache_misses = 62500
preemptive halt, cache_misses = 62500
binary search, size 31058  misses 62500  min 31054  max 31063
binary search, size 31060  misses 62499  min 31058  max 31063
preemptive halt, cache_misses = 62500
preemptive halt, cache_misses = 62500
preemptive halt, cache_misses = 62500
preemptive halt, cache_misses = 62500
preemptive halt, cache_misses = 62500
preemptive halt, cache_misses = 62500
preemptive halt, cache_misses = 62500
preemptive halt, cache_misses = 62500
preemptive halt, cache_misses = 62500
preemptive halt, cache_misses = 62500
preemptive halt, cache_misses = 62500
preemptive halt, cache_misses = 62500
preemptive halt, cache_misses = 62500
preemptive halt, cache_misses = 62500
preemptive halt, cache_misses = 62500
preemptive halt, cache_misses = 62500
preemptive halt, cache_misses = 62500
preemptive halt, cache_misses = 62500
preemptive halt, cache_misses = 62500
preemptive halt, cache_misses = 62500
preemptive halt, cache_misses = 62500
preemptive halt, cache_misses = 62500
preemptive halt, cache_misses = 62500
preemptive halt, cache_misses = 62500
preemptive halt, cache_misses = 62500
preemptive halt, cache_misses = 62500
preemptive halt, cache_misses = 62500
preemptive halt, cache_misses = 62500
preemptive halt, cache_misses = 62500
preemptive halt, cache_misses = 62500
preemptive halt, cache_misses = 62500
preemptive halt, cache_misses = 62500
preemptive halt, cache_misses = 62500
preemptive halt, cache_misses = 62500
preemptive halt, cache_misses = 62500
preemptive halt, cache_misses = 62500
preemptive halt, cache_misses = 62500
preemptive halt, cache_misses = 62500
preemptive halt, cache_misses = 62500
preemptive halt, cache_misses = 62500
preemptive halt, cache_misses = 62500
preemptive halt, cache_misses = 62500
preemptive halt, cache_misses = 62500
preemptive halt, cache_misses = 62500
preemptive halt, cache_misses = 62500
preemptive halt, cache_misses = 62500
preemptive halt, cache_misses = 62500
preemptive halt, cache_misses = 62500
preemptive halt, cache_misses = 62500
preemptive halt, cache_misses = 62500
preemptive halt, cache_misses = 62500
preemptive halt, cache_misses = 62500
preemptive halt, cache_misses = 62500
preemptive halt, cache_misses = 62500
preemptive halt, cache_misses = 62500
preemptive halt, cache_misses = 62500
preemptive halt, cache_misses = 62500
preemptive halt, cache_misses = 62500
preemptive halt, cache_misses = 62500
preemptive halt, cache_misses = 62500
preemptive halt, cache_misses = 62500
preemptive halt, cache_misses = 62500
preemptive halt, cache_misses = 62500
preemptive halt, cache_misses = 62500
preemptive halt, cache_misses = 62500
preemptive halt, cache_misses = 62500
preemptive halt, cache_misses = 62500
preemptive halt, cache_misses = 62500
preemptive halt, cache_misses = 62500
preemptive halt, cache_misses = 62500
preemptive halt, cache_misses = 62500
preemptive halt, cache_misses = 62500
preemptive halt, cache_misses = 62500
preemptive halt, cache_misses = 62500
preemptive halt, cache_misses = 62500
preemptive halt, cache_misses = 62500
preemptive halt, cache_misses = 62500
preemptive halt, cache_misses = 62500
preemptive halt, cache_misses = 62500
preemptive halt, cache_misses = 62500
preemptive halt, cache_misses = 62500
preemptive halt, cache_misses = 62500
preemptive halt, cache_misses = 62500
preemptive halt, cache_misses = 62500
preemptive halt, cache_misses = 62500
preemptive halt, cache_misses = 62500
preemptive halt, cache_misses = 62500
preemptive halt, cache_misses = 62500
preemptive halt, cache_misses = 62500
preemptive halt, cache_misses = 62500
preemptive halt, cache_misses = 62500
preemptive halt, cache_misses = 62500
preemptive halt, cache_misses = 62500
preemptive halt, cache_misses = 62500
preemptive halt, cache_misses = 62500
preemptive halt, cache_misses = 62500
preemptive halt, cache_misses = 62500
preemptive halt, cache_misses = 62500
preemptive halt, cache_misses = 62500
preemptive halt, cache_misses = 62500
preemptive halt, cache_misses = 62500
preemptive halt, cache_misses = 62500
preemptive halt, cache_misses = 62500
preemptive halt, cache_misses = 62500
preemptive halt, cache_misses = 62500
preemptive halt, cache_misses = 62500
preemptive halt, cache_misses = 62500
preemptive halt, cache_misses = 62500
preemptive halt, cache_misses = 62500
preemptive halt, cache_misses = 62500
preemptive halt, cache_misses = 62500
preemptive halt, cache_misses = 62500
preemptive halt, cache_misses = 62500
preemptive halt, cache_misses = 62500
preemptive halt, cache_misses = 62500
preemptive halt, cache_misses = 62500
preemptive halt, cache_misses = 62500
preemptive halt, cache_misses = 62500
preemptive halt, cache_misses = 62500
preemptive halt, cache_misses = 62500
preemptive halt, cache_misses = 62500
preemptive halt, cache_misses = 62500
binary search, size 31059  misses 62500  min 31058  max 31060
characteristic cache size (binary search) for 249 = 31060
End at: 2021-04-02 15:46:22.867083
Time elapsed: 0:00:01.112524
