Begin at: 2021-04-02 15:44:43.177711
['../dist/Debug/GNU-Linux/memo_batch_tester', '', '--mbt_execution_trace_fname', 'olcs4_traceback_csize_input_types/OLCS4_lru_2021_04_02__15_44_32_k_3__d_2_cache_size_160000_problems_10_to_400/OLCS4_lru_2021_04_02__15_44_32_k_3__d_2_cache_size_160000_problems_10_to_400/OLCS4__do_traceback_prob_size_90_cache_size_160000_lru_k_3_d_2_execution_trace_2021_4_2_15_44_43_pid_18864.log', '--mbt_cache_misses_fname', 'olcs4_traceback_csize_input_types/OLCS4_lru_2021_04_02__15_44_32_k_3__d_2_cache_size_160000_problems_10_to_400/lcs_cost_OLCS4_lru_misses_for_cache_size.csv', '--mbt_misses_for_problem_size_fname', 'olcs4_traceback_csize_input_types/OLCS4_lru_2021_04_02__15_44_32_k_3__d_2_cache_size_160000_problems_10_to_400/lcs_cost_OLCS4_lru_misses_for_problem_size.csv', '--mbt_exact_cutoff_min_cache_size', '160000', '--mbt_exact_cutoff_max_cache_size', '160000', '--mbt_problem_type', 'lcs', '--mbt_metric_type', 'csize_binary_search', '--mbt_cutoff_ratio', '2.2', '--mbt_instance_fname', '90', '--mbt_detailed_cache_misses_out_fname', 'csize_olcs4_traceback_0011n_ceil_n_b_4.csv', '--mbt_phi_N', '5.0', '--mbt_problem_size', '90', '--lcs_compute_length', '0', '--lcs_perform_traceback', '1', '--lig_instance_type', '0011n_ceil_n_b', '--lig_n', '90', '--lig_c', '0.9', '--lig_b', '4.0', '--lcs_oblivious', '4', '--lcs_execution_trace_fname', 'olcs4_traceback_csize_input_types/OLCS4_lru_2021_04_02__15_44_32_k_3__d_2_cache_size_160000_problems_10_to_400/OLCS4_lru_2021_04_02__15_44_32_k_3__d_2_cache_size_160000_problems_10_to_400/OLCS4__do_traceback_prob_size_90_cache_size_160000_lru_k_3_d_2_execution_trace_2021_4_2_15_44_43_pid_18864.log', '--memo_caching_strategy', 'lru', '--memo_cache_size', '160001', '--memo_lru_queue_size', '160000', '--memo_cuckoo_k', '4', '--memo_key_length', '8', '--memo_value_length', '8', '--memo_k_timestamps', '3', '--memo_d_recent_timestamps', '2', '--memo_a_items_per_timestamp_factor', '0.4375']

csize_binary_search chosen
lcs problem_type lcs cache_size 160001
initialize_long_int_cache begin
init_memo
arguments to memo:
 --mbt_execution_trace_fname olcs4_traceback_csize_input_types/OLCS4_lru_2021_04_02__15_44_32_k_3__d_2_cache_size_160000_problems_10_to_400/OLCS4_lru_2021_04_02__15_44_32_k_3__d_2_cache_size_160000_problems_10_to_400/OLCS4__do_traceback_prob_size_90_cache_size_160000_lru_k_3_d_2_execution_trace_2021_4_2_15_44_43_pid_18864.log --mbt_cache_misses_fname olcs4_traceback_csize_input_types/OLCS4_lru_2021_04_02__15_44_32_k_3__d_2_cache_size_160000_problems_10_to_400/lcs_cost_OLCS4_lru_misses_for_cache_size.csv --mbt_misses_for_problem_size_fname olcs4_traceback_csize_input_types/OLCS4_lru_2021_04_02__15_44_32_k_3__d_2_cache_size_160000_problems_10_to_400/lcs_cost_OLCS4_lru_misses_for_problem_size.csv --mbt_exact_cutoff_min_cache_size 160000 --mbt_exact_cutoff_max_cache_size 160000 --mbt_problem_type lcs --mbt_metric_type csize_binary_search --mbt_cutoff_ratio 2.2 --mbt_instance_fname 90 --mbt_detailed_cache_misses_out_fname csize_olcs4_traceback_0011n_ceil_n_b_4.csv --mbt_phi_N 5.0 --mbt_problem_size 90 --lcs_compute_length 0 --lcs_perform_traceback 1 --lig_instance_type 0011n_ceil_n_b --lig_n 90 --lig_c 0.9 --lig_b 4.0 --lcs_oblivious 4 --lcs_execution_trace_fname olcs4_traceback_csize_input_types/OLCS4_lru_2021_04_02__15_44_32_k_3__d_2_cache_size_160000_problems_10_to_400/OLCS4_lru_2021_04_02__15_44_32_k_3__d_2_cache_size_160000_problems_10_to_400/OLCS4__do_traceback_prob_size_90_cache_size_160000_lru_k_3_d_2_execution_trace_2021_4_2_15_44_43_pid_18864.log --memo_caching_strategy lru --memo_cache_size 160001 --memo_lru_queue_size 160000 --memo_cuckoo_k 4 --memo_key_length 8 --memo_value_length 8 --memo_k_timestamps 3 --memo_d_recent_timestamps 2 --memo_a_items_per_timestamp_factor 0.4375 
calculate_table_size: table_size is 262144, original is 160001
Finished initializing cache
initialize_long_int_cache end
done initializing cache
initializing problem
done initializing problem
commence trials
Starting characteristic_cache_size_binary_search with max cache size 160001
binary search, size 160001  misses 8280
binary search, size 80000  misses 8280  min 0  max 160001
binary search, size 40000  misses 8280  min 0  max 80000
binary search, size 20000  misses 8280  min 0  max 40000
binary search, size 10000  misses 8280  min 0  max 20000
binary search, size 5000  misses 8280  min 0  max 10000
preemptive halt, cache_misses = 8281
preemptive halt, cache_misses = 8281
preemptive halt, cache_misses = 8281
preemptive halt, cache_misses = 8281
preemptive halt, cache_misses = 8281
preemptive halt, cache_misses = 8281
preemptive halt, cache_misses = 8281
preemptive halt, cache_misses = 8281
preemptive halt, cache_misses = 8281
preemptive halt, cache_misses = 8281
preemptive halt, cache_misses = 8281
preemptive halt, cache_misses = 8281
preemptive halt, cache_misses = 8281
preemptive halt, cache_misses = 8281
preemptive halt, cache_misses = 8281
preemptive halt, cache_misses = 8281
preemptive halt, cache_misses = 8281
preemptive halt, cache_misses = 8281
preemptive halt, cache_misses = 8281
preemptive halt, cache_misses = 8281
preemptive halt, cache_misses = 8281
preemptive halt, cache_misses = 8281
preemptive halt, cache_misses = 8281
preemptive halt, cache_misses = 8281
preemptive halt, cache_misses = 8281
preemptive halt, cache_misses = 8281
preemptive halt, cache_misses = 8281
preemptive halt, cache_misses = 8281
preemptive halt, cache_misses = 8281
preemptive halt, cache_misses = 8281
preemptive halt, cache_misses = 8281
preemptive halt, cache_misses = 8281
preemptive halt, cache_misses = 8281
preemptive halt, cache_misses = 8281
preemptive halt, cache_misses = 8281
preemptive halt, cache_misses = 8281
preemptive halt, cache_misses = 8281
preemptive halt, cache_misses = 8281
preemptive halt, cache_misses = 8281
preemptive halt, cache_misses = 8281
preemptive halt, cache_misses = 8281
preemptive halt, cache_misses = 8281
preemptive halt, cache_misses = 8281
preemptive halt, cache_misses = 8281
binary search, size 2500  misses 8281  min 0  max 5000
preemptive halt, cache_misses = 8282
preemptive halt, cache_misses = 8282
preemptive halt, cache_misses = 8282
preemptive halt, cache_misses = 8282
preemptive halt, cache_misses = 8282
preemptive halt, cache_misses = 8282
preemptive halt, cache_misses = 8282
preemptive halt, cache_misses = 8282
preemptive halt, cache_misses = 8282
preemptive halt, cache_misses = 8282
preemptive halt, cache_misses = 8282
preemptive halt, cache_misses = 8282
preemptive halt, cache_misses = 8282
preemptive halt, cache_misses = 8282
preemptive halt, cache_misses = 8282
preemptive halt, cache_misses = 8282
preemptive halt, cache_misses = 8282
preemptive halt, cache_misses = 8282
preemptive halt, cache_misses = 8282
preemptive halt, cache_misses = 8282
preemptive halt, cache_misses = 8282
preemptive halt, cache_misses = 8282
preemptive halt, cache_misses = 8282
preemptive halt, cache_misses = 8282
preemptive halt, cache_misses = 8282
preemptive halt, cache_misses = 8282
preemptive halt, cache_misses = 8282
preemptive halt, cache_misses = 8282
preemptive halt, cache_misses = 8282
preemptive halt, cache_misses = 8282
preemptive halt, cache_misses = 8282
preemptive halt, cache_misses = 8282
preemptive halt, cache_misses = 8282
preemptive halt, cache_misses = 8282
preemptive halt, cache_misses = 8282
preemptive halt, cache_misses = 8282
preemptive halt, cache_misses = 8282
preemptive halt, cache_misses = 8282
preemptive halt, cache_misses = 8282
preemptive halt, cache_misses = 8282
preemptive halt, cache_misses = 8282
preemptive halt, cache_misses = 8282
preemptive halt, cache_misses = 8282
preemptive halt, cache_misses = 8282
preemptive halt, cache_misses = 8282
preemptive halt, cache_misses = 8282
binary search, size 3750  misses 8282  min 2500  max 5000
binary search, size 4375  misses 8280  min 3750  max 5000
preemptive halt, cache_misses = 8281
preemptive halt, cache_misses = 8281
preemptive halt, cache_misses = 8281
preemptive halt, cache_misses = 8281
preemptive halt, cache_misses = 8281
preemptive halt, cache_misses = 8281
preemptive halt, cache_misses = 8281
preemptive halt, cache_misses = 8281
preemptive halt, cache_misses = 8281
preemptive halt, cache_misses = 8281
preemptive halt, cache_misses = 8281
preemptive halt, cache_misses = 8281
preemptive halt, cache_misses = 8281
preemptive halt, cache_misses = 8281
preemptive halt, cache_misses = 8281
preemptive halt, cache_misses = 8281
preemptive halt, cache_misses = 8281
preemptive halt, cache_misses = 8281
preemptive halt, cache_misses = 8281
preemptive halt, cache_misses = 8281
preemptive halt, cache_misses = 8281
preemptive halt, cache_misses = 8281
preemptive halt, cache_misses = 8281
preemptive halt, cache_misses = 8281
preemptive halt, cache_misses = 8281
preemptive halt, cache_misses = 8281
preemptive halt, cache_misses = 8281
preemptive halt, cache_misses = 8281
preemptive halt, cache_misses = 8281
preemptive halt, cache_misses = 8281
preemptive halt, cache_misses = 8281
preemptive halt, cache_misses = 8281
preemptive halt, cache_misses = 8281
preemptive halt, cache_misses = 8281
preemptive halt, cache_misses = 8281
preemptive halt, cache_misses = 8281
preemptive halt, cache_misses = 8281
preemptive halt, cache_misses = 8281
preemptive halt, cache_misses = 8281
preemptive halt, cache_misses = 8281
preemptive halt, cache_misses = 8281
preemptive halt, cache_misses = 8281
preemptive halt, cache_misses = 8281
preemptive halt, cache_misses = 8281
binary search, size 4062  misses 8281  min 3750  max 4375
binary search, size 4218  misses 8280  min 4062  max 4375
binary search, size 4140  misses 8280  min 4062  max 4218
preemptive halt, cache_misses = 8281
preemptive halt, cache_misses = 8281
preemptive halt, cache_misses = 8281
preemptive halt, cache_misses = 8281
preemptive halt, cache_misses = 8281
preemptive halt, cache_misses = 8281
preemptive halt, cache_misses = 8281
preemptive halt, cache_misses = 8281
preemptive halt, cache_misses = 8281
preemptive halt, cache_misses = 8281
preemptive halt, cache_misses = 8281
preemptive halt, cache_misses = 8281
preemptive halt, cache_misses = 8281
preemptive halt, cache_misses = 8281
preemptive halt, cache_misses = 8281
preemptive halt, cache_misses = 8281
preemptive halt, cache_misses = 8281
preemptive halt, cache_misses = 8281
preemptive halt, cache_misses = 8281
preemptive halt, cache_misses = 8281
preemptive halt, cache_misses = 8281
preemptive halt, cache_misses = 8281
preemptive halt, cache_misses = 8281
preemptive halt, cache_misses = 8281
preemptive halt, cache_misses = 8281
preemptive halt, cache_misses = 8281
preemptive halt, cache_misses = 8281
preemptive halt, cache_misses = 8281
preemptive halt, cache_misses = 8281
preemptive halt, cache_misses = 8281
preemptive halt, cache_misses = 8281
preemptive halt, cache_misses = 8281
preemptive halt, cache_misses = 8281
preemptive halt, cache_misses = 8281
preemptive halt, cache_misses = 8281
preemptive halt, cache_misses = 8281
preemptive halt, cache_misses = 8281
preemptive halt, cache_misses = 8281
preemptive halt, cache_misses = 8281
preemptive halt, cache_misses = 8281
preemptive halt, cache_misses = 8281
preemptive halt, cache_misses = 8281
preemptive halt, cache_misses = 8281
preemptive halt, cache_misses = 8281
binary search, size 4101  misses 8281  min 4062  max 4140
binary search, size 4120  misses 8280  min 4101  max 4140
preemptive halt, cache_misses = 8281
preemptive halt, cache_misses = 8281
preemptive halt, cache_misses = 8281
preemptive halt, cache_misses = 8281
preemptive halt, cache_misses = 8281
preemptive halt, cache_misses = 8281
preemptive halt, cache_misses = 8281
preemptive halt, cache_misses = 8281
preemptive halt, cache_misses = 8281
preemptive halt, cache_misses = 8281
preemptive halt, cache_misses = 8281
preemptive halt, cache_misses = 8281
preemptive halt, cache_misses = 8281
preemptive halt, cache_misses = 8281
preemptive halt, cache_misses = 8281
preemptive halt, cache_misses = 8281
preemptive halt, cache_misses = 8281
preemptive halt, cache_misses = 8281
preemptive halt, cache_misses = 8281
preemptive halt, cache_misses = 8281
preemptive halt, cache_misses = 8281
preemptive halt, cache_misses = 8281
preemptive halt, cache_misses = 8281
preemptive halt, cache_misses = 8281
preemptive halt, cache_misses = 8281
preemptive halt, cache_misses = 8281
preemptive halt, cache_misses = 8281
preemptive halt, cache_misses = 8281
preemptive halt, cache_misses = 8281
preemptive halt, cache_misses = 8281
preemptive halt, cache_misses = 8281
preemptive halt, cache_misses = 8281
preemptive halt, cache_misses = 8281
preemptive halt, cache_misses = 8281
preemptive halt, cache_misses = 8281
preemptive halt, cache_misses = 8281
preemptive halt, cache_misses = 8281
preemptive halt, cache_misses = 8281
preemptive halt, cache_misses = 8281
preemptive halt, cache_misses = 8281
preemptive halt, cache_misses = 8281
preemptive halt, cache_misses = 8281
preemptive halt, cache_misses = 8281
preemptive halt, cache_misses = 8281
binary search, size 4110  misses 8281  min 4101  max 4120
preemptive halt, cache_misses = 8282
preemptive halt, cache_misses = 8282
preemptive halt, cache_misses = 8282
preemptive halt, cache_misses = 8282
preemptive halt, cache_misses = 8282
preemptive halt, cache_misses = 8282
preemptive halt, cache_misses = 8282
preemptive halt, cache_misses = 8282
preemptive halt, cache_misses = 8282
preemptive halt, cache_misses = 8282
preemptive halt, cache_misses = 8282
preemptive halt, cache_misses = 8282
preemptive halt, cache_misses = 8282
preemptive halt, cache_misses = 8282
preemptive halt, cache_misses = 8282
preemptive halt, cache_misses = 8282
preemptive halt, cache_misses = 8282
preemptive halt, cache_misses = 8282
preemptive halt, cache_misses = 8282
preemptive halt, cache_misses = 8282
preemptive halt, cache_misses = 8282
preemptive halt, cache_misses = 8282
preemptive halt, cache_misses = 8282
preemptive halt, cache_misses = 8282
preemptive halt, cache_misses = 8282
preemptive halt, cache_misses = 8282
preemptive halt, cache_misses = 8282
preemptive halt, cache_misses = 8282
preemptive halt, cache_misses = 8282
preemptive halt, cache_misses = 8282
preemptive halt, cache_misses = 8282
preemptive halt, cache_misses = 8282
preemptive halt, cache_misses = 8282
preemptive halt, cache_misses = 8282
preemptive halt, cache_misses = 8282
preemptive halt, cache_misses = 8282
preemptive halt, cache_misses = 8282
preemptive halt, cache_misses = 8282
preemptive halt, cache_misses = 8282
preemptive halt, cache_misses = 8282
preemptive halt, cache_misses = 8282
preemptive halt, cache_misses = 8282
preemptive halt, cache_misses = 8282
preemptive halt, cache_misses = 8282
preemptive halt, cache_misses = 8282
preemptive halt, cache_misses = 8282
binary search, size 4115  misses 8282  min 4110  max 4120
binary search, size 4117  misses 8280  min 4115  max 4120
binary search, size 4116  misses 8280  min 4115  max 4117
characteristic cache size (binary search) for 90 = 4116
End at: 2021-04-02 15:44:43.367038
Time elapsed: 0:00:00.189343
