Begin at: 2021-04-02 15:29:27.542792
['../dist/Debug/GNU-Linux/memo_batch_tester', '', '--mbt_execution_trace_fname', 'olcs4_traceback_csize_input_types/OLCS4_lru_2021_04_02__15_29_05_k_3__d_2_cache_size_160000_problems_10_to_400/OLCS4_lru_2021_04_02__15_29_05_k_3__d_2_cache_size_160000_problems_10_to_400/OLCS4__do_traceback_prob_size_127_cache_size_160000_lru_k_3_d_2_execution_trace_2021_4_2_15_29_27_pid_17252.log', '--mbt_cache_misses_fname', 'olcs4_traceback_csize_input_types/OLCS4_lru_2021_04_02__15_29_05_k_3__d_2_cache_size_160000_problems_10_to_400/lcs_cost_OLCS4_lru_misses_for_cache_size.csv', '--mbt_misses_for_problem_size_fname', 'olcs4_traceback_csize_input_types/OLCS4_lru_2021_04_02__15_29_05_k_3__d_2_cache_size_160000_problems_10_to_400/lcs_cost_OLCS4_lru_misses_for_problem_size.csv', '--mbt_exact_cutoff_min_cache_size', '160000', '--mbt_exact_cutoff_max_cache_size', '160000', '--mbt_problem_type', 'lcs', '--mbt_metric_type', 'csize_binary_search', '--mbt_cutoff_ratio', '2.2', '--mbt_instance_fname', '127', '--mbt_detailed_cache_misses_out_fname', 'csize_olcs4_traceback_0011n_ceil_n_b_2.csv', '--mbt_phi_N', '5.0', '--mbt_problem_size', '127', '--lcs_compute_length', '0', '--lcs_perform_traceback', '1', '--lig_instance_type', '0011n_ceil_n_b', '--lig_n', '127', '--lig_c', '0.9', '--lig_b', '2.0', '--lcs_oblivious', '4', '--lcs_execution_trace_fname', 'olcs4_traceback_csize_input_types/OLCS4_lru_2021_04_02__15_29_05_k_3__d_2_cache_size_160000_problems_10_to_400/OLCS4_lru_2021_04_02__15_29_05_k_3__d_2_cache_size_160000_problems_10_to_400/OLCS4__do_traceback_prob_size_127_cache_size_160000_lru_k_3_d_2_execution_trace_2021_4_2_15_29_27_pid_17252.log', '--memo_caching_strategy', 'lru', '--memo_cache_size', '160001', '--memo_lru_queue_size', '160000', '--memo_cuckoo_k', '4', '--memo_key_length', '8', '--memo_value_length', '8', '--memo_k_timestamps', '3', '--memo_d_recent_timestamps', '2', '--memo_a_items_per_timestamp_factor', '0.4375']

csize_binary_search chosen
lcs problem_type lcs cache_size 160001
initialize_long_int_cache begin
init_memo
arguments to memo:
 --mbt_execution_trace_fname olcs4_traceback_csize_input_types/OLCS4_lru_2021_04_02__15_29_05_k_3__d_2_cache_size_160000_problems_10_to_400/OLCS4_lru_2021_04_02__15_29_05_k_3__d_2_cache_size_160000_problems_10_to_400/OLCS4__do_traceback_prob_size_127_cache_size_160000_lru_k_3_d_2_execution_trace_2021_4_2_15_29_27_pid_17252.log --mbt_cache_misses_fname olcs4_traceback_csize_input_types/OLCS4_lru_2021_04_02__15_29_05_k_3__d_2_cache_size_160000_problems_10_to_400/lcs_cost_OLCS4_lru_misses_for_cache_size.csv --mbt_misses_for_problem_size_fname olcs4_traceback_csize_input_types/OLCS4_lru_2021_04_02__15_29_05_k_3__d_2_cache_size_160000_problems_10_to_400/lcs_cost_OLCS4_lru_misses_for_problem_size.csv --mbt_exact_cutoff_min_cache_size 160000 --mbt_exact_cutoff_max_cache_size 160000 --mbt_problem_type lcs --mbt_metric_type csize_binary_search --mbt_cutoff_ratio 2.2 --mbt_instance_fname 127 --mbt_detailed_cache_misses_out_fname csize_olcs4_traceback_0011n_ceil_n_b_2.csv --mbt_phi_N 5.0 --mbt_problem_size 127 --lcs_compute_length 0 --lcs_perform_traceback 1 --lig_instance_type 0011n_ceil_n_b --lig_n 127 --lig_c 0.9 --lig_b 2.0 --lcs_oblivious 4 --lcs_execution_trace_fname olcs4_traceback_csize_input_types/OLCS4_lru_2021_04_02__15_29_05_k_3__d_2_cache_size_160000_problems_10_to_400/OLCS4_lru_2021_04_02__15_29_05_k_3__d_2_cache_size_160000_problems_10_to_400/OLCS4__do_traceback_prob_size_127_cache_size_160000_lru_k_3_d_2_execution_trace_2021_4_2_15_29_27_pid_17252.log --memo_caching_strategy lru --memo_cache_size 160001 --memo_lru_queue_size 160000 --memo_cuckoo_k 4 --memo_key_length 8 --memo_value_length 8 --memo_k_timestamps 3 --memo_d_recent_timestamps 2 --memo_a_items_per_timestamp_factor 0.4375 
calculate_table_size: table_size is 262144, original is 160001
Finished initializing cache
initialize_long_int_cache end
done initializing cache
initializing problem
done initializing problem
commence trials
Starting characteristic_cache_size_binary_search with max cache size 160001
binary search, size 160001  misses 16383
binary search, size 80000  misses 16383  min 0  max 160001
binary search, size 40000  misses 16383  min 0  max 80000
binary search, size 20000  misses 16383  min 0  max 40000
binary search, size 10000  misses 16383  min 0  max 20000
preemptive halt, cache_misses = 16384
preemptive halt, cache_misses = 16384
preemptive halt, cache_misses = 16384
preemptive halt, cache_misses = 16384
preemptive halt, cache_misses = 16384
preemptive halt, cache_misses = 16384
preemptive halt, cache_misses = 16384
preemptive halt, cache_misses = 16384
preemptive halt, cache_misses = 16384
preemptive halt, cache_misses = 16384
preemptive halt, cache_misses = 16384
preemptive halt, cache_misses = 16384
preemptive halt, cache_misses = 16384
preemptive halt, cache_misses = 16384
preemptive halt, cache_misses = 16384
preemptive halt, cache_misses = 16384
preemptive halt, cache_misses = 16384
preemptive halt, cache_misses = 16384
preemptive halt, cache_misses = 16384
preemptive halt, cache_misses = 16384
preemptive halt, cache_misses = 16384
preemptive halt, cache_misses = 16384
preemptive halt, cache_misses = 16384
preemptive halt, cache_misses = 16384
preemptive halt, cache_misses = 16384
preemptive halt, cache_misses = 16384
preemptive halt, cache_misses = 16384
preemptive halt, cache_misses = 16384
preemptive halt, cache_misses = 16384
preemptive halt, cache_misses = 16384
preemptive halt, cache_misses = 16384
preemptive halt, cache_misses = 16384
preemptive halt, cache_misses = 16384
preemptive halt, cache_misses = 16384
preemptive halt, cache_misses = 16384
preemptive halt, cache_misses = 16384
preemptive halt, cache_misses = 16384
preemptive halt, cache_misses = 16384
preemptive halt, cache_misses = 16384
preemptive halt, cache_misses = 16384
preemptive halt, cache_misses = 16384
preemptive halt, cache_misses = 16384
preemptive halt, cache_misses = 16384
preemptive halt, cache_misses = 16384
preemptive halt, cache_misses = 16384
preemptive halt, cache_misses = 16384
preemptive halt, cache_misses = 16384
preemptive halt, cache_misses = 16384
preemptive halt, cache_misses = 16384
preemptive halt, cache_misses = 16384
preemptive halt, cache_misses = 16384
preemptive halt, cache_misses = 16384
preemptive halt, cache_misses = 16384
preemptive halt, cache_misses = 16384
preemptive halt, cache_misses = 16384
preemptive halt, cache_misses = 16384
preemptive halt, cache_misses = 16384
preemptive halt, cache_misses = 16384
preemptive halt, cache_misses = 16384
preemptive halt, cache_misses = 16384
preemptive halt, cache_misses = 16384
preemptive halt, cache_misses = 16384
preemptive halt, cache_misses = 16384
preemptive halt, cache_misses = 16384
preemptive halt, cache_misses = 16384
preemptive halt, cache_misses = 16384
preemptive halt, cache_misses = 16384
preemptive halt, cache_misses = 16384
preemptive halt, cache_misses = 16384
preemptive halt, cache_misses = 16384
preemptive halt, cache_misses = 16384
preemptive halt, cache_misses = 16384
preemptive halt, cache_misses = 16384
preemptive halt, cache_misses = 16384
preemptive halt, cache_misses = 16384
preemptive halt, cache_misses = 16384
preemptive halt, cache_misses = 16384
preemptive halt, cache_misses = 16384
preemptive halt, cache_misses = 16384
preemptive halt, cache_misses = 16384
preemptive halt, cache_misses = 16384
preemptive halt, cache_misses = 16384
preemptive halt, cache_misses = 16384
preemptive halt, cache_misses = 16384
preemptive halt, cache_misses = 16384
preemptive halt, cache_misses = 16384
preemptive halt, cache_misses = 16384
preemptive halt, cache_misses = 16384
preemptive halt, cache_misses = 16384
preemptive halt, cache_misses = 16384
preemptive halt, cache_misses = 16384
preemptive halt, cache_misses = 16384
preemptive halt, cache_misses = 16384
preemptive halt, cache_misses = 16384
preemptive halt, cache_misses = 16384
preemptive halt, cache_misses = 16384
preemptive halt, cache_misses = 16384
preemptive halt, cache_misses = 16384
preemptive halt, cache_misses = 16384
preemptive halt, cache_misses = 16384
preemptive halt, cache_misses = 16384
preemptive halt, cache_misses = 16384
preemptive halt, cache_misses = 16384
preemptive halt, cache_misses = 16384
preemptive halt, cache_misses = 16384
preemptive halt, cache_misses = 16384
preemptive halt, cache_misses = 16384
preemptive halt, cache_misses = 16384
preemptive halt, cache_misses = 16384
preemptive halt, cache_misses = 16384
preemptive halt, cache_misses = 16384
preemptive halt, cache_misses = 16384
preemptive halt, cache_misses = 16384
preemptive halt, cache_misses = 16384
preemptive halt, cache_misses = 16384
preemptive halt, cache_misses = 16384
preemptive halt, cache_misses = 16384
preemptive halt, cache_misses = 16384
preemptive halt, cache_misses = 16384
preemptive halt, cache_misses = 16384
preemptive halt, cache_misses = 16384
preemptive halt, cache_misses = 16384
preemptive halt, cache_misses = 16384
preemptive halt, cache_misses = 16384
preemptive halt, cache_misses = 16384
preemptive halt, cache_misses = 16384
preemptive halt, cache_misses = 16384
preemptive halt, cache_misses = 16384
preemptive halt, cache_misses = 16384
preemptive halt, cache_misses = 16384
preemptive halt, cache_misses = 16384
preemptive halt, cache_misses = 16384
preemptive halt, cache_misses = 16384
preemptive halt, cache_misses = 16384
preemptive halt, cache_misses = 16384
preemptive halt, cache_misses = 16384
preemptive halt, cache_misses = 16384
preemptive halt, cache_misses = 16384
preemptive halt, cache_misses = 16384
preemptive halt, cache_misses = 16384
preemptive halt, cache_misses = 16384
preemptive halt, cache_misses = 16384
preemptive halt, cache_misses = 16384
preemptive halt, cache_misses = 16384
preemptive halt, cache_misses = 16384
preemptive halt, cache_misses = 16384
preemptive halt, cache_misses = 16384
preemptive halt, cache_misses = 16384
preemptive halt, cache_misses = 16384
preemptive halt, cache_misses = 16384
preemptive halt, cache_misses = 16384
preemptive halt, cache_misses = 16384
preemptive halt, cache_misses = 16384
preemptive halt, cache_misses = 16384
preemptive halt, cache_misses = 16384
preemptive halt, cache_misses = 16384
preemptive halt, cache_misses = 16384
preemptive halt, cache_misses = 16384
preemptive halt, cache_misses = 16384
preemptive halt, cache_misses = 16384
preemptive halt, cache_misses = 16384
preemptive halt, cache_misses = 16384
preemptive halt, cache_misses = 16384
preemptive halt, cache_misses = 16384
preemptive halt, cache_misses = 16384
preemptive halt, cache_misses = 16384
preemptive halt, cache_misses = 16384
preemptive halt, cache_misses = 16384
preemptive halt, cache_misses = 16384
preemptive halt, cache_misses = 16384
preemptive halt, cache_misses = 16384
preemptive halt, cache_misses = 16384
preemptive halt, cache_misses = 16384
preemptive halt, cache_misses = 16384
preemptive halt, cache_misses = 16384
preemptive halt, cache_misses = 16384
preemptive halt, cache_misses = 16384
preemptive halt, cache_misses = 16384
preemptive halt, cache_misses = 16384
preemptive halt, cache_misses = 16384
preemptive halt, cache_misses = 16384
preemptive halt, cache_misses = 16384
preemptive halt, cache_misses = 16384
preemptive halt, cache_misses = 16384
preemptive halt, cache_misses = 16384
preemptive halt, cache_misses = 16384
preemptive halt, cache_misses = 16384
preemptive halt, cache_misses = 16384
preemptive halt, cache_misses = 16384
preemptive halt, cache_misses = 16384
preemptive halt, cache_misses = 16384
preemptive halt, cache_misses = 16384
preemptive halt, cache_misses = 16384
preemptive halt, cache_misses = 16384
preemptive halt, cache_misses = 16384
preemptive halt, cache_misses = 16384
preemptive halt, cache_misses = 16384
preemptive halt, cache_misses = 16384
preemptive halt, cache_misses = 16384
preemptive halt, cache_misses = 16384
preemptive halt, cache_misses = 16384
preemptive halt, cache_misses = 16384
preemptive halt, cache_misses = 16384
preemptive halt, cache_misses = 16384
preemptive halt, cache_misses = 16384
preemptive halt, cache_misses = 16384
binary search, size 5000  misses 16384  min 0  max 10000
preemptive halt, cache_misses = 16385
preemptive halt, cache_misses = 16385
preemptive halt, cache_misses = 16385
preemptive halt, cache_misses = 16385
preemptive halt, cache_misses = 16385
preemptive halt, cache_misses = 16385
preemptive halt, cache_misses = 16385
preemptive halt, cache_misses = 16385
preemptive halt, cache_misses = 16385
preemptive halt, cache_misses = 16385
preemptive halt, cache_misses = 16385
preemptive halt, cache_misses = 16385
preemptive halt, cache_misses = 16385
preemptive halt, cache_misses = 16385
preemptive halt, cache_misses = 16385
preemptive halt, cache_misses = 16385
preemptive halt, cache_misses = 16385
preemptive halt, cache_misses = 16385
preemptive halt, cache_misses = 16385
preemptive halt, cache_misses = 16385
preemptive halt, cache_misses = 16385
preemptive halt, cache_misses = 16385
preemptive halt, cache_misses = 16385
preemptive halt, cache_misses = 16385
preemptive halt, cache_misses = 16385
preemptive halt, cache_misses = 16385
preemptive halt, cache_misses = 16385
preemptive halt, cache_misses = 16385
preemptive halt, cache_misses = 16385
preemptive halt, cache_misses = 16385
preemptive halt, cache_misses = 16385
preemptive halt, cache_misses = 16385
preemptive halt, cache_misses = 16385
preemptive halt, cache_misses = 16385
preemptive halt, cache_misses = 16385
preemptive halt, cache_misses = 16385
preemptive halt, cache_misses = 16385
preemptive halt, cache_misses = 16385
preemptive halt, cache_misses = 16385
preemptive halt, cache_misses = 16385
preemptive halt, cache_misses = 16385
preemptive halt, cache_misses = 16385
preemptive halt, cache_misses = 16385
preemptive halt, cache_misses = 16385
preemptive halt, cache_misses = 16385
preemptive halt, cache_misses = 16385
preemptive halt, cache_misses = 16385
preemptive halt, cache_misses = 16385
preemptive halt, cache_misses = 16385
preemptive halt, cache_misses = 16385
preemptive halt, cache_misses = 16385
preemptive halt, cache_misses = 16385
preemptive halt, cache_misses = 16385
preemptive halt, cache_misses = 16385
preemptive halt, cache_misses = 16385
preemptive halt, cache_misses = 16385
preemptive halt, cache_misses = 16385
preemptive halt, cache_misses = 16385
preemptive halt, cache_misses = 16385
preemptive halt, cache_misses = 16385
preemptive halt, cache_misses = 16385
preemptive halt, cache_misses = 16385
preemptive halt, cache_misses = 16385
preemptive halt, cache_misses = 16385
preemptive halt, cache_misses = 16385
preemptive halt, cache_misses = 16385
preemptive halt, cache_misses = 16385
preemptive halt, cache_misses = 16385
preemptive halt, cache_misses = 16385
preemptive halt, cache_misses = 16385
preemptive halt, cache_misses = 16385
preemptive halt, cache_misses = 16385
preemptive halt, cache_misses = 16385
preemptive halt, cache_misses = 16385
preemptive halt, cache_misses = 16385
preemptive halt, cache_misses = 16385
preemptive halt, cache_misses = 16385
preemptive halt, cache_misses = 16385
preemptive halt, cache_misses = 16385
preemptive halt, cache_misses = 16385
preemptive halt, cache_misses = 16385
preemptive halt, cache_misses = 16385
preemptive halt, cache_misses = 16385
preemptive halt, cache_misses = 16385
preemptive halt, cache_misses = 16385
preemptive halt, cache_misses = 16385
preemptive halt, cache_misses = 16385
preemptive halt, cache_misses = 16385
preemptive halt, cache_misses = 16385
preemptive halt, cache_misses = 16385
preemptive halt, cache_misses = 16385
preemptive halt, cache_misses = 16385
preemptive halt, cache_misses = 16385
preemptive halt, cache_misses = 16385
preemptive halt, cache_misses = 16385
preemptive halt, cache_misses = 16385
preemptive halt, cache_misses = 16385
preemptive halt, cache_misses = 16385
preemptive halt, cache_misses = 16385
preemptive halt, cache_misses = 16385
preemptive halt, cache_misses = 16385
preemptive halt, cache_misses = 16385
preemptive halt, cache_misses = 16385
preemptive halt, cache_misses = 16385
preemptive halt, cache_misses = 16385
preemptive halt, cache_misses = 16385
preemptive halt, cache_misses = 16385
preemptive halt, cache_misses = 16385
preemptive halt, cache_misses = 16385
preemptive halt, cache_misses = 16385
preemptive halt, cache_misses = 16385
preemptive halt, cache_misses = 16385
preemptive halt, cache_misses = 16385
preemptive halt, cache_misses = 16385
preemptive halt, cache_misses = 16385
preemptive halt, cache_misses = 16385
preemptive halt, cache_misses = 16385
preemptive halt, cache_misses = 16385
preemptive halt, cache_misses = 16385
preemptive halt, cache_misses = 16385
preemptive halt, cache_misses = 16385
preemptive halt, cache_misses = 16385
preemptive halt, cache_misses = 16385
preemptive halt, cache_misses = 16385
preemptive halt, cache_misses = 16385
preemptive halt, cache_misses = 16385
preemptive halt, cache_misses = 16385
preemptive halt, cache_misses = 16385
preemptive halt, cache_misses = 16385
preemptive halt, cache_misses = 16385
preemptive halt, cache_misses = 16385
preemptive halt, cache_misses = 16385
preemptive halt, cache_misses = 16385
preemptive halt, cache_misses = 16385
preemptive halt, cache_misses = 16385
preemptive halt, cache_misses = 16385
preemptive halt, cache_misses = 16385
preemptive halt, cache_misses = 16385
preemptive halt, cache_misses = 16385
preemptive halt, cache_misses = 16385
preemptive halt, cache_misses = 16385
preemptive halt, cache_misses = 16385
preemptive halt, cache_misses = 16385
preemptive halt, cache_misses = 16385
preemptive halt, cache_misses = 16385
preemptive halt, cache_misses = 16385
preemptive halt, cache_misses = 16385
preemptive halt, cache_misses = 16385
preemptive halt, cache_misses = 16385
preemptive halt, cache_misses = 16385
preemptive halt, cache_misses = 16385
preemptive halt, cache_misses = 16385
preemptive halt, cache_misses = 16385
preemptive halt, cache_misses = 16385
preemptive halt, cache_misses = 16385
preemptive halt, cache_misses = 16385
preemptive halt, cache_misses = 16385
preemptive halt, cache_misses = 16385
preemptive halt, cache_misses = 16385
preemptive halt, cache_misses = 16385
preemptive halt, cache_misses = 16385
preemptive halt, cache_misses = 16385
preemptive halt, cache_misses = 16385
preemptive halt, cache_misses = 16385
preemptive halt, cache_misses = 16385
preemptive halt, cache_misses = 16385
preemptive halt, cache_misses = 16385
preemptive halt, cache_misses = 16385
preemptive halt, cache_misses = 16385
preemptive halt, cache_misses = 16385
preemptive halt, cache_misses = 16385
preemptive halt, cache_misses = 16385
preemptive halt, cache_misses = 16385
preemptive halt, cache_misses = 16385
preemptive halt, cache_misses = 16385
preemptive halt, cache_misses = 16385
preemptive halt, cache_misses = 16385
preemptive halt, cache_misses = 16385
preemptive halt, cache_misses = 16385
preemptive halt, cache_misses = 16385
preemptive halt, cache_misses = 16385
preemptive halt, cache_misses = 16385
preemptive halt, cache_misses = 16385
preemptive halt, cache_misses = 16385
preemptive halt, cache_misses = 16385
preemptive halt, cache_misses = 16385
preemptive halt, cache_misses = 16385
preemptive halt, cache_misses = 16385
preemptive halt, cache_misses = 16385
preemptive halt, cache_misses = 16385
preemptive halt, cache_misses = 16385
preemptive halt, cache_misses = 16385
preemptive halt, cache_misses = 16385
preemptive halt, cache_misses = 16385
preemptive halt, cache_misses = 16385
preemptive halt, cache_misses = 16385
preemptive halt, cache_misses = 16385
preemptive halt, cache_misses = 16385
preemptive halt, cache_misses = 16385
preemptive halt, cache_misses = 16385
preemptive halt, cache_misses = 16385
preemptive halt, cache_misses = 16385
preemptive halt, cache_misses = 16385
preemptive halt, cache_misses = 16385
preemptive halt, cache_misses = 16385
preemptive halt, cache_misses = 16385
preemptive halt, cache_misses = 16385
preemptive halt, cache_misses = 16385
preemptive halt, cache_misses = 16385
preemptive halt, cache_misses = 16385
preemptive halt, cache_misses = 16385
preemptive halt, cache_misses = 16385
preemptive halt, cache_misses = 16385
preemptive halt, cache_misses = 16385
preemptive halt, cache_misses = 16385
preemptive halt, cache_misses = 16385
preemptive halt, cache_misses = 16385
preemptive halt, cache_misses = 16385
preemptive halt, cache_misses = 16385
preemptive halt, cache_misses = 16385
preemptive halt, cache_misses = 16385
preemptive halt, cache_misses = 16385
preemptive halt, cache_misses = 16385
preemptive halt, cache_misses = 16385
preemptive halt, cache_misses = 16385
preemptive halt, cache_misses = 16385
preemptive halt, cache_misses = 16385
preemptive halt, cache_misses = 16385
preemptive halt, cache_misses = 16385
preemptive halt, cache_misses = 16385
preemptive halt, cache_misses = 16385
preemptive halt, cache_misses = 16385
preemptive halt, cache_misses = 16385
preemptive halt, cache_misses = 16385
preemptive halt, cache_misses = 16385
preemptive halt, cache_misses = 16385
preemptive halt, cache_misses = 16385
preemptive halt, cache_misses = 16385
preemptive halt, cache_misses = 16385
preemptive halt, cache_misses = 16385
preemptive halt, cache_misses = 16385
preemptive halt, cache_misses = 16385
preemptive halt, cache_misses = 16385
preemptive halt, cache_misses = 16385
preemptive halt, cache_misses = 16385
preemptive halt, cache_misses = 16385
binary search, size 7500  misses 16385  min 5000  max 10000
binary search, size 8750  misses 16383  min 7500  max 10000
preemptive halt, cache_misses = 16384
preemptive halt, cache_misses = 16384
preemptive halt, cache_misses = 16384
preemptive halt, cache_misses = 16384
binary search, size 8125  misses 16384  min 7500  max 8750
binary search, size 8437  misses 16383  min 8125  max 8750
binary search, size 8281  misses 16383  min 8125  max 8437
binary search, size 8203  misses 16383  min 8125  max 8281
preemptive halt, cache_misses = 16384
preemptive halt, cache_misses = 16384
preemptive halt, cache_misses = 16384
preemptive halt, cache_misses = 16384
binary search, size 8164  misses 16384  min 8125  max 8203
preemptive halt, cache_misses = 16385
preemptive halt, cache_misses = 16385
preemptive halt, cache_misses = 16385
preemptive halt, cache_misses = 16385
preemptive halt, cache_misses = 16385
preemptive halt, cache_misses = 16385
binary search, size 8183  misses 16385  min 8164  max 8203
binary search, size 8193  misses 16383  min 8183  max 8203
preemptive halt, cache_misses = 16384
preemptive halt, cache_misses = 16384
preemptive halt, cache_misses = 16384
preemptive halt, cache_misses = 16384
binary search, size 8188  misses 16384  min 8183  max 8193
preemptive halt, cache_misses = 16385
preemptive halt, cache_misses = 16385
preemptive halt, cache_misses = 16385
preemptive halt, cache_misses = 16385
preemptive halt, cache_misses = 16385
preemptive halt, cache_misses = 16385
binary search, size 8190  misses 16385  min 8188  max 8193
binary search, size 8191  misses 16383  min 8190  max 8193
characteristic cache size (binary search) for 127 = 8191
End at: 2021-04-02 15:29:27.877247
Time elapsed: 0:00:00.334472
