Begin at: 2021-04-02 15:33:40.764385
['../dist/Debug/GNU-Linux/memo_batch_tester', '', '--mbt_execution_trace_fname', 'olcs4_traceback_csize_input_types/OLCS4_lru_2021_04_02__15_29_05_k_3__d_2_cache_size_160000_problems_10_to_400/OLCS4_lru_2021_04_02__15_29_05_k_3__d_2_cache_size_160000_problems_10_to_400/OLCS4__do_traceback_prob_size_349_cache_size_160000_lru_k_3_d_2_execution_trace_2021_4_2_15_33_40_pid_17711.log', '--mbt_cache_misses_fname', 'olcs4_traceback_csize_input_types/OLCS4_lru_2021_04_02__15_29_05_k_3__d_2_cache_size_160000_problems_10_to_400/lcs_cost_OLCS4_lru_misses_for_cache_size.csv', '--mbt_misses_for_problem_size_fname', 'olcs4_traceback_csize_input_types/OLCS4_lru_2021_04_02__15_29_05_k_3__d_2_cache_size_160000_problems_10_to_400/lcs_cost_OLCS4_lru_misses_for_problem_size.csv', '--mbt_exact_cutoff_min_cache_size', '160000', '--mbt_exact_cutoff_max_cache_size', '160000', '--mbt_problem_type', 'lcs', '--mbt_metric_type', 'csize_binary_search', '--mbt_cutoff_ratio', '2.2', '--mbt_instance_fname', '349', '--mbt_detailed_cache_misses_out_fname', 'csize_olcs4_traceback_0011n_ceil_n_b_2.csv', '--mbt_phi_N', '5.0', '--mbt_problem_size', '349', '--lcs_compute_length', '0', '--lcs_perform_traceback', '1', '--lig_instance_type', '0011n_ceil_n_b', '--lig_n', '349', '--lig_c', '0.9', '--lig_b', '2.0', '--lcs_oblivious', '4', '--lcs_execution_trace_fname', 'olcs4_traceback_csize_input_types/OLCS4_lru_2021_04_02__15_29_05_k_3__d_2_cache_size_160000_problems_10_to_400/OLCS4_lru_2021_04_02__15_29_05_k_3__d_2_cache_size_160000_problems_10_to_400/OLCS4__do_traceback_prob_size_349_cache_size_160000_lru_k_3_d_2_execution_trace_2021_4_2_15_33_40_pid_17711.log', '--memo_caching_strategy', 'lru', '--memo_cache_size', '160001', '--memo_lru_queue_size', '160000', '--memo_cuckoo_k', '4', '--memo_key_length', '8', '--memo_value_length', '8', '--memo_k_timestamps', '3', '--memo_d_recent_timestamps', '2', '--memo_a_items_per_timestamp_factor', '0.4375']

csize_binary_search chosen
lcs problem_type lcs cache_size 160001
initialize_long_int_cache begin
init_memo
arguments to memo:
 --mbt_execution_trace_fname olcs4_traceback_csize_input_types/OLCS4_lru_2021_04_02__15_29_05_k_3__d_2_cache_size_160000_problems_10_to_400/OLCS4_lru_2021_04_02__15_29_05_k_3__d_2_cache_size_160000_problems_10_to_400/OLCS4__do_traceback_prob_size_349_cache_size_160000_lru_k_3_d_2_execution_trace_2021_4_2_15_33_40_pid_17711.log --mbt_cache_misses_fname olcs4_traceback_csize_input_types/OLCS4_lru_2021_04_02__15_29_05_k_3__d_2_cache_size_160000_problems_10_to_400/lcs_cost_OLCS4_lru_misses_for_cache_size.csv --mbt_misses_for_problem_size_fname olcs4_traceback_csize_input_types/OLCS4_lru_2021_04_02__15_29_05_k_3__d_2_cache_size_160000_problems_10_to_400/lcs_cost_OLCS4_lru_misses_for_problem_size.csv --mbt_exact_cutoff_min_cache_size 160000 --mbt_exact_cutoff_max_cache_size 160000 --mbt_problem_type lcs --mbt_metric_type csize_binary_search --mbt_cutoff_ratio 2.2 --mbt_instance_fname 349 --mbt_detailed_cache_misses_out_fname csize_olcs4_traceback_0011n_ceil_n_b_2.csv --mbt_phi_N 5.0 --mbt_problem_size 349 --lcs_compute_length 0 --lcs_perform_traceback 1 --lig_instance_type 0011n_ceil_n_b --lig_n 349 --lig_c 0.9 --lig_b 2.0 --lcs_oblivious 4 --lcs_execution_trace_fname olcs4_traceback_csize_input_types/OLCS4_lru_2021_04_02__15_29_05_k_3__d_2_cache_size_160000_problems_10_to_400/OLCS4_lru_2021_04_02__15_29_05_k_3__d_2_cache_size_160000_problems_10_to_400/OLCS4__do_traceback_prob_size_349_cache_size_160000_lru_k_3_d_2_execution_trace_2021_4_2_15_33_40_pid_17711.log --memo_caching_strategy lru --memo_cache_size 160001 --memo_lru_queue_size 160000 --memo_cuckoo_k 4 --memo_key_length 8 --memo_value_length 8 --memo_k_timestamps 3 --memo_d_recent_timestamps 2 --memo_a_items_per_timestamp_factor 0.4375 
calculate_table_size: table_size is 262144, original is 160001
Finished initializing cache
initialize_long_int_cache end
done initializing cache
initializing problem
done initializing problem
commence trials
Starting characteristic_cache_size_binary_search with max cache size 160001
binary search, size 160001  misses 122499
binary search, size 80000  misses 122499  min 0  max 160001
preemptive halt, cache_misses = 122500
preemptive halt, cache_misses = 122500
preemptive halt, cache_misses = 122500
preemptive halt, cache_misses = 122500
preemptive halt, cache_misses = 122500
preemptive halt, cache_misses = 122500
preemptive halt, cache_misses = 122500
preemptive halt, cache_misses = 122500
preemptive halt, cache_misses = 122500
preemptive halt, cache_misses = 122500
preemptive halt, cache_misses = 122500
preemptive halt, cache_misses = 122500
preemptive halt, cache_misses = 122500
preemptive halt, cache_misses = 122500
preemptive halt, cache_misses = 122500
preemptive halt, cache_misses = 122500
preemptive halt, cache_misses = 122500
preemptive halt, cache_misses = 122500
preemptive halt, cache_misses = 122500
preemptive halt, cache_misses = 122500
preemptive halt, cache_misses = 122500
preemptive halt, cache_misses = 122500
preemptive halt, cache_misses = 122500
preemptive halt, cache_misses = 122500
preemptive halt, cache_misses = 122500
preemptive halt, cache_misses = 122500
preemptive halt, cache_misses = 122500
preemptive halt, cache_misses = 122500
preemptive halt, cache_misses = 122500
preemptive halt, cache_misses = 122500
preemptive halt, cache_misses = 122500
preemptive halt, cache_misses = 122500
preemptive halt, cache_misses = 122500
preemptive halt, cache_misses = 122500
preemptive halt, cache_misses = 122500
preemptive halt, cache_misses = 122500
preemptive halt, cache_misses = 122500
preemptive halt, cache_misses = 122500
preemptive halt, cache_misses = 122500
preemptive halt, cache_misses = 122500
preemptive halt, cache_misses = 122500
preemptive halt, cache_misses = 122500
preemptive halt, cache_misses = 122500
preemptive halt, cache_misses = 122500
preemptive halt, cache_misses = 122500
preemptive halt, cache_misses = 122500
preemptive halt, cache_misses = 122500
preemptive halt, cache_misses = 122500
preemptive halt, cache_misses = 122500
preemptive halt, cache_misses = 122500
preemptive halt, cache_misses = 122500
preemptive halt, cache_misses = 122500
preemptive halt, cache_misses = 122500
preemptive halt, cache_misses = 122500
preemptive halt, cache_misses = 122500
preemptive halt, cache_misses = 122500
preemptive halt, cache_misses = 122500
preemptive halt, cache_misses = 122500
preemptive halt, cache_misses = 122500
preemptive halt, cache_misses = 122500
preemptive halt, cache_misses = 122500
preemptive halt, cache_misses = 122500
preemptive halt, cache_misses = 122500
preemptive halt, cache_misses = 122500
preemptive halt, cache_misses = 122500
preemptive halt, cache_misses = 122500
preemptive halt, cache_misses = 122500
preemptive halt, cache_misses = 122500
preemptive halt, cache_misses = 122500
preemptive halt, cache_misses = 122500
preemptive halt, cache_misses = 122500
preemptive halt, cache_misses = 122500
preemptive halt, cache_misses = 122500
preemptive halt, cache_misses = 122500
preemptive halt, cache_misses = 122500
preemptive halt, cache_misses = 122500
preemptive halt, cache_misses = 122500
preemptive halt, cache_misses = 122500
preemptive halt, cache_misses = 122500
preemptive halt, cache_misses = 122500
preemptive halt, cache_misses = 122500
preemptive halt, cache_misses = 122500
preemptive halt, cache_misses = 122500
preemptive halt, cache_misses = 122500
preemptive halt, cache_misses = 122500
preemptive halt, cache_misses = 122500
preemptive halt, cache_misses = 122500
preemptive halt, cache_misses = 122500
preemptive halt, cache_misses = 122500
preemptive halt, cache_misses = 122500
preemptive halt, cache_misses = 122500
preemptive halt, cache_misses = 122500
preemptive halt, cache_misses = 122500
preemptive halt, cache_misses = 122500
preemptive halt, cache_misses = 122500
preemptive halt, cache_misses = 122500
preemptive halt, cache_misses = 122500
preemptive halt, cache_misses = 122500
preemptive halt, cache_misses = 122500
preemptive halt, cache_misses = 122500
preemptive halt, cache_misses = 122500
preemptive halt, cache_misses = 122500
preemptive halt, cache_misses = 122500
preemptive halt, cache_misses = 122500
preemptive halt, cache_misses = 122500
preemptive halt, cache_misses = 122500
preemptive halt, cache_misses = 122500
preemptive halt, cache_misses = 122500
preemptive halt, cache_misses = 122500
preemptive halt, cache_misses = 122500
preemptive halt, cache_misses = 122500
preemptive halt, cache_misses = 122500
preemptive halt, cache_misses = 122500
preemptive halt, cache_misses = 122500
preemptive halt, cache_misses = 122500
preemptive halt, cache_misses = 122500
preemptive halt, cache_misses = 122500
preemptive halt, cache_misses = 122500
preemptive halt, cache_misses = 122500
preemptive halt, cache_misses = 122500
preemptive halt, cache_misses = 122500
preemptive halt, cache_misses = 122500
preemptive halt, cache_misses = 122500
preemptive halt, cache_misses = 122500
preemptive halt, cache_misses = 122500
preemptive halt, cache_misses = 122500
preemptive halt, cache_misses = 122500
preemptive halt, cache_misses = 122500
preemptive halt, cache_misses = 122500
preemptive halt, cache_misses = 122500
preemptive halt, cache_misses = 122500
preemptive halt, cache_misses = 122500
preemptive halt, cache_misses = 122500
preemptive halt, cache_misses = 122500
preemptive halt, cache_misses = 122500
preemptive halt, cache_misses = 122500
preemptive halt, cache_misses = 122500
preemptive halt, cache_misses = 122500
preemptive halt, cache_misses = 122500
preemptive halt, cache_misses = 122500
preemptive halt, cache_misses = 122500
preemptive halt, cache_misses = 122500
preemptive halt, cache_misses = 122500
preemptive halt, cache_misses = 122500
preemptive halt, cache_misses = 122500
preemptive halt, cache_misses = 122500
preemptive halt, cache_misses = 122500
preemptive halt, cache_misses = 122500
preemptive halt, cache_misses = 122500
preemptive halt, cache_misses = 122500
preemptive halt, cache_misses = 122500
preemptive halt, cache_misses = 122500
preemptive halt, cache_misses = 122500
preemptive halt, cache_misses = 122500
preemptive halt, cache_misses = 122500
preemptive halt, cache_misses = 122500
preemptive halt, cache_misses = 122500
preemptive halt, cache_misses = 122500
preemptive halt, cache_misses = 122500
preemptive halt, cache_misses = 122500
preemptive halt, cache_misses = 122500
preemptive halt, cache_misses = 122500
preemptive halt, cache_misses = 122500
preemptive halt, cache_misses = 122500
preemptive halt, cache_misses = 122500
preemptive halt, cache_misses = 122500
preemptive halt, cache_misses = 122500
preemptive halt, cache_misses = 122500
preemptive halt, cache_misses = 122500
preemptive halt, cache_misses = 122500
preemptive halt, cache_misses = 122500
preemptive halt, cache_misses = 122500
preemptive halt, cache_misses = 122500
preemptive halt, cache_misses = 122500
preemptive halt, cache_misses = 122500
preemptive halt, cache_misses = 122500
preemptive halt, cache_misses = 122500
preemptive halt, cache_misses = 122500
preemptive halt, cache_misses = 122500
preemptive halt, cache_misses = 122500
preemptive halt, cache_misses = 122500
preemptive halt, cache_misses = 122500
preemptive halt, cache_misses = 122500
preemptive halt, cache_misses = 122500
preemptive halt, cache_misses = 122500
preemptive halt, cache_misses = 122500
preemptive halt, cache_misses = 122500
preemptive halt, cache_misses = 122500
preemptive halt, cache_misses = 122500
preemptive halt, cache_misses = 122500
preemptive halt, cache_misses = 122500
preemptive halt, cache_misses = 122500
preemptive halt, cache_misses = 122500
preemptive halt, cache_misses = 122500
preemptive halt, cache_misses = 122500
preemptive halt, cache_misses = 122500
preemptive halt, cache_misses = 122500
preemptive halt, cache_misses = 122500
preemptive halt, cache_misses = 122500
preemptive halt, cache_misses = 122500
preemptive halt, cache_misses = 122500
preemptive halt, cache_misses = 122500
preemptive halt, cache_misses = 122500
preemptive halt, cache_misses = 122500
preemptive halt, cache_misses = 122500
preemptive halt, cache_misses = 122500
preemptive halt, cache_misses = 122500
preemptive halt, cache_misses = 122500
preemptive halt, cache_misses = 122500
preemptive halt, cache_misses = 122500
preemptive halt, cache_misses = 122500
preemptive halt, cache_misses = 122500
preemptive halt, cache_misses = 122500
preemptive halt, cache_misses = 122500
preemptive halt, cache_misses = 122500
preemptive halt, cache_misses = 122500
preemptive halt, cache_misses = 122500
preemptive halt, cache_misses = 122500
preemptive halt, cache_misses = 122500
preemptive halt, cache_misses = 122500
preemptive halt, cache_misses = 122500
preemptive halt, cache_misses = 122500
preemptive halt, cache_misses = 122500
preemptive halt, cache_misses = 122500
preemptive halt, cache_misses = 122500
preemptive halt, cache_misses = 122500
preemptive halt, cache_misses = 122500
preemptive halt, cache_misses = 122500
preemptive halt, cache_misses = 122500
preemptive halt, cache_misses = 122500
preemptive halt, cache_misses = 122500
preemptive halt, cache_misses = 122500
preemptive halt, cache_misses = 122500
preemptive halt, cache_misses = 122500
preemptive halt, cache_misses = 122500
preemptive halt, cache_misses = 122500
preemptive halt, cache_misses = 122500
preemptive halt, cache_misses = 122500
preemptive halt, cache_misses = 122500
preemptive halt, cache_misses = 122500
preemptive halt, cache_misses = 122500
preemptive halt, cache_misses = 122500
preemptive halt, cache_misses = 122500
preemptive halt, cache_misses = 122500
preemptive halt, cache_misses = 122500
preemptive halt, cache_misses = 122500
preemptive halt, cache_misses = 122500
preemptive halt, cache_misses = 122500
preemptive halt, cache_misses = 122500
preemptive halt, cache_misses = 122500
preemptive halt, cache_misses = 122500
preemptive halt, cache_misses = 122500
preemptive halt, cache_misses = 122500
preemptive halt, cache_misses = 122500
preemptive halt, cache_misses = 122500
preemptive halt, cache_misses = 122500
preemptive halt, cache_misses = 122500
preemptive halt, cache_misses = 122500
preemptive halt, cache_misses = 122500
preemptive halt, cache_misses = 122500
preemptive halt, cache_misses = 122500
preemptive halt, cache_misses = 122500
preemptive halt, cache_misses = 122500
preemptive halt, cache_misses = 122500
preemptive halt, cache_misses = 122500
preemptive halt, cache_misses = 122500
preemptive halt, cache_misses = 122500
preemptive halt, cache_misses = 122500
preemptive halt, cache_misses = 122500
preemptive halt, cache_misses = 122500
preemptive halt, cache_misses = 122500
preemptive halt, cache_misses = 122500
preemptive halt, cache_misses = 122500
preemptive halt, cache_misses = 122500
preemptive halt, cache_misses = 122500
preemptive halt, cache_misses = 122500
preemptive halt, cache_misses = 122500
preemptive halt, cache_misses = 122500
preemptive halt, cache_misses = 122500
preemptive halt, cache_misses = 122500
preemptive halt, cache_misses = 122500
preemptive halt, cache_misses = 122500
preemptive halt, cache_misses = 122500
preemptive halt, cache_misses = 122500
preemptive halt, cache_misses = 122500
preemptive halt, cache_misses = 122500
preemptive halt, cache_misses = 122500
preemptive halt, cache_misses = 122500
preemptive halt, cache_misses = 122500
preemptive halt, cache_misses = 122500
preemptive halt, cache_misses = 122500
preemptive halt, cache_misses = 122500
preemptive halt, cache_misses = 122500
preemptive halt, cache_misses = 122500
preemptive halt, cache_misses = 122500
preemptive halt, cache_misses = 122500
preemptive halt, cache_misses = 122500
preemptive halt, cache_misses = 122500
preemptive halt, cache_misses = 122500
preemptive halt, cache_misses = 122500
preemptive halt, cache_misses = 122500
preemptive halt, cache_misses = 122500
preemptive halt, cache_misses = 122500
preemptive halt, cache_misses = 122500
preemptive halt, cache_misses = 122500
preemptive halt, cache_misses = 122500
preemptive halt, cache_misses = 122500
preemptive halt, cache_misses = 122500
preemptive halt, cache_misses = 122500
preemptive halt, cache_misses = 122500
preemptive halt, cache_misses = 122500
preemptive halt, cache_misses = 122500
preemptive halt, cache_misses = 122500
preemptive halt, cache_misses = 122500
preemptive halt, cache_misses = 122500
preemptive halt, cache_misses = 122500
preemptive halt, cache_misses = 122500
preemptive halt, cache_misses = 122500
preemptive halt, cache_misses = 122500
preemptive halt, cache_misses = 122500
preemptive halt, cache_misses = 122500
preemptive halt, cache_misses = 122500
preemptive halt, cache_misses = 122500
preemptive halt, cache_misses = 122500
preemptive halt, cache_misses = 122500
preemptive halt, cache_misses = 122500
preemptive halt, cache_misses = 122500
preemptive halt, cache_misses = 122500
preemptive halt, cache_misses = 122500
preemptive halt, cache_misses = 122500
preemptive halt, cache_misses = 122500
preemptive halt, cache_misses = 122500
preemptive halt, cache_misses = 122500
preemptive halt, cache_misses = 122500
preemptive halt, cache_misses = 122500
preemptive halt, cache_misses = 122500
preemptive halt, cache_misses = 122500
preemptive halt, cache_misses = 122500
preemptive halt, cache_misses = 122500
preemptive halt, cache_misses = 122500
preemptive halt, cache_misses = 122500
preemptive halt, cache_misses = 122500
preemptive halt, cache_misses = 122500
preemptive halt, cache_misses = 122500
preemptive halt, cache_misses = 122500
preemptive halt, cache_misses = 122500
preemptive halt, cache_misses = 122500
preemptive halt, cache_misses = 122500
preemptive halt, cache_misses = 122500
preemptive halt, cache_misses = 122500
preemptive halt, cache_misses = 122500
preemptive halt, cache_misses = 122500
preemptive halt, cache_misses = 122500
preemptive halt, cache_misses = 122500
preemptive halt, cache_misses = 122500
preemptive halt, cache_misses = 122500
preemptive halt, cache_misses = 122500
preemptive halt, cache_misses = 122500
preemptive halt, cache_misses = 122500
preemptive halt, cache_misses = 122500
preemptive halt, cache_misses = 122500
preemptive halt, cache_misses = 122500
preemptive halt, cache_misses = 122500
preemptive halt, cache_misses = 122500
preemptive halt, cache_misses = 122500
preemptive halt, cache_misses = 122500
preemptive halt, cache_misses = 122500
preemptive halt, cache_misses = 122500
preemptive halt, cache_misses = 122500
preemptive halt, cache_misses = 122500
preemptive halt, cache_misses = 122500
preemptive halt, cache_misses = 122500
preemptive halt, cache_misses = 122500
preemptive halt, cache_misses = 122500
preemptive halt, cache_misses = 122500
preemptive halt, cache_misses = 122500
preemptive halt, cache_misses = 122500
preemptive halt, cache_misses = 122500
preemptive halt, cache_misses = 122500
preemptive halt, cache_misses = 122500
preemptive halt, cache_misses = 122500
preemptive halt, cache_misses = 122500
preemptive halt, cache_misses = 122500
preemptive halt, cache_misses = 122500
preemptive halt, cache_misses = 122500
preemptive halt, cache_misses = 122500
preemptive halt, cache_misses = 122500
preemptive halt, cache_misses = 122500
preemptive halt, cache_misses = 122500
preemptive halt, cache_misses = 122500
preemptive halt, cache_misses = 122500
preemptive halt, cache_misses = 122500
preemptive halt, cache_misses = 122500
preemptive halt, cache_misses = 122500
preemptive halt, cache_misses = 122500
preemptive halt, cache_misses = 122500
preemptive halt, cache_misses = 122500
preemptive halt, cache_misses = 122500
preemptive halt, cache_misses = 122500
preemptive halt, cache_misses = 122500
preemptive halt, cache_misses = 122500
preemptive halt, cache_misses = 122500
preemptive halt, cache_misses = 122500
preemptive halt, cache_misses = 122500
preemptive halt, cache_misses = 122500
preemptive halt, cache_misses = 122500
preemptive halt, cache_misses = 122500
preemptive halt, cache_misses = 122500
preemptive halt, cache_misses = 122500
preemptive halt, cache_misses = 122500
preemptive halt, cache_misses = 122500
preemptive halt, cache_misses = 122500
preemptive halt, cache_misses = 122500
preemptive halt, cache_misses = 122500
preemptive halt, cache_misses = 122500
preemptive halt, cache_misses = 122500
preemptive halt, cache_misses = 122500
preemptive halt, cache_misses = 122500
preemptive halt, cache_misses = 122500
preemptive halt, cache_misses = 122500
preemptive halt, cache_misses = 122500
preemptive halt, cache_misses = 122500
preemptive halt, cache_misses = 122500
preemptive halt, cache_misses = 122500
preemptive halt, cache_misses = 122500
preemptive halt, cache_misses = 122500
preemptive halt, cache_misses = 122500
preemptive halt, cache_misses = 122500
preemptive halt, cache_misses = 122500
preemptive halt, cache_misses = 122500
preemptive halt, cache_misses = 122500
preemptive halt, cache_misses = 122500
preemptive halt, cache_misses = 122500
preemptive halt, cache_misses = 122500
preemptive halt, cache_misses = 122500
preemptive halt, cache_misses = 122500
preemptive halt, cache_misses = 122500
preemptive halt, cache_misses = 122500
preemptive halt, cache_misses = 122500
preemptive halt, cache_misses = 122500
preemptive halt, cache_misses = 122500
preemptive halt, cache_misses = 122500
preemptive halt, cache_misses = 122500
preemptive halt, cache_misses = 122500
preemptive halt, cache_misses = 122500
preemptive halt, cache_misses = 122500
preemptive halt, cache_misses = 122500
preemptive halt, cache_misses = 122500
preemptive halt, cache_misses = 122500
preemptive halt, cache_misses = 122500
preemptive halt, cache_misses = 122500
preemptive halt, cache_misses = 122500
preemptive halt, cache_misses = 122500
preemptive halt, cache_misses = 122500
preemptive halt, cache_misses = 122500
preemptive halt, cache_misses = 122500
preemptive halt, cache_misses = 122500
preemptive halt, cache_misses = 122500
preemptive halt, cache_misses = 122500
preemptive halt, cache_misses = 122500
preemptive halt, cache_misses = 122500
preemptive halt, cache_misses = 122500
preemptive halt, cache_misses = 122500
preemptive halt, cache_misses = 122500
preemptive halt, cache_misses = 122500
preemptive halt, cache_misses = 122500
preemptive halt, cache_misses = 122500
preemptive halt, cache_misses = 122500
preemptive halt, cache_misses = 122500
preemptive halt, cache_misses = 122500
preemptive halt, cache_misses = 122500
preemptive halt, cache_misses = 122500
preemptive halt, cache_misses = 122500
preemptive halt, cache_misses = 122500
preemptive halt, cache_misses = 122500
preemptive halt, cache_misses = 122500
preemptive halt, cache_misses = 122500
preemptive halt, cache_misses = 122500
preemptive halt, cache_misses = 122500
preemptive halt, cache_misses = 122500
preemptive halt, cache_misses = 122500
preemptive halt, cache_misses = 122500
preemptive halt, cache_misses = 122500
preemptive halt, cache_misses = 122500
preemptive halt, cache_misses = 122500
preemptive halt, cache_misses = 122500
preemptive halt, cache_misses = 122500
preemptive halt, cache_misses = 122500
preemptive halt, cache_misses = 122500
preemptive halt, cache_misses = 122500
preemptive halt, cache_misses = 122500
preemptive halt, cache_misses = 122500
preemptive halt, cache_misses = 122500
preemptive halt, cache_misses = 122500
preemptive halt, cache_misses = 122500
preemptive halt, cache_misses = 122500
preemptive halt, cache_misses = 122500
preemptive halt, cache_misses = 122500
preemptive halt, cache_misses = 122500
preemptive halt, cache_misses = 122500
preemptive halt, cache_misses = 122500
preemptive halt, cache_misses = 122500
preemptive halt, cache_misses = 122500
preemptive halt, cache_misses = 122500
preemptive halt, cache_misses = 122500
preemptive halt, cache_misses = 122500
preemptive halt, cache_misses = 122500
preemptive halt, cache_misses = 122500
preemptive halt, cache_misses = 122500
preemptive halt, cache_misses = 122500
preemptive halt, cache_misses = 122500
preemptive halt, cache_misses = 122500
preemptive halt, cache_misses = 122500
preemptive halt, cache_misses = 122500
preemptive halt, cache_misses = 122500
preemptive halt, cache_misses = 122500
preemptive halt, cache_misses = 122500
preemptive halt, cache_misses = 122500
preemptive halt, cache_misses = 122500
preemptive halt, cache_misses = 122500
preemptive halt, cache_misses = 122500
preemptive halt, cache_misses = 122500
preemptive halt, cache_misses = 122500
preemptive halt, cache_misses = 122500
preemptive halt, cache_misses = 122500
preemptive halt, cache_misses = 122500
preemptive halt, cache_misses = 122500
preemptive halt, cache_misses = 122500
preemptive halt, cache_misses = 122500
preemptive halt, cache_misses = 122500
preemptive halt, cache_misses = 122500
preemptive halt, cache_misses = 122500
preemptive halt, cache_misses = 122500
preemptive halt, cache_misses = 122500
preemptive halt, cache_misses = 122500
preemptive halt, cache_misses = 122500
preemptive halt, cache_misses = 122500
preemptive halt, cache_misses = 122500
preemptive halt, cache_misses = 122500
preemptive halt, cache_misses = 122500
preemptive halt, cache_misses = 122500
preemptive halt, cache_misses = 122500
preemptive halt, cache_misses = 122500
preemptive halt, cache_misses = 122500
preemptive halt, cache_misses = 122500
preemptive halt, cache_misses = 122500
preemptive halt, cache_misses = 122500
preemptive halt, cache_misses = 122500
preemptive halt, cache_misses = 122500
preemptive halt, cache_misses = 122500
preemptive halt, cache_misses = 122500
preemptive halt, cache_misses = 122500
preemptive halt, cache_misses = 122500
preemptive halt, cache_misses = 122500
preemptive halt, cache_misses = 122500
preemptive halt, cache_misses = 122500
preemptive halt, cache_misses = 122500
preemptive halt, cache_misses = 122500
preemptive halt, cache_misses = 122500
preemptive halt, cache_misses = 122500
preemptive halt, cache_misses = 122500
preemptive halt, cache_misses = 122500
preemptive halt, cache_misses = 122500
preemptive halt, cache_misses = 122500
preemptive halt, cache_misses = 122500
preemptive halt, cache_misses = 122500
preemptive halt, cache_misses = 122500
preemptive halt, cache_misses = 122500
preemptive halt, cache_misses = 122500
preemptive halt, cache_misses = 122500
preemptive halt, cache_misses = 122500
preemptive halt, cache_misses = 122500
preemptive halt, cache_misses = 122500
preemptive halt, cache_misses = 122500
preemptive halt, cache_misses = 122500
preemptive halt, cache_misses = 122500
preemptive halt, cache_misses = 122500
preemptive halt, cache_misses = 122500
binary search, size 40000  misses 122500  min 0  max 80000
preemptive halt, cache_misses = 122501
preemptive halt, cache_misses = 122501
preemptive halt, cache_misses = 122501
preemptive halt, cache_misses = 122501
preemptive halt, cache_misses = 122501
preemptive halt, cache_misses = 122501
preemptive halt, cache_misses = 122501
preemptive halt, cache_misses = 122501
preemptive halt, cache_misses = 122501
preemptive halt, cache_misses = 122501
preemptive halt, cache_misses = 122501
preemptive halt, cache_misses = 122501
preemptive halt, cache_misses = 122501
preemptive halt, cache_misses = 122501
preemptive halt, cache_misses = 122501
preemptive halt, cache_misses = 122501
preemptive halt, cache_misses = 122501
preemptive halt, cache_misses = 122501
preemptive halt, cache_misses = 122501
preemptive halt, cache_misses = 122501
preemptive halt, cache_misses = 122501
preemptive halt, cache_misses = 122501
preemptive halt, cache_misses = 122501
preemptive halt, cache_misses = 122501
preemptive halt, cache_misses = 122501
preemptive halt, cache_misses = 122501
preemptive halt, cache_misses = 122501
preemptive halt, cache_misses = 122501
preemptive halt, cache_misses = 122501
preemptive halt, cache_misses = 122501
preemptive halt, cache_misses = 122501
preemptive halt, cache_misses = 122501
preemptive halt, cache_misses = 122501
preemptive halt, cache_misses = 122501
preemptive halt, cache_misses = 122501
preemptive halt, cache_misses = 122501
preemptive halt, cache_misses = 122501
preemptive halt, cache_misses = 122501
preemptive halt, cache_misses = 122501
preemptive halt, cache_misses = 122501
preemptive halt, cache_misses = 122501
preemptive halt, cache_misses = 122501
preemptive halt, cache_misses = 122501
preemptive halt, cache_misses = 122501
preemptive halt, cache_misses = 122501
preemptive halt, cache_misses = 122501
preemptive halt, cache_misses = 122501
preemptive halt, cache_misses = 122501
preemptive halt, cache_misses = 122501
preemptive halt, cache_misses = 122501
preemptive halt, cache_misses = 122501
preemptive halt, cache_misses = 122501
preemptive halt, cache_misses = 122501
preemptive halt, cache_misses = 122501
preemptive halt, cache_misses = 122501
preemptive halt, cache_misses = 122501
preemptive halt, cache_misses = 122501
preemptive halt, cache_misses = 122501
preemptive halt, cache_misses = 122501
preemptive halt, cache_misses = 122501
preemptive halt, cache_misses = 122501
preemptive halt, cache_misses = 122501
preemptive halt, cache_misses = 122501
preemptive halt, cache_misses = 122501
preemptive halt, cache_misses = 122501
preemptive halt, cache_misses = 122501
preemptive halt, cache_misses = 122501
preemptive halt, cache_misses = 122501
preemptive halt, cache_misses = 122501
preemptive halt, cache_misses = 122501
preemptive halt, cache_misses = 122501
preemptive halt, cache_misses = 122501
preemptive halt, cache_misses = 122501
preemptive halt, cache_misses = 122501
preemptive halt, cache_misses = 122501
preemptive halt, cache_misses = 122501
preemptive halt, cache_misses = 122501
preemptive halt, cache_misses = 122501
preemptive halt, cache_misses = 122501
preemptive halt, cache_misses = 122501
preemptive halt, cache_misses = 122501
preemptive halt, cache_misses = 122501
preemptive halt, cache_misses = 122501
preemptive halt, cache_misses = 122501
preemptive halt, cache_misses = 122501
preemptive halt, cache_misses = 122501
preemptive halt, cache_misses = 122501
preemptive halt, cache_misses = 122501
preemptive halt, cache_misses = 122501
preemptive halt, cache_misses = 122501
preemptive halt, cache_misses = 122501
preemptive halt, cache_misses = 122501
preemptive halt, cache_misses = 122501
preemptive halt, cache_misses = 122501
preemptive halt, cache_misses = 122501
preemptive halt, cache_misses = 122501
preemptive halt, cache_misses = 122501
preemptive halt, cache_misses = 122501
preemptive halt, cache_misses = 122501
preemptive halt, cache_misses = 122501
preemptive halt, cache_misses = 122501
preemptive halt, cache_misses = 122501
preemptive halt, cache_misses = 122501
preemptive halt, cache_misses = 122501
preemptive halt, cache_misses = 122501
preemptive halt, cache_misses = 122501
preemptive halt, cache_misses = 122501
preemptive halt, cache_misses = 122501
preemptive halt, cache_misses = 122501
preemptive halt, cache_misses = 122501
preemptive halt, cache_misses = 122501
preemptive halt, cache_misses = 122501
preemptive halt, cache_misses = 122501
preemptive halt, cache_misses = 122501
preemptive halt, cache_misses = 122501
preemptive halt, cache_misses = 122501
preemptive halt, cache_misses = 122501
preemptive halt, cache_misses = 122501
preemptive halt, cache_misses = 122501
preemptive halt, cache_misses = 122501
preemptive halt, cache_misses = 122501
preemptive halt, cache_misses = 122501
preemptive halt, cache_misses = 122501
preemptive halt, cache_misses = 122501
preemptive halt, cache_misses = 122501
preemptive halt, cache_misses = 122501
preemptive halt, cache_misses = 122501
preemptive halt, cache_misses = 122501
preemptive halt, cache_misses = 122501
preemptive halt, cache_misses = 122501
preemptive halt, cache_misses = 122501
preemptive halt, cache_misses = 122501
preemptive halt, cache_misses = 122501
preemptive halt, cache_misses = 122501
preemptive halt, cache_misses = 122501
preemptive halt, cache_misses = 122501
preemptive halt, cache_misses = 122501
preemptive halt, cache_misses = 122501
preemptive halt, cache_misses = 122501
preemptive halt, cache_misses = 122501
preemptive halt, cache_misses = 122501
preemptive halt, cache_misses = 122501
preemptive halt, cache_misses = 122501
preemptive halt, cache_misses = 122501
preemptive halt, cache_misses = 122501
preemptive halt, cache_misses = 122501
preemptive halt, cache_misses = 122501
preemptive halt, cache_misses = 122501
preemptive halt, cache_misses = 122501
preemptive halt, cache_misses = 122501
preemptive halt, cache_misses = 122501
preemptive halt, cache_misses = 122501
preemptive halt, cache_misses = 122501
preemptive halt, cache_misses = 122501
preemptive halt, cache_misses = 122501
preemptive halt, cache_misses = 122501
preemptive halt, cache_misses = 122501
preemptive halt, cache_misses = 122501
preemptive halt, cache_misses = 122501
preemptive halt, cache_misses = 122501
preemptive halt, cache_misses = 122501
preemptive halt, cache_misses = 122501
preemptive halt, cache_misses = 122501
preemptive halt, cache_misses = 122501
preemptive halt, cache_misses = 122501
preemptive halt, cache_misses = 122501
preemptive halt, cache_misses = 122501
preemptive halt, cache_misses = 122501
preemptive halt, cache_misses = 122501
preemptive halt, cache_misses = 122501
preemptive halt, cache_misses = 122501
preemptive halt, cache_misses = 122501
preemptive halt, cache_misses = 122501
preemptive halt, cache_misses = 122501
preemptive halt, cache_misses = 122501
preemptive halt, cache_misses = 122501
preemptive halt, cache_misses = 122501
preemptive halt, cache_misses = 122501
preemptive halt, cache_misses = 122501
preemptive halt, cache_misses = 122501
preemptive halt, cache_misses = 122501
preemptive halt, cache_misses = 122501
preemptive halt, cache_misses = 122501
preemptive halt, cache_misses = 122501
preemptive halt, cache_misses = 122501
preemptive halt, cache_misses = 122501
preemptive halt, cache_misses = 122501
preemptive halt, cache_misses = 122501
preemptive halt, cache_misses = 122501
preemptive halt, cache_misses = 122501
preemptive halt, cache_misses = 122501
preemptive halt, cache_misses = 122501
preemptive halt, cache_misses = 122501
preemptive halt, cache_misses = 122501
preemptive halt, cache_misses = 122501
preemptive halt, cache_misses = 122501
preemptive halt, cache_misses = 122501
preemptive halt, cache_misses = 122501
preemptive halt, cache_misses = 122501
preemptive halt, cache_misses = 122501
preemptive halt, cache_misses = 122501
preemptive halt, cache_misses = 122501
preemptive halt, cache_misses = 122501
preemptive halt, cache_misses = 122501
preemptive halt, cache_misses = 122501
preemptive halt, cache_misses = 122501
preemptive halt, cache_misses = 122501
preemptive halt, cache_misses = 122501
preemptive halt, cache_misses = 122501
preemptive halt, cache_misses = 122501
preemptive halt, cache_misses = 122501
preemptive halt, cache_misses = 122501
preemptive halt, cache_misses = 122501
preemptive halt, cache_misses = 122501
preemptive halt, cache_misses = 122501
preemptive halt, cache_misses = 122501
preemptive halt, cache_misses = 122501
preemptive halt, cache_misses = 122501
preemptive halt, cache_misses = 122501
preemptive halt, cache_misses = 122501
preemptive halt, cache_misses = 122501
preemptive halt, cache_misses = 122501
preemptive halt, cache_misses = 122501
preemptive halt, cache_misses = 122501
preemptive halt, cache_misses = 122501
preemptive halt, cache_misses = 122501
preemptive halt, cache_misses = 122501
preemptive halt, cache_misses = 122501
preemptive halt, cache_misses = 122501
preemptive halt, cache_misses = 122501
preemptive halt, cache_misses = 122501
preemptive halt, cache_misses = 122501
preemptive halt, cache_misses = 122501
preemptive halt, cache_misses = 122501
preemptive halt, cache_misses = 122501
preemptive halt, cache_misses = 122501
preemptive halt, cache_misses = 122501
preemptive halt, cache_misses = 122501
preemptive halt, cache_misses = 122501
preemptive halt, cache_misses = 122501
preemptive halt, cache_misses = 122501
preemptive halt, cache_misses = 122501
preemptive halt, cache_misses = 122501
preemptive halt, cache_misses = 122501
preemptive halt, cache_misses = 122501
preemptive halt, cache_misses = 122501
preemptive halt, cache_misses = 122501
preemptive halt, cache_misses = 122501
preemptive halt, cache_misses = 122501
preemptive halt, cache_misses = 122501
preemptive halt, cache_misses = 122501
preemptive halt, cache_misses = 122501
preemptive halt, cache_misses = 122501
preemptive halt, cache_misses = 122501
preemptive halt, cache_misses = 122501
preemptive halt, cache_misses = 122501
preemptive halt, cache_misses = 122501
preemptive halt, cache_misses = 122501
preemptive halt, cache_misses = 122501
preemptive halt, cache_misses = 122501
preemptive halt, cache_misses = 122501
preemptive halt, cache_misses = 122501
preemptive halt, cache_misses = 122501
preemptive halt, cache_misses = 122501
preemptive halt, cache_misses = 122501
preemptive halt, cache_misses = 122501
preemptive halt, cache_misses = 122501
preemptive halt, cache_misses = 122501
preemptive halt, cache_misses = 122501
preemptive halt, cache_misses = 122501
preemptive halt, cache_misses = 122501
preemptive halt, cache_misses = 122501
preemptive halt, cache_misses = 122501
preemptive halt, cache_misses = 122501
preemptive halt, cache_misses = 122501
preemptive halt, cache_misses = 122501
preemptive halt, cache_misses = 122501
preemptive halt, cache_misses = 122501
preemptive halt, cache_misses = 122501
preemptive halt, cache_misses = 122501
preemptive halt, cache_misses = 122501
preemptive halt, cache_misses = 122501
preemptive halt, cache_misses = 122501
preemptive halt, cache_misses = 122501
preemptive halt, cache_misses = 122501
preemptive halt, cache_misses = 122501
preemptive halt, cache_misses = 122501
preemptive halt, cache_misses = 122501
preemptive halt, cache_misses = 122501
preemptive halt, cache_misses = 122501
preemptive halt, cache_misses = 122501
preemptive halt, cache_misses = 122501
preemptive halt, cache_misses = 122501
preemptive halt, cache_misses = 122501
preemptive halt, cache_misses = 122501
preemptive halt, cache_misses = 122501
preemptive halt, cache_misses = 122501
preemptive halt, cache_misses = 122501
preemptive halt, cache_misses = 122501
preemptive halt, cache_misses = 122501
preemptive halt, cache_misses = 122501
preemptive halt, cache_misses = 122501
preemptive halt, cache_misses = 122501
preemptive halt, cache_misses = 122501
preemptive halt, cache_misses = 122501
preemptive halt, cache_misses = 122501
preemptive halt, cache_misses = 122501
preemptive halt, cache_misses = 122501
preemptive halt, cache_misses = 122501
preemptive halt, cache_misses = 122501
preemptive halt, cache_misses = 122501
preemptive halt, cache_misses = 122501
preemptive halt, cache_misses = 122501
preemptive halt, cache_misses = 122501
preemptive halt, cache_misses = 122501
preemptive halt, cache_misses = 122501
preemptive halt, cache_misses = 122501
preemptive halt, cache_misses = 122501
preemptive halt, cache_misses = 122501
preemptive halt, cache_misses = 122501
preemptive halt, cache_misses = 122501
preemptive halt, cache_misses = 122501
preemptive halt, cache_misses = 122501
preemptive halt, cache_misses = 122501
preemptive halt, cache_misses = 122501
preemptive halt, cache_misses = 122501
preemptive halt, cache_misses = 122501
preemptive halt, cache_misses = 122501
preemptive halt, cache_misses = 122501
preemptive halt, cache_misses = 122501
preemptive halt, cache_misses = 122501
preemptive halt, cache_misses = 122501
preemptive halt, cache_misses = 122501
preemptive halt, cache_misses = 122501
preemptive halt, cache_misses = 122501
preemptive halt, cache_misses = 122501
preemptive halt, cache_misses = 122501
preemptive halt, cache_misses = 122501
preemptive halt, cache_misses = 122501
preemptive halt, cache_misses = 122501
preemptive halt, cache_misses = 122501
preemptive halt, cache_misses = 122501
preemptive halt, cache_misses = 122501
preemptive halt, cache_misses = 122501
preemptive halt, cache_misses = 122501
preemptive halt, cache_misses = 122501
preemptive halt, cache_misses = 122501
preemptive halt, cache_misses = 122501
preemptive halt, cache_misses = 122501
preemptive halt, cache_misses = 122501
preemptive halt, cache_misses = 122501
preemptive halt, cache_misses = 122501
preemptive halt, cache_misses = 122501
preemptive halt, cache_misses = 122501
preemptive halt, cache_misses = 122501
preemptive halt, cache_misses = 122501
preemptive halt, cache_misses = 122501
preemptive halt, cache_misses = 122501
preemptive halt, cache_misses = 122501
preemptive halt, cache_misses = 122501
preemptive halt, cache_misses = 122501
preemptive halt, cache_misses = 122501
preemptive halt, cache_misses = 122501
preemptive halt, cache_misses = 122501
preemptive halt, cache_misses = 122501
preemptive halt, cache_misses = 122501
preemptive halt, cache_misses = 122501
preemptive halt, cache_misses = 122501
preemptive halt, cache_misses = 122501
preemptive halt, cache_misses = 122501
preemptive halt, cache_misses = 122501
preemptive halt, cache_misses = 122501
preemptive halt, cache_misses = 122501
preemptive halt, cache_misses = 122501
preemptive halt, cache_misses = 122501
preemptive halt, cache_misses = 122501
preemptive halt, cache_misses = 122501
preemptive halt, cache_misses = 122501
preemptive halt, cache_misses = 122501
preemptive halt, cache_misses = 122501
preemptive halt, cache_misses = 122501
preemptive halt, cache_misses = 122501
preemptive halt, cache_misses = 122501
preemptive halt, cache_misses = 122501
preemptive halt, cache_misses = 122501
preemptive halt, cache_misses = 122501
preemptive halt, cache_misses = 122501
preemptive halt, cache_misses = 122501
preemptive halt, cache_misses = 122501
preemptive halt, cache_misses = 122501
preemptive halt, cache_misses = 122501
preemptive halt, cache_misses = 122501
preemptive halt, cache_misses = 122501
preemptive halt, cache_misses = 122501
preemptive halt, cache_misses = 122501
preemptive halt, cache_misses = 122501
preemptive halt, cache_misses = 122501
preemptive halt, cache_misses = 122501
preemptive halt, cache_misses = 122501
preemptive halt, cache_misses = 122501
preemptive halt, cache_misses = 122501
preemptive halt, cache_misses = 122501
preemptive halt, cache_misses = 122501
preemptive halt, cache_misses = 122501
preemptive halt, cache_misses = 122501
preemptive halt, cache_misses = 122501
preemptive halt, cache_misses = 122501
preemptive halt, cache_misses = 122501
preemptive halt, cache_misses = 122501
preemptive halt, cache_misses = 122501
preemptive halt, cache_misses = 122501
preemptive halt, cache_misses = 122501
preemptive halt, cache_misses = 122501
preemptive halt, cache_misses = 122501
preemptive halt, cache_misses = 122501
preemptive halt, cache_misses = 122501
preemptive halt, cache_misses = 122501
preemptive halt, cache_misses = 122501
preemptive halt, cache_misses = 122501
preemptive halt, cache_misses = 122501
preemptive halt, cache_misses = 122501
preemptive halt, cache_misses = 122501
preemptive halt, cache_misses = 122501
preemptive halt, cache_misses = 122501
preemptive halt, cache_misses = 122501
preemptive halt, cache_misses = 122501
preemptive halt, cache_misses = 122501
preemptive halt, cache_misses = 122501
preemptive halt, cache_misses = 122501
preemptive halt, cache_misses = 122501
preemptive halt, cache_misses = 122501
preemptive halt, cache_misses = 122501
preemptive halt, cache_misses = 122501
preemptive halt, cache_misses = 122501
preemptive halt, cache_misses = 122501
preemptive halt, cache_misses = 122501
preemptive halt, cache_misses = 122501
preemptive halt, cache_misses = 122501
preemptive halt, cache_misses = 122501
preemptive halt, cache_misses = 122501
preemptive halt, cache_misses = 122501
preemptive halt, cache_misses = 122501
preemptive halt, cache_misses = 122501
preemptive halt, cache_misses = 122501
preemptive halt, cache_misses = 122501
preemptive halt, cache_misses = 122501
preemptive halt, cache_misses = 122501
preemptive halt, cache_misses = 122501
preemptive halt, cache_misses = 122501
preemptive halt, cache_misses = 122501
preemptive halt, cache_misses = 122501
preemptive halt, cache_misses = 122501
preemptive halt, cache_misses = 122501
preemptive halt, cache_misses = 122501
preemptive halt, cache_misses = 122501
preemptive halt, cache_misses = 122501
preemptive halt, cache_misses = 122501
preemptive halt, cache_misses = 122501
preemptive halt, cache_misses = 122501
preemptive halt, cache_misses = 122501
preemptive halt, cache_misses = 122501
preemptive halt, cache_misses = 122501
preemptive halt, cache_misses = 122501
preemptive halt, cache_misses = 122501
preemptive halt, cache_misses = 122501
preemptive halt, cache_misses = 122501
preemptive halt, cache_misses = 122501
preemptive halt, cache_misses = 122501
preemptive halt, cache_misses = 122501
preemptive halt, cache_misses = 122501
preemptive halt, cache_misses = 122501
preemptive halt, cache_misses = 122501
preemptive halt, cache_misses = 122501
preemptive halt, cache_misses = 122501
preemptive halt, cache_misses = 122501
preemptive halt, cache_misses = 122501
preemptive halt, cache_misses = 122501
preemptive halt, cache_misses = 122501
preemptive halt, cache_misses = 122501
preemptive halt, cache_misses = 122501
preemptive halt, cache_misses = 122501
preemptive halt, cache_misses = 122501
preemptive halt, cache_misses = 122501
preemptive halt, cache_misses = 122501
preemptive halt, cache_misses = 122501
preemptive halt, cache_misses = 122501
preemptive halt, cache_misses = 122501
preemptive halt, cache_misses = 122501
preemptive halt, cache_misses = 122501
preemptive halt, cache_misses = 122501
preemptive halt, cache_misses = 122501
preemptive halt, cache_misses = 122501
preemptive halt, cache_misses = 122501
preemptive halt, cache_misses = 122501
preemptive halt, cache_misses = 122501
preemptive halt, cache_misses = 122501
preemptive halt, cache_misses = 122501
preemptive halt, cache_misses = 122501
preemptive halt, cache_misses = 122501
preemptive halt, cache_misses = 122501
preemptive halt, cache_misses = 122501
preemptive halt, cache_misses = 122501
preemptive halt, cache_misses = 122501
preemptive halt, cache_misses = 122501
preemptive halt, cache_misses = 122501
preemptive halt, cache_misses = 122501
preemptive halt, cache_misses = 122501
preemptive halt, cache_misses = 122501
preemptive halt, cache_misses = 122501
preemptive halt, cache_misses = 122501
preemptive halt, cache_misses = 122501
preemptive halt, cache_misses = 122501
preemptive halt, cache_misses = 122501
preemptive halt, cache_misses = 122501
preemptive halt, cache_misses = 122501
preemptive halt, cache_misses = 122501
preemptive halt, cache_misses = 122501
preemptive halt, cache_misses = 122501
preemptive halt, cache_misses = 122501
preemptive halt, cache_misses = 122501
preemptive halt, cache_misses = 122501
preemptive halt, cache_misses = 122501
preemptive halt, cache_misses = 122501
preemptive halt, cache_misses = 122501
preemptive halt, cache_misses = 122501
preemptive halt, cache_misses = 122501
preemptive halt, cache_misses = 122501
preemptive halt, cache_misses = 122501
preemptive halt, cache_misses = 122501
preemptive halt, cache_misses = 122501
preemptive halt, cache_misses = 122501
preemptive halt, cache_misses = 122501
preemptive halt, cache_misses = 122501
preemptive halt, cache_misses = 122501
preemptive halt, cache_misses = 122501
preemptive halt, cache_misses = 122501
preemptive halt, cache_misses = 122501
preemptive halt, cache_misses = 122501
preemptive halt, cache_misses = 122501
preemptive halt, cache_misses = 122501
preemptive halt, cache_misses = 122501
preemptive halt, cache_misses = 122501
preemptive halt, cache_misses = 122501
preemptive halt, cache_misses = 122501
preemptive halt, cache_misses = 122501
preemptive halt, cache_misses = 122501
preemptive halt, cache_misses = 122501
preemptive halt, cache_misses = 122501
preemptive halt, cache_misses = 122501
preemptive halt, cache_misses = 122501
preemptive halt, cache_misses = 122501
preemptive halt, cache_misses = 122501
preemptive halt, cache_misses = 122501
preemptive halt, cache_misses = 122501
preemptive halt, cache_misses = 122501
preemptive halt, cache_misses = 122501
preemptive halt, cache_misses = 122501
preemptive halt, cache_misses = 122501
preemptive halt, cache_misses = 122501
preemptive halt, cache_misses = 122501
preemptive halt, cache_misses = 122501
preemptive halt, cache_misses = 122501
preemptive halt, cache_misses = 122501
preemptive halt, cache_misses = 122501
preemptive halt, cache_misses = 122501
preemptive halt, cache_misses = 122501
preemptive halt, cache_misses = 122501
preemptive halt, cache_misses = 122501
preemptive halt, cache_misses = 122501
preemptive halt, cache_misses = 122501
preemptive halt, cache_misses = 122501
preemptive halt, cache_misses = 122501
preemptive halt, cache_misses = 122501
preemptive halt, cache_misses = 122501
preemptive halt, cache_misses = 122501
preemptive halt, cache_misses = 122501
preemptive halt, cache_misses = 122501
preemptive halt, cache_misses = 122501
preemptive halt, cache_misses = 122501
preemptive halt, cache_misses = 122501
preemptive halt, cache_misses = 122501
preemptive halt, cache_misses = 122501
preemptive halt, cache_misses = 122501
preemptive halt, cache_misses = 122501
preemptive halt, cache_misses = 122501
preemptive halt, cache_misses = 122501
preemptive halt, cache_misses = 122501
preemptive halt, cache_misses = 122501
preemptive halt, cache_misses = 122501
preemptive halt, cache_misses = 122501
preemptive halt, cache_misses = 122501
preemptive halt, cache_misses = 122501
preemptive halt, cache_misses = 122501
preemptive halt, cache_misses = 122501
preemptive halt, cache_misses = 122501
preemptive halt, cache_misses = 122501
preemptive halt, cache_misses = 122501
preemptive halt, cache_misses = 122501
preemptive halt, cache_misses = 122501
preemptive halt, cache_misses = 122501
preemptive halt, cache_misses = 122501
preemptive halt, cache_misses = 122501
preemptive halt, cache_misses = 122501
preemptive halt, cache_misses = 122501
preemptive halt, cache_misses = 122501
preemptive halt, cache_misses = 122501
preemptive halt, cache_misses = 122501
preemptive halt, cache_misses = 122501
preemptive halt, cache_misses = 122501
preemptive halt, cache_misses = 122501
preemptive halt, cache_misses = 122501
preemptive halt, cache_misses = 122501
preemptive halt, cache_misses = 122501
preemptive halt, cache_misses = 122501
preemptive halt, cache_misses = 122501
preemptive halt, cache_misses = 122501
preemptive halt, cache_misses = 122501
preemptive halt, cache_misses = 122501
preemptive halt, cache_misses = 122501
preemptive halt, cache_misses = 122501
preemptive halt, cache_misses = 122501
preemptive halt, cache_misses = 122501
preemptive halt, cache_misses = 122501
preemptive halt, cache_misses = 122501
preemptive halt, cache_misses = 122501
preemptive halt, cache_misses = 122501
preemptive halt, cache_misses = 122501
preemptive halt, cache_misses = 122501
preemptive halt, cache_misses = 122501
preemptive halt, cache_misses = 122501
preemptive halt, cache_misses = 122501
preemptive halt, cache_misses = 122501
preemptive halt, cache_misses = 122501
preemptive halt, cache_misses = 122501
preemptive halt, cache_misses = 122501
preemptive halt, cache_misses = 122501
preemptive halt, cache_misses = 122501
preemptive halt, cache_misses = 122501
preemptive halt, cache_misses = 122501
preemptive halt, cache_misses = 122501
preemptive halt, cache_misses = 122501
preemptive halt, cache_misses = 122501
preemptive halt, cache_misses = 122501
preemptive halt, cache_misses = 122501
preemptive halt, cache_misses = 122501
preemptive halt, cache_misses = 122501
preemptive halt, cache_misses = 122501
preemptive halt, cache_misses = 122501
preemptive halt, cache_misses = 122501
preemptive halt, cache_misses = 122501
preemptive halt, cache_misses = 122501
preemptive halt, cache_misses = 122501
preemptive halt, cache_misses = 122501
preemptive halt, cache_misses = 122501
preemptive halt, cache_misses = 122501
preemptive halt, cache_misses = 122501
preemptive halt, cache_misses = 122501
preemptive halt, cache_misses = 122501
preemptive halt, cache_misses = 122501
preemptive halt, cache_misses = 122501
preemptive halt, cache_misses = 122501
preemptive halt, cache_misses = 122501
preemptive halt, cache_misses = 122501
preemptive halt, cache_misses = 122501
preemptive halt, cache_misses = 122501
preemptive halt, cache_misses = 122501
preemptive halt, cache_misses = 122501
preemptive halt, cache_misses = 122501
preemptive halt, cache_misses = 122501
preemptive halt, cache_misses = 122501
preemptive halt, cache_misses = 122501
preemptive halt, cache_misses = 122501
preemptive halt, cache_misses = 122501
preemptive halt, cache_misses = 122501
preemptive halt, cache_misses = 122501
preemptive halt, cache_misses = 122501
preemptive halt, cache_misses = 122501
preemptive halt, cache_misses = 122501
preemptive halt, cache_misses = 122501
preemptive halt, cache_misses = 122501
preemptive halt, cache_misses = 122501
preemptive halt, cache_misses = 122501
preemptive halt, cache_misses = 122501
preemptive halt, cache_misses = 122501
preemptive halt, cache_misses = 122501
preemptive halt, cache_misses = 122501
preemptive halt, cache_misses = 122501
preemptive halt, cache_misses = 122501
preemptive halt, cache_misses = 122501
preemptive halt, cache_misses = 122501
preemptive halt, cache_misses = 122501
preemptive halt, cache_misses = 122501
preemptive halt, cache_misses = 122501
preemptive halt, cache_misses = 122501
binary search, size 60000  misses 122501  min 40000  max 80000
binary search, size 70000  misses 122499  min 60000  max 80000
binary search, size 65000  misses 122499  min 60000  max 70000
binary search, size 62500  misses 122499  min 60000  max 65000
binary search, size 61250  misses 122499  min 60000  max 62500
preemptive halt, cache_misses = 122500
preemptive halt, cache_misses = 122500
preemptive halt, cache_misses = 122500
preemptive halt, cache_misses = 122500
preemptive halt, cache_misses = 122500
preemptive halt, cache_misses = 122500
preemptive halt, cache_misses = 122500
preemptive halt, cache_misses = 122500
preemptive halt, cache_misses = 122500
preemptive halt, cache_misses = 122500
preemptive halt, cache_misses = 122500
preemptive halt, cache_misses = 122500
preemptive halt, cache_misses = 122500
preemptive halt, cache_misses = 122500
preemptive halt, cache_misses = 122500
preemptive halt, cache_misses = 122500
preemptive halt, cache_misses = 122500
preemptive halt, cache_misses = 122500
preemptive halt, cache_misses = 122500
preemptive halt, cache_misses = 122500
preemptive halt, cache_misses = 122500
preemptive halt, cache_misses = 122500
preemptive halt, cache_misses = 122500
preemptive halt, cache_misses = 122500
preemptive halt, cache_misses = 122500
preemptive halt, cache_misses = 122500
preemptive halt, cache_misses = 122500
preemptive halt, cache_misses = 122500
preemptive halt, cache_misses = 122500
preemptive halt, cache_misses = 122500
preemptive halt, cache_misses = 122500
preemptive halt, cache_misses = 122500
preemptive halt, cache_misses = 122500
preemptive halt, cache_misses = 122500
preemptive halt, cache_misses = 122500
preemptive halt, cache_misses = 122500
preemptive halt, cache_misses = 122500
preemptive halt, cache_misses = 122500
preemptive halt, cache_misses = 122500
preemptive halt, cache_misses = 122500
preemptive halt, cache_misses = 122500
preemptive halt, cache_misses = 122500
preemptive halt, cache_misses = 122500
preemptive halt, cache_misses = 122500
preemptive halt, cache_misses = 122500
preemptive halt, cache_misses = 122500
preemptive halt, cache_misses = 122500
preemptive halt, cache_misses = 122500
preemptive halt, cache_misses = 122500
preemptive halt, cache_misses = 122500
preemptive halt, cache_misses = 122500
preemptive halt, cache_misses = 122500
preemptive halt, cache_misses = 122500
preemptive halt, cache_misses = 122500
preemptive halt, cache_misses = 122500
preemptive halt, cache_misses = 122500
preemptive halt, cache_misses = 122500
preemptive halt, cache_misses = 122500
preemptive halt, cache_misses = 122500
preemptive halt, cache_misses = 122500
preemptive halt, cache_misses = 122500
preemptive halt, cache_misses = 122500
preemptive halt, cache_misses = 122500
preemptive halt, cache_misses = 122500
preemptive halt, cache_misses = 122500
preemptive halt, cache_misses = 122500
preemptive halt, cache_misses = 122500
preemptive halt, cache_misses = 122500
preemptive halt, cache_misses = 122500
preemptive halt, cache_misses = 122500
preemptive halt, cache_misses = 122500
preemptive halt, cache_misses = 122500
preemptive halt, cache_misses = 122500
preemptive halt, cache_misses = 122500
preemptive halt, cache_misses = 122500
preemptive halt, cache_misses = 122500
preemptive halt, cache_misses = 122500
preemptive halt, cache_misses = 122500
preemptive halt, cache_misses = 122500
preemptive halt, cache_misses = 122500
preemptive halt, cache_misses = 122500
preemptive halt, cache_misses = 122500
preemptive halt, cache_misses = 122500
preemptive halt, cache_misses = 122500
preemptive halt, cache_misses = 122500
preemptive halt, cache_misses = 122500
preemptive halt, cache_misses = 122500
preemptive halt, cache_misses = 122500
preemptive halt, cache_misses = 122500
preemptive halt, cache_misses = 122500
preemptive halt, cache_misses = 122500
preemptive halt, cache_misses = 122500
preemptive halt, cache_misses = 122500
preemptive halt, cache_misses = 122500
preemptive halt, cache_misses = 122500
preemptive halt, cache_misses = 122500
preemptive halt, cache_misses = 122500
preemptive halt, cache_misses = 122500
preemptive halt, cache_misses = 122500
preemptive halt, cache_misses = 122500
preemptive halt, cache_misses = 122500
preemptive halt, cache_misses = 122500
preemptive halt, cache_misses = 122500
preemptive halt, cache_misses = 122500
preemptive halt, cache_misses = 122500
preemptive halt, cache_misses = 122500
preemptive halt, cache_misses = 122500
preemptive halt, cache_misses = 122500
preemptive halt, cache_misses = 122500
preemptive halt, cache_misses = 122500
preemptive halt, cache_misses = 122500
preemptive halt, cache_misses = 122500
preemptive halt, cache_misses = 122500
preemptive halt, cache_misses = 122500
preemptive halt, cache_misses = 122500
preemptive halt, cache_misses = 122500
preemptive halt, cache_misses = 122500
preemptive halt, cache_misses = 122500
preemptive halt, cache_misses = 122500
preemptive halt, cache_misses = 122500
preemptive halt, cache_misses = 122500
preemptive halt, cache_misses = 122500
preemptive halt, cache_misses = 122500
preemptive halt, cache_misses = 122500
preemptive halt, cache_misses = 122500
preemptive halt, cache_misses = 122500
preemptive halt, cache_misses = 122500
preemptive halt, cache_misses = 122500
preemptive halt, cache_misses = 122500
preemptive halt, cache_misses = 122500
preemptive halt, cache_misses = 122500
preemptive halt, cache_misses = 122500
preemptive halt, cache_misses = 122500
preemptive halt, cache_misses = 122500
preemptive halt, cache_misses = 122500
preemptive halt, cache_misses = 122500
preemptive halt, cache_misses = 122500
preemptive halt, cache_misses = 122500
preemptive halt, cache_misses = 122500
preemptive halt, cache_misses = 122500
preemptive halt, cache_misses = 122500
preemptive halt, cache_misses = 122500
preemptive halt, cache_misses = 122500
preemptive halt, cache_misses = 122500
preemptive halt, cache_misses = 122500
preemptive halt, cache_misses = 122500
preemptive halt, cache_misses = 122500
preemptive halt, cache_misses = 122500
preemptive halt, cache_misses = 122500
preemptive halt, cache_misses = 122500
preemptive halt, cache_misses = 122500
preemptive halt, cache_misses = 122500
preemptive halt, cache_misses = 122500
preemptive halt, cache_misses = 122500
preemptive halt, cache_misses = 122500
preemptive halt, cache_misses = 122500
preemptive halt, cache_misses = 122500
preemptive halt, cache_misses = 122500
preemptive halt, cache_misses = 122500
preemptive halt, cache_misses = 122500
preemptive halt, cache_misses = 122500
preemptive halt, cache_misses = 122500
preemptive halt, cache_misses = 122500
preemptive halt, cache_misses = 122500
preemptive halt, cache_misses = 122500
preemptive halt, cache_misses = 122500
preemptive halt, cache_misses = 122500
preemptive halt, cache_misses = 122500
preemptive halt, cache_misses = 122500
preemptive halt, cache_misses = 122500
preemptive halt, cache_misses = 122500
preemptive halt, cache_misses = 122500
preemptive halt, cache_misses = 122500
preemptive halt, cache_misses = 122500
preemptive halt, cache_misses = 122500
preemptive halt, cache_misses = 122500
preemptive halt, cache_misses = 122500
preemptive halt, cache_misses = 122500
preemptive halt, cache_misses = 122500
preemptive halt, cache_misses = 122500
preemptive halt, cache_misses = 122500
preemptive halt, cache_misses = 122500
preemptive halt, cache_misses = 122500
preemptive halt, cache_misses = 122500
preemptive halt, cache_misses = 122500
preemptive halt, cache_misses = 122500
preemptive halt, cache_misses = 122500
preemptive halt, cache_misses = 122500
preemptive halt, cache_misses = 122500
preemptive halt, cache_misses = 122500
preemptive halt, cache_misses = 122500
preemptive halt, cache_misses = 122500
preemptive halt, cache_misses = 122500
preemptive halt, cache_misses = 122500
preemptive halt, cache_misses = 122500
preemptive halt, cache_misses = 122500
preemptive halt, cache_misses = 122500
preemptive halt, cache_misses = 122500
preemptive halt, cache_misses = 122500
preemptive halt, cache_misses = 122500
preemptive halt, cache_misses = 122500
preemptive halt, cache_misses = 122500
preemptive halt, cache_misses = 122500
preemptive halt, cache_misses = 122500
preemptive halt, cache_misses = 122500
preemptive halt, cache_misses = 122500
preemptive halt, cache_misses = 122500
preemptive halt, cache_misses = 122500
preemptive halt, cache_misses = 122500
preemptive halt, cache_misses = 122500
preemptive halt, cache_misses = 122500
preemptive halt, cache_misses = 122500
preemptive halt, cache_misses = 122500
preemptive halt, cache_misses = 122500
preemptive halt, cache_misses = 122500
preemptive halt, cache_misses = 122500
preemptive halt, cache_misses = 122500
preemptive halt, cache_misses = 122500
preemptive halt, cache_misses = 122500
preemptive halt, cache_misses = 122500
preemptive halt, cache_misses = 122500
preemptive halt, cache_misses = 122500
preemptive halt, cache_misses = 122500
preemptive halt, cache_misses = 122500
preemptive halt, cache_misses = 122500
preemptive halt, cache_misses = 122500
preemptive halt, cache_misses = 122500
preemptive halt, cache_misses = 122500
preemptive halt, cache_misses = 122500
preemptive halt, cache_misses = 122500
preemptive halt, cache_misses = 122500
preemptive halt, cache_misses = 122500
preemptive halt, cache_misses = 122500
preemptive halt, cache_misses = 122500
preemptive halt, cache_misses = 122500
preemptive halt, cache_misses = 122500
preemptive halt, cache_misses = 122500
preemptive halt, cache_misses = 122500
preemptive halt, cache_misses = 122500
preemptive halt, cache_misses = 122500
preemptive halt, cache_misses = 122500
preemptive halt, cache_misses = 122500
preemptive halt, cache_misses = 122500
preemptive halt, cache_misses = 122500
preemptive halt, cache_misses = 122500
preemptive halt, cache_misses = 122500
preemptive halt, cache_misses = 122500
preemptive halt, cache_misses = 122500
preemptive halt, cache_misses = 122500
preemptive halt, cache_misses = 122500
preemptive halt, cache_misses = 122500
preemptive halt, cache_misses = 122500
preemptive halt, cache_misses = 122500
preemptive halt, cache_misses = 122500
preemptive halt, cache_misses = 122500
preemptive halt, cache_misses = 122500
preemptive halt, cache_misses = 122500
preemptive halt, cache_misses = 122500
preemptive halt, cache_misses = 122500
preemptive halt, cache_misses = 122500
preemptive halt, cache_misses = 122500
preemptive halt, cache_misses = 122500
preemptive halt, cache_misses = 122500
preemptive halt, cache_misses = 122500
preemptive halt, cache_misses = 122500
preemptive halt, cache_misses = 122500
preemptive halt, cache_misses = 122500
preemptive halt, cache_misses = 122500
preemptive halt, cache_misses = 122500
preemptive halt, cache_misses = 122500
preemptive halt, cache_misses = 122500
preemptive halt, cache_misses = 122500
preemptive halt, cache_misses = 122500
preemptive halt, cache_misses = 122500
preemptive halt, cache_misses = 122500
preemptive halt, cache_misses = 122500
preemptive halt, cache_misses = 122500
preemptive halt, cache_misses = 122500
preemptive halt, cache_misses = 122500
preemptive halt, cache_misses = 122500
preemptive halt, cache_misses = 122500
preemptive halt, cache_misses = 122500
preemptive halt, cache_misses = 122500
preemptive halt, cache_misses = 122500
preemptive halt, cache_misses = 122500
preemptive halt, cache_misses = 122500
preemptive halt, cache_misses = 122500
preemptive halt, cache_misses = 122500
preemptive halt, cache_misses = 122500
preemptive halt, cache_misses = 122500
preemptive halt, cache_misses = 122500
preemptive halt, cache_misses = 122500
preemptive halt, cache_misses = 122500
preemptive halt, cache_misses = 122500
preemptive halt, cache_misses = 122500
preemptive halt, cache_misses = 122500
preemptive halt, cache_misses = 122500
preemptive halt, cache_misses = 122500
preemptive halt, cache_misses = 122500
preemptive halt, cache_misses = 122500
preemptive halt, cache_misses = 122500
preemptive halt, cache_misses = 122500
preemptive halt, cache_misses = 122500
preemptive halt, cache_misses = 122500
preemptive halt, cache_misses = 122500
preemptive halt, cache_misses = 122500
preemptive halt, cache_misses = 122500
preemptive halt, cache_misses = 122500
preemptive halt, cache_misses = 122500
preemptive halt, cache_misses = 122500
preemptive halt, cache_misses = 122500
preemptive halt, cache_misses = 122500
preemptive halt, cache_misses = 122500
preemptive halt, cache_misses = 122500
preemptive halt, cache_misses = 122500
preemptive halt, cache_misses = 122500
preemptive halt, cache_misses = 122500
preemptive halt, cache_misses = 122500
preemptive halt, cache_misses = 122500
preemptive halt, cache_misses = 122500
preemptive halt, cache_misses = 122500
preemptive halt, cache_misses = 122500
preemptive halt, cache_misses = 122500
preemptive halt, cache_misses = 122500
preemptive halt, cache_misses = 122500
preemptive halt, cache_misses = 122500
preemptive halt, cache_misses = 122500
preemptive halt, cache_misses = 122500
preemptive halt, cache_misses = 122500
preemptive halt, cache_misses = 122500
preemptive halt, cache_misses = 122500
preemptive halt, cache_misses = 122500
preemptive halt, cache_misses = 122500
preemptive halt, cache_misses = 122500
preemptive halt, cache_misses = 122500
preemptive halt, cache_misses = 122500
preemptive halt, cache_misses = 122500
preemptive halt, cache_misses = 122500
preemptive halt, cache_misses = 122500
preemptive halt, cache_misses = 122500
preemptive halt, cache_misses = 122500
preemptive halt, cache_misses = 122500
preemptive halt, cache_misses = 122500
preemptive halt, cache_misses = 122500
preemptive halt, cache_misses = 122500
preemptive halt, cache_misses = 122500
preemptive halt, cache_misses = 122500
preemptive halt, cache_misses = 122500
preemptive halt, cache_misses = 122500
preemptive halt, cache_misses = 122500
preemptive halt, cache_misses = 122500
preemptive halt, cache_misses = 122500
preemptive halt, cache_misses = 122500
preemptive halt, cache_misses = 122500
preemptive halt, cache_misses = 122500
preemptive halt, cache_misses = 122500
preemptive halt, cache_misses = 122500
preemptive halt, cache_misses = 122500
preemptive halt, cache_misses = 122500
preemptive halt, cache_misses = 122500
preemptive halt, cache_misses = 122500
preemptive halt, cache_misses = 122500
preemptive halt, cache_misses = 122500
preemptive halt, cache_misses = 122500
preemptive halt, cache_misses = 122500
preemptive halt, cache_misses = 122500
preemptive halt, cache_misses = 122500
preemptive halt, cache_misses = 122500
preemptive halt, cache_misses = 122500
preemptive halt, cache_misses = 122500
preemptive halt, cache_misses = 122500
preemptive halt, cache_misses = 122500
preemptive halt, cache_misses = 122500
preemptive halt, cache_misses = 122500
preemptive halt, cache_misses = 122500
preemptive halt, cache_misses = 122500
preemptive halt, cache_misses = 122500
preemptive halt, cache_misses = 122500
preemptive halt, cache_misses = 122500
preemptive halt, cache_misses = 122500
preemptive halt, cache_misses = 122500
preemptive halt, cache_misses = 122500
preemptive halt, cache_misses = 122500
preemptive halt, cache_misses = 122500
preemptive halt, cache_misses = 122500
preemptive halt, cache_misses = 122500
preemptive halt, cache_misses = 122500
preemptive halt, cache_misses = 122500
preemptive halt, cache_misses = 122500
preemptive halt, cache_misses = 122500
preemptive halt, cache_misses = 122500
preemptive halt, cache_misses = 122500
preemptive halt, cache_misses = 122500
preemptive halt, cache_misses = 122500
preemptive halt, cache_misses = 122500
preemptive halt, cache_misses = 122500
preemptive halt, cache_misses = 122500
preemptive halt, cache_misses = 122500
preemptive halt, cache_misses = 122500
preemptive halt, cache_misses = 122500
preemptive halt, cache_misses = 122500
preemptive halt, cache_misses = 122500
preemptive halt, cache_misses = 122500
preemptive halt, cache_misses = 122500
preemptive halt, cache_misses = 122500
preemptive halt, cache_misses = 122500
preemptive halt, cache_misses = 122500
preemptive halt, cache_misses = 122500
preemptive halt, cache_misses = 122500
preemptive halt, cache_misses = 122500
preemptive halt, cache_misses = 122500
preemptive halt, cache_misses = 122500
preemptive halt, cache_misses = 122500
preemptive halt, cache_misses = 122500
preemptive halt, cache_misses = 122500
preemptive halt, cache_misses = 122500
preemptive halt, cache_misses = 122500
preemptive halt, cache_misses = 122500
preemptive halt, cache_misses = 122500
preemptive halt, cache_misses = 122500
preemptive halt, cache_misses = 122500
preemptive halt, cache_misses = 122500
preemptive halt, cache_misses = 122500
preemptive halt, cache_misses = 122500
preemptive halt, cache_misses = 122500
preemptive halt, cache_misses = 122500
preemptive halt, cache_misses = 122500
preemptive halt, cache_misses = 122500
preemptive halt, cache_misses = 122500
preemptive halt, cache_misses = 122500
preemptive halt, cache_misses = 122500
preemptive halt, cache_misses = 122500
preemptive halt, cache_misses = 122500
preemptive halt, cache_misses = 122500
preemptive halt, cache_misses = 122500
preemptive halt, cache_misses = 122500
preemptive halt, cache_misses = 122500
preemptive halt, cache_misses = 122500
preemptive halt, cache_misses = 122500
preemptive halt, cache_misses = 122500
preemptive halt, cache_misses = 122500
preemptive halt, cache_misses = 122500
preemptive halt, cache_misses = 122500
preemptive halt, cache_misses = 122500
preemptive halt, cache_misses = 122500
preemptive halt, cache_misses = 122500
preemptive halt, cache_misses = 122500
preemptive halt, cache_misses = 122500
preemptive halt, cache_misses = 122500
preemptive halt, cache_misses = 122500
preemptive halt, cache_misses = 122500
preemptive halt, cache_misses = 122500
preemptive halt, cache_misses = 122500
preemptive halt, cache_misses = 122500
preemptive halt, cache_misses = 122500
preemptive halt, cache_misses = 122500
preemptive halt, cache_misses = 122500
preemptive halt, cache_misses = 122500
preemptive halt, cache_misses = 122500
preemptive halt, cache_misses = 122500
preemptive halt, cache_misses = 122500
preemptive halt, cache_misses = 122500
preemptive halt, cache_misses = 122500
preemptive halt, cache_misses = 122500
preemptive halt, cache_misses = 122500
preemptive halt, cache_misses = 122500
preemptive halt, cache_misses = 122500
preemptive halt, cache_misses = 122500
preemptive halt, cache_misses = 122500
preemptive halt, cache_misses = 122500
preemptive halt, cache_misses = 122500
preemptive halt, cache_misses = 122500
preemptive halt, cache_misses = 122500
preemptive halt, cache_misses = 122500
preemptive halt, cache_misses = 122500
preemptive halt, cache_misses = 122500
preemptive halt, cache_misses = 122500
preemptive halt, cache_misses = 122500
preemptive halt, cache_misses = 122500
preemptive halt, cache_misses = 122500
preemptive halt, cache_misses = 122500
preemptive halt, cache_misses = 122500
preemptive halt, cache_misses = 122500
preemptive halt, cache_misses = 122500
preemptive halt, cache_misses = 122500
preemptive halt, cache_misses = 122500
preemptive halt, cache_misses = 122500
preemptive halt, cache_misses = 122500
preemptive halt, cache_misses = 122500
preemptive halt, cache_misses = 122500
preemptive halt, cache_misses = 122500
preemptive halt, cache_misses = 122500
preemptive halt, cache_misses = 122500
preemptive halt, cache_misses = 122500
preemptive halt, cache_misses = 122500
preemptive halt, cache_misses = 122500
preemptive halt, cache_misses = 122500
preemptive halt, cache_misses = 122500
preemptive halt, cache_misses = 122500
preemptive halt, cache_misses = 122500
preemptive halt, cache_misses = 122500
preemptive halt, cache_misses = 122500
preemptive halt, cache_misses = 122500
preemptive halt, cache_misses = 122500
preemptive halt, cache_misses = 122500
preemptive halt, cache_misses = 122500
preemptive halt, cache_misses = 122500
preemptive halt, cache_misses = 122500
preemptive halt, cache_misses = 122500
preemptive halt, cache_misses = 122500
preemptive halt, cache_misses = 122500
preemptive halt, cache_misses = 122500
preemptive halt, cache_misses = 122500
preemptive halt, cache_misses = 122500
preemptive halt, cache_misses = 122500
preemptive halt, cache_misses = 122500
preemptive halt, cache_misses = 122500
preemptive halt, cache_misses = 122500
preemptive halt, cache_misses = 122500
preemptive halt, cache_misses = 122500
preemptive halt, cache_misses = 122500
preemptive halt, cache_misses = 122500
preemptive halt, cache_misses = 122500
preemptive halt, cache_misses = 122500
preemptive halt, cache_misses = 122500
preemptive halt, cache_misses = 122500
preemptive halt, cache_misses = 122500
preemptive halt, cache_misses = 122500
preemptive halt, cache_misses = 122500
preemptive halt, cache_misses = 122500
preemptive halt, cache_misses = 122500
preemptive halt, cache_misses = 122500
preemptive halt, cache_misses = 122500
preemptive halt, cache_misses = 122500
preemptive halt, cache_misses = 122500
preemptive halt, cache_misses = 122500
preemptive halt, cache_misses = 122500
preemptive halt, cache_misses = 122500
preemptive halt, cache_misses = 122500
preemptive halt, cache_misses = 122500
preemptive halt, cache_misses = 122500
preemptive halt, cache_misses = 122500
preemptive halt, cache_misses = 122500
preemptive halt, cache_misses = 122500
preemptive halt, cache_misses = 122500
preemptive halt, cache_misses = 122500
preemptive halt, cache_misses = 122500
preemptive halt, cache_misses = 122500
preemptive halt, cache_misses = 122500
preemptive halt, cache_misses = 122500
preemptive halt, cache_misses = 122500
preemptive halt, cache_misses = 122500
preemptive halt, cache_misses = 122500
preemptive halt, cache_misses = 122500
preemptive halt, cache_misses = 122500
preemptive halt, cache_misses = 122500
preemptive halt, cache_misses = 122500
preemptive halt, cache_misses = 122500
preemptive halt, cache_misses = 122500
preemptive halt, cache_misses = 122500
preemptive halt, cache_misses = 122500
preemptive halt, cache_misses = 122500
preemptive halt, cache_misses = 122500
preemptive halt, cache_misses = 122500
preemptive halt, cache_misses = 122500
preemptive halt, cache_misses = 122500
preemptive halt, cache_misses = 122500
preemptive halt, cache_misses = 122500
preemptive halt, cache_misses = 122500
preemptive halt, cache_misses = 122500
preemptive halt, cache_misses = 122500
preemptive halt, cache_misses = 122500
preemptive halt, cache_misses = 122500
preemptive halt, cache_misses = 122500
preemptive halt, cache_misses = 122500
preemptive halt, cache_misses = 122500
preemptive halt, cache_misses = 122500
preemptive halt, cache_misses = 122500
preemptive halt, cache_misses = 122500
preemptive halt, cache_misses = 122500
preemptive halt, cache_misses = 122500
preemptive halt, cache_misses = 122500
preemptive halt, cache_misses = 122500
preemptive halt, cache_misses = 122500
preemptive halt, cache_misses = 122500
preemptive halt, cache_misses = 122500
preemptive halt, cache_misses = 122500
preemptive halt, cache_misses = 122500
preemptive halt, cache_misses = 122500
preemptive halt, cache_misses = 122500
preemptive halt, cache_misses = 122500
preemptive halt, cache_misses = 122500
preemptive halt, cache_misses = 122500
preemptive halt, cache_misses = 122500
preemptive halt, cache_misses = 122500
preemptive halt, cache_misses = 122500
preemptive halt, cache_misses = 122500
preemptive halt, cache_misses = 122500
preemptive halt, cache_misses = 122500
preemptive halt, cache_misses = 122500
preemptive halt, cache_misses = 122500
preemptive halt, cache_misses = 122500
preemptive halt, cache_misses = 122500
preemptive halt, cache_misses = 122500
preemptive halt, cache_misses = 122500
preemptive halt, cache_misses = 122500
preemptive halt, cache_misses = 122500
preemptive halt, cache_misses = 122500
preemptive halt, cache_misses = 122500
preemptive halt, cache_misses = 122500
preemptive halt, cache_misses = 122500
preemptive halt, cache_misses = 122500
preemptive halt, cache_misses = 122500
preemptive halt, cache_misses = 122500
preemptive halt, cache_misses = 122500
preemptive halt, cache_misses = 122500
preemptive halt, cache_misses = 122500
preemptive halt, cache_misses = 122500
preemptive halt, cache_misses = 122500
preemptive halt, cache_misses = 122500
preemptive halt, cache_misses = 122500
preemptive halt, cache_misses = 122500
preemptive halt, cache_misses = 122500
preemptive halt, cache_misses = 122500
preemptive halt, cache_misses = 122500
preemptive halt, cache_misses = 122500
preemptive halt, cache_misses = 122500
preemptive halt, cache_misses = 122500
preemptive halt, cache_misses = 122500
preemptive halt, cache_misses = 122500
preemptive halt, cache_misses = 122500
preemptive halt, cache_misses = 122500
preemptive halt, cache_misses = 122500
preemptive halt, cache_misses = 122500
preemptive halt, cache_misses = 122500
preemptive halt, cache_misses = 122500
preemptive halt, cache_misses = 122500
preemptive halt, cache_misses = 122500
preemptive halt, cache_misses = 122500
preemptive halt, cache_misses = 122500
preemptive halt, cache_misses = 122500
preemptive halt, cache_misses = 122500
preemptive halt, cache_misses = 122500
preemptive halt, cache_misses = 122500
preemptive halt, cache_misses = 122500
preemptive halt, cache_misses = 122500
preemptive halt, cache_misses = 122500
preemptive halt, cache_misses = 122500
preemptive halt, cache_misses = 122500
preemptive halt, cache_misses = 122500
preemptive halt, cache_misses = 122500
preemptive halt, cache_misses = 122500
preemptive halt, cache_misses = 122500
preemptive halt, cache_misses = 122500
preemptive halt, cache_misses = 122500
preemptive halt, cache_misses = 122500
preemptive halt, cache_misses = 122500
preemptive halt, cache_misses = 122500
preemptive halt, cache_misses = 122500
preemptive halt, cache_misses = 122500
preemptive halt, cache_misses = 122500
preemptive halt, cache_misses = 122500
preemptive halt, cache_misses = 122500
preemptive halt, cache_misses = 122500
preemptive halt, cache_misses = 122500
preemptive halt, cache_misses = 122500
preemptive halt, cache_misses = 122500
preemptive halt, cache_misses = 122500
preemptive halt, cache_misses = 122500
preemptive halt, cache_misses = 122500
preemptive halt, cache_misses = 122500
preemptive halt, cache_misses = 122500
preemptive halt, cache_misses = 122500
preemptive halt, cache_misses = 122500
preemptive halt, cache_misses = 122500
preemptive halt, cache_misses = 122500
preemptive halt, cache_misses = 122500
preemptive halt, cache_misses = 122500
preemptive halt, cache_misses = 122500
preemptive halt, cache_misses = 122500
preemptive halt, cache_misses = 122500
preemptive halt, cache_misses = 122500
preemptive halt, cache_misses = 122500
preemptive halt, cache_misses = 122500
preemptive halt, cache_misses = 122500
preemptive halt, cache_misses = 122500
preemptive halt, cache_misses = 122500
preemptive halt, cache_misses = 122500
preemptive halt, cache_misses = 122500
preemptive halt, cache_misses = 122500
preemptive halt, cache_misses = 122500
preemptive halt, cache_misses = 122500
preemptive halt, cache_misses = 122500
preemptive halt, cache_misses = 122500
preemptive halt, cache_misses = 122500
preemptive halt, cache_misses = 122500
binary search, size 60625  misses 122500  min 60000  max 61250
preemptive halt, cache_misses = 122501
preemptive halt, cache_misses = 122501
preemptive halt, cache_misses = 122501
preemptive halt, cache_misses = 122501
preemptive halt, cache_misses = 122501
preemptive halt, cache_misses = 122501
binary search, size 60937  misses 122501  min 60625  max 61250
preemptive halt, cache_misses = 122502
preemptive halt, cache_misses = 122502
preemptive halt, cache_misses = 122502
preemptive halt, cache_misses = 122502
preemptive halt, cache_misses = 122502
preemptive halt, cache_misses = 122502
preemptive halt, cache_misses = 122502
preemptive halt, cache_misses = 122502
binary search, size 61093  misses 122502  min 60937  max 61250
preemptive halt, cache_misses = 122503
preemptive halt, cache_misses = 122503
preemptive halt, cache_misses = 122503
preemptive halt, cache_misses = 122503
preemptive halt, cache_misses = 122503
preemptive halt, cache_misses = 122503
preemptive halt, cache_misses = 122503
preemptive halt, cache_misses = 122503
preemptive halt, cache_misses = 122503
preemptive halt, cache_misses = 122503
binary search, size 61171  misses 122503  min 61093  max 61250
preemptive halt, cache_misses = 122504
preemptive halt, cache_misses = 122504
preemptive halt, cache_misses = 122504
preemptive halt, cache_misses = 122504
preemptive halt, cache_misses = 122504
preemptive halt, cache_misses = 122504
preemptive halt, cache_misses = 122504
preemptive halt, cache_misses = 122504
preemptive halt, cache_misses = 122504
preemptive halt, cache_misses = 122504
preemptive halt, cache_misses = 122504
preemptive halt, cache_misses = 122504
binary search, size 61210  misses 122504  min 61171  max 61250
preemptive halt, cache_misses = 122505
preemptive halt, cache_misses = 122505
preemptive halt, cache_misses = 122505
preemptive halt, cache_misses = 122505
preemptive halt, cache_misses = 122505
preemptive halt, cache_misses = 122505
preemptive halt, cache_misses = 122505
preemptive halt, cache_misses = 122505
preemptive halt, cache_misses = 122505
preemptive halt, cache_misses = 122505
preemptive halt, cache_misses = 122505
preemptive halt, cache_misses = 122505
preemptive halt, cache_misses = 122505
preemptive halt, cache_misses = 122505
binary search, size 61230  misses 122505  min 61210  max 61250
preemptive halt, cache_misses = 122506
preemptive halt, cache_misses = 122506
preemptive halt, cache_misses = 122506
preemptive halt, cache_misses = 122506
preemptive halt, cache_misses = 122506
preemptive halt, cache_misses = 122506
preemptive halt, cache_misses = 122506
preemptive halt, cache_misses = 122506
preemptive halt, cache_misses = 122506
preemptive halt, cache_misses = 122506
preemptive halt, cache_misses = 122506
preemptive halt, cache_misses = 122506
preemptive halt, cache_misses = 122506
preemptive halt, cache_misses = 122506
preemptive halt, cache_misses = 122506
preemptive halt, cache_misses = 122506
binary search, size 61240  misses 122506  min 61230  max 61250
preemptive halt, cache_misses = 122507
preemptive halt, cache_misses = 122507
preemptive halt, cache_misses = 122507
preemptive halt, cache_misses = 122507
preemptive halt, cache_misses = 122507
preemptive halt, cache_misses = 122507
preemptive halt, cache_misses = 122507
preemptive halt, cache_misses = 122507
preemptive halt, cache_misses = 122507
preemptive halt, cache_misses = 122507
preemptive halt, cache_misses = 122507
preemptive halt, cache_misses = 122507
preemptive halt, cache_misses = 122507
preemptive halt, cache_misses = 122507
preemptive halt, cache_misses = 122507
preemptive halt, cache_misses = 122507
preemptive halt, cache_misses = 122507
preemptive halt, cache_misses = 122507
binary search, size 61245  misses 122507  min 61240  max 61250
preemptive halt, cache_misses = 122508
preemptive halt, cache_misses = 122508
preemptive halt, cache_misses = 122508
preemptive halt, cache_misses = 122508
preemptive halt, cache_misses = 122508
preemptive halt, cache_misses = 122508
preemptive halt, cache_misses = 122508
preemptive halt, cache_misses = 122508
preemptive halt, cache_misses = 122508
preemptive halt, cache_misses = 122508
preemptive halt, cache_misses = 122508
preemptive halt, cache_misses = 122508
preemptive halt, cache_misses = 122508
preemptive halt, cache_misses = 122508
preemptive halt, cache_misses = 122508
preemptive halt, cache_misses = 122508
preemptive halt, cache_misses = 122508
preemptive halt, cache_misses = 122508
preemptive halt, cache_misses = 122508
preemptive halt, cache_misses = 122508
binary search, size 61247  misses 122508  min 61245  max 61250
preemptive halt, cache_misses = 122509
preemptive halt, cache_misses = 122509
preemptive halt, cache_misses = 122509
preemptive halt, cache_misses = 122509
preemptive halt, cache_misses = 122509
preemptive halt, cache_misses = 122509
preemptive halt, cache_misses = 122509
preemptive halt, cache_misses = 122509
preemptive halt, cache_misses = 122509
preemptive halt, cache_misses = 122509
preemptive halt, cache_misses = 122509
preemptive halt, cache_misses = 122509
preemptive halt, cache_misses = 122509
preemptive halt, cache_misses = 122509
preemptive halt, cache_misses = 122509
preemptive halt, cache_misses = 122509
preemptive halt, cache_misses = 122509
preemptive halt, cache_misses = 122509
preemptive halt, cache_misses = 122509
preemptive halt, cache_misses = 122509
preemptive halt, cache_misses = 122509
preemptive halt, cache_misses = 122509
binary search, size 61248  misses 122509  min 61247  max 61250
binary search, size 61249  misses 122499  min 61248  max 61250
characteristic cache size (binary search) for 349 = 61249
End at: 2021-04-02 15:33:43.010108
Time elapsed: 0:00:02.245739
