Begin at: 2021-04-02 15:30:12.988228
['../dist/Debug/GNU-Linux/memo_batch_tester', '', '--mbt_execution_trace_fname', 'olcs4_traceback_csize_input_types/OLCS4_lru_2021_04_02__15_29_05_k_3__d_2_cache_size_160000_problems_10_to_400/OLCS4_lru_2021_04_02__15_29_05_k_3__d_2_cache_size_160000_problems_10_to_400/OLCS4__do_traceback_prob_size_205_cache_size_160000_lru_k_3_d_2_execution_trace_2021_4_2_15_30_12_pid_17408.log', '--mbt_cache_misses_fname', 'olcs4_traceback_csize_input_types/OLCS4_lru_2021_04_02__15_29_05_k_3__d_2_cache_size_160000_problems_10_to_400/lcs_cost_OLCS4_lru_misses_for_cache_size.csv', '--mbt_misses_for_problem_size_fname', 'olcs4_traceback_csize_input_types/OLCS4_lru_2021_04_02__15_29_05_k_3__d_2_cache_size_160000_problems_10_to_400/lcs_cost_OLCS4_lru_misses_for_problem_size.csv', '--mbt_exact_cutoff_min_cache_size', '160000', '--mbt_exact_cutoff_max_cache_size', '160000', '--mbt_problem_type', 'lcs', '--mbt_metric_type', 'csize_binary_search', '--mbt_cutoff_ratio', '2.2', '--mbt_instance_fname', '205', '--mbt_detailed_cache_misses_out_fname', 'csize_olcs4_traceback_0011n_ceil_n_b_2.csv', '--mbt_phi_N', '5.0', '--mbt_problem_size', '205', '--lcs_compute_length', '0', '--lcs_perform_traceback', '1', '--lig_instance_type', '0011n_ceil_n_b', '--lig_n', '205', '--lig_c', '0.9', '--lig_b', '2.0', '--lcs_oblivious', '4', '--lcs_execution_trace_fname', 'olcs4_traceback_csize_input_types/OLCS4_lru_2021_04_02__15_29_05_k_3__d_2_cache_size_160000_problems_10_to_400/OLCS4_lru_2021_04_02__15_29_05_k_3__d_2_cache_size_160000_problems_10_to_400/OLCS4__do_traceback_prob_size_205_cache_size_160000_lru_k_3_d_2_execution_trace_2021_4_2_15_30_12_pid_17408.log', '--memo_caching_strategy', 'lru', '--memo_cache_size', '160001', '--memo_lru_queue_size', '160000', '--memo_cuckoo_k', '4', '--memo_key_length', '8', '--memo_value_length', '8', '--memo_k_timestamps', '3', '--memo_d_recent_timestamps', '2', '--memo_a_items_per_timestamp_factor', '0.4375']

csize_binary_search chosen
lcs problem_type lcs cache_size 160001
initialize_long_int_cache begin
init_memo
arguments to memo:
 --mbt_execution_trace_fname olcs4_traceback_csize_input_types/OLCS4_lru_2021_04_02__15_29_05_k_3__d_2_cache_size_160000_problems_10_to_400/OLCS4_lru_2021_04_02__15_29_05_k_3__d_2_cache_size_160000_problems_10_to_400/OLCS4__do_traceback_prob_size_205_cache_size_160000_lru_k_3_d_2_execution_trace_2021_4_2_15_30_12_pid_17408.log --mbt_cache_misses_fname olcs4_traceback_csize_input_types/OLCS4_lru_2021_04_02__15_29_05_k_3__d_2_cache_size_160000_problems_10_to_400/lcs_cost_OLCS4_lru_misses_for_cache_size.csv --mbt_misses_for_problem_size_fname olcs4_traceback_csize_input_types/OLCS4_lru_2021_04_02__15_29_05_k_3__d_2_cache_size_160000_problems_10_to_400/lcs_cost_OLCS4_lru_misses_for_problem_size.csv --mbt_exact_cutoff_min_cache_size 160000 --mbt_exact_cutoff_max_cache_size 160000 --mbt_problem_type lcs --mbt_metric_type csize_binary_search --mbt_cutoff_ratio 2.2 --mbt_instance_fname 205 --mbt_detailed_cache_misses_out_fname csize_olcs4_traceback_0011n_ceil_n_b_2.csv --mbt_phi_N 5.0 --mbt_problem_size 205 --lcs_compute_length 0 --lcs_perform_traceback 1 --lig_instance_type 0011n_ceil_n_b --lig_n 205 --lig_c 0.9 --lig_b 2.0 --lcs_oblivious 4 --lcs_execution_trace_fname olcs4_traceback_csize_input_types/OLCS4_lru_2021_04_02__15_29_05_k_3__d_2_cache_size_160000_problems_10_to_400/OLCS4_lru_2021_04_02__15_29_05_k_3__d_2_cache_size_160000_problems_10_to_400/OLCS4__do_traceback_prob_size_205_cache_size_160000_lru_k_3_d_2_execution_trace_2021_4_2_15_30_12_pid_17408.log --memo_caching_strategy lru --memo_cache_size 160001 --memo_lru_queue_size 160000 --memo_cuckoo_k 4 --memo_key_length 8 --memo_value_length 8 --memo_k_timestamps 3 --memo_d_recent_timestamps 2 --memo_a_items_per_timestamp_factor 0.4375 
calculate_table_size: table_size is 262144, original is 160001
Finished initializing cache
initialize_long_int_cache end
done initializing cache
initializing problem
done initializing problem
commence trials
Starting characteristic_cache_size_binary_search with max cache size 160001
binary search, size 160001  misses 42435
binary search, size 80000  misses 42435  min 0  max 160001
binary search, size 40000  misses 42435  min 0  max 80000
preemptive halt, cache_misses = 42436
preemptive halt, cache_misses = 42436
preemptive halt, cache_misses = 42436
preemptive halt, cache_misses = 42436
preemptive halt, cache_misses = 42436
preemptive halt, cache_misses = 42436
preemptive halt, cache_misses = 42436
preemptive halt, cache_misses = 42436
preemptive halt, cache_misses = 42436
preemptive halt, cache_misses = 42436
preemptive halt, cache_misses = 42436
preemptive halt, cache_misses = 42436
preemptive halt, cache_misses = 42436
preemptive halt, cache_misses = 42436
preemptive halt, cache_misses = 42436
preemptive halt, cache_misses = 42436
preemptive halt, cache_misses = 42436
preemptive halt, cache_misses = 42436
preemptive halt, cache_misses = 42436
preemptive halt, cache_misses = 42436
preemptive halt, cache_misses = 42436
preemptive halt, cache_misses = 42436
preemptive halt, cache_misses = 42436
preemptive halt, cache_misses = 42436
preemptive halt, cache_misses = 42436
preemptive halt, cache_misses = 42436
preemptive halt, cache_misses = 42436
preemptive halt, cache_misses = 42436
preemptive halt, cache_misses = 42436
preemptive halt, cache_misses = 42436
preemptive halt, cache_misses = 42436
preemptive halt, cache_misses = 42436
preemptive halt, cache_misses = 42436
preemptive halt, cache_misses = 42436
preemptive halt, cache_misses = 42436
preemptive halt, cache_misses = 42436
preemptive halt, cache_misses = 42436
preemptive halt, cache_misses = 42436
preemptive halt, cache_misses = 42436
preemptive halt, cache_misses = 42436
preemptive halt, cache_misses = 42436
preemptive halt, cache_misses = 42436
preemptive halt, cache_misses = 42436
preemptive halt, cache_misses = 42436
preemptive halt, cache_misses = 42436
preemptive halt, cache_misses = 42436
preemptive halt, cache_misses = 42436
preemptive halt, cache_misses = 42436
preemptive halt, cache_misses = 42436
preemptive halt, cache_misses = 42436
preemptive halt, cache_misses = 42436
preemptive halt, cache_misses = 42436
preemptive halt, cache_misses = 42436
preemptive halt, cache_misses = 42436
preemptive halt, cache_misses = 42436
preemptive halt, cache_misses = 42436
preemptive halt, cache_misses = 42436
preemptive halt, cache_misses = 42436
preemptive halt, cache_misses = 42436
preemptive halt, cache_misses = 42436
preemptive halt, cache_misses = 42436
preemptive halt, cache_misses = 42436
preemptive halt, cache_misses = 42436
preemptive halt, cache_misses = 42436
preemptive halt, cache_misses = 42436
preemptive halt, cache_misses = 42436
preemptive halt, cache_misses = 42436
preemptive halt, cache_misses = 42436
preemptive halt, cache_misses = 42436
preemptive halt, cache_misses = 42436
preemptive halt, cache_misses = 42436
preemptive halt, cache_misses = 42436
preemptive halt, cache_misses = 42436
preemptive halt, cache_misses = 42436
preemptive halt, cache_misses = 42436
preemptive halt, cache_misses = 42436
preemptive halt, cache_misses = 42436
preemptive halt, cache_misses = 42436
preemptive halt, cache_misses = 42436
preemptive halt, cache_misses = 42436
preemptive halt, cache_misses = 42436
preemptive halt, cache_misses = 42436
preemptive halt, cache_misses = 42436
preemptive halt, cache_misses = 42436
preemptive halt, cache_misses = 42436
preemptive halt, cache_misses = 42436
preemptive halt, cache_misses = 42436
preemptive halt, cache_misses = 42436
preemptive halt, cache_misses = 42436
preemptive halt, cache_misses = 42436
preemptive halt, cache_misses = 42436
preemptive halt, cache_misses = 42436
preemptive halt, cache_misses = 42436
preemptive halt, cache_misses = 42436
preemptive halt, cache_misses = 42436
preemptive halt, cache_misses = 42436
preemptive halt, cache_misses = 42436
preemptive halt, cache_misses = 42436
preemptive halt, cache_misses = 42436
preemptive halt, cache_misses = 42436
preemptive halt, cache_misses = 42436
preemptive halt, cache_misses = 42436
preemptive halt, cache_misses = 42436
preemptive halt, cache_misses = 42436
preemptive halt, cache_misses = 42436
preemptive halt, cache_misses = 42436
preemptive halt, cache_misses = 42436
preemptive halt, cache_misses = 42436
preemptive halt, cache_misses = 42436
preemptive halt, cache_misses = 42436
preemptive halt, cache_misses = 42436
preemptive halt, cache_misses = 42436
preemptive halt, cache_misses = 42436
preemptive halt, cache_misses = 42436
preemptive halt, cache_misses = 42436
preemptive halt, cache_misses = 42436
preemptive halt, cache_misses = 42436
preemptive halt, cache_misses = 42436
preemptive halt, cache_misses = 42436
preemptive halt, cache_misses = 42436
preemptive halt, cache_misses = 42436
preemptive halt, cache_misses = 42436
preemptive halt, cache_misses = 42436
preemptive halt, cache_misses = 42436
preemptive halt, cache_misses = 42436
preemptive halt, cache_misses = 42436
preemptive halt, cache_misses = 42436
preemptive halt, cache_misses = 42436
preemptive halt, cache_misses = 42436
preemptive halt, cache_misses = 42436
preemptive halt, cache_misses = 42436
preemptive halt, cache_misses = 42436
preemptive halt, cache_misses = 42436
preemptive halt, cache_misses = 42436
preemptive halt, cache_misses = 42436
preemptive halt, cache_misses = 42436
preemptive halt, cache_misses = 42436
preemptive halt, cache_misses = 42436
preemptive halt, cache_misses = 42436
preemptive halt, cache_misses = 42436
preemptive halt, cache_misses = 42436
preemptive halt, cache_misses = 42436
preemptive halt, cache_misses = 42436
preemptive halt, cache_misses = 42436
preemptive halt, cache_misses = 42436
preemptive halt, cache_misses = 42436
preemptive halt, cache_misses = 42436
preemptive halt, cache_misses = 42436
preemptive halt, cache_misses = 42436
preemptive halt, cache_misses = 42436
preemptive halt, cache_misses = 42436
preemptive halt, cache_misses = 42436
preemptive halt, cache_misses = 42436
preemptive halt, cache_misses = 42436
preemptive halt, cache_misses = 42436
preemptive halt, cache_misses = 42436
preemptive halt, cache_misses = 42436
preemptive halt, cache_misses = 42436
preemptive halt, cache_misses = 42436
preemptive halt, cache_misses = 42436
preemptive halt, cache_misses = 42436
preemptive halt, cache_misses = 42436
preemptive halt, cache_misses = 42436
preemptive halt, cache_misses = 42436
preemptive halt, cache_misses = 42436
preemptive halt, cache_misses = 42436
preemptive halt, cache_misses = 42436
preemptive halt, cache_misses = 42436
preemptive halt, cache_misses = 42436
preemptive halt, cache_misses = 42436
preemptive halt, cache_misses = 42436
preemptive halt, cache_misses = 42436
preemptive halt, cache_misses = 42436
preemptive halt, cache_misses = 42436
preemptive halt, cache_misses = 42436
preemptive halt, cache_misses = 42436
preemptive halt, cache_misses = 42436
preemptive halt, cache_misses = 42436
preemptive halt, cache_misses = 42436
preemptive halt, cache_misses = 42436
preemptive halt, cache_misses = 42436
preemptive halt, cache_misses = 42436
preemptive halt, cache_misses = 42436
preemptive halt, cache_misses = 42436
preemptive halt, cache_misses = 42436
preemptive halt, cache_misses = 42436
preemptive halt, cache_misses = 42436
preemptive halt, cache_misses = 42436
preemptive halt, cache_misses = 42436
preemptive halt, cache_misses = 42436
preemptive halt, cache_misses = 42436
preemptive halt, cache_misses = 42436
preemptive halt, cache_misses = 42436
preemptive halt, cache_misses = 42436
preemptive halt, cache_misses = 42436
preemptive halt, cache_misses = 42436
preemptive halt, cache_misses = 42436
preemptive halt, cache_misses = 42436
preemptive halt, cache_misses = 42436
preemptive halt, cache_misses = 42436
preemptive halt, cache_misses = 42436
preemptive halt, cache_misses = 42436
preemptive halt, cache_misses = 42436
preemptive halt, cache_misses = 42436
preemptive halt, cache_misses = 42436
preemptive halt, cache_misses = 42436
preemptive halt, cache_misses = 42436
preemptive halt, cache_misses = 42436
preemptive halt, cache_misses = 42436
preemptive halt, cache_misses = 42436
preemptive halt, cache_misses = 42436
preemptive halt, cache_misses = 42436
preemptive halt, cache_misses = 42436
preemptive halt, cache_misses = 42436
preemptive halt, cache_misses = 42436
preemptive halt, cache_misses = 42436
preemptive halt, cache_misses = 42436
preemptive halt, cache_misses = 42436
preemptive halt, cache_misses = 42436
preemptive halt, cache_misses = 42436
preemptive halt, cache_misses = 42436
preemptive halt, cache_misses = 42436
preemptive halt, cache_misses = 42436
preemptive halt, cache_misses = 42436
preemptive halt, cache_misses = 42436
preemptive halt, cache_misses = 42436
preemptive halt, cache_misses = 42436
preemptive halt, cache_misses = 42436
preemptive halt, cache_misses = 42436
preemptive halt, cache_misses = 42436
preemptive halt, cache_misses = 42436
preemptive halt, cache_misses = 42436
preemptive halt, cache_misses = 42436
preemptive halt, cache_misses = 42436
preemptive halt, cache_misses = 42436
preemptive halt, cache_misses = 42436
preemptive halt, cache_misses = 42436
preemptive halt, cache_misses = 42436
preemptive halt, cache_misses = 42436
preemptive halt, cache_misses = 42436
preemptive halt, cache_misses = 42436
preemptive halt, cache_misses = 42436
preemptive halt, cache_misses = 42436
preemptive halt, cache_misses = 42436
preemptive halt, cache_misses = 42436
preemptive halt, cache_misses = 42436
preemptive halt, cache_misses = 42436
preemptive halt, cache_misses = 42436
preemptive halt, cache_misses = 42436
preemptive halt, cache_misses = 42436
preemptive halt, cache_misses = 42436
preemptive halt, cache_misses = 42436
preemptive halt, cache_misses = 42436
preemptive halt, cache_misses = 42436
preemptive halt, cache_misses = 42436
preemptive halt, cache_misses = 42436
preemptive halt, cache_misses = 42436
preemptive halt, cache_misses = 42436
preemptive halt, cache_misses = 42436
preemptive halt, cache_misses = 42436
preemptive halt, cache_misses = 42436
preemptive halt, cache_misses = 42436
preemptive halt, cache_misses = 42436
preemptive halt, cache_misses = 42436
preemptive halt, cache_misses = 42436
preemptive halt, cache_misses = 42436
preemptive halt, cache_misses = 42436
preemptive halt, cache_misses = 42436
preemptive halt, cache_misses = 42436
preemptive halt, cache_misses = 42436
preemptive halt, cache_misses = 42436
preemptive halt, cache_misses = 42436
preemptive halt, cache_misses = 42436
preemptive halt, cache_misses = 42436
preemptive halt, cache_misses = 42436
preemptive halt, cache_misses = 42436
preemptive halt, cache_misses = 42436
preemptive halt, cache_misses = 42436
preemptive halt, cache_misses = 42436
preemptive halt, cache_misses = 42436
preemptive halt, cache_misses = 42436
preemptive halt, cache_misses = 42436
preemptive halt, cache_misses = 42436
preemptive halt, cache_misses = 42436
preemptive halt, cache_misses = 42436
preemptive halt, cache_misses = 42436
preemptive halt, cache_misses = 42436
preemptive halt, cache_misses = 42436
preemptive halt, cache_misses = 42436
preemptive halt, cache_misses = 42436
preemptive halt, cache_misses = 42436
preemptive halt, cache_misses = 42436
preemptive halt, cache_misses = 42436
preemptive halt, cache_misses = 42436
preemptive halt, cache_misses = 42436
preemptive halt, cache_misses = 42436
preemptive halt, cache_misses = 42436
preemptive halt, cache_misses = 42436
preemptive halt, cache_misses = 42436
preemptive halt, cache_misses = 42436
preemptive halt, cache_misses = 42436
preemptive halt, cache_misses = 42436
preemptive halt, cache_misses = 42436
preemptive halt, cache_misses = 42436
preemptive halt, cache_misses = 42436
preemptive halt, cache_misses = 42436
preemptive halt, cache_misses = 42436
preemptive halt, cache_misses = 42436
preemptive halt, cache_misses = 42436
preemptive halt, cache_misses = 42436
preemptive halt, cache_misses = 42436
preemptive halt, cache_misses = 42436
preemptive halt, cache_misses = 42436
preemptive halt, cache_misses = 42436
preemptive halt, cache_misses = 42436
preemptive halt, cache_misses = 42436
preemptive halt, cache_misses = 42436
preemptive halt, cache_misses = 42436
preemptive halt, cache_misses = 42436
preemptive halt, cache_misses = 42436
preemptive halt, cache_misses = 42436
preemptive halt, cache_misses = 42436
preemptive halt, cache_misses = 42436
preemptive halt, cache_misses = 42436
preemptive halt, cache_misses = 42436
preemptive halt, cache_misses = 42436
preemptive halt, cache_misses = 42436
preemptive halt, cache_misses = 42436
preemptive halt, cache_misses = 42436
preemptive halt, cache_misses = 42436
preemptive halt, cache_misses = 42436
preemptive halt, cache_misses = 42436
preemptive halt, cache_misses = 42436
preemptive halt, cache_misses = 42436
preemptive halt, cache_misses = 42436
preemptive halt, cache_misses = 42436
preemptive halt, cache_misses = 42436
preemptive halt, cache_misses = 42436
preemptive halt, cache_misses = 42436
preemptive halt, cache_misses = 42436
preemptive halt, cache_misses = 42436
preemptive halt, cache_misses = 42436
preemptive halt, cache_misses = 42436
preemptive halt, cache_misses = 42436
preemptive halt, cache_misses = 42436
preemptive halt, cache_misses = 42436
preemptive halt, cache_misses = 42436
preemptive halt, cache_misses = 42436
preemptive halt, cache_misses = 42436
preemptive halt, cache_misses = 42436
preemptive halt, cache_misses = 42436
preemptive halt, cache_misses = 42436
preemptive halt, cache_misses = 42436
preemptive halt, cache_misses = 42436
preemptive halt, cache_misses = 42436
preemptive halt, cache_misses = 42436
preemptive halt, cache_misses = 42436
preemptive halt, cache_misses = 42436
preemptive halt, cache_misses = 42436
preemptive halt, cache_misses = 42436
preemptive halt, cache_misses = 42436
preemptive halt, cache_misses = 42436
preemptive halt, cache_misses = 42436
preemptive halt, cache_misses = 42436
preemptive halt, cache_misses = 42436
preemptive halt, cache_misses = 42436
preemptive halt, cache_misses = 42436
preemptive halt, cache_misses = 42436
preemptive halt, cache_misses = 42436
preemptive halt, cache_misses = 42436
preemptive halt, cache_misses = 42436
preemptive halt, cache_misses = 42436
preemptive halt, cache_misses = 42436
preemptive halt, cache_misses = 42436
preemptive halt, cache_misses = 42436
preemptive halt, cache_misses = 42436
preemptive halt, cache_misses = 42436
preemptive halt, cache_misses = 42436
preemptive halt, cache_misses = 42436
preemptive halt, cache_misses = 42436
preemptive halt, cache_misses = 42436
preemptive halt, cache_misses = 42436
preemptive halt, cache_misses = 42436
preemptive halt, cache_misses = 42436
preemptive halt, cache_misses = 42436
preemptive halt, cache_misses = 42436
preemptive halt, cache_misses = 42436
preemptive halt, cache_misses = 42436
preemptive halt, cache_misses = 42436
preemptive halt, cache_misses = 42436
preemptive halt, cache_misses = 42436
preemptive halt, cache_misses = 42436
preemptive halt, cache_misses = 42436
preemptive halt, cache_misses = 42436
preemptive halt, cache_misses = 42436
preemptive halt, cache_misses = 42436
preemptive halt, cache_misses = 42436
preemptive halt, cache_misses = 42436
preemptive halt, cache_misses = 42436
preemptive halt, cache_misses = 42436
binary search, size 20000  misses 42436  min 0  max 40000
binary search, size 30000  misses 42435  min 20000  max 40000
binary search, size 25000  misses 42435  min 20000  max 30000
binary search, size 22500  misses 42435  min 20000  max 25000
binary search, size 21250  misses 42435  min 20000  max 22500
preemptive halt, cache_misses = 42436
preemptive halt, cache_misses = 42436
preemptive halt, cache_misses = 42436
preemptive halt, cache_misses = 42436
preemptive halt, cache_misses = 42436
preemptive halt, cache_misses = 42436
preemptive halt, cache_misses = 42436
preemptive halt, cache_misses = 42436
preemptive halt, cache_misses = 42436
preemptive halt, cache_misses = 42436
preemptive halt, cache_misses = 42436
preemptive halt, cache_misses = 42436
preemptive halt, cache_misses = 42436
preemptive halt, cache_misses = 42436
preemptive halt, cache_misses = 42436
preemptive halt, cache_misses = 42436
preemptive halt, cache_misses = 42436
preemptive halt, cache_misses = 42436
preemptive halt, cache_misses = 42436
preemptive halt, cache_misses = 42436
preemptive halt, cache_misses = 42436
preemptive halt, cache_misses = 42436
preemptive halt, cache_misses = 42436
preemptive halt, cache_misses = 42436
preemptive halt, cache_misses = 42436
preemptive halt, cache_misses = 42436
preemptive halt, cache_misses = 42436
preemptive halt, cache_misses = 42436
preemptive halt, cache_misses = 42436
preemptive halt, cache_misses = 42436
preemptive halt, cache_misses = 42436
preemptive halt, cache_misses = 42436
preemptive halt, cache_misses = 42436
preemptive halt, cache_misses = 42436
preemptive halt, cache_misses = 42436
preemptive halt, cache_misses = 42436
preemptive halt, cache_misses = 42436
preemptive halt, cache_misses = 42436
preemptive halt, cache_misses = 42436
preemptive halt, cache_misses = 42436
preemptive halt, cache_misses = 42436
preemptive halt, cache_misses = 42436
preemptive halt, cache_misses = 42436
preemptive halt, cache_misses = 42436
preemptive halt, cache_misses = 42436
preemptive halt, cache_misses = 42436
preemptive halt, cache_misses = 42436
preemptive halt, cache_misses = 42436
preemptive halt, cache_misses = 42436
preemptive halt, cache_misses = 42436
preemptive halt, cache_misses = 42436
preemptive halt, cache_misses = 42436
preemptive halt, cache_misses = 42436
preemptive halt, cache_misses = 42436
preemptive halt, cache_misses = 42436
preemptive halt, cache_misses = 42436
preemptive halt, cache_misses = 42436
preemptive halt, cache_misses = 42436
preemptive halt, cache_misses = 42436
preemptive halt, cache_misses = 42436
preemptive halt, cache_misses = 42436
preemptive halt, cache_misses = 42436
preemptive halt, cache_misses = 42436
preemptive halt, cache_misses = 42436
preemptive halt, cache_misses = 42436
preemptive halt, cache_misses = 42436
preemptive halt, cache_misses = 42436
preemptive halt, cache_misses = 42436
preemptive halt, cache_misses = 42436
preemptive halt, cache_misses = 42436
preemptive halt, cache_misses = 42436
preemptive halt, cache_misses = 42436
preemptive halt, cache_misses = 42436
preemptive halt, cache_misses = 42436
preemptive halt, cache_misses = 42436
preemptive halt, cache_misses = 42436
preemptive halt, cache_misses = 42436
preemptive halt, cache_misses = 42436
preemptive halt, cache_misses = 42436
preemptive halt, cache_misses = 42436
preemptive halt, cache_misses = 42436
preemptive halt, cache_misses = 42436
preemptive halt, cache_misses = 42436
preemptive halt, cache_misses = 42436
preemptive halt, cache_misses = 42436
preemptive halt, cache_misses = 42436
preemptive halt, cache_misses = 42436
preemptive halt, cache_misses = 42436
preemptive halt, cache_misses = 42436
preemptive halt, cache_misses = 42436
preemptive halt, cache_misses = 42436
preemptive halt, cache_misses = 42436
preemptive halt, cache_misses = 42436
preemptive halt, cache_misses = 42436
preemptive halt, cache_misses = 42436
preemptive halt, cache_misses = 42436
preemptive halt, cache_misses = 42436
preemptive halt, cache_misses = 42436
preemptive halt, cache_misses = 42436
preemptive halt, cache_misses = 42436
preemptive halt, cache_misses = 42436
preemptive halt, cache_misses = 42436
preemptive halt, cache_misses = 42436
preemptive halt, cache_misses = 42436
preemptive halt, cache_misses = 42436
preemptive halt, cache_misses = 42436
preemptive halt, cache_misses = 42436
preemptive halt, cache_misses = 42436
preemptive halt, cache_misses = 42436
preemptive halt, cache_misses = 42436
preemptive halt, cache_misses = 42436
preemptive halt, cache_misses = 42436
preemptive halt, cache_misses = 42436
preemptive halt, cache_misses = 42436
preemptive halt, cache_misses = 42436
preemptive halt, cache_misses = 42436
preemptive halt, cache_misses = 42436
preemptive halt, cache_misses = 42436
preemptive halt, cache_misses = 42436
preemptive halt, cache_misses = 42436
preemptive halt, cache_misses = 42436
preemptive halt, cache_misses = 42436
preemptive halt, cache_misses = 42436
preemptive halt, cache_misses = 42436
preemptive halt, cache_misses = 42436
preemptive halt, cache_misses = 42436
preemptive halt, cache_misses = 42436
preemptive halt, cache_misses = 42436
preemptive halt, cache_misses = 42436
preemptive halt, cache_misses = 42436
preemptive halt, cache_misses = 42436
preemptive halt, cache_misses = 42436
preemptive halt, cache_misses = 42436
preemptive halt, cache_misses = 42436
preemptive halt, cache_misses = 42436
preemptive halt, cache_misses = 42436
preemptive halt, cache_misses = 42436
preemptive halt, cache_misses = 42436
preemptive halt, cache_misses = 42436
preemptive halt, cache_misses = 42436
preemptive halt, cache_misses = 42436
preemptive halt, cache_misses = 42436
preemptive halt, cache_misses = 42436
preemptive halt, cache_misses = 42436
preemptive halt, cache_misses = 42436
preemptive halt, cache_misses = 42436
preemptive halt, cache_misses = 42436
preemptive halt, cache_misses = 42436
preemptive halt, cache_misses = 42436
preemptive halt, cache_misses = 42436
preemptive halt, cache_misses = 42436
preemptive halt, cache_misses = 42436
preemptive halt, cache_misses = 42436
preemptive halt, cache_misses = 42436
preemptive halt, cache_misses = 42436
preemptive halt, cache_misses = 42436
preemptive halt, cache_misses = 42436
preemptive halt, cache_misses = 42436
preemptive halt, cache_misses = 42436
preemptive halt, cache_misses = 42436
preemptive halt, cache_misses = 42436
preemptive halt, cache_misses = 42436
preemptive halt, cache_misses = 42436
preemptive halt, cache_misses = 42436
preemptive halt, cache_misses = 42436
preemptive halt, cache_misses = 42436
preemptive halt, cache_misses = 42436
preemptive halt, cache_misses = 42436
preemptive halt, cache_misses = 42436
preemptive halt, cache_misses = 42436
preemptive halt, cache_misses = 42436
preemptive halt, cache_misses = 42436
preemptive halt, cache_misses = 42436
preemptive halt, cache_misses = 42436
preemptive halt, cache_misses = 42436
preemptive halt, cache_misses = 42436
preemptive halt, cache_misses = 42436
preemptive halt, cache_misses = 42436
preemptive halt, cache_misses = 42436
preemptive halt, cache_misses = 42436
preemptive halt, cache_misses = 42436
preemptive halt, cache_misses = 42436
preemptive halt, cache_misses = 42436
preemptive halt, cache_misses = 42436
preemptive halt, cache_misses = 42436
preemptive halt, cache_misses = 42436
preemptive halt, cache_misses = 42436
preemptive halt, cache_misses = 42436
preemptive halt, cache_misses = 42436
preemptive halt, cache_misses = 42436
preemptive halt, cache_misses = 42436
preemptive halt, cache_misses = 42436
preemptive halt, cache_misses = 42436
preemptive halt, cache_misses = 42436
preemptive halt, cache_misses = 42436
preemptive halt, cache_misses = 42436
preemptive halt, cache_misses = 42436
preemptive halt, cache_misses = 42436
preemptive halt, cache_misses = 42436
preemptive halt, cache_misses = 42436
preemptive halt, cache_misses = 42436
preemptive halt, cache_misses = 42436
preemptive halt, cache_misses = 42436
preemptive halt, cache_misses = 42436
preemptive halt, cache_misses = 42436
preemptive halt, cache_misses = 42436
preemptive halt, cache_misses = 42436
preemptive halt, cache_misses = 42436
preemptive halt, cache_misses = 42436
preemptive halt, cache_misses = 42436
preemptive halt, cache_misses = 42436
preemptive halt, cache_misses = 42436
preemptive halt, cache_misses = 42436
preemptive halt, cache_misses = 42436
preemptive halt, cache_misses = 42436
preemptive halt, cache_misses = 42436
preemptive halt, cache_misses = 42436
preemptive halt, cache_misses = 42436
preemptive halt, cache_misses = 42436
preemptive halt, cache_misses = 42436
preemptive halt, cache_misses = 42436
preemptive halt, cache_misses = 42436
preemptive halt, cache_misses = 42436
preemptive halt, cache_misses = 42436
preemptive halt, cache_misses = 42436
preemptive halt, cache_misses = 42436
preemptive halt, cache_misses = 42436
preemptive halt, cache_misses = 42436
preemptive halt, cache_misses = 42436
preemptive halt, cache_misses = 42436
preemptive halt, cache_misses = 42436
preemptive halt, cache_misses = 42436
preemptive halt, cache_misses = 42436
preemptive halt, cache_misses = 42436
preemptive halt, cache_misses = 42436
preemptive halt, cache_misses = 42436
preemptive halt, cache_misses = 42436
preemptive halt, cache_misses = 42436
preemptive halt, cache_misses = 42436
preemptive halt, cache_misses = 42436
preemptive halt, cache_misses = 42436
preemptive halt, cache_misses = 42436
preemptive halt, cache_misses = 42436
preemptive halt, cache_misses = 42436
preemptive halt, cache_misses = 42436
preemptive halt, cache_misses = 42436
preemptive halt, cache_misses = 42436
preemptive halt, cache_misses = 42436
preemptive halt, cache_misses = 42436
preemptive halt, cache_misses = 42436
preemptive halt, cache_misses = 42436
preemptive halt, cache_misses = 42436
preemptive halt, cache_misses = 42436
preemptive halt, cache_misses = 42436
preemptive halt, cache_misses = 42436
preemptive halt, cache_misses = 42436
preemptive halt, cache_misses = 42436
preemptive halt, cache_misses = 42436
preemptive halt, cache_misses = 42436
preemptive halt, cache_misses = 42436
preemptive halt, cache_misses = 42436
preemptive halt, cache_misses = 42436
preemptive halt, cache_misses = 42436
preemptive halt, cache_misses = 42436
preemptive halt, cache_misses = 42436
preemptive halt, cache_misses = 42436
preemptive halt, cache_misses = 42436
preemptive halt, cache_misses = 42436
preemptive halt, cache_misses = 42436
preemptive halt, cache_misses = 42436
preemptive halt, cache_misses = 42436
preemptive halt, cache_misses = 42436
preemptive halt, cache_misses = 42436
preemptive halt, cache_misses = 42436
preemptive halt, cache_misses = 42436
preemptive halt, cache_misses = 42436
preemptive halt, cache_misses = 42436
preemptive halt, cache_misses = 42436
preemptive halt, cache_misses = 42436
preemptive halt, cache_misses = 42436
preemptive halt, cache_misses = 42436
preemptive halt, cache_misses = 42436
preemptive halt, cache_misses = 42436
preemptive halt, cache_misses = 42436
preemptive halt, cache_misses = 42436
preemptive halt, cache_misses = 42436
preemptive halt, cache_misses = 42436
preemptive halt, cache_misses = 42436
preemptive halt, cache_misses = 42436
preemptive halt, cache_misses = 42436
preemptive halt, cache_misses = 42436
preemptive halt, cache_misses = 42436
preemptive halt, cache_misses = 42436
preemptive halt, cache_misses = 42436
preemptive halt, cache_misses = 42436
preemptive halt, cache_misses = 42436
preemptive halt, cache_misses = 42436
preemptive halt, cache_misses = 42436
preemptive halt, cache_misses = 42436
preemptive halt, cache_misses = 42436
preemptive halt, cache_misses = 42436
preemptive halt, cache_misses = 42436
preemptive halt, cache_misses = 42436
preemptive halt, cache_misses = 42436
preemptive halt, cache_misses = 42436
preemptive halt, cache_misses = 42436
preemptive halt, cache_misses = 42436
preemptive halt, cache_misses = 42436
preemptive halt, cache_misses = 42436
preemptive halt, cache_misses = 42436
preemptive halt, cache_misses = 42436
preemptive halt, cache_misses = 42436
preemptive halt, cache_misses = 42436
preemptive halt, cache_misses = 42436
preemptive halt, cache_misses = 42436
preemptive halt, cache_misses = 42436
preemptive halt, cache_misses = 42436
preemptive halt, cache_misses = 42436
preemptive halt, cache_misses = 42436
preemptive halt, cache_misses = 42436
preemptive halt, cache_misses = 42436
preemptive halt, cache_misses = 42436
preemptive halt, cache_misses = 42436
preemptive halt, cache_misses = 42436
preemptive halt, cache_misses = 42436
preemptive halt, cache_misses = 42436
preemptive halt, cache_misses = 42436
preemptive halt, cache_misses = 42436
preemptive halt, cache_misses = 42436
preemptive halt, cache_misses = 42436
preemptive halt, cache_misses = 42436
preemptive halt, cache_misses = 42436
preemptive halt, cache_misses = 42436
preemptive halt, cache_misses = 42436
preemptive halt, cache_misses = 42436
preemptive halt, cache_misses = 42436
preemptive halt, cache_misses = 42436
preemptive halt, cache_misses = 42436
preemptive halt, cache_misses = 42436
preemptive halt, cache_misses = 42436
preemptive halt, cache_misses = 42436
preemptive halt, cache_misses = 42436
preemptive halt, cache_misses = 42436
preemptive halt, cache_misses = 42436
preemptive halt, cache_misses = 42436
preemptive halt, cache_misses = 42436
preemptive halt, cache_misses = 42436
preemptive halt, cache_misses = 42436
preemptive halt, cache_misses = 42436
preemptive halt, cache_misses = 42436
preemptive halt, cache_misses = 42436
preemptive halt, cache_misses = 42436
preemptive halt, cache_misses = 42436
preemptive halt, cache_misses = 42436
preemptive halt, cache_misses = 42436
preemptive halt, cache_misses = 42436
preemptive halt, cache_misses = 42436
preemptive halt, cache_misses = 42436
preemptive halt, cache_misses = 42436
preemptive halt, cache_misses = 42436
preemptive halt, cache_misses = 42436
preemptive halt, cache_misses = 42436
preemptive halt, cache_misses = 42436
preemptive halt, cache_misses = 42436
preemptive halt, cache_misses = 42436
preemptive halt, cache_misses = 42436
preemptive halt, cache_misses = 42436
preemptive halt, cache_misses = 42436
preemptive halt, cache_misses = 42436
preemptive halt, cache_misses = 42436
preemptive halt, cache_misses = 42436
preemptive halt, cache_misses = 42436
preemptive halt, cache_misses = 42436
preemptive halt, cache_misses = 42436
preemptive halt, cache_misses = 42436
preemptive halt, cache_misses = 42436
preemptive halt, cache_misses = 42436
preemptive halt, cache_misses = 42436
preemptive halt, cache_misses = 42436
preemptive halt, cache_misses = 42436
preemptive halt, cache_misses = 42436
preemptive halt, cache_misses = 42436
preemptive halt, cache_misses = 42436
preemptive halt, cache_misses = 42436
preemptive halt, cache_misses = 42436
preemptive halt, cache_misses = 42436
preemptive halt, cache_misses = 42436
preemptive halt, cache_misses = 42436
preemptive halt, cache_misses = 42436
preemptive halt, cache_misses = 42436
preemptive halt, cache_misses = 42436
preemptive halt, cache_misses = 42436
preemptive halt, cache_misses = 42436
preemptive halt, cache_misses = 42436
preemptive halt, cache_misses = 42436
preemptive halt, cache_misses = 42436
preemptive halt, cache_misses = 42436
preemptive halt, cache_misses = 42436
preemptive halt, cache_misses = 42436
preemptive halt, cache_misses = 42436
preemptive halt, cache_misses = 42436
preemptive halt, cache_misses = 42436
preemptive halt, cache_misses = 42436
preemptive halt, cache_misses = 42436
preemptive halt, cache_misses = 42436
preemptive halt, cache_misses = 42436
binary search, size 20625  misses 42436  min 20000  max 21250
preemptive halt, cache_misses = 42437
preemptive halt, cache_misses = 42437
preemptive halt, cache_misses = 42437
preemptive halt, cache_misses = 42437
preemptive halt, cache_misses = 42437
preemptive halt, cache_misses = 42437
preemptive halt, cache_misses = 42437
preemptive halt, cache_misses = 42437
preemptive halt, cache_misses = 42437
preemptive halt, cache_misses = 42437
preemptive halt, cache_misses = 42437
preemptive halt, cache_misses = 42437
preemptive halt, cache_misses = 42437
preemptive halt, cache_misses = 42437
preemptive halt, cache_misses = 42437
preemptive halt, cache_misses = 42437
preemptive halt, cache_misses = 42437
preemptive halt, cache_misses = 42437
preemptive halt, cache_misses = 42437
preemptive halt, cache_misses = 42437
preemptive halt, cache_misses = 42437
preemptive halt, cache_misses = 42437
preemptive halt, cache_misses = 42437
preemptive halt, cache_misses = 42437
preemptive halt, cache_misses = 42437
preemptive halt, cache_misses = 42437
preemptive halt, cache_misses = 42437
preemptive halt, cache_misses = 42437
preemptive halt, cache_misses = 42437
preemptive halt, cache_misses = 42437
preemptive halt, cache_misses = 42437
preemptive halt, cache_misses = 42437
preemptive halt, cache_misses = 42437
preemptive halt, cache_misses = 42437
preemptive halt, cache_misses = 42437
preemptive halt, cache_misses = 42437
preemptive halt, cache_misses = 42437
preemptive halt, cache_misses = 42437
preemptive halt, cache_misses = 42437
preemptive halt, cache_misses = 42437
preemptive halt, cache_misses = 42437
preemptive halt, cache_misses = 42437
preemptive halt, cache_misses = 42437
preemptive halt, cache_misses = 42437
preemptive halt, cache_misses = 42437
preemptive halt, cache_misses = 42437
preemptive halt, cache_misses = 42437
preemptive halt, cache_misses = 42437
preemptive halt, cache_misses = 42437
preemptive halt, cache_misses = 42437
preemptive halt, cache_misses = 42437
preemptive halt, cache_misses = 42437
preemptive halt, cache_misses = 42437
preemptive halt, cache_misses = 42437
preemptive halt, cache_misses = 42437
preemptive halt, cache_misses = 42437
preemptive halt, cache_misses = 42437
preemptive halt, cache_misses = 42437
preemptive halt, cache_misses = 42437
preemptive halt, cache_misses = 42437
preemptive halt, cache_misses = 42437
preemptive halt, cache_misses = 42437
preemptive halt, cache_misses = 42437
preemptive halt, cache_misses = 42437
preemptive halt, cache_misses = 42437
preemptive halt, cache_misses = 42437
preemptive halt, cache_misses = 42437
preemptive halt, cache_misses = 42437
preemptive halt, cache_misses = 42437
preemptive halt, cache_misses = 42437
preemptive halt, cache_misses = 42437
preemptive halt, cache_misses = 42437
preemptive halt, cache_misses = 42437
preemptive halt, cache_misses = 42437
preemptive halt, cache_misses = 42437
preemptive halt, cache_misses = 42437
preemptive halt, cache_misses = 42437
preemptive halt, cache_misses = 42437
preemptive halt, cache_misses = 42437
preemptive halt, cache_misses = 42437
preemptive halt, cache_misses = 42437
preemptive halt, cache_misses = 42437
preemptive halt, cache_misses = 42437
preemptive halt, cache_misses = 42437
preemptive halt, cache_misses = 42437
preemptive halt, cache_misses = 42437
preemptive halt, cache_misses = 42437
preemptive halt, cache_misses = 42437
preemptive halt, cache_misses = 42437
preemptive halt, cache_misses = 42437
preemptive halt, cache_misses = 42437
preemptive halt, cache_misses = 42437
preemptive halt, cache_misses = 42437
preemptive halt, cache_misses = 42437
preemptive halt, cache_misses = 42437
preemptive halt, cache_misses = 42437
preemptive halt, cache_misses = 42437
preemptive halt, cache_misses = 42437
preemptive halt, cache_misses = 42437
preemptive halt, cache_misses = 42437
preemptive halt, cache_misses = 42437
preemptive halt, cache_misses = 42437
preemptive halt, cache_misses = 42437
preemptive halt, cache_misses = 42437
preemptive halt, cache_misses = 42437
preemptive halt, cache_misses = 42437
preemptive halt, cache_misses = 42437
preemptive halt, cache_misses = 42437
preemptive halt, cache_misses = 42437
preemptive halt, cache_misses = 42437
preemptive halt, cache_misses = 42437
preemptive halt, cache_misses = 42437
preemptive halt, cache_misses = 42437
preemptive halt, cache_misses = 42437
preemptive halt, cache_misses = 42437
preemptive halt, cache_misses = 42437
preemptive halt, cache_misses = 42437
preemptive halt, cache_misses = 42437
preemptive halt, cache_misses = 42437
preemptive halt, cache_misses = 42437
preemptive halt, cache_misses = 42437
preemptive halt, cache_misses = 42437
preemptive halt, cache_misses = 42437
preemptive halt, cache_misses = 42437
preemptive halt, cache_misses = 42437
preemptive halt, cache_misses = 42437
preemptive halt, cache_misses = 42437
preemptive halt, cache_misses = 42437
preemptive halt, cache_misses = 42437
preemptive halt, cache_misses = 42437
preemptive halt, cache_misses = 42437
preemptive halt, cache_misses = 42437
preemptive halt, cache_misses = 42437
preemptive halt, cache_misses = 42437
preemptive halt, cache_misses = 42437
preemptive halt, cache_misses = 42437
preemptive halt, cache_misses = 42437
preemptive halt, cache_misses = 42437
preemptive halt, cache_misses = 42437
preemptive halt, cache_misses = 42437
preemptive halt, cache_misses = 42437
preemptive halt, cache_misses = 42437
preemptive halt, cache_misses = 42437
preemptive halt, cache_misses = 42437
preemptive halt, cache_misses = 42437
preemptive halt, cache_misses = 42437
preemptive halt, cache_misses = 42437
preemptive halt, cache_misses = 42437
preemptive halt, cache_misses = 42437
preemptive halt, cache_misses = 42437
preemptive halt, cache_misses = 42437
preemptive halt, cache_misses = 42437
preemptive halt, cache_misses = 42437
preemptive halt, cache_misses = 42437
preemptive halt, cache_misses = 42437
preemptive halt, cache_misses = 42437
preemptive halt, cache_misses = 42437
preemptive halt, cache_misses = 42437
preemptive halt, cache_misses = 42437
preemptive halt, cache_misses = 42437
preemptive halt, cache_misses = 42437
preemptive halt, cache_misses = 42437
preemptive halt, cache_misses = 42437
preemptive halt, cache_misses = 42437
preemptive halt, cache_misses = 42437
preemptive halt, cache_misses = 42437
preemptive halt, cache_misses = 42437
preemptive halt, cache_misses = 42437
preemptive halt, cache_misses = 42437
preemptive halt, cache_misses = 42437
preemptive halt, cache_misses = 42437
preemptive halt, cache_misses = 42437
preemptive halt, cache_misses = 42437
preemptive halt, cache_misses = 42437
preemptive halt, cache_misses = 42437
preemptive halt, cache_misses = 42437
preemptive halt, cache_misses = 42437
preemptive halt, cache_misses = 42437
preemptive halt, cache_misses = 42437
preemptive halt, cache_misses = 42437
preemptive halt, cache_misses = 42437
preemptive halt, cache_misses = 42437
preemptive halt, cache_misses = 42437
preemptive halt, cache_misses = 42437
preemptive halt, cache_misses = 42437
preemptive halt, cache_misses = 42437
preemptive halt, cache_misses = 42437
preemptive halt, cache_misses = 42437
preemptive halt, cache_misses = 42437
preemptive halt, cache_misses = 42437
preemptive halt, cache_misses = 42437
preemptive halt, cache_misses = 42437
preemptive halt, cache_misses = 42437
preemptive halt, cache_misses = 42437
preemptive halt, cache_misses = 42437
preemptive halt, cache_misses = 42437
preemptive halt, cache_misses = 42437
preemptive halt, cache_misses = 42437
preemptive halt, cache_misses = 42437
preemptive halt, cache_misses = 42437
preemptive halt, cache_misses = 42437
preemptive halt, cache_misses = 42437
preemptive halt, cache_misses = 42437
preemptive halt, cache_misses = 42437
preemptive halt, cache_misses = 42437
preemptive halt, cache_misses = 42437
preemptive halt, cache_misses = 42437
preemptive halt, cache_misses = 42437
preemptive halt, cache_misses = 42437
preemptive halt, cache_misses = 42437
preemptive halt, cache_misses = 42437
preemptive halt, cache_misses = 42437
preemptive halt, cache_misses = 42437
preemptive halt, cache_misses = 42437
preemptive halt, cache_misses = 42437
preemptive halt, cache_misses = 42437
preemptive halt, cache_misses = 42437
preemptive halt, cache_misses = 42437
preemptive halt, cache_misses = 42437
preemptive halt, cache_misses = 42437
preemptive halt, cache_misses = 42437
preemptive halt, cache_misses = 42437
preemptive halt, cache_misses = 42437
preemptive halt, cache_misses = 42437
preemptive halt, cache_misses = 42437
preemptive halt, cache_misses = 42437
preemptive halt, cache_misses = 42437
preemptive halt, cache_misses = 42437
preemptive halt, cache_misses = 42437
preemptive halt, cache_misses = 42437
preemptive halt, cache_misses = 42437
preemptive halt, cache_misses = 42437
preemptive halt, cache_misses = 42437
preemptive halt, cache_misses = 42437
preemptive halt, cache_misses = 42437
preemptive halt, cache_misses = 42437
preemptive halt, cache_misses = 42437
preemptive halt, cache_misses = 42437
preemptive halt, cache_misses = 42437
preemptive halt, cache_misses = 42437
preemptive halt, cache_misses = 42437
preemptive halt, cache_misses = 42437
preemptive halt, cache_misses = 42437
preemptive halt, cache_misses = 42437
preemptive halt, cache_misses = 42437
preemptive halt, cache_misses = 42437
preemptive halt, cache_misses = 42437
preemptive halt, cache_misses = 42437
preemptive halt, cache_misses = 42437
preemptive halt, cache_misses = 42437
preemptive halt, cache_misses = 42437
preemptive halt, cache_misses = 42437
preemptive halt, cache_misses = 42437
preemptive halt, cache_misses = 42437
preemptive halt, cache_misses = 42437
preemptive halt, cache_misses = 42437
preemptive halt, cache_misses = 42437
preemptive halt, cache_misses = 42437
preemptive halt, cache_misses = 42437
preemptive halt, cache_misses = 42437
preemptive halt, cache_misses = 42437
preemptive halt, cache_misses = 42437
preemptive halt, cache_misses = 42437
preemptive halt, cache_misses = 42437
preemptive halt, cache_misses = 42437
preemptive halt, cache_misses = 42437
preemptive halt, cache_misses = 42437
preemptive halt, cache_misses = 42437
preemptive halt, cache_misses = 42437
preemptive halt, cache_misses = 42437
preemptive halt, cache_misses = 42437
preemptive halt, cache_misses = 42437
preemptive halt, cache_misses = 42437
preemptive halt, cache_misses = 42437
preemptive halt, cache_misses = 42437
preemptive halt, cache_misses = 42437
preemptive halt, cache_misses = 42437
preemptive halt, cache_misses = 42437
preemptive halt, cache_misses = 42437
preemptive halt, cache_misses = 42437
preemptive halt, cache_misses = 42437
preemptive halt, cache_misses = 42437
preemptive halt, cache_misses = 42437
preemptive halt, cache_misses = 42437
preemptive halt, cache_misses = 42437
preemptive halt, cache_misses = 42437
preemptive halt, cache_misses = 42437
preemptive halt, cache_misses = 42437
preemptive halt, cache_misses = 42437
preemptive halt, cache_misses = 42437
preemptive halt, cache_misses = 42437
preemptive halt, cache_misses = 42437
preemptive halt, cache_misses = 42437
preemptive halt, cache_misses = 42437
preemptive halt, cache_misses = 42437
preemptive halt, cache_misses = 42437
preemptive halt, cache_misses = 42437
preemptive halt, cache_misses = 42437
preemptive halt, cache_misses = 42437
preemptive halt, cache_misses = 42437
preemptive halt, cache_misses = 42437
preemptive halt, cache_misses = 42437
preemptive halt, cache_misses = 42437
preemptive halt, cache_misses = 42437
preemptive halt, cache_misses = 42437
preemptive halt, cache_misses = 42437
preemptive halt, cache_misses = 42437
preemptive halt, cache_misses = 42437
preemptive halt, cache_misses = 42437
preemptive halt, cache_misses = 42437
preemptive halt, cache_misses = 42437
preemptive halt, cache_misses = 42437
preemptive halt, cache_misses = 42437
preemptive halt, cache_misses = 42437
preemptive halt, cache_misses = 42437
preemptive halt, cache_misses = 42437
preemptive halt, cache_misses = 42437
preemptive halt, cache_misses = 42437
preemptive halt, cache_misses = 42437
preemptive halt, cache_misses = 42437
preemptive halt, cache_misses = 42437
preemptive halt, cache_misses = 42437
preemptive halt, cache_misses = 42437
preemptive halt, cache_misses = 42437
preemptive halt, cache_misses = 42437
preemptive halt, cache_misses = 42437
preemptive halt, cache_misses = 42437
preemptive halt, cache_misses = 42437
preemptive halt, cache_misses = 42437
preemptive halt, cache_misses = 42437
preemptive halt, cache_misses = 42437
preemptive halt, cache_misses = 42437
preemptive halt, cache_misses = 42437
preemptive halt, cache_misses = 42437
preemptive halt, cache_misses = 42437
preemptive halt, cache_misses = 42437
preemptive halt, cache_misses = 42437
preemptive halt, cache_misses = 42437
preemptive halt, cache_misses = 42437
preemptive halt, cache_misses = 42437
preemptive halt, cache_misses = 42437
preemptive halt, cache_misses = 42437
preemptive halt, cache_misses = 42437
preemptive halt, cache_misses = 42437
preemptive halt, cache_misses = 42437
preemptive halt, cache_misses = 42437
preemptive halt, cache_misses = 42437
preemptive halt, cache_misses = 42437
preemptive halt, cache_misses = 42437
preemptive halt, cache_misses = 42437
preemptive halt, cache_misses = 42437
preemptive halt, cache_misses = 42437
preemptive halt, cache_misses = 42437
preemptive halt, cache_misses = 42437
preemptive halt, cache_misses = 42437
preemptive halt, cache_misses = 42437
preemptive halt, cache_misses = 42437
preemptive halt, cache_misses = 42437
preemptive halt, cache_misses = 42437
preemptive halt, cache_misses = 42437
preemptive halt, cache_misses = 42437
preemptive halt, cache_misses = 42437
preemptive halt, cache_misses = 42437
preemptive halt, cache_misses = 42437
preemptive halt, cache_misses = 42437
preemptive halt, cache_misses = 42437
preemptive halt, cache_misses = 42437
preemptive halt, cache_misses = 42437
preemptive halt, cache_misses = 42437
preemptive halt, cache_misses = 42437
preemptive halt, cache_misses = 42437
preemptive halt, cache_misses = 42437
preemptive halt, cache_misses = 42437
preemptive halt, cache_misses = 42437
preemptive halt, cache_misses = 42437
preemptive halt, cache_misses = 42437
preemptive halt, cache_misses = 42437
preemptive halt, cache_misses = 42437
preemptive halt, cache_misses = 42437
preemptive halt, cache_misses = 42437
preemptive halt, cache_misses = 42437
preemptive halt, cache_misses = 42437
preemptive halt, cache_misses = 42437
preemptive halt, cache_misses = 42437
preemptive halt, cache_misses = 42437
preemptive halt, cache_misses = 42437
preemptive halt, cache_misses = 42437
preemptive halt, cache_misses = 42437
preemptive halt, cache_misses = 42437
preemptive halt, cache_misses = 42437
preemptive halt, cache_misses = 42437
preemptive halt, cache_misses = 42437
preemptive halt, cache_misses = 42437
preemptive halt, cache_misses = 42437
preemptive halt, cache_misses = 42437
preemptive halt, cache_misses = 42437
preemptive halt, cache_misses = 42437
preemptive halt, cache_misses = 42437
preemptive halt, cache_misses = 42437
preemptive halt, cache_misses = 42437
preemptive halt, cache_misses = 42437
preemptive halt, cache_misses = 42437
preemptive halt, cache_misses = 42437
preemptive halt, cache_misses = 42437
preemptive halt, cache_misses = 42437
preemptive halt, cache_misses = 42437
preemptive halt, cache_misses = 42437
preemptive halt, cache_misses = 42437
preemptive halt, cache_misses = 42437
preemptive halt, cache_misses = 42437
preemptive halt, cache_misses = 42437
preemptive halt, cache_misses = 42437
preemptive halt, cache_misses = 42437
preemptive halt, cache_misses = 42437
binary search, size 20937  misses 42437  min 20625  max 21250
preemptive halt, cache_misses = 42438
preemptive halt, cache_misses = 42438
preemptive halt, cache_misses = 42438
preemptive halt, cache_misses = 42438
preemptive halt, cache_misses = 42438
preemptive halt, cache_misses = 42438
preemptive halt, cache_misses = 42438
preemptive halt, cache_misses = 42438
binary search, size 21093  misses 42438  min 20937  max 21250
preemptive halt, cache_misses = 42439
preemptive halt, cache_misses = 42439
preemptive halt, cache_misses = 42439
preemptive halt, cache_misses = 42439
preemptive halt, cache_misses = 42439
preemptive halt, cache_misses = 42439
preemptive halt, cache_misses = 42439
preemptive halt, cache_misses = 42439
preemptive halt, cache_misses = 42439
preemptive halt, cache_misses = 42439
binary search, size 21171  misses 42439  min 21093  max 21250
preemptive halt, cache_misses = 42440
preemptive halt, cache_misses = 42440
preemptive halt, cache_misses = 42440
preemptive halt, cache_misses = 42440
preemptive halt, cache_misses = 42440
preemptive halt, cache_misses = 42440
preemptive halt, cache_misses = 42440
preemptive halt, cache_misses = 42440
preemptive halt, cache_misses = 42440
preemptive halt, cache_misses = 42440
preemptive halt, cache_misses = 42440
preemptive halt, cache_misses = 42440
binary search, size 21210  misses 42440  min 21171  max 21250
binary search, size 21230  misses 42435  min 21210  max 21250
binary search, size 21220  misses 42435  min 21210  max 21230
preemptive halt, cache_misses = 42436
preemptive halt, cache_misses = 42436
preemptive halt, cache_misses = 42436
preemptive halt, cache_misses = 42436
binary search, size 21215  misses 42436  min 21210  max 21220
binary search, size 21217  misses 42435  min 21215  max 21220
preemptive halt, cache_misses = 42436
preemptive halt, cache_misses = 42436
preemptive halt, cache_misses = 42436
preemptive halt, cache_misses = 42436
binary search, size 21216  misses 42436  min 21215  max 21217
characteristic cache size (binary search) for 205 = 21217
End at: 2021-04-02 15:30:13.773417
Time elapsed: 0:00:00.785206
