Begin at: 2021-04-02 15:33:07.489975
['../dist/Debug/GNU-Linux/memo_batch_tester', '', '--mbt_execution_trace_fname', 'olcs4_traceback_csize_input_types/OLCS4_lru_2021_04_02__15_29_05_k_3__d_2_cache_size_160000_problems_10_to_400/OLCS4_lru_2021_04_02__15_29_05_k_3__d_2_cache_size_160000_problems_10_to_400/OLCS4__do_traceback_prob_size_333_cache_size_160000_lru_k_3_d_2_execution_trace_2021_4_2_15_33_7_pid_17677.log', '--mbt_cache_misses_fname', 'olcs4_traceback_csize_input_types/OLCS4_lru_2021_04_02__15_29_05_k_3__d_2_cache_size_160000_problems_10_to_400/lcs_cost_OLCS4_lru_misses_for_cache_size.csv', '--mbt_misses_for_problem_size_fname', 'olcs4_traceback_csize_input_types/OLCS4_lru_2021_04_02__15_29_05_k_3__d_2_cache_size_160000_problems_10_to_400/lcs_cost_OLCS4_lru_misses_for_problem_size.csv', '--mbt_exact_cutoff_min_cache_size', '160000', '--mbt_exact_cutoff_max_cache_size', '160000', '--mbt_problem_type', 'lcs', '--mbt_metric_type', 'csize_binary_search', '--mbt_cutoff_ratio', '2.2', '--mbt_instance_fname', '333', '--mbt_detailed_cache_misses_out_fname', 'csize_olcs4_traceback_0011n_ceil_n_b_2.csv', '--mbt_phi_N', '5.0', '--mbt_problem_size', '333', '--lcs_compute_length', '0', '--lcs_perform_traceback', '1', '--lig_instance_type', '0011n_ceil_n_b', '--lig_n', '333', '--lig_c', '0.9', '--lig_b', '2.0', '--lcs_oblivious', '4', '--lcs_execution_trace_fname', 'olcs4_traceback_csize_input_types/OLCS4_lru_2021_04_02__15_29_05_k_3__d_2_cache_size_160000_problems_10_to_400/OLCS4_lru_2021_04_02__15_29_05_k_3__d_2_cache_size_160000_problems_10_to_400/OLCS4__do_traceback_prob_size_333_cache_size_160000_lru_k_3_d_2_execution_trace_2021_4_2_15_33_7_pid_17677.log', '--memo_caching_strategy', 'lru', '--memo_cache_size', '160001', '--memo_lru_queue_size', '160000', '--memo_cuckoo_k', '4', '--memo_key_length', '8', '--memo_value_length', '8', '--memo_k_timestamps', '3', '--memo_d_recent_timestamps', '2', '--memo_a_items_per_timestamp_factor', '0.4375']

csize_binary_search chosen
lcs problem_type lcs cache_size 160001
initialize_long_int_cache begin
init_memo
arguments to memo:
 --mbt_execution_trace_fname olcs4_traceback_csize_input_types/OLCS4_lru_2021_04_02__15_29_05_k_3__d_2_cache_size_160000_problems_10_to_400/OLCS4_lru_2021_04_02__15_29_05_k_3__d_2_cache_size_160000_problems_10_to_400/OLCS4__do_traceback_prob_size_333_cache_size_160000_lru_k_3_d_2_execution_trace_2021_4_2_15_33_7_pid_17677.log --mbt_cache_misses_fname olcs4_traceback_csize_input_types/OLCS4_lru_2021_04_02__15_29_05_k_3__d_2_cache_size_160000_problems_10_to_400/lcs_cost_OLCS4_lru_misses_for_cache_size.csv --mbt_misses_for_problem_size_fname olcs4_traceback_csize_input_types/OLCS4_lru_2021_04_02__15_29_05_k_3__d_2_cache_size_160000_problems_10_to_400/lcs_cost_OLCS4_lru_misses_for_problem_size.csv --mbt_exact_cutoff_min_cache_size 160000 --mbt_exact_cutoff_max_cache_size 160000 --mbt_problem_type lcs --mbt_metric_type csize_binary_search --mbt_cutoff_ratio 2.2 --mbt_instance_fname 333 --mbt_detailed_cache_misses_out_fname csize_olcs4_traceback_0011n_ceil_n_b_2.csv --mbt_phi_N 5.0 --mbt_problem_size 333 --lcs_compute_length 0 --lcs_perform_traceback 1 --lig_instance_type 0011n_ceil_n_b --lig_n 333 --lig_c 0.9 --lig_b 2.0 --lcs_oblivious 4 --lcs_execution_trace_fname olcs4_traceback_csize_input_types/OLCS4_lru_2021_04_02__15_29_05_k_3__d_2_cache_size_160000_problems_10_to_400/OLCS4_lru_2021_04_02__15_29_05_k_3__d_2_cache_size_160000_problems_10_to_400/OLCS4__do_traceback_prob_size_333_cache_size_160000_lru_k_3_d_2_execution_trace_2021_4_2_15_33_7_pid_17677.log --memo_caching_strategy lru --memo_cache_size 160001 --memo_lru_queue_size 160000 --memo_cuckoo_k 4 --memo_key_length 8 --memo_value_length 8 --memo_k_timestamps 3 --memo_d_recent_timestamps 2 --memo_a_items_per_timestamp_factor 0.4375 
calculate_table_size: table_size is 262144, original is 160001
Finished initializing cache
initialize_long_int_cache end
done initializing cache
initializing problem
done initializing problem
commence trials
Starting characteristic_cache_size_binary_search with max cache size 160001
binary search, size 160001  misses 111555
binary search, size 80000  misses 111555  min 0  max 160001
preemptive halt, cache_misses = 111556
preemptive halt, cache_misses = 111556
preemptive halt, cache_misses = 111556
preemptive halt, cache_misses = 111556
preemptive halt, cache_misses = 111556
preemptive halt, cache_misses = 111556
preemptive halt, cache_misses = 111556
preemptive halt, cache_misses = 111556
preemptive halt, cache_misses = 111556
preemptive halt, cache_misses = 111556
preemptive halt, cache_misses = 111556
preemptive halt, cache_misses = 111556
preemptive halt, cache_misses = 111556
preemptive halt, cache_misses = 111556
preemptive halt, cache_misses = 111556
preemptive halt, cache_misses = 111556
preemptive halt, cache_misses = 111556
preemptive halt, cache_misses = 111556
preemptive halt, cache_misses = 111556
preemptive halt, cache_misses = 111556
preemptive halt, cache_misses = 111556
preemptive halt, cache_misses = 111556
preemptive halt, cache_misses = 111556
preemptive halt, cache_misses = 111556
preemptive halt, cache_misses = 111556
preemptive halt, cache_misses = 111556
preemptive halt, cache_misses = 111556
preemptive halt, cache_misses = 111556
preemptive halt, cache_misses = 111556
preemptive halt, cache_misses = 111556
preemptive halt, cache_misses = 111556
preemptive halt, cache_misses = 111556
preemptive halt, cache_misses = 111556
preemptive halt, cache_misses = 111556
preemptive halt, cache_misses = 111556
preemptive halt, cache_misses = 111556
preemptive halt, cache_misses = 111556
preemptive halt, cache_misses = 111556
preemptive halt, cache_misses = 111556
preemptive halt, cache_misses = 111556
preemptive halt, cache_misses = 111556
preemptive halt, cache_misses = 111556
preemptive halt, cache_misses = 111556
preemptive halt, cache_misses = 111556
preemptive halt, cache_misses = 111556
preemptive halt, cache_misses = 111556
preemptive halt, cache_misses = 111556
preemptive halt, cache_misses = 111556
preemptive halt, cache_misses = 111556
preemptive halt, cache_misses = 111556
preemptive halt, cache_misses = 111556
preemptive halt, cache_misses = 111556
preemptive halt, cache_misses = 111556
preemptive halt, cache_misses = 111556
preemptive halt, cache_misses = 111556
preemptive halt, cache_misses = 111556
preemptive halt, cache_misses = 111556
preemptive halt, cache_misses = 111556
preemptive halt, cache_misses = 111556
preemptive halt, cache_misses = 111556
preemptive halt, cache_misses = 111556
preemptive halt, cache_misses = 111556
preemptive halt, cache_misses = 111556
preemptive halt, cache_misses = 111556
preemptive halt, cache_misses = 111556
preemptive halt, cache_misses = 111556
preemptive halt, cache_misses = 111556
preemptive halt, cache_misses = 111556
preemptive halt, cache_misses = 111556
preemptive halt, cache_misses = 111556
preemptive halt, cache_misses = 111556
preemptive halt, cache_misses = 111556
preemptive halt, cache_misses = 111556
preemptive halt, cache_misses = 111556
preemptive halt, cache_misses = 111556
preemptive halt, cache_misses = 111556
preemptive halt, cache_misses = 111556
preemptive halt, cache_misses = 111556
preemptive halt, cache_misses = 111556
preemptive halt, cache_misses = 111556
preemptive halt, cache_misses = 111556
preemptive halt, cache_misses = 111556
preemptive halt, cache_misses = 111556
preemptive halt, cache_misses = 111556
preemptive halt, cache_misses = 111556
preemptive halt, cache_misses = 111556
preemptive halt, cache_misses = 111556
preemptive halt, cache_misses = 111556
preemptive halt, cache_misses = 111556
preemptive halt, cache_misses = 111556
preemptive halt, cache_misses = 111556
preemptive halt, cache_misses = 111556
preemptive halt, cache_misses = 111556
preemptive halt, cache_misses = 111556
preemptive halt, cache_misses = 111556
preemptive halt, cache_misses = 111556
preemptive halt, cache_misses = 111556
preemptive halt, cache_misses = 111556
preemptive halt, cache_misses = 111556
preemptive halt, cache_misses = 111556
preemptive halt, cache_misses = 111556
preemptive halt, cache_misses = 111556
preemptive halt, cache_misses = 111556
preemptive halt, cache_misses = 111556
preemptive halt, cache_misses = 111556
preemptive halt, cache_misses = 111556
preemptive halt, cache_misses = 111556
preemptive halt, cache_misses = 111556
preemptive halt, cache_misses = 111556
preemptive halt, cache_misses = 111556
preemptive halt, cache_misses = 111556
preemptive halt, cache_misses = 111556
preemptive halt, cache_misses = 111556
preemptive halt, cache_misses = 111556
preemptive halt, cache_misses = 111556
preemptive halt, cache_misses = 111556
preemptive halt, cache_misses = 111556
preemptive halt, cache_misses = 111556
preemptive halt, cache_misses = 111556
preemptive halt, cache_misses = 111556
preemptive halt, cache_misses = 111556
preemptive halt, cache_misses = 111556
preemptive halt, cache_misses = 111556
preemptive halt, cache_misses = 111556
preemptive halt, cache_misses = 111556
preemptive halt, cache_misses = 111556
preemptive halt, cache_misses = 111556
preemptive halt, cache_misses = 111556
preemptive halt, cache_misses = 111556
preemptive halt, cache_misses = 111556
preemptive halt, cache_misses = 111556
preemptive halt, cache_misses = 111556
preemptive halt, cache_misses = 111556
preemptive halt, cache_misses = 111556
preemptive halt, cache_misses = 111556
preemptive halt, cache_misses = 111556
preemptive halt, cache_misses = 111556
preemptive halt, cache_misses = 111556
preemptive halt, cache_misses = 111556
preemptive halt, cache_misses = 111556
preemptive halt, cache_misses = 111556
preemptive halt, cache_misses = 111556
preemptive halt, cache_misses = 111556
preemptive halt, cache_misses = 111556
preemptive halt, cache_misses = 111556
preemptive halt, cache_misses = 111556
preemptive halt, cache_misses = 111556
preemptive halt, cache_misses = 111556
preemptive halt, cache_misses = 111556
preemptive halt, cache_misses = 111556
preemptive halt, cache_misses = 111556
preemptive halt, cache_misses = 111556
preemptive halt, cache_misses = 111556
preemptive halt, cache_misses = 111556
preemptive halt, cache_misses = 111556
preemptive halt, cache_misses = 111556
preemptive halt, cache_misses = 111556
preemptive halt, cache_misses = 111556
preemptive halt, cache_misses = 111556
preemptive halt, cache_misses = 111556
preemptive halt, cache_misses = 111556
preemptive halt, cache_misses = 111556
preemptive halt, cache_misses = 111556
preemptive halt, cache_misses = 111556
preemptive halt, cache_misses = 111556
preemptive halt, cache_misses = 111556
preemptive halt, cache_misses = 111556
preemptive halt, cache_misses = 111556
preemptive halt, cache_misses = 111556
preemptive halt, cache_misses = 111556
preemptive halt, cache_misses = 111556
preemptive halt, cache_misses = 111556
preemptive halt, cache_misses = 111556
preemptive halt, cache_misses = 111556
preemptive halt, cache_misses = 111556
preemptive halt, cache_misses = 111556
preemptive halt, cache_misses = 111556
preemptive halt, cache_misses = 111556
preemptive halt, cache_misses = 111556
preemptive halt, cache_misses = 111556
preemptive halt, cache_misses = 111556
preemptive halt, cache_misses = 111556
preemptive halt, cache_misses = 111556
preemptive halt, cache_misses = 111556
preemptive halt, cache_misses = 111556
preemptive halt, cache_misses = 111556
preemptive halt, cache_misses = 111556
preemptive halt, cache_misses = 111556
preemptive halt, cache_misses = 111556
preemptive halt, cache_misses = 111556
preemptive halt, cache_misses = 111556
preemptive halt, cache_misses = 111556
preemptive halt, cache_misses = 111556
preemptive halt, cache_misses = 111556
preemptive halt, cache_misses = 111556
preemptive halt, cache_misses = 111556
preemptive halt, cache_misses = 111556
preemptive halt, cache_misses = 111556
preemptive halt, cache_misses = 111556
preemptive halt, cache_misses = 111556
preemptive halt, cache_misses = 111556
preemptive halt, cache_misses = 111556
preemptive halt, cache_misses = 111556
preemptive halt, cache_misses = 111556
preemptive halt, cache_misses = 111556
preemptive halt, cache_misses = 111556
preemptive halt, cache_misses = 111556
preemptive halt, cache_misses = 111556
preemptive halt, cache_misses = 111556
preemptive halt, cache_misses = 111556
preemptive halt, cache_misses = 111556
preemptive halt, cache_misses = 111556
preemptive halt, cache_misses = 111556
preemptive halt, cache_misses = 111556
preemptive halt, cache_misses = 111556
preemptive halt, cache_misses = 111556
preemptive halt, cache_misses = 111556
preemptive halt, cache_misses = 111556
preemptive halt, cache_misses = 111556
preemptive halt, cache_misses = 111556
preemptive halt, cache_misses = 111556
preemptive halt, cache_misses = 111556
preemptive halt, cache_misses = 111556
preemptive halt, cache_misses = 111556
preemptive halt, cache_misses = 111556
preemptive halt, cache_misses = 111556
preemptive halt, cache_misses = 111556
preemptive halt, cache_misses = 111556
preemptive halt, cache_misses = 111556
preemptive halt, cache_misses = 111556
preemptive halt, cache_misses = 111556
preemptive halt, cache_misses = 111556
preemptive halt, cache_misses = 111556
preemptive halt, cache_misses = 111556
preemptive halt, cache_misses = 111556
preemptive halt, cache_misses = 111556
preemptive halt, cache_misses = 111556
preemptive halt, cache_misses = 111556
preemptive halt, cache_misses = 111556
preemptive halt, cache_misses = 111556
preemptive halt, cache_misses = 111556
preemptive halt, cache_misses = 111556
preemptive halt, cache_misses = 111556
preemptive halt, cache_misses = 111556
preemptive halt, cache_misses = 111556
preemptive halt, cache_misses = 111556
preemptive halt, cache_misses = 111556
preemptive halt, cache_misses = 111556
preemptive halt, cache_misses = 111556
preemptive halt, cache_misses = 111556
preemptive halt, cache_misses = 111556
preemptive halt, cache_misses = 111556
preemptive halt, cache_misses = 111556
preemptive halt, cache_misses = 111556
preemptive halt, cache_misses = 111556
preemptive halt, cache_misses = 111556
preemptive halt, cache_misses = 111556
preemptive halt, cache_misses = 111556
preemptive halt, cache_misses = 111556
preemptive halt, cache_misses = 111556
preemptive halt, cache_misses = 111556
preemptive halt, cache_misses = 111556
preemptive halt, cache_misses = 111556
preemptive halt, cache_misses = 111556
preemptive halt, cache_misses = 111556
preemptive halt, cache_misses = 111556
preemptive halt, cache_misses = 111556
preemptive halt, cache_misses = 111556
preemptive halt, cache_misses = 111556
preemptive halt, cache_misses = 111556
preemptive halt, cache_misses = 111556
preemptive halt, cache_misses = 111556
preemptive halt, cache_misses = 111556
preemptive halt, cache_misses = 111556
preemptive halt, cache_misses = 111556
preemptive halt, cache_misses = 111556
preemptive halt, cache_misses = 111556
preemptive halt, cache_misses = 111556
preemptive halt, cache_misses = 111556
preemptive halt, cache_misses = 111556
preemptive halt, cache_misses = 111556
preemptive halt, cache_misses = 111556
preemptive halt, cache_misses = 111556
preemptive halt, cache_misses = 111556
preemptive halt, cache_misses = 111556
preemptive halt, cache_misses = 111556
preemptive halt, cache_misses = 111556
preemptive halt, cache_misses = 111556
preemptive halt, cache_misses = 111556
preemptive halt, cache_misses = 111556
preemptive halt, cache_misses = 111556
preemptive halt, cache_misses = 111556
preemptive halt, cache_misses = 111556
preemptive halt, cache_misses = 111556
preemptive halt, cache_misses = 111556
preemptive halt, cache_misses = 111556
preemptive halt, cache_misses = 111556
preemptive halt, cache_misses = 111556
preemptive halt, cache_misses = 111556
preemptive halt, cache_misses = 111556
preemptive halt, cache_misses = 111556
preemptive halt, cache_misses = 111556
preemptive halt, cache_misses = 111556
preemptive halt, cache_misses = 111556
preemptive halt, cache_misses = 111556
preemptive halt, cache_misses = 111556
preemptive halt, cache_misses = 111556
preemptive halt, cache_misses = 111556
preemptive halt, cache_misses = 111556
preemptive halt, cache_misses = 111556
preemptive halt, cache_misses = 111556
preemptive halt, cache_misses = 111556
preemptive halt, cache_misses = 111556
preemptive halt, cache_misses = 111556
preemptive halt, cache_misses = 111556
preemptive halt, cache_misses = 111556
preemptive halt, cache_misses = 111556
preemptive halt, cache_misses = 111556
preemptive halt, cache_misses = 111556
preemptive halt, cache_misses = 111556
preemptive halt, cache_misses = 111556
preemptive halt, cache_misses = 111556
preemptive halt, cache_misses = 111556
preemptive halt, cache_misses = 111556
preemptive halt, cache_misses = 111556
preemptive halt, cache_misses = 111556
preemptive halt, cache_misses = 111556
preemptive halt, cache_misses = 111556
preemptive halt, cache_misses = 111556
preemptive halt, cache_misses = 111556
preemptive halt, cache_misses = 111556
preemptive halt, cache_misses = 111556
preemptive halt, cache_misses = 111556
preemptive halt, cache_misses = 111556
preemptive halt, cache_misses = 111556
preemptive halt, cache_misses = 111556
preemptive halt, cache_misses = 111556
preemptive halt, cache_misses = 111556
preemptive halt, cache_misses = 111556
preemptive halt, cache_misses = 111556
preemptive halt, cache_misses = 111556
preemptive halt, cache_misses = 111556
preemptive halt, cache_misses = 111556
preemptive halt, cache_misses = 111556
preemptive halt, cache_misses = 111556
preemptive halt, cache_misses = 111556
preemptive halt, cache_misses = 111556
preemptive halt, cache_misses = 111556
preemptive halt, cache_misses = 111556
preemptive halt, cache_misses = 111556
preemptive halt, cache_misses = 111556
preemptive halt, cache_misses = 111556
preemptive halt, cache_misses = 111556
preemptive halt, cache_misses = 111556
preemptive halt, cache_misses = 111556
preemptive halt, cache_misses = 111556
preemptive halt, cache_misses = 111556
preemptive halt, cache_misses = 111556
preemptive halt, cache_misses = 111556
preemptive halt, cache_misses = 111556
preemptive halt, cache_misses = 111556
preemptive halt, cache_misses = 111556
preemptive halt, cache_misses = 111556
preemptive halt, cache_misses = 111556
preemptive halt, cache_misses = 111556
preemptive halt, cache_misses = 111556
preemptive halt, cache_misses = 111556
preemptive halt, cache_misses = 111556
preemptive halt, cache_misses = 111556
preemptive halt, cache_misses = 111556
preemptive halt, cache_misses = 111556
preemptive halt, cache_misses = 111556
preemptive halt, cache_misses = 111556
preemptive halt, cache_misses = 111556
preemptive halt, cache_misses = 111556
preemptive halt, cache_misses = 111556
preemptive halt, cache_misses = 111556
preemptive halt, cache_misses = 111556
preemptive halt, cache_misses = 111556
preemptive halt, cache_misses = 111556
preemptive halt, cache_misses = 111556
preemptive halt, cache_misses = 111556
preemptive halt, cache_misses = 111556
preemptive halt, cache_misses = 111556
preemptive halt, cache_misses = 111556
preemptive halt, cache_misses = 111556
preemptive halt, cache_misses = 111556
preemptive halt, cache_misses = 111556
preemptive halt, cache_misses = 111556
preemptive halt, cache_misses = 111556
preemptive halt, cache_misses = 111556
preemptive halt, cache_misses = 111556
preemptive halt, cache_misses = 111556
preemptive halt, cache_misses = 111556
preemptive halt, cache_misses = 111556
preemptive halt, cache_misses = 111556
preemptive halt, cache_misses = 111556
preemptive halt, cache_misses = 111556
preemptive halt, cache_misses = 111556
preemptive halt, cache_misses = 111556
preemptive halt, cache_misses = 111556
preemptive halt, cache_misses = 111556
preemptive halt, cache_misses = 111556
preemptive halt, cache_misses = 111556
preemptive halt, cache_misses = 111556
preemptive halt, cache_misses = 111556
preemptive halt, cache_misses = 111556
preemptive halt, cache_misses = 111556
preemptive halt, cache_misses = 111556
preemptive halt, cache_misses = 111556
preemptive halt, cache_misses = 111556
preemptive halt, cache_misses = 111556
preemptive halt, cache_misses = 111556
preemptive halt, cache_misses = 111556
preemptive halt, cache_misses = 111556
preemptive halt, cache_misses = 111556
preemptive halt, cache_misses = 111556
preemptive halt, cache_misses = 111556
preemptive halt, cache_misses = 111556
preemptive halt, cache_misses = 111556
preemptive halt, cache_misses = 111556
preemptive halt, cache_misses = 111556
preemptive halt, cache_misses = 111556
preemptive halt, cache_misses = 111556
preemptive halt, cache_misses = 111556
preemptive halt, cache_misses = 111556
preemptive halt, cache_misses = 111556
preemptive halt, cache_misses = 111556
preemptive halt, cache_misses = 111556
preemptive halt, cache_misses = 111556
preemptive halt, cache_misses = 111556
preemptive halt, cache_misses = 111556
preemptive halt, cache_misses = 111556
preemptive halt, cache_misses = 111556
preemptive halt, cache_misses = 111556
preemptive halt, cache_misses = 111556
preemptive halt, cache_misses = 111556
preemptive halt, cache_misses = 111556
preemptive halt, cache_misses = 111556
preemptive halt, cache_misses = 111556
preemptive halt, cache_misses = 111556
preemptive halt, cache_misses = 111556
preemptive halt, cache_misses = 111556
preemptive halt, cache_misses = 111556
preemptive halt, cache_misses = 111556
preemptive halt, cache_misses = 111556
preemptive halt, cache_misses = 111556
preemptive halt, cache_misses = 111556
preemptive halt, cache_misses = 111556
preemptive halt, cache_misses = 111556
preemptive halt, cache_misses = 111556
preemptive halt, cache_misses = 111556
preemptive halt, cache_misses = 111556
preemptive halt, cache_misses = 111556
preemptive halt, cache_misses = 111556
preemptive halt, cache_misses = 111556
preemptive halt, cache_misses = 111556
preemptive halt, cache_misses = 111556
preemptive halt, cache_misses = 111556
preemptive halt, cache_misses = 111556
preemptive halt, cache_misses = 111556
preemptive halt, cache_misses = 111556
preemptive halt, cache_misses = 111556
preemptive halt, cache_misses = 111556
preemptive halt, cache_misses = 111556
preemptive halt, cache_misses = 111556
preemptive halt, cache_misses = 111556
preemptive halt, cache_misses = 111556
preemptive halt, cache_misses = 111556
preemptive halt, cache_misses = 111556
preemptive halt, cache_misses = 111556
preemptive halt, cache_misses = 111556
preemptive halt, cache_misses = 111556
preemptive halt, cache_misses = 111556
preemptive halt, cache_misses = 111556
preemptive halt, cache_misses = 111556
preemptive halt, cache_misses = 111556
preemptive halt, cache_misses = 111556
preemptive halt, cache_misses = 111556
preemptive halt, cache_misses = 111556
preemptive halt, cache_misses = 111556
preemptive halt, cache_misses = 111556
preemptive halt, cache_misses = 111556
preemptive halt, cache_misses = 111556
preemptive halt, cache_misses = 111556
preemptive halt, cache_misses = 111556
preemptive halt, cache_misses = 111556
preemptive halt, cache_misses = 111556
preemptive halt, cache_misses = 111556
preemptive halt, cache_misses = 111556
preemptive halt, cache_misses = 111556
preemptive halt, cache_misses = 111556
preemptive halt, cache_misses = 111556
preemptive halt, cache_misses = 111556
preemptive halt, cache_misses = 111556
preemptive halt, cache_misses = 111556
preemptive halt, cache_misses = 111556
preemptive halt, cache_misses = 111556
preemptive halt, cache_misses = 111556
preemptive halt, cache_misses = 111556
preemptive halt, cache_misses = 111556
preemptive halt, cache_misses = 111556
preemptive halt, cache_misses = 111556
preemptive halt, cache_misses = 111556
preemptive halt, cache_misses = 111556
preemptive halt, cache_misses = 111556
preemptive halt, cache_misses = 111556
preemptive halt, cache_misses = 111556
preemptive halt, cache_misses = 111556
preemptive halt, cache_misses = 111556
preemptive halt, cache_misses = 111556
preemptive halt, cache_misses = 111556
preemptive halt, cache_misses = 111556
preemptive halt, cache_misses = 111556
preemptive halt, cache_misses = 111556
preemptive halt, cache_misses = 111556
preemptive halt, cache_misses = 111556
preemptive halt, cache_misses = 111556
preemptive halt, cache_misses = 111556
preemptive halt, cache_misses = 111556
preemptive halt, cache_misses = 111556
preemptive halt, cache_misses = 111556
preemptive halt, cache_misses = 111556
preemptive halt, cache_misses = 111556
preemptive halt, cache_misses = 111556
preemptive halt, cache_misses = 111556
preemptive halt, cache_misses = 111556
preemptive halt, cache_misses = 111556
preemptive halt, cache_misses = 111556
preemptive halt, cache_misses = 111556
preemptive halt, cache_misses = 111556
preemptive halt, cache_misses = 111556
preemptive halt, cache_misses = 111556
preemptive halt, cache_misses = 111556
preemptive halt, cache_misses = 111556
preemptive halt, cache_misses = 111556
preemptive halt, cache_misses = 111556
preemptive halt, cache_misses = 111556
preemptive halt, cache_misses = 111556
preemptive halt, cache_misses = 111556
preemptive halt, cache_misses = 111556
preemptive halt, cache_misses = 111556
preemptive halt, cache_misses = 111556
preemptive halt, cache_misses = 111556
preemptive halt, cache_misses = 111556
preemptive halt, cache_misses = 111556
preemptive halt, cache_misses = 111556
preemptive halt, cache_misses = 111556
preemptive halt, cache_misses = 111556
preemptive halt, cache_misses = 111556
preemptive halt, cache_misses = 111556
preemptive halt, cache_misses = 111556
preemptive halt, cache_misses = 111556
preemptive halt, cache_misses = 111556
preemptive halt, cache_misses = 111556
preemptive halt, cache_misses = 111556
preemptive halt, cache_misses = 111556
preemptive halt, cache_misses = 111556
preemptive halt, cache_misses = 111556
preemptive halt, cache_misses = 111556
preemptive halt, cache_misses = 111556
preemptive halt, cache_misses = 111556
preemptive halt, cache_misses = 111556
preemptive halt, cache_misses = 111556
preemptive halt, cache_misses = 111556
preemptive halt, cache_misses = 111556
preemptive halt, cache_misses = 111556
preemptive halt, cache_misses = 111556
preemptive halt, cache_misses = 111556
preemptive halt, cache_misses = 111556
preemptive halt, cache_misses = 111556
preemptive halt, cache_misses = 111556
binary search, size 40000  misses 111556  min 0  max 80000
binary search, size 60000  misses 111555  min 40000  max 80000
preemptive halt, cache_misses = 111556
preemptive halt, cache_misses = 111556
preemptive halt, cache_misses = 111556
preemptive halt, cache_misses = 111556
preemptive halt, cache_misses = 111556
preemptive halt, cache_misses = 111556
preemptive halt, cache_misses = 111556
preemptive halt, cache_misses = 111556
preemptive halt, cache_misses = 111556
preemptive halt, cache_misses = 111556
preemptive halt, cache_misses = 111556
preemptive halt, cache_misses = 111556
preemptive halt, cache_misses = 111556
preemptive halt, cache_misses = 111556
preemptive halt, cache_misses = 111556
preemptive halt, cache_misses = 111556
preemptive halt, cache_misses = 111556
preemptive halt, cache_misses = 111556
preemptive halt, cache_misses = 111556
preemptive halt, cache_misses = 111556
preemptive halt, cache_misses = 111556
preemptive halt, cache_misses = 111556
preemptive halt, cache_misses = 111556
preemptive halt, cache_misses = 111556
preemptive halt, cache_misses = 111556
preemptive halt, cache_misses = 111556
preemptive halt, cache_misses = 111556
preemptive halt, cache_misses = 111556
preemptive halt, cache_misses = 111556
preemptive halt, cache_misses = 111556
preemptive halt, cache_misses = 111556
preemptive halt, cache_misses = 111556
preemptive halt, cache_misses = 111556
preemptive halt, cache_misses = 111556
preemptive halt, cache_misses = 111556
preemptive halt, cache_misses = 111556
preemptive halt, cache_misses = 111556
preemptive halt, cache_misses = 111556
preemptive halt, cache_misses = 111556
preemptive halt, cache_misses = 111556
preemptive halt, cache_misses = 111556
preemptive halt, cache_misses = 111556
preemptive halt, cache_misses = 111556
preemptive halt, cache_misses = 111556
preemptive halt, cache_misses = 111556
preemptive halt, cache_misses = 111556
preemptive halt, cache_misses = 111556
preemptive halt, cache_misses = 111556
preemptive halt, cache_misses = 111556
preemptive halt, cache_misses = 111556
preemptive halt, cache_misses = 111556
preemptive halt, cache_misses = 111556
preemptive halt, cache_misses = 111556
preemptive halt, cache_misses = 111556
preemptive halt, cache_misses = 111556
preemptive halt, cache_misses = 111556
preemptive halt, cache_misses = 111556
preemptive halt, cache_misses = 111556
preemptive halt, cache_misses = 111556
preemptive halt, cache_misses = 111556
preemptive halt, cache_misses = 111556
preemptive halt, cache_misses = 111556
preemptive halt, cache_misses = 111556
preemptive halt, cache_misses = 111556
preemptive halt, cache_misses = 111556
preemptive halt, cache_misses = 111556
preemptive halt, cache_misses = 111556
preemptive halt, cache_misses = 111556
preemptive halt, cache_misses = 111556
preemptive halt, cache_misses = 111556
preemptive halt, cache_misses = 111556
preemptive halt, cache_misses = 111556
preemptive halt, cache_misses = 111556
preemptive halt, cache_misses = 111556
preemptive halt, cache_misses = 111556
preemptive halt, cache_misses = 111556
preemptive halt, cache_misses = 111556
preemptive halt, cache_misses = 111556
preemptive halt, cache_misses = 111556
preemptive halt, cache_misses = 111556
preemptive halt, cache_misses = 111556
preemptive halt, cache_misses = 111556
preemptive halt, cache_misses = 111556
preemptive halt, cache_misses = 111556
preemptive halt, cache_misses = 111556
preemptive halt, cache_misses = 111556
preemptive halt, cache_misses = 111556
preemptive halt, cache_misses = 111556
preemptive halt, cache_misses = 111556
preemptive halt, cache_misses = 111556
preemptive halt, cache_misses = 111556
preemptive halt, cache_misses = 111556
preemptive halt, cache_misses = 111556
preemptive halt, cache_misses = 111556
preemptive halt, cache_misses = 111556
preemptive halt, cache_misses = 111556
preemptive halt, cache_misses = 111556
preemptive halt, cache_misses = 111556
preemptive halt, cache_misses = 111556
preemptive halt, cache_misses = 111556
preemptive halt, cache_misses = 111556
preemptive halt, cache_misses = 111556
preemptive halt, cache_misses = 111556
preemptive halt, cache_misses = 111556
preemptive halt, cache_misses = 111556
preemptive halt, cache_misses = 111556
preemptive halt, cache_misses = 111556
preemptive halt, cache_misses = 111556
preemptive halt, cache_misses = 111556
preemptive halt, cache_misses = 111556
preemptive halt, cache_misses = 111556
preemptive halt, cache_misses = 111556
preemptive halt, cache_misses = 111556
preemptive halt, cache_misses = 111556
preemptive halt, cache_misses = 111556
preemptive halt, cache_misses = 111556
preemptive halt, cache_misses = 111556
preemptive halt, cache_misses = 111556
preemptive halt, cache_misses = 111556
preemptive halt, cache_misses = 111556
preemptive halt, cache_misses = 111556
preemptive halt, cache_misses = 111556
preemptive halt, cache_misses = 111556
preemptive halt, cache_misses = 111556
preemptive halt, cache_misses = 111556
preemptive halt, cache_misses = 111556
preemptive halt, cache_misses = 111556
preemptive halt, cache_misses = 111556
preemptive halt, cache_misses = 111556
preemptive halt, cache_misses = 111556
preemptive halt, cache_misses = 111556
preemptive halt, cache_misses = 111556
preemptive halt, cache_misses = 111556
preemptive halt, cache_misses = 111556
preemptive halt, cache_misses = 111556
preemptive halt, cache_misses = 111556
preemptive halt, cache_misses = 111556
preemptive halt, cache_misses = 111556
preemptive halt, cache_misses = 111556
preemptive halt, cache_misses = 111556
preemptive halt, cache_misses = 111556
preemptive halt, cache_misses = 111556
preemptive halt, cache_misses = 111556
preemptive halt, cache_misses = 111556
preemptive halt, cache_misses = 111556
preemptive halt, cache_misses = 111556
preemptive halt, cache_misses = 111556
preemptive halt, cache_misses = 111556
preemptive halt, cache_misses = 111556
preemptive halt, cache_misses = 111556
preemptive halt, cache_misses = 111556
preemptive halt, cache_misses = 111556
preemptive halt, cache_misses = 111556
preemptive halt, cache_misses = 111556
preemptive halt, cache_misses = 111556
preemptive halt, cache_misses = 111556
preemptive halt, cache_misses = 111556
preemptive halt, cache_misses = 111556
preemptive halt, cache_misses = 111556
preemptive halt, cache_misses = 111556
preemptive halt, cache_misses = 111556
preemptive halt, cache_misses = 111556
preemptive halt, cache_misses = 111556
preemptive halt, cache_misses = 111556
preemptive halt, cache_misses = 111556
preemptive halt, cache_misses = 111556
preemptive halt, cache_misses = 111556
preemptive halt, cache_misses = 111556
preemptive halt, cache_misses = 111556
preemptive halt, cache_misses = 111556
preemptive halt, cache_misses = 111556
preemptive halt, cache_misses = 111556
preemptive halt, cache_misses = 111556
preemptive halt, cache_misses = 111556
preemptive halt, cache_misses = 111556
preemptive halt, cache_misses = 111556
preemptive halt, cache_misses = 111556
preemptive halt, cache_misses = 111556
preemptive halt, cache_misses = 111556
preemptive halt, cache_misses = 111556
preemptive halt, cache_misses = 111556
preemptive halt, cache_misses = 111556
preemptive halt, cache_misses = 111556
preemptive halt, cache_misses = 111556
preemptive halt, cache_misses = 111556
preemptive halt, cache_misses = 111556
preemptive halt, cache_misses = 111556
preemptive halt, cache_misses = 111556
preemptive halt, cache_misses = 111556
preemptive halt, cache_misses = 111556
preemptive halt, cache_misses = 111556
preemptive halt, cache_misses = 111556
preemptive halt, cache_misses = 111556
preemptive halt, cache_misses = 111556
preemptive halt, cache_misses = 111556
preemptive halt, cache_misses = 111556
preemptive halt, cache_misses = 111556
preemptive halt, cache_misses = 111556
preemptive halt, cache_misses = 111556
preemptive halt, cache_misses = 111556
preemptive halt, cache_misses = 111556
preemptive halt, cache_misses = 111556
preemptive halt, cache_misses = 111556
preemptive halt, cache_misses = 111556
preemptive halt, cache_misses = 111556
preemptive halt, cache_misses = 111556
preemptive halt, cache_misses = 111556
preemptive halt, cache_misses = 111556
preemptive halt, cache_misses = 111556
preemptive halt, cache_misses = 111556
preemptive halt, cache_misses = 111556
preemptive halt, cache_misses = 111556
preemptive halt, cache_misses = 111556
preemptive halt, cache_misses = 111556
preemptive halt, cache_misses = 111556
preemptive halt, cache_misses = 111556
preemptive halt, cache_misses = 111556
preemptive halt, cache_misses = 111556
preemptive halt, cache_misses = 111556
preemptive halt, cache_misses = 111556
preemptive halt, cache_misses = 111556
preemptive halt, cache_misses = 111556
preemptive halt, cache_misses = 111556
preemptive halt, cache_misses = 111556
preemptive halt, cache_misses = 111556
preemptive halt, cache_misses = 111556
preemptive halt, cache_misses = 111556
preemptive halt, cache_misses = 111556
preemptive halt, cache_misses = 111556
preemptive halt, cache_misses = 111556
preemptive halt, cache_misses = 111556
preemptive halt, cache_misses = 111556
preemptive halt, cache_misses = 111556
preemptive halt, cache_misses = 111556
preemptive halt, cache_misses = 111556
preemptive halt, cache_misses = 111556
preemptive halt, cache_misses = 111556
preemptive halt, cache_misses = 111556
preemptive halt, cache_misses = 111556
preemptive halt, cache_misses = 111556
preemptive halt, cache_misses = 111556
preemptive halt, cache_misses = 111556
preemptive halt, cache_misses = 111556
preemptive halt, cache_misses = 111556
preemptive halt, cache_misses = 111556
preemptive halt, cache_misses = 111556
preemptive halt, cache_misses = 111556
preemptive halt, cache_misses = 111556
preemptive halt, cache_misses = 111556
preemptive halt, cache_misses = 111556
preemptive halt, cache_misses = 111556
preemptive halt, cache_misses = 111556
preemptive halt, cache_misses = 111556
preemptive halt, cache_misses = 111556
preemptive halt, cache_misses = 111556
preemptive halt, cache_misses = 111556
preemptive halt, cache_misses = 111556
preemptive halt, cache_misses = 111556
preemptive halt, cache_misses = 111556
preemptive halt, cache_misses = 111556
preemptive halt, cache_misses = 111556
preemptive halt, cache_misses = 111556
preemptive halt, cache_misses = 111556
preemptive halt, cache_misses = 111556
preemptive halt, cache_misses = 111556
preemptive halt, cache_misses = 111556
preemptive halt, cache_misses = 111556
preemptive halt, cache_misses = 111556
preemptive halt, cache_misses = 111556
preemptive halt, cache_misses = 111556
preemptive halt, cache_misses = 111556
preemptive halt, cache_misses = 111556
preemptive halt, cache_misses = 111556
preemptive halt, cache_misses = 111556
preemptive halt, cache_misses = 111556
preemptive halt, cache_misses = 111556
preemptive halt, cache_misses = 111556
preemptive halt, cache_misses = 111556
preemptive halt, cache_misses = 111556
preemptive halt, cache_misses = 111556
preemptive halt, cache_misses = 111556
preemptive halt, cache_misses = 111556
preemptive halt, cache_misses = 111556
preemptive halt, cache_misses = 111556
preemptive halt, cache_misses = 111556
preemptive halt, cache_misses = 111556
preemptive halt, cache_misses = 111556
preemptive halt, cache_misses = 111556
preemptive halt, cache_misses = 111556
preemptive halt, cache_misses = 111556
preemptive halt, cache_misses = 111556
preemptive halt, cache_misses = 111556
preemptive halt, cache_misses = 111556
preemptive halt, cache_misses = 111556
preemptive halt, cache_misses = 111556
preemptive halt, cache_misses = 111556
preemptive halt, cache_misses = 111556
preemptive halt, cache_misses = 111556
preemptive halt, cache_misses = 111556
preemptive halt, cache_misses = 111556
preemptive halt, cache_misses = 111556
preemptive halt, cache_misses = 111556
preemptive halt, cache_misses = 111556
preemptive halt, cache_misses = 111556
preemptive halt, cache_misses = 111556
preemptive halt, cache_misses = 111556
preemptive halt, cache_misses = 111556
preemptive halt, cache_misses = 111556
preemptive halt, cache_misses = 111556
preemptive halt, cache_misses = 111556
preemptive halt, cache_misses = 111556
preemptive halt, cache_misses = 111556
preemptive halt, cache_misses = 111556
preemptive halt, cache_misses = 111556
preemptive halt, cache_misses = 111556
preemptive halt, cache_misses = 111556
preemptive halt, cache_misses = 111556
preemptive halt, cache_misses = 111556
preemptive halt, cache_misses = 111556
preemptive halt, cache_misses = 111556
preemptive halt, cache_misses = 111556
preemptive halt, cache_misses = 111556
preemptive halt, cache_misses = 111556
preemptive halt, cache_misses = 111556
preemptive halt, cache_misses = 111556
preemptive halt, cache_misses = 111556
preemptive halt, cache_misses = 111556
preemptive halt, cache_misses = 111556
preemptive halt, cache_misses = 111556
preemptive halt, cache_misses = 111556
preemptive halt, cache_misses = 111556
preemptive halt, cache_misses = 111556
preemptive halt, cache_misses = 111556
preemptive halt, cache_misses = 111556
preemptive halt, cache_misses = 111556
preemptive halt, cache_misses = 111556
preemptive halt, cache_misses = 111556
preemptive halt, cache_misses = 111556
preemptive halt, cache_misses = 111556
preemptive halt, cache_misses = 111556
preemptive halt, cache_misses = 111556
preemptive halt, cache_misses = 111556
preemptive halt, cache_misses = 111556
preemptive halt, cache_misses = 111556
preemptive halt, cache_misses = 111556
preemptive halt, cache_misses = 111556
preemptive halt, cache_misses = 111556
preemptive halt, cache_misses = 111556
preemptive halt, cache_misses = 111556
preemptive halt, cache_misses = 111556
preemptive halt, cache_misses = 111556
preemptive halt, cache_misses = 111556
preemptive halt, cache_misses = 111556
preemptive halt, cache_misses = 111556
preemptive halt, cache_misses = 111556
preemptive halt, cache_misses = 111556
preemptive halt, cache_misses = 111556
preemptive halt, cache_misses = 111556
preemptive halt, cache_misses = 111556
preemptive halt, cache_misses = 111556
preemptive halt, cache_misses = 111556
preemptive halt, cache_misses = 111556
preemptive halt, cache_misses = 111556
preemptive halt, cache_misses = 111556
preemptive halt, cache_misses = 111556
preemptive halt, cache_misses = 111556
preemptive halt, cache_misses = 111556
preemptive halt, cache_misses = 111556
preemptive halt, cache_misses = 111556
preemptive halt, cache_misses = 111556
preemptive halt, cache_misses = 111556
preemptive halt, cache_misses = 111556
preemptive halt, cache_misses = 111556
preemptive halt, cache_misses = 111556
preemptive halt, cache_misses = 111556
preemptive halt, cache_misses = 111556
preemptive halt, cache_misses = 111556
preemptive halt, cache_misses = 111556
preemptive halt, cache_misses = 111556
preemptive halt, cache_misses = 111556
preemptive halt, cache_misses = 111556
preemptive halt, cache_misses = 111556
preemptive halt, cache_misses = 111556
preemptive halt, cache_misses = 111556
preemptive halt, cache_misses = 111556
preemptive halt, cache_misses = 111556
preemptive halt, cache_misses = 111556
preemptive halt, cache_misses = 111556
preemptive halt, cache_misses = 111556
preemptive halt, cache_misses = 111556
preemptive halt, cache_misses = 111556
preemptive halt, cache_misses = 111556
preemptive halt, cache_misses = 111556
preemptive halt, cache_misses = 111556
preemptive halt, cache_misses = 111556
preemptive halt, cache_misses = 111556
preemptive halt, cache_misses = 111556
preemptive halt, cache_misses = 111556
preemptive halt, cache_misses = 111556
preemptive halt, cache_misses = 111556
preemptive halt, cache_misses = 111556
preemptive halt, cache_misses = 111556
preemptive halt, cache_misses = 111556
preemptive halt, cache_misses = 111556
preemptive halt, cache_misses = 111556
preemptive halt, cache_misses = 111556
preemptive halt, cache_misses = 111556
preemptive halt, cache_misses = 111556
preemptive halt, cache_misses = 111556
preemptive halt, cache_misses = 111556
preemptive halt, cache_misses = 111556
preemptive halt, cache_misses = 111556
preemptive halt, cache_misses = 111556
preemptive halt, cache_misses = 111556
preemptive halt, cache_misses = 111556
preemptive halt, cache_misses = 111556
preemptive halt, cache_misses = 111556
preemptive halt, cache_misses = 111556
preemptive halt, cache_misses = 111556
preemptive halt, cache_misses = 111556
preemptive halt, cache_misses = 111556
preemptive halt, cache_misses = 111556
preemptive halt, cache_misses = 111556
preemptive halt, cache_misses = 111556
preemptive halt, cache_misses = 111556
preemptive halt, cache_misses = 111556
preemptive halt, cache_misses = 111556
preemptive halt, cache_misses = 111556
preemptive halt, cache_misses = 111556
preemptive halt, cache_misses = 111556
preemptive halt, cache_misses = 111556
preemptive halt, cache_misses = 111556
preemptive halt, cache_misses = 111556
preemptive halt, cache_misses = 111556
preemptive halt, cache_misses = 111556
preemptive halt, cache_misses = 111556
preemptive halt, cache_misses = 111556
preemptive halt, cache_misses = 111556
preemptive halt, cache_misses = 111556
preemptive halt, cache_misses = 111556
preemptive halt, cache_misses = 111556
preemptive halt, cache_misses = 111556
preemptive halt, cache_misses = 111556
preemptive halt, cache_misses = 111556
preemptive halt, cache_misses = 111556
preemptive halt, cache_misses = 111556
preemptive halt, cache_misses = 111556
preemptive halt, cache_misses = 111556
preemptive halt, cache_misses = 111556
preemptive halt, cache_misses = 111556
preemptive halt, cache_misses = 111556
preemptive halt, cache_misses = 111556
preemptive halt, cache_misses = 111556
preemptive halt, cache_misses = 111556
preemptive halt, cache_misses = 111556
preemptive halt, cache_misses = 111556
preemptive halt, cache_misses = 111556
preemptive halt, cache_misses = 111556
preemptive halt, cache_misses = 111556
preemptive halt, cache_misses = 111556
preemptive halt, cache_misses = 111556
preemptive halt, cache_misses = 111556
preemptive halt, cache_misses = 111556
preemptive halt, cache_misses = 111556
preemptive halt, cache_misses = 111556
preemptive halt, cache_misses = 111556
preemptive halt, cache_misses = 111556
preemptive halt, cache_misses = 111556
preemptive halt, cache_misses = 111556
preemptive halt, cache_misses = 111556
preemptive halt, cache_misses = 111556
preemptive halt, cache_misses = 111556
preemptive halt, cache_misses = 111556
preemptive halt, cache_misses = 111556
preemptive halt, cache_misses = 111556
preemptive halt, cache_misses = 111556
preemptive halt, cache_misses = 111556
preemptive halt, cache_misses = 111556
preemptive halt, cache_misses = 111556
preemptive halt, cache_misses = 111556
preemptive halt, cache_misses = 111556
preemptive halt, cache_misses = 111556
preemptive halt, cache_misses = 111556
preemptive halt, cache_misses = 111556
preemptive halt, cache_misses = 111556
preemptive halt, cache_misses = 111556
preemptive halt, cache_misses = 111556
preemptive halt, cache_misses = 111556
preemptive halt, cache_misses = 111556
preemptive halt, cache_misses = 111556
preemptive halt, cache_misses = 111556
preemptive halt, cache_misses = 111556
preemptive halt, cache_misses = 111556
preemptive halt, cache_misses = 111556
preemptive halt, cache_misses = 111556
preemptive halt, cache_misses = 111556
preemptive halt, cache_misses = 111556
preemptive halt, cache_misses = 111556
preemptive halt, cache_misses = 111556
preemptive halt, cache_misses = 111556
preemptive halt, cache_misses = 111556
preemptive halt, cache_misses = 111556
preemptive halt, cache_misses = 111556
preemptive halt, cache_misses = 111556
preemptive halt, cache_misses = 111556
preemptive halt, cache_misses = 111556
preemptive halt, cache_misses = 111556
preemptive halt, cache_misses = 111556
preemptive halt, cache_misses = 111556
preemptive halt, cache_misses = 111556
preemptive halt, cache_misses = 111556
preemptive halt, cache_misses = 111556
preemptive halt, cache_misses = 111556
preemptive halt, cache_misses = 111556
preemptive halt, cache_misses = 111556
preemptive halt, cache_misses = 111556
preemptive halt, cache_misses = 111556
preemptive halt, cache_misses = 111556
preemptive halt, cache_misses = 111556
preemptive halt, cache_misses = 111556
preemptive halt, cache_misses = 111556
preemptive halt, cache_misses = 111556
preemptive halt, cache_misses = 111556
preemptive halt, cache_misses = 111556
preemptive halt, cache_misses = 111556
preemptive halt, cache_misses = 111556
preemptive halt, cache_misses = 111556
preemptive halt, cache_misses = 111556
preemptive halt, cache_misses = 111556
preemptive halt, cache_misses = 111556
preemptive halt, cache_misses = 111556
preemptive halt, cache_misses = 111556
preemptive halt, cache_misses = 111556
preemptive halt, cache_misses = 111556
preemptive halt, cache_misses = 111556
preemptive halt, cache_misses = 111556
preemptive halt, cache_misses = 111556
preemptive halt, cache_misses = 111556
preemptive halt, cache_misses = 111556
preemptive halt, cache_misses = 111556
preemptive halt, cache_misses = 111556
preemptive halt, cache_misses = 111556
preemptive halt, cache_misses = 111556
preemptive halt, cache_misses = 111556
preemptive halt, cache_misses = 111556
preemptive halt, cache_misses = 111556
preemptive halt, cache_misses = 111556
preemptive halt, cache_misses = 111556
preemptive halt, cache_misses = 111556
preemptive halt, cache_misses = 111556
preemptive halt, cache_misses = 111556
preemptive halt, cache_misses = 111556
preemptive halt, cache_misses = 111556
preemptive halt, cache_misses = 111556
preemptive halt, cache_misses = 111556
preemptive halt, cache_misses = 111556
preemptive halt, cache_misses = 111556
preemptive halt, cache_misses = 111556
preemptive halt, cache_misses = 111556
preemptive halt, cache_misses = 111556
preemptive halt, cache_misses = 111556
preemptive halt, cache_misses = 111556
preemptive halt, cache_misses = 111556
preemptive halt, cache_misses = 111556
preemptive halt, cache_misses = 111556
preemptive halt, cache_misses = 111556
preemptive halt, cache_misses = 111556
preemptive halt, cache_misses = 111556
preemptive halt, cache_misses = 111556
preemptive halt, cache_misses = 111556
preemptive halt, cache_misses = 111556
preemptive halt, cache_misses = 111556
preemptive halt, cache_misses = 111556
preemptive halt, cache_misses = 111556
preemptive halt, cache_misses = 111556
preemptive halt, cache_misses = 111556
preemptive halt, cache_misses = 111556
preemptive halt, cache_misses = 111556
preemptive halt, cache_misses = 111556
preemptive halt, cache_misses = 111556
preemptive halt, cache_misses = 111556
preemptive halt, cache_misses = 111556
preemptive halt, cache_misses = 111556
preemptive halt, cache_misses = 111556
preemptive halt, cache_misses = 111556
preemptive halt, cache_misses = 111556
preemptive halt, cache_misses = 111556
preemptive halt, cache_misses = 111556
preemptive halt, cache_misses = 111556
preemptive halt, cache_misses = 111556
preemptive halt, cache_misses = 111556
preemptive halt, cache_misses = 111556
preemptive halt, cache_misses = 111556
preemptive halt, cache_misses = 111556
preemptive halt, cache_misses = 111556
preemptive halt, cache_misses = 111556
preemptive halt, cache_misses = 111556
preemptive halt, cache_misses = 111556
preemptive halt, cache_misses = 111556
preemptive halt, cache_misses = 111556
preemptive halt, cache_misses = 111556
preemptive halt, cache_misses = 111556
preemptive halt, cache_misses = 111556
preemptive halt, cache_misses = 111556
preemptive halt, cache_misses = 111556
preemptive halt, cache_misses = 111556
preemptive halt, cache_misses = 111556
preemptive halt, cache_misses = 111556
preemptive halt, cache_misses = 111556
preemptive halt, cache_misses = 111556
preemptive halt, cache_misses = 111556
preemptive halt, cache_misses = 111556
preemptive halt, cache_misses = 111556
preemptive halt, cache_misses = 111556
preemptive halt, cache_misses = 111556
preemptive halt, cache_misses = 111556
preemptive halt, cache_misses = 111556
preemptive halt, cache_misses = 111556
preemptive halt, cache_misses = 111556
preemptive halt, cache_misses = 111556
preemptive halt, cache_misses = 111556
preemptive halt, cache_misses = 111556
preemptive halt, cache_misses = 111556
preemptive halt, cache_misses = 111556
preemptive halt, cache_misses = 111556
preemptive halt, cache_misses = 111556
preemptive halt, cache_misses = 111556
preemptive halt, cache_misses = 111556
preemptive halt, cache_misses = 111556
preemptive halt, cache_misses = 111556
preemptive halt, cache_misses = 111556
preemptive halt, cache_misses = 111556
binary search, size 50000  misses 111556  min 40000  max 60000
preemptive halt, cache_misses = 111557
preemptive halt, cache_misses = 111557
preemptive halt, cache_misses = 111557
preemptive halt, cache_misses = 111557
preemptive halt, cache_misses = 111557
preemptive halt, cache_misses = 111557
preemptive halt, cache_misses = 111557
preemptive halt, cache_misses = 111557
preemptive halt, cache_misses = 111557
preemptive halt, cache_misses = 111557
preemptive halt, cache_misses = 111557
preemptive halt, cache_misses = 111557
preemptive halt, cache_misses = 111557
preemptive halt, cache_misses = 111557
preemptive halt, cache_misses = 111557
preemptive halt, cache_misses = 111557
preemptive halt, cache_misses = 111557
preemptive halt, cache_misses = 111557
preemptive halt, cache_misses = 111557
preemptive halt, cache_misses = 111557
preemptive halt, cache_misses = 111557
preemptive halt, cache_misses = 111557
preemptive halt, cache_misses = 111557
preemptive halt, cache_misses = 111557
preemptive halt, cache_misses = 111557
preemptive halt, cache_misses = 111557
preemptive halt, cache_misses = 111557
preemptive halt, cache_misses = 111557
preemptive halt, cache_misses = 111557
preemptive halt, cache_misses = 111557
preemptive halt, cache_misses = 111557
preemptive halt, cache_misses = 111557
preemptive halt, cache_misses = 111557
preemptive halt, cache_misses = 111557
preemptive halt, cache_misses = 111557
preemptive halt, cache_misses = 111557
preemptive halt, cache_misses = 111557
preemptive halt, cache_misses = 111557
preemptive halt, cache_misses = 111557
preemptive halt, cache_misses = 111557
preemptive halt, cache_misses = 111557
preemptive halt, cache_misses = 111557
preemptive halt, cache_misses = 111557
preemptive halt, cache_misses = 111557
preemptive halt, cache_misses = 111557
preemptive halt, cache_misses = 111557
preemptive halt, cache_misses = 111557
preemptive halt, cache_misses = 111557
preemptive halt, cache_misses = 111557
preemptive halt, cache_misses = 111557
preemptive halt, cache_misses = 111557
preemptive halt, cache_misses = 111557
preemptive halt, cache_misses = 111557
preemptive halt, cache_misses = 111557
preemptive halt, cache_misses = 111557
preemptive halt, cache_misses = 111557
preemptive halt, cache_misses = 111557
preemptive halt, cache_misses = 111557
preemptive halt, cache_misses = 111557
preemptive halt, cache_misses = 111557
preemptive halt, cache_misses = 111557
preemptive halt, cache_misses = 111557
preemptive halt, cache_misses = 111557
preemptive halt, cache_misses = 111557
preemptive halt, cache_misses = 111557
preemptive halt, cache_misses = 111557
preemptive halt, cache_misses = 111557
preemptive halt, cache_misses = 111557
preemptive halt, cache_misses = 111557
preemptive halt, cache_misses = 111557
preemptive halt, cache_misses = 111557
preemptive halt, cache_misses = 111557
preemptive halt, cache_misses = 111557
preemptive halt, cache_misses = 111557
preemptive halt, cache_misses = 111557
preemptive halt, cache_misses = 111557
preemptive halt, cache_misses = 111557
preemptive halt, cache_misses = 111557
preemptive halt, cache_misses = 111557
preemptive halt, cache_misses = 111557
preemptive halt, cache_misses = 111557
preemptive halt, cache_misses = 111557
preemptive halt, cache_misses = 111557
preemptive halt, cache_misses = 111557
preemptive halt, cache_misses = 111557
preemptive halt, cache_misses = 111557
preemptive halt, cache_misses = 111557
preemptive halt, cache_misses = 111557
preemptive halt, cache_misses = 111557
preemptive halt, cache_misses = 111557
preemptive halt, cache_misses = 111557
preemptive halt, cache_misses = 111557
preemptive halt, cache_misses = 111557
preemptive halt, cache_misses = 111557
preemptive halt, cache_misses = 111557
preemptive halt, cache_misses = 111557
preemptive halt, cache_misses = 111557
preemptive halt, cache_misses = 111557
preemptive halt, cache_misses = 111557
preemptive halt, cache_misses = 111557
preemptive halt, cache_misses = 111557
preemptive halt, cache_misses = 111557
preemptive halt, cache_misses = 111557
preemptive halt, cache_misses = 111557
preemptive halt, cache_misses = 111557
preemptive halt, cache_misses = 111557
preemptive halt, cache_misses = 111557
preemptive halt, cache_misses = 111557
preemptive halt, cache_misses = 111557
preemptive halt, cache_misses = 111557
preemptive halt, cache_misses = 111557
preemptive halt, cache_misses = 111557
preemptive halt, cache_misses = 111557
preemptive halt, cache_misses = 111557
preemptive halt, cache_misses = 111557
preemptive halt, cache_misses = 111557
preemptive halt, cache_misses = 111557
preemptive halt, cache_misses = 111557
preemptive halt, cache_misses = 111557
preemptive halt, cache_misses = 111557
preemptive halt, cache_misses = 111557
preemptive halt, cache_misses = 111557
preemptive halt, cache_misses = 111557
preemptive halt, cache_misses = 111557
preemptive halt, cache_misses = 111557
preemptive halt, cache_misses = 111557
preemptive halt, cache_misses = 111557
preemptive halt, cache_misses = 111557
preemptive halt, cache_misses = 111557
preemptive halt, cache_misses = 111557
preemptive halt, cache_misses = 111557
preemptive halt, cache_misses = 111557
preemptive halt, cache_misses = 111557
preemptive halt, cache_misses = 111557
preemptive halt, cache_misses = 111557
preemptive halt, cache_misses = 111557
preemptive halt, cache_misses = 111557
preemptive halt, cache_misses = 111557
preemptive halt, cache_misses = 111557
preemptive halt, cache_misses = 111557
preemptive halt, cache_misses = 111557
preemptive halt, cache_misses = 111557
preemptive halt, cache_misses = 111557
preemptive halt, cache_misses = 111557
preemptive halt, cache_misses = 111557
preemptive halt, cache_misses = 111557
preemptive halt, cache_misses = 111557
preemptive halt, cache_misses = 111557
preemptive halt, cache_misses = 111557
preemptive halt, cache_misses = 111557
preemptive halt, cache_misses = 111557
preemptive halt, cache_misses = 111557
preemptive halt, cache_misses = 111557
preemptive halt, cache_misses = 111557
preemptive halt, cache_misses = 111557
preemptive halt, cache_misses = 111557
preemptive halt, cache_misses = 111557
preemptive halt, cache_misses = 111557
preemptive halt, cache_misses = 111557
preemptive halt, cache_misses = 111557
preemptive halt, cache_misses = 111557
preemptive halt, cache_misses = 111557
preemptive halt, cache_misses = 111557
preemptive halt, cache_misses = 111557
preemptive halt, cache_misses = 111557
preemptive halt, cache_misses = 111557
preemptive halt, cache_misses = 111557
preemptive halt, cache_misses = 111557
preemptive halt, cache_misses = 111557
preemptive halt, cache_misses = 111557
preemptive halt, cache_misses = 111557
preemptive halt, cache_misses = 111557
preemptive halt, cache_misses = 111557
preemptive halt, cache_misses = 111557
preemptive halt, cache_misses = 111557
preemptive halt, cache_misses = 111557
preemptive halt, cache_misses = 111557
preemptive halt, cache_misses = 111557
preemptive halt, cache_misses = 111557
preemptive halt, cache_misses = 111557
preemptive halt, cache_misses = 111557
preemptive halt, cache_misses = 111557
preemptive halt, cache_misses = 111557
preemptive halt, cache_misses = 111557
preemptive halt, cache_misses = 111557
preemptive halt, cache_misses = 111557
preemptive halt, cache_misses = 111557
preemptive halt, cache_misses = 111557
preemptive halt, cache_misses = 111557
preemptive halt, cache_misses = 111557
preemptive halt, cache_misses = 111557
preemptive halt, cache_misses = 111557
preemptive halt, cache_misses = 111557
preemptive halt, cache_misses = 111557
preemptive halt, cache_misses = 111557
preemptive halt, cache_misses = 111557
preemptive halt, cache_misses = 111557
preemptive halt, cache_misses = 111557
preemptive halt, cache_misses = 111557
preemptive halt, cache_misses = 111557
preemptive halt, cache_misses = 111557
preemptive halt, cache_misses = 111557
preemptive halt, cache_misses = 111557
preemptive halt, cache_misses = 111557
preemptive halt, cache_misses = 111557
preemptive halt, cache_misses = 111557
preemptive halt, cache_misses = 111557
preemptive halt, cache_misses = 111557
preemptive halt, cache_misses = 111557
preemptive halt, cache_misses = 111557
preemptive halt, cache_misses = 111557
preemptive halt, cache_misses = 111557
preemptive halt, cache_misses = 111557
preemptive halt, cache_misses = 111557
preemptive halt, cache_misses = 111557
preemptive halt, cache_misses = 111557
preemptive halt, cache_misses = 111557
preemptive halt, cache_misses = 111557
preemptive halt, cache_misses = 111557
preemptive halt, cache_misses = 111557
preemptive halt, cache_misses = 111557
preemptive halt, cache_misses = 111557
preemptive halt, cache_misses = 111557
preemptive halt, cache_misses = 111557
preemptive halt, cache_misses = 111557
preemptive halt, cache_misses = 111557
preemptive halt, cache_misses = 111557
preemptive halt, cache_misses = 111557
preemptive halt, cache_misses = 111557
preemptive halt, cache_misses = 111557
preemptive halt, cache_misses = 111557
preemptive halt, cache_misses = 111557
preemptive halt, cache_misses = 111557
preemptive halt, cache_misses = 111557
preemptive halt, cache_misses = 111557
preemptive halt, cache_misses = 111557
preemptive halt, cache_misses = 111557
preemptive halt, cache_misses = 111557
preemptive halt, cache_misses = 111557
preemptive halt, cache_misses = 111557
preemptive halt, cache_misses = 111557
preemptive halt, cache_misses = 111557
preemptive halt, cache_misses = 111557
preemptive halt, cache_misses = 111557
preemptive halt, cache_misses = 111557
preemptive halt, cache_misses = 111557
preemptive halt, cache_misses = 111557
preemptive halt, cache_misses = 111557
preemptive halt, cache_misses = 111557
preemptive halt, cache_misses = 111557
preemptive halt, cache_misses = 111557
preemptive halt, cache_misses = 111557
preemptive halt, cache_misses = 111557
preemptive halt, cache_misses = 111557
preemptive halt, cache_misses = 111557
preemptive halt, cache_misses = 111557
preemptive halt, cache_misses = 111557
preemptive halt, cache_misses = 111557
preemptive halt, cache_misses = 111557
preemptive halt, cache_misses = 111557
preemptive halt, cache_misses = 111557
preemptive halt, cache_misses = 111557
preemptive halt, cache_misses = 111557
preemptive halt, cache_misses = 111557
preemptive halt, cache_misses = 111557
preemptive halt, cache_misses = 111557
preemptive halt, cache_misses = 111557
preemptive halt, cache_misses = 111557
preemptive halt, cache_misses = 111557
preemptive halt, cache_misses = 111557
preemptive halt, cache_misses = 111557
preemptive halt, cache_misses = 111557
preemptive halt, cache_misses = 111557
preemptive halt, cache_misses = 111557
preemptive halt, cache_misses = 111557
preemptive halt, cache_misses = 111557
preemptive halt, cache_misses = 111557
preemptive halt, cache_misses = 111557
preemptive halt, cache_misses = 111557
preemptive halt, cache_misses = 111557
preemptive halt, cache_misses = 111557
preemptive halt, cache_misses = 111557
preemptive halt, cache_misses = 111557
preemptive halt, cache_misses = 111557
preemptive halt, cache_misses = 111557
preemptive halt, cache_misses = 111557
preemptive halt, cache_misses = 111557
preemptive halt, cache_misses = 111557
preemptive halt, cache_misses = 111557
preemptive halt, cache_misses = 111557
preemptive halt, cache_misses = 111557
preemptive halt, cache_misses = 111557
preemptive halt, cache_misses = 111557
preemptive halt, cache_misses = 111557
preemptive halt, cache_misses = 111557
preemptive halt, cache_misses = 111557
preemptive halt, cache_misses = 111557
preemptive halt, cache_misses = 111557
preemptive halt, cache_misses = 111557
preemptive halt, cache_misses = 111557
preemptive halt, cache_misses = 111557
preemptive halt, cache_misses = 111557
preemptive halt, cache_misses = 111557
preemptive halt, cache_misses = 111557
preemptive halt, cache_misses = 111557
preemptive halt, cache_misses = 111557
preemptive halt, cache_misses = 111557
preemptive halt, cache_misses = 111557
preemptive halt, cache_misses = 111557
preemptive halt, cache_misses = 111557
preemptive halt, cache_misses = 111557
preemptive halt, cache_misses = 111557
preemptive halt, cache_misses = 111557
preemptive halt, cache_misses = 111557
preemptive halt, cache_misses = 111557
preemptive halt, cache_misses = 111557
preemptive halt, cache_misses = 111557
preemptive halt, cache_misses = 111557
preemptive halt, cache_misses = 111557
preemptive halt, cache_misses = 111557
preemptive halt, cache_misses = 111557
preemptive halt, cache_misses = 111557
preemptive halt, cache_misses = 111557
preemptive halt, cache_misses = 111557
preemptive halt, cache_misses = 111557
preemptive halt, cache_misses = 111557
preemptive halt, cache_misses = 111557
preemptive halt, cache_misses = 111557
preemptive halt, cache_misses = 111557
preemptive halt, cache_misses = 111557
preemptive halt, cache_misses = 111557
preemptive halt, cache_misses = 111557
preemptive halt, cache_misses = 111557
preemptive halt, cache_misses = 111557
preemptive halt, cache_misses = 111557
preemptive halt, cache_misses = 111557
preemptive halt, cache_misses = 111557
preemptive halt, cache_misses = 111557
preemptive halt, cache_misses = 111557
preemptive halt, cache_misses = 111557
preemptive halt, cache_misses = 111557
preemptive halt, cache_misses = 111557
preemptive halt, cache_misses = 111557
preemptive halt, cache_misses = 111557
preemptive halt, cache_misses = 111557
preemptive halt, cache_misses = 111557
preemptive halt, cache_misses = 111557
preemptive halt, cache_misses = 111557
preemptive halt, cache_misses = 111557
preemptive halt, cache_misses = 111557
preemptive halt, cache_misses = 111557
preemptive halt, cache_misses = 111557
preemptive halt, cache_misses = 111557
preemptive halt, cache_misses = 111557
preemptive halt, cache_misses = 111557
preemptive halt, cache_misses = 111557
preemptive halt, cache_misses = 111557
preemptive halt, cache_misses = 111557
preemptive halt, cache_misses = 111557
preemptive halt, cache_misses = 111557
preemptive halt, cache_misses = 111557
preemptive halt, cache_misses = 111557
preemptive halt, cache_misses = 111557
preemptive halt, cache_misses = 111557
preemptive halt, cache_misses = 111557
preemptive halt, cache_misses = 111557
preemptive halt, cache_misses = 111557
preemptive halt, cache_misses = 111557
preemptive halt, cache_misses = 111557
preemptive halt, cache_misses = 111557
preemptive halt, cache_misses = 111557
preemptive halt, cache_misses = 111557
preemptive halt, cache_misses = 111557
preemptive halt, cache_misses = 111557
preemptive halt, cache_misses = 111557
preemptive halt, cache_misses = 111557
preemptive halt, cache_misses = 111557
preemptive halt, cache_misses = 111557
preemptive halt, cache_misses = 111557
preemptive halt, cache_misses = 111557
preemptive halt, cache_misses = 111557
preemptive halt, cache_misses = 111557
preemptive halt, cache_misses = 111557
preemptive halt, cache_misses = 111557
preemptive halt, cache_misses = 111557
preemptive halt, cache_misses = 111557
preemptive halt, cache_misses = 111557
preemptive halt, cache_misses = 111557
preemptive halt, cache_misses = 111557
preemptive halt, cache_misses = 111557
preemptive halt, cache_misses = 111557
preemptive halt, cache_misses = 111557
preemptive halt, cache_misses = 111557
preemptive halt, cache_misses = 111557
preemptive halt, cache_misses = 111557
preemptive halt, cache_misses = 111557
preemptive halt, cache_misses = 111557
preemptive halt, cache_misses = 111557
preemptive halt, cache_misses = 111557
preemptive halt, cache_misses = 111557
preemptive halt, cache_misses = 111557
preemptive halt, cache_misses = 111557
preemptive halt, cache_misses = 111557
preemptive halt, cache_misses = 111557
preemptive halt, cache_misses = 111557
preemptive halt, cache_misses = 111557
preemptive halt, cache_misses = 111557
preemptive halt, cache_misses = 111557
preemptive halt, cache_misses = 111557
preemptive halt, cache_misses = 111557
preemptive halt, cache_misses = 111557
preemptive halt, cache_misses = 111557
preemptive halt, cache_misses = 111557
preemptive halt, cache_misses = 111557
preemptive halt, cache_misses = 111557
preemptive halt, cache_misses = 111557
preemptive halt, cache_misses = 111557
preemptive halt, cache_misses = 111557
preemptive halt, cache_misses = 111557
preemptive halt, cache_misses = 111557
preemptive halt, cache_misses = 111557
preemptive halt, cache_misses = 111557
preemptive halt, cache_misses = 111557
preemptive halt, cache_misses = 111557
preemptive halt, cache_misses = 111557
preemptive halt, cache_misses = 111557
preemptive halt, cache_misses = 111557
preemptive halt, cache_misses = 111557
preemptive halt, cache_misses = 111557
preemptive halt, cache_misses = 111557
preemptive halt, cache_misses = 111557
preemptive halt, cache_misses = 111557
preemptive halt, cache_misses = 111557
preemptive halt, cache_misses = 111557
preemptive halt, cache_misses = 111557
preemptive halt, cache_misses = 111557
preemptive halt, cache_misses = 111557
preemptive halt, cache_misses = 111557
preemptive halt, cache_misses = 111557
preemptive halt, cache_misses = 111557
preemptive halt, cache_misses = 111557
preemptive halt, cache_misses = 111557
preemptive halt, cache_misses = 111557
preemptive halt, cache_misses = 111557
preemptive halt, cache_misses = 111557
preemptive halt, cache_misses = 111557
preemptive halt, cache_misses = 111557
preemptive halt, cache_misses = 111557
preemptive halt, cache_misses = 111557
preemptive halt, cache_misses = 111557
preemptive halt, cache_misses = 111557
preemptive halt, cache_misses = 111557
preemptive halt, cache_misses = 111557
preemptive halt, cache_misses = 111557
preemptive halt, cache_misses = 111557
preemptive halt, cache_misses = 111557
preemptive halt, cache_misses = 111557
preemptive halt, cache_misses = 111557
preemptive halt, cache_misses = 111557
preemptive halt, cache_misses = 111557
preemptive halt, cache_misses = 111557
preemptive halt, cache_misses = 111557
preemptive halt, cache_misses = 111557
preemptive halt, cache_misses = 111557
preemptive halt, cache_misses = 111557
preemptive halt, cache_misses = 111557
preemptive halt, cache_misses = 111557
preemptive halt, cache_misses = 111557
preemptive halt, cache_misses = 111557
preemptive halt, cache_misses = 111557
preemptive halt, cache_misses = 111557
preemptive halt, cache_misses = 111557
preemptive halt, cache_misses = 111557
preemptive halt, cache_misses = 111557
preemptive halt, cache_misses = 111557
preemptive halt, cache_misses = 111557
preemptive halt, cache_misses = 111557
preemptive halt, cache_misses = 111557
preemptive halt, cache_misses = 111557
preemptive halt, cache_misses = 111557
preemptive halt, cache_misses = 111557
preemptive halt, cache_misses = 111557
preemptive halt, cache_misses = 111557
preemptive halt, cache_misses = 111557
preemptive halt, cache_misses = 111557
preemptive halt, cache_misses = 111557
preemptive halt, cache_misses = 111557
preemptive halt, cache_misses = 111557
preemptive halt, cache_misses = 111557
preemptive halt, cache_misses = 111557
preemptive halt, cache_misses = 111557
preemptive halt, cache_misses = 111557
preemptive halt, cache_misses = 111557
preemptive halt, cache_misses = 111557
preemptive halt, cache_misses = 111557
preemptive halt, cache_misses = 111557
preemptive halt, cache_misses = 111557
preemptive halt, cache_misses = 111557
preemptive halt, cache_misses = 111557
preemptive halt, cache_misses = 111557
preemptive halt, cache_misses = 111557
preemptive halt, cache_misses = 111557
preemptive halt, cache_misses = 111557
preemptive halt, cache_misses = 111557
preemptive halt, cache_misses = 111557
preemptive halt, cache_misses = 111557
preemptive halt, cache_misses = 111557
preemptive halt, cache_misses = 111557
preemptive halt, cache_misses = 111557
preemptive halt, cache_misses = 111557
preemptive halt, cache_misses = 111557
preemptive halt, cache_misses = 111557
preemptive halt, cache_misses = 111557
preemptive halt, cache_misses = 111557
preemptive halt, cache_misses = 111557
preemptive halt, cache_misses = 111557
preemptive halt, cache_misses = 111557
preemptive halt, cache_misses = 111557
preemptive halt, cache_misses = 111557
preemptive halt, cache_misses = 111557
preemptive halt, cache_misses = 111557
preemptive halt, cache_misses = 111557
preemptive halt, cache_misses = 111557
preemptive halt, cache_misses = 111557
preemptive halt, cache_misses = 111557
preemptive halt, cache_misses = 111557
preemptive halt, cache_misses = 111557
preemptive halt, cache_misses = 111557
preemptive halt, cache_misses = 111557
preemptive halt, cache_misses = 111557
preemptive halt, cache_misses = 111557
preemptive halt, cache_misses = 111557
preemptive halt, cache_misses = 111557
preemptive halt, cache_misses = 111557
preemptive halt, cache_misses = 111557
preemptive halt, cache_misses = 111557
preemptive halt, cache_misses = 111557
preemptive halt, cache_misses = 111557
preemptive halt, cache_misses = 111557
preemptive halt, cache_misses = 111557
preemptive halt, cache_misses = 111557
preemptive halt, cache_misses = 111557
preemptive halt, cache_misses = 111557
preemptive halt, cache_misses = 111557
preemptive halt, cache_misses = 111557
preemptive halt, cache_misses = 111557
preemptive halt, cache_misses = 111557
preemptive halt, cache_misses = 111557
preemptive halt, cache_misses = 111557
preemptive halt, cache_misses = 111557
preemptive halt, cache_misses = 111557
preemptive halt, cache_misses = 111557
preemptive halt, cache_misses = 111557
preemptive halt, cache_misses = 111557
preemptive halt, cache_misses = 111557
preemptive halt, cache_misses = 111557
preemptive halt, cache_misses = 111557
preemptive halt, cache_misses = 111557
preemptive halt, cache_misses = 111557
preemptive halt, cache_misses = 111557
preemptive halt, cache_misses = 111557
preemptive halt, cache_misses = 111557
preemptive halt, cache_misses = 111557
preemptive halt, cache_misses = 111557
preemptive halt, cache_misses = 111557
preemptive halt, cache_misses = 111557
preemptive halt, cache_misses = 111557
preemptive halt, cache_misses = 111557
preemptive halt, cache_misses = 111557
preemptive halt, cache_misses = 111557
preemptive halt, cache_misses = 111557
preemptive halt, cache_misses = 111557
preemptive halt, cache_misses = 111557
preemptive halt, cache_misses = 111557
preemptive halt, cache_misses = 111557
preemptive halt, cache_misses = 111557
preemptive halt, cache_misses = 111557
preemptive halt, cache_misses = 111557
preemptive halt, cache_misses = 111557
preemptive halt, cache_misses = 111557
preemptive halt, cache_misses = 111557
preemptive halt, cache_misses = 111557
preemptive halt, cache_misses = 111557
preemptive halt, cache_misses = 111557
preemptive halt, cache_misses = 111557
preemptive halt, cache_misses = 111557
preemptive halt, cache_misses = 111557
preemptive halt, cache_misses = 111557
preemptive halt, cache_misses = 111557
preemptive halt, cache_misses = 111557
preemptive halt, cache_misses = 111557
preemptive halt, cache_misses = 111557
preemptive halt, cache_misses = 111557
preemptive halt, cache_misses = 111557
preemptive halt, cache_misses = 111557
preemptive halt, cache_misses = 111557
preemptive halt, cache_misses = 111557
preemptive halt, cache_misses = 111557
preemptive halt, cache_misses = 111557
preemptive halt, cache_misses = 111557
preemptive halt, cache_misses = 111557
preemptive halt, cache_misses = 111557
preemptive halt, cache_misses = 111557
preemptive halt, cache_misses = 111557
preemptive halt, cache_misses = 111557
preemptive halt, cache_misses = 111557
preemptive halt, cache_misses = 111557
preemptive halt, cache_misses = 111557
preemptive halt, cache_misses = 111557
preemptive halt, cache_misses = 111557
preemptive halt, cache_misses = 111557
preemptive halt, cache_misses = 111557
preemptive halt, cache_misses = 111557
preemptive halt, cache_misses = 111557
preemptive halt, cache_misses = 111557
preemptive halt, cache_misses = 111557
preemptive halt, cache_misses = 111557
preemptive halt, cache_misses = 111557
preemptive halt, cache_misses = 111557
preemptive halt, cache_misses = 111557
preemptive halt, cache_misses = 111557
preemptive halt, cache_misses = 111557
preemptive halt, cache_misses = 111557
preemptive halt, cache_misses = 111557
preemptive halt, cache_misses = 111557
preemptive halt, cache_misses = 111557
preemptive halt, cache_misses = 111557
preemptive halt, cache_misses = 111557
preemptive halt, cache_misses = 111557
preemptive halt, cache_misses = 111557
preemptive halt, cache_misses = 111557
preemptive halt, cache_misses = 111557
preemptive halt, cache_misses = 111557
preemptive halt, cache_misses = 111557
preemptive halt, cache_misses = 111557
preemptive halt, cache_misses = 111557
preemptive halt, cache_misses = 111557
preemptive halt, cache_misses = 111557
preemptive halt, cache_misses = 111557
preemptive halt, cache_misses = 111557
preemptive halt, cache_misses = 111557
preemptive halt, cache_misses = 111557
preemptive halt, cache_misses = 111557
preemptive halt, cache_misses = 111557
preemptive halt, cache_misses = 111557
preemptive halt, cache_misses = 111557
preemptive halt, cache_misses = 111557
preemptive halt, cache_misses = 111557
preemptive halt, cache_misses = 111557
preemptive halt, cache_misses = 111557
preemptive halt, cache_misses = 111557
preemptive halt, cache_misses = 111557
preemptive halt, cache_misses = 111557
preemptive halt, cache_misses = 111557
preemptive halt, cache_misses = 111557
preemptive halt, cache_misses = 111557
preemptive halt, cache_misses = 111557
preemptive halt, cache_misses = 111557
preemptive halt, cache_misses = 111557
preemptive halt, cache_misses = 111557
preemptive halt, cache_misses = 111557
preemptive halt, cache_misses = 111557
preemptive halt, cache_misses = 111557
preemptive halt, cache_misses = 111557
binary search, size 55000  misses 111557  min 50000  max 60000
binary search, size 57500  misses 111555  min 55000  max 60000
binary search, size 56250  misses 111555  min 55000  max 57500
preemptive halt, cache_misses = 111556
preemptive halt, cache_misses = 111556
preemptive halt, cache_misses = 111556
preemptive halt, cache_misses = 111556
binary search, size 55625  misses 111556  min 55000  max 56250
binary search, size 55937  misses 111555  min 55625  max 56250
binary search, size 55781  misses 111555  min 55625  max 55937
preemptive halt, cache_misses = 111556
preemptive halt, cache_misses = 111556
preemptive halt, cache_misses = 111556
preemptive halt, cache_misses = 111556
binary search, size 55703  misses 111556  min 55625  max 55781
preemptive halt, cache_misses = 111557
preemptive halt, cache_misses = 111557
preemptive halt, cache_misses = 111557
preemptive halt, cache_misses = 111557
preemptive halt, cache_misses = 111557
preemptive halt, cache_misses = 111557
binary search, size 55742  misses 111557  min 55703  max 55781
preemptive halt, cache_misses = 111558
preemptive halt, cache_misses = 111558
preemptive halt, cache_misses = 111558
preemptive halt, cache_misses = 111558
preemptive halt, cache_misses = 111558
preemptive halt, cache_misses = 111558
preemptive halt, cache_misses = 111558
preemptive halt, cache_misses = 111558
binary search, size 55761  misses 111558  min 55742  max 55781
preemptive halt, cache_misses = 111559
preemptive halt, cache_misses = 111559
preemptive halt, cache_misses = 111559
preemptive halt, cache_misses = 111559
preemptive halt, cache_misses = 111559
preemptive halt, cache_misses = 111559
preemptive halt, cache_misses = 111559
preemptive halt, cache_misses = 111559
preemptive halt, cache_misses = 111559
preemptive halt, cache_misses = 111559
binary search, size 55771  misses 111559  min 55761  max 55781
preemptive halt, cache_misses = 111560
preemptive halt, cache_misses = 111560
preemptive halt, cache_misses = 111560
preemptive halt, cache_misses = 111560
preemptive halt, cache_misses = 111560
preemptive halt, cache_misses = 111560
preemptive halt, cache_misses = 111560
preemptive halt, cache_misses = 111560
preemptive halt, cache_misses = 111560
preemptive halt, cache_misses = 111560
preemptive halt, cache_misses = 111560
preemptive halt, cache_misses = 111560
binary search, size 55776  misses 111560  min 55771  max 55781
binary search, size 55778  misses 111555  min 55776  max 55781
binary search, size 55777  misses 111555  min 55776  max 55778
characteristic cache size (binary search) for 333 = 55777
End at: 2021-04-02 15:33:09.428357
Time elapsed: 0:00:01.938398
