Begin at: 2021-04-02 15:30:26.960726
['../dist/Debug/GNU-Linux/memo_batch_tester', '', '--mbt_execution_trace_fname', 'olcs4_traceback_csize_input_types/OLCS4_lru_2021_04_02__15_29_05_k_3__d_2_cache_size_160000_problems_10_to_400/OLCS4_lru_2021_04_02__15_29_05_k_3__d_2_cache_size_160000_problems_10_to_400/OLCS4__do_traceback_prob_size_221_cache_size_160000_lru_k_3_d_2_execution_trace_2021_4_2_15_30_26_pid_17440.log', '--mbt_cache_misses_fname', 'olcs4_traceback_csize_input_types/OLCS4_lru_2021_04_02__15_29_05_k_3__d_2_cache_size_160000_problems_10_to_400/lcs_cost_OLCS4_lru_misses_for_cache_size.csv', '--mbt_misses_for_problem_size_fname', 'olcs4_traceback_csize_input_types/OLCS4_lru_2021_04_02__15_29_05_k_3__d_2_cache_size_160000_problems_10_to_400/lcs_cost_OLCS4_lru_misses_for_problem_size.csv', '--mbt_exact_cutoff_min_cache_size', '160000', '--mbt_exact_cutoff_max_cache_size', '160000', '--mbt_problem_type', 'lcs', '--mbt_metric_type', 'csize_binary_search', '--mbt_cutoff_ratio', '2.2', '--mbt_instance_fname', '221', '--mbt_detailed_cache_misses_out_fname', 'csize_olcs4_traceback_0011n_ceil_n_b_2.csv', '--mbt_phi_N', '5.0', '--mbt_problem_size', '221', '--lcs_compute_length', '0', '--lcs_perform_traceback', '1', '--lig_instance_type', '0011n_ceil_n_b', '--lig_n', '221', '--lig_c', '0.9', '--lig_b', '2.0', '--lcs_oblivious', '4', '--lcs_execution_trace_fname', 'olcs4_traceback_csize_input_types/OLCS4_lru_2021_04_02__15_29_05_k_3__d_2_cache_size_160000_problems_10_to_400/OLCS4_lru_2021_04_02__15_29_05_k_3__d_2_cache_size_160000_problems_10_to_400/OLCS4__do_traceback_prob_size_221_cache_size_160000_lru_k_3_d_2_execution_trace_2021_4_2_15_30_26_pid_17440.log', '--memo_caching_strategy', 'lru', '--memo_cache_size', '160001', '--memo_lru_queue_size', '160000', '--memo_cuckoo_k', '4', '--memo_key_length', '8', '--memo_value_length', '8', '--memo_k_timestamps', '3', '--memo_d_recent_timestamps', '2', '--memo_a_items_per_timestamp_factor', '0.4375']

csize_binary_search chosen
lcs problem_type lcs cache_size 160001
initialize_long_int_cache begin
init_memo
arguments to memo:
 --mbt_execution_trace_fname olcs4_traceback_csize_input_types/OLCS4_lru_2021_04_02__15_29_05_k_3__d_2_cache_size_160000_problems_10_to_400/OLCS4_lru_2021_04_02__15_29_05_k_3__d_2_cache_size_160000_problems_10_to_400/OLCS4__do_traceback_prob_size_221_cache_size_160000_lru_k_3_d_2_execution_trace_2021_4_2_15_30_26_pid_17440.log --mbt_cache_misses_fname olcs4_traceback_csize_input_types/OLCS4_lru_2021_04_02__15_29_05_k_3__d_2_cache_size_160000_problems_10_to_400/lcs_cost_OLCS4_lru_misses_for_cache_size.csv --mbt_misses_for_problem_size_fname olcs4_traceback_csize_input_types/OLCS4_lru_2021_04_02__15_29_05_k_3__d_2_cache_size_160000_problems_10_to_400/lcs_cost_OLCS4_lru_misses_for_problem_size.csv --mbt_exact_cutoff_min_cache_size 160000 --mbt_exact_cutoff_max_cache_size 160000 --mbt_problem_type lcs --mbt_metric_type csize_binary_search --mbt_cutoff_ratio 2.2 --mbt_instance_fname 221 --mbt_detailed_cache_misses_out_fname csize_olcs4_traceback_0011n_ceil_n_b_2.csv --mbt_phi_N 5.0 --mbt_problem_size 221 --lcs_compute_length 0 --lcs_perform_traceback 1 --lig_instance_type 0011n_ceil_n_b --lig_n 221 --lig_c 0.9 --lig_b 2.0 --lcs_oblivious 4 --lcs_execution_trace_fname olcs4_traceback_csize_input_types/OLCS4_lru_2021_04_02__15_29_05_k_3__d_2_cache_size_160000_problems_10_to_400/OLCS4_lru_2021_04_02__15_29_05_k_3__d_2_cache_size_160000_problems_10_to_400/OLCS4__do_traceback_prob_size_221_cache_size_160000_lru_k_3_d_2_execution_trace_2021_4_2_15_30_26_pid_17440.log --memo_caching_strategy lru --memo_cache_size 160001 --memo_lru_queue_size 160000 --memo_cuckoo_k 4 --memo_key_length 8 --memo_value_length 8 --memo_k_timestamps 3 --memo_d_recent_timestamps 2 --memo_a_items_per_timestamp_factor 0.4375 
calculate_table_size: table_size is 262144, original is 160001
Finished initializing cache
initialize_long_int_cache end
done initializing cache
initializing problem
done initializing problem
commence trials
Starting characteristic_cache_size_binary_search with max cache size 160001
binary search, size 160001  misses 49283
binary search, size 80000  misses 49283  min 0  max 160001
binary search, size 40000  misses 49283  min 0  max 80000
preemptive halt, cache_misses = 49284
preemptive halt, cache_misses = 49284
preemptive halt, cache_misses = 49284
preemptive halt, cache_misses = 49284
preemptive halt, cache_misses = 49284
preemptive halt, cache_misses = 49284
preemptive halt, cache_misses = 49284
preemptive halt, cache_misses = 49284
preemptive halt, cache_misses = 49284
preemptive halt, cache_misses = 49284
preemptive halt, cache_misses = 49284
preemptive halt, cache_misses = 49284
preemptive halt, cache_misses = 49284
preemptive halt, cache_misses = 49284
preemptive halt, cache_misses = 49284
preemptive halt, cache_misses = 49284
preemptive halt, cache_misses = 49284
preemptive halt, cache_misses = 49284
preemptive halt, cache_misses = 49284
preemptive halt, cache_misses = 49284
preemptive halt, cache_misses = 49284
preemptive halt, cache_misses = 49284
preemptive halt, cache_misses = 49284
preemptive halt, cache_misses = 49284
preemptive halt, cache_misses = 49284
preemptive halt, cache_misses = 49284
preemptive halt, cache_misses = 49284
preemptive halt, cache_misses = 49284
preemptive halt, cache_misses = 49284
preemptive halt, cache_misses = 49284
preemptive halt, cache_misses = 49284
preemptive halt, cache_misses = 49284
preemptive halt, cache_misses = 49284
preemptive halt, cache_misses = 49284
preemptive halt, cache_misses = 49284
preemptive halt, cache_misses = 49284
preemptive halt, cache_misses = 49284
preemptive halt, cache_misses = 49284
preemptive halt, cache_misses = 49284
preemptive halt, cache_misses = 49284
preemptive halt, cache_misses = 49284
preemptive halt, cache_misses = 49284
preemptive halt, cache_misses = 49284
preemptive halt, cache_misses = 49284
preemptive halt, cache_misses = 49284
preemptive halt, cache_misses = 49284
preemptive halt, cache_misses = 49284
preemptive halt, cache_misses = 49284
preemptive halt, cache_misses = 49284
preemptive halt, cache_misses = 49284
preemptive halt, cache_misses = 49284
preemptive halt, cache_misses = 49284
preemptive halt, cache_misses = 49284
preemptive halt, cache_misses = 49284
preemptive halt, cache_misses = 49284
preemptive halt, cache_misses = 49284
preemptive halt, cache_misses = 49284
preemptive halt, cache_misses = 49284
preemptive halt, cache_misses = 49284
preemptive halt, cache_misses = 49284
preemptive halt, cache_misses = 49284
preemptive halt, cache_misses = 49284
preemptive halt, cache_misses = 49284
preemptive halt, cache_misses = 49284
preemptive halt, cache_misses = 49284
preemptive halt, cache_misses = 49284
preemptive halt, cache_misses = 49284
preemptive halt, cache_misses = 49284
preemptive halt, cache_misses = 49284
preemptive halt, cache_misses = 49284
preemptive halt, cache_misses = 49284
preemptive halt, cache_misses = 49284
preemptive halt, cache_misses = 49284
preemptive halt, cache_misses = 49284
preemptive halt, cache_misses = 49284
preemptive halt, cache_misses = 49284
preemptive halt, cache_misses = 49284
preemptive halt, cache_misses = 49284
preemptive halt, cache_misses = 49284
preemptive halt, cache_misses = 49284
preemptive halt, cache_misses = 49284
preemptive halt, cache_misses = 49284
preemptive halt, cache_misses = 49284
preemptive halt, cache_misses = 49284
preemptive halt, cache_misses = 49284
preemptive halt, cache_misses = 49284
preemptive halt, cache_misses = 49284
preemptive halt, cache_misses = 49284
preemptive halt, cache_misses = 49284
preemptive halt, cache_misses = 49284
preemptive halt, cache_misses = 49284
preemptive halt, cache_misses = 49284
preemptive halt, cache_misses = 49284
preemptive halt, cache_misses = 49284
preemptive halt, cache_misses = 49284
preemptive halt, cache_misses = 49284
preemptive halt, cache_misses = 49284
preemptive halt, cache_misses = 49284
preemptive halt, cache_misses = 49284
preemptive halt, cache_misses = 49284
preemptive halt, cache_misses = 49284
preemptive halt, cache_misses = 49284
preemptive halt, cache_misses = 49284
preemptive halt, cache_misses = 49284
preemptive halt, cache_misses = 49284
preemptive halt, cache_misses = 49284
preemptive halt, cache_misses = 49284
preemptive halt, cache_misses = 49284
preemptive halt, cache_misses = 49284
preemptive halt, cache_misses = 49284
preemptive halt, cache_misses = 49284
preemptive halt, cache_misses = 49284
preemptive halt, cache_misses = 49284
preemptive halt, cache_misses = 49284
preemptive halt, cache_misses = 49284
preemptive halt, cache_misses = 49284
preemptive halt, cache_misses = 49284
preemptive halt, cache_misses = 49284
preemptive halt, cache_misses = 49284
preemptive halt, cache_misses = 49284
preemptive halt, cache_misses = 49284
preemptive halt, cache_misses = 49284
preemptive halt, cache_misses = 49284
preemptive halt, cache_misses = 49284
preemptive halt, cache_misses = 49284
preemptive halt, cache_misses = 49284
preemptive halt, cache_misses = 49284
preemptive halt, cache_misses = 49284
preemptive halt, cache_misses = 49284
preemptive halt, cache_misses = 49284
preemptive halt, cache_misses = 49284
preemptive halt, cache_misses = 49284
preemptive halt, cache_misses = 49284
preemptive halt, cache_misses = 49284
preemptive halt, cache_misses = 49284
preemptive halt, cache_misses = 49284
preemptive halt, cache_misses = 49284
preemptive halt, cache_misses = 49284
preemptive halt, cache_misses = 49284
preemptive halt, cache_misses = 49284
preemptive halt, cache_misses = 49284
preemptive halt, cache_misses = 49284
preemptive halt, cache_misses = 49284
preemptive halt, cache_misses = 49284
preemptive halt, cache_misses = 49284
preemptive halt, cache_misses = 49284
preemptive halt, cache_misses = 49284
preemptive halt, cache_misses = 49284
preemptive halt, cache_misses = 49284
preemptive halt, cache_misses = 49284
preemptive halt, cache_misses = 49284
preemptive halt, cache_misses = 49284
preemptive halt, cache_misses = 49284
preemptive halt, cache_misses = 49284
preemptive halt, cache_misses = 49284
preemptive halt, cache_misses = 49284
preemptive halt, cache_misses = 49284
preemptive halt, cache_misses = 49284
preemptive halt, cache_misses = 49284
preemptive halt, cache_misses = 49284
preemptive halt, cache_misses = 49284
preemptive halt, cache_misses = 49284
preemptive halt, cache_misses = 49284
preemptive halt, cache_misses = 49284
preemptive halt, cache_misses = 49284
preemptive halt, cache_misses = 49284
preemptive halt, cache_misses = 49284
preemptive halt, cache_misses = 49284
preemptive halt, cache_misses = 49284
preemptive halt, cache_misses = 49284
preemptive halt, cache_misses = 49284
preemptive halt, cache_misses = 49284
preemptive halt, cache_misses = 49284
preemptive halt, cache_misses = 49284
preemptive halt, cache_misses = 49284
preemptive halt, cache_misses = 49284
preemptive halt, cache_misses = 49284
preemptive halt, cache_misses = 49284
preemptive halt, cache_misses = 49284
preemptive halt, cache_misses = 49284
preemptive halt, cache_misses = 49284
preemptive halt, cache_misses = 49284
preemptive halt, cache_misses = 49284
preemptive halt, cache_misses = 49284
preemptive halt, cache_misses = 49284
preemptive halt, cache_misses = 49284
preemptive halt, cache_misses = 49284
preemptive halt, cache_misses = 49284
preemptive halt, cache_misses = 49284
preemptive halt, cache_misses = 49284
preemptive halt, cache_misses = 49284
preemptive halt, cache_misses = 49284
preemptive halt, cache_misses = 49284
preemptive halt, cache_misses = 49284
preemptive halt, cache_misses = 49284
preemptive halt, cache_misses = 49284
preemptive halt, cache_misses = 49284
preemptive halt, cache_misses = 49284
preemptive halt, cache_misses = 49284
preemptive halt, cache_misses = 49284
preemptive halt, cache_misses = 49284
preemptive halt, cache_misses = 49284
preemptive halt, cache_misses = 49284
preemptive halt, cache_misses = 49284
preemptive halt, cache_misses = 49284
preemptive halt, cache_misses = 49284
preemptive halt, cache_misses = 49284
preemptive halt, cache_misses = 49284
preemptive halt, cache_misses = 49284
preemptive halt, cache_misses = 49284
preemptive halt, cache_misses = 49284
preemptive halt, cache_misses = 49284
preemptive halt, cache_misses = 49284
preemptive halt, cache_misses = 49284
preemptive halt, cache_misses = 49284
preemptive halt, cache_misses = 49284
preemptive halt, cache_misses = 49284
preemptive halt, cache_misses = 49284
preemptive halt, cache_misses = 49284
preemptive halt, cache_misses = 49284
preemptive halt, cache_misses = 49284
preemptive halt, cache_misses = 49284
preemptive halt, cache_misses = 49284
preemptive halt, cache_misses = 49284
preemptive halt, cache_misses = 49284
preemptive halt, cache_misses = 49284
preemptive halt, cache_misses = 49284
preemptive halt, cache_misses = 49284
preemptive halt, cache_misses = 49284
preemptive halt, cache_misses = 49284
preemptive halt, cache_misses = 49284
preemptive halt, cache_misses = 49284
preemptive halt, cache_misses = 49284
preemptive halt, cache_misses = 49284
preemptive halt, cache_misses = 49284
preemptive halt, cache_misses = 49284
preemptive halt, cache_misses = 49284
preemptive halt, cache_misses = 49284
preemptive halt, cache_misses = 49284
preemptive halt, cache_misses = 49284
preemptive halt, cache_misses = 49284
preemptive halt, cache_misses = 49284
preemptive halt, cache_misses = 49284
preemptive halt, cache_misses = 49284
preemptive halt, cache_misses = 49284
preemptive halt, cache_misses = 49284
preemptive halt, cache_misses = 49284
preemptive halt, cache_misses = 49284
preemptive halt, cache_misses = 49284
preemptive halt, cache_misses = 49284
preemptive halt, cache_misses = 49284
preemptive halt, cache_misses = 49284
preemptive halt, cache_misses = 49284
preemptive halt, cache_misses = 49284
preemptive halt, cache_misses = 49284
preemptive halt, cache_misses = 49284
preemptive halt, cache_misses = 49284
preemptive halt, cache_misses = 49284
preemptive halt, cache_misses = 49284
preemptive halt, cache_misses = 49284
preemptive halt, cache_misses = 49284
preemptive halt, cache_misses = 49284
preemptive halt, cache_misses = 49284
preemptive halt, cache_misses = 49284
preemptive halt, cache_misses = 49284
preemptive halt, cache_misses = 49284
preemptive halt, cache_misses = 49284
preemptive halt, cache_misses = 49284
preemptive halt, cache_misses = 49284
preemptive halt, cache_misses = 49284
preemptive halt, cache_misses = 49284
preemptive halt, cache_misses = 49284
preemptive halt, cache_misses = 49284
preemptive halt, cache_misses = 49284
preemptive halt, cache_misses = 49284
preemptive halt, cache_misses = 49284
preemptive halt, cache_misses = 49284
preemptive halt, cache_misses = 49284
preemptive halt, cache_misses = 49284
preemptive halt, cache_misses = 49284
preemptive halt, cache_misses = 49284
preemptive halt, cache_misses = 49284
preemptive halt, cache_misses = 49284
preemptive halt, cache_misses = 49284
preemptive halt, cache_misses = 49284
preemptive halt, cache_misses = 49284
preemptive halt, cache_misses = 49284
preemptive halt, cache_misses = 49284
preemptive halt, cache_misses = 49284
preemptive halt, cache_misses = 49284
preemptive halt, cache_misses = 49284
preemptive halt, cache_misses = 49284
preemptive halt, cache_misses = 49284
preemptive halt, cache_misses = 49284
preemptive halt, cache_misses = 49284
preemptive halt, cache_misses = 49284
preemptive halt, cache_misses = 49284
preemptive halt, cache_misses = 49284
preemptive halt, cache_misses = 49284
preemptive halt, cache_misses = 49284
preemptive halt, cache_misses = 49284
preemptive halt, cache_misses = 49284
preemptive halt, cache_misses = 49284
preemptive halt, cache_misses = 49284
preemptive halt, cache_misses = 49284
preemptive halt, cache_misses = 49284
preemptive halt, cache_misses = 49284
preemptive halt, cache_misses = 49284
preemptive halt, cache_misses = 49284
preemptive halt, cache_misses = 49284
preemptive halt, cache_misses = 49284
preemptive halt, cache_misses = 49284
preemptive halt, cache_misses = 49284
preemptive halt, cache_misses = 49284
preemptive halt, cache_misses = 49284
preemptive halt, cache_misses = 49284
preemptive halt, cache_misses = 49284
preemptive halt, cache_misses = 49284
preemptive halt, cache_misses = 49284
preemptive halt, cache_misses = 49284
preemptive halt, cache_misses = 49284
preemptive halt, cache_misses = 49284
preemptive halt, cache_misses = 49284
preemptive halt, cache_misses = 49284
preemptive halt, cache_misses = 49284
preemptive halt, cache_misses = 49284
preemptive halt, cache_misses = 49284
preemptive halt, cache_misses = 49284
preemptive halt, cache_misses = 49284
preemptive halt, cache_misses = 49284
preemptive halt, cache_misses = 49284
preemptive halt, cache_misses = 49284
preemptive halt, cache_misses = 49284
preemptive halt, cache_misses = 49284
preemptive halt, cache_misses = 49284
preemptive halt, cache_misses = 49284
preemptive halt, cache_misses = 49284
preemptive halt, cache_misses = 49284
preemptive halt, cache_misses = 49284
preemptive halt, cache_misses = 49284
preemptive halt, cache_misses = 49284
preemptive halt, cache_misses = 49284
preemptive halt, cache_misses = 49284
preemptive halt, cache_misses = 49284
preemptive halt, cache_misses = 49284
preemptive halt, cache_misses = 49284
preemptive halt, cache_misses = 49284
preemptive halt, cache_misses = 49284
preemptive halt, cache_misses = 49284
preemptive halt, cache_misses = 49284
preemptive halt, cache_misses = 49284
preemptive halt, cache_misses = 49284
preemptive halt, cache_misses = 49284
preemptive halt, cache_misses = 49284
preemptive halt, cache_misses = 49284
preemptive halt, cache_misses = 49284
preemptive halt, cache_misses = 49284
preemptive halt, cache_misses = 49284
preemptive halt, cache_misses = 49284
preemptive halt, cache_misses = 49284
preemptive halt, cache_misses = 49284
preemptive halt, cache_misses = 49284
preemptive halt, cache_misses = 49284
preemptive halt, cache_misses = 49284
preemptive halt, cache_misses = 49284
preemptive halt, cache_misses = 49284
preemptive halt, cache_misses = 49284
preemptive halt, cache_misses = 49284
preemptive halt, cache_misses = 49284
preemptive halt, cache_misses = 49284
preemptive halt, cache_misses = 49284
preemptive halt, cache_misses = 49284
preemptive halt, cache_misses = 49284
preemptive halt, cache_misses = 49284
preemptive halt, cache_misses = 49284
preemptive halt, cache_misses = 49284
preemptive halt, cache_misses = 49284
preemptive halt, cache_misses = 49284
preemptive halt, cache_misses = 49284
preemptive halt, cache_misses = 49284
preemptive halt, cache_misses = 49284
preemptive halt, cache_misses = 49284
preemptive halt, cache_misses = 49284
preemptive halt, cache_misses = 49284
preemptive halt, cache_misses = 49284
preemptive halt, cache_misses = 49284
preemptive halt, cache_misses = 49284
preemptive halt, cache_misses = 49284
preemptive halt, cache_misses = 49284
preemptive halt, cache_misses = 49284
preemptive halt, cache_misses = 49284
preemptive halt, cache_misses = 49284
preemptive halt, cache_misses = 49284
preemptive halt, cache_misses = 49284
preemptive halt, cache_misses = 49284
preemptive halt, cache_misses = 49284
preemptive halt, cache_misses = 49284
preemptive halt, cache_misses = 49284
preemptive halt, cache_misses = 49284
preemptive halt, cache_misses = 49284
preemptive halt, cache_misses = 49284
preemptive halt, cache_misses = 49284
binary search, size 20000  misses 49284  min 0  max 40000
binary search, size 30000  misses 49283  min 20000  max 40000
binary search, size 25000  misses 49283  min 20000  max 30000
preemptive halt, cache_misses = 49284
preemptive halt, cache_misses = 49284
preemptive halt, cache_misses = 49284
preemptive halt, cache_misses = 49284
preemptive halt, cache_misses = 49284
preemptive halt, cache_misses = 49284
preemptive halt, cache_misses = 49284
preemptive halt, cache_misses = 49284
preemptive halt, cache_misses = 49284
preemptive halt, cache_misses = 49284
preemptive halt, cache_misses = 49284
preemptive halt, cache_misses = 49284
preemptive halt, cache_misses = 49284
preemptive halt, cache_misses = 49284
preemptive halt, cache_misses = 49284
preemptive halt, cache_misses = 49284
preemptive halt, cache_misses = 49284
preemptive halt, cache_misses = 49284
preemptive halt, cache_misses = 49284
preemptive halt, cache_misses = 49284
preemptive halt, cache_misses = 49284
preemptive halt, cache_misses = 49284
preemptive halt, cache_misses = 49284
preemptive halt, cache_misses = 49284
preemptive halt, cache_misses = 49284
preemptive halt, cache_misses = 49284
preemptive halt, cache_misses = 49284
preemptive halt, cache_misses = 49284
preemptive halt, cache_misses = 49284
preemptive halt, cache_misses = 49284
preemptive halt, cache_misses = 49284
preemptive halt, cache_misses = 49284
preemptive halt, cache_misses = 49284
preemptive halt, cache_misses = 49284
preemptive halt, cache_misses = 49284
preemptive halt, cache_misses = 49284
preemptive halt, cache_misses = 49284
preemptive halt, cache_misses = 49284
preemptive halt, cache_misses = 49284
preemptive halt, cache_misses = 49284
preemptive halt, cache_misses = 49284
preemptive halt, cache_misses = 49284
preemptive halt, cache_misses = 49284
preemptive halt, cache_misses = 49284
preemptive halt, cache_misses = 49284
preemptive halt, cache_misses = 49284
preemptive halt, cache_misses = 49284
preemptive halt, cache_misses = 49284
preemptive halt, cache_misses = 49284
preemptive halt, cache_misses = 49284
preemptive halt, cache_misses = 49284
preemptive halt, cache_misses = 49284
preemptive halt, cache_misses = 49284
preemptive halt, cache_misses = 49284
preemptive halt, cache_misses = 49284
preemptive halt, cache_misses = 49284
preemptive halt, cache_misses = 49284
preemptive halt, cache_misses = 49284
preemptive halt, cache_misses = 49284
preemptive halt, cache_misses = 49284
preemptive halt, cache_misses = 49284
preemptive halt, cache_misses = 49284
preemptive halt, cache_misses = 49284
preemptive halt, cache_misses = 49284
preemptive halt, cache_misses = 49284
preemptive halt, cache_misses = 49284
preemptive halt, cache_misses = 49284
preemptive halt, cache_misses = 49284
preemptive halt, cache_misses = 49284
preemptive halt, cache_misses = 49284
preemptive halt, cache_misses = 49284
preemptive halt, cache_misses = 49284
preemptive halt, cache_misses = 49284
preemptive halt, cache_misses = 49284
preemptive halt, cache_misses = 49284
preemptive halt, cache_misses = 49284
preemptive halt, cache_misses = 49284
preemptive halt, cache_misses = 49284
preemptive halt, cache_misses = 49284
preemptive halt, cache_misses = 49284
preemptive halt, cache_misses = 49284
preemptive halt, cache_misses = 49284
preemptive halt, cache_misses = 49284
preemptive halt, cache_misses = 49284
preemptive halt, cache_misses = 49284
preemptive halt, cache_misses = 49284
preemptive halt, cache_misses = 49284
preemptive halt, cache_misses = 49284
preemptive halt, cache_misses = 49284
preemptive halt, cache_misses = 49284
preemptive halt, cache_misses = 49284
preemptive halt, cache_misses = 49284
preemptive halt, cache_misses = 49284
preemptive halt, cache_misses = 49284
preemptive halt, cache_misses = 49284
preemptive halt, cache_misses = 49284
preemptive halt, cache_misses = 49284
preemptive halt, cache_misses = 49284
preemptive halt, cache_misses = 49284
preemptive halt, cache_misses = 49284
preemptive halt, cache_misses = 49284
preemptive halt, cache_misses = 49284
preemptive halt, cache_misses = 49284
preemptive halt, cache_misses = 49284
preemptive halt, cache_misses = 49284
preemptive halt, cache_misses = 49284
preemptive halt, cache_misses = 49284
preemptive halt, cache_misses = 49284
preemptive halt, cache_misses = 49284
preemptive halt, cache_misses = 49284
preemptive halt, cache_misses = 49284
preemptive halt, cache_misses = 49284
preemptive halt, cache_misses = 49284
preemptive halt, cache_misses = 49284
preemptive halt, cache_misses = 49284
preemptive halt, cache_misses = 49284
preemptive halt, cache_misses = 49284
preemptive halt, cache_misses = 49284
preemptive halt, cache_misses = 49284
preemptive halt, cache_misses = 49284
preemptive halt, cache_misses = 49284
preemptive halt, cache_misses = 49284
preemptive halt, cache_misses = 49284
preemptive halt, cache_misses = 49284
preemptive halt, cache_misses = 49284
preemptive halt, cache_misses = 49284
preemptive halt, cache_misses = 49284
preemptive halt, cache_misses = 49284
preemptive halt, cache_misses = 49284
preemptive halt, cache_misses = 49284
preemptive halt, cache_misses = 49284
preemptive halt, cache_misses = 49284
preemptive halt, cache_misses = 49284
preemptive halt, cache_misses = 49284
preemptive halt, cache_misses = 49284
preemptive halt, cache_misses = 49284
preemptive halt, cache_misses = 49284
preemptive halt, cache_misses = 49284
preemptive halt, cache_misses = 49284
preemptive halt, cache_misses = 49284
preemptive halt, cache_misses = 49284
preemptive halt, cache_misses = 49284
preemptive halt, cache_misses = 49284
preemptive halt, cache_misses = 49284
preemptive halt, cache_misses = 49284
preemptive halt, cache_misses = 49284
preemptive halt, cache_misses = 49284
preemptive halt, cache_misses = 49284
preemptive halt, cache_misses = 49284
preemptive halt, cache_misses = 49284
preemptive halt, cache_misses = 49284
preemptive halt, cache_misses = 49284
preemptive halt, cache_misses = 49284
preemptive halt, cache_misses = 49284
preemptive halt, cache_misses = 49284
preemptive halt, cache_misses = 49284
preemptive halt, cache_misses = 49284
preemptive halt, cache_misses = 49284
preemptive halt, cache_misses = 49284
preemptive halt, cache_misses = 49284
preemptive halt, cache_misses = 49284
preemptive halt, cache_misses = 49284
preemptive halt, cache_misses = 49284
preemptive halt, cache_misses = 49284
preemptive halt, cache_misses = 49284
preemptive halt, cache_misses = 49284
preemptive halt, cache_misses = 49284
preemptive halt, cache_misses = 49284
preemptive halt, cache_misses = 49284
preemptive halt, cache_misses = 49284
preemptive halt, cache_misses = 49284
preemptive halt, cache_misses = 49284
preemptive halt, cache_misses = 49284
preemptive halt, cache_misses = 49284
preemptive halt, cache_misses = 49284
preemptive halt, cache_misses = 49284
preemptive halt, cache_misses = 49284
preemptive halt, cache_misses = 49284
preemptive halt, cache_misses = 49284
preemptive halt, cache_misses = 49284
preemptive halt, cache_misses = 49284
preemptive halt, cache_misses = 49284
preemptive halt, cache_misses = 49284
preemptive halt, cache_misses = 49284
preemptive halt, cache_misses = 49284
preemptive halt, cache_misses = 49284
preemptive halt, cache_misses = 49284
preemptive halt, cache_misses = 49284
preemptive halt, cache_misses = 49284
preemptive halt, cache_misses = 49284
preemptive halt, cache_misses = 49284
preemptive halt, cache_misses = 49284
preemptive halt, cache_misses = 49284
preemptive halt, cache_misses = 49284
preemptive halt, cache_misses = 49284
preemptive halt, cache_misses = 49284
preemptive halt, cache_misses = 49284
preemptive halt, cache_misses = 49284
preemptive halt, cache_misses = 49284
preemptive halt, cache_misses = 49284
preemptive halt, cache_misses = 49284
preemptive halt, cache_misses = 49284
preemptive halt, cache_misses = 49284
preemptive halt, cache_misses = 49284
preemptive halt, cache_misses = 49284
preemptive halt, cache_misses = 49284
preemptive halt, cache_misses = 49284
preemptive halt, cache_misses = 49284
preemptive halt, cache_misses = 49284
preemptive halt, cache_misses = 49284
preemptive halt, cache_misses = 49284
preemptive halt, cache_misses = 49284
preemptive halt, cache_misses = 49284
preemptive halt, cache_misses = 49284
preemptive halt, cache_misses = 49284
preemptive halt, cache_misses = 49284
preemptive halt, cache_misses = 49284
preemptive halt, cache_misses = 49284
preemptive halt, cache_misses = 49284
preemptive halt, cache_misses = 49284
preemptive halt, cache_misses = 49284
preemptive halt, cache_misses = 49284
preemptive halt, cache_misses = 49284
preemptive halt, cache_misses = 49284
preemptive halt, cache_misses = 49284
preemptive halt, cache_misses = 49284
preemptive halt, cache_misses = 49284
preemptive halt, cache_misses = 49284
preemptive halt, cache_misses = 49284
preemptive halt, cache_misses = 49284
preemptive halt, cache_misses = 49284
preemptive halt, cache_misses = 49284
preemptive halt, cache_misses = 49284
preemptive halt, cache_misses = 49284
preemptive halt, cache_misses = 49284
preemptive halt, cache_misses = 49284
preemptive halt, cache_misses = 49284
preemptive halt, cache_misses = 49284
preemptive halt, cache_misses = 49284
preemptive halt, cache_misses = 49284
preemptive halt, cache_misses = 49284
preemptive halt, cache_misses = 49284
preemptive halt, cache_misses = 49284
preemptive halt, cache_misses = 49284
preemptive halt, cache_misses = 49284
preemptive halt, cache_misses = 49284
preemptive halt, cache_misses = 49284
preemptive halt, cache_misses = 49284
preemptive halt, cache_misses = 49284
preemptive halt, cache_misses = 49284
preemptive halt, cache_misses = 49284
preemptive halt, cache_misses = 49284
preemptive halt, cache_misses = 49284
preemptive halt, cache_misses = 49284
preemptive halt, cache_misses = 49284
preemptive halt, cache_misses = 49284
preemptive halt, cache_misses = 49284
preemptive halt, cache_misses = 49284
preemptive halt, cache_misses = 49284
preemptive halt, cache_misses = 49284
preemptive halt, cache_misses = 49284
preemptive halt, cache_misses = 49284
preemptive halt, cache_misses = 49284
preemptive halt, cache_misses = 49284
preemptive halt, cache_misses = 49284
preemptive halt, cache_misses = 49284
preemptive halt, cache_misses = 49284
preemptive halt, cache_misses = 49284
preemptive halt, cache_misses = 49284
preemptive halt, cache_misses = 49284
preemptive halt, cache_misses = 49284
preemptive halt, cache_misses = 49284
preemptive halt, cache_misses = 49284
preemptive halt, cache_misses = 49284
preemptive halt, cache_misses = 49284
preemptive halt, cache_misses = 49284
preemptive halt, cache_misses = 49284
preemptive halt, cache_misses = 49284
preemptive halt, cache_misses = 49284
preemptive halt, cache_misses = 49284
preemptive halt, cache_misses = 49284
preemptive halt, cache_misses = 49284
preemptive halt, cache_misses = 49284
preemptive halt, cache_misses = 49284
preemptive halt, cache_misses = 49284
preemptive halt, cache_misses = 49284
preemptive halt, cache_misses = 49284
preemptive halt, cache_misses = 49284
preemptive halt, cache_misses = 49284
preemptive halt, cache_misses = 49284
preemptive halt, cache_misses = 49284
preemptive halt, cache_misses = 49284
preemptive halt, cache_misses = 49284
preemptive halt, cache_misses = 49284
preemptive halt, cache_misses = 49284
preemptive halt, cache_misses = 49284
preemptive halt, cache_misses = 49284
preemptive halt, cache_misses = 49284
preemptive halt, cache_misses = 49284
preemptive halt, cache_misses = 49284
preemptive halt, cache_misses = 49284
preemptive halt, cache_misses = 49284
preemptive halt, cache_misses = 49284
preemptive halt, cache_misses = 49284
preemptive halt, cache_misses = 49284
preemptive halt, cache_misses = 49284
preemptive halt, cache_misses = 49284
preemptive halt, cache_misses = 49284
preemptive halt, cache_misses = 49284
preemptive halt, cache_misses = 49284
preemptive halt, cache_misses = 49284
preemptive halt, cache_misses = 49284
preemptive halt, cache_misses = 49284
preemptive halt, cache_misses = 49284
preemptive halt, cache_misses = 49284
preemptive halt, cache_misses = 49284
preemptive halt, cache_misses = 49284
preemptive halt, cache_misses = 49284
preemptive halt, cache_misses = 49284
preemptive halt, cache_misses = 49284
preemptive halt, cache_misses = 49284
preemptive halt, cache_misses = 49284
preemptive halt, cache_misses = 49284
preemptive halt, cache_misses = 49284
preemptive halt, cache_misses = 49284
preemptive halt, cache_misses = 49284
preemptive halt, cache_misses = 49284
preemptive halt, cache_misses = 49284
preemptive halt, cache_misses = 49284
preemptive halt, cache_misses = 49284
preemptive halt, cache_misses = 49284
preemptive halt, cache_misses = 49284
preemptive halt, cache_misses = 49284
preemptive halt, cache_misses = 49284
preemptive halt, cache_misses = 49284
preemptive halt, cache_misses = 49284
preemptive halt, cache_misses = 49284
preemptive halt, cache_misses = 49284
preemptive halt, cache_misses = 49284
preemptive halt, cache_misses = 49284
preemptive halt, cache_misses = 49284
preemptive halt, cache_misses = 49284
preemptive halt, cache_misses = 49284
preemptive halt, cache_misses = 49284
preemptive halt, cache_misses = 49284
preemptive halt, cache_misses = 49284
preemptive halt, cache_misses = 49284
preemptive halt, cache_misses = 49284
preemptive halt, cache_misses = 49284
preemptive halt, cache_misses = 49284
preemptive halt, cache_misses = 49284
preemptive halt, cache_misses = 49284
preemptive halt, cache_misses = 49284
preemptive halt, cache_misses = 49284
preemptive halt, cache_misses = 49284
preemptive halt, cache_misses = 49284
preemptive halt, cache_misses = 49284
preemptive halt, cache_misses = 49284
preemptive halt, cache_misses = 49284
preemptive halt, cache_misses = 49284
preemptive halt, cache_misses = 49284
preemptive halt, cache_misses = 49284
preemptive halt, cache_misses = 49284
preemptive halt, cache_misses = 49284
preemptive halt, cache_misses = 49284
preemptive halt, cache_misses = 49284
preemptive halt, cache_misses = 49284
preemptive halt, cache_misses = 49284
preemptive halt, cache_misses = 49284
preemptive halt, cache_misses = 49284
preemptive halt, cache_misses = 49284
preemptive halt, cache_misses = 49284
preemptive halt, cache_misses = 49284
preemptive halt, cache_misses = 49284
preemptive halt, cache_misses = 49284
preemptive halt, cache_misses = 49284
preemptive halt, cache_misses = 49284
preemptive halt, cache_misses = 49284
preemptive halt, cache_misses = 49284
preemptive halt, cache_misses = 49284
preemptive halt, cache_misses = 49284
preemptive halt, cache_misses = 49284
preemptive halt, cache_misses = 49284
preemptive halt, cache_misses = 49284
preemptive halt, cache_misses = 49284
preemptive halt, cache_misses = 49284
preemptive halt, cache_misses = 49284
preemptive halt, cache_misses = 49284
preemptive halt, cache_misses = 49284
preemptive halt, cache_misses = 49284
preemptive halt, cache_misses = 49284
preemptive halt, cache_misses = 49284
preemptive halt, cache_misses = 49284
preemptive halt, cache_misses = 49284
preemptive halt, cache_misses = 49284
preemptive halt, cache_misses = 49284
preemptive halt, cache_misses = 49284
preemptive halt, cache_misses = 49284
preemptive halt, cache_misses = 49284
preemptive halt, cache_misses = 49284
preemptive halt, cache_misses = 49284
preemptive halt, cache_misses = 49284
preemptive halt, cache_misses = 49284
preemptive halt, cache_misses = 49284
preemptive halt, cache_misses = 49284
preemptive halt, cache_misses = 49284
preemptive halt, cache_misses = 49284
preemptive halt, cache_misses = 49284
preemptive halt, cache_misses = 49284
preemptive halt, cache_misses = 49284
preemptive halt, cache_misses = 49284
preemptive halt, cache_misses = 49284
preemptive halt, cache_misses = 49284
preemptive halt, cache_misses = 49284
preemptive halt, cache_misses = 49284
preemptive halt, cache_misses = 49284
preemptive halt, cache_misses = 49284
preemptive halt, cache_misses = 49284
preemptive halt, cache_misses = 49284
preemptive halt, cache_misses = 49284
preemptive halt, cache_misses = 49284
preemptive halt, cache_misses = 49284
preemptive halt, cache_misses = 49284
preemptive halt, cache_misses = 49284
binary search, size 22500  misses 49284  min 20000  max 25000
preemptive halt, cache_misses = 49285
preemptive halt, cache_misses = 49285
preemptive halt, cache_misses = 49285
preemptive halt, cache_misses = 49285
preemptive halt, cache_misses = 49285
preemptive halt, cache_misses = 49285
preemptive halt, cache_misses = 49285
preemptive halt, cache_misses = 49285
preemptive halt, cache_misses = 49285
preemptive halt, cache_misses = 49285
preemptive halt, cache_misses = 49285
preemptive halt, cache_misses = 49285
preemptive halt, cache_misses = 49285
preemptive halt, cache_misses = 49285
preemptive halt, cache_misses = 49285
preemptive halt, cache_misses = 49285
preemptive halt, cache_misses = 49285
preemptive halt, cache_misses = 49285
preemptive halt, cache_misses = 49285
preemptive halt, cache_misses = 49285
preemptive halt, cache_misses = 49285
preemptive halt, cache_misses = 49285
preemptive halt, cache_misses = 49285
preemptive halt, cache_misses = 49285
preemptive halt, cache_misses = 49285
preemptive halt, cache_misses = 49285
preemptive halt, cache_misses = 49285
preemptive halt, cache_misses = 49285
preemptive halt, cache_misses = 49285
preemptive halt, cache_misses = 49285
preemptive halt, cache_misses = 49285
preemptive halt, cache_misses = 49285
preemptive halt, cache_misses = 49285
preemptive halt, cache_misses = 49285
preemptive halt, cache_misses = 49285
preemptive halt, cache_misses = 49285
preemptive halt, cache_misses = 49285
preemptive halt, cache_misses = 49285
preemptive halt, cache_misses = 49285
preemptive halt, cache_misses = 49285
preemptive halt, cache_misses = 49285
preemptive halt, cache_misses = 49285
preemptive halt, cache_misses = 49285
preemptive halt, cache_misses = 49285
preemptive halt, cache_misses = 49285
preemptive halt, cache_misses = 49285
preemptive halt, cache_misses = 49285
preemptive halt, cache_misses = 49285
preemptive halt, cache_misses = 49285
preemptive halt, cache_misses = 49285
preemptive halt, cache_misses = 49285
preemptive halt, cache_misses = 49285
preemptive halt, cache_misses = 49285
preemptive halt, cache_misses = 49285
preemptive halt, cache_misses = 49285
preemptive halt, cache_misses = 49285
preemptive halt, cache_misses = 49285
preemptive halt, cache_misses = 49285
preemptive halt, cache_misses = 49285
preemptive halt, cache_misses = 49285
preemptive halt, cache_misses = 49285
preemptive halt, cache_misses = 49285
preemptive halt, cache_misses = 49285
preemptive halt, cache_misses = 49285
preemptive halt, cache_misses = 49285
preemptive halt, cache_misses = 49285
preemptive halt, cache_misses = 49285
preemptive halt, cache_misses = 49285
preemptive halt, cache_misses = 49285
preemptive halt, cache_misses = 49285
preemptive halt, cache_misses = 49285
preemptive halt, cache_misses = 49285
preemptive halt, cache_misses = 49285
preemptive halt, cache_misses = 49285
preemptive halt, cache_misses = 49285
preemptive halt, cache_misses = 49285
preemptive halt, cache_misses = 49285
preemptive halt, cache_misses = 49285
preemptive halt, cache_misses = 49285
preemptive halt, cache_misses = 49285
preemptive halt, cache_misses = 49285
preemptive halt, cache_misses = 49285
preemptive halt, cache_misses = 49285
preemptive halt, cache_misses = 49285
preemptive halt, cache_misses = 49285
preemptive halt, cache_misses = 49285
preemptive halt, cache_misses = 49285
preemptive halt, cache_misses = 49285
preemptive halt, cache_misses = 49285
preemptive halt, cache_misses = 49285
preemptive halt, cache_misses = 49285
preemptive halt, cache_misses = 49285
preemptive halt, cache_misses = 49285
preemptive halt, cache_misses = 49285
preemptive halt, cache_misses = 49285
preemptive halt, cache_misses = 49285
preemptive halt, cache_misses = 49285
preemptive halt, cache_misses = 49285
preemptive halt, cache_misses = 49285
preemptive halt, cache_misses = 49285
preemptive halt, cache_misses = 49285
preemptive halt, cache_misses = 49285
preemptive halt, cache_misses = 49285
preemptive halt, cache_misses = 49285
preemptive halt, cache_misses = 49285
preemptive halt, cache_misses = 49285
preemptive halt, cache_misses = 49285
preemptive halt, cache_misses = 49285
preemptive halt, cache_misses = 49285
preemptive halt, cache_misses = 49285
preemptive halt, cache_misses = 49285
preemptive halt, cache_misses = 49285
preemptive halt, cache_misses = 49285
preemptive halt, cache_misses = 49285
preemptive halt, cache_misses = 49285
preemptive halt, cache_misses = 49285
preemptive halt, cache_misses = 49285
preemptive halt, cache_misses = 49285
preemptive halt, cache_misses = 49285
preemptive halt, cache_misses = 49285
preemptive halt, cache_misses = 49285
preemptive halt, cache_misses = 49285
preemptive halt, cache_misses = 49285
preemptive halt, cache_misses = 49285
preemptive halt, cache_misses = 49285
preemptive halt, cache_misses = 49285
preemptive halt, cache_misses = 49285
preemptive halt, cache_misses = 49285
preemptive halt, cache_misses = 49285
preemptive halt, cache_misses = 49285
preemptive halt, cache_misses = 49285
preemptive halt, cache_misses = 49285
preemptive halt, cache_misses = 49285
preemptive halt, cache_misses = 49285
preemptive halt, cache_misses = 49285
preemptive halt, cache_misses = 49285
preemptive halt, cache_misses = 49285
preemptive halt, cache_misses = 49285
preemptive halt, cache_misses = 49285
preemptive halt, cache_misses = 49285
preemptive halt, cache_misses = 49285
preemptive halt, cache_misses = 49285
preemptive halt, cache_misses = 49285
preemptive halt, cache_misses = 49285
preemptive halt, cache_misses = 49285
preemptive halt, cache_misses = 49285
preemptive halt, cache_misses = 49285
preemptive halt, cache_misses = 49285
preemptive halt, cache_misses = 49285
preemptive halt, cache_misses = 49285
preemptive halt, cache_misses = 49285
preemptive halt, cache_misses = 49285
preemptive halt, cache_misses = 49285
preemptive halt, cache_misses = 49285
preemptive halt, cache_misses = 49285
preemptive halt, cache_misses = 49285
preemptive halt, cache_misses = 49285
preemptive halt, cache_misses = 49285
preemptive halt, cache_misses = 49285
preemptive halt, cache_misses = 49285
preemptive halt, cache_misses = 49285
preemptive halt, cache_misses = 49285
preemptive halt, cache_misses = 49285
preemptive halt, cache_misses = 49285
preemptive halt, cache_misses = 49285
preemptive halt, cache_misses = 49285
preemptive halt, cache_misses = 49285
preemptive halt, cache_misses = 49285
preemptive halt, cache_misses = 49285
preemptive halt, cache_misses = 49285
preemptive halt, cache_misses = 49285
preemptive halt, cache_misses = 49285
preemptive halt, cache_misses = 49285
preemptive halt, cache_misses = 49285
preemptive halt, cache_misses = 49285
preemptive halt, cache_misses = 49285
preemptive halt, cache_misses = 49285
preemptive halt, cache_misses = 49285
preemptive halt, cache_misses = 49285
preemptive halt, cache_misses = 49285
preemptive halt, cache_misses = 49285
preemptive halt, cache_misses = 49285
preemptive halt, cache_misses = 49285
preemptive halt, cache_misses = 49285
preemptive halt, cache_misses = 49285
preemptive halt, cache_misses = 49285
preemptive halt, cache_misses = 49285
preemptive halt, cache_misses = 49285
preemptive halt, cache_misses = 49285
preemptive halt, cache_misses = 49285
preemptive halt, cache_misses = 49285
preemptive halt, cache_misses = 49285
preemptive halt, cache_misses = 49285
preemptive halt, cache_misses = 49285
preemptive halt, cache_misses = 49285
preemptive halt, cache_misses = 49285
preemptive halt, cache_misses = 49285
preemptive halt, cache_misses = 49285
preemptive halt, cache_misses = 49285
preemptive halt, cache_misses = 49285
preemptive halt, cache_misses = 49285
preemptive halt, cache_misses = 49285
preemptive halt, cache_misses = 49285
preemptive halt, cache_misses = 49285
preemptive halt, cache_misses = 49285
preemptive halt, cache_misses = 49285
preemptive halt, cache_misses = 49285
preemptive halt, cache_misses = 49285
preemptive halt, cache_misses = 49285
preemptive halt, cache_misses = 49285
preemptive halt, cache_misses = 49285
preemptive halt, cache_misses = 49285
preemptive halt, cache_misses = 49285
preemptive halt, cache_misses = 49285
preemptive halt, cache_misses = 49285
preemptive halt, cache_misses = 49285
preemptive halt, cache_misses = 49285
preemptive halt, cache_misses = 49285
preemptive halt, cache_misses = 49285
preemptive halt, cache_misses = 49285
preemptive halt, cache_misses = 49285
preemptive halt, cache_misses = 49285
preemptive halt, cache_misses = 49285
preemptive halt, cache_misses = 49285
preemptive halt, cache_misses = 49285
preemptive halt, cache_misses = 49285
preemptive halt, cache_misses = 49285
preemptive halt, cache_misses = 49285
preemptive halt, cache_misses = 49285
preemptive halt, cache_misses = 49285
preemptive halt, cache_misses = 49285
preemptive halt, cache_misses = 49285
preemptive halt, cache_misses = 49285
preemptive halt, cache_misses = 49285
preemptive halt, cache_misses = 49285
preemptive halt, cache_misses = 49285
preemptive halt, cache_misses = 49285
preemptive halt, cache_misses = 49285
preemptive halt, cache_misses = 49285
preemptive halt, cache_misses = 49285
preemptive halt, cache_misses = 49285
preemptive halt, cache_misses = 49285
preemptive halt, cache_misses = 49285
preemptive halt, cache_misses = 49285
preemptive halt, cache_misses = 49285
preemptive halt, cache_misses = 49285
preemptive halt, cache_misses = 49285
preemptive halt, cache_misses = 49285
preemptive halt, cache_misses = 49285
preemptive halt, cache_misses = 49285
preemptive halt, cache_misses = 49285
preemptive halt, cache_misses = 49285
preemptive halt, cache_misses = 49285
preemptive halt, cache_misses = 49285
preemptive halt, cache_misses = 49285
preemptive halt, cache_misses = 49285
preemptive halt, cache_misses = 49285
preemptive halt, cache_misses = 49285
preemptive halt, cache_misses = 49285
preemptive halt, cache_misses = 49285
preemptive halt, cache_misses = 49285
preemptive halt, cache_misses = 49285
preemptive halt, cache_misses = 49285
preemptive halt, cache_misses = 49285
preemptive halt, cache_misses = 49285
preemptive halt, cache_misses = 49285
preemptive halt, cache_misses = 49285
preemptive halt, cache_misses = 49285
preemptive halt, cache_misses = 49285
preemptive halt, cache_misses = 49285
preemptive halt, cache_misses = 49285
preemptive halt, cache_misses = 49285
preemptive halt, cache_misses = 49285
preemptive halt, cache_misses = 49285
preemptive halt, cache_misses = 49285
preemptive halt, cache_misses = 49285
preemptive halt, cache_misses = 49285
preemptive halt, cache_misses = 49285
preemptive halt, cache_misses = 49285
preemptive halt, cache_misses = 49285
preemptive halt, cache_misses = 49285
preemptive halt, cache_misses = 49285
preemptive halt, cache_misses = 49285
preemptive halt, cache_misses = 49285
preemptive halt, cache_misses = 49285
preemptive halt, cache_misses = 49285
preemptive halt, cache_misses = 49285
preemptive halt, cache_misses = 49285
preemptive halt, cache_misses = 49285
preemptive halt, cache_misses = 49285
preemptive halt, cache_misses = 49285
preemptive halt, cache_misses = 49285
preemptive halt, cache_misses = 49285
preemptive halt, cache_misses = 49285
preemptive halt, cache_misses = 49285
preemptive halt, cache_misses = 49285
preemptive halt, cache_misses = 49285
preemptive halt, cache_misses = 49285
preemptive halt, cache_misses = 49285
preemptive halt, cache_misses = 49285
preemptive halt, cache_misses = 49285
preemptive halt, cache_misses = 49285
preemptive halt, cache_misses = 49285
preemptive halt, cache_misses = 49285
preemptive halt, cache_misses = 49285
preemptive halt, cache_misses = 49285
preemptive halt, cache_misses = 49285
preemptive halt, cache_misses = 49285
preemptive halt, cache_misses = 49285
preemptive halt, cache_misses = 49285
preemptive halt, cache_misses = 49285
preemptive halt, cache_misses = 49285
preemptive halt, cache_misses = 49285
preemptive halt, cache_misses = 49285
preemptive halt, cache_misses = 49285
preemptive halt, cache_misses = 49285
preemptive halt, cache_misses = 49285
preemptive halt, cache_misses = 49285
preemptive halt, cache_misses = 49285
preemptive halt, cache_misses = 49285
preemptive halt, cache_misses = 49285
preemptive halt, cache_misses = 49285
preemptive halt, cache_misses = 49285
preemptive halt, cache_misses = 49285
preemptive halt, cache_misses = 49285
preemptive halt, cache_misses = 49285
preemptive halt, cache_misses = 49285
preemptive halt, cache_misses = 49285
preemptive halt, cache_misses = 49285
preemptive halt, cache_misses = 49285
preemptive halt, cache_misses = 49285
preemptive halt, cache_misses = 49285
preemptive halt, cache_misses = 49285
preemptive halt, cache_misses = 49285
preemptive halt, cache_misses = 49285
preemptive halt, cache_misses = 49285
preemptive halt, cache_misses = 49285
preemptive halt, cache_misses = 49285
preemptive halt, cache_misses = 49285
preemptive halt, cache_misses = 49285
preemptive halt, cache_misses = 49285
preemptive halt, cache_misses = 49285
preemptive halt, cache_misses = 49285
preemptive halt, cache_misses = 49285
preemptive halt, cache_misses = 49285
preemptive halt, cache_misses = 49285
preemptive halt, cache_misses = 49285
preemptive halt, cache_misses = 49285
preemptive halt, cache_misses = 49285
preemptive halt, cache_misses = 49285
preemptive halt, cache_misses = 49285
preemptive halt, cache_misses = 49285
preemptive halt, cache_misses = 49285
preemptive halt, cache_misses = 49285
preemptive halt, cache_misses = 49285
preemptive halt, cache_misses = 49285
preemptive halt, cache_misses = 49285
preemptive halt, cache_misses = 49285
preemptive halt, cache_misses = 49285
preemptive halt, cache_misses = 49285
preemptive halt, cache_misses = 49285
preemptive halt, cache_misses = 49285
preemptive halt, cache_misses = 49285
preemptive halt, cache_misses = 49285
preemptive halt, cache_misses = 49285
preemptive halt, cache_misses = 49285
preemptive halt, cache_misses = 49285
preemptive halt, cache_misses = 49285
preemptive halt, cache_misses = 49285
preemptive halt, cache_misses = 49285
preemptive halt, cache_misses = 49285
preemptive halt, cache_misses = 49285
preemptive halt, cache_misses = 49285
preemptive halt, cache_misses = 49285
preemptive halt, cache_misses = 49285
preemptive halt, cache_misses = 49285
preemptive halt, cache_misses = 49285
preemptive halt, cache_misses = 49285
preemptive halt, cache_misses = 49285
preemptive halt, cache_misses = 49285
preemptive halt, cache_misses = 49285
preemptive halt, cache_misses = 49285
preemptive halt, cache_misses = 49285
preemptive halt, cache_misses = 49285
preemptive halt, cache_misses = 49285
preemptive halt, cache_misses = 49285
preemptive halt, cache_misses = 49285
preemptive halt, cache_misses = 49285
preemptive halt, cache_misses = 49285
preemptive halt, cache_misses = 49285
preemptive halt, cache_misses = 49285
preemptive halt, cache_misses = 49285
preemptive halt, cache_misses = 49285
preemptive halt, cache_misses = 49285
preemptive halt, cache_misses = 49285
preemptive halt, cache_misses = 49285
preemptive halt, cache_misses = 49285
preemptive halt, cache_misses = 49285
preemptive halt, cache_misses = 49285
preemptive halt, cache_misses = 49285
preemptive halt, cache_misses = 49285
preemptive halt, cache_misses = 49285
preemptive halt, cache_misses = 49285
preemptive halt, cache_misses = 49285
preemptive halt, cache_misses = 49285
preemptive halt, cache_misses = 49285
preemptive halt, cache_misses = 49285
preemptive halt, cache_misses = 49285
preemptive halt, cache_misses = 49285
preemptive halt, cache_misses = 49285
preemptive halt, cache_misses = 49285
preemptive halt, cache_misses = 49285
preemptive halt, cache_misses = 49285
preemptive halt, cache_misses = 49285
preemptive halt, cache_misses = 49285
preemptive halt, cache_misses = 49285
preemptive halt, cache_misses = 49285
preemptive halt, cache_misses = 49285
preemptive halt, cache_misses = 49285
preemptive halt, cache_misses = 49285
preemptive halt, cache_misses = 49285
preemptive halt, cache_misses = 49285
preemptive halt, cache_misses = 49285
preemptive halt, cache_misses = 49285
preemptive halt, cache_misses = 49285
preemptive halt, cache_misses = 49285
preemptive halt, cache_misses = 49285
preemptive halt, cache_misses = 49285
preemptive halt, cache_misses = 49285
preemptive halt, cache_misses = 49285
preemptive halt, cache_misses = 49285
preemptive halt, cache_misses = 49285
preemptive halt, cache_misses = 49285
preemptive halt, cache_misses = 49285
preemptive halt, cache_misses = 49285
preemptive halt, cache_misses = 49285
binary search, size 23750  misses 49285  min 22500  max 25000
preemptive halt, cache_misses = 49286
preemptive halt, cache_misses = 49286
preemptive halt, cache_misses = 49286
preemptive halt, cache_misses = 49286
preemptive halt, cache_misses = 49286
preemptive halt, cache_misses = 49286
preemptive halt, cache_misses = 49286
preemptive halt, cache_misses = 49286
preemptive halt, cache_misses = 49286
preemptive halt, cache_misses = 49286
preemptive halt, cache_misses = 49286
preemptive halt, cache_misses = 49286
preemptive halt, cache_misses = 49286
preemptive halt, cache_misses = 49286
preemptive halt, cache_misses = 49286
preemptive halt, cache_misses = 49286
preemptive halt, cache_misses = 49286
preemptive halt, cache_misses = 49286
preemptive halt, cache_misses = 49286
preemptive halt, cache_misses = 49286
preemptive halt, cache_misses = 49286
preemptive halt, cache_misses = 49286
preemptive halt, cache_misses = 49286
preemptive halt, cache_misses = 49286
preemptive halt, cache_misses = 49286
preemptive halt, cache_misses = 49286
preemptive halt, cache_misses = 49286
preemptive halt, cache_misses = 49286
preemptive halt, cache_misses = 49286
preemptive halt, cache_misses = 49286
preemptive halt, cache_misses = 49286
preemptive halt, cache_misses = 49286
preemptive halt, cache_misses = 49286
preemptive halt, cache_misses = 49286
preemptive halt, cache_misses = 49286
preemptive halt, cache_misses = 49286
preemptive halt, cache_misses = 49286
preemptive halt, cache_misses = 49286
preemptive halt, cache_misses = 49286
preemptive halt, cache_misses = 49286
preemptive halt, cache_misses = 49286
preemptive halt, cache_misses = 49286
preemptive halt, cache_misses = 49286
preemptive halt, cache_misses = 49286
preemptive halt, cache_misses = 49286
preemptive halt, cache_misses = 49286
preemptive halt, cache_misses = 49286
preemptive halt, cache_misses = 49286
preemptive halt, cache_misses = 49286
preemptive halt, cache_misses = 49286
preemptive halt, cache_misses = 49286
preemptive halt, cache_misses = 49286
preemptive halt, cache_misses = 49286
preemptive halt, cache_misses = 49286
preemptive halt, cache_misses = 49286
preemptive halt, cache_misses = 49286
preemptive halt, cache_misses = 49286
preemptive halt, cache_misses = 49286
preemptive halt, cache_misses = 49286
preemptive halt, cache_misses = 49286
preemptive halt, cache_misses = 49286
preemptive halt, cache_misses = 49286
preemptive halt, cache_misses = 49286
preemptive halt, cache_misses = 49286
preemptive halt, cache_misses = 49286
preemptive halt, cache_misses = 49286
preemptive halt, cache_misses = 49286
preemptive halt, cache_misses = 49286
preemptive halt, cache_misses = 49286
preemptive halt, cache_misses = 49286
preemptive halt, cache_misses = 49286
preemptive halt, cache_misses = 49286
preemptive halt, cache_misses = 49286
preemptive halt, cache_misses = 49286
preemptive halt, cache_misses = 49286
preemptive halt, cache_misses = 49286
preemptive halt, cache_misses = 49286
preemptive halt, cache_misses = 49286
preemptive halt, cache_misses = 49286
preemptive halt, cache_misses = 49286
preemptive halt, cache_misses = 49286
preemptive halt, cache_misses = 49286
preemptive halt, cache_misses = 49286
preemptive halt, cache_misses = 49286
preemptive halt, cache_misses = 49286
preemptive halt, cache_misses = 49286
preemptive halt, cache_misses = 49286
preemptive halt, cache_misses = 49286
preemptive halt, cache_misses = 49286
preemptive halt, cache_misses = 49286
preemptive halt, cache_misses = 49286
preemptive halt, cache_misses = 49286
preemptive halt, cache_misses = 49286
preemptive halt, cache_misses = 49286
preemptive halt, cache_misses = 49286
preemptive halt, cache_misses = 49286
preemptive halt, cache_misses = 49286
preemptive halt, cache_misses = 49286
preemptive halt, cache_misses = 49286
preemptive halt, cache_misses = 49286
preemptive halt, cache_misses = 49286
preemptive halt, cache_misses = 49286
preemptive halt, cache_misses = 49286
preemptive halt, cache_misses = 49286
preemptive halt, cache_misses = 49286
preemptive halt, cache_misses = 49286
preemptive halt, cache_misses = 49286
preemptive halt, cache_misses = 49286
preemptive halt, cache_misses = 49286
preemptive halt, cache_misses = 49286
preemptive halt, cache_misses = 49286
preemptive halt, cache_misses = 49286
preemptive halt, cache_misses = 49286
preemptive halt, cache_misses = 49286
preemptive halt, cache_misses = 49286
preemptive halt, cache_misses = 49286
preemptive halt, cache_misses = 49286
preemptive halt, cache_misses = 49286
preemptive halt, cache_misses = 49286
preemptive halt, cache_misses = 49286
preemptive halt, cache_misses = 49286
preemptive halt, cache_misses = 49286
preemptive halt, cache_misses = 49286
preemptive halt, cache_misses = 49286
preemptive halt, cache_misses = 49286
preemptive halt, cache_misses = 49286
preemptive halt, cache_misses = 49286
preemptive halt, cache_misses = 49286
preemptive halt, cache_misses = 49286
preemptive halt, cache_misses = 49286
preemptive halt, cache_misses = 49286
preemptive halt, cache_misses = 49286
preemptive halt, cache_misses = 49286
preemptive halt, cache_misses = 49286
preemptive halt, cache_misses = 49286
preemptive halt, cache_misses = 49286
preemptive halt, cache_misses = 49286
preemptive halt, cache_misses = 49286
preemptive halt, cache_misses = 49286
preemptive halt, cache_misses = 49286
preemptive halt, cache_misses = 49286
preemptive halt, cache_misses = 49286
preemptive halt, cache_misses = 49286
preemptive halt, cache_misses = 49286
preemptive halt, cache_misses = 49286
preemptive halt, cache_misses = 49286
preemptive halt, cache_misses = 49286
preemptive halt, cache_misses = 49286
preemptive halt, cache_misses = 49286
preemptive halt, cache_misses = 49286
preemptive halt, cache_misses = 49286
preemptive halt, cache_misses = 49286
preemptive halt, cache_misses = 49286
preemptive halt, cache_misses = 49286
preemptive halt, cache_misses = 49286
preemptive halt, cache_misses = 49286
preemptive halt, cache_misses = 49286
preemptive halt, cache_misses = 49286
preemptive halt, cache_misses = 49286
preemptive halt, cache_misses = 49286
preemptive halt, cache_misses = 49286
preemptive halt, cache_misses = 49286
preemptive halt, cache_misses = 49286
preemptive halt, cache_misses = 49286
preemptive halt, cache_misses = 49286
preemptive halt, cache_misses = 49286
preemptive halt, cache_misses = 49286
preemptive halt, cache_misses = 49286
preemptive halt, cache_misses = 49286
preemptive halt, cache_misses = 49286
preemptive halt, cache_misses = 49286
preemptive halt, cache_misses = 49286
preemptive halt, cache_misses = 49286
preemptive halt, cache_misses = 49286
preemptive halt, cache_misses = 49286
preemptive halt, cache_misses = 49286
preemptive halt, cache_misses = 49286
preemptive halt, cache_misses = 49286
preemptive halt, cache_misses = 49286
preemptive halt, cache_misses = 49286
preemptive halt, cache_misses = 49286
preemptive halt, cache_misses = 49286
preemptive halt, cache_misses = 49286
preemptive halt, cache_misses = 49286
preemptive halt, cache_misses = 49286
preemptive halt, cache_misses = 49286
preemptive halt, cache_misses = 49286
preemptive halt, cache_misses = 49286
preemptive halt, cache_misses = 49286
preemptive halt, cache_misses = 49286
preemptive halt, cache_misses = 49286
preemptive halt, cache_misses = 49286
preemptive halt, cache_misses = 49286
preemptive halt, cache_misses = 49286
preemptive halt, cache_misses = 49286
preemptive halt, cache_misses = 49286
preemptive halt, cache_misses = 49286
preemptive halt, cache_misses = 49286
preemptive halt, cache_misses = 49286
preemptive halt, cache_misses = 49286
preemptive halt, cache_misses = 49286
preemptive halt, cache_misses = 49286
preemptive halt, cache_misses = 49286
preemptive halt, cache_misses = 49286
preemptive halt, cache_misses = 49286
preemptive halt, cache_misses = 49286
preemptive halt, cache_misses = 49286
preemptive halt, cache_misses = 49286
preemptive halt, cache_misses = 49286
preemptive halt, cache_misses = 49286
preemptive halt, cache_misses = 49286
preemptive halt, cache_misses = 49286
preemptive halt, cache_misses = 49286
preemptive halt, cache_misses = 49286
preemptive halt, cache_misses = 49286
preemptive halt, cache_misses = 49286
preemptive halt, cache_misses = 49286
preemptive halt, cache_misses = 49286
preemptive halt, cache_misses = 49286
preemptive halt, cache_misses = 49286
preemptive halt, cache_misses = 49286
preemptive halt, cache_misses = 49286
preemptive halt, cache_misses = 49286
preemptive halt, cache_misses = 49286
preemptive halt, cache_misses = 49286
preemptive halt, cache_misses = 49286
preemptive halt, cache_misses = 49286
preemptive halt, cache_misses = 49286
preemptive halt, cache_misses = 49286
preemptive halt, cache_misses = 49286
preemptive halt, cache_misses = 49286
preemptive halt, cache_misses = 49286
preemptive halt, cache_misses = 49286
preemptive halt, cache_misses = 49286
preemptive halt, cache_misses = 49286
preemptive halt, cache_misses = 49286
preemptive halt, cache_misses = 49286
preemptive halt, cache_misses = 49286
preemptive halt, cache_misses = 49286
preemptive halt, cache_misses = 49286
preemptive halt, cache_misses = 49286
preemptive halt, cache_misses = 49286
preemptive halt, cache_misses = 49286
preemptive halt, cache_misses = 49286
preemptive halt, cache_misses = 49286
preemptive halt, cache_misses = 49286
preemptive halt, cache_misses = 49286
preemptive halt, cache_misses = 49286
preemptive halt, cache_misses = 49286
preemptive halt, cache_misses = 49286
preemptive halt, cache_misses = 49286
preemptive halt, cache_misses = 49286
preemptive halt, cache_misses = 49286
preemptive halt, cache_misses = 49286
preemptive halt, cache_misses = 49286
preemptive halt, cache_misses = 49286
preemptive halt, cache_misses = 49286
preemptive halt, cache_misses = 49286
preemptive halt, cache_misses = 49286
preemptive halt, cache_misses = 49286
preemptive halt, cache_misses = 49286
preemptive halt, cache_misses = 49286
preemptive halt, cache_misses = 49286
preemptive halt, cache_misses = 49286
preemptive halt, cache_misses = 49286
preemptive halt, cache_misses = 49286
preemptive halt, cache_misses = 49286
preemptive halt, cache_misses = 49286
preemptive halt, cache_misses = 49286
preemptive halt, cache_misses = 49286
preemptive halt, cache_misses = 49286
preemptive halt, cache_misses = 49286
preemptive halt, cache_misses = 49286
preemptive halt, cache_misses = 49286
preemptive halt, cache_misses = 49286
preemptive halt, cache_misses = 49286
preemptive halt, cache_misses = 49286
preemptive halt, cache_misses = 49286
preemptive halt, cache_misses = 49286
preemptive halt, cache_misses = 49286
preemptive halt, cache_misses = 49286
preemptive halt, cache_misses = 49286
preemptive halt, cache_misses = 49286
preemptive halt, cache_misses = 49286
preemptive halt, cache_misses = 49286
preemptive halt, cache_misses = 49286
preemptive halt, cache_misses = 49286
preemptive halt, cache_misses = 49286
preemptive halt, cache_misses = 49286
preemptive halt, cache_misses = 49286
preemptive halt, cache_misses = 49286
preemptive halt, cache_misses = 49286
preemptive halt, cache_misses = 49286
preemptive halt, cache_misses = 49286
preemptive halt, cache_misses = 49286
preemptive halt, cache_misses = 49286
preemptive halt, cache_misses = 49286
preemptive halt, cache_misses = 49286
preemptive halt, cache_misses = 49286
preemptive halt, cache_misses = 49286
preemptive halt, cache_misses = 49286
preemptive halt, cache_misses = 49286
preemptive halt, cache_misses = 49286
preemptive halt, cache_misses = 49286
preemptive halt, cache_misses = 49286
preemptive halt, cache_misses = 49286
preemptive halt, cache_misses = 49286
preemptive halt, cache_misses = 49286
preemptive halt, cache_misses = 49286
preemptive halt, cache_misses = 49286
preemptive halt, cache_misses = 49286
preemptive halt, cache_misses = 49286
preemptive halt, cache_misses = 49286
preemptive halt, cache_misses = 49286
preemptive halt, cache_misses = 49286
preemptive halt, cache_misses = 49286
preemptive halt, cache_misses = 49286
preemptive halt, cache_misses = 49286
preemptive halt, cache_misses = 49286
preemptive halt, cache_misses = 49286
preemptive halt, cache_misses = 49286
preemptive halt, cache_misses = 49286
preemptive halt, cache_misses = 49286
preemptive halt, cache_misses = 49286
preemptive halt, cache_misses = 49286
preemptive halt, cache_misses = 49286
preemptive halt, cache_misses = 49286
preemptive halt, cache_misses = 49286
preemptive halt, cache_misses = 49286
preemptive halt, cache_misses = 49286
preemptive halt, cache_misses = 49286
preemptive halt, cache_misses = 49286
preemptive halt, cache_misses = 49286
preemptive halt, cache_misses = 49286
preemptive halt, cache_misses = 49286
preemptive halt, cache_misses = 49286
preemptive halt, cache_misses = 49286
preemptive halt, cache_misses = 49286
preemptive halt, cache_misses = 49286
preemptive halt, cache_misses = 49286
preemptive halt, cache_misses = 49286
preemptive halt, cache_misses = 49286
preemptive halt, cache_misses = 49286
preemptive halt, cache_misses = 49286
preemptive halt, cache_misses = 49286
preemptive halt, cache_misses = 49286
preemptive halt, cache_misses = 49286
preemptive halt, cache_misses = 49286
preemptive halt, cache_misses = 49286
preemptive halt, cache_misses = 49286
preemptive halt, cache_misses = 49286
preemptive halt, cache_misses = 49286
preemptive halt, cache_misses = 49286
preemptive halt, cache_misses = 49286
preemptive halt, cache_misses = 49286
preemptive halt, cache_misses = 49286
preemptive halt, cache_misses = 49286
preemptive halt, cache_misses = 49286
preemptive halt, cache_misses = 49286
preemptive halt, cache_misses = 49286
preemptive halt, cache_misses = 49286
preemptive halt, cache_misses = 49286
preemptive halt, cache_misses = 49286
preemptive halt, cache_misses = 49286
preemptive halt, cache_misses = 49286
preemptive halt, cache_misses = 49286
preemptive halt, cache_misses = 49286
preemptive halt, cache_misses = 49286
preemptive halt, cache_misses = 49286
preemptive halt, cache_misses = 49286
preemptive halt, cache_misses = 49286
preemptive halt, cache_misses = 49286
preemptive halt, cache_misses = 49286
preemptive halt, cache_misses = 49286
preemptive halt, cache_misses = 49286
preemptive halt, cache_misses = 49286
preemptive halt, cache_misses = 49286
preemptive halt, cache_misses = 49286
preemptive halt, cache_misses = 49286
preemptive halt, cache_misses = 49286
preemptive halt, cache_misses = 49286
preemptive halt, cache_misses = 49286
preemptive halt, cache_misses = 49286
preemptive halt, cache_misses = 49286
preemptive halt, cache_misses = 49286
preemptive halt, cache_misses = 49286
preemptive halt, cache_misses = 49286
preemptive halt, cache_misses = 49286
preemptive halt, cache_misses = 49286
preemptive halt, cache_misses = 49286
preemptive halt, cache_misses = 49286
preemptive halt, cache_misses = 49286
preemptive halt, cache_misses = 49286
preemptive halt, cache_misses = 49286
preemptive halt, cache_misses = 49286
preemptive halt, cache_misses = 49286
preemptive halt, cache_misses = 49286
preemptive halt, cache_misses = 49286
preemptive halt, cache_misses = 49286
preemptive halt, cache_misses = 49286
preemptive halt, cache_misses = 49286
preemptive halt, cache_misses = 49286
preemptive halt, cache_misses = 49286
preemptive halt, cache_misses = 49286
preemptive halt, cache_misses = 49286
preemptive halt, cache_misses = 49286
preemptive halt, cache_misses = 49286
preemptive halt, cache_misses = 49286
preemptive halt, cache_misses = 49286
preemptive halt, cache_misses = 49286
preemptive halt, cache_misses = 49286
preemptive halt, cache_misses = 49286
preemptive halt, cache_misses = 49286
preemptive halt, cache_misses = 49286
preemptive halt, cache_misses = 49286
preemptive halt, cache_misses = 49286
preemptive halt, cache_misses = 49286
preemptive halt, cache_misses = 49286
preemptive halt, cache_misses = 49286
preemptive halt, cache_misses = 49286
preemptive halt, cache_misses = 49286
preemptive halt, cache_misses = 49286
preemptive halt, cache_misses = 49286
preemptive halt, cache_misses = 49286
preemptive halt, cache_misses = 49286
preemptive halt, cache_misses = 49286
preemptive halt, cache_misses = 49286
preemptive halt, cache_misses = 49286
preemptive halt, cache_misses = 49286
preemptive halt, cache_misses = 49286
preemptive halt, cache_misses = 49286
preemptive halt, cache_misses = 49286
preemptive halt, cache_misses = 49286
preemptive halt, cache_misses = 49286
preemptive halt, cache_misses = 49286
preemptive halt, cache_misses = 49286
preemptive halt, cache_misses = 49286
preemptive halt, cache_misses = 49286
preemptive halt, cache_misses = 49286
preemptive halt, cache_misses = 49286
preemptive halt, cache_misses = 49286
preemptive halt, cache_misses = 49286
preemptive halt, cache_misses = 49286
preemptive halt, cache_misses = 49286
preemptive halt, cache_misses = 49286
preemptive halt, cache_misses = 49286
preemptive halt, cache_misses = 49286
preemptive halt, cache_misses = 49286
binary search, size 24375  misses 49286  min 23750  max 25000
binary search, size 24687  misses 49283  min 24375  max 25000
preemptive halt, cache_misses = 49284
preemptive halt, cache_misses = 49284
preemptive halt, cache_misses = 49284
preemptive halt, cache_misses = 49284
binary search, size 24531  misses 49284  min 24375  max 24687
preemptive halt, cache_misses = 49285
preemptive halt, cache_misses = 49285
preemptive halt, cache_misses = 49285
preemptive halt, cache_misses = 49285
preemptive halt, cache_misses = 49285
preemptive halt, cache_misses = 49285
binary search, size 24609  misses 49285  min 24531  max 24687
binary search, size 24648  misses 49283  min 24609  max 24687
preemptive halt, cache_misses = 49284
preemptive halt, cache_misses = 49284
preemptive halt, cache_misses = 49284
preemptive halt, cache_misses = 49284
binary search, size 24628  misses 49284  min 24609  max 24648
preemptive halt, cache_misses = 49285
preemptive halt, cache_misses = 49285
preemptive halt, cache_misses = 49285
preemptive halt, cache_misses = 49285
preemptive halt, cache_misses = 49285
preemptive halt, cache_misses = 49285
binary search, size 24638  misses 49285  min 24628  max 24648
binary search, size 24643  misses 49283  min 24638  max 24648
preemptive halt, cache_misses = 49284
preemptive halt, cache_misses = 49284
preemptive halt, cache_misses = 49284
preemptive halt, cache_misses = 49284
binary search, size 24640  misses 49284  min 24638  max 24643
binary search, size 24641  misses 49283  min 24640  max 24643
characteristic cache size (binary search) for 221 = 24641
End at: 2021-04-02 15:30:27.861331
Time elapsed: 0:00:00.900622
