Begin at: 2021-04-02 15:29:56.408460
['../dist/Debug/GNU-Linux/memo_batch_tester', '', '--mbt_execution_trace_fname', 'olcs4_traceback_csize_input_types/OLCS4_lru_2021_04_02__15_29_05_k_3__d_2_cache_size_160000_problems_10_to_400/OLCS4_lru_2021_04_02__15_29_05_k_3__d_2_cache_size_160000_problems_10_to_400/OLCS4__do_traceback_prob_size_183_cache_size_160000_lru_k_3_d_2_execution_trace_2021_4_2_15_29_56_pid_17364.log', '--mbt_cache_misses_fname', 'olcs4_traceback_csize_input_types/OLCS4_lru_2021_04_02__15_29_05_k_3__d_2_cache_size_160000_problems_10_to_400/lcs_cost_OLCS4_lru_misses_for_cache_size.csv', '--mbt_misses_for_problem_size_fname', 'olcs4_traceback_csize_input_types/OLCS4_lru_2021_04_02__15_29_05_k_3__d_2_cache_size_160000_problems_10_to_400/lcs_cost_OLCS4_lru_misses_for_problem_size.csv', '--mbt_exact_cutoff_min_cache_size', '160000', '--mbt_exact_cutoff_max_cache_size', '160000', '--mbt_problem_type', 'lcs', '--mbt_metric_type', 'csize_binary_search', '--mbt_cutoff_ratio', '2.2', '--mbt_instance_fname', '183', '--mbt_detailed_cache_misses_out_fname', 'csize_olcs4_traceback_0011n_ceil_n_b_2.csv', '--mbt_phi_N', '5.0', '--mbt_problem_size', '183', '--lcs_compute_length', '0', '--lcs_perform_traceback', '1', '--lig_instance_type', '0011n_ceil_n_b', '--lig_n', '183', '--lig_c', '0.9', '--lig_b', '2.0', '--lcs_oblivious', '4', '--lcs_execution_trace_fname', 'olcs4_traceback_csize_input_types/OLCS4_lru_2021_04_02__15_29_05_k_3__d_2_cache_size_160000_problems_10_to_400/OLCS4_lru_2021_04_02__15_29_05_k_3__d_2_cache_size_160000_problems_10_to_400/OLCS4__do_traceback_prob_size_183_cache_size_160000_lru_k_3_d_2_execution_trace_2021_4_2_15_29_56_pid_17364.log', '--memo_caching_strategy', 'lru', '--memo_cache_size', '160001', '--memo_lru_queue_size', '160000', '--memo_cuckoo_k', '4', '--memo_key_length', '8', '--memo_value_length', '8', '--memo_k_timestamps', '3', '--memo_d_recent_timestamps', '2', '--memo_a_items_per_timestamp_factor', '0.4375']

csize_binary_search chosen
lcs problem_type lcs cache_size 160001
initialize_long_int_cache begin
init_memo
arguments to memo:
 --mbt_execution_trace_fname olcs4_traceback_csize_input_types/OLCS4_lru_2021_04_02__15_29_05_k_3__d_2_cache_size_160000_problems_10_to_400/OLCS4_lru_2021_04_02__15_29_05_k_3__d_2_cache_size_160000_problems_10_to_400/OLCS4__do_traceback_prob_size_183_cache_size_160000_lru_k_3_d_2_execution_trace_2021_4_2_15_29_56_pid_17364.log --mbt_cache_misses_fname olcs4_traceback_csize_input_types/OLCS4_lru_2021_04_02__15_29_05_k_3__d_2_cache_size_160000_problems_10_to_400/lcs_cost_OLCS4_lru_misses_for_cache_size.csv --mbt_misses_for_problem_size_fname olcs4_traceback_csize_input_types/OLCS4_lru_2021_04_02__15_29_05_k_3__d_2_cache_size_160000_problems_10_to_400/lcs_cost_OLCS4_lru_misses_for_problem_size.csv --mbt_exact_cutoff_min_cache_size 160000 --mbt_exact_cutoff_max_cache_size 160000 --mbt_problem_type lcs --mbt_metric_type csize_binary_search --mbt_cutoff_ratio 2.2 --mbt_instance_fname 183 --mbt_detailed_cache_misses_out_fname csize_olcs4_traceback_0011n_ceil_n_b_2.csv --mbt_phi_N 5.0 --mbt_problem_size 183 --lcs_compute_length 0 --lcs_perform_traceback 1 --lig_instance_type 0011n_ceil_n_b --lig_n 183 --lig_c 0.9 --lig_b 2.0 --lcs_oblivious 4 --lcs_execution_trace_fname olcs4_traceback_csize_input_types/OLCS4_lru_2021_04_02__15_29_05_k_3__d_2_cache_size_160000_problems_10_to_400/OLCS4_lru_2021_04_02__15_29_05_k_3__d_2_cache_size_160000_problems_10_to_400/OLCS4__do_traceback_prob_size_183_cache_size_160000_lru_k_3_d_2_execution_trace_2021_4_2_15_29_56_pid_17364.log --memo_caching_strategy lru --memo_cache_size 160001 --memo_lru_queue_size 160000 --memo_cuckoo_k 4 --memo_key_length 8 --memo_value_length 8 --memo_k_timestamps 3 --memo_d_recent_timestamps 2 --memo_a_items_per_timestamp_factor 0.4375 
calculate_table_size: table_size is 262144, original is 160001
Finished initializing cache
initialize_long_int_cache end
done initializing cache
initializing problem
done initializing problem
commence trials
Starting characteristic_cache_size_binary_search with max cache size 160001
binary search, size 160001  misses 33855
binary search, size 80000  misses 33855  min 0  max 160001
binary search, size 40000  misses 33855  min 0  max 80000
binary search, size 20000  misses 33855  min 0  max 40000
preemptive halt, cache_misses = 33856
preemptive halt, cache_misses = 33856
preemptive halt, cache_misses = 33856
preemptive halt, cache_misses = 33856
preemptive halt, cache_misses = 33856
preemptive halt, cache_misses = 33856
preemptive halt, cache_misses = 33856
preemptive halt, cache_misses = 33856
preemptive halt, cache_misses = 33856
preemptive halt, cache_misses = 33856
preemptive halt, cache_misses = 33856
preemptive halt, cache_misses = 33856
preemptive halt, cache_misses = 33856
preemptive halt, cache_misses = 33856
preemptive halt, cache_misses = 33856
preemptive halt, cache_misses = 33856
preemptive halt, cache_misses = 33856
preemptive halt, cache_misses = 33856
preemptive halt, cache_misses = 33856
preemptive halt, cache_misses = 33856
preemptive halt, cache_misses = 33856
preemptive halt, cache_misses = 33856
preemptive halt, cache_misses = 33856
preemptive halt, cache_misses = 33856
preemptive halt, cache_misses = 33856
preemptive halt, cache_misses = 33856
preemptive halt, cache_misses = 33856
preemptive halt, cache_misses = 33856
preemptive halt, cache_misses = 33856
preemptive halt, cache_misses = 33856
preemptive halt, cache_misses = 33856
preemptive halt, cache_misses = 33856
preemptive halt, cache_misses = 33856
preemptive halt, cache_misses = 33856
preemptive halt, cache_misses = 33856
preemptive halt, cache_misses = 33856
preemptive halt, cache_misses = 33856
preemptive halt, cache_misses = 33856
preemptive halt, cache_misses = 33856
preemptive halt, cache_misses = 33856
preemptive halt, cache_misses = 33856
preemptive halt, cache_misses = 33856
preemptive halt, cache_misses = 33856
preemptive halt, cache_misses = 33856
preemptive halt, cache_misses = 33856
preemptive halt, cache_misses = 33856
preemptive halt, cache_misses = 33856
preemptive halt, cache_misses = 33856
preemptive halt, cache_misses = 33856
preemptive halt, cache_misses = 33856
preemptive halt, cache_misses = 33856
preemptive halt, cache_misses = 33856
preemptive halt, cache_misses = 33856
preemptive halt, cache_misses = 33856
preemptive halt, cache_misses = 33856
preemptive halt, cache_misses = 33856
preemptive halt, cache_misses = 33856
preemptive halt, cache_misses = 33856
preemptive halt, cache_misses = 33856
preemptive halt, cache_misses = 33856
preemptive halt, cache_misses = 33856
preemptive halt, cache_misses = 33856
preemptive halt, cache_misses = 33856
preemptive halt, cache_misses = 33856
preemptive halt, cache_misses = 33856
preemptive halt, cache_misses = 33856
preemptive halt, cache_misses = 33856
preemptive halt, cache_misses = 33856
preemptive halt, cache_misses = 33856
preemptive halt, cache_misses = 33856
preemptive halt, cache_misses = 33856
preemptive halt, cache_misses = 33856
preemptive halt, cache_misses = 33856
preemptive halt, cache_misses = 33856
preemptive halt, cache_misses = 33856
preemptive halt, cache_misses = 33856
preemptive halt, cache_misses = 33856
preemptive halt, cache_misses = 33856
preemptive halt, cache_misses = 33856
preemptive halt, cache_misses = 33856
preemptive halt, cache_misses = 33856
preemptive halt, cache_misses = 33856
preemptive halt, cache_misses = 33856
preemptive halt, cache_misses = 33856
preemptive halt, cache_misses = 33856
preemptive halt, cache_misses = 33856
preemptive halt, cache_misses = 33856
preemptive halt, cache_misses = 33856
preemptive halt, cache_misses = 33856
preemptive halt, cache_misses = 33856
preemptive halt, cache_misses = 33856
preemptive halt, cache_misses = 33856
preemptive halt, cache_misses = 33856
preemptive halt, cache_misses = 33856
preemptive halt, cache_misses = 33856
preemptive halt, cache_misses = 33856
preemptive halt, cache_misses = 33856
preemptive halt, cache_misses = 33856
preemptive halt, cache_misses = 33856
preemptive halt, cache_misses = 33856
preemptive halt, cache_misses = 33856
preemptive halt, cache_misses = 33856
preemptive halt, cache_misses = 33856
preemptive halt, cache_misses = 33856
preemptive halt, cache_misses = 33856
preemptive halt, cache_misses = 33856
preemptive halt, cache_misses = 33856
preemptive halt, cache_misses = 33856
preemptive halt, cache_misses = 33856
preemptive halt, cache_misses = 33856
preemptive halt, cache_misses = 33856
preemptive halt, cache_misses = 33856
preemptive halt, cache_misses = 33856
preemptive halt, cache_misses = 33856
preemptive halt, cache_misses = 33856
preemptive halt, cache_misses = 33856
preemptive halt, cache_misses = 33856
preemptive halt, cache_misses = 33856
preemptive halt, cache_misses = 33856
preemptive halt, cache_misses = 33856
preemptive halt, cache_misses = 33856
preemptive halt, cache_misses = 33856
preemptive halt, cache_misses = 33856
preemptive halt, cache_misses = 33856
preemptive halt, cache_misses = 33856
preemptive halt, cache_misses = 33856
preemptive halt, cache_misses = 33856
preemptive halt, cache_misses = 33856
preemptive halt, cache_misses = 33856
preemptive halt, cache_misses = 33856
preemptive halt, cache_misses = 33856
preemptive halt, cache_misses = 33856
preemptive halt, cache_misses = 33856
preemptive halt, cache_misses = 33856
preemptive halt, cache_misses = 33856
preemptive halt, cache_misses = 33856
preemptive halt, cache_misses = 33856
preemptive halt, cache_misses = 33856
preemptive halt, cache_misses = 33856
preemptive halt, cache_misses = 33856
preemptive halt, cache_misses = 33856
preemptive halt, cache_misses = 33856
preemptive halt, cache_misses = 33856
preemptive halt, cache_misses = 33856
preemptive halt, cache_misses = 33856
preemptive halt, cache_misses = 33856
preemptive halt, cache_misses = 33856
preemptive halt, cache_misses = 33856
preemptive halt, cache_misses = 33856
preemptive halt, cache_misses = 33856
preemptive halt, cache_misses = 33856
preemptive halt, cache_misses = 33856
preemptive halt, cache_misses = 33856
preemptive halt, cache_misses = 33856
preemptive halt, cache_misses = 33856
preemptive halt, cache_misses = 33856
preemptive halt, cache_misses = 33856
preemptive halt, cache_misses = 33856
preemptive halt, cache_misses = 33856
preemptive halt, cache_misses = 33856
preemptive halt, cache_misses = 33856
preemptive halt, cache_misses = 33856
preemptive halt, cache_misses = 33856
preemptive halt, cache_misses = 33856
preemptive halt, cache_misses = 33856
preemptive halt, cache_misses = 33856
preemptive halt, cache_misses = 33856
preemptive halt, cache_misses = 33856
preemptive halt, cache_misses = 33856
preemptive halt, cache_misses = 33856
preemptive halt, cache_misses = 33856
preemptive halt, cache_misses = 33856
preemptive halt, cache_misses = 33856
preemptive halt, cache_misses = 33856
preemptive halt, cache_misses = 33856
preemptive halt, cache_misses = 33856
preemptive halt, cache_misses = 33856
preemptive halt, cache_misses = 33856
preemptive halt, cache_misses = 33856
preemptive halt, cache_misses = 33856
preemptive halt, cache_misses = 33856
preemptive halt, cache_misses = 33856
preemptive halt, cache_misses = 33856
preemptive halt, cache_misses = 33856
preemptive halt, cache_misses = 33856
preemptive halt, cache_misses = 33856
preemptive halt, cache_misses = 33856
preemptive halt, cache_misses = 33856
preemptive halt, cache_misses = 33856
preemptive halt, cache_misses = 33856
preemptive halt, cache_misses = 33856
preemptive halt, cache_misses = 33856
preemptive halt, cache_misses = 33856
preemptive halt, cache_misses = 33856
preemptive halt, cache_misses = 33856
preemptive halt, cache_misses = 33856
preemptive halt, cache_misses = 33856
preemptive halt, cache_misses = 33856
preemptive halt, cache_misses = 33856
preemptive halt, cache_misses = 33856
preemptive halt, cache_misses = 33856
preemptive halt, cache_misses = 33856
preemptive halt, cache_misses = 33856
preemptive halt, cache_misses = 33856
preemptive halt, cache_misses = 33856
preemptive halt, cache_misses = 33856
preemptive halt, cache_misses = 33856
preemptive halt, cache_misses = 33856
preemptive halt, cache_misses = 33856
preemptive halt, cache_misses = 33856
preemptive halt, cache_misses = 33856
preemptive halt, cache_misses = 33856
preemptive halt, cache_misses = 33856
preemptive halt, cache_misses = 33856
preemptive halt, cache_misses = 33856
preemptive halt, cache_misses = 33856
preemptive halt, cache_misses = 33856
preemptive halt, cache_misses = 33856
preemptive halt, cache_misses = 33856
preemptive halt, cache_misses = 33856
preemptive halt, cache_misses = 33856
preemptive halt, cache_misses = 33856
preemptive halt, cache_misses = 33856
preemptive halt, cache_misses = 33856
preemptive halt, cache_misses = 33856
preemptive halt, cache_misses = 33856
preemptive halt, cache_misses = 33856
preemptive halt, cache_misses = 33856
preemptive halt, cache_misses = 33856
preemptive halt, cache_misses = 33856
preemptive halt, cache_misses = 33856
preemptive halt, cache_misses = 33856
preemptive halt, cache_misses = 33856
preemptive halt, cache_misses = 33856
preemptive halt, cache_misses = 33856
preemptive halt, cache_misses = 33856
preemptive halt, cache_misses = 33856
preemptive halt, cache_misses = 33856
preemptive halt, cache_misses = 33856
preemptive halt, cache_misses = 33856
preemptive halt, cache_misses = 33856
preemptive halt, cache_misses = 33856
preemptive halt, cache_misses = 33856
preemptive halt, cache_misses = 33856
preemptive halt, cache_misses = 33856
preemptive halt, cache_misses = 33856
preemptive halt, cache_misses = 33856
preemptive halt, cache_misses = 33856
preemptive halt, cache_misses = 33856
preemptive halt, cache_misses = 33856
preemptive halt, cache_misses = 33856
preemptive halt, cache_misses = 33856
preemptive halt, cache_misses = 33856
preemptive halt, cache_misses = 33856
preemptive halt, cache_misses = 33856
preemptive halt, cache_misses = 33856
preemptive halt, cache_misses = 33856
preemptive halt, cache_misses = 33856
preemptive halt, cache_misses = 33856
preemptive halt, cache_misses = 33856
preemptive halt, cache_misses = 33856
preemptive halt, cache_misses = 33856
preemptive halt, cache_misses = 33856
preemptive halt, cache_misses = 33856
preemptive halt, cache_misses = 33856
preemptive halt, cache_misses = 33856
preemptive halt, cache_misses = 33856
preemptive halt, cache_misses = 33856
preemptive halt, cache_misses = 33856
preemptive halt, cache_misses = 33856
preemptive halt, cache_misses = 33856
preemptive halt, cache_misses = 33856
preemptive halt, cache_misses = 33856
preemptive halt, cache_misses = 33856
preemptive halt, cache_misses = 33856
preemptive halt, cache_misses = 33856
preemptive halt, cache_misses = 33856
preemptive halt, cache_misses = 33856
preemptive halt, cache_misses = 33856
preemptive halt, cache_misses = 33856
preemptive halt, cache_misses = 33856
preemptive halt, cache_misses = 33856
preemptive halt, cache_misses = 33856
preemptive halt, cache_misses = 33856
preemptive halt, cache_misses = 33856
preemptive halt, cache_misses = 33856
preemptive halt, cache_misses = 33856
preemptive halt, cache_misses = 33856
preemptive halt, cache_misses = 33856
preemptive halt, cache_misses = 33856
preemptive halt, cache_misses = 33856
preemptive halt, cache_misses = 33856
binary search, size 10000  misses 33856  min 0  max 20000
preemptive halt, cache_misses = 33857
preemptive halt, cache_misses = 33857
preemptive halt, cache_misses = 33857
preemptive halt, cache_misses = 33857
preemptive halt, cache_misses = 33857
preemptive halt, cache_misses = 33857
preemptive halt, cache_misses = 33857
preemptive halt, cache_misses = 33857
preemptive halt, cache_misses = 33857
preemptive halt, cache_misses = 33857
preemptive halt, cache_misses = 33857
preemptive halt, cache_misses = 33857
preemptive halt, cache_misses = 33857
preemptive halt, cache_misses = 33857
preemptive halt, cache_misses = 33857
preemptive halt, cache_misses = 33857
preemptive halt, cache_misses = 33857
preemptive halt, cache_misses = 33857
preemptive halt, cache_misses = 33857
preemptive halt, cache_misses = 33857
preemptive halt, cache_misses = 33857
preemptive halt, cache_misses = 33857
preemptive halt, cache_misses = 33857
preemptive halt, cache_misses = 33857
preemptive halt, cache_misses = 33857
preemptive halt, cache_misses = 33857
preemptive halt, cache_misses = 33857
preemptive halt, cache_misses = 33857
preemptive halt, cache_misses = 33857
preemptive halt, cache_misses = 33857
preemptive halt, cache_misses = 33857
preemptive halt, cache_misses = 33857
preemptive halt, cache_misses = 33857
preemptive halt, cache_misses = 33857
preemptive halt, cache_misses = 33857
preemptive halt, cache_misses = 33857
preemptive halt, cache_misses = 33857
preemptive halt, cache_misses = 33857
preemptive halt, cache_misses = 33857
preemptive halt, cache_misses = 33857
preemptive halt, cache_misses = 33857
preemptive halt, cache_misses = 33857
preemptive halt, cache_misses = 33857
preemptive halt, cache_misses = 33857
preemptive halt, cache_misses = 33857
preemptive halt, cache_misses = 33857
preemptive halt, cache_misses = 33857
preemptive halt, cache_misses = 33857
preemptive halt, cache_misses = 33857
preemptive halt, cache_misses = 33857
preemptive halt, cache_misses = 33857
preemptive halt, cache_misses = 33857
preemptive halt, cache_misses = 33857
preemptive halt, cache_misses = 33857
preemptive halt, cache_misses = 33857
preemptive halt, cache_misses = 33857
preemptive halt, cache_misses = 33857
preemptive halt, cache_misses = 33857
preemptive halt, cache_misses = 33857
preemptive halt, cache_misses = 33857
preemptive halt, cache_misses = 33857
preemptive halt, cache_misses = 33857
preemptive halt, cache_misses = 33857
preemptive halt, cache_misses = 33857
preemptive halt, cache_misses = 33857
preemptive halt, cache_misses = 33857
preemptive halt, cache_misses = 33857
preemptive halt, cache_misses = 33857
preemptive halt, cache_misses = 33857
preemptive halt, cache_misses = 33857
preemptive halt, cache_misses = 33857
preemptive halt, cache_misses = 33857
preemptive halt, cache_misses = 33857
preemptive halt, cache_misses = 33857
preemptive halt, cache_misses = 33857
preemptive halt, cache_misses = 33857
preemptive halt, cache_misses = 33857
preemptive halt, cache_misses = 33857
preemptive halt, cache_misses = 33857
preemptive halt, cache_misses = 33857
preemptive halt, cache_misses = 33857
preemptive halt, cache_misses = 33857
preemptive halt, cache_misses = 33857
preemptive halt, cache_misses = 33857
preemptive halt, cache_misses = 33857
preemptive halt, cache_misses = 33857
preemptive halt, cache_misses = 33857
preemptive halt, cache_misses = 33857
preemptive halt, cache_misses = 33857
preemptive halt, cache_misses = 33857
preemptive halt, cache_misses = 33857
preemptive halt, cache_misses = 33857
preemptive halt, cache_misses = 33857
preemptive halt, cache_misses = 33857
preemptive halt, cache_misses = 33857
preemptive halt, cache_misses = 33857
preemptive halt, cache_misses = 33857
preemptive halt, cache_misses = 33857
preemptive halt, cache_misses = 33857
preemptive halt, cache_misses = 33857
preemptive halt, cache_misses = 33857
preemptive halt, cache_misses = 33857
preemptive halt, cache_misses = 33857
preemptive halt, cache_misses = 33857
preemptive halt, cache_misses = 33857
preemptive halt, cache_misses = 33857
preemptive halt, cache_misses = 33857
preemptive halt, cache_misses = 33857
preemptive halt, cache_misses = 33857
preemptive halt, cache_misses = 33857
preemptive halt, cache_misses = 33857
preemptive halt, cache_misses = 33857
preemptive halt, cache_misses = 33857
preemptive halt, cache_misses = 33857
preemptive halt, cache_misses = 33857
preemptive halt, cache_misses = 33857
preemptive halt, cache_misses = 33857
preemptive halt, cache_misses = 33857
preemptive halt, cache_misses = 33857
preemptive halt, cache_misses = 33857
preemptive halt, cache_misses = 33857
preemptive halt, cache_misses = 33857
preemptive halt, cache_misses = 33857
preemptive halt, cache_misses = 33857
preemptive halt, cache_misses = 33857
preemptive halt, cache_misses = 33857
preemptive halt, cache_misses = 33857
preemptive halt, cache_misses = 33857
preemptive halt, cache_misses = 33857
preemptive halt, cache_misses = 33857
preemptive halt, cache_misses = 33857
preemptive halt, cache_misses = 33857
preemptive halt, cache_misses = 33857
preemptive halt, cache_misses = 33857
preemptive halt, cache_misses = 33857
preemptive halt, cache_misses = 33857
preemptive halt, cache_misses = 33857
preemptive halt, cache_misses = 33857
preemptive halt, cache_misses = 33857
preemptive halt, cache_misses = 33857
preemptive halt, cache_misses = 33857
preemptive halt, cache_misses = 33857
preemptive halt, cache_misses = 33857
preemptive halt, cache_misses = 33857
preemptive halt, cache_misses = 33857
preemptive halt, cache_misses = 33857
preemptive halt, cache_misses = 33857
preemptive halt, cache_misses = 33857
preemptive halt, cache_misses = 33857
preemptive halt, cache_misses = 33857
preemptive halt, cache_misses = 33857
preemptive halt, cache_misses = 33857
preemptive halt, cache_misses = 33857
preemptive halt, cache_misses = 33857
preemptive halt, cache_misses = 33857
preemptive halt, cache_misses = 33857
preemptive halt, cache_misses = 33857
preemptive halt, cache_misses = 33857
preemptive halt, cache_misses = 33857
preemptive halt, cache_misses = 33857
preemptive halt, cache_misses = 33857
preemptive halt, cache_misses = 33857
preemptive halt, cache_misses = 33857
preemptive halt, cache_misses = 33857
preemptive halt, cache_misses = 33857
preemptive halt, cache_misses = 33857
preemptive halt, cache_misses = 33857
preemptive halt, cache_misses = 33857
preemptive halt, cache_misses = 33857
preemptive halt, cache_misses = 33857
preemptive halt, cache_misses = 33857
preemptive halt, cache_misses = 33857
preemptive halt, cache_misses = 33857
preemptive halt, cache_misses = 33857
preemptive halt, cache_misses = 33857
preemptive halt, cache_misses = 33857
preemptive halt, cache_misses = 33857
preemptive halt, cache_misses = 33857
preemptive halt, cache_misses = 33857
preemptive halt, cache_misses = 33857
preemptive halt, cache_misses = 33857
preemptive halt, cache_misses = 33857
preemptive halt, cache_misses = 33857
preemptive halt, cache_misses = 33857
preemptive halt, cache_misses = 33857
preemptive halt, cache_misses = 33857
preemptive halt, cache_misses = 33857
preemptive halt, cache_misses = 33857
preemptive halt, cache_misses = 33857
preemptive halt, cache_misses = 33857
preemptive halt, cache_misses = 33857
preemptive halt, cache_misses = 33857
preemptive halt, cache_misses = 33857
preemptive halt, cache_misses = 33857
preemptive halt, cache_misses = 33857
preemptive halt, cache_misses = 33857
preemptive halt, cache_misses = 33857
preemptive halt, cache_misses = 33857
preemptive halt, cache_misses = 33857
preemptive halt, cache_misses = 33857
preemptive halt, cache_misses = 33857
preemptive halt, cache_misses = 33857
preemptive halt, cache_misses = 33857
preemptive halt, cache_misses = 33857
preemptive halt, cache_misses = 33857
preemptive halt, cache_misses = 33857
preemptive halt, cache_misses = 33857
preemptive halt, cache_misses = 33857
preemptive halt, cache_misses = 33857
preemptive halt, cache_misses = 33857
preemptive halt, cache_misses = 33857
preemptive halt, cache_misses = 33857
preemptive halt, cache_misses = 33857
preemptive halt, cache_misses = 33857
preemptive halt, cache_misses = 33857
preemptive halt, cache_misses = 33857
preemptive halt, cache_misses = 33857
preemptive halt, cache_misses = 33857
preemptive halt, cache_misses = 33857
preemptive halt, cache_misses = 33857
preemptive halt, cache_misses = 33857
preemptive halt, cache_misses = 33857
preemptive halt, cache_misses = 33857
preemptive halt, cache_misses = 33857
preemptive halt, cache_misses = 33857
preemptive halt, cache_misses = 33857
preemptive halt, cache_misses = 33857
preemptive halt, cache_misses = 33857
preemptive halt, cache_misses = 33857
preemptive halt, cache_misses = 33857
preemptive halt, cache_misses = 33857
preemptive halt, cache_misses = 33857
preemptive halt, cache_misses = 33857
preemptive halt, cache_misses = 33857
preemptive halt, cache_misses = 33857
preemptive halt, cache_misses = 33857
preemptive halt, cache_misses = 33857
preemptive halt, cache_misses = 33857
preemptive halt, cache_misses = 33857
preemptive halt, cache_misses = 33857
preemptive halt, cache_misses = 33857
preemptive halt, cache_misses = 33857
preemptive halt, cache_misses = 33857
preemptive halt, cache_misses = 33857
preemptive halt, cache_misses = 33857
preemptive halt, cache_misses = 33857
preemptive halt, cache_misses = 33857
preemptive halt, cache_misses = 33857
preemptive halt, cache_misses = 33857
preemptive halt, cache_misses = 33857
preemptive halt, cache_misses = 33857
preemptive halt, cache_misses = 33857
preemptive halt, cache_misses = 33857
preemptive halt, cache_misses = 33857
preemptive halt, cache_misses = 33857
preemptive halt, cache_misses = 33857
preemptive halt, cache_misses = 33857
preemptive halt, cache_misses = 33857
preemptive halt, cache_misses = 33857
preemptive halt, cache_misses = 33857
preemptive halt, cache_misses = 33857
preemptive halt, cache_misses = 33857
preemptive halt, cache_misses = 33857
preemptive halt, cache_misses = 33857
preemptive halt, cache_misses = 33857
preemptive halt, cache_misses = 33857
preemptive halt, cache_misses = 33857
preemptive halt, cache_misses = 33857
preemptive halt, cache_misses = 33857
preemptive halt, cache_misses = 33857
preemptive halt, cache_misses = 33857
preemptive halt, cache_misses = 33857
preemptive halt, cache_misses = 33857
preemptive halt, cache_misses = 33857
preemptive halt, cache_misses = 33857
preemptive halt, cache_misses = 33857
preemptive halt, cache_misses = 33857
preemptive halt, cache_misses = 33857
preemptive halt, cache_misses = 33857
preemptive halt, cache_misses = 33857
preemptive halt, cache_misses = 33857
preemptive halt, cache_misses = 33857
preemptive halt, cache_misses = 33857
preemptive halt, cache_misses = 33857
preemptive halt, cache_misses = 33857
preemptive halt, cache_misses = 33857
preemptive halt, cache_misses = 33857
preemptive halt, cache_misses = 33857
preemptive halt, cache_misses = 33857
preemptive halt, cache_misses = 33857
preemptive halt, cache_misses = 33857
preemptive halt, cache_misses = 33857
preemptive halt, cache_misses = 33857
preemptive halt, cache_misses = 33857
preemptive halt, cache_misses = 33857
preemptive halt, cache_misses = 33857
preemptive halt, cache_misses = 33857
preemptive halt, cache_misses = 33857
preemptive halt, cache_misses = 33857
preemptive halt, cache_misses = 33857
preemptive halt, cache_misses = 33857
preemptive halt, cache_misses = 33857
preemptive halt, cache_misses = 33857
preemptive halt, cache_misses = 33857
preemptive halt, cache_misses = 33857
preemptive halt, cache_misses = 33857
preemptive halt, cache_misses = 33857
preemptive halt, cache_misses = 33857
preemptive halt, cache_misses = 33857
preemptive halt, cache_misses = 33857
preemptive halt, cache_misses = 33857
preemptive halt, cache_misses = 33857
preemptive halt, cache_misses = 33857
preemptive halt, cache_misses = 33857
preemptive halt, cache_misses = 33857
preemptive halt, cache_misses = 33857
preemptive halt, cache_misses = 33857
preemptive halt, cache_misses = 33857
preemptive halt, cache_misses = 33857
preemptive halt, cache_misses = 33857
preemptive halt, cache_misses = 33857
preemptive halt, cache_misses = 33857
preemptive halt, cache_misses = 33857
preemptive halt, cache_misses = 33857
preemptive halt, cache_misses = 33857
preemptive halt, cache_misses = 33857
preemptive halt, cache_misses = 33857
preemptive halt, cache_misses = 33857
preemptive halt, cache_misses = 33857
preemptive halt, cache_misses = 33857
preemptive halt, cache_misses = 33857
preemptive halt, cache_misses = 33857
preemptive halt, cache_misses = 33857
preemptive halt, cache_misses = 33857
preemptive halt, cache_misses = 33857
preemptive halt, cache_misses = 33857
preemptive halt, cache_misses = 33857
preemptive halt, cache_misses = 33857
preemptive halt, cache_misses = 33857
preemptive halt, cache_misses = 33857
preemptive halt, cache_misses = 33857
preemptive halt, cache_misses = 33857
preemptive halt, cache_misses = 33857
preemptive halt, cache_misses = 33857
preemptive halt, cache_misses = 33857
preemptive halt, cache_misses = 33857
preemptive halt, cache_misses = 33857
preemptive halt, cache_misses = 33857
binary search, size 15000  misses 33857  min 10000  max 20000
binary search, size 17500  misses 33855  min 15000  max 20000
preemptive halt, cache_misses = 33856
preemptive halt, cache_misses = 33856
preemptive halt, cache_misses = 33856
preemptive halt, cache_misses = 33856
preemptive halt, cache_misses = 33856
preemptive halt, cache_misses = 33856
preemptive halt, cache_misses = 33856
preemptive halt, cache_misses = 33856
preemptive halt, cache_misses = 33856
preemptive halt, cache_misses = 33856
preemptive halt, cache_misses = 33856
preemptive halt, cache_misses = 33856
preemptive halt, cache_misses = 33856
preemptive halt, cache_misses = 33856
preemptive halt, cache_misses = 33856
preemptive halt, cache_misses = 33856
preemptive halt, cache_misses = 33856
preemptive halt, cache_misses = 33856
preemptive halt, cache_misses = 33856
preemptive halt, cache_misses = 33856
preemptive halt, cache_misses = 33856
preemptive halt, cache_misses = 33856
preemptive halt, cache_misses = 33856
preemptive halt, cache_misses = 33856
preemptive halt, cache_misses = 33856
preemptive halt, cache_misses = 33856
preemptive halt, cache_misses = 33856
preemptive halt, cache_misses = 33856
preemptive halt, cache_misses = 33856
preemptive halt, cache_misses = 33856
preemptive halt, cache_misses = 33856
preemptive halt, cache_misses = 33856
preemptive halt, cache_misses = 33856
preemptive halt, cache_misses = 33856
preemptive halt, cache_misses = 33856
preemptive halt, cache_misses = 33856
preemptive halt, cache_misses = 33856
preemptive halt, cache_misses = 33856
preemptive halt, cache_misses = 33856
preemptive halt, cache_misses = 33856
preemptive halt, cache_misses = 33856
preemptive halt, cache_misses = 33856
preemptive halt, cache_misses = 33856
preemptive halt, cache_misses = 33856
preemptive halt, cache_misses = 33856
preemptive halt, cache_misses = 33856
preemptive halt, cache_misses = 33856
preemptive halt, cache_misses = 33856
preemptive halt, cache_misses = 33856
preemptive halt, cache_misses = 33856
preemptive halt, cache_misses = 33856
preemptive halt, cache_misses = 33856
preemptive halt, cache_misses = 33856
preemptive halt, cache_misses = 33856
preemptive halt, cache_misses = 33856
preemptive halt, cache_misses = 33856
preemptive halt, cache_misses = 33856
preemptive halt, cache_misses = 33856
preemptive halt, cache_misses = 33856
preemptive halt, cache_misses = 33856
preemptive halt, cache_misses = 33856
preemptive halt, cache_misses = 33856
preemptive halt, cache_misses = 33856
preemptive halt, cache_misses = 33856
preemptive halt, cache_misses = 33856
preemptive halt, cache_misses = 33856
preemptive halt, cache_misses = 33856
preemptive halt, cache_misses = 33856
preemptive halt, cache_misses = 33856
preemptive halt, cache_misses = 33856
preemptive halt, cache_misses = 33856
preemptive halt, cache_misses = 33856
preemptive halt, cache_misses = 33856
preemptive halt, cache_misses = 33856
preemptive halt, cache_misses = 33856
preemptive halt, cache_misses = 33856
preemptive halt, cache_misses = 33856
preemptive halt, cache_misses = 33856
preemptive halt, cache_misses = 33856
preemptive halt, cache_misses = 33856
preemptive halt, cache_misses = 33856
preemptive halt, cache_misses = 33856
preemptive halt, cache_misses = 33856
preemptive halt, cache_misses = 33856
preemptive halt, cache_misses = 33856
preemptive halt, cache_misses = 33856
preemptive halt, cache_misses = 33856
preemptive halt, cache_misses = 33856
preemptive halt, cache_misses = 33856
preemptive halt, cache_misses = 33856
preemptive halt, cache_misses = 33856
preemptive halt, cache_misses = 33856
preemptive halt, cache_misses = 33856
preemptive halt, cache_misses = 33856
preemptive halt, cache_misses = 33856
preemptive halt, cache_misses = 33856
preemptive halt, cache_misses = 33856
preemptive halt, cache_misses = 33856
preemptive halt, cache_misses = 33856
preemptive halt, cache_misses = 33856
preemptive halt, cache_misses = 33856
preemptive halt, cache_misses = 33856
preemptive halt, cache_misses = 33856
preemptive halt, cache_misses = 33856
preemptive halt, cache_misses = 33856
preemptive halt, cache_misses = 33856
preemptive halt, cache_misses = 33856
preemptive halt, cache_misses = 33856
preemptive halt, cache_misses = 33856
preemptive halt, cache_misses = 33856
preemptive halt, cache_misses = 33856
preemptive halt, cache_misses = 33856
preemptive halt, cache_misses = 33856
preemptive halt, cache_misses = 33856
preemptive halt, cache_misses = 33856
preemptive halt, cache_misses = 33856
preemptive halt, cache_misses = 33856
preemptive halt, cache_misses = 33856
preemptive halt, cache_misses = 33856
preemptive halt, cache_misses = 33856
preemptive halt, cache_misses = 33856
preemptive halt, cache_misses = 33856
preemptive halt, cache_misses = 33856
preemptive halt, cache_misses = 33856
preemptive halt, cache_misses = 33856
preemptive halt, cache_misses = 33856
preemptive halt, cache_misses = 33856
preemptive halt, cache_misses = 33856
preemptive halt, cache_misses = 33856
preemptive halt, cache_misses = 33856
preemptive halt, cache_misses = 33856
preemptive halt, cache_misses = 33856
preemptive halt, cache_misses = 33856
preemptive halt, cache_misses = 33856
preemptive halt, cache_misses = 33856
preemptive halt, cache_misses = 33856
preemptive halt, cache_misses = 33856
preemptive halt, cache_misses = 33856
preemptive halt, cache_misses = 33856
preemptive halt, cache_misses = 33856
preemptive halt, cache_misses = 33856
preemptive halt, cache_misses = 33856
preemptive halt, cache_misses = 33856
preemptive halt, cache_misses = 33856
preemptive halt, cache_misses = 33856
preemptive halt, cache_misses = 33856
preemptive halt, cache_misses = 33856
preemptive halt, cache_misses = 33856
preemptive halt, cache_misses = 33856
preemptive halt, cache_misses = 33856
preemptive halt, cache_misses = 33856
preemptive halt, cache_misses = 33856
preemptive halt, cache_misses = 33856
preemptive halt, cache_misses = 33856
preemptive halt, cache_misses = 33856
preemptive halt, cache_misses = 33856
preemptive halt, cache_misses = 33856
preemptive halt, cache_misses = 33856
preemptive halt, cache_misses = 33856
preemptive halt, cache_misses = 33856
preemptive halt, cache_misses = 33856
preemptive halt, cache_misses = 33856
preemptive halt, cache_misses = 33856
preemptive halt, cache_misses = 33856
preemptive halt, cache_misses = 33856
preemptive halt, cache_misses = 33856
preemptive halt, cache_misses = 33856
preemptive halt, cache_misses = 33856
preemptive halt, cache_misses = 33856
preemptive halt, cache_misses = 33856
preemptive halt, cache_misses = 33856
preemptive halt, cache_misses = 33856
preemptive halt, cache_misses = 33856
preemptive halt, cache_misses = 33856
preemptive halt, cache_misses = 33856
preemptive halt, cache_misses = 33856
preemptive halt, cache_misses = 33856
preemptive halt, cache_misses = 33856
preemptive halt, cache_misses = 33856
preemptive halt, cache_misses = 33856
preemptive halt, cache_misses = 33856
preemptive halt, cache_misses = 33856
preemptive halt, cache_misses = 33856
preemptive halt, cache_misses = 33856
preemptive halt, cache_misses = 33856
preemptive halt, cache_misses = 33856
preemptive halt, cache_misses = 33856
preemptive halt, cache_misses = 33856
preemptive halt, cache_misses = 33856
preemptive halt, cache_misses = 33856
preemptive halt, cache_misses = 33856
preemptive halt, cache_misses = 33856
preemptive halt, cache_misses = 33856
preemptive halt, cache_misses = 33856
preemptive halt, cache_misses = 33856
preemptive halt, cache_misses = 33856
preemptive halt, cache_misses = 33856
preemptive halt, cache_misses = 33856
preemptive halt, cache_misses = 33856
preemptive halt, cache_misses = 33856
preemptive halt, cache_misses = 33856
preemptive halt, cache_misses = 33856
preemptive halt, cache_misses = 33856
preemptive halt, cache_misses = 33856
preemptive halt, cache_misses = 33856
preemptive halt, cache_misses = 33856
preemptive halt, cache_misses = 33856
preemptive halt, cache_misses = 33856
preemptive halt, cache_misses = 33856
preemptive halt, cache_misses = 33856
preemptive halt, cache_misses = 33856
preemptive halt, cache_misses = 33856
preemptive halt, cache_misses = 33856
preemptive halt, cache_misses = 33856
preemptive halt, cache_misses = 33856
preemptive halt, cache_misses = 33856
preemptive halt, cache_misses = 33856
preemptive halt, cache_misses = 33856
preemptive halt, cache_misses = 33856
preemptive halt, cache_misses = 33856
preemptive halt, cache_misses = 33856
preemptive halt, cache_misses = 33856
preemptive halt, cache_misses = 33856
preemptive halt, cache_misses = 33856
preemptive halt, cache_misses = 33856
preemptive halt, cache_misses = 33856
preemptive halt, cache_misses = 33856
preemptive halt, cache_misses = 33856
preemptive halt, cache_misses = 33856
preemptive halt, cache_misses = 33856
preemptive halt, cache_misses = 33856
preemptive halt, cache_misses = 33856
preemptive halt, cache_misses = 33856
preemptive halt, cache_misses = 33856
preemptive halt, cache_misses = 33856
preemptive halt, cache_misses = 33856
preemptive halt, cache_misses = 33856
preemptive halt, cache_misses = 33856
preemptive halt, cache_misses = 33856
preemptive halt, cache_misses = 33856
preemptive halt, cache_misses = 33856
preemptive halt, cache_misses = 33856
preemptive halt, cache_misses = 33856
preemptive halt, cache_misses = 33856
preemptive halt, cache_misses = 33856
preemptive halt, cache_misses = 33856
preemptive halt, cache_misses = 33856
preemptive halt, cache_misses = 33856
preemptive halt, cache_misses = 33856
preemptive halt, cache_misses = 33856
preemptive halt, cache_misses = 33856
preemptive halt, cache_misses = 33856
preemptive halt, cache_misses = 33856
preemptive halt, cache_misses = 33856
preemptive halt, cache_misses = 33856
preemptive halt, cache_misses = 33856
preemptive halt, cache_misses = 33856
preemptive halt, cache_misses = 33856
preemptive halt, cache_misses = 33856
preemptive halt, cache_misses = 33856
preemptive halt, cache_misses = 33856
preemptive halt, cache_misses = 33856
preemptive halt, cache_misses = 33856
preemptive halt, cache_misses = 33856
preemptive halt, cache_misses = 33856
preemptive halt, cache_misses = 33856
preemptive halt, cache_misses = 33856
preemptive halt, cache_misses = 33856
preemptive halt, cache_misses = 33856
preemptive halt, cache_misses = 33856
preemptive halt, cache_misses = 33856
preemptive halt, cache_misses = 33856
preemptive halt, cache_misses = 33856
preemptive halt, cache_misses = 33856
preemptive halt, cache_misses = 33856
preemptive halt, cache_misses = 33856
preemptive halt, cache_misses = 33856
preemptive halt, cache_misses = 33856
preemptive halt, cache_misses = 33856
preemptive halt, cache_misses = 33856
preemptive halt, cache_misses = 33856
preemptive halt, cache_misses = 33856
preemptive halt, cache_misses = 33856
preemptive halt, cache_misses = 33856
preemptive halt, cache_misses = 33856
preemptive halt, cache_misses = 33856
preemptive halt, cache_misses = 33856
preemptive halt, cache_misses = 33856
preemptive halt, cache_misses = 33856
preemptive halt, cache_misses = 33856
preemptive halt, cache_misses = 33856
preemptive halt, cache_misses = 33856
preemptive halt, cache_misses = 33856
preemptive halt, cache_misses = 33856
preemptive halt, cache_misses = 33856
preemptive halt, cache_misses = 33856
preemptive halt, cache_misses = 33856
preemptive halt, cache_misses = 33856
preemptive halt, cache_misses = 33856
preemptive halt, cache_misses = 33856
preemptive halt, cache_misses = 33856
preemptive halt, cache_misses = 33856
preemptive halt, cache_misses = 33856
preemptive halt, cache_misses = 33856
preemptive halt, cache_misses = 33856
preemptive halt, cache_misses = 33856
preemptive halt, cache_misses = 33856
preemptive halt, cache_misses = 33856
preemptive halt, cache_misses = 33856
preemptive halt, cache_misses = 33856
preemptive halt, cache_misses = 33856
preemptive halt, cache_misses = 33856
preemptive halt, cache_misses = 33856
preemptive halt, cache_misses = 33856
preemptive halt, cache_misses = 33856
preemptive halt, cache_misses = 33856
preemptive halt, cache_misses = 33856
preemptive halt, cache_misses = 33856
preemptive halt, cache_misses = 33856
preemptive halt, cache_misses = 33856
preemptive halt, cache_misses = 33856
preemptive halt, cache_misses = 33856
preemptive halt, cache_misses = 33856
preemptive halt, cache_misses = 33856
preemptive halt, cache_misses = 33856
preemptive halt, cache_misses = 33856
preemptive halt, cache_misses = 33856
preemptive halt, cache_misses = 33856
preemptive halt, cache_misses = 33856
preemptive halt, cache_misses = 33856
preemptive halt, cache_misses = 33856
preemptive halt, cache_misses = 33856
preemptive halt, cache_misses = 33856
preemptive halt, cache_misses = 33856
preemptive halt, cache_misses = 33856
preemptive halt, cache_misses = 33856
preemptive halt, cache_misses = 33856
preemptive halt, cache_misses = 33856
preemptive halt, cache_misses = 33856
preemptive halt, cache_misses = 33856
preemptive halt, cache_misses = 33856
preemptive halt, cache_misses = 33856
preemptive halt, cache_misses = 33856
preemptive halt, cache_misses = 33856
preemptive halt, cache_misses = 33856
preemptive halt, cache_misses = 33856
preemptive halt, cache_misses = 33856
preemptive halt, cache_misses = 33856
preemptive halt, cache_misses = 33856
preemptive halt, cache_misses = 33856
preemptive halt, cache_misses = 33856
preemptive halt, cache_misses = 33856
preemptive halt, cache_misses = 33856
preemptive halt, cache_misses = 33856
preemptive halt, cache_misses = 33856
preemptive halt, cache_misses = 33856
preemptive halt, cache_misses = 33856
preemptive halt, cache_misses = 33856
preemptive halt, cache_misses = 33856
preemptive halt, cache_misses = 33856
binary search, size 16250  misses 33856  min 15000  max 17500
preemptive halt, cache_misses = 33857
preemptive halt, cache_misses = 33857
preemptive halt, cache_misses = 33857
preemptive halt, cache_misses = 33857
preemptive halt, cache_misses = 33857
preemptive halt, cache_misses = 33857
binary search, size 16875  misses 33857  min 16250  max 17500
binary search, size 17187  misses 33855  min 16875  max 17500
binary search, size 17031  misses 33855  min 16875  max 17187
binary search, size 16953  misses 33855  min 16875  max 17031
preemptive halt, cache_misses = 33856
preemptive halt, cache_misses = 33856
preemptive halt, cache_misses = 33856
preemptive halt, cache_misses = 33856
binary search, size 16914  misses 33856  min 16875  max 16953
binary search, size 16933  misses 33855  min 16914  max 16953
preemptive halt, cache_misses = 33856
preemptive halt, cache_misses = 33856
preemptive halt, cache_misses = 33856
preemptive halt, cache_misses = 33856
binary search, size 16923  misses 33856  min 16914  max 16933
binary search, size 16928  misses 33855  min 16923  max 16933
preemptive halt, cache_misses = 33856
preemptive halt, cache_misses = 33856
preemptive halt, cache_misses = 33856
preemptive halt, cache_misses = 33856
binary search, size 16925  misses 33856  min 16923  max 16928
preemptive halt, cache_misses = 33857
preemptive halt, cache_misses = 33857
preemptive halt, cache_misses = 33857
preemptive halt, cache_misses = 33857
preemptive halt, cache_misses = 33857
preemptive halt, cache_misses = 33857
binary search, size 16926  misses 33857  min 16925  max 16928
binary search, size 16927  misses 33855  min 16926  max 16928
characteristic cache size (binary search) for 183 = 16927
End at: 2021-04-02 15:29:57.076174
Time elapsed: 0:00:00.667732
