Begin at: 2021-04-02 16:33:24.474094
['../dist/Debug/GNU-Linux/memo_batch_tester', '', '--mbt_execution_trace_fname', 'olcs4_traceback_csize_input_types/OLCS4_lru_2021_04_02__16_32_13_k_3__d_2_cache_size_160000_problems_10_to_400/OLCS4_lru_2021_04_02__16_32_13_k_3__d_2_cache_size_160000_problems_10_to_400/OLCS4__do_traceback_prob_size_209_cache_size_160000_lru_k_3_d_2_execution_trace_2021_4_2_16_33_24_pid_23372.log', '--mbt_cache_misses_fname', 'olcs4_traceback_csize_input_types/OLCS4_lru_2021_04_02__16_32_13_k_3__d_2_cache_size_160000_problems_10_to_400/lcs_cost_OLCS4_lru_misses_for_cache_size.csv', '--mbt_misses_for_problem_size_fname', 'olcs4_traceback_csize_input_types/OLCS4_lru_2021_04_02__16_32_13_k_3__d_2_cache_size_160000_problems_10_to_400/lcs_cost_OLCS4_lru_misses_for_problem_size.csv', '--mbt_exact_cutoff_min_cache_size', '160000', '--mbt_exact_cutoff_max_cache_size', '160000', '--mbt_problem_type', 'lcs', '--mbt_metric_type', 'csize_binary_search', '--mbt_cutoff_ratio', '2.2', '--mbt_instance_fname', '209', '--mbt_detailed_cache_misses_out_fname', 'csize_olcs4_traceback_0011n_ceil_n_b_9.csv', '--mbt_phi_N', '5.0', '--mbt_problem_size', '209', '--lcs_compute_length', '0', '--lcs_perform_traceback', '1', '--lig_instance_type', '0011n_ceil_n_b', '--lig_n', '209', '--lig_c', '0.9', '--lig_b', '9.0', '--lcs_oblivious', '4', '--lcs_execution_trace_fname', 'olcs4_traceback_csize_input_types/OLCS4_lru_2021_04_02__16_32_13_k_3__d_2_cache_size_160000_problems_10_to_400/OLCS4_lru_2021_04_02__16_32_13_k_3__d_2_cache_size_160000_problems_10_to_400/OLCS4__do_traceback_prob_size_209_cache_size_160000_lru_k_3_d_2_execution_trace_2021_4_2_16_33_24_pid_23372.log', '--memo_caching_strategy', 'lru', '--memo_cache_size', '160001', '--memo_lru_queue_size', '160000', '--memo_cuckoo_k', '4', '--memo_key_length', '8', '--memo_value_length', '8', '--memo_k_timestamps', '3', '--memo_d_recent_timestamps', '2', '--memo_a_items_per_timestamp_factor', '0.4375']

csize_binary_search chosen
lcs problem_type lcs cache_size 160001
initialize_long_int_cache begin
init_memo
arguments to memo:
 --mbt_execution_trace_fname olcs4_traceback_csize_input_types/OLCS4_lru_2021_04_02__16_32_13_k_3__d_2_cache_size_160000_problems_10_to_400/OLCS4_lru_2021_04_02__16_32_13_k_3__d_2_cache_size_160000_problems_10_to_400/OLCS4__do_traceback_prob_size_209_cache_size_160000_lru_k_3_d_2_execution_trace_2021_4_2_16_33_24_pid_23372.log --mbt_cache_misses_fname olcs4_traceback_csize_input_types/OLCS4_lru_2021_04_02__16_32_13_k_3__d_2_cache_size_160000_problems_10_to_400/lcs_cost_OLCS4_lru_misses_for_cache_size.csv --mbt_misses_for_problem_size_fname olcs4_traceback_csize_input_types/OLCS4_lru_2021_04_02__16_32_13_k_3__d_2_cache_size_160000_problems_10_to_400/lcs_cost_OLCS4_lru_misses_for_problem_size.csv --mbt_exact_cutoff_min_cache_size 160000 --mbt_exact_cutoff_max_cache_size 160000 --mbt_problem_type lcs --mbt_metric_type csize_binary_search --mbt_cutoff_ratio 2.2 --mbt_instance_fname 209 --mbt_detailed_cache_misses_out_fname csize_olcs4_traceback_0011n_ceil_n_b_9.csv --mbt_phi_N 5.0 --mbt_problem_size 209 --lcs_compute_length 0 --lcs_perform_traceback 1 --lig_instance_type 0011n_ceil_n_b --lig_n 209 --lig_c 0.9 --lig_b 9.0 --lcs_oblivious 4 --lcs_execution_trace_fname olcs4_traceback_csize_input_types/OLCS4_lru_2021_04_02__16_32_13_k_3__d_2_cache_size_160000_problems_10_to_400/OLCS4_lru_2021_04_02__16_32_13_k_3__d_2_cache_size_160000_problems_10_to_400/OLCS4__do_traceback_prob_size_209_cache_size_160000_lru_k_3_d_2_execution_trace_2021_4_2_16_33_24_pid_23372.log --memo_caching_strategy lru --memo_cache_size 160001 --memo_lru_queue_size 160000 --memo_cuckoo_k 4 --memo_key_length 8 --memo_value_length 8 --memo_k_timestamps 3 --memo_d_recent_timestamps 2 --memo_a_items_per_timestamp_factor 0.4375 
calculate_table_size: table_size is 262144, original is 160001
Finished initializing cache
initialize_long_int_cache end
done initializing cache
initializing problem
done initializing problem
commence trials
Starting characteristic_cache_size_binary_search with max cache size 160001
binary search, size 160001  misses 44099
binary search, size 80000  misses 44099  min 0  max 160001
binary search, size 40000  misses 44099  min 0  max 80000
binary search, size 20000  misses 44099  min 0  max 40000
binary search, size 10000  misses 44099  min 0  max 20000
preemptive halt, cache_misses = 44100
preemptive halt, cache_misses = 44100
preemptive halt, cache_misses = 44100
preemptive halt, cache_misses = 44100
preemptive halt, cache_misses = 44100
preemptive halt, cache_misses = 44100
preemptive halt, cache_misses = 44100
preemptive halt, cache_misses = 44100
preemptive halt, cache_misses = 44100
preemptive halt, cache_misses = 44100
preemptive halt, cache_misses = 44100
preemptive halt, cache_misses = 44100
preemptive halt, cache_misses = 44100
preemptive halt, cache_misses = 44100
preemptive halt, cache_misses = 44100
preemptive halt, cache_misses = 44100
preemptive halt, cache_misses = 44100
preemptive halt, cache_misses = 44100
preemptive halt, cache_misses = 44100
preemptive halt, cache_misses = 44100
preemptive halt, cache_misses = 44100
preemptive halt, cache_misses = 44100
preemptive halt, cache_misses = 44100
preemptive halt, cache_misses = 44100
preemptive halt, cache_misses = 44100
preemptive halt, cache_misses = 44100
preemptive halt, cache_misses = 44100
preemptive halt, cache_misses = 44100
preemptive halt, cache_misses = 44100
preemptive halt, cache_misses = 44100
preemptive halt, cache_misses = 44100
preemptive halt, cache_misses = 44100
preemptive halt, cache_misses = 44100
preemptive halt, cache_misses = 44100
preemptive halt, cache_misses = 44100
preemptive halt, cache_misses = 44100
binary search, size 5000  misses 44100  min 0  max 10000
preemptive halt, cache_misses = 44101
preemptive halt, cache_misses = 44101
preemptive halt, cache_misses = 44101
preemptive halt, cache_misses = 44101
preemptive halt, cache_misses = 44101
preemptive halt, cache_misses = 44101
preemptive halt, cache_misses = 44101
preemptive halt, cache_misses = 44101
preemptive halt, cache_misses = 44101
preemptive halt, cache_misses = 44101
preemptive halt, cache_misses = 44101
preemptive halt, cache_misses = 44101
preemptive halt, cache_misses = 44101
preemptive halt, cache_misses = 44101
preemptive halt, cache_misses = 44101
preemptive halt, cache_misses = 44101
preemptive halt, cache_misses = 44101
preemptive halt, cache_misses = 44101
preemptive halt, cache_misses = 44101
preemptive halt, cache_misses = 44101
preemptive halt, cache_misses = 44101
preemptive halt, cache_misses = 44101
preemptive halt, cache_misses = 44101
preemptive halt, cache_misses = 44101
preemptive halt, cache_misses = 44101
preemptive halt, cache_misses = 44101
preemptive halt, cache_misses = 44101
preemptive halt, cache_misses = 44101
preemptive halt, cache_misses = 44101
preemptive halt, cache_misses = 44101
preemptive halt, cache_misses = 44101
preemptive halt, cache_misses = 44101
preemptive halt, cache_misses = 44101
preemptive halt, cache_misses = 44101
preemptive halt, cache_misses = 44101
preemptive halt, cache_misses = 44101
preemptive halt, cache_misses = 44101
preemptive halt, cache_misses = 44101
binary search, size 7500  misses 44101  min 5000  max 10000
preemptive halt, cache_misses = 44102
preemptive halt, cache_misses = 44102
preemptive halt, cache_misses = 44102
preemptive halt, cache_misses = 44102
preemptive halt, cache_misses = 44102
preemptive halt, cache_misses = 44102
preemptive halt, cache_misses = 44102
preemptive halt, cache_misses = 44102
preemptive halt, cache_misses = 44102
preemptive halt, cache_misses = 44102
preemptive halt, cache_misses = 44102
preemptive halt, cache_misses = 44102
preemptive halt, cache_misses = 44102
preemptive halt, cache_misses = 44102
preemptive halt, cache_misses = 44102
preemptive halt, cache_misses = 44102
preemptive halt, cache_misses = 44102
preemptive halt, cache_misses = 44102
preemptive halt, cache_misses = 44102
preemptive halt, cache_misses = 44102
preemptive halt, cache_misses = 44102
preemptive halt, cache_misses = 44102
preemptive halt, cache_misses = 44102
preemptive halt, cache_misses = 44102
preemptive halt, cache_misses = 44102
preemptive halt, cache_misses = 44102
preemptive halt, cache_misses = 44102
preemptive halt, cache_misses = 44102
preemptive halt, cache_misses = 44102
preemptive halt, cache_misses = 44102
preemptive halt, cache_misses = 44102
preemptive halt, cache_misses = 44102
preemptive halt, cache_misses = 44102
preemptive halt, cache_misses = 44102
preemptive halt, cache_misses = 44102
preemptive halt, cache_misses = 44102
preemptive halt, cache_misses = 44102
preemptive halt, cache_misses = 44102
preemptive halt, cache_misses = 44102
preemptive halt, cache_misses = 44102
binary search, size 8750  misses 44102  min 7500  max 10000
binary search, size 9375  misses 44099  min 8750  max 10000
binary search, size 9062  misses 44099  min 8750  max 9375
binary search, size 8906  misses 44099  min 8750  max 9062
preemptive halt, cache_misses = 44100
preemptive halt, cache_misses = 44100
preemptive halt, cache_misses = 44100
preemptive halt, cache_misses = 44100
preemptive halt, cache_misses = 44100
preemptive halt, cache_misses = 44100
preemptive halt, cache_misses = 44100
preemptive halt, cache_misses = 44100
preemptive halt, cache_misses = 44100
preemptive halt, cache_misses = 44100
preemptive halt, cache_misses = 44100
preemptive halt, cache_misses = 44100
preemptive halt, cache_misses = 44100
preemptive halt, cache_misses = 44100
preemptive halt, cache_misses = 44100
preemptive halt, cache_misses = 44100
preemptive halt, cache_misses = 44100
preemptive halt, cache_misses = 44100
preemptive halt, cache_misses = 44100
preemptive halt, cache_misses = 44100
preemptive halt, cache_misses = 44100
preemptive halt, cache_misses = 44100
preemptive halt, cache_misses = 44100
preemptive halt, cache_misses = 44100
preemptive halt, cache_misses = 44100
preemptive halt, cache_misses = 44100
preemptive halt, cache_misses = 44100
preemptive halt, cache_misses = 44100
preemptive halt, cache_misses = 44100
preemptive halt, cache_misses = 44100
preemptive halt, cache_misses = 44100
preemptive halt, cache_misses = 44100
preemptive halt, cache_misses = 44100
preemptive halt, cache_misses = 44100
preemptive halt, cache_misses = 44100
preemptive halt, cache_misses = 44100
binary search, size 8828  misses 44100  min 8750  max 8906
binary search, size 8867  misses 44099  min 8828  max 8906
binary search, size 8847  misses 44099  min 8828  max 8867
binary search, size 8837  misses 44099  min 8828  max 8847
preemptive halt, cache_misses = 44100
preemptive halt, cache_misses = 44100
preemptive halt, cache_misses = 44100
preemptive halt, cache_misses = 44100
preemptive halt, cache_misses = 44100
preemptive halt, cache_misses = 44100
preemptive halt, cache_misses = 44100
preemptive halt, cache_misses = 44100
preemptive halt, cache_misses = 44100
preemptive halt, cache_misses = 44100
preemptive halt, cache_misses = 44100
preemptive halt, cache_misses = 44100
preemptive halt, cache_misses = 44100
preemptive halt, cache_misses = 44100
preemptive halt, cache_misses = 44100
preemptive halt, cache_misses = 44100
preemptive halt, cache_misses = 44100
preemptive halt, cache_misses = 44100
preemptive halt, cache_misses = 44100
preemptive halt, cache_misses = 44100
preemptive halt, cache_misses = 44100
preemptive halt, cache_misses = 44100
preemptive halt, cache_misses = 44100
preemptive halt, cache_misses = 44100
preemptive halt, cache_misses = 44100
preemptive halt, cache_misses = 44100
preemptive halt, cache_misses = 44100
preemptive halt, cache_misses = 44100
preemptive halt, cache_misses = 44100
preemptive halt, cache_misses = 44100
preemptive halt, cache_misses = 44100
preemptive halt, cache_misses = 44100
preemptive halt, cache_misses = 44100
preemptive halt, cache_misses = 44100
preemptive halt, cache_misses = 44100
preemptive halt, cache_misses = 44100
binary search, size 8832  misses 44100  min 8828  max 8837
preemptive halt, cache_misses = 44101
preemptive halt, cache_misses = 44101
preemptive halt, cache_misses = 44101
preemptive halt, cache_misses = 44101
preemptive halt, cache_misses = 44101
preemptive halt, cache_misses = 44101
preemptive halt, cache_misses = 44101
preemptive halt, cache_misses = 44101
preemptive halt, cache_misses = 44101
preemptive halt, cache_misses = 44101
preemptive halt, cache_misses = 44101
preemptive halt, cache_misses = 44101
preemptive halt, cache_misses = 44101
preemptive halt, cache_misses = 44101
preemptive halt, cache_misses = 44101
preemptive halt, cache_misses = 44101
preemptive halt, cache_misses = 44101
preemptive halt, cache_misses = 44101
preemptive halt, cache_misses = 44101
preemptive halt, cache_misses = 44101
preemptive halt, cache_misses = 44101
preemptive halt, cache_misses = 44101
preemptive halt, cache_misses = 44101
preemptive halt, cache_misses = 44101
preemptive halt, cache_misses = 44101
preemptive halt, cache_misses = 44101
preemptive halt, cache_misses = 44101
preemptive halt, cache_misses = 44101
preemptive halt, cache_misses = 44101
preemptive halt, cache_misses = 44101
preemptive halt, cache_misses = 44101
preemptive halt, cache_misses = 44101
preemptive halt, cache_misses = 44101
preemptive halt, cache_misses = 44101
preemptive halt, cache_misses = 44101
preemptive halt, cache_misses = 44101
preemptive halt, cache_misses = 44101
preemptive halt, cache_misses = 44101
binary search, size 8834  misses 44101  min 8832  max 8837
preemptive halt, cache_misses = 44102
preemptive halt, cache_misses = 44102
preemptive halt, cache_misses = 44102
preemptive halt, cache_misses = 44102
preemptive halt, cache_misses = 44102
preemptive halt, cache_misses = 44102
preemptive halt, cache_misses = 44102
preemptive halt, cache_misses = 44102
preemptive halt, cache_misses = 44102
preemptive halt, cache_misses = 44102
preemptive halt, cache_misses = 44102
preemptive halt, cache_misses = 44102
preemptive halt, cache_misses = 44102
preemptive halt, cache_misses = 44102
preemptive halt, cache_misses = 44102
preemptive halt, cache_misses = 44102
preemptive halt, cache_misses = 44102
preemptive halt, cache_misses = 44102
preemptive halt, cache_misses = 44102
preemptive halt, cache_misses = 44102
preemptive halt, cache_misses = 44102
preemptive halt, cache_misses = 44102
preemptive halt, cache_misses = 44102
preemptive halt, cache_misses = 44102
preemptive halt, cache_misses = 44102
preemptive halt, cache_misses = 44102
preemptive halt, cache_misses = 44102
preemptive halt, cache_misses = 44102
preemptive halt, cache_misses = 44102
preemptive halt, cache_misses = 44102
preemptive halt, cache_misses = 44102
preemptive halt, cache_misses = 44102
preemptive halt, cache_misses = 44102
preemptive halt, cache_misses = 44102
preemptive halt, cache_misses = 44102
preemptive halt, cache_misses = 44102
preemptive halt, cache_misses = 44102
preemptive halt, cache_misses = 44102
preemptive halt, cache_misses = 44102
preemptive halt, cache_misses = 44102
binary search, size 8835  misses 44102  min 8834  max 8837
preemptive halt, cache_misses = 44103
preemptive halt, cache_misses = 44103
preemptive halt, cache_misses = 44103
preemptive halt, cache_misses = 44103
preemptive halt, cache_misses = 44103
preemptive halt, cache_misses = 44103
preemptive halt, cache_misses = 44103
preemptive halt, cache_misses = 44103
preemptive halt, cache_misses = 44103
preemptive halt, cache_misses = 44103
preemptive halt, cache_misses = 44103
preemptive halt, cache_misses = 44103
preemptive halt, cache_misses = 44103
preemptive halt, cache_misses = 44103
preemptive halt, cache_misses = 44103
preemptive halt, cache_misses = 44103
preemptive halt, cache_misses = 44103
preemptive halt, cache_misses = 44103
preemptive halt, cache_misses = 44103
preemptive halt, cache_misses = 44103
preemptive halt, cache_misses = 44103
preemptive halt, cache_misses = 44103
preemptive halt, cache_misses = 44103
preemptive halt, cache_misses = 44103
preemptive halt, cache_misses = 44103
preemptive halt, cache_misses = 44103
preemptive halt, cache_misses = 44103
preemptive halt, cache_misses = 44103
preemptive halt, cache_misses = 44103
preemptive halt, cache_misses = 44103
preemptive halt, cache_misses = 44103
preemptive halt, cache_misses = 44103
preemptive halt, cache_misses = 44103
preemptive halt, cache_misses = 44103
preemptive halt, cache_misses = 44103
preemptive halt, cache_misses = 44103
preemptive halt, cache_misses = 44103
preemptive halt, cache_misses = 44103
preemptive halt, cache_misses = 44103
preemptive halt, cache_misses = 44103
preemptive halt, cache_misses = 44103
preemptive halt, cache_misses = 44103
binary search, size 8836  misses 44103  min 8835  max 8837
characteristic cache size (binary search) for 209 = 8837
End at: 2021-04-02 16:33:25.365253
Time elapsed: 0:00:00.891176
