Begin at: 2021-04-02 16:35:07.686313
['../dist/Debug/GNU-Linux/memo_batch_tester', '', '--mbt_execution_trace_fname', 'olcs4_traceback_csize_input_types/OLCS4_lru_2021_04_02__16_32_13_k_3__d_2_cache_size_160000_problems_10_to_400/OLCS4_lru_2021_04_02__16_32_13_k_3__d_2_cache_size_160000_problems_10_to_400/OLCS4__do_traceback_prob_size_292_cache_size_160000_lru_k_3_d_2_execution_trace_2021_4_2_16_35_7_pid_23543.log', '--mbt_cache_misses_fname', 'olcs4_traceback_csize_input_types/OLCS4_lru_2021_04_02__16_32_13_k_3__d_2_cache_size_160000_problems_10_to_400/lcs_cost_OLCS4_lru_misses_for_cache_size.csv', '--mbt_misses_for_problem_size_fname', 'olcs4_traceback_csize_input_types/OLCS4_lru_2021_04_02__16_32_13_k_3__d_2_cache_size_160000_problems_10_to_400/lcs_cost_OLCS4_lru_misses_for_problem_size.csv', '--mbt_exact_cutoff_min_cache_size', '160000', '--mbt_exact_cutoff_max_cache_size', '160000', '--mbt_problem_type', 'lcs', '--mbt_metric_type', 'csize_binary_search', '--mbt_cutoff_ratio', '2.2', '--mbt_instance_fname', '292', '--mbt_detailed_cache_misses_out_fname', 'csize_olcs4_traceback_0011n_ceil_n_b_9.csv', '--mbt_phi_N', '5.0', '--mbt_problem_size', '292', '--lcs_compute_length', '0', '--lcs_perform_traceback', '1', '--lig_instance_type', '0011n_ceil_n_b', '--lig_n', '292', '--lig_c', '0.9', '--lig_b', '9.0', '--lcs_oblivious', '4', '--lcs_execution_trace_fname', 'olcs4_traceback_csize_input_types/OLCS4_lru_2021_04_02__16_32_13_k_3__d_2_cache_size_160000_problems_10_to_400/OLCS4_lru_2021_04_02__16_32_13_k_3__d_2_cache_size_160000_problems_10_to_400/OLCS4__do_traceback_prob_size_292_cache_size_160000_lru_k_3_d_2_execution_trace_2021_4_2_16_35_7_pid_23543.log', '--memo_caching_strategy', 'lru', '--memo_cache_size', '160001', '--memo_lru_queue_size', '160000', '--memo_cuckoo_k', '4', '--memo_key_length', '8', '--memo_value_length', '8', '--memo_k_timestamps', '3', '--memo_d_recent_timestamps', '2', '--memo_a_items_per_timestamp_factor', '0.4375']

csize_binary_search chosen
lcs problem_type lcs cache_size 160001
initialize_long_int_cache begin
init_memo
arguments to memo:
 --mbt_execution_trace_fname olcs4_traceback_csize_input_types/OLCS4_lru_2021_04_02__16_32_13_k_3__d_2_cache_size_160000_problems_10_to_400/OLCS4_lru_2021_04_02__16_32_13_k_3__d_2_cache_size_160000_problems_10_to_400/OLCS4__do_traceback_prob_size_292_cache_size_160000_lru_k_3_d_2_execution_trace_2021_4_2_16_35_7_pid_23543.log --mbt_cache_misses_fname olcs4_traceback_csize_input_types/OLCS4_lru_2021_04_02__16_32_13_k_3__d_2_cache_size_160000_problems_10_to_400/lcs_cost_OLCS4_lru_misses_for_cache_size.csv --mbt_misses_for_problem_size_fname olcs4_traceback_csize_input_types/OLCS4_lru_2021_04_02__16_32_13_k_3__d_2_cache_size_160000_problems_10_to_400/lcs_cost_OLCS4_lru_misses_for_problem_size.csv --mbt_exact_cutoff_min_cache_size 160000 --mbt_exact_cutoff_max_cache_size 160000 --mbt_problem_type lcs --mbt_metric_type csize_binary_search --mbt_cutoff_ratio 2.2 --mbt_instance_fname 292 --mbt_detailed_cache_misses_out_fname csize_olcs4_traceback_0011n_ceil_n_b_9.csv --mbt_phi_N 5.0 --mbt_problem_size 292 --lcs_compute_length 0 --lcs_perform_traceback 1 --lig_instance_type 0011n_ceil_n_b --lig_n 292 --lig_c 0.9 --lig_b 9.0 --lcs_oblivious 4 --lcs_execution_trace_fname olcs4_traceback_csize_input_types/OLCS4_lru_2021_04_02__16_32_13_k_3__d_2_cache_size_160000_problems_10_to_400/OLCS4_lru_2021_04_02__16_32_13_k_3__d_2_cache_size_160000_problems_10_to_400/OLCS4__do_traceback_prob_size_292_cache_size_160000_lru_k_3_d_2_execution_trace_2021_4_2_16_35_7_pid_23543.log --memo_caching_strategy lru --memo_cache_size 160001 --memo_lru_queue_size 160000 --memo_cuckoo_k 4 --memo_key_length 8 --memo_value_length 8 --memo_k_timestamps 3 --memo_d_recent_timestamps 2 --memo_a_items_per_timestamp_factor 0.4375 
calculate_table_size: table_size is 262144, original is 160001
Finished initializing cache
initialize_long_int_cache end
done initializing cache
initializing problem
done initializing problem
commence trials
Starting characteristic_cache_size_binary_search with max cache size 160001
binary search, size 160001  misses 85848
binary search, size 80000  misses 85848  min 0  max 160001
binary search, size 40000  misses 85848  min 0  max 80000
binary search, size 20000  misses 85848  min 0  max 40000
preemptive halt, cache_misses = 85849
preemptive halt, cache_misses = 85849
preemptive halt, cache_misses = 85849
preemptive halt, cache_misses = 85849
preemptive halt, cache_misses = 85849
preemptive halt, cache_misses = 85849
preemptive halt, cache_misses = 85849
preemptive halt, cache_misses = 85849
preemptive halt, cache_misses = 85849
preemptive halt, cache_misses = 85849
preemptive halt, cache_misses = 85849
preemptive halt, cache_misses = 85849
preemptive halt, cache_misses = 85849
preemptive halt, cache_misses = 85849
preemptive halt, cache_misses = 85849
preemptive halt, cache_misses = 85849
preemptive halt, cache_misses = 85849
preemptive halt, cache_misses = 85849
preemptive halt, cache_misses = 85849
preemptive halt, cache_misses = 85849
preemptive halt, cache_misses = 85849
preemptive halt, cache_misses = 85849
preemptive halt, cache_misses = 85849
preemptive halt, cache_misses = 85849
preemptive halt, cache_misses = 85849
preemptive halt, cache_misses = 85849
preemptive halt, cache_misses = 85849
preemptive halt, cache_misses = 85849
preemptive halt, cache_misses = 85849
preemptive halt, cache_misses = 85849
preemptive halt, cache_misses = 85849
preemptive halt, cache_misses = 85849
preemptive halt, cache_misses = 85849
preemptive halt, cache_misses = 85849
preemptive halt, cache_misses = 85849
preemptive halt, cache_misses = 85849
preemptive halt, cache_misses = 85849
preemptive halt, cache_misses = 85849
preemptive halt, cache_misses = 85849
preemptive halt, cache_misses = 85849
preemptive halt, cache_misses = 85849
preemptive halt, cache_misses = 85849
preemptive halt, cache_misses = 85849
preemptive halt, cache_misses = 85849
preemptive halt, cache_misses = 85849
preemptive halt, cache_misses = 85849
preemptive halt, cache_misses = 85849
preemptive halt, cache_misses = 85849
preemptive halt, cache_misses = 85849
preemptive halt, cache_misses = 85849
preemptive halt, cache_misses = 85849
preemptive halt, cache_misses = 85849
preemptive halt, cache_misses = 85849
preemptive halt, cache_misses = 85849
preemptive halt, cache_misses = 85849
preemptive halt, cache_misses = 85849
preemptive halt, cache_misses = 85849
preemptive halt, cache_misses = 85849
binary search, size 10000  misses 85849  min 0  max 20000
preemptive halt, cache_misses = 85850
preemptive halt, cache_misses = 85850
preemptive halt, cache_misses = 85850
preemptive halt, cache_misses = 85850
preemptive halt, cache_misses = 85850
preemptive halt, cache_misses = 85850
preemptive halt, cache_misses = 85850
preemptive halt, cache_misses = 85850
preemptive halt, cache_misses = 85850
preemptive halt, cache_misses = 85850
preemptive halt, cache_misses = 85850
preemptive halt, cache_misses = 85850
preemptive halt, cache_misses = 85850
preemptive halt, cache_misses = 85850
preemptive halt, cache_misses = 85850
preemptive halt, cache_misses = 85850
preemptive halt, cache_misses = 85850
preemptive halt, cache_misses = 85850
preemptive halt, cache_misses = 85850
preemptive halt, cache_misses = 85850
preemptive halt, cache_misses = 85850
preemptive halt, cache_misses = 85850
preemptive halt, cache_misses = 85850
preemptive halt, cache_misses = 85850
preemptive halt, cache_misses = 85850
preemptive halt, cache_misses = 85850
preemptive halt, cache_misses = 85850
preemptive halt, cache_misses = 85850
preemptive halt, cache_misses = 85850
preemptive halt, cache_misses = 85850
preemptive halt, cache_misses = 85850
preemptive halt, cache_misses = 85850
preemptive halt, cache_misses = 85850
preemptive halt, cache_misses = 85850
preemptive halt, cache_misses = 85850
preemptive halt, cache_misses = 85850
preemptive halt, cache_misses = 85850
preemptive halt, cache_misses = 85850
preemptive halt, cache_misses = 85850
preemptive halt, cache_misses = 85850
preemptive halt, cache_misses = 85850
preemptive halt, cache_misses = 85850
preemptive halt, cache_misses = 85850
preemptive halt, cache_misses = 85850
preemptive halt, cache_misses = 85850
preemptive halt, cache_misses = 85850
preemptive halt, cache_misses = 85850
preemptive halt, cache_misses = 85850
preemptive halt, cache_misses = 85850
preemptive halt, cache_misses = 85850
preemptive halt, cache_misses = 85850
preemptive halt, cache_misses = 85850
preemptive halt, cache_misses = 85850
preemptive halt, cache_misses = 85850
preemptive halt, cache_misses = 85850
preemptive halt, cache_misses = 85850
preemptive halt, cache_misses = 85850
preemptive halt, cache_misses = 85850
preemptive halt, cache_misses = 85850
preemptive halt, cache_misses = 85850
binary search, size 15000  misses 85850  min 10000  max 20000
preemptive halt, cache_misses = 85851
preemptive halt, cache_misses = 85851
preemptive halt, cache_misses = 85851
preemptive halt, cache_misses = 85851
preemptive halt, cache_misses = 85851
preemptive halt, cache_misses = 85851
preemptive halt, cache_misses = 85851
preemptive halt, cache_misses = 85851
preemptive halt, cache_misses = 85851
preemptive halt, cache_misses = 85851
preemptive halt, cache_misses = 85851
preemptive halt, cache_misses = 85851
preemptive halt, cache_misses = 85851
preemptive halt, cache_misses = 85851
preemptive halt, cache_misses = 85851
preemptive halt, cache_misses = 85851
preemptive halt, cache_misses = 85851
preemptive halt, cache_misses = 85851
preemptive halt, cache_misses = 85851
preemptive halt, cache_misses = 85851
preemptive halt, cache_misses = 85851
preemptive halt, cache_misses = 85851
preemptive halt, cache_misses = 85851
preemptive halt, cache_misses = 85851
preemptive halt, cache_misses = 85851
preemptive halt, cache_misses = 85851
preemptive halt, cache_misses = 85851
preemptive halt, cache_misses = 85851
preemptive halt, cache_misses = 85851
preemptive halt, cache_misses = 85851
preemptive halt, cache_misses = 85851
preemptive halt, cache_misses = 85851
preemptive halt, cache_misses = 85851
preemptive halt, cache_misses = 85851
preemptive halt, cache_misses = 85851
preemptive halt, cache_misses = 85851
preemptive halt, cache_misses = 85851
preemptive halt, cache_misses = 85851
preemptive halt, cache_misses = 85851
preemptive halt, cache_misses = 85851
preemptive halt, cache_misses = 85851
preemptive halt, cache_misses = 85851
preemptive halt, cache_misses = 85851
preemptive halt, cache_misses = 85851
preemptive halt, cache_misses = 85851
preemptive halt, cache_misses = 85851
preemptive halt, cache_misses = 85851
preemptive halt, cache_misses = 85851
preemptive halt, cache_misses = 85851
preemptive halt, cache_misses = 85851
preemptive halt, cache_misses = 85851
preemptive halt, cache_misses = 85851
preemptive halt, cache_misses = 85851
preemptive halt, cache_misses = 85851
preemptive halt, cache_misses = 85851
preemptive halt, cache_misses = 85851
preemptive halt, cache_misses = 85851
preemptive halt, cache_misses = 85851
preemptive halt, cache_misses = 85851
preemptive halt, cache_misses = 85851
preemptive halt, cache_misses = 85851
preemptive halt, cache_misses = 85851
binary search, size 17500  misses 85851  min 15000  max 20000
binary search, size 18750  misses 85848  min 17500  max 20000
preemptive halt, cache_misses = 85849
preemptive halt, cache_misses = 85849
preemptive halt, cache_misses = 85849
preemptive halt, cache_misses = 85849
preemptive halt, cache_misses = 85849
preemptive halt, cache_misses = 85849
preemptive halt, cache_misses = 85849
preemptive halt, cache_misses = 85849
preemptive halt, cache_misses = 85849
preemptive halt, cache_misses = 85849
preemptive halt, cache_misses = 85849
preemptive halt, cache_misses = 85849
preemptive halt, cache_misses = 85849
preemptive halt, cache_misses = 85849
preemptive halt, cache_misses = 85849
preemptive halt, cache_misses = 85849
preemptive halt, cache_misses = 85849
preemptive halt, cache_misses = 85849
preemptive halt, cache_misses = 85849
preemptive halt, cache_misses = 85849
preemptive halt, cache_misses = 85849
preemptive halt, cache_misses = 85849
preemptive halt, cache_misses = 85849
preemptive halt, cache_misses = 85849
preemptive halt, cache_misses = 85849
preemptive halt, cache_misses = 85849
preemptive halt, cache_misses = 85849
preemptive halt, cache_misses = 85849
preemptive halt, cache_misses = 85849
preemptive halt, cache_misses = 85849
preemptive halt, cache_misses = 85849
preemptive halt, cache_misses = 85849
preemptive halt, cache_misses = 85849
preemptive halt, cache_misses = 85849
preemptive halt, cache_misses = 85849
preemptive halt, cache_misses = 85849
preemptive halt, cache_misses = 85849
preemptive halt, cache_misses = 85849
preemptive halt, cache_misses = 85849
preemptive halt, cache_misses = 85849
preemptive halt, cache_misses = 85849
preemptive halt, cache_misses = 85849
preemptive halt, cache_misses = 85849
preemptive halt, cache_misses = 85849
preemptive halt, cache_misses = 85849
preemptive halt, cache_misses = 85849
preemptive halt, cache_misses = 85849
preemptive halt, cache_misses = 85849
preemptive halt, cache_misses = 85849
preemptive halt, cache_misses = 85849
preemptive halt, cache_misses = 85849
preemptive halt, cache_misses = 85849
preemptive halt, cache_misses = 85849
preemptive halt, cache_misses = 85849
preemptive halt, cache_misses = 85849
preemptive halt, cache_misses = 85849
preemptive halt, cache_misses = 85849
preemptive halt, cache_misses = 85849
binary search, size 18125  misses 85849  min 17500  max 18750
binary search, size 18437  misses 85848  min 18125  max 18750
binary search, size 18281  misses 85848  min 18125  max 18437
binary search, size 18203  misses 85848  min 18125  max 18281
preemptive halt, cache_misses = 85849
preemptive halt, cache_misses = 85849
preemptive halt, cache_misses = 85849
preemptive halt, cache_misses = 85849
preemptive halt, cache_misses = 85849
preemptive halt, cache_misses = 85849
preemptive halt, cache_misses = 85849
preemptive halt, cache_misses = 85849
preemptive halt, cache_misses = 85849
preemptive halt, cache_misses = 85849
preemptive halt, cache_misses = 85849
preemptive halt, cache_misses = 85849
preemptive halt, cache_misses = 85849
preemptive halt, cache_misses = 85849
preemptive halt, cache_misses = 85849
preemptive halt, cache_misses = 85849
preemptive halt, cache_misses = 85849
preemptive halt, cache_misses = 85849
preemptive halt, cache_misses = 85849
preemptive halt, cache_misses = 85849
preemptive halt, cache_misses = 85849
preemptive halt, cache_misses = 85849
preemptive halt, cache_misses = 85849
preemptive halt, cache_misses = 85849
preemptive halt, cache_misses = 85849
preemptive halt, cache_misses = 85849
preemptive halt, cache_misses = 85849
preemptive halt, cache_misses = 85849
preemptive halt, cache_misses = 85849
preemptive halt, cache_misses = 85849
preemptive halt, cache_misses = 85849
preemptive halt, cache_misses = 85849
preemptive halt, cache_misses = 85849
preemptive halt, cache_misses = 85849
preemptive halt, cache_misses = 85849
preemptive halt, cache_misses = 85849
preemptive halt, cache_misses = 85849
preemptive halt, cache_misses = 85849
preemptive halt, cache_misses = 85849
preemptive halt, cache_misses = 85849
preemptive halt, cache_misses = 85849
preemptive halt, cache_misses = 85849
preemptive halt, cache_misses = 85849
preemptive halt, cache_misses = 85849
preemptive halt, cache_misses = 85849
preemptive halt, cache_misses = 85849
preemptive halt, cache_misses = 85849
preemptive halt, cache_misses = 85849
preemptive halt, cache_misses = 85849
preemptive halt, cache_misses = 85849
preemptive halt, cache_misses = 85849
preemptive halt, cache_misses = 85849
preemptive halt, cache_misses = 85849
preemptive halt, cache_misses = 85849
preemptive halt, cache_misses = 85849
preemptive halt, cache_misses = 85849
preemptive halt, cache_misses = 85849
preemptive halt, cache_misses = 85849
binary search, size 18164  misses 85849  min 18125  max 18203
preemptive halt, cache_misses = 85850
preemptive halt, cache_misses = 85850
preemptive halt, cache_misses = 85850
preemptive halt, cache_misses = 85850
preemptive halt, cache_misses = 85850
preemptive halt, cache_misses = 85850
preemptive halt, cache_misses = 85850
preemptive halt, cache_misses = 85850
preemptive halt, cache_misses = 85850
preemptive halt, cache_misses = 85850
preemptive halt, cache_misses = 85850
preemptive halt, cache_misses = 85850
preemptive halt, cache_misses = 85850
preemptive halt, cache_misses = 85850
preemptive halt, cache_misses = 85850
preemptive halt, cache_misses = 85850
preemptive halt, cache_misses = 85850
preemptive halt, cache_misses = 85850
preemptive halt, cache_misses = 85850
preemptive halt, cache_misses = 85850
preemptive halt, cache_misses = 85850
preemptive halt, cache_misses = 85850
preemptive halt, cache_misses = 85850
preemptive halt, cache_misses = 85850
preemptive halt, cache_misses = 85850
preemptive halt, cache_misses = 85850
preemptive halt, cache_misses = 85850
preemptive halt, cache_misses = 85850
preemptive halt, cache_misses = 85850
preemptive halt, cache_misses = 85850
preemptive halt, cache_misses = 85850
preemptive halt, cache_misses = 85850
preemptive halt, cache_misses = 85850
preemptive halt, cache_misses = 85850
preemptive halt, cache_misses = 85850
preemptive halt, cache_misses = 85850
preemptive halt, cache_misses = 85850
preemptive halt, cache_misses = 85850
preemptive halt, cache_misses = 85850
preemptive halt, cache_misses = 85850
preemptive halt, cache_misses = 85850
preemptive halt, cache_misses = 85850
preemptive halt, cache_misses = 85850
preemptive halt, cache_misses = 85850
preemptive halt, cache_misses = 85850
preemptive halt, cache_misses = 85850
preemptive halt, cache_misses = 85850
preemptive halt, cache_misses = 85850
preemptive halt, cache_misses = 85850
preemptive halt, cache_misses = 85850
preemptive halt, cache_misses = 85850
preemptive halt, cache_misses = 85850
preemptive halt, cache_misses = 85850
preemptive halt, cache_misses = 85850
preemptive halt, cache_misses = 85850
preemptive halt, cache_misses = 85850
preemptive halt, cache_misses = 85850
preemptive halt, cache_misses = 85850
preemptive halt, cache_misses = 85850
preemptive halt, cache_misses = 85850
binary search, size 18183  misses 85850  min 18164  max 18203
preemptive halt, cache_misses = 85851
preemptive halt, cache_misses = 85851
preemptive halt, cache_misses = 85851
preemptive halt, cache_misses = 85851
preemptive halt, cache_misses = 85851
preemptive halt, cache_misses = 85851
preemptive halt, cache_misses = 85851
preemptive halt, cache_misses = 85851
preemptive halt, cache_misses = 85851
preemptive halt, cache_misses = 85851
preemptive halt, cache_misses = 85851
preemptive halt, cache_misses = 85851
preemptive halt, cache_misses = 85851
preemptive halt, cache_misses = 85851
preemptive halt, cache_misses = 85851
preemptive halt, cache_misses = 85851
preemptive halt, cache_misses = 85851
preemptive halt, cache_misses = 85851
preemptive halt, cache_misses = 85851
preemptive halt, cache_misses = 85851
preemptive halt, cache_misses = 85851
preemptive halt, cache_misses = 85851
preemptive halt, cache_misses = 85851
preemptive halt, cache_misses = 85851
preemptive halt, cache_misses = 85851
preemptive halt, cache_misses = 85851
preemptive halt, cache_misses = 85851
preemptive halt, cache_misses = 85851
preemptive halt, cache_misses = 85851
preemptive halt, cache_misses = 85851
preemptive halt, cache_misses = 85851
preemptive halt, cache_misses = 85851
preemptive halt, cache_misses = 85851
preemptive halt, cache_misses = 85851
preemptive halt, cache_misses = 85851
preemptive halt, cache_misses = 85851
preemptive halt, cache_misses = 85851
preemptive halt, cache_misses = 85851
preemptive halt, cache_misses = 85851
preemptive halt, cache_misses = 85851
preemptive halt, cache_misses = 85851
preemptive halt, cache_misses = 85851
preemptive halt, cache_misses = 85851
preemptive halt, cache_misses = 85851
preemptive halt, cache_misses = 85851
preemptive halt, cache_misses = 85851
preemptive halt, cache_misses = 85851
preemptive halt, cache_misses = 85851
preemptive halt, cache_misses = 85851
preemptive halt, cache_misses = 85851
preemptive halt, cache_misses = 85851
preemptive halt, cache_misses = 85851
preemptive halt, cache_misses = 85851
preemptive halt, cache_misses = 85851
preemptive halt, cache_misses = 85851
preemptive halt, cache_misses = 85851
preemptive halt, cache_misses = 85851
preemptive halt, cache_misses = 85851
preemptive halt, cache_misses = 85851
preemptive halt, cache_misses = 85851
preemptive halt, cache_misses = 85851
preemptive halt, cache_misses = 85851
binary search, size 18193  misses 85851  min 18183  max 18203
binary search, size 18198  misses 85848  min 18193  max 18203
binary search, size 18195  misses 85848  min 18193  max 18198
binary search, size 18194  misses 85848  min 18193  max 18195
characteristic cache size (binary search) for 292 = 18194
End at: 2021-04-02 16:35:09.249153
Time elapsed: 0:00:01.562857
