Begin at: 2021-04-02 16:37:02.628420
['../dist/Debug/GNU-Linux/memo_batch_tester', '', '--mbt_execution_trace_fname', 'olcs4_traceback_csize_input_types/OLCS4_lru_2021_04_02__16_32_13_k_3__d_2_cache_size_160000_problems_10_to_400/OLCS4_lru_2021_04_02__16_32_13_k_3__d_2_cache_size_160000_problems_10_to_400/OLCS4__do_traceback_prob_size_350_cache_size_160000_lru_k_3_d_2_execution_trace_2021_4_2_16_37_2_pid_23674.log', '--mbt_cache_misses_fname', 'olcs4_traceback_csize_input_types/OLCS4_lru_2021_04_02__16_32_13_k_3__d_2_cache_size_160000_problems_10_to_400/lcs_cost_OLCS4_lru_misses_for_cache_size.csv', '--mbt_misses_for_problem_size_fname', 'olcs4_traceback_csize_input_types/OLCS4_lru_2021_04_02__16_32_13_k_3__d_2_cache_size_160000_problems_10_to_400/lcs_cost_OLCS4_lru_misses_for_problem_size.csv', '--mbt_exact_cutoff_min_cache_size', '160000', '--mbt_exact_cutoff_max_cache_size', '160000', '--mbt_problem_type', 'lcs', '--mbt_metric_type', 'csize_binary_search', '--mbt_cutoff_ratio', '2.2', '--mbt_instance_fname', '350', '--mbt_detailed_cache_misses_out_fname', 'csize_olcs4_traceback_0011n_ceil_n_b_9.csv', '--mbt_phi_N', '5.0', '--mbt_problem_size', '350', '--lcs_compute_length', '0', '--lcs_perform_traceback', '1', '--lig_instance_type', '0011n_ceil_n_b', '--lig_n', '350', '--lig_c', '0.9', '--lig_b', '9.0', '--lcs_oblivious', '4', '--lcs_execution_trace_fname', 'olcs4_traceback_csize_input_types/OLCS4_lru_2021_04_02__16_32_13_k_3__d_2_cache_size_160000_problems_10_to_400/OLCS4_lru_2021_04_02__16_32_13_k_3__d_2_cache_size_160000_problems_10_to_400/OLCS4__do_traceback_prob_size_350_cache_size_160000_lru_k_3_d_2_execution_trace_2021_4_2_16_37_2_pid_23674.log', '--memo_caching_strategy', 'lru', '--memo_cache_size', '160001', '--memo_lru_queue_size', '160000', '--memo_cuckoo_k', '4', '--memo_key_length', '8', '--memo_value_length', '8', '--memo_k_timestamps', '3', '--memo_d_recent_timestamps', '2', '--memo_a_items_per_timestamp_factor', '0.4375']

csize_binary_search chosen
lcs problem_type lcs cache_size 160001
initialize_long_int_cache begin
init_memo
arguments to memo:
 --mbt_execution_trace_fname olcs4_traceback_csize_input_types/OLCS4_lru_2021_04_02__16_32_13_k_3__d_2_cache_size_160000_problems_10_to_400/OLCS4_lru_2021_04_02__16_32_13_k_3__d_2_cache_size_160000_problems_10_to_400/OLCS4__do_traceback_prob_size_350_cache_size_160000_lru_k_3_d_2_execution_trace_2021_4_2_16_37_2_pid_23674.log --mbt_cache_misses_fname olcs4_traceback_csize_input_types/OLCS4_lru_2021_04_02__16_32_13_k_3__d_2_cache_size_160000_problems_10_to_400/lcs_cost_OLCS4_lru_misses_for_cache_size.csv --mbt_misses_for_problem_size_fname olcs4_traceback_csize_input_types/OLCS4_lru_2021_04_02__16_32_13_k_3__d_2_cache_size_160000_problems_10_to_400/lcs_cost_OLCS4_lru_misses_for_problem_size.csv --mbt_exact_cutoff_min_cache_size 160000 --mbt_exact_cutoff_max_cache_size 160000 --mbt_problem_type lcs --mbt_metric_type csize_binary_search --mbt_cutoff_ratio 2.2 --mbt_instance_fname 350 --mbt_detailed_cache_misses_out_fname csize_olcs4_traceback_0011n_ceil_n_b_9.csv --mbt_phi_N 5.0 --mbt_problem_size 350 --lcs_compute_length 0 --lcs_perform_traceback 1 --lig_instance_type 0011n_ceil_n_b --lig_n 350 --lig_c 0.9 --lig_b 9.0 --lcs_oblivious 4 --lcs_execution_trace_fname olcs4_traceback_csize_input_types/OLCS4_lru_2021_04_02__16_32_13_k_3__d_2_cache_size_160000_problems_10_to_400/OLCS4_lru_2021_04_02__16_32_13_k_3__d_2_cache_size_160000_problems_10_to_400/OLCS4__do_traceback_prob_size_350_cache_size_160000_lru_k_3_d_2_execution_trace_2021_4_2_16_37_2_pid_23674.log --memo_caching_strategy lru --memo_cache_size 160001 --memo_lru_queue_size 160000 --memo_cuckoo_k 4 --memo_key_length 8 --memo_value_length 8 --memo_k_timestamps 3 --memo_d_recent_timestamps 2 --memo_a_items_per_timestamp_factor 0.4375 
calculate_table_size: table_size is 262144, original is 160001
Finished initializing cache
initialize_long_int_cache end
done initializing cache
initializing problem
done initializing problem
commence trials
Starting characteristic_cache_size_binary_search with max cache size 160001
binary search, size 160001  misses 123200
binary search, size 80000  misses 123200  min 0  max 160001
binary search, size 40000  misses 123200  min 0  max 80000
preemptive halt, cache_misses = 123201
preemptive halt, cache_misses = 123201
preemptive halt, cache_misses = 123201
preemptive halt, cache_misses = 123201
preemptive halt, cache_misses = 123201
preemptive halt, cache_misses = 123201
preemptive halt, cache_misses = 123201
preemptive halt, cache_misses = 123201
preemptive halt, cache_misses = 123201
preemptive halt, cache_misses = 123201
preemptive halt, cache_misses = 123201
preemptive halt, cache_misses = 123201
preemptive halt, cache_misses = 123201
preemptive halt, cache_misses = 123201
preemptive halt, cache_misses = 123201
preemptive halt, cache_misses = 123201
preemptive halt, cache_misses = 123201
preemptive halt, cache_misses = 123201
preemptive halt, cache_misses = 123201
preemptive halt, cache_misses = 123201
preemptive halt, cache_misses = 123201
preemptive halt, cache_misses = 123201
preemptive halt, cache_misses = 123201
preemptive halt, cache_misses = 123201
preemptive halt, cache_misses = 123201
preemptive halt, cache_misses = 123201
preemptive halt, cache_misses = 123201
preemptive halt, cache_misses = 123201
preemptive halt, cache_misses = 123201
preemptive halt, cache_misses = 123201
preemptive halt, cache_misses = 123201
preemptive halt, cache_misses = 123201
preemptive halt, cache_misses = 123201
preemptive halt, cache_misses = 123201
preemptive halt, cache_misses = 123201
preemptive halt, cache_misses = 123201
preemptive halt, cache_misses = 123201
preemptive halt, cache_misses = 123201
preemptive halt, cache_misses = 123201
preemptive halt, cache_misses = 123201
preemptive halt, cache_misses = 123201
preemptive halt, cache_misses = 123201
preemptive halt, cache_misses = 123201
preemptive halt, cache_misses = 123201
preemptive halt, cache_misses = 123201
preemptive halt, cache_misses = 123201
preemptive halt, cache_misses = 123201
preemptive halt, cache_misses = 123201
preemptive halt, cache_misses = 123201
preemptive halt, cache_misses = 123201
preemptive halt, cache_misses = 123201
preemptive halt, cache_misses = 123201
preemptive halt, cache_misses = 123201
preemptive halt, cache_misses = 123201
preemptive halt, cache_misses = 123201
preemptive halt, cache_misses = 123201
preemptive halt, cache_misses = 123201
preemptive halt, cache_misses = 123201
preemptive halt, cache_misses = 123201
preemptive halt, cache_misses = 123201
preemptive halt, cache_misses = 123201
preemptive halt, cache_misses = 123201
preemptive halt, cache_misses = 123201
preemptive halt, cache_misses = 123201
preemptive halt, cache_misses = 123201
preemptive halt, cache_misses = 123201
preemptive halt, cache_misses = 123201
preemptive halt, cache_misses = 123201
preemptive halt, cache_misses = 123201
preemptive halt, cache_misses = 123201
preemptive halt, cache_misses = 123201
preemptive halt, cache_misses = 123201
preemptive halt, cache_misses = 123201
preemptive halt, cache_misses = 123201
preemptive halt, cache_misses = 123201
preemptive halt, cache_misses = 123201
preemptive halt, cache_misses = 123201
preemptive halt, cache_misses = 123201
binary search, size 20000  misses 123201  min 0  max 40000
binary search, size 30000  misses 123200  min 20000  max 40000
preemptive halt, cache_misses = 123201
preemptive halt, cache_misses = 123201
preemptive halt, cache_misses = 123201
preemptive halt, cache_misses = 123201
preemptive halt, cache_misses = 123201
preemptive halt, cache_misses = 123201
preemptive halt, cache_misses = 123201
preemptive halt, cache_misses = 123201
preemptive halt, cache_misses = 123201
preemptive halt, cache_misses = 123201
preemptive halt, cache_misses = 123201
preemptive halt, cache_misses = 123201
preemptive halt, cache_misses = 123201
preemptive halt, cache_misses = 123201
preemptive halt, cache_misses = 123201
preemptive halt, cache_misses = 123201
preemptive halt, cache_misses = 123201
preemptive halt, cache_misses = 123201
preemptive halt, cache_misses = 123201
preemptive halt, cache_misses = 123201
preemptive halt, cache_misses = 123201
preemptive halt, cache_misses = 123201
preemptive halt, cache_misses = 123201
preemptive halt, cache_misses = 123201
preemptive halt, cache_misses = 123201
preemptive halt, cache_misses = 123201
preemptive halt, cache_misses = 123201
preemptive halt, cache_misses = 123201
preemptive halt, cache_misses = 123201
preemptive halt, cache_misses = 123201
preemptive halt, cache_misses = 123201
preemptive halt, cache_misses = 123201
preemptive halt, cache_misses = 123201
preemptive halt, cache_misses = 123201
preemptive halt, cache_misses = 123201
preemptive halt, cache_misses = 123201
preemptive halt, cache_misses = 123201
preemptive halt, cache_misses = 123201
preemptive halt, cache_misses = 123201
preemptive halt, cache_misses = 123201
preemptive halt, cache_misses = 123201
preemptive halt, cache_misses = 123201
preemptive halt, cache_misses = 123201
preemptive halt, cache_misses = 123201
preemptive halt, cache_misses = 123201
preemptive halt, cache_misses = 123201
preemptive halt, cache_misses = 123201
preemptive halt, cache_misses = 123201
preemptive halt, cache_misses = 123201
preemptive halt, cache_misses = 123201
preemptive halt, cache_misses = 123201
preemptive halt, cache_misses = 123201
preemptive halt, cache_misses = 123201
preemptive halt, cache_misses = 123201
preemptive halt, cache_misses = 123201
preemptive halt, cache_misses = 123201
preemptive halt, cache_misses = 123201
preemptive halt, cache_misses = 123201
preemptive halt, cache_misses = 123201
preemptive halt, cache_misses = 123201
preemptive halt, cache_misses = 123201
preemptive halt, cache_misses = 123201
preemptive halt, cache_misses = 123201
preemptive halt, cache_misses = 123201
preemptive halt, cache_misses = 123201
preemptive halt, cache_misses = 123201
preemptive halt, cache_misses = 123201
preemptive halt, cache_misses = 123201
preemptive halt, cache_misses = 123201
preemptive halt, cache_misses = 123201
preemptive halt, cache_misses = 123201
preemptive halt, cache_misses = 123201
preemptive halt, cache_misses = 123201
preemptive halt, cache_misses = 123201
preemptive halt, cache_misses = 123201
preemptive halt, cache_misses = 123201
preemptive halt, cache_misses = 123201
preemptive halt, cache_misses = 123201
binary search, size 25000  misses 123201  min 20000  max 30000
binary search, size 27500  misses 123200  min 25000  max 30000
preemptive halt, cache_misses = 123201
preemptive halt, cache_misses = 123201
preemptive halt, cache_misses = 123201
preemptive halt, cache_misses = 123201
preemptive halt, cache_misses = 123201
preemptive halt, cache_misses = 123201
preemptive halt, cache_misses = 123201
preemptive halt, cache_misses = 123201
preemptive halt, cache_misses = 123201
preemptive halt, cache_misses = 123201
preemptive halt, cache_misses = 123201
preemptive halt, cache_misses = 123201
preemptive halt, cache_misses = 123201
preemptive halt, cache_misses = 123201
preemptive halt, cache_misses = 123201
preemptive halt, cache_misses = 123201
preemptive halt, cache_misses = 123201
preemptive halt, cache_misses = 123201
preemptive halt, cache_misses = 123201
preemptive halt, cache_misses = 123201
preemptive halt, cache_misses = 123201
preemptive halt, cache_misses = 123201
preemptive halt, cache_misses = 123201
preemptive halt, cache_misses = 123201
preemptive halt, cache_misses = 123201
preemptive halt, cache_misses = 123201
preemptive halt, cache_misses = 123201
preemptive halt, cache_misses = 123201
preemptive halt, cache_misses = 123201
preemptive halt, cache_misses = 123201
preemptive halt, cache_misses = 123201
preemptive halt, cache_misses = 123201
preemptive halt, cache_misses = 123201
preemptive halt, cache_misses = 123201
preemptive halt, cache_misses = 123201
preemptive halt, cache_misses = 123201
preemptive halt, cache_misses = 123201
preemptive halt, cache_misses = 123201
preemptive halt, cache_misses = 123201
preemptive halt, cache_misses = 123201
preemptive halt, cache_misses = 123201
preemptive halt, cache_misses = 123201
preemptive halt, cache_misses = 123201
preemptive halt, cache_misses = 123201
preemptive halt, cache_misses = 123201
preemptive halt, cache_misses = 123201
preemptive halt, cache_misses = 123201
preemptive halt, cache_misses = 123201
preemptive halt, cache_misses = 123201
preemptive halt, cache_misses = 123201
preemptive halt, cache_misses = 123201
preemptive halt, cache_misses = 123201
preemptive halt, cache_misses = 123201
preemptive halt, cache_misses = 123201
preemptive halt, cache_misses = 123201
preemptive halt, cache_misses = 123201
preemptive halt, cache_misses = 123201
preemptive halt, cache_misses = 123201
preemptive halt, cache_misses = 123201
preemptive halt, cache_misses = 123201
preemptive halt, cache_misses = 123201
preemptive halt, cache_misses = 123201
preemptive halt, cache_misses = 123201
preemptive halt, cache_misses = 123201
preemptive halt, cache_misses = 123201
preemptive halt, cache_misses = 123201
preemptive halt, cache_misses = 123201
preemptive halt, cache_misses = 123201
preemptive halt, cache_misses = 123201
preemptive halt, cache_misses = 123201
preemptive halt, cache_misses = 123201
preemptive halt, cache_misses = 123201
preemptive halt, cache_misses = 123201
preemptive halt, cache_misses = 123201
preemptive halt, cache_misses = 123201
preemptive halt, cache_misses = 123201
preemptive halt, cache_misses = 123201
preemptive halt, cache_misses = 123201
binary search, size 26250  misses 123201  min 25000  max 27500
preemptive halt, cache_misses = 123202
preemptive halt, cache_misses = 123202
preemptive halt, cache_misses = 123202
preemptive halt, cache_misses = 123202
preemptive halt, cache_misses = 123202
preemptive halt, cache_misses = 123202
preemptive halt, cache_misses = 123202
preemptive halt, cache_misses = 123202
preemptive halt, cache_misses = 123202
preemptive halt, cache_misses = 123202
preemptive halt, cache_misses = 123202
preemptive halt, cache_misses = 123202
preemptive halt, cache_misses = 123202
preemptive halt, cache_misses = 123202
preemptive halt, cache_misses = 123202
preemptive halt, cache_misses = 123202
preemptive halt, cache_misses = 123202
preemptive halt, cache_misses = 123202
preemptive halt, cache_misses = 123202
preemptive halt, cache_misses = 123202
preemptive halt, cache_misses = 123202
preemptive halt, cache_misses = 123202
preemptive halt, cache_misses = 123202
preemptive halt, cache_misses = 123202
preemptive halt, cache_misses = 123202
preemptive halt, cache_misses = 123202
preemptive halt, cache_misses = 123202
preemptive halt, cache_misses = 123202
preemptive halt, cache_misses = 123202
preemptive halt, cache_misses = 123202
preemptive halt, cache_misses = 123202
preemptive halt, cache_misses = 123202
preemptive halt, cache_misses = 123202
preemptive halt, cache_misses = 123202
preemptive halt, cache_misses = 123202
preemptive halt, cache_misses = 123202
preemptive halt, cache_misses = 123202
preemptive halt, cache_misses = 123202
preemptive halt, cache_misses = 123202
preemptive halt, cache_misses = 123202
preemptive halt, cache_misses = 123202
preemptive halt, cache_misses = 123202
preemptive halt, cache_misses = 123202
preemptive halt, cache_misses = 123202
preemptive halt, cache_misses = 123202
preemptive halt, cache_misses = 123202
preemptive halt, cache_misses = 123202
preemptive halt, cache_misses = 123202
preemptive halt, cache_misses = 123202
preemptive halt, cache_misses = 123202
preemptive halt, cache_misses = 123202
preemptive halt, cache_misses = 123202
preemptive halt, cache_misses = 123202
preemptive halt, cache_misses = 123202
preemptive halt, cache_misses = 123202
preemptive halt, cache_misses = 123202
preemptive halt, cache_misses = 123202
preemptive halt, cache_misses = 123202
preemptive halt, cache_misses = 123202
preemptive halt, cache_misses = 123202
preemptive halt, cache_misses = 123202
preemptive halt, cache_misses = 123202
preemptive halt, cache_misses = 123202
preemptive halt, cache_misses = 123202
preemptive halt, cache_misses = 123202
preemptive halt, cache_misses = 123202
preemptive halt, cache_misses = 123202
preemptive halt, cache_misses = 123202
preemptive halt, cache_misses = 123202
preemptive halt, cache_misses = 123202
preemptive halt, cache_misses = 123202
preemptive halt, cache_misses = 123202
preemptive halt, cache_misses = 123202
preemptive halt, cache_misses = 123202
preemptive halt, cache_misses = 123202
preemptive halt, cache_misses = 123202
preemptive halt, cache_misses = 123202
preemptive halt, cache_misses = 123202
preemptive halt, cache_misses = 123202
preemptive halt, cache_misses = 123202
binary search, size 26875  misses 123202  min 26250  max 27500
preemptive halt, cache_misses = 123203
preemptive halt, cache_misses = 123203
preemptive halt, cache_misses = 123203
preemptive halt, cache_misses = 123203
preemptive halt, cache_misses = 123203
preemptive halt, cache_misses = 123203
preemptive halt, cache_misses = 123203
preemptive halt, cache_misses = 123203
preemptive halt, cache_misses = 123203
preemptive halt, cache_misses = 123203
preemptive halt, cache_misses = 123203
preemptive halt, cache_misses = 123203
preemptive halt, cache_misses = 123203
preemptive halt, cache_misses = 123203
preemptive halt, cache_misses = 123203
preemptive halt, cache_misses = 123203
preemptive halt, cache_misses = 123203
preemptive halt, cache_misses = 123203
preemptive halt, cache_misses = 123203
preemptive halt, cache_misses = 123203
preemptive halt, cache_misses = 123203
preemptive halt, cache_misses = 123203
preemptive halt, cache_misses = 123203
preemptive halt, cache_misses = 123203
preemptive halt, cache_misses = 123203
preemptive halt, cache_misses = 123203
preemptive halt, cache_misses = 123203
preemptive halt, cache_misses = 123203
preemptive halt, cache_misses = 123203
preemptive halt, cache_misses = 123203
preemptive halt, cache_misses = 123203
preemptive halt, cache_misses = 123203
preemptive halt, cache_misses = 123203
preemptive halt, cache_misses = 123203
preemptive halt, cache_misses = 123203
preemptive halt, cache_misses = 123203
preemptive halt, cache_misses = 123203
preemptive halt, cache_misses = 123203
preemptive halt, cache_misses = 123203
preemptive halt, cache_misses = 123203
preemptive halt, cache_misses = 123203
preemptive halt, cache_misses = 123203
preemptive halt, cache_misses = 123203
preemptive halt, cache_misses = 123203
preemptive halt, cache_misses = 123203
preemptive halt, cache_misses = 123203
preemptive halt, cache_misses = 123203
preemptive halt, cache_misses = 123203
preemptive halt, cache_misses = 123203
preemptive halt, cache_misses = 123203
preemptive halt, cache_misses = 123203
preemptive halt, cache_misses = 123203
preemptive halt, cache_misses = 123203
preemptive halt, cache_misses = 123203
preemptive halt, cache_misses = 123203
preemptive halt, cache_misses = 123203
preemptive halt, cache_misses = 123203
preemptive halt, cache_misses = 123203
preemptive halt, cache_misses = 123203
preemptive halt, cache_misses = 123203
preemptive halt, cache_misses = 123203
preemptive halt, cache_misses = 123203
preemptive halt, cache_misses = 123203
preemptive halt, cache_misses = 123203
preemptive halt, cache_misses = 123203
preemptive halt, cache_misses = 123203
preemptive halt, cache_misses = 123203
preemptive halt, cache_misses = 123203
preemptive halt, cache_misses = 123203
preemptive halt, cache_misses = 123203
preemptive halt, cache_misses = 123203
preemptive halt, cache_misses = 123203
preemptive halt, cache_misses = 123203
preemptive halt, cache_misses = 123203
preemptive halt, cache_misses = 123203
preemptive halt, cache_misses = 123203
preemptive halt, cache_misses = 123203
preemptive halt, cache_misses = 123203
preemptive halt, cache_misses = 123203
preemptive halt, cache_misses = 123203
preemptive halt, cache_misses = 123203
preemptive halt, cache_misses = 123203
binary search, size 27187  misses 123203  min 26875  max 27500
preemptive halt, cache_misses = 123204
preemptive halt, cache_misses = 123204
preemptive halt, cache_misses = 123204
preemptive halt, cache_misses = 123204
preemptive halt, cache_misses = 123204
preemptive halt, cache_misses = 123204
preemptive halt, cache_misses = 123204
preemptive halt, cache_misses = 123204
preemptive halt, cache_misses = 123204
preemptive halt, cache_misses = 123204
preemptive halt, cache_misses = 123204
preemptive halt, cache_misses = 123204
preemptive halt, cache_misses = 123204
preemptive halt, cache_misses = 123204
preemptive halt, cache_misses = 123204
preemptive halt, cache_misses = 123204
preemptive halt, cache_misses = 123204
preemptive halt, cache_misses = 123204
preemptive halt, cache_misses = 123204
preemptive halt, cache_misses = 123204
preemptive halt, cache_misses = 123204
preemptive halt, cache_misses = 123204
preemptive halt, cache_misses = 123204
preemptive halt, cache_misses = 123204
preemptive halt, cache_misses = 123204
preemptive halt, cache_misses = 123204
preemptive halt, cache_misses = 123204
preemptive halt, cache_misses = 123204
preemptive halt, cache_misses = 123204
preemptive halt, cache_misses = 123204
preemptive halt, cache_misses = 123204
preemptive halt, cache_misses = 123204
preemptive halt, cache_misses = 123204
preemptive halt, cache_misses = 123204
preemptive halt, cache_misses = 123204
preemptive halt, cache_misses = 123204
preemptive halt, cache_misses = 123204
preemptive halt, cache_misses = 123204
preemptive halt, cache_misses = 123204
preemptive halt, cache_misses = 123204
preemptive halt, cache_misses = 123204
preemptive halt, cache_misses = 123204
preemptive halt, cache_misses = 123204
preemptive halt, cache_misses = 123204
preemptive halt, cache_misses = 123204
preemptive halt, cache_misses = 123204
preemptive halt, cache_misses = 123204
preemptive halt, cache_misses = 123204
preemptive halt, cache_misses = 123204
preemptive halt, cache_misses = 123204
preemptive halt, cache_misses = 123204
preemptive halt, cache_misses = 123204
preemptive halt, cache_misses = 123204
preemptive halt, cache_misses = 123204
preemptive halt, cache_misses = 123204
preemptive halt, cache_misses = 123204
preemptive halt, cache_misses = 123204
preemptive halt, cache_misses = 123204
preemptive halt, cache_misses = 123204
preemptive halt, cache_misses = 123204
preemptive halt, cache_misses = 123204
preemptive halt, cache_misses = 123204
preemptive halt, cache_misses = 123204
preemptive halt, cache_misses = 123204
preemptive halt, cache_misses = 123204
preemptive halt, cache_misses = 123204
preemptive halt, cache_misses = 123204
preemptive halt, cache_misses = 123204
preemptive halt, cache_misses = 123204
preemptive halt, cache_misses = 123204
preemptive halt, cache_misses = 123204
preemptive halt, cache_misses = 123204
preemptive halt, cache_misses = 123204
preemptive halt, cache_misses = 123204
preemptive halt, cache_misses = 123204
preemptive halt, cache_misses = 123204
preemptive halt, cache_misses = 123204
preemptive halt, cache_misses = 123204
preemptive halt, cache_misses = 123204
preemptive halt, cache_misses = 123204
preemptive halt, cache_misses = 123204
preemptive halt, cache_misses = 123204
preemptive halt, cache_misses = 123204
preemptive halt, cache_misses = 123204
binary search, size 27343  misses 123204  min 27187  max 27500
binary search, size 27421  misses 123200  min 27343  max 27500
preemptive halt, cache_misses = 123201
preemptive halt, cache_misses = 123201
preemptive halt, cache_misses = 123201
preemptive halt, cache_misses = 123201
preemptive halt, cache_misses = 123201
preemptive halt, cache_misses = 123201
preemptive halt, cache_misses = 123201
preemptive halt, cache_misses = 123201
preemptive halt, cache_misses = 123201
preemptive halt, cache_misses = 123201
preemptive halt, cache_misses = 123201
preemptive halt, cache_misses = 123201
preemptive halt, cache_misses = 123201
preemptive halt, cache_misses = 123201
preemptive halt, cache_misses = 123201
preemptive halt, cache_misses = 123201
preemptive halt, cache_misses = 123201
preemptive halt, cache_misses = 123201
preemptive halt, cache_misses = 123201
preemptive halt, cache_misses = 123201
preemptive halt, cache_misses = 123201
preemptive halt, cache_misses = 123201
preemptive halt, cache_misses = 123201
preemptive halt, cache_misses = 123201
preemptive halt, cache_misses = 123201
preemptive halt, cache_misses = 123201
preemptive halt, cache_misses = 123201
preemptive halt, cache_misses = 123201
preemptive halt, cache_misses = 123201
preemptive halt, cache_misses = 123201
preemptive halt, cache_misses = 123201
preemptive halt, cache_misses = 123201
preemptive halt, cache_misses = 123201
preemptive halt, cache_misses = 123201
preemptive halt, cache_misses = 123201
preemptive halt, cache_misses = 123201
preemptive halt, cache_misses = 123201
preemptive halt, cache_misses = 123201
preemptive halt, cache_misses = 123201
preemptive halt, cache_misses = 123201
preemptive halt, cache_misses = 123201
preemptive halt, cache_misses = 123201
preemptive halt, cache_misses = 123201
preemptive halt, cache_misses = 123201
preemptive halt, cache_misses = 123201
preemptive halt, cache_misses = 123201
preemptive halt, cache_misses = 123201
preemptive halt, cache_misses = 123201
preemptive halt, cache_misses = 123201
preemptive halt, cache_misses = 123201
preemptive halt, cache_misses = 123201
preemptive halt, cache_misses = 123201
preemptive halt, cache_misses = 123201
preemptive halt, cache_misses = 123201
preemptive halt, cache_misses = 123201
preemptive halt, cache_misses = 123201
preemptive halt, cache_misses = 123201
preemptive halt, cache_misses = 123201
preemptive halt, cache_misses = 123201
preemptive halt, cache_misses = 123201
preemptive halt, cache_misses = 123201
preemptive halt, cache_misses = 123201
preemptive halt, cache_misses = 123201
preemptive halt, cache_misses = 123201
preemptive halt, cache_misses = 123201
preemptive halt, cache_misses = 123201
preemptive halt, cache_misses = 123201
preemptive halt, cache_misses = 123201
preemptive halt, cache_misses = 123201
preemptive halt, cache_misses = 123201
preemptive halt, cache_misses = 123201
preemptive halt, cache_misses = 123201
preemptive halt, cache_misses = 123201
preemptive halt, cache_misses = 123201
preemptive halt, cache_misses = 123201
preemptive halt, cache_misses = 123201
preemptive halt, cache_misses = 123201
preemptive halt, cache_misses = 123201
binary search, size 27382  misses 123201  min 27343  max 27421
preemptive halt, cache_misses = 123202
preemptive halt, cache_misses = 123202
preemptive halt, cache_misses = 123202
preemptive halt, cache_misses = 123202
preemptive halt, cache_misses = 123202
preemptive halt, cache_misses = 123202
preemptive halt, cache_misses = 123202
preemptive halt, cache_misses = 123202
preemptive halt, cache_misses = 123202
preemptive halt, cache_misses = 123202
preemptive halt, cache_misses = 123202
preemptive halt, cache_misses = 123202
preemptive halt, cache_misses = 123202
preemptive halt, cache_misses = 123202
preemptive halt, cache_misses = 123202
preemptive halt, cache_misses = 123202
preemptive halt, cache_misses = 123202
preemptive halt, cache_misses = 123202
preemptive halt, cache_misses = 123202
preemptive halt, cache_misses = 123202
preemptive halt, cache_misses = 123202
preemptive halt, cache_misses = 123202
preemptive halt, cache_misses = 123202
preemptive halt, cache_misses = 123202
preemptive halt, cache_misses = 123202
preemptive halt, cache_misses = 123202
preemptive halt, cache_misses = 123202
preemptive halt, cache_misses = 123202
preemptive halt, cache_misses = 123202
preemptive halt, cache_misses = 123202
preemptive halt, cache_misses = 123202
preemptive halt, cache_misses = 123202
preemptive halt, cache_misses = 123202
preemptive halt, cache_misses = 123202
preemptive halt, cache_misses = 123202
preemptive halt, cache_misses = 123202
preemptive halt, cache_misses = 123202
preemptive halt, cache_misses = 123202
preemptive halt, cache_misses = 123202
preemptive halt, cache_misses = 123202
preemptive halt, cache_misses = 123202
preemptive halt, cache_misses = 123202
preemptive halt, cache_misses = 123202
preemptive halt, cache_misses = 123202
preemptive halt, cache_misses = 123202
preemptive halt, cache_misses = 123202
preemptive halt, cache_misses = 123202
preemptive halt, cache_misses = 123202
preemptive halt, cache_misses = 123202
preemptive halt, cache_misses = 123202
preemptive halt, cache_misses = 123202
preemptive halt, cache_misses = 123202
preemptive halt, cache_misses = 123202
preemptive halt, cache_misses = 123202
preemptive halt, cache_misses = 123202
preemptive halt, cache_misses = 123202
preemptive halt, cache_misses = 123202
preemptive halt, cache_misses = 123202
preemptive halt, cache_misses = 123202
preemptive halt, cache_misses = 123202
preemptive halt, cache_misses = 123202
preemptive halt, cache_misses = 123202
preemptive halt, cache_misses = 123202
preemptive halt, cache_misses = 123202
preemptive halt, cache_misses = 123202
preemptive halt, cache_misses = 123202
preemptive halt, cache_misses = 123202
preemptive halt, cache_misses = 123202
preemptive halt, cache_misses = 123202
preemptive halt, cache_misses = 123202
preemptive halt, cache_misses = 123202
preemptive halt, cache_misses = 123202
preemptive halt, cache_misses = 123202
preemptive halt, cache_misses = 123202
preemptive halt, cache_misses = 123202
preemptive halt, cache_misses = 123202
preemptive halt, cache_misses = 123202
preemptive halt, cache_misses = 123202
preemptive halt, cache_misses = 123202
preemptive halt, cache_misses = 123202
binary search, size 27401  misses 123202  min 27382  max 27421
preemptive halt, cache_misses = 123203
preemptive halt, cache_misses = 123203
preemptive halt, cache_misses = 123203
preemptive halt, cache_misses = 123203
preemptive halt, cache_misses = 123203
preemptive halt, cache_misses = 123203
preemptive halt, cache_misses = 123203
preemptive halt, cache_misses = 123203
preemptive halt, cache_misses = 123203
preemptive halt, cache_misses = 123203
preemptive halt, cache_misses = 123203
preemptive halt, cache_misses = 123203
preemptive halt, cache_misses = 123203
preemptive halt, cache_misses = 123203
preemptive halt, cache_misses = 123203
preemptive halt, cache_misses = 123203
preemptive halt, cache_misses = 123203
preemptive halt, cache_misses = 123203
preemptive halt, cache_misses = 123203
preemptive halt, cache_misses = 123203
preemptive halt, cache_misses = 123203
preemptive halt, cache_misses = 123203
preemptive halt, cache_misses = 123203
preemptive halt, cache_misses = 123203
preemptive halt, cache_misses = 123203
preemptive halt, cache_misses = 123203
preemptive halt, cache_misses = 123203
preemptive halt, cache_misses = 123203
preemptive halt, cache_misses = 123203
preemptive halt, cache_misses = 123203
preemptive halt, cache_misses = 123203
preemptive halt, cache_misses = 123203
preemptive halt, cache_misses = 123203
preemptive halt, cache_misses = 123203
preemptive halt, cache_misses = 123203
preemptive halt, cache_misses = 123203
preemptive halt, cache_misses = 123203
preemptive halt, cache_misses = 123203
preemptive halt, cache_misses = 123203
preemptive halt, cache_misses = 123203
preemptive halt, cache_misses = 123203
preemptive halt, cache_misses = 123203
preemptive halt, cache_misses = 123203
preemptive halt, cache_misses = 123203
preemptive halt, cache_misses = 123203
preemptive halt, cache_misses = 123203
preemptive halt, cache_misses = 123203
preemptive halt, cache_misses = 123203
preemptive halt, cache_misses = 123203
preemptive halt, cache_misses = 123203
preemptive halt, cache_misses = 123203
preemptive halt, cache_misses = 123203
preemptive halt, cache_misses = 123203
preemptive halt, cache_misses = 123203
preemptive halt, cache_misses = 123203
preemptive halt, cache_misses = 123203
preemptive halt, cache_misses = 123203
preemptive halt, cache_misses = 123203
preemptive halt, cache_misses = 123203
preemptive halt, cache_misses = 123203
preemptive halt, cache_misses = 123203
preemptive halt, cache_misses = 123203
preemptive halt, cache_misses = 123203
preemptive halt, cache_misses = 123203
preemptive halt, cache_misses = 123203
preemptive halt, cache_misses = 123203
preemptive halt, cache_misses = 123203
preemptive halt, cache_misses = 123203
preemptive halt, cache_misses = 123203
preemptive halt, cache_misses = 123203
preemptive halt, cache_misses = 123203
preemptive halt, cache_misses = 123203
preemptive halt, cache_misses = 123203
preemptive halt, cache_misses = 123203
preemptive halt, cache_misses = 123203
preemptive halt, cache_misses = 123203
preemptive halt, cache_misses = 123203
preemptive halt, cache_misses = 123203
preemptive halt, cache_misses = 123203
preemptive halt, cache_misses = 123203
preemptive halt, cache_misses = 123203
preemptive halt, cache_misses = 123203
binary search, size 27411  misses 123203  min 27401  max 27421
binary search, size 27416  misses 123200  min 27411  max 27421
preemptive halt, cache_misses = 123201
preemptive halt, cache_misses = 123201
preemptive halt, cache_misses = 123201
preemptive halt, cache_misses = 123201
preemptive halt, cache_misses = 123201
preemptive halt, cache_misses = 123201
preemptive halt, cache_misses = 123201
preemptive halt, cache_misses = 123201
preemptive halt, cache_misses = 123201
preemptive halt, cache_misses = 123201
preemptive halt, cache_misses = 123201
preemptive halt, cache_misses = 123201
preemptive halt, cache_misses = 123201
preemptive halt, cache_misses = 123201
preemptive halt, cache_misses = 123201
preemptive halt, cache_misses = 123201
preemptive halt, cache_misses = 123201
preemptive halt, cache_misses = 123201
preemptive halt, cache_misses = 123201
preemptive halt, cache_misses = 123201
preemptive halt, cache_misses = 123201
preemptive halt, cache_misses = 123201
preemptive halt, cache_misses = 123201
preemptive halt, cache_misses = 123201
preemptive halt, cache_misses = 123201
preemptive halt, cache_misses = 123201
preemptive halt, cache_misses = 123201
preemptive halt, cache_misses = 123201
preemptive halt, cache_misses = 123201
preemptive halt, cache_misses = 123201
preemptive halt, cache_misses = 123201
preemptive halt, cache_misses = 123201
preemptive halt, cache_misses = 123201
preemptive halt, cache_misses = 123201
preemptive halt, cache_misses = 123201
preemptive halt, cache_misses = 123201
preemptive halt, cache_misses = 123201
preemptive halt, cache_misses = 123201
preemptive halt, cache_misses = 123201
preemptive halt, cache_misses = 123201
preemptive halt, cache_misses = 123201
preemptive halt, cache_misses = 123201
preemptive halt, cache_misses = 123201
preemptive halt, cache_misses = 123201
preemptive halt, cache_misses = 123201
preemptive halt, cache_misses = 123201
preemptive halt, cache_misses = 123201
preemptive halt, cache_misses = 123201
preemptive halt, cache_misses = 123201
preemptive halt, cache_misses = 123201
preemptive halt, cache_misses = 123201
preemptive halt, cache_misses = 123201
preemptive halt, cache_misses = 123201
preemptive halt, cache_misses = 123201
preemptive halt, cache_misses = 123201
preemptive halt, cache_misses = 123201
preemptive halt, cache_misses = 123201
preemptive halt, cache_misses = 123201
preemptive halt, cache_misses = 123201
preemptive halt, cache_misses = 123201
preemptive halt, cache_misses = 123201
preemptive halt, cache_misses = 123201
preemptive halt, cache_misses = 123201
preemptive halt, cache_misses = 123201
preemptive halt, cache_misses = 123201
preemptive halt, cache_misses = 123201
preemptive halt, cache_misses = 123201
preemptive halt, cache_misses = 123201
preemptive halt, cache_misses = 123201
preemptive halt, cache_misses = 123201
preemptive halt, cache_misses = 123201
preemptive halt, cache_misses = 123201
preemptive halt, cache_misses = 123201
preemptive halt, cache_misses = 123201
preemptive halt, cache_misses = 123201
preemptive halt, cache_misses = 123201
preemptive halt, cache_misses = 123201
preemptive halt, cache_misses = 123201
binary search, size 27413  misses 123201  min 27411  max 27416
preemptive halt, cache_misses = 123202
preemptive halt, cache_misses = 123202
preemptive halt, cache_misses = 123202
preemptive halt, cache_misses = 123202
preemptive halt, cache_misses = 123202
preemptive halt, cache_misses = 123202
preemptive halt, cache_misses = 123202
preemptive halt, cache_misses = 123202
preemptive halt, cache_misses = 123202
preemptive halt, cache_misses = 123202
preemptive halt, cache_misses = 123202
preemptive halt, cache_misses = 123202
preemptive halt, cache_misses = 123202
preemptive halt, cache_misses = 123202
preemptive halt, cache_misses = 123202
preemptive halt, cache_misses = 123202
preemptive halt, cache_misses = 123202
preemptive halt, cache_misses = 123202
preemptive halt, cache_misses = 123202
preemptive halt, cache_misses = 123202
preemptive halt, cache_misses = 123202
preemptive halt, cache_misses = 123202
preemptive halt, cache_misses = 123202
preemptive halt, cache_misses = 123202
preemptive halt, cache_misses = 123202
preemptive halt, cache_misses = 123202
preemptive halt, cache_misses = 123202
preemptive halt, cache_misses = 123202
preemptive halt, cache_misses = 123202
preemptive halt, cache_misses = 123202
preemptive halt, cache_misses = 123202
preemptive halt, cache_misses = 123202
preemptive halt, cache_misses = 123202
preemptive halt, cache_misses = 123202
preemptive halt, cache_misses = 123202
preemptive halt, cache_misses = 123202
preemptive halt, cache_misses = 123202
preemptive halt, cache_misses = 123202
preemptive halt, cache_misses = 123202
preemptive halt, cache_misses = 123202
preemptive halt, cache_misses = 123202
preemptive halt, cache_misses = 123202
preemptive halt, cache_misses = 123202
preemptive halt, cache_misses = 123202
preemptive halt, cache_misses = 123202
preemptive halt, cache_misses = 123202
preemptive halt, cache_misses = 123202
preemptive halt, cache_misses = 123202
preemptive halt, cache_misses = 123202
preemptive halt, cache_misses = 123202
preemptive halt, cache_misses = 123202
preemptive halt, cache_misses = 123202
preemptive halt, cache_misses = 123202
preemptive halt, cache_misses = 123202
preemptive halt, cache_misses = 123202
preemptive halt, cache_misses = 123202
preemptive halt, cache_misses = 123202
preemptive halt, cache_misses = 123202
preemptive halt, cache_misses = 123202
preemptive halt, cache_misses = 123202
preemptive halt, cache_misses = 123202
preemptive halt, cache_misses = 123202
preemptive halt, cache_misses = 123202
preemptive halt, cache_misses = 123202
preemptive halt, cache_misses = 123202
preemptive halt, cache_misses = 123202
preemptive halt, cache_misses = 123202
preemptive halt, cache_misses = 123202
preemptive halt, cache_misses = 123202
preemptive halt, cache_misses = 123202
preemptive halt, cache_misses = 123202
preemptive halt, cache_misses = 123202
preemptive halt, cache_misses = 123202
preemptive halt, cache_misses = 123202
preemptive halt, cache_misses = 123202
preemptive halt, cache_misses = 123202
preemptive halt, cache_misses = 123202
preemptive halt, cache_misses = 123202
preemptive halt, cache_misses = 123202
preemptive halt, cache_misses = 123202
binary search, size 27414  misses 123202  min 27413  max 27416
preemptive halt, cache_misses = 123203
preemptive halt, cache_misses = 123203
preemptive halt, cache_misses = 123203
preemptive halt, cache_misses = 123203
preemptive halt, cache_misses = 123203
preemptive halt, cache_misses = 123203
preemptive halt, cache_misses = 123203
preemptive halt, cache_misses = 123203
preemptive halt, cache_misses = 123203
preemptive halt, cache_misses = 123203
preemptive halt, cache_misses = 123203
preemptive halt, cache_misses = 123203
preemptive halt, cache_misses = 123203
preemptive halt, cache_misses = 123203
preemptive halt, cache_misses = 123203
preemptive halt, cache_misses = 123203
preemptive halt, cache_misses = 123203
preemptive halt, cache_misses = 123203
preemptive halt, cache_misses = 123203
preemptive halt, cache_misses = 123203
preemptive halt, cache_misses = 123203
preemptive halt, cache_misses = 123203
preemptive halt, cache_misses = 123203
preemptive halt, cache_misses = 123203
preemptive halt, cache_misses = 123203
preemptive halt, cache_misses = 123203
preemptive halt, cache_misses = 123203
preemptive halt, cache_misses = 123203
preemptive halt, cache_misses = 123203
preemptive halt, cache_misses = 123203
preemptive halt, cache_misses = 123203
preemptive halt, cache_misses = 123203
preemptive halt, cache_misses = 123203
preemptive halt, cache_misses = 123203
preemptive halt, cache_misses = 123203
preemptive halt, cache_misses = 123203
preemptive halt, cache_misses = 123203
preemptive halt, cache_misses = 123203
preemptive halt, cache_misses = 123203
preemptive halt, cache_misses = 123203
preemptive halt, cache_misses = 123203
preemptive halt, cache_misses = 123203
preemptive halt, cache_misses = 123203
preemptive halt, cache_misses = 123203
preemptive halt, cache_misses = 123203
preemptive halt, cache_misses = 123203
preemptive halt, cache_misses = 123203
preemptive halt, cache_misses = 123203
preemptive halt, cache_misses = 123203
preemptive halt, cache_misses = 123203
preemptive halt, cache_misses = 123203
preemptive halt, cache_misses = 123203
preemptive halt, cache_misses = 123203
preemptive halt, cache_misses = 123203
preemptive halt, cache_misses = 123203
preemptive halt, cache_misses = 123203
preemptive halt, cache_misses = 123203
preemptive halt, cache_misses = 123203
preemptive halt, cache_misses = 123203
preemptive halt, cache_misses = 123203
preemptive halt, cache_misses = 123203
preemptive halt, cache_misses = 123203
preemptive halt, cache_misses = 123203
preemptive halt, cache_misses = 123203
preemptive halt, cache_misses = 123203
preemptive halt, cache_misses = 123203
preemptive halt, cache_misses = 123203
preemptive halt, cache_misses = 123203
preemptive halt, cache_misses = 123203
preemptive halt, cache_misses = 123203
preemptive halt, cache_misses = 123203
preemptive halt, cache_misses = 123203
preemptive halt, cache_misses = 123203
preemptive halt, cache_misses = 123203
preemptive halt, cache_misses = 123203
preemptive halt, cache_misses = 123203
preemptive halt, cache_misses = 123203
preemptive halt, cache_misses = 123203
preemptive halt, cache_misses = 123203
preemptive halt, cache_misses = 123203
preemptive halt, cache_misses = 123203
preemptive halt, cache_misses = 123203
binary search, size 27415  misses 123203  min 27414  max 27416
characteristic cache size (binary search) for 350 = 27416
End at: 2021-04-02 16:37:05.035548
Time elapsed: 0:00:02.407145
