Begin at: 2021-04-02 16:35:42.697140
['../dist/Debug/GNU-Linux/memo_batch_tester', '', '--mbt_execution_trace_fname', 'olcs4_traceback_csize_input_types/OLCS4_lru_2021_04_02__16_32_13_k_3__d_2_cache_size_160000_problems_10_to_400/OLCS4_lru_2021_04_02__16_32_13_k_3__d_2_cache_size_160000_problems_10_to_400/OLCS4__do_traceback_prob_size_312_cache_size_160000_lru_k_3_d_2_execution_trace_2021_4_2_16_35_42_pid_23588.log', '--mbt_cache_misses_fname', 'olcs4_traceback_csize_input_types/OLCS4_lru_2021_04_02__16_32_13_k_3__d_2_cache_size_160000_problems_10_to_400/lcs_cost_OLCS4_lru_misses_for_cache_size.csv', '--mbt_misses_for_problem_size_fname', 'olcs4_traceback_csize_input_types/OLCS4_lru_2021_04_02__16_32_13_k_3__d_2_cache_size_160000_problems_10_to_400/lcs_cost_OLCS4_lru_misses_for_problem_size.csv', '--mbt_exact_cutoff_min_cache_size', '160000', '--mbt_exact_cutoff_max_cache_size', '160000', '--mbt_problem_type', 'lcs', '--mbt_metric_type', 'csize_binary_search', '--mbt_cutoff_ratio', '2.2', '--mbt_instance_fname', '312', '--mbt_detailed_cache_misses_out_fname', 'csize_olcs4_traceback_0011n_ceil_n_b_9.csv', '--mbt_phi_N', '5.0', '--mbt_problem_size', '312', '--lcs_compute_length', '0', '--lcs_perform_traceback', '1', '--lig_instance_type', '0011n_ceil_n_b', '--lig_n', '312', '--lig_c', '0.9', '--lig_b', '9.0', '--lcs_oblivious', '4', '--lcs_execution_trace_fname', 'olcs4_traceback_csize_input_types/OLCS4_lru_2021_04_02__16_32_13_k_3__d_2_cache_size_160000_problems_10_to_400/OLCS4_lru_2021_04_02__16_32_13_k_3__d_2_cache_size_160000_problems_10_to_400/OLCS4__do_traceback_prob_size_312_cache_size_160000_lru_k_3_d_2_execution_trace_2021_4_2_16_35_42_pid_23588.log', '--memo_caching_strategy', 'lru', '--memo_cache_size', '160001', '--memo_lru_queue_size', '160000', '--memo_cuckoo_k', '4', '--memo_key_length', '8', '--memo_value_length', '8', '--memo_k_timestamps', '3', '--memo_d_recent_timestamps', '2', '--memo_a_items_per_timestamp_factor', '0.4375']

csize_binary_search chosen
lcs problem_type lcs cache_size 160001
initialize_long_int_cache begin
init_memo
arguments to memo:
 --mbt_execution_trace_fname olcs4_traceback_csize_input_types/OLCS4_lru_2021_04_02__16_32_13_k_3__d_2_cache_size_160000_problems_10_to_400/OLCS4_lru_2021_04_02__16_32_13_k_3__d_2_cache_size_160000_problems_10_to_400/OLCS4__do_traceback_prob_size_312_cache_size_160000_lru_k_3_d_2_execution_trace_2021_4_2_16_35_42_pid_23588.log --mbt_cache_misses_fname olcs4_traceback_csize_input_types/OLCS4_lru_2021_04_02__16_32_13_k_3__d_2_cache_size_160000_problems_10_to_400/lcs_cost_OLCS4_lru_misses_for_cache_size.csv --mbt_misses_for_problem_size_fname olcs4_traceback_csize_input_types/OLCS4_lru_2021_04_02__16_32_13_k_3__d_2_cache_size_160000_problems_10_to_400/lcs_cost_OLCS4_lru_misses_for_problem_size.csv --mbt_exact_cutoff_min_cache_size 160000 --mbt_exact_cutoff_max_cache_size 160000 --mbt_problem_type lcs --mbt_metric_type csize_binary_search --mbt_cutoff_ratio 2.2 --mbt_instance_fname 312 --mbt_detailed_cache_misses_out_fname csize_olcs4_traceback_0011n_ceil_n_b_9.csv --mbt_phi_N 5.0 --mbt_problem_size 312 --lcs_compute_length 0 --lcs_perform_traceback 1 --lig_instance_type 0011n_ceil_n_b --lig_n 312 --lig_c 0.9 --lig_b 9.0 --lcs_oblivious 4 --lcs_execution_trace_fname olcs4_traceback_csize_input_types/OLCS4_lru_2021_04_02__16_32_13_k_3__d_2_cache_size_160000_problems_10_to_400/OLCS4_lru_2021_04_02__16_32_13_k_3__d_2_cache_size_160000_problems_10_to_400/OLCS4__do_traceback_prob_size_312_cache_size_160000_lru_k_3_d_2_execution_trace_2021_4_2_16_35_42_pid_23588.log --memo_caching_strategy lru --memo_cache_size 160001 --memo_lru_queue_size 160000 --memo_cuckoo_k 4 --memo_key_length 8 --memo_value_length 8 --memo_k_timestamps 3 --memo_d_recent_timestamps 2 --memo_a_items_per_timestamp_factor 0.4375 
calculate_table_size: table_size is 262144, original is 160001
Finished initializing cache
initialize_long_int_cache end
done initializing cache
initializing problem
done initializing problem
commence trials
Starting characteristic_cache_size_binary_search with max cache size 160001
binary search, size 160001  misses 97968
binary search, size 80000  misses 97968  min 0  max 160001
binary search, size 40000  misses 97968  min 0  max 80000
preemptive halt, cache_misses = 97969
preemptive halt, cache_misses = 97969
preemptive halt, cache_misses = 97969
preemptive halt, cache_misses = 97969
preemptive halt, cache_misses = 97969
preemptive halt, cache_misses = 97969
preemptive halt, cache_misses = 97969
preemptive halt, cache_misses = 97969
preemptive halt, cache_misses = 97969
preemptive halt, cache_misses = 97969
preemptive halt, cache_misses = 97969
preemptive halt, cache_misses = 97969
preemptive halt, cache_misses = 97969
preemptive halt, cache_misses = 97969
preemptive halt, cache_misses = 97969
preemptive halt, cache_misses = 97969
preemptive halt, cache_misses = 97969
preemptive halt, cache_misses = 97969
preemptive halt, cache_misses = 97969
preemptive halt, cache_misses = 97969
preemptive halt, cache_misses = 97969
preemptive halt, cache_misses = 97969
preemptive halt, cache_misses = 97969
preemptive halt, cache_misses = 97969
preemptive halt, cache_misses = 97969
preemptive halt, cache_misses = 97969
preemptive halt, cache_misses = 97969
preemptive halt, cache_misses = 97969
preemptive halt, cache_misses = 97969
preemptive halt, cache_misses = 97969
preemptive halt, cache_misses = 97969
preemptive halt, cache_misses = 97969
preemptive halt, cache_misses = 97969
preemptive halt, cache_misses = 97969
preemptive halt, cache_misses = 97969
preemptive halt, cache_misses = 97969
preemptive halt, cache_misses = 97969
preemptive halt, cache_misses = 97969
preemptive halt, cache_misses = 97969
preemptive halt, cache_misses = 97969
preemptive halt, cache_misses = 97969
preemptive halt, cache_misses = 97969
preemptive halt, cache_misses = 97969
preemptive halt, cache_misses = 97969
preemptive halt, cache_misses = 97969
preemptive halt, cache_misses = 97969
preemptive halt, cache_misses = 97969
preemptive halt, cache_misses = 97969
preemptive halt, cache_misses = 97969
preemptive halt, cache_misses = 97969
preemptive halt, cache_misses = 97969
preemptive halt, cache_misses = 97969
preemptive halt, cache_misses = 97969
preemptive halt, cache_misses = 97969
preemptive halt, cache_misses = 97969
preemptive halt, cache_misses = 97969
preemptive halt, cache_misses = 97969
preemptive halt, cache_misses = 97969
preemptive halt, cache_misses = 97969
preemptive halt, cache_misses = 97969
preemptive halt, cache_misses = 97969
preemptive halt, cache_misses = 97969
preemptive halt, cache_misses = 97969
preemptive halt, cache_misses = 97969
preemptive halt, cache_misses = 97969
preemptive halt, cache_misses = 97969
binary search, size 20000  misses 97969  min 0  max 40000
binary search, size 30000  misses 97968  min 20000  max 40000
binary search, size 25000  misses 97968  min 20000  max 30000
binary search, size 22500  misses 97968  min 20000  max 25000
preemptive halt, cache_misses = 97969
preemptive halt, cache_misses = 97969
preemptive halt, cache_misses = 97969
preemptive halt, cache_misses = 97969
preemptive halt, cache_misses = 97969
preemptive halt, cache_misses = 97969
preemptive halt, cache_misses = 97969
preemptive halt, cache_misses = 97969
preemptive halt, cache_misses = 97969
preemptive halt, cache_misses = 97969
preemptive halt, cache_misses = 97969
preemptive halt, cache_misses = 97969
preemptive halt, cache_misses = 97969
preemptive halt, cache_misses = 97969
preemptive halt, cache_misses = 97969
preemptive halt, cache_misses = 97969
preemptive halt, cache_misses = 97969
preemptive halt, cache_misses = 97969
preemptive halt, cache_misses = 97969
preemptive halt, cache_misses = 97969
preemptive halt, cache_misses = 97969
preemptive halt, cache_misses = 97969
preemptive halt, cache_misses = 97969
preemptive halt, cache_misses = 97969
preemptive halt, cache_misses = 97969
preemptive halt, cache_misses = 97969
preemptive halt, cache_misses = 97969
preemptive halt, cache_misses = 97969
preemptive halt, cache_misses = 97969
preemptive halt, cache_misses = 97969
preemptive halt, cache_misses = 97969
preemptive halt, cache_misses = 97969
preemptive halt, cache_misses = 97969
preemptive halt, cache_misses = 97969
preemptive halt, cache_misses = 97969
preemptive halt, cache_misses = 97969
preemptive halt, cache_misses = 97969
preemptive halt, cache_misses = 97969
preemptive halt, cache_misses = 97969
preemptive halt, cache_misses = 97969
preemptive halt, cache_misses = 97969
preemptive halt, cache_misses = 97969
preemptive halt, cache_misses = 97969
preemptive halt, cache_misses = 97969
preemptive halt, cache_misses = 97969
preemptive halt, cache_misses = 97969
preemptive halt, cache_misses = 97969
preemptive halt, cache_misses = 97969
preemptive halt, cache_misses = 97969
preemptive halt, cache_misses = 97969
preemptive halt, cache_misses = 97969
preemptive halt, cache_misses = 97969
preemptive halt, cache_misses = 97969
preemptive halt, cache_misses = 97969
preemptive halt, cache_misses = 97969
preemptive halt, cache_misses = 97969
preemptive halt, cache_misses = 97969
preemptive halt, cache_misses = 97969
preemptive halt, cache_misses = 97969
preemptive halt, cache_misses = 97969
preemptive halt, cache_misses = 97969
preemptive halt, cache_misses = 97969
preemptive halt, cache_misses = 97969
preemptive halt, cache_misses = 97969
preemptive halt, cache_misses = 97969
preemptive halt, cache_misses = 97969
binary search, size 21250  misses 97969  min 20000  max 22500
binary search, size 21875  misses 97968  min 21250  max 22500
binary search, size 21562  misses 97968  min 21250  max 21875
binary search, size 21406  misses 97968  min 21250  max 21562
binary search, size 21328  misses 97968  min 21250  max 21406
preemptive halt, cache_misses = 97969
preemptive halt, cache_misses = 97969
preemptive halt, cache_misses = 97969
preemptive halt, cache_misses = 97969
preemptive halt, cache_misses = 97969
preemptive halt, cache_misses = 97969
preemptive halt, cache_misses = 97969
preemptive halt, cache_misses = 97969
preemptive halt, cache_misses = 97969
preemptive halt, cache_misses = 97969
preemptive halt, cache_misses = 97969
preemptive halt, cache_misses = 97969
preemptive halt, cache_misses = 97969
preemptive halt, cache_misses = 97969
preemptive halt, cache_misses = 97969
preemptive halt, cache_misses = 97969
preemptive halt, cache_misses = 97969
preemptive halt, cache_misses = 97969
preemptive halt, cache_misses = 97969
preemptive halt, cache_misses = 97969
preemptive halt, cache_misses = 97969
preemptive halt, cache_misses = 97969
preemptive halt, cache_misses = 97969
preemptive halt, cache_misses = 97969
preemptive halt, cache_misses = 97969
preemptive halt, cache_misses = 97969
preemptive halt, cache_misses = 97969
preemptive halt, cache_misses = 97969
preemptive halt, cache_misses = 97969
preemptive halt, cache_misses = 97969
preemptive halt, cache_misses = 97969
preemptive halt, cache_misses = 97969
preemptive halt, cache_misses = 97969
preemptive halt, cache_misses = 97969
preemptive halt, cache_misses = 97969
preemptive halt, cache_misses = 97969
preemptive halt, cache_misses = 97969
preemptive halt, cache_misses = 97969
preemptive halt, cache_misses = 97969
preemptive halt, cache_misses = 97969
preemptive halt, cache_misses = 97969
preemptive halt, cache_misses = 97969
preemptive halt, cache_misses = 97969
preemptive halt, cache_misses = 97969
preemptive halt, cache_misses = 97969
preemptive halt, cache_misses = 97969
preemptive halt, cache_misses = 97969
preemptive halt, cache_misses = 97969
preemptive halt, cache_misses = 97969
preemptive halt, cache_misses = 97969
preemptive halt, cache_misses = 97969
preemptive halt, cache_misses = 97969
preemptive halt, cache_misses = 97969
preemptive halt, cache_misses = 97969
preemptive halt, cache_misses = 97969
preemptive halt, cache_misses = 97969
preemptive halt, cache_misses = 97969
preemptive halt, cache_misses = 97969
preemptive halt, cache_misses = 97969
preemptive halt, cache_misses = 97969
preemptive halt, cache_misses = 97969
preemptive halt, cache_misses = 97969
preemptive halt, cache_misses = 97969
preemptive halt, cache_misses = 97969
preemptive halt, cache_misses = 97969
preemptive halt, cache_misses = 97969
binary search, size 21289  misses 97969  min 21250  max 21328
preemptive halt, cache_misses = 97970
preemptive halt, cache_misses = 97970
preemptive halt, cache_misses = 97970
preemptive halt, cache_misses = 97970
preemptive halt, cache_misses = 97970
preemptive halt, cache_misses = 97970
preemptive halt, cache_misses = 97970
preemptive halt, cache_misses = 97970
preemptive halt, cache_misses = 97970
preemptive halt, cache_misses = 97970
preemptive halt, cache_misses = 97970
preemptive halt, cache_misses = 97970
preemptive halt, cache_misses = 97970
preemptive halt, cache_misses = 97970
preemptive halt, cache_misses = 97970
preemptive halt, cache_misses = 97970
preemptive halt, cache_misses = 97970
preemptive halt, cache_misses = 97970
preemptive halt, cache_misses = 97970
preemptive halt, cache_misses = 97970
preemptive halt, cache_misses = 97970
preemptive halt, cache_misses = 97970
preemptive halt, cache_misses = 97970
preemptive halt, cache_misses = 97970
preemptive halt, cache_misses = 97970
preemptive halt, cache_misses = 97970
preemptive halt, cache_misses = 97970
preemptive halt, cache_misses = 97970
preemptive halt, cache_misses = 97970
preemptive halt, cache_misses = 97970
preemptive halt, cache_misses = 97970
preemptive halt, cache_misses = 97970
preemptive halt, cache_misses = 97970
preemptive halt, cache_misses = 97970
preemptive halt, cache_misses = 97970
preemptive halt, cache_misses = 97970
preemptive halt, cache_misses = 97970
preemptive halt, cache_misses = 97970
preemptive halt, cache_misses = 97970
preemptive halt, cache_misses = 97970
preemptive halt, cache_misses = 97970
preemptive halt, cache_misses = 97970
preemptive halt, cache_misses = 97970
preemptive halt, cache_misses = 97970
preemptive halt, cache_misses = 97970
preemptive halt, cache_misses = 97970
preemptive halt, cache_misses = 97970
preemptive halt, cache_misses = 97970
preemptive halt, cache_misses = 97970
preemptive halt, cache_misses = 97970
preemptive halt, cache_misses = 97970
preemptive halt, cache_misses = 97970
preemptive halt, cache_misses = 97970
preemptive halt, cache_misses = 97970
preemptive halt, cache_misses = 97970
preemptive halt, cache_misses = 97970
preemptive halt, cache_misses = 97970
preemptive halt, cache_misses = 97970
preemptive halt, cache_misses = 97970
preemptive halt, cache_misses = 97970
preemptive halt, cache_misses = 97970
preemptive halt, cache_misses = 97970
preemptive halt, cache_misses = 97970
preemptive halt, cache_misses = 97970
preemptive halt, cache_misses = 97970
preemptive halt, cache_misses = 97970
preemptive halt, cache_misses = 97970
preemptive halt, cache_misses = 97970
binary search, size 21308  misses 97970  min 21289  max 21328
binary search, size 21318  misses 97968  min 21308  max 21328
preemptive halt, cache_misses = 97969
preemptive halt, cache_misses = 97969
preemptive halt, cache_misses = 97969
preemptive halt, cache_misses = 97969
preemptive halt, cache_misses = 97969
preemptive halt, cache_misses = 97969
preemptive halt, cache_misses = 97969
preemptive halt, cache_misses = 97969
preemptive halt, cache_misses = 97969
preemptive halt, cache_misses = 97969
preemptive halt, cache_misses = 97969
preemptive halt, cache_misses = 97969
preemptive halt, cache_misses = 97969
preemptive halt, cache_misses = 97969
preemptive halt, cache_misses = 97969
preemptive halt, cache_misses = 97969
preemptive halt, cache_misses = 97969
preemptive halt, cache_misses = 97969
preemptive halt, cache_misses = 97969
preemptive halt, cache_misses = 97969
preemptive halt, cache_misses = 97969
preemptive halt, cache_misses = 97969
preemptive halt, cache_misses = 97969
preemptive halt, cache_misses = 97969
preemptive halt, cache_misses = 97969
preemptive halt, cache_misses = 97969
preemptive halt, cache_misses = 97969
preemptive halt, cache_misses = 97969
preemptive halt, cache_misses = 97969
preemptive halt, cache_misses = 97969
preemptive halt, cache_misses = 97969
preemptive halt, cache_misses = 97969
preemptive halt, cache_misses = 97969
preemptive halt, cache_misses = 97969
preemptive halt, cache_misses = 97969
preemptive halt, cache_misses = 97969
preemptive halt, cache_misses = 97969
preemptive halt, cache_misses = 97969
preemptive halt, cache_misses = 97969
preemptive halt, cache_misses = 97969
preemptive halt, cache_misses = 97969
preemptive halt, cache_misses = 97969
preemptive halt, cache_misses = 97969
preemptive halt, cache_misses = 97969
preemptive halt, cache_misses = 97969
preemptive halt, cache_misses = 97969
preemptive halt, cache_misses = 97969
preemptive halt, cache_misses = 97969
preemptive halt, cache_misses = 97969
preemptive halt, cache_misses = 97969
preemptive halt, cache_misses = 97969
preemptive halt, cache_misses = 97969
preemptive halt, cache_misses = 97969
preemptive halt, cache_misses = 97969
preemptive halt, cache_misses = 97969
preemptive halt, cache_misses = 97969
preemptive halt, cache_misses = 97969
preemptive halt, cache_misses = 97969
preemptive halt, cache_misses = 97969
preemptive halt, cache_misses = 97969
preemptive halt, cache_misses = 97969
preemptive halt, cache_misses = 97969
preemptive halt, cache_misses = 97969
preemptive halt, cache_misses = 97969
preemptive halt, cache_misses = 97969
preemptive halt, cache_misses = 97969
binary search, size 21313  misses 97969  min 21308  max 21318
preemptive halt, cache_misses = 97970
preemptive halt, cache_misses = 97970
preemptive halt, cache_misses = 97970
preemptive halt, cache_misses = 97970
preemptive halt, cache_misses = 97970
preemptive halt, cache_misses = 97970
preemptive halt, cache_misses = 97970
preemptive halt, cache_misses = 97970
preemptive halt, cache_misses = 97970
preemptive halt, cache_misses = 97970
preemptive halt, cache_misses = 97970
preemptive halt, cache_misses = 97970
preemptive halt, cache_misses = 97970
preemptive halt, cache_misses = 97970
preemptive halt, cache_misses = 97970
preemptive halt, cache_misses = 97970
preemptive halt, cache_misses = 97970
preemptive halt, cache_misses = 97970
preemptive halt, cache_misses = 97970
preemptive halt, cache_misses = 97970
preemptive halt, cache_misses = 97970
preemptive halt, cache_misses = 97970
preemptive halt, cache_misses = 97970
preemptive halt, cache_misses = 97970
preemptive halt, cache_misses = 97970
preemptive halt, cache_misses = 97970
preemptive halt, cache_misses = 97970
preemptive halt, cache_misses = 97970
preemptive halt, cache_misses = 97970
preemptive halt, cache_misses = 97970
preemptive halt, cache_misses = 97970
preemptive halt, cache_misses = 97970
preemptive halt, cache_misses = 97970
preemptive halt, cache_misses = 97970
preemptive halt, cache_misses = 97970
preemptive halt, cache_misses = 97970
preemptive halt, cache_misses = 97970
preemptive halt, cache_misses = 97970
preemptive halt, cache_misses = 97970
preemptive halt, cache_misses = 97970
preemptive halt, cache_misses = 97970
preemptive halt, cache_misses = 97970
preemptive halt, cache_misses = 97970
preemptive halt, cache_misses = 97970
preemptive halt, cache_misses = 97970
preemptive halt, cache_misses = 97970
preemptive halt, cache_misses = 97970
preemptive halt, cache_misses = 97970
preemptive halt, cache_misses = 97970
preemptive halt, cache_misses = 97970
preemptive halt, cache_misses = 97970
preemptive halt, cache_misses = 97970
preemptive halt, cache_misses = 97970
preemptive halt, cache_misses = 97970
preemptive halt, cache_misses = 97970
preemptive halt, cache_misses = 97970
preemptive halt, cache_misses = 97970
preemptive halt, cache_misses = 97970
preemptive halt, cache_misses = 97970
preemptive halt, cache_misses = 97970
preemptive halt, cache_misses = 97970
preemptive halt, cache_misses = 97970
preemptive halt, cache_misses = 97970
preemptive halt, cache_misses = 97970
preemptive halt, cache_misses = 97970
preemptive halt, cache_misses = 97970
preemptive halt, cache_misses = 97970
preemptive halt, cache_misses = 97970
binary search, size 21315  misses 97970  min 21313  max 21318
binary search, size 21316  misses 97968  min 21315  max 21318
characteristic cache size (binary search) for 312 = 21316
End at: 2021-04-02 16:35:44.597994
Time elapsed: 0:00:01.900872
