Begin at: 2021-04-02 16:37:52.166911
['../dist/Debug/GNU-Linux/memo_batch_tester', '', '--mbt_execution_trace_fname', 'olcs4_traceback_csize_input_types/OLCS4_lru_2021_04_02__16_32_13_k_3__d_2_cache_size_160000_problems_10_to_400/OLCS4_lru_2021_04_02__16_32_13_k_3__d_2_cache_size_160000_problems_10_to_400/OLCS4__do_traceback_prob_size_370_cache_size_160000_lru_k_3_d_2_execution_trace_2021_4_2_16_37_52_pid_23717.log', '--mbt_cache_misses_fname', 'olcs4_traceback_csize_input_types/OLCS4_lru_2021_04_02__16_32_13_k_3__d_2_cache_size_160000_problems_10_to_400/lcs_cost_OLCS4_lru_misses_for_cache_size.csv', '--mbt_misses_for_problem_size_fname', 'olcs4_traceback_csize_input_types/OLCS4_lru_2021_04_02__16_32_13_k_3__d_2_cache_size_160000_problems_10_to_400/lcs_cost_OLCS4_lru_misses_for_problem_size.csv', '--mbt_exact_cutoff_min_cache_size', '160000', '--mbt_exact_cutoff_max_cache_size', '160000', '--mbt_problem_type', 'lcs', '--mbt_metric_type', 'csize_binary_search', '--mbt_cutoff_ratio', '2.2', '--mbt_instance_fname', '370', '--mbt_detailed_cache_misses_out_fname', 'csize_olcs4_traceback_0011n_ceil_n_b_9.csv', '--mbt_phi_N', '5.0', '--mbt_problem_size', '370', '--lcs_compute_length', '0', '--lcs_perform_traceback', '1', '--lig_instance_type', '0011n_ceil_n_b', '--lig_n', '370', '--lig_c', '0.9', '--lig_b', '9.0', '--lcs_oblivious', '4', '--lcs_execution_trace_fname', 'olcs4_traceback_csize_input_types/OLCS4_lru_2021_04_02__16_32_13_k_3__d_2_cache_size_160000_problems_10_to_400/OLCS4_lru_2021_04_02__16_32_13_k_3__d_2_cache_size_160000_problems_10_to_400/OLCS4__do_traceback_prob_size_370_cache_size_160000_lru_k_3_d_2_execution_trace_2021_4_2_16_37_52_pid_23717.log', '--memo_caching_strategy', 'lru', '--memo_cache_size', '160001', '--memo_lru_queue_size', '160000', '--memo_cuckoo_k', '4', '--memo_key_length', '8', '--memo_value_length', '8', '--memo_k_timestamps', '3', '--memo_d_recent_timestamps', '2', '--memo_a_items_per_timestamp_factor', '0.4375']

csize_binary_search chosen
lcs problem_type lcs cache_size 160001
initialize_long_int_cache begin
init_memo
arguments to memo:
 --mbt_execution_trace_fname olcs4_traceback_csize_input_types/OLCS4_lru_2021_04_02__16_32_13_k_3__d_2_cache_size_160000_problems_10_to_400/OLCS4_lru_2021_04_02__16_32_13_k_3__d_2_cache_size_160000_problems_10_to_400/OLCS4__do_traceback_prob_size_370_cache_size_160000_lru_k_3_d_2_execution_trace_2021_4_2_16_37_52_pid_23717.log --mbt_cache_misses_fname olcs4_traceback_csize_input_types/OLCS4_lru_2021_04_02__16_32_13_k_3__d_2_cache_size_160000_problems_10_to_400/lcs_cost_OLCS4_lru_misses_for_cache_size.csv --mbt_misses_for_problem_size_fname olcs4_traceback_csize_input_types/OLCS4_lru_2021_04_02__16_32_13_k_3__d_2_cache_size_160000_problems_10_to_400/lcs_cost_OLCS4_lru_misses_for_problem_size.csv --mbt_exact_cutoff_min_cache_size 160000 --mbt_exact_cutoff_max_cache_size 160000 --mbt_problem_type lcs --mbt_metric_type csize_binary_search --mbt_cutoff_ratio 2.2 --mbt_instance_fname 370 --mbt_detailed_cache_misses_out_fname csize_olcs4_traceback_0011n_ceil_n_b_9.csv --mbt_phi_N 5.0 --mbt_problem_size 370 --lcs_compute_length 0 --lcs_perform_traceback 1 --lig_instance_type 0011n_ceil_n_b --lig_n 370 --lig_c 0.9 --lig_b 9.0 --lcs_oblivious 4 --lcs_execution_trace_fname olcs4_traceback_csize_input_types/OLCS4_lru_2021_04_02__16_32_13_k_3__d_2_cache_size_160000_problems_10_to_400/OLCS4_lru_2021_04_02__16_32_13_k_3__d_2_cache_size_160000_problems_10_to_400/OLCS4__do_traceback_prob_size_370_cache_size_160000_lru_k_3_d_2_execution_trace_2021_4_2_16_37_52_pid_23717.log --memo_caching_strategy lru --memo_cache_size 160001 --memo_lru_queue_size 160000 --memo_cuckoo_k 4 --memo_key_length 8 --memo_value_length 8 --memo_k_timestamps 3 --memo_d_recent_timestamps 2 --memo_a_items_per_timestamp_factor 0.4375 
calculate_table_size: table_size is 262144, original is 160001
Finished initializing cache
initialize_long_int_cache end
done initializing cache
initializing problem
done initializing problem
commence trials
Starting characteristic_cache_size_binary_search with max cache size 160001
binary search, size 160001  misses 137640
binary search, size 80000  misses 137640  min 0  max 160001
binary search, size 40000  misses 137640  min 0  max 80000
preemptive halt, cache_misses = 137641
preemptive halt, cache_misses = 137641
preemptive halt, cache_misses = 137641
preemptive halt, cache_misses = 137641
preemptive halt, cache_misses = 137641
preemptive halt, cache_misses = 137641
preemptive halt, cache_misses = 137641
preemptive halt, cache_misses = 137641
preemptive halt, cache_misses = 137641
preemptive halt, cache_misses = 137641
preemptive halt, cache_misses = 137641
preemptive halt, cache_misses = 137641
preemptive halt, cache_misses = 137641
preemptive halt, cache_misses = 137641
preemptive halt, cache_misses = 137641
preemptive halt, cache_misses = 137641
preemptive halt, cache_misses = 137641
preemptive halt, cache_misses = 137641
preemptive halt, cache_misses = 137641
preemptive halt, cache_misses = 137641
preemptive halt, cache_misses = 137641
preemptive halt, cache_misses = 137641
preemptive halt, cache_misses = 137641
preemptive halt, cache_misses = 137641
preemptive halt, cache_misses = 137641
preemptive halt, cache_misses = 137641
preemptive halt, cache_misses = 137641
preemptive halt, cache_misses = 137641
preemptive halt, cache_misses = 137641
preemptive halt, cache_misses = 137641
preemptive halt, cache_misses = 137641
preemptive halt, cache_misses = 137641
preemptive halt, cache_misses = 137641
preemptive halt, cache_misses = 137641
preemptive halt, cache_misses = 137641
preemptive halt, cache_misses = 137641
preemptive halt, cache_misses = 137641
preemptive halt, cache_misses = 137641
preemptive halt, cache_misses = 137641
preemptive halt, cache_misses = 137641
preemptive halt, cache_misses = 137641
preemptive halt, cache_misses = 137641
preemptive halt, cache_misses = 137641
preemptive halt, cache_misses = 137641
preemptive halt, cache_misses = 137641
preemptive halt, cache_misses = 137641
preemptive halt, cache_misses = 137641
preemptive halt, cache_misses = 137641
preemptive halt, cache_misses = 137641
preemptive halt, cache_misses = 137641
preemptive halt, cache_misses = 137641
preemptive halt, cache_misses = 137641
preemptive halt, cache_misses = 137641
preemptive halt, cache_misses = 137641
preemptive halt, cache_misses = 137641
preemptive halt, cache_misses = 137641
preemptive halt, cache_misses = 137641
preemptive halt, cache_misses = 137641
preemptive halt, cache_misses = 137641
preemptive halt, cache_misses = 137641
preemptive halt, cache_misses = 137641
preemptive halt, cache_misses = 137641
preemptive halt, cache_misses = 137641
preemptive halt, cache_misses = 137641
preemptive halt, cache_misses = 137641
preemptive halt, cache_misses = 137641
preemptive halt, cache_misses = 137641
preemptive halt, cache_misses = 137641
preemptive halt, cache_misses = 137641
preemptive halt, cache_misses = 137641
binary search, size 20000  misses 137641  min 0  max 40000
binary search, size 30000  misses 137640  min 20000  max 40000
preemptive halt, cache_misses = 137641
preemptive halt, cache_misses = 137641
preemptive halt, cache_misses = 137641
preemptive halt, cache_misses = 137641
preemptive halt, cache_misses = 137641
preemptive halt, cache_misses = 137641
preemptive halt, cache_misses = 137641
preemptive halt, cache_misses = 137641
preemptive halt, cache_misses = 137641
preemptive halt, cache_misses = 137641
preemptive halt, cache_misses = 137641
preemptive halt, cache_misses = 137641
preemptive halt, cache_misses = 137641
preemptive halt, cache_misses = 137641
preemptive halt, cache_misses = 137641
preemptive halt, cache_misses = 137641
preemptive halt, cache_misses = 137641
preemptive halt, cache_misses = 137641
preemptive halt, cache_misses = 137641
preemptive halt, cache_misses = 137641
preemptive halt, cache_misses = 137641
preemptive halt, cache_misses = 137641
preemptive halt, cache_misses = 137641
preemptive halt, cache_misses = 137641
preemptive halt, cache_misses = 137641
preemptive halt, cache_misses = 137641
preemptive halt, cache_misses = 137641
preemptive halt, cache_misses = 137641
preemptive halt, cache_misses = 137641
preemptive halt, cache_misses = 137641
preemptive halt, cache_misses = 137641
preemptive halt, cache_misses = 137641
preemptive halt, cache_misses = 137641
preemptive halt, cache_misses = 137641
preemptive halt, cache_misses = 137641
preemptive halt, cache_misses = 137641
preemptive halt, cache_misses = 137641
preemptive halt, cache_misses = 137641
preemptive halt, cache_misses = 137641
preemptive halt, cache_misses = 137641
preemptive halt, cache_misses = 137641
preemptive halt, cache_misses = 137641
preemptive halt, cache_misses = 137641
preemptive halt, cache_misses = 137641
preemptive halt, cache_misses = 137641
preemptive halt, cache_misses = 137641
preemptive halt, cache_misses = 137641
preemptive halt, cache_misses = 137641
preemptive halt, cache_misses = 137641
preemptive halt, cache_misses = 137641
preemptive halt, cache_misses = 137641
preemptive halt, cache_misses = 137641
preemptive halt, cache_misses = 137641
preemptive halt, cache_misses = 137641
preemptive halt, cache_misses = 137641
preemptive halt, cache_misses = 137641
preemptive halt, cache_misses = 137641
preemptive halt, cache_misses = 137641
preemptive halt, cache_misses = 137641
preemptive halt, cache_misses = 137641
preemptive halt, cache_misses = 137641
preemptive halt, cache_misses = 137641
preemptive halt, cache_misses = 137641
preemptive halt, cache_misses = 137641
preemptive halt, cache_misses = 137641
preemptive halt, cache_misses = 137641
preemptive halt, cache_misses = 137641
preemptive halt, cache_misses = 137641
preemptive halt, cache_misses = 137641
preemptive halt, cache_misses = 137641
binary search, size 25000  misses 137641  min 20000  max 30000
preemptive halt, cache_misses = 137642
preemptive halt, cache_misses = 137642
preemptive halt, cache_misses = 137642
preemptive halt, cache_misses = 137642
preemptive halt, cache_misses = 137642
preemptive halt, cache_misses = 137642
preemptive halt, cache_misses = 137642
preemptive halt, cache_misses = 137642
preemptive halt, cache_misses = 137642
preemptive halt, cache_misses = 137642
preemptive halt, cache_misses = 137642
preemptive halt, cache_misses = 137642
preemptive halt, cache_misses = 137642
preemptive halt, cache_misses = 137642
preemptive halt, cache_misses = 137642
preemptive halt, cache_misses = 137642
preemptive halt, cache_misses = 137642
preemptive halt, cache_misses = 137642
preemptive halt, cache_misses = 137642
preemptive halt, cache_misses = 137642
preemptive halt, cache_misses = 137642
preemptive halt, cache_misses = 137642
preemptive halt, cache_misses = 137642
preemptive halt, cache_misses = 137642
preemptive halt, cache_misses = 137642
preemptive halt, cache_misses = 137642
preemptive halt, cache_misses = 137642
preemptive halt, cache_misses = 137642
preemptive halt, cache_misses = 137642
preemptive halt, cache_misses = 137642
preemptive halt, cache_misses = 137642
preemptive halt, cache_misses = 137642
preemptive halt, cache_misses = 137642
preemptive halt, cache_misses = 137642
preemptive halt, cache_misses = 137642
preemptive halt, cache_misses = 137642
preemptive halt, cache_misses = 137642
preemptive halt, cache_misses = 137642
preemptive halt, cache_misses = 137642
preemptive halt, cache_misses = 137642
preemptive halt, cache_misses = 137642
preemptive halt, cache_misses = 137642
preemptive halt, cache_misses = 137642
preemptive halt, cache_misses = 137642
preemptive halt, cache_misses = 137642
preemptive halt, cache_misses = 137642
preemptive halt, cache_misses = 137642
preemptive halt, cache_misses = 137642
preemptive halt, cache_misses = 137642
preemptive halt, cache_misses = 137642
preemptive halt, cache_misses = 137642
preemptive halt, cache_misses = 137642
preemptive halt, cache_misses = 137642
preemptive halt, cache_misses = 137642
preemptive halt, cache_misses = 137642
preemptive halt, cache_misses = 137642
preemptive halt, cache_misses = 137642
preemptive halt, cache_misses = 137642
preemptive halt, cache_misses = 137642
preemptive halt, cache_misses = 137642
preemptive halt, cache_misses = 137642
preemptive halt, cache_misses = 137642
preemptive halt, cache_misses = 137642
preemptive halt, cache_misses = 137642
preemptive halt, cache_misses = 137642
preemptive halt, cache_misses = 137642
preemptive halt, cache_misses = 137642
preemptive halt, cache_misses = 137642
preemptive halt, cache_misses = 137642
preemptive halt, cache_misses = 137642
preemptive halt, cache_misses = 137642
preemptive halt, cache_misses = 137642
binary search, size 27500  misses 137642  min 25000  max 30000
binary search, size 28750  misses 137640  min 27500  max 30000
preemptive halt, cache_misses = 137641
preemptive halt, cache_misses = 137641
preemptive halt, cache_misses = 137641
preemptive halt, cache_misses = 137641
preemptive halt, cache_misses = 137641
preemptive halt, cache_misses = 137641
preemptive halt, cache_misses = 137641
preemptive halt, cache_misses = 137641
preemptive halt, cache_misses = 137641
preemptive halt, cache_misses = 137641
preemptive halt, cache_misses = 137641
preemptive halt, cache_misses = 137641
preemptive halt, cache_misses = 137641
preemptive halt, cache_misses = 137641
preemptive halt, cache_misses = 137641
preemptive halt, cache_misses = 137641
preemptive halt, cache_misses = 137641
preemptive halt, cache_misses = 137641
preemptive halt, cache_misses = 137641
preemptive halt, cache_misses = 137641
preemptive halt, cache_misses = 137641
preemptive halt, cache_misses = 137641
preemptive halt, cache_misses = 137641
preemptive halt, cache_misses = 137641
preemptive halt, cache_misses = 137641
preemptive halt, cache_misses = 137641
preemptive halt, cache_misses = 137641
preemptive halt, cache_misses = 137641
preemptive halt, cache_misses = 137641
preemptive halt, cache_misses = 137641
preemptive halt, cache_misses = 137641
preemptive halt, cache_misses = 137641
preemptive halt, cache_misses = 137641
preemptive halt, cache_misses = 137641
preemptive halt, cache_misses = 137641
preemptive halt, cache_misses = 137641
preemptive halt, cache_misses = 137641
preemptive halt, cache_misses = 137641
preemptive halt, cache_misses = 137641
preemptive halt, cache_misses = 137641
preemptive halt, cache_misses = 137641
preemptive halt, cache_misses = 137641
preemptive halt, cache_misses = 137641
preemptive halt, cache_misses = 137641
preemptive halt, cache_misses = 137641
preemptive halt, cache_misses = 137641
preemptive halt, cache_misses = 137641
preemptive halt, cache_misses = 137641
preemptive halt, cache_misses = 137641
preemptive halt, cache_misses = 137641
preemptive halt, cache_misses = 137641
preemptive halt, cache_misses = 137641
preemptive halt, cache_misses = 137641
preemptive halt, cache_misses = 137641
preemptive halt, cache_misses = 137641
preemptive halt, cache_misses = 137641
preemptive halt, cache_misses = 137641
preemptive halt, cache_misses = 137641
preemptive halt, cache_misses = 137641
preemptive halt, cache_misses = 137641
preemptive halt, cache_misses = 137641
preemptive halt, cache_misses = 137641
preemptive halt, cache_misses = 137641
preemptive halt, cache_misses = 137641
preemptive halt, cache_misses = 137641
preemptive halt, cache_misses = 137641
preemptive halt, cache_misses = 137641
preemptive halt, cache_misses = 137641
preemptive halt, cache_misses = 137641
preemptive halt, cache_misses = 137641
binary search, size 28125  misses 137641  min 27500  max 28750
preemptive halt, cache_misses = 137642
preemptive halt, cache_misses = 137642
preemptive halt, cache_misses = 137642
preemptive halt, cache_misses = 137642
preemptive halt, cache_misses = 137642
preemptive halt, cache_misses = 137642
preemptive halt, cache_misses = 137642
preemptive halt, cache_misses = 137642
preemptive halt, cache_misses = 137642
preemptive halt, cache_misses = 137642
preemptive halt, cache_misses = 137642
preemptive halt, cache_misses = 137642
preemptive halt, cache_misses = 137642
preemptive halt, cache_misses = 137642
preemptive halt, cache_misses = 137642
preemptive halt, cache_misses = 137642
preemptive halt, cache_misses = 137642
preemptive halt, cache_misses = 137642
preemptive halt, cache_misses = 137642
preemptive halt, cache_misses = 137642
preemptive halt, cache_misses = 137642
preemptive halt, cache_misses = 137642
preemptive halt, cache_misses = 137642
preemptive halt, cache_misses = 137642
preemptive halt, cache_misses = 137642
preemptive halt, cache_misses = 137642
preemptive halt, cache_misses = 137642
preemptive halt, cache_misses = 137642
preemptive halt, cache_misses = 137642
preemptive halt, cache_misses = 137642
preemptive halt, cache_misses = 137642
preemptive halt, cache_misses = 137642
preemptive halt, cache_misses = 137642
preemptive halt, cache_misses = 137642
preemptive halt, cache_misses = 137642
preemptive halt, cache_misses = 137642
preemptive halt, cache_misses = 137642
preemptive halt, cache_misses = 137642
preemptive halt, cache_misses = 137642
preemptive halt, cache_misses = 137642
preemptive halt, cache_misses = 137642
preemptive halt, cache_misses = 137642
preemptive halt, cache_misses = 137642
preemptive halt, cache_misses = 137642
preemptive halt, cache_misses = 137642
preemptive halt, cache_misses = 137642
preemptive halt, cache_misses = 137642
preemptive halt, cache_misses = 137642
preemptive halt, cache_misses = 137642
preemptive halt, cache_misses = 137642
preemptive halt, cache_misses = 137642
preemptive halt, cache_misses = 137642
preemptive halt, cache_misses = 137642
preemptive halt, cache_misses = 137642
preemptive halt, cache_misses = 137642
preemptive halt, cache_misses = 137642
preemptive halt, cache_misses = 137642
preemptive halt, cache_misses = 137642
preemptive halt, cache_misses = 137642
preemptive halt, cache_misses = 137642
preemptive halt, cache_misses = 137642
preemptive halt, cache_misses = 137642
preemptive halt, cache_misses = 137642
preemptive halt, cache_misses = 137642
preemptive halt, cache_misses = 137642
preemptive halt, cache_misses = 137642
preemptive halt, cache_misses = 137642
preemptive halt, cache_misses = 137642
preemptive halt, cache_misses = 137642
preemptive halt, cache_misses = 137642
preemptive halt, cache_misses = 137642
preemptive halt, cache_misses = 137642
binary search, size 28437  misses 137642  min 28125  max 28750
preemptive halt, cache_misses = 137643
preemptive halt, cache_misses = 137643
preemptive halt, cache_misses = 137643
preemptive halt, cache_misses = 137643
preemptive halt, cache_misses = 137643
preemptive halt, cache_misses = 137643
preemptive halt, cache_misses = 137643
preemptive halt, cache_misses = 137643
preemptive halt, cache_misses = 137643
preemptive halt, cache_misses = 137643
preemptive halt, cache_misses = 137643
preemptive halt, cache_misses = 137643
preemptive halt, cache_misses = 137643
preemptive halt, cache_misses = 137643
preemptive halt, cache_misses = 137643
preemptive halt, cache_misses = 137643
preemptive halt, cache_misses = 137643
preemptive halt, cache_misses = 137643
preemptive halt, cache_misses = 137643
preemptive halt, cache_misses = 137643
preemptive halt, cache_misses = 137643
preemptive halt, cache_misses = 137643
preemptive halt, cache_misses = 137643
preemptive halt, cache_misses = 137643
preemptive halt, cache_misses = 137643
preemptive halt, cache_misses = 137643
preemptive halt, cache_misses = 137643
preemptive halt, cache_misses = 137643
preemptive halt, cache_misses = 137643
preemptive halt, cache_misses = 137643
preemptive halt, cache_misses = 137643
preemptive halt, cache_misses = 137643
preemptive halt, cache_misses = 137643
preemptive halt, cache_misses = 137643
preemptive halt, cache_misses = 137643
preemptive halt, cache_misses = 137643
preemptive halt, cache_misses = 137643
preemptive halt, cache_misses = 137643
preemptive halt, cache_misses = 137643
preemptive halt, cache_misses = 137643
preemptive halt, cache_misses = 137643
preemptive halt, cache_misses = 137643
preemptive halt, cache_misses = 137643
preemptive halt, cache_misses = 137643
preemptive halt, cache_misses = 137643
preemptive halt, cache_misses = 137643
preemptive halt, cache_misses = 137643
preemptive halt, cache_misses = 137643
preemptive halt, cache_misses = 137643
preemptive halt, cache_misses = 137643
preemptive halt, cache_misses = 137643
preemptive halt, cache_misses = 137643
preemptive halt, cache_misses = 137643
preemptive halt, cache_misses = 137643
preemptive halt, cache_misses = 137643
preemptive halt, cache_misses = 137643
preemptive halt, cache_misses = 137643
preemptive halt, cache_misses = 137643
preemptive halt, cache_misses = 137643
preemptive halt, cache_misses = 137643
preemptive halt, cache_misses = 137643
preemptive halt, cache_misses = 137643
preemptive halt, cache_misses = 137643
preemptive halt, cache_misses = 137643
preemptive halt, cache_misses = 137643
preemptive halt, cache_misses = 137643
preemptive halt, cache_misses = 137643
preemptive halt, cache_misses = 137643
preemptive halt, cache_misses = 137643
preemptive halt, cache_misses = 137643
preemptive halt, cache_misses = 137643
preemptive halt, cache_misses = 137643
preemptive halt, cache_misses = 137643
preemptive halt, cache_misses = 137643
binary search, size 28593  misses 137643  min 28437  max 28750
binary search, size 28671  misses 137640  min 28593  max 28750
binary search, size 28632  misses 137640  min 28593  max 28671
binary search, size 28612  misses 137640  min 28593  max 28632
binary search, size 28602  misses 137640  min 28593  max 28612
preemptive halt, cache_misses = 137641
preemptive halt, cache_misses = 137641
preemptive halt, cache_misses = 137641
preemptive halt, cache_misses = 137641
preemptive halt, cache_misses = 137641
preemptive halt, cache_misses = 137641
preemptive halt, cache_misses = 137641
preemptive halt, cache_misses = 137641
preemptive halt, cache_misses = 137641
preemptive halt, cache_misses = 137641
preemptive halt, cache_misses = 137641
preemptive halt, cache_misses = 137641
preemptive halt, cache_misses = 137641
preemptive halt, cache_misses = 137641
preemptive halt, cache_misses = 137641
preemptive halt, cache_misses = 137641
preemptive halt, cache_misses = 137641
preemptive halt, cache_misses = 137641
preemptive halt, cache_misses = 137641
preemptive halt, cache_misses = 137641
preemptive halt, cache_misses = 137641
preemptive halt, cache_misses = 137641
preemptive halt, cache_misses = 137641
preemptive halt, cache_misses = 137641
preemptive halt, cache_misses = 137641
preemptive halt, cache_misses = 137641
preemptive halt, cache_misses = 137641
preemptive halt, cache_misses = 137641
preemptive halt, cache_misses = 137641
preemptive halt, cache_misses = 137641
preemptive halt, cache_misses = 137641
preemptive halt, cache_misses = 137641
preemptive halt, cache_misses = 137641
preemptive halt, cache_misses = 137641
preemptive halt, cache_misses = 137641
preemptive halt, cache_misses = 137641
preemptive halt, cache_misses = 137641
preemptive halt, cache_misses = 137641
preemptive halt, cache_misses = 137641
preemptive halt, cache_misses = 137641
preemptive halt, cache_misses = 137641
preemptive halt, cache_misses = 137641
preemptive halt, cache_misses = 137641
preemptive halt, cache_misses = 137641
preemptive halt, cache_misses = 137641
preemptive halt, cache_misses = 137641
preemptive halt, cache_misses = 137641
preemptive halt, cache_misses = 137641
preemptive halt, cache_misses = 137641
preemptive halt, cache_misses = 137641
preemptive halt, cache_misses = 137641
preemptive halt, cache_misses = 137641
preemptive halt, cache_misses = 137641
preemptive halt, cache_misses = 137641
preemptive halt, cache_misses = 137641
preemptive halt, cache_misses = 137641
preemptive halt, cache_misses = 137641
preemptive halt, cache_misses = 137641
preemptive halt, cache_misses = 137641
preemptive halt, cache_misses = 137641
preemptive halt, cache_misses = 137641
preemptive halt, cache_misses = 137641
preemptive halt, cache_misses = 137641
preemptive halt, cache_misses = 137641
preemptive halt, cache_misses = 137641
preemptive halt, cache_misses = 137641
preemptive halt, cache_misses = 137641
preemptive halt, cache_misses = 137641
preemptive halt, cache_misses = 137641
preemptive halt, cache_misses = 137641
binary search, size 28597  misses 137641  min 28593  max 28602
preemptive halt, cache_misses = 137642
preemptive halt, cache_misses = 137642
preemptive halt, cache_misses = 137642
preemptive halt, cache_misses = 137642
preemptive halt, cache_misses = 137642
preemptive halt, cache_misses = 137642
preemptive halt, cache_misses = 137642
preemptive halt, cache_misses = 137642
preemptive halt, cache_misses = 137642
preemptive halt, cache_misses = 137642
preemptive halt, cache_misses = 137642
preemptive halt, cache_misses = 137642
preemptive halt, cache_misses = 137642
preemptive halt, cache_misses = 137642
preemptive halt, cache_misses = 137642
preemptive halt, cache_misses = 137642
preemptive halt, cache_misses = 137642
preemptive halt, cache_misses = 137642
preemptive halt, cache_misses = 137642
preemptive halt, cache_misses = 137642
preemptive halt, cache_misses = 137642
preemptive halt, cache_misses = 137642
preemptive halt, cache_misses = 137642
preemptive halt, cache_misses = 137642
preemptive halt, cache_misses = 137642
preemptive halt, cache_misses = 137642
preemptive halt, cache_misses = 137642
preemptive halt, cache_misses = 137642
preemptive halt, cache_misses = 137642
preemptive halt, cache_misses = 137642
preemptive halt, cache_misses = 137642
preemptive halt, cache_misses = 137642
preemptive halt, cache_misses = 137642
preemptive halt, cache_misses = 137642
preemptive halt, cache_misses = 137642
preemptive halt, cache_misses = 137642
preemptive halt, cache_misses = 137642
preemptive halt, cache_misses = 137642
preemptive halt, cache_misses = 137642
preemptive halt, cache_misses = 137642
preemptive halt, cache_misses = 137642
preemptive halt, cache_misses = 137642
preemptive halt, cache_misses = 137642
preemptive halt, cache_misses = 137642
preemptive halt, cache_misses = 137642
preemptive halt, cache_misses = 137642
preemptive halt, cache_misses = 137642
preemptive halt, cache_misses = 137642
preemptive halt, cache_misses = 137642
preemptive halt, cache_misses = 137642
preemptive halt, cache_misses = 137642
preemptive halt, cache_misses = 137642
preemptive halt, cache_misses = 137642
preemptive halt, cache_misses = 137642
preemptive halt, cache_misses = 137642
preemptive halt, cache_misses = 137642
preemptive halt, cache_misses = 137642
preemptive halt, cache_misses = 137642
preemptive halt, cache_misses = 137642
preemptive halt, cache_misses = 137642
preemptive halt, cache_misses = 137642
preemptive halt, cache_misses = 137642
preemptive halt, cache_misses = 137642
preemptive halt, cache_misses = 137642
preemptive halt, cache_misses = 137642
preemptive halt, cache_misses = 137642
preemptive halt, cache_misses = 137642
preemptive halt, cache_misses = 137642
preemptive halt, cache_misses = 137642
preemptive halt, cache_misses = 137642
preemptive halt, cache_misses = 137642
preemptive halt, cache_misses = 137642
binary search, size 28599  misses 137642  min 28597  max 28602
preemptive halt, cache_misses = 137643
preemptive halt, cache_misses = 137643
preemptive halt, cache_misses = 137643
preemptive halt, cache_misses = 137643
preemptive halt, cache_misses = 137643
preemptive halt, cache_misses = 137643
preemptive halt, cache_misses = 137643
preemptive halt, cache_misses = 137643
preemptive halt, cache_misses = 137643
preemptive halt, cache_misses = 137643
preemptive halt, cache_misses = 137643
preemptive halt, cache_misses = 137643
preemptive halt, cache_misses = 137643
preemptive halt, cache_misses = 137643
preemptive halt, cache_misses = 137643
preemptive halt, cache_misses = 137643
preemptive halt, cache_misses = 137643
preemptive halt, cache_misses = 137643
preemptive halt, cache_misses = 137643
preemptive halt, cache_misses = 137643
preemptive halt, cache_misses = 137643
preemptive halt, cache_misses = 137643
preemptive halt, cache_misses = 137643
preemptive halt, cache_misses = 137643
preemptive halt, cache_misses = 137643
preemptive halt, cache_misses = 137643
preemptive halt, cache_misses = 137643
preemptive halt, cache_misses = 137643
preemptive halt, cache_misses = 137643
preemptive halt, cache_misses = 137643
preemptive halt, cache_misses = 137643
preemptive halt, cache_misses = 137643
preemptive halt, cache_misses = 137643
preemptive halt, cache_misses = 137643
preemptive halt, cache_misses = 137643
preemptive halt, cache_misses = 137643
preemptive halt, cache_misses = 137643
preemptive halt, cache_misses = 137643
preemptive halt, cache_misses = 137643
preemptive halt, cache_misses = 137643
preemptive halt, cache_misses = 137643
preemptive halt, cache_misses = 137643
preemptive halt, cache_misses = 137643
preemptive halt, cache_misses = 137643
preemptive halt, cache_misses = 137643
preemptive halt, cache_misses = 137643
preemptive halt, cache_misses = 137643
preemptive halt, cache_misses = 137643
preemptive halt, cache_misses = 137643
preemptive halt, cache_misses = 137643
preemptive halt, cache_misses = 137643
preemptive halt, cache_misses = 137643
preemptive halt, cache_misses = 137643
preemptive halt, cache_misses = 137643
preemptive halt, cache_misses = 137643
preemptive halt, cache_misses = 137643
preemptive halt, cache_misses = 137643
preemptive halt, cache_misses = 137643
preemptive halt, cache_misses = 137643
preemptive halt, cache_misses = 137643
preemptive halt, cache_misses = 137643
preemptive halt, cache_misses = 137643
preemptive halt, cache_misses = 137643
preemptive halt, cache_misses = 137643
preemptive halt, cache_misses = 137643
preemptive halt, cache_misses = 137643
preemptive halt, cache_misses = 137643
preemptive halt, cache_misses = 137643
preemptive halt, cache_misses = 137643
preemptive halt, cache_misses = 137643
preemptive halt, cache_misses = 137643
preemptive halt, cache_misses = 137643
preemptive halt, cache_misses = 137643
preemptive halt, cache_misses = 137643
binary search, size 28600  misses 137643  min 28599  max 28602
binary search, size 28601  misses 137640  min 28600  max 28602
characteristic cache size (binary search) for 370 = 28601
End at: 2021-04-02 16:37:55.000357
Time elapsed: 0:00:02.833464
