Begin at: 2021-04-02 02:04:22.374755
['../dist/Debug/GNU-Linux/memo_batch_tester', '', '--mbt_execution_trace_fname', 'olcs4_traceback_csize_input_types/OLCS4_lru_2021_04_02__01_59_28_k_3__d_2_cache_size_160000_problems_10_to_400/OLCS4_lru_2021_04_02__01_59_28_k_3__d_2_cache_size_160000_problems_10_to_400/OLCS4__do_traceback_prob_size_352_cache_size_160000_lru_k_3_d_2_execution_trace_2021_4_2_2_4_22_pid_9437.log', '--mbt_cache_misses_fname', 'olcs4_traceback_csize_input_types/OLCS4_lru_2021_04_02__01_59_28_k_3__d_2_cache_size_160000_problems_10_to_400/lcs_cost_OLCS4_lru_misses_for_cache_size.csv', '--mbt_misses_for_problem_size_fname', 'olcs4_traceback_csize_input_types/OLCS4_lru_2021_04_02__01_59_28_k_3__d_2_cache_size_160000_problems_10_to_400/lcs_cost_OLCS4_lru_misses_for_problem_size.csv', '--mbt_exact_cutoff_min_cache_size', '160000', '--mbt_exact_cutoff_max_cache_size', '160000', '--mbt_problem_type', 'lcs', '--mbt_metric_type', 'csize_binary_search', '--mbt_cutoff_ratio', '2.2', '--mbt_instance_fname', '352', '--mbt_detailed_cache_misses_out_fname', 'csize_olcs4_traceback_0011nc_nc1100_0_6.csv', '--mbt_phi_N', '5.0', '--mbt_problem_size', '352', '--lcs_compute_length', '0', '--lcs_perform_traceback', '1', '--lig_instance_type', '0011nc_nc1100', '--lig_n', '352', '--lig_c', '0.6', '--lig_b', '3.0', '--lcs_oblivious', '4', '--lcs_execution_trace_fname', 'olcs4_traceback_csize_input_types/OLCS4_lru_2021_04_02__01_59_28_k_3__d_2_cache_size_160000_problems_10_to_400/OLCS4_lru_2021_04_02__01_59_28_k_3__d_2_cache_size_160000_problems_10_to_400/OLCS4__do_traceback_prob_size_352_cache_size_160000_lru_k_3_d_2_execution_trace_2021_4_2_2_4_22_pid_9437.log', '--memo_caching_strategy', 'lru', '--memo_cache_size', '160001', '--memo_lru_queue_size', '160000', '--memo_cuckoo_k', '4', '--memo_key_length', '8', '--memo_value_length', '8', '--memo_k_timestamps', '3', '--memo_d_recent_timestamps', '2', '--memo_a_items_per_timestamp_factor', '0.4375']

csize_binary_search chosen
lcs problem_type lcs cache_size 160001
initialize_long_int_cache begin
init_memo
arguments to memo:
 --mbt_execution_trace_fname olcs4_traceback_csize_input_types/OLCS4_lru_2021_04_02__01_59_28_k_3__d_2_cache_size_160000_problems_10_to_400/OLCS4_lru_2021_04_02__01_59_28_k_3__d_2_cache_size_160000_problems_10_to_400/OLCS4__do_traceback_prob_size_352_cache_size_160000_lru_k_3_d_2_execution_trace_2021_4_2_2_4_22_pid_9437.log --mbt_cache_misses_fname olcs4_traceback_csize_input_types/OLCS4_lru_2021_04_02__01_59_28_k_3__d_2_cache_size_160000_problems_10_to_400/lcs_cost_OLCS4_lru_misses_for_cache_size.csv --mbt_misses_for_problem_size_fname olcs4_traceback_csize_input_types/OLCS4_lru_2021_04_02__01_59_28_k_3__d_2_cache_size_160000_problems_10_to_400/lcs_cost_OLCS4_lru_misses_for_problem_size.csv --mbt_exact_cutoff_min_cache_size 160000 --mbt_exact_cutoff_max_cache_size 160000 --mbt_problem_type lcs --mbt_metric_type csize_binary_search --mbt_cutoff_ratio 2.2 --mbt_instance_fname 352 --mbt_detailed_cache_misses_out_fname csize_olcs4_traceback_0011nc_nc1100_0_6.csv --mbt_phi_N 5.0 --mbt_problem_size 352 --lcs_compute_length 0 --lcs_perform_traceback 1 --lig_instance_type 0011nc_nc1100 --lig_n 352 --lig_c 0.6 --lig_b 3.0 --lcs_oblivious 4 --lcs_execution_trace_fname olcs4_traceback_csize_input_types/OLCS4_lru_2021_04_02__01_59_28_k_3__d_2_cache_size_160000_problems_10_to_400/OLCS4_lru_2021_04_02__01_59_28_k_3__d_2_cache_size_160000_problems_10_to_400/OLCS4__do_traceback_prob_size_352_cache_size_160000_lru_k_3_d_2_execution_trace_2021_4_2_2_4_22_pid_9437.log --memo_caching_strategy lru --memo_cache_size 160001 --memo_lru_queue_size 160000 --memo_cuckoo_k 4 --memo_key_length 8 --memo_value_length 8 --memo_k_timestamps 3 --memo_d_recent_timestamps 2 --memo_a_items_per_timestamp_factor 0.4375 
calculate_table_size: table_size is 262144, original is 160001
Finished initializing cache
initialize_long_int_cache end
done initializing cache
initializing problem
done initializing problem
commence trials
Starting characteristic_cache_size_binary_search with max cache size 160001
binary search, size 160001  misses 124608
binary search, size 80000  misses 124608  min 0  max 160001
binary search, size 40000  misses 124608  min 0  max 80000
binary search, size 20000  misses 124608  min 0  max 40000
preemptive halt, cache_misses = 124609
preemptive halt, cache_misses = 124609
preemptive halt, cache_misses = 124609
preemptive halt, cache_misses = 124609
preemptive halt, cache_misses = 124609
preemptive halt, cache_misses = 124609
preemptive halt, cache_misses = 124609
preemptive halt, cache_misses = 124609
preemptive halt, cache_misses = 124609
preemptive halt, cache_misses = 124609
preemptive halt, cache_misses = 124609
preemptive halt, cache_misses = 124609
preemptive halt, cache_misses = 124609
preemptive halt, cache_misses = 124609
preemptive halt, cache_misses = 124609
preemptive halt, cache_misses = 124609
preemptive halt, cache_misses = 124609
preemptive halt, cache_misses = 124609
preemptive halt, cache_misses = 124609
preemptive halt, cache_misses = 124609
preemptive halt, cache_misses = 124609
preemptive halt, cache_misses = 124609
preemptive halt, cache_misses = 124609
preemptive halt, cache_misses = 124609
preemptive halt, cache_misses = 124609
preemptive halt, cache_misses = 124609
preemptive halt, cache_misses = 124609
preemptive halt, cache_misses = 124609
preemptive halt, cache_misses = 124609
preemptive halt, cache_misses = 124609
preemptive halt, cache_misses = 124609
preemptive halt, cache_misses = 124609
preemptive halt, cache_misses = 124609
preemptive halt, cache_misses = 124609
preemptive halt, cache_misses = 124609
preemptive halt, cache_misses = 124609
preemptive halt, cache_misses = 124609
preemptive halt, cache_misses = 124609
preemptive halt, cache_misses = 124609
preemptive halt, cache_misses = 124609
preemptive halt, cache_misses = 124609
preemptive halt, cache_misses = 124609
preemptive halt, cache_misses = 124609
preemptive halt, cache_misses = 124609
preemptive halt, cache_misses = 124609
preemptive halt, cache_misses = 124609
binary search, size 10000  misses 124609  min 0  max 20000
preemptive halt, cache_misses = 124610
preemptive halt, cache_misses = 124610
preemptive halt, cache_misses = 124610
preemptive halt, cache_misses = 124610
preemptive halt, cache_misses = 124610
preemptive halt, cache_misses = 124610
preemptive halt, cache_misses = 124610
preemptive halt, cache_misses = 124610
preemptive halt, cache_misses = 124610
preemptive halt, cache_misses = 124610
preemptive halt, cache_misses = 124610
preemptive halt, cache_misses = 124610
preemptive halt, cache_misses = 124610
preemptive halt, cache_misses = 124610
preemptive halt, cache_misses = 124610
preemptive halt, cache_misses = 124610
preemptive halt, cache_misses = 124610
preemptive halt, cache_misses = 124610
preemptive halt, cache_misses = 124610
preemptive halt, cache_misses = 124610
preemptive halt, cache_misses = 124610
preemptive halt, cache_misses = 124610
preemptive halt, cache_misses = 124610
preemptive halt, cache_misses = 124610
preemptive halt, cache_misses = 124610
preemptive halt, cache_misses = 124610
preemptive halt, cache_misses = 124610
preemptive halt, cache_misses = 124610
preemptive halt, cache_misses = 124610
preemptive halt, cache_misses = 124610
preemptive halt, cache_misses = 124610
preemptive halt, cache_misses = 124610
preemptive halt, cache_misses = 124610
preemptive halt, cache_misses = 124610
preemptive halt, cache_misses = 124610
preemptive halt, cache_misses = 124610
preemptive halt, cache_misses = 124610
preemptive halt, cache_misses = 124610
preemptive halt, cache_misses = 124610
preemptive halt, cache_misses = 124610
preemptive halt, cache_misses = 124610
preemptive halt, cache_misses = 124610
preemptive halt, cache_misses = 124610
preemptive halt, cache_misses = 124610
preemptive halt, cache_misses = 124610
preemptive halt, cache_misses = 124610
preemptive halt, cache_misses = 124610
preemptive halt, cache_misses = 124610
binary search, size 15000  misses 124610  min 10000  max 20000
preemptive halt, cache_misses = 124611
preemptive halt, cache_misses = 124611
preemptive halt, cache_misses = 124611
preemptive halt, cache_misses = 124611
preemptive halt, cache_misses = 124611
preemptive halt, cache_misses = 124611
preemptive halt, cache_misses = 124611
preemptive halt, cache_misses = 124611
preemptive halt, cache_misses = 124611
preemptive halt, cache_misses = 124611
preemptive halt, cache_misses = 124611
preemptive halt, cache_misses = 124611
preemptive halt, cache_misses = 124611
preemptive halt, cache_misses = 124611
preemptive halt, cache_misses = 124611
preemptive halt, cache_misses = 124611
preemptive halt, cache_misses = 124611
preemptive halt, cache_misses = 124611
preemptive halt, cache_misses = 124611
preemptive halt, cache_misses = 124611
preemptive halt, cache_misses = 124611
preemptive halt, cache_misses = 124611
preemptive halt, cache_misses = 124611
preemptive halt, cache_misses = 124611
preemptive halt, cache_misses = 124611
preemptive halt, cache_misses = 124611
preemptive halt, cache_misses = 124611
preemptive halt, cache_misses = 124611
preemptive halt, cache_misses = 124611
preemptive halt, cache_misses = 124611
preemptive halt, cache_misses = 124611
preemptive halt, cache_misses = 124611
preemptive halt, cache_misses = 124611
preemptive halt, cache_misses = 124611
preemptive halt, cache_misses = 124611
preemptive halt, cache_misses = 124611
preemptive halt, cache_misses = 124611
preemptive halt, cache_misses = 124611
preemptive halt, cache_misses = 124611
preemptive halt, cache_misses = 124611
preemptive halt, cache_misses = 124611
preemptive halt, cache_misses = 124611
preemptive halt, cache_misses = 124611
preemptive halt, cache_misses = 124611
preemptive halt, cache_misses = 124611
preemptive halt, cache_misses = 124611
preemptive halt, cache_misses = 124611
preemptive halt, cache_misses = 124611
preemptive halt, cache_misses = 124611
preemptive halt, cache_misses = 124611
binary search, size 17500  misses 124611  min 15000  max 20000
preemptive halt, cache_misses = 124612
preemptive halt, cache_misses = 124612
preemptive halt, cache_misses = 124612
preemptive halt, cache_misses = 124612
preemptive halt, cache_misses = 124612
preemptive halt, cache_misses = 124612
preemptive halt, cache_misses = 124612
preemptive halt, cache_misses = 124612
preemptive halt, cache_misses = 124612
preemptive halt, cache_misses = 124612
preemptive halt, cache_misses = 124612
preemptive halt, cache_misses = 124612
preemptive halt, cache_misses = 124612
preemptive halt, cache_misses = 124612
preemptive halt, cache_misses = 124612
preemptive halt, cache_misses = 124612
preemptive halt, cache_misses = 124612
preemptive halt, cache_misses = 124612
preemptive halt, cache_misses = 124612
preemptive halt, cache_misses = 124612
preemptive halt, cache_misses = 124612
preemptive halt, cache_misses = 124612
preemptive halt, cache_misses = 124612
preemptive halt, cache_misses = 124612
preemptive halt, cache_misses = 124612
preemptive halt, cache_misses = 124612
preemptive halt, cache_misses = 124612
preemptive halt, cache_misses = 124612
preemptive halt, cache_misses = 124612
preemptive halt, cache_misses = 124612
preemptive halt, cache_misses = 124612
preemptive halt, cache_misses = 124612
preemptive halt, cache_misses = 124612
preemptive halt, cache_misses = 124612
preemptive halt, cache_misses = 124612
preemptive halt, cache_misses = 124612
preemptive halt, cache_misses = 124612
preemptive halt, cache_misses = 124612
preemptive halt, cache_misses = 124612
preemptive halt, cache_misses = 124612
preemptive halt, cache_misses = 124612
preemptive halt, cache_misses = 124612
preemptive halt, cache_misses = 124612
preemptive halt, cache_misses = 124612
preemptive halt, cache_misses = 124612
preemptive halt, cache_misses = 124612
preemptive halt, cache_misses = 124612
preemptive halt, cache_misses = 124612
preemptive halt, cache_misses = 124612
preemptive halt, cache_misses = 124612
preemptive halt, cache_misses = 124612
preemptive halt, cache_misses = 124612
binary search, size 18750  misses 124612  min 17500  max 20000
preemptive halt, cache_misses = 124613
preemptive halt, cache_misses = 124613
preemptive halt, cache_misses = 124613
preemptive halt, cache_misses = 124613
preemptive halt, cache_misses = 124613
preemptive halt, cache_misses = 124613
preemptive halt, cache_misses = 124613
preemptive halt, cache_misses = 124613
preemptive halt, cache_misses = 124613
preemptive halt, cache_misses = 124613
preemptive halt, cache_misses = 124613
preemptive halt, cache_misses = 124613
preemptive halt, cache_misses = 124613
preemptive halt, cache_misses = 124613
preemptive halt, cache_misses = 124613
preemptive halt, cache_misses = 124613
preemptive halt, cache_misses = 124613
preemptive halt, cache_misses = 124613
preemptive halt, cache_misses = 124613
preemptive halt, cache_misses = 124613
preemptive halt, cache_misses = 124613
preemptive halt, cache_misses = 124613
preemptive halt, cache_misses = 124613
preemptive halt, cache_misses = 124613
preemptive halt, cache_misses = 124613
preemptive halt, cache_misses = 124613
preemptive halt, cache_misses = 124613
preemptive halt, cache_misses = 124613
preemptive halt, cache_misses = 124613
preemptive halt, cache_misses = 124613
preemptive halt, cache_misses = 124613
preemptive halt, cache_misses = 124613
preemptive halt, cache_misses = 124613
preemptive halt, cache_misses = 124613
preemptive halt, cache_misses = 124613
preemptive halt, cache_misses = 124613
preemptive halt, cache_misses = 124613
preemptive halt, cache_misses = 124613
preemptive halt, cache_misses = 124613
preemptive halt, cache_misses = 124613
preemptive halt, cache_misses = 124613
preemptive halt, cache_misses = 124613
preemptive halt, cache_misses = 124613
preemptive halt, cache_misses = 124613
preemptive halt, cache_misses = 124613
preemptive halt, cache_misses = 124613
preemptive halt, cache_misses = 124613
preemptive halt, cache_misses = 124613
preemptive halt, cache_misses = 124613
preemptive halt, cache_misses = 124613
preemptive halt, cache_misses = 124613
preemptive halt, cache_misses = 124613
preemptive halt, cache_misses = 124613
preemptive halt, cache_misses = 124613
binary search, size 19375  misses 124613  min 18750  max 20000
preemptive halt, cache_misses = 124614
preemptive halt, cache_misses = 124614
preemptive halt, cache_misses = 124614
preemptive halt, cache_misses = 124614
preemptive halt, cache_misses = 124614
preemptive halt, cache_misses = 124614
preemptive halt, cache_misses = 124614
preemptive halt, cache_misses = 124614
preemptive halt, cache_misses = 124614
preemptive halt, cache_misses = 124614
preemptive halt, cache_misses = 124614
preemptive halt, cache_misses = 124614
preemptive halt, cache_misses = 124614
preemptive halt, cache_misses = 124614
preemptive halt, cache_misses = 124614
preemptive halt, cache_misses = 124614
preemptive halt, cache_misses = 124614
preemptive halt, cache_misses = 124614
preemptive halt, cache_misses = 124614
preemptive halt, cache_misses = 124614
preemptive halt, cache_misses = 124614
preemptive halt, cache_misses = 124614
preemptive halt, cache_misses = 124614
preemptive halt, cache_misses = 124614
preemptive halt, cache_misses = 124614
preemptive halt, cache_misses = 124614
preemptive halt, cache_misses = 124614
preemptive halt, cache_misses = 124614
preemptive halt, cache_misses = 124614
preemptive halt, cache_misses = 124614
preemptive halt, cache_misses = 124614
preemptive halt, cache_misses = 124614
preemptive halt, cache_misses = 124614
preemptive halt, cache_misses = 124614
preemptive halt, cache_misses = 124614
preemptive halt, cache_misses = 124614
preemptive halt, cache_misses = 124614
preemptive halt, cache_misses = 124614
preemptive halt, cache_misses = 124614
preemptive halt, cache_misses = 124614
preemptive halt, cache_misses = 124614
preemptive halt, cache_misses = 124614
preemptive halt, cache_misses = 124614
preemptive halt, cache_misses = 124614
preemptive halt, cache_misses = 124614
preemptive halt, cache_misses = 124614
preemptive halt, cache_misses = 124614
preemptive halt, cache_misses = 124614
preemptive halt, cache_misses = 124614
preemptive halt, cache_misses = 124614
preemptive halt, cache_misses = 124614
preemptive halt, cache_misses = 124614
preemptive halt, cache_misses = 124614
preemptive halt, cache_misses = 124614
preemptive halt, cache_misses = 124614
preemptive halt, cache_misses = 124614
binary search, size 19687  misses 124614  min 19375  max 20000
binary search, size 19843  misses 124608  min 19687  max 20000
preemptive halt, cache_misses = 124609
preemptive halt, cache_misses = 124609
preemptive halt, cache_misses = 124609
preemptive halt, cache_misses = 124609
preemptive halt, cache_misses = 124609
preemptive halt, cache_misses = 124609
preemptive halt, cache_misses = 124609
preemptive halt, cache_misses = 124609
preemptive halt, cache_misses = 124609
preemptive halt, cache_misses = 124609
preemptive halt, cache_misses = 124609
preemptive halt, cache_misses = 124609
preemptive halt, cache_misses = 124609
preemptive halt, cache_misses = 124609
preemptive halt, cache_misses = 124609
preemptive halt, cache_misses = 124609
preemptive halt, cache_misses = 124609
preemptive halt, cache_misses = 124609
preemptive halt, cache_misses = 124609
preemptive halt, cache_misses = 124609
preemptive halt, cache_misses = 124609
preemptive halt, cache_misses = 124609
preemptive halt, cache_misses = 124609
preemptive halt, cache_misses = 124609
preemptive halt, cache_misses = 124609
preemptive halt, cache_misses = 124609
preemptive halt, cache_misses = 124609
preemptive halt, cache_misses = 124609
preemptive halt, cache_misses = 124609
preemptive halt, cache_misses = 124609
preemptive halt, cache_misses = 124609
preemptive halt, cache_misses = 124609
preemptive halt, cache_misses = 124609
preemptive halt, cache_misses = 124609
preemptive halt, cache_misses = 124609
preemptive halt, cache_misses = 124609
preemptive halt, cache_misses = 124609
preemptive halt, cache_misses = 124609
preemptive halt, cache_misses = 124609
preemptive halt, cache_misses = 124609
preemptive halt, cache_misses = 124609
preemptive halt, cache_misses = 124609
preemptive halt, cache_misses = 124609
preemptive halt, cache_misses = 124609
preemptive halt, cache_misses = 124609
preemptive halt, cache_misses = 124609
binary search, size 19765  misses 124609  min 19687  max 19843
binary search, size 19804  misses 124608  min 19765  max 19843
preemptive halt, cache_misses = 124609
preemptive halt, cache_misses = 124609
preemptive halt, cache_misses = 124609
preemptive halt, cache_misses = 124609
preemptive halt, cache_misses = 124609
preemptive halt, cache_misses = 124609
preemptive halt, cache_misses = 124609
preemptive halt, cache_misses = 124609
preemptive halt, cache_misses = 124609
preemptive halt, cache_misses = 124609
preemptive halt, cache_misses = 124609
preemptive halt, cache_misses = 124609
preemptive halt, cache_misses = 124609
preemptive halt, cache_misses = 124609
preemptive halt, cache_misses = 124609
preemptive halt, cache_misses = 124609
preemptive halt, cache_misses = 124609
preemptive halt, cache_misses = 124609
preemptive halt, cache_misses = 124609
preemptive halt, cache_misses = 124609
preemptive halt, cache_misses = 124609
preemptive halt, cache_misses = 124609
preemptive halt, cache_misses = 124609
preemptive halt, cache_misses = 124609
preemptive halt, cache_misses = 124609
preemptive halt, cache_misses = 124609
preemptive halt, cache_misses = 124609
preemptive halt, cache_misses = 124609
preemptive halt, cache_misses = 124609
preemptive halt, cache_misses = 124609
preemptive halt, cache_misses = 124609
preemptive halt, cache_misses = 124609
preemptive halt, cache_misses = 124609
preemptive halt, cache_misses = 124609
preemptive halt, cache_misses = 124609
preemptive halt, cache_misses = 124609
preemptive halt, cache_misses = 124609
preemptive halt, cache_misses = 124609
preemptive halt, cache_misses = 124609
preemptive halt, cache_misses = 124609
preemptive halt, cache_misses = 124609
preemptive halt, cache_misses = 124609
preemptive halt, cache_misses = 124609
preemptive halt, cache_misses = 124609
preemptive halt, cache_misses = 124609
preemptive halt, cache_misses = 124609
binary search, size 19784  misses 124609  min 19765  max 19804
binary search, size 19794  misses 124608  min 19784  max 19804
preemptive halt, cache_misses = 124609
preemptive halt, cache_misses = 124609
preemptive halt, cache_misses = 124609
preemptive halt, cache_misses = 124609
preemptive halt, cache_misses = 124609
preemptive halt, cache_misses = 124609
preemptive halt, cache_misses = 124609
preemptive halt, cache_misses = 124609
preemptive halt, cache_misses = 124609
preemptive halt, cache_misses = 124609
preemptive halt, cache_misses = 124609
preemptive halt, cache_misses = 124609
preemptive halt, cache_misses = 124609
preemptive halt, cache_misses = 124609
preemptive halt, cache_misses = 124609
preemptive halt, cache_misses = 124609
preemptive halt, cache_misses = 124609
preemptive halt, cache_misses = 124609
preemptive halt, cache_misses = 124609
preemptive halt, cache_misses = 124609
preemptive halt, cache_misses = 124609
preemptive halt, cache_misses = 124609
preemptive halt, cache_misses = 124609
preemptive halt, cache_misses = 124609
preemptive halt, cache_misses = 124609
preemptive halt, cache_misses = 124609
preemptive halt, cache_misses = 124609
preemptive halt, cache_misses = 124609
preemptive halt, cache_misses = 124609
preemptive halt, cache_misses = 124609
preemptive halt, cache_misses = 124609
preemptive halt, cache_misses = 124609
preemptive halt, cache_misses = 124609
preemptive halt, cache_misses = 124609
preemptive halt, cache_misses = 124609
preemptive halt, cache_misses = 124609
preemptive halt, cache_misses = 124609
preemptive halt, cache_misses = 124609
preemptive halt, cache_misses = 124609
preemptive halt, cache_misses = 124609
preemptive halt, cache_misses = 124609
preemptive halt, cache_misses = 124609
preemptive halt, cache_misses = 124609
preemptive halt, cache_misses = 124609
preemptive halt, cache_misses = 124609
preemptive halt, cache_misses = 124609
binary search, size 19789  misses 124609  min 19784  max 19794
binary search, size 19791  misses 124608  min 19789  max 19794
binary search, size 19790  misses 124608  min 19789  max 19791
characteristic cache size (binary search) for 352 = 19790
End at: 2021-04-02 02:04:24.658272
Time elapsed: 0:00:02.283536
