Begin at: 2021-04-02 02:03:57.131310
['../dist/Debug/GNU-Linux/memo_batch_tester', '', '--mbt_execution_trace_fname', 'olcs4_traceback_csize_input_types/OLCS4_lru_2021_04_02__01_59_28_k_3__d_2_cache_size_160000_problems_10_to_400/OLCS4_lru_2021_04_02__01_59_28_k_3__d_2_cache_size_160000_problems_10_to_400/OLCS4__do_traceback_prob_size_341_cache_size_160000_lru_k_3_d_2_execution_trace_2021_4_2_2_3_57_pid_9414.log', '--mbt_cache_misses_fname', 'olcs4_traceback_csize_input_types/OLCS4_lru_2021_04_02__01_59_28_k_3__d_2_cache_size_160000_problems_10_to_400/lcs_cost_OLCS4_lru_misses_for_cache_size.csv', '--mbt_misses_for_problem_size_fname', 'olcs4_traceback_csize_input_types/OLCS4_lru_2021_04_02__01_59_28_k_3__d_2_cache_size_160000_problems_10_to_400/lcs_cost_OLCS4_lru_misses_for_problem_size.csv', '--mbt_exact_cutoff_min_cache_size', '160000', '--mbt_exact_cutoff_max_cache_size', '160000', '--mbt_problem_type', 'lcs', '--mbt_metric_type', 'csize_binary_search', '--mbt_cutoff_ratio', '2.2', '--mbt_instance_fname', '341', '--mbt_detailed_cache_misses_out_fname', 'csize_olcs4_traceback_0011nc_nc1100_0_6.csv', '--mbt_phi_N', '5.0', '--mbt_problem_size', '341', '--lcs_compute_length', '0', '--lcs_perform_traceback', '1', '--lig_instance_type', '0011nc_nc1100', '--lig_n', '341', '--lig_c', '0.6', '--lig_b', '3.0', '--lcs_oblivious', '4', '--lcs_execution_trace_fname', 'olcs4_traceback_csize_input_types/OLCS4_lru_2021_04_02__01_59_28_k_3__d_2_cache_size_160000_problems_10_to_400/OLCS4_lru_2021_04_02__01_59_28_k_3__d_2_cache_size_160000_problems_10_to_400/OLCS4__do_traceback_prob_size_341_cache_size_160000_lru_k_3_d_2_execution_trace_2021_4_2_2_3_57_pid_9414.log', '--memo_caching_strategy', 'lru', '--memo_cache_size', '160001', '--memo_lru_queue_size', '160000', '--memo_cuckoo_k', '4', '--memo_key_length', '8', '--memo_value_length', '8', '--memo_k_timestamps', '3', '--memo_d_recent_timestamps', '2', '--memo_a_items_per_timestamp_factor', '0.4375']

csize_binary_search chosen
lcs problem_type lcs cache_size 160001
initialize_long_int_cache begin
init_memo
arguments to memo:
 --mbt_execution_trace_fname olcs4_traceback_csize_input_types/OLCS4_lru_2021_04_02__01_59_28_k_3__d_2_cache_size_160000_problems_10_to_400/OLCS4_lru_2021_04_02__01_59_28_k_3__d_2_cache_size_160000_problems_10_to_400/OLCS4__do_traceback_prob_size_341_cache_size_160000_lru_k_3_d_2_execution_trace_2021_4_2_2_3_57_pid_9414.log --mbt_cache_misses_fname olcs4_traceback_csize_input_types/OLCS4_lru_2021_04_02__01_59_28_k_3__d_2_cache_size_160000_problems_10_to_400/lcs_cost_OLCS4_lru_misses_for_cache_size.csv --mbt_misses_for_problem_size_fname olcs4_traceback_csize_input_types/OLCS4_lru_2021_04_02__01_59_28_k_3__d_2_cache_size_160000_problems_10_to_400/lcs_cost_OLCS4_lru_misses_for_problem_size.csv --mbt_exact_cutoff_min_cache_size 160000 --mbt_exact_cutoff_max_cache_size 160000 --mbt_problem_type lcs --mbt_metric_type csize_binary_search --mbt_cutoff_ratio 2.2 --mbt_instance_fname 341 --mbt_detailed_cache_misses_out_fname csize_olcs4_traceback_0011nc_nc1100_0_6.csv --mbt_phi_N 5.0 --mbt_problem_size 341 --lcs_compute_length 0 --lcs_perform_traceback 1 --lig_instance_type 0011nc_nc1100 --lig_n 341 --lig_c 0.6 --lig_b 3.0 --lcs_oblivious 4 --lcs_execution_trace_fname olcs4_traceback_csize_input_types/OLCS4_lru_2021_04_02__01_59_28_k_3__d_2_cache_size_160000_problems_10_to_400/OLCS4_lru_2021_04_02__01_59_28_k_3__d_2_cache_size_160000_problems_10_to_400/OLCS4__do_traceback_prob_size_341_cache_size_160000_lru_k_3_d_2_execution_trace_2021_4_2_2_3_57_pid_9414.log --memo_caching_strategy lru --memo_cache_size 160001 --memo_lru_queue_size 160000 --memo_cuckoo_k 4 --memo_key_length 8 --memo_value_length 8 --memo_k_timestamps 3 --memo_d_recent_timestamps 2 --memo_a_items_per_timestamp_factor 0.4375 
calculate_table_size: table_size is 262144, original is 160001
Finished initializing cache
initialize_long_int_cache end
done initializing cache
initializing problem
done initializing problem
commence trials
Starting characteristic_cache_size_binary_search with max cache size 160001
binary search, size 160001  misses 116963
binary search, size 80000  misses 116963  min 0  max 160001
binary search, size 40000  misses 116963  min 0  max 80000
binary search, size 20000  misses 116963  min 0  max 40000
preemptive halt, cache_misses = 116964
preemptive halt, cache_misses = 116964
preemptive halt, cache_misses = 116964
preemptive halt, cache_misses = 116964
preemptive halt, cache_misses = 116964
preemptive halt, cache_misses = 116964
preemptive halt, cache_misses = 116964
preemptive halt, cache_misses = 116964
preemptive halt, cache_misses = 116964
preemptive halt, cache_misses = 116964
preemptive halt, cache_misses = 116964
preemptive halt, cache_misses = 116964
preemptive halt, cache_misses = 116964
preemptive halt, cache_misses = 116964
preemptive halt, cache_misses = 116964
preemptive halt, cache_misses = 116964
preemptive halt, cache_misses = 116964
preemptive halt, cache_misses = 116964
preemptive halt, cache_misses = 116964
preemptive halt, cache_misses = 116964
preemptive halt, cache_misses = 116964
preemptive halt, cache_misses = 116964
preemptive halt, cache_misses = 116964
preemptive halt, cache_misses = 116964
binary search, size 10000  misses 116964  min 0  max 20000
preemptive halt, cache_misses = 116965
preemptive halt, cache_misses = 116965
preemptive halt, cache_misses = 116965
preemptive halt, cache_misses = 116965
preemptive halt, cache_misses = 116965
preemptive halt, cache_misses = 116965
preemptive halt, cache_misses = 116965
preemptive halt, cache_misses = 116965
preemptive halt, cache_misses = 116965
preemptive halt, cache_misses = 116965
preemptive halt, cache_misses = 116965
preemptive halt, cache_misses = 116965
preemptive halt, cache_misses = 116965
preemptive halt, cache_misses = 116965
preemptive halt, cache_misses = 116965
preemptive halt, cache_misses = 116965
preemptive halt, cache_misses = 116965
preemptive halt, cache_misses = 116965
preemptive halt, cache_misses = 116965
preemptive halt, cache_misses = 116965
preemptive halt, cache_misses = 116965
preemptive halt, cache_misses = 116965
preemptive halt, cache_misses = 116965
preemptive halt, cache_misses = 116965
preemptive halt, cache_misses = 116965
preemptive halt, cache_misses = 116965
binary search, size 15000  misses 116965  min 10000  max 20000
binary search, size 17500  misses 116963  min 15000  max 20000
binary search, size 16250  misses 116963  min 15000  max 17500
binary search, size 15625  misses 116963  min 15000  max 16250
preemptive halt, cache_misses = 116964
preemptive halt, cache_misses = 116964
preemptive halt, cache_misses = 116964
preemptive halt, cache_misses = 116964
preemptive halt, cache_misses = 116964
preemptive halt, cache_misses = 116964
preemptive halt, cache_misses = 116964
preemptive halt, cache_misses = 116964
preemptive halt, cache_misses = 116964
preemptive halt, cache_misses = 116964
preemptive halt, cache_misses = 116964
preemptive halt, cache_misses = 116964
preemptive halt, cache_misses = 116964
preemptive halt, cache_misses = 116964
preemptive halt, cache_misses = 116964
preemptive halt, cache_misses = 116964
preemptive halt, cache_misses = 116964
preemptive halt, cache_misses = 116964
preemptive halt, cache_misses = 116964
preemptive halt, cache_misses = 116964
preemptive halt, cache_misses = 116964
preemptive halt, cache_misses = 116964
preemptive halt, cache_misses = 116964
preemptive halt, cache_misses = 116964
binary search, size 15312  misses 116964  min 15000  max 15625
binary search, size 15468  misses 116963  min 15312  max 15625
preemptive halt, cache_misses = 116964
preemptive halt, cache_misses = 116964
preemptive halt, cache_misses = 116964
preemptive halt, cache_misses = 116964
preemptive halt, cache_misses = 116964
preemptive halt, cache_misses = 116964
preemptive halt, cache_misses = 116964
preemptive halt, cache_misses = 116964
preemptive halt, cache_misses = 116964
preemptive halt, cache_misses = 116964
preemptive halt, cache_misses = 116964
preemptive halt, cache_misses = 116964
preemptive halt, cache_misses = 116964
preemptive halt, cache_misses = 116964
preemptive halt, cache_misses = 116964
preemptive halt, cache_misses = 116964
preemptive halt, cache_misses = 116964
preemptive halt, cache_misses = 116964
preemptive halt, cache_misses = 116964
preemptive halt, cache_misses = 116964
preemptive halt, cache_misses = 116964
preemptive halt, cache_misses = 116964
preemptive halt, cache_misses = 116964
preemptive halt, cache_misses = 116964
binary search, size 15390  misses 116964  min 15312  max 15468
binary search, size 15429  misses 116963  min 15390  max 15468
binary search, size 15409  misses 116963  min 15390  max 15429
preemptive halt, cache_misses = 116964
preemptive halt, cache_misses = 116964
preemptive halt, cache_misses = 116964
preemptive halt, cache_misses = 116964
preemptive halt, cache_misses = 116964
preemptive halt, cache_misses = 116964
preemptive halt, cache_misses = 116964
preemptive halt, cache_misses = 116964
preemptive halt, cache_misses = 116964
preemptive halt, cache_misses = 116964
preemptive halt, cache_misses = 116964
preemptive halt, cache_misses = 116964
preemptive halt, cache_misses = 116964
preemptive halt, cache_misses = 116964
preemptive halt, cache_misses = 116964
preemptive halt, cache_misses = 116964
preemptive halt, cache_misses = 116964
preemptive halt, cache_misses = 116964
preemptive halt, cache_misses = 116964
preemptive halt, cache_misses = 116964
preemptive halt, cache_misses = 116964
preemptive halt, cache_misses = 116964
preemptive halt, cache_misses = 116964
preemptive halt, cache_misses = 116964
binary search, size 15399  misses 116964  min 15390  max 15409
binary search, size 15404  misses 116963  min 15399  max 15409
binary search, size 15401  misses 116963  min 15399  max 15404
preemptive halt, cache_misses = 116964
preemptive halt, cache_misses = 116964
preemptive halt, cache_misses = 116964
preemptive halt, cache_misses = 116964
preemptive halt, cache_misses = 116964
preemptive halt, cache_misses = 116964
preemptive halt, cache_misses = 116964
preemptive halt, cache_misses = 116964
preemptive halt, cache_misses = 116964
preemptive halt, cache_misses = 116964
preemptive halt, cache_misses = 116964
preemptive halt, cache_misses = 116964
preemptive halt, cache_misses = 116964
preemptive halt, cache_misses = 116964
preemptive halt, cache_misses = 116964
preemptive halt, cache_misses = 116964
preemptive halt, cache_misses = 116964
preemptive halt, cache_misses = 116964
preemptive halt, cache_misses = 116964
preemptive halt, cache_misses = 116964
preemptive halt, cache_misses = 116964
preemptive halt, cache_misses = 116964
preemptive halt, cache_misses = 116964
preemptive halt, cache_misses = 116964
binary search, size 15400  misses 116964  min 15399  max 15401
characteristic cache size (binary search) for 341 = 15401
End at: 2021-04-02 02:03:59.250810
Time elapsed: 0:00:02.119517
