Begin at: 2021-04-02 02:03:17.479025
['../dist/Debug/GNU-Linux/memo_batch_tester', '', '--mbt_execution_trace_fname', 'olcs4_traceback_csize_input_types/OLCS4_lru_2021_04_02__01_59_28_k_3__d_2_cache_size_160000_problems_10_to_400/OLCS4_lru_2021_04_02__01_59_28_k_3__d_2_cache_size_160000_problems_10_to_400/OLCS4__do_traceback_prob_size_322_cache_size_160000_lru_k_3_d_2_execution_trace_2021_4_2_2_3_17_pid_9372.log', '--mbt_cache_misses_fname', 'olcs4_traceback_csize_input_types/OLCS4_lru_2021_04_02__01_59_28_k_3__d_2_cache_size_160000_problems_10_to_400/lcs_cost_OLCS4_lru_misses_for_cache_size.csv', '--mbt_misses_for_problem_size_fname', 'olcs4_traceback_csize_input_types/OLCS4_lru_2021_04_02__01_59_28_k_3__d_2_cache_size_160000_problems_10_to_400/lcs_cost_OLCS4_lru_misses_for_problem_size.csv', '--mbt_exact_cutoff_min_cache_size', '160000', '--mbt_exact_cutoff_max_cache_size', '160000', '--mbt_problem_type', 'lcs', '--mbt_metric_type', 'csize_binary_search', '--mbt_cutoff_ratio', '2.2', '--mbt_instance_fname', '322', '--mbt_detailed_cache_misses_out_fname', 'csize_olcs4_traceback_0011nc_nc1100_0_6.csv', '--mbt_phi_N', '5.0', '--mbt_problem_size', '322', '--lcs_compute_length', '0', '--lcs_perform_traceback', '1', '--lig_instance_type', '0011nc_nc1100', '--lig_n', '322', '--lig_c', '0.6', '--lig_b', '3.0', '--lcs_oblivious', '4', '--lcs_execution_trace_fname', 'olcs4_traceback_csize_input_types/OLCS4_lru_2021_04_02__01_59_28_k_3__d_2_cache_size_160000_problems_10_to_400/OLCS4_lru_2021_04_02__01_59_28_k_3__d_2_cache_size_160000_problems_10_to_400/OLCS4__do_traceback_prob_size_322_cache_size_160000_lru_k_3_d_2_execution_trace_2021_4_2_2_3_17_pid_9372.log', '--memo_caching_strategy', 'lru', '--memo_cache_size', '160001', '--memo_lru_queue_size', '160000', '--memo_cuckoo_k', '4', '--memo_key_length', '8', '--memo_value_length', '8', '--memo_k_timestamps', '3', '--memo_d_recent_timestamps', '2', '--memo_a_items_per_timestamp_factor', '0.4375']

csize_binary_search chosen
lcs problem_type lcs cache_size 160001
initialize_long_int_cache begin
init_memo
arguments to memo:
 --mbt_execution_trace_fname olcs4_traceback_csize_input_types/OLCS4_lru_2021_04_02__01_59_28_k_3__d_2_cache_size_160000_problems_10_to_400/OLCS4_lru_2021_04_02__01_59_28_k_3__d_2_cache_size_160000_problems_10_to_400/OLCS4__do_traceback_prob_size_322_cache_size_160000_lru_k_3_d_2_execution_trace_2021_4_2_2_3_17_pid_9372.log --mbt_cache_misses_fname olcs4_traceback_csize_input_types/OLCS4_lru_2021_04_02__01_59_28_k_3__d_2_cache_size_160000_problems_10_to_400/lcs_cost_OLCS4_lru_misses_for_cache_size.csv --mbt_misses_for_problem_size_fname olcs4_traceback_csize_input_types/OLCS4_lru_2021_04_02__01_59_28_k_3__d_2_cache_size_160000_problems_10_to_400/lcs_cost_OLCS4_lru_misses_for_problem_size.csv --mbt_exact_cutoff_min_cache_size 160000 --mbt_exact_cutoff_max_cache_size 160000 --mbt_problem_type lcs --mbt_metric_type csize_binary_search --mbt_cutoff_ratio 2.2 --mbt_instance_fname 322 --mbt_detailed_cache_misses_out_fname csize_olcs4_traceback_0011nc_nc1100_0_6.csv --mbt_phi_N 5.0 --mbt_problem_size 322 --lcs_compute_length 0 --lcs_perform_traceback 1 --lig_instance_type 0011nc_nc1100 --lig_n 322 --lig_c 0.6 --lig_b 3.0 --lcs_oblivious 4 --lcs_execution_trace_fname olcs4_traceback_csize_input_types/OLCS4_lru_2021_04_02__01_59_28_k_3__d_2_cache_size_160000_problems_10_to_400/OLCS4_lru_2021_04_02__01_59_28_k_3__d_2_cache_size_160000_problems_10_to_400/OLCS4__do_traceback_prob_size_322_cache_size_160000_lru_k_3_d_2_execution_trace_2021_4_2_2_3_17_pid_9372.log --memo_caching_strategy lru --memo_cache_size 160001 --memo_lru_queue_size 160000 --memo_cuckoo_k 4 --memo_key_length 8 --memo_value_length 8 --memo_k_timestamps 3 --memo_d_recent_timestamps 2 --memo_a_items_per_timestamp_factor 0.4375 
calculate_table_size: table_size is 262144, original is 160001
Finished initializing cache
initialize_long_int_cache end
done initializing cache
initializing problem
done initializing problem
commence trials
Starting characteristic_cache_size_binary_search with max cache size 160001
binary search, size 160001  misses 104328
binary search, size 80000  misses 104328  min 0  max 160001
binary search, size 40000  misses 104328  min 0  max 80000
binary search, size 20000  misses 104328  min 0  max 40000
preemptive halt, cache_misses = 104329
preemptive halt, cache_misses = 104329
preemptive halt, cache_misses = 104329
preemptive halt, cache_misses = 104329
preemptive halt, cache_misses = 104329
preemptive halt, cache_misses = 104329
preemptive halt, cache_misses = 104329
preemptive halt, cache_misses = 104329
preemptive halt, cache_misses = 104329
preemptive halt, cache_misses = 104329
preemptive halt, cache_misses = 104329
preemptive halt, cache_misses = 104329
preemptive halt, cache_misses = 104329
preemptive halt, cache_misses = 104329
preemptive halt, cache_misses = 104329
preemptive halt, cache_misses = 104329
preemptive halt, cache_misses = 104329
preemptive halt, cache_misses = 104329
preemptive halt, cache_misses = 104329
preemptive halt, cache_misses = 104329
preemptive halt, cache_misses = 104329
preemptive halt, cache_misses = 104329
preemptive halt, cache_misses = 104329
preemptive halt, cache_misses = 104329
preemptive halt, cache_misses = 104329
preemptive halt, cache_misses = 104329
binary search, size 10000  misses 104329  min 0  max 20000
binary search, size 15000  misses 104328  min 10000  max 20000
preemptive halt, cache_misses = 104329
preemptive halt, cache_misses = 104329
preemptive halt, cache_misses = 104329
preemptive halt, cache_misses = 104329
preemptive halt, cache_misses = 104329
preemptive halt, cache_misses = 104329
preemptive halt, cache_misses = 104329
preemptive halt, cache_misses = 104329
preemptive halt, cache_misses = 104329
preemptive halt, cache_misses = 104329
preemptive halt, cache_misses = 104329
preemptive halt, cache_misses = 104329
preemptive halt, cache_misses = 104329
preemptive halt, cache_misses = 104329
preemptive halt, cache_misses = 104329
preemptive halt, cache_misses = 104329
preemptive halt, cache_misses = 104329
preemptive halt, cache_misses = 104329
preemptive halt, cache_misses = 104329
preemptive halt, cache_misses = 104329
preemptive halt, cache_misses = 104329
preemptive halt, cache_misses = 104329
preemptive halt, cache_misses = 104329
preemptive halt, cache_misses = 104329
preemptive halt, cache_misses = 104329
preemptive halt, cache_misses = 104329
binary search, size 12500  misses 104329  min 10000  max 15000
preemptive halt, cache_misses = 104330
preemptive halt, cache_misses = 104330
preemptive halt, cache_misses = 104330
preemptive halt, cache_misses = 104330
preemptive halt, cache_misses = 104330
preemptive halt, cache_misses = 104330
preemptive halt, cache_misses = 104330
preemptive halt, cache_misses = 104330
preemptive halt, cache_misses = 104330
preemptive halt, cache_misses = 104330
preemptive halt, cache_misses = 104330
preemptive halt, cache_misses = 104330
preemptive halt, cache_misses = 104330
preemptive halt, cache_misses = 104330
preemptive halt, cache_misses = 104330
preemptive halt, cache_misses = 104330
preemptive halt, cache_misses = 104330
preemptive halt, cache_misses = 104330
preemptive halt, cache_misses = 104330
preemptive halt, cache_misses = 104330
preemptive halt, cache_misses = 104330
preemptive halt, cache_misses = 104330
preemptive halt, cache_misses = 104330
preemptive halt, cache_misses = 104330
preemptive halt, cache_misses = 104330
preemptive halt, cache_misses = 104330
preemptive halt, cache_misses = 104330
preemptive halt, cache_misses = 104330
binary search, size 13750  misses 104330  min 12500  max 15000
binary search, size 14375  misses 104328  min 13750  max 15000
preemptive halt, cache_misses = 104329
preemptive halt, cache_misses = 104329
preemptive halt, cache_misses = 104329
preemptive halt, cache_misses = 104329
preemptive halt, cache_misses = 104329
preemptive halt, cache_misses = 104329
preemptive halt, cache_misses = 104329
preemptive halt, cache_misses = 104329
preemptive halt, cache_misses = 104329
preemptive halt, cache_misses = 104329
preemptive halt, cache_misses = 104329
preemptive halt, cache_misses = 104329
preemptive halt, cache_misses = 104329
preemptive halt, cache_misses = 104329
preemptive halt, cache_misses = 104329
preemptive halt, cache_misses = 104329
preemptive halt, cache_misses = 104329
preemptive halt, cache_misses = 104329
preemptive halt, cache_misses = 104329
preemptive halt, cache_misses = 104329
preemptive halt, cache_misses = 104329
preemptive halt, cache_misses = 104329
preemptive halt, cache_misses = 104329
preemptive halt, cache_misses = 104329
preemptive halt, cache_misses = 104329
preemptive halt, cache_misses = 104329
binary search, size 14062  misses 104329  min 13750  max 14375
preemptive halt, cache_misses = 104330
preemptive halt, cache_misses = 104330
preemptive halt, cache_misses = 104330
preemptive halt, cache_misses = 104330
preemptive halt, cache_misses = 104330
preemptive halt, cache_misses = 104330
preemptive halt, cache_misses = 104330
preemptive halt, cache_misses = 104330
preemptive halt, cache_misses = 104330
preemptive halt, cache_misses = 104330
preemptive halt, cache_misses = 104330
preemptive halt, cache_misses = 104330
preemptive halt, cache_misses = 104330
preemptive halt, cache_misses = 104330
preemptive halt, cache_misses = 104330
preemptive halt, cache_misses = 104330
preemptive halt, cache_misses = 104330
preemptive halt, cache_misses = 104330
preemptive halt, cache_misses = 104330
preemptive halt, cache_misses = 104330
preemptive halt, cache_misses = 104330
preemptive halt, cache_misses = 104330
preemptive halt, cache_misses = 104330
preemptive halt, cache_misses = 104330
preemptive halt, cache_misses = 104330
preemptive halt, cache_misses = 104330
preemptive halt, cache_misses = 104330
preemptive halt, cache_misses = 104330
binary search, size 14218  misses 104330  min 14062  max 14375
binary search, size 14296  misses 104328  min 14218  max 14375
binary search, size 14257  misses 104328  min 14218  max 14296
binary search, size 14237  misses 104328  min 14218  max 14257
binary search, size 14227  misses 104328  min 14218  max 14237
preemptive halt, cache_misses = 104329
preemptive halt, cache_misses = 104329
preemptive halt, cache_misses = 104329
preemptive halt, cache_misses = 104329
preemptive halt, cache_misses = 104329
preemptive halt, cache_misses = 104329
preemptive halt, cache_misses = 104329
preemptive halt, cache_misses = 104329
preemptive halt, cache_misses = 104329
preemptive halt, cache_misses = 104329
preemptive halt, cache_misses = 104329
preemptive halt, cache_misses = 104329
preemptive halt, cache_misses = 104329
preemptive halt, cache_misses = 104329
preemptive halt, cache_misses = 104329
preemptive halt, cache_misses = 104329
preemptive halt, cache_misses = 104329
preemptive halt, cache_misses = 104329
preemptive halt, cache_misses = 104329
preemptive halt, cache_misses = 104329
preemptive halt, cache_misses = 104329
preemptive halt, cache_misses = 104329
preemptive halt, cache_misses = 104329
preemptive halt, cache_misses = 104329
preemptive halt, cache_misses = 104329
preemptive halt, cache_misses = 104329
binary search, size 14222  misses 104329  min 14218  max 14227
binary search, size 14224  misses 104328  min 14222  max 14227
preemptive halt, cache_misses = 104329
preemptive halt, cache_misses = 104329
preemptive halt, cache_misses = 104329
preemptive halt, cache_misses = 104329
preemptive halt, cache_misses = 104329
preemptive halt, cache_misses = 104329
preemptive halt, cache_misses = 104329
preemptive halt, cache_misses = 104329
preemptive halt, cache_misses = 104329
preemptive halt, cache_misses = 104329
preemptive halt, cache_misses = 104329
preemptive halt, cache_misses = 104329
preemptive halt, cache_misses = 104329
preemptive halt, cache_misses = 104329
preemptive halt, cache_misses = 104329
preemptive halt, cache_misses = 104329
preemptive halt, cache_misses = 104329
preemptive halt, cache_misses = 104329
preemptive halt, cache_misses = 104329
preemptive halt, cache_misses = 104329
preemptive halt, cache_misses = 104329
preemptive halt, cache_misses = 104329
preemptive halt, cache_misses = 104329
preemptive halt, cache_misses = 104329
preemptive halt, cache_misses = 104329
preemptive halt, cache_misses = 104329
binary search, size 14223  misses 104329  min 14222  max 14224
characteristic cache size (binary search) for 322 = 14224
End at: 2021-04-02 02:03:19.386146
Time elapsed: 0:00:01.907138
