Begin at: 2021-04-02 02:02:28.986626
['../dist/Debug/GNU-Linux/memo_batch_tester', '', '--mbt_execution_trace_fname', 'olcs4_traceback_csize_input_types/OLCS4_lru_2021_04_02__01_59_28_k_3__d_2_cache_size_160000_problems_10_to_400/OLCS4_lru_2021_04_02__01_59_28_k_3__d_2_cache_size_160000_problems_10_to_400/OLCS4__do_traceback_prob_size_295_cache_size_160000_lru_k_3_d_2_execution_trace_2021_4_2_2_2_28_pid_9316.log', '--mbt_cache_misses_fname', 'olcs4_traceback_csize_input_types/OLCS4_lru_2021_04_02__01_59_28_k_3__d_2_cache_size_160000_problems_10_to_400/lcs_cost_OLCS4_lru_misses_for_cache_size.csv', '--mbt_misses_for_problem_size_fname', 'olcs4_traceback_csize_input_types/OLCS4_lru_2021_04_02__01_59_28_k_3__d_2_cache_size_160000_problems_10_to_400/lcs_cost_OLCS4_lru_misses_for_problem_size.csv', '--mbt_exact_cutoff_min_cache_size', '160000', '--mbt_exact_cutoff_max_cache_size', '160000', '--mbt_problem_type', 'lcs', '--mbt_metric_type', 'csize_binary_search', '--mbt_cutoff_ratio', '2.2', '--mbt_instance_fname', '295', '--mbt_detailed_cache_misses_out_fname', 'csize_olcs4_traceback_0011nc_nc1100_0_6.csv', '--mbt_phi_N', '5.0', '--mbt_problem_size', '295', '--lcs_compute_length', '0', '--lcs_perform_traceback', '1', '--lig_instance_type', '0011nc_nc1100', '--lig_n', '295', '--lig_c', '0.6', '--lig_b', '3.0', '--lcs_oblivious', '4', '--lcs_execution_trace_fname', 'olcs4_traceback_csize_input_types/OLCS4_lru_2021_04_02__01_59_28_k_3__d_2_cache_size_160000_problems_10_to_400/OLCS4_lru_2021_04_02__01_59_28_k_3__d_2_cache_size_160000_problems_10_to_400/OLCS4__do_traceback_prob_size_295_cache_size_160000_lru_k_3_d_2_execution_trace_2021_4_2_2_2_28_pid_9316.log', '--memo_caching_strategy', 'lru', '--memo_cache_size', '160001', '--memo_lru_queue_size', '160000', '--memo_cuckoo_k', '4', '--memo_key_length', '8', '--memo_value_length', '8', '--memo_k_timestamps', '3', '--memo_d_recent_timestamps', '2', '--memo_a_items_per_timestamp_factor', '0.4375']

csize_binary_search chosen
lcs problem_type lcs cache_size 160001
initialize_long_int_cache begin
init_memo
arguments to memo:
 --mbt_execution_trace_fname olcs4_traceback_csize_input_types/OLCS4_lru_2021_04_02__01_59_28_k_3__d_2_cache_size_160000_problems_10_to_400/OLCS4_lru_2021_04_02__01_59_28_k_3__d_2_cache_size_160000_problems_10_to_400/OLCS4__do_traceback_prob_size_295_cache_size_160000_lru_k_3_d_2_execution_trace_2021_4_2_2_2_28_pid_9316.log --mbt_cache_misses_fname olcs4_traceback_csize_input_types/OLCS4_lru_2021_04_02__01_59_28_k_3__d_2_cache_size_160000_problems_10_to_400/lcs_cost_OLCS4_lru_misses_for_cache_size.csv --mbt_misses_for_problem_size_fname olcs4_traceback_csize_input_types/OLCS4_lru_2021_04_02__01_59_28_k_3__d_2_cache_size_160000_problems_10_to_400/lcs_cost_OLCS4_lru_misses_for_problem_size.csv --mbt_exact_cutoff_min_cache_size 160000 --mbt_exact_cutoff_max_cache_size 160000 --mbt_problem_type lcs --mbt_metric_type csize_binary_search --mbt_cutoff_ratio 2.2 --mbt_instance_fname 295 --mbt_detailed_cache_misses_out_fname csize_olcs4_traceback_0011nc_nc1100_0_6.csv --mbt_phi_N 5.0 --mbt_problem_size 295 --lcs_compute_length 0 --lcs_perform_traceback 1 --lig_instance_type 0011nc_nc1100 --lig_n 295 --lig_c 0.6 --lig_b 3.0 --lcs_oblivious 4 --lcs_execution_trace_fname olcs4_traceback_csize_input_types/OLCS4_lru_2021_04_02__01_59_28_k_3__d_2_cache_size_160000_problems_10_to_400/OLCS4_lru_2021_04_02__01_59_28_k_3__d_2_cache_size_160000_problems_10_to_400/OLCS4__do_traceback_prob_size_295_cache_size_160000_lru_k_3_d_2_execution_trace_2021_4_2_2_2_28_pid_9316.log --memo_caching_strategy lru --memo_cache_size 160001 --memo_lru_queue_size 160000 --memo_cuckoo_k 4 --memo_key_length 8 --memo_value_length 8 --memo_k_timestamps 3 --memo_d_recent_timestamps 2 --memo_a_items_per_timestamp_factor 0.4375 
calculate_table_size: table_size is 262144, original is 160001
Finished initializing cache
initialize_long_int_cache end
done initializing cache
initializing problem
done initializing problem
commence trials
Starting characteristic_cache_size_binary_search with max cache size 160001
binary search, size 160001  misses 87615
binary search, size 80000  misses 87615  min 0  max 160001
binary search, size 40000  misses 87615  min 0  max 80000
binary search, size 20000  misses 87615  min 0  max 40000
preemptive halt, cache_misses = 87616
preemptive halt, cache_misses = 87616
preemptive halt, cache_misses = 87616
preemptive halt, cache_misses = 87616
preemptive halt, cache_misses = 87616
preemptive halt, cache_misses = 87616
preemptive halt, cache_misses = 87616
preemptive halt, cache_misses = 87616
preemptive halt, cache_misses = 87616
preemptive halt, cache_misses = 87616
preemptive halt, cache_misses = 87616
preemptive halt, cache_misses = 87616
preemptive halt, cache_misses = 87616
preemptive halt, cache_misses = 87616
preemptive halt, cache_misses = 87616
preemptive halt, cache_misses = 87616
preemptive halt, cache_misses = 87616
preemptive halt, cache_misses = 87616
preemptive halt, cache_misses = 87616
preemptive halt, cache_misses = 87616
preemptive halt, cache_misses = 87616
preemptive halt, cache_misses = 87616
preemptive halt, cache_misses = 87616
preemptive halt, cache_misses = 87616
preemptive halt, cache_misses = 87616
preemptive halt, cache_misses = 87616
preemptive halt, cache_misses = 87616
preemptive halt, cache_misses = 87616
preemptive halt, cache_misses = 87616
preemptive halt, cache_misses = 87616
preemptive halt, cache_misses = 87616
preemptive halt, cache_misses = 87616
preemptive halt, cache_misses = 87616
preemptive halt, cache_misses = 87616
preemptive halt, cache_misses = 87616
preemptive halt, cache_misses = 87616
preemptive halt, cache_misses = 87616
preemptive halt, cache_misses = 87616
preemptive halt, cache_misses = 87616
preemptive halt, cache_misses = 87616
preemptive halt, cache_misses = 87616
preemptive halt, cache_misses = 87616
preemptive halt, cache_misses = 87616
preemptive halt, cache_misses = 87616
preemptive halt, cache_misses = 87616
preemptive halt, cache_misses = 87616
preemptive halt, cache_misses = 87616
preemptive halt, cache_misses = 87616
preemptive halt, cache_misses = 87616
preemptive halt, cache_misses = 87616
preemptive halt, cache_misses = 87616
preemptive halt, cache_misses = 87616
binary search, size 10000  misses 87616  min 0  max 20000
preemptive halt, cache_misses = 87617
preemptive halt, cache_misses = 87617
preemptive halt, cache_misses = 87617
preemptive halt, cache_misses = 87617
preemptive halt, cache_misses = 87617
preemptive halt, cache_misses = 87617
preemptive halt, cache_misses = 87617
preemptive halt, cache_misses = 87617
preemptive halt, cache_misses = 87617
preemptive halt, cache_misses = 87617
preemptive halt, cache_misses = 87617
preemptive halt, cache_misses = 87617
preemptive halt, cache_misses = 87617
preemptive halt, cache_misses = 87617
preemptive halt, cache_misses = 87617
preemptive halt, cache_misses = 87617
preemptive halt, cache_misses = 87617
preemptive halt, cache_misses = 87617
preemptive halt, cache_misses = 87617
preemptive halt, cache_misses = 87617
preemptive halt, cache_misses = 87617
preemptive halt, cache_misses = 87617
preemptive halt, cache_misses = 87617
preemptive halt, cache_misses = 87617
preemptive halt, cache_misses = 87617
preemptive halt, cache_misses = 87617
preemptive halt, cache_misses = 87617
preemptive halt, cache_misses = 87617
preemptive halt, cache_misses = 87617
preemptive halt, cache_misses = 87617
preemptive halt, cache_misses = 87617
preemptive halt, cache_misses = 87617
preemptive halt, cache_misses = 87617
preemptive halt, cache_misses = 87617
preemptive halt, cache_misses = 87617
preemptive halt, cache_misses = 87617
preemptive halt, cache_misses = 87617
preemptive halt, cache_misses = 87617
preemptive halt, cache_misses = 87617
preemptive halt, cache_misses = 87617
preemptive halt, cache_misses = 87617
preemptive halt, cache_misses = 87617
preemptive halt, cache_misses = 87617
preemptive halt, cache_misses = 87617
preemptive halt, cache_misses = 87617
preemptive halt, cache_misses = 87617
preemptive halt, cache_misses = 87617
preemptive halt, cache_misses = 87617
preemptive halt, cache_misses = 87617
preemptive halt, cache_misses = 87617
preemptive halt, cache_misses = 87617
preemptive halt, cache_misses = 87617
preemptive halt, cache_misses = 87617
preemptive halt, cache_misses = 87617
binary search, size 15000  misses 87617  min 10000  max 20000
binary search, size 17500  misses 87615  min 15000  max 20000
preemptive halt, cache_misses = 87616
preemptive halt, cache_misses = 87616
preemptive halt, cache_misses = 87616
preemptive halt, cache_misses = 87616
preemptive halt, cache_misses = 87616
preemptive halt, cache_misses = 87616
preemptive halt, cache_misses = 87616
preemptive halt, cache_misses = 87616
preemptive halt, cache_misses = 87616
preemptive halt, cache_misses = 87616
preemptive halt, cache_misses = 87616
preemptive halt, cache_misses = 87616
preemptive halt, cache_misses = 87616
preemptive halt, cache_misses = 87616
preemptive halt, cache_misses = 87616
preemptive halt, cache_misses = 87616
preemptive halt, cache_misses = 87616
preemptive halt, cache_misses = 87616
preemptive halt, cache_misses = 87616
preemptive halt, cache_misses = 87616
preemptive halt, cache_misses = 87616
preemptive halt, cache_misses = 87616
preemptive halt, cache_misses = 87616
preemptive halt, cache_misses = 87616
preemptive halt, cache_misses = 87616
preemptive halt, cache_misses = 87616
preemptive halt, cache_misses = 87616
preemptive halt, cache_misses = 87616
preemptive halt, cache_misses = 87616
preemptive halt, cache_misses = 87616
preemptive halt, cache_misses = 87616
preemptive halt, cache_misses = 87616
preemptive halt, cache_misses = 87616
preemptive halt, cache_misses = 87616
preemptive halt, cache_misses = 87616
preemptive halt, cache_misses = 87616
preemptive halt, cache_misses = 87616
preemptive halt, cache_misses = 87616
preemptive halt, cache_misses = 87616
preemptive halt, cache_misses = 87616
preemptive halt, cache_misses = 87616
preemptive halt, cache_misses = 87616
preemptive halt, cache_misses = 87616
preemptive halt, cache_misses = 87616
preemptive halt, cache_misses = 87616
preemptive halt, cache_misses = 87616
preemptive halt, cache_misses = 87616
preemptive halt, cache_misses = 87616
preemptive halt, cache_misses = 87616
preemptive halt, cache_misses = 87616
preemptive halt, cache_misses = 87616
preemptive halt, cache_misses = 87616
binary search, size 16250  misses 87616  min 15000  max 17500
binary search, size 16875  misses 87615  min 16250  max 17500
preemptive halt, cache_misses = 87616
preemptive halt, cache_misses = 87616
preemptive halt, cache_misses = 87616
preemptive halt, cache_misses = 87616
preemptive halt, cache_misses = 87616
preemptive halt, cache_misses = 87616
preemptive halt, cache_misses = 87616
preemptive halt, cache_misses = 87616
preemptive halt, cache_misses = 87616
preemptive halt, cache_misses = 87616
preemptive halt, cache_misses = 87616
preemptive halt, cache_misses = 87616
preemptive halt, cache_misses = 87616
preemptive halt, cache_misses = 87616
preemptive halt, cache_misses = 87616
preemptive halt, cache_misses = 87616
preemptive halt, cache_misses = 87616
preemptive halt, cache_misses = 87616
preemptive halt, cache_misses = 87616
preemptive halt, cache_misses = 87616
preemptive halt, cache_misses = 87616
preemptive halt, cache_misses = 87616
preemptive halt, cache_misses = 87616
preemptive halt, cache_misses = 87616
preemptive halt, cache_misses = 87616
preemptive halt, cache_misses = 87616
preemptive halt, cache_misses = 87616
preemptive halt, cache_misses = 87616
preemptive halt, cache_misses = 87616
preemptive halt, cache_misses = 87616
preemptive halt, cache_misses = 87616
preemptive halt, cache_misses = 87616
preemptive halt, cache_misses = 87616
preemptive halt, cache_misses = 87616
preemptive halt, cache_misses = 87616
preemptive halt, cache_misses = 87616
preemptive halt, cache_misses = 87616
preemptive halt, cache_misses = 87616
preemptive halt, cache_misses = 87616
preemptive halt, cache_misses = 87616
preemptive halt, cache_misses = 87616
preemptive halt, cache_misses = 87616
preemptive halt, cache_misses = 87616
preemptive halt, cache_misses = 87616
preemptive halt, cache_misses = 87616
preemptive halt, cache_misses = 87616
preemptive halt, cache_misses = 87616
preemptive halt, cache_misses = 87616
preemptive halt, cache_misses = 87616
preemptive halt, cache_misses = 87616
preemptive halt, cache_misses = 87616
preemptive halt, cache_misses = 87616
binary search, size 16562  misses 87616  min 16250  max 16875
binary search, size 16718  misses 87615  min 16562  max 16875
binary search, size 16640  misses 87615  min 16562  max 16718
binary search, size 16601  misses 87615  min 16562  max 16640
preemptive halt, cache_misses = 87616
preemptive halt, cache_misses = 87616
preemptive halt, cache_misses = 87616
preemptive halt, cache_misses = 87616
preemptive halt, cache_misses = 87616
preemptive halt, cache_misses = 87616
preemptive halt, cache_misses = 87616
preemptive halt, cache_misses = 87616
preemptive halt, cache_misses = 87616
preemptive halt, cache_misses = 87616
preemptive halt, cache_misses = 87616
preemptive halt, cache_misses = 87616
preemptive halt, cache_misses = 87616
preemptive halt, cache_misses = 87616
preemptive halt, cache_misses = 87616
preemptive halt, cache_misses = 87616
preemptive halt, cache_misses = 87616
preemptive halt, cache_misses = 87616
preemptive halt, cache_misses = 87616
preemptive halt, cache_misses = 87616
preemptive halt, cache_misses = 87616
preemptive halt, cache_misses = 87616
preemptive halt, cache_misses = 87616
preemptive halt, cache_misses = 87616
preemptive halt, cache_misses = 87616
preemptive halt, cache_misses = 87616
preemptive halt, cache_misses = 87616
preemptive halt, cache_misses = 87616
preemptive halt, cache_misses = 87616
preemptive halt, cache_misses = 87616
preemptive halt, cache_misses = 87616
preemptive halt, cache_misses = 87616
preemptive halt, cache_misses = 87616
preemptive halt, cache_misses = 87616
preemptive halt, cache_misses = 87616
preemptive halt, cache_misses = 87616
preemptive halt, cache_misses = 87616
preemptive halt, cache_misses = 87616
preemptive halt, cache_misses = 87616
preemptive halt, cache_misses = 87616
preemptive halt, cache_misses = 87616
preemptive halt, cache_misses = 87616
preemptive halt, cache_misses = 87616
preemptive halt, cache_misses = 87616
preemptive halt, cache_misses = 87616
preemptive halt, cache_misses = 87616
preemptive halt, cache_misses = 87616
preemptive halt, cache_misses = 87616
preemptive halt, cache_misses = 87616
preemptive halt, cache_misses = 87616
preemptive halt, cache_misses = 87616
preemptive halt, cache_misses = 87616
binary search, size 16581  misses 87616  min 16562  max 16601
preemptive halt, cache_misses = 87617
preemptive halt, cache_misses = 87617
preemptive halt, cache_misses = 87617
preemptive halt, cache_misses = 87617
preemptive halt, cache_misses = 87617
preemptive halt, cache_misses = 87617
preemptive halt, cache_misses = 87617
preemptive halt, cache_misses = 87617
preemptive halt, cache_misses = 87617
preemptive halt, cache_misses = 87617
preemptive halt, cache_misses = 87617
preemptive halt, cache_misses = 87617
preemptive halt, cache_misses = 87617
preemptive halt, cache_misses = 87617
preemptive halt, cache_misses = 87617
preemptive halt, cache_misses = 87617
preemptive halt, cache_misses = 87617
preemptive halt, cache_misses = 87617
preemptive halt, cache_misses = 87617
preemptive halt, cache_misses = 87617
preemptive halt, cache_misses = 87617
preemptive halt, cache_misses = 87617
preemptive halt, cache_misses = 87617
preemptive halt, cache_misses = 87617
preemptive halt, cache_misses = 87617
preemptive halt, cache_misses = 87617
preemptive halt, cache_misses = 87617
preemptive halt, cache_misses = 87617
preemptive halt, cache_misses = 87617
preemptive halt, cache_misses = 87617
preemptive halt, cache_misses = 87617
preemptive halt, cache_misses = 87617
preemptive halt, cache_misses = 87617
preemptive halt, cache_misses = 87617
preemptive halt, cache_misses = 87617
preemptive halt, cache_misses = 87617
preemptive halt, cache_misses = 87617
preemptive halt, cache_misses = 87617
preemptive halt, cache_misses = 87617
preemptive halt, cache_misses = 87617
preemptive halt, cache_misses = 87617
preemptive halt, cache_misses = 87617
preemptive halt, cache_misses = 87617
preemptive halt, cache_misses = 87617
preemptive halt, cache_misses = 87617
preemptive halt, cache_misses = 87617
preemptive halt, cache_misses = 87617
preemptive halt, cache_misses = 87617
preemptive halt, cache_misses = 87617
preemptive halt, cache_misses = 87617
preemptive halt, cache_misses = 87617
preemptive halt, cache_misses = 87617
preemptive halt, cache_misses = 87617
preemptive halt, cache_misses = 87617
binary search, size 16591  misses 87617  min 16581  max 16601
preemptive halt, cache_misses = 87618
preemptive halt, cache_misses = 87618
preemptive halt, cache_misses = 87618
preemptive halt, cache_misses = 87618
preemptive halt, cache_misses = 87618
preemptive halt, cache_misses = 87618
preemptive halt, cache_misses = 87618
preemptive halt, cache_misses = 87618
preemptive halt, cache_misses = 87618
preemptive halt, cache_misses = 87618
preemptive halt, cache_misses = 87618
preemptive halt, cache_misses = 87618
preemptive halt, cache_misses = 87618
preemptive halt, cache_misses = 87618
preemptive halt, cache_misses = 87618
preemptive halt, cache_misses = 87618
preemptive halt, cache_misses = 87618
preemptive halt, cache_misses = 87618
preemptive halt, cache_misses = 87618
preemptive halt, cache_misses = 87618
preemptive halt, cache_misses = 87618
preemptive halt, cache_misses = 87618
preemptive halt, cache_misses = 87618
preemptive halt, cache_misses = 87618
preemptive halt, cache_misses = 87618
preemptive halt, cache_misses = 87618
preemptive halt, cache_misses = 87618
preemptive halt, cache_misses = 87618
preemptive halt, cache_misses = 87618
preemptive halt, cache_misses = 87618
preemptive halt, cache_misses = 87618
preemptive halt, cache_misses = 87618
preemptive halt, cache_misses = 87618
preemptive halt, cache_misses = 87618
preemptive halt, cache_misses = 87618
preemptive halt, cache_misses = 87618
preemptive halt, cache_misses = 87618
preemptive halt, cache_misses = 87618
preemptive halt, cache_misses = 87618
preemptive halt, cache_misses = 87618
preemptive halt, cache_misses = 87618
preemptive halt, cache_misses = 87618
preemptive halt, cache_misses = 87618
preemptive halt, cache_misses = 87618
preemptive halt, cache_misses = 87618
preemptive halt, cache_misses = 87618
preemptive halt, cache_misses = 87618
preemptive halt, cache_misses = 87618
preemptive halt, cache_misses = 87618
preemptive halt, cache_misses = 87618
preemptive halt, cache_misses = 87618
preemptive halt, cache_misses = 87618
preemptive halt, cache_misses = 87618
preemptive halt, cache_misses = 87618
preemptive halt, cache_misses = 87618
preemptive halt, cache_misses = 87618
binary search, size 16596  misses 87618  min 16591  max 16601
preemptive halt, cache_misses = 87619
preemptive halt, cache_misses = 87619
preemptive halt, cache_misses = 87619
preemptive halt, cache_misses = 87619
preemptive halt, cache_misses = 87619
preemptive halt, cache_misses = 87619
preemptive halt, cache_misses = 87619
preemptive halt, cache_misses = 87619
preemptive halt, cache_misses = 87619
preemptive halt, cache_misses = 87619
preemptive halt, cache_misses = 87619
preemptive halt, cache_misses = 87619
preemptive halt, cache_misses = 87619
preemptive halt, cache_misses = 87619
preemptive halt, cache_misses = 87619
preemptive halt, cache_misses = 87619
preemptive halt, cache_misses = 87619
preemptive halt, cache_misses = 87619
preemptive halt, cache_misses = 87619
preemptive halt, cache_misses = 87619
preemptive halt, cache_misses = 87619
preemptive halt, cache_misses = 87619
preemptive halt, cache_misses = 87619
preemptive halt, cache_misses = 87619
preemptive halt, cache_misses = 87619
preemptive halt, cache_misses = 87619
preemptive halt, cache_misses = 87619
preemptive halt, cache_misses = 87619
preemptive halt, cache_misses = 87619
preemptive halt, cache_misses = 87619
preemptive halt, cache_misses = 87619
preemptive halt, cache_misses = 87619
preemptive halt, cache_misses = 87619
preemptive halt, cache_misses = 87619
preemptive halt, cache_misses = 87619
preemptive halt, cache_misses = 87619
preemptive halt, cache_misses = 87619
preemptive halt, cache_misses = 87619
preemptive halt, cache_misses = 87619
preemptive halt, cache_misses = 87619
preemptive halt, cache_misses = 87619
preemptive halt, cache_misses = 87619
preemptive halt, cache_misses = 87619
preemptive halt, cache_misses = 87619
preemptive halt, cache_misses = 87619
preemptive halt, cache_misses = 87619
preemptive halt, cache_misses = 87619
preemptive halt, cache_misses = 87619
preemptive halt, cache_misses = 87619
preemptive halt, cache_misses = 87619
preemptive halt, cache_misses = 87619
preemptive halt, cache_misses = 87619
preemptive halt, cache_misses = 87619
preemptive halt, cache_misses = 87619
preemptive halt, cache_misses = 87619
preemptive halt, cache_misses = 87619
preemptive halt, cache_misses = 87619
preemptive halt, cache_misses = 87619
binary search, size 16598  misses 87619  min 16596  max 16601
preemptive halt, cache_misses = 87620
preemptive halt, cache_misses = 87620
preemptive halt, cache_misses = 87620
preemptive halt, cache_misses = 87620
preemptive halt, cache_misses = 87620
preemptive halt, cache_misses = 87620
preemptive halt, cache_misses = 87620
preemptive halt, cache_misses = 87620
preemptive halt, cache_misses = 87620
preemptive halt, cache_misses = 87620
preemptive halt, cache_misses = 87620
preemptive halt, cache_misses = 87620
preemptive halt, cache_misses = 87620
preemptive halt, cache_misses = 87620
preemptive halt, cache_misses = 87620
preemptive halt, cache_misses = 87620
preemptive halt, cache_misses = 87620
preemptive halt, cache_misses = 87620
preemptive halt, cache_misses = 87620
preemptive halt, cache_misses = 87620
preemptive halt, cache_misses = 87620
preemptive halt, cache_misses = 87620
preemptive halt, cache_misses = 87620
preemptive halt, cache_misses = 87620
preemptive halt, cache_misses = 87620
preemptive halt, cache_misses = 87620
preemptive halt, cache_misses = 87620
preemptive halt, cache_misses = 87620
preemptive halt, cache_misses = 87620
preemptive halt, cache_misses = 87620
preemptive halt, cache_misses = 87620
preemptive halt, cache_misses = 87620
preemptive halt, cache_misses = 87620
preemptive halt, cache_misses = 87620
preemptive halt, cache_misses = 87620
preemptive halt, cache_misses = 87620
preemptive halt, cache_misses = 87620
preemptive halt, cache_misses = 87620
preemptive halt, cache_misses = 87620
preemptive halt, cache_misses = 87620
preemptive halt, cache_misses = 87620
preemptive halt, cache_misses = 87620
preemptive halt, cache_misses = 87620
preemptive halt, cache_misses = 87620
preemptive halt, cache_misses = 87620
preemptive halt, cache_misses = 87620
preemptive halt, cache_misses = 87620
preemptive halt, cache_misses = 87620
preemptive halt, cache_misses = 87620
preemptive halt, cache_misses = 87620
preemptive halt, cache_misses = 87620
preemptive halt, cache_misses = 87620
preemptive halt, cache_misses = 87620
preemptive halt, cache_misses = 87620
preemptive halt, cache_misses = 87620
preemptive halt, cache_misses = 87620
preemptive halt, cache_misses = 87620
preemptive halt, cache_misses = 87620
preemptive halt, cache_misses = 87620
preemptive halt, cache_misses = 87620
binary search, size 16599  misses 87620  min 16598  max 16601
preemptive halt, cache_misses = 87621
preemptive halt, cache_misses = 87621
preemptive halt, cache_misses = 87621
preemptive halt, cache_misses = 87621
preemptive halt, cache_misses = 87621
preemptive halt, cache_misses = 87621
preemptive halt, cache_misses = 87621
preemptive halt, cache_misses = 87621
preemptive halt, cache_misses = 87621
preemptive halt, cache_misses = 87621
preemptive halt, cache_misses = 87621
preemptive halt, cache_misses = 87621
preemptive halt, cache_misses = 87621
preemptive halt, cache_misses = 87621
preemptive halt, cache_misses = 87621
preemptive halt, cache_misses = 87621
preemptive halt, cache_misses = 87621
preemptive halt, cache_misses = 87621
preemptive halt, cache_misses = 87621
preemptive halt, cache_misses = 87621
preemptive halt, cache_misses = 87621
preemptive halt, cache_misses = 87621
preemptive halt, cache_misses = 87621
preemptive halt, cache_misses = 87621
preemptive halt, cache_misses = 87621
preemptive halt, cache_misses = 87621
preemptive halt, cache_misses = 87621
preemptive halt, cache_misses = 87621
preemptive halt, cache_misses = 87621
preemptive halt, cache_misses = 87621
preemptive halt, cache_misses = 87621
preemptive halt, cache_misses = 87621
preemptive halt, cache_misses = 87621
preemptive halt, cache_misses = 87621
preemptive halt, cache_misses = 87621
preemptive halt, cache_misses = 87621
preemptive halt, cache_misses = 87621
preemptive halt, cache_misses = 87621
preemptive halt, cache_misses = 87621
preemptive halt, cache_misses = 87621
preemptive halt, cache_misses = 87621
preemptive halt, cache_misses = 87621
preemptive halt, cache_misses = 87621
preemptive halt, cache_misses = 87621
preemptive halt, cache_misses = 87621
preemptive halt, cache_misses = 87621
preemptive halt, cache_misses = 87621
preemptive halt, cache_misses = 87621
preemptive halt, cache_misses = 87621
preemptive halt, cache_misses = 87621
preemptive halt, cache_misses = 87621
preemptive halt, cache_misses = 87621
preemptive halt, cache_misses = 87621
preemptive halt, cache_misses = 87621
preemptive halt, cache_misses = 87621
preemptive halt, cache_misses = 87621
preemptive halt, cache_misses = 87621
preemptive halt, cache_misses = 87621
preemptive halt, cache_misses = 87621
preemptive halt, cache_misses = 87621
preemptive halt, cache_misses = 87621
preemptive halt, cache_misses = 87621
binary search, size 16600  misses 87621  min 16599  max 16601
characteristic cache size (binary search) for 295 = 16601
End at: 2021-04-02 02:02:30.714846
Time elapsed: 0:00:01.728237
