Begin at: 2021-04-02 16:23:16.253893
['../dist/Debug/GNU-Linux/memo_batch_tester', '', '--mbt_execution_trace_fname', 'olcs4_traceback_csize_input_types/OLCS4_lru_2021_04_02__16_21_37_k_3__d_2_cache_size_160000_problems_10_to_400/OLCS4_lru_2021_04_02__16_21_37_k_3__d_2_cache_size_160000_problems_10_to_400/OLCS4__do_traceback_prob_size_235_cache_size_160000_lru_k_3_d_2_execution_trace_2021_4_2_16_23_16_pid_22575.log', '--mbt_cache_misses_fname', 'olcs4_traceback_csize_input_types/OLCS4_lru_2021_04_02__16_21_37_k_3__d_2_cache_size_160000_problems_10_to_400/lcs_cost_OLCS4_lru_misses_for_cache_size.csv', '--mbt_misses_for_problem_size_fname', 'olcs4_traceback_csize_input_types/OLCS4_lru_2021_04_02__16_21_37_k_3__d_2_cache_size_160000_problems_10_to_400/lcs_cost_OLCS4_lru_misses_for_problem_size.csv', '--mbt_exact_cutoff_min_cache_size', '160000', '--mbt_exact_cutoff_max_cache_size', '160000', '--mbt_problem_type', 'lcs', '--mbt_metric_type', 'csize_binary_search', '--mbt_cutoff_ratio', '2.2', '--mbt_instance_fname', '235', '--mbt_detailed_cache_misses_out_fname', 'csize_olcs4_traceback_0011n_ceil_n_b_8.csv', '--mbt_phi_N', '5.0', '--mbt_problem_size', '235', '--lcs_compute_length', '0', '--lcs_perform_traceback', '1', '--lig_instance_type', '0011n_ceil_n_b', '--lig_n', '235', '--lig_c', '0.9', '--lig_b', '8.0', '--lcs_oblivious', '4', '--lcs_execution_trace_fname', 'olcs4_traceback_csize_input_types/OLCS4_lru_2021_04_02__16_21_37_k_3__d_2_cache_size_160000_problems_10_to_400/OLCS4_lru_2021_04_02__16_21_37_k_3__d_2_cache_size_160000_problems_10_to_400/OLCS4__do_traceback_prob_size_235_cache_size_160000_lru_k_3_d_2_execution_trace_2021_4_2_16_23_16_pid_22575.log', '--memo_caching_strategy', 'lru', '--memo_cache_size', '160001', '--memo_lru_queue_size', '160000', '--memo_cuckoo_k', '4', '--memo_key_length', '8', '--memo_value_length', '8', '--memo_k_timestamps', '3', '--memo_d_recent_timestamps', '2', '--memo_a_items_per_timestamp_factor', '0.4375']

csize_binary_search chosen
lcs problem_type lcs cache_size 160001
initialize_long_int_cache begin
init_memo
arguments to memo:
 --mbt_execution_trace_fname olcs4_traceback_csize_input_types/OLCS4_lru_2021_04_02__16_21_37_k_3__d_2_cache_size_160000_problems_10_to_400/OLCS4_lru_2021_04_02__16_21_37_k_3__d_2_cache_size_160000_problems_10_to_400/OLCS4__do_traceback_prob_size_235_cache_size_160000_lru_k_3_d_2_execution_trace_2021_4_2_16_23_16_pid_22575.log --mbt_cache_misses_fname olcs4_traceback_csize_input_types/OLCS4_lru_2021_04_02__16_21_37_k_3__d_2_cache_size_160000_problems_10_to_400/lcs_cost_OLCS4_lru_misses_for_cache_size.csv --mbt_misses_for_problem_size_fname olcs4_traceback_csize_input_types/OLCS4_lru_2021_04_02__16_21_37_k_3__d_2_cache_size_160000_problems_10_to_400/lcs_cost_OLCS4_lru_misses_for_problem_size.csv --mbt_exact_cutoff_min_cache_size 160000 --mbt_exact_cutoff_max_cache_size 160000 --mbt_problem_type lcs --mbt_metric_type csize_binary_search --mbt_cutoff_ratio 2.2 --mbt_instance_fname 235 --mbt_detailed_cache_misses_out_fname csize_olcs4_traceback_0011n_ceil_n_b_8.csv --mbt_phi_N 5.0 --mbt_problem_size 235 --lcs_compute_length 0 --lcs_perform_traceback 1 --lig_instance_type 0011n_ceil_n_b --lig_n 235 --lig_c 0.9 --lig_b 8.0 --lcs_oblivious 4 --lcs_execution_trace_fname olcs4_traceback_csize_input_types/OLCS4_lru_2021_04_02__16_21_37_k_3__d_2_cache_size_160000_problems_10_to_400/OLCS4_lru_2021_04_02__16_21_37_k_3__d_2_cache_size_160000_problems_10_to_400/OLCS4__do_traceback_prob_size_235_cache_size_160000_lru_k_3_d_2_execution_trace_2021_4_2_16_23_16_pid_22575.log --memo_caching_strategy lru --memo_cache_size 160001 --memo_lru_queue_size 160000 --memo_cuckoo_k 4 --memo_key_length 8 --memo_value_length 8 --memo_k_timestamps 3 --memo_d_recent_timestamps 2 --memo_a_items_per_timestamp_factor 0.4375 
calculate_table_size: table_size is 262144, original is 160001
Finished initializing cache
initialize_long_int_cache end
done initializing cache
initializing problem
done initializing problem
commence trials
Starting characteristic_cache_size_binary_search with max cache size 160001
binary search, size 160001  misses 55695
binary search, size 80000  misses 55695  min 0  max 160001
binary search, size 40000  misses 55695  min 0  max 80000
binary search, size 20000  misses 55695  min 0  max 40000
preemptive halt, cache_misses = 55696
preemptive halt, cache_misses = 55696
preemptive halt, cache_misses = 55696
preemptive halt, cache_misses = 55696
preemptive halt, cache_misses = 55696
preemptive halt, cache_misses = 55696
preemptive halt, cache_misses = 55696
preemptive halt, cache_misses = 55696
preemptive halt, cache_misses = 55696
preemptive halt, cache_misses = 55696
preemptive halt, cache_misses = 55696
preemptive halt, cache_misses = 55696
preemptive halt, cache_misses = 55696
preemptive halt, cache_misses = 55696
preemptive halt, cache_misses = 55696
preemptive halt, cache_misses = 55696
preemptive halt, cache_misses = 55696
preemptive halt, cache_misses = 55696
preemptive halt, cache_misses = 55696
preemptive halt, cache_misses = 55696
preemptive halt, cache_misses = 55696
preemptive halt, cache_misses = 55696
preemptive halt, cache_misses = 55696
preemptive halt, cache_misses = 55696
preemptive halt, cache_misses = 55696
preemptive halt, cache_misses = 55696
preemptive halt, cache_misses = 55696
preemptive halt, cache_misses = 55696
preemptive halt, cache_misses = 55696
preemptive halt, cache_misses = 55696
preemptive halt, cache_misses = 55696
preemptive halt, cache_misses = 55696
preemptive halt, cache_misses = 55696
preemptive halt, cache_misses = 55696
preemptive halt, cache_misses = 55696
preemptive halt, cache_misses = 55696
preemptive halt, cache_misses = 55696
preemptive halt, cache_misses = 55696
preemptive halt, cache_misses = 55696
preemptive halt, cache_misses = 55696
preemptive halt, cache_misses = 55696
preemptive halt, cache_misses = 55696
preemptive halt, cache_misses = 55696
preemptive halt, cache_misses = 55696
preemptive halt, cache_misses = 55696
preemptive halt, cache_misses = 55696
preemptive halt, cache_misses = 55696
preemptive halt, cache_misses = 55696
preemptive halt, cache_misses = 55696
preemptive halt, cache_misses = 55696
preemptive halt, cache_misses = 55696
preemptive halt, cache_misses = 55696
binary search, size 10000  misses 55696  min 0  max 20000
binary search, size 15000  misses 55695  min 10000  max 20000
preemptive halt, cache_misses = 55696
preemptive halt, cache_misses = 55696
preemptive halt, cache_misses = 55696
preemptive halt, cache_misses = 55696
preemptive halt, cache_misses = 55696
preemptive halt, cache_misses = 55696
preemptive halt, cache_misses = 55696
preemptive halt, cache_misses = 55696
preemptive halt, cache_misses = 55696
preemptive halt, cache_misses = 55696
preemptive halt, cache_misses = 55696
preemptive halt, cache_misses = 55696
preemptive halt, cache_misses = 55696
preemptive halt, cache_misses = 55696
preemptive halt, cache_misses = 55696
preemptive halt, cache_misses = 55696
preemptive halt, cache_misses = 55696
preemptive halt, cache_misses = 55696
preemptive halt, cache_misses = 55696
preemptive halt, cache_misses = 55696
preemptive halt, cache_misses = 55696
preemptive halt, cache_misses = 55696
preemptive halt, cache_misses = 55696
preemptive halt, cache_misses = 55696
preemptive halt, cache_misses = 55696
preemptive halt, cache_misses = 55696
preemptive halt, cache_misses = 55696
preemptive halt, cache_misses = 55696
preemptive halt, cache_misses = 55696
preemptive halt, cache_misses = 55696
preemptive halt, cache_misses = 55696
preemptive halt, cache_misses = 55696
preemptive halt, cache_misses = 55696
preemptive halt, cache_misses = 55696
preemptive halt, cache_misses = 55696
preemptive halt, cache_misses = 55696
preemptive halt, cache_misses = 55696
preemptive halt, cache_misses = 55696
preemptive halt, cache_misses = 55696
preemptive halt, cache_misses = 55696
preemptive halt, cache_misses = 55696
preemptive halt, cache_misses = 55696
preemptive halt, cache_misses = 55696
preemptive halt, cache_misses = 55696
preemptive halt, cache_misses = 55696
preemptive halt, cache_misses = 55696
preemptive halt, cache_misses = 55696
preemptive halt, cache_misses = 55696
preemptive halt, cache_misses = 55696
preemptive halt, cache_misses = 55696
preemptive halt, cache_misses = 55696
preemptive halt, cache_misses = 55696
binary search, size 12500  misses 55696  min 10000  max 15000
binary search, size 13750  misses 55695  min 12500  max 15000
preemptive halt, cache_misses = 55696
preemptive halt, cache_misses = 55696
preemptive halt, cache_misses = 55696
preemptive halt, cache_misses = 55696
preemptive halt, cache_misses = 55696
preemptive halt, cache_misses = 55696
preemptive halt, cache_misses = 55696
preemptive halt, cache_misses = 55696
preemptive halt, cache_misses = 55696
preemptive halt, cache_misses = 55696
preemptive halt, cache_misses = 55696
preemptive halt, cache_misses = 55696
preemptive halt, cache_misses = 55696
preemptive halt, cache_misses = 55696
preemptive halt, cache_misses = 55696
preemptive halt, cache_misses = 55696
preemptive halt, cache_misses = 55696
preemptive halt, cache_misses = 55696
preemptive halt, cache_misses = 55696
preemptive halt, cache_misses = 55696
preemptive halt, cache_misses = 55696
preemptive halt, cache_misses = 55696
preemptive halt, cache_misses = 55696
preemptive halt, cache_misses = 55696
preemptive halt, cache_misses = 55696
preemptive halt, cache_misses = 55696
preemptive halt, cache_misses = 55696
preemptive halt, cache_misses = 55696
preemptive halt, cache_misses = 55696
preemptive halt, cache_misses = 55696
preemptive halt, cache_misses = 55696
preemptive halt, cache_misses = 55696
preemptive halt, cache_misses = 55696
preemptive halt, cache_misses = 55696
preemptive halt, cache_misses = 55696
preemptive halt, cache_misses = 55696
preemptive halt, cache_misses = 55696
preemptive halt, cache_misses = 55696
preemptive halt, cache_misses = 55696
preemptive halt, cache_misses = 55696
preemptive halt, cache_misses = 55696
preemptive halt, cache_misses = 55696
preemptive halt, cache_misses = 55696
preemptive halt, cache_misses = 55696
preemptive halt, cache_misses = 55696
preemptive halt, cache_misses = 55696
preemptive halt, cache_misses = 55696
preemptive halt, cache_misses = 55696
preemptive halt, cache_misses = 55696
preemptive halt, cache_misses = 55696
preemptive halt, cache_misses = 55696
preemptive halt, cache_misses = 55696
binary search, size 13125  misses 55696  min 12500  max 13750
binary search, size 13437  misses 55695  min 13125  max 13750
binary search, size 13281  misses 55695  min 13125  max 13437
preemptive halt, cache_misses = 55696
preemptive halt, cache_misses = 55696
preemptive halt, cache_misses = 55696
preemptive halt, cache_misses = 55696
preemptive halt, cache_misses = 55696
preemptive halt, cache_misses = 55696
preemptive halt, cache_misses = 55696
preemptive halt, cache_misses = 55696
preemptive halt, cache_misses = 55696
preemptive halt, cache_misses = 55696
preemptive halt, cache_misses = 55696
preemptive halt, cache_misses = 55696
preemptive halt, cache_misses = 55696
preemptive halt, cache_misses = 55696
preemptive halt, cache_misses = 55696
preemptive halt, cache_misses = 55696
preemptive halt, cache_misses = 55696
preemptive halt, cache_misses = 55696
preemptive halt, cache_misses = 55696
preemptive halt, cache_misses = 55696
preemptive halt, cache_misses = 55696
preemptive halt, cache_misses = 55696
preemptive halt, cache_misses = 55696
preemptive halt, cache_misses = 55696
preemptive halt, cache_misses = 55696
preemptive halt, cache_misses = 55696
preemptive halt, cache_misses = 55696
preemptive halt, cache_misses = 55696
preemptive halt, cache_misses = 55696
preemptive halt, cache_misses = 55696
preemptive halt, cache_misses = 55696
preemptive halt, cache_misses = 55696
preemptive halt, cache_misses = 55696
preemptive halt, cache_misses = 55696
preemptive halt, cache_misses = 55696
preemptive halt, cache_misses = 55696
preemptive halt, cache_misses = 55696
preemptive halt, cache_misses = 55696
preemptive halt, cache_misses = 55696
preemptive halt, cache_misses = 55696
preemptive halt, cache_misses = 55696
preemptive halt, cache_misses = 55696
preemptive halt, cache_misses = 55696
preemptive halt, cache_misses = 55696
preemptive halt, cache_misses = 55696
preemptive halt, cache_misses = 55696
preemptive halt, cache_misses = 55696
preemptive halt, cache_misses = 55696
preemptive halt, cache_misses = 55696
preemptive halt, cache_misses = 55696
preemptive halt, cache_misses = 55696
preemptive halt, cache_misses = 55696
binary search, size 13203  misses 55696  min 13125  max 13281
binary search, size 13242  misses 55695  min 13203  max 13281
preemptive halt, cache_misses = 55696
preemptive halt, cache_misses = 55696
preemptive halt, cache_misses = 55696
preemptive halt, cache_misses = 55696
preemptive halt, cache_misses = 55696
preemptive halt, cache_misses = 55696
preemptive halt, cache_misses = 55696
preemptive halt, cache_misses = 55696
preemptive halt, cache_misses = 55696
preemptive halt, cache_misses = 55696
preemptive halt, cache_misses = 55696
preemptive halt, cache_misses = 55696
preemptive halt, cache_misses = 55696
preemptive halt, cache_misses = 55696
preemptive halt, cache_misses = 55696
preemptive halt, cache_misses = 55696
preemptive halt, cache_misses = 55696
preemptive halt, cache_misses = 55696
preemptive halt, cache_misses = 55696
preemptive halt, cache_misses = 55696
preemptive halt, cache_misses = 55696
preemptive halt, cache_misses = 55696
preemptive halt, cache_misses = 55696
preemptive halt, cache_misses = 55696
preemptive halt, cache_misses = 55696
preemptive halt, cache_misses = 55696
preemptive halt, cache_misses = 55696
preemptive halt, cache_misses = 55696
preemptive halt, cache_misses = 55696
preemptive halt, cache_misses = 55696
preemptive halt, cache_misses = 55696
preemptive halt, cache_misses = 55696
preemptive halt, cache_misses = 55696
preemptive halt, cache_misses = 55696
preemptive halt, cache_misses = 55696
preemptive halt, cache_misses = 55696
preemptive halt, cache_misses = 55696
preemptive halt, cache_misses = 55696
preemptive halt, cache_misses = 55696
preemptive halt, cache_misses = 55696
preemptive halt, cache_misses = 55696
preemptive halt, cache_misses = 55696
preemptive halt, cache_misses = 55696
preemptive halt, cache_misses = 55696
preemptive halt, cache_misses = 55696
preemptive halt, cache_misses = 55696
preemptive halt, cache_misses = 55696
preemptive halt, cache_misses = 55696
preemptive halt, cache_misses = 55696
preemptive halt, cache_misses = 55696
preemptive halt, cache_misses = 55696
preemptive halt, cache_misses = 55696
binary search, size 13222  misses 55696  min 13203  max 13242
preemptive halt, cache_misses = 55697
preemptive halt, cache_misses = 55697
preemptive halt, cache_misses = 55697
preemptive halt, cache_misses = 55697
preemptive halt, cache_misses = 55697
preemptive halt, cache_misses = 55697
preemptive halt, cache_misses = 55697
preemptive halt, cache_misses = 55697
preemptive halt, cache_misses = 55697
preemptive halt, cache_misses = 55697
preemptive halt, cache_misses = 55697
preemptive halt, cache_misses = 55697
preemptive halt, cache_misses = 55697
preemptive halt, cache_misses = 55697
preemptive halt, cache_misses = 55697
preemptive halt, cache_misses = 55697
preemptive halt, cache_misses = 55697
preemptive halt, cache_misses = 55697
preemptive halt, cache_misses = 55697
preemptive halt, cache_misses = 55697
preemptive halt, cache_misses = 55697
preemptive halt, cache_misses = 55697
preemptive halt, cache_misses = 55697
preemptive halt, cache_misses = 55697
preemptive halt, cache_misses = 55697
preemptive halt, cache_misses = 55697
preemptive halt, cache_misses = 55697
preemptive halt, cache_misses = 55697
preemptive halt, cache_misses = 55697
preemptive halt, cache_misses = 55697
preemptive halt, cache_misses = 55697
preemptive halt, cache_misses = 55697
preemptive halt, cache_misses = 55697
preemptive halt, cache_misses = 55697
preemptive halt, cache_misses = 55697
preemptive halt, cache_misses = 55697
preemptive halt, cache_misses = 55697
preemptive halt, cache_misses = 55697
preemptive halt, cache_misses = 55697
preemptive halt, cache_misses = 55697
preemptive halt, cache_misses = 55697
preemptive halt, cache_misses = 55697
preemptive halt, cache_misses = 55697
preemptive halt, cache_misses = 55697
preemptive halt, cache_misses = 55697
preemptive halt, cache_misses = 55697
preemptive halt, cache_misses = 55697
preemptive halt, cache_misses = 55697
preemptive halt, cache_misses = 55697
preemptive halt, cache_misses = 55697
preemptive halt, cache_misses = 55697
preemptive halt, cache_misses = 55697
preemptive halt, cache_misses = 55697
preemptive halt, cache_misses = 55697
binary search, size 13232  misses 55697  min 13222  max 13242
preemptive halt, cache_misses = 55698
preemptive halt, cache_misses = 55698
preemptive halt, cache_misses = 55698
preemptive halt, cache_misses = 55698
preemptive halt, cache_misses = 55698
preemptive halt, cache_misses = 55698
preemptive halt, cache_misses = 55698
preemptive halt, cache_misses = 55698
preemptive halt, cache_misses = 55698
preemptive halt, cache_misses = 55698
preemptive halt, cache_misses = 55698
preemptive halt, cache_misses = 55698
preemptive halt, cache_misses = 55698
preemptive halt, cache_misses = 55698
preemptive halt, cache_misses = 55698
preemptive halt, cache_misses = 55698
preemptive halt, cache_misses = 55698
preemptive halt, cache_misses = 55698
preemptive halt, cache_misses = 55698
preemptive halt, cache_misses = 55698
preemptive halt, cache_misses = 55698
preemptive halt, cache_misses = 55698
preemptive halt, cache_misses = 55698
preemptive halt, cache_misses = 55698
preemptive halt, cache_misses = 55698
preemptive halt, cache_misses = 55698
preemptive halt, cache_misses = 55698
preemptive halt, cache_misses = 55698
preemptive halt, cache_misses = 55698
preemptive halt, cache_misses = 55698
preemptive halt, cache_misses = 55698
preemptive halt, cache_misses = 55698
preemptive halt, cache_misses = 55698
preemptive halt, cache_misses = 55698
preemptive halt, cache_misses = 55698
preemptive halt, cache_misses = 55698
preemptive halt, cache_misses = 55698
preemptive halt, cache_misses = 55698
preemptive halt, cache_misses = 55698
preemptive halt, cache_misses = 55698
preemptive halt, cache_misses = 55698
preemptive halt, cache_misses = 55698
preemptive halt, cache_misses = 55698
preemptive halt, cache_misses = 55698
preemptive halt, cache_misses = 55698
preemptive halt, cache_misses = 55698
preemptive halt, cache_misses = 55698
preemptive halt, cache_misses = 55698
preemptive halt, cache_misses = 55698
preemptive halt, cache_misses = 55698
preemptive halt, cache_misses = 55698
preemptive halt, cache_misses = 55698
preemptive halt, cache_misses = 55698
preemptive halt, cache_misses = 55698
preemptive halt, cache_misses = 55698
preemptive halt, cache_misses = 55698
binary search, size 13237  misses 55698  min 13232  max 13242
preemptive halt, cache_misses = 55699
preemptive halt, cache_misses = 55699
preemptive halt, cache_misses = 55699
preemptive halt, cache_misses = 55699
preemptive halt, cache_misses = 55699
preemptive halt, cache_misses = 55699
preemptive halt, cache_misses = 55699
preemptive halt, cache_misses = 55699
preemptive halt, cache_misses = 55699
preemptive halt, cache_misses = 55699
preemptive halt, cache_misses = 55699
preemptive halt, cache_misses = 55699
preemptive halt, cache_misses = 55699
preemptive halt, cache_misses = 55699
preemptive halt, cache_misses = 55699
preemptive halt, cache_misses = 55699
preemptive halt, cache_misses = 55699
preemptive halt, cache_misses = 55699
preemptive halt, cache_misses = 55699
preemptive halt, cache_misses = 55699
preemptive halt, cache_misses = 55699
preemptive halt, cache_misses = 55699
preemptive halt, cache_misses = 55699
preemptive halt, cache_misses = 55699
preemptive halt, cache_misses = 55699
preemptive halt, cache_misses = 55699
preemptive halt, cache_misses = 55699
preemptive halt, cache_misses = 55699
preemptive halt, cache_misses = 55699
preemptive halt, cache_misses = 55699
preemptive halt, cache_misses = 55699
preemptive halt, cache_misses = 55699
preemptive halt, cache_misses = 55699
preemptive halt, cache_misses = 55699
preemptive halt, cache_misses = 55699
preemptive halt, cache_misses = 55699
preemptive halt, cache_misses = 55699
preemptive halt, cache_misses = 55699
preemptive halt, cache_misses = 55699
preemptive halt, cache_misses = 55699
preemptive halt, cache_misses = 55699
preemptive halt, cache_misses = 55699
preemptive halt, cache_misses = 55699
preemptive halt, cache_misses = 55699
preemptive halt, cache_misses = 55699
preemptive halt, cache_misses = 55699
preemptive halt, cache_misses = 55699
preemptive halt, cache_misses = 55699
preemptive halt, cache_misses = 55699
preemptive halt, cache_misses = 55699
preemptive halt, cache_misses = 55699
preemptive halt, cache_misses = 55699
preemptive halt, cache_misses = 55699
preemptive halt, cache_misses = 55699
preemptive halt, cache_misses = 55699
preemptive halt, cache_misses = 55699
preemptive halt, cache_misses = 55699
preemptive halt, cache_misses = 55699
binary search, size 13239  misses 55699  min 13237  max 13242
preemptive halt, cache_misses = 55700
preemptive halt, cache_misses = 55700
preemptive halt, cache_misses = 55700
preemptive halt, cache_misses = 55700
preemptive halt, cache_misses = 55700
preemptive halt, cache_misses = 55700
preemptive halt, cache_misses = 55700
preemptive halt, cache_misses = 55700
preemptive halt, cache_misses = 55700
preemptive halt, cache_misses = 55700
preemptive halt, cache_misses = 55700
preemptive halt, cache_misses = 55700
preemptive halt, cache_misses = 55700
preemptive halt, cache_misses = 55700
preemptive halt, cache_misses = 55700
preemptive halt, cache_misses = 55700
preemptive halt, cache_misses = 55700
preemptive halt, cache_misses = 55700
preemptive halt, cache_misses = 55700
preemptive halt, cache_misses = 55700
preemptive halt, cache_misses = 55700
preemptive halt, cache_misses = 55700
preemptive halt, cache_misses = 55700
preemptive halt, cache_misses = 55700
preemptive halt, cache_misses = 55700
preemptive halt, cache_misses = 55700
preemptive halt, cache_misses = 55700
preemptive halt, cache_misses = 55700
preemptive halt, cache_misses = 55700
preemptive halt, cache_misses = 55700
preemptive halt, cache_misses = 55700
preemptive halt, cache_misses = 55700
preemptive halt, cache_misses = 55700
preemptive halt, cache_misses = 55700
preemptive halt, cache_misses = 55700
preemptive halt, cache_misses = 55700
preemptive halt, cache_misses = 55700
preemptive halt, cache_misses = 55700
preemptive halt, cache_misses = 55700
preemptive halt, cache_misses = 55700
preemptive halt, cache_misses = 55700
preemptive halt, cache_misses = 55700
preemptive halt, cache_misses = 55700
preemptive halt, cache_misses = 55700
preemptive halt, cache_misses = 55700
preemptive halt, cache_misses = 55700
preemptive halt, cache_misses = 55700
preemptive halt, cache_misses = 55700
preemptive halt, cache_misses = 55700
preemptive halt, cache_misses = 55700
preemptive halt, cache_misses = 55700
preemptive halt, cache_misses = 55700
preemptive halt, cache_misses = 55700
preemptive halt, cache_misses = 55700
preemptive halt, cache_misses = 55700
preemptive halt, cache_misses = 55700
preemptive halt, cache_misses = 55700
preemptive halt, cache_misses = 55700
preemptive halt, cache_misses = 55700
preemptive halt, cache_misses = 55700
binary search, size 13240  misses 55700  min 13239  max 13242
binary search, size 13241  misses 55695  min 13240  max 13242
characteristic cache size (binary search) for 235 = 13241
End at: 2021-04-02 16:23:17.636870
Time elapsed: 0:00:01.382992
