Begin at: 2021-04-02 16:24:32.555723
['../dist/Debug/GNU-Linux/memo_batch_tester', '', '--mbt_execution_trace_fname', 'olcs4_traceback_csize_input_types/OLCS4_lru_2021_04_02__16_21_37_k_3__d_2_cache_size_160000_problems_10_to_400/OLCS4_lru_2021_04_02__16_21_37_k_3__d_2_cache_size_160000_problems_10_to_400/OLCS4__do_traceback_prob_size_289_cache_size_160000_lru_k_3_d_2_execution_trace_2021_4_2_16_24_32_pid_22693.log', '--mbt_cache_misses_fname', 'olcs4_traceback_csize_input_types/OLCS4_lru_2021_04_02__16_21_37_k_3__d_2_cache_size_160000_problems_10_to_400/lcs_cost_OLCS4_lru_misses_for_cache_size.csv', '--mbt_misses_for_problem_size_fname', 'olcs4_traceback_csize_input_types/OLCS4_lru_2021_04_02__16_21_37_k_3__d_2_cache_size_160000_problems_10_to_400/lcs_cost_OLCS4_lru_misses_for_problem_size.csv', '--mbt_exact_cutoff_min_cache_size', '160000', '--mbt_exact_cutoff_max_cache_size', '160000', '--mbt_problem_type', 'lcs', '--mbt_metric_type', 'csize_binary_search', '--mbt_cutoff_ratio', '2.2', '--mbt_instance_fname', '289', '--mbt_detailed_cache_misses_out_fname', 'csize_olcs4_traceback_0011n_ceil_n_b_8.csv', '--mbt_phi_N', '5.0', '--mbt_problem_size', '289', '--lcs_compute_length', '0', '--lcs_perform_traceback', '1', '--lig_instance_type', '0011n_ceil_n_b', '--lig_n', '289', '--lig_c', '0.9', '--lig_b', '8.0', '--lcs_oblivious', '4', '--lcs_execution_trace_fname', 'olcs4_traceback_csize_input_types/OLCS4_lru_2021_04_02__16_21_37_k_3__d_2_cache_size_160000_problems_10_to_400/OLCS4_lru_2021_04_02__16_21_37_k_3__d_2_cache_size_160000_problems_10_to_400/OLCS4__do_traceback_prob_size_289_cache_size_160000_lru_k_3_d_2_execution_trace_2021_4_2_16_24_32_pid_22693.log', '--memo_caching_strategy', 'lru', '--memo_cache_size', '160001', '--memo_lru_queue_size', '160000', '--memo_cuckoo_k', '4', '--memo_key_length', '8', '--memo_value_length', '8', '--memo_k_timestamps', '3', '--memo_d_recent_timestamps', '2', '--memo_a_items_per_timestamp_factor', '0.4375']

csize_binary_search chosen
lcs problem_type lcs cache_size 160001
initialize_long_int_cache begin
init_memo
arguments to memo:
 --mbt_execution_trace_fname olcs4_traceback_csize_input_types/OLCS4_lru_2021_04_02__16_21_37_k_3__d_2_cache_size_160000_problems_10_to_400/OLCS4_lru_2021_04_02__16_21_37_k_3__d_2_cache_size_160000_problems_10_to_400/OLCS4__do_traceback_prob_size_289_cache_size_160000_lru_k_3_d_2_execution_trace_2021_4_2_16_24_32_pid_22693.log --mbt_cache_misses_fname olcs4_traceback_csize_input_types/OLCS4_lru_2021_04_02__16_21_37_k_3__d_2_cache_size_160000_problems_10_to_400/lcs_cost_OLCS4_lru_misses_for_cache_size.csv --mbt_misses_for_problem_size_fname olcs4_traceback_csize_input_types/OLCS4_lru_2021_04_02__16_21_37_k_3__d_2_cache_size_160000_problems_10_to_400/lcs_cost_OLCS4_lru_misses_for_problem_size.csv --mbt_exact_cutoff_min_cache_size 160000 --mbt_exact_cutoff_max_cache_size 160000 --mbt_problem_type lcs --mbt_metric_type csize_binary_search --mbt_cutoff_ratio 2.2 --mbt_instance_fname 289 --mbt_detailed_cache_misses_out_fname csize_olcs4_traceback_0011n_ceil_n_b_8.csv --mbt_phi_N 5.0 --mbt_problem_size 289 --lcs_compute_length 0 --lcs_perform_traceback 1 --lig_instance_type 0011n_ceil_n_b --lig_n 289 --lig_c 0.9 --lig_b 8.0 --lcs_oblivious 4 --lcs_execution_trace_fname olcs4_traceback_csize_input_types/OLCS4_lru_2021_04_02__16_21_37_k_3__d_2_cache_size_160000_problems_10_to_400/OLCS4_lru_2021_04_02__16_21_37_k_3__d_2_cache_size_160000_problems_10_to_400/OLCS4__do_traceback_prob_size_289_cache_size_160000_lru_k_3_d_2_execution_trace_2021_4_2_16_24_32_pid_22693.log --memo_caching_strategy lru --memo_cache_size 160001 --memo_lru_queue_size 160000 --memo_cuckoo_k 4 --memo_key_length 8 --memo_value_length 8 --memo_k_timestamps 3 --memo_d_recent_timestamps 2 --memo_a_items_per_timestamp_factor 0.4375 
calculate_table_size: table_size is 262144, original is 160001
Finished initializing cache
initialize_long_int_cache end
done initializing cache
initializing problem
done initializing problem
commence trials
Starting characteristic_cache_size_binary_search with max cache size 160001
binary search, size 160001  misses 84099
binary search, size 80000  misses 84099  min 0  max 160001
binary search, size 40000  misses 84099  min 0  max 80000
binary search, size 20000  misses 84099  min 0  max 40000
preemptive halt, cache_misses = 84100
preemptive halt, cache_misses = 84100
preemptive halt, cache_misses = 84100
preemptive halt, cache_misses = 84100
preemptive halt, cache_misses = 84100
preemptive halt, cache_misses = 84100
preemptive halt, cache_misses = 84100
preemptive halt, cache_misses = 84100
preemptive halt, cache_misses = 84100
preemptive halt, cache_misses = 84100
preemptive halt, cache_misses = 84100
preemptive halt, cache_misses = 84100
preemptive halt, cache_misses = 84100
preemptive halt, cache_misses = 84100
preemptive halt, cache_misses = 84100
preemptive halt, cache_misses = 84100
preemptive halt, cache_misses = 84100
preemptive halt, cache_misses = 84100
preemptive halt, cache_misses = 84100
preemptive halt, cache_misses = 84100
preemptive halt, cache_misses = 84100
preemptive halt, cache_misses = 84100
preemptive halt, cache_misses = 84100
preemptive halt, cache_misses = 84100
preemptive halt, cache_misses = 84100
preemptive halt, cache_misses = 84100
preemptive halt, cache_misses = 84100
preemptive halt, cache_misses = 84100
preemptive halt, cache_misses = 84100
preemptive halt, cache_misses = 84100
preemptive halt, cache_misses = 84100
preemptive halt, cache_misses = 84100
preemptive halt, cache_misses = 84100
preemptive halt, cache_misses = 84100
preemptive halt, cache_misses = 84100
preemptive halt, cache_misses = 84100
preemptive halt, cache_misses = 84100
preemptive halt, cache_misses = 84100
preemptive halt, cache_misses = 84100
preemptive halt, cache_misses = 84100
preemptive halt, cache_misses = 84100
preemptive halt, cache_misses = 84100
preemptive halt, cache_misses = 84100
preemptive halt, cache_misses = 84100
preemptive halt, cache_misses = 84100
preemptive halt, cache_misses = 84100
preemptive halt, cache_misses = 84100
preemptive halt, cache_misses = 84100
preemptive halt, cache_misses = 84100
preemptive halt, cache_misses = 84100
preemptive halt, cache_misses = 84100
preemptive halt, cache_misses = 84100
preemptive halt, cache_misses = 84100
preemptive halt, cache_misses = 84100
preemptive halt, cache_misses = 84100
preemptive halt, cache_misses = 84100
preemptive halt, cache_misses = 84100
preemptive halt, cache_misses = 84100
preemptive halt, cache_misses = 84100
preemptive halt, cache_misses = 84100
preemptive halt, cache_misses = 84100
preemptive halt, cache_misses = 84100
binary search, size 10000  misses 84100  min 0  max 20000
preemptive halt, cache_misses = 84101
preemptive halt, cache_misses = 84101
preemptive halt, cache_misses = 84101
preemptive halt, cache_misses = 84101
preemptive halt, cache_misses = 84101
preemptive halt, cache_misses = 84101
preemptive halt, cache_misses = 84101
preemptive halt, cache_misses = 84101
preemptive halt, cache_misses = 84101
preemptive halt, cache_misses = 84101
preemptive halt, cache_misses = 84101
preemptive halt, cache_misses = 84101
preemptive halt, cache_misses = 84101
preemptive halt, cache_misses = 84101
preemptive halt, cache_misses = 84101
preemptive halt, cache_misses = 84101
preemptive halt, cache_misses = 84101
preemptive halt, cache_misses = 84101
preemptive halt, cache_misses = 84101
preemptive halt, cache_misses = 84101
preemptive halt, cache_misses = 84101
preemptive halt, cache_misses = 84101
preemptive halt, cache_misses = 84101
preemptive halt, cache_misses = 84101
preemptive halt, cache_misses = 84101
preemptive halt, cache_misses = 84101
preemptive halt, cache_misses = 84101
preemptive halt, cache_misses = 84101
preemptive halt, cache_misses = 84101
preemptive halt, cache_misses = 84101
preemptive halt, cache_misses = 84101
preemptive halt, cache_misses = 84101
preemptive halt, cache_misses = 84101
preemptive halt, cache_misses = 84101
preemptive halt, cache_misses = 84101
preemptive halt, cache_misses = 84101
preemptive halt, cache_misses = 84101
preemptive halt, cache_misses = 84101
preemptive halt, cache_misses = 84101
preemptive halt, cache_misses = 84101
preemptive halt, cache_misses = 84101
preemptive halt, cache_misses = 84101
preemptive halt, cache_misses = 84101
preemptive halt, cache_misses = 84101
preemptive halt, cache_misses = 84101
preemptive halt, cache_misses = 84101
preemptive halt, cache_misses = 84101
preemptive halt, cache_misses = 84101
preemptive halt, cache_misses = 84101
preemptive halt, cache_misses = 84101
preemptive halt, cache_misses = 84101
preemptive halt, cache_misses = 84101
preemptive halt, cache_misses = 84101
preemptive halt, cache_misses = 84101
preemptive halt, cache_misses = 84101
preemptive halt, cache_misses = 84101
preemptive halt, cache_misses = 84101
preemptive halt, cache_misses = 84101
preemptive halt, cache_misses = 84101
preemptive halt, cache_misses = 84101
preemptive halt, cache_misses = 84101
preemptive halt, cache_misses = 84101
preemptive halt, cache_misses = 84101
preemptive halt, cache_misses = 84101
binary search, size 15000  misses 84101  min 10000  max 20000
preemptive halt, cache_misses = 84102
preemptive halt, cache_misses = 84102
preemptive halt, cache_misses = 84102
preemptive halt, cache_misses = 84102
preemptive halt, cache_misses = 84102
preemptive halt, cache_misses = 84102
preemptive halt, cache_misses = 84102
preemptive halt, cache_misses = 84102
preemptive halt, cache_misses = 84102
preemptive halt, cache_misses = 84102
preemptive halt, cache_misses = 84102
preemptive halt, cache_misses = 84102
preemptive halt, cache_misses = 84102
preemptive halt, cache_misses = 84102
preemptive halt, cache_misses = 84102
preemptive halt, cache_misses = 84102
preemptive halt, cache_misses = 84102
preemptive halt, cache_misses = 84102
preemptive halt, cache_misses = 84102
preemptive halt, cache_misses = 84102
preemptive halt, cache_misses = 84102
preemptive halt, cache_misses = 84102
preemptive halt, cache_misses = 84102
preemptive halt, cache_misses = 84102
preemptive halt, cache_misses = 84102
preemptive halt, cache_misses = 84102
preemptive halt, cache_misses = 84102
preemptive halt, cache_misses = 84102
preemptive halt, cache_misses = 84102
preemptive halt, cache_misses = 84102
preemptive halt, cache_misses = 84102
preemptive halt, cache_misses = 84102
preemptive halt, cache_misses = 84102
preemptive halt, cache_misses = 84102
preemptive halt, cache_misses = 84102
preemptive halt, cache_misses = 84102
preemptive halt, cache_misses = 84102
preemptive halt, cache_misses = 84102
preemptive halt, cache_misses = 84102
preemptive halt, cache_misses = 84102
preemptive halt, cache_misses = 84102
preemptive halt, cache_misses = 84102
preemptive halt, cache_misses = 84102
preemptive halt, cache_misses = 84102
preemptive halt, cache_misses = 84102
preemptive halt, cache_misses = 84102
preemptive halt, cache_misses = 84102
preemptive halt, cache_misses = 84102
preemptive halt, cache_misses = 84102
preemptive halt, cache_misses = 84102
preemptive halt, cache_misses = 84102
preemptive halt, cache_misses = 84102
preemptive halt, cache_misses = 84102
preemptive halt, cache_misses = 84102
preemptive halt, cache_misses = 84102
preemptive halt, cache_misses = 84102
preemptive halt, cache_misses = 84102
preemptive halt, cache_misses = 84102
preemptive halt, cache_misses = 84102
preemptive halt, cache_misses = 84102
preemptive halt, cache_misses = 84102
preemptive halt, cache_misses = 84102
preemptive halt, cache_misses = 84102
preemptive halt, cache_misses = 84102
preemptive halt, cache_misses = 84102
preemptive halt, cache_misses = 84102
binary search, size 17500  misses 84102  min 15000  max 20000
preemptive halt, cache_misses = 84103
preemptive halt, cache_misses = 84103
preemptive halt, cache_misses = 84103
preemptive halt, cache_misses = 84103
preemptive halt, cache_misses = 84103
preemptive halt, cache_misses = 84103
preemptive halt, cache_misses = 84103
preemptive halt, cache_misses = 84103
preemptive halt, cache_misses = 84103
preemptive halt, cache_misses = 84103
preemptive halt, cache_misses = 84103
preemptive halt, cache_misses = 84103
preemptive halt, cache_misses = 84103
preemptive halt, cache_misses = 84103
preemptive halt, cache_misses = 84103
preemptive halt, cache_misses = 84103
preemptive halt, cache_misses = 84103
preemptive halt, cache_misses = 84103
preemptive halt, cache_misses = 84103
preemptive halt, cache_misses = 84103
preemptive halt, cache_misses = 84103
preemptive halt, cache_misses = 84103
preemptive halt, cache_misses = 84103
preemptive halt, cache_misses = 84103
preemptive halt, cache_misses = 84103
preemptive halt, cache_misses = 84103
preemptive halt, cache_misses = 84103
preemptive halt, cache_misses = 84103
preemptive halt, cache_misses = 84103
preemptive halt, cache_misses = 84103
preemptive halt, cache_misses = 84103
preemptive halt, cache_misses = 84103
preemptive halt, cache_misses = 84103
preemptive halt, cache_misses = 84103
preemptive halt, cache_misses = 84103
preemptive halt, cache_misses = 84103
preemptive halt, cache_misses = 84103
preemptive halt, cache_misses = 84103
preemptive halt, cache_misses = 84103
preemptive halt, cache_misses = 84103
preemptive halt, cache_misses = 84103
preemptive halt, cache_misses = 84103
preemptive halt, cache_misses = 84103
preemptive halt, cache_misses = 84103
preemptive halt, cache_misses = 84103
preemptive halt, cache_misses = 84103
preemptive halt, cache_misses = 84103
preemptive halt, cache_misses = 84103
preemptive halt, cache_misses = 84103
preemptive halt, cache_misses = 84103
preemptive halt, cache_misses = 84103
preemptive halt, cache_misses = 84103
preemptive halt, cache_misses = 84103
preemptive halt, cache_misses = 84103
preemptive halt, cache_misses = 84103
preemptive halt, cache_misses = 84103
preemptive halt, cache_misses = 84103
preemptive halt, cache_misses = 84103
preemptive halt, cache_misses = 84103
preemptive halt, cache_misses = 84103
preemptive halt, cache_misses = 84103
preemptive halt, cache_misses = 84103
preemptive halt, cache_misses = 84103
preemptive halt, cache_misses = 84103
preemptive halt, cache_misses = 84103
preemptive halt, cache_misses = 84103
preemptive halt, cache_misses = 84103
preemptive halt, cache_misses = 84103
binary search, size 18750  misses 84103  min 17500  max 20000
preemptive halt, cache_misses = 84104
preemptive halt, cache_misses = 84104
preemptive halt, cache_misses = 84104
preemptive halt, cache_misses = 84104
preemptive halt, cache_misses = 84104
preemptive halt, cache_misses = 84104
preemptive halt, cache_misses = 84104
preemptive halt, cache_misses = 84104
preemptive halt, cache_misses = 84104
preemptive halt, cache_misses = 84104
preemptive halt, cache_misses = 84104
preemptive halt, cache_misses = 84104
preemptive halt, cache_misses = 84104
preemptive halt, cache_misses = 84104
preemptive halt, cache_misses = 84104
preemptive halt, cache_misses = 84104
preemptive halt, cache_misses = 84104
preemptive halt, cache_misses = 84104
preemptive halt, cache_misses = 84104
preemptive halt, cache_misses = 84104
preemptive halt, cache_misses = 84104
preemptive halt, cache_misses = 84104
preemptive halt, cache_misses = 84104
preemptive halt, cache_misses = 84104
preemptive halt, cache_misses = 84104
preemptive halt, cache_misses = 84104
preemptive halt, cache_misses = 84104
preemptive halt, cache_misses = 84104
preemptive halt, cache_misses = 84104
preemptive halt, cache_misses = 84104
preemptive halt, cache_misses = 84104
preemptive halt, cache_misses = 84104
preemptive halt, cache_misses = 84104
preemptive halt, cache_misses = 84104
preemptive halt, cache_misses = 84104
preemptive halt, cache_misses = 84104
preemptive halt, cache_misses = 84104
preemptive halt, cache_misses = 84104
preemptive halt, cache_misses = 84104
preemptive halt, cache_misses = 84104
preemptive halt, cache_misses = 84104
preemptive halt, cache_misses = 84104
preemptive halt, cache_misses = 84104
preemptive halt, cache_misses = 84104
preemptive halt, cache_misses = 84104
preemptive halt, cache_misses = 84104
preemptive halt, cache_misses = 84104
preemptive halt, cache_misses = 84104
preemptive halt, cache_misses = 84104
preemptive halt, cache_misses = 84104
preemptive halt, cache_misses = 84104
preemptive halt, cache_misses = 84104
preemptive halt, cache_misses = 84104
preemptive halt, cache_misses = 84104
preemptive halt, cache_misses = 84104
preemptive halt, cache_misses = 84104
preemptive halt, cache_misses = 84104
preemptive halt, cache_misses = 84104
preemptive halt, cache_misses = 84104
preemptive halt, cache_misses = 84104
preemptive halt, cache_misses = 84104
preemptive halt, cache_misses = 84104
preemptive halt, cache_misses = 84104
preemptive halt, cache_misses = 84104
preemptive halt, cache_misses = 84104
preemptive halt, cache_misses = 84104
preemptive halt, cache_misses = 84104
preemptive halt, cache_misses = 84104
preemptive halt, cache_misses = 84104
preemptive halt, cache_misses = 84104
binary search, size 19375  misses 84104  min 18750  max 20000
preemptive halt, cache_misses = 84105
preemptive halt, cache_misses = 84105
preemptive halt, cache_misses = 84105
preemptive halt, cache_misses = 84105
preemptive halt, cache_misses = 84105
preemptive halt, cache_misses = 84105
preemptive halt, cache_misses = 84105
preemptive halt, cache_misses = 84105
preemptive halt, cache_misses = 84105
preemptive halt, cache_misses = 84105
preemptive halt, cache_misses = 84105
preemptive halt, cache_misses = 84105
preemptive halt, cache_misses = 84105
preemptive halt, cache_misses = 84105
preemptive halt, cache_misses = 84105
preemptive halt, cache_misses = 84105
preemptive halt, cache_misses = 84105
preemptive halt, cache_misses = 84105
preemptive halt, cache_misses = 84105
preemptive halt, cache_misses = 84105
preemptive halt, cache_misses = 84105
preemptive halt, cache_misses = 84105
preemptive halt, cache_misses = 84105
preemptive halt, cache_misses = 84105
preemptive halt, cache_misses = 84105
preemptive halt, cache_misses = 84105
preemptive halt, cache_misses = 84105
preemptive halt, cache_misses = 84105
preemptive halt, cache_misses = 84105
preemptive halt, cache_misses = 84105
preemptive halt, cache_misses = 84105
preemptive halt, cache_misses = 84105
preemptive halt, cache_misses = 84105
preemptive halt, cache_misses = 84105
preemptive halt, cache_misses = 84105
preemptive halt, cache_misses = 84105
preemptive halt, cache_misses = 84105
preemptive halt, cache_misses = 84105
preemptive halt, cache_misses = 84105
preemptive halt, cache_misses = 84105
preemptive halt, cache_misses = 84105
preemptive halt, cache_misses = 84105
preemptive halt, cache_misses = 84105
preemptive halt, cache_misses = 84105
preemptive halt, cache_misses = 84105
preemptive halt, cache_misses = 84105
preemptive halt, cache_misses = 84105
preemptive halt, cache_misses = 84105
preemptive halt, cache_misses = 84105
preemptive halt, cache_misses = 84105
preemptive halt, cache_misses = 84105
preemptive halt, cache_misses = 84105
preemptive halt, cache_misses = 84105
preemptive halt, cache_misses = 84105
preemptive halt, cache_misses = 84105
preemptive halt, cache_misses = 84105
preemptive halt, cache_misses = 84105
preemptive halt, cache_misses = 84105
preemptive halt, cache_misses = 84105
preemptive halt, cache_misses = 84105
preemptive halt, cache_misses = 84105
preemptive halt, cache_misses = 84105
preemptive halt, cache_misses = 84105
preemptive halt, cache_misses = 84105
preemptive halt, cache_misses = 84105
preemptive halt, cache_misses = 84105
preemptive halt, cache_misses = 84105
preemptive halt, cache_misses = 84105
preemptive halt, cache_misses = 84105
preemptive halt, cache_misses = 84105
preemptive halt, cache_misses = 84105
preemptive halt, cache_misses = 84105
binary search, size 19687  misses 84105  min 19375  max 20000
binary search, size 19843  misses 84099  min 19687  max 20000
binary search, size 19765  misses 84099  min 19687  max 19843
preemptive halt, cache_misses = 84100
preemptive halt, cache_misses = 84100
preemptive halt, cache_misses = 84100
preemptive halt, cache_misses = 84100
preemptive halt, cache_misses = 84100
preemptive halt, cache_misses = 84100
preemptive halt, cache_misses = 84100
preemptive halt, cache_misses = 84100
preemptive halt, cache_misses = 84100
preemptive halt, cache_misses = 84100
preemptive halt, cache_misses = 84100
preemptive halt, cache_misses = 84100
preemptive halt, cache_misses = 84100
preemptive halt, cache_misses = 84100
preemptive halt, cache_misses = 84100
preemptive halt, cache_misses = 84100
preemptive halt, cache_misses = 84100
preemptive halt, cache_misses = 84100
preemptive halt, cache_misses = 84100
preemptive halt, cache_misses = 84100
preemptive halt, cache_misses = 84100
preemptive halt, cache_misses = 84100
preemptive halt, cache_misses = 84100
preemptive halt, cache_misses = 84100
preemptive halt, cache_misses = 84100
preemptive halt, cache_misses = 84100
preemptive halt, cache_misses = 84100
preemptive halt, cache_misses = 84100
preemptive halt, cache_misses = 84100
preemptive halt, cache_misses = 84100
preemptive halt, cache_misses = 84100
preemptive halt, cache_misses = 84100
preemptive halt, cache_misses = 84100
preemptive halt, cache_misses = 84100
preemptive halt, cache_misses = 84100
preemptive halt, cache_misses = 84100
preemptive halt, cache_misses = 84100
preemptive halt, cache_misses = 84100
preemptive halt, cache_misses = 84100
preemptive halt, cache_misses = 84100
preemptive halt, cache_misses = 84100
preemptive halt, cache_misses = 84100
preemptive halt, cache_misses = 84100
preemptive halt, cache_misses = 84100
preemptive halt, cache_misses = 84100
preemptive halt, cache_misses = 84100
preemptive halt, cache_misses = 84100
preemptive halt, cache_misses = 84100
preemptive halt, cache_misses = 84100
preemptive halt, cache_misses = 84100
preemptive halt, cache_misses = 84100
preemptive halt, cache_misses = 84100
preemptive halt, cache_misses = 84100
preemptive halt, cache_misses = 84100
preemptive halt, cache_misses = 84100
preemptive halt, cache_misses = 84100
preemptive halt, cache_misses = 84100
preemptive halt, cache_misses = 84100
preemptive halt, cache_misses = 84100
preemptive halt, cache_misses = 84100
preemptive halt, cache_misses = 84100
preemptive halt, cache_misses = 84100
binary search, size 19726  misses 84100  min 19687  max 19765
preemptive halt, cache_misses = 84101
preemptive halt, cache_misses = 84101
preemptive halt, cache_misses = 84101
preemptive halt, cache_misses = 84101
preemptive halt, cache_misses = 84101
preemptive halt, cache_misses = 84101
preemptive halt, cache_misses = 84101
preemptive halt, cache_misses = 84101
preemptive halt, cache_misses = 84101
preemptive halt, cache_misses = 84101
preemptive halt, cache_misses = 84101
preemptive halt, cache_misses = 84101
preemptive halt, cache_misses = 84101
preemptive halt, cache_misses = 84101
preemptive halt, cache_misses = 84101
preemptive halt, cache_misses = 84101
preemptive halt, cache_misses = 84101
preemptive halt, cache_misses = 84101
preemptive halt, cache_misses = 84101
preemptive halt, cache_misses = 84101
preemptive halt, cache_misses = 84101
preemptive halt, cache_misses = 84101
preemptive halt, cache_misses = 84101
preemptive halt, cache_misses = 84101
preemptive halt, cache_misses = 84101
preemptive halt, cache_misses = 84101
preemptive halt, cache_misses = 84101
preemptive halt, cache_misses = 84101
preemptive halt, cache_misses = 84101
preemptive halt, cache_misses = 84101
preemptive halt, cache_misses = 84101
preemptive halt, cache_misses = 84101
preemptive halt, cache_misses = 84101
preemptive halt, cache_misses = 84101
preemptive halt, cache_misses = 84101
preemptive halt, cache_misses = 84101
preemptive halt, cache_misses = 84101
preemptive halt, cache_misses = 84101
preemptive halt, cache_misses = 84101
preemptive halt, cache_misses = 84101
preemptive halt, cache_misses = 84101
preemptive halt, cache_misses = 84101
preemptive halt, cache_misses = 84101
preemptive halt, cache_misses = 84101
preemptive halt, cache_misses = 84101
preemptive halt, cache_misses = 84101
preemptive halt, cache_misses = 84101
preemptive halt, cache_misses = 84101
preemptive halt, cache_misses = 84101
preemptive halt, cache_misses = 84101
preemptive halt, cache_misses = 84101
preemptive halt, cache_misses = 84101
preemptive halt, cache_misses = 84101
preemptive halt, cache_misses = 84101
preemptive halt, cache_misses = 84101
preemptive halt, cache_misses = 84101
preemptive halt, cache_misses = 84101
preemptive halt, cache_misses = 84101
preemptive halt, cache_misses = 84101
preemptive halt, cache_misses = 84101
preemptive halt, cache_misses = 84101
preemptive halt, cache_misses = 84101
preemptive halt, cache_misses = 84101
preemptive halt, cache_misses = 84101
binary search, size 19745  misses 84101  min 19726  max 19765
binary search, size 19755  misses 84099  min 19745  max 19765
binary search, size 19750  misses 84099  min 19745  max 19755
preemptive halt, cache_misses = 84100
preemptive halt, cache_misses = 84100
preemptive halt, cache_misses = 84100
preemptive halt, cache_misses = 84100
preemptive halt, cache_misses = 84100
preemptive halt, cache_misses = 84100
preemptive halt, cache_misses = 84100
preemptive halt, cache_misses = 84100
preemptive halt, cache_misses = 84100
preemptive halt, cache_misses = 84100
preemptive halt, cache_misses = 84100
preemptive halt, cache_misses = 84100
preemptive halt, cache_misses = 84100
preemptive halt, cache_misses = 84100
preemptive halt, cache_misses = 84100
preemptive halt, cache_misses = 84100
preemptive halt, cache_misses = 84100
preemptive halt, cache_misses = 84100
preemptive halt, cache_misses = 84100
preemptive halt, cache_misses = 84100
preemptive halt, cache_misses = 84100
preemptive halt, cache_misses = 84100
preemptive halt, cache_misses = 84100
preemptive halt, cache_misses = 84100
preemptive halt, cache_misses = 84100
preemptive halt, cache_misses = 84100
preemptive halt, cache_misses = 84100
preemptive halt, cache_misses = 84100
preemptive halt, cache_misses = 84100
preemptive halt, cache_misses = 84100
preemptive halt, cache_misses = 84100
preemptive halt, cache_misses = 84100
preemptive halt, cache_misses = 84100
preemptive halt, cache_misses = 84100
preemptive halt, cache_misses = 84100
preemptive halt, cache_misses = 84100
preemptive halt, cache_misses = 84100
preemptive halt, cache_misses = 84100
preemptive halt, cache_misses = 84100
preemptive halt, cache_misses = 84100
preemptive halt, cache_misses = 84100
preemptive halt, cache_misses = 84100
preemptive halt, cache_misses = 84100
preemptive halt, cache_misses = 84100
preemptive halt, cache_misses = 84100
preemptive halt, cache_misses = 84100
preemptive halt, cache_misses = 84100
preemptive halt, cache_misses = 84100
preemptive halt, cache_misses = 84100
preemptive halt, cache_misses = 84100
preemptive halt, cache_misses = 84100
preemptive halt, cache_misses = 84100
preemptive halt, cache_misses = 84100
preemptive halt, cache_misses = 84100
preemptive halt, cache_misses = 84100
preemptive halt, cache_misses = 84100
preemptive halt, cache_misses = 84100
preemptive halt, cache_misses = 84100
preemptive halt, cache_misses = 84100
preemptive halt, cache_misses = 84100
preemptive halt, cache_misses = 84100
preemptive halt, cache_misses = 84100
binary search, size 19747  misses 84100  min 19745  max 19750
preemptive halt, cache_misses = 84101
preemptive halt, cache_misses = 84101
preemptive halt, cache_misses = 84101
preemptive halt, cache_misses = 84101
preemptive halt, cache_misses = 84101
preemptive halt, cache_misses = 84101
preemptive halt, cache_misses = 84101
preemptive halt, cache_misses = 84101
preemptive halt, cache_misses = 84101
preemptive halt, cache_misses = 84101
preemptive halt, cache_misses = 84101
preemptive halt, cache_misses = 84101
preemptive halt, cache_misses = 84101
preemptive halt, cache_misses = 84101
preemptive halt, cache_misses = 84101
preemptive halt, cache_misses = 84101
preemptive halt, cache_misses = 84101
preemptive halt, cache_misses = 84101
preemptive halt, cache_misses = 84101
preemptive halt, cache_misses = 84101
preemptive halt, cache_misses = 84101
preemptive halt, cache_misses = 84101
preemptive halt, cache_misses = 84101
preemptive halt, cache_misses = 84101
preemptive halt, cache_misses = 84101
preemptive halt, cache_misses = 84101
preemptive halt, cache_misses = 84101
preemptive halt, cache_misses = 84101
preemptive halt, cache_misses = 84101
preemptive halt, cache_misses = 84101
preemptive halt, cache_misses = 84101
preemptive halt, cache_misses = 84101
preemptive halt, cache_misses = 84101
preemptive halt, cache_misses = 84101
preemptive halt, cache_misses = 84101
preemptive halt, cache_misses = 84101
preemptive halt, cache_misses = 84101
preemptive halt, cache_misses = 84101
preemptive halt, cache_misses = 84101
preemptive halt, cache_misses = 84101
preemptive halt, cache_misses = 84101
preemptive halt, cache_misses = 84101
preemptive halt, cache_misses = 84101
preemptive halt, cache_misses = 84101
preemptive halt, cache_misses = 84101
preemptive halt, cache_misses = 84101
preemptive halt, cache_misses = 84101
preemptive halt, cache_misses = 84101
preemptive halt, cache_misses = 84101
preemptive halt, cache_misses = 84101
preemptive halt, cache_misses = 84101
preemptive halt, cache_misses = 84101
preemptive halt, cache_misses = 84101
preemptive halt, cache_misses = 84101
preemptive halt, cache_misses = 84101
preemptive halt, cache_misses = 84101
preemptive halt, cache_misses = 84101
preemptive halt, cache_misses = 84101
preemptive halt, cache_misses = 84101
preemptive halt, cache_misses = 84101
preemptive halt, cache_misses = 84101
preemptive halt, cache_misses = 84101
preemptive halt, cache_misses = 84101
preemptive halt, cache_misses = 84101
binary search, size 19748  misses 84101  min 19747  max 19750
preemptive halt, cache_misses = 84102
preemptive halt, cache_misses = 84102
preemptive halt, cache_misses = 84102
preemptive halt, cache_misses = 84102
preemptive halt, cache_misses = 84102
preemptive halt, cache_misses = 84102
preemptive halt, cache_misses = 84102
preemptive halt, cache_misses = 84102
preemptive halt, cache_misses = 84102
preemptive halt, cache_misses = 84102
preemptive halt, cache_misses = 84102
preemptive halt, cache_misses = 84102
preemptive halt, cache_misses = 84102
preemptive halt, cache_misses = 84102
preemptive halt, cache_misses = 84102
preemptive halt, cache_misses = 84102
preemptive halt, cache_misses = 84102
preemptive halt, cache_misses = 84102
preemptive halt, cache_misses = 84102
preemptive halt, cache_misses = 84102
preemptive halt, cache_misses = 84102
preemptive halt, cache_misses = 84102
preemptive halt, cache_misses = 84102
preemptive halt, cache_misses = 84102
preemptive halt, cache_misses = 84102
preemptive halt, cache_misses = 84102
preemptive halt, cache_misses = 84102
preemptive halt, cache_misses = 84102
preemptive halt, cache_misses = 84102
preemptive halt, cache_misses = 84102
preemptive halt, cache_misses = 84102
preemptive halt, cache_misses = 84102
preemptive halt, cache_misses = 84102
preemptive halt, cache_misses = 84102
preemptive halt, cache_misses = 84102
preemptive halt, cache_misses = 84102
preemptive halt, cache_misses = 84102
preemptive halt, cache_misses = 84102
preemptive halt, cache_misses = 84102
preemptive halt, cache_misses = 84102
preemptive halt, cache_misses = 84102
preemptive halt, cache_misses = 84102
preemptive halt, cache_misses = 84102
preemptive halt, cache_misses = 84102
preemptive halt, cache_misses = 84102
preemptive halt, cache_misses = 84102
preemptive halt, cache_misses = 84102
preemptive halt, cache_misses = 84102
preemptive halt, cache_misses = 84102
preemptive halt, cache_misses = 84102
preemptive halt, cache_misses = 84102
preemptive halt, cache_misses = 84102
preemptive halt, cache_misses = 84102
preemptive halt, cache_misses = 84102
preemptive halt, cache_misses = 84102
preemptive halt, cache_misses = 84102
preemptive halt, cache_misses = 84102
preemptive halt, cache_misses = 84102
preemptive halt, cache_misses = 84102
preemptive halt, cache_misses = 84102
preemptive halt, cache_misses = 84102
preemptive halt, cache_misses = 84102
preemptive halt, cache_misses = 84102
preemptive halt, cache_misses = 84102
preemptive halt, cache_misses = 84102
preemptive halt, cache_misses = 84102
binary search, size 19749  misses 84102  min 19748  max 19750
characteristic cache size (binary search) for 289 = 19750
End at: 2021-04-02 16:24:34.202476
Time elapsed: 0:00:01.646778
