Begin at: 2021-04-02 16:26:58.223803
['../dist/Debug/GNU-Linux/memo_batch_tester', '', '--mbt_execution_trace_fname', 'olcs4_traceback_csize_input_types/OLCS4_lru_2021_04_02__16_21_37_k_3__d_2_cache_size_160000_problems_10_to_400/OLCS4_lru_2021_04_02__16_21_37_k_3__d_2_cache_size_160000_problems_10_to_400/OLCS4__do_traceback_prob_size_361_cache_size_160000_lru_k_3_d_2_execution_trace_2021_4_2_16_26_58_pid_22856.log', '--mbt_cache_misses_fname', 'olcs4_traceback_csize_input_types/OLCS4_lru_2021_04_02__16_21_37_k_3__d_2_cache_size_160000_problems_10_to_400/lcs_cost_OLCS4_lru_misses_for_cache_size.csv', '--mbt_misses_for_problem_size_fname', 'olcs4_traceback_csize_input_types/OLCS4_lru_2021_04_02__16_21_37_k_3__d_2_cache_size_160000_problems_10_to_400/lcs_cost_OLCS4_lru_misses_for_problem_size.csv', '--mbt_exact_cutoff_min_cache_size', '160000', '--mbt_exact_cutoff_max_cache_size', '160000', '--mbt_problem_type', 'lcs', '--mbt_metric_type', 'csize_binary_search', '--mbt_cutoff_ratio', '2.2', '--mbt_instance_fname', '361', '--mbt_detailed_cache_misses_out_fname', 'csize_olcs4_traceback_0011n_ceil_n_b_8.csv', '--mbt_phi_N', '5.0', '--mbt_problem_size', '361', '--lcs_compute_length', '0', '--lcs_perform_traceback', '1', '--lig_instance_type', '0011n_ceil_n_b', '--lig_n', '361', '--lig_c', '0.9', '--lig_b', '8.0', '--lcs_oblivious', '4', '--lcs_execution_trace_fname', 'olcs4_traceback_csize_input_types/OLCS4_lru_2021_04_02__16_21_37_k_3__d_2_cache_size_160000_problems_10_to_400/OLCS4_lru_2021_04_02__16_21_37_k_3__d_2_cache_size_160000_problems_10_to_400/OLCS4__do_traceback_prob_size_361_cache_size_160000_lru_k_3_d_2_execution_trace_2021_4_2_16_26_58_pid_22856.log', '--memo_caching_strategy', 'lru', '--memo_cache_size', '160001', '--memo_lru_queue_size', '160000', '--memo_cuckoo_k', '4', '--memo_key_length', '8', '--memo_value_length', '8', '--memo_k_timestamps', '3', '--memo_d_recent_timestamps', '2', '--memo_a_items_per_timestamp_factor', '0.4375']

csize_binary_search chosen
lcs problem_type lcs cache_size 160001
initialize_long_int_cache begin
init_memo
arguments to memo:
 --mbt_execution_trace_fname olcs4_traceback_csize_input_types/OLCS4_lru_2021_04_02__16_21_37_k_3__d_2_cache_size_160000_problems_10_to_400/OLCS4_lru_2021_04_02__16_21_37_k_3__d_2_cache_size_160000_problems_10_to_400/OLCS4__do_traceback_prob_size_361_cache_size_160000_lru_k_3_d_2_execution_trace_2021_4_2_16_26_58_pid_22856.log --mbt_cache_misses_fname olcs4_traceback_csize_input_types/OLCS4_lru_2021_04_02__16_21_37_k_3__d_2_cache_size_160000_problems_10_to_400/lcs_cost_OLCS4_lru_misses_for_cache_size.csv --mbt_misses_for_problem_size_fname olcs4_traceback_csize_input_types/OLCS4_lru_2021_04_02__16_21_37_k_3__d_2_cache_size_160000_problems_10_to_400/lcs_cost_OLCS4_lru_misses_for_problem_size.csv --mbt_exact_cutoff_min_cache_size 160000 --mbt_exact_cutoff_max_cache_size 160000 --mbt_problem_type lcs --mbt_metric_type csize_binary_search --mbt_cutoff_ratio 2.2 --mbt_instance_fname 361 --mbt_detailed_cache_misses_out_fname csize_olcs4_traceback_0011n_ceil_n_b_8.csv --mbt_phi_N 5.0 --mbt_problem_size 361 --lcs_compute_length 0 --lcs_perform_traceback 1 --lig_instance_type 0011n_ceil_n_b --lig_n 361 --lig_c 0.9 --lig_b 8.0 --lcs_oblivious 4 --lcs_execution_trace_fname olcs4_traceback_csize_input_types/OLCS4_lru_2021_04_02__16_21_37_k_3__d_2_cache_size_160000_problems_10_to_400/OLCS4_lru_2021_04_02__16_21_37_k_3__d_2_cache_size_160000_problems_10_to_400/OLCS4__do_traceback_prob_size_361_cache_size_160000_lru_k_3_d_2_execution_trace_2021_4_2_16_26_58_pid_22856.log --memo_caching_strategy lru --memo_cache_size 160001 --memo_lru_queue_size 160000 --memo_cuckoo_k 4 --memo_key_length 8 --memo_value_length 8 --memo_k_timestamps 3 --memo_d_recent_timestamps 2 --memo_a_items_per_timestamp_factor 0.4375 
calculate_table_size: table_size is 262144, original is 160001
Finished initializing cache
initialize_long_int_cache end
done initializing cache
initializing problem
done initializing problem
commence trials
Starting characteristic_cache_size_binary_search with max cache size 160001
binary search, size 160001  misses 131043
binary search, size 80000  misses 131043  min 0  max 160001
binary search, size 40000  misses 131043  min 0  max 80000
preemptive halt, cache_misses = 131044
preemptive halt, cache_misses = 131044
preemptive halt, cache_misses = 131044
preemptive halt, cache_misses = 131044
preemptive halt, cache_misses = 131044
preemptive halt, cache_misses = 131044
preemptive halt, cache_misses = 131044
preemptive halt, cache_misses = 131044
preemptive halt, cache_misses = 131044
preemptive halt, cache_misses = 131044
preemptive halt, cache_misses = 131044
preemptive halt, cache_misses = 131044
preemptive halt, cache_misses = 131044
preemptive halt, cache_misses = 131044
preemptive halt, cache_misses = 131044
preemptive halt, cache_misses = 131044
preemptive halt, cache_misses = 131044
preemptive halt, cache_misses = 131044
preemptive halt, cache_misses = 131044
preemptive halt, cache_misses = 131044
preemptive halt, cache_misses = 131044
preemptive halt, cache_misses = 131044
preemptive halt, cache_misses = 131044
preemptive halt, cache_misses = 131044
preemptive halt, cache_misses = 131044
preemptive halt, cache_misses = 131044
preemptive halt, cache_misses = 131044
preemptive halt, cache_misses = 131044
preemptive halt, cache_misses = 131044
preemptive halt, cache_misses = 131044
preemptive halt, cache_misses = 131044
preemptive halt, cache_misses = 131044
preemptive halt, cache_misses = 131044
preemptive halt, cache_misses = 131044
preemptive halt, cache_misses = 131044
preemptive halt, cache_misses = 131044
preemptive halt, cache_misses = 131044
preemptive halt, cache_misses = 131044
preemptive halt, cache_misses = 131044
preemptive halt, cache_misses = 131044
preemptive halt, cache_misses = 131044
preemptive halt, cache_misses = 131044
preemptive halt, cache_misses = 131044
preemptive halt, cache_misses = 131044
preemptive halt, cache_misses = 131044
preemptive halt, cache_misses = 131044
preemptive halt, cache_misses = 131044
preemptive halt, cache_misses = 131044
preemptive halt, cache_misses = 131044
preemptive halt, cache_misses = 131044
preemptive halt, cache_misses = 131044
preemptive halt, cache_misses = 131044
preemptive halt, cache_misses = 131044
preemptive halt, cache_misses = 131044
preemptive halt, cache_misses = 131044
preemptive halt, cache_misses = 131044
preemptive halt, cache_misses = 131044
preemptive halt, cache_misses = 131044
preemptive halt, cache_misses = 131044
preemptive halt, cache_misses = 131044
preemptive halt, cache_misses = 131044
preemptive halt, cache_misses = 131044
preemptive halt, cache_misses = 131044
preemptive halt, cache_misses = 131044
preemptive halt, cache_misses = 131044
preemptive halt, cache_misses = 131044
preemptive halt, cache_misses = 131044
preemptive halt, cache_misses = 131044
preemptive halt, cache_misses = 131044
preemptive halt, cache_misses = 131044
preemptive halt, cache_misses = 131044
preemptive halt, cache_misses = 131044
preemptive halt, cache_misses = 131044
preemptive halt, cache_misses = 131044
preemptive halt, cache_misses = 131044
preemptive halt, cache_misses = 131044
preemptive halt, cache_misses = 131044
preemptive halt, cache_misses = 131044
preemptive halt, cache_misses = 131044
preemptive halt, cache_misses = 131044
binary search, size 20000  misses 131044  min 0  max 40000
preemptive halt, cache_misses = 131045
preemptive halt, cache_misses = 131045
preemptive halt, cache_misses = 131045
preemptive halt, cache_misses = 131045
preemptive halt, cache_misses = 131045
preemptive halt, cache_misses = 131045
preemptive halt, cache_misses = 131045
preemptive halt, cache_misses = 131045
preemptive halt, cache_misses = 131045
preemptive halt, cache_misses = 131045
preemptive halt, cache_misses = 131045
preemptive halt, cache_misses = 131045
preemptive halt, cache_misses = 131045
preemptive halt, cache_misses = 131045
preemptive halt, cache_misses = 131045
preemptive halt, cache_misses = 131045
preemptive halt, cache_misses = 131045
preemptive halt, cache_misses = 131045
preemptive halt, cache_misses = 131045
preemptive halt, cache_misses = 131045
preemptive halt, cache_misses = 131045
preemptive halt, cache_misses = 131045
preemptive halt, cache_misses = 131045
preemptive halt, cache_misses = 131045
preemptive halt, cache_misses = 131045
preemptive halt, cache_misses = 131045
preemptive halt, cache_misses = 131045
preemptive halt, cache_misses = 131045
preemptive halt, cache_misses = 131045
preemptive halt, cache_misses = 131045
preemptive halt, cache_misses = 131045
preemptive halt, cache_misses = 131045
preemptive halt, cache_misses = 131045
preemptive halt, cache_misses = 131045
preemptive halt, cache_misses = 131045
preemptive halt, cache_misses = 131045
preemptive halt, cache_misses = 131045
preemptive halt, cache_misses = 131045
preemptive halt, cache_misses = 131045
preemptive halt, cache_misses = 131045
preemptive halt, cache_misses = 131045
preemptive halt, cache_misses = 131045
preemptive halt, cache_misses = 131045
preemptive halt, cache_misses = 131045
preemptive halt, cache_misses = 131045
preemptive halt, cache_misses = 131045
preemptive halt, cache_misses = 131045
preemptive halt, cache_misses = 131045
preemptive halt, cache_misses = 131045
preemptive halt, cache_misses = 131045
preemptive halt, cache_misses = 131045
preemptive halt, cache_misses = 131045
preemptive halt, cache_misses = 131045
preemptive halt, cache_misses = 131045
preemptive halt, cache_misses = 131045
preemptive halt, cache_misses = 131045
preemptive halt, cache_misses = 131045
preemptive halt, cache_misses = 131045
preemptive halt, cache_misses = 131045
preemptive halt, cache_misses = 131045
preemptive halt, cache_misses = 131045
preemptive halt, cache_misses = 131045
preemptive halt, cache_misses = 131045
preemptive halt, cache_misses = 131045
preemptive halt, cache_misses = 131045
preemptive halt, cache_misses = 131045
preemptive halt, cache_misses = 131045
preemptive halt, cache_misses = 131045
preemptive halt, cache_misses = 131045
preemptive halt, cache_misses = 131045
preemptive halt, cache_misses = 131045
preemptive halt, cache_misses = 131045
preemptive halt, cache_misses = 131045
preemptive halt, cache_misses = 131045
preemptive halt, cache_misses = 131045
preemptive halt, cache_misses = 131045
preemptive halt, cache_misses = 131045
preemptive halt, cache_misses = 131045
preemptive halt, cache_misses = 131045
preemptive halt, cache_misses = 131045
preemptive halt, cache_misses = 131045
preemptive halt, cache_misses = 131045
binary search, size 30000  misses 131045  min 20000  max 40000
binary search, size 35000  misses 131043  min 30000  max 40000
binary search, size 32500  misses 131043  min 30000  max 35000
binary search, size 31250  misses 131043  min 30000  max 32500
preemptive halt, cache_misses = 131044
preemptive halt, cache_misses = 131044
preemptive halt, cache_misses = 131044
preemptive halt, cache_misses = 131044
preemptive halt, cache_misses = 131044
preemptive halt, cache_misses = 131044
preemptive halt, cache_misses = 131044
preemptive halt, cache_misses = 131044
preemptive halt, cache_misses = 131044
preemptive halt, cache_misses = 131044
preemptive halt, cache_misses = 131044
preemptive halt, cache_misses = 131044
preemptive halt, cache_misses = 131044
preemptive halt, cache_misses = 131044
preemptive halt, cache_misses = 131044
preemptive halt, cache_misses = 131044
preemptive halt, cache_misses = 131044
preemptive halt, cache_misses = 131044
preemptive halt, cache_misses = 131044
preemptive halt, cache_misses = 131044
preemptive halt, cache_misses = 131044
preemptive halt, cache_misses = 131044
preemptive halt, cache_misses = 131044
preemptive halt, cache_misses = 131044
preemptive halt, cache_misses = 131044
preemptive halt, cache_misses = 131044
preemptive halt, cache_misses = 131044
preemptive halt, cache_misses = 131044
preemptive halt, cache_misses = 131044
preemptive halt, cache_misses = 131044
preemptive halt, cache_misses = 131044
preemptive halt, cache_misses = 131044
preemptive halt, cache_misses = 131044
preemptive halt, cache_misses = 131044
preemptive halt, cache_misses = 131044
preemptive halt, cache_misses = 131044
preemptive halt, cache_misses = 131044
preemptive halt, cache_misses = 131044
preemptive halt, cache_misses = 131044
preemptive halt, cache_misses = 131044
preemptive halt, cache_misses = 131044
preemptive halt, cache_misses = 131044
preemptive halt, cache_misses = 131044
preemptive halt, cache_misses = 131044
preemptive halt, cache_misses = 131044
preemptive halt, cache_misses = 131044
preemptive halt, cache_misses = 131044
preemptive halt, cache_misses = 131044
preemptive halt, cache_misses = 131044
preemptive halt, cache_misses = 131044
preemptive halt, cache_misses = 131044
preemptive halt, cache_misses = 131044
preemptive halt, cache_misses = 131044
preemptive halt, cache_misses = 131044
preemptive halt, cache_misses = 131044
preemptive halt, cache_misses = 131044
preemptive halt, cache_misses = 131044
preemptive halt, cache_misses = 131044
preemptive halt, cache_misses = 131044
preemptive halt, cache_misses = 131044
preemptive halt, cache_misses = 131044
preemptive halt, cache_misses = 131044
preemptive halt, cache_misses = 131044
preemptive halt, cache_misses = 131044
preemptive halt, cache_misses = 131044
preemptive halt, cache_misses = 131044
preemptive halt, cache_misses = 131044
preemptive halt, cache_misses = 131044
preemptive halt, cache_misses = 131044
preemptive halt, cache_misses = 131044
preemptive halt, cache_misses = 131044
preemptive halt, cache_misses = 131044
preemptive halt, cache_misses = 131044
preemptive halt, cache_misses = 131044
preemptive halt, cache_misses = 131044
preemptive halt, cache_misses = 131044
preemptive halt, cache_misses = 131044
preemptive halt, cache_misses = 131044
preemptive halt, cache_misses = 131044
preemptive halt, cache_misses = 131044
binary search, size 30625  misses 131044  min 30000  max 31250
preemptive halt, cache_misses = 131045
preemptive halt, cache_misses = 131045
preemptive halt, cache_misses = 131045
preemptive halt, cache_misses = 131045
preemptive halt, cache_misses = 131045
preemptive halt, cache_misses = 131045
preemptive halt, cache_misses = 131045
preemptive halt, cache_misses = 131045
preemptive halt, cache_misses = 131045
preemptive halt, cache_misses = 131045
preemptive halt, cache_misses = 131045
preemptive halt, cache_misses = 131045
preemptive halt, cache_misses = 131045
preemptive halt, cache_misses = 131045
preemptive halt, cache_misses = 131045
preemptive halt, cache_misses = 131045
preemptive halt, cache_misses = 131045
preemptive halt, cache_misses = 131045
preemptive halt, cache_misses = 131045
preemptive halt, cache_misses = 131045
preemptive halt, cache_misses = 131045
preemptive halt, cache_misses = 131045
preemptive halt, cache_misses = 131045
preemptive halt, cache_misses = 131045
preemptive halt, cache_misses = 131045
preemptive halt, cache_misses = 131045
preemptive halt, cache_misses = 131045
preemptive halt, cache_misses = 131045
preemptive halt, cache_misses = 131045
preemptive halt, cache_misses = 131045
preemptive halt, cache_misses = 131045
preemptive halt, cache_misses = 131045
preemptive halt, cache_misses = 131045
preemptive halt, cache_misses = 131045
preemptive halt, cache_misses = 131045
preemptive halt, cache_misses = 131045
preemptive halt, cache_misses = 131045
preemptive halt, cache_misses = 131045
preemptive halt, cache_misses = 131045
preemptive halt, cache_misses = 131045
preemptive halt, cache_misses = 131045
preemptive halt, cache_misses = 131045
preemptive halt, cache_misses = 131045
preemptive halt, cache_misses = 131045
preemptive halt, cache_misses = 131045
preemptive halt, cache_misses = 131045
preemptive halt, cache_misses = 131045
preemptive halt, cache_misses = 131045
preemptive halt, cache_misses = 131045
preemptive halt, cache_misses = 131045
preemptive halt, cache_misses = 131045
preemptive halt, cache_misses = 131045
preemptive halt, cache_misses = 131045
preemptive halt, cache_misses = 131045
preemptive halt, cache_misses = 131045
preemptive halt, cache_misses = 131045
preemptive halt, cache_misses = 131045
preemptive halt, cache_misses = 131045
preemptive halt, cache_misses = 131045
preemptive halt, cache_misses = 131045
preemptive halt, cache_misses = 131045
preemptive halt, cache_misses = 131045
preemptive halt, cache_misses = 131045
preemptive halt, cache_misses = 131045
preemptive halt, cache_misses = 131045
preemptive halt, cache_misses = 131045
preemptive halt, cache_misses = 131045
preemptive halt, cache_misses = 131045
preemptive halt, cache_misses = 131045
preemptive halt, cache_misses = 131045
preemptive halt, cache_misses = 131045
preemptive halt, cache_misses = 131045
preemptive halt, cache_misses = 131045
preemptive halt, cache_misses = 131045
preemptive halt, cache_misses = 131045
preemptive halt, cache_misses = 131045
preemptive halt, cache_misses = 131045
preemptive halt, cache_misses = 131045
preemptive halt, cache_misses = 131045
preemptive halt, cache_misses = 131045
preemptive halt, cache_misses = 131045
preemptive halt, cache_misses = 131045
binary search, size 30937  misses 131045  min 30625  max 31250
preemptive halt, cache_misses = 131046
preemptive halt, cache_misses = 131046
preemptive halt, cache_misses = 131046
preemptive halt, cache_misses = 131046
preemptive halt, cache_misses = 131046
preemptive halt, cache_misses = 131046
preemptive halt, cache_misses = 131046
preemptive halt, cache_misses = 131046
preemptive halt, cache_misses = 131046
preemptive halt, cache_misses = 131046
preemptive halt, cache_misses = 131046
preemptive halt, cache_misses = 131046
preemptive halt, cache_misses = 131046
preemptive halt, cache_misses = 131046
preemptive halt, cache_misses = 131046
preemptive halt, cache_misses = 131046
preemptive halt, cache_misses = 131046
preemptive halt, cache_misses = 131046
preemptive halt, cache_misses = 131046
preemptive halt, cache_misses = 131046
preemptive halt, cache_misses = 131046
preemptive halt, cache_misses = 131046
preemptive halt, cache_misses = 131046
preemptive halt, cache_misses = 131046
preemptive halt, cache_misses = 131046
preemptive halt, cache_misses = 131046
preemptive halt, cache_misses = 131046
preemptive halt, cache_misses = 131046
preemptive halt, cache_misses = 131046
preemptive halt, cache_misses = 131046
preemptive halt, cache_misses = 131046
preemptive halt, cache_misses = 131046
preemptive halt, cache_misses = 131046
preemptive halt, cache_misses = 131046
preemptive halt, cache_misses = 131046
preemptive halt, cache_misses = 131046
preemptive halt, cache_misses = 131046
preemptive halt, cache_misses = 131046
preemptive halt, cache_misses = 131046
preemptive halt, cache_misses = 131046
preemptive halt, cache_misses = 131046
preemptive halt, cache_misses = 131046
preemptive halt, cache_misses = 131046
preemptive halt, cache_misses = 131046
preemptive halt, cache_misses = 131046
preemptive halt, cache_misses = 131046
preemptive halt, cache_misses = 131046
preemptive halt, cache_misses = 131046
preemptive halt, cache_misses = 131046
preemptive halt, cache_misses = 131046
preemptive halt, cache_misses = 131046
preemptive halt, cache_misses = 131046
preemptive halt, cache_misses = 131046
preemptive halt, cache_misses = 131046
preemptive halt, cache_misses = 131046
preemptive halt, cache_misses = 131046
preemptive halt, cache_misses = 131046
preemptive halt, cache_misses = 131046
preemptive halt, cache_misses = 131046
preemptive halt, cache_misses = 131046
preemptive halt, cache_misses = 131046
preemptive halt, cache_misses = 131046
preemptive halt, cache_misses = 131046
preemptive halt, cache_misses = 131046
preemptive halt, cache_misses = 131046
preemptive halt, cache_misses = 131046
preemptive halt, cache_misses = 131046
preemptive halt, cache_misses = 131046
preemptive halt, cache_misses = 131046
preemptive halt, cache_misses = 131046
preemptive halt, cache_misses = 131046
preemptive halt, cache_misses = 131046
preemptive halt, cache_misses = 131046
preemptive halt, cache_misses = 131046
preemptive halt, cache_misses = 131046
preemptive halt, cache_misses = 131046
preemptive halt, cache_misses = 131046
preemptive halt, cache_misses = 131046
preemptive halt, cache_misses = 131046
preemptive halt, cache_misses = 131046
preemptive halt, cache_misses = 131046
preemptive halt, cache_misses = 131046
preemptive halt, cache_misses = 131046
preemptive halt, cache_misses = 131046
binary search, size 31093  misses 131046  min 30937  max 31250
binary search, size 31171  misses 131043  min 31093  max 31250
preemptive halt, cache_misses = 131044
preemptive halt, cache_misses = 131044
preemptive halt, cache_misses = 131044
preemptive halt, cache_misses = 131044
preemptive halt, cache_misses = 131044
preemptive halt, cache_misses = 131044
preemptive halt, cache_misses = 131044
preemptive halt, cache_misses = 131044
preemptive halt, cache_misses = 131044
preemptive halt, cache_misses = 131044
preemptive halt, cache_misses = 131044
preemptive halt, cache_misses = 131044
preemptive halt, cache_misses = 131044
preemptive halt, cache_misses = 131044
preemptive halt, cache_misses = 131044
preemptive halt, cache_misses = 131044
preemptive halt, cache_misses = 131044
preemptive halt, cache_misses = 131044
preemptive halt, cache_misses = 131044
preemptive halt, cache_misses = 131044
preemptive halt, cache_misses = 131044
preemptive halt, cache_misses = 131044
preemptive halt, cache_misses = 131044
preemptive halt, cache_misses = 131044
preemptive halt, cache_misses = 131044
preemptive halt, cache_misses = 131044
preemptive halt, cache_misses = 131044
preemptive halt, cache_misses = 131044
preemptive halt, cache_misses = 131044
preemptive halt, cache_misses = 131044
preemptive halt, cache_misses = 131044
preemptive halt, cache_misses = 131044
preemptive halt, cache_misses = 131044
preemptive halt, cache_misses = 131044
preemptive halt, cache_misses = 131044
preemptive halt, cache_misses = 131044
preemptive halt, cache_misses = 131044
preemptive halt, cache_misses = 131044
preemptive halt, cache_misses = 131044
preemptive halt, cache_misses = 131044
preemptive halt, cache_misses = 131044
preemptive halt, cache_misses = 131044
preemptive halt, cache_misses = 131044
preemptive halt, cache_misses = 131044
preemptive halt, cache_misses = 131044
preemptive halt, cache_misses = 131044
preemptive halt, cache_misses = 131044
preemptive halt, cache_misses = 131044
preemptive halt, cache_misses = 131044
preemptive halt, cache_misses = 131044
preemptive halt, cache_misses = 131044
preemptive halt, cache_misses = 131044
preemptive halt, cache_misses = 131044
preemptive halt, cache_misses = 131044
preemptive halt, cache_misses = 131044
preemptive halt, cache_misses = 131044
preemptive halt, cache_misses = 131044
preemptive halt, cache_misses = 131044
preemptive halt, cache_misses = 131044
preemptive halt, cache_misses = 131044
preemptive halt, cache_misses = 131044
preemptive halt, cache_misses = 131044
preemptive halt, cache_misses = 131044
preemptive halt, cache_misses = 131044
preemptive halt, cache_misses = 131044
preemptive halt, cache_misses = 131044
preemptive halt, cache_misses = 131044
preemptive halt, cache_misses = 131044
preemptive halt, cache_misses = 131044
preemptive halt, cache_misses = 131044
preemptive halt, cache_misses = 131044
preemptive halt, cache_misses = 131044
preemptive halt, cache_misses = 131044
preemptive halt, cache_misses = 131044
preemptive halt, cache_misses = 131044
preemptive halt, cache_misses = 131044
preemptive halt, cache_misses = 131044
preemptive halt, cache_misses = 131044
preemptive halt, cache_misses = 131044
preemptive halt, cache_misses = 131044
binary search, size 31132  misses 131044  min 31093  max 31171
preemptive halt, cache_misses = 131045
preemptive halt, cache_misses = 131045
preemptive halt, cache_misses = 131045
preemptive halt, cache_misses = 131045
preemptive halt, cache_misses = 131045
preemptive halt, cache_misses = 131045
preemptive halt, cache_misses = 131045
preemptive halt, cache_misses = 131045
preemptive halt, cache_misses = 131045
preemptive halt, cache_misses = 131045
preemptive halt, cache_misses = 131045
preemptive halt, cache_misses = 131045
preemptive halt, cache_misses = 131045
preemptive halt, cache_misses = 131045
preemptive halt, cache_misses = 131045
preemptive halt, cache_misses = 131045
preemptive halt, cache_misses = 131045
preemptive halt, cache_misses = 131045
preemptive halt, cache_misses = 131045
preemptive halt, cache_misses = 131045
preemptive halt, cache_misses = 131045
preemptive halt, cache_misses = 131045
preemptive halt, cache_misses = 131045
preemptive halt, cache_misses = 131045
preemptive halt, cache_misses = 131045
preemptive halt, cache_misses = 131045
preemptive halt, cache_misses = 131045
preemptive halt, cache_misses = 131045
preemptive halt, cache_misses = 131045
preemptive halt, cache_misses = 131045
preemptive halt, cache_misses = 131045
preemptive halt, cache_misses = 131045
preemptive halt, cache_misses = 131045
preemptive halt, cache_misses = 131045
preemptive halt, cache_misses = 131045
preemptive halt, cache_misses = 131045
preemptive halt, cache_misses = 131045
preemptive halt, cache_misses = 131045
preemptive halt, cache_misses = 131045
preemptive halt, cache_misses = 131045
preemptive halt, cache_misses = 131045
preemptive halt, cache_misses = 131045
preemptive halt, cache_misses = 131045
preemptive halt, cache_misses = 131045
preemptive halt, cache_misses = 131045
preemptive halt, cache_misses = 131045
preemptive halt, cache_misses = 131045
preemptive halt, cache_misses = 131045
preemptive halt, cache_misses = 131045
preemptive halt, cache_misses = 131045
preemptive halt, cache_misses = 131045
preemptive halt, cache_misses = 131045
preemptive halt, cache_misses = 131045
preemptive halt, cache_misses = 131045
preemptive halt, cache_misses = 131045
preemptive halt, cache_misses = 131045
preemptive halt, cache_misses = 131045
preemptive halt, cache_misses = 131045
preemptive halt, cache_misses = 131045
preemptive halt, cache_misses = 131045
preemptive halt, cache_misses = 131045
preemptive halt, cache_misses = 131045
preemptive halt, cache_misses = 131045
preemptive halt, cache_misses = 131045
preemptive halt, cache_misses = 131045
preemptive halt, cache_misses = 131045
preemptive halt, cache_misses = 131045
preemptive halt, cache_misses = 131045
preemptive halt, cache_misses = 131045
preemptive halt, cache_misses = 131045
preemptive halt, cache_misses = 131045
preemptive halt, cache_misses = 131045
preemptive halt, cache_misses = 131045
preemptive halt, cache_misses = 131045
preemptive halt, cache_misses = 131045
preemptive halt, cache_misses = 131045
preemptive halt, cache_misses = 131045
preemptive halt, cache_misses = 131045
preemptive halt, cache_misses = 131045
preemptive halt, cache_misses = 131045
preemptive halt, cache_misses = 131045
preemptive halt, cache_misses = 131045
binary search, size 31151  misses 131045  min 31132  max 31171
preemptive halt, cache_misses = 131046
preemptive halt, cache_misses = 131046
preemptive halt, cache_misses = 131046
preemptive halt, cache_misses = 131046
preemptive halt, cache_misses = 131046
preemptive halt, cache_misses = 131046
preemptive halt, cache_misses = 131046
preemptive halt, cache_misses = 131046
preemptive halt, cache_misses = 131046
preemptive halt, cache_misses = 131046
preemptive halt, cache_misses = 131046
preemptive halt, cache_misses = 131046
preemptive halt, cache_misses = 131046
preemptive halt, cache_misses = 131046
preemptive halt, cache_misses = 131046
preemptive halt, cache_misses = 131046
preemptive halt, cache_misses = 131046
preemptive halt, cache_misses = 131046
preemptive halt, cache_misses = 131046
preemptive halt, cache_misses = 131046
preemptive halt, cache_misses = 131046
preemptive halt, cache_misses = 131046
preemptive halt, cache_misses = 131046
preemptive halt, cache_misses = 131046
preemptive halt, cache_misses = 131046
preemptive halt, cache_misses = 131046
preemptive halt, cache_misses = 131046
preemptive halt, cache_misses = 131046
preemptive halt, cache_misses = 131046
preemptive halt, cache_misses = 131046
preemptive halt, cache_misses = 131046
preemptive halt, cache_misses = 131046
preemptive halt, cache_misses = 131046
preemptive halt, cache_misses = 131046
preemptive halt, cache_misses = 131046
preemptive halt, cache_misses = 131046
preemptive halt, cache_misses = 131046
preemptive halt, cache_misses = 131046
preemptive halt, cache_misses = 131046
preemptive halt, cache_misses = 131046
preemptive halt, cache_misses = 131046
preemptive halt, cache_misses = 131046
preemptive halt, cache_misses = 131046
preemptive halt, cache_misses = 131046
preemptive halt, cache_misses = 131046
preemptive halt, cache_misses = 131046
preemptive halt, cache_misses = 131046
preemptive halt, cache_misses = 131046
preemptive halt, cache_misses = 131046
preemptive halt, cache_misses = 131046
preemptive halt, cache_misses = 131046
preemptive halt, cache_misses = 131046
preemptive halt, cache_misses = 131046
preemptive halt, cache_misses = 131046
preemptive halt, cache_misses = 131046
preemptive halt, cache_misses = 131046
preemptive halt, cache_misses = 131046
preemptive halt, cache_misses = 131046
preemptive halt, cache_misses = 131046
preemptive halt, cache_misses = 131046
preemptive halt, cache_misses = 131046
preemptive halt, cache_misses = 131046
preemptive halt, cache_misses = 131046
preemptive halt, cache_misses = 131046
preemptive halt, cache_misses = 131046
preemptive halt, cache_misses = 131046
preemptive halt, cache_misses = 131046
preemptive halt, cache_misses = 131046
preemptive halt, cache_misses = 131046
preemptive halt, cache_misses = 131046
preemptive halt, cache_misses = 131046
preemptive halt, cache_misses = 131046
preemptive halt, cache_misses = 131046
preemptive halt, cache_misses = 131046
preemptive halt, cache_misses = 131046
preemptive halt, cache_misses = 131046
preemptive halt, cache_misses = 131046
preemptive halt, cache_misses = 131046
preemptive halt, cache_misses = 131046
preemptive halt, cache_misses = 131046
preemptive halt, cache_misses = 131046
preemptive halt, cache_misses = 131046
preemptive halt, cache_misses = 131046
preemptive halt, cache_misses = 131046
binary search, size 31161  misses 131046  min 31151  max 31171
preemptive halt, cache_misses = 131047
preemptive halt, cache_misses = 131047
preemptive halt, cache_misses = 131047
preemptive halt, cache_misses = 131047
preemptive halt, cache_misses = 131047
preemptive halt, cache_misses = 131047
preemptive halt, cache_misses = 131047
preemptive halt, cache_misses = 131047
preemptive halt, cache_misses = 131047
preemptive halt, cache_misses = 131047
preemptive halt, cache_misses = 131047
preemptive halt, cache_misses = 131047
preemptive halt, cache_misses = 131047
preemptive halt, cache_misses = 131047
preemptive halt, cache_misses = 131047
preemptive halt, cache_misses = 131047
preemptive halt, cache_misses = 131047
preemptive halt, cache_misses = 131047
preemptive halt, cache_misses = 131047
preemptive halt, cache_misses = 131047
preemptive halt, cache_misses = 131047
preemptive halt, cache_misses = 131047
preemptive halt, cache_misses = 131047
preemptive halt, cache_misses = 131047
preemptive halt, cache_misses = 131047
preemptive halt, cache_misses = 131047
preemptive halt, cache_misses = 131047
preemptive halt, cache_misses = 131047
preemptive halt, cache_misses = 131047
preemptive halt, cache_misses = 131047
preemptive halt, cache_misses = 131047
preemptive halt, cache_misses = 131047
preemptive halt, cache_misses = 131047
preemptive halt, cache_misses = 131047
preemptive halt, cache_misses = 131047
preemptive halt, cache_misses = 131047
preemptive halt, cache_misses = 131047
preemptive halt, cache_misses = 131047
preemptive halt, cache_misses = 131047
preemptive halt, cache_misses = 131047
preemptive halt, cache_misses = 131047
preemptive halt, cache_misses = 131047
preemptive halt, cache_misses = 131047
preemptive halt, cache_misses = 131047
preemptive halt, cache_misses = 131047
preemptive halt, cache_misses = 131047
preemptive halt, cache_misses = 131047
preemptive halt, cache_misses = 131047
preemptive halt, cache_misses = 131047
preemptive halt, cache_misses = 131047
preemptive halt, cache_misses = 131047
preemptive halt, cache_misses = 131047
preemptive halt, cache_misses = 131047
preemptive halt, cache_misses = 131047
preemptive halt, cache_misses = 131047
preemptive halt, cache_misses = 131047
preemptive halt, cache_misses = 131047
preemptive halt, cache_misses = 131047
preemptive halt, cache_misses = 131047
preemptive halt, cache_misses = 131047
preemptive halt, cache_misses = 131047
preemptive halt, cache_misses = 131047
preemptive halt, cache_misses = 131047
preemptive halt, cache_misses = 131047
preemptive halt, cache_misses = 131047
preemptive halt, cache_misses = 131047
preemptive halt, cache_misses = 131047
preemptive halt, cache_misses = 131047
preemptive halt, cache_misses = 131047
preemptive halt, cache_misses = 131047
preemptive halt, cache_misses = 131047
preemptive halt, cache_misses = 131047
preemptive halt, cache_misses = 131047
preemptive halt, cache_misses = 131047
preemptive halt, cache_misses = 131047
preemptive halt, cache_misses = 131047
preemptive halt, cache_misses = 131047
preemptive halt, cache_misses = 131047
preemptive halt, cache_misses = 131047
preemptive halt, cache_misses = 131047
preemptive halt, cache_misses = 131047
preemptive halt, cache_misses = 131047
preemptive halt, cache_misses = 131047
preemptive halt, cache_misses = 131047
preemptive halt, cache_misses = 131047
preemptive halt, cache_misses = 131047
binary search, size 31166  misses 131047  min 31161  max 31171
preemptive halt, cache_misses = 131048
preemptive halt, cache_misses = 131048
preemptive halt, cache_misses = 131048
preemptive halt, cache_misses = 131048
preemptive halt, cache_misses = 131048
preemptive halt, cache_misses = 131048
preemptive halt, cache_misses = 131048
preemptive halt, cache_misses = 131048
preemptive halt, cache_misses = 131048
preemptive halt, cache_misses = 131048
preemptive halt, cache_misses = 131048
preemptive halt, cache_misses = 131048
preemptive halt, cache_misses = 131048
preemptive halt, cache_misses = 131048
preemptive halt, cache_misses = 131048
preemptive halt, cache_misses = 131048
preemptive halt, cache_misses = 131048
preemptive halt, cache_misses = 131048
preemptive halt, cache_misses = 131048
preemptive halt, cache_misses = 131048
preemptive halt, cache_misses = 131048
preemptive halt, cache_misses = 131048
preemptive halt, cache_misses = 131048
preemptive halt, cache_misses = 131048
preemptive halt, cache_misses = 131048
preemptive halt, cache_misses = 131048
preemptive halt, cache_misses = 131048
preemptive halt, cache_misses = 131048
preemptive halt, cache_misses = 131048
preemptive halt, cache_misses = 131048
preemptive halt, cache_misses = 131048
preemptive halt, cache_misses = 131048
preemptive halt, cache_misses = 131048
preemptive halt, cache_misses = 131048
preemptive halt, cache_misses = 131048
preemptive halt, cache_misses = 131048
preemptive halt, cache_misses = 131048
preemptive halt, cache_misses = 131048
preemptive halt, cache_misses = 131048
preemptive halt, cache_misses = 131048
preemptive halt, cache_misses = 131048
preemptive halt, cache_misses = 131048
preemptive halt, cache_misses = 131048
preemptive halt, cache_misses = 131048
preemptive halt, cache_misses = 131048
preemptive halt, cache_misses = 131048
preemptive halt, cache_misses = 131048
preemptive halt, cache_misses = 131048
preemptive halt, cache_misses = 131048
preemptive halt, cache_misses = 131048
preemptive halt, cache_misses = 131048
preemptive halt, cache_misses = 131048
preemptive halt, cache_misses = 131048
preemptive halt, cache_misses = 131048
preemptive halt, cache_misses = 131048
preemptive halt, cache_misses = 131048
preemptive halt, cache_misses = 131048
preemptive halt, cache_misses = 131048
preemptive halt, cache_misses = 131048
preemptive halt, cache_misses = 131048
preemptive halt, cache_misses = 131048
preemptive halt, cache_misses = 131048
preemptive halt, cache_misses = 131048
preemptive halt, cache_misses = 131048
preemptive halt, cache_misses = 131048
preemptive halt, cache_misses = 131048
preemptive halt, cache_misses = 131048
preemptive halt, cache_misses = 131048
preemptive halt, cache_misses = 131048
preemptive halt, cache_misses = 131048
preemptive halt, cache_misses = 131048
preemptive halt, cache_misses = 131048
preemptive halt, cache_misses = 131048
preemptive halt, cache_misses = 131048
preemptive halt, cache_misses = 131048
preemptive halt, cache_misses = 131048
preemptive halt, cache_misses = 131048
preemptive halt, cache_misses = 131048
preemptive halt, cache_misses = 131048
preemptive halt, cache_misses = 131048
preemptive halt, cache_misses = 131048
preemptive halt, cache_misses = 131048
preemptive halt, cache_misses = 131048
preemptive halt, cache_misses = 131048
preemptive halt, cache_misses = 131048
preemptive halt, cache_misses = 131048
preemptive halt, cache_misses = 131048
preemptive halt, cache_misses = 131048
binary search, size 31168  misses 131048  min 31166  max 31171
preemptive halt, cache_misses = 131049
preemptive halt, cache_misses = 131049
preemptive halt, cache_misses = 131049
preemptive halt, cache_misses = 131049
preemptive halt, cache_misses = 131049
preemptive halt, cache_misses = 131049
preemptive halt, cache_misses = 131049
preemptive halt, cache_misses = 131049
preemptive halt, cache_misses = 131049
preemptive halt, cache_misses = 131049
preemptive halt, cache_misses = 131049
preemptive halt, cache_misses = 131049
preemptive halt, cache_misses = 131049
preemptive halt, cache_misses = 131049
preemptive halt, cache_misses = 131049
preemptive halt, cache_misses = 131049
preemptive halt, cache_misses = 131049
preemptive halt, cache_misses = 131049
preemptive halt, cache_misses = 131049
preemptive halt, cache_misses = 131049
preemptive halt, cache_misses = 131049
preemptive halt, cache_misses = 131049
preemptive halt, cache_misses = 131049
preemptive halt, cache_misses = 131049
preemptive halt, cache_misses = 131049
preemptive halt, cache_misses = 131049
preemptive halt, cache_misses = 131049
preemptive halt, cache_misses = 131049
preemptive halt, cache_misses = 131049
preemptive halt, cache_misses = 131049
preemptive halt, cache_misses = 131049
preemptive halt, cache_misses = 131049
preemptive halt, cache_misses = 131049
preemptive halt, cache_misses = 131049
preemptive halt, cache_misses = 131049
preemptive halt, cache_misses = 131049
preemptive halt, cache_misses = 131049
preemptive halt, cache_misses = 131049
preemptive halt, cache_misses = 131049
preemptive halt, cache_misses = 131049
preemptive halt, cache_misses = 131049
preemptive halt, cache_misses = 131049
preemptive halt, cache_misses = 131049
preemptive halt, cache_misses = 131049
preemptive halt, cache_misses = 131049
preemptive halt, cache_misses = 131049
preemptive halt, cache_misses = 131049
preemptive halt, cache_misses = 131049
preemptive halt, cache_misses = 131049
preemptive halt, cache_misses = 131049
preemptive halt, cache_misses = 131049
preemptive halt, cache_misses = 131049
preemptive halt, cache_misses = 131049
preemptive halt, cache_misses = 131049
preemptive halt, cache_misses = 131049
preemptive halt, cache_misses = 131049
preemptive halt, cache_misses = 131049
preemptive halt, cache_misses = 131049
preemptive halt, cache_misses = 131049
preemptive halt, cache_misses = 131049
preemptive halt, cache_misses = 131049
preemptive halt, cache_misses = 131049
preemptive halt, cache_misses = 131049
preemptive halt, cache_misses = 131049
preemptive halt, cache_misses = 131049
preemptive halt, cache_misses = 131049
preemptive halt, cache_misses = 131049
preemptive halt, cache_misses = 131049
preemptive halt, cache_misses = 131049
preemptive halt, cache_misses = 131049
preemptive halt, cache_misses = 131049
preemptive halt, cache_misses = 131049
preemptive halt, cache_misses = 131049
preemptive halt, cache_misses = 131049
preemptive halt, cache_misses = 131049
preemptive halt, cache_misses = 131049
preemptive halt, cache_misses = 131049
preemptive halt, cache_misses = 131049
preemptive halt, cache_misses = 131049
preemptive halt, cache_misses = 131049
preemptive halt, cache_misses = 131049
preemptive halt, cache_misses = 131049
preemptive halt, cache_misses = 131049
preemptive halt, cache_misses = 131049
preemptive halt, cache_misses = 131049
preemptive halt, cache_misses = 131049
preemptive halt, cache_misses = 131049
preemptive halt, cache_misses = 131049
preemptive halt, cache_misses = 131049
preemptive halt, cache_misses = 131049
binary search, size 31169  misses 131049  min 31168  max 31171
preemptive halt, cache_misses = 131050
preemptive halt, cache_misses = 131050
preemptive halt, cache_misses = 131050
preemptive halt, cache_misses = 131050
preemptive halt, cache_misses = 131050
preemptive halt, cache_misses = 131050
preemptive halt, cache_misses = 131050
preemptive halt, cache_misses = 131050
preemptive halt, cache_misses = 131050
preemptive halt, cache_misses = 131050
preemptive halt, cache_misses = 131050
preemptive halt, cache_misses = 131050
preemptive halt, cache_misses = 131050
preemptive halt, cache_misses = 131050
preemptive halt, cache_misses = 131050
preemptive halt, cache_misses = 131050
preemptive halt, cache_misses = 131050
preemptive halt, cache_misses = 131050
preemptive halt, cache_misses = 131050
preemptive halt, cache_misses = 131050
preemptive halt, cache_misses = 131050
preemptive halt, cache_misses = 131050
preemptive halt, cache_misses = 131050
preemptive halt, cache_misses = 131050
preemptive halt, cache_misses = 131050
preemptive halt, cache_misses = 131050
preemptive halt, cache_misses = 131050
preemptive halt, cache_misses = 131050
preemptive halt, cache_misses = 131050
preemptive halt, cache_misses = 131050
preemptive halt, cache_misses = 131050
preemptive halt, cache_misses = 131050
preemptive halt, cache_misses = 131050
preemptive halt, cache_misses = 131050
preemptive halt, cache_misses = 131050
preemptive halt, cache_misses = 131050
preemptive halt, cache_misses = 131050
preemptive halt, cache_misses = 131050
preemptive halt, cache_misses = 131050
preemptive halt, cache_misses = 131050
preemptive halt, cache_misses = 131050
preemptive halt, cache_misses = 131050
preemptive halt, cache_misses = 131050
preemptive halt, cache_misses = 131050
preemptive halt, cache_misses = 131050
preemptive halt, cache_misses = 131050
preemptive halt, cache_misses = 131050
preemptive halt, cache_misses = 131050
preemptive halt, cache_misses = 131050
preemptive halt, cache_misses = 131050
preemptive halt, cache_misses = 131050
preemptive halt, cache_misses = 131050
preemptive halt, cache_misses = 131050
preemptive halt, cache_misses = 131050
preemptive halt, cache_misses = 131050
preemptive halt, cache_misses = 131050
preemptive halt, cache_misses = 131050
preemptive halt, cache_misses = 131050
preemptive halt, cache_misses = 131050
preemptive halt, cache_misses = 131050
preemptive halt, cache_misses = 131050
preemptive halt, cache_misses = 131050
preemptive halt, cache_misses = 131050
preemptive halt, cache_misses = 131050
preemptive halt, cache_misses = 131050
preemptive halt, cache_misses = 131050
preemptive halt, cache_misses = 131050
preemptive halt, cache_misses = 131050
preemptive halt, cache_misses = 131050
preemptive halt, cache_misses = 131050
preemptive halt, cache_misses = 131050
preemptive halt, cache_misses = 131050
preemptive halt, cache_misses = 131050
preemptive halt, cache_misses = 131050
preemptive halt, cache_misses = 131050
preemptive halt, cache_misses = 131050
preemptive halt, cache_misses = 131050
preemptive halt, cache_misses = 131050
preemptive halt, cache_misses = 131050
preemptive halt, cache_misses = 131050
preemptive halt, cache_misses = 131050
preemptive halt, cache_misses = 131050
preemptive halt, cache_misses = 131050
preemptive halt, cache_misses = 131050
preemptive halt, cache_misses = 131050
preemptive halt, cache_misses = 131050
preemptive halt, cache_misses = 131050
preemptive halt, cache_misses = 131050
preemptive halt, cache_misses = 131050
preemptive halt, cache_misses = 131050
preemptive halt, cache_misses = 131050
preemptive halt, cache_misses = 131050
binary search, size 31170  misses 131050  min 31169  max 31171
characteristic cache size (binary search) for 361 = 31171
End at: 2021-04-02 16:27:00.674354
Time elapsed: 0:00:02.450569
