Begin at: 2021-04-02 16:28:28.655754
['../dist/Debug/GNU-Linux/memo_batch_tester', '', '--mbt_execution_trace_fname', 'olcs4_traceback_csize_input_types/OLCS4_lru_2021_04_02__16_21_37_k_3__d_2_cache_size_160000_problems_10_to_400/OLCS4_lru_2021_04_02__16_21_37_k_3__d_2_cache_size_160000_problems_10_to_400/OLCS4__do_traceback_prob_size_395_cache_size_160000_lru_k_3_d_2_execution_trace_2021_4_2_16_28_28_pid_22929.log', '--mbt_cache_misses_fname', 'olcs4_traceback_csize_input_types/OLCS4_lru_2021_04_02__16_21_37_k_3__d_2_cache_size_160000_problems_10_to_400/lcs_cost_OLCS4_lru_misses_for_cache_size.csv', '--mbt_misses_for_problem_size_fname', 'olcs4_traceback_csize_input_types/OLCS4_lru_2021_04_02__16_21_37_k_3__d_2_cache_size_160000_problems_10_to_400/lcs_cost_OLCS4_lru_misses_for_problem_size.csv', '--mbt_exact_cutoff_min_cache_size', '160000', '--mbt_exact_cutoff_max_cache_size', '160000', '--mbt_problem_type', 'lcs', '--mbt_metric_type', 'csize_binary_search', '--mbt_cutoff_ratio', '2.2', '--mbt_instance_fname', '395', '--mbt_detailed_cache_misses_out_fname', 'csize_olcs4_traceback_0011n_ceil_n_b_8.csv', '--mbt_phi_N', '5.0', '--mbt_problem_size', '395', '--lcs_compute_length', '0', '--lcs_perform_traceback', '1', '--lig_instance_type', '0011n_ceil_n_b', '--lig_n', '395', '--lig_c', '0.9', '--lig_b', '8.0', '--lcs_oblivious', '4', '--lcs_execution_trace_fname', 'olcs4_traceback_csize_input_types/OLCS4_lru_2021_04_02__16_21_37_k_3__d_2_cache_size_160000_problems_10_to_400/OLCS4_lru_2021_04_02__16_21_37_k_3__d_2_cache_size_160000_problems_10_to_400/OLCS4__do_traceback_prob_size_395_cache_size_160000_lru_k_3_d_2_execution_trace_2021_4_2_16_28_28_pid_22929.log', '--memo_caching_strategy', 'lru', '--memo_cache_size', '160001', '--memo_lru_queue_size', '160000', '--memo_cuckoo_k', '4', '--memo_key_length', '8', '--memo_value_length', '8', '--memo_k_timestamps', '3', '--memo_d_recent_timestamps', '2', '--memo_a_items_per_timestamp_factor', '0.4375']

csize_binary_search chosen
lcs problem_type lcs cache_size 160001
initialize_long_int_cache begin
init_memo
arguments to memo:
 --mbt_execution_trace_fname olcs4_traceback_csize_input_types/OLCS4_lru_2021_04_02__16_21_37_k_3__d_2_cache_size_160000_problems_10_to_400/OLCS4_lru_2021_04_02__16_21_37_k_3__d_2_cache_size_160000_problems_10_to_400/OLCS4__do_traceback_prob_size_395_cache_size_160000_lru_k_3_d_2_execution_trace_2021_4_2_16_28_28_pid_22929.log --mbt_cache_misses_fname olcs4_traceback_csize_input_types/OLCS4_lru_2021_04_02__16_21_37_k_3__d_2_cache_size_160000_problems_10_to_400/lcs_cost_OLCS4_lru_misses_for_cache_size.csv --mbt_misses_for_problem_size_fname olcs4_traceback_csize_input_types/OLCS4_lru_2021_04_02__16_21_37_k_3__d_2_cache_size_160000_problems_10_to_400/lcs_cost_OLCS4_lru_misses_for_problem_size.csv --mbt_exact_cutoff_min_cache_size 160000 --mbt_exact_cutoff_max_cache_size 160000 --mbt_problem_type lcs --mbt_metric_type csize_binary_search --mbt_cutoff_ratio 2.2 --mbt_instance_fname 395 --mbt_detailed_cache_misses_out_fname csize_olcs4_traceback_0011n_ceil_n_b_8.csv --mbt_phi_N 5.0 --mbt_problem_size 395 --lcs_compute_length 0 --lcs_perform_traceback 1 --lig_instance_type 0011n_ceil_n_b --lig_n 395 --lig_c 0.9 --lig_b 8.0 --lcs_oblivious 4 --lcs_execution_trace_fname olcs4_traceback_csize_input_types/OLCS4_lru_2021_04_02__16_21_37_k_3__d_2_cache_size_160000_problems_10_to_400/OLCS4_lru_2021_04_02__16_21_37_k_3__d_2_cache_size_160000_problems_10_to_400/OLCS4__do_traceback_prob_size_395_cache_size_160000_lru_k_3_d_2_execution_trace_2021_4_2_16_28_28_pid_22929.log --memo_caching_strategy lru --memo_cache_size 160001 --memo_lru_queue_size 160000 --memo_cuckoo_k 4 --memo_key_length 8 --memo_value_length 8 --memo_k_timestamps 3 --memo_d_recent_timestamps 2 --memo_a_items_per_timestamp_factor 0.4375 
calculate_table_size: table_size is 262144, original is 160001
Finished initializing cache
initialize_long_int_cache end
done initializing cache
initializing problem
done initializing problem
commence trials
Starting characteristic_cache_size_binary_search with max cache size 160001
binary search, size 160001  misses 156815
binary search, size 80000  misses 156815  min 0  max 160001
binary search, size 40000  misses 156815  min 0  max 80000
preemptive halt, cache_misses = 156816
preemptive halt, cache_misses = 156816
preemptive halt, cache_misses = 156816
preemptive halt, cache_misses = 156816
preemptive halt, cache_misses = 156816
preemptive halt, cache_misses = 156816
preemptive halt, cache_misses = 156816
preemptive halt, cache_misses = 156816
preemptive halt, cache_misses = 156816
preemptive halt, cache_misses = 156816
preemptive halt, cache_misses = 156816
preemptive halt, cache_misses = 156816
preemptive halt, cache_misses = 156816
preemptive halt, cache_misses = 156816
preemptive halt, cache_misses = 156816
preemptive halt, cache_misses = 156816
preemptive halt, cache_misses = 156816
preemptive halt, cache_misses = 156816
preemptive halt, cache_misses = 156816
preemptive halt, cache_misses = 156816
preemptive halt, cache_misses = 156816
preemptive halt, cache_misses = 156816
preemptive halt, cache_misses = 156816
preemptive halt, cache_misses = 156816
preemptive halt, cache_misses = 156816
preemptive halt, cache_misses = 156816
preemptive halt, cache_misses = 156816
preemptive halt, cache_misses = 156816
preemptive halt, cache_misses = 156816
preemptive halt, cache_misses = 156816
preemptive halt, cache_misses = 156816
preemptive halt, cache_misses = 156816
preemptive halt, cache_misses = 156816
preemptive halt, cache_misses = 156816
preemptive halt, cache_misses = 156816
preemptive halt, cache_misses = 156816
preemptive halt, cache_misses = 156816
preemptive halt, cache_misses = 156816
preemptive halt, cache_misses = 156816
preemptive halt, cache_misses = 156816
preemptive halt, cache_misses = 156816
preemptive halt, cache_misses = 156816
preemptive halt, cache_misses = 156816
preemptive halt, cache_misses = 156816
preemptive halt, cache_misses = 156816
preemptive halt, cache_misses = 156816
preemptive halt, cache_misses = 156816
preemptive halt, cache_misses = 156816
preemptive halt, cache_misses = 156816
preemptive halt, cache_misses = 156816
preemptive halt, cache_misses = 156816
preemptive halt, cache_misses = 156816
preemptive halt, cache_misses = 156816
preemptive halt, cache_misses = 156816
preemptive halt, cache_misses = 156816
preemptive halt, cache_misses = 156816
preemptive halt, cache_misses = 156816
preemptive halt, cache_misses = 156816
preemptive halt, cache_misses = 156816
preemptive halt, cache_misses = 156816
preemptive halt, cache_misses = 156816
preemptive halt, cache_misses = 156816
preemptive halt, cache_misses = 156816
preemptive halt, cache_misses = 156816
preemptive halt, cache_misses = 156816
preemptive halt, cache_misses = 156816
preemptive halt, cache_misses = 156816
preemptive halt, cache_misses = 156816
preemptive halt, cache_misses = 156816
preemptive halt, cache_misses = 156816
preemptive halt, cache_misses = 156816
preemptive halt, cache_misses = 156816
preemptive halt, cache_misses = 156816
preemptive halt, cache_misses = 156816
preemptive halt, cache_misses = 156816
preemptive halt, cache_misses = 156816
preemptive halt, cache_misses = 156816
preemptive halt, cache_misses = 156816
preemptive halt, cache_misses = 156816
preemptive halt, cache_misses = 156816
preemptive halt, cache_misses = 156816
preemptive halt, cache_misses = 156816
preemptive halt, cache_misses = 156816
preemptive halt, cache_misses = 156816
preemptive halt, cache_misses = 156816
preemptive halt, cache_misses = 156816
preemptive halt, cache_misses = 156816
preemptive halt, cache_misses = 156816
preemptive halt, cache_misses = 156816
preemptive halt, cache_misses = 156816
preemptive halt, cache_misses = 156816
preemptive halt, cache_misses = 156816
binary search, size 20000  misses 156816  min 0  max 40000
preemptive halt, cache_misses = 156817
preemptive halt, cache_misses = 156817
preemptive halt, cache_misses = 156817
preemptive halt, cache_misses = 156817
preemptive halt, cache_misses = 156817
preemptive halt, cache_misses = 156817
preemptive halt, cache_misses = 156817
preemptive halt, cache_misses = 156817
preemptive halt, cache_misses = 156817
preemptive halt, cache_misses = 156817
preemptive halt, cache_misses = 156817
preemptive halt, cache_misses = 156817
preemptive halt, cache_misses = 156817
preemptive halt, cache_misses = 156817
preemptive halt, cache_misses = 156817
preemptive halt, cache_misses = 156817
preemptive halt, cache_misses = 156817
preemptive halt, cache_misses = 156817
preemptive halt, cache_misses = 156817
preemptive halt, cache_misses = 156817
preemptive halt, cache_misses = 156817
preemptive halt, cache_misses = 156817
preemptive halt, cache_misses = 156817
preemptive halt, cache_misses = 156817
preemptive halt, cache_misses = 156817
preemptive halt, cache_misses = 156817
preemptive halt, cache_misses = 156817
preemptive halt, cache_misses = 156817
preemptive halt, cache_misses = 156817
preemptive halt, cache_misses = 156817
preemptive halt, cache_misses = 156817
preemptive halt, cache_misses = 156817
preemptive halt, cache_misses = 156817
preemptive halt, cache_misses = 156817
preemptive halt, cache_misses = 156817
preemptive halt, cache_misses = 156817
preemptive halt, cache_misses = 156817
preemptive halt, cache_misses = 156817
preemptive halt, cache_misses = 156817
preemptive halt, cache_misses = 156817
preemptive halt, cache_misses = 156817
preemptive halt, cache_misses = 156817
preemptive halt, cache_misses = 156817
preemptive halt, cache_misses = 156817
preemptive halt, cache_misses = 156817
preemptive halt, cache_misses = 156817
preemptive halt, cache_misses = 156817
preemptive halt, cache_misses = 156817
preemptive halt, cache_misses = 156817
preemptive halt, cache_misses = 156817
preemptive halt, cache_misses = 156817
preemptive halt, cache_misses = 156817
preemptive halt, cache_misses = 156817
preemptive halt, cache_misses = 156817
preemptive halt, cache_misses = 156817
preemptive halt, cache_misses = 156817
preemptive halt, cache_misses = 156817
preemptive halt, cache_misses = 156817
preemptive halt, cache_misses = 156817
preemptive halt, cache_misses = 156817
preemptive halt, cache_misses = 156817
preemptive halt, cache_misses = 156817
preemptive halt, cache_misses = 156817
preemptive halt, cache_misses = 156817
preemptive halt, cache_misses = 156817
preemptive halt, cache_misses = 156817
preemptive halt, cache_misses = 156817
preemptive halt, cache_misses = 156817
preemptive halt, cache_misses = 156817
preemptive halt, cache_misses = 156817
preemptive halt, cache_misses = 156817
preemptive halt, cache_misses = 156817
preemptive halt, cache_misses = 156817
preemptive halt, cache_misses = 156817
preemptive halt, cache_misses = 156817
preemptive halt, cache_misses = 156817
preemptive halt, cache_misses = 156817
preemptive halt, cache_misses = 156817
preemptive halt, cache_misses = 156817
preemptive halt, cache_misses = 156817
preemptive halt, cache_misses = 156817
preemptive halt, cache_misses = 156817
preemptive halt, cache_misses = 156817
preemptive halt, cache_misses = 156817
preemptive halt, cache_misses = 156817
preemptive halt, cache_misses = 156817
preemptive halt, cache_misses = 156817
preemptive halt, cache_misses = 156817
preemptive halt, cache_misses = 156817
preemptive halt, cache_misses = 156817
preemptive halt, cache_misses = 156817
preemptive halt, cache_misses = 156817
preemptive halt, cache_misses = 156817
preemptive halt, cache_misses = 156817
binary search, size 30000  misses 156817  min 20000  max 40000
preemptive halt, cache_misses = 156818
preemptive halt, cache_misses = 156818
preemptive halt, cache_misses = 156818
preemptive halt, cache_misses = 156818
preemptive halt, cache_misses = 156818
preemptive halt, cache_misses = 156818
preemptive halt, cache_misses = 156818
preemptive halt, cache_misses = 156818
preemptive halt, cache_misses = 156818
preemptive halt, cache_misses = 156818
preemptive halt, cache_misses = 156818
preemptive halt, cache_misses = 156818
preemptive halt, cache_misses = 156818
preemptive halt, cache_misses = 156818
preemptive halt, cache_misses = 156818
preemptive halt, cache_misses = 156818
preemptive halt, cache_misses = 156818
preemptive halt, cache_misses = 156818
preemptive halt, cache_misses = 156818
preemptive halt, cache_misses = 156818
preemptive halt, cache_misses = 156818
preemptive halt, cache_misses = 156818
preemptive halt, cache_misses = 156818
preemptive halt, cache_misses = 156818
preemptive halt, cache_misses = 156818
preemptive halt, cache_misses = 156818
preemptive halt, cache_misses = 156818
preemptive halt, cache_misses = 156818
preemptive halt, cache_misses = 156818
preemptive halt, cache_misses = 156818
preemptive halt, cache_misses = 156818
preemptive halt, cache_misses = 156818
preemptive halt, cache_misses = 156818
preemptive halt, cache_misses = 156818
preemptive halt, cache_misses = 156818
preemptive halt, cache_misses = 156818
preemptive halt, cache_misses = 156818
preemptive halt, cache_misses = 156818
preemptive halt, cache_misses = 156818
preemptive halt, cache_misses = 156818
preemptive halt, cache_misses = 156818
preemptive halt, cache_misses = 156818
preemptive halt, cache_misses = 156818
preemptive halt, cache_misses = 156818
preemptive halt, cache_misses = 156818
preemptive halt, cache_misses = 156818
preemptive halt, cache_misses = 156818
preemptive halt, cache_misses = 156818
preemptive halt, cache_misses = 156818
preemptive halt, cache_misses = 156818
preemptive halt, cache_misses = 156818
preemptive halt, cache_misses = 156818
preemptive halt, cache_misses = 156818
preemptive halt, cache_misses = 156818
preemptive halt, cache_misses = 156818
preemptive halt, cache_misses = 156818
preemptive halt, cache_misses = 156818
preemptive halt, cache_misses = 156818
preemptive halt, cache_misses = 156818
preemptive halt, cache_misses = 156818
preemptive halt, cache_misses = 156818
preemptive halt, cache_misses = 156818
preemptive halt, cache_misses = 156818
preemptive halt, cache_misses = 156818
preemptive halt, cache_misses = 156818
preemptive halt, cache_misses = 156818
preemptive halt, cache_misses = 156818
preemptive halt, cache_misses = 156818
preemptive halt, cache_misses = 156818
preemptive halt, cache_misses = 156818
preemptive halt, cache_misses = 156818
preemptive halt, cache_misses = 156818
preemptive halt, cache_misses = 156818
preemptive halt, cache_misses = 156818
preemptive halt, cache_misses = 156818
preemptive halt, cache_misses = 156818
preemptive halt, cache_misses = 156818
preemptive halt, cache_misses = 156818
preemptive halt, cache_misses = 156818
preemptive halt, cache_misses = 156818
preemptive halt, cache_misses = 156818
preemptive halt, cache_misses = 156818
preemptive halt, cache_misses = 156818
preemptive halt, cache_misses = 156818
preemptive halt, cache_misses = 156818
preemptive halt, cache_misses = 156818
preemptive halt, cache_misses = 156818
preemptive halt, cache_misses = 156818
preemptive halt, cache_misses = 156818
preemptive halt, cache_misses = 156818
preemptive halt, cache_misses = 156818
preemptive halt, cache_misses = 156818
preemptive halt, cache_misses = 156818
preemptive halt, cache_misses = 156818
preemptive halt, cache_misses = 156818
preemptive halt, cache_misses = 156818
binary search, size 35000  misses 156818  min 30000  max 40000
preemptive halt, cache_misses = 156819
preemptive halt, cache_misses = 156819
preemptive halt, cache_misses = 156819
preemptive halt, cache_misses = 156819
preemptive halt, cache_misses = 156819
preemptive halt, cache_misses = 156819
preemptive halt, cache_misses = 156819
preemptive halt, cache_misses = 156819
preemptive halt, cache_misses = 156819
preemptive halt, cache_misses = 156819
preemptive halt, cache_misses = 156819
preemptive halt, cache_misses = 156819
preemptive halt, cache_misses = 156819
preemptive halt, cache_misses = 156819
preemptive halt, cache_misses = 156819
preemptive halt, cache_misses = 156819
preemptive halt, cache_misses = 156819
preemptive halt, cache_misses = 156819
preemptive halt, cache_misses = 156819
preemptive halt, cache_misses = 156819
preemptive halt, cache_misses = 156819
preemptive halt, cache_misses = 156819
preemptive halt, cache_misses = 156819
preemptive halt, cache_misses = 156819
preemptive halt, cache_misses = 156819
preemptive halt, cache_misses = 156819
preemptive halt, cache_misses = 156819
preemptive halt, cache_misses = 156819
preemptive halt, cache_misses = 156819
preemptive halt, cache_misses = 156819
preemptive halt, cache_misses = 156819
preemptive halt, cache_misses = 156819
preemptive halt, cache_misses = 156819
preemptive halt, cache_misses = 156819
preemptive halt, cache_misses = 156819
preemptive halt, cache_misses = 156819
preemptive halt, cache_misses = 156819
preemptive halt, cache_misses = 156819
preemptive halt, cache_misses = 156819
preemptive halt, cache_misses = 156819
preemptive halt, cache_misses = 156819
preemptive halt, cache_misses = 156819
preemptive halt, cache_misses = 156819
preemptive halt, cache_misses = 156819
preemptive halt, cache_misses = 156819
preemptive halt, cache_misses = 156819
preemptive halt, cache_misses = 156819
preemptive halt, cache_misses = 156819
preemptive halt, cache_misses = 156819
preemptive halt, cache_misses = 156819
preemptive halt, cache_misses = 156819
preemptive halt, cache_misses = 156819
preemptive halt, cache_misses = 156819
preemptive halt, cache_misses = 156819
preemptive halt, cache_misses = 156819
preemptive halt, cache_misses = 156819
preemptive halt, cache_misses = 156819
preemptive halt, cache_misses = 156819
preemptive halt, cache_misses = 156819
preemptive halt, cache_misses = 156819
preemptive halt, cache_misses = 156819
preemptive halt, cache_misses = 156819
preemptive halt, cache_misses = 156819
preemptive halt, cache_misses = 156819
preemptive halt, cache_misses = 156819
preemptive halt, cache_misses = 156819
preemptive halt, cache_misses = 156819
preemptive halt, cache_misses = 156819
preemptive halt, cache_misses = 156819
preemptive halt, cache_misses = 156819
preemptive halt, cache_misses = 156819
preemptive halt, cache_misses = 156819
preemptive halt, cache_misses = 156819
preemptive halt, cache_misses = 156819
preemptive halt, cache_misses = 156819
preemptive halt, cache_misses = 156819
preemptive halt, cache_misses = 156819
preemptive halt, cache_misses = 156819
preemptive halt, cache_misses = 156819
preemptive halt, cache_misses = 156819
preemptive halt, cache_misses = 156819
preemptive halt, cache_misses = 156819
preemptive halt, cache_misses = 156819
preemptive halt, cache_misses = 156819
preemptive halt, cache_misses = 156819
preemptive halt, cache_misses = 156819
preemptive halt, cache_misses = 156819
preemptive halt, cache_misses = 156819
preemptive halt, cache_misses = 156819
preemptive halt, cache_misses = 156819
preemptive halt, cache_misses = 156819
preemptive halt, cache_misses = 156819
preemptive halt, cache_misses = 156819
preemptive halt, cache_misses = 156819
preemptive halt, cache_misses = 156819
preemptive halt, cache_misses = 156819
preemptive halt, cache_misses = 156819
preemptive halt, cache_misses = 156819
binary search, size 37500  misses 156819  min 35000  max 40000
binary search, size 38750  misses 156815  min 37500  max 40000
binary search, size 38125  misses 156815  min 37500  max 38750
preemptive halt, cache_misses = 156816
preemptive halt, cache_misses = 156816
preemptive halt, cache_misses = 156816
preemptive halt, cache_misses = 156816
preemptive halt, cache_misses = 156816
preemptive halt, cache_misses = 156816
preemptive halt, cache_misses = 156816
preemptive halt, cache_misses = 156816
preemptive halt, cache_misses = 156816
preemptive halt, cache_misses = 156816
preemptive halt, cache_misses = 156816
preemptive halt, cache_misses = 156816
preemptive halt, cache_misses = 156816
preemptive halt, cache_misses = 156816
preemptive halt, cache_misses = 156816
preemptive halt, cache_misses = 156816
preemptive halt, cache_misses = 156816
preemptive halt, cache_misses = 156816
preemptive halt, cache_misses = 156816
preemptive halt, cache_misses = 156816
preemptive halt, cache_misses = 156816
preemptive halt, cache_misses = 156816
preemptive halt, cache_misses = 156816
preemptive halt, cache_misses = 156816
preemptive halt, cache_misses = 156816
preemptive halt, cache_misses = 156816
preemptive halt, cache_misses = 156816
preemptive halt, cache_misses = 156816
preemptive halt, cache_misses = 156816
preemptive halt, cache_misses = 156816
preemptive halt, cache_misses = 156816
preemptive halt, cache_misses = 156816
preemptive halt, cache_misses = 156816
preemptive halt, cache_misses = 156816
preemptive halt, cache_misses = 156816
preemptive halt, cache_misses = 156816
preemptive halt, cache_misses = 156816
preemptive halt, cache_misses = 156816
preemptive halt, cache_misses = 156816
preemptive halt, cache_misses = 156816
preemptive halt, cache_misses = 156816
preemptive halt, cache_misses = 156816
preemptive halt, cache_misses = 156816
preemptive halt, cache_misses = 156816
preemptive halt, cache_misses = 156816
preemptive halt, cache_misses = 156816
preemptive halt, cache_misses = 156816
preemptive halt, cache_misses = 156816
preemptive halt, cache_misses = 156816
preemptive halt, cache_misses = 156816
preemptive halt, cache_misses = 156816
preemptive halt, cache_misses = 156816
preemptive halt, cache_misses = 156816
preemptive halt, cache_misses = 156816
preemptive halt, cache_misses = 156816
preemptive halt, cache_misses = 156816
preemptive halt, cache_misses = 156816
preemptive halt, cache_misses = 156816
preemptive halt, cache_misses = 156816
preemptive halt, cache_misses = 156816
preemptive halt, cache_misses = 156816
preemptive halt, cache_misses = 156816
preemptive halt, cache_misses = 156816
preemptive halt, cache_misses = 156816
preemptive halt, cache_misses = 156816
preemptive halt, cache_misses = 156816
preemptive halt, cache_misses = 156816
preemptive halt, cache_misses = 156816
preemptive halt, cache_misses = 156816
preemptive halt, cache_misses = 156816
preemptive halt, cache_misses = 156816
preemptive halt, cache_misses = 156816
preemptive halt, cache_misses = 156816
preemptive halt, cache_misses = 156816
preemptive halt, cache_misses = 156816
preemptive halt, cache_misses = 156816
preemptive halt, cache_misses = 156816
preemptive halt, cache_misses = 156816
preemptive halt, cache_misses = 156816
preemptive halt, cache_misses = 156816
preemptive halt, cache_misses = 156816
preemptive halt, cache_misses = 156816
preemptive halt, cache_misses = 156816
preemptive halt, cache_misses = 156816
preemptive halt, cache_misses = 156816
preemptive halt, cache_misses = 156816
preemptive halt, cache_misses = 156816
preemptive halt, cache_misses = 156816
preemptive halt, cache_misses = 156816
preemptive halt, cache_misses = 156816
preemptive halt, cache_misses = 156816
preemptive halt, cache_misses = 156816
binary search, size 37812  misses 156816  min 37500  max 38125
preemptive halt, cache_misses = 156817
preemptive halt, cache_misses = 156817
preemptive halt, cache_misses = 156817
preemptive halt, cache_misses = 156817
preemptive halt, cache_misses = 156817
preemptive halt, cache_misses = 156817
preemptive halt, cache_misses = 156817
preemptive halt, cache_misses = 156817
preemptive halt, cache_misses = 156817
preemptive halt, cache_misses = 156817
preemptive halt, cache_misses = 156817
preemptive halt, cache_misses = 156817
preemptive halt, cache_misses = 156817
preemptive halt, cache_misses = 156817
preemptive halt, cache_misses = 156817
preemptive halt, cache_misses = 156817
preemptive halt, cache_misses = 156817
preemptive halt, cache_misses = 156817
preemptive halt, cache_misses = 156817
preemptive halt, cache_misses = 156817
preemptive halt, cache_misses = 156817
preemptive halt, cache_misses = 156817
preemptive halt, cache_misses = 156817
preemptive halt, cache_misses = 156817
preemptive halt, cache_misses = 156817
preemptive halt, cache_misses = 156817
preemptive halt, cache_misses = 156817
preemptive halt, cache_misses = 156817
preemptive halt, cache_misses = 156817
preemptive halt, cache_misses = 156817
preemptive halt, cache_misses = 156817
preemptive halt, cache_misses = 156817
preemptive halt, cache_misses = 156817
preemptive halt, cache_misses = 156817
preemptive halt, cache_misses = 156817
preemptive halt, cache_misses = 156817
preemptive halt, cache_misses = 156817
preemptive halt, cache_misses = 156817
preemptive halt, cache_misses = 156817
preemptive halt, cache_misses = 156817
preemptive halt, cache_misses = 156817
preemptive halt, cache_misses = 156817
preemptive halt, cache_misses = 156817
preemptive halt, cache_misses = 156817
preemptive halt, cache_misses = 156817
preemptive halt, cache_misses = 156817
preemptive halt, cache_misses = 156817
preemptive halt, cache_misses = 156817
preemptive halt, cache_misses = 156817
preemptive halt, cache_misses = 156817
preemptive halt, cache_misses = 156817
preemptive halt, cache_misses = 156817
preemptive halt, cache_misses = 156817
preemptive halt, cache_misses = 156817
preemptive halt, cache_misses = 156817
preemptive halt, cache_misses = 156817
preemptive halt, cache_misses = 156817
preemptive halt, cache_misses = 156817
preemptive halt, cache_misses = 156817
preemptive halt, cache_misses = 156817
preemptive halt, cache_misses = 156817
preemptive halt, cache_misses = 156817
preemptive halt, cache_misses = 156817
preemptive halt, cache_misses = 156817
preemptive halt, cache_misses = 156817
preemptive halt, cache_misses = 156817
preemptive halt, cache_misses = 156817
preemptive halt, cache_misses = 156817
preemptive halt, cache_misses = 156817
preemptive halt, cache_misses = 156817
preemptive halt, cache_misses = 156817
preemptive halt, cache_misses = 156817
preemptive halt, cache_misses = 156817
preemptive halt, cache_misses = 156817
preemptive halt, cache_misses = 156817
preemptive halt, cache_misses = 156817
preemptive halt, cache_misses = 156817
preemptive halt, cache_misses = 156817
preemptive halt, cache_misses = 156817
preemptive halt, cache_misses = 156817
preemptive halt, cache_misses = 156817
preemptive halt, cache_misses = 156817
preemptive halt, cache_misses = 156817
preemptive halt, cache_misses = 156817
preemptive halt, cache_misses = 156817
preemptive halt, cache_misses = 156817
preemptive halt, cache_misses = 156817
preemptive halt, cache_misses = 156817
preemptive halt, cache_misses = 156817
preemptive halt, cache_misses = 156817
preemptive halt, cache_misses = 156817
preemptive halt, cache_misses = 156817
preemptive halt, cache_misses = 156817
preemptive halt, cache_misses = 156817
binary search, size 37968  misses 156817  min 37812  max 38125
preemptive halt, cache_misses = 156818
preemptive halt, cache_misses = 156818
preemptive halt, cache_misses = 156818
preemptive halt, cache_misses = 156818
preemptive halt, cache_misses = 156818
preemptive halt, cache_misses = 156818
preemptive halt, cache_misses = 156818
preemptive halt, cache_misses = 156818
preemptive halt, cache_misses = 156818
preemptive halt, cache_misses = 156818
preemptive halt, cache_misses = 156818
preemptive halt, cache_misses = 156818
preemptive halt, cache_misses = 156818
preemptive halt, cache_misses = 156818
preemptive halt, cache_misses = 156818
preemptive halt, cache_misses = 156818
preemptive halt, cache_misses = 156818
preemptive halt, cache_misses = 156818
preemptive halt, cache_misses = 156818
preemptive halt, cache_misses = 156818
preemptive halt, cache_misses = 156818
preemptive halt, cache_misses = 156818
preemptive halt, cache_misses = 156818
preemptive halt, cache_misses = 156818
preemptive halt, cache_misses = 156818
preemptive halt, cache_misses = 156818
preemptive halt, cache_misses = 156818
preemptive halt, cache_misses = 156818
preemptive halt, cache_misses = 156818
preemptive halt, cache_misses = 156818
preemptive halt, cache_misses = 156818
preemptive halt, cache_misses = 156818
preemptive halt, cache_misses = 156818
preemptive halt, cache_misses = 156818
preemptive halt, cache_misses = 156818
preemptive halt, cache_misses = 156818
preemptive halt, cache_misses = 156818
preemptive halt, cache_misses = 156818
preemptive halt, cache_misses = 156818
preemptive halt, cache_misses = 156818
preemptive halt, cache_misses = 156818
preemptive halt, cache_misses = 156818
preemptive halt, cache_misses = 156818
preemptive halt, cache_misses = 156818
preemptive halt, cache_misses = 156818
preemptive halt, cache_misses = 156818
preemptive halt, cache_misses = 156818
preemptive halt, cache_misses = 156818
preemptive halt, cache_misses = 156818
preemptive halt, cache_misses = 156818
preemptive halt, cache_misses = 156818
preemptive halt, cache_misses = 156818
preemptive halt, cache_misses = 156818
preemptive halt, cache_misses = 156818
preemptive halt, cache_misses = 156818
preemptive halt, cache_misses = 156818
preemptive halt, cache_misses = 156818
preemptive halt, cache_misses = 156818
preemptive halt, cache_misses = 156818
preemptive halt, cache_misses = 156818
preemptive halt, cache_misses = 156818
preemptive halt, cache_misses = 156818
preemptive halt, cache_misses = 156818
preemptive halt, cache_misses = 156818
preemptive halt, cache_misses = 156818
preemptive halt, cache_misses = 156818
preemptive halt, cache_misses = 156818
preemptive halt, cache_misses = 156818
preemptive halt, cache_misses = 156818
preemptive halt, cache_misses = 156818
preemptive halt, cache_misses = 156818
preemptive halt, cache_misses = 156818
preemptive halt, cache_misses = 156818
preemptive halt, cache_misses = 156818
preemptive halt, cache_misses = 156818
preemptive halt, cache_misses = 156818
preemptive halt, cache_misses = 156818
preemptive halt, cache_misses = 156818
preemptive halt, cache_misses = 156818
preemptive halt, cache_misses = 156818
preemptive halt, cache_misses = 156818
preemptive halt, cache_misses = 156818
preemptive halt, cache_misses = 156818
preemptive halt, cache_misses = 156818
preemptive halt, cache_misses = 156818
preemptive halt, cache_misses = 156818
preemptive halt, cache_misses = 156818
preemptive halt, cache_misses = 156818
preemptive halt, cache_misses = 156818
preemptive halt, cache_misses = 156818
preemptive halt, cache_misses = 156818
preemptive halt, cache_misses = 156818
preemptive halt, cache_misses = 156818
preemptive halt, cache_misses = 156818
preemptive halt, cache_misses = 156818
preemptive halt, cache_misses = 156818
binary search, size 38046  misses 156818  min 37968  max 38125
binary search, size 38085  misses 156815  min 38046  max 38125
binary search, size 38065  misses 156815  min 38046  max 38085
preemptive halt, cache_misses = 156816
preemptive halt, cache_misses = 156816
preemptive halt, cache_misses = 156816
preemptive halt, cache_misses = 156816
preemptive halt, cache_misses = 156816
preemptive halt, cache_misses = 156816
preemptive halt, cache_misses = 156816
preemptive halt, cache_misses = 156816
preemptive halt, cache_misses = 156816
preemptive halt, cache_misses = 156816
preemptive halt, cache_misses = 156816
preemptive halt, cache_misses = 156816
preemptive halt, cache_misses = 156816
preemptive halt, cache_misses = 156816
preemptive halt, cache_misses = 156816
preemptive halt, cache_misses = 156816
preemptive halt, cache_misses = 156816
preemptive halt, cache_misses = 156816
preemptive halt, cache_misses = 156816
preemptive halt, cache_misses = 156816
preemptive halt, cache_misses = 156816
preemptive halt, cache_misses = 156816
preemptive halt, cache_misses = 156816
preemptive halt, cache_misses = 156816
preemptive halt, cache_misses = 156816
preemptive halt, cache_misses = 156816
preemptive halt, cache_misses = 156816
preemptive halt, cache_misses = 156816
preemptive halt, cache_misses = 156816
preemptive halt, cache_misses = 156816
preemptive halt, cache_misses = 156816
preemptive halt, cache_misses = 156816
preemptive halt, cache_misses = 156816
preemptive halt, cache_misses = 156816
preemptive halt, cache_misses = 156816
preemptive halt, cache_misses = 156816
preemptive halt, cache_misses = 156816
preemptive halt, cache_misses = 156816
preemptive halt, cache_misses = 156816
preemptive halt, cache_misses = 156816
preemptive halt, cache_misses = 156816
preemptive halt, cache_misses = 156816
preemptive halt, cache_misses = 156816
preemptive halt, cache_misses = 156816
preemptive halt, cache_misses = 156816
preemptive halt, cache_misses = 156816
preemptive halt, cache_misses = 156816
preemptive halt, cache_misses = 156816
preemptive halt, cache_misses = 156816
preemptive halt, cache_misses = 156816
preemptive halt, cache_misses = 156816
preemptive halt, cache_misses = 156816
preemptive halt, cache_misses = 156816
preemptive halt, cache_misses = 156816
preemptive halt, cache_misses = 156816
preemptive halt, cache_misses = 156816
preemptive halt, cache_misses = 156816
preemptive halt, cache_misses = 156816
preemptive halt, cache_misses = 156816
preemptive halt, cache_misses = 156816
preemptive halt, cache_misses = 156816
preemptive halt, cache_misses = 156816
preemptive halt, cache_misses = 156816
preemptive halt, cache_misses = 156816
preemptive halt, cache_misses = 156816
preemptive halt, cache_misses = 156816
preemptive halt, cache_misses = 156816
preemptive halt, cache_misses = 156816
preemptive halt, cache_misses = 156816
preemptive halt, cache_misses = 156816
preemptive halt, cache_misses = 156816
preemptive halt, cache_misses = 156816
preemptive halt, cache_misses = 156816
preemptive halt, cache_misses = 156816
preemptive halt, cache_misses = 156816
preemptive halt, cache_misses = 156816
preemptive halt, cache_misses = 156816
preemptive halt, cache_misses = 156816
preemptive halt, cache_misses = 156816
preemptive halt, cache_misses = 156816
preemptive halt, cache_misses = 156816
preemptive halt, cache_misses = 156816
preemptive halt, cache_misses = 156816
preemptive halt, cache_misses = 156816
preemptive halt, cache_misses = 156816
preemptive halt, cache_misses = 156816
preemptive halt, cache_misses = 156816
preemptive halt, cache_misses = 156816
preemptive halt, cache_misses = 156816
preemptive halt, cache_misses = 156816
preemptive halt, cache_misses = 156816
preemptive halt, cache_misses = 156816
binary search, size 38055  misses 156816  min 38046  max 38065
preemptive halt, cache_misses = 156817
preemptive halt, cache_misses = 156817
preemptive halt, cache_misses = 156817
preemptive halt, cache_misses = 156817
preemptive halt, cache_misses = 156817
preemptive halt, cache_misses = 156817
preemptive halt, cache_misses = 156817
preemptive halt, cache_misses = 156817
preemptive halt, cache_misses = 156817
preemptive halt, cache_misses = 156817
preemptive halt, cache_misses = 156817
preemptive halt, cache_misses = 156817
preemptive halt, cache_misses = 156817
preemptive halt, cache_misses = 156817
preemptive halt, cache_misses = 156817
preemptive halt, cache_misses = 156817
preemptive halt, cache_misses = 156817
preemptive halt, cache_misses = 156817
preemptive halt, cache_misses = 156817
preemptive halt, cache_misses = 156817
preemptive halt, cache_misses = 156817
preemptive halt, cache_misses = 156817
preemptive halt, cache_misses = 156817
preemptive halt, cache_misses = 156817
preemptive halt, cache_misses = 156817
preemptive halt, cache_misses = 156817
preemptive halt, cache_misses = 156817
preemptive halt, cache_misses = 156817
preemptive halt, cache_misses = 156817
preemptive halt, cache_misses = 156817
preemptive halt, cache_misses = 156817
preemptive halt, cache_misses = 156817
preemptive halt, cache_misses = 156817
preemptive halt, cache_misses = 156817
preemptive halt, cache_misses = 156817
preemptive halt, cache_misses = 156817
preemptive halt, cache_misses = 156817
preemptive halt, cache_misses = 156817
preemptive halt, cache_misses = 156817
preemptive halt, cache_misses = 156817
preemptive halt, cache_misses = 156817
preemptive halt, cache_misses = 156817
preemptive halt, cache_misses = 156817
preemptive halt, cache_misses = 156817
preemptive halt, cache_misses = 156817
preemptive halt, cache_misses = 156817
preemptive halt, cache_misses = 156817
preemptive halt, cache_misses = 156817
preemptive halt, cache_misses = 156817
preemptive halt, cache_misses = 156817
preemptive halt, cache_misses = 156817
preemptive halt, cache_misses = 156817
preemptive halt, cache_misses = 156817
preemptive halt, cache_misses = 156817
preemptive halt, cache_misses = 156817
preemptive halt, cache_misses = 156817
preemptive halt, cache_misses = 156817
preemptive halt, cache_misses = 156817
preemptive halt, cache_misses = 156817
preemptive halt, cache_misses = 156817
preemptive halt, cache_misses = 156817
preemptive halt, cache_misses = 156817
preemptive halt, cache_misses = 156817
preemptive halt, cache_misses = 156817
preemptive halt, cache_misses = 156817
preemptive halt, cache_misses = 156817
preemptive halt, cache_misses = 156817
preemptive halt, cache_misses = 156817
preemptive halt, cache_misses = 156817
preemptive halt, cache_misses = 156817
preemptive halt, cache_misses = 156817
preemptive halt, cache_misses = 156817
preemptive halt, cache_misses = 156817
preemptive halt, cache_misses = 156817
preemptive halt, cache_misses = 156817
preemptive halt, cache_misses = 156817
preemptive halt, cache_misses = 156817
preemptive halt, cache_misses = 156817
preemptive halt, cache_misses = 156817
preemptive halt, cache_misses = 156817
preemptive halt, cache_misses = 156817
preemptive halt, cache_misses = 156817
preemptive halt, cache_misses = 156817
preemptive halt, cache_misses = 156817
preemptive halt, cache_misses = 156817
preemptive halt, cache_misses = 156817
preemptive halt, cache_misses = 156817
preemptive halt, cache_misses = 156817
preemptive halt, cache_misses = 156817
preemptive halt, cache_misses = 156817
preemptive halt, cache_misses = 156817
preemptive halt, cache_misses = 156817
preemptive halt, cache_misses = 156817
preemptive halt, cache_misses = 156817
binary search, size 38060  misses 156817  min 38055  max 38065
binary search, size 38062  misses 156815  min 38060  max 38065
binary search, size 38061  misses 156815  min 38060  max 38062
characteristic cache size (binary search) for 395 = 38061
End at: 2021-04-02 16:28:31.436075
Time elapsed: 0:00:02.780338
