Begin at: 2021-04-02 16:25:46.909835
['../dist/Debug/GNU-Linux/memo_batch_tester', '', '--mbt_execution_trace_fname', 'olcs4_traceback_csize_input_types/OLCS4_lru_2021_04_02__16_21_37_k_3__d_2_cache_size_160000_problems_10_to_400/OLCS4_lru_2021_04_02__16_21_37_k_3__d_2_cache_size_160000_problems_10_to_400/OLCS4__do_traceback_prob_size_330_cache_size_160000_lru_k_3_d_2_execution_trace_2021_4_2_16_25_46_pid_22781.log', '--mbt_cache_misses_fname', 'olcs4_traceback_csize_input_types/OLCS4_lru_2021_04_02__16_21_37_k_3__d_2_cache_size_160000_problems_10_to_400/lcs_cost_OLCS4_lru_misses_for_cache_size.csv', '--mbt_misses_for_problem_size_fname', 'olcs4_traceback_csize_input_types/OLCS4_lru_2021_04_02__16_21_37_k_3__d_2_cache_size_160000_problems_10_to_400/lcs_cost_OLCS4_lru_misses_for_problem_size.csv', '--mbt_exact_cutoff_min_cache_size', '160000', '--mbt_exact_cutoff_max_cache_size', '160000', '--mbt_problem_type', 'lcs', '--mbt_metric_type', 'csize_binary_search', '--mbt_cutoff_ratio', '2.2', '--mbt_instance_fname', '330', '--mbt_detailed_cache_misses_out_fname', 'csize_olcs4_traceback_0011n_ceil_n_b_8.csv', '--mbt_phi_N', '5.0', '--mbt_problem_size', '330', '--lcs_compute_length', '0', '--lcs_perform_traceback', '1', '--lig_instance_type', '0011n_ceil_n_b', '--lig_n', '330', '--lig_c', '0.9', '--lig_b', '8.0', '--lcs_oblivious', '4', '--lcs_execution_trace_fname', 'olcs4_traceback_csize_input_types/OLCS4_lru_2021_04_02__16_21_37_k_3__d_2_cache_size_160000_problems_10_to_400/OLCS4_lru_2021_04_02__16_21_37_k_3__d_2_cache_size_160000_problems_10_to_400/OLCS4__do_traceback_prob_size_330_cache_size_160000_lru_k_3_d_2_execution_trace_2021_4_2_16_25_46_pid_22781.log', '--memo_caching_strategy', 'lru', '--memo_cache_size', '160001', '--memo_lru_queue_size', '160000', '--memo_cuckoo_k', '4', '--memo_key_length', '8', '--memo_value_length', '8', '--memo_k_timestamps', '3', '--memo_d_recent_timestamps', '2', '--memo_a_items_per_timestamp_factor', '0.4375']

csize_binary_search chosen
lcs problem_type lcs cache_size 160001
initialize_long_int_cache begin
init_memo
arguments to memo:
 --mbt_execution_trace_fname olcs4_traceback_csize_input_types/OLCS4_lru_2021_04_02__16_21_37_k_3__d_2_cache_size_160000_problems_10_to_400/OLCS4_lru_2021_04_02__16_21_37_k_3__d_2_cache_size_160000_problems_10_to_400/OLCS4__do_traceback_prob_size_330_cache_size_160000_lru_k_3_d_2_execution_trace_2021_4_2_16_25_46_pid_22781.log --mbt_cache_misses_fname olcs4_traceback_csize_input_types/OLCS4_lru_2021_04_02__16_21_37_k_3__d_2_cache_size_160000_problems_10_to_400/lcs_cost_OLCS4_lru_misses_for_cache_size.csv --mbt_misses_for_problem_size_fname olcs4_traceback_csize_input_types/OLCS4_lru_2021_04_02__16_21_37_k_3__d_2_cache_size_160000_problems_10_to_400/lcs_cost_OLCS4_lru_misses_for_problem_size.csv --mbt_exact_cutoff_min_cache_size 160000 --mbt_exact_cutoff_max_cache_size 160000 --mbt_problem_type lcs --mbt_metric_type csize_binary_search --mbt_cutoff_ratio 2.2 --mbt_instance_fname 330 --mbt_detailed_cache_misses_out_fname csize_olcs4_traceback_0011n_ceil_n_b_8.csv --mbt_phi_N 5.0 --mbt_problem_size 330 --lcs_compute_length 0 --lcs_perform_traceback 1 --lig_instance_type 0011n_ceil_n_b --lig_n 330 --lig_c 0.9 --lig_b 8.0 --lcs_oblivious 4 --lcs_execution_trace_fname olcs4_traceback_csize_input_types/OLCS4_lru_2021_04_02__16_21_37_k_3__d_2_cache_size_160000_problems_10_to_400/OLCS4_lru_2021_04_02__16_21_37_k_3__d_2_cache_size_160000_problems_10_to_400/OLCS4__do_traceback_prob_size_330_cache_size_160000_lru_k_3_d_2_execution_trace_2021_4_2_16_25_46_pid_22781.log --memo_caching_strategy lru --memo_cache_size 160001 --memo_lru_queue_size 160000 --memo_cuckoo_k 4 --memo_key_length 8 --memo_value_length 8 --memo_k_timestamps 3 --memo_d_recent_timestamps 2 --memo_a_items_per_timestamp_factor 0.4375 
calculate_table_size: table_size is 262144, original is 160001
Finished initializing cache
initialize_long_int_cache end
done initializing cache
initializing problem
done initializing problem
commence trials
Starting characteristic_cache_size_binary_search with max cache size 160001
binary search, size 160001  misses 109560
binary search, size 80000  misses 109560  min 0  max 160001
binary search, size 40000  misses 109560  min 0  max 80000
preemptive halt, cache_misses = 109561
preemptive halt, cache_misses = 109561
preemptive halt, cache_misses = 109561
preemptive halt, cache_misses = 109561
preemptive halt, cache_misses = 109561
preemptive halt, cache_misses = 109561
preemptive halt, cache_misses = 109561
preemptive halt, cache_misses = 109561
preemptive halt, cache_misses = 109561
preemptive halt, cache_misses = 109561
preemptive halt, cache_misses = 109561
preemptive halt, cache_misses = 109561
preemptive halt, cache_misses = 109561
preemptive halt, cache_misses = 109561
preemptive halt, cache_misses = 109561
preemptive halt, cache_misses = 109561
preemptive halt, cache_misses = 109561
preemptive halt, cache_misses = 109561
preemptive halt, cache_misses = 109561
preemptive halt, cache_misses = 109561
preemptive halt, cache_misses = 109561
preemptive halt, cache_misses = 109561
preemptive halt, cache_misses = 109561
preemptive halt, cache_misses = 109561
preemptive halt, cache_misses = 109561
preemptive halt, cache_misses = 109561
preemptive halt, cache_misses = 109561
preemptive halt, cache_misses = 109561
preemptive halt, cache_misses = 109561
preemptive halt, cache_misses = 109561
preemptive halt, cache_misses = 109561
preemptive halt, cache_misses = 109561
preemptive halt, cache_misses = 109561
preemptive halt, cache_misses = 109561
preemptive halt, cache_misses = 109561
preemptive halt, cache_misses = 109561
preemptive halt, cache_misses = 109561
preemptive halt, cache_misses = 109561
preemptive halt, cache_misses = 109561
preemptive halt, cache_misses = 109561
preemptive halt, cache_misses = 109561
preemptive halt, cache_misses = 109561
preemptive halt, cache_misses = 109561
preemptive halt, cache_misses = 109561
preemptive halt, cache_misses = 109561
preemptive halt, cache_misses = 109561
preemptive halt, cache_misses = 109561
preemptive halt, cache_misses = 109561
preemptive halt, cache_misses = 109561
preemptive halt, cache_misses = 109561
preemptive halt, cache_misses = 109561
preemptive halt, cache_misses = 109561
preemptive halt, cache_misses = 109561
preemptive halt, cache_misses = 109561
preemptive halt, cache_misses = 109561
preemptive halt, cache_misses = 109561
preemptive halt, cache_misses = 109561
preemptive halt, cache_misses = 109561
preemptive halt, cache_misses = 109561
preemptive halt, cache_misses = 109561
preemptive halt, cache_misses = 109561
preemptive halt, cache_misses = 109561
preemptive halt, cache_misses = 109561
preemptive halt, cache_misses = 109561
preemptive halt, cache_misses = 109561
preemptive halt, cache_misses = 109561
preemptive halt, cache_misses = 109561
preemptive halt, cache_misses = 109561
preemptive halt, cache_misses = 109561
preemptive halt, cache_misses = 109561
preemptive halt, cache_misses = 109561
preemptive halt, cache_misses = 109561
preemptive halt, cache_misses = 109561
preemptive halt, cache_misses = 109561
binary search, size 20000  misses 109561  min 0  max 40000
binary search, size 30000  misses 109560  min 20000  max 40000
preemptive halt, cache_misses = 109561
preemptive halt, cache_misses = 109561
preemptive halt, cache_misses = 109561
preemptive halt, cache_misses = 109561
preemptive halt, cache_misses = 109561
preemptive halt, cache_misses = 109561
preemptive halt, cache_misses = 109561
preemptive halt, cache_misses = 109561
preemptive halt, cache_misses = 109561
preemptive halt, cache_misses = 109561
preemptive halt, cache_misses = 109561
preemptive halt, cache_misses = 109561
preemptive halt, cache_misses = 109561
preemptive halt, cache_misses = 109561
preemptive halt, cache_misses = 109561
preemptive halt, cache_misses = 109561
preemptive halt, cache_misses = 109561
preemptive halt, cache_misses = 109561
preemptive halt, cache_misses = 109561
preemptive halt, cache_misses = 109561
preemptive halt, cache_misses = 109561
preemptive halt, cache_misses = 109561
preemptive halt, cache_misses = 109561
preemptive halt, cache_misses = 109561
preemptive halt, cache_misses = 109561
preemptive halt, cache_misses = 109561
preemptive halt, cache_misses = 109561
preemptive halt, cache_misses = 109561
preemptive halt, cache_misses = 109561
preemptive halt, cache_misses = 109561
preemptive halt, cache_misses = 109561
preemptive halt, cache_misses = 109561
preemptive halt, cache_misses = 109561
preemptive halt, cache_misses = 109561
preemptive halt, cache_misses = 109561
preemptive halt, cache_misses = 109561
preemptive halt, cache_misses = 109561
preemptive halt, cache_misses = 109561
preemptive halt, cache_misses = 109561
preemptive halt, cache_misses = 109561
preemptive halt, cache_misses = 109561
preemptive halt, cache_misses = 109561
preemptive halt, cache_misses = 109561
preemptive halt, cache_misses = 109561
preemptive halt, cache_misses = 109561
preemptive halt, cache_misses = 109561
preemptive halt, cache_misses = 109561
preemptive halt, cache_misses = 109561
preemptive halt, cache_misses = 109561
preemptive halt, cache_misses = 109561
preemptive halt, cache_misses = 109561
preemptive halt, cache_misses = 109561
preemptive halt, cache_misses = 109561
preemptive halt, cache_misses = 109561
preemptive halt, cache_misses = 109561
preemptive halt, cache_misses = 109561
preemptive halt, cache_misses = 109561
preemptive halt, cache_misses = 109561
preemptive halt, cache_misses = 109561
preemptive halt, cache_misses = 109561
preemptive halt, cache_misses = 109561
preemptive halt, cache_misses = 109561
preemptive halt, cache_misses = 109561
preemptive halt, cache_misses = 109561
preemptive halt, cache_misses = 109561
preemptive halt, cache_misses = 109561
preemptive halt, cache_misses = 109561
preemptive halt, cache_misses = 109561
preemptive halt, cache_misses = 109561
preemptive halt, cache_misses = 109561
preemptive halt, cache_misses = 109561
preemptive halt, cache_misses = 109561
preemptive halt, cache_misses = 109561
preemptive halt, cache_misses = 109561
binary search, size 25000  misses 109561  min 20000  max 30000
binary search, size 27500  misses 109560  min 25000  max 30000
binary search, size 26250  misses 109560  min 25000  max 27500
preemptive halt, cache_misses = 109561
preemptive halt, cache_misses = 109561
preemptive halt, cache_misses = 109561
preemptive halt, cache_misses = 109561
preemptive halt, cache_misses = 109561
preemptive halt, cache_misses = 109561
preemptive halt, cache_misses = 109561
preemptive halt, cache_misses = 109561
preemptive halt, cache_misses = 109561
preemptive halt, cache_misses = 109561
preemptive halt, cache_misses = 109561
preemptive halt, cache_misses = 109561
preemptive halt, cache_misses = 109561
preemptive halt, cache_misses = 109561
preemptive halt, cache_misses = 109561
preemptive halt, cache_misses = 109561
preemptive halt, cache_misses = 109561
preemptive halt, cache_misses = 109561
preemptive halt, cache_misses = 109561
preemptive halt, cache_misses = 109561
preemptive halt, cache_misses = 109561
preemptive halt, cache_misses = 109561
preemptive halt, cache_misses = 109561
preemptive halt, cache_misses = 109561
preemptive halt, cache_misses = 109561
preemptive halt, cache_misses = 109561
preemptive halt, cache_misses = 109561
preemptive halt, cache_misses = 109561
preemptive halt, cache_misses = 109561
preemptive halt, cache_misses = 109561
preemptive halt, cache_misses = 109561
preemptive halt, cache_misses = 109561
preemptive halt, cache_misses = 109561
preemptive halt, cache_misses = 109561
preemptive halt, cache_misses = 109561
preemptive halt, cache_misses = 109561
preemptive halt, cache_misses = 109561
preemptive halt, cache_misses = 109561
preemptive halt, cache_misses = 109561
preemptive halt, cache_misses = 109561
preemptive halt, cache_misses = 109561
preemptive halt, cache_misses = 109561
preemptive halt, cache_misses = 109561
preemptive halt, cache_misses = 109561
preemptive halt, cache_misses = 109561
preemptive halt, cache_misses = 109561
preemptive halt, cache_misses = 109561
preemptive halt, cache_misses = 109561
preemptive halt, cache_misses = 109561
preemptive halt, cache_misses = 109561
preemptive halt, cache_misses = 109561
preemptive halt, cache_misses = 109561
preemptive halt, cache_misses = 109561
preemptive halt, cache_misses = 109561
preemptive halt, cache_misses = 109561
preemptive halt, cache_misses = 109561
preemptive halt, cache_misses = 109561
preemptive halt, cache_misses = 109561
preemptive halt, cache_misses = 109561
preemptive halt, cache_misses = 109561
preemptive halt, cache_misses = 109561
preemptive halt, cache_misses = 109561
preemptive halt, cache_misses = 109561
preemptive halt, cache_misses = 109561
preemptive halt, cache_misses = 109561
preemptive halt, cache_misses = 109561
preemptive halt, cache_misses = 109561
preemptive halt, cache_misses = 109561
preemptive halt, cache_misses = 109561
preemptive halt, cache_misses = 109561
preemptive halt, cache_misses = 109561
preemptive halt, cache_misses = 109561
preemptive halt, cache_misses = 109561
preemptive halt, cache_misses = 109561
binary search, size 25625  misses 109561  min 25000  max 26250
preemptive halt, cache_misses = 109562
preemptive halt, cache_misses = 109562
preemptive halt, cache_misses = 109562
preemptive halt, cache_misses = 109562
preemptive halt, cache_misses = 109562
preemptive halt, cache_misses = 109562
preemptive halt, cache_misses = 109562
preemptive halt, cache_misses = 109562
preemptive halt, cache_misses = 109562
preemptive halt, cache_misses = 109562
preemptive halt, cache_misses = 109562
preemptive halt, cache_misses = 109562
preemptive halt, cache_misses = 109562
preemptive halt, cache_misses = 109562
preemptive halt, cache_misses = 109562
preemptive halt, cache_misses = 109562
preemptive halt, cache_misses = 109562
preemptive halt, cache_misses = 109562
preemptive halt, cache_misses = 109562
preemptive halt, cache_misses = 109562
preemptive halt, cache_misses = 109562
preemptive halt, cache_misses = 109562
preemptive halt, cache_misses = 109562
preemptive halt, cache_misses = 109562
preemptive halt, cache_misses = 109562
preemptive halt, cache_misses = 109562
preemptive halt, cache_misses = 109562
preemptive halt, cache_misses = 109562
preemptive halt, cache_misses = 109562
preemptive halt, cache_misses = 109562
preemptive halt, cache_misses = 109562
preemptive halt, cache_misses = 109562
preemptive halt, cache_misses = 109562
preemptive halt, cache_misses = 109562
preemptive halt, cache_misses = 109562
preemptive halt, cache_misses = 109562
preemptive halt, cache_misses = 109562
preemptive halt, cache_misses = 109562
preemptive halt, cache_misses = 109562
preemptive halt, cache_misses = 109562
preemptive halt, cache_misses = 109562
preemptive halt, cache_misses = 109562
preemptive halt, cache_misses = 109562
preemptive halt, cache_misses = 109562
preemptive halt, cache_misses = 109562
preemptive halt, cache_misses = 109562
preemptive halt, cache_misses = 109562
preemptive halt, cache_misses = 109562
preemptive halt, cache_misses = 109562
preemptive halt, cache_misses = 109562
preemptive halt, cache_misses = 109562
preemptive halt, cache_misses = 109562
preemptive halt, cache_misses = 109562
preemptive halt, cache_misses = 109562
preemptive halt, cache_misses = 109562
preemptive halt, cache_misses = 109562
preemptive halt, cache_misses = 109562
preemptive halt, cache_misses = 109562
preemptive halt, cache_misses = 109562
preemptive halt, cache_misses = 109562
preemptive halt, cache_misses = 109562
preemptive halt, cache_misses = 109562
preemptive halt, cache_misses = 109562
preemptive halt, cache_misses = 109562
preemptive halt, cache_misses = 109562
preemptive halt, cache_misses = 109562
preemptive halt, cache_misses = 109562
preemptive halt, cache_misses = 109562
preemptive halt, cache_misses = 109562
preemptive halt, cache_misses = 109562
preemptive halt, cache_misses = 109562
preemptive halt, cache_misses = 109562
preemptive halt, cache_misses = 109562
preemptive halt, cache_misses = 109562
preemptive halt, cache_misses = 109562
preemptive halt, cache_misses = 109562
binary search, size 25937  misses 109562  min 25625  max 26250
preemptive halt, cache_misses = 109563
preemptive halt, cache_misses = 109563
preemptive halt, cache_misses = 109563
preemptive halt, cache_misses = 109563
preemptive halt, cache_misses = 109563
preemptive halt, cache_misses = 109563
preemptive halt, cache_misses = 109563
preemptive halt, cache_misses = 109563
preemptive halt, cache_misses = 109563
preemptive halt, cache_misses = 109563
preemptive halt, cache_misses = 109563
preemptive halt, cache_misses = 109563
preemptive halt, cache_misses = 109563
preemptive halt, cache_misses = 109563
preemptive halt, cache_misses = 109563
preemptive halt, cache_misses = 109563
preemptive halt, cache_misses = 109563
preemptive halt, cache_misses = 109563
preemptive halt, cache_misses = 109563
preemptive halt, cache_misses = 109563
preemptive halt, cache_misses = 109563
preemptive halt, cache_misses = 109563
preemptive halt, cache_misses = 109563
preemptive halt, cache_misses = 109563
preemptive halt, cache_misses = 109563
preemptive halt, cache_misses = 109563
preemptive halt, cache_misses = 109563
preemptive halt, cache_misses = 109563
preemptive halt, cache_misses = 109563
preemptive halt, cache_misses = 109563
preemptive halt, cache_misses = 109563
preemptive halt, cache_misses = 109563
preemptive halt, cache_misses = 109563
preemptive halt, cache_misses = 109563
preemptive halt, cache_misses = 109563
preemptive halt, cache_misses = 109563
preemptive halt, cache_misses = 109563
preemptive halt, cache_misses = 109563
preemptive halt, cache_misses = 109563
preemptive halt, cache_misses = 109563
preemptive halt, cache_misses = 109563
preemptive halt, cache_misses = 109563
preemptive halt, cache_misses = 109563
preemptive halt, cache_misses = 109563
preemptive halt, cache_misses = 109563
preemptive halt, cache_misses = 109563
preemptive halt, cache_misses = 109563
preemptive halt, cache_misses = 109563
preemptive halt, cache_misses = 109563
preemptive halt, cache_misses = 109563
preemptive halt, cache_misses = 109563
preemptive halt, cache_misses = 109563
preemptive halt, cache_misses = 109563
preemptive halt, cache_misses = 109563
preemptive halt, cache_misses = 109563
preemptive halt, cache_misses = 109563
preemptive halt, cache_misses = 109563
preemptive halt, cache_misses = 109563
preemptive halt, cache_misses = 109563
preemptive halt, cache_misses = 109563
preemptive halt, cache_misses = 109563
preemptive halt, cache_misses = 109563
preemptive halt, cache_misses = 109563
preemptive halt, cache_misses = 109563
preemptive halt, cache_misses = 109563
preemptive halt, cache_misses = 109563
preemptive halt, cache_misses = 109563
preemptive halt, cache_misses = 109563
preemptive halt, cache_misses = 109563
preemptive halt, cache_misses = 109563
preemptive halt, cache_misses = 109563
preemptive halt, cache_misses = 109563
preemptive halt, cache_misses = 109563
preemptive halt, cache_misses = 109563
preemptive halt, cache_misses = 109563
preemptive halt, cache_misses = 109563
preemptive halt, cache_misses = 109563
preemptive halt, cache_misses = 109563
binary search, size 26093  misses 109563  min 25937  max 26250
preemptive halt, cache_misses = 109564
preemptive halt, cache_misses = 109564
preemptive halt, cache_misses = 109564
preemptive halt, cache_misses = 109564
preemptive halt, cache_misses = 109564
preemptive halt, cache_misses = 109564
preemptive halt, cache_misses = 109564
preemptive halt, cache_misses = 109564
preemptive halt, cache_misses = 109564
preemptive halt, cache_misses = 109564
preemptive halt, cache_misses = 109564
preemptive halt, cache_misses = 109564
preemptive halt, cache_misses = 109564
preemptive halt, cache_misses = 109564
preemptive halt, cache_misses = 109564
preemptive halt, cache_misses = 109564
preemptive halt, cache_misses = 109564
preemptive halt, cache_misses = 109564
preemptive halt, cache_misses = 109564
preemptive halt, cache_misses = 109564
preemptive halt, cache_misses = 109564
preemptive halt, cache_misses = 109564
preemptive halt, cache_misses = 109564
preemptive halt, cache_misses = 109564
preemptive halt, cache_misses = 109564
preemptive halt, cache_misses = 109564
preemptive halt, cache_misses = 109564
preemptive halt, cache_misses = 109564
preemptive halt, cache_misses = 109564
preemptive halt, cache_misses = 109564
preemptive halt, cache_misses = 109564
preemptive halt, cache_misses = 109564
preemptive halt, cache_misses = 109564
preemptive halt, cache_misses = 109564
preemptive halt, cache_misses = 109564
preemptive halt, cache_misses = 109564
preemptive halt, cache_misses = 109564
preemptive halt, cache_misses = 109564
preemptive halt, cache_misses = 109564
preemptive halt, cache_misses = 109564
preemptive halt, cache_misses = 109564
preemptive halt, cache_misses = 109564
preemptive halt, cache_misses = 109564
preemptive halt, cache_misses = 109564
preemptive halt, cache_misses = 109564
preemptive halt, cache_misses = 109564
preemptive halt, cache_misses = 109564
preemptive halt, cache_misses = 109564
preemptive halt, cache_misses = 109564
preemptive halt, cache_misses = 109564
preemptive halt, cache_misses = 109564
preemptive halt, cache_misses = 109564
preemptive halt, cache_misses = 109564
preemptive halt, cache_misses = 109564
preemptive halt, cache_misses = 109564
preemptive halt, cache_misses = 109564
preemptive halt, cache_misses = 109564
preemptive halt, cache_misses = 109564
preemptive halt, cache_misses = 109564
preemptive halt, cache_misses = 109564
preemptive halt, cache_misses = 109564
preemptive halt, cache_misses = 109564
preemptive halt, cache_misses = 109564
preemptive halt, cache_misses = 109564
preemptive halt, cache_misses = 109564
preemptive halt, cache_misses = 109564
preemptive halt, cache_misses = 109564
preemptive halt, cache_misses = 109564
preemptive halt, cache_misses = 109564
preemptive halt, cache_misses = 109564
preemptive halt, cache_misses = 109564
preemptive halt, cache_misses = 109564
preemptive halt, cache_misses = 109564
preemptive halt, cache_misses = 109564
preemptive halt, cache_misses = 109564
preemptive halt, cache_misses = 109564
preemptive halt, cache_misses = 109564
preemptive halt, cache_misses = 109564
preemptive halt, cache_misses = 109564
preemptive halt, cache_misses = 109564
binary search, size 26171  misses 109564  min 26093  max 26250
binary search, size 26210  misses 109560  min 26171  max 26250
binary search, size 26190  misses 109560  min 26171  max 26210
preemptive halt, cache_misses = 109561
preemptive halt, cache_misses = 109561
preemptive halt, cache_misses = 109561
preemptive halt, cache_misses = 109561
preemptive halt, cache_misses = 109561
preemptive halt, cache_misses = 109561
preemptive halt, cache_misses = 109561
preemptive halt, cache_misses = 109561
preemptive halt, cache_misses = 109561
preemptive halt, cache_misses = 109561
preemptive halt, cache_misses = 109561
preemptive halt, cache_misses = 109561
preemptive halt, cache_misses = 109561
preemptive halt, cache_misses = 109561
preemptive halt, cache_misses = 109561
preemptive halt, cache_misses = 109561
preemptive halt, cache_misses = 109561
preemptive halt, cache_misses = 109561
preemptive halt, cache_misses = 109561
preemptive halt, cache_misses = 109561
preemptive halt, cache_misses = 109561
preemptive halt, cache_misses = 109561
preemptive halt, cache_misses = 109561
preemptive halt, cache_misses = 109561
preemptive halt, cache_misses = 109561
preemptive halt, cache_misses = 109561
preemptive halt, cache_misses = 109561
preemptive halt, cache_misses = 109561
preemptive halt, cache_misses = 109561
preemptive halt, cache_misses = 109561
preemptive halt, cache_misses = 109561
preemptive halt, cache_misses = 109561
preemptive halt, cache_misses = 109561
preemptive halt, cache_misses = 109561
preemptive halt, cache_misses = 109561
preemptive halt, cache_misses = 109561
preemptive halt, cache_misses = 109561
preemptive halt, cache_misses = 109561
preemptive halt, cache_misses = 109561
preemptive halt, cache_misses = 109561
preemptive halt, cache_misses = 109561
preemptive halt, cache_misses = 109561
preemptive halt, cache_misses = 109561
preemptive halt, cache_misses = 109561
preemptive halt, cache_misses = 109561
preemptive halt, cache_misses = 109561
preemptive halt, cache_misses = 109561
preemptive halt, cache_misses = 109561
preemptive halt, cache_misses = 109561
preemptive halt, cache_misses = 109561
preemptive halt, cache_misses = 109561
preemptive halt, cache_misses = 109561
preemptive halt, cache_misses = 109561
preemptive halt, cache_misses = 109561
preemptive halt, cache_misses = 109561
preemptive halt, cache_misses = 109561
preemptive halt, cache_misses = 109561
preemptive halt, cache_misses = 109561
preemptive halt, cache_misses = 109561
preemptive halt, cache_misses = 109561
preemptive halt, cache_misses = 109561
preemptive halt, cache_misses = 109561
preemptive halt, cache_misses = 109561
preemptive halt, cache_misses = 109561
preemptive halt, cache_misses = 109561
preemptive halt, cache_misses = 109561
preemptive halt, cache_misses = 109561
preemptive halt, cache_misses = 109561
preemptive halt, cache_misses = 109561
preemptive halt, cache_misses = 109561
preemptive halt, cache_misses = 109561
preemptive halt, cache_misses = 109561
preemptive halt, cache_misses = 109561
preemptive halt, cache_misses = 109561
binary search, size 26180  misses 109561  min 26171  max 26190
binary search, size 26185  misses 109560  min 26180  max 26190
preemptive halt, cache_misses = 109561
preemptive halt, cache_misses = 109561
preemptive halt, cache_misses = 109561
preemptive halt, cache_misses = 109561
preemptive halt, cache_misses = 109561
preemptive halt, cache_misses = 109561
preemptive halt, cache_misses = 109561
preemptive halt, cache_misses = 109561
preemptive halt, cache_misses = 109561
preemptive halt, cache_misses = 109561
preemptive halt, cache_misses = 109561
preemptive halt, cache_misses = 109561
preemptive halt, cache_misses = 109561
preemptive halt, cache_misses = 109561
preemptive halt, cache_misses = 109561
preemptive halt, cache_misses = 109561
preemptive halt, cache_misses = 109561
preemptive halt, cache_misses = 109561
preemptive halt, cache_misses = 109561
preemptive halt, cache_misses = 109561
preemptive halt, cache_misses = 109561
preemptive halt, cache_misses = 109561
preemptive halt, cache_misses = 109561
preemptive halt, cache_misses = 109561
preemptive halt, cache_misses = 109561
preemptive halt, cache_misses = 109561
preemptive halt, cache_misses = 109561
preemptive halt, cache_misses = 109561
preemptive halt, cache_misses = 109561
preemptive halt, cache_misses = 109561
preemptive halt, cache_misses = 109561
preemptive halt, cache_misses = 109561
preemptive halt, cache_misses = 109561
preemptive halt, cache_misses = 109561
preemptive halt, cache_misses = 109561
preemptive halt, cache_misses = 109561
preemptive halt, cache_misses = 109561
preemptive halt, cache_misses = 109561
preemptive halt, cache_misses = 109561
preemptive halt, cache_misses = 109561
preemptive halt, cache_misses = 109561
preemptive halt, cache_misses = 109561
preemptive halt, cache_misses = 109561
preemptive halt, cache_misses = 109561
preemptive halt, cache_misses = 109561
preemptive halt, cache_misses = 109561
preemptive halt, cache_misses = 109561
preemptive halt, cache_misses = 109561
preemptive halt, cache_misses = 109561
preemptive halt, cache_misses = 109561
preemptive halt, cache_misses = 109561
preemptive halt, cache_misses = 109561
preemptive halt, cache_misses = 109561
preemptive halt, cache_misses = 109561
preemptive halt, cache_misses = 109561
preemptive halt, cache_misses = 109561
preemptive halt, cache_misses = 109561
preemptive halt, cache_misses = 109561
preemptive halt, cache_misses = 109561
preemptive halt, cache_misses = 109561
preemptive halt, cache_misses = 109561
preemptive halt, cache_misses = 109561
preemptive halt, cache_misses = 109561
preemptive halt, cache_misses = 109561
preemptive halt, cache_misses = 109561
preemptive halt, cache_misses = 109561
preemptive halt, cache_misses = 109561
preemptive halt, cache_misses = 109561
preemptive halt, cache_misses = 109561
preemptive halt, cache_misses = 109561
preemptive halt, cache_misses = 109561
preemptive halt, cache_misses = 109561
preemptive halt, cache_misses = 109561
preemptive halt, cache_misses = 109561
binary search, size 26182  misses 109561  min 26180  max 26185
preemptive halt, cache_misses = 109562
preemptive halt, cache_misses = 109562
preemptive halt, cache_misses = 109562
preemptive halt, cache_misses = 109562
preemptive halt, cache_misses = 109562
preemptive halt, cache_misses = 109562
preemptive halt, cache_misses = 109562
preemptive halt, cache_misses = 109562
preemptive halt, cache_misses = 109562
preemptive halt, cache_misses = 109562
preemptive halt, cache_misses = 109562
preemptive halt, cache_misses = 109562
preemptive halt, cache_misses = 109562
preemptive halt, cache_misses = 109562
preemptive halt, cache_misses = 109562
preemptive halt, cache_misses = 109562
preemptive halt, cache_misses = 109562
preemptive halt, cache_misses = 109562
preemptive halt, cache_misses = 109562
preemptive halt, cache_misses = 109562
preemptive halt, cache_misses = 109562
preemptive halt, cache_misses = 109562
preemptive halt, cache_misses = 109562
preemptive halt, cache_misses = 109562
preemptive halt, cache_misses = 109562
preemptive halt, cache_misses = 109562
preemptive halt, cache_misses = 109562
preemptive halt, cache_misses = 109562
preemptive halt, cache_misses = 109562
preemptive halt, cache_misses = 109562
preemptive halt, cache_misses = 109562
preemptive halt, cache_misses = 109562
preemptive halt, cache_misses = 109562
preemptive halt, cache_misses = 109562
preemptive halt, cache_misses = 109562
preemptive halt, cache_misses = 109562
preemptive halt, cache_misses = 109562
preemptive halt, cache_misses = 109562
preemptive halt, cache_misses = 109562
preemptive halt, cache_misses = 109562
preemptive halt, cache_misses = 109562
preemptive halt, cache_misses = 109562
preemptive halt, cache_misses = 109562
preemptive halt, cache_misses = 109562
preemptive halt, cache_misses = 109562
preemptive halt, cache_misses = 109562
preemptive halt, cache_misses = 109562
preemptive halt, cache_misses = 109562
preemptive halt, cache_misses = 109562
preemptive halt, cache_misses = 109562
preemptive halt, cache_misses = 109562
preemptive halt, cache_misses = 109562
preemptive halt, cache_misses = 109562
preemptive halt, cache_misses = 109562
preemptive halt, cache_misses = 109562
preemptive halt, cache_misses = 109562
preemptive halt, cache_misses = 109562
preemptive halt, cache_misses = 109562
preemptive halt, cache_misses = 109562
preemptive halt, cache_misses = 109562
preemptive halt, cache_misses = 109562
preemptive halt, cache_misses = 109562
preemptive halt, cache_misses = 109562
preemptive halt, cache_misses = 109562
preemptive halt, cache_misses = 109562
preemptive halt, cache_misses = 109562
preemptive halt, cache_misses = 109562
preemptive halt, cache_misses = 109562
preemptive halt, cache_misses = 109562
preemptive halt, cache_misses = 109562
preemptive halt, cache_misses = 109562
preemptive halt, cache_misses = 109562
preemptive halt, cache_misses = 109562
preemptive halt, cache_misses = 109562
preemptive halt, cache_misses = 109562
preemptive halt, cache_misses = 109562
binary search, size 26183  misses 109562  min 26182  max 26185
preemptive halt, cache_misses = 109563
preemptive halt, cache_misses = 109563
preemptive halt, cache_misses = 109563
preemptive halt, cache_misses = 109563
preemptive halt, cache_misses = 109563
preemptive halt, cache_misses = 109563
preemptive halt, cache_misses = 109563
preemptive halt, cache_misses = 109563
preemptive halt, cache_misses = 109563
preemptive halt, cache_misses = 109563
preemptive halt, cache_misses = 109563
preemptive halt, cache_misses = 109563
preemptive halt, cache_misses = 109563
preemptive halt, cache_misses = 109563
preemptive halt, cache_misses = 109563
preemptive halt, cache_misses = 109563
preemptive halt, cache_misses = 109563
preemptive halt, cache_misses = 109563
preemptive halt, cache_misses = 109563
preemptive halt, cache_misses = 109563
preemptive halt, cache_misses = 109563
preemptive halt, cache_misses = 109563
preemptive halt, cache_misses = 109563
preemptive halt, cache_misses = 109563
preemptive halt, cache_misses = 109563
preemptive halt, cache_misses = 109563
preemptive halt, cache_misses = 109563
preemptive halt, cache_misses = 109563
preemptive halt, cache_misses = 109563
preemptive halt, cache_misses = 109563
preemptive halt, cache_misses = 109563
preemptive halt, cache_misses = 109563
preemptive halt, cache_misses = 109563
preemptive halt, cache_misses = 109563
preemptive halt, cache_misses = 109563
preemptive halt, cache_misses = 109563
preemptive halt, cache_misses = 109563
preemptive halt, cache_misses = 109563
preemptive halt, cache_misses = 109563
preemptive halt, cache_misses = 109563
preemptive halt, cache_misses = 109563
preemptive halt, cache_misses = 109563
preemptive halt, cache_misses = 109563
preemptive halt, cache_misses = 109563
preemptive halt, cache_misses = 109563
preemptive halt, cache_misses = 109563
preemptive halt, cache_misses = 109563
preemptive halt, cache_misses = 109563
preemptive halt, cache_misses = 109563
preemptive halt, cache_misses = 109563
preemptive halt, cache_misses = 109563
preemptive halt, cache_misses = 109563
preemptive halt, cache_misses = 109563
preemptive halt, cache_misses = 109563
preemptive halt, cache_misses = 109563
preemptive halt, cache_misses = 109563
preemptive halt, cache_misses = 109563
preemptive halt, cache_misses = 109563
preemptive halt, cache_misses = 109563
preemptive halt, cache_misses = 109563
preemptive halt, cache_misses = 109563
preemptive halt, cache_misses = 109563
preemptive halt, cache_misses = 109563
preemptive halt, cache_misses = 109563
preemptive halt, cache_misses = 109563
preemptive halt, cache_misses = 109563
preemptive halt, cache_misses = 109563
preemptive halt, cache_misses = 109563
preemptive halt, cache_misses = 109563
preemptive halt, cache_misses = 109563
preemptive halt, cache_misses = 109563
preemptive halt, cache_misses = 109563
preemptive halt, cache_misses = 109563
preemptive halt, cache_misses = 109563
preemptive halt, cache_misses = 109563
preemptive halt, cache_misses = 109563
preemptive halt, cache_misses = 109563
preemptive halt, cache_misses = 109563
binary search, size 26184  misses 109563  min 26183  max 26185
characteristic cache size (binary search) for 330 = 26185
End at: 2021-04-02 16:25:48.988392
Time elapsed: 0:00:02.078573
