Begin at: 2021-04-02 16:23:21.134067
['../dist/Debug/GNU-Linux/memo_batch_tester', '', '--mbt_execution_trace_fname', 'olcs4_traceback_csize_input_types/OLCS4_lru_2021_04_02__16_21_37_k_3__d_2_cache_size_160000_problems_10_to_400/OLCS4_lru_2021_04_02__16_21_37_k_3__d_2_cache_size_160000_problems_10_to_400/OLCS4__do_traceback_prob_size_239_cache_size_160000_lru_k_3_d_2_execution_trace_2021_4_2_16_23_21_pid_22583.log', '--mbt_cache_misses_fname', 'olcs4_traceback_csize_input_types/OLCS4_lru_2021_04_02__16_21_37_k_3__d_2_cache_size_160000_problems_10_to_400/lcs_cost_OLCS4_lru_misses_for_cache_size.csv', '--mbt_misses_for_problem_size_fname', 'olcs4_traceback_csize_input_types/OLCS4_lru_2021_04_02__16_21_37_k_3__d_2_cache_size_160000_problems_10_to_400/lcs_cost_OLCS4_lru_misses_for_problem_size.csv', '--mbt_exact_cutoff_min_cache_size', '160000', '--mbt_exact_cutoff_max_cache_size', '160000', '--mbt_problem_type', 'lcs', '--mbt_metric_type', 'csize_binary_search', '--mbt_cutoff_ratio', '2.2', '--mbt_instance_fname', '239', '--mbt_detailed_cache_misses_out_fname', 'csize_olcs4_traceback_0011n_ceil_n_b_8.csv', '--mbt_phi_N', '5.0', '--mbt_problem_size', '239', '--lcs_compute_length', '0', '--lcs_perform_traceback', '1', '--lig_instance_type', '0011n_ceil_n_b', '--lig_n', '239', '--lig_c', '0.9', '--lig_b', '8.0', '--lcs_oblivious', '4', '--lcs_execution_trace_fname', 'olcs4_traceback_csize_input_types/OLCS4_lru_2021_04_02__16_21_37_k_3__d_2_cache_size_160000_problems_10_to_400/OLCS4_lru_2021_04_02__16_21_37_k_3__d_2_cache_size_160000_problems_10_to_400/OLCS4__do_traceback_prob_size_239_cache_size_160000_lru_k_3_d_2_execution_trace_2021_4_2_16_23_21_pid_22583.log', '--memo_caching_strategy', 'lru', '--memo_cache_size', '160001', '--memo_lru_queue_size', '160000', '--memo_cuckoo_k', '4', '--memo_key_length', '8', '--memo_value_length', '8', '--memo_k_timestamps', '3', '--memo_d_recent_timestamps', '2', '--memo_a_items_per_timestamp_factor', '0.4375']

csize_binary_search chosen
lcs problem_type lcs cache_size 160001
initialize_long_int_cache begin
init_memo
arguments to memo:
 --mbt_execution_trace_fname olcs4_traceback_csize_input_types/OLCS4_lru_2021_04_02__16_21_37_k_3__d_2_cache_size_160000_problems_10_to_400/OLCS4_lru_2021_04_02__16_21_37_k_3__d_2_cache_size_160000_problems_10_to_400/OLCS4__do_traceback_prob_size_239_cache_size_160000_lru_k_3_d_2_execution_trace_2021_4_2_16_23_21_pid_22583.log --mbt_cache_misses_fname olcs4_traceback_csize_input_types/OLCS4_lru_2021_04_02__16_21_37_k_3__d_2_cache_size_160000_problems_10_to_400/lcs_cost_OLCS4_lru_misses_for_cache_size.csv --mbt_misses_for_problem_size_fname olcs4_traceback_csize_input_types/OLCS4_lru_2021_04_02__16_21_37_k_3__d_2_cache_size_160000_problems_10_to_400/lcs_cost_OLCS4_lru_misses_for_problem_size.csv --mbt_exact_cutoff_min_cache_size 160000 --mbt_exact_cutoff_max_cache_size 160000 --mbt_problem_type lcs --mbt_metric_type csize_binary_search --mbt_cutoff_ratio 2.2 --mbt_instance_fname 239 --mbt_detailed_cache_misses_out_fname csize_olcs4_traceback_0011n_ceil_n_b_8.csv --mbt_phi_N 5.0 --mbt_problem_size 239 --lcs_compute_length 0 --lcs_perform_traceback 1 --lig_instance_type 0011n_ceil_n_b --lig_n 239 --lig_c 0.9 --lig_b 8.0 --lcs_oblivious 4 --lcs_execution_trace_fname olcs4_traceback_csize_input_types/OLCS4_lru_2021_04_02__16_21_37_k_3__d_2_cache_size_160000_problems_10_to_400/OLCS4_lru_2021_04_02__16_21_37_k_3__d_2_cache_size_160000_problems_10_to_400/OLCS4__do_traceback_prob_size_239_cache_size_160000_lru_k_3_d_2_execution_trace_2021_4_2_16_23_21_pid_22583.log --memo_caching_strategy lru --memo_cache_size 160001 --memo_lru_queue_size 160000 --memo_cuckoo_k 4 --memo_key_length 8 --memo_value_length 8 --memo_k_timestamps 3 --memo_d_recent_timestamps 2 --memo_a_items_per_timestamp_factor 0.4375 
calculate_table_size: table_size is 262144, original is 160001
Finished initializing cache
initialize_long_int_cache end
done initializing cache
initializing problem
done initializing problem
commence trials
Starting characteristic_cache_size_binary_search with max cache size 160001
binary search, size 160001  misses 57599
binary search, size 80000  misses 57599  min 0  max 160001
binary search, size 40000  misses 57599  min 0  max 80000
binary search, size 20000  misses 57599  min 0  max 40000
preemptive halt, cache_misses = 57600
preemptive halt, cache_misses = 57600
preemptive halt, cache_misses = 57600
preemptive halt, cache_misses = 57600
preemptive halt, cache_misses = 57600
preemptive halt, cache_misses = 57600
preemptive halt, cache_misses = 57600
preemptive halt, cache_misses = 57600
preemptive halt, cache_misses = 57600
preemptive halt, cache_misses = 57600
preemptive halt, cache_misses = 57600
preemptive halt, cache_misses = 57600
preemptive halt, cache_misses = 57600
preemptive halt, cache_misses = 57600
preemptive halt, cache_misses = 57600
preemptive halt, cache_misses = 57600
preemptive halt, cache_misses = 57600
preemptive halt, cache_misses = 57600
preemptive halt, cache_misses = 57600
preemptive halt, cache_misses = 57600
preemptive halt, cache_misses = 57600
preemptive halt, cache_misses = 57600
preemptive halt, cache_misses = 57600
preemptive halt, cache_misses = 57600
preemptive halt, cache_misses = 57600
preemptive halt, cache_misses = 57600
preemptive halt, cache_misses = 57600
preemptive halt, cache_misses = 57600
preemptive halt, cache_misses = 57600
preemptive halt, cache_misses = 57600
preemptive halt, cache_misses = 57600
preemptive halt, cache_misses = 57600
preemptive halt, cache_misses = 57600
preemptive halt, cache_misses = 57600
preemptive halt, cache_misses = 57600
preemptive halt, cache_misses = 57600
preemptive halt, cache_misses = 57600
preemptive halt, cache_misses = 57600
preemptive halt, cache_misses = 57600
preemptive halt, cache_misses = 57600
preemptive halt, cache_misses = 57600
preemptive halt, cache_misses = 57600
preemptive halt, cache_misses = 57600
preemptive halt, cache_misses = 57600
preemptive halt, cache_misses = 57600
preemptive halt, cache_misses = 57600
preemptive halt, cache_misses = 57600
preemptive halt, cache_misses = 57600
preemptive halt, cache_misses = 57600
preemptive halt, cache_misses = 57600
preemptive halt, cache_misses = 57600
preemptive halt, cache_misses = 57600
preemptive halt, cache_misses = 57600
preemptive halt, cache_misses = 57600
preemptive halt, cache_misses = 57600
preemptive halt, cache_misses = 57600
preemptive halt, cache_misses = 57600
preemptive halt, cache_misses = 57600
preemptive halt, cache_misses = 57600
preemptive halt, cache_misses = 57600
binary search, size 10000  misses 57600  min 0  max 20000
binary search, size 15000  misses 57599  min 10000  max 20000
preemptive halt, cache_misses = 57600
preemptive halt, cache_misses = 57600
preemptive halt, cache_misses = 57600
preemptive halt, cache_misses = 57600
preemptive halt, cache_misses = 57600
preemptive halt, cache_misses = 57600
preemptive halt, cache_misses = 57600
preemptive halt, cache_misses = 57600
preemptive halt, cache_misses = 57600
preemptive halt, cache_misses = 57600
preemptive halt, cache_misses = 57600
preemptive halt, cache_misses = 57600
preemptive halt, cache_misses = 57600
preemptive halt, cache_misses = 57600
preemptive halt, cache_misses = 57600
preemptive halt, cache_misses = 57600
preemptive halt, cache_misses = 57600
preemptive halt, cache_misses = 57600
preemptive halt, cache_misses = 57600
preemptive halt, cache_misses = 57600
preemptive halt, cache_misses = 57600
preemptive halt, cache_misses = 57600
preemptive halt, cache_misses = 57600
preemptive halt, cache_misses = 57600
preemptive halt, cache_misses = 57600
preemptive halt, cache_misses = 57600
preemptive halt, cache_misses = 57600
preemptive halt, cache_misses = 57600
preemptive halt, cache_misses = 57600
preemptive halt, cache_misses = 57600
preemptive halt, cache_misses = 57600
preemptive halt, cache_misses = 57600
preemptive halt, cache_misses = 57600
preemptive halt, cache_misses = 57600
preemptive halt, cache_misses = 57600
preemptive halt, cache_misses = 57600
preemptive halt, cache_misses = 57600
preemptive halt, cache_misses = 57600
preemptive halt, cache_misses = 57600
preemptive halt, cache_misses = 57600
preemptive halt, cache_misses = 57600
preemptive halt, cache_misses = 57600
preemptive halt, cache_misses = 57600
preemptive halt, cache_misses = 57600
preemptive halt, cache_misses = 57600
preemptive halt, cache_misses = 57600
preemptive halt, cache_misses = 57600
preemptive halt, cache_misses = 57600
preemptive halt, cache_misses = 57600
preemptive halt, cache_misses = 57600
preemptive halt, cache_misses = 57600
preemptive halt, cache_misses = 57600
preemptive halt, cache_misses = 57600
preemptive halt, cache_misses = 57600
preemptive halt, cache_misses = 57600
preemptive halt, cache_misses = 57600
preemptive halt, cache_misses = 57600
preemptive halt, cache_misses = 57600
preemptive halt, cache_misses = 57600
preemptive halt, cache_misses = 57600
binary search, size 12500  misses 57600  min 10000  max 15000
preemptive halt, cache_misses = 57601
preemptive halt, cache_misses = 57601
preemptive halt, cache_misses = 57601
preemptive halt, cache_misses = 57601
preemptive halt, cache_misses = 57601
preemptive halt, cache_misses = 57601
preemptive halt, cache_misses = 57601
preemptive halt, cache_misses = 57601
preemptive halt, cache_misses = 57601
preemptive halt, cache_misses = 57601
preemptive halt, cache_misses = 57601
preemptive halt, cache_misses = 57601
preemptive halt, cache_misses = 57601
preemptive halt, cache_misses = 57601
preemptive halt, cache_misses = 57601
preemptive halt, cache_misses = 57601
preemptive halt, cache_misses = 57601
preemptive halt, cache_misses = 57601
preemptive halt, cache_misses = 57601
preemptive halt, cache_misses = 57601
preemptive halt, cache_misses = 57601
preemptive halt, cache_misses = 57601
preemptive halt, cache_misses = 57601
preemptive halt, cache_misses = 57601
preemptive halt, cache_misses = 57601
preemptive halt, cache_misses = 57601
preemptive halt, cache_misses = 57601
preemptive halt, cache_misses = 57601
preemptive halt, cache_misses = 57601
preemptive halt, cache_misses = 57601
preemptive halt, cache_misses = 57601
preemptive halt, cache_misses = 57601
preemptive halt, cache_misses = 57601
preemptive halt, cache_misses = 57601
preemptive halt, cache_misses = 57601
preemptive halt, cache_misses = 57601
preemptive halt, cache_misses = 57601
preemptive halt, cache_misses = 57601
preemptive halt, cache_misses = 57601
preemptive halt, cache_misses = 57601
preemptive halt, cache_misses = 57601
preemptive halt, cache_misses = 57601
preemptive halt, cache_misses = 57601
preemptive halt, cache_misses = 57601
preemptive halt, cache_misses = 57601
preemptive halt, cache_misses = 57601
preemptive halt, cache_misses = 57601
preemptive halt, cache_misses = 57601
preemptive halt, cache_misses = 57601
preemptive halt, cache_misses = 57601
preemptive halt, cache_misses = 57601
preemptive halt, cache_misses = 57601
preemptive halt, cache_misses = 57601
preemptive halt, cache_misses = 57601
preemptive halt, cache_misses = 57601
preemptive halt, cache_misses = 57601
preemptive halt, cache_misses = 57601
preemptive halt, cache_misses = 57601
preemptive halt, cache_misses = 57601
preemptive halt, cache_misses = 57601
preemptive halt, cache_misses = 57601
preemptive halt, cache_misses = 57601
binary search, size 13750  misses 57601  min 12500  max 15000
preemptive halt, cache_misses = 57602
preemptive halt, cache_misses = 57602
preemptive halt, cache_misses = 57602
preemptive halt, cache_misses = 57602
preemptive halt, cache_misses = 57602
preemptive halt, cache_misses = 57602
preemptive halt, cache_misses = 57602
preemptive halt, cache_misses = 57602
preemptive halt, cache_misses = 57602
preemptive halt, cache_misses = 57602
preemptive halt, cache_misses = 57602
preemptive halt, cache_misses = 57602
preemptive halt, cache_misses = 57602
preemptive halt, cache_misses = 57602
preemptive halt, cache_misses = 57602
preemptive halt, cache_misses = 57602
preemptive halt, cache_misses = 57602
preemptive halt, cache_misses = 57602
preemptive halt, cache_misses = 57602
preemptive halt, cache_misses = 57602
preemptive halt, cache_misses = 57602
preemptive halt, cache_misses = 57602
preemptive halt, cache_misses = 57602
preemptive halt, cache_misses = 57602
preemptive halt, cache_misses = 57602
preemptive halt, cache_misses = 57602
preemptive halt, cache_misses = 57602
preemptive halt, cache_misses = 57602
preemptive halt, cache_misses = 57602
preemptive halt, cache_misses = 57602
preemptive halt, cache_misses = 57602
preemptive halt, cache_misses = 57602
preemptive halt, cache_misses = 57602
preemptive halt, cache_misses = 57602
preemptive halt, cache_misses = 57602
preemptive halt, cache_misses = 57602
preemptive halt, cache_misses = 57602
preemptive halt, cache_misses = 57602
preemptive halt, cache_misses = 57602
preemptive halt, cache_misses = 57602
preemptive halt, cache_misses = 57602
preemptive halt, cache_misses = 57602
preemptive halt, cache_misses = 57602
preemptive halt, cache_misses = 57602
preemptive halt, cache_misses = 57602
preemptive halt, cache_misses = 57602
preemptive halt, cache_misses = 57602
preemptive halt, cache_misses = 57602
preemptive halt, cache_misses = 57602
preemptive halt, cache_misses = 57602
preemptive halt, cache_misses = 57602
preemptive halt, cache_misses = 57602
preemptive halt, cache_misses = 57602
preemptive halt, cache_misses = 57602
preemptive halt, cache_misses = 57602
preemptive halt, cache_misses = 57602
preemptive halt, cache_misses = 57602
preemptive halt, cache_misses = 57602
preemptive halt, cache_misses = 57602
preemptive halt, cache_misses = 57602
preemptive halt, cache_misses = 57602
preemptive halt, cache_misses = 57602
preemptive halt, cache_misses = 57602
preemptive halt, cache_misses = 57602
binary search, size 14375  misses 57602  min 13750  max 15000
binary search, size 14687  misses 57599  min 14375  max 15000
binary search, size 14531  misses 57599  min 14375  max 14687
binary search, size 14453  misses 57599  min 14375  max 14531
preemptive halt, cache_misses = 57600
preemptive halt, cache_misses = 57600
preemptive halt, cache_misses = 57600
preemptive halt, cache_misses = 57600
preemptive halt, cache_misses = 57600
preemptive halt, cache_misses = 57600
preemptive halt, cache_misses = 57600
preemptive halt, cache_misses = 57600
preemptive halt, cache_misses = 57600
preemptive halt, cache_misses = 57600
preemptive halt, cache_misses = 57600
preemptive halt, cache_misses = 57600
preemptive halt, cache_misses = 57600
preemptive halt, cache_misses = 57600
preemptive halt, cache_misses = 57600
preemptive halt, cache_misses = 57600
preemptive halt, cache_misses = 57600
preemptive halt, cache_misses = 57600
preemptive halt, cache_misses = 57600
preemptive halt, cache_misses = 57600
preemptive halt, cache_misses = 57600
preemptive halt, cache_misses = 57600
preemptive halt, cache_misses = 57600
preemptive halt, cache_misses = 57600
preemptive halt, cache_misses = 57600
preemptive halt, cache_misses = 57600
preemptive halt, cache_misses = 57600
preemptive halt, cache_misses = 57600
preemptive halt, cache_misses = 57600
preemptive halt, cache_misses = 57600
preemptive halt, cache_misses = 57600
preemptive halt, cache_misses = 57600
preemptive halt, cache_misses = 57600
preemptive halt, cache_misses = 57600
preemptive halt, cache_misses = 57600
preemptive halt, cache_misses = 57600
preemptive halt, cache_misses = 57600
preemptive halt, cache_misses = 57600
preemptive halt, cache_misses = 57600
preemptive halt, cache_misses = 57600
preemptive halt, cache_misses = 57600
preemptive halt, cache_misses = 57600
preemptive halt, cache_misses = 57600
preemptive halt, cache_misses = 57600
preemptive halt, cache_misses = 57600
preemptive halt, cache_misses = 57600
preemptive halt, cache_misses = 57600
preemptive halt, cache_misses = 57600
preemptive halt, cache_misses = 57600
preemptive halt, cache_misses = 57600
preemptive halt, cache_misses = 57600
preemptive halt, cache_misses = 57600
preemptive halt, cache_misses = 57600
preemptive halt, cache_misses = 57600
preemptive halt, cache_misses = 57600
preemptive halt, cache_misses = 57600
preemptive halt, cache_misses = 57600
preemptive halt, cache_misses = 57600
preemptive halt, cache_misses = 57600
preemptive halt, cache_misses = 57600
binary search, size 14414  misses 57600  min 14375  max 14453
binary search, size 14433  misses 57599  min 14414  max 14453
preemptive halt, cache_misses = 57600
preemptive halt, cache_misses = 57600
preemptive halt, cache_misses = 57600
preemptive halt, cache_misses = 57600
preemptive halt, cache_misses = 57600
preemptive halt, cache_misses = 57600
preemptive halt, cache_misses = 57600
preemptive halt, cache_misses = 57600
preemptive halt, cache_misses = 57600
preemptive halt, cache_misses = 57600
preemptive halt, cache_misses = 57600
preemptive halt, cache_misses = 57600
preemptive halt, cache_misses = 57600
preemptive halt, cache_misses = 57600
preemptive halt, cache_misses = 57600
preemptive halt, cache_misses = 57600
preemptive halt, cache_misses = 57600
preemptive halt, cache_misses = 57600
preemptive halt, cache_misses = 57600
preemptive halt, cache_misses = 57600
preemptive halt, cache_misses = 57600
preemptive halt, cache_misses = 57600
preemptive halt, cache_misses = 57600
preemptive halt, cache_misses = 57600
preemptive halt, cache_misses = 57600
preemptive halt, cache_misses = 57600
preemptive halt, cache_misses = 57600
preemptive halt, cache_misses = 57600
preemptive halt, cache_misses = 57600
preemptive halt, cache_misses = 57600
preemptive halt, cache_misses = 57600
preemptive halt, cache_misses = 57600
preemptive halt, cache_misses = 57600
preemptive halt, cache_misses = 57600
preemptive halt, cache_misses = 57600
preemptive halt, cache_misses = 57600
preemptive halt, cache_misses = 57600
preemptive halt, cache_misses = 57600
preemptive halt, cache_misses = 57600
preemptive halt, cache_misses = 57600
preemptive halt, cache_misses = 57600
preemptive halt, cache_misses = 57600
preemptive halt, cache_misses = 57600
preemptive halt, cache_misses = 57600
preemptive halt, cache_misses = 57600
preemptive halt, cache_misses = 57600
preemptive halt, cache_misses = 57600
preemptive halt, cache_misses = 57600
preemptive halt, cache_misses = 57600
preemptive halt, cache_misses = 57600
preemptive halt, cache_misses = 57600
preemptive halt, cache_misses = 57600
preemptive halt, cache_misses = 57600
preemptive halt, cache_misses = 57600
preemptive halt, cache_misses = 57600
preemptive halt, cache_misses = 57600
preemptive halt, cache_misses = 57600
preemptive halt, cache_misses = 57600
preemptive halt, cache_misses = 57600
preemptive halt, cache_misses = 57600
binary search, size 14423  misses 57600  min 14414  max 14433
preemptive halt, cache_misses = 57601
preemptive halt, cache_misses = 57601
preemptive halt, cache_misses = 57601
preemptive halt, cache_misses = 57601
preemptive halt, cache_misses = 57601
preemptive halt, cache_misses = 57601
preemptive halt, cache_misses = 57601
preemptive halt, cache_misses = 57601
preemptive halt, cache_misses = 57601
preemptive halt, cache_misses = 57601
preemptive halt, cache_misses = 57601
preemptive halt, cache_misses = 57601
preemptive halt, cache_misses = 57601
preemptive halt, cache_misses = 57601
preemptive halt, cache_misses = 57601
preemptive halt, cache_misses = 57601
preemptive halt, cache_misses = 57601
preemptive halt, cache_misses = 57601
preemptive halt, cache_misses = 57601
preemptive halt, cache_misses = 57601
preemptive halt, cache_misses = 57601
preemptive halt, cache_misses = 57601
preemptive halt, cache_misses = 57601
preemptive halt, cache_misses = 57601
preemptive halt, cache_misses = 57601
preemptive halt, cache_misses = 57601
preemptive halt, cache_misses = 57601
preemptive halt, cache_misses = 57601
preemptive halt, cache_misses = 57601
preemptive halt, cache_misses = 57601
preemptive halt, cache_misses = 57601
preemptive halt, cache_misses = 57601
preemptive halt, cache_misses = 57601
preemptive halt, cache_misses = 57601
preemptive halt, cache_misses = 57601
preemptive halt, cache_misses = 57601
preemptive halt, cache_misses = 57601
preemptive halt, cache_misses = 57601
preemptive halt, cache_misses = 57601
preemptive halt, cache_misses = 57601
preemptive halt, cache_misses = 57601
preemptive halt, cache_misses = 57601
preemptive halt, cache_misses = 57601
preemptive halt, cache_misses = 57601
preemptive halt, cache_misses = 57601
preemptive halt, cache_misses = 57601
preemptive halt, cache_misses = 57601
preemptive halt, cache_misses = 57601
preemptive halt, cache_misses = 57601
preemptive halt, cache_misses = 57601
preemptive halt, cache_misses = 57601
preemptive halt, cache_misses = 57601
preemptive halt, cache_misses = 57601
preemptive halt, cache_misses = 57601
preemptive halt, cache_misses = 57601
preemptive halt, cache_misses = 57601
preemptive halt, cache_misses = 57601
preemptive halt, cache_misses = 57601
preemptive halt, cache_misses = 57601
preemptive halt, cache_misses = 57601
preemptive halt, cache_misses = 57601
preemptive halt, cache_misses = 57601
binary search, size 14428  misses 57601  min 14423  max 14433
binary search, size 14430  misses 57599  min 14428  max 14433
binary search, size 14429  misses 57599  min 14428  max 14430
characteristic cache size (binary search) for 239 = 14429
End at: 2021-04-02 16:23:22.186145
Time elapsed: 0:00:01.052094
