Begin at: 2021-04-02 16:25:03.172601
['../dist/Debug/GNU-Linux/memo_batch_tester', '', '--mbt_execution_trace_fname', 'olcs4_traceback_csize_input_types/OLCS4_lru_2021_04_02__16_21_37_k_3__d_2_cache_size_160000_problems_10_to_400/OLCS4_lru_2021_04_02__16_21_37_k_3__d_2_cache_size_160000_problems_10_to_400/OLCS4__do_traceback_prob_size_307_cache_size_160000_lru_k_3_d_2_execution_trace_2021_4_2_16_25_3_pid_22734.log', '--mbt_cache_misses_fname', 'olcs4_traceback_csize_input_types/OLCS4_lru_2021_04_02__16_21_37_k_3__d_2_cache_size_160000_problems_10_to_400/lcs_cost_OLCS4_lru_misses_for_cache_size.csv', '--mbt_misses_for_problem_size_fname', 'olcs4_traceback_csize_input_types/OLCS4_lru_2021_04_02__16_21_37_k_3__d_2_cache_size_160000_problems_10_to_400/lcs_cost_OLCS4_lru_misses_for_problem_size.csv', '--mbt_exact_cutoff_min_cache_size', '160000', '--mbt_exact_cutoff_max_cache_size', '160000', '--mbt_problem_type', 'lcs', '--mbt_metric_type', 'csize_binary_search', '--mbt_cutoff_ratio', '2.2', '--mbt_instance_fname', '307', '--mbt_detailed_cache_misses_out_fname', 'csize_olcs4_traceback_0011n_ceil_n_b_8.csv', '--mbt_phi_N', '5.0', '--mbt_problem_size', '307', '--lcs_compute_length', '0', '--lcs_perform_traceback', '1', '--lig_instance_type', '0011n_ceil_n_b', '--lig_n', '307', '--lig_c', '0.9', '--lig_b', '8.0', '--lcs_oblivious', '4', '--lcs_execution_trace_fname', 'olcs4_traceback_csize_input_types/OLCS4_lru_2021_04_02__16_21_37_k_3__d_2_cache_size_160000_problems_10_to_400/OLCS4_lru_2021_04_02__16_21_37_k_3__d_2_cache_size_160000_problems_10_to_400/OLCS4__do_traceback_prob_size_307_cache_size_160000_lru_k_3_d_2_execution_trace_2021_4_2_16_25_3_pid_22734.log', '--memo_caching_strategy', 'lru', '--memo_cache_size', '160001', '--memo_lru_queue_size', '160000', '--memo_cuckoo_k', '4', '--memo_key_length', '8', '--memo_value_length', '8', '--memo_k_timestamps', '3', '--memo_d_recent_timestamps', '2', '--memo_a_items_per_timestamp_factor', '0.4375']

csize_binary_search chosen
lcs problem_type lcs cache_size 160001
initialize_long_int_cache begin
init_memo
arguments to memo:
 --mbt_execution_trace_fname olcs4_traceback_csize_input_types/OLCS4_lru_2021_04_02__16_21_37_k_3__d_2_cache_size_160000_problems_10_to_400/OLCS4_lru_2021_04_02__16_21_37_k_3__d_2_cache_size_160000_problems_10_to_400/OLCS4__do_traceback_prob_size_307_cache_size_160000_lru_k_3_d_2_execution_trace_2021_4_2_16_25_3_pid_22734.log --mbt_cache_misses_fname olcs4_traceback_csize_input_types/OLCS4_lru_2021_04_02__16_21_37_k_3__d_2_cache_size_160000_problems_10_to_400/lcs_cost_OLCS4_lru_misses_for_cache_size.csv --mbt_misses_for_problem_size_fname olcs4_traceback_csize_input_types/OLCS4_lru_2021_04_02__16_21_37_k_3__d_2_cache_size_160000_problems_10_to_400/lcs_cost_OLCS4_lru_misses_for_problem_size.csv --mbt_exact_cutoff_min_cache_size 160000 --mbt_exact_cutoff_max_cache_size 160000 --mbt_problem_type lcs --mbt_metric_type csize_binary_search --mbt_cutoff_ratio 2.2 --mbt_instance_fname 307 --mbt_detailed_cache_misses_out_fname csize_olcs4_traceback_0011n_ceil_n_b_8.csv --mbt_phi_N 5.0 --mbt_problem_size 307 --lcs_compute_length 0 --lcs_perform_traceback 1 --lig_instance_type 0011n_ceil_n_b --lig_n 307 --lig_c 0.9 --lig_b 8.0 --lcs_oblivious 4 --lcs_execution_trace_fname olcs4_traceback_csize_input_types/OLCS4_lru_2021_04_02__16_21_37_k_3__d_2_cache_size_160000_problems_10_to_400/OLCS4_lru_2021_04_02__16_21_37_k_3__d_2_cache_size_160000_problems_10_to_400/OLCS4__do_traceback_prob_size_307_cache_size_160000_lru_k_3_d_2_execution_trace_2021_4_2_16_25_3_pid_22734.log --memo_caching_strategy lru --memo_cache_size 160001 --memo_lru_queue_size 160000 --memo_cuckoo_k 4 --memo_key_length 8 --memo_value_length 8 --memo_k_timestamps 3 --memo_d_recent_timestamps 2 --memo_a_items_per_timestamp_factor 0.4375 
calculate_table_size: table_size is 262144, original is 160001
Finished initializing cache
initialize_long_int_cache end
done initializing cache
initializing problem
done initializing problem
commence trials
Starting characteristic_cache_size_binary_search with max cache size 160001
binary search, size 160001  misses 94863
binary search, size 80000  misses 94863  min 0  max 160001
binary search, size 40000  misses 94863  min 0  max 80000
preemptive halt, cache_misses = 94864
preemptive halt, cache_misses = 94864
preemptive halt, cache_misses = 94864
preemptive halt, cache_misses = 94864
preemptive halt, cache_misses = 94864
preemptive halt, cache_misses = 94864
preemptive halt, cache_misses = 94864
preemptive halt, cache_misses = 94864
preemptive halt, cache_misses = 94864
preemptive halt, cache_misses = 94864
preemptive halt, cache_misses = 94864
preemptive halt, cache_misses = 94864
preemptive halt, cache_misses = 94864
preemptive halt, cache_misses = 94864
preemptive halt, cache_misses = 94864
preemptive halt, cache_misses = 94864
preemptive halt, cache_misses = 94864
preemptive halt, cache_misses = 94864
preemptive halt, cache_misses = 94864
preemptive halt, cache_misses = 94864
preemptive halt, cache_misses = 94864
preemptive halt, cache_misses = 94864
preemptive halt, cache_misses = 94864
preemptive halt, cache_misses = 94864
preemptive halt, cache_misses = 94864
preemptive halt, cache_misses = 94864
preemptive halt, cache_misses = 94864
preemptive halt, cache_misses = 94864
preemptive halt, cache_misses = 94864
preemptive halt, cache_misses = 94864
preemptive halt, cache_misses = 94864
preemptive halt, cache_misses = 94864
preemptive halt, cache_misses = 94864
preemptive halt, cache_misses = 94864
preemptive halt, cache_misses = 94864
preemptive halt, cache_misses = 94864
preemptive halt, cache_misses = 94864
preemptive halt, cache_misses = 94864
preemptive halt, cache_misses = 94864
preemptive halt, cache_misses = 94864
preemptive halt, cache_misses = 94864
preemptive halt, cache_misses = 94864
preemptive halt, cache_misses = 94864
preemptive halt, cache_misses = 94864
preemptive halt, cache_misses = 94864
preemptive halt, cache_misses = 94864
preemptive halt, cache_misses = 94864
preemptive halt, cache_misses = 94864
preemptive halt, cache_misses = 94864
preemptive halt, cache_misses = 94864
preemptive halt, cache_misses = 94864
preemptive halt, cache_misses = 94864
preemptive halt, cache_misses = 94864
preemptive halt, cache_misses = 94864
preemptive halt, cache_misses = 94864
preemptive halt, cache_misses = 94864
preemptive halt, cache_misses = 94864
preemptive halt, cache_misses = 94864
preemptive halt, cache_misses = 94864
preemptive halt, cache_misses = 94864
preemptive halt, cache_misses = 94864
preemptive halt, cache_misses = 94864
preemptive halt, cache_misses = 94864
preemptive halt, cache_misses = 94864
preemptive halt, cache_misses = 94864
preemptive halt, cache_misses = 94864
preemptive halt, cache_misses = 94864
preemptive halt, cache_misses = 94864
preemptive halt, cache_misses = 94864
preemptive halt, cache_misses = 94864
binary search, size 20000  misses 94864  min 0  max 40000
binary search, size 30000  misses 94863  min 20000  max 40000
binary search, size 25000  misses 94863  min 20000  max 30000
preemptive halt, cache_misses = 94864
preemptive halt, cache_misses = 94864
preemptive halt, cache_misses = 94864
preemptive halt, cache_misses = 94864
preemptive halt, cache_misses = 94864
preemptive halt, cache_misses = 94864
preemptive halt, cache_misses = 94864
preemptive halt, cache_misses = 94864
preemptive halt, cache_misses = 94864
preemptive halt, cache_misses = 94864
preemptive halt, cache_misses = 94864
preemptive halt, cache_misses = 94864
preemptive halt, cache_misses = 94864
preemptive halt, cache_misses = 94864
preemptive halt, cache_misses = 94864
preemptive halt, cache_misses = 94864
preemptive halt, cache_misses = 94864
preemptive halt, cache_misses = 94864
preemptive halt, cache_misses = 94864
preemptive halt, cache_misses = 94864
preemptive halt, cache_misses = 94864
preemptive halt, cache_misses = 94864
preemptive halt, cache_misses = 94864
preemptive halt, cache_misses = 94864
preemptive halt, cache_misses = 94864
preemptive halt, cache_misses = 94864
preemptive halt, cache_misses = 94864
preemptive halt, cache_misses = 94864
preemptive halt, cache_misses = 94864
preemptive halt, cache_misses = 94864
preemptive halt, cache_misses = 94864
preemptive halt, cache_misses = 94864
preemptive halt, cache_misses = 94864
preemptive halt, cache_misses = 94864
preemptive halt, cache_misses = 94864
preemptive halt, cache_misses = 94864
preemptive halt, cache_misses = 94864
preemptive halt, cache_misses = 94864
preemptive halt, cache_misses = 94864
preemptive halt, cache_misses = 94864
preemptive halt, cache_misses = 94864
preemptive halt, cache_misses = 94864
preemptive halt, cache_misses = 94864
preemptive halt, cache_misses = 94864
preemptive halt, cache_misses = 94864
preemptive halt, cache_misses = 94864
preemptive halt, cache_misses = 94864
preemptive halt, cache_misses = 94864
preemptive halt, cache_misses = 94864
preemptive halt, cache_misses = 94864
preemptive halt, cache_misses = 94864
preemptive halt, cache_misses = 94864
preemptive halt, cache_misses = 94864
preemptive halt, cache_misses = 94864
preemptive halt, cache_misses = 94864
preemptive halt, cache_misses = 94864
preemptive halt, cache_misses = 94864
preemptive halt, cache_misses = 94864
preemptive halt, cache_misses = 94864
preemptive halt, cache_misses = 94864
preemptive halt, cache_misses = 94864
preemptive halt, cache_misses = 94864
preemptive halt, cache_misses = 94864
preemptive halt, cache_misses = 94864
preemptive halt, cache_misses = 94864
preemptive halt, cache_misses = 94864
preemptive halt, cache_misses = 94864
preemptive halt, cache_misses = 94864
preemptive halt, cache_misses = 94864
preemptive halt, cache_misses = 94864
binary search, size 22500  misses 94864  min 20000  max 25000
binary search, size 23750  misses 94863  min 22500  max 25000
binary search, size 23125  misses 94863  min 22500  max 23750
preemptive halt, cache_misses = 94864
preemptive halt, cache_misses = 94864
preemptive halt, cache_misses = 94864
preemptive halt, cache_misses = 94864
preemptive halt, cache_misses = 94864
preemptive halt, cache_misses = 94864
preemptive halt, cache_misses = 94864
preemptive halt, cache_misses = 94864
preemptive halt, cache_misses = 94864
preemptive halt, cache_misses = 94864
preemptive halt, cache_misses = 94864
preemptive halt, cache_misses = 94864
preemptive halt, cache_misses = 94864
preemptive halt, cache_misses = 94864
preemptive halt, cache_misses = 94864
preemptive halt, cache_misses = 94864
preemptive halt, cache_misses = 94864
preemptive halt, cache_misses = 94864
preemptive halt, cache_misses = 94864
preemptive halt, cache_misses = 94864
preemptive halt, cache_misses = 94864
preemptive halt, cache_misses = 94864
preemptive halt, cache_misses = 94864
preemptive halt, cache_misses = 94864
preemptive halt, cache_misses = 94864
preemptive halt, cache_misses = 94864
preemptive halt, cache_misses = 94864
preemptive halt, cache_misses = 94864
preemptive halt, cache_misses = 94864
preemptive halt, cache_misses = 94864
preemptive halt, cache_misses = 94864
preemptive halt, cache_misses = 94864
preemptive halt, cache_misses = 94864
preemptive halt, cache_misses = 94864
preemptive halt, cache_misses = 94864
preemptive halt, cache_misses = 94864
preemptive halt, cache_misses = 94864
preemptive halt, cache_misses = 94864
preemptive halt, cache_misses = 94864
preemptive halt, cache_misses = 94864
preemptive halt, cache_misses = 94864
preemptive halt, cache_misses = 94864
preemptive halt, cache_misses = 94864
preemptive halt, cache_misses = 94864
preemptive halt, cache_misses = 94864
preemptive halt, cache_misses = 94864
preemptive halt, cache_misses = 94864
preemptive halt, cache_misses = 94864
preemptive halt, cache_misses = 94864
preemptive halt, cache_misses = 94864
preemptive halt, cache_misses = 94864
preemptive halt, cache_misses = 94864
preemptive halt, cache_misses = 94864
preemptive halt, cache_misses = 94864
preemptive halt, cache_misses = 94864
preemptive halt, cache_misses = 94864
preemptive halt, cache_misses = 94864
preemptive halt, cache_misses = 94864
preemptive halt, cache_misses = 94864
preemptive halt, cache_misses = 94864
preemptive halt, cache_misses = 94864
preemptive halt, cache_misses = 94864
preemptive halt, cache_misses = 94864
preemptive halt, cache_misses = 94864
preemptive halt, cache_misses = 94864
preemptive halt, cache_misses = 94864
preemptive halt, cache_misses = 94864
preemptive halt, cache_misses = 94864
preemptive halt, cache_misses = 94864
preemptive halt, cache_misses = 94864
binary search, size 22812  misses 94864  min 22500  max 23125
binary search, size 22968  misses 94863  min 22812  max 23125
binary search, size 22890  misses 94863  min 22812  max 22968
binary search, size 22851  misses 94863  min 22812  max 22890
binary search, size 22831  misses 94863  min 22812  max 22851
preemptive halt, cache_misses = 94864
preemptive halt, cache_misses = 94864
preemptive halt, cache_misses = 94864
preemptive halt, cache_misses = 94864
preemptive halt, cache_misses = 94864
preemptive halt, cache_misses = 94864
preemptive halt, cache_misses = 94864
preemptive halt, cache_misses = 94864
preemptive halt, cache_misses = 94864
preemptive halt, cache_misses = 94864
preemptive halt, cache_misses = 94864
preemptive halt, cache_misses = 94864
preemptive halt, cache_misses = 94864
preemptive halt, cache_misses = 94864
preemptive halt, cache_misses = 94864
preemptive halt, cache_misses = 94864
preemptive halt, cache_misses = 94864
preemptive halt, cache_misses = 94864
preemptive halt, cache_misses = 94864
preemptive halt, cache_misses = 94864
preemptive halt, cache_misses = 94864
preemptive halt, cache_misses = 94864
preemptive halt, cache_misses = 94864
preemptive halt, cache_misses = 94864
preemptive halt, cache_misses = 94864
preemptive halt, cache_misses = 94864
preemptive halt, cache_misses = 94864
preemptive halt, cache_misses = 94864
preemptive halt, cache_misses = 94864
preemptive halt, cache_misses = 94864
preemptive halt, cache_misses = 94864
preemptive halt, cache_misses = 94864
preemptive halt, cache_misses = 94864
preemptive halt, cache_misses = 94864
preemptive halt, cache_misses = 94864
preemptive halt, cache_misses = 94864
preemptive halt, cache_misses = 94864
preemptive halt, cache_misses = 94864
preemptive halt, cache_misses = 94864
preemptive halt, cache_misses = 94864
preemptive halt, cache_misses = 94864
preemptive halt, cache_misses = 94864
preemptive halt, cache_misses = 94864
preemptive halt, cache_misses = 94864
preemptive halt, cache_misses = 94864
preemptive halt, cache_misses = 94864
preemptive halt, cache_misses = 94864
preemptive halt, cache_misses = 94864
preemptive halt, cache_misses = 94864
preemptive halt, cache_misses = 94864
preemptive halt, cache_misses = 94864
preemptive halt, cache_misses = 94864
preemptive halt, cache_misses = 94864
preemptive halt, cache_misses = 94864
preemptive halt, cache_misses = 94864
preemptive halt, cache_misses = 94864
preemptive halt, cache_misses = 94864
preemptive halt, cache_misses = 94864
preemptive halt, cache_misses = 94864
preemptive halt, cache_misses = 94864
preemptive halt, cache_misses = 94864
preemptive halt, cache_misses = 94864
preemptive halt, cache_misses = 94864
preemptive halt, cache_misses = 94864
preemptive halt, cache_misses = 94864
preemptive halt, cache_misses = 94864
preemptive halt, cache_misses = 94864
preemptive halt, cache_misses = 94864
preemptive halt, cache_misses = 94864
preemptive halt, cache_misses = 94864
binary search, size 22821  misses 94864  min 22812  max 22831
binary search, size 22826  misses 94863  min 22821  max 22831
preemptive halt, cache_misses = 94864
preemptive halt, cache_misses = 94864
preemptive halt, cache_misses = 94864
preemptive halt, cache_misses = 94864
preemptive halt, cache_misses = 94864
preemptive halt, cache_misses = 94864
preemptive halt, cache_misses = 94864
preemptive halt, cache_misses = 94864
preemptive halt, cache_misses = 94864
preemptive halt, cache_misses = 94864
preemptive halt, cache_misses = 94864
preemptive halt, cache_misses = 94864
preemptive halt, cache_misses = 94864
preemptive halt, cache_misses = 94864
preemptive halt, cache_misses = 94864
preemptive halt, cache_misses = 94864
preemptive halt, cache_misses = 94864
preemptive halt, cache_misses = 94864
preemptive halt, cache_misses = 94864
preemptive halt, cache_misses = 94864
preemptive halt, cache_misses = 94864
preemptive halt, cache_misses = 94864
preemptive halt, cache_misses = 94864
preemptive halt, cache_misses = 94864
preemptive halt, cache_misses = 94864
preemptive halt, cache_misses = 94864
preemptive halt, cache_misses = 94864
preemptive halt, cache_misses = 94864
preemptive halt, cache_misses = 94864
preemptive halt, cache_misses = 94864
preemptive halt, cache_misses = 94864
preemptive halt, cache_misses = 94864
preemptive halt, cache_misses = 94864
preemptive halt, cache_misses = 94864
preemptive halt, cache_misses = 94864
preemptive halt, cache_misses = 94864
preemptive halt, cache_misses = 94864
preemptive halt, cache_misses = 94864
preemptive halt, cache_misses = 94864
preemptive halt, cache_misses = 94864
preemptive halt, cache_misses = 94864
preemptive halt, cache_misses = 94864
preemptive halt, cache_misses = 94864
preemptive halt, cache_misses = 94864
preemptive halt, cache_misses = 94864
preemptive halt, cache_misses = 94864
preemptive halt, cache_misses = 94864
preemptive halt, cache_misses = 94864
preemptive halt, cache_misses = 94864
preemptive halt, cache_misses = 94864
preemptive halt, cache_misses = 94864
preemptive halt, cache_misses = 94864
preemptive halt, cache_misses = 94864
preemptive halt, cache_misses = 94864
preemptive halt, cache_misses = 94864
preemptive halt, cache_misses = 94864
preemptive halt, cache_misses = 94864
preemptive halt, cache_misses = 94864
preemptive halt, cache_misses = 94864
preemptive halt, cache_misses = 94864
preemptive halt, cache_misses = 94864
preemptive halt, cache_misses = 94864
preemptive halt, cache_misses = 94864
preemptive halt, cache_misses = 94864
preemptive halt, cache_misses = 94864
preemptive halt, cache_misses = 94864
preemptive halt, cache_misses = 94864
preemptive halt, cache_misses = 94864
preemptive halt, cache_misses = 94864
preemptive halt, cache_misses = 94864
binary search, size 22823  misses 94864  min 22821  max 22826
preemptive halt, cache_misses = 94865
preemptive halt, cache_misses = 94865
preemptive halt, cache_misses = 94865
preemptive halt, cache_misses = 94865
preemptive halt, cache_misses = 94865
preemptive halt, cache_misses = 94865
preemptive halt, cache_misses = 94865
preemptive halt, cache_misses = 94865
preemptive halt, cache_misses = 94865
preemptive halt, cache_misses = 94865
preemptive halt, cache_misses = 94865
preemptive halt, cache_misses = 94865
preemptive halt, cache_misses = 94865
preemptive halt, cache_misses = 94865
preemptive halt, cache_misses = 94865
preemptive halt, cache_misses = 94865
preemptive halt, cache_misses = 94865
preemptive halt, cache_misses = 94865
preemptive halt, cache_misses = 94865
preemptive halt, cache_misses = 94865
preemptive halt, cache_misses = 94865
preemptive halt, cache_misses = 94865
preemptive halt, cache_misses = 94865
preemptive halt, cache_misses = 94865
preemptive halt, cache_misses = 94865
preemptive halt, cache_misses = 94865
preemptive halt, cache_misses = 94865
preemptive halt, cache_misses = 94865
preemptive halt, cache_misses = 94865
preemptive halt, cache_misses = 94865
preemptive halt, cache_misses = 94865
preemptive halt, cache_misses = 94865
preemptive halt, cache_misses = 94865
preemptive halt, cache_misses = 94865
preemptive halt, cache_misses = 94865
preemptive halt, cache_misses = 94865
preemptive halt, cache_misses = 94865
preemptive halt, cache_misses = 94865
preemptive halt, cache_misses = 94865
preemptive halt, cache_misses = 94865
preemptive halt, cache_misses = 94865
preemptive halt, cache_misses = 94865
preemptive halt, cache_misses = 94865
preemptive halt, cache_misses = 94865
preemptive halt, cache_misses = 94865
preemptive halt, cache_misses = 94865
preemptive halt, cache_misses = 94865
preemptive halt, cache_misses = 94865
preemptive halt, cache_misses = 94865
preemptive halt, cache_misses = 94865
preemptive halt, cache_misses = 94865
preemptive halt, cache_misses = 94865
preemptive halt, cache_misses = 94865
preemptive halt, cache_misses = 94865
preemptive halt, cache_misses = 94865
preemptive halt, cache_misses = 94865
preemptive halt, cache_misses = 94865
preemptive halt, cache_misses = 94865
preemptive halt, cache_misses = 94865
preemptive halt, cache_misses = 94865
preemptive halt, cache_misses = 94865
preemptive halt, cache_misses = 94865
preemptive halt, cache_misses = 94865
preemptive halt, cache_misses = 94865
preemptive halt, cache_misses = 94865
preemptive halt, cache_misses = 94865
preemptive halt, cache_misses = 94865
preemptive halt, cache_misses = 94865
preemptive halt, cache_misses = 94865
preemptive halt, cache_misses = 94865
preemptive halt, cache_misses = 94865
preemptive halt, cache_misses = 94865
binary search, size 22824  misses 94865  min 22823  max 22826
preemptive halt, cache_misses = 94866
preemptive halt, cache_misses = 94866
preemptive halt, cache_misses = 94866
preemptive halt, cache_misses = 94866
preemptive halt, cache_misses = 94866
preemptive halt, cache_misses = 94866
preemptive halt, cache_misses = 94866
preemptive halt, cache_misses = 94866
preemptive halt, cache_misses = 94866
preemptive halt, cache_misses = 94866
preemptive halt, cache_misses = 94866
preemptive halt, cache_misses = 94866
preemptive halt, cache_misses = 94866
preemptive halt, cache_misses = 94866
preemptive halt, cache_misses = 94866
preemptive halt, cache_misses = 94866
preemptive halt, cache_misses = 94866
preemptive halt, cache_misses = 94866
preemptive halt, cache_misses = 94866
preemptive halt, cache_misses = 94866
preemptive halt, cache_misses = 94866
preemptive halt, cache_misses = 94866
preemptive halt, cache_misses = 94866
preemptive halt, cache_misses = 94866
preemptive halt, cache_misses = 94866
preemptive halt, cache_misses = 94866
preemptive halt, cache_misses = 94866
preemptive halt, cache_misses = 94866
preemptive halt, cache_misses = 94866
preemptive halt, cache_misses = 94866
preemptive halt, cache_misses = 94866
preemptive halt, cache_misses = 94866
preemptive halt, cache_misses = 94866
preemptive halt, cache_misses = 94866
preemptive halt, cache_misses = 94866
preemptive halt, cache_misses = 94866
preemptive halt, cache_misses = 94866
preemptive halt, cache_misses = 94866
preemptive halt, cache_misses = 94866
preemptive halt, cache_misses = 94866
preemptive halt, cache_misses = 94866
preemptive halt, cache_misses = 94866
preemptive halt, cache_misses = 94866
preemptive halt, cache_misses = 94866
preemptive halt, cache_misses = 94866
preemptive halt, cache_misses = 94866
preemptive halt, cache_misses = 94866
preemptive halt, cache_misses = 94866
preemptive halt, cache_misses = 94866
preemptive halt, cache_misses = 94866
preemptive halt, cache_misses = 94866
preemptive halt, cache_misses = 94866
preemptive halt, cache_misses = 94866
preemptive halt, cache_misses = 94866
preemptive halt, cache_misses = 94866
preemptive halt, cache_misses = 94866
preemptive halt, cache_misses = 94866
preemptive halt, cache_misses = 94866
preemptive halt, cache_misses = 94866
preemptive halt, cache_misses = 94866
preemptive halt, cache_misses = 94866
preemptive halt, cache_misses = 94866
preemptive halt, cache_misses = 94866
preemptive halt, cache_misses = 94866
preemptive halt, cache_misses = 94866
preemptive halt, cache_misses = 94866
preemptive halt, cache_misses = 94866
preemptive halt, cache_misses = 94866
preemptive halt, cache_misses = 94866
preemptive halt, cache_misses = 94866
preemptive halt, cache_misses = 94866
preemptive halt, cache_misses = 94866
preemptive halt, cache_misses = 94866
preemptive halt, cache_misses = 94866
binary search, size 22825  misses 94866  min 22824  max 22826
characteristic cache size (binary search) for 307 = 22826
End at: 2021-04-02 16:25:04.988386
Time elapsed: 0:00:01.815802
