Begin at: 2021-04-02 16:24:24.605591
['../dist/Debug/GNU-Linux/memo_batch_tester', '', '--mbt_execution_trace_fname', 'olcs4_traceback_csize_input_types/OLCS4_lru_2021_04_02__16_21_37_k_3__d_2_cache_size_160000_problems_10_to_400/OLCS4_lru_2021_04_02__16_21_37_k_3__d_2_cache_size_160000_problems_10_to_400/OLCS4__do_traceback_prob_size_284_cache_size_160000_lru_k_3_d_2_execution_trace_2021_4_2_16_24_24_pid_22683.log', '--mbt_cache_misses_fname', 'olcs4_traceback_csize_input_types/OLCS4_lru_2021_04_02__16_21_37_k_3__d_2_cache_size_160000_problems_10_to_400/lcs_cost_OLCS4_lru_misses_for_cache_size.csv', '--mbt_misses_for_problem_size_fname', 'olcs4_traceback_csize_input_types/OLCS4_lru_2021_04_02__16_21_37_k_3__d_2_cache_size_160000_problems_10_to_400/lcs_cost_OLCS4_lru_misses_for_problem_size.csv', '--mbt_exact_cutoff_min_cache_size', '160000', '--mbt_exact_cutoff_max_cache_size', '160000', '--mbt_problem_type', 'lcs', '--mbt_metric_type', 'csize_binary_search', '--mbt_cutoff_ratio', '2.2', '--mbt_instance_fname', '284', '--mbt_detailed_cache_misses_out_fname', 'csize_olcs4_traceback_0011n_ceil_n_b_8.csv', '--mbt_phi_N', '5.0', '--mbt_problem_size', '284', '--lcs_compute_length', '0', '--lcs_perform_traceback', '1', '--lig_instance_type', '0011n_ceil_n_b', '--lig_n', '284', '--lig_c', '0.9', '--lig_b', '8.0', '--lcs_oblivious', '4', '--lcs_execution_trace_fname', 'olcs4_traceback_csize_input_types/OLCS4_lru_2021_04_02__16_21_37_k_3__d_2_cache_size_160000_problems_10_to_400/OLCS4_lru_2021_04_02__16_21_37_k_3__d_2_cache_size_160000_problems_10_to_400/OLCS4__do_traceback_prob_size_284_cache_size_160000_lru_k_3_d_2_execution_trace_2021_4_2_16_24_24_pid_22683.log', '--memo_caching_strategy', 'lru', '--memo_cache_size', '160001', '--memo_lru_queue_size', '160000', '--memo_cuckoo_k', '4', '--memo_key_length', '8', '--memo_value_length', '8', '--memo_k_timestamps', '3', '--memo_d_recent_timestamps', '2', '--memo_a_items_per_timestamp_factor', '0.4375']

csize_binary_search chosen
lcs problem_type lcs cache_size 160001
initialize_long_int_cache begin
init_memo
arguments to memo:
 --mbt_execution_trace_fname olcs4_traceback_csize_input_types/OLCS4_lru_2021_04_02__16_21_37_k_3__d_2_cache_size_160000_problems_10_to_400/OLCS4_lru_2021_04_02__16_21_37_k_3__d_2_cache_size_160000_problems_10_to_400/OLCS4__do_traceback_prob_size_284_cache_size_160000_lru_k_3_d_2_execution_trace_2021_4_2_16_24_24_pid_22683.log --mbt_cache_misses_fname olcs4_traceback_csize_input_types/OLCS4_lru_2021_04_02__16_21_37_k_3__d_2_cache_size_160000_problems_10_to_400/lcs_cost_OLCS4_lru_misses_for_cache_size.csv --mbt_misses_for_problem_size_fname olcs4_traceback_csize_input_types/OLCS4_lru_2021_04_02__16_21_37_k_3__d_2_cache_size_160000_problems_10_to_400/lcs_cost_OLCS4_lru_misses_for_problem_size.csv --mbt_exact_cutoff_min_cache_size 160000 --mbt_exact_cutoff_max_cache_size 160000 --mbt_problem_type lcs --mbt_metric_type csize_binary_search --mbt_cutoff_ratio 2.2 --mbt_instance_fname 284 --mbt_detailed_cache_misses_out_fname csize_olcs4_traceback_0011n_ceil_n_b_8.csv --mbt_phi_N 5.0 --mbt_problem_size 284 --lcs_compute_length 0 --lcs_perform_traceback 1 --lig_instance_type 0011n_ceil_n_b --lig_n 284 --lig_c 0.9 --lig_b 8.0 --lcs_oblivious 4 --lcs_execution_trace_fname olcs4_traceback_csize_input_types/OLCS4_lru_2021_04_02__16_21_37_k_3__d_2_cache_size_160000_problems_10_to_400/OLCS4_lru_2021_04_02__16_21_37_k_3__d_2_cache_size_160000_problems_10_to_400/OLCS4__do_traceback_prob_size_284_cache_size_160000_lru_k_3_d_2_execution_trace_2021_4_2_16_24_24_pid_22683.log --memo_caching_strategy lru --memo_cache_size 160001 --memo_lru_queue_size 160000 --memo_cuckoo_k 4 --memo_key_length 8 --memo_value_length 8 --memo_k_timestamps 3 --memo_d_recent_timestamps 2 --memo_a_items_per_timestamp_factor 0.4375 
calculate_table_size: table_size is 262144, original is 160001
Finished initializing cache
initialize_long_int_cache end
done initializing cache
initializing problem
done initializing problem
commence trials
Starting characteristic_cache_size_binary_search with max cache size 160001
binary search, size 160001  misses 81224
binary search, size 80000  misses 81224  min 0  max 160001
binary search, size 40000  misses 81224  min 0  max 80000
binary search, size 20000  misses 81224  min 0  max 40000
preemptive halt, cache_misses = 81225
preemptive halt, cache_misses = 81225
preemptive halt, cache_misses = 81225
preemptive halt, cache_misses = 81225
preemptive halt, cache_misses = 81225
preemptive halt, cache_misses = 81225
preemptive halt, cache_misses = 81225
preemptive halt, cache_misses = 81225
preemptive halt, cache_misses = 81225
preemptive halt, cache_misses = 81225
preemptive halt, cache_misses = 81225
preemptive halt, cache_misses = 81225
preemptive halt, cache_misses = 81225
preemptive halt, cache_misses = 81225
preemptive halt, cache_misses = 81225
preemptive halt, cache_misses = 81225
preemptive halt, cache_misses = 81225
preemptive halt, cache_misses = 81225
preemptive halt, cache_misses = 81225
preemptive halt, cache_misses = 81225
preemptive halt, cache_misses = 81225
preemptive halt, cache_misses = 81225
preemptive halt, cache_misses = 81225
preemptive halt, cache_misses = 81225
preemptive halt, cache_misses = 81225
preemptive halt, cache_misses = 81225
preemptive halt, cache_misses = 81225
preemptive halt, cache_misses = 81225
preemptive halt, cache_misses = 81225
preemptive halt, cache_misses = 81225
preemptive halt, cache_misses = 81225
preemptive halt, cache_misses = 81225
preemptive halt, cache_misses = 81225
preemptive halt, cache_misses = 81225
preemptive halt, cache_misses = 81225
preemptive halt, cache_misses = 81225
preemptive halt, cache_misses = 81225
preemptive halt, cache_misses = 81225
preemptive halt, cache_misses = 81225
preemptive halt, cache_misses = 81225
preemptive halt, cache_misses = 81225
preemptive halt, cache_misses = 81225
preemptive halt, cache_misses = 81225
preemptive halt, cache_misses = 81225
preemptive halt, cache_misses = 81225
preemptive halt, cache_misses = 81225
preemptive halt, cache_misses = 81225
preemptive halt, cache_misses = 81225
preemptive halt, cache_misses = 81225
preemptive halt, cache_misses = 81225
preemptive halt, cache_misses = 81225
preemptive halt, cache_misses = 81225
preemptive halt, cache_misses = 81225
preemptive halt, cache_misses = 81225
preemptive halt, cache_misses = 81225
preemptive halt, cache_misses = 81225
preemptive halt, cache_misses = 81225
preemptive halt, cache_misses = 81225
preemptive halt, cache_misses = 81225
preemptive halt, cache_misses = 81225
preemptive halt, cache_misses = 81225
preemptive halt, cache_misses = 81225
preemptive halt, cache_misses = 81225
preemptive halt, cache_misses = 81225
preemptive halt, cache_misses = 81225
preemptive halt, cache_misses = 81225
binary search, size 10000  misses 81225  min 0  max 20000
preemptive halt, cache_misses = 81226
preemptive halt, cache_misses = 81226
preemptive halt, cache_misses = 81226
preemptive halt, cache_misses = 81226
preemptive halt, cache_misses = 81226
preemptive halt, cache_misses = 81226
preemptive halt, cache_misses = 81226
preemptive halt, cache_misses = 81226
preemptive halt, cache_misses = 81226
preemptive halt, cache_misses = 81226
preemptive halt, cache_misses = 81226
preemptive halt, cache_misses = 81226
preemptive halt, cache_misses = 81226
preemptive halt, cache_misses = 81226
preemptive halt, cache_misses = 81226
preemptive halt, cache_misses = 81226
preemptive halt, cache_misses = 81226
preemptive halt, cache_misses = 81226
preemptive halt, cache_misses = 81226
preemptive halt, cache_misses = 81226
preemptive halt, cache_misses = 81226
preemptive halt, cache_misses = 81226
preemptive halt, cache_misses = 81226
preemptive halt, cache_misses = 81226
preemptive halt, cache_misses = 81226
preemptive halt, cache_misses = 81226
preemptive halt, cache_misses = 81226
preemptive halt, cache_misses = 81226
preemptive halt, cache_misses = 81226
preemptive halt, cache_misses = 81226
preemptive halt, cache_misses = 81226
preemptive halt, cache_misses = 81226
preemptive halt, cache_misses = 81226
preemptive halt, cache_misses = 81226
preemptive halt, cache_misses = 81226
preemptive halt, cache_misses = 81226
preemptive halt, cache_misses = 81226
preemptive halt, cache_misses = 81226
preemptive halt, cache_misses = 81226
preemptive halt, cache_misses = 81226
preemptive halt, cache_misses = 81226
preemptive halt, cache_misses = 81226
preemptive halt, cache_misses = 81226
preemptive halt, cache_misses = 81226
preemptive halt, cache_misses = 81226
preemptive halt, cache_misses = 81226
preemptive halt, cache_misses = 81226
preemptive halt, cache_misses = 81226
preemptive halt, cache_misses = 81226
preemptive halt, cache_misses = 81226
preemptive halt, cache_misses = 81226
preemptive halt, cache_misses = 81226
preemptive halt, cache_misses = 81226
preemptive halt, cache_misses = 81226
preemptive halt, cache_misses = 81226
preemptive halt, cache_misses = 81226
preemptive halt, cache_misses = 81226
preemptive halt, cache_misses = 81226
preemptive halt, cache_misses = 81226
preemptive halt, cache_misses = 81226
preemptive halt, cache_misses = 81226
preemptive halt, cache_misses = 81226
preemptive halt, cache_misses = 81226
preemptive halt, cache_misses = 81226
preemptive halt, cache_misses = 81226
preemptive halt, cache_misses = 81226
preemptive halt, cache_misses = 81226
preemptive halt, cache_misses = 81226
binary search, size 15000  misses 81226  min 10000  max 20000
preemptive halt, cache_misses = 81227
preemptive halt, cache_misses = 81227
preemptive halt, cache_misses = 81227
preemptive halt, cache_misses = 81227
preemptive halt, cache_misses = 81227
preemptive halt, cache_misses = 81227
preemptive halt, cache_misses = 81227
preemptive halt, cache_misses = 81227
preemptive halt, cache_misses = 81227
preemptive halt, cache_misses = 81227
preemptive halt, cache_misses = 81227
preemptive halt, cache_misses = 81227
preemptive halt, cache_misses = 81227
preemptive halt, cache_misses = 81227
preemptive halt, cache_misses = 81227
preemptive halt, cache_misses = 81227
preemptive halt, cache_misses = 81227
preemptive halt, cache_misses = 81227
preemptive halt, cache_misses = 81227
preemptive halt, cache_misses = 81227
preemptive halt, cache_misses = 81227
preemptive halt, cache_misses = 81227
preemptive halt, cache_misses = 81227
preemptive halt, cache_misses = 81227
preemptive halt, cache_misses = 81227
preemptive halt, cache_misses = 81227
preemptive halt, cache_misses = 81227
preemptive halt, cache_misses = 81227
preemptive halt, cache_misses = 81227
preemptive halt, cache_misses = 81227
preemptive halt, cache_misses = 81227
preemptive halt, cache_misses = 81227
preemptive halt, cache_misses = 81227
preemptive halt, cache_misses = 81227
preemptive halt, cache_misses = 81227
preemptive halt, cache_misses = 81227
preemptive halt, cache_misses = 81227
preemptive halt, cache_misses = 81227
preemptive halt, cache_misses = 81227
preemptive halt, cache_misses = 81227
preemptive halt, cache_misses = 81227
preemptive halt, cache_misses = 81227
preemptive halt, cache_misses = 81227
preemptive halt, cache_misses = 81227
preemptive halt, cache_misses = 81227
preemptive halt, cache_misses = 81227
preemptive halt, cache_misses = 81227
preemptive halt, cache_misses = 81227
preemptive halt, cache_misses = 81227
preemptive halt, cache_misses = 81227
preemptive halt, cache_misses = 81227
preemptive halt, cache_misses = 81227
preemptive halt, cache_misses = 81227
preemptive halt, cache_misses = 81227
preemptive halt, cache_misses = 81227
preemptive halt, cache_misses = 81227
preemptive halt, cache_misses = 81227
preemptive halt, cache_misses = 81227
preemptive halt, cache_misses = 81227
preemptive halt, cache_misses = 81227
preemptive halt, cache_misses = 81227
preemptive halt, cache_misses = 81227
preemptive halt, cache_misses = 81227
preemptive halt, cache_misses = 81227
preemptive halt, cache_misses = 81227
preemptive halt, cache_misses = 81227
preemptive halt, cache_misses = 81227
preemptive halt, cache_misses = 81227
preemptive halt, cache_misses = 81227
preemptive halt, cache_misses = 81227
binary search, size 17500  misses 81227  min 15000  max 20000
preemptive halt, cache_misses = 81228
preemptive halt, cache_misses = 81228
preemptive halt, cache_misses = 81228
preemptive halt, cache_misses = 81228
preemptive halt, cache_misses = 81228
preemptive halt, cache_misses = 81228
preemptive halt, cache_misses = 81228
preemptive halt, cache_misses = 81228
preemptive halt, cache_misses = 81228
preemptive halt, cache_misses = 81228
preemptive halt, cache_misses = 81228
preemptive halt, cache_misses = 81228
preemptive halt, cache_misses = 81228
preemptive halt, cache_misses = 81228
preemptive halt, cache_misses = 81228
preemptive halt, cache_misses = 81228
preemptive halt, cache_misses = 81228
preemptive halt, cache_misses = 81228
preemptive halt, cache_misses = 81228
preemptive halt, cache_misses = 81228
preemptive halt, cache_misses = 81228
preemptive halt, cache_misses = 81228
preemptive halt, cache_misses = 81228
preemptive halt, cache_misses = 81228
preemptive halt, cache_misses = 81228
preemptive halt, cache_misses = 81228
preemptive halt, cache_misses = 81228
preemptive halt, cache_misses = 81228
preemptive halt, cache_misses = 81228
preemptive halt, cache_misses = 81228
preemptive halt, cache_misses = 81228
preemptive halt, cache_misses = 81228
preemptive halt, cache_misses = 81228
preemptive halt, cache_misses = 81228
preemptive halt, cache_misses = 81228
preemptive halt, cache_misses = 81228
preemptive halt, cache_misses = 81228
preemptive halt, cache_misses = 81228
preemptive halt, cache_misses = 81228
preemptive halt, cache_misses = 81228
preemptive halt, cache_misses = 81228
preemptive halt, cache_misses = 81228
preemptive halt, cache_misses = 81228
preemptive halt, cache_misses = 81228
preemptive halt, cache_misses = 81228
preemptive halt, cache_misses = 81228
preemptive halt, cache_misses = 81228
preemptive halt, cache_misses = 81228
preemptive halt, cache_misses = 81228
preemptive halt, cache_misses = 81228
preemptive halt, cache_misses = 81228
preemptive halt, cache_misses = 81228
preemptive halt, cache_misses = 81228
preemptive halt, cache_misses = 81228
preemptive halt, cache_misses = 81228
preemptive halt, cache_misses = 81228
preemptive halt, cache_misses = 81228
preemptive halt, cache_misses = 81228
preemptive halt, cache_misses = 81228
preemptive halt, cache_misses = 81228
preemptive halt, cache_misses = 81228
preemptive halt, cache_misses = 81228
preemptive halt, cache_misses = 81228
preemptive halt, cache_misses = 81228
preemptive halt, cache_misses = 81228
preemptive halt, cache_misses = 81228
preemptive halt, cache_misses = 81228
preemptive halt, cache_misses = 81228
preemptive halt, cache_misses = 81228
preemptive halt, cache_misses = 81228
preemptive halt, cache_misses = 81228
preemptive halt, cache_misses = 81228
binary search, size 18750  misses 81228  min 17500  max 20000
preemptive halt, cache_misses = 81229
preemptive halt, cache_misses = 81229
preemptive halt, cache_misses = 81229
preemptive halt, cache_misses = 81229
preemptive halt, cache_misses = 81229
preemptive halt, cache_misses = 81229
preemptive halt, cache_misses = 81229
preemptive halt, cache_misses = 81229
preemptive halt, cache_misses = 81229
preemptive halt, cache_misses = 81229
preemptive halt, cache_misses = 81229
preemptive halt, cache_misses = 81229
preemptive halt, cache_misses = 81229
preemptive halt, cache_misses = 81229
preemptive halt, cache_misses = 81229
preemptive halt, cache_misses = 81229
preemptive halt, cache_misses = 81229
preemptive halt, cache_misses = 81229
preemptive halt, cache_misses = 81229
preemptive halt, cache_misses = 81229
preemptive halt, cache_misses = 81229
preemptive halt, cache_misses = 81229
preemptive halt, cache_misses = 81229
preemptive halt, cache_misses = 81229
preemptive halt, cache_misses = 81229
preemptive halt, cache_misses = 81229
preemptive halt, cache_misses = 81229
preemptive halt, cache_misses = 81229
preemptive halt, cache_misses = 81229
preemptive halt, cache_misses = 81229
preemptive halt, cache_misses = 81229
preemptive halt, cache_misses = 81229
preemptive halt, cache_misses = 81229
preemptive halt, cache_misses = 81229
preemptive halt, cache_misses = 81229
preemptive halt, cache_misses = 81229
preemptive halt, cache_misses = 81229
preemptive halt, cache_misses = 81229
preemptive halt, cache_misses = 81229
preemptive halt, cache_misses = 81229
preemptive halt, cache_misses = 81229
preemptive halt, cache_misses = 81229
preemptive halt, cache_misses = 81229
preemptive halt, cache_misses = 81229
preemptive halt, cache_misses = 81229
preemptive halt, cache_misses = 81229
preemptive halt, cache_misses = 81229
preemptive halt, cache_misses = 81229
preemptive halt, cache_misses = 81229
preemptive halt, cache_misses = 81229
preemptive halt, cache_misses = 81229
preemptive halt, cache_misses = 81229
preemptive halt, cache_misses = 81229
preemptive halt, cache_misses = 81229
preemptive halt, cache_misses = 81229
preemptive halt, cache_misses = 81229
preemptive halt, cache_misses = 81229
preemptive halt, cache_misses = 81229
preemptive halt, cache_misses = 81229
preemptive halt, cache_misses = 81229
preemptive halt, cache_misses = 81229
preemptive halt, cache_misses = 81229
preemptive halt, cache_misses = 81229
preemptive halt, cache_misses = 81229
preemptive halt, cache_misses = 81229
preemptive halt, cache_misses = 81229
preemptive halt, cache_misses = 81229
preemptive halt, cache_misses = 81229
preemptive halt, cache_misses = 81229
preemptive halt, cache_misses = 81229
preemptive halt, cache_misses = 81229
preemptive halt, cache_misses = 81229
preemptive halt, cache_misses = 81229
preemptive halt, cache_misses = 81229
binary search, size 19375  misses 81229  min 18750  max 20000
preemptive halt, cache_misses = 81230
preemptive halt, cache_misses = 81230
preemptive halt, cache_misses = 81230
preemptive halt, cache_misses = 81230
preemptive halt, cache_misses = 81230
preemptive halt, cache_misses = 81230
preemptive halt, cache_misses = 81230
preemptive halt, cache_misses = 81230
preemptive halt, cache_misses = 81230
preemptive halt, cache_misses = 81230
preemptive halt, cache_misses = 81230
preemptive halt, cache_misses = 81230
preemptive halt, cache_misses = 81230
preemptive halt, cache_misses = 81230
preemptive halt, cache_misses = 81230
preemptive halt, cache_misses = 81230
preemptive halt, cache_misses = 81230
preemptive halt, cache_misses = 81230
preemptive halt, cache_misses = 81230
preemptive halt, cache_misses = 81230
preemptive halt, cache_misses = 81230
preemptive halt, cache_misses = 81230
preemptive halt, cache_misses = 81230
preemptive halt, cache_misses = 81230
preemptive halt, cache_misses = 81230
preemptive halt, cache_misses = 81230
preemptive halt, cache_misses = 81230
preemptive halt, cache_misses = 81230
preemptive halt, cache_misses = 81230
preemptive halt, cache_misses = 81230
preemptive halt, cache_misses = 81230
preemptive halt, cache_misses = 81230
preemptive halt, cache_misses = 81230
preemptive halt, cache_misses = 81230
preemptive halt, cache_misses = 81230
preemptive halt, cache_misses = 81230
preemptive halt, cache_misses = 81230
preemptive halt, cache_misses = 81230
preemptive halt, cache_misses = 81230
preemptive halt, cache_misses = 81230
preemptive halt, cache_misses = 81230
preemptive halt, cache_misses = 81230
preemptive halt, cache_misses = 81230
preemptive halt, cache_misses = 81230
preemptive halt, cache_misses = 81230
preemptive halt, cache_misses = 81230
preemptive halt, cache_misses = 81230
preemptive halt, cache_misses = 81230
preemptive halt, cache_misses = 81230
preemptive halt, cache_misses = 81230
preemptive halt, cache_misses = 81230
preemptive halt, cache_misses = 81230
preemptive halt, cache_misses = 81230
preemptive halt, cache_misses = 81230
preemptive halt, cache_misses = 81230
preemptive halt, cache_misses = 81230
preemptive halt, cache_misses = 81230
preemptive halt, cache_misses = 81230
preemptive halt, cache_misses = 81230
preemptive halt, cache_misses = 81230
preemptive halt, cache_misses = 81230
preemptive halt, cache_misses = 81230
preemptive halt, cache_misses = 81230
preemptive halt, cache_misses = 81230
preemptive halt, cache_misses = 81230
preemptive halt, cache_misses = 81230
preemptive halt, cache_misses = 81230
preemptive halt, cache_misses = 81230
preemptive halt, cache_misses = 81230
preemptive halt, cache_misses = 81230
preemptive halt, cache_misses = 81230
preemptive halt, cache_misses = 81230
preemptive halt, cache_misses = 81230
preemptive halt, cache_misses = 81230
preemptive halt, cache_misses = 81230
preemptive halt, cache_misses = 81230
binary search, size 19687  misses 81230  min 19375  max 20000
binary search, size 19843  misses 81224  min 19687  max 20000
binary search, size 19765  misses 81224  min 19687  max 19843
binary search, size 19726  misses 81224  min 19687  max 19765
binary search, size 19706  misses 81224  min 19687  max 19726
preemptive halt, cache_misses = 81225
preemptive halt, cache_misses = 81225
preemptive halt, cache_misses = 81225
preemptive halt, cache_misses = 81225
preemptive halt, cache_misses = 81225
preemptive halt, cache_misses = 81225
preemptive halt, cache_misses = 81225
preemptive halt, cache_misses = 81225
preemptive halt, cache_misses = 81225
preemptive halt, cache_misses = 81225
preemptive halt, cache_misses = 81225
preemptive halt, cache_misses = 81225
preemptive halt, cache_misses = 81225
preemptive halt, cache_misses = 81225
preemptive halt, cache_misses = 81225
preemptive halt, cache_misses = 81225
preemptive halt, cache_misses = 81225
preemptive halt, cache_misses = 81225
preemptive halt, cache_misses = 81225
preemptive halt, cache_misses = 81225
preemptive halt, cache_misses = 81225
preemptive halt, cache_misses = 81225
preemptive halt, cache_misses = 81225
preemptive halt, cache_misses = 81225
preemptive halt, cache_misses = 81225
preemptive halt, cache_misses = 81225
preemptive halt, cache_misses = 81225
preemptive halt, cache_misses = 81225
preemptive halt, cache_misses = 81225
preemptive halt, cache_misses = 81225
preemptive halt, cache_misses = 81225
preemptive halt, cache_misses = 81225
preemptive halt, cache_misses = 81225
preemptive halt, cache_misses = 81225
preemptive halt, cache_misses = 81225
preemptive halt, cache_misses = 81225
preemptive halt, cache_misses = 81225
preemptive halt, cache_misses = 81225
preemptive halt, cache_misses = 81225
preemptive halt, cache_misses = 81225
preemptive halt, cache_misses = 81225
preemptive halt, cache_misses = 81225
preemptive halt, cache_misses = 81225
preemptive halt, cache_misses = 81225
preemptive halt, cache_misses = 81225
preemptive halt, cache_misses = 81225
preemptive halt, cache_misses = 81225
preemptive halt, cache_misses = 81225
preemptive halt, cache_misses = 81225
preemptive halt, cache_misses = 81225
preemptive halt, cache_misses = 81225
preemptive halt, cache_misses = 81225
preemptive halt, cache_misses = 81225
preemptive halt, cache_misses = 81225
preemptive halt, cache_misses = 81225
preemptive halt, cache_misses = 81225
preemptive halt, cache_misses = 81225
preemptive halt, cache_misses = 81225
preemptive halt, cache_misses = 81225
preemptive halt, cache_misses = 81225
preemptive halt, cache_misses = 81225
preemptive halt, cache_misses = 81225
preemptive halt, cache_misses = 81225
preemptive halt, cache_misses = 81225
preemptive halt, cache_misses = 81225
preemptive halt, cache_misses = 81225
binary search, size 19696  misses 81225  min 19687  max 19706
binary search, size 19701  misses 81224  min 19696  max 19706
binary search, size 19698  misses 81224  min 19696  max 19701
binary search, size 19697  misses 81224  min 19696  max 19698
characteristic cache size (binary search) for 284 = 19697
End at: 2021-04-02 16:24:26.201240
Time elapsed: 0:00:01.595666
