Begin at: 2021-04-02 16:24:26.233467
['../dist/Debug/GNU-Linux/memo_batch_tester', '', '--mbt_execution_trace_fname', 'olcs4_traceback_csize_input_types/OLCS4_lru_2021_04_02__16_21_37_k_3__d_2_cache_size_160000_problems_10_to_400/OLCS4_lru_2021_04_02__16_21_37_k_3__d_2_cache_size_160000_problems_10_to_400/OLCS4__do_traceback_prob_size_285_cache_size_160000_lru_k_3_d_2_execution_trace_2021_4_2_16_24_26_pid_22685.log', '--mbt_cache_misses_fname', 'olcs4_traceback_csize_input_types/OLCS4_lru_2021_04_02__16_21_37_k_3__d_2_cache_size_160000_problems_10_to_400/lcs_cost_OLCS4_lru_misses_for_cache_size.csv', '--mbt_misses_for_problem_size_fname', 'olcs4_traceback_csize_input_types/OLCS4_lru_2021_04_02__16_21_37_k_3__d_2_cache_size_160000_problems_10_to_400/lcs_cost_OLCS4_lru_misses_for_problem_size.csv', '--mbt_exact_cutoff_min_cache_size', '160000', '--mbt_exact_cutoff_max_cache_size', '160000', '--mbt_problem_type', 'lcs', '--mbt_metric_type', 'csize_binary_search', '--mbt_cutoff_ratio', '2.2', '--mbt_instance_fname', '285', '--mbt_detailed_cache_misses_out_fname', 'csize_olcs4_traceback_0011n_ceil_n_b_8.csv', '--mbt_phi_N', '5.0', '--mbt_problem_size', '285', '--lcs_compute_length', '0', '--lcs_perform_traceback', '1', '--lig_instance_type', '0011n_ceil_n_b', '--lig_n', '285', '--lig_c', '0.9', '--lig_b', '8.0', '--lcs_oblivious', '4', '--lcs_execution_trace_fname', 'olcs4_traceback_csize_input_types/OLCS4_lru_2021_04_02__16_21_37_k_3__d_2_cache_size_160000_problems_10_to_400/OLCS4_lru_2021_04_02__16_21_37_k_3__d_2_cache_size_160000_problems_10_to_400/OLCS4__do_traceback_prob_size_285_cache_size_160000_lru_k_3_d_2_execution_trace_2021_4_2_16_24_26_pid_22685.log', '--memo_caching_strategy', 'lru', '--memo_cache_size', '160001', '--memo_lru_queue_size', '160000', '--memo_cuckoo_k', '4', '--memo_key_length', '8', '--memo_value_length', '8', '--memo_k_timestamps', '3', '--memo_d_recent_timestamps', '2', '--memo_a_items_per_timestamp_factor', '0.4375']

csize_binary_search chosen
lcs problem_type lcs cache_size 160001
initialize_long_int_cache begin
init_memo
arguments to memo:
 --mbt_execution_trace_fname olcs4_traceback_csize_input_types/OLCS4_lru_2021_04_02__16_21_37_k_3__d_2_cache_size_160000_problems_10_to_400/OLCS4_lru_2021_04_02__16_21_37_k_3__d_2_cache_size_160000_problems_10_to_400/OLCS4__do_traceback_prob_size_285_cache_size_160000_lru_k_3_d_2_execution_trace_2021_4_2_16_24_26_pid_22685.log --mbt_cache_misses_fname olcs4_traceback_csize_input_types/OLCS4_lru_2021_04_02__16_21_37_k_3__d_2_cache_size_160000_problems_10_to_400/lcs_cost_OLCS4_lru_misses_for_cache_size.csv --mbt_misses_for_problem_size_fname olcs4_traceback_csize_input_types/OLCS4_lru_2021_04_02__16_21_37_k_3__d_2_cache_size_160000_problems_10_to_400/lcs_cost_OLCS4_lru_misses_for_problem_size.csv --mbt_exact_cutoff_min_cache_size 160000 --mbt_exact_cutoff_max_cache_size 160000 --mbt_problem_type lcs --mbt_metric_type csize_binary_search --mbt_cutoff_ratio 2.2 --mbt_instance_fname 285 --mbt_detailed_cache_misses_out_fname csize_olcs4_traceback_0011n_ceil_n_b_8.csv --mbt_phi_N 5.0 --mbt_problem_size 285 --lcs_compute_length 0 --lcs_perform_traceback 1 --lig_instance_type 0011n_ceil_n_b --lig_n 285 --lig_c 0.9 --lig_b 8.0 --lcs_oblivious 4 --lcs_execution_trace_fname olcs4_traceback_csize_input_types/OLCS4_lru_2021_04_02__16_21_37_k_3__d_2_cache_size_160000_problems_10_to_400/OLCS4_lru_2021_04_02__16_21_37_k_3__d_2_cache_size_160000_problems_10_to_400/OLCS4__do_traceback_prob_size_285_cache_size_160000_lru_k_3_d_2_execution_trace_2021_4_2_16_24_26_pid_22685.log --memo_caching_strategy lru --memo_cache_size 160001 --memo_lru_queue_size 160000 --memo_cuckoo_k 4 --memo_key_length 8 --memo_value_length 8 --memo_k_timestamps 3 --memo_d_recent_timestamps 2 --memo_a_items_per_timestamp_factor 0.4375 
calculate_table_size: table_size is 262144, original is 160001
Finished initializing cache
initialize_long_int_cache end
done initializing cache
initializing problem
done initializing problem
commence trials
Starting characteristic_cache_size_binary_search with max cache size 160001
binary search, size 160001  misses 81795
binary search, size 80000  misses 81795  min 0  max 160001
binary search, size 40000  misses 81795  min 0  max 80000
preemptive halt, cache_misses = 81796
preemptive halt, cache_misses = 81796
preemptive halt, cache_misses = 81796
preemptive halt, cache_misses = 81796
preemptive halt, cache_misses = 81796
preemptive halt, cache_misses = 81796
preemptive halt, cache_misses = 81796
preemptive halt, cache_misses = 81796
preemptive halt, cache_misses = 81796
preemptive halt, cache_misses = 81796
preemptive halt, cache_misses = 81796
preemptive halt, cache_misses = 81796
preemptive halt, cache_misses = 81796
preemptive halt, cache_misses = 81796
preemptive halt, cache_misses = 81796
preemptive halt, cache_misses = 81796
preemptive halt, cache_misses = 81796
preemptive halt, cache_misses = 81796
preemptive halt, cache_misses = 81796
preemptive halt, cache_misses = 81796
preemptive halt, cache_misses = 81796
preemptive halt, cache_misses = 81796
preemptive halt, cache_misses = 81796
preemptive halt, cache_misses = 81796
preemptive halt, cache_misses = 81796
preemptive halt, cache_misses = 81796
preemptive halt, cache_misses = 81796
preemptive halt, cache_misses = 81796
preemptive halt, cache_misses = 81796
preemptive halt, cache_misses = 81796
preemptive halt, cache_misses = 81796
preemptive halt, cache_misses = 81796
preemptive halt, cache_misses = 81796
preemptive halt, cache_misses = 81796
preemptive halt, cache_misses = 81796
preemptive halt, cache_misses = 81796
preemptive halt, cache_misses = 81796
preemptive halt, cache_misses = 81796
preemptive halt, cache_misses = 81796
preemptive halt, cache_misses = 81796
preemptive halt, cache_misses = 81796
preemptive halt, cache_misses = 81796
preemptive halt, cache_misses = 81796
preemptive halt, cache_misses = 81796
preemptive halt, cache_misses = 81796
preemptive halt, cache_misses = 81796
preemptive halt, cache_misses = 81796
preemptive halt, cache_misses = 81796
preemptive halt, cache_misses = 81796
preemptive halt, cache_misses = 81796
preemptive halt, cache_misses = 81796
preemptive halt, cache_misses = 81796
preemptive halt, cache_misses = 81796
preemptive halt, cache_misses = 81796
preemptive halt, cache_misses = 81796
preemptive halt, cache_misses = 81796
preemptive halt, cache_misses = 81796
preemptive halt, cache_misses = 81796
preemptive halt, cache_misses = 81796
preemptive halt, cache_misses = 81796
preemptive halt, cache_misses = 81796
preemptive halt, cache_misses = 81796
preemptive halt, cache_misses = 81796
preemptive halt, cache_misses = 81796
preemptive halt, cache_misses = 81796
preemptive halt, cache_misses = 81796
preemptive halt, cache_misses = 81796
preemptive halt, cache_misses = 81796
binary search, size 20000  misses 81796  min 0  max 40000
binary search, size 30000  misses 81795  min 20000  max 40000
binary search, size 25000  misses 81795  min 20000  max 30000
binary search, size 22500  misses 81795  min 20000  max 25000
binary search, size 21250  misses 81795  min 20000  max 22500
binary search, size 20625  misses 81795  min 20000  max 21250
binary search, size 20312  misses 81795  min 20000  max 20625
binary search, size 20156  misses 81795  min 20000  max 20312
binary search, size 20078  misses 81795  min 20000  max 20156
preemptive halt, cache_misses = 81796
preemptive halt, cache_misses = 81796
preemptive halt, cache_misses = 81796
preemptive halt, cache_misses = 81796
preemptive halt, cache_misses = 81796
preemptive halt, cache_misses = 81796
preemptive halt, cache_misses = 81796
preemptive halt, cache_misses = 81796
preemptive halt, cache_misses = 81796
preemptive halt, cache_misses = 81796
preemptive halt, cache_misses = 81796
preemptive halt, cache_misses = 81796
preemptive halt, cache_misses = 81796
preemptive halt, cache_misses = 81796
preemptive halt, cache_misses = 81796
preemptive halt, cache_misses = 81796
preemptive halt, cache_misses = 81796
preemptive halt, cache_misses = 81796
preemptive halt, cache_misses = 81796
preemptive halt, cache_misses = 81796
preemptive halt, cache_misses = 81796
preemptive halt, cache_misses = 81796
preemptive halt, cache_misses = 81796
preemptive halt, cache_misses = 81796
preemptive halt, cache_misses = 81796
preemptive halt, cache_misses = 81796
preemptive halt, cache_misses = 81796
preemptive halt, cache_misses = 81796
preemptive halt, cache_misses = 81796
preemptive halt, cache_misses = 81796
preemptive halt, cache_misses = 81796
preemptive halt, cache_misses = 81796
preemptive halt, cache_misses = 81796
preemptive halt, cache_misses = 81796
preemptive halt, cache_misses = 81796
preemptive halt, cache_misses = 81796
preemptive halt, cache_misses = 81796
preemptive halt, cache_misses = 81796
preemptive halt, cache_misses = 81796
preemptive halt, cache_misses = 81796
preemptive halt, cache_misses = 81796
preemptive halt, cache_misses = 81796
preemptive halt, cache_misses = 81796
preemptive halt, cache_misses = 81796
preemptive halt, cache_misses = 81796
preemptive halt, cache_misses = 81796
preemptive halt, cache_misses = 81796
preemptive halt, cache_misses = 81796
preemptive halt, cache_misses = 81796
preemptive halt, cache_misses = 81796
preemptive halt, cache_misses = 81796
preemptive halt, cache_misses = 81796
preemptive halt, cache_misses = 81796
preemptive halt, cache_misses = 81796
preemptive halt, cache_misses = 81796
preemptive halt, cache_misses = 81796
preemptive halt, cache_misses = 81796
preemptive halt, cache_misses = 81796
preemptive halt, cache_misses = 81796
preemptive halt, cache_misses = 81796
preemptive halt, cache_misses = 81796
preemptive halt, cache_misses = 81796
preemptive halt, cache_misses = 81796
preemptive halt, cache_misses = 81796
preemptive halt, cache_misses = 81796
preemptive halt, cache_misses = 81796
preemptive halt, cache_misses = 81796
preemptive halt, cache_misses = 81796
binary search, size 20039  misses 81796  min 20000  max 20078
binary search, size 20058  misses 81795  min 20039  max 20078
preemptive halt, cache_misses = 81796
preemptive halt, cache_misses = 81796
preemptive halt, cache_misses = 81796
preemptive halt, cache_misses = 81796
preemptive halt, cache_misses = 81796
preemptive halt, cache_misses = 81796
preemptive halt, cache_misses = 81796
preemptive halt, cache_misses = 81796
preemptive halt, cache_misses = 81796
preemptive halt, cache_misses = 81796
preemptive halt, cache_misses = 81796
preemptive halt, cache_misses = 81796
preemptive halt, cache_misses = 81796
preemptive halt, cache_misses = 81796
preemptive halt, cache_misses = 81796
preemptive halt, cache_misses = 81796
preemptive halt, cache_misses = 81796
preemptive halt, cache_misses = 81796
preemptive halt, cache_misses = 81796
preemptive halt, cache_misses = 81796
preemptive halt, cache_misses = 81796
preemptive halt, cache_misses = 81796
preemptive halt, cache_misses = 81796
preemptive halt, cache_misses = 81796
preemptive halt, cache_misses = 81796
preemptive halt, cache_misses = 81796
preemptive halt, cache_misses = 81796
preemptive halt, cache_misses = 81796
preemptive halt, cache_misses = 81796
preemptive halt, cache_misses = 81796
preemptive halt, cache_misses = 81796
preemptive halt, cache_misses = 81796
preemptive halt, cache_misses = 81796
preemptive halt, cache_misses = 81796
preemptive halt, cache_misses = 81796
preemptive halt, cache_misses = 81796
preemptive halt, cache_misses = 81796
preemptive halt, cache_misses = 81796
preemptive halt, cache_misses = 81796
preemptive halt, cache_misses = 81796
preemptive halt, cache_misses = 81796
preemptive halt, cache_misses = 81796
preemptive halt, cache_misses = 81796
preemptive halt, cache_misses = 81796
preemptive halt, cache_misses = 81796
preemptive halt, cache_misses = 81796
preemptive halt, cache_misses = 81796
preemptive halt, cache_misses = 81796
preemptive halt, cache_misses = 81796
preemptive halt, cache_misses = 81796
preemptive halt, cache_misses = 81796
preemptive halt, cache_misses = 81796
preemptive halt, cache_misses = 81796
preemptive halt, cache_misses = 81796
preemptive halt, cache_misses = 81796
preemptive halt, cache_misses = 81796
preemptive halt, cache_misses = 81796
preemptive halt, cache_misses = 81796
preemptive halt, cache_misses = 81796
preemptive halt, cache_misses = 81796
preemptive halt, cache_misses = 81796
preemptive halt, cache_misses = 81796
preemptive halt, cache_misses = 81796
preemptive halt, cache_misses = 81796
preemptive halt, cache_misses = 81796
preemptive halt, cache_misses = 81796
preemptive halt, cache_misses = 81796
preemptive halt, cache_misses = 81796
binary search, size 20048  misses 81796  min 20039  max 20058
binary search, size 20053  misses 81795  min 20048  max 20058
preemptive halt, cache_misses = 81796
preemptive halt, cache_misses = 81796
preemptive halt, cache_misses = 81796
preemptive halt, cache_misses = 81796
preemptive halt, cache_misses = 81796
preemptive halt, cache_misses = 81796
preemptive halt, cache_misses = 81796
preemptive halt, cache_misses = 81796
preemptive halt, cache_misses = 81796
preemptive halt, cache_misses = 81796
preemptive halt, cache_misses = 81796
preemptive halt, cache_misses = 81796
preemptive halt, cache_misses = 81796
preemptive halt, cache_misses = 81796
preemptive halt, cache_misses = 81796
preemptive halt, cache_misses = 81796
preemptive halt, cache_misses = 81796
preemptive halt, cache_misses = 81796
preemptive halt, cache_misses = 81796
preemptive halt, cache_misses = 81796
preemptive halt, cache_misses = 81796
preemptive halt, cache_misses = 81796
preemptive halt, cache_misses = 81796
preemptive halt, cache_misses = 81796
preemptive halt, cache_misses = 81796
preemptive halt, cache_misses = 81796
preemptive halt, cache_misses = 81796
preemptive halt, cache_misses = 81796
preemptive halt, cache_misses = 81796
preemptive halt, cache_misses = 81796
preemptive halt, cache_misses = 81796
preemptive halt, cache_misses = 81796
preemptive halt, cache_misses = 81796
preemptive halt, cache_misses = 81796
preemptive halt, cache_misses = 81796
preemptive halt, cache_misses = 81796
preemptive halt, cache_misses = 81796
preemptive halt, cache_misses = 81796
preemptive halt, cache_misses = 81796
preemptive halt, cache_misses = 81796
preemptive halt, cache_misses = 81796
preemptive halt, cache_misses = 81796
preemptive halt, cache_misses = 81796
preemptive halt, cache_misses = 81796
preemptive halt, cache_misses = 81796
preemptive halt, cache_misses = 81796
preemptive halt, cache_misses = 81796
preemptive halt, cache_misses = 81796
preemptive halt, cache_misses = 81796
preemptive halt, cache_misses = 81796
preemptive halt, cache_misses = 81796
preemptive halt, cache_misses = 81796
preemptive halt, cache_misses = 81796
preemptive halt, cache_misses = 81796
preemptive halt, cache_misses = 81796
preemptive halt, cache_misses = 81796
preemptive halt, cache_misses = 81796
preemptive halt, cache_misses = 81796
preemptive halt, cache_misses = 81796
preemptive halt, cache_misses = 81796
preemptive halt, cache_misses = 81796
preemptive halt, cache_misses = 81796
preemptive halt, cache_misses = 81796
preemptive halt, cache_misses = 81796
preemptive halt, cache_misses = 81796
preemptive halt, cache_misses = 81796
preemptive halt, cache_misses = 81796
preemptive halt, cache_misses = 81796
binary search, size 20050  misses 81796  min 20048  max 20053
preemptive halt, cache_misses = 81797
preemptive halt, cache_misses = 81797
preemptive halt, cache_misses = 81797
preemptive halt, cache_misses = 81797
preemptive halt, cache_misses = 81797
preemptive halt, cache_misses = 81797
preemptive halt, cache_misses = 81797
preemptive halt, cache_misses = 81797
preemptive halt, cache_misses = 81797
preemptive halt, cache_misses = 81797
preemptive halt, cache_misses = 81797
preemptive halt, cache_misses = 81797
preemptive halt, cache_misses = 81797
preemptive halt, cache_misses = 81797
preemptive halt, cache_misses = 81797
preemptive halt, cache_misses = 81797
preemptive halt, cache_misses = 81797
preemptive halt, cache_misses = 81797
preemptive halt, cache_misses = 81797
preemptive halt, cache_misses = 81797
preemptive halt, cache_misses = 81797
preemptive halt, cache_misses = 81797
preemptive halt, cache_misses = 81797
preemptive halt, cache_misses = 81797
preemptive halt, cache_misses = 81797
preemptive halt, cache_misses = 81797
preemptive halt, cache_misses = 81797
preemptive halt, cache_misses = 81797
preemptive halt, cache_misses = 81797
preemptive halt, cache_misses = 81797
preemptive halt, cache_misses = 81797
preemptive halt, cache_misses = 81797
preemptive halt, cache_misses = 81797
preemptive halt, cache_misses = 81797
preemptive halt, cache_misses = 81797
preemptive halt, cache_misses = 81797
preemptive halt, cache_misses = 81797
preemptive halt, cache_misses = 81797
preemptive halt, cache_misses = 81797
preemptive halt, cache_misses = 81797
preemptive halt, cache_misses = 81797
preemptive halt, cache_misses = 81797
preemptive halt, cache_misses = 81797
preemptive halt, cache_misses = 81797
preemptive halt, cache_misses = 81797
preemptive halt, cache_misses = 81797
preemptive halt, cache_misses = 81797
preemptive halt, cache_misses = 81797
preemptive halt, cache_misses = 81797
preemptive halt, cache_misses = 81797
preemptive halt, cache_misses = 81797
preemptive halt, cache_misses = 81797
preemptive halt, cache_misses = 81797
preemptive halt, cache_misses = 81797
preemptive halt, cache_misses = 81797
preemptive halt, cache_misses = 81797
preemptive halt, cache_misses = 81797
preemptive halt, cache_misses = 81797
preemptive halt, cache_misses = 81797
preemptive halt, cache_misses = 81797
preemptive halt, cache_misses = 81797
preemptive halt, cache_misses = 81797
preemptive halt, cache_misses = 81797
preemptive halt, cache_misses = 81797
preemptive halt, cache_misses = 81797
preemptive halt, cache_misses = 81797
preemptive halt, cache_misses = 81797
preemptive halt, cache_misses = 81797
preemptive halt, cache_misses = 81797
preemptive halt, cache_misses = 81797
binary search, size 20051  misses 81797  min 20050  max 20053
preemptive halt, cache_misses = 81798
preemptive halt, cache_misses = 81798
preemptive halt, cache_misses = 81798
preemptive halt, cache_misses = 81798
preemptive halt, cache_misses = 81798
preemptive halt, cache_misses = 81798
preemptive halt, cache_misses = 81798
preemptive halt, cache_misses = 81798
preemptive halt, cache_misses = 81798
preemptive halt, cache_misses = 81798
preemptive halt, cache_misses = 81798
preemptive halt, cache_misses = 81798
preemptive halt, cache_misses = 81798
preemptive halt, cache_misses = 81798
preemptive halt, cache_misses = 81798
preemptive halt, cache_misses = 81798
preemptive halt, cache_misses = 81798
preemptive halt, cache_misses = 81798
preemptive halt, cache_misses = 81798
preemptive halt, cache_misses = 81798
preemptive halt, cache_misses = 81798
preemptive halt, cache_misses = 81798
preemptive halt, cache_misses = 81798
preemptive halt, cache_misses = 81798
preemptive halt, cache_misses = 81798
preemptive halt, cache_misses = 81798
preemptive halt, cache_misses = 81798
preemptive halt, cache_misses = 81798
preemptive halt, cache_misses = 81798
preemptive halt, cache_misses = 81798
preemptive halt, cache_misses = 81798
preemptive halt, cache_misses = 81798
preemptive halt, cache_misses = 81798
preemptive halt, cache_misses = 81798
preemptive halt, cache_misses = 81798
preemptive halt, cache_misses = 81798
preemptive halt, cache_misses = 81798
preemptive halt, cache_misses = 81798
preemptive halt, cache_misses = 81798
preemptive halt, cache_misses = 81798
preemptive halt, cache_misses = 81798
preemptive halt, cache_misses = 81798
preemptive halt, cache_misses = 81798
preemptive halt, cache_misses = 81798
preemptive halt, cache_misses = 81798
preemptive halt, cache_misses = 81798
preemptive halt, cache_misses = 81798
preemptive halt, cache_misses = 81798
preemptive halt, cache_misses = 81798
preemptive halt, cache_misses = 81798
preemptive halt, cache_misses = 81798
preemptive halt, cache_misses = 81798
preemptive halt, cache_misses = 81798
preemptive halt, cache_misses = 81798
preemptive halt, cache_misses = 81798
preemptive halt, cache_misses = 81798
preemptive halt, cache_misses = 81798
preemptive halt, cache_misses = 81798
preemptive halt, cache_misses = 81798
preemptive halt, cache_misses = 81798
preemptive halt, cache_misses = 81798
preemptive halt, cache_misses = 81798
preemptive halt, cache_misses = 81798
preemptive halt, cache_misses = 81798
preemptive halt, cache_misses = 81798
preemptive halt, cache_misses = 81798
preemptive halt, cache_misses = 81798
preemptive halt, cache_misses = 81798
preemptive halt, cache_misses = 81798
preemptive halt, cache_misses = 81798
preemptive halt, cache_misses = 81798
preemptive halt, cache_misses = 81798
binary search, size 20052  misses 81798  min 20051  max 20053
characteristic cache size (binary search) for 285 = 20053
End at: 2021-04-02 16:24:27.807332
Time elapsed: 0:00:01.573882
