Begin at: 2021-04-02 16:22:21.318109
['../dist/Debug/GNU-Linux/memo_batch_tester', '', '--mbt_execution_trace_fname', 'olcs4_traceback_csize_input_types/OLCS4_lru_2021_04_02__16_21_37_k_3__d_2_cache_size_160000_problems_10_to_400/OLCS4_lru_2021_04_02__16_21_37_k_3__d_2_cache_size_160000_problems_10_to_400/OLCS4__do_traceback_prob_size_171_cache_size_160000_lru_k_3_d_2_execution_trace_2021_4_2_16_22_21_pid_22445.log', '--mbt_cache_misses_fname', 'olcs4_traceback_csize_input_types/OLCS4_lru_2021_04_02__16_21_37_k_3__d_2_cache_size_160000_problems_10_to_400/lcs_cost_OLCS4_lru_misses_for_cache_size.csv', '--mbt_misses_for_problem_size_fname', 'olcs4_traceback_csize_input_types/OLCS4_lru_2021_04_02__16_21_37_k_3__d_2_cache_size_160000_problems_10_to_400/lcs_cost_OLCS4_lru_misses_for_problem_size.csv', '--mbt_exact_cutoff_min_cache_size', '160000', '--mbt_exact_cutoff_max_cache_size', '160000', '--mbt_problem_type', 'lcs', '--mbt_metric_type', 'csize_binary_search', '--mbt_cutoff_ratio', '2.2', '--mbt_instance_fname', '171', '--mbt_detailed_cache_misses_out_fname', 'csize_olcs4_traceback_0011n_ceil_n_b_8.csv', '--mbt_phi_N', '5.0', '--mbt_problem_size', '171', '--lcs_compute_length', '0', '--lcs_perform_traceback', '1', '--lig_instance_type', '0011n_ceil_n_b', '--lig_n', '171', '--lig_c', '0.9', '--lig_b', '8.0', '--lcs_oblivious', '4', '--lcs_execution_trace_fname', 'olcs4_traceback_csize_input_types/OLCS4_lru_2021_04_02__16_21_37_k_3__d_2_cache_size_160000_problems_10_to_400/OLCS4_lru_2021_04_02__16_21_37_k_3__d_2_cache_size_160000_problems_10_to_400/OLCS4__do_traceback_prob_size_171_cache_size_160000_lru_k_3_d_2_execution_trace_2021_4_2_16_22_21_pid_22445.log', '--memo_caching_strategy', 'lru', '--memo_cache_size', '160001', '--memo_lru_queue_size', '160000', '--memo_cuckoo_k', '4', '--memo_key_length', '8', '--memo_value_length', '8', '--memo_k_timestamps', '3', '--memo_d_recent_timestamps', '2', '--memo_a_items_per_timestamp_factor', '0.4375']

csize_binary_search chosen
lcs problem_type lcs cache_size 160001
initialize_long_int_cache begin
init_memo
arguments to memo:
 --mbt_execution_trace_fname olcs4_traceback_csize_input_types/OLCS4_lru_2021_04_02__16_21_37_k_3__d_2_cache_size_160000_problems_10_to_400/OLCS4_lru_2021_04_02__16_21_37_k_3__d_2_cache_size_160000_problems_10_to_400/OLCS4__do_traceback_prob_size_171_cache_size_160000_lru_k_3_d_2_execution_trace_2021_4_2_16_22_21_pid_22445.log --mbt_cache_misses_fname olcs4_traceback_csize_input_types/OLCS4_lru_2021_04_02__16_21_37_k_3__d_2_cache_size_160000_problems_10_to_400/lcs_cost_OLCS4_lru_misses_for_cache_size.csv --mbt_misses_for_problem_size_fname olcs4_traceback_csize_input_types/OLCS4_lru_2021_04_02__16_21_37_k_3__d_2_cache_size_160000_problems_10_to_400/lcs_cost_OLCS4_lru_misses_for_problem_size.csv --mbt_exact_cutoff_min_cache_size 160000 --mbt_exact_cutoff_max_cache_size 160000 --mbt_problem_type lcs --mbt_metric_type csize_binary_search --mbt_cutoff_ratio 2.2 --mbt_instance_fname 171 --mbt_detailed_cache_misses_out_fname csize_olcs4_traceback_0011n_ceil_n_b_8.csv --mbt_phi_N 5.0 --mbt_problem_size 171 --lcs_compute_length 0 --lcs_perform_traceback 1 --lig_instance_type 0011n_ceil_n_b --lig_n 171 --lig_c 0.9 --lig_b 8.0 --lcs_oblivious 4 --lcs_execution_trace_fname olcs4_traceback_csize_input_types/OLCS4_lru_2021_04_02__16_21_37_k_3__d_2_cache_size_160000_problems_10_to_400/OLCS4_lru_2021_04_02__16_21_37_k_3__d_2_cache_size_160000_problems_10_to_400/OLCS4__do_traceback_prob_size_171_cache_size_160000_lru_k_3_d_2_execution_trace_2021_4_2_16_22_21_pid_22445.log --memo_caching_strategy lru --memo_cache_size 160001 --memo_lru_queue_size 160000 --memo_cuckoo_k 4 --memo_key_length 8 --memo_value_length 8 --memo_k_timestamps 3 --memo_d_recent_timestamps 2 --memo_a_items_per_timestamp_factor 0.4375 
calculate_table_size: table_size is 262144, original is 160001
Finished initializing cache
initialize_long_int_cache end
done initializing cache
initializing problem
done initializing problem
commence trials
Starting characteristic_cache_size_binary_search with max cache size 160001
binary search, size 160001  misses 29583
binary search, size 80000  misses 29583  min 0  max 160001
binary search, size 40000  misses 29583  min 0  max 80000
binary search, size 20000  misses 29583  min 0  max 40000
binary search, size 10000  misses 29583  min 0  max 20000
preemptive halt, cache_misses = 29584
preemptive halt, cache_misses = 29584
preemptive halt, cache_misses = 29584
preemptive halt, cache_misses = 29584
preemptive halt, cache_misses = 29584
preemptive halt, cache_misses = 29584
preemptive halt, cache_misses = 29584
preemptive halt, cache_misses = 29584
preemptive halt, cache_misses = 29584
preemptive halt, cache_misses = 29584
preemptive halt, cache_misses = 29584
preemptive halt, cache_misses = 29584
preemptive halt, cache_misses = 29584
preemptive halt, cache_misses = 29584
preemptive halt, cache_misses = 29584
preemptive halt, cache_misses = 29584
preemptive halt, cache_misses = 29584
preemptive halt, cache_misses = 29584
preemptive halt, cache_misses = 29584
preemptive halt, cache_misses = 29584
preemptive halt, cache_misses = 29584
preemptive halt, cache_misses = 29584
preemptive halt, cache_misses = 29584
preemptive halt, cache_misses = 29584
preemptive halt, cache_misses = 29584
preemptive halt, cache_misses = 29584
preemptive halt, cache_misses = 29584
preemptive halt, cache_misses = 29584
preemptive halt, cache_misses = 29584
preemptive halt, cache_misses = 29584
preemptive halt, cache_misses = 29584
preemptive halt, cache_misses = 29584
preemptive halt, cache_misses = 29584
preemptive halt, cache_misses = 29584
preemptive halt, cache_misses = 29584
preemptive halt, cache_misses = 29584
binary search, size 5000  misses 29584  min 0  max 10000
binary search, size 7500  misses 29583  min 5000  max 10000
preemptive halt, cache_misses = 29584
preemptive halt, cache_misses = 29584
preemptive halt, cache_misses = 29584
preemptive halt, cache_misses = 29584
preemptive halt, cache_misses = 29584
preemptive halt, cache_misses = 29584
preemptive halt, cache_misses = 29584
preemptive halt, cache_misses = 29584
preemptive halt, cache_misses = 29584
preemptive halt, cache_misses = 29584
preemptive halt, cache_misses = 29584
preemptive halt, cache_misses = 29584
preemptive halt, cache_misses = 29584
preemptive halt, cache_misses = 29584
preemptive halt, cache_misses = 29584
preemptive halt, cache_misses = 29584
preemptive halt, cache_misses = 29584
preemptive halt, cache_misses = 29584
preemptive halt, cache_misses = 29584
preemptive halt, cache_misses = 29584
preemptive halt, cache_misses = 29584
preemptive halt, cache_misses = 29584
preemptive halt, cache_misses = 29584
preemptive halt, cache_misses = 29584
preemptive halt, cache_misses = 29584
preemptive halt, cache_misses = 29584
preemptive halt, cache_misses = 29584
preemptive halt, cache_misses = 29584
preemptive halt, cache_misses = 29584
preemptive halt, cache_misses = 29584
preemptive halt, cache_misses = 29584
preemptive halt, cache_misses = 29584
preemptive halt, cache_misses = 29584
preemptive halt, cache_misses = 29584
preemptive halt, cache_misses = 29584
preemptive halt, cache_misses = 29584
binary search, size 6250  misses 29584  min 5000  max 7500
preemptive halt, cache_misses = 29585
preemptive halt, cache_misses = 29585
preemptive halt, cache_misses = 29585
preemptive halt, cache_misses = 29585
preemptive halt, cache_misses = 29585
preemptive halt, cache_misses = 29585
preemptive halt, cache_misses = 29585
preemptive halt, cache_misses = 29585
preemptive halt, cache_misses = 29585
preemptive halt, cache_misses = 29585
preemptive halt, cache_misses = 29585
preemptive halt, cache_misses = 29585
preemptive halt, cache_misses = 29585
preemptive halt, cache_misses = 29585
preemptive halt, cache_misses = 29585
preemptive halt, cache_misses = 29585
preemptive halt, cache_misses = 29585
preemptive halt, cache_misses = 29585
preemptive halt, cache_misses = 29585
preemptive halt, cache_misses = 29585
preemptive halt, cache_misses = 29585
preemptive halt, cache_misses = 29585
preemptive halt, cache_misses = 29585
preemptive halt, cache_misses = 29585
preemptive halt, cache_misses = 29585
preemptive halt, cache_misses = 29585
preemptive halt, cache_misses = 29585
preemptive halt, cache_misses = 29585
preemptive halt, cache_misses = 29585
preemptive halt, cache_misses = 29585
preemptive halt, cache_misses = 29585
preemptive halt, cache_misses = 29585
preemptive halt, cache_misses = 29585
preemptive halt, cache_misses = 29585
preemptive halt, cache_misses = 29585
preemptive halt, cache_misses = 29585
preemptive halt, cache_misses = 29585
preemptive halt, cache_misses = 29585
binary search, size 6875  misses 29585  min 6250  max 7500
binary search, size 7187  misses 29583  min 6875  max 7500
binary search, size 7031  misses 29583  min 6875  max 7187
binary search, size 6953  misses 29583  min 6875  max 7031
binary search, size 6914  misses 29583  min 6875  max 6953
preemptive halt, cache_misses = 29584
preemptive halt, cache_misses = 29584
preemptive halt, cache_misses = 29584
preemptive halt, cache_misses = 29584
preemptive halt, cache_misses = 29584
preemptive halt, cache_misses = 29584
preemptive halt, cache_misses = 29584
preemptive halt, cache_misses = 29584
preemptive halt, cache_misses = 29584
preemptive halt, cache_misses = 29584
preemptive halt, cache_misses = 29584
preemptive halt, cache_misses = 29584
preemptive halt, cache_misses = 29584
preemptive halt, cache_misses = 29584
preemptive halt, cache_misses = 29584
preemptive halt, cache_misses = 29584
preemptive halt, cache_misses = 29584
preemptive halt, cache_misses = 29584
preemptive halt, cache_misses = 29584
preemptive halt, cache_misses = 29584
preemptive halt, cache_misses = 29584
preemptive halt, cache_misses = 29584
preemptive halt, cache_misses = 29584
preemptive halt, cache_misses = 29584
preemptive halt, cache_misses = 29584
preemptive halt, cache_misses = 29584
preemptive halt, cache_misses = 29584
preemptive halt, cache_misses = 29584
preemptive halt, cache_misses = 29584
preemptive halt, cache_misses = 29584
preemptive halt, cache_misses = 29584
preemptive halt, cache_misses = 29584
preemptive halt, cache_misses = 29584
preemptive halt, cache_misses = 29584
preemptive halt, cache_misses = 29584
preemptive halt, cache_misses = 29584
binary search, size 6894  misses 29584  min 6875  max 6914
binary search, size 6904  misses 29583  min 6894  max 6914
binary search, size 6899  misses 29583  min 6894  max 6904
preemptive halt, cache_misses = 29584
preemptive halt, cache_misses = 29584
preemptive halt, cache_misses = 29584
preemptive halt, cache_misses = 29584
preemptive halt, cache_misses = 29584
preemptive halt, cache_misses = 29584
preemptive halt, cache_misses = 29584
preemptive halt, cache_misses = 29584
preemptive halt, cache_misses = 29584
preemptive halt, cache_misses = 29584
preemptive halt, cache_misses = 29584
preemptive halt, cache_misses = 29584
preemptive halt, cache_misses = 29584
preemptive halt, cache_misses = 29584
preemptive halt, cache_misses = 29584
preemptive halt, cache_misses = 29584
preemptive halt, cache_misses = 29584
preemptive halt, cache_misses = 29584
preemptive halt, cache_misses = 29584
preemptive halt, cache_misses = 29584
preemptive halt, cache_misses = 29584
preemptive halt, cache_misses = 29584
preemptive halt, cache_misses = 29584
preemptive halt, cache_misses = 29584
preemptive halt, cache_misses = 29584
preemptive halt, cache_misses = 29584
preemptive halt, cache_misses = 29584
preemptive halt, cache_misses = 29584
preemptive halt, cache_misses = 29584
preemptive halt, cache_misses = 29584
preemptive halt, cache_misses = 29584
preemptive halt, cache_misses = 29584
preemptive halt, cache_misses = 29584
preemptive halt, cache_misses = 29584
preemptive halt, cache_misses = 29584
preemptive halt, cache_misses = 29584
binary search, size 6896  misses 29584  min 6894  max 6899
binary search, size 6897  misses 29583  min 6896  max 6899
characteristic cache size (binary search) for 171 = 6897
End at: 2021-04-02 16:22:21.884434
Time elapsed: 0:00:00.566343
