Begin at: 2021-04-02 16:21:49.228847
['../dist/Debug/GNU-Linux/memo_batch_tester', '', '--mbt_execution_trace_fname', 'olcs4_traceback_csize_input_types/OLCS4_lru_2021_04_02__16_21_37_k_3__d_2_cache_size_160000_problems_10_to_400/OLCS4_lru_2021_04_02__16_21_37_k_3__d_2_cache_size_160000_problems_10_to_400/OLCS4__do_traceback_prob_size_91_cache_size_160000_lru_k_3_d_2_execution_trace_2021_4_2_16_21_49_pid_22284.log', '--mbt_cache_misses_fname', 'olcs4_traceback_csize_input_types/OLCS4_lru_2021_04_02__16_21_37_k_3__d_2_cache_size_160000_problems_10_to_400/lcs_cost_OLCS4_lru_misses_for_cache_size.csv', '--mbt_misses_for_problem_size_fname', 'olcs4_traceback_csize_input_types/OLCS4_lru_2021_04_02__16_21_37_k_3__d_2_cache_size_160000_problems_10_to_400/lcs_cost_OLCS4_lru_misses_for_problem_size.csv', '--mbt_exact_cutoff_min_cache_size', '160000', '--mbt_exact_cutoff_max_cache_size', '160000', '--mbt_problem_type', 'lcs', '--mbt_metric_type', 'csize_binary_search', '--mbt_cutoff_ratio', '2.2', '--mbt_instance_fname', '91', '--mbt_detailed_cache_misses_out_fname', 'csize_olcs4_traceback_0011n_ceil_n_b_8.csv', '--mbt_phi_N', '5.0', '--mbt_problem_size', '91', '--lcs_compute_length', '0', '--lcs_perform_traceback', '1', '--lig_instance_type', '0011n_ceil_n_b', '--lig_n', '91', '--lig_c', '0.9', '--lig_b', '8.0', '--lcs_oblivious', '4', '--lcs_execution_trace_fname', 'olcs4_traceback_csize_input_types/OLCS4_lru_2021_04_02__16_21_37_k_3__d_2_cache_size_160000_problems_10_to_400/OLCS4_lru_2021_04_02__16_21_37_k_3__d_2_cache_size_160000_problems_10_to_400/OLCS4__do_traceback_prob_size_91_cache_size_160000_lru_k_3_d_2_execution_trace_2021_4_2_16_21_49_pid_22284.log', '--memo_caching_strategy', 'lru', '--memo_cache_size', '160001', '--memo_lru_queue_size', '160000', '--memo_cuckoo_k', '4', '--memo_key_length', '8', '--memo_value_length', '8', '--memo_k_timestamps', '3', '--memo_d_recent_timestamps', '2', '--memo_a_items_per_timestamp_factor', '0.4375']

csize_binary_search chosen
lcs problem_type lcs cache_size 160001
initialize_long_int_cache begin
init_memo
arguments to memo:
 --mbt_execution_trace_fname olcs4_traceback_csize_input_types/OLCS4_lru_2021_04_02__16_21_37_k_3__d_2_cache_size_160000_problems_10_to_400/OLCS4_lru_2021_04_02__16_21_37_k_3__d_2_cache_size_160000_problems_10_to_400/OLCS4__do_traceback_prob_size_91_cache_size_160000_lru_k_3_d_2_execution_trace_2021_4_2_16_21_49_pid_22284.log --mbt_cache_misses_fname olcs4_traceback_csize_input_types/OLCS4_lru_2021_04_02__16_21_37_k_3__d_2_cache_size_160000_problems_10_to_400/lcs_cost_OLCS4_lru_misses_for_cache_size.csv --mbt_misses_for_problem_size_fname olcs4_traceback_csize_input_types/OLCS4_lru_2021_04_02__16_21_37_k_3__d_2_cache_size_160000_problems_10_to_400/lcs_cost_OLCS4_lru_misses_for_problem_size.csv --mbt_exact_cutoff_min_cache_size 160000 --mbt_exact_cutoff_max_cache_size 160000 --mbt_problem_type lcs --mbt_metric_type csize_binary_search --mbt_cutoff_ratio 2.2 --mbt_instance_fname 91 --mbt_detailed_cache_misses_out_fname csize_olcs4_traceback_0011n_ceil_n_b_8.csv --mbt_phi_N 5.0 --mbt_problem_size 91 --lcs_compute_length 0 --lcs_perform_traceback 1 --lig_instance_type 0011n_ceil_n_b --lig_n 91 --lig_c 0.9 --lig_b 8.0 --lcs_oblivious 4 --lcs_execution_trace_fname olcs4_traceback_csize_input_types/OLCS4_lru_2021_04_02__16_21_37_k_3__d_2_cache_size_160000_problems_10_to_400/OLCS4_lru_2021_04_02__16_21_37_k_3__d_2_cache_size_160000_problems_10_to_400/OLCS4__do_traceback_prob_size_91_cache_size_160000_lru_k_3_d_2_execution_trace_2021_4_2_16_21_49_pid_22284.log --memo_caching_strategy lru --memo_cache_size 160001 --memo_lru_queue_size 160000 --memo_cuckoo_k 4 --memo_key_length 8 --memo_value_length 8 --memo_k_timestamps 3 --memo_d_recent_timestamps 2 --memo_a_items_per_timestamp_factor 0.4375 
calculate_table_size: table_size is 262144, original is 160001
Finished initializing cache
initialize_long_int_cache end
done initializing cache
initializing problem
done initializing problem
commence trials
Starting characteristic_cache_size_binary_search with max cache size 160001
binary search, size 160001  misses 8463
binary search, size 80000  misses 8463  min 0  max 160001
binary search, size 40000  misses 8463  min 0  max 80000
binary search, size 20000  misses 8463  min 0  max 40000
binary search, size 10000  misses 8463  min 0  max 20000
binary search, size 5000  misses 8463  min 0  max 10000
binary search, size 2500  misses 8463  min 0  max 5000
preemptive halt, cache_misses = 8464
preemptive halt, cache_misses = 8464
preemptive halt, cache_misses = 8464
preemptive halt, cache_misses = 8464
preemptive halt, cache_misses = 8464
preemptive halt, cache_misses = 8464
preemptive halt, cache_misses = 8464
preemptive halt, cache_misses = 8464
preemptive halt, cache_misses = 8464
preemptive halt, cache_misses = 8464
preemptive halt, cache_misses = 8464
preemptive halt, cache_misses = 8464
preemptive halt, cache_misses = 8464
preemptive halt, cache_misses = 8464
preemptive halt, cache_misses = 8464
preemptive halt, cache_misses = 8464
binary search, size 1250  misses 8464  min 0  max 2500
binary search, size 1875  misses 8463  min 1250  max 2500
preemptive halt, cache_misses = 8464
preemptive halt, cache_misses = 8464
preemptive halt, cache_misses = 8464
preemptive halt, cache_misses = 8464
preemptive halt, cache_misses = 8464
preemptive halt, cache_misses = 8464
preemptive halt, cache_misses = 8464
preemptive halt, cache_misses = 8464
preemptive halt, cache_misses = 8464
preemptive halt, cache_misses = 8464
preemptive halt, cache_misses = 8464
preemptive halt, cache_misses = 8464
preemptive halt, cache_misses = 8464
preemptive halt, cache_misses = 8464
preemptive halt, cache_misses = 8464
preemptive halt, cache_misses = 8464
binary search, size 1562  misses 8464  min 1250  max 1875
preemptive halt, cache_misses = 8465
preemptive halt, cache_misses = 8465
preemptive halt, cache_misses = 8465
preemptive halt, cache_misses = 8465
preemptive halt, cache_misses = 8465
preemptive halt, cache_misses = 8465
preemptive halt, cache_misses = 8465
preemptive halt, cache_misses = 8465
preemptive halt, cache_misses = 8465
preemptive halt, cache_misses = 8465
preemptive halt, cache_misses = 8465
preemptive halt, cache_misses = 8465
preemptive halt, cache_misses = 8465
preemptive halt, cache_misses = 8465
preemptive halt, cache_misses = 8465
preemptive halt, cache_misses = 8465
preemptive halt, cache_misses = 8465
preemptive halt, cache_misses = 8465
binary search, size 1718  misses 8465  min 1562  max 1875
preemptive halt, cache_misses = 8466
preemptive halt, cache_misses = 8466
preemptive halt, cache_misses = 8466
preemptive halt, cache_misses = 8466
preemptive halt, cache_misses = 8466
preemptive halt, cache_misses = 8466
preemptive halt, cache_misses = 8466
preemptive halt, cache_misses = 8466
preemptive halt, cache_misses = 8466
preemptive halt, cache_misses = 8466
preemptive halt, cache_misses = 8466
preemptive halt, cache_misses = 8466
preemptive halt, cache_misses = 8466
preemptive halt, cache_misses = 8466
preemptive halt, cache_misses = 8466
preemptive halt, cache_misses = 8466
preemptive halt, cache_misses = 8466
preemptive halt, cache_misses = 8466
preemptive halt, cache_misses = 8466
preemptive halt, cache_misses = 8466
binary search, size 1796  misses 8466  min 1718  max 1875
preemptive halt, cache_misses = 8467
preemptive halt, cache_misses = 8467
preemptive halt, cache_misses = 8467
preemptive halt, cache_misses = 8467
preemptive halt, cache_misses = 8467
preemptive halt, cache_misses = 8467
preemptive halt, cache_misses = 8467
preemptive halt, cache_misses = 8467
preemptive halt, cache_misses = 8467
preemptive halt, cache_misses = 8467
preemptive halt, cache_misses = 8467
preemptive halt, cache_misses = 8467
preemptive halt, cache_misses = 8467
preemptive halt, cache_misses = 8467
preemptive halt, cache_misses = 8467
preemptive halt, cache_misses = 8467
preemptive halt, cache_misses = 8467
preemptive halt, cache_misses = 8467
preemptive halt, cache_misses = 8467
preemptive halt, cache_misses = 8467
preemptive halt, cache_misses = 8467
preemptive halt, cache_misses = 8467
binary search, size 1835  misses 8467  min 1796  max 1875
binary search, size 1855  misses 8463  min 1835  max 1875
preemptive halt, cache_misses = 8464
preemptive halt, cache_misses = 8464
preemptive halt, cache_misses = 8464
preemptive halt, cache_misses = 8464
preemptive halt, cache_misses = 8464
preemptive halt, cache_misses = 8464
preemptive halt, cache_misses = 8464
preemptive halt, cache_misses = 8464
preemptive halt, cache_misses = 8464
preemptive halt, cache_misses = 8464
preemptive halt, cache_misses = 8464
preemptive halt, cache_misses = 8464
preemptive halt, cache_misses = 8464
preemptive halt, cache_misses = 8464
preemptive halt, cache_misses = 8464
preemptive halt, cache_misses = 8464
binary search, size 1845  misses 8464  min 1835  max 1855
binary search, size 1850  misses 8463  min 1845  max 1855
binary search, size 1847  misses 8463  min 1845  max 1850
preemptive halt, cache_misses = 8464
preemptive halt, cache_misses = 8464
preemptive halt, cache_misses = 8464
preemptive halt, cache_misses = 8464
preemptive halt, cache_misses = 8464
preemptive halt, cache_misses = 8464
preemptive halt, cache_misses = 8464
preemptive halt, cache_misses = 8464
preemptive halt, cache_misses = 8464
preemptive halt, cache_misses = 8464
preemptive halt, cache_misses = 8464
preemptive halt, cache_misses = 8464
preemptive halt, cache_misses = 8464
preemptive halt, cache_misses = 8464
preemptive halt, cache_misses = 8464
preemptive halt, cache_misses = 8464
binary search, size 1846  misses 8464  min 1845  max 1847
characteristic cache size (binary search) for 91 = 1847
End at: 2021-04-02 16:21:49.421838
Time elapsed: 0:00:00.193007
