Begin at: 2021-04-03 03:02:08.878893
Automatically generated: n 16384  k 9  d 7  a 0.1285714285714286  phi 7723.88571428572  alpha 0.9000000000000001['../dist/Release/GNU-Linux/memo_batch_tester', '', '--mbt_execution_trace_fname', 'arora_lru_nru/arora_u2319_problem_size_2319_nru_d_drunken_relative_2021_04_03__03_01_13_k_3__d_2_cache_sizes_2_to_10731/arora_u2319_problem_size_2319_nru_d_drunken_relative_2021_04_03__03_01_13_k_3__d_2_cache_sizes_2_to_10731/arora_n_2319_cache_size_16384_get_tour_nru_d_drunken_relative_k_9_d_7_execution_trace_2021_4_3_3_2_8_pid_9311.log', '--mbt_cache_misses_fname', 'arora_lru_nru/arora_u2319_problem_size_2319_nru_d_drunken_relative_2021_04_03__03_01_13_k_3__d_2_cache_sizes_2_to_10731/kmp__misses_for_cache_size.csv', '--mbt_misses_for_problem_size_fname', 'arora_lru_nru/arora_u2319_problem_size_2319_nru_d_drunken_relative_2021_04_03__03_01_13_k_3__d_2_cache_sizes_2_to_10731/kmp__misses_for_problem_size.csv', '--mbt_exact_cutoff_min_cache_size', '16384', '--mbt_exact_cutoff_max_cache_size', '16384', '--mbt_problem_type', 'arora', '--mbt_metric_type', 'solve_once', '--mbt_cutoff_ratio', '2.2', '--mbt_instance_fname', '2319', '--mbt_time_cutoff_coefficient', '1.0', '--mbt_cache_miss_cutoff_coefficient', '1.0', '--mbt_seconds_per_miss', '1', '--mbt_detailed_cache_misses_out_fname', 'u2319_nru_relative_autogen.csv', '--mbt_phi_N', '7723.88571428572', '--arora_instance_fname', '/home/benjamin/beigel/arora_tsp_applications/misc_phd/input/tsp_instances/tsplib/u2319.tsp', '--arora_results_directory', 'arora_lru_nru/arora_u2319_problem_size_2319_nru_d_drunken_relative_2021_04_03__03_01_13_k_3__d_2_cache_sizes_2_to_10731', '--arora_logs_fname', 'arora_lru_nru/arora_u2319_problem_size_2319_nru_d_drunken_relative_2021_04_03__03_01_13_k_3__d_2_cache_sizes_2_to_10731/arora_u2319_problem_size_2319_nru_d_drunken_relative_2021_04_03__03_01_13_k_3__d_2_cache_sizes_2_to_10731/arora_n_2319_cache_size_16384_get_tour_nru_d_drunken_relative_k_9_d_7_execution_trace_2021_4_3_3_2_8_pid_9311.log', '--arora_points_per_border', '2', '--arora_write_graphing_data', '1', '--arora_write_tspr', '1', '--arora_do_portalize', '1', '--arora_do_solve', '1', '--arora_do_find_tour', '1', '--arora_key_length', '27', '--arora_do_report_results', '1', '--arora_do_cache_distances', '0', '--arora_use_new_schema_tables', '0', '--arora_num_segments', '2', '--memo_caching_strategy', 'nru_d_drunken_relative', '--memo_cache_size', '16384', '--memo_lru_queue_size', '16384', '--memo_cuckoo_k', '4', '--memo_key_length', '27', '--memo_value_length', '8', '--memo_k_timestamps', '9', '--memo_d_recent_timestamps', '7', '--memo_a_items_per_timestamp_factor', '0.1285714285714286']

solve_once chosen
arora arora 16384
initialize_long_int_cache begin
init_memo
arguments to memo:
 --mbt_execution_trace_fname arora_lru_nru/arora_u2319_problem_size_2319_nru_d_drunken_relative_2021_04_03__03_01_13_k_3__d_2_cache_sizes_2_to_10731/arora_u2319_problem_size_2319_nru_d_drunken_relative_2021_04_03__03_01_13_k_3__d_2_cache_sizes_2_to_10731/arora_n_2319_cache_size_16384_get_tour_nru_d_drunken_relative_k_9_d_7_execution_trace_2021_4_3_3_2_8_pid_9311.log --mbt_cache_misses_fname arora_lru_nru/arora_u2319_problem_size_2319_nru_d_drunken_relative_2021_04_03__03_01_13_k_3__d_2_cache_sizes_2_to_10731/kmp__misses_for_cache_size.csv --mbt_misses_for_problem_size_fname arora_lru_nru/arora_u2319_problem_size_2319_nru_d_drunken_relative_2021_04_03__03_01_13_k_3__d_2_cache_sizes_2_to_10731/kmp__misses_for_problem_size.csv --mbt_exact_cutoff_min_cache_size 16384 --mbt_exact_cutoff_max_cache_size 16384 --mbt_problem_type arora --mbt_metric_type solve_once --mbt_cutoff_ratio 2.2 --mbt_instance_fname 2319 --mbt_time_cutoff_coefficient 1.0 --mbt_cache_miss_cutoff_coefficient 1.0 --mbt_seconds_per_miss 1 --mbt_detailed_cache_misses_out_fname u2319_nru_relative_autogen.csv --mbt_phi_N 7723.88571428572 --arora_instance_fname /home/benjamin/beigel/arora_tsp_applications/misc_phd/input/tsp_instances/tsplib/u2319.tsp --arora_results_directory arora_lru_nru/arora_u2319_problem_size_2319_nru_d_drunken_relative_2021_04_03__03_01_13_k_3__d_2_cache_sizes_2_to_10731 --arora_logs_fname arora_lru_nru/arora_u2319_problem_size_2319_nru_d_drunken_relative_2021_04_03__03_01_13_k_3__d_2_cache_sizes_2_to_10731/arora_u2319_problem_size_2319_nru_d_drunken_relative_2021_04_03__03_01_13_k_3__d_2_cache_sizes_2_to_10731/arora_n_2319_cache_size_16384_get_tour_nru_d_drunken_relative_k_9_d_7_execution_trace_2021_4_3_3_2_8_pid_9311.log --arora_points_per_border 2 --arora_write_graphing_data 1 --arora_write_tspr 1 --arora_do_portalize 1 --arora_do_solve 1 --arora_do_find_tour 1 --arora_key_length 27 --arora_do_report_results 1 --arora_do_cache_distances 0 --arora_use_new_schema_tables 0 --arora_num_segments 2 --memo_caching_strategy nru_d_drunken_relative --memo_cache_size 16384 --memo_lru_queue_size 16384 --memo_cuckoo_k 4 --memo_key_length 27 --memo_value_length 8 --memo_k_timestamps 9 --memo_d_recent_timestamps 7 --memo_a_items_per_timestamp_factor 0.1285714285714286 
initialize_nru begin
calculate_nrh_table_size: table_size is 16384, original is 16384
calculate_table_size: table_size is 16384, original is 16384
initialize_cuckoo done
initialize_nru_parameters done N=16384 K=9 D=7 A=0.128571 AN=2106 ALPHA=0.900000 PHI=0.471429 AGE=7723
initialize_nru end
Finished initializing cache
initialize_long_int_cache end
done initializing cache
initializing problem
processing argument 1: 
processing argument 2: --mbt_execution_trace_fname
processing argument 3: arora_lru_nru/arora_u2319_problem_size_2319_nru_d_drunken_relative_2021_04_03__03_01_13_k_3__d_2_cache_sizes_2_to_10731/arora_u2319_problem_size_2319_nru_d_drunken_relative_2021_04_03__03_01_13_k_3__d_2_cache_sizes_2_to_10731/arora_n_2319_cache_size_16384_get_tour_nru_d_drunken_relative_k_9_d_7_execution_trace_2021_4_3_3_2_8_pid_9311.log
processing argument 4: --mbt_cache_misses_fname
processing argument 5: arora_lru_nru/arora_u2319_problem_size_2319_nru_d_drunken_relative_2021_04_03__03_01_13_k_3__d_2_cache_sizes_2_to_10731/kmp__misses_for_cache_size.csv
processing argument 6: --mbt_misses_for_problem_size_fname
processing argument 7: arora_lru_nru/arora_u2319_problem_size_2319_nru_d_drunken_relative_2021_04_03__03_01_13_k_3__d_2_cache_sizes_2_to_10731/kmp__misses_for_problem_size.csv
processing argument 8: --mbt_exact_cutoff_min_cache_size
processing argument 9: 16384
processing argument 10: --mbt_exact_cutoff_max_cache_size
processing argument 11: 16384
processing argument 12: --mbt_problem_type
processing argument 13: arora
processing argument 14: --mbt_metric_type
processing argument 15: solve_once
processing argument 16: --mbt_cutoff_ratio
processing argument 17: 2.2
processing argument 18: --mbt_instance_fname
processing argument 19: 2319
processing argument 20: --mbt_time_cutoff_coefficient
processing argument 21: 1.0
processing argument 22: --mbt_cache_miss_cutoff_coefficient
processing argument 23: 1.0
processing argument 24: --mbt_seconds_per_miss
processing argument 25: 1
processing argument 26: --mbt_detailed_cache_misses_out_fname
processing argument 27: u2319_nru_relative_autogen.csv
processing argument 28: --mbt_phi_N
processing argument 29: 7723.88571428572
processing argument 30: --arora_instance_fname
Warning: optimal tour file /home/benjamin/beigel/arora_tsp_applications/misc_phd/input/tsp_instances/tsplib/u2319.opt.tour cannot be opened! Proceeding anyway...
processing argument 32: --arora_results_directory
setting options.results_directory to arora_lru_nru/arora_u2319_problem_size_2319_nru_d_drunken_relative_2021_04_03__03_01_13_k_3__d_2_cache_sizes_2_to_10731
processing argument 34: --arora_logs_fname
processing argument 35: arora_lru_nru/arora_u2319_problem_size_2319_nru_d_drunken_relative_2021_04_03__03_01_13_k_3__d_2_cache_sizes_2_to_10731/arora_u2319_problem_size_2319_nru_d_drunken_relative_2021_04_03__03_01_13_k_3__d_2_cache_sizes_2_to_10731/arora_n_2319_cache_size_16384_get_tour_nru_d_drunken_relative_k_9_d_7_execution_trace_2021_4_3_3_2_8_pid_9311.log
processing argument 36: --arora_points_per_border
setting options.POINTS_PER_BORDER to 2
processing argument 38: --arora_write_graphing_data
write_graphing_data = 1
setting options.WRITE_GRAPHING_DATA = TRUE
processing argument 40: --arora_write_tspr
write_tspr = 1
setting options.WRITE_RESULTS = TRUE
processing argument 42: --arora_do_portalize
do_portalize = 1
setting options.DO_PORTALIZE = TRUE
processing argument 44: --arora_do_solve
setting options.do_SOLVE = TRUE
processing argument 46: --arora_do_find_tour
setting options.DO_FIND_TOUR = TRUE
processing argument 48: --arora_key_length
processing argument 50: --arora_do_report_results
setting options.DO_REPORT = TRUE
processing argument 52: --arora_do_cache_distances
setting options.CACHE_DISTANCES to FALSE
processing argument 54: --arora_use_new_schema_tables
setting options.USE_NEW_SCHEMA_TABLES = FALSE
processing argument 56: --arora_num_segments
processing argument 58: --memo_caching_strategy
processing argument 59: nru_d_drunken_relative
processing argument 60: --memo_cache_size
processing argument 61: 16384
processing argument 62: --memo_lru_queue_size
processing argument 63: 16384
processing argument 64: --memo_cuckoo_k
processing argument 65: 4
processing argument 66: --memo_key_length
processing argument 67: 27
processing argument 68: --memo_value_length
processing argument 69: 8
processing argument 70: --memo_k_timestamps
processing argument 71: 9
processing argument 72: --memo_d_recent_timestamps
processing argument 73: 7
processing argument 74: --memo_a_items_per_timestamp_factor
processing argument 75: 0.1285714285714286
validate_options
load_instance
27 byte keys
initialize_arora: about to perturb
perturbed
partitioned
portalized
done initializing problem
commence trials
starting solve_once with cache size 16384
solve_arora
got_best_distance, elapsed time: 5947.000000   0.005947 (sec)
got_best_tour
compute path length
compute path length
compute floating point tour length
floating point tour length=256375.655859
Writing results...
resolved_results_fname: arora_lru_nru/arora_u2319_problem_size_2319_nru_d_drunken_relative_2021_04_03__03_01_13_k_3__d_2_cache_sizes_2_to_10731/u2319---04-3-2021-03-02-08.tspr
Writing results to file: arora_lru_nru/arora_u2319_problem_size_2319_nru_d_drunken_relative_2021_04_03__03_01_13_k_3__d_2_cache_sizes_2_to_10731/u2319---04-3-2021-03-02-08.tspr
Writing graphing data.
Done writing all results to file.
arora_lru_nru/arora_u2319_problem_size_2319_nru_d_drunken_relative_2021_04_03__03_01_13_k_3__d_2_cache_sizes_2_to_10731u2319---4-3-2021---3:2:8.tspr
N = 2319
Elapsed time: 0.005947 (sec)
Best path length from get best distance: 597989
Arora Path Length: 597989
Arora Tour Length: 492412
a100 tour length: 256375.655859
Concorde tour length: -1.000000
Optimal tour length: -1.000000
Total subproblems: 0
Estimated subproblems: 0
Probes per subproblem: -nan
cache_misses = 10731
cache_reads = 19022
cache_reread_misses = 0
cache_rereads = 0
path_anomalies = 0
schema counts: 3338 353 887 4 0 8 39 7 0 0 0 0 0 0 0 0 0 0 0 0 0 0 
solve_once with cache_size 16384 misses 10731 duration 1.315632
solve once for 2319 = -1
End at: 2021-04-03 03:02:10.553858Time elapsed: 0:00:01.674986
