Begin at: 2021-04-02 00:10:01.014379
['../dist/Debug/GNU-Linux/memo_batch_tester', '', '--mbt_execution_trace_fname', 'olcs4_traceback_csize_input_types/OLCS4_lru_2021_04_02__00_09_58_k_3__d_2_cache_size_160000_problems_10_to_400/OLCS4_lru_2021_04_02__00_09_58_k_3__d_2_cache_size_160000_problems_10_to_400/OLCS4__do_traceback_prob_size_34_cache_size_160000_lru_k_3_d_2_execution_trace_2021_4_2_0_10_1_pid_30329.log', '--mbt_cache_misses_fname', 'olcs4_traceback_csize_input_types/OLCS4_lru_2021_04_02__00_09_58_k_3__d_2_cache_size_160000_problems_10_to_400/lcs_cost_OLCS4_lru_misses_for_cache_size.csv', '--mbt_misses_for_problem_size_fname', 'olcs4_traceback_csize_input_types/OLCS4_lru_2021_04_02__00_09_58_k_3__d_2_cache_size_160000_problems_10_to_400/lcs_cost_OLCS4_lru_misses_for_problem_size.csv', '--mbt_exact_cutoff_min_cache_size', '160000', '--mbt_exact_cutoff_max_cache_size', '160000', '--mbt_problem_type', 'lcs', '--mbt_metric_type', 'csize_binary_search', '--mbt_cutoff_ratio', '2.2', '--mbt_instance_fname', '34', '--mbt_detailed_cache_misses_out_fname', 'csize_olcs4_traceback_000_111.csv', '--mbt_phi_N', '5.0', '--mbt_problem_size', '34', '--lcs_compute_length', '0', '--lcs_perform_traceback', '1', '--lig_instance_type', '000_111', '--lig_n', '34', '--lig_c', '3.0', '--lig_b', '3.0', '--lcs_oblivious', '4', '--lcs_execution_trace_fname', 'olcs4_traceback_csize_input_types/OLCS4_lru_2021_04_02__00_09_58_k_3__d_2_cache_size_160000_problems_10_to_400/OLCS4_lru_2021_04_02__00_09_58_k_3__d_2_cache_size_160000_problems_10_to_400/OLCS4__do_traceback_prob_size_34_cache_size_160000_lru_k_3_d_2_execution_trace_2021_4_2_0_10_1_pid_30329.log', '--memo_caching_strategy', 'lru', '--memo_cache_size', '160001', '--memo_lru_queue_size', '160000', '--memo_cuckoo_k', '4', '--memo_key_length', '8', '--memo_value_length', '8', '--memo_k_timestamps', '3', '--memo_d_recent_timestamps', '2', '--memo_a_items_per_timestamp_factor', '0.4375']

csize_binary_search chosen
lcs problem_type lcs cache_size 160001
initialize_long_int_cache begin
init_memo
arguments to memo:
 --mbt_execution_trace_fname olcs4_traceback_csize_input_types/OLCS4_lru_2021_04_02__00_09_58_k_3__d_2_cache_size_160000_problems_10_to_400/OLCS4_lru_2021_04_02__00_09_58_k_3__d_2_cache_size_160000_problems_10_to_400/OLCS4__do_traceback_prob_size_34_cache_size_160000_lru_k_3_d_2_execution_trace_2021_4_2_0_10_1_pid_30329.log --mbt_cache_misses_fname olcs4_traceback_csize_input_types/OLCS4_lru_2021_04_02__00_09_58_k_3__d_2_cache_size_160000_problems_10_to_400/lcs_cost_OLCS4_lru_misses_for_cache_size.csv --mbt_misses_for_problem_size_fname olcs4_traceback_csize_input_types/OLCS4_lru_2021_04_02__00_09_58_k_3__d_2_cache_size_160000_problems_10_to_400/lcs_cost_OLCS4_lru_misses_for_problem_size.csv --mbt_exact_cutoff_min_cache_size 160000 --mbt_exact_cutoff_max_cache_size 160000 --mbt_problem_type lcs --mbt_metric_type csize_binary_search --mbt_cutoff_ratio 2.2 --mbt_instance_fname 34 --mbt_detailed_cache_misses_out_fname csize_olcs4_traceback_000_111.csv --mbt_phi_N 5.0 --mbt_problem_size 34 --lcs_compute_length 0 --lcs_perform_traceback 1 --lig_instance_type 000_111 --lig_n 34 --lig_c 3.0 --lig_b 3.0 --lcs_oblivious 4 --lcs_execution_trace_fname olcs4_traceback_csize_input_types/OLCS4_lru_2021_04_02__00_09_58_k_3__d_2_cache_size_160000_problems_10_to_400/OLCS4_lru_2021_04_02__00_09_58_k_3__d_2_cache_size_160000_problems_10_to_400/OLCS4__do_traceback_prob_size_34_cache_size_160000_lru_k_3_d_2_execution_trace_2021_4_2_0_10_1_pid_30329.log --memo_caching_strategy lru --memo_cache_size 160001 --memo_lru_queue_size 160000 --memo_cuckoo_k 4 --memo_key_length 8 --memo_value_length 8 --memo_k_timestamps 3 --memo_d_recent_timestamps 2 --memo_a_items_per_timestamp_factor 0.4375 
calculate_table_size: table_size is 262144, original is 160001
Finished initializing cache
initialize_long_int_cache end
done initializing cache
initializing problem
done initializing problem
commence trials
Starting characteristic_cache_size_binary_search with max cache size 160001
binary search, size 160001  misses 1224
binary search, size 80000  misses 1224  min 0  max 160001
binary search, size 40000  misses 1224  min 0  max 80000
binary search, size 20000  misses 1224  min 0  max 40000
binary search, size 10000  misses 1224  min 0  max 20000
binary search, size 5000  misses 1224  min 0  max 10000
binary search, size 2500  misses 1224  min 0  max 5000
binary search, size 1250  misses 1224  min 0  max 2500
binary search, size 625  misses 1224  min 0  max 1250
binary search, size 312  misses 1224  min 0  max 625
binary search, size 156  misses 1224  min 0  max 312
binary search, size 78  misses 1224  min 0  max 156
preemptive halt, cache_misses = 1225
preemptive halt, cache_misses = 1225
preemptive halt, cache_misses = 1225
preemptive halt, cache_misses = 1225
preemptive halt, cache_misses = 1225
preemptive halt, cache_misses = 1225
preemptive halt, cache_misses = 1225
preemptive halt, cache_misses = 1225
preemptive halt, cache_misses = 1225
preemptive halt, cache_misses = 1225
preemptive halt, cache_misses = 1225
preemptive halt, cache_misses = 1225
preemptive halt, cache_misses = 1225
preemptive halt, cache_misses = 1225
preemptive halt, cache_misses = 1225
preemptive halt, cache_misses = 1225
preemptive halt, cache_misses = 1225
preemptive halt, cache_misses = 1225
preemptive halt, cache_misses = 1225
preemptive halt, cache_misses = 1225
preemptive halt, cache_misses = 1225
preemptive halt, cache_misses = 1225
preemptive halt, cache_misses = 1225
preemptive halt, cache_misses = 1225
preemptive halt, cache_misses = 1225
preemptive halt, cache_misses = 1225
preemptive halt, cache_misses = 1225
preemptive halt, cache_misses = 1225
preemptive halt, cache_misses = 1225
preemptive halt, cache_misses = 1225
preemptive halt, cache_misses = 1225
preemptive halt, cache_misses = 1225
preemptive halt, cache_misses = 1225
preemptive halt, cache_misses = 1225
preemptive halt, cache_misses = 1225
preemptive halt, cache_misses = 1225
preemptive halt, cache_misses = 1225
preemptive halt, cache_misses = 1225
preemptive halt, cache_misses = 1225
preemptive halt, cache_misses = 1225
preemptive halt, cache_misses = 1225
preemptive halt, cache_misses = 1225
preemptive halt, cache_misses = 1225
preemptive halt, cache_misses = 1225
preemptive halt, cache_misses = 1225
preemptive halt, cache_misses = 1225
preemptive halt, cache_misses = 1225
preemptive halt, cache_misses = 1225
preemptive halt, cache_misses = 1225
preemptive halt, cache_misses = 1225
preemptive halt, cache_misses = 1225
preemptive halt, cache_misses = 1225
preemptive halt, cache_misses = 1225
preemptive halt, cache_misses = 1225
preemptive halt, cache_misses = 1225
preemptive halt, cache_misses = 1225
preemptive halt, cache_misses = 1225
preemptive halt, cache_misses = 1225
preemptive halt, cache_misses = 1225
preemptive halt, cache_misses = 1225
preemptive halt, cache_misses = 1225
preemptive halt, cache_misses = 1225
preemptive halt, cache_misses = 1225
preemptive halt, cache_misses = 1225
preemptive halt, cache_misses = 1225
preemptive halt, cache_misses = 1225
preemptive halt, cache_misses = 1225
preemptive halt, cache_misses = 1225
binary search, size 39  misses 1225  min 0  max 78
preemptive halt, cache_misses = 1226
preemptive halt, cache_misses = 1226
preemptive halt, cache_misses = 1226
preemptive halt, cache_misses = 1226
preemptive halt, cache_misses = 1226
preemptive halt, cache_misses = 1226
preemptive halt, cache_misses = 1226
preemptive halt, cache_misses = 1226
preemptive halt, cache_misses = 1226
preemptive halt, cache_misses = 1226
preemptive halt, cache_misses = 1226
preemptive halt, cache_misses = 1226
preemptive halt, cache_misses = 1226
preemptive halt, cache_misses = 1226
preemptive halt, cache_misses = 1226
preemptive halt, cache_misses = 1226
preemptive halt, cache_misses = 1226
preemptive halt, cache_misses = 1226
preemptive halt, cache_misses = 1226
preemptive halt, cache_misses = 1226
preemptive halt, cache_misses = 1226
preemptive halt, cache_misses = 1226
preemptive halt, cache_misses = 1226
preemptive halt, cache_misses = 1226
preemptive halt, cache_misses = 1226
preemptive halt, cache_misses = 1226
preemptive halt, cache_misses = 1226
preemptive halt, cache_misses = 1226
preemptive halt, cache_misses = 1226
preemptive halt, cache_misses = 1226
preemptive halt, cache_misses = 1226
preemptive halt, cache_misses = 1226
preemptive halt, cache_misses = 1226
preemptive halt, cache_misses = 1226
preemptive halt, cache_misses = 1226
preemptive halt, cache_misses = 1226
preemptive halt, cache_misses = 1226
preemptive halt, cache_misses = 1226
preemptive halt, cache_misses = 1226
preemptive halt, cache_misses = 1226
preemptive halt, cache_misses = 1226
preemptive halt, cache_misses = 1226
preemptive halt, cache_misses = 1226
preemptive halt, cache_misses = 1226
preemptive halt, cache_misses = 1226
preemptive halt, cache_misses = 1226
preemptive halt, cache_misses = 1226
preemptive halt, cache_misses = 1226
preemptive halt, cache_misses = 1226
preemptive halt, cache_misses = 1226
preemptive halt, cache_misses = 1226
preemptive halt, cache_misses = 1226
preemptive halt, cache_misses = 1226
preemptive halt, cache_misses = 1226
preemptive halt, cache_misses = 1226
preemptive halt, cache_misses = 1226
preemptive halt, cache_misses = 1226
preemptive halt, cache_misses = 1226
preemptive halt, cache_misses = 1226
preemptive halt, cache_misses = 1226
preemptive halt, cache_misses = 1226
preemptive halt, cache_misses = 1226
preemptive halt, cache_misses = 1226
preemptive halt, cache_misses = 1226
preemptive halt, cache_misses = 1226
preemptive halt, cache_misses = 1226
preemptive halt, cache_misses = 1226
preemptive halt, cache_misses = 1226
preemptive halt, cache_misses = 1226
preemptive halt, cache_misses = 1226
binary search, size 58  misses 1226  min 39  max 78
binary search, size 68  misses 1224  min 58  max 78
preemptive halt, cache_misses = 1225
preemptive halt, cache_misses = 1225
preemptive halt, cache_misses = 1225
preemptive halt, cache_misses = 1225
preemptive halt, cache_misses = 1225
preemptive halt, cache_misses = 1225
preemptive halt, cache_misses = 1225
preemptive halt, cache_misses = 1225
preemptive halt, cache_misses = 1225
preemptive halt, cache_misses = 1225
preemptive halt, cache_misses = 1225
preemptive halt, cache_misses = 1225
preemptive halt, cache_misses = 1225
preemptive halt, cache_misses = 1225
preemptive halt, cache_misses = 1225
preemptive halt, cache_misses = 1225
preemptive halt, cache_misses = 1225
preemptive halt, cache_misses = 1225
preemptive halt, cache_misses = 1225
preemptive halt, cache_misses = 1225
preemptive halt, cache_misses = 1225
preemptive halt, cache_misses = 1225
preemptive halt, cache_misses = 1225
preemptive halt, cache_misses = 1225
preemptive halt, cache_misses = 1225
preemptive halt, cache_misses = 1225
preemptive halt, cache_misses = 1225
preemptive halt, cache_misses = 1225
preemptive halt, cache_misses = 1225
preemptive halt, cache_misses = 1225
preemptive halt, cache_misses = 1225
preemptive halt, cache_misses = 1225
preemptive halt, cache_misses = 1225
preemptive halt, cache_misses = 1225
preemptive halt, cache_misses = 1225
preemptive halt, cache_misses = 1225
preemptive halt, cache_misses = 1225
preemptive halt, cache_misses = 1225
preemptive halt, cache_misses = 1225
preemptive halt, cache_misses = 1225
preemptive halt, cache_misses = 1225
preemptive halt, cache_misses = 1225
preemptive halt, cache_misses = 1225
preemptive halt, cache_misses = 1225
preemptive halt, cache_misses = 1225
preemptive halt, cache_misses = 1225
preemptive halt, cache_misses = 1225
preemptive halt, cache_misses = 1225
preemptive halt, cache_misses = 1225
preemptive halt, cache_misses = 1225
preemptive halt, cache_misses = 1225
preemptive halt, cache_misses = 1225
preemptive halt, cache_misses = 1225
preemptive halt, cache_misses = 1225
preemptive halt, cache_misses = 1225
preemptive halt, cache_misses = 1225
preemptive halt, cache_misses = 1225
preemptive halt, cache_misses = 1225
preemptive halt, cache_misses = 1225
preemptive halt, cache_misses = 1225
preemptive halt, cache_misses = 1225
preemptive halt, cache_misses = 1225
preemptive halt, cache_misses = 1225
preemptive halt, cache_misses = 1225
preemptive halt, cache_misses = 1225
preemptive halt, cache_misses = 1225
preemptive halt, cache_misses = 1225
preemptive halt, cache_misses = 1225
binary search, size 63  misses 1225  min 58  max 68
preemptive halt, cache_misses = 1226
preemptive halt, cache_misses = 1226
preemptive halt, cache_misses = 1226
preemptive halt, cache_misses = 1226
preemptive halt, cache_misses = 1226
preemptive halt, cache_misses = 1226
preemptive halt, cache_misses = 1226
preemptive halt, cache_misses = 1226
preemptive halt, cache_misses = 1226
preemptive halt, cache_misses = 1226
preemptive halt, cache_misses = 1226
preemptive halt, cache_misses = 1226
preemptive halt, cache_misses = 1226
preemptive halt, cache_misses = 1226
preemptive halt, cache_misses = 1226
preemptive halt, cache_misses = 1226
preemptive halt, cache_misses = 1226
preemptive halt, cache_misses = 1226
preemptive halt, cache_misses = 1226
preemptive halt, cache_misses = 1226
preemptive halt, cache_misses = 1226
preemptive halt, cache_misses = 1226
preemptive halt, cache_misses = 1226
preemptive halt, cache_misses = 1226
preemptive halt, cache_misses = 1226
preemptive halt, cache_misses = 1226
preemptive halt, cache_misses = 1226
preemptive halt, cache_misses = 1226
preemptive halt, cache_misses = 1226
preemptive halt, cache_misses = 1226
preemptive halt, cache_misses = 1226
preemptive halt, cache_misses = 1226
preemptive halt, cache_misses = 1226
preemptive halt, cache_misses = 1226
preemptive halt, cache_misses = 1226
preemptive halt, cache_misses = 1226
preemptive halt, cache_misses = 1226
preemptive halt, cache_misses = 1226
preemptive halt, cache_misses = 1226
preemptive halt, cache_misses = 1226
preemptive halt, cache_misses = 1226
preemptive halt, cache_misses = 1226
preemptive halt, cache_misses = 1226
preemptive halt, cache_misses = 1226
preemptive halt, cache_misses = 1226
preemptive halt, cache_misses = 1226
preemptive halt, cache_misses = 1226
preemptive halt, cache_misses = 1226
preemptive halt, cache_misses = 1226
preemptive halt, cache_misses = 1226
preemptive halt, cache_misses = 1226
preemptive halt, cache_misses = 1226
preemptive halt, cache_misses = 1226
preemptive halt, cache_misses = 1226
preemptive halt, cache_misses = 1226
preemptive halt, cache_misses = 1226
preemptive halt, cache_misses = 1226
preemptive halt, cache_misses = 1226
preemptive halt, cache_misses = 1226
preemptive halt, cache_misses = 1226
preemptive halt, cache_misses = 1226
preemptive halt, cache_misses = 1226
preemptive halt, cache_misses = 1226
preemptive halt, cache_misses = 1226
preemptive halt, cache_misses = 1226
preemptive halt, cache_misses = 1226
preemptive halt, cache_misses = 1226
preemptive halt, cache_misses = 1226
preemptive halt, cache_misses = 1226
preemptive halt, cache_misses = 1226
binary search, size 65  misses 1226  min 63  max 68
preemptive halt, cache_misses = 1227
preemptive halt, cache_misses = 1227
preemptive halt, cache_misses = 1227
preemptive halt, cache_misses = 1227
preemptive halt, cache_misses = 1227
preemptive halt, cache_misses = 1227
preemptive halt, cache_misses = 1227
preemptive halt, cache_misses = 1227
preemptive halt, cache_misses = 1227
preemptive halt, cache_misses = 1227
preemptive halt, cache_misses = 1227
preemptive halt, cache_misses = 1227
preemptive halt, cache_misses = 1227
preemptive halt, cache_misses = 1227
preemptive halt, cache_misses = 1227
preemptive halt, cache_misses = 1227
preemptive halt, cache_misses = 1227
preemptive halt, cache_misses = 1227
preemptive halt, cache_misses = 1227
preemptive halt, cache_misses = 1227
preemptive halt, cache_misses = 1227
preemptive halt, cache_misses = 1227
preemptive halt, cache_misses = 1227
preemptive halt, cache_misses = 1227
preemptive halt, cache_misses = 1227
preemptive halt, cache_misses = 1227
preemptive halt, cache_misses = 1227
preemptive halt, cache_misses = 1227
preemptive halt, cache_misses = 1227
preemptive halt, cache_misses = 1227
preemptive halt, cache_misses = 1227
preemptive halt, cache_misses = 1227
preemptive halt, cache_misses = 1227
preemptive halt, cache_misses = 1227
preemptive halt, cache_misses = 1227
preemptive halt, cache_misses = 1227
preemptive halt, cache_misses = 1227
preemptive halt, cache_misses = 1227
preemptive halt, cache_misses = 1227
preemptive halt, cache_misses = 1227
preemptive halt, cache_misses = 1227
preemptive halt, cache_misses = 1227
preemptive halt, cache_misses = 1227
preemptive halt, cache_misses = 1227
preemptive halt, cache_misses = 1227
preemptive halt, cache_misses = 1227
preemptive halt, cache_misses = 1227
preemptive halt, cache_misses = 1227
preemptive halt, cache_misses = 1227
preemptive halt, cache_misses = 1227
preemptive halt, cache_misses = 1227
preemptive halt, cache_misses = 1227
preemptive halt, cache_misses = 1227
preemptive halt, cache_misses = 1227
preemptive halt, cache_misses = 1227
preemptive halt, cache_misses = 1227
preemptive halt, cache_misses = 1227
preemptive halt, cache_misses = 1227
preemptive halt, cache_misses = 1227
preemptive halt, cache_misses = 1227
preemptive halt, cache_misses = 1227
preemptive halt, cache_misses = 1227
preemptive halt, cache_misses = 1227
preemptive halt, cache_misses = 1227
preemptive halt, cache_misses = 1227
preemptive halt, cache_misses = 1227
preemptive halt, cache_misses = 1227
preemptive halt, cache_misses = 1227
preemptive halt, cache_misses = 1227
preemptive halt, cache_misses = 1227
preemptive halt, cache_misses = 1227
preemptive halt, cache_misses = 1227
binary search, size 66  misses 1227  min 65  max 68
preemptive halt, cache_misses = 1228
preemptive halt, cache_misses = 1228
preemptive halt, cache_misses = 1228
preemptive halt, cache_misses = 1228
preemptive halt, cache_misses = 1228
preemptive halt, cache_misses = 1228
preemptive halt, cache_misses = 1228
preemptive halt, cache_misses = 1228
preemptive halt, cache_misses = 1228
preemptive halt, cache_misses = 1228
preemptive halt, cache_misses = 1228
preemptive halt, cache_misses = 1228
preemptive halt, cache_misses = 1228
preemptive halt, cache_misses = 1228
preemptive halt, cache_misses = 1228
preemptive halt, cache_misses = 1228
preemptive halt, cache_misses = 1228
preemptive halt, cache_misses = 1228
preemptive halt, cache_misses = 1228
preemptive halt, cache_misses = 1228
preemptive halt, cache_misses = 1228
preemptive halt, cache_misses = 1228
preemptive halt, cache_misses = 1228
preemptive halt, cache_misses = 1228
preemptive halt, cache_misses = 1228
preemptive halt, cache_misses = 1228
preemptive halt, cache_misses = 1228
preemptive halt, cache_misses = 1228
preemptive halt, cache_misses = 1228
preemptive halt, cache_misses = 1228
preemptive halt, cache_misses = 1228
preemptive halt, cache_misses = 1228
preemptive halt, cache_misses = 1228
preemptive halt, cache_misses = 1228
preemptive halt, cache_misses = 1228
preemptive halt, cache_misses = 1228
preemptive halt, cache_misses = 1228
preemptive halt, cache_misses = 1228
preemptive halt, cache_misses = 1228
preemptive halt, cache_misses = 1228
preemptive halt, cache_misses = 1228
preemptive halt, cache_misses = 1228
preemptive halt, cache_misses = 1228
preemptive halt, cache_misses = 1228
preemptive halt, cache_misses = 1228
preemptive halt, cache_misses = 1228
preemptive halt, cache_misses = 1228
preemptive halt, cache_misses = 1228
preemptive halt, cache_misses = 1228
preemptive halt, cache_misses = 1228
preemptive halt, cache_misses = 1228
preemptive halt, cache_misses = 1228
preemptive halt, cache_misses = 1228
preemptive halt, cache_misses = 1228
preemptive halt, cache_misses = 1228
preemptive halt, cache_misses = 1228
preemptive halt, cache_misses = 1228
preemptive halt, cache_misses = 1228
preemptive halt, cache_misses = 1228
preemptive halt, cache_misses = 1228
preemptive halt, cache_misses = 1228
preemptive halt, cache_misses = 1228
preemptive halt, cache_misses = 1228
preemptive halt, cache_misses = 1228
preemptive halt, cache_misses = 1228
preemptive halt, cache_misses = 1228
preemptive halt, cache_misses = 1228
preemptive halt, cache_misses = 1228
preemptive halt, cache_misses = 1228
preemptive halt, cache_misses = 1228
preemptive halt, cache_misses = 1228
preemptive halt, cache_misses = 1228
preemptive halt, cache_misses = 1228
preemptive halt, cache_misses = 1228
binary search, size 67  misses 1228  min 66  max 68
characteristic cache size (binary search) for 34 = 68
End at: 2021-04-02 00:10:01.105876
Time elapsed: 0:00:00.091514
