Begin at: 2021-04-02 01:48:22.620234
['../dist/Debug/GNU-Linux/memo_batch_tester', '', '--mbt_execution_trace_fname', 'olcs4_traceback_csize_input_types/OLCS4_lru_2021_04_02__01_42_55_k_3__d_2_cache_size_160000_problems_10_to_400/OLCS4_lru_2021_04_02__01_42_55_k_3__d_2_cache_size_160000_problems_10_to_400/OLCS4__do_traceback_prob_size_368_cache_size_160000_lru_k_3_d_2_execution_trace_2021_4_2_1_48_22_pid_7765.log', '--mbt_cache_misses_fname', 'olcs4_traceback_csize_input_types/OLCS4_lru_2021_04_02__01_42_55_k_3__d_2_cache_size_160000_problems_10_to_400/lcs_cost_OLCS4_lru_misses_for_cache_size.csv', '--mbt_misses_for_problem_size_fname', 'olcs4_traceback_csize_input_types/OLCS4_lru_2021_04_02__01_42_55_k_3__d_2_cache_size_160000_problems_10_to_400/lcs_cost_OLCS4_lru_misses_for_problem_size.csv', '--mbt_exact_cutoff_min_cache_size', '160000', '--mbt_exact_cutoff_max_cache_size', '160000', '--mbt_problem_type', 'lcs', '--mbt_metric_type', 'csize_binary_search', '--mbt_cutoff_ratio', '2.2', '--mbt_instance_fname', '368', '--mbt_detailed_cache_misses_out_fname', 'csize_olcs4_traceback_0011nc_nc1100_0_3.csv', '--mbt_phi_N', '5.0', '--mbt_problem_size', '368', '--lcs_compute_length', '0', '--lcs_perform_traceback', '1', '--lig_instance_type', '0011nc_nc1100', '--lig_n', '368', '--lig_c', '0.3', '--lig_b', '3.0', '--lcs_oblivious', '4', '--lcs_execution_trace_fname', 'olcs4_traceback_csize_input_types/OLCS4_lru_2021_04_02__01_42_55_k_3__d_2_cache_size_160000_problems_10_to_400/OLCS4_lru_2021_04_02__01_42_55_k_3__d_2_cache_size_160000_problems_10_to_400/OLCS4__do_traceback_prob_size_368_cache_size_160000_lru_k_3_d_2_execution_trace_2021_4_2_1_48_22_pid_7765.log', '--memo_caching_strategy', 'lru', '--memo_cache_size', '160001', '--memo_lru_queue_size', '160000', '--memo_cuckoo_k', '4', '--memo_key_length', '8', '--memo_value_length', '8', '--memo_k_timestamps', '3', '--memo_d_recent_timestamps', '2', '--memo_a_items_per_timestamp_factor', '0.4375']

csize_binary_search chosen
lcs problem_type lcs cache_size 160001
initialize_long_int_cache begin
init_memo
arguments to memo:
 --mbt_execution_trace_fname olcs4_traceback_csize_input_types/OLCS4_lru_2021_04_02__01_42_55_k_3__d_2_cache_size_160000_problems_10_to_400/OLCS4_lru_2021_04_02__01_42_55_k_3__d_2_cache_size_160000_problems_10_to_400/OLCS4__do_traceback_prob_size_368_cache_size_160000_lru_k_3_d_2_execution_trace_2021_4_2_1_48_22_pid_7765.log --mbt_cache_misses_fname olcs4_traceback_csize_input_types/OLCS4_lru_2021_04_02__01_42_55_k_3__d_2_cache_size_160000_problems_10_to_400/lcs_cost_OLCS4_lru_misses_for_cache_size.csv --mbt_misses_for_problem_size_fname olcs4_traceback_csize_input_types/OLCS4_lru_2021_04_02__01_42_55_k_3__d_2_cache_size_160000_problems_10_to_400/lcs_cost_OLCS4_lru_misses_for_problem_size.csv --mbt_exact_cutoff_min_cache_size 160000 --mbt_exact_cutoff_max_cache_size 160000 --mbt_problem_type lcs --mbt_metric_type csize_binary_search --mbt_cutoff_ratio 2.2 --mbt_instance_fname 368 --mbt_detailed_cache_misses_out_fname csize_olcs4_traceback_0011nc_nc1100_0_3.csv --mbt_phi_N 5.0 --mbt_problem_size 368 --lcs_compute_length 0 --lcs_perform_traceback 1 --lig_instance_type 0011nc_nc1100 --lig_n 368 --lig_c 0.3 --lig_b 3.0 --lcs_oblivious 4 --lcs_execution_trace_fname olcs4_traceback_csize_input_types/OLCS4_lru_2021_04_02__01_42_55_k_3__d_2_cache_size_160000_problems_10_to_400/OLCS4_lru_2021_04_02__01_42_55_k_3__d_2_cache_size_160000_problems_10_to_400/OLCS4__do_traceback_prob_size_368_cache_size_160000_lru_k_3_d_2_execution_trace_2021_4_2_1_48_22_pid_7765.log --memo_caching_strategy lru --memo_cache_size 160001 --memo_lru_queue_size 160000 --memo_cuckoo_k 4 --memo_key_length 8 --memo_value_length 8 --memo_k_timestamps 3 --memo_d_recent_timestamps 2 --memo_a_items_per_timestamp_factor 0.4375 
calculate_table_size: table_size is 262144, original is 160001
Finished initializing cache
initialize_long_int_cache end
done initializing cache
initializing problem
done initializing problem
commence trials
Starting characteristic_cache_size_binary_search with max cache size 160001
binary search, size 160001  misses 136160
binary search, size 80000  misses 136160  min 0  max 160001
binary search, size 40000  misses 136160  min 0  max 80000
binary search, size 20000  misses 136160  min 0  max 40000
binary search, size 10000  misses 136160  min 0  max 20000
binary search, size 5000  misses 136160  min 0  max 10000
preemptive halt, cache_misses = 136161
preemptive halt, cache_misses = 136161
preemptive halt, cache_misses = 136161
preemptive halt, cache_misses = 136161
preemptive halt, cache_misses = 136161
preemptive halt, cache_misses = 136161
preemptive halt, cache_misses = 136161
preemptive halt, cache_misses = 136161
binary search, size 2500  misses 136161  min 0  max 5000
binary search, size 3750  misses 136160  min 2500  max 5000
preemptive halt, cache_misses = 136161
preemptive halt, cache_misses = 136161
preemptive halt, cache_misses = 136161
preemptive halt, cache_misses = 136161
preemptive halt, cache_misses = 136161
preemptive halt, cache_misses = 136161
preemptive halt, cache_misses = 136161
preemptive halt, cache_misses = 136161
binary search, size 3125  misses 136161  min 2500  max 3750
binary search, size 3437  misses 136160  min 3125  max 3750
preemptive halt, cache_misses = 136161
preemptive halt, cache_misses = 136161
preemptive halt, cache_misses = 136161
preemptive halt, cache_misses = 136161
preemptive halt, cache_misses = 136161
preemptive halt, cache_misses = 136161
preemptive halt, cache_misses = 136161
preemptive halt, cache_misses = 136161
binary search, size 3281  misses 136161  min 3125  max 3437
binary search, size 3359  misses 136160  min 3281  max 3437
preemptive halt, cache_misses = 136161
preemptive halt, cache_misses = 136161
preemptive halt, cache_misses = 136161
preemptive halt, cache_misses = 136161
preemptive halt, cache_misses = 136161
preemptive halt, cache_misses = 136161
preemptive halt, cache_misses = 136161
preemptive halt, cache_misses = 136161
binary search, size 3320  misses 136161  min 3281  max 3359
binary search, size 3339  misses 136160  min 3320  max 3359
binary search, size 3329  misses 136160  min 3320  max 3339
binary search, size 3324  misses 136160  min 3320  max 3329
preemptive halt, cache_misses = 136161
preemptive halt, cache_misses = 136161
preemptive halt, cache_misses = 136161
preemptive halt, cache_misses = 136161
preemptive halt, cache_misses = 136161
preemptive halt, cache_misses = 136161
preemptive halt, cache_misses = 136161
preemptive halt, cache_misses = 136161
binary search, size 3322  misses 136161  min 3320  max 3324
preemptive halt, cache_misses = 136162
preemptive halt, cache_misses = 136162
preemptive halt, cache_misses = 136162
preemptive halt, cache_misses = 136162
preemptive halt, cache_misses = 136162
preemptive halt, cache_misses = 136162
preemptive halt, cache_misses = 136162
preemptive halt, cache_misses = 136162
preemptive halt, cache_misses = 136162
preemptive halt, cache_misses = 136162
binary search, size 3323  misses 136162  min 3322  max 3324
characteristic cache size (binary search) for 368 = 3324
End at: 2021-04-02 01:48:25.038148
Time elapsed: 0:00:02.417931
