Begin at: 2021-04-02 01:43:15.363923
['../dist/Debug/GNU-Linux/memo_batch_tester', '', '--mbt_execution_trace_fname', 'olcs4_traceback_csize_input_types/OLCS4_lru_2021_04_02__01_42_55_k_3__d_2_cache_size_160000_problems_10_to_400/OLCS4_lru_2021_04_02__01_42_55_k_3__d_2_cache_size_160000_problems_10_to_400/OLCS4__do_traceback_prob_size_116_cache_size_160000_lru_k_3_d_2_execution_trace_2021_4_2_1_43_15_pid_7203.log', '--mbt_cache_misses_fname', 'olcs4_traceback_csize_input_types/OLCS4_lru_2021_04_02__01_42_55_k_3__d_2_cache_size_160000_problems_10_to_400/lcs_cost_OLCS4_lru_misses_for_cache_size.csv', '--mbt_misses_for_problem_size_fname', 'olcs4_traceback_csize_input_types/OLCS4_lru_2021_04_02__01_42_55_k_3__d_2_cache_size_160000_problems_10_to_400/lcs_cost_OLCS4_lru_misses_for_problem_size.csv', '--mbt_exact_cutoff_min_cache_size', '160000', '--mbt_exact_cutoff_max_cache_size', '160000', '--mbt_problem_type', 'lcs', '--mbt_metric_type', 'csize_binary_search', '--mbt_cutoff_ratio', '2.2', '--mbt_instance_fname', '116', '--mbt_detailed_cache_misses_out_fname', 'csize_olcs4_traceback_0011nc_nc1100_0_3.csv', '--mbt_phi_N', '5.0', '--mbt_problem_size', '116', '--lcs_compute_length', '0', '--lcs_perform_traceback', '1', '--lig_instance_type', '0011nc_nc1100', '--lig_n', '116', '--lig_c', '0.3', '--lig_b', '3.0', '--lcs_oblivious', '4', '--lcs_execution_trace_fname', 'olcs4_traceback_csize_input_types/OLCS4_lru_2021_04_02__01_42_55_k_3__d_2_cache_size_160000_problems_10_to_400/OLCS4_lru_2021_04_02__01_42_55_k_3__d_2_cache_size_160000_problems_10_to_400/OLCS4__do_traceback_prob_size_116_cache_size_160000_lru_k_3_d_2_execution_trace_2021_4_2_1_43_15_pid_7203.log', '--memo_caching_strategy', 'lru', '--memo_cache_size', '160001', '--memo_lru_queue_size', '160000', '--memo_cuckoo_k', '4', '--memo_key_length', '8', '--memo_value_length', '8', '--memo_k_timestamps', '3', '--memo_d_recent_timestamps', '2', '--memo_a_items_per_timestamp_factor', '0.4375']

csize_binary_search chosen
lcs problem_type lcs cache_size 160001
initialize_long_int_cache begin
init_memo
arguments to memo:
 --mbt_execution_trace_fname olcs4_traceback_csize_input_types/OLCS4_lru_2021_04_02__01_42_55_k_3__d_2_cache_size_160000_problems_10_to_400/OLCS4_lru_2021_04_02__01_42_55_k_3__d_2_cache_size_160000_problems_10_to_400/OLCS4__do_traceback_prob_size_116_cache_size_160000_lru_k_3_d_2_execution_trace_2021_4_2_1_43_15_pid_7203.log --mbt_cache_misses_fname olcs4_traceback_csize_input_types/OLCS4_lru_2021_04_02__01_42_55_k_3__d_2_cache_size_160000_problems_10_to_400/lcs_cost_OLCS4_lru_misses_for_cache_size.csv --mbt_misses_for_problem_size_fname olcs4_traceback_csize_input_types/OLCS4_lru_2021_04_02__01_42_55_k_3__d_2_cache_size_160000_problems_10_to_400/lcs_cost_OLCS4_lru_misses_for_problem_size.csv --mbt_exact_cutoff_min_cache_size 160000 --mbt_exact_cutoff_max_cache_size 160000 --mbt_problem_type lcs --mbt_metric_type csize_binary_search --mbt_cutoff_ratio 2.2 --mbt_instance_fname 116 --mbt_detailed_cache_misses_out_fname csize_olcs4_traceback_0011nc_nc1100_0_3.csv --mbt_phi_N 5.0 --mbt_problem_size 116 --lcs_compute_length 0 --lcs_perform_traceback 1 --lig_instance_type 0011nc_nc1100 --lig_n 116 --lig_c 0.3 --lig_b 3.0 --lcs_oblivious 4 --lcs_execution_trace_fname olcs4_traceback_csize_input_types/OLCS4_lru_2021_04_02__01_42_55_k_3__d_2_cache_size_160000_problems_10_to_400/OLCS4_lru_2021_04_02__01_42_55_k_3__d_2_cache_size_160000_problems_10_to_400/OLCS4__do_traceback_prob_size_116_cache_size_160000_lru_k_3_d_2_execution_trace_2021_4_2_1_43_15_pid_7203.log --memo_caching_strategy lru --memo_cache_size 160001 --memo_lru_queue_size 160000 --memo_cuckoo_k 4 --memo_key_length 8 --memo_value_length 8 --memo_k_timestamps 3 --memo_d_recent_timestamps 2 --memo_a_items_per_timestamp_factor 0.4375 
calculate_table_size: table_size is 262144, original is 160001
Finished initializing cache
initialize_long_int_cache end
done initializing cache
initializing problem
done initializing problem
commence trials
Starting characteristic_cache_size_binary_search with max cache size 160001
binary search, size 160001  misses 13688
binary search, size 80000  misses 13688  min 0  max 160001
binary search, size 40000  misses 13688  min 0  max 80000
binary search, size 20000  misses 13688  min 0  max 40000
binary search, size 10000  misses 13688  min 0  max 20000
binary search, size 5000  misses 13688  min 0  max 10000
binary search, size 2500  misses 13688  min 0  max 5000
binary search, size 1250  misses 13688  min 0  max 2500
binary search, size 625  misses 13688  min 0  max 1250
binary search, size 312  misses 13688  min 0  max 625
preemptive halt, cache_misses = 13689
preemptive halt, cache_misses = 13689
preemptive halt, cache_misses = 13689
preemptive halt, cache_misses = 13689
preemptive halt, cache_misses = 13689
preemptive halt, cache_misses = 13689
preemptive halt, cache_misses = 13689
preemptive halt, cache_misses = 13689
preemptive halt, cache_misses = 13689
preemptive halt, cache_misses = 13689
preemptive halt, cache_misses = 13689
preemptive halt, cache_misses = 13689
preemptive halt, cache_misses = 13689
preemptive halt, cache_misses = 13689
preemptive halt, cache_misses = 13689
preemptive halt, cache_misses = 13689
preemptive halt, cache_misses = 13689
preemptive halt, cache_misses = 13689
preemptive halt, cache_misses = 13689
preemptive halt, cache_misses = 13689
preemptive halt, cache_misses = 13689
preemptive halt, cache_misses = 13689
preemptive halt, cache_misses = 13689
preemptive halt, cache_misses = 13689
preemptive halt, cache_misses = 13689
preemptive halt, cache_misses = 13689
preemptive halt, cache_misses = 13689
preemptive halt, cache_misses = 13689
preemptive halt, cache_misses = 13689
preemptive halt, cache_misses = 13689
preemptive halt, cache_misses = 13689
preemptive halt, cache_misses = 13689
preemptive halt, cache_misses = 13689
preemptive halt, cache_misses = 13689
preemptive halt, cache_misses = 13689
preemptive halt, cache_misses = 13689
preemptive halt, cache_misses = 13689
preemptive halt, cache_misses = 13689
preemptive halt, cache_misses = 13689
preemptive halt, cache_misses = 13689
preemptive halt, cache_misses = 13689
preemptive halt, cache_misses = 13689
preemptive halt, cache_misses = 13689
preemptive halt, cache_misses = 13689
preemptive halt, cache_misses = 13689
preemptive halt, cache_misses = 13689
preemptive halt, cache_misses = 13689
preemptive halt, cache_misses = 13689
preemptive halt, cache_misses = 13689
preemptive halt, cache_misses = 13689
preemptive halt, cache_misses = 13689
preemptive halt, cache_misses = 13689
preemptive halt, cache_misses = 13689
preemptive halt, cache_misses = 13689
preemptive halt, cache_misses = 13689
preemptive halt, cache_misses = 13689
preemptive halt, cache_misses = 13689
preemptive halt, cache_misses = 13689
preemptive halt, cache_misses = 13689
preemptive halt, cache_misses = 13689
preemptive halt, cache_misses = 13689
preemptive halt, cache_misses = 13689
preemptive halt, cache_misses = 13689
preemptive halt, cache_misses = 13689
preemptive halt, cache_misses = 13689
preemptive halt, cache_misses = 13689
preemptive halt, cache_misses = 13689
preemptive halt, cache_misses = 13689
preemptive halt, cache_misses = 13689
preemptive halt, cache_misses = 13689
preemptive halt, cache_misses = 13689
preemptive halt, cache_misses = 13689
preemptive halt, cache_misses = 13689
preemptive halt, cache_misses = 13689
preemptive halt, cache_misses = 13689
preemptive halt, cache_misses = 13689
preemptive halt, cache_misses = 13689
preemptive halt, cache_misses = 13689
preemptive halt, cache_misses = 13689
preemptive halt, cache_misses = 13689
preemptive halt, cache_misses = 13689
preemptive halt, cache_misses = 13689
preemptive halt, cache_misses = 13689
preemptive halt, cache_misses = 13689
preemptive halt, cache_misses = 13689
preemptive halt, cache_misses = 13689
preemptive halt, cache_misses = 13689
preemptive halt, cache_misses = 13689
preemptive halt, cache_misses = 13689
preemptive halt, cache_misses = 13689
preemptive halt, cache_misses = 13689
preemptive halt, cache_misses = 13689
preemptive halt, cache_misses = 13689
preemptive halt, cache_misses = 13689
preemptive halt, cache_misses = 13689
preemptive halt, cache_misses = 13689
preemptive halt, cache_misses = 13689
preemptive halt, cache_misses = 13689
preemptive halt, cache_misses = 13689
preemptive halt, cache_misses = 13689
preemptive halt, cache_misses = 13689
preemptive halt, cache_misses = 13689
preemptive halt, cache_misses = 13689
preemptive halt, cache_misses = 13689
preemptive halt, cache_misses = 13689
preemptive halt, cache_misses = 13689
preemptive halt, cache_misses = 13689
preemptive halt, cache_misses = 13689
preemptive halt, cache_misses = 13689
preemptive halt, cache_misses = 13689
preemptive halt, cache_misses = 13689
preemptive halt, cache_misses = 13689
preemptive halt, cache_misses = 13689
preemptive halt, cache_misses = 13689
preemptive halt, cache_misses = 13689
preemptive halt, cache_misses = 13689
preemptive halt, cache_misses = 13689
preemptive halt, cache_misses = 13689
preemptive halt, cache_misses = 13689
preemptive halt, cache_misses = 13689
preemptive halt, cache_misses = 13689
preemptive halt, cache_misses = 13689
preemptive halt, cache_misses = 13689
preemptive halt, cache_misses = 13689
preemptive halt, cache_misses = 13689
preemptive halt, cache_misses = 13689
preemptive halt, cache_misses = 13689
preemptive halt, cache_misses = 13689
preemptive halt, cache_misses = 13689
preemptive halt, cache_misses = 13689
preemptive halt, cache_misses = 13689
preemptive halt, cache_misses = 13689
preemptive halt, cache_misses = 13689
preemptive halt, cache_misses = 13689
preemptive halt, cache_misses = 13689
preemptive halt, cache_misses = 13689
preemptive halt, cache_misses = 13689
preemptive halt, cache_misses = 13689
preemptive halt, cache_misses = 13689
preemptive halt, cache_misses = 13689
preemptive halt, cache_misses = 13689
preemptive halt, cache_misses = 13689
preemptive halt, cache_misses = 13689
preemptive halt, cache_misses = 13689
preemptive halt, cache_misses = 13689
preemptive halt, cache_misses = 13689
preemptive halt, cache_misses = 13689
preemptive halt, cache_misses = 13689
preemptive halt, cache_misses = 13689
preemptive halt, cache_misses = 13689
preemptive halt, cache_misses = 13689
preemptive halt, cache_misses = 13689
preemptive halt, cache_misses = 13689
preemptive halt, cache_misses = 13689
preemptive halt, cache_misses = 13689
preemptive halt, cache_misses = 13689
preemptive halt, cache_misses = 13689
preemptive halt, cache_misses = 13689
preemptive halt, cache_misses = 13689
preemptive halt, cache_misses = 13689
preemptive halt, cache_misses = 13689
preemptive halt, cache_misses = 13689
preemptive halt, cache_misses = 13689
preemptive halt, cache_misses = 13689
preemptive halt, cache_misses = 13689
preemptive halt, cache_misses = 13689
preemptive halt, cache_misses = 13689
preemptive halt, cache_misses = 13689
preemptive halt, cache_misses = 13689
preemptive halt, cache_misses = 13689
preemptive halt, cache_misses = 13689
preemptive halt, cache_misses = 13689
preemptive halt, cache_misses = 13689
preemptive halt, cache_misses = 13689
preemptive halt, cache_misses = 13689
preemptive halt, cache_misses = 13689
preemptive halt, cache_misses = 13689
preemptive halt, cache_misses = 13689
preemptive halt, cache_misses = 13689
preemptive halt, cache_misses = 13689
preemptive halt, cache_misses = 13689
preemptive halt, cache_misses = 13689
preemptive halt, cache_misses = 13689
preemptive halt, cache_misses = 13689
preemptive halt, cache_misses = 13689
preemptive halt, cache_misses = 13689
preemptive halt, cache_misses = 13689
preemptive halt, cache_misses = 13689
preemptive halt, cache_misses = 13689
preemptive halt, cache_misses = 13689
preemptive halt, cache_misses = 13689
preemptive halt, cache_misses = 13689
preemptive halt, cache_misses = 13689
preemptive halt, cache_misses = 13689
preemptive halt, cache_misses = 13689
preemptive halt, cache_misses = 13689
preemptive halt, cache_misses = 13689
preemptive halt, cache_misses = 13689
preemptive halt, cache_misses = 13689
preemptive halt, cache_misses = 13689
preemptive halt, cache_misses = 13689
preemptive halt, cache_misses = 13689
preemptive halt, cache_misses = 13689
preemptive halt, cache_misses = 13689
preemptive halt, cache_misses = 13689
preemptive halt, cache_misses = 13689
preemptive halt, cache_misses = 13689
preemptive halt, cache_misses = 13689
preemptive halt, cache_misses = 13689
preemptive halt, cache_misses = 13689
preemptive halt, cache_misses = 13689
preemptive halt, cache_misses = 13689
preemptive halt, cache_misses = 13689
preemptive halt, cache_misses = 13689
preemptive halt, cache_misses = 13689
preemptive halt, cache_misses = 13689
preemptive halt, cache_misses = 13689
preemptive halt, cache_misses = 13689
preemptive halt, cache_misses = 13689
preemptive halt, cache_misses = 13689
preemptive halt, cache_misses = 13689
preemptive halt, cache_misses = 13689
preemptive halt, cache_misses = 13689
preemptive halt, cache_misses = 13689
binary search, size 156  misses 13689  min 0  max 312
binary search, size 234  misses 13688  min 156  max 312
preemptive halt, cache_misses = 13689
preemptive halt, cache_misses = 13689
preemptive halt, cache_misses = 13689
preemptive halt, cache_misses = 13689
preemptive halt, cache_misses = 13689
preemptive halt, cache_misses = 13689
preemptive halt, cache_misses = 13689
preemptive halt, cache_misses = 13689
preemptive halt, cache_misses = 13689
preemptive halt, cache_misses = 13689
preemptive halt, cache_misses = 13689
preemptive halt, cache_misses = 13689
preemptive halt, cache_misses = 13689
preemptive halt, cache_misses = 13689
preemptive halt, cache_misses = 13689
preemptive halt, cache_misses = 13689
preemptive halt, cache_misses = 13689
preemptive halt, cache_misses = 13689
preemptive halt, cache_misses = 13689
preemptive halt, cache_misses = 13689
preemptive halt, cache_misses = 13689
preemptive halt, cache_misses = 13689
preemptive halt, cache_misses = 13689
preemptive halt, cache_misses = 13689
preemptive halt, cache_misses = 13689
preemptive halt, cache_misses = 13689
preemptive halt, cache_misses = 13689
preemptive halt, cache_misses = 13689
preemptive halt, cache_misses = 13689
preemptive halt, cache_misses = 13689
preemptive halt, cache_misses = 13689
preemptive halt, cache_misses = 13689
preemptive halt, cache_misses = 13689
preemptive halt, cache_misses = 13689
preemptive halt, cache_misses = 13689
preemptive halt, cache_misses = 13689
preemptive halt, cache_misses = 13689
preemptive halt, cache_misses = 13689
preemptive halt, cache_misses = 13689
preemptive halt, cache_misses = 13689
preemptive halt, cache_misses = 13689
preemptive halt, cache_misses = 13689
preemptive halt, cache_misses = 13689
preemptive halt, cache_misses = 13689
preemptive halt, cache_misses = 13689
preemptive halt, cache_misses = 13689
preemptive halt, cache_misses = 13689
preemptive halt, cache_misses = 13689
preemptive halt, cache_misses = 13689
preemptive halt, cache_misses = 13689
preemptive halt, cache_misses = 13689
preemptive halt, cache_misses = 13689
preemptive halt, cache_misses = 13689
preemptive halt, cache_misses = 13689
preemptive halt, cache_misses = 13689
preemptive halt, cache_misses = 13689
preemptive halt, cache_misses = 13689
preemptive halt, cache_misses = 13689
preemptive halt, cache_misses = 13689
preemptive halt, cache_misses = 13689
preemptive halt, cache_misses = 13689
preemptive halt, cache_misses = 13689
preemptive halt, cache_misses = 13689
preemptive halt, cache_misses = 13689
preemptive halt, cache_misses = 13689
preemptive halt, cache_misses = 13689
preemptive halt, cache_misses = 13689
preemptive halt, cache_misses = 13689
preemptive halt, cache_misses = 13689
preemptive halt, cache_misses = 13689
preemptive halt, cache_misses = 13689
preemptive halt, cache_misses = 13689
preemptive halt, cache_misses = 13689
preemptive halt, cache_misses = 13689
preemptive halt, cache_misses = 13689
preemptive halt, cache_misses = 13689
preemptive halt, cache_misses = 13689
preemptive halt, cache_misses = 13689
preemptive halt, cache_misses = 13689
preemptive halt, cache_misses = 13689
preemptive halt, cache_misses = 13689
preemptive halt, cache_misses = 13689
preemptive halt, cache_misses = 13689
preemptive halt, cache_misses = 13689
preemptive halt, cache_misses = 13689
preemptive halt, cache_misses = 13689
preemptive halt, cache_misses = 13689
preemptive halt, cache_misses = 13689
preemptive halt, cache_misses = 13689
preemptive halt, cache_misses = 13689
preemptive halt, cache_misses = 13689
preemptive halt, cache_misses = 13689
preemptive halt, cache_misses = 13689
preemptive halt, cache_misses = 13689
preemptive halt, cache_misses = 13689
preemptive halt, cache_misses = 13689
preemptive halt, cache_misses = 13689
preemptive halt, cache_misses = 13689
preemptive halt, cache_misses = 13689
preemptive halt, cache_misses = 13689
preemptive halt, cache_misses = 13689
preemptive halt, cache_misses = 13689
preemptive halt, cache_misses = 13689
preemptive halt, cache_misses = 13689
preemptive halt, cache_misses = 13689
preemptive halt, cache_misses = 13689
preemptive halt, cache_misses = 13689
preemptive halt, cache_misses = 13689
preemptive halt, cache_misses = 13689
preemptive halt, cache_misses = 13689
preemptive halt, cache_misses = 13689
preemptive halt, cache_misses = 13689
preemptive halt, cache_misses = 13689
preemptive halt, cache_misses = 13689
preemptive halt, cache_misses = 13689
preemptive halt, cache_misses = 13689
preemptive halt, cache_misses = 13689
preemptive halt, cache_misses = 13689
preemptive halt, cache_misses = 13689
preemptive halt, cache_misses = 13689
preemptive halt, cache_misses = 13689
preemptive halt, cache_misses = 13689
preemptive halt, cache_misses = 13689
preemptive halt, cache_misses = 13689
preemptive halt, cache_misses = 13689
preemptive halt, cache_misses = 13689
preemptive halt, cache_misses = 13689
preemptive halt, cache_misses = 13689
preemptive halt, cache_misses = 13689
preemptive halt, cache_misses = 13689
preemptive halt, cache_misses = 13689
preemptive halt, cache_misses = 13689
preemptive halt, cache_misses = 13689
preemptive halt, cache_misses = 13689
preemptive halt, cache_misses = 13689
preemptive halt, cache_misses = 13689
preemptive halt, cache_misses = 13689
preemptive halt, cache_misses = 13689
preemptive halt, cache_misses = 13689
preemptive halt, cache_misses = 13689
preemptive halt, cache_misses = 13689
preemptive halt, cache_misses = 13689
preemptive halt, cache_misses = 13689
preemptive halt, cache_misses = 13689
preemptive halt, cache_misses = 13689
preemptive halt, cache_misses = 13689
preemptive halt, cache_misses = 13689
preemptive halt, cache_misses = 13689
preemptive halt, cache_misses = 13689
preemptive halt, cache_misses = 13689
preemptive halt, cache_misses = 13689
preemptive halt, cache_misses = 13689
preemptive halt, cache_misses = 13689
preemptive halt, cache_misses = 13689
preemptive halt, cache_misses = 13689
preemptive halt, cache_misses = 13689
preemptive halt, cache_misses = 13689
preemptive halt, cache_misses = 13689
preemptive halt, cache_misses = 13689
preemptive halt, cache_misses = 13689
preemptive halt, cache_misses = 13689
preemptive halt, cache_misses = 13689
preemptive halt, cache_misses = 13689
preemptive halt, cache_misses = 13689
preemptive halt, cache_misses = 13689
preemptive halt, cache_misses = 13689
preemptive halt, cache_misses = 13689
preemptive halt, cache_misses = 13689
preemptive halt, cache_misses = 13689
preemptive halt, cache_misses = 13689
preemptive halt, cache_misses = 13689
preemptive halt, cache_misses = 13689
preemptive halt, cache_misses = 13689
preemptive halt, cache_misses = 13689
preemptive halt, cache_misses = 13689
preemptive halt, cache_misses = 13689
preemptive halt, cache_misses = 13689
preemptive halt, cache_misses = 13689
preemptive halt, cache_misses = 13689
preemptive halt, cache_misses = 13689
preemptive halt, cache_misses = 13689
preemptive halt, cache_misses = 13689
preemptive halt, cache_misses = 13689
preemptive halt, cache_misses = 13689
preemptive halt, cache_misses = 13689
preemptive halt, cache_misses = 13689
preemptive halt, cache_misses = 13689
preemptive halt, cache_misses = 13689
preemptive halt, cache_misses = 13689
preemptive halt, cache_misses = 13689
preemptive halt, cache_misses = 13689
preemptive halt, cache_misses = 13689
preemptive halt, cache_misses = 13689
preemptive halt, cache_misses = 13689
preemptive halt, cache_misses = 13689
preemptive halt, cache_misses = 13689
preemptive halt, cache_misses = 13689
preemptive halt, cache_misses = 13689
preemptive halt, cache_misses = 13689
preemptive halt, cache_misses = 13689
preemptive halt, cache_misses = 13689
preemptive halt, cache_misses = 13689
preemptive halt, cache_misses = 13689
preemptive halt, cache_misses = 13689
preemptive halt, cache_misses = 13689
preemptive halt, cache_misses = 13689
preemptive halt, cache_misses = 13689
preemptive halt, cache_misses = 13689
preemptive halt, cache_misses = 13689
preemptive halt, cache_misses = 13689
preemptive halt, cache_misses = 13689
preemptive halt, cache_misses = 13689
preemptive halt, cache_misses = 13689
preemptive halt, cache_misses = 13689
preemptive halt, cache_misses = 13689
preemptive halt, cache_misses = 13689
preemptive halt, cache_misses = 13689
preemptive halt, cache_misses = 13689
preemptive halt, cache_misses = 13689
preemptive halt, cache_misses = 13689
preemptive halt, cache_misses = 13689
preemptive halt, cache_misses = 13689
preemptive halt, cache_misses = 13689
preemptive halt, cache_misses = 13689
binary search, size 195  misses 13689  min 156  max 234
preemptive halt, cache_misses = 13690
preemptive halt, cache_misses = 13690
preemptive halt, cache_misses = 13690
preemptive halt, cache_misses = 13690
preemptive halt, cache_misses = 13690
preemptive halt, cache_misses = 13690
preemptive halt, cache_misses = 13690
preemptive halt, cache_misses = 13690
preemptive halt, cache_misses = 13690
preemptive halt, cache_misses = 13690
preemptive halt, cache_misses = 13690
preemptive halt, cache_misses = 13690
preemptive halt, cache_misses = 13690
preemptive halt, cache_misses = 13690
preemptive halt, cache_misses = 13690
preemptive halt, cache_misses = 13690
preemptive halt, cache_misses = 13690
preemptive halt, cache_misses = 13690
preemptive halt, cache_misses = 13690
preemptive halt, cache_misses = 13690
preemptive halt, cache_misses = 13690
preemptive halt, cache_misses = 13690
preemptive halt, cache_misses = 13690
preemptive halt, cache_misses = 13690
preemptive halt, cache_misses = 13690
preemptive halt, cache_misses = 13690
preemptive halt, cache_misses = 13690
preemptive halt, cache_misses = 13690
preemptive halt, cache_misses = 13690
preemptive halt, cache_misses = 13690
preemptive halt, cache_misses = 13690
preemptive halt, cache_misses = 13690
preemptive halt, cache_misses = 13690
preemptive halt, cache_misses = 13690
preemptive halt, cache_misses = 13690
preemptive halt, cache_misses = 13690
preemptive halt, cache_misses = 13690
preemptive halt, cache_misses = 13690
preemptive halt, cache_misses = 13690
preemptive halt, cache_misses = 13690
preemptive halt, cache_misses = 13690
preemptive halt, cache_misses = 13690
preemptive halt, cache_misses = 13690
preemptive halt, cache_misses = 13690
preemptive halt, cache_misses = 13690
preemptive halt, cache_misses = 13690
preemptive halt, cache_misses = 13690
preemptive halt, cache_misses = 13690
preemptive halt, cache_misses = 13690
preemptive halt, cache_misses = 13690
preemptive halt, cache_misses = 13690
preemptive halt, cache_misses = 13690
preemptive halt, cache_misses = 13690
preemptive halt, cache_misses = 13690
preemptive halt, cache_misses = 13690
preemptive halt, cache_misses = 13690
preemptive halt, cache_misses = 13690
preemptive halt, cache_misses = 13690
preemptive halt, cache_misses = 13690
preemptive halt, cache_misses = 13690
preemptive halt, cache_misses = 13690
preemptive halt, cache_misses = 13690
preemptive halt, cache_misses = 13690
preemptive halt, cache_misses = 13690
preemptive halt, cache_misses = 13690
preemptive halt, cache_misses = 13690
preemptive halt, cache_misses = 13690
preemptive halt, cache_misses = 13690
preemptive halt, cache_misses = 13690
preemptive halt, cache_misses = 13690
preemptive halt, cache_misses = 13690
preemptive halt, cache_misses = 13690
preemptive halt, cache_misses = 13690
preemptive halt, cache_misses = 13690
preemptive halt, cache_misses = 13690
preemptive halt, cache_misses = 13690
preemptive halt, cache_misses = 13690
preemptive halt, cache_misses = 13690
preemptive halt, cache_misses = 13690
preemptive halt, cache_misses = 13690
preemptive halt, cache_misses = 13690
preemptive halt, cache_misses = 13690
preemptive halt, cache_misses = 13690
preemptive halt, cache_misses = 13690
preemptive halt, cache_misses = 13690
preemptive halt, cache_misses = 13690
preemptive halt, cache_misses = 13690
preemptive halt, cache_misses = 13690
preemptive halt, cache_misses = 13690
preemptive halt, cache_misses = 13690
preemptive halt, cache_misses = 13690
preemptive halt, cache_misses = 13690
preemptive halt, cache_misses = 13690
preemptive halt, cache_misses = 13690
preemptive halt, cache_misses = 13690
preemptive halt, cache_misses = 13690
preemptive halt, cache_misses = 13690
preemptive halt, cache_misses = 13690
preemptive halt, cache_misses = 13690
preemptive halt, cache_misses = 13690
preemptive halt, cache_misses = 13690
preemptive halt, cache_misses = 13690
preemptive halt, cache_misses = 13690
preemptive halt, cache_misses = 13690
preemptive halt, cache_misses = 13690
preemptive halt, cache_misses = 13690
preemptive halt, cache_misses = 13690
preemptive halt, cache_misses = 13690
preemptive halt, cache_misses = 13690
preemptive halt, cache_misses = 13690
preemptive halt, cache_misses = 13690
preemptive halt, cache_misses = 13690
preemptive halt, cache_misses = 13690
preemptive halt, cache_misses = 13690
preemptive halt, cache_misses = 13690
preemptive halt, cache_misses = 13690
preemptive halt, cache_misses = 13690
preemptive halt, cache_misses = 13690
preemptive halt, cache_misses = 13690
preemptive halt, cache_misses = 13690
preemptive halt, cache_misses = 13690
preemptive halt, cache_misses = 13690
preemptive halt, cache_misses = 13690
preemptive halt, cache_misses = 13690
preemptive halt, cache_misses = 13690
preemptive halt, cache_misses = 13690
preemptive halt, cache_misses = 13690
preemptive halt, cache_misses = 13690
preemptive halt, cache_misses = 13690
preemptive halt, cache_misses = 13690
preemptive halt, cache_misses = 13690
preemptive halt, cache_misses = 13690
preemptive halt, cache_misses = 13690
preemptive halt, cache_misses = 13690
preemptive halt, cache_misses = 13690
preemptive halt, cache_misses = 13690
preemptive halt, cache_misses = 13690
preemptive halt, cache_misses = 13690
preemptive halt, cache_misses = 13690
preemptive halt, cache_misses = 13690
preemptive halt, cache_misses = 13690
preemptive halt, cache_misses = 13690
preemptive halt, cache_misses = 13690
preemptive halt, cache_misses = 13690
preemptive halt, cache_misses = 13690
preemptive halt, cache_misses = 13690
preemptive halt, cache_misses = 13690
preemptive halt, cache_misses = 13690
preemptive halt, cache_misses = 13690
preemptive halt, cache_misses = 13690
preemptive halt, cache_misses = 13690
preemptive halt, cache_misses = 13690
preemptive halt, cache_misses = 13690
preemptive halt, cache_misses = 13690
preemptive halt, cache_misses = 13690
preemptive halt, cache_misses = 13690
preemptive halt, cache_misses = 13690
preemptive halt, cache_misses = 13690
preemptive halt, cache_misses = 13690
preemptive halt, cache_misses = 13690
preemptive halt, cache_misses = 13690
preemptive halt, cache_misses = 13690
preemptive halt, cache_misses = 13690
preemptive halt, cache_misses = 13690
preemptive halt, cache_misses = 13690
preemptive halt, cache_misses = 13690
preemptive halt, cache_misses = 13690
preemptive halt, cache_misses = 13690
preemptive halt, cache_misses = 13690
preemptive halt, cache_misses = 13690
preemptive halt, cache_misses = 13690
preemptive halt, cache_misses = 13690
preemptive halt, cache_misses = 13690
preemptive halt, cache_misses = 13690
preemptive halt, cache_misses = 13690
preemptive halt, cache_misses = 13690
preemptive halt, cache_misses = 13690
preemptive halt, cache_misses = 13690
preemptive halt, cache_misses = 13690
preemptive halt, cache_misses = 13690
preemptive halt, cache_misses = 13690
preemptive halt, cache_misses = 13690
preemptive halt, cache_misses = 13690
preemptive halt, cache_misses = 13690
preemptive halt, cache_misses = 13690
preemptive halt, cache_misses = 13690
preemptive halt, cache_misses = 13690
preemptive halt, cache_misses = 13690
preemptive halt, cache_misses = 13690
preemptive halt, cache_misses = 13690
preemptive halt, cache_misses = 13690
preemptive halt, cache_misses = 13690
preemptive halt, cache_misses = 13690
preemptive halt, cache_misses = 13690
preemptive halt, cache_misses = 13690
preemptive halt, cache_misses = 13690
preemptive halt, cache_misses = 13690
preemptive halt, cache_misses = 13690
preemptive halt, cache_misses = 13690
preemptive halt, cache_misses = 13690
preemptive halt, cache_misses = 13690
preemptive halt, cache_misses = 13690
preemptive halt, cache_misses = 13690
preemptive halt, cache_misses = 13690
preemptive halt, cache_misses = 13690
preemptive halt, cache_misses = 13690
preemptive halt, cache_misses = 13690
preemptive halt, cache_misses = 13690
preemptive halt, cache_misses = 13690
preemptive halt, cache_misses = 13690
preemptive halt, cache_misses = 13690
preemptive halt, cache_misses = 13690
preemptive halt, cache_misses = 13690
preemptive halt, cache_misses = 13690
preemptive halt, cache_misses = 13690
preemptive halt, cache_misses = 13690
preemptive halt, cache_misses = 13690
preemptive halt, cache_misses = 13690
preemptive halt, cache_misses = 13690
preemptive halt, cache_misses = 13690
preemptive halt, cache_misses = 13690
preemptive halt, cache_misses = 13690
preemptive halt, cache_misses = 13690
preemptive halt, cache_misses = 13690
preemptive halt, cache_misses = 13690
preemptive halt, cache_misses = 13690
binary search, size 214  misses 13690  min 195  max 234
preemptive halt, cache_misses = 13691
preemptive halt, cache_misses = 13691
preemptive halt, cache_misses = 13691
preemptive halt, cache_misses = 13691
preemptive halt, cache_misses = 13691
preemptive halt, cache_misses = 13691
preemptive halt, cache_misses = 13691
preemptive halt, cache_misses = 13691
preemptive halt, cache_misses = 13691
preemptive halt, cache_misses = 13691
preemptive halt, cache_misses = 13691
preemptive halt, cache_misses = 13691
preemptive halt, cache_misses = 13691
preemptive halt, cache_misses = 13691
preemptive halt, cache_misses = 13691
preemptive halt, cache_misses = 13691
preemptive halt, cache_misses = 13691
preemptive halt, cache_misses = 13691
preemptive halt, cache_misses = 13691
preemptive halt, cache_misses = 13691
preemptive halt, cache_misses = 13691
preemptive halt, cache_misses = 13691
preemptive halt, cache_misses = 13691
preemptive halt, cache_misses = 13691
preemptive halt, cache_misses = 13691
preemptive halt, cache_misses = 13691
preemptive halt, cache_misses = 13691
preemptive halt, cache_misses = 13691
preemptive halt, cache_misses = 13691
preemptive halt, cache_misses = 13691
preemptive halt, cache_misses = 13691
preemptive halt, cache_misses = 13691
preemptive halt, cache_misses = 13691
preemptive halt, cache_misses = 13691
preemptive halt, cache_misses = 13691
preemptive halt, cache_misses = 13691
preemptive halt, cache_misses = 13691
preemptive halt, cache_misses = 13691
preemptive halt, cache_misses = 13691
preemptive halt, cache_misses = 13691
preemptive halt, cache_misses = 13691
preemptive halt, cache_misses = 13691
preemptive halt, cache_misses = 13691
preemptive halt, cache_misses = 13691
preemptive halt, cache_misses = 13691
preemptive halt, cache_misses = 13691
preemptive halt, cache_misses = 13691
preemptive halt, cache_misses = 13691
preemptive halt, cache_misses = 13691
preemptive halt, cache_misses = 13691
preemptive halt, cache_misses = 13691
preemptive halt, cache_misses = 13691
preemptive halt, cache_misses = 13691
preemptive halt, cache_misses = 13691
preemptive halt, cache_misses = 13691
preemptive halt, cache_misses = 13691
preemptive halt, cache_misses = 13691
preemptive halt, cache_misses = 13691
preemptive halt, cache_misses = 13691
preemptive halt, cache_misses = 13691
preemptive halt, cache_misses = 13691
preemptive halt, cache_misses = 13691
preemptive halt, cache_misses = 13691
preemptive halt, cache_misses = 13691
preemptive halt, cache_misses = 13691
preemptive halt, cache_misses = 13691
preemptive halt, cache_misses = 13691
preemptive halt, cache_misses = 13691
preemptive halt, cache_misses = 13691
preemptive halt, cache_misses = 13691
preemptive halt, cache_misses = 13691
preemptive halt, cache_misses = 13691
preemptive halt, cache_misses = 13691
preemptive halt, cache_misses = 13691
preemptive halt, cache_misses = 13691
preemptive halt, cache_misses = 13691
preemptive halt, cache_misses = 13691
preemptive halt, cache_misses = 13691
preemptive halt, cache_misses = 13691
preemptive halt, cache_misses = 13691
preemptive halt, cache_misses = 13691
preemptive halt, cache_misses = 13691
preemptive halt, cache_misses = 13691
preemptive halt, cache_misses = 13691
preemptive halt, cache_misses = 13691
preemptive halt, cache_misses = 13691
preemptive halt, cache_misses = 13691
preemptive halt, cache_misses = 13691
preemptive halt, cache_misses = 13691
preemptive halt, cache_misses = 13691
preemptive halt, cache_misses = 13691
preemptive halt, cache_misses = 13691
preemptive halt, cache_misses = 13691
preemptive halt, cache_misses = 13691
preemptive halt, cache_misses = 13691
preemptive halt, cache_misses = 13691
preemptive halt, cache_misses = 13691
preemptive halt, cache_misses = 13691
preemptive halt, cache_misses = 13691
preemptive halt, cache_misses = 13691
preemptive halt, cache_misses = 13691
preemptive halt, cache_misses = 13691
preemptive halt, cache_misses = 13691
preemptive halt, cache_misses = 13691
preemptive halt, cache_misses = 13691
preemptive halt, cache_misses = 13691
preemptive halt, cache_misses = 13691
preemptive halt, cache_misses = 13691
preemptive halt, cache_misses = 13691
preemptive halt, cache_misses = 13691
preemptive halt, cache_misses = 13691
preemptive halt, cache_misses = 13691
preemptive halt, cache_misses = 13691
preemptive halt, cache_misses = 13691
preemptive halt, cache_misses = 13691
preemptive halt, cache_misses = 13691
preemptive halt, cache_misses = 13691
preemptive halt, cache_misses = 13691
preemptive halt, cache_misses = 13691
preemptive halt, cache_misses = 13691
preemptive halt, cache_misses = 13691
preemptive halt, cache_misses = 13691
preemptive halt, cache_misses = 13691
preemptive halt, cache_misses = 13691
preemptive halt, cache_misses = 13691
preemptive halt, cache_misses = 13691
preemptive halt, cache_misses = 13691
preemptive halt, cache_misses = 13691
preemptive halt, cache_misses = 13691
preemptive halt, cache_misses = 13691
preemptive halt, cache_misses = 13691
preemptive halt, cache_misses = 13691
preemptive halt, cache_misses = 13691
preemptive halt, cache_misses = 13691
preemptive halt, cache_misses = 13691
preemptive halt, cache_misses = 13691
preemptive halt, cache_misses = 13691
preemptive halt, cache_misses = 13691
preemptive halt, cache_misses = 13691
preemptive halt, cache_misses = 13691
preemptive halt, cache_misses = 13691
preemptive halt, cache_misses = 13691
preemptive halt, cache_misses = 13691
preemptive halt, cache_misses = 13691
preemptive halt, cache_misses = 13691
preemptive halt, cache_misses = 13691
preemptive halt, cache_misses = 13691
preemptive halt, cache_misses = 13691
preemptive halt, cache_misses = 13691
preemptive halt, cache_misses = 13691
preemptive halt, cache_misses = 13691
preemptive halt, cache_misses = 13691
preemptive halt, cache_misses = 13691
preemptive halt, cache_misses = 13691
preemptive halt, cache_misses = 13691
preemptive halt, cache_misses = 13691
preemptive halt, cache_misses = 13691
preemptive halt, cache_misses = 13691
preemptive halt, cache_misses = 13691
preemptive halt, cache_misses = 13691
preemptive halt, cache_misses = 13691
preemptive halt, cache_misses = 13691
preemptive halt, cache_misses = 13691
preemptive halt, cache_misses = 13691
preemptive halt, cache_misses = 13691
preemptive halt, cache_misses = 13691
preemptive halt, cache_misses = 13691
preemptive halt, cache_misses = 13691
preemptive halt, cache_misses = 13691
preemptive halt, cache_misses = 13691
preemptive halt, cache_misses = 13691
preemptive halt, cache_misses = 13691
preemptive halt, cache_misses = 13691
preemptive halt, cache_misses = 13691
preemptive halt, cache_misses = 13691
preemptive halt, cache_misses = 13691
preemptive halt, cache_misses = 13691
preemptive halt, cache_misses = 13691
preemptive halt, cache_misses = 13691
preemptive halt, cache_misses = 13691
preemptive halt, cache_misses = 13691
preemptive halt, cache_misses = 13691
preemptive halt, cache_misses = 13691
preemptive halt, cache_misses = 13691
preemptive halt, cache_misses = 13691
preemptive halt, cache_misses = 13691
preemptive halt, cache_misses = 13691
preemptive halt, cache_misses = 13691
preemptive halt, cache_misses = 13691
preemptive halt, cache_misses = 13691
preemptive halt, cache_misses = 13691
preemptive halt, cache_misses = 13691
preemptive halt, cache_misses = 13691
preemptive halt, cache_misses = 13691
preemptive halt, cache_misses = 13691
preemptive halt, cache_misses = 13691
preemptive halt, cache_misses = 13691
preemptive halt, cache_misses = 13691
preemptive halt, cache_misses = 13691
preemptive halt, cache_misses = 13691
preemptive halt, cache_misses = 13691
preemptive halt, cache_misses = 13691
preemptive halt, cache_misses = 13691
preemptive halt, cache_misses = 13691
preemptive halt, cache_misses = 13691
preemptive halt, cache_misses = 13691
preemptive halt, cache_misses = 13691
preemptive halt, cache_misses = 13691
preemptive halt, cache_misses = 13691
preemptive halt, cache_misses = 13691
preemptive halt, cache_misses = 13691
preemptive halt, cache_misses = 13691
preemptive halt, cache_misses = 13691
preemptive halt, cache_misses = 13691
preemptive halt, cache_misses = 13691
preemptive halt, cache_misses = 13691
preemptive halt, cache_misses = 13691
preemptive halt, cache_misses = 13691
preemptive halt, cache_misses = 13691
preemptive halt, cache_misses = 13691
preemptive halt, cache_misses = 13691
preemptive halt, cache_misses = 13691
preemptive halt, cache_misses = 13691
preemptive halt, cache_misses = 13691
preemptive halt, cache_misses = 13691
preemptive halt, cache_misses = 13691
preemptive halt, cache_misses = 13691
preemptive halt, cache_misses = 13691
binary search, size 224  misses 13691  min 214  max 234
preemptive halt, cache_misses = 13692
preemptive halt, cache_misses = 13692
preemptive halt, cache_misses = 13692
preemptive halt, cache_misses = 13692
preemptive halt, cache_misses = 13692
preemptive halt, cache_misses = 13692
preemptive halt, cache_misses = 13692
preemptive halt, cache_misses = 13692
preemptive halt, cache_misses = 13692
preemptive halt, cache_misses = 13692
preemptive halt, cache_misses = 13692
preemptive halt, cache_misses = 13692
preemptive halt, cache_misses = 13692
preemptive halt, cache_misses = 13692
preemptive halt, cache_misses = 13692
preemptive halt, cache_misses = 13692
preemptive halt, cache_misses = 13692
preemptive halt, cache_misses = 13692
preemptive halt, cache_misses = 13692
preemptive halt, cache_misses = 13692
preemptive halt, cache_misses = 13692
preemptive halt, cache_misses = 13692
preemptive halt, cache_misses = 13692
preemptive halt, cache_misses = 13692
preemptive halt, cache_misses = 13692
preemptive halt, cache_misses = 13692
preemptive halt, cache_misses = 13692
preemptive halt, cache_misses = 13692
preemptive halt, cache_misses = 13692
preemptive halt, cache_misses = 13692
preemptive halt, cache_misses = 13692
preemptive halt, cache_misses = 13692
preemptive halt, cache_misses = 13692
preemptive halt, cache_misses = 13692
preemptive halt, cache_misses = 13692
preemptive halt, cache_misses = 13692
preemptive halt, cache_misses = 13692
preemptive halt, cache_misses = 13692
preemptive halt, cache_misses = 13692
preemptive halt, cache_misses = 13692
preemptive halt, cache_misses = 13692
preemptive halt, cache_misses = 13692
preemptive halt, cache_misses = 13692
preemptive halt, cache_misses = 13692
preemptive halt, cache_misses = 13692
preemptive halt, cache_misses = 13692
preemptive halt, cache_misses = 13692
preemptive halt, cache_misses = 13692
preemptive halt, cache_misses = 13692
preemptive halt, cache_misses = 13692
preemptive halt, cache_misses = 13692
preemptive halt, cache_misses = 13692
preemptive halt, cache_misses = 13692
preemptive halt, cache_misses = 13692
preemptive halt, cache_misses = 13692
preemptive halt, cache_misses = 13692
preemptive halt, cache_misses = 13692
preemptive halt, cache_misses = 13692
preemptive halt, cache_misses = 13692
preemptive halt, cache_misses = 13692
preemptive halt, cache_misses = 13692
preemptive halt, cache_misses = 13692
preemptive halt, cache_misses = 13692
preemptive halt, cache_misses = 13692
preemptive halt, cache_misses = 13692
preemptive halt, cache_misses = 13692
preemptive halt, cache_misses = 13692
preemptive halt, cache_misses = 13692
preemptive halt, cache_misses = 13692
preemptive halt, cache_misses = 13692
preemptive halt, cache_misses = 13692
preemptive halt, cache_misses = 13692
preemptive halt, cache_misses = 13692
preemptive halt, cache_misses = 13692
preemptive halt, cache_misses = 13692
preemptive halt, cache_misses = 13692
preemptive halt, cache_misses = 13692
preemptive halt, cache_misses = 13692
preemptive halt, cache_misses = 13692
preemptive halt, cache_misses = 13692
preemptive halt, cache_misses = 13692
preemptive halt, cache_misses = 13692
preemptive halt, cache_misses = 13692
preemptive halt, cache_misses = 13692
preemptive halt, cache_misses = 13692
preemptive halt, cache_misses = 13692
preemptive halt, cache_misses = 13692
preemptive halt, cache_misses = 13692
preemptive halt, cache_misses = 13692
preemptive halt, cache_misses = 13692
preemptive halt, cache_misses = 13692
preemptive halt, cache_misses = 13692
preemptive halt, cache_misses = 13692
preemptive halt, cache_misses = 13692
preemptive halt, cache_misses = 13692
preemptive halt, cache_misses = 13692
preemptive halt, cache_misses = 13692
preemptive halt, cache_misses = 13692
preemptive halt, cache_misses = 13692
preemptive halt, cache_misses = 13692
preemptive halt, cache_misses = 13692
preemptive halt, cache_misses = 13692
preemptive halt, cache_misses = 13692
preemptive halt, cache_misses = 13692
preemptive halt, cache_misses = 13692
preemptive halt, cache_misses = 13692
preemptive halt, cache_misses = 13692
preemptive halt, cache_misses = 13692
preemptive halt, cache_misses = 13692
preemptive halt, cache_misses = 13692
preemptive halt, cache_misses = 13692
preemptive halt, cache_misses = 13692
preemptive halt, cache_misses = 13692
preemptive halt, cache_misses = 13692
preemptive halt, cache_misses = 13692
preemptive halt, cache_misses = 13692
preemptive halt, cache_misses = 13692
preemptive halt, cache_misses = 13692
preemptive halt, cache_misses = 13692
preemptive halt, cache_misses = 13692
preemptive halt, cache_misses = 13692
preemptive halt, cache_misses = 13692
preemptive halt, cache_misses = 13692
preemptive halt, cache_misses = 13692
preemptive halt, cache_misses = 13692
preemptive halt, cache_misses = 13692
preemptive halt, cache_misses = 13692
preemptive halt, cache_misses = 13692
preemptive halt, cache_misses = 13692
preemptive halt, cache_misses = 13692
preemptive halt, cache_misses = 13692
preemptive halt, cache_misses = 13692
preemptive halt, cache_misses = 13692
preemptive halt, cache_misses = 13692
preemptive halt, cache_misses = 13692
preemptive halt, cache_misses = 13692
preemptive halt, cache_misses = 13692
preemptive halt, cache_misses = 13692
preemptive halt, cache_misses = 13692
preemptive halt, cache_misses = 13692
preemptive halt, cache_misses = 13692
preemptive halt, cache_misses = 13692
preemptive halt, cache_misses = 13692
preemptive halt, cache_misses = 13692
preemptive halt, cache_misses = 13692
preemptive halt, cache_misses = 13692
preemptive halt, cache_misses = 13692
preemptive halt, cache_misses = 13692
preemptive halt, cache_misses = 13692
preemptive halt, cache_misses = 13692
preemptive halt, cache_misses = 13692
preemptive halt, cache_misses = 13692
preemptive halt, cache_misses = 13692
preemptive halt, cache_misses = 13692
preemptive halt, cache_misses = 13692
preemptive halt, cache_misses = 13692
preemptive halt, cache_misses = 13692
preemptive halt, cache_misses = 13692
preemptive halt, cache_misses = 13692
preemptive halt, cache_misses = 13692
preemptive halt, cache_misses = 13692
preemptive halt, cache_misses = 13692
preemptive halt, cache_misses = 13692
preemptive halt, cache_misses = 13692
preemptive halt, cache_misses = 13692
preemptive halt, cache_misses = 13692
preemptive halt, cache_misses = 13692
preemptive halt, cache_misses = 13692
preemptive halt, cache_misses = 13692
preemptive halt, cache_misses = 13692
preemptive halt, cache_misses = 13692
preemptive halt, cache_misses = 13692
preemptive halt, cache_misses = 13692
preemptive halt, cache_misses = 13692
preemptive halt, cache_misses = 13692
preemptive halt, cache_misses = 13692
preemptive halt, cache_misses = 13692
preemptive halt, cache_misses = 13692
preemptive halt, cache_misses = 13692
preemptive halt, cache_misses = 13692
preemptive halt, cache_misses = 13692
preemptive halt, cache_misses = 13692
preemptive halt, cache_misses = 13692
preemptive halt, cache_misses = 13692
preemptive halt, cache_misses = 13692
preemptive halt, cache_misses = 13692
preemptive halt, cache_misses = 13692
preemptive halt, cache_misses = 13692
preemptive halt, cache_misses = 13692
preemptive halt, cache_misses = 13692
preemptive halt, cache_misses = 13692
preemptive halt, cache_misses = 13692
preemptive halt, cache_misses = 13692
preemptive halt, cache_misses = 13692
preemptive halt, cache_misses = 13692
preemptive halt, cache_misses = 13692
preemptive halt, cache_misses = 13692
preemptive halt, cache_misses = 13692
preemptive halt, cache_misses = 13692
preemptive halt, cache_misses = 13692
preemptive halt, cache_misses = 13692
preemptive halt, cache_misses = 13692
preemptive halt, cache_misses = 13692
preemptive halt, cache_misses = 13692
preemptive halt, cache_misses = 13692
preemptive halt, cache_misses = 13692
preemptive halt, cache_misses = 13692
preemptive halt, cache_misses = 13692
preemptive halt, cache_misses = 13692
preemptive halt, cache_misses = 13692
preemptive halt, cache_misses = 13692
preemptive halt, cache_misses = 13692
preemptive halt, cache_misses = 13692
preemptive halt, cache_misses = 13692
preemptive halt, cache_misses = 13692
preemptive halt, cache_misses = 13692
preemptive halt, cache_misses = 13692
preemptive halt, cache_misses = 13692
preemptive halt, cache_misses = 13692
preemptive halt, cache_misses = 13692
preemptive halt, cache_misses = 13692
preemptive halt, cache_misses = 13692
preemptive halt, cache_misses = 13692
preemptive halt, cache_misses = 13692
preemptive halt, cache_misses = 13692
preemptive halt, cache_misses = 13692
preemptive halt, cache_misses = 13692
preemptive halt, cache_misses = 13692
preemptive halt, cache_misses = 13692
preemptive halt, cache_misses = 13692
binary search, size 229  misses 13692  min 224  max 234
preemptive halt, cache_misses = 13693
preemptive halt, cache_misses = 13693
preemptive halt, cache_misses = 13693
preemptive halt, cache_misses = 13693
preemptive halt, cache_misses = 13693
preemptive halt, cache_misses = 13693
preemptive halt, cache_misses = 13693
preemptive halt, cache_misses = 13693
preemptive halt, cache_misses = 13693
preemptive halt, cache_misses = 13693
preemptive halt, cache_misses = 13693
preemptive halt, cache_misses = 13693
preemptive halt, cache_misses = 13693
preemptive halt, cache_misses = 13693
preemptive halt, cache_misses = 13693
preemptive halt, cache_misses = 13693
preemptive halt, cache_misses = 13693
preemptive halt, cache_misses = 13693
preemptive halt, cache_misses = 13693
preemptive halt, cache_misses = 13693
preemptive halt, cache_misses = 13693
preemptive halt, cache_misses = 13693
preemptive halt, cache_misses = 13693
preemptive halt, cache_misses = 13693
preemptive halt, cache_misses = 13693
preemptive halt, cache_misses = 13693
preemptive halt, cache_misses = 13693
preemptive halt, cache_misses = 13693
preemptive halt, cache_misses = 13693
preemptive halt, cache_misses = 13693
preemptive halt, cache_misses = 13693
preemptive halt, cache_misses = 13693
preemptive halt, cache_misses = 13693
preemptive halt, cache_misses = 13693
preemptive halt, cache_misses = 13693
preemptive halt, cache_misses = 13693
preemptive halt, cache_misses = 13693
preemptive halt, cache_misses = 13693
preemptive halt, cache_misses = 13693
preemptive halt, cache_misses = 13693
preemptive halt, cache_misses = 13693
preemptive halt, cache_misses = 13693
preemptive halt, cache_misses = 13693
preemptive halt, cache_misses = 13693
preemptive halt, cache_misses = 13693
preemptive halt, cache_misses = 13693
preemptive halt, cache_misses = 13693
preemptive halt, cache_misses = 13693
preemptive halt, cache_misses = 13693
preemptive halt, cache_misses = 13693
preemptive halt, cache_misses = 13693
preemptive halt, cache_misses = 13693
preemptive halt, cache_misses = 13693
preemptive halt, cache_misses = 13693
preemptive halt, cache_misses = 13693
preemptive halt, cache_misses = 13693
preemptive halt, cache_misses = 13693
preemptive halt, cache_misses = 13693
preemptive halt, cache_misses = 13693
preemptive halt, cache_misses = 13693
preemptive halt, cache_misses = 13693
preemptive halt, cache_misses = 13693
preemptive halt, cache_misses = 13693
preemptive halt, cache_misses = 13693
preemptive halt, cache_misses = 13693
preemptive halt, cache_misses = 13693
preemptive halt, cache_misses = 13693
preemptive halt, cache_misses = 13693
preemptive halt, cache_misses = 13693
preemptive halt, cache_misses = 13693
preemptive halt, cache_misses = 13693
preemptive halt, cache_misses = 13693
preemptive halt, cache_misses = 13693
preemptive halt, cache_misses = 13693
preemptive halt, cache_misses = 13693
preemptive halt, cache_misses = 13693
preemptive halt, cache_misses = 13693
preemptive halt, cache_misses = 13693
preemptive halt, cache_misses = 13693
preemptive halt, cache_misses = 13693
preemptive halt, cache_misses = 13693
preemptive halt, cache_misses = 13693
preemptive halt, cache_misses = 13693
preemptive halt, cache_misses = 13693
preemptive halt, cache_misses = 13693
preemptive halt, cache_misses = 13693
preemptive halt, cache_misses = 13693
preemptive halt, cache_misses = 13693
preemptive halt, cache_misses = 13693
preemptive halt, cache_misses = 13693
preemptive halt, cache_misses = 13693
preemptive halt, cache_misses = 13693
preemptive halt, cache_misses = 13693
preemptive halt, cache_misses = 13693
preemptive halt, cache_misses = 13693
preemptive halt, cache_misses = 13693
preemptive halt, cache_misses = 13693
preemptive halt, cache_misses = 13693
preemptive halt, cache_misses = 13693
preemptive halt, cache_misses = 13693
preemptive halt, cache_misses = 13693
preemptive halt, cache_misses = 13693
preemptive halt, cache_misses = 13693
preemptive halt, cache_misses = 13693
preemptive halt, cache_misses = 13693
preemptive halt, cache_misses = 13693
preemptive halt, cache_misses = 13693
preemptive halt, cache_misses = 13693
preemptive halt, cache_misses = 13693
preemptive halt, cache_misses = 13693
preemptive halt, cache_misses = 13693
preemptive halt, cache_misses = 13693
preemptive halt, cache_misses = 13693
preemptive halt, cache_misses = 13693
preemptive halt, cache_misses = 13693
preemptive halt, cache_misses = 13693
preemptive halt, cache_misses = 13693
preemptive halt, cache_misses = 13693
preemptive halt, cache_misses = 13693
preemptive halt, cache_misses = 13693
preemptive halt, cache_misses = 13693
preemptive halt, cache_misses = 13693
preemptive halt, cache_misses = 13693
preemptive halt, cache_misses = 13693
preemptive halt, cache_misses = 13693
preemptive halt, cache_misses = 13693
preemptive halt, cache_misses = 13693
preemptive halt, cache_misses = 13693
preemptive halt, cache_misses = 13693
preemptive halt, cache_misses = 13693
preemptive halt, cache_misses = 13693
preemptive halt, cache_misses = 13693
preemptive halt, cache_misses = 13693
preemptive halt, cache_misses = 13693
preemptive halt, cache_misses = 13693
preemptive halt, cache_misses = 13693
preemptive halt, cache_misses = 13693
preemptive halt, cache_misses = 13693
preemptive halt, cache_misses = 13693
preemptive halt, cache_misses = 13693
preemptive halt, cache_misses = 13693
preemptive halt, cache_misses = 13693
preemptive halt, cache_misses = 13693
preemptive halt, cache_misses = 13693
preemptive halt, cache_misses = 13693
preemptive halt, cache_misses = 13693
preemptive halt, cache_misses = 13693
preemptive halt, cache_misses = 13693
preemptive halt, cache_misses = 13693
preemptive halt, cache_misses = 13693
preemptive halt, cache_misses = 13693
preemptive halt, cache_misses = 13693
preemptive halt, cache_misses = 13693
preemptive halt, cache_misses = 13693
preemptive halt, cache_misses = 13693
preemptive halt, cache_misses = 13693
preemptive halt, cache_misses = 13693
preemptive halt, cache_misses = 13693
preemptive halt, cache_misses = 13693
preemptive halt, cache_misses = 13693
preemptive halt, cache_misses = 13693
preemptive halt, cache_misses = 13693
preemptive halt, cache_misses = 13693
preemptive halt, cache_misses = 13693
preemptive halt, cache_misses = 13693
preemptive halt, cache_misses = 13693
preemptive halt, cache_misses = 13693
preemptive halt, cache_misses = 13693
preemptive halt, cache_misses = 13693
preemptive halt, cache_misses = 13693
preemptive halt, cache_misses = 13693
preemptive halt, cache_misses = 13693
preemptive halt, cache_misses = 13693
preemptive halt, cache_misses = 13693
preemptive halt, cache_misses = 13693
preemptive halt, cache_misses = 13693
preemptive halt, cache_misses = 13693
preemptive halt, cache_misses = 13693
preemptive halt, cache_misses = 13693
preemptive halt, cache_misses = 13693
preemptive halt, cache_misses = 13693
preemptive halt, cache_misses = 13693
preemptive halt, cache_misses = 13693
preemptive halt, cache_misses = 13693
preemptive halt, cache_misses = 13693
preemptive halt, cache_misses = 13693
preemptive halt, cache_misses = 13693
preemptive halt, cache_misses = 13693
preemptive halt, cache_misses = 13693
preemptive halt, cache_misses = 13693
preemptive halt, cache_misses = 13693
preemptive halt, cache_misses = 13693
preemptive halt, cache_misses = 13693
preemptive halt, cache_misses = 13693
preemptive halt, cache_misses = 13693
preemptive halt, cache_misses = 13693
preemptive halt, cache_misses = 13693
preemptive halt, cache_misses = 13693
preemptive halt, cache_misses = 13693
preemptive halt, cache_misses = 13693
preemptive halt, cache_misses = 13693
preemptive halt, cache_misses = 13693
preemptive halt, cache_misses = 13693
preemptive halt, cache_misses = 13693
preemptive halt, cache_misses = 13693
preemptive halt, cache_misses = 13693
preemptive halt, cache_misses = 13693
preemptive halt, cache_misses = 13693
preemptive halt, cache_misses = 13693
preemptive halt, cache_misses = 13693
preemptive halt, cache_misses = 13693
preemptive halt, cache_misses = 13693
preemptive halt, cache_misses = 13693
preemptive halt, cache_misses = 13693
preemptive halt, cache_misses = 13693
preemptive halt, cache_misses = 13693
preemptive halt, cache_misses = 13693
preemptive halt, cache_misses = 13693
preemptive halt, cache_misses = 13693
preemptive halt, cache_misses = 13693
preemptive halt, cache_misses = 13693
preemptive halt, cache_misses = 13693
preemptive halt, cache_misses = 13693
preemptive halt, cache_misses = 13693
preemptive halt, cache_misses = 13693
preemptive halt, cache_misses = 13693
preemptive halt, cache_misses = 13693
preemptive halt, cache_misses = 13693
preemptive halt, cache_misses = 13693
preemptive halt, cache_misses = 13693
preemptive halt, cache_misses = 13693
preemptive halt, cache_misses = 13693
binary search, size 231  misses 13693  min 229  max 234
binary search, size 232  misses 13688  min 231  max 234
characteristic cache size (binary search) for 116 = 232
End at: 2021-04-02 01:43:15.654860
Time elapsed: 0:00:00.290954
