Begin at: 2021-04-02 16:18:30.228017
['../dist/Debug/GNU-Linux/memo_batch_tester', '', '--mbt_execution_trace_fname', 'olcs4_traceback_csize_input_types/OLCS4_lru_2021_04_02__16_12_31_k_3__d_2_cache_size_160000_problems_10_to_400/OLCS4_lru_2021_04_02__16_12_31_k_3__d_2_cache_size_160000_problems_10_to_400/OLCS4__do_traceback_prob_size_374_cache_size_160000_lru_k_3_d_2_execution_trace_2021_4_2_16_18_30_pid_22011.log', '--mbt_cache_misses_fname', 'olcs4_traceback_csize_input_types/OLCS4_lru_2021_04_02__16_12_31_k_3__d_2_cache_size_160000_problems_10_to_400/lcs_cost_OLCS4_lru_misses_for_cache_size.csv', '--mbt_misses_for_problem_size_fname', 'olcs4_traceback_csize_input_types/OLCS4_lru_2021_04_02__16_12_31_k_3__d_2_cache_size_160000_problems_10_to_400/lcs_cost_OLCS4_lru_misses_for_problem_size.csv', '--mbt_exact_cutoff_min_cache_size', '160000', '--mbt_exact_cutoff_max_cache_size', '160000', '--mbt_problem_type', 'lcs', '--mbt_metric_type', 'csize_binary_search', '--mbt_cutoff_ratio', '2.2', '--mbt_instance_fname', '374', '--mbt_detailed_cache_misses_out_fname', 'csize_olcs4_traceback_0011n_ceil_n_b_7.csv', '--mbt_phi_N', '5.0', '--mbt_problem_size', '374', '--lcs_compute_length', '0', '--lcs_perform_traceback', '1', '--lig_instance_type', '0011n_ceil_n_b', '--lig_n', '374', '--lig_c', '0.9', '--lig_b', '7.0', '--lcs_oblivious', '4', '--lcs_execution_trace_fname', 'olcs4_traceback_csize_input_types/OLCS4_lru_2021_04_02__16_12_31_k_3__d_2_cache_size_160000_problems_10_to_400/OLCS4_lru_2021_04_02__16_12_31_k_3__d_2_cache_size_160000_problems_10_to_400/OLCS4__do_traceback_prob_size_374_cache_size_160000_lru_k_3_d_2_execution_trace_2021_4_2_16_18_30_pid_22011.log', '--memo_caching_strategy', 'lru', '--memo_cache_size', '160001', '--memo_lru_queue_size', '160000', '--memo_cuckoo_k', '4', '--memo_key_length', '8', '--memo_value_length', '8', '--memo_k_timestamps', '3', '--memo_d_recent_timestamps', '2', '--memo_a_items_per_timestamp_factor', '0.4375']

csize_binary_search chosen
lcs problem_type lcs cache_size 160001
initialize_long_int_cache begin
init_memo
arguments to memo:
 --mbt_execution_trace_fname olcs4_traceback_csize_input_types/OLCS4_lru_2021_04_02__16_12_31_k_3__d_2_cache_size_160000_problems_10_to_400/OLCS4_lru_2021_04_02__16_12_31_k_3__d_2_cache_size_160000_problems_10_to_400/OLCS4__do_traceback_prob_size_374_cache_size_160000_lru_k_3_d_2_execution_trace_2021_4_2_16_18_30_pid_22011.log --mbt_cache_misses_fname olcs4_traceback_csize_input_types/OLCS4_lru_2021_04_02__16_12_31_k_3__d_2_cache_size_160000_problems_10_to_400/lcs_cost_OLCS4_lru_misses_for_cache_size.csv --mbt_misses_for_problem_size_fname olcs4_traceback_csize_input_types/OLCS4_lru_2021_04_02__16_12_31_k_3__d_2_cache_size_160000_problems_10_to_400/lcs_cost_OLCS4_lru_misses_for_problem_size.csv --mbt_exact_cutoff_min_cache_size 160000 --mbt_exact_cutoff_max_cache_size 160000 --mbt_problem_type lcs --mbt_metric_type csize_binary_search --mbt_cutoff_ratio 2.2 --mbt_instance_fname 374 --mbt_detailed_cache_misses_out_fname csize_olcs4_traceback_0011n_ceil_n_b_7.csv --mbt_phi_N 5.0 --mbt_problem_size 374 --lcs_compute_length 0 --lcs_perform_traceback 1 --lig_instance_type 0011n_ceil_n_b --lig_n 374 --lig_c 0.9 --lig_b 7.0 --lcs_oblivious 4 --lcs_execution_trace_fname olcs4_traceback_csize_input_types/OLCS4_lru_2021_04_02__16_12_31_k_3__d_2_cache_size_160000_problems_10_to_400/OLCS4_lru_2021_04_02__16_12_31_k_3__d_2_cache_size_160000_problems_10_to_400/OLCS4__do_traceback_prob_size_374_cache_size_160000_lru_k_3_d_2_execution_trace_2021_4_2_16_18_30_pid_22011.log --memo_caching_strategy lru --memo_cache_size 160001 --memo_lru_queue_size 160000 --memo_cuckoo_k 4 --memo_key_length 8 --memo_value_length 8 --memo_k_timestamps 3 --memo_d_recent_timestamps 2 --memo_a_items_per_timestamp_factor 0.4375 
calculate_table_size: table_size is 262144, original is 160001
Finished initializing cache
initialize_long_int_cache end
done initializing cache
initializing problem
done initializing problem
commence trials
Starting characteristic_cache_size_binary_search with max cache size 160001
binary search, size 160001  misses 140624
binary search, size 80000  misses 140624  min 0  max 160001
binary search, size 40000  misses 140624  min 0  max 80000
preemptive halt, cache_misses = 140625
preemptive halt, cache_misses = 140625
preemptive halt, cache_misses = 140625
preemptive halt, cache_misses = 140625
preemptive halt, cache_misses = 140625
preemptive halt, cache_misses = 140625
preemptive halt, cache_misses = 140625
preemptive halt, cache_misses = 140625
preemptive halt, cache_misses = 140625
preemptive halt, cache_misses = 140625
preemptive halt, cache_misses = 140625
preemptive halt, cache_misses = 140625
preemptive halt, cache_misses = 140625
preemptive halt, cache_misses = 140625
preemptive halt, cache_misses = 140625
preemptive halt, cache_misses = 140625
preemptive halt, cache_misses = 140625
preemptive halt, cache_misses = 140625
preemptive halt, cache_misses = 140625
preemptive halt, cache_misses = 140625
preemptive halt, cache_misses = 140625
preemptive halt, cache_misses = 140625
preemptive halt, cache_misses = 140625
preemptive halt, cache_misses = 140625
preemptive halt, cache_misses = 140625
preemptive halt, cache_misses = 140625
preemptive halt, cache_misses = 140625
preemptive halt, cache_misses = 140625
preemptive halt, cache_misses = 140625
preemptive halt, cache_misses = 140625
preemptive halt, cache_misses = 140625
preemptive halt, cache_misses = 140625
preemptive halt, cache_misses = 140625
preemptive halt, cache_misses = 140625
preemptive halt, cache_misses = 140625
preemptive halt, cache_misses = 140625
preemptive halt, cache_misses = 140625
preemptive halt, cache_misses = 140625
preemptive halt, cache_misses = 140625
preemptive halt, cache_misses = 140625
preemptive halt, cache_misses = 140625
preemptive halt, cache_misses = 140625
preemptive halt, cache_misses = 140625
preemptive halt, cache_misses = 140625
preemptive halt, cache_misses = 140625
preemptive halt, cache_misses = 140625
preemptive halt, cache_misses = 140625
preemptive halt, cache_misses = 140625
preemptive halt, cache_misses = 140625
preemptive halt, cache_misses = 140625
preemptive halt, cache_misses = 140625
preemptive halt, cache_misses = 140625
preemptive halt, cache_misses = 140625
preemptive halt, cache_misses = 140625
preemptive halt, cache_misses = 140625
preemptive halt, cache_misses = 140625
preemptive halt, cache_misses = 140625
preemptive halt, cache_misses = 140625
preemptive halt, cache_misses = 140625
preemptive halt, cache_misses = 140625
preemptive halt, cache_misses = 140625
preemptive halt, cache_misses = 140625
preemptive halt, cache_misses = 140625
preemptive halt, cache_misses = 140625
preemptive halt, cache_misses = 140625
preemptive halt, cache_misses = 140625
preemptive halt, cache_misses = 140625
preemptive halt, cache_misses = 140625
preemptive halt, cache_misses = 140625
preemptive halt, cache_misses = 140625
preemptive halt, cache_misses = 140625
preemptive halt, cache_misses = 140625
preemptive halt, cache_misses = 140625
preemptive halt, cache_misses = 140625
preemptive halt, cache_misses = 140625
preemptive halt, cache_misses = 140625
preemptive halt, cache_misses = 140625
preemptive halt, cache_misses = 140625
preemptive halt, cache_misses = 140625
preemptive halt, cache_misses = 140625
preemptive halt, cache_misses = 140625
preemptive halt, cache_misses = 140625
preemptive halt, cache_misses = 140625
preemptive halt, cache_misses = 140625
preemptive halt, cache_misses = 140625
preemptive halt, cache_misses = 140625
preemptive halt, cache_misses = 140625
preemptive halt, cache_misses = 140625
preemptive halt, cache_misses = 140625
preemptive halt, cache_misses = 140625
preemptive halt, cache_misses = 140625
preemptive halt, cache_misses = 140625
preemptive halt, cache_misses = 140625
preemptive halt, cache_misses = 140625
preemptive halt, cache_misses = 140625
preemptive halt, cache_misses = 140625
preemptive halt, cache_misses = 140625
preemptive halt, cache_misses = 140625
preemptive halt, cache_misses = 140625
preemptive halt, cache_misses = 140625
preemptive halt, cache_misses = 140625
preemptive halt, cache_misses = 140625
binary search, size 20000  misses 140625  min 0  max 40000
preemptive halt, cache_misses = 140626
preemptive halt, cache_misses = 140626
preemptive halt, cache_misses = 140626
preemptive halt, cache_misses = 140626
preemptive halt, cache_misses = 140626
preemptive halt, cache_misses = 140626
preemptive halt, cache_misses = 140626
preemptive halt, cache_misses = 140626
preemptive halt, cache_misses = 140626
preemptive halt, cache_misses = 140626
preemptive halt, cache_misses = 140626
preemptive halt, cache_misses = 140626
preemptive halt, cache_misses = 140626
preemptive halt, cache_misses = 140626
preemptive halt, cache_misses = 140626
preemptive halt, cache_misses = 140626
preemptive halt, cache_misses = 140626
preemptive halt, cache_misses = 140626
preemptive halt, cache_misses = 140626
preemptive halt, cache_misses = 140626
preemptive halt, cache_misses = 140626
preemptive halt, cache_misses = 140626
preemptive halt, cache_misses = 140626
preemptive halt, cache_misses = 140626
preemptive halt, cache_misses = 140626
preemptive halt, cache_misses = 140626
preemptive halt, cache_misses = 140626
preemptive halt, cache_misses = 140626
preemptive halt, cache_misses = 140626
preemptive halt, cache_misses = 140626
preemptive halt, cache_misses = 140626
preemptive halt, cache_misses = 140626
preemptive halt, cache_misses = 140626
preemptive halt, cache_misses = 140626
preemptive halt, cache_misses = 140626
preemptive halt, cache_misses = 140626
preemptive halt, cache_misses = 140626
preemptive halt, cache_misses = 140626
preemptive halt, cache_misses = 140626
preemptive halt, cache_misses = 140626
preemptive halt, cache_misses = 140626
preemptive halt, cache_misses = 140626
preemptive halt, cache_misses = 140626
preemptive halt, cache_misses = 140626
preemptive halt, cache_misses = 140626
preemptive halt, cache_misses = 140626
preemptive halt, cache_misses = 140626
preemptive halt, cache_misses = 140626
preemptive halt, cache_misses = 140626
preemptive halt, cache_misses = 140626
preemptive halt, cache_misses = 140626
preemptive halt, cache_misses = 140626
preemptive halt, cache_misses = 140626
preemptive halt, cache_misses = 140626
preemptive halt, cache_misses = 140626
preemptive halt, cache_misses = 140626
preemptive halt, cache_misses = 140626
preemptive halt, cache_misses = 140626
preemptive halt, cache_misses = 140626
preemptive halt, cache_misses = 140626
preemptive halt, cache_misses = 140626
preemptive halt, cache_misses = 140626
preemptive halt, cache_misses = 140626
preemptive halt, cache_misses = 140626
preemptive halt, cache_misses = 140626
preemptive halt, cache_misses = 140626
preemptive halt, cache_misses = 140626
preemptive halt, cache_misses = 140626
preemptive halt, cache_misses = 140626
preemptive halt, cache_misses = 140626
preemptive halt, cache_misses = 140626
preemptive halt, cache_misses = 140626
preemptive halt, cache_misses = 140626
preemptive halt, cache_misses = 140626
preemptive halt, cache_misses = 140626
preemptive halt, cache_misses = 140626
preemptive halt, cache_misses = 140626
preemptive halt, cache_misses = 140626
preemptive halt, cache_misses = 140626
preemptive halt, cache_misses = 140626
preemptive halt, cache_misses = 140626
preemptive halt, cache_misses = 140626
preemptive halt, cache_misses = 140626
preemptive halt, cache_misses = 140626
preemptive halt, cache_misses = 140626
preemptive halt, cache_misses = 140626
preemptive halt, cache_misses = 140626
preemptive halt, cache_misses = 140626
preemptive halt, cache_misses = 140626
preemptive halt, cache_misses = 140626
preemptive halt, cache_misses = 140626
preemptive halt, cache_misses = 140626
preemptive halt, cache_misses = 140626
preemptive halt, cache_misses = 140626
preemptive halt, cache_misses = 140626
preemptive halt, cache_misses = 140626
preemptive halt, cache_misses = 140626
preemptive halt, cache_misses = 140626
preemptive halt, cache_misses = 140626
preemptive halt, cache_misses = 140626
preemptive halt, cache_misses = 140626
preemptive halt, cache_misses = 140626
preemptive halt, cache_misses = 140626
preemptive halt, cache_misses = 140626
binary search, size 30000  misses 140626  min 20000  max 40000
preemptive halt, cache_misses = 140627
preemptive halt, cache_misses = 140627
preemptive halt, cache_misses = 140627
preemptive halt, cache_misses = 140627
preemptive halt, cache_misses = 140627
preemptive halt, cache_misses = 140627
preemptive halt, cache_misses = 140627
preemptive halt, cache_misses = 140627
preemptive halt, cache_misses = 140627
preemptive halt, cache_misses = 140627
preemptive halt, cache_misses = 140627
preemptive halt, cache_misses = 140627
preemptive halt, cache_misses = 140627
preemptive halt, cache_misses = 140627
preemptive halt, cache_misses = 140627
preemptive halt, cache_misses = 140627
preemptive halt, cache_misses = 140627
preemptive halt, cache_misses = 140627
preemptive halt, cache_misses = 140627
preemptive halt, cache_misses = 140627
preemptive halt, cache_misses = 140627
preemptive halt, cache_misses = 140627
preemptive halt, cache_misses = 140627
preemptive halt, cache_misses = 140627
preemptive halt, cache_misses = 140627
preemptive halt, cache_misses = 140627
preemptive halt, cache_misses = 140627
preemptive halt, cache_misses = 140627
preemptive halt, cache_misses = 140627
preemptive halt, cache_misses = 140627
preemptive halt, cache_misses = 140627
preemptive halt, cache_misses = 140627
preemptive halt, cache_misses = 140627
preemptive halt, cache_misses = 140627
preemptive halt, cache_misses = 140627
preemptive halt, cache_misses = 140627
preemptive halt, cache_misses = 140627
preemptive halt, cache_misses = 140627
preemptive halt, cache_misses = 140627
preemptive halt, cache_misses = 140627
preemptive halt, cache_misses = 140627
preemptive halt, cache_misses = 140627
preemptive halt, cache_misses = 140627
preemptive halt, cache_misses = 140627
preemptive halt, cache_misses = 140627
preemptive halt, cache_misses = 140627
preemptive halt, cache_misses = 140627
preemptive halt, cache_misses = 140627
preemptive halt, cache_misses = 140627
preemptive halt, cache_misses = 140627
preemptive halt, cache_misses = 140627
preemptive halt, cache_misses = 140627
preemptive halt, cache_misses = 140627
preemptive halt, cache_misses = 140627
preemptive halt, cache_misses = 140627
preemptive halt, cache_misses = 140627
preemptive halt, cache_misses = 140627
preemptive halt, cache_misses = 140627
preemptive halt, cache_misses = 140627
preemptive halt, cache_misses = 140627
preemptive halt, cache_misses = 140627
preemptive halt, cache_misses = 140627
preemptive halt, cache_misses = 140627
preemptive halt, cache_misses = 140627
preemptive halt, cache_misses = 140627
preemptive halt, cache_misses = 140627
preemptive halt, cache_misses = 140627
preemptive halt, cache_misses = 140627
preemptive halt, cache_misses = 140627
preemptive halt, cache_misses = 140627
preemptive halt, cache_misses = 140627
preemptive halt, cache_misses = 140627
preemptive halt, cache_misses = 140627
preemptive halt, cache_misses = 140627
preemptive halt, cache_misses = 140627
preemptive halt, cache_misses = 140627
preemptive halt, cache_misses = 140627
preemptive halt, cache_misses = 140627
preemptive halt, cache_misses = 140627
preemptive halt, cache_misses = 140627
preemptive halt, cache_misses = 140627
preemptive halt, cache_misses = 140627
preemptive halt, cache_misses = 140627
preemptive halt, cache_misses = 140627
preemptive halt, cache_misses = 140627
preemptive halt, cache_misses = 140627
preemptive halt, cache_misses = 140627
preemptive halt, cache_misses = 140627
preemptive halt, cache_misses = 140627
preemptive halt, cache_misses = 140627
preemptive halt, cache_misses = 140627
preemptive halt, cache_misses = 140627
preemptive halt, cache_misses = 140627
preemptive halt, cache_misses = 140627
preemptive halt, cache_misses = 140627
preemptive halt, cache_misses = 140627
preemptive halt, cache_misses = 140627
preemptive halt, cache_misses = 140627
preemptive halt, cache_misses = 140627
preemptive halt, cache_misses = 140627
preemptive halt, cache_misses = 140627
preemptive halt, cache_misses = 140627
preemptive halt, cache_misses = 140627
preemptive halt, cache_misses = 140627
preemptive halt, cache_misses = 140627
preemptive halt, cache_misses = 140627
binary search, size 35000  misses 140627  min 30000  max 40000
preemptive halt, cache_misses = 140628
preemptive halt, cache_misses = 140628
preemptive halt, cache_misses = 140628
preemptive halt, cache_misses = 140628
preemptive halt, cache_misses = 140628
preemptive halt, cache_misses = 140628
preemptive halt, cache_misses = 140628
preemptive halt, cache_misses = 140628
preemptive halt, cache_misses = 140628
preemptive halt, cache_misses = 140628
preemptive halt, cache_misses = 140628
preemptive halt, cache_misses = 140628
preemptive halt, cache_misses = 140628
preemptive halt, cache_misses = 140628
preemptive halt, cache_misses = 140628
preemptive halt, cache_misses = 140628
preemptive halt, cache_misses = 140628
preemptive halt, cache_misses = 140628
preemptive halt, cache_misses = 140628
preemptive halt, cache_misses = 140628
preemptive halt, cache_misses = 140628
preemptive halt, cache_misses = 140628
preemptive halt, cache_misses = 140628
preemptive halt, cache_misses = 140628
preemptive halt, cache_misses = 140628
preemptive halt, cache_misses = 140628
preemptive halt, cache_misses = 140628
preemptive halt, cache_misses = 140628
preemptive halt, cache_misses = 140628
preemptive halt, cache_misses = 140628
preemptive halt, cache_misses = 140628
preemptive halt, cache_misses = 140628
preemptive halt, cache_misses = 140628
preemptive halt, cache_misses = 140628
preemptive halt, cache_misses = 140628
preemptive halt, cache_misses = 140628
preemptive halt, cache_misses = 140628
preemptive halt, cache_misses = 140628
preemptive halt, cache_misses = 140628
preemptive halt, cache_misses = 140628
preemptive halt, cache_misses = 140628
preemptive halt, cache_misses = 140628
preemptive halt, cache_misses = 140628
preemptive halt, cache_misses = 140628
preemptive halt, cache_misses = 140628
preemptive halt, cache_misses = 140628
preemptive halt, cache_misses = 140628
preemptive halt, cache_misses = 140628
preemptive halt, cache_misses = 140628
preemptive halt, cache_misses = 140628
preemptive halt, cache_misses = 140628
preemptive halt, cache_misses = 140628
preemptive halt, cache_misses = 140628
preemptive halt, cache_misses = 140628
preemptive halt, cache_misses = 140628
preemptive halt, cache_misses = 140628
preemptive halt, cache_misses = 140628
preemptive halt, cache_misses = 140628
preemptive halt, cache_misses = 140628
preemptive halt, cache_misses = 140628
preemptive halt, cache_misses = 140628
preemptive halt, cache_misses = 140628
preemptive halt, cache_misses = 140628
preemptive halt, cache_misses = 140628
preemptive halt, cache_misses = 140628
preemptive halt, cache_misses = 140628
preemptive halt, cache_misses = 140628
preemptive halt, cache_misses = 140628
preemptive halt, cache_misses = 140628
preemptive halt, cache_misses = 140628
preemptive halt, cache_misses = 140628
preemptive halt, cache_misses = 140628
preemptive halt, cache_misses = 140628
preemptive halt, cache_misses = 140628
preemptive halt, cache_misses = 140628
preemptive halt, cache_misses = 140628
preemptive halt, cache_misses = 140628
preemptive halt, cache_misses = 140628
preemptive halt, cache_misses = 140628
preemptive halt, cache_misses = 140628
preemptive halt, cache_misses = 140628
preemptive halt, cache_misses = 140628
preemptive halt, cache_misses = 140628
preemptive halt, cache_misses = 140628
preemptive halt, cache_misses = 140628
preemptive halt, cache_misses = 140628
preemptive halt, cache_misses = 140628
preemptive halt, cache_misses = 140628
preemptive halt, cache_misses = 140628
preemptive halt, cache_misses = 140628
preemptive halt, cache_misses = 140628
preemptive halt, cache_misses = 140628
preemptive halt, cache_misses = 140628
preemptive halt, cache_misses = 140628
preemptive halt, cache_misses = 140628
preemptive halt, cache_misses = 140628
preemptive halt, cache_misses = 140628
preemptive halt, cache_misses = 140628
preemptive halt, cache_misses = 140628
preemptive halt, cache_misses = 140628
preemptive halt, cache_misses = 140628
preemptive halt, cache_misses = 140628
preemptive halt, cache_misses = 140628
preemptive halt, cache_misses = 140628
preemptive halt, cache_misses = 140628
preemptive halt, cache_misses = 140628
preemptive halt, cache_misses = 140628
preemptive halt, cache_misses = 140628
binary search, size 37500  misses 140628  min 35000  max 40000
preemptive halt, cache_misses = 140629
preemptive halt, cache_misses = 140629
preemptive halt, cache_misses = 140629
preemptive halt, cache_misses = 140629
preemptive halt, cache_misses = 140629
preemptive halt, cache_misses = 140629
preemptive halt, cache_misses = 140629
preemptive halt, cache_misses = 140629
preemptive halt, cache_misses = 140629
preemptive halt, cache_misses = 140629
preemptive halt, cache_misses = 140629
preemptive halt, cache_misses = 140629
preemptive halt, cache_misses = 140629
preemptive halt, cache_misses = 140629
preemptive halt, cache_misses = 140629
preemptive halt, cache_misses = 140629
preemptive halt, cache_misses = 140629
preemptive halt, cache_misses = 140629
preemptive halt, cache_misses = 140629
preemptive halt, cache_misses = 140629
preemptive halt, cache_misses = 140629
preemptive halt, cache_misses = 140629
preemptive halt, cache_misses = 140629
preemptive halt, cache_misses = 140629
preemptive halt, cache_misses = 140629
preemptive halt, cache_misses = 140629
preemptive halt, cache_misses = 140629
preemptive halt, cache_misses = 140629
preemptive halt, cache_misses = 140629
preemptive halt, cache_misses = 140629
preemptive halt, cache_misses = 140629
preemptive halt, cache_misses = 140629
preemptive halt, cache_misses = 140629
preemptive halt, cache_misses = 140629
preemptive halt, cache_misses = 140629
preemptive halt, cache_misses = 140629
preemptive halt, cache_misses = 140629
preemptive halt, cache_misses = 140629
preemptive halt, cache_misses = 140629
preemptive halt, cache_misses = 140629
preemptive halt, cache_misses = 140629
preemptive halt, cache_misses = 140629
preemptive halt, cache_misses = 140629
preemptive halt, cache_misses = 140629
preemptive halt, cache_misses = 140629
preemptive halt, cache_misses = 140629
preemptive halt, cache_misses = 140629
preemptive halt, cache_misses = 140629
preemptive halt, cache_misses = 140629
preemptive halt, cache_misses = 140629
preemptive halt, cache_misses = 140629
preemptive halt, cache_misses = 140629
preemptive halt, cache_misses = 140629
preemptive halt, cache_misses = 140629
preemptive halt, cache_misses = 140629
preemptive halt, cache_misses = 140629
preemptive halt, cache_misses = 140629
preemptive halt, cache_misses = 140629
preemptive halt, cache_misses = 140629
preemptive halt, cache_misses = 140629
preemptive halt, cache_misses = 140629
preemptive halt, cache_misses = 140629
preemptive halt, cache_misses = 140629
preemptive halt, cache_misses = 140629
preemptive halt, cache_misses = 140629
preemptive halt, cache_misses = 140629
preemptive halt, cache_misses = 140629
preemptive halt, cache_misses = 140629
preemptive halt, cache_misses = 140629
preemptive halt, cache_misses = 140629
preemptive halt, cache_misses = 140629
preemptive halt, cache_misses = 140629
preemptive halt, cache_misses = 140629
preemptive halt, cache_misses = 140629
preemptive halt, cache_misses = 140629
preemptive halt, cache_misses = 140629
preemptive halt, cache_misses = 140629
preemptive halt, cache_misses = 140629
preemptive halt, cache_misses = 140629
preemptive halt, cache_misses = 140629
preemptive halt, cache_misses = 140629
preemptive halt, cache_misses = 140629
preemptive halt, cache_misses = 140629
preemptive halt, cache_misses = 140629
preemptive halt, cache_misses = 140629
preemptive halt, cache_misses = 140629
preemptive halt, cache_misses = 140629
preemptive halt, cache_misses = 140629
preemptive halt, cache_misses = 140629
preemptive halt, cache_misses = 140629
preemptive halt, cache_misses = 140629
preemptive halt, cache_misses = 140629
preemptive halt, cache_misses = 140629
preemptive halt, cache_misses = 140629
preemptive halt, cache_misses = 140629
preemptive halt, cache_misses = 140629
preemptive halt, cache_misses = 140629
preemptive halt, cache_misses = 140629
preemptive halt, cache_misses = 140629
preemptive halt, cache_misses = 140629
preemptive halt, cache_misses = 140629
preemptive halt, cache_misses = 140629
preemptive halt, cache_misses = 140629
preemptive halt, cache_misses = 140629
preemptive halt, cache_misses = 140629
preemptive halt, cache_misses = 140629
preemptive halt, cache_misses = 140629
preemptive halt, cache_misses = 140629
preemptive halt, cache_misses = 140629
preemptive halt, cache_misses = 140629
binary search, size 38750  misses 140629  min 37500  max 40000
preemptive halt, cache_misses = 140630
preemptive halt, cache_misses = 140630
preemptive halt, cache_misses = 140630
preemptive halt, cache_misses = 140630
preemptive halt, cache_misses = 140630
preemptive halt, cache_misses = 140630
preemptive halt, cache_misses = 140630
preemptive halt, cache_misses = 140630
preemptive halt, cache_misses = 140630
preemptive halt, cache_misses = 140630
preemptive halt, cache_misses = 140630
preemptive halt, cache_misses = 140630
preemptive halt, cache_misses = 140630
preemptive halt, cache_misses = 140630
preemptive halt, cache_misses = 140630
preemptive halt, cache_misses = 140630
preemptive halt, cache_misses = 140630
preemptive halt, cache_misses = 140630
preemptive halt, cache_misses = 140630
preemptive halt, cache_misses = 140630
preemptive halt, cache_misses = 140630
preemptive halt, cache_misses = 140630
preemptive halt, cache_misses = 140630
preemptive halt, cache_misses = 140630
preemptive halt, cache_misses = 140630
preemptive halt, cache_misses = 140630
preemptive halt, cache_misses = 140630
preemptive halt, cache_misses = 140630
preemptive halt, cache_misses = 140630
preemptive halt, cache_misses = 140630
preemptive halt, cache_misses = 140630
preemptive halt, cache_misses = 140630
preemptive halt, cache_misses = 140630
preemptive halt, cache_misses = 140630
preemptive halt, cache_misses = 140630
preemptive halt, cache_misses = 140630
preemptive halt, cache_misses = 140630
preemptive halt, cache_misses = 140630
preemptive halt, cache_misses = 140630
preemptive halt, cache_misses = 140630
preemptive halt, cache_misses = 140630
preemptive halt, cache_misses = 140630
preemptive halt, cache_misses = 140630
preemptive halt, cache_misses = 140630
preemptive halt, cache_misses = 140630
preemptive halt, cache_misses = 140630
preemptive halt, cache_misses = 140630
preemptive halt, cache_misses = 140630
preemptive halt, cache_misses = 140630
preemptive halt, cache_misses = 140630
preemptive halt, cache_misses = 140630
preemptive halt, cache_misses = 140630
preemptive halt, cache_misses = 140630
preemptive halt, cache_misses = 140630
preemptive halt, cache_misses = 140630
preemptive halt, cache_misses = 140630
preemptive halt, cache_misses = 140630
preemptive halt, cache_misses = 140630
preemptive halt, cache_misses = 140630
preemptive halt, cache_misses = 140630
preemptive halt, cache_misses = 140630
preemptive halt, cache_misses = 140630
preemptive halt, cache_misses = 140630
preemptive halt, cache_misses = 140630
preemptive halt, cache_misses = 140630
preemptive halt, cache_misses = 140630
preemptive halt, cache_misses = 140630
preemptive halt, cache_misses = 140630
preemptive halt, cache_misses = 140630
preemptive halt, cache_misses = 140630
preemptive halt, cache_misses = 140630
preemptive halt, cache_misses = 140630
preemptive halt, cache_misses = 140630
preemptive halt, cache_misses = 140630
preemptive halt, cache_misses = 140630
preemptive halt, cache_misses = 140630
preemptive halt, cache_misses = 140630
preemptive halt, cache_misses = 140630
preemptive halt, cache_misses = 140630
preemptive halt, cache_misses = 140630
preemptive halt, cache_misses = 140630
preemptive halt, cache_misses = 140630
preemptive halt, cache_misses = 140630
preemptive halt, cache_misses = 140630
preemptive halt, cache_misses = 140630
preemptive halt, cache_misses = 140630
preemptive halt, cache_misses = 140630
preemptive halt, cache_misses = 140630
preemptive halt, cache_misses = 140630
preemptive halt, cache_misses = 140630
preemptive halt, cache_misses = 140630
preemptive halt, cache_misses = 140630
preemptive halt, cache_misses = 140630
preemptive halt, cache_misses = 140630
preemptive halt, cache_misses = 140630
preemptive halt, cache_misses = 140630
preemptive halt, cache_misses = 140630
preemptive halt, cache_misses = 140630
preemptive halt, cache_misses = 140630
preemptive halt, cache_misses = 140630
preemptive halt, cache_misses = 140630
preemptive halt, cache_misses = 140630
preemptive halt, cache_misses = 140630
preemptive halt, cache_misses = 140630
preemptive halt, cache_misses = 140630
preemptive halt, cache_misses = 140630
preemptive halt, cache_misses = 140630
preemptive halt, cache_misses = 140630
preemptive halt, cache_misses = 140630
preemptive halt, cache_misses = 140630
preemptive halt, cache_misses = 140630
preemptive halt, cache_misses = 140630
binary search, size 39375  misses 140630  min 38750  max 40000
binary search, size 39687  misses 140624  min 39375  max 40000
binary search, size 39531  misses 140624  min 39375  max 39687
binary search, size 39453  misses 140624  min 39375  max 39531
preemptive halt, cache_misses = 140625
preemptive halt, cache_misses = 140625
preemptive halt, cache_misses = 140625
preemptive halt, cache_misses = 140625
preemptive halt, cache_misses = 140625
preemptive halt, cache_misses = 140625
preemptive halt, cache_misses = 140625
preemptive halt, cache_misses = 140625
preemptive halt, cache_misses = 140625
preemptive halt, cache_misses = 140625
preemptive halt, cache_misses = 140625
preemptive halt, cache_misses = 140625
preemptive halt, cache_misses = 140625
preemptive halt, cache_misses = 140625
preemptive halt, cache_misses = 140625
preemptive halt, cache_misses = 140625
preemptive halt, cache_misses = 140625
preemptive halt, cache_misses = 140625
preemptive halt, cache_misses = 140625
preemptive halt, cache_misses = 140625
preemptive halt, cache_misses = 140625
preemptive halt, cache_misses = 140625
preemptive halt, cache_misses = 140625
preemptive halt, cache_misses = 140625
preemptive halt, cache_misses = 140625
preemptive halt, cache_misses = 140625
preemptive halt, cache_misses = 140625
preemptive halt, cache_misses = 140625
preemptive halt, cache_misses = 140625
preemptive halt, cache_misses = 140625
preemptive halt, cache_misses = 140625
preemptive halt, cache_misses = 140625
preemptive halt, cache_misses = 140625
preemptive halt, cache_misses = 140625
preemptive halt, cache_misses = 140625
preemptive halt, cache_misses = 140625
preemptive halt, cache_misses = 140625
preemptive halt, cache_misses = 140625
preemptive halt, cache_misses = 140625
preemptive halt, cache_misses = 140625
preemptive halt, cache_misses = 140625
preemptive halt, cache_misses = 140625
preemptive halt, cache_misses = 140625
preemptive halt, cache_misses = 140625
preemptive halt, cache_misses = 140625
preemptive halt, cache_misses = 140625
preemptive halt, cache_misses = 140625
preemptive halt, cache_misses = 140625
preemptive halt, cache_misses = 140625
preemptive halt, cache_misses = 140625
preemptive halt, cache_misses = 140625
preemptive halt, cache_misses = 140625
preemptive halt, cache_misses = 140625
preemptive halt, cache_misses = 140625
preemptive halt, cache_misses = 140625
preemptive halt, cache_misses = 140625
preemptive halt, cache_misses = 140625
preemptive halt, cache_misses = 140625
preemptive halt, cache_misses = 140625
preemptive halt, cache_misses = 140625
preemptive halt, cache_misses = 140625
preemptive halt, cache_misses = 140625
preemptive halt, cache_misses = 140625
preemptive halt, cache_misses = 140625
preemptive halt, cache_misses = 140625
preemptive halt, cache_misses = 140625
preemptive halt, cache_misses = 140625
preemptive halt, cache_misses = 140625
preemptive halt, cache_misses = 140625
preemptive halt, cache_misses = 140625
preemptive halt, cache_misses = 140625
preemptive halt, cache_misses = 140625
preemptive halt, cache_misses = 140625
preemptive halt, cache_misses = 140625
preemptive halt, cache_misses = 140625
preemptive halt, cache_misses = 140625
preemptive halt, cache_misses = 140625
preemptive halt, cache_misses = 140625
preemptive halt, cache_misses = 140625
preemptive halt, cache_misses = 140625
preemptive halt, cache_misses = 140625
preemptive halt, cache_misses = 140625
preemptive halt, cache_misses = 140625
preemptive halt, cache_misses = 140625
preemptive halt, cache_misses = 140625
preemptive halt, cache_misses = 140625
preemptive halt, cache_misses = 140625
preemptive halt, cache_misses = 140625
preemptive halt, cache_misses = 140625
preemptive halt, cache_misses = 140625
preemptive halt, cache_misses = 140625
preemptive halt, cache_misses = 140625
preemptive halt, cache_misses = 140625
preemptive halt, cache_misses = 140625
preemptive halt, cache_misses = 140625
preemptive halt, cache_misses = 140625
preemptive halt, cache_misses = 140625
preemptive halt, cache_misses = 140625
preemptive halt, cache_misses = 140625
preemptive halt, cache_misses = 140625
preemptive halt, cache_misses = 140625
preemptive halt, cache_misses = 140625
binary search, size 39414  misses 140625  min 39375  max 39453
binary search, size 39433  misses 140624  min 39414  max 39453
preemptive halt, cache_misses = 140625
preemptive halt, cache_misses = 140625
preemptive halt, cache_misses = 140625
preemptive halt, cache_misses = 140625
preemptive halt, cache_misses = 140625
preemptive halt, cache_misses = 140625
preemptive halt, cache_misses = 140625
preemptive halt, cache_misses = 140625
preemptive halt, cache_misses = 140625
preemptive halt, cache_misses = 140625
preemptive halt, cache_misses = 140625
preemptive halt, cache_misses = 140625
preemptive halt, cache_misses = 140625
preemptive halt, cache_misses = 140625
preemptive halt, cache_misses = 140625
preemptive halt, cache_misses = 140625
preemptive halt, cache_misses = 140625
preemptive halt, cache_misses = 140625
preemptive halt, cache_misses = 140625
preemptive halt, cache_misses = 140625
preemptive halt, cache_misses = 140625
preemptive halt, cache_misses = 140625
preemptive halt, cache_misses = 140625
preemptive halt, cache_misses = 140625
preemptive halt, cache_misses = 140625
preemptive halt, cache_misses = 140625
preemptive halt, cache_misses = 140625
preemptive halt, cache_misses = 140625
preemptive halt, cache_misses = 140625
preemptive halt, cache_misses = 140625
preemptive halt, cache_misses = 140625
preemptive halt, cache_misses = 140625
preemptive halt, cache_misses = 140625
preemptive halt, cache_misses = 140625
preemptive halt, cache_misses = 140625
preemptive halt, cache_misses = 140625
preemptive halt, cache_misses = 140625
preemptive halt, cache_misses = 140625
preemptive halt, cache_misses = 140625
preemptive halt, cache_misses = 140625
preemptive halt, cache_misses = 140625
preemptive halt, cache_misses = 140625
preemptive halt, cache_misses = 140625
preemptive halt, cache_misses = 140625
preemptive halt, cache_misses = 140625
preemptive halt, cache_misses = 140625
preemptive halt, cache_misses = 140625
preemptive halt, cache_misses = 140625
preemptive halt, cache_misses = 140625
preemptive halt, cache_misses = 140625
preemptive halt, cache_misses = 140625
preemptive halt, cache_misses = 140625
preemptive halt, cache_misses = 140625
preemptive halt, cache_misses = 140625
preemptive halt, cache_misses = 140625
preemptive halt, cache_misses = 140625
preemptive halt, cache_misses = 140625
preemptive halt, cache_misses = 140625
preemptive halt, cache_misses = 140625
preemptive halt, cache_misses = 140625
preemptive halt, cache_misses = 140625
preemptive halt, cache_misses = 140625
preemptive halt, cache_misses = 140625
preemptive halt, cache_misses = 140625
preemptive halt, cache_misses = 140625
preemptive halt, cache_misses = 140625
preemptive halt, cache_misses = 140625
preemptive halt, cache_misses = 140625
preemptive halt, cache_misses = 140625
preemptive halt, cache_misses = 140625
preemptive halt, cache_misses = 140625
preemptive halt, cache_misses = 140625
preemptive halt, cache_misses = 140625
preemptive halt, cache_misses = 140625
preemptive halt, cache_misses = 140625
preemptive halt, cache_misses = 140625
preemptive halt, cache_misses = 140625
preemptive halt, cache_misses = 140625
preemptive halt, cache_misses = 140625
preemptive halt, cache_misses = 140625
preemptive halt, cache_misses = 140625
preemptive halt, cache_misses = 140625
preemptive halt, cache_misses = 140625
preemptive halt, cache_misses = 140625
preemptive halt, cache_misses = 140625
preemptive halt, cache_misses = 140625
preemptive halt, cache_misses = 140625
preemptive halt, cache_misses = 140625
preemptive halt, cache_misses = 140625
preemptive halt, cache_misses = 140625
preemptive halt, cache_misses = 140625
preemptive halt, cache_misses = 140625
preemptive halt, cache_misses = 140625
preemptive halt, cache_misses = 140625
preemptive halt, cache_misses = 140625
preemptive halt, cache_misses = 140625
preemptive halt, cache_misses = 140625
preemptive halt, cache_misses = 140625
preemptive halt, cache_misses = 140625
preemptive halt, cache_misses = 140625
preemptive halt, cache_misses = 140625
preemptive halt, cache_misses = 140625
binary search, size 39423  misses 140625  min 39414  max 39433
binary search, size 39428  misses 140624  min 39423  max 39433
binary search, size 39425  misses 140624  min 39423  max 39428
preemptive halt, cache_misses = 140625
preemptive halt, cache_misses = 140625
preemptive halt, cache_misses = 140625
preemptive halt, cache_misses = 140625
preemptive halt, cache_misses = 140625
preemptive halt, cache_misses = 140625
preemptive halt, cache_misses = 140625
preemptive halt, cache_misses = 140625
preemptive halt, cache_misses = 140625
preemptive halt, cache_misses = 140625
preemptive halt, cache_misses = 140625
preemptive halt, cache_misses = 140625
preemptive halt, cache_misses = 140625
preemptive halt, cache_misses = 140625
preemptive halt, cache_misses = 140625
preemptive halt, cache_misses = 140625
preemptive halt, cache_misses = 140625
preemptive halt, cache_misses = 140625
preemptive halt, cache_misses = 140625
preemptive halt, cache_misses = 140625
preemptive halt, cache_misses = 140625
preemptive halt, cache_misses = 140625
preemptive halt, cache_misses = 140625
preemptive halt, cache_misses = 140625
preemptive halt, cache_misses = 140625
preemptive halt, cache_misses = 140625
preemptive halt, cache_misses = 140625
preemptive halt, cache_misses = 140625
preemptive halt, cache_misses = 140625
preemptive halt, cache_misses = 140625
preemptive halt, cache_misses = 140625
preemptive halt, cache_misses = 140625
preemptive halt, cache_misses = 140625
preemptive halt, cache_misses = 140625
preemptive halt, cache_misses = 140625
preemptive halt, cache_misses = 140625
preemptive halt, cache_misses = 140625
preemptive halt, cache_misses = 140625
preemptive halt, cache_misses = 140625
preemptive halt, cache_misses = 140625
preemptive halt, cache_misses = 140625
preemptive halt, cache_misses = 140625
preemptive halt, cache_misses = 140625
preemptive halt, cache_misses = 140625
preemptive halt, cache_misses = 140625
preemptive halt, cache_misses = 140625
preemptive halt, cache_misses = 140625
preemptive halt, cache_misses = 140625
preemptive halt, cache_misses = 140625
preemptive halt, cache_misses = 140625
preemptive halt, cache_misses = 140625
preemptive halt, cache_misses = 140625
preemptive halt, cache_misses = 140625
preemptive halt, cache_misses = 140625
preemptive halt, cache_misses = 140625
preemptive halt, cache_misses = 140625
preemptive halt, cache_misses = 140625
preemptive halt, cache_misses = 140625
preemptive halt, cache_misses = 140625
preemptive halt, cache_misses = 140625
preemptive halt, cache_misses = 140625
preemptive halt, cache_misses = 140625
preemptive halt, cache_misses = 140625
preemptive halt, cache_misses = 140625
preemptive halt, cache_misses = 140625
preemptive halt, cache_misses = 140625
preemptive halt, cache_misses = 140625
preemptive halt, cache_misses = 140625
preemptive halt, cache_misses = 140625
preemptive halt, cache_misses = 140625
preemptive halt, cache_misses = 140625
preemptive halt, cache_misses = 140625
preemptive halt, cache_misses = 140625
preemptive halt, cache_misses = 140625
preemptive halt, cache_misses = 140625
preemptive halt, cache_misses = 140625
preemptive halt, cache_misses = 140625
preemptive halt, cache_misses = 140625
preemptive halt, cache_misses = 140625
preemptive halt, cache_misses = 140625
preemptive halt, cache_misses = 140625
preemptive halt, cache_misses = 140625
preemptive halt, cache_misses = 140625
preemptive halt, cache_misses = 140625
preemptive halt, cache_misses = 140625
preemptive halt, cache_misses = 140625
preemptive halt, cache_misses = 140625
preemptive halt, cache_misses = 140625
preemptive halt, cache_misses = 140625
preemptive halt, cache_misses = 140625
preemptive halt, cache_misses = 140625
preemptive halt, cache_misses = 140625
preemptive halt, cache_misses = 140625
preemptive halt, cache_misses = 140625
preemptive halt, cache_misses = 140625
preemptive halt, cache_misses = 140625
preemptive halt, cache_misses = 140625
preemptive halt, cache_misses = 140625
preemptive halt, cache_misses = 140625
preemptive halt, cache_misses = 140625
preemptive halt, cache_misses = 140625
preemptive halt, cache_misses = 140625
binary search, size 39424  misses 140625  min 39423  max 39425
characteristic cache size (binary search) for 374 = 39425
End at: 2021-04-02 16:18:32.865191
Time elapsed: 0:00:02.637198
