Begin at: 2021-04-02 16:17:03.129180
['../dist/Debug/GNU-Linux/memo_batch_tester', '', '--mbt_execution_trace_fname', 'olcs4_traceback_csize_input_types/OLCS4_lru_2021_04_02__16_12_31_k_3__d_2_cache_size_160000_problems_10_to_400/OLCS4_lru_2021_04_02__16_12_31_k_3__d_2_cache_size_160000_problems_10_to_400/OLCS4__do_traceback_prob_size_339_cache_size_160000_lru_k_3_d_2_execution_trace_2021_4_2_16_17_3_pid_21933.log', '--mbt_cache_misses_fname', 'olcs4_traceback_csize_input_types/OLCS4_lru_2021_04_02__16_12_31_k_3__d_2_cache_size_160000_problems_10_to_400/lcs_cost_OLCS4_lru_misses_for_cache_size.csv', '--mbt_misses_for_problem_size_fname', 'olcs4_traceback_csize_input_types/OLCS4_lru_2021_04_02__16_12_31_k_3__d_2_cache_size_160000_problems_10_to_400/lcs_cost_OLCS4_lru_misses_for_problem_size.csv', '--mbt_exact_cutoff_min_cache_size', '160000', '--mbt_exact_cutoff_max_cache_size', '160000', '--mbt_problem_type', 'lcs', '--mbt_metric_type', 'csize_binary_search', '--mbt_cutoff_ratio', '2.2', '--mbt_instance_fname', '339', '--mbt_detailed_cache_misses_out_fname', 'csize_olcs4_traceback_0011n_ceil_n_b_7.csv', '--mbt_phi_N', '5.0', '--mbt_problem_size', '339', '--lcs_compute_length', '0', '--lcs_perform_traceback', '1', '--lig_instance_type', '0011n_ceil_n_b', '--lig_n', '339', '--lig_c', '0.9', '--lig_b', '7.0', '--lcs_oblivious', '4', '--lcs_execution_trace_fname', 'olcs4_traceback_csize_input_types/OLCS4_lru_2021_04_02__16_12_31_k_3__d_2_cache_size_160000_problems_10_to_400/OLCS4_lru_2021_04_02__16_12_31_k_3__d_2_cache_size_160000_problems_10_to_400/OLCS4__do_traceback_prob_size_339_cache_size_160000_lru_k_3_d_2_execution_trace_2021_4_2_16_17_3_pid_21933.log', '--memo_caching_strategy', 'lru', '--memo_cache_size', '160001', '--memo_lru_queue_size', '160000', '--memo_cuckoo_k', '4', '--memo_key_length', '8', '--memo_value_length', '8', '--memo_k_timestamps', '3', '--memo_d_recent_timestamps', '2', '--memo_a_items_per_timestamp_factor', '0.4375']

csize_binary_search chosen
lcs problem_type lcs cache_size 160001
initialize_long_int_cache begin
init_memo
arguments to memo:
 --mbt_execution_trace_fname olcs4_traceback_csize_input_types/OLCS4_lru_2021_04_02__16_12_31_k_3__d_2_cache_size_160000_problems_10_to_400/OLCS4_lru_2021_04_02__16_12_31_k_3__d_2_cache_size_160000_problems_10_to_400/OLCS4__do_traceback_prob_size_339_cache_size_160000_lru_k_3_d_2_execution_trace_2021_4_2_16_17_3_pid_21933.log --mbt_cache_misses_fname olcs4_traceback_csize_input_types/OLCS4_lru_2021_04_02__16_12_31_k_3__d_2_cache_size_160000_problems_10_to_400/lcs_cost_OLCS4_lru_misses_for_cache_size.csv --mbt_misses_for_problem_size_fname olcs4_traceback_csize_input_types/OLCS4_lru_2021_04_02__16_12_31_k_3__d_2_cache_size_160000_problems_10_to_400/lcs_cost_OLCS4_lru_misses_for_problem_size.csv --mbt_exact_cutoff_min_cache_size 160000 --mbt_exact_cutoff_max_cache_size 160000 --mbt_problem_type lcs --mbt_metric_type csize_binary_search --mbt_cutoff_ratio 2.2 --mbt_instance_fname 339 --mbt_detailed_cache_misses_out_fname csize_olcs4_traceback_0011n_ceil_n_b_7.csv --mbt_phi_N 5.0 --mbt_problem_size 339 --lcs_compute_length 0 --lcs_perform_traceback 1 --lig_instance_type 0011n_ceil_n_b --lig_n 339 --lig_c 0.9 --lig_b 7.0 --lcs_oblivious 4 --lcs_execution_trace_fname olcs4_traceback_csize_input_types/OLCS4_lru_2021_04_02__16_12_31_k_3__d_2_cache_size_160000_problems_10_to_400/OLCS4_lru_2021_04_02__16_12_31_k_3__d_2_cache_size_160000_problems_10_to_400/OLCS4__do_traceback_prob_size_339_cache_size_160000_lru_k_3_d_2_execution_trace_2021_4_2_16_17_3_pid_21933.log --memo_caching_strategy lru --memo_cache_size 160001 --memo_lru_queue_size 160000 --memo_cuckoo_k 4 --memo_key_length 8 --memo_value_length 8 --memo_k_timestamps 3 --memo_d_recent_timestamps 2 --memo_a_items_per_timestamp_factor 0.4375 
calculate_table_size: table_size is 262144, original is 160001
Finished initializing cache
initialize_long_int_cache end
done initializing cache
initializing problem
done initializing problem
commence trials
Starting characteristic_cache_size_binary_search with max cache size 160001
binary search, size 160001  misses 115599
binary search, size 80000  misses 115599  min 0  max 160001
binary search, size 40000  misses 115599  min 0  max 80000
preemptive halt, cache_misses = 115600
preemptive halt, cache_misses = 115600
preemptive halt, cache_misses = 115600
preemptive halt, cache_misses = 115600
preemptive halt, cache_misses = 115600
preemptive halt, cache_misses = 115600
preemptive halt, cache_misses = 115600
preemptive halt, cache_misses = 115600
preemptive halt, cache_misses = 115600
preemptive halt, cache_misses = 115600
preemptive halt, cache_misses = 115600
preemptive halt, cache_misses = 115600
preemptive halt, cache_misses = 115600
preemptive halt, cache_misses = 115600
preemptive halt, cache_misses = 115600
preemptive halt, cache_misses = 115600
preemptive halt, cache_misses = 115600
preemptive halt, cache_misses = 115600
preemptive halt, cache_misses = 115600
preemptive halt, cache_misses = 115600
preemptive halt, cache_misses = 115600
preemptive halt, cache_misses = 115600
preemptive halt, cache_misses = 115600
preemptive halt, cache_misses = 115600
preemptive halt, cache_misses = 115600
preemptive halt, cache_misses = 115600
preemptive halt, cache_misses = 115600
preemptive halt, cache_misses = 115600
preemptive halt, cache_misses = 115600
preemptive halt, cache_misses = 115600
preemptive halt, cache_misses = 115600
preemptive halt, cache_misses = 115600
preemptive halt, cache_misses = 115600
preemptive halt, cache_misses = 115600
preemptive halt, cache_misses = 115600
preemptive halt, cache_misses = 115600
preemptive halt, cache_misses = 115600
preemptive halt, cache_misses = 115600
preemptive halt, cache_misses = 115600
preemptive halt, cache_misses = 115600
preemptive halt, cache_misses = 115600
preemptive halt, cache_misses = 115600
preemptive halt, cache_misses = 115600
preemptive halt, cache_misses = 115600
preemptive halt, cache_misses = 115600
preemptive halt, cache_misses = 115600
preemptive halt, cache_misses = 115600
preemptive halt, cache_misses = 115600
preemptive halt, cache_misses = 115600
preemptive halt, cache_misses = 115600
preemptive halt, cache_misses = 115600
preemptive halt, cache_misses = 115600
preemptive halt, cache_misses = 115600
preemptive halt, cache_misses = 115600
preemptive halt, cache_misses = 115600
preemptive halt, cache_misses = 115600
preemptive halt, cache_misses = 115600
preemptive halt, cache_misses = 115600
preemptive halt, cache_misses = 115600
preemptive halt, cache_misses = 115600
preemptive halt, cache_misses = 115600
preemptive halt, cache_misses = 115600
preemptive halt, cache_misses = 115600
preemptive halt, cache_misses = 115600
preemptive halt, cache_misses = 115600
preemptive halt, cache_misses = 115600
preemptive halt, cache_misses = 115600
preemptive halt, cache_misses = 115600
preemptive halt, cache_misses = 115600
preemptive halt, cache_misses = 115600
preemptive halt, cache_misses = 115600
preemptive halt, cache_misses = 115600
preemptive halt, cache_misses = 115600
preemptive halt, cache_misses = 115600
preemptive halt, cache_misses = 115600
preemptive halt, cache_misses = 115600
preemptive halt, cache_misses = 115600
preemptive halt, cache_misses = 115600
preemptive halt, cache_misses = 115600
preemptive halt, cache_misses = 115600
preemptive halt, cache_misses = 115600
preemptive halt, cache_misses = 115600
preemptive halt, cache_misses = 115600
preemptive halt, cache_misses = 115600
preemptive halt, cache_misses = 115600
preemptive halt, cache_misses = 115600
preemptive halt, cache_misses = 115600
preemptive halt, cache_misses = 115600
preemptive halt, cache_misses = 115600
preemptive halt, cache_misses = 115600
preemptive halt, cache_misses = 115600
preemptive halt, cache_misses = 115600
binary search, size 20000  misses 115600  min 0  max 40000
preemptive halt, cache_misses = 115601
preemptive halt, cache_misses = 115601
preemptive halt, cache_misses = 115601
preemptive halt, cache_misses = 115601
preemptive halt, cache_misses = 115601
preemptive halt, cache_misses = 115601
preemptive halt, cache_misses = 115601
preemptive halt, cache_misses = 115601
preemptive halt, cache_misses = 115601
preemptive halt, cache_misses = 115601
preemptive halt, cache_misses = 115601
preemptive halt, cache_misses = 115601
preemptive halt, cache_misses = 115601
preemptive halt, cache_misses = 115601
preemptive halt, cache_misses = 115601
preemptive halt, cache_misses = 115601
preemptive halt, cache_misses = 115601
preemptive halt, cache_misses = 115601
preemptive halt, cache_misses = 115601
preemptive halt, cache_misses = 115601
preemptive halt, cache_misses = 115601
preemptive halt, cache_misses = 115601
preemptive halt, cache_misses = 115601
preemptive halt, cache_misses = 115601
preemptive halt, cache_misses = 115601
preemptive halt, cache_misses = 115601
preemptive halt, cache_misses = 115601
preemptive halt, cache_misses = 115601
preemptive halt, cache_misses = 115601
preemptive halt, cache_misses = 115601
preemptive halt, cache_misses = 115601
preemptive halt, cache_misses = 115601
preemptive halt, cache_misses = 115601
preemptive halt, cache_misses = 115601
preemptive halt, cache_misses = 115601
preemptive halt, cache_misses = 115601
preemptive halt, cache_misses = 115601
preemptive halt, cache_misses = 115601
preemptive halt, cache_misses = 115601
preemptive halt, cache_misses = 115601
preemptive halt, cache_misses = 115601
preemptive halt, cache_misses = 115601
preemptive halt, cache_misses = 115601
preemptive halt, cache_misses = 115601
preemptive halt, cache_misses = 115601
preemptive halt, cache_misses = 115601
preemptive halt, cache_misses = 115601
preemptive halt, cache_misses = 115601
preemptive halt, cache_misses = 115601
preemptive halt, cache_misses = 115601
preemptive halt, cache_misses = 115601
preemptive halt, cache_misses = 115601
preemptive halt, cache_misses = 115601
preemptive halt, cache_misses = 115601
preemptive halt, cache_misses = 115601
preemptive halt, cache_misses = 115601
preemptive halt, cache_misses = 115601
preemptive halt, cache_misses = 115601
preemptive halt, cache_misses = 115601
preemptive halt, cache_misses = 115601
preemptive halt, cache_misses = 115601
preemptive halt, cache_misses = 115601
preemptive halt, cache_misses = 115601
preemptive halt, cache_misses = 115601
preemptive halt, cache_misses = 115601
preemptive halt, cache_misses = 115601
preemptive halt, cache_misses = 115601
preemptive halt, cache_misses = 115601
preemptive halt, cache_misses = 115601
preemptive halt, cache_misses = 115601
preemptive halt, cache_misses = 115601
preemptive halt, cache_misses = 115601
preemptive halt, cache_misses = 115601
preemptive halt, cache_misses = 115601
preemptive halt, cache_misses = 115601
preemptive halt, cache_misses = 115601
preemptive halt, cache_misses = 115601
preemptive halt, cache_misses = 115601
preemptive halt, cache_misses = 115601
preemptive halt, cache_misses = 115601
preemptive halt, cache_misses = 115601
preemptive halt, cache_misses = 115601
preemptive halt, cache_misses = 115601
preemptive halt, cache_misses = 115601
preemptive halt, cache_misses = 115601
preemptive halt, cache_misses = 115601
preemptive halt, cache_misses = 115601
preemptive halt, cache_misses = 115601
preemptive halt, cache_misses = 115601
preemptive halt, cache_misses = 115601
preemptive halt, cache_misses = 115601
preemptive halt, cache_misses = 115601
preemptive halt, cache_misses = 115601
preemptive halt, cache_misses = 115601
binary search, size 30000  misses 115601  min 20000  max 40000
binary search, size 35000  misses 115599  min 30000  max 40000
binary search, size 32500  misses 115599  min 30000  max 35000
preemptive halt, cache_misses = 115600
preemptive halt, cache_misses = 115600
preemptive halt, cache_misses = 115600
preemptive halt, cache_misses = 115600
preemptive halt, cache_misses = 115600
preemptive halt, cache_misses = 115600
preemptive halt, cache_misses = 115600
preemptive halt, cache_misses = 115600
preemptive halt, cache_misses = 115600
preemptive halt, cache_misses = 115600
preemptive halt, cache_misses = 115600
preemptive halt, cache_misses = 115600
preemptive halt, cache_misses = 115600
preemptive halt, cache_misses = 115600
preemptive halt, cache_misses = 115600
preemptive halt, cache_misses = 115600
preemptive halt, cache_misses = 115600
preemptive halt, cache_misses = 115600
preemptive halt, cache_misses = 115600
preemptive halt, cache_misses = 115600
preemptive halt, cache_misses = 115600
preemptive halt, cache_misses = 115600
preemptive halt, cache_misses = 115600
preemptive halt, cache_misses = 115600
preemptive halt, cache_misses = 115600
preemptive halt, cache_misses = 115600
preemptive halt, cache_misses = 115600
preemptive halt, cache_misses = 115600
preemptive halt, cache_misses = 115600
preemptive halt, cache_misses = 115600
preemptive halt, cache_misses = 115600
preemptive halt, cache_misses = 115600
preemptive halt, cache_misses = 115600
preemptive halt, cache_misses = 115600
preemptive halt, cache_misses = 115600
preemptive halt, cache_misses = 115600
preemptive halt, cache_misses = 115600
preemptive halt, cache_misses = 115600
preemptive halt, cache_misses = 115600
preemptive halt, cache_misses = 115600
preemptive halt, cache_misses = 115600
preemptive halt, cache_misses = 115600
preemptive halt, cache_misses = 115600
preemptive halt, cache_misses = 115600
preemptive halt, cache_misses = 115600
preemptive halt, cache_misses = 115600
preemptive halt, cache_misses = 115600
preemptive halt, cache_misses = 115600
preemptive halt, cache_misses = 115600
preemptive halt, cache_misses = 115600
preemptive halt, cache_misses = 115600
preemptive halt, cache_misses = 115600
preemptive halt, cache_misses = 115600
preemptive halt, cache_misses = 115600
preemptive halt, cache_misses = 115600
preemptive halt, cache_misses = 115600
preemptive halt, cache_misses = 115600
preemptive halt, cache_misses = 115600
preemptive halt, cache_misses = 115600
preemptive halt, cache_misses = 115600
preemptive halt, cache_misses = 115600
preemptive halt, cache_misses = 115600
preemptive halt, cache_misses = 115600
preemptive halt, cache_misses = 115600
preemptive halt, cache_misses = 115600
preemptive halt, cache_misses = 115600
preemptive halt, cache_misses = 115600
preemptive halt, cache_misses = 115600
preemptive halt, cache_misses = 115600
preemptive halt, cache_misses = 115600
preemptive halt, cache_misses = 115600
preemptive halt, cache_misses = 115600
preemptive halt, cache_misses = 115600
preemptive halt, cache_misses = 115600
preemptive halt, cache_misses = 115600
preemptive halt, cache_misses = 115600
preemptive halt, cache_misses = 115600
preemptive halt, cache_misses = 115600
preemptive halt, cache_misses = 115600
preemptive halt, cache_misses = 115600
preemptive halt, cache_misses = 115600
preemptive halt, cache_misses = 115600
preemptive halt, cache_misses = 115600
preemptive halt, cache_misses = 115600
preemptive halt, cache_misses = 115600
preemptive halt, cache_misses = 115600
preemptive halt, cache_misses = 115600
preemptive halt, cache_misses = 115600
preemptive halt, cache_misses = 115600
preemptive halt, cache_misses = 115600
preemptive halt, cache_misses = 115600
preemptive halt, cache_misses = 115600
binary search, size 31250  misses 115600  min 30000  max 32500
preemptive halt, cache_misses = 115601
preemptive halt, cache_misses = 115601
preemptive halt, cache_misses = 115601
preemptive halt, cache_misses = 115601
preemptive halt, cache_misses = 115601
preemptive halt, cache_misses = 115601
preemptive halt, cache_misses = 115601
preemptive halt, cache_misses = 115601
preemptive halt, cache_misses = 115601
preemptive halt, cache_misses = 115601
preemptive halt, cache_misses = 115601
preemptive halt, cache_misses = 115601
preemptive halt, cache_misses = 115601
preemptive halt, cache_misses = 115601
preemptive halt, cache_misses = 115601
preemptive halt, cache_misses = 115601
preemptive halt, cache_misses = 115601
preemptive halt, cache_misses = 115601
preemptive halt, cache_misses = 115601
preemptive halt, cache_misses = 115601
preemptive halt, cache_misses = 115601
preemptive halt, cache_misses = 115601
preemptive halt, cache_misses = 115601
preemptive halt, cache_misses = 115601
preemptive halt, cache_misses = 115601
preemptive halt, cache_misses = 115601
preemptive halt, cache_misses = 115601
preemptive halt, cache_misses = 115601
preemptive halt, cache_misses = 115601
preemptive halt, cache_misses = 115601
preemptive halt, cache_misses = 115601
preemptive halt, cache_misses = 115601
preemptive halt, cache_misses = 115601
preemptive halt, cache_misses = 115601
preemptive halt, cache_misses = 115601
preemptive halt, cache_misses = 115601
preemptive halt, cache_misses = 115601
preemptive halt, cache_misses = 115601
preemptive halt, cache_misses = 115601
preemptive halt, cache_misses = 115601
preemptive halt, cache_misses = 115601
preemptive halt, cache_misses = 115601
preemptive halt, cache_misses = 115601
preemptive halt, cache_misses = 115601
preemptive halt, cache_misses = 115601
preemptive halt, cache_misses = 115601
preemptive halt, cache_misses = 115601
preemptive halt, cache_misses = 115601
preemptive halt, cache_misses = 115601
preemptive halt, cache_misses = 115601
preemptive halt, cache_misses = 115601
preemptive halt, cache_misses = 115601
preemptive halt, cache_misses = 115601
preemptive halt, cache_misses = 115601
preemptive halt, cache_misses = 115601
preemptive halt, cache_misses = 115601
preemptive halt, cache_misses = 115601
preemptive halt, cache_misses = 115601
preemptive halt, cache_misses = 115601
preemptive halt, cache_misses = 115601
preemptive halt, cache_misses = 115601
preemptive halt, cache_misses = 115601
preemptive halt, cache_misses = 115601
preemptive halt, cache_misses = 115601
preemptive halt, cache_misses = 115601
preemptive halt, cache_misses = 115601
preemptive halt, cache_misses = 115601
preemptive halt, cache_misses = 115601
preemptive halt, cache_misses = 115601
preemptive halt, cache_misses = 115601
preemptive halt, cache_misses = 115601
preemptive halt, cache_misses = 115601
preemptive halt, cache_misses = 115601
preemptive halt, cache_misses = 115601
preemptive halt, cache_misses = 115601
preemptive halt, cache_misses = 115601
preemptive halt, cache_misses = 115601
preemptive halt, cache_misses = 115601
preemptive halt, cache_misses = 115601
preemptive halt, cache_misses = 115601
preemptive halt, cache_misses = 115601
preemptive halt, cache_misses = 115601
preemptive halt, cache_misses = 115601
preemptive halt, cache_misses = 115601
preemptive halt, cache_misses = 115601
preemptive halt, cache_misses = 115601
preemptive halt, cache_misses = 115601
preemptive halt, cache_misses = 115601
preemptive halt, cache_misses = 115601
preemptive halt, cache_misses = 115601
preemptive halt, cache_misses = 115601
preemptive halt, cache_misses = 115601
preemptive halt, cache_misses = 115601
preemptive halt, cache_misses = 115601
binary search, size 31875  misses 115601  min 31250  max 32500
preemptive halt, cache_misses = 115602
preemptive halt, cache_misses = 115602
preemptive halt, cache_misses = 115602
preemptive halt, cache_misses = 115602
preemptive halt, cache_misses = 115602
preemptive halt, cache_misses = 115602
preemptive halt, cache_misses = 115602
preemptive halt, cache_misses = 115602
preemptive halt, cache_misses = 115602
preemptive halt, cache_misses = 115602
preemptive halt, cache_misses = 115602
preemptive halt, cache_misses = 115602
preemptive halt, cache_misses = 115602
preemptive halt, cache_misses = 115602
preemptive halt, cache_misses = 115602
preemptive halt, cache_misses = 115602
preemptive halt, cache_misses = 115602
preemptive halt, cache_misses = 115602
preemptive halt, cache_misses = 115602
preemptive halt, cache_misses = 115602
preemptive halt, cache_misses = 115602
preemptive halt, cache_misses = 115602
preemptive halt, cache_misses = 115602
preemptive halt, cache_misses = 115602
preemptive halt, cache_misses = 115602
preemptive halt, cache_misses = 115602
preemptive halt, cache_misses = 115602
preemptive halt, cache_misses = 115602
preemptive halt, cache_misses = 115602
preemptive halt, cache_misses = 115602
preemptive halt, cache_misses = 115602
preemptive halt, cache_misses = 115602
preemptive halt, cache_misses = 115602
preemptive halt, cache_misses = 115602
preemptive halt, cache_misses = 115602
preemptive halt, cache_misses = 115602
preemptive halt, cache_misses = 115602
preemptive halt, cache_misses = 115602
preemptive halt, cache_misses = 115602
preemptive halt, cache_misses = 115602
preemptive halt, cache_misses = 115602
preemptive halt, cache_misses = 115602
preemptive halt, cache_misses = 115602
preemptive halt, cache_misses = 115602
preemptive halt, cache_misses = 115602
preemptive halt, cache_misses = 115602
preemptive halt, cache_misses = 115602
preemptive halt, cache_misses = 115602
preemptive halt, cache_misses = 115602
preemptive halt, cache_misses = 115602
preemptive halt, cache_misses = 115602
preemptive halt, cache_misses = 115602
preemptive halt, cache_misses = 115602
preemptive halt, cache_misses = 115602
preemptive halt, cache_misses = 115602
preemptive halt, cache_misses = 115602
preemptive halt, cache_misses = 115602
preemptive halt, cache_misses = 115602
preemptive halt, cache_misses = 115602
preemptive halt, cache_misses = 115602
preemptive halt, cache_misses = 115602
preemptive halt, cache_misses = 115602
preemptive halt, cache_misses = 115602
preemptive halt, cache_misses = 115602
preemptive halt, cache_misses = 115602
preemptive halt, cache_misses = 115602
preemptive halt, cache_misses = 115602
preemptive halt, cache_misses = 115602
preemptive halt, cache_misses = 115602
preemptive halt, cache_misses = 115602
preemptive halt, cache_misses = 115602
preemptive halt, cache_misses = 115602
preemptive halt, cache_misses = 115602
preemptive halt, cache_misses = 115602
preemptive halt, cache_misses = 115602
preemptive halt, cache_misses = 115602
preemptive halt, cache_misses = 115602
preemptive halt, cache_misses = 115602
preemptive halt, cache_misses = 115602
preemptive halt, cache_misses = 115602
preemptive halt, cache_misses = 115602
preemptive halt, cache_misses = 115602
preemptive halt, cache_misses = 115602
preemptive halt, cache_misses = 115602
preemptive halt, cache_misses = 115602
preemptive halt, cache_misses = 115602
preemptive halt, cache_misses = 115602
preemptive halt, cache_misses = 115602
preemptive halt, cache_misses = 115602
preemptive halt, cache_misses = 115602
preemptive halt, cache_misses = 115602
preemptive halt, cache_misses = 115602
preemptive halt, cache_misses = 115602
preemptive halt, cache_misses = 115602
preemptive halt, cache_misses = 115602
preemptive halt, cache_misses = 115602
binary search, size 32187  misses 115602  min 31875  max 32500
preemptive halt, cache_misses = 115603
preemptive halt, cache_misses = 115603
preemptive halt, cache_misses = 115603
preemptive halt, cache_misses = 115603
preemptive halt, cache_misses = 115603
preemptive halt, cache_misses = 115603
preemptive halt, cache_misses = 115603
preemptive halt, cache_misses = 115603
preemptive halt, cache_misses = 115603
preemptive halt, cache_misses = 115603
preemptive halt, cache_misses = 115603
preemptive halt, cache_misses = 115603
preemptive halt, cache_misses = 115603
preemptive halt, cache_misses = 115603
preemptive halt, cache_misses = 115603
preemptive halt, cache_misses = 115603
preemptive halt, cache_misses = 115603
preemptive halt, cache_misses = 115603
preemptive halt, cache_misses = 115603
preemptive halt, cache_misses = 115603
preemptive halt, cache_misses = 115603
preemptive halt, cache_misses = 115603
preemptive halt, cache_misses = 115603
preemptive halt, cache_misses = 115603
preemptive halt, cache_misses = 115603
preemptive halt, cache_misses = 115603
preemptive halt, cache_misses = 115603
preemptive halt, cache_misses = 115603
preemptive halt, cache_misses = 115603
preemptive halt, cache_misses = 115603
preemptive halt, cache_misses = 115603
preemptive halt, cache_misses = 115603
preemptive halt, cache_misses = 115603
preemptive halt, cache_misses = 115603
preemptive halt, cache_misses = 115603
preemptive halt, cache_misses = 115603
preemptive halt, cache_misses = 115603
preemptive halt, cache_misses = 115603
preemptive halt, cache_misses = 115603
preemptive halt, cache_misses = 115603
preemptive halt, cache_misses = 115603
preemptive halt, cache_misses = 115603
preemptive halt, cache_misses = 115603
preemptive halt, cache_misses = 115603
preemptive halt, cache_misses = 115603
preemptive halt, cache_misses = 115603
preemptive halt, cache_misses = 115603
preemptive halt, cache_misses = 115603
preemptive halt, cache_misses = 115603
preemptive halt, cache_misses = 115603
preemptive halt, cache_misses = 115603
preemptive halt, cache_misses = 115603
preemptive halt, cache_misses = 115603
preemptive halt, cache_misses = 115603
preemptive halt, cache_misses = 115603
preemptive halt, cache_misses = 115603
preemptive halt, cache_misses = 115603
preemptive halt, cache_misses = 115603
preemptive halt, cache_misses = 115603
preemptive halt, cache_misses = 115603
preemptive halt, cache_misses = 115603
preemptive halt, cache_misses = 115603
preemptive halt, cache_misses = 115603
preemptive halt, cache_misses = 115603
preemptive halt, cache_misses = 115603
preemptive halt, cache_misses = 115603
preemptive halt, cache_misses = 115603
preemptive halt, cache_misses = 115603
preemptive halt, cache_misses = 115603
preemptive halt, cache_misses = 115603
preemptive halt, cache_misses = 115603
preemptive halt, cache_misses = 115603
preemptive halt, cache_misses = 115603
preemptive halt, cache_misses = 115603
preemptive halt, cache_misses = 115603
preemptive halt, cache_misses = 115603
preemptive halt, cache_misses = 115603
preemptive halt, cache_misses = 115603
preemptive halt, cache_misses = 115603
preemptive halt, cache_misses = 115603
preemptive halt, cache_misses = 115603
preemptive halt, cache_misses = 115603
preemptive halt, cache_misses = 115603
preemptive halt, cache_misses = 115603
preemptive halt, cache_misses = 115603
preemptive halt, cache_misses = 115603
preemptive halt, cache_misses = 115603
preemptive halt, cache_misses = 115603
preemptive halt, cache_misses = 115603
preemptive halt, cache_misses = 115603
preemptive halt, cache_misses = 115603
preemptive halt, cache_misses = 115603
preemptive halt, cache_misses = 115603
preemptive halt, cache_misses = 115603
preemptive halt, cache_misses = 115603
preemptive halt, cache_misses = 115603
preemptive halt, cache_misses = 115603
preemptive halt, cache_misses = 115603
binary search, size 32343  misses 115603  min 32187  max 32500
binary search, size 32421  misses 115599  min 32343  max 32500
binary search, size 32382  misses 115599  min 32343  max 32421
binary search, size 32362  misses 115599  min 32343  max 32382
binary search, size 32352  misses 115599  min 32343  max 32362
binary search, size 32347  misses 115599  min 32343  max 32352
binary search, size 32345  misses 115599  min 32343  max 32347
preemptive halt, cache_misses = 115600
preemptive halt, cache_misses = 115600
preemptive halt, cache_misses = 115600
preemptive halt, cache_misses = 115600
preemptive halt, cache_misses = 115600
preemptive halt, cache_misses = 115600
preemptive halt, cache_misses = 115600
preemptive halt, cache_misses = 115600
preemptive halt, cache_misses = 115600
preemptive halt, cache_misses = 115600
preemptive halt, cache_misses = 115600
preemptive halt, cache_misses = 115600
preemptive halt, cache_misses = 115600
preemptive halt, cache_misses = 115600
preemptive halt, cache_misses = 115600
preemptive halt, cache_misses = 115600
preemptive halt, cache_misses = 115600
preemptive halt, cache_misses = 115600
preemptive halt, cache_misses = 115600
preemptive halt, cache_misses = 115600
preemptive halt, cache_misses = 115600
preemptive halt, cache_misses = 115600
preemptive halt, cache_misses = 115600
preemptive halt, cache_misses = 115600
preemptive halt, cache_misses = 115600
preemptive halt, cache_misses = 115600
preemptive halt, cache_misses = 115600
preemptive halt, cache_misses = 115600
preemptive halt, cache_misses = 115600
preemptive halt, cache_misses = 115600
preemptive halt, cache_misses = 115600
preemptive halt, cache_misses = 115600
preemptive halt, cache_misses = 115600
preemptive halt, cache_misses = 115600
preemptive halt, cache_misses = 115600
preemptive halt, cache_misses = 115600
preemptive halt, cache_misses = 115600
preemptive halt, cache_misses = 115600
preemptive halt, cache_misses = 115600
preemptive halt, cache_misses = 115600
preemptive halt, cache_misses = 115600
preemptive halt, cache_misses = 115600
preemptive halt, cache_misses = 115600
preemptive halt, cache_misses = 115600
preemptive halt, cache_misses = 115600
preemptive halt, cache_misses = 115600
preemptive halt, cache_misses = 115600
preemptive halt, cache_misses = 115600
preemptive halt, cache_misses = 115600
preemptive halt, cache_misses = 115600
preemptive halt, cache_misses = 115600
preemptive halt, cache_misses = 115600
preemptive halt, cache_misses = 115600
preemptive halt, cache_misses = 115600
preemptive halt, cache_misses = 115600
preemptive halt, cache_misses = 115600
preemptive halt, cache_misses = 115600
preemptive halt, cache_misses = 115600
preemptive halt, cache_misses = 115600
preemptive halt, cache_misses = 115600
preemptive halt, cache_misses = 115600
preemptive halt, cache_misses = 115600
preemptive halt, cache_misses = 115600
preemptive halt, cache_misses = 115600
preemptive halt, cache_misses = 115600
preemptive halt, cache_misses = 115600
preemptive halt, cache_misses = 115600
preemptive halt, cache_misses = 115600
preemptive halt, cache_misses = 115600
preemptive halt, cache_misses = 115600
preemptive halt, cache_misses = 115600
preemptive halt, cache_misses = 115600
preemptive halt, cache_misses = 115600
preemptive halt, cache_misses = 115600
preemptive halt, cache_misses = 115600
preemptive halt, cache_misses = 115600
preemptive halt, cache_misses = 115600
preemptive halt, cache_misses = 115600
preemptive halt, cache_misses = 115600
preemptive halt, cache_misses = 115600
preemptive halt, cache_misses = 115600
preemptive halt, cache_misses = 115600
preemptive halt, cache_misses = 115600
preemptive halt, cache_misses = 115600
preemptive halt, cache_misses = 115600
preemptive halt, cache_misses = 115600
preemptive halt, cache_misses = 115600
preemptive halt, cache_misses = 115600
preemptive halt, cache_misses = 115600
preemptive halt, cache_misses = 115600
preemptive halt, cache_misses = 115600
preemptive halt, cache_misses = 115600
binary search, size 32344  misses 115600  min 32343  max 32345
characteristic cache size (binary search) for 339 = 32345
End at: 2021-04-02 16:17:05.177338
Time elapsed: 0:00:02.048177
