Begin at: 2021-04-02 16:13:32.918782
['../dist/Debug/GNU-Linux/memo_batch_tester', '', '--mbt_execution_trace_fname', 'olcs4_traceback_csize_input_types/OLCS4_lru_2021_04_02__16_12_31_k_3__d_2_cache_size_160000_problems_10_to_400/OLCS4_lru_2021_04_02__16_12_31_k_3__d_2_cache_size_160000_problems_10_to_400/OLCS4__do_traceback_prob_size_197_cache_size_160000_lru_k_3_d_2_execution_trace_2021_4_2_16_13_32_pid_21601.log', '--mbt_cache_misses_fname', 'olcs4_traceback_csize_input_types/OLCS4_lru_2021_04_02__16_12_31_k_3__d_2_cache_size_160000_problems_10_to_400/lcs_cost_OLCS4_lru_misses_for_cache_size.csv', '--mbt_misses_for_problem_size_fname', 'olcs4_traceback_csize_input_types/OLCS4_lru_2021_04_02__16_12_31_k_3__d_2_cache_size_160000_problems_10_to_400/lcs_cost_OLCS4_lru_misses_for_problem_size.csv', '--mbt_exact_cutoff_min_cache_size', '160000', '--mbt_exact_cutoff_max_cache_size', '160000', '--mbt_problem_type', 'lcs', '--mbt_metric_type', 'csize_binary_search', '--mbt_cutoff_ratio', '2.2', '--mbt_instance_fname', '197', '--mbt_detailed_cache_misses_out_fname', 'csize_olcs4_traceback_0011n_ceil_n_b_7.csv', '--mbt_phi_N', '5.0', '--mbt_problem_size', '197', '--lcs_compute_length', '0', '--lcs_perform_traceback', '1', '--lig_instance_type', '0011n_ceil_n_b', '--lig_n', '197', '--lig_c', '0.9', '--lig_b', '7.0', '--lcs_oblivious', '4', '--lcs_execution_trace_fname', 'olcs4_traceback_csize_input_types/OLCS4_lru_2021_04_02__16_12_31_k_3__d_2_cache_size_160000_problems_10_to_400/OLCS4_lru_2021_04_02__16_12_31_k_3__d_2_cache_size_160000_problems_10_to_400/OLCS4__do_traceback_prob_size_197_cache_size_160000_lru_k_3_d_2_execution_trace_2021_4_2_16_13_32_pid_21601.log', '--memo_caching_strategy', 'lru', '--memo_cache_size', '160001', '--memo_lru_queue_size', '160000', '--memo_cuckoo_k', '4', '--memo_key_length', '8', '--memo_value_length', '8', '--memo_k_timestamps', '3', '--memo_d_recent_timestamps', '2', '--memo_a_items_per_timestamp_factor', '0.4375']

csize_binary_search chosen
lcs problem_type lcs cache_size 160001
initialize_long_int_cache begin
init_memo
arguments to memo:
 --mbt_execution_trace_fname olcs4_traceback_csize_input_types/OLCS4_lru_2021_04_02__16_12_31_k_3__d_2_cache_size_160000_problems_10_to_400/OLCS4_lru_2021_04_02__16_12_31_k_3__d_2_cache_size_160000_problems_10_to_400/OLCS4__do_traceback_prob_size_197_cache_size_160000_lru_k_3_d_2_execution_trace_2021_4_2_16_13_32_pid_21601.log --mbt_cache_misses_fname olcs4_traceback_csize_input_types/OLCS4_lru_2021_04_02__16_12_31_k_3__d_2_cache_size_160000_problems_10_to_400/lcs_cost_OLCS4_lru_misses_for_cache_size.csv --mbt_misses_for_problem_size_fname olcs4_traceback_csize_input_types/OLCS4_lru_2021_04_02__16_12_31_k_3__d_2_cache_size_160000_problems_10_to_400/lcs_cost_OLCS4_lru_misses_for_problem_size.csv --mbt_exact_cutoff_min_cache_size 160000 --mbt_exact_cutoff_max_cache_size 160000 --mbt_problem_type lcs --mbt_metric_type csize_binary_search --mbt_cutoff_ratio 2.2 --mbt_instance_fname 197 --mbt_detailed_cache_misses_out_fname csize_olcs4_traceback_0011n_ceil_n_b_7.csv --mbt_phi_N 5.0 --mbt_problem_size 197 --lcs_compute_length 0 --lcs_perform_traceback 1 --lig_instance_type 0011n_ceil_n_b --lig_n 197 --lig_c 0.9 --lig_b 7.0 --lcs_oblivious 4 --lcs_execution_trace_fname olcs4_traceback_csize_input_types/OLCS4_lru_2021_04_02__16_12_31_k_3__d_2_cache_size_160000_problems_10_to_400/OLCS4_lru_2021_04_02__16_12_31_k_3__d_2_cache_size_160000_problems_10_to_400/OLCS4__do_traceback_prob_size_197_cache_size_160000_lru_k_3_d_2_execution_trace_2021_4_2_16_13_32_pid_21601.log --memo_caching_strategy lru --memo_cache_size 160001 --memo_lru_queue_size 160000 --memo_cuckoo_k 4 --memo_key_length 8 --memo_value_length 8 --memo_k_timestamps 3 --memo_d_recent_timestamps 2 --memo_a_items_per_timestamp_factor 0.4375 
calculate_table_size: table_size is 262144, original is 160001
Finished initializing cache
initialize_long_int_cache end
done initializing cache
initializing problem
done initializing problem
commence trials
Starting characteristic_cache_size_binary_search with max cache size 160001
binary search, size 160001  misses 39203
binary search, size 80000  misses 39203  min 0  max 160001
binary search, size 40000  misses 39203  min 0  max 80000
binary search, size 20000  misses 39203  min 0  max 40000
preemptive halt, cache_misses = 39204
preemptive halt, cache_misses = 39204
preemptive halt, cache_misses = 39204
preemptive halt, cache_misses = 39204
preemptive halt, cache_misses = 39204
preemptive halt, cache_misses = 39204
preemptive halt, cache_misses = 39204
preemptive halt, cache_misses = 39204
preemptive halt, cache_misses = 39204
preemptive halt, cache_misses = 39204
preemptive halt, cache_misses = 39204
preemptive halt, cache_misses = 39204
preemptive halt, cache_misses = 39204
preemptive halt, cache_misses = 39204
preemptive halt, cache_misses = 39204
preemptive halt, cache_misses = 39204
preemptive halt, cache_misses = 39204
preemptive halt, cache_misses = 39204
preemptive halt, cache_misses = 39204
preemptive halt, cache_misses = 39204
preemptive halt, cache_misses = 39204
preemptive halt, cache_misses = 39204
preemptive halt, cache_misses = 39204
preemptive halt, cache_misses = 39204
preemptive halt, cache_misses = 39204
preemptive halt, cache_misses = 39204
preemptive halt, cache_misses = 39204
preemptive halt, cache_misses = 39204
preemptive halt, cache_misses = 39204
preemptive halt, cache_misses = 39204
preemptive halt, cache_misses = 39204
preemptive halt, cache_misses = 39204
preemptive halt, cache_misses = 39204
preemptive halt, cache_misses = 39204
preemptive halt, cache_misses = 39204
preemptive halt, cache_misses = 39204
preemptive halt, cache_misses = 39204
preemptive halt, cache_misses = 39204
preemptive halt, cache_misses = 39204
preemptive halt, cache_misses = 39204
preemptive halt, cache_misses = 39204
preemptive halt, cache_misses = 39204
preemptive halt, cache_misses = 39204
preemptive halt, cache_misses = 39204
preemptive halt, cache_misses = 39204
preemptive halt, cache_misses = 39204
preemptive halt, cache_misses = 39204
preemptive halt, cache_misses = 39204
binary search, size 10000  misses 39204  min 0  max 20000
binary search, size 15000  misses 39203  min 10000  max 20000
binary search, size 12500  misses 39203  min 10000  max 15000
binary search, size 11250  misses 39203  min 10000  max 12500
binary search, size 10625  misses 39203  min 10000  max 11250
preemptive halt, cache_misses = 39204
preemptive halt, cache_misses = 39204
preemptive halt, cache_misses = 39204
preemptive halt, cache_misses = 39204
preemptive halt, cache_misses = 39204
preemptive halt, cache_misses = 39204
preemptive halt, cache_misses = 39204
preemptive halt, cache_misses = 39204
preemptive halt, cache_misses = 39204
preemptive halt, cache_misses = 39204
preemptive halt, cache_misses = 39204
preemptive halt, cache_misses = 39204
preemptive halt, cache_misses = 39204
preemptive halt, cache_misses = 39204
preemptive halt, cache_misses = 39204
preemptive halt, cache_misses = 39204
preemptive halt, cache_misses = 39204
preemptive halt, cache_misses = 39204
preemptive halt, cache_misses = 39204
preemptive halt, cache_misses = 39204
preemptive halt, cache_misses = 39204
preemptive halt, cache_misses = 39204
preemptive halt, cache_misses = 39204
preemptive halt, cache_misses = 39204
preemptive halt, cache_misses = 39204
preemptive halt, cache_misses = 39204
preemptive halt, cache_misses = 39204
preemptive halt, cache_misses = 39204
preemptive halt, cache_misses = 39204
preemptive halt, cache_misses = 39204
preemptive halt, cache_misses = 39204
preemptive halt, cache_misses = 39204
preemptive halt, cache_misses = 39204
preemptive halt, cache_misses = 39204
preemptive halt, cache_misses = 39204
preemptive halt, cache_misses = 39204
preemptive halt, cache_misses = 39204
preemptive halt, cache_misses = 39204
preemptive halt, cache_misses = 39204
preemptive halt, cache_misses = 39204
preemptive halt, cache_misses = 39204
preemptive halt, cache_misses = 39204
preemptive halt, cache_misses = 39204
preemptive halt, cache_misses = 39204
preemptive halt, cache_misses = 39204
preemptive halt, cache_misses = 39204
preemptive halt, cache_misses = 39204
preemptive halt, cache_misses = 39204
binary search, size 10312  misses 39204  min 10000  max 10625
preemptive halt, cache_misses = 39205
preemptive halt, cache_misses = 39205
preemptive halt, cache_misses = 39205
preemptive halt, cache_misses = 39205
preemptive halt, cache_misses = 39205
preemptive halt, cache_misses = 39205
preemptive halt, cache_misses = 39205
preemptive halt, cache_misses = 39205
preemptive halt, cache_misses = 39205
preemptive halt, cache_misses = 39205
preemptive halt, cache_misses = 39205
preemptive halt, cache_misses = 39205
preemptive halt, cache_misses = 39205
preemptive halt, cache_misses = 39205
preemptive halt, cache_misses = 39205
preemptive halt, cache_misses = 39205
preemptive halt, cache_misses = 39205
preemptive halt, cache_misses = 39205
preemptive halt, cache_misses = 39205
preemptive halt, cache_misses = 39205
preemptive halt, cache_misses = 39205
preemptive halt, cache_misses = 39205
preemptive halt, cache_misses = 39205
preemptive halt, cache_misses = 39205
preemptive halt, cache_misses = 39205
preemptive halt, cache_misses = 39205
preemptive halt, cache_misses = 39205
preemptive halt, cache_misses = 39205
preemptive halt, cache_misses = 39205
preemptive halt, cache_misses = 39205
preemptive halt, cache_misses = 39205
preemptive halt, cache_misses = 39205
preemptive halt, cache_misses = 39205
preemptive halt, cache_misses = 39205
preemptive halt, cache_misses = 39205
preemptive halt, cache_misses = 39205
preemptive halt, cache_misses = 39205
preemptive halt, cache_misses = 39205
preemptive halt, cache_misses = 39205
preemptive halt, cache_misses = 39205
preemptive halt, cache_misses = 39205
preemptive halt, cache_misses = 39205
preemptive halt, cache_misses = 39205
preemptive halt, cache_misses = 39205
preemptive halt, cache_misses = 39205
preemptive halt, cache_misses = 39205
preemptive halt, cache_misses = 39205
preemptive halt, cache_misses = 39205
preemptive halt, cache_misses = 39205
preemptive halt, cache_misses = 39205
binary search, size 10468  misses 39205  min 10312  max 10625
binary search, size 10546  misses 39203  min 10468  max 10625
preemptive halt, cache_misses = 39204
preemptive halt, cache_misses = 39204
preemptive halt, cache_misses = 39204
preemptive halt, cache_misses = 39204
preemptive halt, cache_misses = 39204
preemptive halt, cache_misses = 39204
preemptive halt, cache_misses = 39204
preemptive halt, cache_misses = 39204
preemptive halt, cache_misses = 39204
preemptive halt, cache_misses = 39204
preemptive halt, cache_misses = 39204
preemptive halt, cache_misses = 39204
preemptive halt, cache_misses = 39204
preemptive halt, cache_misses = 39204
preemptive halt, cache_misses = 39204
preemptive halt, cache_misses = 39204
preemptive halt, cache_misses = 39204
preemptive halt, cache_misses = 39204
preemptive halt, cache_misses = 39204
preemptive halt, cache_misses = 39204
preemptive halt, cache_misses = 39204
preemptive halt, cache_misses = 39204
preemptive halt, cache_misses = 39204
preemptive halt, cache_misses = 39204
preemptive halt, cache_misses = 39204
preemptive halt, cache_misses = 39204
preemptive halt, cache_misses = 39204
preemptive halt, cache_misses = 39204
preemptive halt, cache_misses = 39204
preemptive halt, cache_misses = 39204
preemptive halt, cache_misses = 39204
preemptive halt, cache_misses = 39204
preemptive halt, cache_misses = 39204
preemptive halt, cache_misses = 39204
preemptive halt, cache_misses = 39204
preemptive halt, cache_misses = 39204
preemptive halt, cache_misses = 39204
preemptive halt, cache_misses = 39204
preemptive halt, cache_misses = 39204
preemptive halt, cache_misses = 39204
preemptive halt, cache_misses = 39204
preemptive halt, cache_misses = 39204
preemptive halt, cache_misses = 39204
preemptive halt, cache_misses = 39204
preemptive halt, cache_misses = 39204
preemptive halt, cache_misses = 39204
preemptive halt, cache_misses = 39204
preemptive halt, cache_misses = 39204
binary search, size 10507  misses 39204  min 10468  max 10546
binary search, size 10526  misses 39203  min 10507  max 10546
preemptive halt, cache_misses = 39204
preemptive halt, cache_misses = 39204
preemptive halt, cache_misses = 39204
preemptive halt, cache_misses = 39204
preemptive halt, cache_misses = 39204
preemptive halt, cache_misses = 39204
preemptive halt, cache_misses = 39204
preemptive halt, cache_misses = 39204
preemptive halt, cache_misses = 39204
preemptive halt, cache_misses = 39204
preemptive halt, cache_misses = 39204
preemptive halt, cache_misses = 39204
preemptive halt, cache_misses = 39204
preemptive halt, cache_misses = 39204
preemptive halt, cache_misses = 39204
preemptive halt, cache_misses = 39204
preemptive halt, cache_misses = 39204
preemptive halt, cache_misses = 39204
preemptive halt, cache_misses = 39204
preemptive halt, cache_misses = 39204
preemptive halt, cache_misses = 39204
preemptive halt, cache_misses = 39204
preemptive halt, cache_misses = 39204
preemptive halt, cache_misses = 39204
preemptive halt, cache_misses = 39204
preemptive halt, cache_misses = 39204
preemptive halt, cache_misses = 39204
preemptive halt, cache_misses = 39204
preemptive halt, cache_misses = 39204
preemptive halt, cache_misses = 39204
preemptive halt, cache_misses = 39204
preemptive halt, cache_misses = 39204
preemptive halt, cache_misses = 39204
preemptive halt, cache_misses = 39204
preemptive halt, cache_misses = 39204
preemptive halt, cache_misses = 39204
preemptive halt, cache_misses = 39204
preemptive halt, cache_misses = 39204
preemptive halt, cache_misses = 39204
preemptive halt, cache_misses = 39204
preemptive halt, cache_misses = 39204
preemptive halt, cache_misses = 39204
preemptive halt, cache_misses = 39204
preemptive halt, cache_misses = 39204
preemptive halt, cache_misses = 39204
preemptive halt, cache_misses = 39204
preemptive halt, cache_misses = 39204
preemptive halt, cache_misses = 39204
binary search, size 10516  misses 39204  min 10507  max 10526
binary search, size 10521  misses 39203  min 10516  max 10526
binary search, size 10518  misses 39203  min 10516  max 10521
binary search, size 10517  misses 39203  min 10516  max 10518
characteristic cache size (binary search) for 197 = 10517
End at: 2021-04-02 16:13:33.656527
Time elapsed: 0:00:00.737762
