Begin at: 2021-04-02 16:14:57.065074
['../dist/Debug/GNU-Linux/memo_batch_tester', '', '--mbt_execution_trace_fname', 'olcs4_traceback_csize_input_types/OLCS4_lru_2021_04_02__16_12_31_k_3__d_2_cache_size_160000_problems_10_to_400/OLCS4_lru_2021_04_02__16_12_31_k_3__d_2_cache_size_160000_problems_10_to_400/OLCS4__do_traceback_prob_size_271_cache_size_160000_lru_k_3_d_2_execution_trace_2021_4_2_16_14_57_pid_21756.log', '--mbt_cache_misses_fname', 'olcs4_traceback_csize_input_types/OLCS4_lru_2021_04_02__16_12_31_k_3__d_2_cache_size_160000_problems_10_to_400/lcs_cost_OLCS4_lru_misses_for_cache_size.csv', '--mbt_misses_for_problem_size_fname', 'olcs4_traceback_csize_input_types/OLCS4_lru_2021_04_02__16_12_31_k_3__d_2_cache_size_160000_problems_10_to_400/lcs_cost_OLCS4_lru_misses_for_problem_size.csv', '--mbt_exact_cutoff_min_cache_size', '160000', '--mbt_exact_cutoff_max_cache_size', '160000', '--mbt_problem_type', 'lcs', '--mbt_metric_type', 'csize_binary_search', '--mbt_cutoff_ratio', '2.2', '--mbt_instance_fname', '271', '--mbt_detailed_cache_misses_out_fname', 'csize_olcs4_traceback_0011n_ceil_n_b_7.csv', '--mbt_phi_N', '5.0', '--mbt_problem_size', '271', '--lcs_compute_length', '0', '--lcs_perform_traceback', '1', '--lig_instance_type', '0011n_ceil_n_b', '--lig_n', '271', '--lig_c', '0.9', '--lig_b', '7.0', '--lcs_oblivious', '4', '--lcs_execution_trace_fname', 'olcs4_traceback_csize_input_types/OLCS4_lru_2021_04_02__16_12_31_k_3__d_2_cache_size_160000_problems_10_to_400/OLCS4_lru_2021_04_02__16_12_31_k_3__d_2_cache_size_160000_problems_10_to_400/OLCS4__do_traceback_prob_size_271_cache_size_160000_lru_k_3_d_2_execution_trace_2021_4_2_16_14_57_pid_21756.log', '--memo_caching_strategy', 'lru', '--memo_cache_size', '160001', '--memo_lru_queue_size', '160000', '--memo_cuckoo_k', '4', '--memo_key_length', '8', '--memo_value_length', '8', '--memo_k_timestamps', '3', '--memo_d_recent_timestamps', '2', '--memo_a_items_per_timestamp_factor', '0.4375']

csize_binary_search chosen
lcs problem_type lcs cache_size 160001
initialize_long_int_cache begin
init_memo
arguments to memo:
 --mbt_execution_trace_fname olcs4_traceback_csize_input_types/OLCS4_lru_2021_04_02__16_12_31_k_3__d_2_cache_size_160000_problems_10_to_400/OLCS4_lru_2021_04_02__16_12_31_k_3__d_2_cache_size_160000_problems_10_to_400/OLCS4__do_traceback_prob_size_271_cache_size_160000_lru_k_3_d_2_execution_trace_2021_4_2_16_14_57_pid_21756.log --mbt_cache_misses_fname olcs4_traceback_csize_input_types/OLCS4_lru_2021_04_02__16_12_31_k_3__d_2_cache_size_160000_problems_10_to_400/lcs_cost_OLCS4_lru_misses_for_cache_size.csv --mbt_misses_for_problem_size_fname olcs4_traceback_csize_input_types/OLCS4_lru_2021_04_02__16_12_31_k_3__d_2_cache_size_160000_problems_10_to_400/lcs_cost_OLCS4_lru_misses_for_problem_size.csv --mbt_exact_cutoff_min_cache_size 160000 --mbt_exact_cutoff_max_cache_size 160000 --mbt_problem_type lcs --mbt_metric_type csize_binary_search --mbt_cutoff_ratio 2.2 --mbt_instance_fname 271 --mbt_detailed_cache_misses_out_fname csize_olcs4_traceback_0011n_ceil_n_b_7.csv --mbt_phi_N 5.0 --mbt_problem_size 271 --lcs_compute_length 0 --lcs_perform_traceback 1 --lig_instance_type 0011n_ceil_n_b --lig_n 271 --lig_c 0.9 --lig_b 7.0 --lcs_oblivious 4 --lcs_execution_trace_fname olcs4_traceback_csize_input_types/OLCS4_lru_2021_04_02__16_12_31_k_3__d_2_cache_size_160000_problems_10_to_400/OLCS4_lru_2021_04_02__16_12_31_k_3__d_2_cache_size_160000_problems_10_to_400/OLCS4__do_traceback_prob_size_271_cache_size_160000_lru_k_3_d_2_execution_trace_2021_4_2_16_14_57_pid_21756.log --memo_caching_strategy lru --memo_cache_size 160001 --memo_lru_queue_size 160000 --memo_cuckoo_k 4 --memo_key_length 8 --memo_value_length 8 --memo_k_timestamps 3 --memo_d_recent_timestamps 2 --memo_a_items_per_timestamp_factor 0.4375 
calculate_table_size: table_size is 262144, original is 160001
Finished initializing cache
initialize_long_int_cache end
done initializing cache
initializing problem
done initializing problem
commence trials
Starting characteristic_cache_size_binary_search with max cache size 160001
binary search, size 160001  misses 73983
binary search, size 80000  misses 73983  min 0  max 160001
binary search, size 40000  misses 73983  min 0  max 80000
preemptive halt, cache_misses = 73984
preemptive halt, cache_misses = 73984
preemptive halt, cache_misses = 73984
preemptive halt, cache_misses = 73984
preemptive halt, cache_misses = 73984
preemptive halt, cache_misses = 73984
preemptive halt, cache_misses = 73984
preemptive halt, cache_misses = 73984
preemptive halt, cache_misses = 73984
preemptive halt, cache_misses = 73984
preemptive halt, cache_misses = 73984
preemptive halt, cache_misses = 73984
preemptive halt, cache_misses = 73984
preemptive halt, cache_misses = 73984
preemptive halt, cache_misses = 73984
preemptive halt, cache_misses = 73984
preemptive halt, cache_misses = 73984
preemptive halt, cache_misses = 73984
preemptive halt, cache_misses = 73984
preemptive halt, cache_misses = 73984
preemptive halt, cache_misses = 73984
preemptive halt, cache_misses = 73984
preemptive halt, cache_misses = 73984
preemptive halt, cache_misses = 73984
preemptive halt, cache_misses = 73984
preemptive halt, cache_misses = 73984
preemptive halt, cache_misses = 73984
preemptive halt, cache_misses = 73984
preemptive halt, cache_misses = 73984
preemptive halt, cache_misses = 73984
preemptive halt, cache_misses = 73984
preemptive halt, cache_misses = 73984
preemptive halt, cache_misses = 73984
preemptive halt, cache_misses = 73984
preemptive halt, cache_misses = 73984
preemptive halt, cache_misses = 73984
preemptive halt, cache_misses = 73984
preemptive halt, cache_misses = 73984
preemptive halt, cache_misses = 73984
preemptive halt, cache_misses = 73984
preemptive halt, cache_misses = 73984
preemptive halt, cache_misses = 73984
preemptive halt, cache_misses = 73984
preemptive halt, cache_misses = 73984
preemptive halt, cache_misses = 73984
preemptive halt, cache_misses = 73984
preemptive halt, cache_misses = 73984
preemptive halt, cache_misses = 73984
preemptive halt, cache_misses = 73984
preemptive halt, cache_misses = 73984
preemptive halt, cache_misses = 73984
preemptive halt, cache_misses = 73984
preemptive halt, cache_misses = 73984
preemptive halt, cache_misses = 73984
preemptive halt, cache_misses = 73984
preemptive halt, cache_misses = 73984
preemptive halt, cache_misses = 73984
preemptive halt, cache_misses = 73984
preemptive halt, cache_misses = 73984
preemptive halt, cache_misses = 73984
preemptive halt, cache_misses = 73984
preemptive halt, cache_misses = 73984
preemptive halt, cache_misses = 73984
preemptive halt, cache_misses = 73984
preemptive halt, cache_misses = 73984
preemptive halt, cache_misses = 73984
preemptive halt, cache_misses = 73984
preemptive halt, cache_misses = 73984
preemptive halt, cache_misses = 73984
preemptive halt, cache_misses = 73984
preemptive halt, cache_misses = 73984
preemptive halt, cache_misses = 73984
preemptive halt, cache_misses = 73984
preemptive halt, cache_misses = 73984
preemptive halt, cache_misses = 73984
preemptive halt, cache_misses = 73984
binary search, size 20000  misses 73984  min 0  max 40000
binary search, size 30000  misses 73983  min 20000  max 40000
binary search, size 25000  misses 73983  min 20000  max 30000
binary search, size 22500  misses 73983  min 20000  max 25000
binary search, size 21250  misses 73983  min 20000  max 22500
preemptive halt, cache_misses = 73984
preemptive halt, cache_misses = 73984
preemptive halt, cache_misses = 73984
preemptive halt, cache_misses = 73984
preemptive halt, cache_misses = 73984
preemptive halt, cache_misses = 73984
preemptive halt, cache_misses = 73984
preemptive halt, cache_misses = 73984
preemptive halt, cache_misses = 73984
preemptive halt, cache_misses = 73984
preemptive halt, cache_misses = 73984
preemptive halt, cache_misses = 73984
preemptive halt, cache_misses = 73984
preemptive halt, cache_misses = 73984
preemptive halt, cache_misses = 73984
preemptive halt, cache_misses = 73984
preemptive halt, cache_misses = 73984
preemptive halt, cache_misses = 73984
preemptive halt, cache_misses = 73984
preemptive halt, cache_misses = 73984
preemptive halt, cache_misses = 73984
preemptive halt, cache_misses = 73984
preemptive halt, cache_misses = 73984
preemptive halt, cache_misses = 73984
preemptive halt, cache_misses = 73984
preemptive halt, cache_misses = 73984
preemptive halt, cache_misses = 73984
preemptive halt, cache_misses = 73984
preemptive halt, cache_misses = 73984
preemptive halt, cache_misses = 73984
preemptive halt, cache_misses = 73984
preemptive halt, cache_misses = 73984
preemptive halt, cache_misses = 73984
preemptive halt, cache_misses = 73984
preemptive halt, cache_misses = 73984
preemptive halt, cache_misses = 73984
preemptive halt, cache_misses = 73984
preemptive halt, cache_misses = 73984
preemptive halt, cache_misses = 73984
preemptive halt, cache_misses = 73984
preemptive halt, cache_misses = 73984
preemptive halt, cache_misses = 73984
preemptive halt, cache_misses = 73984
preemptive halt, cache_misses = 73984
preemptive halt, cache_misses = 73984
preemptive halt, cache_misses = 73984
preemptive halt, cache_misses = 73984
preemptive halt, cache_misses = 73984
preemptive halt, cache_misses = 73984
preemptive halt, cache_misses = 73984
preemptive halt, cache_misses = 73984
preemptive halt, cache_misses = 73984
preemptive halt, cache_misses = 73984
preemptive halt, cache_misses = 73984
preemptive halt, cache_misses = 73984
preemptive halt, cache_misses = 73984
preemptive halt, cache_misses = 73984
preemptive halt, cache_misses = 73984
preemptive halt, cache_misses = 73984
preemptive halt, cache_misses = 73984
preemptive halt, cache_misses = 73984
preemptive halt, cache_misses = 73984
preemptive halt, cache_misses = 73984
preemptive halt, cache_misses = 73984
preemptive halt, cache_misses = 73984
preemptive halt, cache_misses = 73984
preemptive halt, cache_misses = 73984
preemptive halt, cache_misses = 73984
preemptive halt, cache_misses = 73984
preemptive halt, cache_misses = 73984
preemptive halt, cache_misses = 73984
preemptive halt, cache_misses = 73984
preemptive halt, cache_misses = 73984
preemptive halt, cache_misses = 73984
preemptive halt, cache_misses = 73984
preemptive halt, cache_misses = 73984
binary search, size 20625  misses 73984  min 20000  max 21250
preemptive halt, cache_misses = 73985
preemptive halt, cache_misses = 73985
preemptive halt, cache_misses = 73985
preemptive halt, cache_misses = 73985
preemptive halt, cache_misses = 73985
preemptive halt, cache_misses = 73985
preemptive halt, cache_misses = 73985
preemptive halt, cache_misses = 73985
preemptive halt, cache_misses = 73985
preemptive halt, cache_misses = 73985
preemptive halt, cache_misses = 73985
preemptive halt, cache_misses = 73985
preemptive halt, cache_misses = 73985
preemptive halt, cache_misses = 73985
preemptive halt, cache_misses = 73985
preemptive halt, cache_misses = 73985
preemptive halt, cache_misses = 73985
preemptive halt, cache_misses = 73985
preemptive halt, cache_misses = 73985
preemptive halt, cache_misses = 73985
preemptive halt, cache_misses = 73985
preemptive halt, cache_misses = 73985
preemptive halt, cache_misses = 73985
preemptive halt, cache_misses = 73985
preemptive halt, cache_misses = 73985
preemptive halt, cache_misses = 73985
preemptive halt, cache_misses = 73985
preemptive halt, cache_misses = 73985
preemptive halt, cache_misses = 73985
preemptive halt, cache_misses = 73985
preemptive halt, cache_misses = 73985
preemptive halt, cache_misses = 73985
preemptive halt, cache_misses = 73985
preemptive halt, cache_misses = 73985
preemptive halt, cache_misses = 73985
preemptive halt, cache_misses = 73985
preemptive halt, cache_misses = 73985
preemptive halt, cache_misses = 73985
preemptive halt, cache_misses = 73985
preemptive halt, cache_misses = 73985
preemptive halt, cache_misses = 73985
preemptive halt, cache_misses = 73985
preemptive halt, cache_misses = 73985
preemptive halt, cache_misses = 73985
preemptive halt, cache_misses = 73985
preemptive halt, cache_misses = 73985
preemptive halt, cache_misses = 73985
preemptive halt, cache_misses = 73985
preemptive halt, cache_misses = 73985
preemptive halt, cache_misses = 73985
preemptive halt, cache_misses = 73985
preemptive halt, cache_misses = 73985
preemptive halt, cache_misses = 73985
preemptive halt, cache_misses = 73985
preemptive halt, cache_misses = 73985
preemptive halt, cache_misses = 73985
preemptive halt, cache_misses = 73985
preemptive halt, cache_misses = 73985
preemptive halt, cache_misses = 73985
preemptive halt, cache_misses = 73985
preemptive halt, cache_misses = 73985
preemptive halt, cache_misses = 73985
preemptive halt, cache_misses = 73985
preemptive halt, cache_misses = 73985
preemptive halt, cache_misses = 73985
preemptive halt, cache_misses = 73985
preemptive halt, cache_misses = 73985
preemptive halt, cache_misses = 73985
preemptive halt, cache_misses = 73985
preemptive halt, cache_misses = 73985
preemptive halt, cache_misses = 73985
preemptive halt, cache_misses = 73985
preemptive halt, cache_misses = 73985
preemptive halt, cache_misses = 73985
preemptive halt, cache_misses = 73985
preemptive halt, cache_misses = 73985
preemptive halt, cache_misses = 73985
preemptive halt, cache_misses = 73985
binary search, size 20937  misses 73985  min 20625  max 21250
binary search, size 21093  misses 73983  min 20937  max 21250
binary search, size 21015  misses 73983  min 20937  max 21093
preemptive halt, cache_misses = 73984
preemptive halt, cache_misses = 73984
preemptive halt, cache_misses = 73984
preemptive halt, cache_misses = 73984
preemptive halt, cache_misses = 73984
preemptive halt, cache_misses = 73984
preemptive halt, cache_misses = 73984
preemptive halt, cache_misses = 73984
preemptive halt, cache_misses = 73984
preemptive halt, cache_misses = 73984
preemptive halt, cache_misses = 73984
preemptive halt, cache_misses = 73984
preemptive halt, cache_misses = 73984
preemptive halt, cache_misses = 73984
preemptive halt, cache_misses = 73984
preemptive halt, cache_misses = 73984
preemptive halt, cache_misses = 73984
preemptive halt, cache_misses = 73984
preemptive halt, cache_misses = 73984
preemptive halt, cache_misses = 73984
preemptive halt, cache_misses = 73984
preemptive halt, cache_misses = 73984
preemptive halt, cache_misses = 73984
preemptive halt, cache_misses = 73984
preemptive halt, cache_misses = 73984
preemptive halt, cache_misses = 73984
preemptive halt, cache_misses = 73984
preemptive halt, cache_misses = 73984
preemptive halt, cache_misses = 73984
preemptive halt, cache_misses = 73984
preemptive halt, cache_misses = 73984
preemptive halt, cache_misses = 73984
preemptive halt, cache_misses = 73984
preemptive halt, cache_misses = 73984
preemptive halt, cache_misses = 73984
preemptive halt, cache_misses = 73984
preemptive halt, cache_misses = 73984
preemptive halt, cache_misses = 73984
preemptive halt, cache_misses = 73984
preemptive halt, cache_misses = 73984
preemptive halt, cache_misses = 73984
preemptive halt, cache_misses = 73984
preemptive halt, cache_misses = 73984
preemptive halt, cache_misses = 73984
preemptive halt, cache_misses = 73984
preemptive halt, cache_misses = 73984
preemptive halt, cache_misses = 73984
preemptive halt, cache_misses = 73984
preemptive halt, cache_misses = 73984
preemptive halt, cache_misses = 73984
preemptive halt, cache_misses = 73984
preemptive halt, cache_misses = 73984
preemptive halt, cache_misses = 73984
preemptive halt, cache_misses = 73984
preemptive halt, cache_misses = 73984
preemptive halt, cache_misses = 73984
preemptive halt, cache_misses = 73984
preemptive halt, cache_misses = 73984
preemptive halt, cache_misses = 73984
preemptive halt, cache_misses = 73984
preemptive halt, cache_misses = 73984
preemptive halt, cache_misses = 73984
preemptive halt, cache_misses = 73984
preemptive halt, cache_misses = 73984
preemptive halt, cache_misses = 73984
preemptive halt, cache_misses = 73984
preemptive halt, cache_misses = 73984
preemptive halt, cache_misses = 73984
preemptive halt, cache_misses = 73984
preemptive halt, cache_misses = 73984
preemptive halt, cache_misses = 73984
preemptive halt, cache_misses = 73984
preemptive halt, cache_misses = 73984
preemptive halt, cache_misses = 73984
preemptive halt, cache_misses = 73984
preemptive halt, cache_misses = 73984
binary search, size 20976  misses 73984  min 20937  max 21015
binary search, size 20995  misses 73983  min 20976  max 21015
binary search, size 20985  misses 73983  min 20976  max 20995
preemptive halt, cache_misses = 73984
preemptive halt, cache_misses = 73984
preemptive halt, cache_misses = 73984
preemptive halt, cache_misses = 73984
preemptive halt, cache_misses = 73984
preemptive halt, cache_misses = 73984
preemptive halt, cache_misses = 73984
preemptive halt, cache_misses = 73984
preemptive halt, cache_misses = 73984
preemptive halt, cache_misses = 73984
preemptive halt, cache_misses = 73984
preemptive halt, cache_misses = 73984
preemptive halt, cache_misses = 73984
preemptive halt, cache_misses = 73984
preemptive halt, cache_misses = 73984
preemptive halt, cache_misses = 73984
preemptive halt, cache_misses = 73984
preemptive halt, cache_misses = 73984
preemptive halt, cache_misses = 73984
preemptive halt, cache_misses = 73984
preemptive halt, cache_misses = 73984
preemptive halt, cache_misses = 73984
preemptive halt, cache_misses = 73984
preemptive halt, cache_misses = 73984
preemptive halt, cache_misses = 73984
preemptive halt, cache_misses = 73984
preemptive halt, cache_misses = 73984
preemptive halt, cache_misses = 73984
preemptive halt, cache_misses = 73984
preemptive halt, cache_misses = 73984
preemptive halt, cache_misses = 73984
preemptive halt, cache_misses = 73984
preemptive halt, cache_misses = 73984
preemptive halt, cache_misses = 73984
preemptive halt, cache_misses = 73984
preemptive halt, cache_misses = 73984
preemptive halt, cache_misses = 73984
preemptive halt, cache_misses = 73984
preemptive halt, cache_misses = 73984
preemptive halt, cache_misses = 73984
preemptive halt, cache_misses = 73984
preemptive halt, cache_misses = 73984
preemptive halt, cache_misses = 73984
preemptive halt, cache_misses = 73984
preemptive halt, cache_misses = 73984
preemptive halt, cache_misses = 73984
preemptive halt, cache_misses = 73984
preemptive halt, cache_misses = 73984
preemptive halt, cache_misses = 73984
preemptive halt, cache_misses = 73984
preemptive halt, cache_misses = 73984
preemptive halt, cache_misses = 73984
preemptive halt, cache_misses = 73984
preemptive halt, cache_misses = 73984
preemptive halt, cache_misses = 73984
preemptive halt, cache_misses = 73984
preemptive halt, cache_misses = 73984
preemptive halt, cache_misses = 73984
preemptive halt, cache_misses = 73984
preemptive halt, cache_misses = 73984
preemptive halt, cache_misses = 73984
preemptive halt, cache_misses = 73984
preemptive halt, cache_misses = 73984
preemptive halt, cache_misses = 73984
preemptive halt, cache_misses = 73984
preemptive halt, cache_misses = 73984
preemptive halt, cache_misses = 73984
preemptive halt, cache_misses = 73984
preemptive halt, cache_misses = 73984
preemptive halt, cache_misses = 73984
preemptive halt, cache_misses = 73984
preemptive halt, cache_misses = 73984
preemptive halt, cache_misses = 73984
preemptive halt, cache_misses = 73984
preemptive halt, cache_misses = 73984
preemptive halt, cache_misses = 73984
binary search, size 20980  misses 73984  min 20976  max 20985
binary search, size 20982  misses 73983  min 20980  max 20985
binary search, size 20981  misses 73983  min 20980  max 20982
characteristic cache size (binary search) for 271 = 20981
End at: 2021-04-02 16:14:58.447223
Time elapsed: 0:00:01.382167
