Begin at: 2021-04-02 16:18:35.847759
['../dist/Debug/GNU-Linux/memo_batch_tester', '', '--mbt_execution_trace_fname', 'olcs4_traceback_csize_input_types/OLCS4_lru_2021_04_02__16_12_31_k_3__d_2_cache_size_160000_problems_10_to_400/OLCS4_lru_2021_04_02__16_12_31_k_3__d_2_cache_size_160000_problems_10_to_400/OLCS4__do_traceback_prob_size_376_cache_size_160000_lru_k_3_d_2_execution_trace_2021_4_2_16_18_35_pid_22015.log', '--mbt_cache_misses_fname', 'olcs4_traceback_csize_input_types/OLCS4_lru_2021_04_02__16_12_31_k_3__d_2_cache_size_160000_problems_10_to_400/lcs_cost_OLCS4_lru_misses_for_cache_size.csv', '--mbt_misses_for_problem_size_fname', 'olcs4_traceback_csize_input_types/OLCS4_lru_2021_04_02__16_12_31_k_3__d_2_cache_size_160000_problems_10_to_400/lcs_cost_OLCS4_lru_misses_for_problem_size.csv', '--mbt_exact_cutoff_min_cache_size', '160000', '--mbt_exact_cutoff_max_cache_size', '160000', '--mbt_problem_type', 'lcs', '--mbt_metric_type', 'csize_binary_search', '--mbt_cutoff_ratio', '2.2', '--mbt_instance_fname', '376', '--mbt_detailed_cache_misses_out_fname', 'csize_olcs4_traceback_0011n_ceil_n_b_7.csv', '--mbt_phi_N', '5.0', '--mbt_problem_size', '376', '--lcs_compute_length', '0', '--lcs_perform_traceback', '1', '--lig_instance_type', '0011n_ceil_n_b', '--lig_n', '376', '--lig_c', '0.9', '--lig_b', '7.0', '--lcs_oblivious', '4', '--lcs_execution_trace_fname', 'olcs4_traceback_csize_input_types/OLCS4_lru_2021_04_02__16_12_31_k_3__d_2_cache_size_160000_problems_10_to_400/OLCS4_lru_2021_04_02__16_12_31_k_3__d_2_cache_size_160000_problems_10_to_400/OLCS4__do_traceback_prob_size_376_cache_size_160000_lru_k_3_d_2_execution_trace_2021_4_2_16_18_35_pid_22015.log', '--memo_caching_strategy', 'lru', '--memo_cache_size', '160001', '--memo_lru_queue_size', '160000', '--memo_cuckoo_k', '4', '--memo_key_length', '8', '--memo_value_length', '8', '--memo_k_timestamps', '3', '--memo_d_recent_timestamps', '2', '--memo_a_items_per_timestamp_factor', '0.4375']

csize_binary_search chosen
lcs problem_type lcs cache_size 160001
initialize_long_int_cache begin
init_memo
arguments to memo:
 --mbt_execution_trace_fname olcs4_traceback_csize_input_types/OLCS4_lru_2021_04_02__16_12_31_k_3__d_2_cache_size_160000_problems_10_to_400/OLCS4_lru_2021_04_02__16_12_31_k_3__d_2_cache_size_160000_problems_10_to_400/OLCS4__do_traceback_prob_size_376_cache_size_160000_lru_k_3_d_2_execution_trace_2021_4_2_16_18_35_pid_22015.log --mbt_cache_misses_fname olcs4_traceback_csize_input_types/OLCS4_lru_2021_04_02__16_12_31_k_3__d_2_cache_size_160000_problems_10_to_400/lcs_cost_OLCS4_lru_misses_for_cache_size.csv --mbt_misses_for_problem_size_fname olcs4_traceback_csize_input_types/OLCS4_lru_2021_04_02__16_12_31_k_3__d_2_cache_size_160000_problems_10_to_400/lcs_cost_OLCS4_lru_misses_for_problem_size.csv --mbt_exact_cutoff_min_cache_size 160000 --mbt_exact_cutoff_max_cache_size 160000 --mbt_problem_type lcs --mbt_metric_type csize_binary_search --mbt_cutoff_ratio 2.2 --mbt_instance_fname 376 --mbt_detailed_cache_misses_out_fname csize_olcs4_traceback_0011n_ceil_n_b_7.csv --mbt_phi_N 5.0 --mbt_problem_size 376 --lcs_compute_length 0 --lcs_perform_traceback 1 --lig_instance_type 0011n_ceil_n_b --lig_n 376 --lig_c 0.9 --lig_b 7.0 --lcs_oblivious 4 --lcs_execution_trace_fname olcs4_traceback_csize_input_types/OLCS4_lru_2021_04_02__16_12_31_k_3__d_2_cache_size_160000_problems_10_to_400/OLCS4_lru_2021_04_02__16_12_31_k_3__d_2_cache_size_160000_problems_10_to_400/OLCS4__do_traceback_prob_size_376_cache_size_160000_lru_k_3_d_2_execution_trace_2021_4_2_16_18_35_pid_22015.log --memo_caching_strategy lru --memo_cache_size 160001 --memo_lru_queue_size 160000 --memo_cuckoo_k 4 --memo_key_length 8 --memo_value_length 8 --memo_k_timestamps 3 --memo_d_recent_timestamps 2 --memo_a_items_per_timestamp_factor 0.4375 
calculate_table_size: table_size is 262144, original is 160001
Finished initializing cache
initialize_long_int_cache end
done initializing cache
initializing problem
done initializing problem
commence trials
Starting characteristic_cache_size_binary_search with max cache size 160001
binary search, size 160001  misses 142128
binary search, size 80000  misses 142128  min 0  max 160001
preemptive halt, cache_misses = 142129
preemptive halt, cache_misses = 142129
preemptive halt, cache_misses = 142129
preemptive halt, cache_misses = 142129
preemptive halt, cache_misses = 142129
preemptive halt, cache_misses = 142129
preemptive halt, cache_misses = 142129
preemptive halt, cache_misses = 142129
preemptive halt, cache_misses = 142129
preemptive halt, cache_misses = 142129
preemptive halt, cache_misses = 142129
preemptive halt, cache_misses = 142129
preemptive halt, cache_misses = 142129
preemptive halt, cache_misses = 142129
preemptive halt, cache_misses = 142129
preemptive halt, cache_misses = 142129
preemptive halt, cache_misses = 142129
preemptive halt, cache_misses = 142129
preemptive halt, cache_misses = 142129
preemptive halt, cache_misses = 142129
preemptive halt, cache_misses = 142129
preemptive halt, cache_misses = 142129
preemptive halt, cache_misses = 142129
preemptive halt, cache_misses = 142129
preemptive halt, cache_misses = 142129
preemptive halt, cache_misses = 142129
preemptive halt, cache_misses = 142129
preemptive halt, cache_misses = 142129
preemptive halt, cache_misses = 142129
preemptive halt, cache_misses = 142129
preemptive halt, cache_misses = 142129
preemptive halt, cache_misses = 142129
preemptive halt, cache_misses = 142129
preemptive halt, cache_misses = 142129
preemptive halt, cache_misses = 142129
preemptive halt, cache_misses = 142129
preemptive halt, cache_misses = 142129
preemptive halt, cache_misses = 142129
preemptive halt, cache_misses = 142129
preemptive halt, cache_misses = 142129
preemptive halt, cache_misses = 142129
preemptive halt, cache_misses = 142129
preemptive halt, cache_misses = 142129
preemptive halt, cache_misses = 142129
preemptive halt, cache_misses = 142129
preemptive halt, cache_misses = 142129
preemptive halt, cache_misses = 142129
preemptive halt, cache_misses = 142129
preemptive halt, cache_misses = 142129
preemptive halt, cache_misses = 142129
preemptive halt, cache_misses = 142129
preemptive halt, cache_misses = 142129
preemptive halt, cache_misses = 142129
preemptive halt, cache_misses = 142129
preemptive halt, cache_misses = 142129
preemptive halt, cache_misses = 142129
preemptive halt, cache_misses = 142129
preemptive halt, cache_misses = 142129
preemptive halt, cache_misses = 142129
preemptive halt, cache_misses = 142129
preemptive halt, cache_misses = 142129
preemptive halt, cache_misses = 142129
preemptive halt, cache_misses = 142129
preemptive halt, cache_misses = 142129
preemptive halt, cache_misses = 142129
preemptive halt, cache_misses = 142129
preemptive halt, cache_misses = 142129
preemptive halt, cache_misses = 142129
preemptive halt, cache_misses = 142129
preemptive halt, cache_misses = 142129
preemptive halt, cache_misses = 142129
preemptive halt, cache_misses = 142129
preemptive halt, cache_misses = 142129
preemptive halt, cache_misses = 142129
preemptive halt, cache_misses = 142129
preemptive halt, cache_misses = 142129
preemptive halt, cache_misses = 142129
preemptive halt, cache_misses = 142129
preemptive halt, cache_misses = 142129
preemptive halt, cache_misses = 142129
preemptive halt, cache_misses = 142129
preemptive halt, cache_misses = 142129
preemptive halt, cache_misses = 142129
preemptive halt, cache_misses = 142129
preemptive halt, cache_misses = 142129
preemptive halt, cache_misses = 142129
preemptive halt, cache_misses = 142129
preemptive halt, cache_misses = 142129
preemptive halt, cache_misses = 142129
preemptive halt, cache_misses = 142129
preemptive halt, cache_misses = 142129
preemptive halt, cache_misses = 142129
preemptive halt, cache_misses = 142129
preemptive halt, cache_misses = 142129
preemptive halt, cache_misses = 142129
preemptive halt, cache_misses = 142129
preemptive halt, cache_misses = 142129
preemptive halt, cache_misses = 142129
preemptive halt, cache_misses = 142129
preemptive halt, cache_misses = 142129
preemptive halt, cache_misses = 142129
preemptive halt, cache_misses = 142129
preemptive halt, cache_misses = 142129
preemptive halt, cache_misses = 142129
preemptive halt, cache_misses = 142129
preemptive halt, cache_misses = 142129
binary search, size 40000  misses 142129  min 0  max 80000
binary search, size 60000  misses 142128  min 40000  max 80000
binary search, size 50000  misses 142128  min 40000  max 60000
binary search, size 45000  misses 142128  min 40000  max 50000
binary search, size 42500  misses 142128  min 40000  max 45000
binary search, size 41250  misses 142128  min 40000  max 42500
binary search, size 40625  misses 142128  min 40000  max 41250
preemptive halt, cache_misses = 142129
preemptive halt, cache_misses = 142129
preemptive halt, cache_misses = 142129
preemptive halt, cache_misses = 142129
preemptive halt, cache_misses = 142129
preemptive halt, cache_misses = 142129
preemptive halt, cache_misses = 142129
preemptive halt, cache_misses = 142129
preemptive halt, cache_misses = 142129
preemptive halt, cache_misses = 142129
preemptive halt, cache_misses = 142129
preemptive halt, cache_misses = 142129
preemptive halt, cache_misses = 142129
preemptive halt, cache_misses = 142129
preemptive halt, cache_misses = 142129
preemptive halt, cache_misses = 142129
preemptive halt, cache_misses = 142129
preemptive halt, cache_misses = 142129
preemptive halt, cache_misses = 142129
preemptive halt, cache_misses = 142129
preemptive halt, cache_misses = 142129
preemptive halt, cache_misses = 142129
preemptive halt, cache_misses = 142129
preemptive halt, cache_misses = 142129
preemptive halt, cache_misses = 142129
preemptive halt, cache_misses = 142129
preemptive halt, cache_misses = 142129
preemptive halt, cache_misses = 142129
preemptive halt, cache_misses = 142129
preemptive halt, cache_misses = 142129
preemptive halt, cache_misses = 142129
preemptive halt, cache_misses = 142129
preemptive halt, cache_misses = 142129
preemptive halt, cache_misses = 142129
preemptive halt, cache_misses = 142129
preemptive halt, cache_misses = 142129
preemptive halt, cache_misses = 142129
preemptive halt, cache_misses = 142129
preemptive halt, cache_misses = 142129
preemptive halt, cache_misses = 142129
preemptive halt, cache_misses = 142129
preemptive halt, cache_misses = 142129
preemptive halt, cache_misses = 142129
preemptive halt, cache_misses = 142129
preemptive halt, cache_misses = 142129
preemptive halt, cache_misses = 142129
preemptive halt, cache_misses = 142129
preemptive halt, cache_misses = 142129
preemptive halt, cache_misses = 142129
preemptive halt, cache_misses = 142129
preemptive halt, cache_misses = 142129
preemptive halt, cache_misses = 142129
preemptive halt, cache_misses = 142129
preemptive halt, cache_misses = 142129
preemptive halt, cache_misses = 142129
preemptive halt, cache_misses = 142129
preemptive halt, cache_misses = 142129
preemptive halt, cache_misses = 142129
preemptive halt, cache_misses = 142129
preemptive halt, cache_misses = 142129
preemptive halt, cache_misses = 142129
preemptive halt, cache_misses = 142129
preemptive halt, cache_misses = 142129
preemptive halt, cache_misses = 142129
preemptive halt, cache_misses = 142129
preemptive halt, cache_misses = 142129
preemptive halt, cache_misses = 142129
preemptive halt, cache_misses = 142129
preemptive halt, cache_misses = 142129
preemptive halt, cache_misses = 142129
preemptive halt, cache_misses = 142129
preemptive halt, cache_misses = 142129
preemptive halt, cache_misses = 142129
preemptive halt, cache_misses = 142129
preemptive halt, cache_misses = 142129
preemptive halt, cache_misses = 142129
preemptive halt, cache_misses = 142129
preemptive halt, cache_misses = 142129
preemptive halt, cache_misses = 142129
preemptive halt, cache_misses = 142129
preemptive halt, cache_misses = 142129
preemptive halt, cache_misses = 142129
preemptive halt, cache_misses = 142129
preemptive halt, cache_misses = 142129
preemptive halt, cache_misses = 142129
preemptive halt, cache_misses = 142129
preemptive halt, cache_misses = 142129
preemptive halt, cache_misses = 142129
preemptive halt, cache_misses = 142129
preemptive halt, cache_misses = 142129
preemptive halt, cache_misses = 142129
preemptive halt, cache_misses = 142129
preemptive halt, cache_misses = 142129
preemptive halt, cache_misses = 142129
preemptive halt, cache_misses = 142129
preemptive halt, cache_misses = 142129
preemptive halt, cache_misses = 142129
preemptive halt, cache_misses = 142129
preemptive halt, cache_misses = 142129
preemptive halt, cache_misses = 142129
preemptive halt, cache_misses = 142129
preemptive halt, cache_misses = 142129
preemptive halt, cache_misses = 142129
preemptive halt, cache_misses = 142129
preemptive halt, cache_misses = 142129
preemptive halt, cache_misses = 142129
binary search, size 40312  misses 142129  min 40000  max 40625
binary search, size 40468  misses 142128  min 40312  max 40625
preemptive halt, cache_misses = 142129
preemptive halt, cache_misses = 142129
preemptive halt, cache_misses = 142129
preemptive halt, cache_misses = 142129
preemptive halt, cache_misses = 142129
preemptive halt, cache_misses = 142129
preemptive halt, cache_misses = 142129
preemptive halt, cache_misses = 142129
preemptive halt, cache_misses = 142129
preemptive halt, cache_misses = 142129
preemptive halt, cache_misses = 142129
preemptive halt, cache_misses = 142129
preemptive halt, cache_misses = 142129
preemptive halt, cache_misses = 142129
preemptive halt, cache_misses = 142129
preemptive halt, cache_misses = 142129
preemptive halt, cache_misses = 142129
preemptive halt, cache_misses = 142129
preemptive halt, cache_misses = 142129
preemptive halt, cache_misses = 142129
preemptive halt, cache_misses = 142129
preemptive halt, cache_misses = 142129
preemptive halt, cache_misses = 142129
preemptive halt, cache_misses = 142129
preemptive halt, cache_misses = 142129
preemptive halt, cache_misses = 142129
preemptive halt, cache_misses = 142129
preemptive halt, cache_misses = 142129
preemptive halt, cache_misses = 142129
preemptive halt, cache_misses = 142129
preemptive halt, cache_misses = 142129
preemptive halt, cache_misses = 142129
preemptive halt, cache_misses = 142129
preemptive halt, cache_misses = 142129
preemptive halt, cache_misses = 142129
preemptive halt, cache_misses = 142129
preemptive halt, cache_misses = 142129
preemptive halt, cache_misses = 142129
preemptive halt, cache_misses = 142129
preemptive halt, cache_misses = 142129
preemptive halt, cache_misses = 142129
preemptive halt, cache_misses = 142129
preemptive halt, cache_misses = 142129
preemptive halt, cache_misses = 142129
preemptive halt, cache_misses = 142129
preemptive halt, cache_misses = 142129
preemptive halt, cache_misses = 142129
preemptive halt, cache_misses = 142129
preemptive halt, cache_misses = 142129
preemptive halt, cache_misses = 142129
preemptive halt, cache_misses = 142129
preemptive halt, cache_misses = 142129
preemptive halt, cache_misses = 142129
preemptive halt, cache_misses = 142129
preemptive halt, cache_misses = 142129
preemptive halt, cache_misses = 142129
preemptive halt, cache_misses = 142129
preemptive halt, cache_misses = 142129
preemptive halt, cache_misses = 142129
preemptive halt, cache_misses = 142129
preemptive halt, cache_misses = 142129
preemptive halt, cache_misses = 142129
preemptive halt, cache_misses = 142129
preemptive halt, cache_misses = 142129
preemptive halt, cache_misses = 142129
preemptive halt, cache_misses = 142129
preemptive halt, cache_misses = 142129
preemptive halt, cache_misses = 142129
preemptive halt, cache_misses = 142129
preemptive halt, cache_misses = 142129
preemptive halt, cache_misses = 142129
preemptive halt, cache_misses = 142129
preemptive halt, cache_misses = 142129
preemptive halt, cache_misses = 142129
preemptive halt, cache_misses = 142129
preemptive halt, cache_misses = 142129
preemptive halt, cache_misses = 142129
preemptive halt, cache_misses = 142129
preemptive halt, cache_misses = 142129
preemptive halt, cache_misses = 142129
preemptive halt, cache_misses = 142129
preemptive halt, cache_misses = 142129
preemptive halt, cache_misses = 142129
preemptive halt, cache_misses = 142129
preemptive halt, cache_misses = 142129
preemptive halt, cache_misses = 142129
preemptive halt, cache_misses = 142129
preemptive halt, cache_misses = 142129
preemptive halt, cache_misses = 142129
preemptive halt, cache_misses = 142129
preemptive halt, cache_misses = 142129
preemptive halt, cache_misses = 142129
preemptive halt, cache_misses = 142129
preemptive halt, cache_misses = 142129
preemptive halt, cache_misses = 142129
preemptive halt, cache_misses = 142129
preemptive halt, cache_misses = 142129
preemptive halt, cache_misses = 142129
preemptive halt, cache_misses = 142129
preemptive halt, cache_misses = 142129
preemptive halt, cache_misses = 142129
preemptive halt, cache_misses = 142129
preemptive halt, cache_misses = 142129
preemptive halt, cache_misses = 142129
preemptive halt, cache_misses = 142129
preemptive halt, cache_misses = 142129
binary search, size 40390  misses 142129  min 40312  max 40468
binary search, size 40429  misses 142128  min 40390  max 40468
binary search, size 40409  misses 142128  min 40390  max 40429
binary search, size 40399  misses 142128  min 40390  max 40409
binary search, size 40394  misses 142128  min 40390  max 40399
binary search, size 40392  misses 142128  min 40390  max 40394
binary search, size 40391  misses 142128  min 40390  max 40392
characteristic cache size (binary search) for 376 = 40391
End at: 2021-04-02 16:18:38.343800
Time elapsed: 0:00:02.496058
