Begin at: 2021-04-02 16:15:19.163234
['../dist/Debug/GNU-Linux/memo_batch_tester', '', '--mbt_execution_trace_fname', 'olcs4_traceback_csize_input_types/OLCS4_lru_2021_04_02__16_12_31_k_3__d_2_cache_size_160000_problems_10_to_400/OLCS4_lru_2021_04_02__16_12_31_k_3__d_2_cache_size_160000_problems_10_to_400/OLCS4__do_traceback_prob_size_286_cache_size_160000_lru_k_3_d_2_execution_trace_2021_4_2_16_15_19_pid_21788.log', '--mbt_cache_misses_fname', 'olcs4_traceback_csize_input_types/OLCS4_lru_2021_04_02__16_12_31_k_3__d_2_cache_size_160000_problems_10_to_400/lcs_cost_OLCS4_lru_misses_for_cache_size.csv', '--mbt_misses_for_problem_size_fname', 'olcs4_traceback_csize_input_types/OLCS4_lru_2021_04_02__16_12_31_k_3__d_2_cache_size_160000_problems_10_to_400/lcs_cost_OLCS4_lru_misses_for_problem_size.csv', '--mbt_exact_cutoff_min_cache_size', '160000', '--mbt_exact_cutoff_max_cache_size', '160000', '--mbt_problem_type', 'lcs', '--mbt_metric_type', 'csize_binary_search', '--mbt_cutoff_ratio', '2.2', '--mbt_instance_fname', '286', '--mbt_detailed_cache_misses_out_fname', 'csize_olcs4_traceback_0011n_ceil_n_b_7.csv', '--mbt_phi_N', '5.0', '--mbt_problem_size', '286', '--lcs_compute_length', '0', '--lcs_perform_traceback', '1', '--lig_instance_type', '0011n_ceil_n_b', '--lig_n', '286', '--lig_c', '0.9', '--lig_b', '7.0', '--lcs_oblivious', '4', '--lcs_execution_trace_fname', 'olcs4_traceback_csize_input_types/OLCS4_lru_2021_04_02__16_12_31_k_3__d_2_cache_size_160000_problems_10_to_400/OLCS4_lru_2021_04_02__16_12_31_k_3__d_2_cache_size_160000_problems_10_to_400/OLCS4__do_traceback_prob_size_286_cache_size_160000_lru_k_3_d_2_execution_trace_2021_4_2_16_15_19_pid_21788.log', '--memo_caching_strategy', 'lru', '--memo_cache_size', '160001', '--memo_lru_queue_size', '160000', '--memo_cuckoo_k', '4', '--memo_key_length', '8', '--memo_value_length', '8', '--memo_k_timestamps', '3', '--memo_d_recent_timestamps', '2', '--memo_a_items_per_timestamp_factor', '0.4375']

csize_binary_search chosen
lcs problem_type lcs cache_size 160001
initialize_long_int_cache begin
init_memo
arguments to memo:
 --mbt_execution_trace_fname olcs4_traceback_csize_input_types/OLCS4_lru_2021_04_02__16_12_31_k_3__d_2_cache_size_160000_problems_10_to_400/OLCS4_lru_2021_04_02__16_12_31_k_3__d_2_cache_size_160000_problems_10_to_400/OLCS4__do_traceback_prob_size_286_cache_size_160000_lru_k_3_d_2_execution_trace_2021_4_2_16_15_19_pid_21788.log --mbt_cache_misses_fname olcs4_traceback_csize_input_types/OLCS4_lru_2021_04_02__16_12_31_k_3__d_2_cache_size_160000_problems_10_to_400/lcs_cost_OLCS4_lru_misses_for_cache_size.csv --mbt_misses_for_problem_size_fname olcs4_traceback_csize_input_types/OLCS4_lru_2021_04_02__16_12_31_k_3__d_2_cache_size_160000_problems_10_to_400/lcs_cost_OLCS4_lru_misses_for_problem_size.csv --mbt_exact_cutoff_min_cache_size 160000 --mbt_exact_cutoff_max_cache_size 160000 --mbt_problem_type lcs --mbt_metric_type csize_binary_search --mbt_cutoff_ratio 2.2 --mbt_instance_fname 286 --mbt_detailed_cache_misses_out_fname csize_olcs4_traceback_0011n_ceil_n_b_7.csv --mbt_phi_N 5.0 --mbt_problem_size 286 --lcs_compute_length 0 --lcs_perform_traceback 1 --lig_instance_type 0011n_ceil_n_b --lig_n 286 --lig_c 0.9 --lig_b 7.0 --lcs_oblivious 4 --lcs_execution_trace_fname olcs4_traceback_csize_input_types/OLCS4_lru_2021_04_02__16_12_31_k_3__d_2_cache_size_160000_problems_10_to_400/OLCS4_lru_2021_04_02__16_12_31_k_3__d_2_cache_size_160000_problems_10_to_400/OLCS4__do_traceback_prob_size_286_cache_size_160000_lru_k_3_d_2_execution_trace_2021_4_2_16_15_19_pid_21788.log --memo_caching_strategy lru --memo_cache_size 160001 --memo_lru_queue_size 160000 --memo_cuckoo_k 4 --memo_key_length 8 --memo_value_length 8 --memo_k_timestamps 3 --memo_d_recent_timestamps 2 --memo_a_items_per_timestamp_factor 0.4375 
calculate_table_size: table_size is 262144, original is 160001
Finished initializing cache
initialize_long_int_cache end
done initializing cache
initializing problem
done initializing problem
commence trials
Starting characteristic_cache_size_binary_search with max cache size 160001
binary search, size 160001  misses 82368
binary search, size 80000  misses 82368  min 0  max 160001
binary search, size 40000  misses 82368  min 0  max 80000
preemptive halt, cache_misses = 82369
preemptive halt, cache_misses = 82369
preemptive halt, cache_misses = 82369
preemptive halt, cache_misses = 82369
preemptive halt, cache_misses = 82369
preemptive halt, cache_misses = 82369
preemptive halt, cache_misses = 82369
preemptive halt, cache_misses = 82369
preemptive halt, cache_misses = 82369
preemptive halt, cache_misses = 82369
preemptive halt, cache_misses = 82369
preemptive halt, cache_misses = 82369
preemptive halt, cache_misses = 82369
preemptive halt, cache_misses = 82369
preemptive halt, cache_misses = 82369
preemptive halt, cache_misses = 82369
preemptive halt, cache_misses = 82369
preemptive halt, cache_misses = 82369
preemptive halt, cache_misses = 82369
preemptive halt, cache_misses = 82369
preemptive halt, cache_misses = 82369
preemptive halt, cache_misses = 82369
preemptive halt, cache_misses = 82369
preemptive halt, cache_misses = 82369
preemptive halt, cache_misses = 82369
preemptive halt, cache_misses = 82369
preemptive halt, cache_misses = 82369
preemptive halt, cache_misses = 82369
preemptive halt, cache_misses = 82369
preemptive halt, cache_misses = 82369
preemptive halt, cache_misses = 82369
preemptive halt, cache_misses = 82369
preemptive halt, cache_misses = 82369
preemptive halt, cache_misses = 82369
preemptive halt, cache_misses = 82369
preemptive halt, cache_misses = 82369
preemptive halt, cache_misses = 82369
preemptive halt, cache_misses = 82369
preemptive halt, cache_misses = 82369
preemptive halt, cache_misses = 82369
preemptive halt, cache_misses = 82369
preemptive halt, cache_misses = 82369
preemptive halt, cache_misses = 82369
preemptive halt, cache_misses = 82369
preemptive halt, cache_misses = 82369
preemptive halt, cache_misses = 82369
preemptive halt, cache_misses = 82369
preemptive halt, cache_misses = 82369
preemptive halt, cache_misses = 82369
preemptive halt, cache_misses = 82369
preemptive halt, cache_misses = 82369
preemptive halt, cache_misses = 82369
preemptive halt, cache_misses = 82369
preemptive halt, cache_misses = 82369
preemptive halt, cache_misses = 82369
preemptive halt, cache_misses = 82369
preemptive halt, cache_misses = 82369
preemptive halt, cache_misses = 82369
preemptive halt, cache_misses = 82369
preemptive halt, cache_misses = 82369
preemptive halt, cache_misses = 82369
preemptive halt, cache_misses = 82369
preemptive halt, cache_misses = 82369
preemptive halt, cache_misses = 82369
preemptive halt, cache_misses = 82369
preemptive halt, cache_misses = 82369
preemptive halt, cache_misses = 82369
preemptive halt, cache_misses = 82369
preemptive halt, cache_misses = 82369
preemptive halt, cache_misses = 82369
preemptive halt, cache_misses = 82369
preemptive halt, cache_misses = 82369
preemptive halt, cache_misses = 82369
preemptive halt, cache_misses = 82369
preemptive halt, cache_misses = 82369
preemptive halt, cache_misses = 82369
preemptive halt, cache_misses = 82369
preemptive halt, cache_misses = 82369
preemptive halt, cache_misses = 82369
preemptive halt, cache_misses = 82369
preemptive halt, cache_misses = 82369
preemptive halt, cache_misses = 82369
binary search, size 20000  misses 82369  min 0  max 40000
binary search, size 30000  misses 82368  min 20000  max 40000
binary search, size 25000  misses 82368  min 20000  max 30000
preemptive halt, cache_misses = 82369
preemptive halt, cache_misses = 82369
preemptive halt, cache_misses = 82369
preemptive halt, cache_misses = 82369
preemptive halt, cache_misses = 82369
preemptive halt, cache_misses = 82369
preemptive halt, cache_misses = 82369
preemptive halt, cache_misses = 82369
preemptive halt, cache_misses = 82369
preemptive halt, cache_misses = 82369
preemptive halt, cache_misses = 82369
preemptive halt, cache_misses = 82369
preemptive halt, cache_misses = 82369
preemptive halt, cache_misses = 82369
preemptive halt, cache_misses = 82369
preemptive halt, cache_misses = 82369
preemptive halt, cache_misses = 82369
preemptive halt, cache_misses = 82369
preemptive halt, cache_misses = 82369
preemptive halt, cache_misses = 82369
preemptive halt, cache_misses = 82369
preemptive halt, cache_misses = 82369
preemptive halt, cache_misses = 82369
preemptive halt, cache_misses = 82369
preemptive halt, cache_misses = 82369
preemptive halt, cache_misses = 82369
preemptive halt, cache_misses = 82369
preemptive halt, cache_misses = 82369
preemptive halt, cache_misses = 82369
preemptive halt, cache_misses = 82369
preemptive halt, cache_misses = 82369
preemptive halt, cache_misses = 82369
preemptive halt, cache_misses = 82369
preemptive halt, cache_misses = 82369
preemptive halt, cache_misses = 82369
preemptive halt, cache_misses = 82369
preemptive halt, cache_misses = 82369
preemptive halt, cache_misses = 82369
preemptive halt, cache_misses = 82369
preemptive halt, cache_misses = 82369
preemptive halt, cache_misses = 82369
preemptive halt, cache_misses = 82369
preemptive halt, cache_misses = 82369
preemptive halt, cache_misses = 82369
preemptive halt, cache_misses = 82369
preemptive halt, cache_misses = 82369
preemptive halt, cache_misses = 82369
preemptive halt, cache_misses = 82369
preemptive halt, cache_misses = 82369
preemptive halt, cache_misses = 82369
preemptive halt, cache_misses = 82369
preemptive halt, cache_misses = 82369
preemptive halt, cache_misses = 82369
preemptive halt, cache_misses = 82369
preemptive halt, cache_misses = 82369
preemptive halt, cache_misses = 82369
preemptive halt, cache_misses = 82369
preemptive halt, cache_misses = 82369
preemptive halt, cache_misses = 82369
preemptive halt, cache_misses = 82369
preemptive halt, cache_misses = 82369
preemptive halt, cache_misses = 82369
preemptive halt, cache_misses = 82369
preemptive halt, cache_misses = 82369
preemptive halt, cache_misses = 82369
preemptive halt, cache_misses = 82369
preemptive halt, cache_misses = 82369
preemptive halt, cache_misses = 82369
preemptive halt, cache_misses = 82369
preemptive halt, cache_misses = 82369
preemptive halt, cache_misses = 82369
preemptive halt, cache_misses = 82369
preemptive halt, cache_misses = 82369
preemptive halt, cache_misses = 82369
preemptive halt, cache_misses = 82369
preemptive halt, cache_misses = 82369
preemptive halt, cache_misses = 82369
preemptive halt, cache_misses = 82369
preemptive halt, cache_misses = 82369
preemptive halt, cache_misses = 82369
preemptive halt, cache_misses = 82369
preemptive halt, cache_misses = 82369
binary search, size 22500  misses 82369  min 20000  max 25000
binary search, size 23750  misses 82368  min 22500  max 25000
preemptive halt, cache_misses = 82369
preemptive halt, cache_misses = 82369
preemptive halt, cache_misses = 82369
preemptive halt, cache_misses = 82369
preemptive halt, cache_misses = 82369
preemptive halt, cache_misses = 82369
preemptive halt, cache_misses = 82369
preemptive halt, cache_misses = 82369
preemptive halt, cache_misses = 82369
preemptive halt, cache_misses = 82369
preemptive halt, cache_misses = 82369
preemptive halt, cache_misses = 82369
preemptive halt, cache_misses = 82369
preemptive halt, cache_misses = 82369
preemptive halt, cache_misses = 82369
preemptive halt, cache_misses = 82369
preemptive halt, cache_misses = 82369
preemptive halt, cache_misses = 82369
preemptive halt, cache_misses = 82369
preemptive halt, cache_misses = 82369
preemptive halt, cache_misses = 82369
preemptive halt, cache_misses = 82369
preemptive halt, cache_misses = 82369
preemptive halt, cache_misses = 82369
preemptive halt, cache_misses = 82369
preemptive halt, cache_misses = 82369
preemptive halt, cache_misses = 82369
preemptive halt, cache_misses = 82369
preemptive halt, cache_misses = 82369
preemptive halt, cache_misses = 82369
preemptive halt, cache_misses = 82369
preemptive halt, cache_misses = 82369
preemptive halt, cache_misses = 82369
preemptive halt, cache_misses = 82369
preemptive halt, cache_misses = 82369
preemptive halt, cache_misses = 82369
preemptive halt, cache_misses = 82369
preemptive halt, cache_misses = 82369
preemptive halt, cache_misses = 82369
preemptive halt, cache_misses = 82369
preemptive halt, cache_misses = 82369
preemptive halt, cache_misses = 82369
preemptive halt, cache_misses = 82369
preemptive halt, cache_misses = 82369
preemptive halt, cache_misses = 82369
preemptive halt, cache_misses = 82369
preemptive halt, cache_misses = 82369
preemptive halt, cache_misses = 82369
preemptive halt, cache_misses = 82369
preemptive halt, cache_misses = 82369
preemptive halt, cache_misses = 82369
preemptive halt, cache_misses = 82369
preemptive halt, cache_misses = 82369
preemptive halt, cache_misses = 82369
preemptive halt, cache_misses = 82369
preemptive halt, cache_misses = 82369
preemptive halt, cache_misses = 82369
preemptive halt, cache_misses = 82369
preemptive halt, cache_misses = 82369
preemptive halt, cache_misses = 82369
preemptive halt, cache_misses = 82369
preemptive halt, cache_misses = 82369
preemptive halt, cache_misses = 82369
preemptive halt, cache_misses = 82369
preemptive halt, cache_misses = 82369
preemptive halt, cache_misses = 82369
preemptive halt, cache_misses = 82369
preemptive halt, cache_misses = 82369
preemptive halt, cache_misses = 82369
preemptive halt, cache_misses = 82369
preemptive halt, cache_misses = 82369
preemptive halt, cache_misses = 82369
preemptive halt, cache_misses = 82369
preemptive halt, cache_misses = 82369
preemptive halt, cache_misses = 82369
preemptive halt, cache_misses = 82369
preemptive halt, cache_misses = 82369
preemptive halt, cache_misses = 82369
preemptive halt, cache_misses = 82369
preemptive halt, cache_misses = 82369
preemptive halt, cache_misses = 82369
preemptive halt, cache_misses = 82369
binary search, size 23125  misses 82369  min 22500  max 23750
preemptive halt, cache_misses = 82370
preemptive halt, cache_misses = 82370
preemptive halt, cache_misses = 82370
preemptive halt, cache_misses = 82370
preemptive halt, cache_misses = 82370
preemptive halt, cache_misses = 82370
preemptive halt, cache_misses = 82370
preemptive halt, cache_misses = 82370
preemptive halt, cache_misses = 82370
preemptive halt, cache_misses = 82370
preemptive halt, cache_misses = 82370
preemptive halt, cache_misses = 82370
preemptive halt, cache_misses = 82370
preemptive halt, cache_misses = 82370
preemptive halt, cache_misses = 82370
preemptive halt, cache_misses = 82370
preemptive halt, cache_misses = 82370
preemptive halt, cache_misses = 82370
preemptive halt, cache_misses = 82370
preemptive halt, cache_misses = 82370
preemptive halt, cache_misses = 82370
preemptive halt, cache_misses = 82370
preemptive halt, cache_misses = 82370
preemptive halt, cache_misses = 82370
preemptive halt, cache_misses = 82370
preemptive halt, cache_misses = 82370
preemptive halt, cache_misses = 82370
preemptive halt, cache_misses = 82370
preemptive halt, cache_misses = 82370
preemptive halt, cache_misses = 82370
preemptive halt, cache_misses = 82370
preemptive halt, cache_misses = 82370
preemptive halt, cache_misses = 82370
preemptive halt, cache_misses = 82370
preemptive halt, cache_misses = 82370
preemptive halt, cache_misses = 82370
preemptive halt, cache_misses = 82370
preemptive halt, cache_misses = 82370
preemptive halt, cache_misses = 82370
preemptive halt, cache_misses = 82370
preemptive halt, cache_misses = 82370
preemptive halt, cache_misses = 82370
preemptive halt, cache_misses = 82370
preemptive halt, cache_misses = 82370
preemptive halt, cache_misses = 82370
preemptive halt, cache_misses = 82370
preemptive halt, cache_misses = 82370
preemptive halt, cache_misses = 82370
preemptive halt, cache_misses = 82370
preemptive halt, cache_misses = 82370
preemptive halt, cache_misses = 82370
preemptive halt, cache_misses = 82370
preemptive halt, cache_misses = 82370
preemptive halt, cache_misses = 82370
preemptive halt, cache_misses = 82370
preemptive halt, cache_misses = 82370
preemptive halt, cache_misses = 82370
preemptive halt, cache_misses = 82370
preemptive halt, cache_misses = 82370
preemptive halt, cache_misses = 82370
preemptive halt, cache_misses = 82370
preemptive halt, cache_misses = 82370
preemptive halt, cache_misses = 82370
preemptive halt, cache_misses = 82370
preemptive halt, cache_misses = 82370
preemptive halt, cache_misses = 82370
preemptive halt, cache_misses = 82370
preemptive halt, cache_misses = 82370
preemptive halt, cache_misses = 82370
preemptive halt, cache_misses = 82370
preemptive halt, cache_misses = 82370
preemptive halt, cache_misses = 82370
preemptive halt, cache_misses = 82370
preemptive halt, cache_misses = 82370
preemptive halt, cache_misses = 82370
preemptive halt, cache_misses = 82370
preemptive halt, cache_misses = 82370
preemptive halt, cache_misses = 82370
preemptive halt, cache_misses = 82370
preemptive halt, cache_misses = 82370
preemptive halt, cache_misses = 82370
preemptive halt, cache_misses = 82370
preemptive halt, cache_misses = 82370
preemptive halt, cache_misses = 82370
binary search, size 23437  misses 82370  min 23125  max 23750
binary search, size 23593  misses 82368  min 23437  max 23750
preemptive halt, cache_misses = 82369
preemptive halt, cache_misses = 82369
preemptive halt, cache_misses = 82369
preemptive halt, cache_misses = 82369
preemptive halt, cache_misses = 82369
preemptive halt, cache_misses = 82369
preemptive halt, cache_misses = 82369
preemptive halt, cache_misses = 82369
preemptive halt, cache_misses = 82369
preemptive halt, cache_misses = 82369
preemptive halt, cache_misses = 82369
preemptive halt, cache_misses = 82369
preemptive halt, cache_misses = 82369
preemptive halt, cache_misses = 82369
preemptive halt, cache_misses = 82369
preemptive halt, cache_misses = 82369
preemptive halt, cache_misses = 82369
preemptive halt, cache_misses = 82369
preemptive halt, cache_misses = 82369
preemptive halt, cache_misses = 82369
preemptive halt, cache_misses = 82369
preemptive halt, cache_misses = 82369
preemptive halt, cache_misses = 82369
preemptive halt, cache_misses = 82369
preemptive halt, cache_misses = 82369
preemptive halt, cache_misses = 82369
preemptive halt, cache_misses = 82369
preemptive halt, cache_misses = 82369
preemptive halt, cache_misses = 82369
preemptive halt, cache_misses = 82369
preemptive halt, cache_misses = 82369
preemptive halt, cache_misses = 82369
preemptive halt, cache_misses = 82369
preemptive halt, cache_misses = 82369
preemptive halt, cache_misses = 82369
preemptive halt, cache_misses = 82369
preemptive halt, cache_misses = 82369
preemptive halt, cache_misses = 82369
preemptive halt, cache_misses = 82369
preemptive halt, cache_misses = 82369
preemptive halt, cache_misses = 82369
preemptive halt, cache_misses = 82369
preemptive halt, cache_misses = 82369
preemptive halt, cache_misses = 82369
preemptive halt, cache_misses = 82369
preemptive halt, cache_misses = 82369
preemptive halt, cache_misses = 82369
preemptive halt, cache_misses = 82369
preemptive halt, cache_misses = 82369
preemptive halt, cache_misses = 82369
preemptive halt, cache_misses = 82369
preemptive halt, cache_misses = 82369
preemptive halt, cache_misses = 82369
preemptive halt, cache_misses = 82369
preemptive halt, cache_misses = 82369
preemptive halt, cache_misses = 82369
preemptive halt, cache_misses = 82369
preemptive halt, cache_misses = 82369
preemptive halt, cache_misses = 82369
preemptive halt, cache_misses = 82369
preemptive halt, cache_misses = 82369
preemptive halt, cache_misses = 82369
preemptive halt, cache_misses = 82369
preemptive halt, cache_misses = 82369
preemptive halt, cache_misses = 82369
preemptive halt, cache_misses = 82369
preemptive halt, cache_misses = 82369
preemptive halt, cache_misses = 82369
preemptive halt, cache_misses = 82369
preemptive halt, cache_misses = 82369
preemptive halt, cache_misses = 82369
preemptive halt, cache_misses = 82369
preemptive halt, cache_misses = 82369
preemptive halt, cache_misses = 82369
preemptive halt, cache_misses = 82369
preemptive halt, cache_misses = 82369
preemptive halt, cache_misses = 82369
preemptive halt, cache_misses = 82369
preemptive halt, cache_misses = 82369
preemptive halt, cache_misses = 82369
preemptive halt, cache_misses = 82369
preemptive halt, cache_misses = 82369
binary search, size 23515  misses 82369  min 23437  max 23593
preemptive halt, cache_misses = 82370
preemptive halt, cache_misses = 82370
preemptive halt, cache_misses = 82370
preemptive halt, cache_misses = 82370
preemptive halt, cache_misses = 82370
preemptive halt, cache_misses = 82370
preemptive halt, cache_misses = 82370
preemptive halt, cache_misses = 82370
preemptive halt, cache_misses = 82370
preemptive halt, cache_misses = 82370
preemptive halt, cache_misses = 82370
preemptive halt, cache_misses = 82370
preemptive halt, cache_misses = 82370
preemptive halt, cache_misses = 82370
preemptive halt, cache_misses = 82370
preemptive halt, cache_misses = 82370
preemptive halt, cache_misses = 82370
preemptive halt, cache_misses = 82370
preemptive halt, cache_misses = 82370
preemptive halt, cache_misses = 82370
preemptive halt, cache_misses = 82370
preemptive halt, cache_misses = 82370
preemptive halt, cache_misses = 82370
preemptive halt, cache_misses = 82370
preemptive halt, cache_misses = 82370
preemptive halt, cache_misses = 82370
preemptive halt, cache_misses = 82370
preemptive halt, cache_misses = 82370
preemptive halt, cache_misses = 82370
preemptive halt, cache_misses = 82370
preemptive halt, cache_misses = 82370
preemptive halt, cache_misses = 82370
preemptive halt, cache_misses = 82370
preemptive halt, cache_misses = 82370
preemptive halt, cache_misses = 82370
preemptive halt, cache_misses = 82370
preemptive halt, cache_misses = 82370
preemptive halt, cache_misses = 82370
preemptive halt, cache_misses = 82370
preemptive halt, cache_misses = 82370
preemptive halt, cache_misses = 82370
preemptive halt, cache_misses = 82370
preemptive halt, cache_misses = 82370
preemptive halt, cache_misses = 82370
preemptive halt, cache_misses = 82370
preemptive halt, cache_misses = 82370
preemptive halt, cache_misses = 82370
preemptive halt, cache_misses = 82370
preemptive halt, cache_misses = 82370
preemptive halt, cache_misses = 82370
preemptive halt, cache_misses = 82370
preemptive halt, cache_misses = 82370
preemptive halt, cache_misses = 82370
preemptive halt, cache_misses = 82370
preemptive halt, cache_misses = 82370
preemptive halt, cache_misses = 82370
preemptive halt, cache_misses = 82370
preemptive halt, cache_misses = 82370
preemptive halt, cache_misses = 82370
preemptive halt, cache_misses = 82370
preemptive halt, cache_misses = 82370
preemptive halt, cache_misses = 82370
preemptive halt, cache_misses = 82370
preemptive halt, cache_misses = 82370
preemptive halt, cache_misses = 82370
preemptive halt, cache_misses = 82370
preemptive halt, cache_misses = 82370
preemptive halt, cache_misses = 82370
preemptive halt, cache_misses = 82370
preemptive halt, cache_misses = 82370
preemptive halt, cache_misses = 82370
preemptive halt, cache_misses = 82370
preemptive halt, cache_misses = 82370
preemptive halt, cache_misses = 82370
preemptive halt, cache_misses = 82370
preemptive halt, cache_misses = 82370
preemptive halt, cache_misses = 82370
preemptive halt, cache_misses = 82370
preemptive halt, cache_misses = 82370
preemptive halt, cache_misses = 82370
preemptive halt, cache_misses = 82370
preemptive halt, cache_misses = 82370
preemptive halt, cache_misses = 82370
preemptive halt, cache_misses = 82370
binary search, size 23554  misses 82370  min 23515  max 23593
preemptive halt, cache_misses = 82371
preemptive halt, cache_misses = 82371
preemptive halt, cache_misses = 82371
preemptive halt, cache_misses = 82371
preemptive halt, cache_misses = 82371
preemptive halt, cache_misses = 82371
preemptive halt, cache_misses = 82371
preemptive halt, cache_misses = 82371
preemptive halt, cache_misses = 82371
preemptive halt, cache_misses = 82371
preemptive halt, cache_misses = 82371
preemptive halt, cache_misses = 82371
preemptive halt, cache_misses = 82371
preemptive halt, cache_misses = 82371
preemptive halt, cache_misses = 82371
preemptive halt, cache_misses = 82371
preemptive halt, cache_misses = 82371
preemptive halt, cache_misses = 82371
preemptive halt, cache_misses = 82371
preemptive halt, cache_misses = 82371
preemptive halt, cache_misses = 82371
preemptive halt, cache_misses = 82371
preemptive halt, cache_misses = 82371
preemptive halt, cache_misses = 82371
preemptive halt, cache_misses = 82371
preemptive halt, cache_misses = 82371
preemptive halt, cache_misses = 82371
preemptive halt, cache_misses = 82371
preemptive halt, cache_misses = 82371
preemptive halt, cache_misses = 82371
preemptive halt, cache_misses = 82371
preemptive halt, cache_misses = 82371
preemptive halt, cache_misses = 82371
preemptive halt, cache_misses = 82371
preemptive halt, cache_misses = 82371
preemptive halt, cache_misses = 82371
preemptive halt, cache_misses = 82371
preemptive halt, cache_misses = 82371
preemptive halt, cache_misses = 82371
preemptive halt, cache_misses = 82371
preemptive halt, cache_misses = 82371
preemptive halt, cache_misses = 82371
preemptive halt, cache_misses = 82371
preemptive halt, cache_misses = 82371
preemptive halt, cache_misses = 82371
preemptive halt, cache_misses = 82371
preemptive halt, cache_misses = 82371
preemptive halt, cache_misses = 82371
preemptive halt, cache_misses = 82371
preemptive halt, cache_misses = 82371
preemptive halt, cache_misses = 82371
preemptive halt, cache_misses = 82371
preemptive halt, cache_misses = 82371
preemptive halt, cache_misses = 82371
preemptive halt, cache_misses = 82371
preemptive halt, cache_misses = 82371
preemptive halt, cache_misses = 82371
preemptive halt, cache_misses = 82371
preemptive halt, cache_misses = 82371
preemptive halt, cache_misses = 82371
preemptive halt, cache_misses = 82371
preemptive halt, cache_misses = 82371
preemptive halt, cache_misses = 82371
preemptive halt, cache_misses = 82371
preemptive halt, cache_misses = 82371
preemptive halt, cache_misses = 82371
preemptive halt, cache_misses = 82371
preemptive halt, cache_misses = 82371
preemptive halt, cache_misses = 82371
preemptive halt, cache_misses = 82371
preemptive halt, cache_misses = 82371
preemptive halt, cache_misses = 82371
preemptive halt, cache_misses = 82371
preemptive halt, cache_misses = 82371
preemptive halt, cache_misses = 82371
preemptive halt, cache_misses = 82371
preemptive halt, cache_misses = 82371
preemptive halt, cache_misses = 82371
preemptive halt, cache_misses = 82371
preemptive halt, cache_misses = 82371
preemptive halt, cache_misses = 82371
preemptive halt, cache_misses = 82371
preemptive halt, cache_misses = 82371
preemptive halt, cache_misses = 82371
preemptive halt, cache_misses = 82371
preemptive halt, cache_misses = 82371
binary search, size 23573  misses 82371  min 23554  max 23593
binary search, size 23583  misses 82368  min 23573  max 23593
binary search, size 23578  misses 82368  min 23573  max 23583
binary search, size 23575  misses 82368  min 23573  max 23578
binary search, size 23574  misses 82368  min 23573  max 23575
characteristic cache size (binary search) for 286 = 23574
End at: 2021-04-02 16:15:20.629309
Time elapsed: 0:00:01.466092
