Begin at: 2021-04-02 16:16:01.790806
['../dist/Debug/GNU-Linux/memo_batch_tester', '', '--mbt_execution_trace_fname', 'olcs4_traceback_csize_input_types/OLCS4_lru_2021_04_02__16_12_31_k_3__d_2_cache_size_160000_problems_10_to_400/OLCS4_lru_2021_04_02__16_12_31_k_3__d_2_cache_size_160000_problems_10_to_400/OLCS4__do_traceback_prob_size_311_cache_size_160000_lru_k_3_d_2_execution_trace_2021_4_2_16_16_1_pid_21844.log', '--mbt_cache_misses_fname', 'olcs4_traceback_csize_input_types/OLCS4_lru_2021_04_02__16_12_31_k_3__d_2_cache_size_160000_problems_10_to_400/lcs_cost_OLCS4_lru_misses_for_cache_size.csv', '--mbt_misses_for_problem_size_fname', 'olcs4_traceback_csize_input_types/OLCS4_lru_2021_04_02__16_12_31_k_3__d_2_cache_size_160000_problems_10_to_400/lcs_cost_OLCS4_lru_misses_for_problem_size.csv', '--mbt_exact_cutoff_min_cache_size', '160000', '--mbt_exact_cutoff_max_cache_size', '160000', '--mbt_problem_type', 'lcs', '--mbt_metric_type', 'csize_binary_search', '--mbt_cutoff_ratio', '2.2', '--mbt_instance_fname', '311', '--mbt_detailed_cache_misses_out_fname', 'csize_olcs4_traceback_0011n_ceil_n_b_7.csv', '--mbt_phi_N', '5.0', '--mbt_problem_size', '311', '--lcs_compute_length', '0', '--lcs_perform_traceback', '1', '--lig_instance_type', '0011n_ceil_n_b', '--lig_n', '311', '--lig_c', '0.9', '--lig_b', '7.0', '--lcs_oblivious', '4', '--lcs_execution_trace_fname', 'olcs4_traceback_csize_input_types/OLCS4_lru_2021_04_02__16_12_31_k_3__d_2_cache_size_160000_problems_10_to_400/OLCS4_lru_2021_04_02__16_12_31_k_3__d_2_cache_size_160000_problems_10_to_400/OLCS4__do_traceback_prob_size_311_cache_size_160000_lru_k_3_d_2_execution_trace_2021_4_2_16_16_1_pid_21844.log', '--memo_caching_strategy', 'lru', '--memo_cache_size', '160001', '--memo_lru_queue_size', '160000', '--memo_cuckoo_k', '4', '--memo_key_length', '8', '--memo_value_length', '8', '--memo_k_timestamps', '3', '--memo_d_recent_timestamps', '2', '--memo_a_items_per_timestamp_factor', '0.4375']

csize_binary_search chosen
lcs problem_type lcs cache_size 160001
initialize_long_int_cache begin
init_memo
arguments to memo:
 --mbt_execution_trace_fname olcs4_traceback_csize_input_types/OLCS4_lru_2021_04_02__16_12_31_k_3__d_2_cache_size_160000_problems_10_to_400/OLCS4_lru_2021_04_02__16_12_31_k_3__d_2_cache_size_160000_problems_10_to_400/OLCS4__do_traceback_prob_size_311_cache_size_160000_lru_k_3_d_2_execution_trace_2021_4_2_16_16_1_pid_21844.log --mbt_cache_misses_fname olcs4_traceback_csize_input_types/OLCS4_lru_2021_04_02__16_12_31_k_3__d_2_cache_size_160000_problems_10_to_400/lcs_cost_OLCS4_lru_misses_for_cache_size.csv --mbt_misses_for_problem_size_fname olcs4_traceback_csize_input_types/OLCS4_lru_2021_04_02__16_12_31_k_3__d_2_cache_size_160000_problems_10_to_400/lcs_cost_OLCS4_lru_misses_for_problem_size.csv --mbt_exact_cutoff_min_cache_size 160000 --mbt_exact_cutoff_max_cache_size 160000 --mbt_problem_type lcs --mbt_metric_type csize_binary_search --mbt_cutoff_ratio 2.2 --mbt_instance_fname 311 --mbt_detailed_cache_misses_out_fname csize_olcs4_traceback_0011n_ceil_n_b_7.csv --mbt_phi_N 5.0 --mbt_problem_size 311 --lcs_compute_length 0 --lcs_perform_traceback 1 --lig_instance_type 0011n_ceil_n_b --lig_n 311 --lig_c 0.9 --lig_b 7.0 --lcs_oblivious 4 --lcs_execution_trace_fname olcs4_traceback_csize_input_types/OLCS4_lru_2021_04_02__16_12_31_k_3__d_2_cache_size_160000_problems_10_to_400/OLCS4_lru_2021_04_02__16_12_31_k_3__d_2_cache_size_160000_problems_10_to_400/OLCS4__do_traceback_prob_size_311_cache_size_160000_lru_k_3_d_2_execution_trace_2021_4_2_16_16_1_pid_21844.log --memo_caching_strategy lru --memo_cache_size 160001 --memo_lru_queue_size 160000 --memo_cuckoo_k 4 --memo_key_length 8 --memo_value_length 8 --memo_k_timestamps 3 --memo_d_recent_timestamps 2 --memo_a_items_per_timestamp_factor 0.4375 
calculate_table_size: table_size is 262144, original is 160001
Finished initializing cache
initialize_long_int_cache end
done initializing cache
initializing problem
done initializing problem
commence trials
Starting characteristic_cache_size_binary_search with max cache size 160001
binary search, size 160001  misses 97343
binary search, size 80000  misses 97343  min 0  max 160001
binary search, size 40000  misses 97343  min 0  max 80000
preemptive halt, cache_misses = 97344
preemptive halt, cache_misses = 97344
preemptive halt, cache_misses = 97344
preemptive halt, cache_misses = 97344
preemptive halt, cache_misses = 97344
preemptive halt, cache_misses = 97344
preemptive halt, cache_misses = 97344
preemptive halt, cache_misses = 97344
preemptive halt, cache_misses = 97344
preemptive halt, cache_misses = 97344
preemptive halt, cache_misses = 97344
preemptive halt, cache_misses = 97344
preemptive halt, cache_misses = 97344
preemptive halt, cache_misses = 97344
preemptive halt, cache_misses = 97344
preemptive halt, cache_misses = 97344
preemptive halt, cache_misses = 97344
preemptive halt, cache_misses = 97344
preemptive halt, cache_misses = 97344
preemptive halt, cache_misses = 97344
preemptive halt, cache_misses = 97344
preemptive halt, cache_misses = 97344
preemptive halt, cache_misses = 97344
preemptive halt, cache_misses = 97344
preemptive halt, cache_misses = 97344
preemptive halt, cache_misses = 97344
preemptive halt, cache_misses = 97344
preemptive halt, cache_misses = 97344
preemptive halt, cache_misses = 97344
preemptive halt, cache_misses = 97344
preemptive halt, cache_misses = 97344
preemptive halt, cache_misses = 97344
preemptive halt, cache_misses = 97344
preemptive halt, cache_misses = 97344
preemptive halt, cache_misses = 97344
preemptive halt, cache_misses = 97344
preemptive halt, cache_misses = 97344
preemptive halt, cache_misses = 97344
preemptive halt, cache_misses = 97344
preemptive halt, cache_misses = 97344
preemptive halt, cache_misses = 97344
preemptive halt, cache_misses = 97344
preemptive halt, cache_misses = 97344
preemptive halt, cache_misses = 97344
preemptive halt, cache_misses = 97344
preemptive halt, cache_misses = 97344
preemptive halt, cache_misses = 97344
preemptive halt, cache_misses = 97344
preemptive halt, cache_misses = 97344
preemptive halt, cache_misses = 97344
preemptive halt, cache_misses = 97344
preemptive halt, cache_misses = 97344
preemptive halt, cache_misses = 97344
preemptive halt, cache_misses = 97344
preemptive halt, cache_misses = 97344
preemptive halt, cache_misses = 97344
preemptive halt, cache_misses = 97344
preemptive halt, cache_misses = 97344
preemptive halt, cache_misses = 97344
preemptive halt, cache_misses = 97344
preemptive halt, cache_misses = 97344
preemptive halt, cache_misses = 97344
preemptive halt, cache_misses = 97344
preemptive halt, cache_misses = 97344
preemptive halt, cache_misses = 97344
preemptive halt, cache_misses = 97344
preemptive halt, cache_misses = 97344
preemptive halt, cache_misses = 97344
preemptive halt, cache_misses = 97344
preemptive halt, cache_misses = 97344
preemptive halt, cache_misses = 97344
preemptive halt, cache_misses = 97344
preemptive halt, cache_misses = 97344
preemptive halt, cache_misses = 97344
preemptive halt, cache_misses = 97344
preemptive halt, cache_misses = 97344
preemptive halt, cache_misses = 97344
preemptive halt, cache_misses = 97344
preemptive halt, cache_misses = 97344
preemptive halt, cache_misses = 97344
preemptive halt, cache_misses = 97344
preemptive halt, cache_misses = 97344
preemptive halt, cache_misses = 97344
preemptive halt, cache_misses = 97344
binary search, size 20000  misses 97344  min 0  max 40000
binary search, size 30000  misses 97343  min 20000  max 40000
preemptive halt, cache_misses = 97344
preemptive halt, cache_misses = 97344
preemptive halt, cache_misses = 97344
preemptive halt, cache_misses = 97344
preemptive halt, cache_misses = 97344
preemptive halt, cache_misses = 97344
preemptive halt, cache_misses = 97344
preemptive halt, cache_misses = 97344
preemptive halt, cache_misses = 97344
preemptive halt, cache_misses = 97344
preemptive halt, cache_misses = 97344
preemptive halt, cache_misses = 97344
preemptive halt, cache_misses = 97344
preemptive halt, cache_misses = 97344
preemptive halt, cache_misses = 97344
preemptive halt, cache_misses = 97344
preemptive halt, cache_misses = 97344
preemptive halt, cache_misses = 97344
preemptive halt, cache_misses = 97344
preemptive halt, cache_misses = 97344
preemptive halt, cache_misses = 97344
preemptive halt, cache_misses = 97344
preemptive halt, cache_misses = 97344
preemptive halt, cache_misses = 97344
preemptive halt, cache_misses = 97344
preemptive halt, cache_misses = 97344
preemptive halt, cache_misses = 97344
preemptive halt, cache_misses = 97344
preemptive halt, cache_misses = 97344
preemptive halt, cache_misses = 97344
preemptive halt, cache_misses = 97344
preemptive halt, cache_misses = 97344
preemptive halt, cache_misses = 97344
preemptive halt, cache_misses = 97344
preemptive halt, cache_misses = 97344
preemptive halt, cache_misses = 97344
preemptive halt, cache_misses = 97344
preemptive halt, cache_misses = 97344
preemptive halt, cache_misses = 97344
preemptive halt, cache_misses = 97344
preemptive halt, cache_misses = 97344
preemptive halt, cache_misses = 97344
preemptive halt, cache_misses = 97344
preemptive halt, cache_misses = 97344
preemptive halt, cache_misses = 97344
preemptive halt, cache_misses = 97344
preemptive halt, cache_misses = 97344
preemptive halt, cache_misses = 97344
preemptive halt, cache_misses = 97344
preemptive halt, cache_misses = 97344
preemptive halt, cache_misses = 97344
preemptive halt, cache_misses = 97344
preemptive halt, cache_misses = 97344
preemptive halt, cache_misses = 97344
preemptive halt, cache_misses = 97344
preemptive halt, cache_misses = 97344
preemptive halt, cache_misses = 97344
preemptive halt, cache_misses = 97344
preemptive halt, cache_misses = 97344
preemptive halt, cache_misses = 97344
preemptive halt, cache_misses = 97344
preemptive halt, cache_misses = 97344
preemptive halt, cache_misses = 97344
preemptive halt, cache_misses = 97344
preemptive halt, cache_misses = 97344
preemptive halt, cache_misses = 97344
preemptive halt, cache_misses = 97344
preemptive halt, cache_misses = 97344
preemptive halt, cache_misses = 97344
preemptive halt, cache_misses = 97344
preemptive halt, cache_misses = 97344
preemptive halt, cache_misses = 97344
preemptive halt, cache_misses = 97344
preemptive halt, cache_misses = 97344
preemptive halt, cache_misses = 97344
preemptive halt, cache_misses = 97344
preemptive halt, cache_misses = 97344
preemptive halt, cache_misses = 97344
preemptive halt, cache_misses = 97344
preemptive halt, cache_misses = 97344
preemptive halt, cache_misses = 97344
preemptive halt, cache_misses = 97344
preemptive halt, cache_misses = 97344
preemptive halt, cache_misses = 97344
binary search, size 25000  misses 97344  min 20000  max 30000
binary search, size 27500  misses 97343  min 25000  max 30000
preemptive halt, cache_misses = 97344
preemptive halt, cache_misses = 97344
preemptive halt, cache_misses = 97344
preemptive halt, cache_misses = 97344
preemptive halt, cache_misses = 97344
preemptive halt, cache_misses = 97344
preemptive halt, cache_misses = 97344
preemptive halt, cache_misses = 97344
preemptive halt, cache_misses = 97344
preemptive halt, cache_misses = 97344
preemptive halt, cache_misses = 97344
preemptive halt, cache_misses = 97344
preemptive halt, cache_misses = 97344
preemptive halt, cache_misses = 97344
preemptive halt, cache_misses = 97344
preemptive halt, cache_misses = 97344
preemptive halt, cache_misses = 97344
preemptive halt, cache_misses = 97344
preemptive halt, cache_misses = 97344
preemptive halt, cache_misses = 97344
preemptive halt, cache_misses = 97344
preemptive halt, cache_misses = 97344
preemptive halt, cache_misses = 97344
preemptive halt, cache_misses = 97344
preemptive halt, cache_misses = 97344
preemptive halt, cache_misses = 97344
preemptive halt, cache_misses = 97344
preemptive halt, cache_misses = 97344
preemptive halt, cache_misses = 97344
preemptive halt, cache_misses = 97344
preemptive halt, cache_misses = 97344
preemptive halt, cache_misses = 97344
preemptive halt, cache_misses = 97344
preemptive halt, cache_misses = 97344
preemptive halt, cache_misses = 97344
preemptive halt, cache_misses = 97344
preemptive halt, cache_misses = 97344
preemptive halt, cache_misses = 97344
preemptive halt, cache_misses = 97344
preemptive halt, cache_misses = 97344
preemptive halt, cache_misses = 97344
preemptive halt, cache_misses = 97344
preemptive halt, cache_misses = 97344
preemptive halt, cache_misses = 97344
preemptive halt, cache_misses = 97344
preemptive halt, cache_misses = 97344
preemptive halt, cache_misses = 97344
preemptive halt, cache_misses = 97344
preemptive halt, cache_misses = 97344
preemptive halt, cache_misses = 97344
preemptive halt, cache_misses = 97344
preemptive halt, cache_misses = 97344
preemptive halt, cache_misses = 97344
preemptive halt, cache_misses = 97344
preemptive halt, cache_misses = 97344
preemptive halt, cache_misses = 97344
preemptive halt, cache_misses = 97344
preemptive halt, cache_misses = 97344
preemptive halt, cache_misses = 97344
preemptive halt, cache_misses = 97344
preemptive halt, cache_misses = 97344
preemptive halt, cache_misses = 97344
preemptive halt, cache_misses = 97344
preemptive halt, cache_misses = 97344
preemptive halt, cache_misses = 97344
preemptive halt, cache_misses = 97344
preemptive halt, cache_misses = 97344
preemptive halt, cache_misses = 97344
preemptive halt, cache_misses = 97344
preemptive halt, cache_misses = 97344
preemptive halt, cache_misses = 97344
preemptive halt, cache_misses = 97344
preemptive halt, cache_misses = 97344
preemptive halt, cache_misses = 97344
preemptive halt, cache_misses = 97344
preemptive halt, cache_misses = 97344
preemptive halt, cache_misses = 97344
preemptive halt, cache_misses = 97344
preemptive halt, cache_misses = 97344
preemptive halt, cache_misses = 97344
preemptive halt, cache_misses = 97344
preemptive halt, cache_misses = 97344
preemptive halt, cache_misses = 97344
preemptive halt, cache_misses = 97344
binary search, size 26250  misses 97344  min 25000  max 27500
preemptive halt, cache_misses = 97345
preemptive halt, cache_misses = 97345
preemptive halt, cache_misses = 97345
preemptive halt, cache_misses = 97345
preemptive halt, cache_misses = 97345
preemptive halt, cache_misses = 97345
preemptive halt, cache_misses = 97345
preemptive halt, cache_misses = 97345
preemptive halt, cache_misses = 97345
preemptive halt, cache_misses = 97345
preemptive halt, cache_misses = 97345
preemptive halt, cache_misses = 97345
preemptive halt, cache_misses = 97345
preemptive halt, cache_misses = 97345
preemptive halt, cache_misses = 97345
preemptive halt, cache_misses = 97345
preemptive halt, cache_misses = 97345
preemptive halt, cache_misses = 97345
preemptive halt, cache_misses = 97345
preemptive halt, cache_misses = 97345
preemptive halt, cache_misses = 97345
preemptive halt, cache_misses = 97345
preemptive halt, cache_misses = 97345
preemptive halt, cache_misses = 97345
preemptive halt, cache_misses = 97345
preemptive halt, cache_misses = 97345
preemptive halt, cache_misses = 97345
preemptive halt, cache_misses = 97345
preemptive halt, cache_misses = 97345
preemptive halt, cache_misses = 97345
preemptive halt, cache_misses = 97345
preemptive halt, cache_misses = 97345
preemptive halt, cache_misses = 97345
preemptive halt, cache_misses = 97345
preemptive halt, cache_misses = 97345
preemptive halt, cache_misses = 97345
preemptive halt, cache_misses = 97345
preemptive halt, cache_misses = 97345
preemptive halt, cache_misses = 97345
preemptive halt, cache_misses = 97345
preemptive halt, cache_misses = 97345
preemptive halt, cache_misses = 97345
preemptive halt, cache_misses = 97345
preemptive halt, cache_misses = 97345
preemptive halt, cache_misses = 97345
preemptive halt, cache_misses = 97345
preemptive halt, cache_misses = 97345
preemptive halt, cache_misses = 97345
preemptive halt, cache_misses = 97345
preemptive halt, cache_misses = 97345
preemptive halt, cache_misses = 97345
preemptive halt, cache_misses = 97345
preemptive halt, cache_misses = 97345
preemptive halt, cache_misses = 97345
preemptive halt, cache_misses = 97345
preemptive halt, cache_misses = 97345
preemptive halt, cache_misses = 97345
preemptive halt, cache_misses = 97345
preemptive halt, cache_misses = 97345
preemptive halt, cache_misses = 97345
preemptive halt, cache_misses = 97345
preemptive halt, cache_misses = 97345
preemptive halt, cache_misses = 97345
preemptive halt, cache_misses = 97345
preemptive halt, cache_misses = 97345
preemptive halt, cache_misses = 97345
preemptive halt, cache_misses = 97345
preemptive halt, cache_misses = 97345
preemptive halt, cache_misses = 97345
preemptive halt, cache_misses = 97345
preemptive halt, cache_misses = 97345
preemptive halt, cache_misses = 97345
preemptive halt, cache_misses = 97345
preemptive halt, cache_misses = 97345
preemptive halt, cache_misses = 97345
preemptive halt, cache_misses = 97345
preemptive halt, cache_misses = 97345
preemptive halt, cache_misses = 97345
preemptive halt, cache_misses = 97345
preemptive halt, cache_misses = 97345
preemptive halt, cache_misses = 97345
preemptive halt, cache_misses = 97345
preemptive halt, cache_misses = 97345
preemptive halt, cache_misses = 97345
preemptive halt, cache_misses = 97345
preemptive halt, cache_misses = 97345
binary search, size 26875  misses 97345  min 26250  max 27500
binary search, size 27187  misses 97343  min 26875  max 27500
preemptive halt, cache_misses = 97344
preemptive halt, cache_misses = 97344
preemptive halt, cache_misses = 97344
preemptive halt, cache_misses = 97344
preemptive halt, cache_misses = 97344
preemptive halt, cache_misses = 97344
preemptive halt, cache_misses = 97344
preemptive halt, cache_misses = 97344
preemptive halt, cache_misses = 97344
preemptive halt, cache_misses = 97344
preemptive halt, cache_misses = 97344
preemptive halt, cache_misses = 97344
preemptive halt, cache_misses = 97344
preemptive halt, cache_misses = 97344
preemptive halt, cache_misses = 97344
preemptive halt, cache_misses = 97344
preemptive halt, cache_misses = 97344
preemptive halt, cache_misses = 97344
preemptive halt, cache_misses = 97344
preemptive halt, cache_misses = 97344
preemptive halt, cache_misses = 97344
preemptive halt, cache_misses = 97344
preemptive halt, cache_misses = 97344
preemptive halt, cache_misses = 97344
preemptive halt, cache_misses = 97344
preemptive halt, cache_misses = 97344
preemptive halt, cache_misses = 97344
preemptive halt, cache_misses = 97344
preemptive halt, cache_misses = 97344
preemptive halt, cache_misses = 97344
preemptive halt, cache_misses = 97344
preemptive halt, cache_misses = 97344
preemptive halt, cache_misses = 97344
preemptive halt, cache_misses = 97344
preemptive halt, cache_misses = 97344
preemptive halt, cache_misses = 97344
preemptive halt, cache_misses = 97344
preemptive halt, cache_misses = 97344
preemptive halt, cache_misses = 97344
preemptive halt, cache_misses = 97344
preemptive halt, cache_misses = 97344
preemptive halt, cache_misses = 97344
preemptive halt, cache_misses = 97344
preemptive halt, cache_misses = 97344
preemptive halt, cache_misses = 97344
preemptive halt, cache_misses = 97344
preemptive halt, cache_misses = 97344
preemptive halt, cache_misses = 97344
preemptive halt, cache_misses = 97344
preemptive halt, cache_misses = 97344
preemptive halt, cache_misses = 97344
preemptive halt, cache_misses = 97344
preemptive halt, cache_misses = 97344
preemptive halt, cache_misses = 97344
preemptive halt, cache_misses = 97344
preemptive halt, cache_misses = 97344
preemptive halt, cache_misses = 97344
preemptive halt, cache_misses = 97344
preemptive halt, cache_misses = 97344
preemptive halt, cache_misses = 97344
preemptive halt, cache_misses = 97344
preemptive halt, cache_misses = 97344
preemptive halt, cache_misses = 97344
preemptive halt, cache_misses = 97344
preemptive halt, cache_misses = 97344
preemptive halt, cache_misses = 97344
preemptive halt, cache_misses = 97344
preemptive halt, cache_misses = 97344
preemptive halt, cache_misses = 97344
preemptive halt, cache_misses = 97344
preemptive halt, cache_misses = 97344
preemptive halt, cache_misses = 97344
preemptive halt, cache_misses = 97344
preemptive halt, cache_misses = 97344
preemptive halt, cache_misses = 97344
preemptive halt, cache_misses = 97344
preemptive halt, cache_misses = 97344
preemptive halt, cache_misses = 97344
preemptive halt, cache_misses = 97344
preemptive halt, cache_misses = 97344
preemptive halt, cache_misses = 97344
preemptive halt, cache_misses = 97344
preemptive halt, cache_misses = 97344
preemptive halt, cache_misses = 97344
binary search, size 27031  misses 97344  min 26875  max 27187
preemptive halt, cache_misses = 97345
preemptive halt, cache_misses = 97345
preemptive halt, cache_misses = 97345
preemptive halt, cache_misses = 97345
preemptive halt, cache_misses = 97345
preemptive halt, cache_misses = 97345
preemptive halt, cache_misses = 97345
preemptive halt, cache_misses = 97345
preemptive halt, cache_misses = 97345
preemptive halt, cache_misses = 97345
preemptive halt, cache_misses = 97345
preemptive halt, cache_misses = 97345
preemptive halt, cache_misses = 97345
preemptive halt, cache_misses = 97345
preemptive halt, cache_misses = 97345
preemptive halt, cache_misses = 97345
preemptive halt, cache_misses = 97345
preemptive halt, cache_misses = 97345
preemptive halt, cache_misses = 97345
preemptive halt, cache_misses = 97345
preemptive halt, cache_misses = 97345
preemptive halt, cache_misses = 97345
preemptive halt, cache_misses = 97345
preemptive halt, cache_misses = 97345
preemptive halt, cache_misses = 97345
preemptive halt, cache_misses = 97345
preemptive halt, cache_misses = 97345
preemptive halt, cache_misses = 97345
preemptive halt, cache_misses = 97345
preemptive halt, cache_misses = 97345
preemptive halt, cache_misses = 97345
preemptive halt, cache_misses = 97345
preemptive halt, cache_misses = 97345
preemptive halt, cache_misses = 97345
preemptive halt, cache_misses = 97345
preemptive halt, cache_misses = 97345
preemptive halt, cache_misses = 97345
preemptive halt, cache_misses = 97345
preemptive halt, cache_misses = 97345
preemptive halt, cache_misses = 97345
preemptive halt, cache_misses = 97345
preemptive halt, cache_misses = 97345
preemptive halt, cache_misses = 97345
preemptive halt, cache_misses = 97345
preemptive halt, cache_misses = 97345
preemptive halt, cache_misses = 97345
preemptive halt, cache_misses = 97345
preemptive halt, cache_misses = 97345
preemptive halt, cache_misses = 97345
preemptive halt, cache_misses = 97345
preemptive halt, cache_misses = 97345
preemptive halt, cache_misses = 97345
preemptive halt, cache_misses = 97345
preemptive halt, cache_misses = 97345
preemptive halt, cache_misses = 97345
preemptive halt, cache_misses = 97345
preemptive halt, cache_misses = 97345
preemptive halt, cache_misses = 97345
preemptive halt, cache_misses = 97345
preemptive halt, cache_misses = 97345
preemptive halt, cache_misses = 97345
preemptive halt, cache_misses = 97345
preemptive halt, cache_misses = 97345
preemptive halt, cache_misses = 97345
preemptive halt, cache_misses = 97345
preemptive halt, cache_misses = 97345
preemptive halt, cache_misses = 97345
preemptive halt, cache_misses = 97345
preemptive halt, cache_misses = 97345
preemptive halt, cache_misses = 97345
preemptive halt, cache_misses = 97345
preemptive halt, cache_misses = 97345
preemptive halt, cache_misses = 97345
preemptive halt, cache_misses = 97345
preemptive halt, cache_misses = 97345
preemptive halt, cache_misses = 97345
preemptive halt, cache_misses = 97345
preemptive halt, cache_misses = 97345
preemptive halt, cache_misses = 97345
preemptive halt, cache_misses = 97345
preemptive halt, cache_misses = 97345
preemptive halt, cache_misses = 97345
preemptive halt, cache_misses = 97345
preemptive halt, cache_misses = 97345
preemptive halt, cache_misses = 97345
preemptive halt, cache_misses = 97345
binary search, size 27109  misses 97345  min 27031  max 27187
preemptive halt, cache_misses = 97346
preemptive halt, cache_misses = 97346
preemptive halt, cache_misses = 97346
preemptive halt, cache_misses = 97346
preemptive halt, cache_misses = 97346
preemptive halt, cache_misses = 97346
preemptive halt, cache_misses = 97346
preemptive halt, cache_misses = 97346
preemptive halt, cache_misses = 97346
preemptive halt, cache_misses = 97346
preemptive halt, cache_misses = 97346
preemptive halt, cache_misses = 97346
preemptive halt, cache_misses = 97346
preemptive halt, cache_misses = 97346
preemptive halt, cache_misses = 97346
preemptive halt, cache_misses = 97346
preemptive halt, cache_misses = 97346
preemptive halt, cache_misses = 97346
preemptive halt, cache_misses = 97346
preemptive halt, cache_misses = 97346
preemptive halt, cache_misses = 97346
preemptive halt, cache_misses = 97346
preemptive halt, cache_misses = 97346
preemptive halt, cache_misses = 97346
preemptive halt, cache_misses = 97346
preemptive halt, cache_misses = 97346
preemptive halt, cache_misses = 97346
preemptive halt, cache_misses = 97346
preemptive halt, cache_misses = 97346
preemptive halt, cache_misses = 97346
preemptive halt, cache_misses = 97346
preemptive halt, cache_misses = 97346
preemptive halt, cache_misses = 97346
preemptive halt, cache_misses = 97346
preemptive halt, cache_misses = 97346
preemptive halt, cache_misses = 97346
preemptive halt, cache_misses = 97346
preemptive halt, cache_misses = 97346
preemptive halt, cache_misses = 97346
preemptive halt, cache_misses = 97346
preemptive halt, cache_misses = 97346
preemptive halt, cache_misses = 97346
preemptive halt, cache_misses = 97346
preemptive halt, cache_misses = 97346
preemptive halt, cache_misses = 97346
preemptive halt, cache_misses = 97346
preemptive halt, cache_misses = 97346
preemptive halt, cache_misses = 97346
preemptive halt, cache_misses = 97346
preemptive halt, cache_misses = 97346
preemptive halt, cache_misses = 97346
preemptive halt, cache_misses = 97346
preemptive halt, cache_misses = 97346
preemptive halt, cache_misses = 97346
preemptive halt, cache_misses = 97346
preemptive halt, cache_misses = 97346
preemptive halt, cache_misses = 97346
preemptive halt, cache_misses = 97346
preemptive halt, cache_misses = 97346
preemptive halt, cache_misses = 97346
preemptive halt, cache_misses = 97346
preemptive halt, cache_misses = 97346
preemptive halt, cache_misses = 97346
preemptive halt, cache_misses = 97346
preemptive halt, cache_misses = 97346
preemptive halt, cache_misses = 97346
preemptive halt, cache_misses = 97346
preemptive halt, cache_misses = 97346
preemptive halt, cache_misses = 97346
preemptive halt, cache_misses = 97346
preemptive halt, cache_misses = 97346
preemptive halt, cache_misses = 97346
preemptive halt, cache_misses = 97346
preemptive halt, cache_misses = 97346
preemptive halt, cache_misses = 97346
preemptive halt, cache_misses = 97346
preemptive halt, cache_misses = 97346
preemptive halt, cache_misses = 97346
preemptive halt, cache_misses = 97346
preemptive halt, cache_misses = 97346
preemptive halt, cache_misses = 97346
preemptive halt, cache_misses = 97346
preemptive halt, cache_misses = 97346
preemptive halt, cache_misses = 97346
preemptive halt, cache_misses = 97346
preemptive halt, cache_misses = 97346
preemptive halt, cache_misses = 97346
preemptive halt, cache_misses = 97346
binary search, size 27148  misses 97346  min 27109  max 27187
preemptive halt, cache_misses = 97347
preemptive halt, cache_misses = 97347
preemptive halt, cache_misses = 97347
preemptive halt, cache_misses = 97347
preemptive halt, cache_misses = 97347
preemptive halt, cache_misses = 97347
preemptive halt, cache_misses = 97347
preemptive halt, cache_misses = 97347
preemptive halt, cache_misses = 97347
preemptive halt, cache_misses = 97347
preemptive halt, cache_misses = 97347
preemptive halt, cache_misses = 97347
preemptive halt, cache_misses = 97347
preemptive halt, cache_misses = 97347
preemptive halt, cache_misses = 97347
preemptive halt, cache_misses = 97347
preemptive halt, cache_misses = 97347
preemptive halt, cache_misses = 97347
preemptive halt, cache_misses = 97347
preemptive halt, cache_misses = 97347
preemptive halt, cache_misses = 97347
preemptive halt, cache_misses = 97347
preemptive halt, cache_misses = 97347
preemptive halt, cache_misses = 97347
preemptive halt, cache_misses = 97347
preemptive halt, cache_misses = 97347
preemptive halt, cache_misses = 97347
preemptive halt, cache_misses = 97347
preemptive halt, cache_misses = 97347
preemptive halt, cache_misses = 97347
preemptive halt, cache_misses = 97347
preemptive halt, cache_misses = 97347
preemptive halt, cache_misses = 97347
preemptive halt, cache_misses = 97347
preemptive halt, cache_misses = 97347
preemptive halt, cache_misses = 97347
preemptive halt, cache_misses = 97347
preemptive halt, cache_misses = 97347
preemptive halt, cache_misses = 97347
preemptive halt, cache_misses = 97347
preemptive halt, cache_misses = 97347
preemptive halt, cache_misses = 97347
preemptive halt, cache_misses = 97347
preemptive halt, cache_misses = 97347
preemptive halt, cache_misses = 97347
preemptive halt, cache_misses = 97347
preemptive halt, cache_misses = 97347
preemptive halt, cache_misses = 97347
preemptive halt, cache_misses = 97347
preemptive halt, cache_misses = 97347
preemptive halt, cache_misses = 97347
preemptive halt, cache_misses = 97347
preemptive halt, cache_misses = 97347
preemptive halt, cache_misses = 97347
preemptive halt, cache_misses = 97347
preemptive halt, cache_misses = 97347
preemptive halt, cache_misses = 97347
preemptive halt, cache_misses = 97347
preemptive halt, cache_misses = 97347
preemptive halt, cache_misses = 97347
preemptive halt, cache_misses = 97347
preemptive halt, cache_misses = 97347
preemptive halt, cache_misses = 97347
preemptive halt, cache_misses = 97347
preemptive halt, cache_misses = 97347
preemptive halt, cache_misses = 97347
preemptive halt, cache_misses = 97347
preemptive halt, cache_misses = 97347
preemptive halt, cache_misses = 97347
preemptive halt, cache_misses = 97347
preemptive halt, cache_misses = 97347
preemptive halt, cache_misses = 97347
preemptive halt, cache_misses = 97347
preemptive halt, cache_misses = 97347
preemptive halt, cache_misses = 97347
preemptive halt, cache_misses = 97347
preemptive halt, cache_misses = 97347
preemptive halt, cache_misses = 97347
preemptive halt, cache_misses = 97347
preemptive halt, cache_misses = 97347
preemptive halt, cache_misses = 97347
preemptive halt, cache_misses = 97347
preemptive halt, cache_misses = 97347
preemptive halt, cache_misses = 97347
preemptive halt, cache_misses = 97347
preemptive halt, cache_misses = 97347
preemptive halt, cache_misses = 97347
preemptive halt, cache_misses = 97347
preemptive halt, cache_misses = 97347
preemptive halt, cache_misses = 97347
binary search, size 27167  misses 97347  min 27148  max 27187
preemptive halt, cache_misses = 97348
preemptive halt, cache_misses = 97348
preemptive halt, cache_misses = 97348
preemptive halt, cache_misses = 97348
preemptive halt, cache_misses = 97348
preemptive halt, cache_misses = 97348
preemptive halt, cache_misses = 97348
preemptive halt, cache_misses = 97348
preemptive halt, cache_misses = 97348
preemptive halt, cache_misses = 97348
preemptive halt, cache_misses = 97348
preemptive halt, cache_misses = 97348
preemptive halt, cache_misses = 97348
preemptive halt, cache_misses = 97348
preemptive halt, cache_misses = 97348
preemptive halt, cache_misses = 97348
preemptive halt, cache_misses = 97348
preemptive halt, cache_misses = 97348
preemptive halt, cache_misses = 97348
preemptive halt, cache_misses = 97348
preemptive halt, cache_misses = 97348
preemptive halt, cache_misses = 97348
preemptive halt, cache_misses = 97348
preemptive halt, cache_misses = 97348
preemptive halt, cache_misses = 97348
preemptive halt, cache_misses = 97348
preemptive halt, cache_misses = 97348
preemptive halt, cache_misses = 97348
preemptive halt, cache_misses = 97348
preemptive halt, cache_misses = 97348
preemptive halt, cache_misses = 97348
preemptive halt, cache_misses = 97348
preemptive halt, cache_misses = 97348
preemptive halt, cache_misses = 97348
preemptive halt, cache_misses = 97348
preemptive halt, cache_misses = 97348
preemptive halt, cache_misses = 97348
preemptive halt, cache_misses = 97348
preemptive halt, cache_misses = 97348
preemptive halt, cache_misses = 97348
preemptive halt, cache_misses = 97348
preemptive halt, cache_misses = 97348
preemptive halt, cache_misses = 97348
preemptive halt, cache_misses = 97348
preemptive halt, cache_misses = 97348
preemptive halt, cache_misses = 97348
preemptive halt, cache_misses = 97348
preemptive halt, cache_misses = 97348
preemptive halt, cache_misses = 97348
preemptive halt, cache_misses = 97348
preemptive halt, cache_misses = 97348
preemptive halt, cache_misses = 97348
preemptive halt, cache_misses = 97348
preemptive halt, cache_misses = 97348
preemptive halt, cache_misses = 97348
preemptive halt, cache_misses = 97348
preemptive halt, cache_misses = 97348
preemptive halt, cache_misses = 97348
preemptive halt, cache_misses = 97348
preemptive halt, cache_misses = 97348
preemptive halt, cache_misses = 97348
preemptive halt, cache_misses = 97348
preemptive halt, cache_misses = 97348
preemptive halt, cache_misses = 97348
preemptive halt, cache_misses = 97348
preemptive halt, cache_misses = 97348
preemptive halt, cache_misses = 97348
preemptive halt, cache_misses = 97348
preemptive halt, cache_misses = 97348
preemptive halt, cache_misses = 97348
preemptive halt, cache_misses = 97348
preemptive halt, cache_misses = 97348
preemptive halt, cache_misses = 97348
preemptive halt, cache_misses = 97348
preemptive halt, cache_misses = 97348
preemptive halt, cache_misses = 97348
preemptive halt, cache_misses = 97348
preemptive halt, cache_misses = 97348
preemptive halt, cache_misses = 97348
preemptive halt, cache_misses = 97348
preemptive halt, cache_misses = 97348
preemptive halt, cache_misses = 97348
preemptive halt, cache_misses = 97348
preemptive halt, cache_misses = 97348
preemptive halt, cache_misses = 97348
preemptive halt, cache_misses = 97348
preemptive halt, cache_misses = 97348
preemptive halt, cache_misses = 97348
preemptive halt, cache_misses = 97348
preemptive halt, cache_misses = 97348
preemptive halt, cache_misses = 97348
preemptive halt, cache_misses = 97348
binary search, size 27177  misses 97348  min 27167  max 27187
preemptive halt, cache_misses = 97349
preemptive halt, cache_misses = 97349
preemptive halt, cache_misses = 97349
preemptive halt, cache_misses = 97349
preemptive halt, cache_misses = 97349
preemptive halt, cache_misses = 97349
preemptive halt, cache_misses = 97349
preemptive halt, cache_misses = 97349
preemptive halt, cache_misses = 97349
preemptive halt, cache_misses = 97349
preemptive halt, cache_misses = 97349
preemptive halt, cache_misses = 97349
preemptive halt, cache_misses = 97349
preemptive halt, cache_misses = 97349
preemptive halt, cache_misses = 97349
preemptive halt, cache_misses = 97349
preemptive halt, cache_misses = 97349
preemptive halt, cache_misses = 97349
preemptive halt, cache_misses = 97349
preemptive halt, cache_misses = 97349
preemptive halt, cache_misses = 97349
preemptive halt, cache_misses = 97349
preemptive halt, cache_misses = 97349
preemptive halt, cache_misses = 97349
preemptive halt, cache_misses = 97349
preemptive halt, cache_misses = 97349
preemptive halt, cache_misses = 97349
preemptive halt, cache_misses = 97349
preemptive halt, cache_misses = 97349
preemptive halt, cache_misses = 97349
preemptive halt, cache_misses = 97349
preemptive halt, cache_misses = 97349
preemptive halt, cache_misses = 97349
preemptive halt, cache_misses = 97349
preemptive halt, cache_misses = 97349
preemptive halt, cache_misses = 97349
preemptive halt, cache_misses = 97349
preemptive halt, cache_misses = 97349
preemptive halt, cache_misses = 97349
preemptive halt, cache_misses = 97349
preemptive halt, cache_misses = 97349
preemptive halt, cache_misses = 97349
preemptive halt, cache_misses = 97349
preemptive halt, cache_misses = 97349
preemptive halt, cache_misses = 97349
preemptive halt, cache_misses = 97349
preemptive halt, cache_misses = 97349
preemptive halt, cache_misses = 97349
preemptive halt, cache_misses = 97349
preemptive halt, cache_misses = 97349
preemptive halt, cache_misses = 97349
preemptive halt, cache_misses = 97349
preemptive halt, cache_misses = 97349
preemptive halt, cache_misses = 97349
preemptive halt, cache_misses = 97349
preemptive halt, cache_misses = 97349
preemptive halt, cache_misses = 97349
preemptive halt, cache_misses = 97349
preemptive halt, cache_misses = 97349
preemptive halt, cache_misses = 97349
preemptive halt, cache_misses = 97349
preemptive halt, cache_misses = 97349
preemptive halt, cache_misses = 97349
preemptive halt, cache_misses = 97349
preemptive halt, cache_misses = 97349
preemptive halt, cache_misses = 97349
preemptive halt, cache_misses = 97349
preemptive halt, cache_misses = 97349
preemptive halt, cache_misses = 97349
preemptive halt, cache_misses = 97349
preemptive halt, cache_misses = 97349
preemptive halt, cache_misses = 97349
preemptive halt, cache_misses = 97349
preemptive halt, cache_misses = 97349
preemptive halt, cache_misses = 97349
preemptive halt, cache_misses = 97349
preemptive halt, cache_misses = 97349
preemptive halt, cache_misses = 97349
preemptive halt, cache_misses = 97349
preemptive halt, cache_misses = 97349
preemptive halt, cache_misses = 97349
preemptive halt, cache_misses = 97349
preemptive halt, cache_misses = 97349
preemptive halt, cache_misses = 97349
preemptive halt, cache_misses = 97349
preemptive halt, cache_misses = 97349
preemptive halt, cache_misses = 97349
preemptive halt, cache_misses = 97349
preemptive halt, cache_misses = 97349
preemptive halt, cache_misses = 97349
preemptive halt, cache_misses = 97349
preemptive halt, cache_misses = 97349
preemptive halt, cache_misses = 97349
preemptive halt, cache_misses = 97349
binary search, size 27182  misses 97349  min 27177  max 27187
preemptive halt, cache_misses = 97350
preemptive halt, cache_misses = 97350
preemptive halt, cache_misses = 97350
preemptive halt, cache_misses = 97350
preemptive halt, cache_misses = 97350
preemptive halt, cache_misses = 97350
preemptive halt, cache_misses = 97350
preemptive halt, cache_misses = 97350
preemptive halt, cache_misses = 97350
preemptive halt, cache_misses = 97350
preemptive halt, cache_misses = 97350
preemptive halt, cache_misses = 97350
preemptive halt, cache_misses = 97350
preemptive halt, cache_misses = 97350
preemptive halt, cache_misses = 97350
preemptive halt, cache_misses = 97350
preemptive halt, cache_misses = 97350
preemptive halt, cache_misses = 97350
preemptive halt, cache_misses = 97350
preemptive halt, cache_misses = 97350
preemptive halt, cache_misses = 97350
preemptive halt, cache_misses = 97350
preemptive halt, cache_misses = 97350
preemptive halt, cache_misses = 97350
preemptive halt, cache_misses = 97350
preemptive halt, cache_misses = 97350
preemptive halt, cache_misses = 97350
preemptive halt, cache_misses = 97350
preemptive halt, cache_misses = 97350
preemptive halt, cache_misses = 97350
preemptive halt, cache_misses = 97350
preemptive halt, cache_misses = 97350
preemptive halt, cache_misses = 97350
preemptive halt, cache_misses = 97350
preemptive halt, cache_misses = 97350
preemptive halt, cache_misses = 97350
preemptive halt, cache_misses = 97350
preemptive halt, cache_misses = 97350
preemptive halt, cache_misses = 97350
preemptive halt, cache_misses = 97350
preemptive halt, cache_misses = 97350
preemptive halt, cache_misses = 97350
preemptive halt, cache_misses = 97350
preemptive halt, cache_misses = 97350
preemptive halt, cache_misses = 97350
preemptive halt, cache_misses = 97350
preemptive halt, cache_misses = 97350
preemptive halt, cache_misses = 97350
preemptive halt, cache_misses = 97350
preemptive halt, cache_misses = 97350
preemptive halt, cache_misses = 97350
preemptive halt, cache_misses = 97350
preemptive halt, cache_misses = 97350
preemptive halt, cache_misses = 97350
preemptive halt, cache_misses = 97350
preemptive halt, cache_misses = 97350
preemptive halt, cache_misses = 97350
preemptive halt, cache_misses = 97350
preemptive halt, cache_misses = 97350
preemptive halt, cache_misses = 97350
preemptive halt, cache_misses = 97350
preemptive halt, cache_misses = 97350
preemptive halt, cache_misses = 97350
preemptive halt, cache_misses = 97350
preemptive halt, cache_misses = 97350
preemptive halt, cache_misses = 97350
preemptive halt, cache_misses = 97350
preemptive halt, cache_misses = 97350
preemptive halt, cache_misses = 97350
preemptive halt, cache_misses = 97350
preemptive halt, cache_misses = 97350
preemptive halt, cache_misses = 97350
preemptive halt, cache_misses = 97350
preemptive halt, cache_misses = 97350
preemptive halt, cache_misses = 97350
preemptive halt, cache_misses = 97350
preemptive halt, cache_misses = 97350
preemptive halt, cache_misses = 97350
preemptive halt, cache_misses = 97350
preemptive halt, cache_misses = 97350
preemptive halt, cache_misses = 97350
preemptive halt, cache_misses = 97350
preemptive halt, cache_misses = 97350
preemptive halt, cache_misses = 97350
preemptive halt, cache_misses = 97350
preemptive halt, cache_misses = 97350
preemptive halt, cache_misses = 97350
preemptive halt, cache_misses = 97350
preemptive halt, cache_misses = 97350
preemptive halt, cache_misses = 97350
preemptive halt, cache_misses = 97350
preemptive halt, cache_misses = 97350
preemptive halt, cache_misses = 97350
preemptive halt, cache_misses = 97350
preemptive halt, cache_misses = 97350
preemptive halt, cache_misses = 97350
binary search, size 27184  misses 97350  min 27182  max 27187
binary search, size 27185  misses 97343  min 27184  max 27187
characteristic cache size (binary search) for 311 = 27185
End at: 2021-04-02 16:16:03.575392
Time elapsed: 0:00:01.784602
