Begin at: 2021-04-02 00:45:39.945235
['../dist/Debug/GNU-Linux/memo_batch_tester', '', '--mbt_execution_trace_fname', 'olcs4_traceback_csize_input_types/OLCS4_lru_2021_04_02__00_44_23_k_3__d_2_cache_size_160000_problems_10_to_400/OLCS4_lru_2021_04_02__00_44_23_k_3__d_2_cache_size_160000_problems_10_to_400/OLCS4__do_traceback_prob_size_221_cache_size_160000_lru_k_3_d_2_execution_trace_2021_4_2_0_45_39_pid_2570.log', '--mbt_cache_misses_fname', 'olcs4_traceback_csize_input_types/OLCS4_lru_2021_04_02__00_44_23_k_3__d_2_cache_size_160000_problems_10_to_400/lcs_cost_OLCS4_lru_misses_for_cache_size.csv', '--mbt_misses_for_problem_size_fname', 'olcs4_traceback_csize_input_types/OLCS4_lru_2021_04_02__00_44_23_k_3__d_2_cache_size_160000_problems_10_to_400/lcs_cost_OLCS4_lru_misses_for_problem_size.csv', '--mbt_exact_cutoff_min_cache_size', '160000', '--mbt_exact_cutoff_max_cache_size', '160000', '--mbt_problem_type', 'lcs', '--mbt_metric_type', 'csize_binary_search', '--mbt_cutoff_ratio', '2.2', '--mbt_instance_fname', '221', '--mbt_detailed_cache_misses_out_fname', 'csize_olcs4_traceback_001122_221100.csv', '--mbt_phi_N', '5.0', '--mbt_problem_size', '221', '--lcs_compute_length', '0', '--lcs_perform_traceback', '1', '--lig_instance_type', '001122_221100', '--lig_n', '221', '--lig_c', '3.0', '--lig_b', '3.0', '--lcs_oblivious', '4', '--lcs_execution_trace_fname', 'olcs4_traceback_csize_input_types/OLCS4_lru_2021_04_02__00_44_23_k_3__d_2_cache_size_160000_problems_10_to_400/OLCS4_lru_2021_04_02__00_44_23_k_3__d_2_cache_size_160000_problems_10_to_400/OLCS4__do_traceback_prob_size_221_cache_size_160000_lru_k_3_d_2_execution_trace_2021_4_2_0_45_39_pid_2570.log', '--memo_caching_strategy', 'lru', '--memo_cache_size', '160001', '--memo_lru_queue_size', '160000', '--memo_cuckoo_k', '4', '--memo_key_length', '8', '--memo_value_length', '8', '--memo_k_timestamps', '3', '--memo_d_recent_timestamps', '2', '--memo_a_items_per_timestamp_factor', '0.4375']

csize_binary_search chosen
lcs problem_type lcs cache_size 160001
initialize_long_int_cache begin
init_memo
arguments to memo:
 --mbt_execution_trace_fname olcs4_traceback_csize_input_types/OLCS4_lru_2021_04_02__00_44_23_k_3__d_2_cache_size_160000_problems_10_to_400/OLCS4_lru_2021_04_02__00_44_23_k_3__d_2_cache_size_160000_problems_10_to_400/OLCS4__do_traceback_prob_size_221_cache_size_160000_lru_k_3_d_2_execution_trace_2021_4_2_0_45_39_pid_2570.log --mbt_cache_misses_fname olcs4_traceback_csize_input_types/OLCS4_lru_2021_04_02__00_44_23_k_3__d_2_cache_size_160000_problems_10_to_400/lcs_cost_OLCS4_lru_misses_for_cache_size.csv --mbt_misses_for_problem_size_fname olcs4_traceback_csize_input_types/OLCS4_lru_2021_04_02__00_44_23_k_3__d_2_cache_size_160000_problems_10_to_400/lcs_cost_OLCS4_lru_misses_for_problem_size.csv --mbt_exact_cutoff_min_cache_size 160000 --mbt_exact_cutoff_max_cache_size 160000 --mbt_problem_type lcs --mbt_metric_type csize_binary_search --mbt_cutoff_ratio 2.2 --mbt_instance_fname 221 --mbt_detailed_cache_misses_out_fname csize_olcs4_traceback_001122_221100.csv --mbt_phi_N 5.0 --mbt_problem_size 221 --lcs_compute_length 0 --lcs_perform_traceback 1 --lig_instance_type 001122_221100 --lig_n 221 --lig_c 3.0 --lig_b 3.0 --lcs_oblivious 4 --lcs_execution_trace_fname olcs4_traceback_csize_input_types/OLCS4_lru_2021_04_02__00_44_23_k_3__d_2_cache_size_160000_problems_10_to_400/OLCS4_lru_2021_04_02__00_44_23_k_3__d_2_cache_size_160000_problems_10_to_400/OLCS4__do_traceback_prob_size_221_cache_size_160000_lru_k_3_d_2_execution_trace_2021_4_2_0_45_39_pid_2570.log --memo_caching_strategy lru --memo_cache_size 160001 --memo_lru_queue_size 160000 --memo_cuckoo_k 4 --memo_key_length 8 --memo_value_length 8 --memo_k_timestamps 3 --memo_d_recent_timestamps 2 --memo_a_items_per_timestamp_factor 0.4375 
calculate_table_size: table_size is 262144, original is 160001
Finished initializing cache
initialize_long_int_cache end
done initializing cache
initializing problem
done initializing problem
commence trials
Starting characteristic_cache_size_binary_search with max cache size 160001
binary search, size 160001  misses 48840
binary search, size 80000  misses 48840  min 0  max 160001
preemptive halt, cache_misses = 48841
preemptive halt, cache_misses = 48841
preemptive halt, cache_misses = 48841
preemptive halt, cache_misses = 48841
binary search, size 40000  misses 48841  min 0  max 80000
binary search, size 60000  misses 48840  min 40000  max 80000
binary search, size 50000  misses 48840  min 40000  max 60000
binary search, size 45000  misses 48840  min 40000  max 50000
preemptive halt, cache_misses = 48841
preemptive halt, cache_misses = 48841
preemptive halt, cache_misses = 48841
preemptive halt, cache_misses = 48841
binary search, size 42500  misses 48841  min 40000  max 45000
preemptive halt, cache_misses = 48842
preemptive halt, cache_misses = 48842
preemptive halt, cache_misses = 48842
preemptive halt, cache_misses = 48842
preemptive halt, cache_misses = 48842
preemptive halt, cache_misses = 48842
binary search, size 43750  misses 48842  min 42500  max 45000
binary search, size 44375  misses 48840  min 43750  max 45000
binary search, size 44062  misses 48840  min 43750  max 44375
binary search, size 43906  misses 48840  min 43750  max 44062
binary search, size 43828  misses 48840  min 43750  max 43906
binary search, size 43789  misses 48840  min 43750  max 43828
binary search, size 43769  misses 48840  min 43750  max 43789
binary search, size 43759  misses 48840  min 43750  max 43769
preemptive halt, cache_misses = 48841
preemptive halt, cache_misses = 48841
preemptive halt, cache_misses = 48841
preemptive halt, cache_misses = 48841
binary search, size 43754  misses 48841  min 43750  max 43759
preemptive halt, cache_misses = 48842
preemptive halt, cache_misses = 48842
preemptive halt, cache_misses = 48842
preemptive halt, cache_misses = 48842
preemptive halt, cache_misses = 48842
preemptive halt, cache_misses = 48842
binary search, size 43756  misses 48842  min 43754  max 43759
preemptive halt, cache_misses = 48843
preemptive halt, cache_misses = 48843
preemptive halt, cache_misses = 48843
preemptive halt, cache_misses = 48843
preemptive halt, cache_misses = 48843
preemptive halt, cache_misses = 48843
preemptive halt, cache_misses = 48843
preemptive halt, cache_misses = 48843
binary search, size 43757  misses 48843  min 43756  max 43759
preemptive halt, cache_misses = 48844
preemptive halt, cache_misses = 48844
preemptive halt, cache_misses = 48844
preemptive halt, cache_misses = 48844
preemptive halt, cache_misses = 48844
preemptive halt, cache_misses = 48844
preemptive halt, cache_misses = 48844
preemptive halt, cache_misses = 48844
preemptive halt, cache_misses = 48844
preemptive halt, cache_misses = 48844
binary search, size 43758  misses 48844  min 43757  max 43759
characteristic cache size (binary search) for 221 = 43759
End at: 2021-04-02 00:45:40.827816
Time elapsed: 0:00:00.882597
