Begin at: 2021-04-02 00:47:31.423623
['../dist/Debug/GNU-Linux/memo_batch_tester', '', '--mbt_execution_trace_fname', 'olcs4_traceback_csize_input_types/OLCS4_lru_2021_04_02__00_44_23_k_3__d_2_cache_size_160000_problems_10_to_400/OLCS4_lru_2021_04_02__00_44_23_k_3__d_2_cache_size_160000_problems_10_to_400/OLCS4__do_traceback_prob_size_311_cache_size_160000_lru_k_3_d_2_execution_trace_2021_4_2_0_47_31_pid_2821.log', '--mbt_cache_misses_fname', 'olcs4_traceback_csize_input_types/OLCS4_lru_2021_04_02__00_44_23_k_3__d_2_cache_size_160000_problems_10_to_400/lcs_cost_OLCS4_lru_misses_for_cache_size.csv', '--mbt_misses_for_problem_size_fname', 'olcs4_traceback_csize_input_types/OLCS4_lru_2021_04_02__00_44_23_k_3__d_2_cache_size_160000_problems_10_to_400/lcs_cost_OLCS4_lru_misses_for_problem_size.csv', '--mbt_exact_cutoff_min_cache_size', '160000', '--mbt_exact_cutoff_max_cache_size', '160000', '--mbt_problem_type', 'lcs', '--mbt_metric_type', 'csize_binary_search', '--mbt_cutoff_ratio', '2.2', '--mbt_instance_fname', '311', '--mbt_detailed_cache_misses_out_fname', 'csize_olcs4_traceback_001122_221100.csv', '--mbt_phi_N', '5.0', '--mbt_problem_size', '311', '--lcs_compute_length', '0', '--lcs_perform_traceback', '1', '--lig_instance_type', '001122_221100', '--lig_n', '311', '--lig_c', '3.0', '--lig_b', '3.0', '--lcs_oblivious', '4', '--lcs_execution_trace_fname', 'olcs4_traceback_csize_input_types/OLCS4_lru_2021_04_02__00_44_23_k_3__d_2_cache_size_160000_problems_10_to_400/OLCS4_lru_2021_04_02__00_44_23_k_3__d_2_cache_size_160000_problems_10_to_400/OLCS4__do_traceback_prob_size_311_cache_size_160000_lru_k_3_d_2_execution_trace_2021_4_2_0_47_31_pid_2821.log', '--memo_caching_strategy', 'lru', '--memo_cache_size', '160001', '--memo_lru_queue_size', '160000', '--memo_cuckoo_k', '4', '--memo_key_length', '8', '--memo_value_length', '8', '--memo_k_timestamps', '3', '--memo_d_recent_timestamps', '2', '--memo_a_items_per_timestamp_factor', '0.4375']

csize_binary_search chosen
lcs problem_type lcs cache_size 160001
initialize_long_int_cache begin
init_memo
arguments to memo:
 --mbt_execution_trace_fname olcs4_traceback_csize_input_types/OLCS4_lru_2021_04_02__00_44_23_k_3__d_2_cache_size_160000_problems_10_to_400/OLCS4_lru_2021_04_02__00_44_23_k_3__d_2_cache_size_160000_problems_10_to_400/OLCS4__do_traceback_prob_size_311_cache_size_160000_lru_k_3_d_2_execution_trace_2021_4_2_0_47_31_pid_2821.log --mbt_cache_misses_fname olcs4_traceback_csize_input_types/OLCS4_lru_2021_04_02__00_44_23_k_3__d_2_cache_size_160000_problems_10_to_400/lcs_cost_OLCS4_lru_misses_for_cache_size.csv --mbt_misses_for_problem_size_fname olcs4_traceback_csize_input_types/OLCS4_lru_2021_04_02__00_44_23_k_3__d_2_cache_size_160000_problems_10_to_400/lcs_cost_OLCS4_lru_misses_for_problem_size.csv --mbt_exact_cutoff_min_cache_size 160000 --mbt_exact_cutoff_max_cache_size 160000 --mbt_problem_type lcs --mbt_metric_type csize_binary_search --mbt_cutoff_ratio 2.2 --mbt_instance_fname 311 --mbt_detailed_cache_misses_out_fname csize_olcs4_traceback_001122_221100.csv --mbt_phi_N 5.0 --mbt_problem_size 311 --lcs_compute_length 0 --lcs_perform_traceback 1 --lig_instance_type 001122_221100 --lig_n 311 --lig_c 3.0 --lig_b 3.0 --lcs_oblivious 4 --lcs_execution_trace_fname olcs4_traceback_csize_input_types/OLCS4_lru_2021_04_02__00_44_23_k_3__d_2_cache_size_160000_problems_10_to_400/OLCS4_lru_2021_04_02__00_44_23_k_3__d_2_cache_size_160000_problems_10_to_400/OLCS4__do_traceback_prob_size_311_cache_size_160000_lru_k_3_d_2_execution_trace_2021_4_2_0_47_31_pid_2821.log --memo_caching_strategy lru --memo_cache_size 160001 --memo_lru_queue_size 160000 --memo_cuckoo_k 4 --memo_key_length 8 --memo_value_length 8 --memo_k_timestamps 3 --memo_d_recent_timestamps 2 --memo_a_items_per_timestamp_factor 0.4375 
calculate_table_size: table_size is 262144, original is 160001
Finished initializing cache
initialize_long_int_cache end
done initializing cache
initializing problem
done initializing problem
commence trials
Starting characteristic_cache_size_binary_search with max cache size 160001
binary search, size 160001  misses 96720
preemptive halt, cache_misses = 96721
preemptive halt, cache_misses = 96721
preemptive halt, cache_misses = 96721
preemptive halt, cache_misses = 96721
binary search, size 80000  misses 96721  min 0  max 160001
binary search, size 120000  misses 96720  min 80000  max 160001
binary search, size 100000  misses 96720  min 80000  max 120000
binary search, size 90000  misses 96720  min 80000  max 100000
preemptive halt, cache_misses = 96721
preemptive halt, cache_misses = 96721
preemptive halt, cache_misses = 96721
preemptive halt, cache_misses = 96721
binary search, size 85000  misses 96721  min 80000  max 90000
binary search, size 87500  misses 96720  min 85000  max 90000
preemptive halt, cache_misses = 96721
preemptive halt, cache_misses = 96721
preemptive halt, cache_misses = 96721
preemptive halt, cache_misses = 96721
binary search, size 86250  misses 96721  min 85000  max 87500
binary search, size 86875  misses 96720  min 86250  max 87500
preemptive halt, cache_misses = 96721
preemptive halt, cache_misses = 96721
preemptive halt, cache_misses = 96721
preemptive halt, cache_misses = 96721
binary search, size 86562  misses 96721  min 86250  max 86875
preemptive halt, cache_misses = 96722
preemptive halt, cache_misses = 96722
preemptive halt, cache_misses = 96722
preemptive halt, cache_misses = 96722
preemptive halt, cache_misses = 96722
preemptive halt, cache_misses = 96722
binary search, size 86718  misses 96722  min 86562  max 86875
binary search, size 86796  misses 96720  min 86718  max 86875
preemptive halt, cache_misses = 96721
preemptive halt, cache_misses = 96721
preemptive halt, cache_misses = 96721
preemptive halt, cache_misses = 96721
binary search, size 86757  misses 96721  min 86718  max 86796
binary search, size 86776  misses 96720  min 86757  max 86796
preemptive halt, cache_misses = 96721
preemptive halt, cache_misses = 96721
preemptive halt, cache_misses = 96721
preemptive halt, cache_misses = 96721
binary search, size 86766  misses 96721  min 86757  max 86776
binary search, size 86771  misses 96720  min 86766  max 86776
preemptive halt, cache_misses = 96721
preemptive halt, cache_misses = 96721
preemptive halt, cache_misses = 96721
preemptive halt, cache_misses = 96721
binary search, size 86768  misses 96721  min 86766  max 86771
preemptive halt, cache_misses = 96722
preemptive halt, cache_misses = 96722
preemptive halt, cache_misses = 96722
preemptive halt, cache_misses = 96722
preemptive halt, cache_misses = 96722
preemptive halt, cache_misses = 96722
binary search, size 86769  misses 96722  min 86768  max 86771
binary search, size 86770  misses 96720  min 86769  max 86771
characteristic cache size (binary search) for 311 = 86770
End at: 2021-04-02 00:47:33.128762
Time elapsed: 0:00:01.705155
