Begin at: 2021-04-02 00:50:39.005086
['../dist/Debug/GNU-Linux/memo_batch_tester', '', '--mbt_execution_trace_fname', 'olcs4_traceback_csize_input_types/OLCS4_lru_2021_04_02__00_44_23_k_3__d_2_cache_size_160000_problems_10_to_400/OLCS4_lru_2021_04_02__00_44_23_k_3__d_2_cache_size_160000_problems_10_to_400/OLCS4__do_traceback_prob_size_397_cache_size_160000_lru_k_3_d_2_execution_trace_2021_4_2_0_50_39_pid_3155.log', '--mbt_cache_misses_fname', 'olcs4_traceback_csize_input_types/OLCS4_lru_2021_04_02__00_44_23_k_3__d_2_cache_size_160000_problems_10_to_400/lcs_cost_OLCS4_lru_misses_for_cache_size.csv', '--mbt_misses_for_problem_size_fname', 'olcs4_traceback_csize_input_types/OLCS4_lru_2021_04_02__00_44_23_k_3__d_2_cache_size_160000_problems_10_to_400/lcs_cost_OLCS4_lru_misses_for_problem_size.csv', '--mbt_exact_cutoff_min_cache_size', '160000', '--mbt_exact_cutoff_max_cache_size', '160000', '--mbt_problem_type', 'lcs', '--mbt_metric_type', 'csize_binary_search', '--mbt_cutoff_ratio', '2.2', '--mbt_instance_fname', '397', '--mbt_detailed_cache_misses_out_fname', 'csize_olcs4_traceback_001122_221100.csv', '--mbt_phi_N', '5.0', '--mbt_problem_size', '397', '--lcs_compute_length', '0', '--lcs_perform_traceback', '1', '--lig_instance_type', '001122_221100', '--lig_n', '397', '--lig_c', '3.0', '--lig_b', '3.0', '--lcs_oblivious', '4', '--lcs_execution_trace_fname', 'olcs4_traceback_csize_input_types/OLCS4_lru_2021_04_02__00_44_23_k_3__d_2_cache_size_160000_problems_10_to_400/OLCS4_lru_2021_04_02__00_44_23_k_3__d_2_cache_size_160000_problems_10_to_400/OLCS4__do_traceback_prob_size_397_cache_size_160000_lru_k_3_d_2_execution_trace_2021_4_2_0_50_39_pid_3155.log', '--memo_caching_strategy', 'lru', '--memo_cache_size', '160001', '--memo_lru_queue_size', '160000', '--memo_cuckoo_k', '4', '--memo_key_length', '8', '--memo_value_length', '8', '--memo_k_timestamps', '3', '--memo_d_recent_timestamps', '2', '--memo_a_items_per_timestamp_factor', '0.4375']

csize_binary_search chosen
lcs problem_type lcs cache_size 160001
initialize_long_int_cache begin
init_memo
arguments to memo:
 --mbt_execution_trace_fname olcs4_traceback_csize_input_types/OLCS4_lru_2021_04_02__00_44_23_k_3__d_2_cache_size_160000_problems_10_to_400/OLCS4_lru_2021_04_02__00_44_23_k_3__d_2_cache_size_160000_problems_10_to_400/OLCS4__do_traceback_prob_size_397_cache_size_160000_lru_k_3_d_2_execution_trace_2021_4_2_0_50_39_pid_3155.log --mbt_cache_misses_fname olcs4_traceback_csize_input_types/OLCS4_lru_2021_04_02__00_44_23_k_3__d_2_cache_size_160000_problems_10_to_400/lcs_cost_OLCS4_lru_misses_for_cache_size.csv --mbt_misses_for_problem_size_fname olcs4_traceback_csize_input_types/OLCS4_lru_2021_04_02__00_44_23_k_3__d_2_cache_size_160000_problems_10_to_400/lcs_cost_OLCS4_lru_misses_for_problem_size.csv --mbt_exact_cutoff_min_cache_size 160000 --mbt_exact_cutoff_max_cache_size 160000 --mbt_problem_type lcs --mbt_metric_type csize_binary_search --mbt_cutoff_ratio 2.2 --mbt_instance_fname 397 --mbt_detailed_cache_misses_out_fname csize_olcs4_traceback_001122_221100.csv --mbt_phi_N 5.0 --mbt_problem_size 397 --lcs_compute_length 0 --lcs_perform_traceback 1 --lig_instance_type 001122_221100 --lig_n 397 --lig_c 3.0 --lig_b 3.0 --lcs_oblivious 4 --lcs_execution_trace_fname olcs4_traceback_csize_input_types/OLCS4_lru_2021_04_02__00_44_23_k_3__d_2_cache_size_160000_problems_10_to_400/OLCS4_lru_2021_04_02__00_44_23_k_3__d_2_cache_size_160000_problems_10_to_400/OLCS4__do_traceback_prob_size_397_cache_size_160000_lru_k_3_d_2_execution_trace_2021_4_2_0_50_39_pid_3155.log --memo_caching_strategy lru --memo_cache_size 160001 --memo_lru_queue_size 160000 --memo_cuckoo_k 4 --memo_key_length 8 --memo_value_length 8 --memo_k_timestamps 3 --memo_d_recent_timestamps 2 --memo_a_items_per_timestamp_factor 0.4375 
calculate_table_size: table_size is 262144, original is 160001
Finished initializing cache
initialize_long_int_cache end
done initializing cache
initializing problem
done initializing problem
commence trials
Starting characteristic_cache_size_binary_search with max cache size 160001
binary search, size 160001  misses 152880
preemptive halt, cache_misses = 152881
preemptive halt, cache_misses = 152881
preemptive halt, cache_misses = 152881
preemptive halt, cache_misses = 152881
preemptive halt, cache_misses = 152881
preemptive halt, cache_misses = 152881
preemptive halt, cache_misses = 152881
preemptive halt, cache_misses = 152881
preemptive halt, cache_misses = 152881
preemptive halt, cache_misses = 152881
preemptive halt, cache_misses = 152881
preemptive halt, cache_misses = 152881
preemptive halt, cache_misses = 152881
preemptive halt, cache_misses = 152881
preemptive halt, cache_misses = 152881
preemptive halt, cache_misses = 152881
binary search, size 80000  misses 152881  min 0  max 160001
preemptive halt, cache_misses = 152882
preemptive halt, cache_misses = 152882
preemptive halt, cache_misses = 152882
preemptive halt, cache_misses = 152882
preemptive halt, cache_misses = 152882
preemptive halt, cache_misses = 152882
preemptive halt, cache_misses = 152882
preemptive halt, cache_misses = 152882
preemptive halt, cache_misses = 152882
preemptive halt, cache_misses = 152882
preemptive halt, cache_misses = 152882
preemptive halt, cache_misses = 152882
preemptive halt, cache_misses = 152882
preemptive halt, cache_misses = 152882
preemptive halt, cache_misses = 152882
preemptive halt, cache_misses = 152882
preemptive halt, cache_misses = 152882
preemptive halt, cache_misses = 152882
binary search, size 120000  misses 152882  min 80000  max 160001
binary search, size 140000  misses 152880  min 120000  max 160001
preemptive halt, cache_misses = 152881
preemptive halt, cache_misses = 152881
preemptive halt, cache_misses = 152881
preemptive halt, cache_misses = 152881
preemptive halt, cache_misses = 152881
preemptive halt, cache_misses = 152881
preemptive halt, cache_misses = 152881
preemptive halt, cache_misses = 152881
preemptive halt, cache_misses = 152881
preemptive halt, cache_misses = 152881
preemptive halt, cache_misses = 152881
preemptive halt, cache_misses = 152881
preemptive halt, cache_misses = 152881
preemptive halt, cache_misses = 152881
preemptive halt, cache_misses = 152881
preemptive halt, cache_misses = 152881
binary search, size 130000  misses 152881  min 120000  max 140000
preemptive halt, cache_misses = 152882
preemptive halt, cache_misses = 152882
preemptive halt, cache_misses = 152882
preemptive halt, cache_misses = 152882
preemptive halt, cache_misses = 152882
preemptive halt, cache_misses = 152882
preemptive halt, cache_misses = 152882
preemptive halt, cache_misses = 152882
preemptive halt, cache_misses = 152882
preemptive halt, cache_misses = 152882
preemptive halt, cache_misses = 152882
preemptive halt, cache_misses = 152882
preemptive halt, cache_misses = 152882
preemptive halt, cache_misses = 152882
preemptive halt, cache_misses = 152882
preemptive halt, cache_misses = 152882
preemptive halt, cache_misses = 152882
preemptive halt, cache_misses = 152882
binary search, size 135000  misses 152882  min 130000  max 140000
binary search, size 137500  misses 152880  min 135000  max 140000
preemptive halt, cache_misses = 152881
preemptive halt, cache_misses = 152881
preemptive halt, cache_misses = 152881
preemptive halt, cache_misses = 152881
preemptive halt, cache_misses = 152881
preemptive halt, cache_misses = 152881
preemptive halt, cache_misses = 152881
preemptive halt, cache_misses = 152881
preemptive halt, cache_misses = 152881
preemptive halt, cache_misses = 152881
preemptive halt, cache_misses = 152881
preemptive halt, cache_misses = 152881
preemptive halt, cache_misses = 152881
preemptive halt, cache_misses = 152881
preemptive halt, cache_misses = 152881
preemptive halt, cache_misses = 152881
binary search, size 136250  misses 152881  min 135000  max 137500
preemptive halt, cache_misses = 152882
preemptive halt, cache_misses = 152882
preemptive halt, cache_misses = 152882
preemptive halt, cache_misses = 152882
preemptive halt, cache_misses = 152882
preemptive halt, cache_misses = 152882
binary search, size 136875  misses 152882  min 136250  max 137500
preemptive halt, cache_misses = 152883
preemptive halt, cache_misses = 152883
preemptive halt, cache_misses = 152883
preemptive halt, cache_misses = 152883
preemptive halt, cache_misses = 152883
preemptive halt, cache_misses = 152883
preemptive halt, cache_misses = 152883
preemptive halt, cache_misses = 152883
binary search, size 137187  misses 152883  min 136875  max 137500
binary search, size 137343  misses 152880  min 137187  max 137500
binary search, size 137265  misses 152880  min 137187  max 137343
preemptive halt, cache_misses = 152881
preemptive halt, cache_misses = 152881
preemptive halt, cache_misses = 152881
preemptive halt, cache_misses = 152881
binary search, size 137226  misses 152881  min 137187  max 137265
preemptive halt, cache_misses = 152882
preemptive halt, cache_misses = 152882
preemptive halt, cache_misses = 152882
preemptive halt, cache_misses = 152882
preemptive halt, cache_misses = 152882
preemptive halt, cache_misses = 152882
binary search, size 137245  misses 152882  min 137226  max 137265
binary search, size 137255  misses 152880  min 137245  max 137265
binary search, size 137250  misses 152880  min 137245  max 137255
preemptive halt, cache_misses = 152881
preemptive halt, cache_misses = 152881
preemptive halt, cache_misses = 152881
preemptive halt, cache_misses = 152881
binary search, size 137247  misses 152881  min 137245  max 137250
binary search, size 137248  misses 152880  min 137247  max 137250
characteristic cache size (binary search) for 397 = 137248
End at: 2021-04-02 00:50:41.632555
Time elapsed: 0:00:02.627486
