Begin at: 2021-04-02 16:00:33.993188
['../dist/Debug/GNU-Linux/memo_batch_tester', '', '--mbt_execution_trace_fname', 'olcs4_traceback_csize_input_types/OLCS4_lru_2021_04_02__15_55_02_k_3__d_2_cache_size_160000_problems_10_to_400/OLCS4_lru_2021_04_02__15_55_02_k_3__d_2_cache_size_160000_problems_10_to_400/OLCS4__do_traceback_prob_size_371_cache_size_160000_lru_k_3_d_2_execution_trace_2021_4_2_16_0_33_pid_20295.log', '--mbt_cache_misses_fname', 'olcs4_traceback_csize_input_types/OLCS4_lru_2021_04_02__15_55_02_k_3__d_2_cache_size_160000_problems_10_to_400/lcs_cost_OLCS4_lru_misses_for_cache_size.csv', '--mbt_misses_for_problem_size_fname', 'olcs4_traceback_csize_input_types/OLCS4_lru_2021_04_02__15_55_02_k_3__d_2_cache_size_160000_problems_10_to_400/lcs_cost_OLCS4_lru_misses_for_problem_size.csv', '--mbt_exact_cutoff_min_cache_size', '160000', '--mbt_exact_cutoff_max_cache_size', '160000', '--mbt_problem_type', 'lcs', '--mbt_metric_type', 'csize_binary_search', '--mbt_cutoff_ratio', '2.2', '--mbt_instance_fname', '371', '--mbt_detailed_cache_misses_out_fname', 'csize_olcs4_traceback_0011n_ceil_n_b_5.csv', '--mbt_phi_N', '5.0', '--mbt_problem_size', '371', '--lcs_compute_length', '0', '--lcs_perform_traceback', '1', '--lig_instance_type', '0011n_ceil_n_b', '--lig_n', '371', '--lig_c', '0.9', '--lig_b', '5.0', '--lcs_oblivious', '4', '--lcs_execution_trace_fname', 'olcs4_traceback_csize_input_types/OLCS4_lru_2021_04_02__15_55_02_k_3__d_2_cache_size_160000_problems_10_to_400/OLCS4_lru_2021_04_02__15_55_02_k_3__d_2_cache_size_160000_problems_10_to_400/OLCS4__do_traceback_prob_size_371_cache_size_160000_lru_k_3_d_2_execution_trace_2021_4_2_16_0_33_pid_20295.log', '--memo_caching_strategy', 'lru', '--memo_cache_size', '160001', '--memo_lru_queue_size', '160000', '--memo_cuckoo_k', '4', '--memo_key_length', '8', '--memo_value_length', '8', '--memo_k_timestamps', '3', '--memo_d_recent_timestamps', '2', '--memo_a_items_per_timestamp_factor', '0.4375']

csize_binary_search chosen
lcs problem_type lcs cache_size 160001
initialize_long_int_cache begin
init_memo
arguments to memo:
 --mbt_execution_trace_fname olcs4_traceback_csize_input_types/OLCS4_lru_2021_04_02__15_55_02_k_3__d_2_cache_size_160000_problems_10_to_400/OLCS4_lru_2021_04_02__15_55_02_k_3__d_2_cache_size_160000_problems_10_to_400/OLCS4__do_traceback_prob_size_371_cache_size_160000_lru_k_3_d_2_execution_trace_2021_4_2_16_0_33_pid_20295.log --mbt_cache_misses_fname olcs4_traceback_csize_input_types/OLCS4_lru_2021_04_02__15_55_02_k_3__d_2_cache_size_160000_problems_10_to_400/lcs_cost_OLCS4_lru_misses_for_cache_size.csv --mbt_misses_for_problem_size_fname olcs4_traceback_csize_input_types/OLCS4_lru_2021_04_02__15_55_02_k_3__d_2_cache_size_160000_problems_10_to_400/lcs_cost_OLCS4_lru_misses_for_problem_size.csv --mbt_exact_cutoff_min_cache_size 160000 --mbt_exact_cutoff_max_cache_size 160000 --mbt_problem_type lcs --mbt_metric_type csize_binary_search --mbt_cutoff_ratio 2.2 --mbt_instance_fname 371 --mbt_detailed_cache_misses_out_fname csize_olcs4_traceback_0011n_ceil_n_b_5.csv --mbt_phi_N 5.0 --mbt_problem_size 371 --lcs_compute_length 0 --lcs_perform_traceback 1 --lig_instance_type 0011n_ceil_n_b --lig_n 371 --lig_c 0.9 --lig_b 5.0 --lcs_oblivious 4 --lcs_execution_trace_fname olcs4_traceback_csize_input_types/OLCS4_lru_2021_04_02__15_55_02_k_3__d_2_cache_size_160000_problems_10_to_400/OLCS4_lru_2021_04_02__15_55_02_k_3__d_2_cache_size_160000_problems_10_to_400/OLCS4__do_traceback_prob_size_371_cache_size_160000_lru_k_3_d_2_execution_trace_2021_4_2_16_0_33_pid_20295.log --memo_caching_strategy lru --memo_cache_size 160001 --memo_lru_queue_size 160000 --memo_cuckoo_k 4 --memo_key_length 8 --memo_value_length 8 --memo_k_timestamps 3 --memo_d_recent_timestamps 2 --memo_a_items_per_timestamp_factor 0.4375 
calculate_table_size: table_size is 262144, original is 160001
Finished initializing cache
initialize_long_int_cache end
done initializing cache
initializing problem
done initializing problem
commence trials
Starting characteristic_cache_size_binary_search with max cache size 160001
binary search, size 160001  misses 138383
binary search, size 80000  misses 138383  min 0  max 160001
preemptive halt, cache_misses = 138384
preemptive halt, cache_misses = 138384
preemptive halt, cache_misses = 138384
preemptive halt, cache_misses = 138384
preemptive halt, cache_misses = 138384
preemptive halt, cache_misses = 138384
preemptive halt, cache_misses = 138384
preemptive halt, cache_misses = 138384
preemptive halt, cache_misses = 138384
preemptive halt, cache_misses = 138384
preemptive halt, cache_misses = 138384
preemptive halt, cache_misses = 138384
preemptive halt, cache_misses = 138384
preemptive halt, cache_misses = 138384
preemptive halt, cache_misses = 138384
preemptive halt, cache_misses = 138384
preemptive halt, cache_misses = 138384
preemptive halt, cache_misses = 138384
preemptive halt, cache_misses = 138384
preemptive halt, cache_misses = 138384
preemptive halt, cache_misses = 138384
preemptive halt, cache_misses = 138384
preemptive halt, cache_misses = 138384
preemptive halt, cache_misses = 138384
preemptive halt, cache_misses = 138384
preemptive halt, cache_misses = 138384
preemptive halt, cache_misses = 138384
preemptive halt, cache_misses = 138384
preemptive halt, cache_misses = 138384
preemptive halt, cache_misses = 138384
preemptive halt, cache_misses = 138384
preemptive halt, cache_misses = 138384
preemptive halt, cache_misses = 138384
preemptive halt, cache_misses = 138384
preemptive halt, cache_misses = 138384
preemptive halt, cache_misses = 138384
preemptive halt, cache_misses = 138384
preemptive halt, cache_misses = 138384
preemptive halt, cache_misses = 138384
preemptive halt, cache_misses = 138384
preemptive halt, cache_misses = 138384
preemptive halt, cache_misses = 138384
preemptive halt, cache_misses = 138384
preemptive halt, cache_misses = 138384
preemptive halt, cache_misses = 138384
preemptive halt, cache_misses = 138384
preemptive halt, cache_misses = 138384
preemptive halt, cache_misses = 138384
preemptive halt, cache_misses = 138384
preemptive halt, cache_misses = 138384
preemptive halt, cache_misses = 138384
preemptive halt, cache_misses = 138384
preemptive halt, cache_misses = 138384
preemptive halt, cache_misses = 138384
preemptive halt, cache_misses = 138384
preemptive halt, cache_misses = 138384
preemptive halt, cache_misses = 138384
preemptive halt, cache_misses = 138384
preemptive halt, cache_misses = 138384
preemptive halt, cache_misses = 138384
preemptive halt, cache_misses = 138384
preemptive halt, cache_misses = 138384
preemptive halt, cache_misses = 138384
preemptive halt, cache_misses = 138384
preemptive halt, cache_misses = 138384
preemptive halt, cache_misses = 138384
preemptive halt, cache_misses = 138384
preemptive halt, cache_misses = 138384
preemptive halt, cache_misses = 138384
preemptive halt, cache_misses = 138384
preemptive halt, cache_misses = 138384
preemptive halt, cache_misses = 138384
preemptive halt, cache_misses = 138384
preemptive halt, cache_misses = 138384
preemptive halt, cache_misses = 138384
preemptive halt, cache_misses = 138384
preemptive halt, cache_misses = 138384
preemptive halt, cache_misses = 138384
preemptive halt, cache_misses = 138384
preemptive halt, cache_misses = 138384
preemptive halt, cache_misses = 138384
preemptive halt, cache_misses = 138384
preemptive halt, cache_misses = 138384
preemptive halt, cache_misses = 138384
preemptive halt, cache_misses = 138384
preemptive halt, cache_misses = 138384
preemptive halt, cache_misses = 138384
preemptive halt, cache_misses = 138384
preemptive halt, cache_misses = 138384
preemptive halt, cache_misses = 138384
preemptive halt, cache_misses = 138384
preemptive halt, cache_misses = 138384
preemptive halt, cache_misses = 138384
preemptive halt, cache_misses = 138384
preemptive halt, cache_misses = 138384
preemptive halt, cache_misses = 138384
preemptive halt, cache_misses = 138384
preemptive halt, cache_misses = 138384
preemptive halt, cache_misses = 138384
preemptive halt, cache_misses = 138384
preemptive halt, cache_misses = 138384
preemptive halt, cache_misses = 138384
preemptive halt, cache_misses = 138384
preemptive halt, cache_misses = 138384
preemptive halt, cache_misses = 138384
preemptive halt, cache_misses = 138384
preemptive halt, cache_misses = 138384
preemptive halt, cache_misses = 138384
preemptive halt, cache_misses = 138384
preemptive halt, cache_misses = 138384
preemptive halt, cache_misses = 138384
preemptive halt, cache_misses = 138384
preemptive halt, cache_misses = 138384
preemptive halt, cache_misses = 138384
preemptive halt, cache_misses = 138384
preemptive halt, cache_misses = 138384
preemptive halt, cache_misses = 138384
preemptive halt, cache_misses = 138384
preemptive halt, cache_misses = 138384
preemptive halt, cache_misses = 138384
preemptive halt, cache_misses = 138384
preemptive halt, cache_misses = 138384
preemptive halt, cache_misses = 138384
preemptive halt, cache_misses = 138384
preemptive halt, cache_misses = 138384
preemptive halt, cache_misses = 138384
preemptive halt, cache_misses = 138384
preemptive halt, cache_misses = 138384
preemptive halt, cache_misses = 138384
preemptive halt, cache_misses = 138384
preemptive halt, cache_misses = 138384
preemptive halt, cache_misses = 138384
preemptive halt, cache_misses = 138384
preemptive halt, cache_misses = 138384
preemptive halt, cache_misses = 138384
preemptive halt, cache_misses = 138384
preemptive halt, cache_misses = 138384
preemptive halt, cache_misses = 138384
preemptive halt, cache_misses = 138384
preemptive halt, cache_misses = 138384
preemptive halt, cache_misses = 138384
preemptive halt, cache_misses = 138384
preemptive halt, cache_misses = 138384
preemptive halt, cache_misses = 138384
binary search, size 40000  misses 138384  min 0  max 80000
binary search, size 60000  misses 138383  min 40000  max 80000
preemptive halt, cache_misses = 138384
preemptive halt, cache_misses = 138384
preemptive halt, cache_misses = 138384
preemptive halt, cache_misses = 138384
preemptive halt, cache_misses = 138384
preemptive halt, cache_misses = 138384
preemptive halt, cache_misses = 138384
preemptive halt, cache_misses = 138384
preemptive halt, cache_misses = 138384
preemptive halt, cache_misses = 138384
preemptive halt, cache_misses = 138384
preemptive halt, cache_misses = 138384
preemptive halt, cache_misses = 138384
preemptive halt, cache_misses = 138384
preemptive halt, cache_misses = 138384
preemptive halt, cache_misses = 138384
preemptive halt, cache_misses = 138384
preemptive halt, cache_misses = 138384
preemptive halt, cache_misses = 138384
preemptive halt, cache_misses = 138384
preemptive halt, cache_misses = 138384
preemptive halt, cache_misses = 138384
preemptive halt, cache_misses = 138384
preemptive halt, cache_misses = 138384
preemptive halt, cache_misses = 138384
preemptive halt, cache_misses = 138384
preemptive halt, cache_misses = 138384
preemptive halt, cache_misses = 138384
preemptive halt, cache_misses = 138384
preemptive halt, cache_misses = 138384
preemptive halt, cache_misses = 138384
preemptive halt, cache_misses = 138384
preemptive halt, cache_misses = 138384
preemptive halt, cache_misses = 138384
preemptive halt, cache_misses = 138384
preemptive halt, cache_misses = 138384
preemptive halt, cache_misses = 138384
preemptive halt, cache_misses = 138384
preemptive halt, cache_misses = 138384
preemptive halt, cache_misses = 138384
preemptive halt, cache_misses = 138384
preemptive halt, cache_misses = 138384
preemptive halt, cache_misses = 138384
preemptive halt, cache_misses = 138384
preemptive halt, cache_misses = 138384
preemptive halt, cache_misses = 138384
preemptive halt, cache_misses = 138384
preemptive halt, cache_misses = 138384
preemptive halt, cache_misses = 138384
preemptive halt, cache_misses = 138384
preemptive halt, cache_misses = 138384
preemptive halt, cache_misses = 138384
preemptive halt, cache_misses = 138384
preemptive halt, cache_misses = 138384
preemptive halt, cache_misses = 138384
preemptive halt, cache_misses = 138384
preemptive halt, cache_misses = 138384
preemptive halt, cache_misses = 138384
preemptive halt, cache_misses = 138384
preemptive halt, cache_misses = 138384
preemptive halt, cache_misses = 138384
preemptive halt, cache_misses = 138384
preemptive halt, cache_misses = 138384
preemptive halt, cache_misses = 138384
preemptive halt, cache_misses = 138384
preemptive halt, cache_misses = 138384
preemptive halt, cache_misses = 138384
preemptive halt, cache_misses = 138384
preemptive halt, cache_misses = 138384
preemptive halt, cache_misses = 138384
preemptive halt, cache_misses = 138384
preemptive halt, cache_misses = 138384
preemptive halt, cache_misses = 138384
preemptive halt, cache_misses = 138384
preemptive halt, cache_misses = 138384
preemptive halt, cache_misses = 138384
preemptive halt, cache_misses = 138384
preemptive halt, cache_misses = 138384
preemptive halt, cache_misses = 138384
preemptive halt, cache_misses = 138384
preemptive halt, cache_misses = 138384
preemptive halt, cache_misses = 138384
preemptive halt, cache_misses = 138384
preemptive halt, cache_misses = 138384
preemptive halt, cache_misses = 138384
preemptive halt, cache_misses = 138384
preemptive halt, cache_misses = 138384
preemptive halt, cache_misses = 138384
preemptive halt, cache_misses = 138384
preemptive halt, cache_misses = 138384
preemptive halt, cache_misses = 138384
preemptive halt, cache_misses = 138384
preemptive halt, cache_misses = 138384
preemptive halt, cache_misses = 138384
preemptive halt, cache_misses = 138384
preemptive halt, cache_misses = 138384
preemptive halt, cache_misses = 138384
preemptive halt, cache_misses = 138384
preemptive halt, cache_misses = 138384
preemptive halt, cache_misses = 138384
preemptive halt, cache_misses = 138384
preemptive halt, cache_misses = 138384
preemptive halt, cache_misses = 138384
preemptive halt, cache_misses = 138384
preemptive halt, cache_misses = 138384
preemptive halt, cache_misses = 138384
preemptive halt, cache_misses = 138384
preemptive halt, cache_misses = 138384
preemptive halt, cache_misses = 138384
preemptive halt, cache_misses = 138384
preemptive halt, cache_misses = 138384
preemptive halt, cache_misses = 138384
preemptive halt, cache_misses = 138384
preemptive halt, cache_misses = 138384
preemptive halt, cache_misses = 138384
preemptive halt, cache_misses = 138384
preemptive halt, cache_misses = 138384
preemptive halt, cache_misses = 138384
preemptive halt, cache_misses = 138384
preemptive halt, cache_misses = 138384
preemptive halt, cache_misses = 138384
preemptive halt, cache_misses = 138384
preemptive halt, cache_misses = 138384
preemptive halt, cache_misses = 138384
preemptive halt, cache_misses = 138384
preemptive halt, cache_misses = 138384
preemptive halt, cache_misses = 138384
preemptive halt, cache_misses = 138384
preemptive halt, cache_misses = 138384
preemptive halt, cache_misses = 138384
preemptive halt, cache_misses = 138384
preemptive halt, cache_misses = 138384
preemptive halt, cache_misses = 138384
preemptive halt, cache_misses = 138384
preemptive halt, cache_misses = 138384
preemptive halt, cache_misses = 138384
preemptive halt, cache_misses = 138384
preemptive halt, cache_misses = 138384
preemptive halt, cache_misses = 138384
preemptive halt, cache_misses = 138384
preemptive halt, cache_misses = 138384
preemptive halt, cache_misses = 138384
preemptive halt, cache_misses = 138384
preemptive halt, cache_misses = 138384
binary search, size 50000  misses 138384  min 40000  max 60000
binary search, size 55000  misses 138383  min 50000  max 60000
preemptive halt, cache_misses = 138384
preemptive halt, cache_misses = 138384
preemptive halt, cache_misses = 138384
preemptive halt, cache_misses = 138384
preemptive halt, cache_misses = 138384
preemptive halt, cache_misses = 138384
preemptive halt, cache_misses = 138384
preemptive halt, cache_misses = 138384
preemptive halt, cache_misses = 138384
preemptive halt, cache_misses = 138384
preemptive halt, cache_misses = 138384
preemptive halt, cache_misses = 138384
preemptive halt, cache_misses = 138384
preemptive halt, cache_misses = 138384
preemptive halt, cache_misses = 138384
preemptive halt, cache_misses = 138384
preemptive halt, cache_misses = 138384
preemptive halt, cache_misses = 138384
preemptive halt, cache_misses = 138384
preemptive halt, cache_misses = 138384
preemptive halt, cache_misses = 138384
preemptive halt, cache_misses = 138384
preemptive halt, cache_misses = 138384
preemptive halt, cache_misses = 138384
preemptive halt, cache_misses = 138384
preemptive halt, cache_misses = 138384
preemptive halt, cache_misses = 138384
preemptive halt, cache_misses = 138384
preemptive halt, cache_misses = 138384
preemptive halt, cache_misses = 138384
preemptive halt, cache_misses = 138384
preemptive halt, cache_misses = 138384
preemptive halt, cache_misses = 138384
preemptive halt, cache_misses = 138384
preemptive halt, cache_misses = 138384
preemptive halt, cache_misses = 138384
preemptive halt, cache_misses = 138384
preemptive halt, cache_misses = 138384
preemptive halt, cache_misses = 138384
preemptive halt, cache_misses = 138384
preemptive halt, cache_misses = 138384
preemptive halt, cache_misses = 138384
preemptive halt, cache_misses = 138384
preemptive halt, cache_misses = 138384
preemptive halt, cache_misses = 138384
preemptive halt, cache_misses = 138384
preemptive halt, cache_misses = 138384
preemptive halt, cache_misses = 138384
preemptive halt, cache_misses = 138384
preemptive halt, cache_misses = 138384
preemptive halt, cache_misses = 138384
preemptive halt, cache_misses = 138384
preemptive halt, cache_misses = 138384
preemptive halt, cache_misses = 138384
preemptive halt, cache_misses = 138384
preemptive halt, cache_misses = 138384
preemptive halt, cache_misses = 138384
preemptive halt, cache_misses = 138384
preemptive halt, cache_misses = 138384
preemptive halt, cache_misses = 138384
preemptive halt, cache_misses = 138384
preemptive halt, cache_misses = 138384
preemptive halt, cache_misses = 138384
preemptive halt, cache_misses = 138384
preemptive halt, cache_misses = 138384
preemptive halt, cache_misses = 138384
preemptive halt, cache_misses = 138384
preemptive halt, cache_misses = 138384
preemptive halt, cache_misses = 138384
preemptive halt, cache_misses = 138384
preemptive halt, cache_misses = 138384
preemptive halt, cache_misses = 138384
preemptive halt, cache_misses = 138384
preemptive halt, cache_misses = 138384
preemptive halt, cache_misses = 138384
preemptive halt, cache_misses = 138384
preemptive halt, cache_misses = 138384
preemptive halt, cache_misses = 138384
preemptive halt, cache_misses = 138384
preemptive halt, cache_misses = 138384
preemptive halt, cache_misses = 138384
preemptive halt, cache_misses = 138384
preemptive halt, cache_misses = 138384
preemptive halt, cache_misses = 138384
preemptive halt, cache_misses = 138384
preemptive halt, cache_misses = 138384
preemptive halt, cache_misses = 138384
preemptive halt, cache_misses = 138384
preemptive halt, cache_misses = 138384
preemptive halt, cache_misses = 138384
preemptive halt, cache_misses = 138384
preemptive halt, cache_misses = 138384
preemptive halt, cache_misses = 138384
preemptive halt, cache_misses = 138384
preemptive halt, cache_misses = 138384
preemptive halt, cache_misses = 138384
preemptive halt, cache_misses = 138384
preemptive halt, cache_misses = 138384
preemptive halt, cache_misses = 138384
preemptive halt, cache_misses = 138384
preemptive halt, cache_misses = 138384
preemptive halt, cache_misses = 138384
preemptive halt, cache_misses = 138384
preemptive halt, cache_misses = 138384
preemptive halt, cache_misses = 138384
preemptive halt, cache_misses = 138384
preemptive halt, cache_misses = 138384
preemptive halt, cache_misses = 138384
preemptive halt, cache_misses = 138384
preemptive halt, cache_misses = 138384
preemptive halt, cache_misses = 138384
preemptive halt, cache_misses = 138384
preemptive halt, cache_misses = 138384
preemptive halt, cache_misses = 138384
preemptive halt, cache_misses = 138384
preemptive halt, cache_misses = 138384
preemptive halt, cache_misses = 138384
preemptive halt, cache_misses = 138384
preemptive halt, cache_misses = 138384
preemptive halt, cache_misses = 138384
preemptive halt, cache_misses = 138384
preemptive halt, cache_misses = 138384
preemptive halt, cache_misses = 138384
preemptive halt, cache_misses = 138384
preemptive halt, cache_misses = 138384
preemptive halt, cache_misses = 138384
preemptive halt, cache_misses = 138384
preemptive halt, cache_misses = 138384
preemptive halt, cache_misses = 138384
preemptive halt, cache_misses = 138384
preemptive halt, cache_misses = 138384
preemptive halt, cache_misses = 138384
preemptive halt, cache_misses = 138384
preemptive halt, cache_misses = 138384
preemptive halt, cache_misses = 138384
preemptive halt, cache_misses = 138384
preemptive halt, cache_misses = 138384
preemptive halt, cache_misses = 138384
preemptive halt, cache_misses = 138384
preemptive halt, cache_misses = 138384
preemptive halt, cache_misses = 138384
preemptive halt, cache_misses = 138384
preemptive halt, cache_misses = 138384
preemptive halt, cache_misses = 138384
binary search, size 52500  misses 138384  min 50000  max 55000
preemptive halt, cache_misses = 138385
preemptive halt, cache_misses = 138385
preemptive halt, cache_misses = 138385
preemptive halt, cache_misses = 138385
preemptive halt, cache_misses = 138385
preemptive halt, cache_misses = 138385
preemptive halt, cache_misses = 138385
preemptive halt, cache_misses = 138385
preemptive halt, cache_misses = 138385
preemptive halt, cache_misses = 138385
preemptive halt, cache_misses = 138385
preemptive halt, cache_misses = 138385
preemptive halt, cache_misses = 138385
preemptive halt, cache_misses = 138385
preemptive halt, cache_misses = 138385
preemptive halt, cache_misses = 138385
preemptive halt, cache_misses = 138385
preemptive halt, cache_misses = 138385
preemptive halt, cache_misses = 138385
preemptive halt, cache_misses = 138385
preemptive halt, cache_misses = 138385
preemptive halt, cache_misses = 138385
preemptive halt, cache_misses = 138385
preemptive halt, cache_misses = 138385
preemptive halt, cache_misses = 138385
preemptive halt, cache_misses = 138385
preemptive halt, cache_misses = 138385
preemptive halt, cache_misses = 138385
preemptive halt, cache_misses = 138385
preemptive halt, cache_misses = 138385
preemptive halt, cache_misses = 138385
preemptive halt, cache_misses = 138385
preemptive halt, cache_misses = 138385
preemptive halt, cache_misses = 138385
preemptive halt, cache_misses = 138385
preemptive halt, cache_misses = 138385
preemptive halt, cache_misses = 138385
preemptive halt, cache_misses = 138385
preemptive halt, cache_misses = 138385
preemptive halt, cache_misses = 138385
preemptive halt, cache_misses = 138385
preemptive halt, cache_misses = 138385
preemptive halt, cache_misses = 138385
preemptive halt, cache_misses = 138385
preemptive halt, cache_misses = 138385
preemptive halt, cache_misses = 138385
preemptive halt, cache_misses = 138385
preemptive halt, cache_misses = 138385
preemptive halt, cache_misses = 138385
preemptive halt, cache_misses = 138385
preemptive halt, cache_misses = 138385
preemptive halt, cache_misses = 138385
preemptive halt, cache_misses = 138385
preemptive halt, cache_misses = 138385
preemptive halt, cache_misses = 138385
preemptive halt, cache_misses = 138385
preemptive halt, cache_misses = 138385
preemptive halt, cache_misses = 138385
preemptive halt, cache_misses = 138385
preemptive halt, cache_misses = 138385
preemptive halt, cache_misses = 138385
preemptive halt, cache_misses = 138385
preemptive halt, cache_misses = 138385
preemptive halt, cache_misses = 138385
preemptive halt, cache_misses = 138385
preemptive halt, cache_misses = 138385
preemptive halt, cache_misses = 138385
preemptive halt, cache_misses = 138385
preemptive halt, cache_misses = 138385
preemptive halt, cache_misses = 138385
preemptive halt, cache_misses = 138385
preemptive halt, cache_misses = 138385
preemptive halt, cache_misses = 138385
preemptive halt, cache_misses = 138385
preemptive halt, cache_misses = 138385
preemptive halt, cache_misses = 138385
preemptive halt, cache_misses = 138385
preemptive halt, cache_misses = 138385
preemptive halt, cache_misses = 138385
preemptive halt, cache_misses = 138385
preemptive halt, cache_misses = 138385
preemptive halt, cache_misses = 138385
preemptive halt, cache_misses = 138385
preemptive halt, cache_misses = 138385
preemptive halt, cache_misses = 138385
preemptive halt, cache_misses = 138385
preemptive halt, cache_misses = 138385
preemptive halt, cache_misses = 138385
preemptive halt, cache_misses = 138385
preemptive halt, cache_misses = 138385
preemptive halt, cache_misses = 138385
preemptive halt, cache_misses = 138385
preemptive halt, cache_misses = 138385
preemptive halt, cache_misses = 138385
preemptive halt, cache_misses = 138385
preemptive halt, cache_misses = 138385
preemptive halt, cache_misses = 138385
preemptive halt, cache_misses = 138385
preemptive halt, cache_misses = 138385
preemptive halt, cache_misses = 138385
preemptive halt, cache_misses = 138385
preemptive halt, cache_misses = 138385
preemptive halt, cache_misses = 138385
preemptive halt, cache_misses = 138385
preemptive halt, cache_misses = 138385
preemptive halt, cache_misses = 138385
preemptive halt, cache_misses = 138385
preemptive halt, cache_misses = 138385
preemptive halt, cache_misses = 138385
preemptive halt, cache_misses = 138385
preemptive halt, cache_misses = 138385
preemptive halt, cache_misses = 138385
preemptive halt, cache_misses = 138385
preemptive halt, cache_misses = 138385
preemptive halt, cache_misses = 138385
preemptive halt, cache_misses = 138385
preemptive halt, cache_misses = 138385
preemptive halt, cache_misses = 138385
preemptive halt, cache_misses = 138385
preemptive halt, cache_misses = 138385
preemptive halt, cache_misses = 138385
preemptive halt, cache_misses = 138385
preemptive halt, cache_misses = 138385
preemptive halt, cache_misses = 138385
preemptive halt, cache_misses = 138385
preemptive halt, cache_misses = 138385
preemptive halt, cache_misses = 138385
preemptive halt, cache_misses = 138385
preemptive halt, cache_misses = 138385
preemptive halt, cache_misses = 138385
preemptive halt, cache_misses = 138385
preemptive halt, cache_misses = 138385
preemptive halt, cache_misses = 138385
preemptive halt, cache_misses = 138385
preemptive halt, cache_misses = 138385
preemptive halt, cache_misses = 138385
preemptive halt, cache_misses = 138385
preemptive halt, cache_misses = 138385
preemptive halt, cache_misses = 138385
preemptive halt, cache_misses = 138385
preemptive halt, cache_misses = 138385
preemptive halt, cache_misses = 138385
preemptive halt, cache_misses = 138385
preemptive halt, cache_misses = 138385
preemptive halt, cache_misses = 138385
preemptive halt, cache_misses = 138385
binary search, size 53750  misses 138385  min 52500  max 55000
preemptive halt, cache_misses = 138386
preemptive halt, cache_misses = 138386
preemptive halt, cache_misses = 138386
preemptive halt, cache_misses = 138386
preemptive halt, cache_misses = 138386
preemptive halt, cache_misses = 138386
preemptive halt, cache_misses = 138386
preemptive halt, cache_misses = 138386
preemptive halt, cache_misses = 138386
preemptive halt, cache_misses = 138386
preemptive halt, cache_misses = 138386
preemptive halt, cache_misses = 138386
preemptive halt, cache_misses = 138386
preemptive halt, cache_misses = 138386
preemptive halt, cache_misses = 138386
preemptive halt, cache_misses = 138386
preemptive halt, cache_misses = 138386
preemptive halt, cache_misses = 138386
preemptive halt, cache_misses = 138386
preemptive halt, cache_misses = 138386
preemptive halt, cache_misses = 138386
preemptive halt, cache_misses = 138386
preemptive halt, cache_misses = 138386
preemptive halt, cache_misses = 138386
preemptive halt, cache_misses = 138386
preemptive halt, cache_misses = 138386
preemptive halt, cache_misses = 138386
preemptive halt, cache_misses = 138386
preemptive halt, cache_misses = 138386
preemptive halt, cache_misses = 138386
preemptive halt, cache_misses = 138386
preemptive halt, cache_misses = 138386
preemptive halt, cache_misses = 138386
preemptive halt, cache_misses = 138386
preemptive halt, cache_misses = 138386
preemptive halt, cache_misses = 138386
preemptive halt, cache_misses = 138386
preemptive halt, cache_misses = 138386
preemptive halt, cache_misses = 138386
preemptive halt, cache_misses = 138386
preemptive halt, cache_misses = 138386
preemptive halt, cache_misses = 138386
preemptive halt, cache_misses = 138386
preemptive halt, cache_misses = 138386
preemptive halt, cache_misses = 138386
preemptive halt, cache_misses = 138386
preemptive halt, cache_misses = 138386
preemptive halt, cache_misses = 138386
preemptive halt, cache_misses = 138386
preemptive halt, cache_misses = 138386
preemptive halt, cache_misses = 138386
preemptive halt, cache_misses = 138386
preemptive halt, cache_misses = 138386
preemptive halt, cache_misses = 138386
preemptive halt, cache_misses = 138386
preemptive halt, cache_misses = 138386
preemptive halt, cache_misses = 138386
preemptive halt, cache_misses = 138386
preemptive halt, cache_misses = 138386
preemptive halt, cache_misses = 138386
preemptive halt, cache_misses = 138386
preemptive halt, cache_misses = 138386
preemptive halt, cache_misses = 138386
preemptive halt, cache_misses = 138386
preemptive halt, cache_misses = 138386
preemptive halt, cache_misses = 138386
preemptive halt, cache_misses = 138386
preemptive halt, cache_misses = 138386
preemptive halt, cache_misses = 138386
preemptive halt, cache_misses = 138386
preemptive halt, cache_misses = 138386
preemptive halt, cache_misses = 138386
preemptive halt, cache_misses = 138386
preemptive halt, cache_misses = 138386
preemptive halt, cache_misses = 138386
preemptive halt, cache_misses = 138386
preemptive halt, cache_misses = 138386
preemptive halt, cache_misses = 138386
preemptive halt, cache_misses = 138386
preemptive halt, cache_misses = 138386
preemptive halt, cache_misses = 138386
preemptive halt, cache_misses = 138386
preemptive halt, cache_misses = 138386
preemptive halt, cache_misses = 138386
preemptive halt, cache_misses = 138386
preemptive halt, cache_misses = 138386
preemptive halt, cache_misses = 138386
preemptive halt, cache_misses = 138386
preemptive halt, cache_misses = 138386
preemptive halt, cache_misses = 138386
preemptive halt, cache_misses = 138386
preemptive halt, cache_misses = 138386
preemptive halt, cache_misses = 138386
preemptive halt, cache_misses = 138386
preemptive halt, cache_misses = 138386
preemptive halt, cache_misses = 138386
preemptive halt, cache_misses = 138386
preemptive halt, cache_misses = 138386
preemptive halt, cache_misses = 138386
preemptive halt, cache_misses = 138386
preemptive halt, cache_misses = 138386
preemptive halt, cache_misses = 138386
preemptive halt, cache_misses = 138386
preemptive halt, cache_misses = 138386
preemptive halt, cache_misses = 138386
preemptive halt, cache_misses = 138386
preemptive halt, cache_misses = 138386
preemptive halt, cache_misses = 138386
preemptive halt, cache_misses = 138386
preemptive halt, cache_misses = 138386
preemptive halt, cache_misses = 138386
preemptive halt, cache_misses = 138386
preemptive halt, cache_misses = 138386
preemptive halt, cache_misses = 138386
preemptive halt, cache_misses = 138386
preemptive halt, cache_misses = 138386
preemptive halt, cache_misses = 138386
preemptive halt, cache_misses = 138386
preemptive halt, cache_misses = 138386
preemptive halt, cache_misses = 138386
preemptive halt, cache_misses = 138386
preemptive halt, cache_misses = 138386
preemptive halt, cache_misses = 138386
preemptive halt, cache_misses = 138386
preemptive halt, cache_misses = 138386
preemptive halt, cache_misses = 138386
preemptive halt, cache_misses = 138386
preemptive halt, cache_misses = 138386
preemptive halt, cache_misses = 138386
preemptive halt, cache_misses = 138386
preemptive halt, cache_misses = 138386
preemptive halt, cache_misses = 138386
preemptive halt, cache_misses = 138386
preemptive halt, cache_misses = 138386
preemptive halt, cache_misses = 138386
preemptive halt, cache_misses = 138386
preemptive halt, cache_misses = 138386
preemptive halt, cache_misses = 138386
preemptive halt, cache_misses = 138386
preemptive halt, cache_misses = 138386
preemptive halt, cache_misses = 138386
preemptive halt, cache_misses = 138386
preemptive halt, cache_misses = 138386
preemptive halt, cache_misses = 138386
preemptive halt, cache_misses = 138386
preemptive halt, cache_misses = 138386
preemptive halt, cache_misses = 138386
preemptive halt, cache_misses = 138386
binary search, size 54375  misses 138386  min 53750  max 55000
preemptive halt, cache_misses = 138387
preemptive halt, cache_misses = 138387
preemptive halt, cache_misses = 138387
preemptive halt, cache_misses = 138387
preemptive halt, cache_misses = 138387
preemptive halt, cache_misses = 138387
preemptive halt, cache_misses = 138387
preemptive halt, cache_misses = 138387
preemptive halt, cache_misses = 138387
preemptive halt, cache_misses = 138387
preemptive halt, cache_misses = 138387
preemptive halt, cache_misses = 138387
preemptive halt, cache_misses = 138387
preemptive halt, cache_misses = 138387
preemptive halt, cache_misses = 138387
preemptive halt, cache_misses = 138387
preemptive halt, cache_misses = 138387
preemptive halt, cache_misses = 138387
preemptive halt, cache_misses = 138387
preemptive halt, cache_misses = 138387
preemptive halt, cache_misses = 138387
preemptive halt, cache_misses = 138387
preemptive halt, cache_misses = 138387
preemptive halt, cache_misses = 138387
preemptive halt, cache_misses = 138387
preemptive halt, cache_misses = 138387
preemptive halt, cache_misses = 138387
preemptive halt, cache_misses = 138387
preemptive halt, cache_misses = 138387
preemptive halt, cache_misses = 138387
preemptive halt, cache_misses = 138387
preemptive halt, cache_misses = 138387
preemptive halt, cache_misses = 138387
preemptive halt, cache_misses = 138387
preemptive halt, cache_misses = 138387
preemptive halt, cache_misses = 138387
preemptive halt, cache_misses = 138387
preemptive halt, cache_misses = 138387
preemptive halt, cache_misses = 138387
preemptive halt, cache_misses = 138387
preemptive halt, cache_misses = 138387
preemptive halt, cache_misses = 138387
preemptive halt, cache_misses = 138387
preemptive halt, cache_misses = 138387
preemptive halt, cache_misses = 138387
preemptive halt, cache_misses = 138387
preemptive halt, cache_misses = 138387
preemptive halt, cache_misses = 138387
preemptive halt, cache_misses = 138387
preemptive halt, cache_misses = 138387
preemptive halt, cache_misses = 138387
preemptive halt, cache_misses = 138387
preemptive halt, cache_misses = 138387
preemptive halt, cache_misses = 138387
preemptive halt, cache_misses = 138387
preemptive halt, cache_misses = 138387
preemptive halt, cache_misses = 138387
preemptive halt, cache_misses = 138387
preemptive halt, cache_misses = 138387
preemptive halt, cache_misses = 138387
preemptive halt, cache_misses = 138387
preemptive halt, cache_misses = 138387
preemptive halt, cache_misses = 138387
preemptive halt, cache_misses = 138387
preemptive halt, cache_misses = 138387
preemptive halt, cache_misses = 138387
preemptive halt, cache_misses = 138387
preemptive halt, cache_misses = 138387
preemptive halt, cache_misses = 138387
preemptive halt, cache_misses = 138387
preemptive halt, cache_misses = 138387
preemptive halt, cache_misses = 138387
preemptive halt, cache_misses = 138387
preemptive halt, cache_misses = 138387
preemptive halt, cache_misses = 138387
preemptive halt, cache_misses = 138387
preemptive halt, cache_misses = 138387
preemptive halt, cache_misses = 138387
preemptive halt, cache_misses = 138387
preemptive halt, cache_misses = 138387
preemptive halt, cache_misses = 138387
preemptive halt, cache_misses = 138387
preemptive halt, cache_misses = 138387
preemptive halt, cache_misses = 138387
preemptive halt, cache_misses = 138387
preemptive halt, cache_misses = 138387
preemptive halt, cache_misses = 138387
preemptive halt, cache_misses = 138387
preemptive halt, cache_misses = 138387
preemptive halt, cache_misses = 138387
preemptive halt, cache_misses = 138387
preemptive halt, cache_misses = 138387
preemptive halt, cache_misses = 138387
preemptive halt, cache_misses = 138387
preemptive halt, cache_misses = 138387
preemptive halt, cache_misses = 138387
preemptive halt, cache_misses = 138387
preemptive halt, cache_misses = 138387
preemptive halt, cache_misses = 138387
preemptive halt, cache_misses = 138387
preemptive halt, cache_misses = 138387
preemptive halt, cache_misses = 138387
preemptive halt, cache_misses = 138387
preemptive halt, cache_misses = 138387
preemptive halt, cache_misses = 138387
preemptive halt, cache_misses = 138387
preemptive halt, cache_misses = 138387
preemptive halt, cache_misses = 138387
preemptive halt, cache_misses = 138387
preemptive halt, cache_misses = 138387
preemptive halt, cache_misses = 138387
preemptive halt, cache_misses = 138387
preemptive halt, cache_misses = 138387
preemptive halt, cache_misses = 138387
preemptive halt, cache_misses = 138387
preemptive halt, cache_misses = 138387
preemptive halt, cache_misses = 138387
preemptive halt, cache_misses = 138387
preemptive halt, cache_misses = 138387
preemptive halt, cache_misses = 138387
preemptive halt, cache_misses = 138387
preemptive halt, cache_misses = 138387
preemptive halt, cache_misses = 138387
preemptive halt, cache_misses = 138387
preemptive halt, cache_misses = 138387
preemptive halt, cache_misses = 138387
preemptive halt, cache_misses = 138387
preemptive halt, cache_misses = 138387
preemptive halt, cache_misses = 138387
preemptive halt, cache_misses = 138387
preemptive halt, cache_misses = 138387
preemptive halt, cache_misses = 138387
preemptive halt, cache_misses = 138387
preemptive halt, cache_misses = 138387
preemptive halt, cache_misses = 138387
preemptive halt, cache_misses = 138387
preemptive halt, cache_misses = 138387
preemptive halt, cache_misses = 138387
preemptive halt, cache_misses = 138387
preemptive halt, cache_misses = 138387
preemptive halt, cache_misses = 138387
preemptive halt, cache_misses = 138387
preemptive halt, cache_misses = 138387
preemptive halt, cache_misses = 138387
preemptive halt, cache_misses = 138387
preemptive halt, cache_misses = 138387
preemptive halt, cache_misses = 138387
preemptive halt, cache_misses = 138387
preemptive halt, cache_misses = 138387
preemptive halt, cache_misses = 138387
binary search, size 54687  misses 138387  min 54375  max 55000
binary search, size 54843  misses 138383  min 54687  max 55000
binary search, size 54765  misses 138383  min 54687  max 54843
preemptive halt, cache_misses = 138384
preemptive halt, cache_misses = 138384
preemptive halt, cache_misses = 138384
preemptive halt, cache_misses = 138384
preemptive halt, cache_misses = 138384
preemptive halt, cache_misses = 138384
preemptive halt, cache_misses = 138384
preemptive halt, cache_misses = 138384
preemptive halt, cache_misses = 138384
preemptive halt, cache_misses = 138384
preemptive halt, cache_misses = 138384
preemptive halt, cache_misses = 138384
preemptive halt, cache_misses = 138384
preemptive halt, cache_misses = 138384
preemptive halt, cache_misses = 138384
preemptive halt, cache_misses = 138384
preemptive halt, cache_misses = 138384
preemptive halt, cache_misses = 138384
preemptive halt, cache_misses = 138384
preemptive halt, cache_misses = 138384
preemptive halt, cache_misses = 138384
preemptive halt, cache_misses = 138384
preemptive halt, cache_misses = 138384
preemptive halt, cache_misses = 138384
preemptive halt, cache_misses = 138384
preemptive halt, cache_misses = 138384
preemptive halt, cache_misses = 138384
preemptive halt, cache_misses = 138384
preemptive halt, cache_misses = 138384
preemptive halt, cache_misses = 138384
preemptive halt, cache_misses = 138384
preemptive halt, cache_misses = 138384
preemptive halt, cache_misses = 138384
preemptive halt, cache_misses = 138384
preemptive halt, cache_misses = 138384
preemptive halt, cache_misses = 138384
preemptive halt, cache_misses = 138384
preemptive halt, cache_misses = 138384
preemptive halt, cache_misses = 138384
preemptive halt, cache_misses = 138384
preemptive halt, cache_misses = 138384
preemptive halt, cache_misses = 138384
preemptive halt, cache_misses = 138384
preemptive halt, cache_misses = 138384
preemptive halt, cache_misses = 138384
preemptive halt, cache_misses = 138384
preemptive halt, cache_misses = 138384
preemptive halt, cache_misses = 138384
preemptive halt, cache_misses = 138384
preemptive halt, cache_misses = 138384
preemptive halt, cache_misses = 138384
preemptive halt, cache_misses = 138384
preemptive halt, cache_misses = 138384
preemptive halt, cache_misses = 138384
preemptive halt, cache_misses = 138384
preemptive halt, cache_misses = 138384
preemptive halt, cache_misses = 138384
preemptive halt, cache_misses = 138384
preemptive halt, cache_misses = 138384
preemptive halt, cache_misses = 138384
preemptive halt, cache_misses = 138384
preemptive halt, cache_misses = 138384
preemptive halt, cache_misses = 138384
preemptive halt, cache_misses = 138384
preemptive halt, cache_misses = 138384
preemptive halt, cache_misses = 138384
preemptive halt, cache_misses = 138384
preemptive halt, cache_misses = 138384
preemptive halt, cache_misses = 138384
preemptive halt, cache_misses = 138384
preemptive halt, cache_misses = 138384
preemptive halt, cache_misses = 138384
preemptive halt, cache_misses = 138384
preemptive halt, cache_misses = 138384
preemptive halt, cache_misses = 138384
preemptive halt, cache_misses = 138384
preemptive halt, cache_misses = 138384
preemptive halt, cache_misses = 138384
preemptive halt, cache_misses = 138384
preemptive halt, cache_misses = 138384
preemptive halt, cache_misses = 138384
preemptive halt, cache_misses = 138384
preemptive halt, cache_misses = 138384
preemptive halt, cache_misses = 138384
preemptive halt, cache_misses = 138384
preemptive halt, cache_misses = 138384
preemptive halt, cache_misses = 138384
preemptive halt, cache_misses = 138384
preemptive halt, cache_misses = 138384
preemptive halt, cache_misses = 138384
preemptive halt, cache_misses = 138384
preemptive halt, cache_misses = 138384
preemptive halt, cache_misses = 138384
preemptive halt, cache_misses = 138384
preemptive halt, cache_misses = 138384
preemptive halt, cache_misses = 138384
preemptive halt, cache_misses = 138384
preemptive halt, cache_misses = 138384
preemptive halt, cache_misses = 138384
preemptive halt, cache_misses = 138384
preemptive halt, cache_misses = 138384
preemptive halt, cache_misses = 138384
preemptive halt, cache_misses = 138384
preemptive halt, cache_misses = 138384
preemptive halt, cache_misses = 138384
preemptive halt, cache_misses = 138384
preemptive halt, cache_misses = 138384
preemptive halt, cache_misses = 138384
preemptive halt, cache_misses = 138384
preemptive halt, cache_misses = 138384
preemptive halt, cache_misses = 138384
preemptive halt, cache_misses = 138384
preemptive halt, cache_misses = 138384
preemptive halt, cache_misses = 138384
preemptive halt, cache_misses = 138384
preemptive halt, cache_misses = 138384
preemptive halt, cache_misses = 138384
preemptive halt, cache_misses = 138384
preemptive halt, cache_misses = 138384
preemptive halt, cache_misses = 138384
preemptive halt, cache_misses = 138384
preemptive halt, cache_misses = 138384
preemptive halt, cache_misses = 138384
preemptive halt, cache_misses = 138384
preemptive halt, cache_misses = 138384
preemptive halt, cache_misses = 138384
preemptive halt, cache_misses = 138384
preemptive halt, cache_misses = 138384
preemptive halt, cache_misses = 138384
preemptive halt, cache_misses = 138384
preemptive halt, cache_misses = 138384
preemptive halt, cache_misses = 138384
preemptive halt, cache_misses = 138384
preemptive halt, cache_misses = 138384
preemptive halt, cache_misses = 138384
preemptive halt, cache_misses = 138384
preemptive halt, cache_misses = 138384
preemptive halt, cache_misses = 138384
preemptive halt, cache_misses = 138384
preemptive halt, cache_misses = 138384
preemptive halt, cache_misses = 138384
preemptive halt, cache_misses = 138384
preemptive halt, cache_misses = 138384
preemptive halt, cache_misses = 138384
binary search, size 54726  misses 138384  min 54687  max 54765
preemptive halt, cache_misses = 138385
preemptive halt, cache_misses = 138385
preemptive halt, cache_misses = 138385
preemptive halt, cache_misses = 138385
preemptive halt, cache_misses = 138385
preemptive halt, cache_misses = 138385
preemptive halt, cache_misses = 138385
preemptive halt, cache_misses = 138385
preemptive halt, cache_misses = 138385
preemptive halt, cache_misses = 138385
preemptive halt, cache_misses = 138385
preemptive halt, cache_misses = 138385
preemptive halt, cache_misses = 138385
preemptive halt, cache_misses = 138385
preemptive halt, cache_misses = 138385
preemptive halt, cache_misses = 138385
preemptive halt, cache_misses = 138385
preemptive halt, cache_misses = 138385
preemptive halt, cache_misses = 138385
preemptive halt, cache_misses = 138385
preemptive halt, cache_misses = 138385
preemptive halt, cache_misses = 138385
preemptive halt, cache_misses = 138385
preemptive halt, cache_misses = 138385
preemptive halt, cache_misses = 138385
preemptive halt, cache_misses = 138385
preemptive halt, cache_misses = 138385
preemptive halt, cache_misses = 138385
preemptive halt, cache_misses = 138385
preemptive halt, cache_misses = 138385
preemptive halt, cache_misses = 138385
preemptive halt, cache_misses = 138385
preemptive halt, cache_misses = 138385
preemptive halt, cache_misses = 138385
preemptive halt, cache_misses = 138385
preemptive halt, cache_misses = 138385
preemptive halt, cache_misses = 138385
preemptive halt, cache_misses = 138385
preemptive halt, cache_misses = 138385
preemptive halt, cache_misses = 138385
preemptive halt, cache_misses = 138385
preemptive halt, cache_misses = 138385
preemptive halt, cache_misses = 138385
preemptive halt, cache_misses = 138385
preemptive halt, cache_misses = 138385
preemptive halt, cache_misses = 138385
preemptive halt, cache_misses = 138385
preemptive halt, cache_misses = 138385
preemptive halt, cache_misses = 138385
preemptive halt, cache_misses = 138385
preemptive halt, cache_misses = 138385
preemptive halt, cache_misses = 138385
preemptive halt, cache_misses = 138385
preemptive halt, cache_misses = 138385
preemptive halt, cache_misses = 138385
preemptive halt, cache_misses = 138385
preemptive halt, cache_misses = 138385
preemptive halt, cache_misses = 138385
preemptive halt, cache_misses = 138385
preemptive halt, cache_misses = 138385
preemptive halt, cache_misses = 138385
preemptive halt, cache_misses = 138385
preemptive halt, cache_misses = 138385
preemptive halt, cache_misses = 138385
preemptive halt, cache_misses = 138385
preemptive halt, cache_misses = 138385
preemptive halt, cache_misses = 138385
preemptive halt, cache_misses = 138385
preemptive halt, cache_misses = 138385
preemptive halt, cache_misses = 138385
preemptive halt, cache_misses = 138385
preemptive halt, cache_misses = 138385
preemptive halt, cache_misses = 138385
preemptive halt, cache_misses = 138385
preemptive halt, cache_misses = 138385
preemptive halt, cache_misses = 138385
preemptive halt, cache_misses = 138385
preemptive halt, cache_misses = 138385
preemptive halt, cache_misses = 138385
preemptive halt, cache_misses = 138385
preemptive halt, cache_misses = 138385
preemptive halt, cache_misses = 138385
preemptive halt, cache_misses = 138385
preemptive halt, cache_misses = 138385
preemptive halt, cache_misses = 138385
preemptive halt, cache_misses = 138385
preemptive halt, cache_misses = 138385
preemptive halt, cache_misses = 138385
preemptive halt, cache_misses = 138385
preemptive halt, cache_misses = 138385
preemptive halt, cache_misses = 138385
preemptive halt, cache_misses = 138385
preemptive halt, cache_misses = 138385
preemptive halt, cache_misses = 138385
preemptive halt, cache_misses = 138385
preemptive halt, cache_misses = 138385
preemptive halt, cache_misses = 138385
preemptive halt, cache_misses = 138385
preemptive halt, cache_misses = 138385
preemptive halt, cache_misses = 138385
preemptive halt, cache_misses = 138385
preemptive halt, cache_misses = 138385
preemptive halt, cache_misses = 138385
preemptive halt, cache_misses = 138385
preemptive halt, cache_misses = 138385
preemptive halt, cache_misses = 138385
preemptive halt, cache_misses = 138385
preemptive halt, cache_misses = 138385
preemptive halt, cache_misses = 138385
preemptive halt, cache_misses = 138385
preemptive halt, cache_misses = 138385
preemptive halt, cache_misses = 138385
preemptive halt, cache_misses = 138385
preemptive halt, cache_misses = 138385
preemptive halt, cache_misses = 138385
preemptive halt, cache_misses = 138385
preemptive halt, cache_misses = 138385
preemptive halt, cache_misses = 138385
preemptive halt, cache_misses = 138385
preemptive halt, cache_misses = 138385
preemptive halt, cache_misses = 138385
preemptive halt, cache_misses = 138385
preemptive halt, cache_misses = 138385
preemptive halt, cache_misses = 138385
preemptive halt, cache_misses = 138385
preemptive halt, cache_misses = 138385
preemptive halt, cache_misses = 138385
preemptive halt, cache_misses = 138385
preemptive halt, cache_misses = 138385
preemptive halt, cache_misses = 138385
preemptive halt, cache_misses = 138385
preemptive halt, cache_misses = 138385
preemptive halt, cache_misses = 138385
preemptive halt, cache_misses = 138385
preemptive halt, cache_misses = 138385
preemptive halt, cache_misses = 138385
preemptive halt, cache_misses = 138385
preemptive halt, cache_misses = 138385
preemptive halt, cache_misses = 138385
preemptive halt, cache_misses = 138385
preemptive halt, cache_misses = 138385
preemptive halt, cache_misses = 138385
preemptive halt, cache_misses = 138385
preemptive halt, cache_misses = 138385
preemptive halt, cache_misses = 138385
preemptive halt, cache_misses = 138385
binary search, size 54745  misses 138385  min 54726  max 54765
binary search, size 54755  misses 138383  min 54745  max 54765
preemptive halt, cache_misses = 138384
preemptive halt, cache_misses = 138384
preemptive halt, cache_misses = 138384
preemptive halt, cache_misses = 138384
preemptive halt, cache_misses = 138384
preemptive halt, cache_misses = 138384
preemptive halt, cache_misses = 138384
preemptive halt, cache_misses = 138384
preemptive halt, cache_misses = 138384
preemptive halt, cache_misses = 138384
preemptive halt, cache_misses = 138384
preemptive halt, cache_misses = 138384
preemptive halt, cache_misses = 138384
preemptive halt, cache_misses = 138384
preemptive halt, cache_misses = 138384
preemptive halt, cache_misses = 138384
preemptive halt, cache_misses = 138384
preemptive halt, cache_misses = 138384
preemptive halt, cache_misses = 138384
preemptive halt, cache_misses = 138384
preemptive halt, cache_misses = 138384
preemptive halt, cache_misses = 138384
preemptive halt, cache_misses = 138384
preemptive halt, cache_misses = 138384
preemptive halt, cache_misses = 138384
preemptive halt, cache_misses = 138384
preemptive halt, cache_misses = 138384
preemptive halt, cache_misses = 138384
preemptive halt, cache_misses = 138384
preemptive halt, cache_misses = 138384
preemptive halt, cache_misses = 138384
preemptive halt, cache_misses = 138384
preemptive halt, cache_misses = 138384
preemptive halt, cache_misses = 138384
preemptive halt, cache_misses = 138384
preemptive halt, cache_misses = 138384
preemptive halt, cache_misses = 138384
preemptive halt, cache_misses = 138384
preemptive halt, cache_misses = 138384
preemptive halt, cache_misses = 138384
preemptive halt, cache_misses = 138384
preemptive halt, cache_misses = 138384
preemptive halt, cache_misses = 138384
preemptive halt, cache_misses = 138384
preemptive halt, cache_misses = 138384
preemptive halt, cache_misses = 138384
preemptive halt, cache_misses = 138384
preemptive halt, cache_misses = 138384
preemptive halt, cache_misses = 138384
preemptive halt, cache_misses = 138384
preemptive halt, cache_misses = 138384
preemptive halt, cache_misses = 138384
preemptive halt, cache_misses = 138384
preemptive halt, cache_misses = 138384
preemptive halt, cache_misses = 138384
preemptive halt, cache_misses = 138384
preemptive halt, cache_misses = 138384
preemptive halt, cache_misses = 138384
preemptive halt, cache_misses = 138384
preemptive halt, cache_misses = 138384
preemptive halt, cache_misses = 138384
preemptive halt, cache_misses = 138384
preemptive halt, cache_misses = 138384
preemptive halt, cache_misses = 138384
preemptive halt, cache_misses = 138384
preemptive halt, cache_misses = 138384
preemptive halt, cache_misses = 138384
preemptive halt, cache_misses = 138384
preemptive halt, cache_misses = 138384
preemptive halt, cache_misses = 138384
preemptive halt, cache_misses = 138384
preemptive halt, cache_misses = 138384
preemptive halt, cache_misses = 138384
preemptive halt, cache_misses = 138384
preemptive halt, cache_misses = 138384
preemptive halt, cache_misses = 138384
preemptive halt, cache_misses = 138384
preemptive halt, cache_misses = 138384
preemptive halt, cache_misses = 138384
preemptive halt, cache_misses = 138384
preemptive halt, cache_misses = 138384
preemptive halt, cache_misses = 138384
preemptive halt, cache_misses = 138384
preemptive halt, cache_misses = 138384
preemptive halt, cache_misses = 138384
preemptive halt, cache_misses = 138384
preemptive halt, cache_misses = 138384
preemptive halt, cache_misses = 138384
preemptive halt, cache_misses = 138384
preemptive halt, cache_misses = 138384
preemptive halt, cache_misses = 138384
preemptive halt, cache_misses = 138384
preemptive halt, cache_misses = 138384
preemptive halt, cache_misses = 138384
preemptive halt, cache_misses = 138384
preemptive halt, cache_misses = 138384
preemptive halt, cache_misses = 138384
preemptive halt, cache_misses = 138384
preemptive halt, cache_misses = 138384
preemptive halt, cache_misses = 138384
preemptive halt, cache_misses = 138384
preemptive halt, cache_misses = 138384
preemptive halt, cache_misses = 138384
preemptive halt, cache_misses = 138384
preemptive halt, cache_misses = 138384
preemptive halt, cache_misses = 138384
preemptive halt, cache_misses = 138384
preemptive halt, cache_misses = 138384
preemptive halt, cache_misses = 138384
preemptive halt, cache_misses = 138384
preemptive halt, cache_misses = 138384
preemptive halt, cache_misses = 138384
preemptive halt, cache_misses = 138384
preemptive halt, cache_misses = 138384
preemptive halt, cache_misses = 138384
preemptive halt, cache_misses = 138384
preemptive halt, cache_misses = 138384
preemptive halt, cache_misses = 138384
preemptive halt, cache_misses = 138384
preemptive halt, cache_misses = 138384
preemptive halt, cache_misses = 138384
preemptive halt, cache_misses = 138384
preemptive halt, cache_misses = 138384
preemptive halt, cache_misses = 138384
preemptive halt, cache_misses = 138384
preemptive halt, cache_misses = 138384
preemptive halt, cache_misses = 138384
preemptive halt, cache_misses = 138384
preemptive halt, cache_misses = 138384
preemptive halt, cache_misses = 138384
preemptive halt, cache_misses = 138384
preemptive halt, cache_misses = 138384
preemptive halt, cache_misses = 138384
preemptive halt, cache_misses = 138384
preemptive halt, cache_misses = 138384
preemptive halt, cache_misses = 138384
preemptive halt, cache_misses = 138384
preemptive halt, cache_misses = 138384
preemptive halt, cache_misses = 138384
preemptive halt, cache_misses = 138384
preemptive halt, cache_misses = 138384
preemptive halt, cache_misses = 138384
preemptive halt, cache_misses = 138384
preemptive halt, cache_misses = 138384
binary search, size 54750  misses 138384  min 54745  max 54755
preemptive halt, cache_misses = 138385
preemptive halt, cache_misses = 138385
preemptive halt, cache_misses = 138385
preemptive halt, cache_misses = 138385
preemptive halt, cache_misses = 138385
preemptive halt, cache_misses = 138385
preemptive halt, cache_misses = 138385
preemptive halt, cache_misses = 138385
preemptive halt, cache_misses = 138385
preemptive halt, cache_misses = 138385
preemptive halt, cache_misses = 138385
preemptive halt, cache_misses = 138385
preemptive halt, cache_misses = 138385
preemptive halt, cache_misses = 138385
preemptive halt, cache_misses = 138385
preemptive halt, cache_misses = 138385
preemptive halt, cache_misses = 138385
preemptive halt, cache_misses = 138385
preemptive halt, cache_misses = 138385
preemptive halt, cache_misses = 138385
preemptive halt, cache_misses = 138385
preemptive halt, cache_misses = 138385
preemptive halt, cache_misses = 138385
preemptive halt, cache_misses = 138385
preemptive halt, cache_misses = 138385
preemptive halt, cache_misses = 138385
preemptive halt, cache_misses = 138385
preemptive halt, cache_misses = 138385
preemptive halt, cache_misses = 138385
preemptive halt, cache_misses = 138385
preemptive halt, cache_misses = 138385
preemptive halt, cache_misses = 138385
preemptive halt, cache_misses = 138385
preemptive halt, cache_misses = 138385
preemptive halt, cache_misses = 138385
preemptive halt, cache_misses = 138385
preemptive halt, cache_misses = 138385
preemptive halt, cache_misses = 138385
preemptive halt, cache_misses = 138385
preemptive halt, cache_misses = 138385
preemptive halt, cache_misses = 138385
preemptive halt, cache_misses = 138385
preemptive halt, cache_misses = 138385
preemptive halt, cache_misses = 138385
preemptive halt, cache_misses = 138385
preemptive halt, cache_misses = 138385
preemptive halt, cache_misses = 138385
preemptive halt, cache_misses = 138385
preemptive halt, cache_misses = 138385
preemptive halt, cache_misses = 138385
preemptive halt, cache_misses = 138385
preemptive halt, cache_misses = 138385
preemptive halt, cache_misses = 138385
preemptive halt, cache_misses = 138385
preemptive halt, cache_misses = 138385
preemptive halt, cache_misses = 138385
preemptive halt, cache_misses = 138385
preemptive halt, cache_misses = 138385
preemptive halt, cache_misses = 138385
preemptive halt, cache_misses = 138385
preemptive halt, cache_misses = 138385
preemptive halt, cache_misses = 138385
preemptive halt, cache_misses = 138385
preemptive halt, cache_misses = 138385
preemptive halt, cache_misses = 138385
preemptive halt, cache_misses = 138385
preemptive halt, cache_misses = 138385
preemptive halt, cache_misses = 138385
preemptive halt, cache_misses = 138385
preemptive halt, cache_misses = 138385
preemptive halt, cache_misses = 138385
preemptive halt, cache_misses = 138385
preemptive halt, cache_misses = 138385
preemptive halt, cache_misses = 138385
preemptive halt, cache_misses = 138385
preemptive halt, cache_misses = 138385
preemptive halt, cache_misses = 138385
preemptive halt, cache_misses = 138385
preemptive halt, cache_misses = 138385
preemptive halt, cache_misses = 138385
preemptive halt, cache_misses = 138385
preemptive halt, cache_misses = 138385
preemptive halt, cache_misses = 138385
preemptive halt, cache_misses = 138385
preemptive halt, cache_misses = 138385
preemptive halt, cache_misses = 138385
preemptive halt, cache_misses = 138385
preemptive halt, cache_misses = 138385
preemptive halt, cache_misses = 138385
preemptive halt, cache_misses = 138385
preemptive halt, cache_misses = 138385
preemptive halt, cache_misses = 138385
preemptive halt, cache_misses = 138385
preemptive halt, cache_misses = 138385
preemptive halt, cache_misses = 138385
preemptive halt, cache_misses = 138385
preemptive halt, cache_misses = 138385
preemptive halt, cache_misses = 138385
preemptive halt, cache_misses = 138385
preemptive halt, cache_misses = 138385
preemptive halt, cache_misses = 138385
preemptive halt, cache_misses = 138385
preemptive halt, cache_misses = 138385
preemptive halt, cache_misses = 138385
preemptive halt, cache_misses = 138385
preemptive halt, cache_misses = 138385
preemptive halt, cache_misses = 138385
preemptive halt, cache_misses = 138385
preemptive halt, cache_misses = 138385
preemptive halt, cache_misses = 138385
preemptive halt, cache_misses = 138385
preemptive halt, cache_misses = 138385
preemptive halt, cache_misses = 138385
preemptive halt, cache_misses = 138385
preemptive halt, cache_misses = 138385
preemptive halt, cache_misses = 138385
preemptive halt, cache_misses = 138385
preemptive halt, cache_misses = 138385
preemptive halt, cache_misses = 138385
preemptive halt, cache_misses = 138385
preemptive halt, cache_misses = 138385
preemptive halt, cache_misses = 138385
preemptive halt, cache_misses = 138385
preemptive halt, cache_misses = 138385
preemptive halt, cache_misses = 138385
preemptive halt, cache_misses = 138385
preemptive halt, cache_misses = 138385
preemptive halt, cache_misses = 138385
preemptive halt, cache_misses = 138385
preemptive halt, cache_misses = 138385
preemptive halt, cache_misses = 138385
preemptive halt, cache_misses = 138385
preemptive halt, cache_misses = 138385
preemptive halt, cache_misses = 138385
preemptive halt, cache_misses = 138385
preemptive halt, cache_misses = 138385
preemptive halt, cache_misses = 138385
preemptive halt, cache_misses = 138385
preemptive halt, cache_misses = 138385
preemptive halt, cache_misses = 138385
preemptive halt, cache_misses = 138385
preemptive halt, cache_misses = 138385
preemptive halt, cache_misses = 138385
preemptive halt, cache_misses = 138385
preemptive halt, cache_misses = 138385
preemptive halt, cache_misses = 138385
binary search, size 54752  misses 138385  min 54750  max 54755
preemptive halt, cache_misses = 138386
preemptive halt, cache_misses = 138386
preemptive halt, cache_misses = 138386
preemptive halt, cache_misses = 138386
preemptive halt, cache_misses = 138386
preemptive halt, cache_misses = 138386
preemptive halt, cache_misses = 138386
preemptive halt, cache_misses = 138386
preemptive halt, cache_misses = 138386
preemptive halt, cache_misses = 138386
preemptive halt, cache_misses = 138386
preemptive halt, cache_misses = 138386
preemptive halt, cache_misses = 138386
preemptive halt, cache_misses = 138386
preemptive halt, cache_misses = 138386
preemptive halt, cache_misses = 138386
preemptive halt, cache_misses = 138386
preemptive halt, cache_misses = 138386
preemptive halt, cache_misses = 138386
preemptive halt, cache_misses = 138386
preemptive halt, cache_misses = 138386
preemptive halt, cache_misses = 138386
preemptive halt, cache_misses = 138386
preemptive halt, cache_misses = 138386
preemptive halt, cache_misses = 138386
preemptive halt, cache_misses = 138386
preemptive halt, cache_misses = 138386
preemptive halt, cache_misses = 138386
preemptive halt, cache_misses = 138386
preemptive halt, cache_misses = 138386
preemptive halt, cache_misses = 138386
preemptive halt, cache_misses = 138386
preemptive halt, cache_misses = 138386
preemptive halt, cache_misses = 138386
preemptive halt, cache_misses = 138386
preemptive halt, cache_misses = 138386
preemptive halt, cache_misses = 138386
preemptive halt, cache_misses = 138386
preemptive halt, cache_misses = 138386
preemptive halt, cache_misses = 138386
preemptive halt, cache_misses = 138386
preemptive halt, cache_misses = 138386
preemptive halt, cache_misses = 138386
preemptive halt, cache_misses = 138386
preemptive halt, cache_misses = 138386
preemptive halt, cache_misses = 138386
preemptive halt, cache_misses = 138386
preemptive halt, cache_misses = 138386
preemptive halt, cache_misses = 138386
preemptive halt, cache_misses = 138386
preemptive halt, cache_misses = 138386
preemptive halt, cache_misses = 138386
preemptive halt, cache_misses = 138386
preemptive halt, cache_misses = 138386
preemptive halt, cache_misses = 138386
preemptive halt, cache_misses = 138386
preemptive halt, cache_misses = 138386
preemptive halt, cache_misses = 138386
preemptive halt, cache_misses = 138386
preemptive halt, cache_misses = 138386
preemptive halt, cache_misses = 138386
preemptive halt, cache_misses = 138386
preemptive halt, cache_misses = 138386
preemptive halt, cache_misses = 138386
preemptive halt, cache_misses = 138386
preemptive halt, cache_misses = 138386
preemptive halt, cache_misses = 138386
preemptive halt, cache_misses = 138386
preemptive halt, cache_misses = 138386
preemptive halt, cache_misses = 138386
preemptive halt, cache_misses = 138386
preemptive halt, cache_misses = 138386
preemptive halt, cache_misses = 138386
preemptive halt, cache_misses = 138386
preemptive halt, cache_misses = 138386
preemptive halt, cache_misses = 138386
preemptive halt, cache_misses = 138386
preemptive halt, cache_misses = 138386
preemptive halt, cache_misses = 138386
preemptive halt, cache_misses = 138386
preemptive halt, cache_misses = 138386
preemptive halt, cache_misses = 138386
preemptive halt, cache_misses = 138386
preemptive halt, cache_misses = 138386
preemptive halt, cache_misses = 138386
preemptive halt, cache_misses = 138386
preemptive halt, cache_misses = 138386
preemptive halt, cache_misses = 138386
preemptive halt, cache_misses = 138386
preemptive halt, cache_misses = 138386
preemptive halt, cache_misses = 138386
preemptive halt, cache_misses = 138386
preemptive halt, cache_misses = 138386
preemptive halt, cache_misses = 138386
preemptive halt, cache_misses = 138386
preemptive halt, cache_misses = 138386
preemptive halt, cache_misses = 138386
preemptive halt, cache_misses = 138386
preemptive halt, cache_misses = 138386
preemptive halt, cache_misses = 138386
preemptive halt, cache_misses = 138386
preemptive halt, cache_misses = 138386
preemptive halt, cache_misses = 138386
preemptive halt, cache_misses = 138386
preemptive halt, cache_misses = 138386
preemptive halt, cache_misses = 138386
preemptive halt, cache_misses = 138386
preemptive halt, cache_misses = 138386
preemptive halt, cache_misses = 138386
preemptive halt, cache_misses = 138386
preemptive halt, cache_misses = 138386
preemptive halt, cache_misses = 138386
preemptive halt, cache_misses = 138386
preemptive halt, cache_misses = 138386
preemptive halt, cache_misses = 138386
preemptive halt, cache_misses = 138386
preemptive halt, cache_misses = 138386
preemptive halt, cache_misses = 138386
preemptive halt, cache_misses = 138386
preemptive halt, cache_misses = 138386
preemptive halt, cache_misses = 138386
preemptive halt, cache_misses = 138386
preemptive halt, cache_misses = 138386
preemptive halt, cache_misses = 138386
preemptive halt, cache_misses = 138386
preemptive halt, cache_misses = 138386
preemptive halt, cache_misses = 138386
preemptive halt, cache_misses = 138386
preemptive halt, cache_misses = 138386
preemptive halt, cache_misses = 138386
preemptive halt, cache_misses = 138386
preemptive halt, cache_misses = 138386
preemptive halt, cache_misses = 138386
preemptive halt, cache_misses = 138386
preemptive halt, cache_misses = 138386
preemptive halt, cache_misses = 138386
preemptive halt, cache_misses = 138386
preemptive halt, cache_misses = 138386
preemptive halt, cache_misses = 138386
preemptive halt, cache_misses = 138386
preemptive halt, cache_misses = 138386
preemptive halt, cache_misses = 138386
preemptive halt, cache_misses = 138386
preemptive halt, cache_misses = 138386
preemptive halt, cache_misses = 138386
preemptive halt, cache_misses = 138386
preemptive halt, cache_misses = 138386
preemptive halt, cache_misses = 138386
binary search, size 54753  misses 138386  min 54752  max 54755
preemptive halt, cache_misses = 138387
preemptive halt, cache_misses = 138387
preemptive halt, cache_misses = 138387
preemptive halt, cache_misses = 138387
preemptive halt, cache_misses = 138387
preemptive halt, cache_misses = 138387
preemptive halt, cache_misses = 138387
preemptive halt, cache_misses = 138387
preemptive halt, cache_misses = 138387
preemptive halt, cache_misses = 138387
preemptive halt, cache_misses = 138387
preemptive halt, cache_misses = 138387
preemptive halt, cache_misses = 138387
preemptive halt, cache_misses = 138387
preemptive halt, cache_misses = 138387
preemptive halt, cache_misses = 138387
preemptive halt, cache_misses = 138387
preemptive halt, cache_misses = 138387
preemptive halt, cache_misses = 138387
preemptive halt, cache_misses = 138387
preemptive halt, cache_misses = 138387
preemptive halt, cache_misses = 138387
preemptive halt, cache_misses = 138387
preemptive halt, cache_misses = 138387
preemptive halt, cache_misses = 138387
preemptive halt, cache_misses = 138387
preemptive halt, cache_misses = 138387
preemptive halt, cache_misses = 138387
preemptive halt, cache_misses = 138387
preemptive halt, cache_misses = 138387
preemptive halt, cache_misses = 138387
preemptive halt, cache_misses = 138387
preemptive halt, cache_misses = 138387
preemptive halt, cache_misses = 138387
preemptive halt, cache_misses = 138387
preemptive halt, cache_misses = 138387
preemptive halt, cache_misses = 138387
preemptive halt, cache_misses = 138387
preemptive halt, cache_misses = 138387
preemptive halt, cache_misses = 138387
preemptive halt, cache_misses = 138387
preemptive halt, cache_misses = 138387
preemptive halt, cache_misses = 138387
preemptive halt, cache_misses = 138387
preemptive halt, cache_misses = 138387
preemptive halt, cache_misses = 138387
preemptive halt, cache_misses = 138387
preemptive halt, cache_misses = 138387
preemptive halt, cache_misses = 138387
preemptive halt, cache_misses = 138387
preemptive halt, cache_misses = 138387
preemptive halt, cache_misses = 138387
preemptive halt, cache_misses = 138387
preemptive halt, cache_misses = 138387
preemptive halt, cache_misses = 138387
preemptive halt, cache_misses = 138387
preemptive halt, cache_misses = 138387
preemptive halt, cache_misses = 138387
preemptive halt, cache_misses = 138387
preemptive halt, cache_misses = 138387
preemptive halt, cache_misses = 138387
preemptive halt, cache_misses = 138387
preemptive halt, cache_misses = 138387
preemptive halt, cache_misses = 138387
preemptive halt, cache_misses = 138387
preemptive halt, cache_misses = 138387
preemptive halt, cache_misses = 138387
preemptive halt, cache_misses = 138387
preemptive halt, cache_misses = 138387
preemptive halt, cache_misses = 138387
preemptive halt, cache_misses = 138387
preemptive halt, cache_misses = 138387
preemptive halt, cache_misses = 138387
preemptive halt, cache_misses = 138387
preemptive halt, cache_misses = 138387
preemptive halt, cache_misses = 138387
preemptive halt, cache_misses = 138387
preemptive halt, cache_misses = 138387
preemptive halt, cache_misses = 138387
preemptive halt, cache_misses = 138387
preemptive halt, cache_misses = 138387
preemptive halt, cache_misses = 138387
preemptive halt, cache_misses = 138387
preemptive halt, cache_misses = 138387
preemptive halt, cache_misses = 138387
preemptive halt, cache_misses = 138387
preemptive halt, cache_misses = 138387
preemptive halt, cache_misses = 138387
preemptive halt, cache_misses = 138387
preemptive halt, cache_misses = 138387
preemptive halt, cache_misses = 138387
preemptive halt, cache_misses = 138387
preemptive halt, cache_misses = 138387
preemptive halt, cache_misses = 138387
preemptive halt, cache_misses = 138387
preemptive halt, cache_misses = 138387
preemptive halt, cache_misses = 138387
preemptive halt, cache_misses = 138387
preemptive halt, cache_misses = 138387
preemptive halt, cache_misses = 138387
preemptive halt, cache_misses = 138387
preemptive halt, cache_misses = 138387
preemptive halt, cache_misses = 138387
preemptive halt, cache_misses = 138387
preemptive halt, cache_misses = 138387
preemptive halt, cache_misses = 138387
preemptive halt, cache_misses = 138387
preemptive halt, cache_misses = 138387
preemptive halt, cache_misses = 138387
preemptive halt, cache_misses = 138387
preemptive halt, cache_misses = 138387
preemptive halt, cache_misses = 138387
preemptive halt, cache_misses = 138387
preemptive halt, cache_misses = 138387
preemptive halt, cache_misses = 138387
preemptive halt, cache_misses = 138387
preemptive halt, cache_misses = 138387
preemptive halt, cache_misses = 138387
preemptive halt, cache_misses = 138387
preemptive halt, cache_misses = 138387
preemptive halt, cache_misses = 138387
preemptive halt, cache_misses = 138387
preemptive halt, cache_misses = 138387
preemptive halt, cache_misses = 138387
preemptive halt, cache_misses = 138387
preemptive halt, cache_misses = 138387
preemptive halt, cache_misses = 138387
preemptive halt, cache_misses = 138387
preemptive halt, cache_misses = 138387
preemptive halt, cache_misses = 138387
preemptive halt, cache_misses = 138387
preemptive halt, cache_misses = 138387
preemptive halt, cache_misses = 138387
preemptive halt, cache_misses = 138387
preemptive halt, cache_misses = 138387
preemptive halt, cache_misses = 138387
preemptive halt, cache_misses = 138387
preemptive halt, cache_misses = 138387
preemptive halt, cache_misses = 138387
preemptive halt, cache_misses = 138387
preemptive halt, cache_misses = 138387
preemptive halt, cache_misses = 138387
preemptive halt, cache_misses = 138387
preemptive halt, cache_misses = 138387
preemptive halt, cache_misses = 138387
preemptive halt, cache_misses = 138387
preemptive halt, cache_misses = 138387
preemptive halt, cache_misses = 138387
preemptive halt, cache_misses = 138387
preemptive halt, cache_misses = 138387
binary search, size 54754  misses 138387  min 54753  max 54755
characteristic cache size (binary search) for 371 = 54755
End at: 2021-04-02 16:00:36.576502
Time elapsed: 0:00:02.583332
