Begin at: 2021-04-02 16:01:33.243129
['../dist/Debug/GNU-Linux/memo_batch_tester', '', '--mbt_execution_trace_fname', 'olcs4_traceback_csize_input_types/OLCS4_lru_2021_04_02__15_55_02_k_3__d_2_cache_size_160000_problems_10_to_400/OLCS4_lru_2021_04_02__15_55_02_k_3__d_2_cache_size_160000_problems_10_to_400/OLCS4__do_traceback_prob_size_393_cache_size_160000_lru_k_3_d_2_execution_trace_2021_4_2_16_1_33_pid_20345.log', '--mbt_cache_misses_fname', 'olcs4_traceback_csize_input_types/OLCS4_lru_2021_04_02__15_55_02_k_3__d_2_cache_size_160000_problems_10_to_400/lcs_cost_OLCS4_lru_misses_for_cache_size.csv', '--mbt_misses_for_problem_size_fname', 'olcs4_traceback_csize_input_types/OLCS4_lru_2021_04_02__15_55_02_k_3__d_2_cache_size_160000_problems_10_to_400/lcs_cost_OLCS4_lru_misses_for_problem_size.csv', '--mbt_exact_cutoff_min_cache_size', '160000', '--mbt_exact_cutoff_max_cache_size', '160000', '--mbt_problem_type', 'lcs', '--mbt_metric_type', 'csize_binary_search', '--mbt_cutoff_ratio', '2.2', '--mbt_instance_fname', '393', '--mbt_detailed_cache_misses_out_fname', 'csize_olcs4_traceback_0011n_ceil_n_b_5.csv', '--mbt_phi_N', '5.0', '--mbt_problem_size', '393', '--lcs_compute_length', '0', '--lcs_perform_traceback', '1', '--lig_instance_type', '0011n_ceil_n_b', '--lig_n', '393', '--lig_c', '0.9', '--lig_b', '5.0', '--lcs_oblivious', '4', '--lcs_execution_trace_fname', 'olcs4_traceback_csize_input_types/OLCS4_lru_2021_04_02__15_55_02_k_3__d_2_cache_size_160000_problems_10_to_400/OLCS4_lru_2021_04_02__15_55_02_k_3__d_2_cache_size_160000_problems_10_to_400/OLCS4__do_traceback_prob_size_393_cache_size_160000_lru_k_3_d_2_execution_trace_2021_4_2_16_1_33_pid_20345.log', '--memo_caching_strategy', 'lru', '--memo_cache_size', '160001', '--memo_lru_queue_size', '160000', '--memo_cuckoo_k', '4', '--memo_key_length', '8', '--memo_value_length', '8', '--memo_k_timestamps', '3', '--memo_d_recent_timestamps', '2', '--memo_a_items_per_timestamp_factor', '0.4375']

csize_binary_search chosen
lcs problem_type lcs cache_size 160001
initialize_long_int_cache begin
init_memo
arguments to memo:
 --mbt_execution_trace_fname olcs4_traceback_csize_input_types/OLCS4_lru_2021_04_02__15_55_02_k_3__d_2_cache_size_160000_problems_10_to_400/OLCS4_lru_2021_04_02__15_55_02_k_3__d_2_cache_size_160000_problems_10_to_400/OLCS4__do_traceback_prob_size_393_cache_size_160000_lru_k_3_d_2_execution_trace_2021_4_2_16_1_33_pid_20345.log --mbt_cache_misses_fname olcs4_traceback_csize_input_types/OLCS4_lru_2021_04_02__15_55_02_k_3__d_2_cache_size_160000_problems_10_to_400/lcs_cost_OLCS4_lru_misses_for_cache_size.csv --mbt_misses_for_problem_size_fname olcs4_traceback_csize_input_types/OLCS4_lru_2021_04_02__15_55_02_k_3__d_2_cache_size_160000_problems_10_to_400/lcs_cost_OLCS4_lru_misses_for_problem_size.csv --mbt_exact_cutoff_min_cache_size 160000 --mbt_exact_cutoff_max_cache_size 160000 --mbt_problem_type lcs --mbt_metric_type csize_binary_search --mbt_cutoff_ratio 2.2 --mbt_instance_fname 393 --mbt_detailed_cache_misses_out_fname csize_olcs4_traceback_0011n_ceil_n_b_5.csv --mbt_phi_N 5.0 --mbt_problem_size 393 --lcs_compute_length 0 --lcs_perform_traceback 1 --lig_instance_type 0011n_ceil_n_b --lig_n 393 --lig_c 0.9 --lig_b 5.0 --lcs_oblivious 4 --lcs_execution_trace_fname olcs4_traceback_csize_input_types/OLCS4_lru_2021_04_02__15_55_02_k_3__d_2_cache_size_160000_problems_10_to_400/OLCS4_lru_2021_04_02__15_55_02_k_3__d_2_cache_size_160000_problems_10_to_400/OLCS4__do_traceback_prob_size_393_cache_size_160000_lru_k_3_d_2_execution_trace_2021_4_2_16_1_33_pid_20345.log --memo_caching_strategy lru --memo_cache_size 160001 --memo_lru_queue_size 160000 --memo_cuckoo_k 4 --memo_key_length 8 --memo_value_length 8 --memo_k_timestamps 3 --memo_d_recent_timestamps 2 --memo_a_items_per_timestamp_factor 0.4375 
calculate_table_size: table_size is 262144, original is 160001
Finished initializing cache
initialize_long_int_cache end
done initializing cache
initializing problem
done initializing problem
commence trials
Starting characteristic_cache_size_binary_search with max cache size 160001
binary search, size 160001  misses 155235
binary search, size 80000  misses 155235  min 0  max 160001
preemptive halt, cache_misses = 155236
preemptive halt, cache_misses = 155236
preemptive halt, cache_misses = 155236
preemptive halt, cache_misses = 155236
preemptive halt, cache_misses = 155236
preemptive halt, cache_misses = 155236
preemptive halt, cache_misses = 155236
preemptive halt, cache_misses = 155236
preemptive halt, cache_misses = 155236
preemptive halt, cache_misses = 155236
preemptive halt, cache_misses = 155236
preemptive halt, cache_misses = 155236
preemptive halt, cache_misses = 155236
preemptive halt, cache_misses = 155236
preemptive halt, cache_misses = 155236
preemptive halt, cache_misses = 155236
preemptive halt, cache_misses = 155236
preemptive halt, cache_misses = 155236
preemptive halt, cache_misses = 155236
preemptive halt, cache_misses = 155236
preemptive halt, cache_misses = 155236
preemptive halt, cache_misses = 155236
preemptive halt, cache_misses = 155236
preemptive halt, cache_misses = 155236
preemptive halt, cache_misses = 155236
preemptive halt, cache_misses = 155236
preemptive halt, cache_misses = 155236
preemptive halt, cache_misses = 155236
preemptive halt, cache_misses = 155236
preemptive halt, cache_misses = 155236
preemptive halt, cache_misses = 155236
preemptive halt, cache_misses = 155236
preemptive halt, cache_misses = 155236
preemptive halt, cache_misses = 155236
preemptive halt, cache_misses = 155236
preemptive halt, cache_misses = 155236
preemptive halt, cache_misses = 155236
preemptive halt, cache_misses = 155236
preemptive halt, cache_misses = 155236
preemptive halt, cache_misses = 155236
preemptive halt, cache_misses = 155236
preemptive halt, cache_misses = 155236
preemptive halt, cache_misses = 155236
preemptive halt, cache_misses = 155236
preemptive halt, cache_misses = 155236
preemptive halt, cache_misses = 155236
preemptive halt, cache_misses = 155236
preemptive halt, cache_misses = 155236
preemptive halt, cache_misses = 155236
preemptive halt, cache_misses = 155236
preemptive halt, cache_misses = 155236
preemptive halt, cache_misses = 155236
preemptive halt, cache_misses = 155236
preemptive halt, cache_misses = 155236
preemptive halt, cache_misses = 155236
preemptive halt, cache_misses = 155236
preemptive halt, cache_misses = 155236
preemptive halt, cache_misses = 155236
preemptive halt, cache_misses = 155236
preemptive halt, cache_misses = 155236
preemptive halt, cache_misses = 155236
preemptive halt, cache_misses = 155236
preemptive halt, cache_misses = 155236
preemptive halt, cache_misses = 155236
preemptive halt, cache_misses = 155236
preemptive halt, cache_misses = 155236
preemptive halt, cache_misses = 155236
preemptive halt, cache_misses = 155236
preemptive halt, cache_misses = 155236
preemptive halt, cache_misses = 155236
preemptive halt, cache_misses = 155236
preemptive halt, cache_misses = 155236
preemptive halt, cache_misses = 155236
preemptive halt, cache_misses = 155236
preemptive halt, cache_misses = 155236
preemptive halt, cache_misses = 155236
preemptive halt, cache_misses = 155236
preemptive halt, cache_misses = 155236
preemptive halt, cache_misses = 155236
preemptive halt, cache_misses = 155236
preemptive halt, cache_misses = 155236
preemptive halt, cache_misses = 155236
preemptive halt, cache_misses = 155236
preemptive halt, cache_misses = 155236
preemptive halt, cache_misses = 155236
preemptive halt, cache_misses = 155236
preemptive halt, cache_misses = 155236
preemptive halt, cache_misses = 155236
preemptive halt, cache_misses = 155236
preemptive halt, cache_misses = 155236
preemptive halt, cache_misses = 155236
preemptive halt, cache_misses = 155236
preemptive halt, cache_misses = 155236
preemptive halt, cache_misses = 155236
preemptive halt, cache_misses = 155236
preemptive halt, cache_misses = 155236
preemptive halt, cache_misses = 155236
preemptive halt, cache_misses = 155236
preemptive halt, cache_misses = 155236
preemptive halt, cache_misses = 155236
preemptive halt, cache_misses = 155236
preemptive halt, cache_misses = 155236
preemptive halt, cache_misses = 155236
preemptive halt, cache_misses = 155236
preemptive halt, cache_misses = 155236
preemptive halt, cache_misses = 155236
preemptive halt, cache_misses = 155236
preemptive halt, cache_misses = 155236
preemptive halt, cache_misses = 155236
preemptive halt, cache_misses = 155236
preemptive halt, cache_misses = 155236
preemptive halt, cache_misses = 155236
preemptive halt, cache_misses = 155236
preemptive halt, cache_misses = 155236
preemptive halt, cache_misses = 155236
preemptive halt, cache_misses = 155236
preemptive halt, cache_misses = 155236
preemptive halt, cache_misses = 155236
preemptive halt, cache_misses = 155236
preemptive halt, cache_misses = 155236
preemptive halt, cache_misses = 155236
preemptive halt, cache_misses = 155236
preemptive halt, cache_misses = 155236
preemptive halt, cache_misses = 155236
preemptive halt, cache_misses = 155236
preemptive halt, cache_misses = 155236
preemptive halt, cache_misses = 155236
preemptive halt, cache_misses = 155236
preemptive halt, cache_misses = 155236
preemptive halt, cache_misses = 155236
preemptive halt, cache_misses = 155236
preemptive halt, cache_misses = 155236
preemptive halt, cache_misses = 155236
preemptive halt, cache_misses = 155236
preemptive halt, cache_misses = 155236
preemptive halt, cache_misses = 155236
preemptive halt, cache_misses = 155236
preemptive halt, cache_misses = 155236
preemptive halt, cache_misses = 155236
preemptive halt, cache_misses = 155236
preemptive halt, cache_misses = 155236
preemptive halt, cache_misses = 155236
preemptive halt, cache_misses = 155236
preemptive halt, cache_misses = 155236
preemptive halt, cache_misses = 155236
preemptive halt, cache_misses = 155236
preemptive halt, cache_misses = 155236
preemptive halt, cache_misses = 155236
preemptive halt, cache_misses = 155236
preemptive halt, cache_misses = 155236
preemptive halt, cache_misses = 155236
preemptive halt, cache_misses = 155236
preemptive halt, cache_misses = 155236
preemptive halt, cache_misses = 155236
preemptive halt, cache_misses = 155236
preemptive halt, cache_misses = 155236
binary search, size 40000  misses 155236  min 0  max 80000
preemptive halt, cache_misses = 155237
preemptive halt, cache_misses = 155237
preemptive halt, cache_misses = 155237
preemptive halt, cache_misses = 155237
preemptive halt, cache_misses = 155237
preemptive halt, cache_misses = 155237
preemptive halt, cache_misses = 155237
preemptive halt, cache_misses = 155237
preemptive halt, cache_misses = 155237
preemptive halt, cache_misses = 155237
preemptive halt, cache_misses = 155237
preemptive halt, cache_misses = 155237
preemptive halt, cache_misses = 155237
preemptive halt, cache_misses = 155237
preemptive halt, cache_misses = 155237
preemptive halt, cache_misses = 155237
preemptive halt, cache_misses = 155237
preemptive halt, cache_misses = 155237
preemptive halt, cache_misses = 155237
preemptive halt, cache_misses = 155237
preemptive halt, cache_misses = 155237
preemptive halt, cache_misses = 155237
preemptive halt, cache_misses = 155237
preemptive halt, cache_misses = 155237
preemptive halt, cache_misses = 155237
preemptive halt, cache_misses = 155237
preemptive halt, cache_misses = 155237
preemptive halt, cache_misses = 155237
preemptive halt, cache_misses = 155237
preemptive halt, cache_misses = 155237
preemptive halt, cache_misses = 155237
preemptive halt, cache_misses = 155237
preemptive halt, cache_misses = 155237
preemptive halt, cache_misses = 155237
preemptive halt, cache_misses = 155237
preemptive halt, cache_misses = 155237
preemptive halt, cache_misses = 155237
preemptive halt, cache_misses = 155237
preemptive halt, cache_misses = 155237
preemptive halt, cache_misses = 155237
preemptive halt, cache_misses = 155237
preemptive halt, cache_misses = 155237
preemptive halt, cache_misses = 155237
preemptive halt, cache_misses = 155237
preemptive halt, cache_misses = 155237
preemptive halt, cache_misses = 155237
preemptive halt, cache_misses = 155237
preemptive halt, cache_misses = 155237
preemptive halt, cache_misses = 155237
preemptive halt, cache_misses = 155237
preemptive halt, cache_misses = 155237
preemptive halt, cache_misses = 155237
preemptive halt, cache_misses = 155237
preemptive halt, cache_misses = 155237
preemptive halt, cache_misses = 155237
preemptive halt, cache_misses = 155237
preemptive halt, cache_misses = 155237
preemptive halt, cache_misses = 155237
preemptive halt, cache_misses = 155237
preemptive halt, cache_misses = 155237
preemptive halt, cache_misses = 155237
preemptive halt, cache_misses = 155237
preemptive halt, cache_misses = 155237
preemptive halt, cache_misses = 155237
preemptive halt, cache_misses = 155237
preemptive halt, cache_misses = 155237
preemptive halt, cache_misses = 155237
preemptive halt, cache_misses = 155237
preemptive halt, cache_misses = 155237
preemptive halt, cache_misses = 155237
preemptive halt, cache_misses = 155237
preemptive halt, cache_misses = 155237
preemptive halt, cache_misses = 155237
preemptive halt, cache_misses = 155237
preemptive halt, cache_misses = 155237
preemptive halt, cache_misses = 155237
preemptive halt, cache_misses = 155237
preemptive halt, cache_misses = 155237
preemptive halt, cache_misses = 155237
preemptive halt, cache_misses = 155237
preemptive halt, cache_misses = 155237
preemptive halt, cache_misses = 155237
preemptive halt, cache_misses = 155237
preemptive halt, cache_misses = 155237
preemptive halt, cache_misses = 155237
preemptive halt, cache_misses = 155237
preemptive halt, cache_misses = 155237
preemptive halt, cache_misses = 155237
preemptive halt, cache_misses = 155237
preemptive halt, cache_misses = 155237
preemptive halt, cache_misses = 155237
preemptive halt, cache_misses = 155237
preemptive halt, cache_misses = 155237
preemptive halt, cache_misses = 155237
preemptive halt, cache_misses = 155237
preemptive halt, cache_misses = 155237
preemptive halt, cache_misses = 155237
preemptive halt, cache_misses = 155237
preemptive halt, cache_misses = 155237
preemptive halt, cache_misses = 155237
preemptive halt, cache_misses = 155237
preemptive halt, cache_misses = 155237
preemptive halt, cache_misses = 155237
preemptive halt, cache_misses = 155237
preemptive halt, cache_misses = 155237
preemptive halt, cache_misses = 155237
preemptive halt, cache_misses = 155237
preemptive halt, cache_misses = 155237
preemptive halt, cache_misses = 155237
preemptive halt, cache_misses = 155237
preemptive halt, cache_misses = 155237
preemptive halt, cache_misses = 155237
preemptive halt, cache_misses = 155237
preemptive halt, cache_misses = 155237
preemptive halt, cache_misses = 155237
preemptive halt, cache_misses = 155237
preemptive halt, cache_misses = 155237
preemptive halt, cache_misses = 155237
preemptive halt, cache_misses = 155237
preemptive halt, cache_misses = 155237
preemptive halt, cache_misses = 155237
preemptive halt, cache_misses = 155237
preemptive halt, cache_misses = 155237
preemptive halt, cache_misses = 155237
preemptive halt, cache_misses = 155237
preemptive halt, cache_misses = 155237
preemptive halt, cache_misses = 155237
preemptive halt, cache_misses = 155237
preemptive halt, cache_misses = 155237
preemptive halt, cache_misses = 155237
preemptive halt, cache_misses = 155237
preemptive halt, cache_misses = 155237
preemptive halt, cache_misses = 155237
preemptive halt, cache_misses = 155237
preemptive halt, cache_misses = 155237
preemptive halt, cache_misses = 155237
preemptive halt, cache_misses = 155237
preemptive halt, cache_misses = 155237
preemptive halt, cache_misses = 155237
preemptive halt, cache_misses = 155237
preemptive halt, cache_misses = 155237
preemptive halt, cache_misses = 155237
preemptive halt, cache_misses = 155237
preemptive halt, cache_misses = 155237
preemptive halt, cache_misses = 155237
preemptive halt, cache_misses = 155237
preemptive halt, cache_misses = 155237
preemptive halt, cache_misses = 155237
preemptive halt, cache_misses = 155237
preemptive halt, cache_misses = 155237
preemptive halt, cache_misses = 155237
preemptive halt, cache_misses = 155237
preemptive halt, cache_misses = 155237
preemptive halt, cache_misses = 155237
preemptive halt, cache_misses = 155237
preemptive halt, cache_misses = 155237
preemptive halt, cache_misses = 155237
preemptive halt, cache_misses = 155237
binary search, size 60000  misses 155237  min 40000  max 80000
binary search, size 70000  misses 155235  min 60000  max 80000
binary search, size 65000  misses 155235  min 60000  max 70000
binary search, size 62500  misses 155235  min 60000  max 65000
preemptive halt, cache_misses = 155236
preemptive halt, cache_misses = 155236
preemptive halt, cache_misses = 155236
preemptive halt, cache_misses = 155236
preemptive halt, cache_misses = 155236
preemptive halt, cache_misses = 155236
preemptive halt, cache_misses = 155236
preemptive halt, cache_misses = 155236
preemptive halt, cache_misses = 155236
preemptive halt, cache_misses = 155236
preemptive halt, cache_misses = 155236
preemptive halt, cache_misses = 155236
preemptive halt, cache_misses = 155236
preemptive halt, cache_misses = 155236
preemptive halt, cache_misses = 155236
preemptive halt, cache_misses = 155236
preemptive halt, cache_misses = 155236
preemptive halt, cache_misses = 155236
preemptive halt, cache_misses = 155236
preemptive halt, cache_misses = 155236
preemptive halt, cache_misses = 155236
preemptive halt, cache_misses = 155236
preemptive halt, cache_misses = 155236
preemptive halt, cache_misses = 155236
preemptive halt, cache_misses = 155236
preemptive halt, cache_misses = 155236
preemptive halt, cache_misses = 155236
preemptive halt, cache_misses = 155236
preemptive halt, cache_misses = 155236
preemptive halt, cache_misses = 155236
preemptive halt, cache_misses = 155236
preemptive halt, cache_misses = 155236
preemptive halt, cache_misses = 155236
preemptive halt, cache_misses = 155236
preemptive halt, cache_misses = 155236
preemptive halt, cache_misses = 155236
preemptive halt, cache_misses = 155236
preemptive halt, cache_misses = 155236
preemptive halt, cache_misses = 155236
preemptive halt, cache_misses = 155236
preemptive halt, cache_misses = 155236
preemptive halt, cache_misses = 155236
preemptive halt, cache_misses = 155236
preemptive halt, cache_misses = 155236
preemptive halt, cache_misses = 155236
preemptive halt, cache_misses = 155236
preemptive halt, cache_misses = 155236
preemptive halt, cache_misses = 155236
preemptive halt, cache_misses = 155236
preemptive halt, cache_misses = 155236
preemptive halt, cache_misses = 155236
preemptive halt, cache_misses = 155236
preemptive halt, cache_misses = 155236
preemptive halt, cache_misses = 155236
preemptive halt, cache_misses = 155236
preemptive halt, cache_misses = 155236
preemptive halt, cache_misses = 155236
preemptive halt, cache_misses = 155236
preemptive halt, cache_misses = 155236
preemptive halt, cache_misses = 155236
preemptive halt, cache_misses = 155236
preemptive halt, cache_misses = 155236
preemptive halt, cache_misses = 155236
preemptive halt, cache_misses = 155236
preemptive halt, cache_misses = 155236
preemptive halt, cache_misses = 155236
preemptive halt, cache_misses = 155236
preemptive halt, cache_misses = 155236
preemptive halt, cache_misses = 155236
preemptive halt, cache_misses = 155236
preemptive halt, cache_misses = 155236
preemptive halt, cache_misses = 155236
preemptive halt, cache_misses = 155236
preemptive halt, cache_misses = 155236
preemptive halt, cache_misses = 155236
preemptive halt, cache_misses = 155236
preemptive halt, cache_misses = 155236
preemptive halt, cache_misses = 155236
preemptive halt, cache_misses = 155236
preemptive halt, cache_misses = 155236
preemptive halt, cache_misses = 155236
preemptive halt, cache_misses = 155236
preemptive halt, cache_misses = 155236
preemptive halt, cache_misses = 155236
preemptive halt, cache_misses = 155236
preemptive halt, cache_misses = 155236
preemptive halt, cache_misses = 155236
preemptive halt, cache_misses = 155236
preemptive halt, cache_misses = 155236
preemptive halt, cache_misses = 155236
preemptive halt, cache_misses = 155236
preemptive halt, cache_misses = 155236
preemptive halt, cache_misses = 155236
preemptive halt, cache_misses = 155236
preemptive halt, cache_misses = 155236
preemptive halt, cache_misses = 155236
preemptive halt, cache_misses = 155236
preemptive halt, cache_misses = 155236
preemptive halt, cache_misses = 155236
preemptive halt, cache_misses = 155236
preemptive halt, cache_misses = 155236
preemptive halt, cache_misses = 155236
preemptive halt, cache_misses = 155236
preemptive halt, cache_misses = 155236
preemptive halt, cache_misses = 155236
preemptive halt, cache_misses = 155236
preemptive halt, cache_misses = 155236
preemptive halt, cache_misses = 155236
preemptive halt, cache_misses = 155236
preemptive halt, cache_misses = 155236
preemptive halt, cache_misses = 155236
preemptive halt, cache_misses = 155236
preemptive halt, cache_misses = 155236
preemptive halt, cache_misses = 155236
preemptive halt, cache_misses = 155236
preemptive halt, cache_misses = 155236
preemptive halt, cache_misses = 155236
preemptive halt, cache_misses = 155236
preemptive halt, cache_misses = 155236
preemptive halt, cache_misses = 155236
preemptive halt, cache_misses = 155236
preemptive halt, cache_misses = 155236
preemptive halt, cache_misses = 155236
preemptive halt, cache_misses = 155236
preemptive halt, cache_misses = 155236
preemptive halt, cache_misses = 155236
preemptive halt, cache_misses = 155236
preemptive halt, cache_misses = 155236
preemptive halt, cache_misses = 155236
preemptive halt, cache_misses = 155236
preemptive halt, cache_misses = 155236
preemptive halt, cache_misses = 155236
preemptive halt, cache_misses = 155236
preemptive halt, cache_misses = 155236
preemptive halt, cache_misses = 155236
preemptive halt, cache_misses = 155236
preemptive halt, cache_misses = 155236
preemptive halt, cache_misses = 155236
preemptive halt, cache_misses = 155236
preemptive halt, cache_misses = 155236
preemptive halt, cache_misses = 155236
preemptive halt, cache_misses = 155236
preemptive halt, cache_misses = 155236
preemptive halt, cache_misses = 155236
preemptive halt, cache_misses = 155236
preemptive halt, cache_misses = 155236
preemptive halt, cache_misses = 155236
preemptive halt, cache_misses = 155236
preemptive halt, cache_misses = 155236
preemptive halt, cache_misses = 155236
preemptive halt, cache_misses = 155236
preemptive halt, cache_misses = 155236
preemptive halt, cache_misses = 155236
preemptive halt, cache_misses = 155236
preemptive halt, cache_misses = 155236
preemptive halt, cache_misses = 155236
binary search, size 61250  misses 155236  min 60000  max 62500
preemptive halt, cache_misses = 155237
preemptive halt, cache_misses = 155237
preemptive halt, cache_misses = 155237
preemptive halt, cache_misses = 155237
preemptive halt, cache_misses = 155237
preemptive halt, cache_misses = 155237
preemptive halt, cache_misses = 155237
preemptive halt, cache_misses = 155237
preemptive halt, cache_misses = 155237
preemptive halt, cache_misses = 155237
preemptive halt, cache_misses = 155237
preemptive halt, cache_misses = 155237
preemptive halt, cache_misses = 155237
preemptive halt, cache_misses = 155237
preemptive halt, cache_misses = 155237
preemptive halt, cache_misses = 155237
preemptive halt, cache_misses = 155237
preemptive halt, cache_misses = 155237
preemptive halt, cache_misses = 155237
preemptive halt, cache_misses = 155237
preemptive halt, cache_misses = 155237
preemptive halt, cache_misses = 155237
preemptive halt, cache_misses = 155237
preemptive halt, cache_misses = 155237
preemptive halt, cache_misses = 155237
preemptive halt, cache_misses = 155237
preemptive halt, cache_misses = 155237
preemptive halt, cache_misses = 155237
preemptive halt, cache_misses = 155237
preemptive halt, cache_misses = 155237
preemptive halt, cache_misses = 155237
preemptive halt, cache_misses = 155237
preemptive halt, cache_misses = 155237
preemptive halt, cache_misses = 155237
preemptive halt, cache_misses = 155237
preemptive halt, cache_misses = 155237
preemptive halt, cache_misses = 155237
preemptive halt, cache_misses = 155237
preemptive halt, cache_misses = 155237
preemptive halt, cache_misses = 155237
preemptive halt, cache_misses = 155237
preemptive halt, cache_misses = 155237
preemptive halt, cache_misses = 155237
preemptive halt, cache_misses = 155237
preemptive halt, cache_misses = 155237
preemptive halt, cache_misses = 155237
preemptive halt, cache_misses = 155237
preemptive halt, cache_misses = 155237
preemptive halt, cache_misses = 155237
preemptive halt, cache_misses = 155237
preemptive halt, cache_misses = 155237
preemptive halt, cache_misses = 155237
preemptive halt, cache_misses = 155237
preemptive halt, cache_misses = 155237
preemptive halt, cache_misses = 155237
preemptive halt, cache_misses = 155237
preemptive halt, cache_misses = 155237
preemptive halt, cache_misses = 155237
preemptive halt, cache_misses = 155237
preemptive halt, cache_misses = 155237
preemptive halt, cache_misses = 155237
preemptive halt, cache_misses = 155237
preemptive halt, cache_misses = 155237
preemptive halt, cache_misses = 155237
preemptive halt, cache_misses = 155237
preemptive halt, cache_misses = 155237
preemptive halt, cache_misses = 155237
preemptive halt, cache_misses = 155237
preemptive halt, cache_misses = 155237
preemptive halt, cache_misses = 155237
preemptive halt, cache_misses = 155237
preemptive halt, cache_misses = 155237
preemptive halt, cache_misses = 155237
preemptive halt, cache_misses = 155237
preemptive halt, cache_misses = 155237
preemptive halt, cache_misses = 155237
preemptive halt, cache_misses = 155237
preemptive halt, cache_misses = 155237
preemptive halt, cache_misses = 155237
preemptive halt, cache_misses = 155237
preemptive halt, cache_misses = 155237
preemptive halt, cache_misses = 155237
preemptive halt, cache_misses = 155237
preemptive halt, cache_misses = 155237
preemptive halt, cache_misses = 155237
preemptive halt, cache_misses = 155237
preemptive halt, cache_misses = 155237
preemptive halt, cache_misses = 155237
preemptive halt, cache_misses = 155237
preemptive halt, cache_misses = 155237
preemptive halt, cache_misses = 155237
preemptive halt, cache_misses = 155237
preemptive halt, cache_misses = 155237
preemptive halt, cache_misses = 155237
preemptive halt, cache_misses = 155237
preemptive halt, cache_misses = 155237
preemptive halt, cache_misses = 155237
preemptive halt, cache_misses = 155237
preemptive halt, cache_misses = 155237
preemptive halt, cache_misses = 155237
preemptive halt, cache_misses = 155237
preemptive halt, cache_misses = 155237
preemptive halt, cache_misses = 155237
preemptive halt, cache_misses = 155237
preemptive halt, cache_misses = 155237
preemptive halt, cache_misses = 155237
preemptive halt, cache_misses = 155237
preemptive halt, cache_misses = 155237
preemptive halt, cache_misses = 155237
preemptive halt, cache_misses = 155237
preemptive halt, cache_misses = 155237
preemptive halt, cache_misses = 155237
preemptive halt, cache_misses = 155237
preemptive halt, cache_misses = 155237
preemptive halt, cache_misses = 155237
preemptive halt, cache_misses = 155237
preemptive halt, cache_misses = 155237
preemptive halt, cache_misses = 155237
preemptive halt, cache_misses = 155237
preemptive halt, cache_misses = 155237
preemptive halt, cache_misses = 155237
preemptive halt, cache_misses = 155237
preemptive halt, cache_misses = 155237
preemptive halt, cache_misses = 155237
preemptive halt, cache_misses = 155237
preemptive halt, cache_misses = 155237
preemptive halt, cache_misses = 155237
preemptive halt, cache_misses = 155237
preemptive halt, cache_misses = 155237
preemptive halt, cache_misses = 155237
preemptive halt, cache_misses = 155237
preemptive halt, cache_misses = 155237
preemptive halt, cache_misses = 155237
preemptive halt, cache_misses = 155237
preemptive halt, cache_misses = 155237
preemptive halt, cache_misses = 155237
preemptive halt, cache_misses = 155237
preemptive halt, cache_misses = 155237
preemptive halt, cache_misses = 155237
preemptive halt, cache_misses = 155237
preemptive halt, cache_misses = 155237
preemptive halt, cache_misses = 155237
preemptive halt, cache_misses = 155237
preemptive halt, cache_misses = 155237
preemptive halt, cache_misses = 155237
preemptive halt, cache_misses = 155237
preemptive halt, cache_misses = 155237
preemptive halt, cache_misses = 155237
preemptive halt, cache_misses = 155237
preemptive halt, cache_misses = 155237
preemptive halt, cache_misses = 155237
preemptive halt, cache_misses = 155237
preemptive halt, cache_misses = 155237
preemptive halt, cache_misses = 155237
preemptive halt, cache_misses = 155237
preemptive halt, cache_misses = 155237
preemptive halt, cache_misses = 155237
preemptive halt, cache_misses = 155237
binary search, size 61875  misses 155237  min 61250  max 62500
binary search, size 62187  misses 155235  min 61875  max 62500
binary search, size 62031  misses 155235  min 61875  max 62187
binary search, size 61953  misses 155235  min 61875  max 62031
preemptive halt, cache_misses = 155236
preemptive halt, cache_misses = 155236
preemptive halt, cache_misses = 155236
preemptive halt, cache_misses = 155236
preemptive halt, cache_misses = 155236
preemptive halt, cache_misses = 155236
preemptive halt, cache_misses = 155236
preemptive halt, cache_misses = 155236
preemptive halt, cache_misses = 155236
preemptive halt, cache_misses = 155236
preemptive halt, cache_misses = 155236
preemptive halt, cache_misses = 155236
preemptive halt, cache_misses = 155236
preemptive halt, cache_misses = 155236
preemptive halt, cache_misses = 155236
preemptive halt, cache_misses = 155236
preemptive halt, cache_misses = 155236
preemptive halt, cache_misses = 155236
preemptive halt, cache_misses = 155236
preemptive halt, cache_misses = 155236
preemptive halt, cache_misses = 155236
preemptive halt, cache_misses = 155236
preemptive halt, cache_misses = 155236
preemptive halt, cache_misses = 155236
preemptive halt, cache_misses = 155236
preemptive halt, cache_misses = 155236
preemptive halt, cache_misses = 155236
preemptive halt, cache_misses = 155236
preemptive halt, cache_misses = 155236
preemptive halt, cache_misses = 155236
preemptive halt, cache_misses = 155236
preemptive halt, cache_misses = 155236
preemptive halt, cache_misses = 155236
preemptive halt, cache_misses = 155236
preemptive halt, cache_misses = 155236
preemptive halt, cache_misses = 155236
preemptive halt, cache_misses = 155236
preemptive halt, cache_misses = 155236
preemptive halt, cache_misses = 155236
preemptive halt, cache_misses = 155236
preemptive halt, cache_misses = 155236
preemptive halt, cache_misses = 155236
preemptive halt, cache_misses = 155236
preemptive halt, cache_misses = 155236
preemptive halt, cache_misses = 155236
preemptive halt, cache_misses = 155236
preemptive halt, cache_misses = 155236
preemptive halt, cache_misses = 155236
preemptive halt, cache_misses = 155236
preemptive halt, cache_misses = 155236
preemptive halt, cache_misses = 155236
preemptive halt, cache_misses = 155236
preemptive halt, cache_misses = 155236
preemptive halt, cache_misses = 155236
preemptive halt, cache_misses = 155236
preemptive halt, cache_misses = 155236
preemptive halt, cache_misses = 155236
preemptive halt, cache_misses = 155236
preemptive halt, cache_misses = 155236
preemptive halt, cache_misses = 155236
preemptive halt, cache_misses = 155236
preemptive halt, cache_misses = 155236
preemptive halt, cache_misses = 155236
preemptive halt, cache_misses = 155236
preemptive halt, cache_misses = 155236
preemptive halt, cache_misses = 155236
preemptive halt, cache_misses = 155236
preemptive halt, cache_misses = 155236
preemptive halt, cache_misses = 155236
preemptive halt, cache_misses = 155236
preemptive halt, cache_misses = 155236
preemptive halt, cache_misses = 155236
preemptive halt, cache_misses = 155236
preemptive halt, cache_misses = 155236
preemptive halt, cache_misses = 155236
preemptive halt, cache_misses = 155236
preemptive halt, cache_misses = 155236
preemptive halt, cache_misses = 155236
preemptive halt, cache_misses = 155236
preemptive halt, cache_misses = 155236
preemptive halt, cache_misses = 155236
preemptive halt, cache_misses = 155236
preemptive halt, cache_misses = 155236
preemptive halt, cache_misses = 155236
preemptive halt, cache_misses = 155236
preemptive halt, cache_misses = 155236
preemptive halt, cache_misses = 155236
preemptive halt, cache_misses = 155236
preemptive halt, cache_misses = 155236
preemptive halt, cache_misses = 155236
preemptive halt, cache_misses = 155236
preemptive halt, cache_misses = 155236
preemptive halt, cache_misses = 155236
preemptive halt, cache_misses = 155236
preemptive halt, cache_misses = 155236
preemptive halt, cache_misses = 155236
preemptive halt, cache_misses = 155236
preemptive halt, cache_misses = 155236
preemptive halt, cache_misses = 155236
preemptive halt, cache_misses = 155236
preemptive halt, cache_misses = 155236
preemptive halt, cache_misses = 155236
preemptive halt, cache_misses = 155236
preemptive halt, cache_misses = 155236
preemptive halt, cache_misses = 155236
preemptive halt, cache_misses = 155236
preemptive halt, cache_misses = 155236
preemptive halt, cache_misses = 155236
preemptive halt, cache_misses = 155236
preemptive halt, cache_misses = 155236
preemptive halt, cache_misses = 155236
preemptive halt, cache_misses = 155236
preemptive halt, cache_misses = 155236
preemptive halt, cache_misses = 155236
preemptive halt, cache_misses = 155236
preemptive halt, cache_misses = 155236
preemptive halt, cache_misses = 155236
preemptive halt, cache_misses = 155236
preemptive halt, cache_misses = 155236
preemptive halt, cache_misses = 155236
preemptive halt, cache_misses = 155236
preemptive halt, cache_misses = 155236
preemptive halt, cache_misses = 155236
preemptive halt, cache_misses = 155236
preemptive halt, cache_misses = 155236
preemptive halt, cache_misses = 155236
preemptive halt, cache_misses = 155236
preemptive halt, cache_misses = 155236
preemptive halt, cache_misses = 155236
preemptive halt, cache_misses = 155236
preemptive halt, cache_misses = 155236
preemptive halt, cache_misses = 155236
preemptive halt, cache_misses = 155236
preemptive halt, cache_misses = 155236
preemptive halt, cache_misses = 155236
preemptive halt, cache_misses = 155236
preemptive halt, cache_misses = 155236
preemptive halt, cache_misses = 155236
preemptive halt, cache_misses = 155236
preemptive halt, cache_misses = 155236
preemptive halt, cache_misses = 155236
preemptive halt, cache_misses = 155236
preemptive halt, cache_misses = 155236
preemptive halt, cache_misses = 155236
preemptive halt, cache_misses = 155236
preemptive halt, cache_misses = 155236
preemptive halt, cache_misses = 155236
preemptive halt, cache_misses = 155236
preemptive halt, cache_misses = 155236
preemptive halt, cache_misses = 155236
preemptive halt, cache_misses = 155236
preemptive halt, cache_misses = 155236
preemptive halt, cache_misses = 155236
preemptive halt, cache_misses = 155236
preemptive halt, cache_misses = 155236
preemptive halt, cache_misses = 155236
binary search, size 61914  misses 155236  min 61875  max 61953
preemptive halt, cache_misses = 155237
preemptive halt, cache_misses = 155237
preemptive halt, cache_misses = 155237
preemptive halt, cache_misses = 155237
preemptive halt, cache_misses = 155237
preemptive halt, cache_misses = 155237
preemptive halt, cache_misses = 155237
preemptive halt, cache_misses = 155237
preemptive halt, cache_misses = 155237
preemptive halt, cache_misses = 155237
preemptive halt, cache_misses = 155237
preemptive halt, cache_misses = 155237
preemptive halt, cache_misses = 155237
preemptive halt, cache_misses = 155237
preemptive halt, cache_misses = 155237
preemptive halt, cache_misses = 155237
preemptive halt, cache_misses = 155237
preemptive halt, cache_misses = 155237
preemptive halt, cache_misses = 155237
preemptive halt, cache_misses = 155237
preemptive halt, cache_misses = 155237
preemptive halt, cache_misses = 155237
preemptive halt, cache_misses = 155237
preemptive halt, cache_misses = 155237
preemptive halt, cache_misses = 155237
preemptive halt, cache_misses = 155237
preemptive halt, cache_misses = 155237
preemptive halt, cache_misses = 155237
preemptive halt, cache_misses = 155237
preemptive halt, cache_misses = 155237
preemptive halt, cache_misses = 155237
preemptive halt, cache_misses = 155237
preemptive halt, cache_misses = 155237
preemptive halt, cache_misses = 155237
preemptive halt, cache_misses = 155237
preemptive halt, cache_misses = 155237
preemptive halt, cache_misses = 155237
preemptive halt, cache_misses = 155237
preemptive halt, cache_misses = 155237
preemptive halt, cache_misses = 155237
preemptive halt, cache_misses = 155237
preemptive halt, cache_misses = 155237
preemptive halt, cache_misses = 155237
preemptive halt, cache_misses = 155237
preemptive halt, cache_misses = 155237
preemptive halt, cache_misses = 155237
preemptive halt, cache_misses = 155237
preemptive halt, cache_misses = 155237
preemptive halt, cache_misses = 155237
preemptive halt, cache_misses = 155237
preemptive halt, cache_misses = 155237
preemptive halt, cache_misses = 155237
preemptive halt, cache_misses = 155237
preemptive halt, cache_misses = 155237
preemptive halt, cache_misses = 155237
preemptive halt, cache_misses = 155237
preemptive halt, cache_misses = 155237
preemptive halt, cache_misses = 155237
preemptive halt, cache_misses = 155237
preemptive halt, cache_misses = 155237
preemptive halt, cache_misses = 155237
preemptive halt, cache_misses = 155237
preemptive halt, cache_misses = 155237
preemptive halt, cache_misses = 155237
preemptive halt, cache_misses = 155237
preemptive halt, cache_misses = 155237
preemptive halt, cache_misses = 155237
preemptive halt, cache_misses = 155237
preemptive halt, cache_misses = 155237
preemptive halt, cache_misses = 155237
preemptive halt, cache_misses = 155237
preemptive halt, cache_misses = 155237
preemptive halt, cache_misses = 155237
preemptive halt, cache_misses = 155237
preemptive halt, cache_misses = 155237
preemptive halt, cache_misses = 155237
preemptive halt, cache_misses = 155237
preemptive halt, cache_misses = 155237
preemptive halt, cache_misses = 155237
preemptive halt, cache_misses = 155237
preemptive halt, cache_misses = 155237
preemptive halt, cache_misses = 155237
preemptive halt, cache_misses = 155237
preemptive halt, cache_misses = 155237
preemptive halt, cache_misses = 155237
preemptive halt, cache_misses = 155237
preemptive halt, cache_misses = 155237
preemptive halt, cache_misses = 155237
preemptive halt, cache_misses = 155237
preemptive halt, cache_misses = 155237
preemptive halt, cache_misses = 155237
preemptive halt, cache_misses = 155237
preemptive halt, cache_misses = 155237
preemptive halt, cache_misses = 155237
preemptive halt, cache_misses = 155237
preemptive halt, cache_misses = 155237
preemptive halt, cache_misses = 155237
preemptive halt, cache_misses = 155237
preemptive halt, cache_misses = 155237
preemptive halt, cache_misses = 155237
preemptive halt, cache_misses = 155237
preemptive halt, cache_misses = 155237
preemptive halt, cache_misses = 155237
preemptive halt, cache_misses = 155237
preemptive halt, cache_misses = 155237
preemptive halt, cache_misses = 155237
preemptive halt, cache_misses = 155237
preemptive halt, cache_misses = 155237
preemptive halt, cache_misses = 155237
preemptive halt, cache_misses = 155237
preemptive halt, cache_misses = 155237
preemptive halt, cache_misses = 155237
preemptive halt, cache_misses = 155237
preemptive halt, cache_misses = 155237
preemptive halt, cache_misses = 155237
preemptive halt, cache_misses = 155237
preemptive halt, cache_misses = 155237
preemptive halt, cache_misses = 155237
preemptive halt, cache_misses = 155237
preemptive halt, cache_misses = 155237
preemptive halt, cache_misses = 155237
preemptive halt, cache_misses = 155237
preemptive halt, cache_misses = 155237
preemptive halt, cache_misses = 155237
preemptive halt, cache_misses = 155237
preemptive halt, cache_misses = 155237
preemptive halt, cache_misses = 155237
preemptive halt, cache_misses = 155237
preemptive halt, cache_misses = 155237
preemptive halt, cache_misses = 155237
preemptive halt, cache_misses = 155237
preemptive halt, cache_misses = 155237
preemptive halt, cache_misses = 155237
preemptive halt, cache_misses = 155237
preemptive halt, cache_misses = 155237
preemptive halt, cache_misses = 155237
preemptive halt, cache_misses = 155237
preemptive halt, cache_misses = 155237
preemptive halt, cache_misses = 155237
preemptive halt, cache_misses = 155237
preemptive halt, cache_misses = 155237
preemptive halt, cache_misses = 155237
preemptive halt, cache_misses = 155237
preemptive halt, cache_misses = 155237
preemptive halt, cache_misses = 155237
preemptive halt, cache_misses = 155237
preemptive halt, cache_misses = 155237
preemptive halt, cache_misses = 155237
preemptive halt, cache_misses = 155237
preemptive halt, cache_misses = 155237
preemptive halt, cache_misses = 155237
preemptive halt, cache_misses = 155237
preemptive halt, cache_misses = 155237
preemptive halt, cache_misses = 155237
preemptive halt, cache_misses = 155237
preemptive halt, cache_misses = 155237
preemptive halt, cache_misses = 155237
preemptive halt, cache_misses = 155237
binary search, size 61933  misses 155237  min 61914  max 61953
binary search, size 61943  misses 155235  min 61933  max 61953
binary search, size 61938  misses 155235  min 61933  max 61943
binary search, size 61935  misses 155235  min 61933  max 61938
preemptive halt, cache_misses = 155236
preemptive halt, cache_misses = 155236
preemptive halt, cache_misses = 155236
preemptive halt, cache_misses = 155236
preemptive halt, cache_misses = 155236
preemptive halt, cache_misses = 155236
preemptive halt, cache_misses = 155236
preemptive halt, cache_misses = 155236
preemptive halt, cache_misses = 155236
preemptive halt, cache_misses = 155236
preemptive halt, cache_misses = 155236
preemptive halt, cache_misses = 155236
preemptive halt, cache_misses = 155236
preemptive halt, cache_misses = 155236
preemptive halt, cache_misses = 155236
preemptive halt, cache_misses = 155236
preemptive halt, cache_misses = 155236
preemptive halt, cache_misses = 155236
preemptive halt, cache_misses = 155236
preemptive halt, cache_misses = 155236
preemptive halt, cache_misses = 155236
preemptive halt, cache_misses = 155236
preemptive halt, cache_misses = 155236
preemptive halt, cache_misses = 155236
preemptive halt, cache_misses = 155236
preemptive halt, cache_misses = 155236
preemptive halt, cache_misses = 155236
preemptive halt, cache_misses = 155236
preemptive halt, cache_misses = 155236
preemptive halt, cache_misses = 155236
preemptive halt, cache_misses = 155236
preemptive halt, cache_misses = 155236
preemptive halt, cache_misses = 155236
preemptive halt, cache_misses = 155236
preemptive halt, cache_misses = 155236
preemptive halt, cache_misses = 155236
preemptive halt, cache_misses = 155236
preemptive halt, cache_misses = 155236
preemptive halt, cache_misses = 155236
preemptive halt, cache_misses = 155236
preemptive halt, cache_misses = 155236
preemptive halt, cache_misses = 155236
preemptive halt, cache_misses = 155236
preemptive halt, cache_misses = 155236
preemptive halt, cache_misses = 155236
preemptive halt, cache_misses = 155236
preemptive halt, cache_misses = 155236
preemptive halt, cache_misses = 155236
preemptive halt, cache_misses = 155236
preemptive halt, cache_misses = 155236
preemptive halt, cache_misses = 155236
preemptive halt, cache_misses = 155236
preemptive halt, cache_misses = 155236
preemptive halt, cache_misses = 155236
preemptive halt, cache_misses = 155236
preemptive halt, cache_misses = 155236
preemptive halt, cache_misses = 155236
preemptive halt, cache_misses = 155236
preemptive halt, cache_misses = 155236
preemptive halt, cache_misses = 155236
preemptive halt, cache_misses = 155236
preemptive halt, cache_misses = 155236
preemptive halt, cache_misses = 155236
preemptive halt, cache_misses = 155236
preemptive halt, cache_misses = 155236
preemptive halt, cache_misses = 155236
preemptive halt, cache_misses = 155236
preemptive halt, cache_misses = 155236
preemptive halt, cache_misses = 155236
preemptive halt, cache_misses = 155236
preemptive halt, cache_misses = 155236
preemptive halt, cache_misses = 155236
preemptive halt, cache_misses = 155236
preemptive halt, cache_misses = 155236
preemptive halt, cache_misses = 155236
preemptive halt, cache_misses = 155236
preemptive halt, cache_misses = 155236
preemptive halt, cache_misses = 155236
preemptive halt, cache_misses = 155236
preemptive halt, cache_misses = 155236
preemptive halt, cache_misses = 155236
preemptive halt, cache_misses = 155236
preemptive halt, cache_misses = 155236
preemptive halt, cache_misses = 155236
preemptive halt, cache_misses = 155236
preemptive halt, cache_misses = 155236
preemptive halt, cache_misses = 155236
preemptive halt, cache_misses = 155236
preemptive halt, cache_misses = 155236
preemptive halt, cache_misses = 155236
preemptive halt, cache_misses = 155236
preemptive halt, cache_misses = 155236
preemptive halt, cache_misses = 155236
preemptive halt, cache_misses = 155236
preemptive halt, cache_misses = 155236
preemptive halt, cache_misses = 155236
preemptive halt, cache_misses = 155236
preemptive halt, cache_misses = 155236
preemptive halt, cache_misses = 155236
preemptive halt, cache_misses = 155236
preemptive halt, cache_misses = 155236
preemptive halt, cache_misses = 155236
preemptive halt, cache_misses = 155236
preemptive halt, cache_misses = 155236
preemptive halt, cache_misses = 155236
preemptive halt, cache_misses = 155236
preemptive halt, cache_misses = 155236
preemptive halt, cache_misses = 155236
preemptive halt, cache_misses = 155236
preemptive halt, cache_misses = 155236
preemptive halt, cache_misses = 155236
preemptive halt, cache_misses = 155236
preemptive halt, cache_misses = 155236
preemptive halt, cache_misses = 155236
preemptive halt, cache_misses = 155236
preemptive halt, cache_misses = 155236
preemptive halt, cache_misses = 155236
preemptive halt, cache_misses = 155236
preemptive halt, cache_misses = 155236
preemptive halt, cache_misses = 155236
preemptive halt, cache_misses = 155236
preemptive halt, cache_misses = 155236
preemptive halt, cache_misses = 155236
preemptive halt, cache_misses = 155236
preemptive halt, cache_misses = 155236
preemptive halt, cache_misses = 155236
preemptive halt, cache_misses = 155236
preemptive halt, cache_misses = 155236
preemptive halt, cache_misses = 155236
preemptive halt, cache_misses = 155236
preemptive halt, cache_misses = 155236
preemptive halt, cache_misses = 155236
preemptive halt, cache_misses = 155236
preemptive halt, cache_misses = 155236
preemptive halt, cache_misses = 155236
preemptive halt, cache_misses = 155236
preemptive halt, cache_misses = 155236
preemptive halt, cache_misses = 155236
preemptive halt, cache_misses = 155236
preemptive halt, cache_misses = 155236
preemptive halt, cache_misses = 155236
preemptive halt, cache_misses = 155236
preemptive halt, cache_misses = 155236
preemptive halt, cache_misses = 155236
preemptive halt, cache_misses = 155236
preemptive halt, cache_misses = 155236
preemptive halt, cache_misses = 155236
preemptive halt, cache_misses = 155236
preemptive halt, cache_misses = 155236
preemptive halt, cache_misses = 155236
preemptive halt, cache_misses = 155236
preemptive halt, cache_misses = 155236
preemptive halt, cache_misses = 155236
preemptive halt, cache_misses = 155236
preemptive halt, cache_misses = 155236
preemptive halt, cache_misses = 155236
binary search, size 61934  misses 155236  min 61933  max 61935
characteristic cache size (binary search) for 393 = 61935
End at: 2021-04-02 16:01:35.998488
Time elapsed: 0:00:02.755378
