Begin at: 2021-04-02 16:01:02.752516
['../dist/Debug/GNU-Linux/memo_batch_tester', '', '--mbt_execution_trace_fname', 'olcs4_traceback_csize_input_types/OLCS4_lru_2021_04_02__15_55_02_k_3__d_2_cache_size_160000_problems_10_to_400/OLCS4_lru_2021_04_02__15_55_02_k_3__d_2_cache_size_160000_problems_10_to_400/OLCS4__do_traceback_prob_size_382_cache_size_160000_lru_k_3_d_2_execution_trace_2021_4_2_16_1_2_pid_20319.log', '--mbt_cache_misses_fname', 'olcs4_traceback_csize_input_types/OLCS4_lru_2021_04_02__15_55_02_k_3__d_2_cache_size_160000_problems_10_to_400/lcs_cost_OLCS4_lru_misses_for_cache_size.csv', '--mbt_misses_for_problem_size_fname', 'olcs4_traceback_csize_input_types/OLCS4_lru_2021_04_02__15_55_02_k_3__d_2_cache_size_160000_problems_10_to_400/lcs_cost_OLCS4_lru_misses_for_problem_size.csv', '--mbt_exact_cutoff_min_cache_size', '160000', '--mbt_exact_cutoff_max_cache_size', '160000', '--mbt_problem_type', 'lcs', '--mbt_metric_type', 'csize_binary_search', '--mbt_cutoff_ratio', '2.2', '--mbt_instance_fname', '382', '--mbt_detailed_cache_misses_out_fname', 'csize_olcs4_traceback_0011n_ceil_n_b_5.csv', '--mbt_phi_N', '5.0', '--mbt_problem_size', '382', '--lcs_compute_length', '0', '--lcs_perform_traceback', '1', '--lig_instance_type', '0011n_ceil_n_b', '--lig_n', '382', '--lig_c', '0.9', '--lig_b', '5.0', '--lcs_oblivious', '4', '--lcs_execution_trace_fname', 'olcs4_traceback_csize_input_types/OLCS4_lru_2021_04_02__15_55_02_k_3__d_2_cache_size_160000_problems_10_to_400/OLCS4_lru_2021_04_02__15_55_02_k_3__d_2_cache_size_160000_problems_10_to_400/OLCS4__do_traceback_prob_size_382_cache_size_160000_lru_k_3_d_2_execution_trace_2021_4_2_16_1_2_pid_20319.log', '--memo_caching_strategy', 'lru', '--memo_cache_size', '160001', '--memo_lru_queue_size', '160000', '--memo_cuckoo_k', '4', '--memo_key_length', '8', '--memo_value_length', '8', '--memo_k_timestamps', '3', '--memo_d_recent_timestamps', '2', '--memo_a_items_per_timestamp_factor', '0.4375']

csize_binary_search chosen
lcs problem_type lcs cache_size 160001
initialize_long_int_cache begin
init_memo
arguments to memo:
 --mbt_execution_trace_fname olcs4_traceback_csize_input_types/OLCS4_lru_2021_04_02__15_55_02_k_3__d_2_cache_size_160000_problems_10_to_400/OLCS4_lru_2021_04_02__15_55_02_k_3__d_2_cache_size_160000_problems_10_to_400/OLCS4__do_traceback_prob_size_382_cache_size_160000_lru_k_3_d_2_execution_trace_2021_4_2_16_1_2_pid_20319.log --mbt_cache_misses_fname olcs4_traceback_csize_input_types/OLCS4_lru_2021_04_02__15_55_02_k_3__d_2_cache_size_160000_problems_10_to_400/lcs_cost_OLCS4_lru_misses_for_cache_size.csv --mbt_misses_for_problem_size_fname olcs4_traceback_csize_input_types/OLCS4_lru_2021_04_02__15_55_02_k_3__d_2_cache_size_160000_problems_10_to_400/lcs_cost_OLCS4_lru_misses_for_problem_size.csv --mbt_exact_cutoff_min_cache_size 160000 --mbt_exact_cutoff_max_cache_size 160000 --mbt_problem_type lcs --mbt_metric_type csize_binary_search --mbt_cutoff_ratio 2.2 --mbt_instance_fname 382 --mbt_detailed_cache_misses_out_fname csize_olcs4_traceback_0011n_ceil_n_b_5.csv --mbt_phi_N 5.0 --mbt_problem_size 382 --lcs_compute_length 0 --lcs_perform_traceback 1 --lig_instance_type 0011n_ceil_n_b --lig_n 382 --lig_c 0.9 --lig_b 5.0 --lcs_oblivious 4 --lcs_execution_trace_fname olcs4_traceback_csize_input_types/OLCS4_lru_2021_04_02__15_55_02_k_3__d_2_cache_size_160000_problems_10_to_400/OLCS4_lru_2021_04_02__15_55_02_k_3__d_2_cache_size_160000_problems_10_to_400/OLCS4__do_traceback_prob_size_382_cache_size_160000_lru_k_3_d_2_execution_trace_2021_4_2_16_1_2_pid_20319.log --memo_caching_strategy lru --memo_cache_size 160001 --memo_lru_queue_size 160000 --memo_cuckoo_k 4 --memo_key_length 8 --memo_value_length 8 --memo_k_timestamps 3 --memo_d_recent_timestamps 2 --memo_a_items_per_timestamp_factor 0.4375 
calculate_table_size: table_size is 262144, original is 160001
Finished initializing cache
initialize_long_int_cache end
done initializing cache
initializing problem
done initializing problem
commence trials
Starting characteristic_cache_size_binary_search with max cache size 160001
binary search, size 160001  misses 146688
binary search, size 80000  misses 146688  min 0  max 160001
preemptive halt, cache_misses = 146689
preemptive halt, cache_misses = 146689
preemptive halt, cache_misses = 146689
preemptive halt, cache_misses = 146689
preemptive halt, cache_misses = 146689
preemptive halt, cache_misses = 146689
preemptive halt, cache_misses = 146689
preemptive halt, cache_misses = 146689
preemptive halt, cache_misses = 146689
preemptive halt, cache_misses = 146689
preemptive halt, cache_misses = 146689
preemptive halt, cache_misses = 146689
preemptive halt, cache_misses = 146689
preemptive halt, cache_misses = 146689
preemptive halt, cache_misses = 146689
preemptive halt, cache_misses = 146689
preemptive halt, cache_misses = 146689
preemptive halt, cache_misses = 146689
preemptive halt, cache_misses = 146689
preemptive halt, cache_misses = 146689
preemptive halt, cache_misses = 146689
preemptive halt, cache_misses = 146689
preemptive halt, cache_misses = 146689
preemptive halt, cache_misses = 146689
preemptive halt, cache_misses = 146689
preemptive halt, cache_misses = 146689
preemptive halt, cache_misses = 146689
preemptive halt, cache_misses = 146689
preemptive halt, cache_misses = 146689
preemptive halt, cache_misses = 146689
preemptive halt, cache_misses = 146689
preemptive halt, cache_misses = 146689
preemptive halt, cache_misses = 146689
preemptive halt, cache_misses = 146689
preemptive halt, cache_misses = 146689
preemptive halt, cache_misses = 146689
preemptive halt, cache_misses = 146689
preemptive halt, cache_misses = 146689
preemptive halt, cache_misses = 146689
preemptive halt, cache_misses = 146689
preemptive halt, cache_misses = 146689
preemptive halt, cache_misses = 146689
preemptive halt, cache_misses = 146689
preemptive halt, cache_misses = 146689
preemptive halt, cache_misses = 146689
preemptive halt, cache_misses = 146689
preemptive halt, cache_misses = 146689
preemptive halt, cache_misses = 146689
preemptive halt, cache_misses = 146689
preemptive halt, cache_misses = 146689
preemptive halt, cache_misses = 146689
preemptive halt, cache_misses = 146689
preemptive halt, cache_misses = 146689
preemptive halt, cache_misses = 146689
preemptive halt, cache_misses = 146689
preemptive halt, cache_misses = 146689
preemptive halt, cache_misses = 146689
preemptive halt, cache_misses = 146689
preemptive halt, cache_misses = 146689
preemptive halt, cache_misses = 146689
preemptive halt, cache_misses = 146689
preemptive halt, cache_misses = 146689
preemptive halt, cache_misses = 146689
preemptive halt, cache_misses = 146689
preemptive halt, cache_misses = 146689
preemptive halt, cache_misses = 146689
preemptive halt, cache_misses = 146689
preemptive halt, cache_misses = 146689
preemptive halt, cache_misses = 146689
preemptive halt, cache_misses = 146689
preemptive halt, cache_misses = 146689
preemptive halt, cache_misses = 146689
preemptive halt, cache_misses = 146689
preemptive halt, cache_misses = 146689
preemptive halt, cache_misses = 146689
preemptive halt, cache_misses = 146689
preemptive halt, cache_misses = 146689
preemptive halt, cache_misses = 146689
preemptive halt, cache_misses = 146689
preemptive halt, cache_misses = 146689
preemptive halt, cache_misses = 146689
preemptive halt, cache_misses = 146689
preemptive halt, cache_misses = 146689
preemptive halt, cache_misses = 146689
preemptive halt, cache_misses = 146689
preemptive halt, cache_misses = 146689
preemptive halt, cache_misses = 146689
preemptive halt, cache_misses = 146689
preemptive halt, cache_misses = 146689
preemptive halt, cache_misses = 146689
preemptive halt, cache_misses = 146689
preemptive halt, cache_misses = 146689
preemptive halt, cache_misses = 146689
preemptive halt, cache_misses = 146689
preemptive halt, cache_misses = 146689
preemptive halt, cache_misses = 146689
preemptive halt, cache_misses = 146689
preemptive halt, cache_misses = 146689
preemptive halt, cache_misses = 146689
preemptive halt, cache_misses = 146689
preemptive halt, cache_misses = 146689
preemptive halt, cache_misses = 146689
preemptive halt, cache_misses = 146689
preemptive halt, cache_misses = 146689
preemptive halt, cache_misses = 146689
preemptive halt, cache_misses = 146689
preemptive halt, cache_misses = 146689
preemptive halt, cache_misses = 146689
preemptive halt, cache_misses = 146689
preemptive halt, cache_misses = 146689
preemptive halt, cache_misses = 146689
preemptive halt, cache_misses = 146689
preemptive halt, cache_misses = 146689
preemptive halt, cache_misses = 146689
preemptive halt, cache_misses = 146689
preemptive halt, cache_misses = 146689
preemptive halt, cache_misses = 146689
preemptive halt, cache_misses = 146689
preemptive halt, cache_misses = 146689
preemptive halt, cache_misses = 146689
preemptive halt, cache_misses = 146689
preemptive halt, cache_misses = 146689
preemptive halt, cache_misses = 146689
preemptive halt, cache_misses = 146689
preemptive halt, cache_misses = 146689
preemptive halt, cache_misses = 146689
preemptive halt, cache_misses = 146689
preemptive halt, cache_misses = 146689
preemptive halt, cache_misses = 146689
preemptive halt, cache_misses = 146689
preemptive halt, cache_misses = 146689
preemptive halt, cache_misses = 146689
preemptive halt, cache_misses = 146689
preemptive halt, cache_misses = 146689
preemptive halt, cache_misses = 146689
preemptive halt, cache_misses = 146689
preemptive halt, cache_misses = 146689
preemptive halt, cache_misses = 146689
preemptive halt, cache_misses = 146689
preemptive halt, cache_misses = 146689
preemptive halt, cache_misses = 146689
preemptive halt, cache_misses = 146689
preemptive halt, cache_misses = 146689
preemptive halt, cache_misses = 146689
preemptive halt, cache_misses = 146689
preemptive halt, cache_misses = 146689
preemptive halt, cache_misses = 146689
preemptive halt, cache_misses = 146689
preemptive halt, cache_misses = 146689
preemptive halt, cache_misses = 146689
binary search, size 40000  misses 146689  min 0  max 80000
binary search, size 60000  misses 146688  min 40000  max 80000
preemptive halt, cache_misses = 146689
preemptive halt, cache_misses = 146689
preemptive halt, cache_misses = 146689
preemptive halt, cache_misses = 146689
preemptive halt, cache_misses = 146689
preemptive halt, cache_misses = 146689
preemptive halt, cache_misses = 146689
preemptive halt, cache_misses = 146689
preemptive halt, cache_misses = 146689
preemptive halt, cache_misses = 146689
preemptive halt, cache_misses = 146689
preemptive halt, cache_misses = 146689
preemptive halt, cache_misses = 146689
preemptive halt, cache_misses = 146689
preemptive halt, cache_misses = 146689
preemptive halt, cache_misses = 146689
preemptive halt, cache_misses = 146689
preemptive halt, cache_misses = 146689
preemptive halt, cache_misses = 146689
preemptive halt, cache_misses = 146689
preemptive halt, cache_misses = 146689
preemptive halt, cache_misses = 146689
preemptive halt, cache_misses = 146689
preemptive halt, cache_misses = 146689
preemptive halt, cache_misses = 146689
preemptive halt, cache_misses = 146689
preemptive halt, cache_misses = 146689
preemptive halt, cache_misses = 146689
preemptive halt, cache_misses = 146689
preemptive halt, cache_misses = 146689
preemptive halt, cache_misses = 146689
preemptive halt, cache_misses = 146689
preemptive halt, cache_misses = 146689
preemptive halt, cache_misses = 146689
preemptive halt, cache_misses = 146689
preemptive halt, cache_misses = 146689
preemptive halt, cache_misses = 146689
preemptive halt, cache_misses = 146689
preemptive halt, cache_misses = 146689
preemptive halt, cache_misses = 146689
preemptive halt, cache_misses = 146689
preemptive halt, cache_misses = 146689
preemptive halt, cache_misses = 146689
preemptive halt, cache_misses = 146689
preemptive halt, cache_misses = 146689
preemptive halt, cache_misses = 146689
preemptive halt, cache_misses = 146689
preemptive halt, cache_misses = 146689
preemptive halt, cache_misses = 146689
preemptive halt, cache_misses = 146689
preemptive halt, cache_misses = 146689
preemptive halt, cache_misses = 146689
preemptive halt, cache_misses = 146689
preemptive halt, cache_misses = 146689
preemptive halt, cache_misses = 146689
preemptive halt, cache_misses = 146689
preemptive halt, cache_misses = 146689
preemptive halt, cache_misses = 146689
preemptive halt, cache_misses = 146689
preemptive halt, cache_misses = 146689
preemptive halt, cache_misses = 146689
preemptive halt, cache_misses = 146689
preemptive halt, cache_misses = 146689
preemptive halt, cache_misses = 146689
preemptive halt, cache_misses = 146689
preemptive halt, cache_misses = 146689
preemptive halt, cache_misses = 146689
preemptive halt, cache_misses = 146689
preemptive halt, cache_misses = 146689
preemptive halt, cache_misses = 146689
preemptive halt, cache_misses = 146689
preemptive halt, cache_misses = 146689
preemptive halt, cache_misses = 146689
preemptive halt, cache_misses = 146689
preemptive halt, cache_misses = 146689
preemptive halt, cache_misses = 146689
preemptive halt, cache_misses = 146689
preemptive halt, cache_misses = 146689
preemptive halt, cache_misses = 146689
preemptive halt, cache_misses = 146689
preemptive halt, cache_misses = 146689
preemptive halt, cache_misses = 146689
preemptive halt, cache_misses = 146689
preemptive halt, cache_misses = 146689
preemptive halt, cache_misses = 146689
preemptive halt, cache_misses = 146689
preemptive halt, cache_misses = 146689
preemptive halt, cache_misses = 146689
preemptive halt, cache_misses = 146689
preemptive halt, cache_misses = 146689
preemptive halt, cache_misses = 146689
preemptive halt, cache_misses = 146689
preemptive halt, cache_misses = 146689
preemptive halt, cache_misses = 146689
preemptive halt, cache_misses = 146689
preemptive halt, cache_misses = 146689
preemptive halt, cache_misses = 146689
preemptive halt, cache_misses = 146689
preemptive halt, cache_misses = 146689
preemptive halt, cache_misses = 146689
preemptive halt, cache_misses = 146689
preemptive halt, cache_misses = 146689
preemptive halt, cache_misses = 146689
preemptive halt, cache_misses = 146689
preemptive halt, cache_misses = 146689
preemptive halt, cache_misses = 146689
preemptive halt, cache_misses = 146689
preemptive halt, cache_misses = 146689
preemptive halt, cache_misses = 146689
preemptive halt, cache_misses = 146689
preemptive halt, cache_misses = 146689
preemptive halt, cache_misses = 146689
preemptive halt, cache_misses = 146689
preemptive halt, cache_misses = 146689
preemptive halt, cache_misses = 146689
preemptive halt, cache_misses = 146689
preemptive halt, cache_misses = 146689
preemptive halt, cache_misses = 146689
preemptive halt, cache_misses = 146689
preemptive halt, cache_misses = 146689
preemptive halt, cache_misses = 146689
preemptive halt, cache_misses = 146689
preemptive halt, cache_misses = 146689
preemptive halt, cache_misses = 146689
preemptive halt, cache_misses = 146689
preemptive halt, cache_misses = 146689
preemptive halt, cache_misses = 146689
preemptive halt, cache_misses = 146689
preemptive halt, cache_misses = 146689
preemptive halt, cache_misses = 146689
preemptive halt, cache_misses = 146689
preemptive halt, cache_misses = 146689
preemptive halt, cache_misses = 146689
preemptive halt, cache_misses = 146689
preemptive halt, cache_misses = 146689
preemptive halt, cache_misses = 146689
preemptive halt, cache_misses = 146689
preemptive halt, cache_misses = 146689
preemptive halt, cache_misses = 146689
preemptive halt, cache_misses = 146689
preemptive halt, cache_misses = 146689
preemptive halt, cache_misses = 146689
preemptive halt, cache_misses = 146689
preemptive halt, cache_misses = 146689
preemptive halt, cache_misses = 146689
preemptive halt, cache_misses = 146689
preemptive halt, cache_misses = 146689
preemptive halt, cache_misses = 146689
preemptive halt, cache_misses = 146689
preemptive halt, cache_misses = 146689
binary search, size 50000  misses 146689  min 40000  max 60000
preemptive halt, cache_misses = 146690
preemptive halt, cache_misses = 146690
preemptive halt, cache_misses = 146690
preemptive halt, cache_misses = 146690
preemptive halt, cache_misses = 146690
preemptive halt, cache_misses = 146690
preemptive halt, cache_misses = 146690
preemptive halt, cache_misses = 146690
preemptive halt, cache_misses = 146690
preemptive halt, cache_misses = 146690
preemptive halt, cache_misses = 146690
preemptive halt, cache_misses = 146690
preemptive halt, cache_misses = 146690
preemptive halt, cache_misses = 146690
preemptive halt, cache_misses = 146690
preemptive halt, cache_misses = 146690
preemptive halt, cache_misses = 146690
preemptive halt, cache_misses = 146690
preemptive halt, cache_misses = 146690
preemptive halt, cache_misses = 146690
preemptive halt, cache_misses = 146690
preemptive halt, cache_misses = 146690
preemptive halt, cache_misses = 146690
preemptive halt, cache_misses = 146690
preemptive halt, cache_misses = 146690
preemptive halt, cache_misses = 146690
preemptive halt, cache_misses = 146690
preemptive halt, cache_misses = 146690
preemptive halt, cache_misses = 146690
preemptive halt, cache_misses = 146690
preemptive halt, cache_misses = 146690
preemptive halt, cache_misses = 146690
preemptive halt, cache_misses = 146690
preemptive halt, cache_misses = 146690
preemptive halt, cache_misses = 146690
preemptive halt, cache_misses = 146690
preemptive halt, cache_misses = 146690
preemptive halt, cache_misses = 146690
preemptive halt, cache_misses = 146690
preemptive halt, cache_misses = 146690
preemptive halt, cache_misses = 146690
preemptive halt, cache_misses = 146690
preemptive halt, cache_misses = 146690
preemptive halt, cache_misses = 146690
preemptive halt, cache_misses = 146690
preemptive halt, cache_misses = 146690
preemptive halt, cache_misses = 146690
preemptive halt, cache_misses = 146690
preemptive halt, cache_misses = 146690
preemptive halt, cache_misses = 146690
preemptive halt, cache_misses = 146690
preemptive halt, cache_misses = 146690
preemptive halt, cache_misses = 146690
preemptive halt, cache_misses = 146690
preemptive halt, cache_misses = 146690
preemptive halt, cache_misses = 146690
preemptive halt, cache_misses = 146690
preemptive halt, cache_misses = 146690
preemptive halt, cache_misses = 146690
preemptive halt, cache_misses = 146690
preemptive halt, cache_misses = 146690
preemptive halt, cache_misses = 146690
preemptive halt, cache_misses = 146690
preemptive halt, cache_misses = 146690
preemptive halt, cache_misses = 146690
preemptive halt, cache_misses = 146690
preemptive halt, cache_misses = 146690
preemptive halt, cache_misses = 146690
preemptive halt, cache_misses = 146690
preemptive halt, cache_misses = 146690
preemptive halt, cache_misses = 146690
preemptive halt, cache_misses = 146690
preemptive halt, cache_misses = 146690
preemptive halt, cache_misses = 146690
preemptive halt, cache_misses = 146690
preemptive halt, cache_misses = 146690
preemptive halt, cache_misses = 146690
preemptive halt, cache_misses = 146690
preemptive halt, cache_misses = 146690
preemptive halt, cache_misses = 146690
preemptive halt, cache_misses = 146690
preemptive halt, cache_misses = 146690
preemptive halt, cache_misses = 146690
preemptive halt, cache_misses = 146690
preemptive halt, cache_misses = 146690
preemptive halt, cache_misses = 146690
preemptive halt, cache_misses = 146690
preemptive halt, cache_misses = 146690
preemptive halt, cache_misses = 146690
preemptive halt, cache_misses = 146690
preemptive halt, cache_misses = 146690
preemptive halt, cache_misses = 146690
preemptive halt, cache_misses = 146690
preemptive halt, cache_misses = 146690
preemptive halt, cache_misses = 146690
preemptive halt, cache_misses = 146690
preemptive halt, cache_misses = 146690
preemptive halt, cache_misses = 146690
preemptive halt, cache_misses = 146690
preemptive halt, cache_misses = 146690
preemptive halt, cache_misses = 146690
preemptive halt, cache_misses = 146690
preemptive halt, cache_misses = 146690
preemptive halt, cache_misses = 146690
preemptive halt, cache_misses = 146690
preemptive halt, cache_misses = 146690
preemptive halt, cache_misses = 146690
preemptive halt, cache_misses = 146690
preemptive halt, cache_misses = 146690
preemptive halt, cache_misses = 146690
preemptive halt, cache_misses = 146690
preemptive halt, cache_misses = 146690
preemptive halt, cache_misses = 146690
preemptive halt, cache_misses = 146690
preemptive halt, cache_misses = 146690
preemptive halt, cache_misses = 146690
preemptive halt, cache_misses = 146690
preemptive halt, cache_misses = 146690
preemptive halt, cache_misses = 146690
preemptive halt, cache_misses = 146690
preemptive halt, cache_misses = 146690
preemptive halt, cache_misses = 146690
preemptive halt, cache_misses = 146690
preemptive halt, cache_misses = 146690
preemptive halt, cache_misses = 146690
preemptive halt, cache_misses = 146690
preemptive halt, cache_misses = 146690
preemptive halt, cache_misses = 146690
preemptive halt, cache_misses = 146690
preemptive halt, cache_misses = 146690
preemptive halt, cache_misses = 146690
preemptive halt, cache_misses = 146690
preemptive halt, cache_misses = 146690
preemptive halt, cache_misses = 146690
preemptive halt, cache_misses = 146690
preemptive halt, cache_misses = 146690
preemptive halt, cache_misses = 146690
preemptive halt, cache_misses = 146690
preemptive halt, cache_misses = 146690
preemptive halt, cache_misses = 146690
preemptive halt, cache_misses = 146690
preemptive halt, cache_misses = 146690
preemptive halt, cache_misses = 146690
preemptive halt, cache_misses = 146690
preemptive halt, cache_misses = 146690
preemptive halt, cache_misses = 146690
preemptive halt, cache_misses = 146690
preemptive halt, cache_misses = 146690
preemptive halt, cache_misses = 146690
preemptive halt, cache_misses = 146690
preemptive halt, cache_misses = 146690
preemptive halt, cache_misses = 146690
binary search, size 55000  misses 146690  min 50000  max 60000
preemptive halt, cache_misses = 146691
preemptive halt, cache_misses = 146691
preemptive halt, cache_misses = 146691
preemptive halt, cache_misses = 146691
preemptive halt, cache_misses = 146691
preemptive halt, cache_misses = 146691
preemptive halt, cache_misses = 146691
preemptive halt, cache_misses = 146691
preemptive halt, cache_misses = 146691
preemptive halt, cache_misses = 146691
preemptive halt, cache_misses = 146691
preemptive halt, cache_misses = 146691
preemptive halt, cache_misses = 146691
preemptive halt, cache_misses = 146691
preemptive halt, cache_misses = 146691
preemptive halt, cache_misses = 146691
preemptive halt, cache_misses = 146691
preemptive halt, cache_misses = 146691
preemptive halt, cache_misses = 146691
preemptive halt, cache_misses = 146691
preemptive halt, cache_misses = 146691
preemptive halt, cache_misses = 146691
preemptive halt, cache_misses = 146691
preemptive halt, cache_misses = 146691
preemptive halt, cache_misses = 146691
preemptive halt, cache_misses = 146691
preemptive halt, cache_misses = 146691
preemptive halt, cache_misses = 146691
preemptive halt, cache_misses = 146691
preemptive halt, cache_misses = 146691
preemptive halt, cache_misses = 146691
preemptive halt, cache_misses = 146691
preemptive halt, cache_misses = 146691
preemptive halt, cache_misses = 146691
preemptive halt, cache_misses = 146691
preemptive halt, cache_misses = 146691
preemptive halt, cache_misses = 146691
preemptive halt, cache_misses = 146691
preemptive halt, cache_misses = 146691
preemptive halt, cache_misses = 146691
preemptive halt, cache_misses = 146691
preemptive halt, cache_misses = 146691
preemptive halt, cache_misses = 146691
preemptive halt, cache_misses = 146691
preemptive halt, cache_misses = 146691
preemptive halt, cache_misses = 146691
preemptive halt, cache_misses = 146691
preemptive halt, cache_misses = 146691
preemptive halt, cache_misses = 146691
preemptive halt, cache_misses = 146691
preemptive halt, cache_misses = 146691
preemptive halt, cache_misses = 146691
preemptive halt, cache_misses = 146691
preemptive halt, cache_misses = 146691
preemptive halt, cache_misses = 146691
preemptive halt, cache_misses = 146691
preemptive halt, cache_misses = 146691
preemptive halt, cache_misses = 146691
preemptive halt, cache_misses = 146691
preemptive halt, cache_misses = 146691
preemptive halt, cache_misses = 146691
preemptive halt, cache_misses = 146691
preemptive halt, cache_misses = 146691
preemptive halt, cache_misses = 146691
preemptive halt, cache_misses = 146691
preemptive halt, cache_misses = 146691
preemptive halt, cache_misses = 146691
preemptive halt, cache_misses = 146691
preemptive halt, cache_misses = 146691
preemptive halt, cache_misses = 146691
preemptive halt, cache_misses = 146691
preemptive halt, cache_misses = 146691
preemptive halt, cache_misses = 146691
preemptive halt, cache_misses = 146691
preemptive halt, cache_misses = 146691
preemptive halt, cache_misses = 146691
preemptive halt, cache_misses = 146691
preemptive halt, cache_misses = 146691
preemptive halt, cache_misses = 146691
preemptive halt, cache_misses = 146691
preemptive halt, cache_misses = 146691
preemptive halt, cache_misses = 146691
preemptive halt, cache_misses = 146691
preemptive halt, cache_misses = 146691
preemptive halt, cache_misses = 146691
preemptive halt, cache_misses = 146691
preemptive halt, cache_misses = 146691
preemptive halt, cache_misses = 146691
preemptive halt, cache_misses = 146691
preemptive halt, cache_misses = 146691
preemptive halt, cache_misses = 146691
preemptive halt, cache_misses = 146691
preemptive halt, cache_misses = 146691
preemptive halt, cache_misses = 146691
preemptive halt, cache_misses = 146691
preemptive halt, cache_misses = 146691
preemptive halt, cache_misses = 146691
preemptive halt, cache_misses = 146691
preemptive halt, cache_misses = 146691
preemptive halt, cache_misses = 146691
preemptive halt, cache_misses = 146691
preemptive halt, cache_misses = 146691
preemptive halt, cache_misses = 146691
preemptive halt, cache_misses = 146691
preemptive halt, cache_misses = 146691
preemptive halt, cache_misses = 146691
preemptive halt, cache_misses = 146691
preemptive halt, cache_misses = 146691
preemptive halt, cache_misses = 146691
preemptive halt, cache_misses = 146691
preemptive halt, cache_misses = 146691
preemptive halt, cache_misses = 146691
preemptive halt, cache_misses = 146691
preemptive halt, cache_misses = 146691
preemptive halt, cache_misses = 146691
preemptive halt, cache_misses = 146691
preemptive halt, cache_misses = 146691
preemptive halt, cache_misses = 146691
preemptive halt, cache_misses = 146691
preemptive halt, cache_misses = 146691
preemptive halt, cache_misses = 146691
preemptive halt, cache_misses = 146691
preemptive halt, cache_misses = 146691
preemptive halt, cache_misses = 146691
preemptive halt, cache_misses = 146691
preemptive halt, cache_misses = 146691
preemptive halt, cache_misses = 146691
preemptive halt, cache_misses = 146691
preemptive halt, cache_misses = 146691
preemptive halt, cache_misses = 146691
preemptive halt, cache_misses = 146691
preemptive halt, cache_misses = 146691
preemptive halt, cache_misses = 146691
preemptive halt, cache_misses = 146691
preemptive halt, cache_misses = 146691
preemptive halt, cache_misses = 146691
preemptive halt, cache_misses = 146691
preemptive halt, cache_misses = 146691
preemptive halt, cache_misses = 146691
preemptive halt, cache_misses = 146691
preemptive halt, cache_misses = 146691
preemptive halt, cache_misses = 146691
preemptive halt, cache_misses = 146691
preemptive halt, cache_misses = 146691
preemptive halt, cache_misses = 146691
preemptive halt, cache_misses = 146691
preemptive halt, cache_misses = 146691
preemptive halt, cache_misses = 146691
preemptive halt, cache_misses = 146691
preemptive halt, cache_misses = 146691
preemptive halt, cache_misses = 146691
preemptive halt, cache_misses = 146691
preemptive halt, cache_misses = 146691
preemptive halt, cache_misses = 146691
binary search, size 57500  misses 146691  min 55000  max 60000
binary search, size 58750  misses 146688  min 57500  max 60000
preemptive halt, cache_misses = 146689
preemptive halt, cache_misses = 146689
preemptive halt, cache_misses = 146689
preemptive halt, cache_misses = 146689
preemptive halt, cache_misses = 146689
preemptive halt, cache_misses = 146689
preemptive halt, cache_misses = 146689
preemptive halt, cache_misses = 146689
preemptive halt, cache_misses = 146689
preemptive halt, cache_misses = 146689
preemptive halt, cache_misses = 146689
preemptive halt, cache_misses = 146689
preemptive halt, cache_misses = 146689
preemptive halt, cache_misses = 146689
preemptive halt, cache_misses = 146689
preemptive halt, cache_misses = 146689
preemptive halt, cache_misses = 146689
preemptive halt, cache_misses = 146689
preemptive halt, cache_misses = 146689
preemptive halt, cache_misses = 146689
preemptive halt, cache_misses = 146689
preemptive halt, cache_misses = 146689
preemptive halt, cache_misses = 146689
preemptive halt, cache_misses = 146689
preemptive halt, cache_misses = 146689
preemptive halt, cache_misses = 146689
preemptive halt, cache_misses = 146689
preemptive halt, cache_misses = 146689
preemptive halt, cache_misses = 146689
preemptive halt, cache_misses = 146689
preemptive halt, cache_misses = 146689
preemptive halt, cache_misses = 146689
preemptive halt, cache_misses = 146689
preemptive halt, cache_misses = 146689
preemptive halt, cache_misses = 146689
preemptive halt, cache_misses = 146689
preemptive halt, cache_misses = 146689
preemptive halt, cache_misses = 146689
preemptive halt, cache_misses = 146689
preemptive halt, cache_misses = 146689
preemptive halt, cache_misses = 146689
preemptive halt, cache_misses = 146689
preemptive halt, cache_misses = 146689
preemptive halt, cache_misses = 146689
preemptive halt, cache_misses = 146689
preemptive halt, cache_misses = 146689
preemptive halt, cache_misses = 146689
preemptive halt, cache_misses = 146689
preemptive halt, cache_misses = 146689
preemptive halt, cache_misses = 146689
preemptive halt, cache_misses = 146689
preemptive halt, cache_misses = 146689
preemptive halt, cache_misses = 146689
preemptive halt, cache_misses = 146689
preemptive halt, cache_misses = 146689
preemptive halt, cache_misses = 146689
preemptive halt, cache_misses = 146689
preemptive halt, cache_misses = 146689
preemptive halt, cache_misses = 146689
preemptive halt, cache_misses = 146689
preemptive halt, cache_misses = 146689
preemptive halt, cache_misses = 146689
preemptive halt, cache_misses = 146689
preemptive halt, cache_misses = 146689
preemptive halt, cache_misses = 146689
preemptive halt, cache_misses = 146689
preemptive halt, cache_misses = 146689
preemptive halt, cache_misses = 146689
preemptive halt, cache_misses = 146689
preemptive halt, cache_misses = 146689
preemptive halt, cache_misses = 146689
preemptive halt, cache_misses = 146689
preemptive halt, cache_misses = 146689
preemptive halt, cache_misses = 146689
preemptive halt, cache_misses = 146689
preemptive halt, cache_misses = 146689
preemptive halt, cache_misses = 146689
preemptive halt, cache_misses = 146689
preemptive halt, cache_misses = 146689
preemptive halt, cache_misses = 146689
preemptive halt, cache_misses = 146689
preemptive halt, cache_misses = 146689
preemptive halt, cache_misses = 146689
preemptive halt, cache_misses = 146689
preemptive halt, cache_misses = 146689
preemptive halt, cache_misses = 146689
preemptive halt, cache_misses = 146689
preemptive halt, cache_misses = 146689
preemptive halt, cache_misses = 146689
preemptive halt, cache_misses = 146689
preemptive halt, cache_misses = 146689
preemptive halt, cache_misses = 146689
preemptive halt, cache_misses = 146689
preemptive halt, cache_misses = 146689
preemptive halt, cache_misses = 146689
preemptive halt, cache_misses = 146689
preemptive halt, cache_misses = 146689
preemptive halt, cache_misses = 146689
preemptive halt, cache_misses = 146689
preemptive halt, cache_misses = 146689
preemptive halt, cache_misses = 146689
preemptive halt, cache_misses = 146689
preemptive halt, cache_misses = 146689
preemptive halt, cache_misses = 146689
preemptive halt, cache_misses = 146689
preemptive halt, cache_misses = 146689
preemptive halt, cache_misses = 146689
preemptive halt, cache_misses = 146689
preemptive halt, cache_misses = 146689
preemptive halt, cache_misses = 146689
preemptive halt, cache_misses = 146689
preemptive halt, cache_misses = 146689
preemptive halt, cache_misses = 146689
preemptive halt, cache_misses = 146689
preemptive halt, cache_misses = 146689
preemptive halt, cache_misses = 146689
preemptive halt, cache_misses = 146689
preemptive halt, cache_misses = 146689
preemptive halt, cache_misses = 146689
preemptive halt, cache_misses = 146689
preemptive halt, cache_misses = 146689
preemptive halt, cache_misses = 146689
preemptive halt, cache_misses = 146689
preemptive halt, cache_misses = 146689
preemptive halt, cache_misses = 146689
preemptive halt, cache_misses = 146689
preemptive halt, cache_misses = 146689
preemptive halt, cache_misses = 146689
preemptive halt, cache_misses = 146689
preemptive halt, cache_misses = 146689
preemptive halt, cache_misses = 146689
preemptive halt, cache_misses = 146689
preemptive halt, cache_misses = 146689
preemptive halt, cache_misses = 146689
preemptive halt, cache_misses = 146689
preemptive halt, cache_misses = 146689
preemptive halt, cache_misses = 146689
preemptive halt, cache_misses = 146689
preemptive halt, cache_misses = 146689
preemptive halt, cache_misses = 146689
preemptive halt, cache_misses = 146689
preemptive halt, cache_misses = 146689
preemptive halt, cache_misses = 146689
preemptive halt, cache_misses = 146689
preemptive halt, cache_misses = 146689
preemptive halt, cache_misses = 146689
preemptive halt, cache_misses = 146689
preemptive halt, cache_misses = 146689
preemptive halt, cache_misses = 146689
preemptive halt, cache_misses = 146689
binary search, size 58125  misses 146689  min 57500  max 58750
binary search, size 58437  misses 146688  min 58125  max 58750
preemptive halt, cache_misses = 146689
preemptive halt, cache_misses = 146689
preemptive halt, cache_misses = 146689
preemptive halt, cache_misses = 146689
preemptive halt, cache_misses = 146689
preemptive halt, cache_misses = 146689
preemptive halt, cache_misses = 146689
preemptive halt, cache_misses = 146689
preemptive halt, cache_misses = 146689
preemptive halt, cache_misses = 146689
preemptive halt, cache_misses = 146689
preemptive halt, cache_misses = 146689
preemptive halt, cache_misses = 146689
preemptive halt, cache_misses = 146689
preemptive halt, cache_misses = 146689
preemptive halt, cache_misses = 146689
preemptive halt, cache_misses = 146689
preemptive halt, cache_misses = 146689
preemptive halt, cache_misses = 146689
preemptive halt, cache_misses = 146689
preemptive halt, cache_misses = 146689
preemptive halt, cache_misses = 146689
preemptive halt, cache_misses = 146689
preemptive halt, cache_misses = 146689
preemptive halt, cache_misses = 146689
preemptive halt, cache_misses = 146689
preemptive halt, cache_misses = 146689
preemptive halt, cache_misses = 146689
preemptive halt, cache_misses = 146689
preemptive halt, cache_misses = 146689
preemptive halt, cache_misses = 146689
preemptive halt, cache_misses = 146689
preemptive halt, cache_misses = 146689
preemptive halt, cache_misses = 146689
preemptive halt, cache_misses = 146689
preemptive halt, cache_misses = 146689
preemptive halt, cache_misses = 146689
preemptive halt, cache_misses = 146689
preemptive halt, cache_misses = 146689
preemptive halt, cache_misses = 146689
preemptive halt, cache_misses = 146689
preemptive halt, cache_misses = 146689
preemptive halt, cache_misses = 146689
preemptive halt, cache_misses = 146689
preemptive halt, cache_misses = 146689
preemptive halt, cache_misses = 146689
preemptive halt, cache_misses = 146689
preemptive halt, cache_misses = 146689
preemptive halt, cache_misses = 146689
preemptive halt, cache_misses = 146689
preemptive halt, cache_misses = 146689
preemptive halt, cache_misses = 146689
preemptive halt, cache_misses = 146689
preemptive halt, cache_misses = 146689
preemptive halt, cache_misses = 146689
preemptive halt, cache_misses = 146689
preemptive halt, cache_misses = 146689
preemptive halt, cache_misses = 146689
preemptive halt, cache_misses = 146689
preemptive halt, cache_misses = 146689
preemptive halt, cache_misses = 146689
preemptive halt, cache_misses = 146689
preemptive halt, cache_misses = 146689
preemptive halt, cache_misses = 146689
preemptive halt, cache_misses = 146689
preemptive halt, cache_misses = 146689
preemptive halt, cache_misses = 146689
preemptive halt, cache_misses = 146689
preemptive halt, cache_misses = 146689
preemptive halt, cache_misses = 146689
preemptive halt, cache_misses = 146689
preemptive halt, cache_misses = 146689
preemptive halt, cache_misses = 146689
preemptive halt, cache_misses = 146689
preemptive halt, cache_misses = 146689
preemptive halt, cache_misses = 146689
preemptive halt, cache_misses = 146689
preemptive halt, cache_misses = 146689
preemptive halt, cache_misses = 146689
preemptive halt, cache_misses = 146689
preemptive halt, cache_misses = 146689
preemptive halt, cache_misses = 146689
preemptive halt, cache_misses = 146689
preemptive halt, cache_misses = 146689
preemptive halt, cache_misses = 146689
preemptive halt, cache_misses = 146689
preemptive halt, cache_misses = 146689
preemptive halt, cache_misses = 146689
preemptive halt, cache_misses = 146689
preemptive halt, cache_misses = 146689
preemptive halt, cache_misses = 146689
preemptive halt, cache_misses = 146689
preemptive halt, cache_misses = 146689
preemptive halt, cache_misses = 146689
preemptive halt, cache_misses = 146689
preemptive halt, cache_misses = 146689
preemptive halt, cache_misses = 146689
preemptive halt, cache_misses = 146689
preemptive halt, cache_misses = 146689
preemptive halt, cache_misses = 146689
preemptive halt, cache_misses = 146689
preemptive halt, cache_misses = 146689
preemptive halt, cache_misses = 146689
preemptive halt, cache_misses = 146689
preemptive halt, cache_misses = 146689
preemptive halt, cache_misses = 146689
preemptive halt, cache_misses = 146689
preemptive halt, cache_misses = 146689
preemptive halt, cache_misses = 146689
preemptive halt, cache_misses = 146689
preemptive halt, cache_misses = 146689
preemptive halt, cache_misses = 146689
preemptive halt, cache_misses = 146689
preemptive halt, cache_misses = 146689
preemptive halt, cache_misses = 146689
preemptive halt, cache_misses = 146689
preemptive halt, cache_misses = 146689
preemptive halt, cache_misses = 146689
preemptive halt, cache_misses = 146689
preemptive halt, cache_misses = 146689
preemptive halt, cache_misses = 146689
preemptive halt, cache_misses = 146689
preemptive halt, cache_misses = 146689
preemptive halt, cache_misses = 146689
preemptive halt, cache_misses = 146689
preemptive halt, cache_misses = 146689
preemptive halt, cache_misses = 146689
preemptive halt, cache_misses = 146689
preemptive halt, cache_misses = 146689
preemptive halt, cache_misses = 146689
preemptive halt, cache_misses = 146689
preemptive halt, cache_misses = 146689
preemptive halt, cache_misses = 146689
preemptive halt, cache_misses = 146689
preemptive halt, cache_misses = 146689
preemptive halt, cache_misses = 146689
preemptive halt, cache_misses = 146689
preemptive halt, cache_misses = 146689
preemptive halt, cache_misses = 146689
preemptive halt, cache_misses = 146689
preemptive halt, cache_misses = 146689
preemptive halt, cache_misses = 146689
preemptive halt, cache_misses = 146689
preemptive halt, cache_misses = 146689
preemptive halt, cache_misses = 146689
preemptive halt, cache_misses = 146689
preemptive halt, cache_misses = 146689
preemptive halt, cache_misses = 146689
preemptive halt, cache_misses = 146689
preemptive halt, cache_misses = 146689
binary search, size 58281  misses 146689  min 58125  max 58437
binary search, size 58359  misses 146688  min 58281  max 58437
binary search, size 58320  misses 146688  min 58281  max 58359
binary search, size 58300  misses 146688  min 58281  max 58320
binary search, size 58290  misses 146688  min 58281  max 58300
preemptive halt, cache_misses = 146689
preemptive halt, cache_misses = 146689
preemptive halt, cache_misses = 146689
preemptive halt, cache_misses = 146689
preemptive halt, cache_misses = 146689
preemptive halt, cache_misses = 146689
preemptive halt, cache_misses = 146689
preemptive halt, cache_misses = 146689
preemptive halt, cache_misses = 146689
preemptive halt, cache_misses = 146689
preemptive halt, cache_misses = 146689
preemptive halt, cache_misses = 146689
preemptive halt, cache_misses = 146689
preemptive halt, cache_misses = 146689
preemptive halt, cache_misses = 146689
preemptive halt, cache_misses = 146689
preemptive halt, cache_misses = 146689
preemptive halt, cache_misses = 146689
preemptive halt, cache_misses = 146689
preemptive halt, cache_misses = 146689
preemptive halt, cache_misses = 146689
preemptive halt, cache_misses = 146689
preemptive halt, cache_misses = 146689
preemptive halt, cache_misses = 146689
preemptive halt, cache_misses = 146689
preemptive halt, cache_misses = 146689
preemptive halt, cache_misses = 146689
preemptive halt, cache_misses = 146689
preemptive halt, cache_misses = 146689
preemptive halt, cache_misses = 146689
preemptive halt, cache_misses = 146689
preemptive halt, cache_misses = 146689
preemptive halt, cache_misses = 146689
preemptive halt, cache_misses = 146689
preemptive halt, cache_misses = 146689
preemptive halt, cache_misses = 146689
preemptive halt, cache_misses = 146689
preemptive halt, cache_misses = 146689
preemptive halt, cache_misses = 146689
preemptive halt, cache_misses = 146689
preemptive halt, cache_misses = 146689
preemptive halt, cache_misses = 146689
preemptive halt, cache_misses = 146689
preemptive halt, cache_misses = 146689
preemptive halt, cache_misses = 146689
preemptive halt, cache_misses = 146689
preemptive halt, cache_misses = 146689
preemptive halt, cache_misses = 146689
preemptive halt, cache_misses = 146689
preemptive halt, cache_misses = 146689
preemptive halt, cache_misses = 146689
preemptive halt, cache_misses = 146689
preemptive halt, cache_misses = 146689
preemptive halt, cache_misses = 146689
preemptive halt, cache_misses = 146689
preemptive halt, cache_misses = 146689
preemptive halt, cache_misses = 146689
preemptive halt, cache_misses = 146689
preemptive halt, cache_misses = 146689
preemptive halt, cache_misses = 146689
preemptive halt, cache_misses = 146689
preemptive halt, cache_misses = 146689
preemptive halt, cache_misses = 146689
preemptive halt, cache_misses = 146689
preemptive halt, cache_misses = 146689
preemptive halt, cache_misses = 146689
preemptive halt, cache_misses = 146689
preemptive halt, cache_misses = 146689
preemptive halt, cache_misses = 146689
preemptive halt, cache_misses = 146689
preemptive halt, cache_misses = 146689
preemptive halt, cache_misses = 146689
preemptive halt, cache_misses = 146689
preemptive halt, cache_misses = 146689
preemptive halt, cache_misses = 146689
preemptive halt, cache_misses = 146689
preemptive halt, cache_misses = 146689
preemptive halt, cache_misses = 146689
preemptive halt, cache_misses = 146689
preemptive halt, cache_misses = 146689
preemptive halt, cache_misses = 146689
preemptive halt, cache_misses = 146689
preemptive halt, cache_misses = 146689
preemptive halt, cache_misses = 146689
preemptive halt, cache_misses = 146689
preemptive halt, cache_misses = 146689
preemptive halt, cache_misses = 146689
preemptive halt, cache_misses = 146689
preemptive halt, cache_misses = 146689
preemptive halt, cache_misses = 146689
preemptive halt, cache_misses = 146689
preemptive halt, cache_misses = 146689
preemptive halt, cache_misses = 146689
preemptive halt, cache_misses = 146689
preemptive halt, cache_misses = 146689
preemptive halt, cache_misses = 146689
preemptive halt, cache_misses = 146689
preemptive halt, cache_misses = 146689
preemptive halt, cache_misses = 146689
preemptive halt, cache_misses = 146689
preemptive halt, cache_misses = 146689
preemptive halt, cache_misses = 146689
preemptive halt, cache_misses = 146689
preemptive halt, cache_misses = 146689
preemptive halt, cache_misses = 146689
preemptive halt, cache_misses = 146689
preemptive halt, cache_misses = 146689
preemptive halt, cache_misses = 146689
preemptive halt, cache_misses = 146689
preemptive halt, cache_misses = 146689
preemptive halt, cache_misses = 146689
preemptive halt, cache_misses = 146689
preemptive halt, cache_misses = 146689
preemptive halt, cache_misses = 146689
preemptive halt, cache_misses = 146689
preemptive halt, cache_misses = 146689
preemptive halt, cache_misses = 146689
preemptive halt, cache_misses = 146689
preemptive halt, cache_misses = 146689
preemptive halt, cache_misses = 146689
preemptive halt, cache_misses = 146689
preemptive halt, cache_misses = 146689
preemptive halt, cache_misses = 146689
preemptive halt, cache_misses = 146689
preemptive halt, cache_misses = 146689
preemptive halt, cache_misses = 146689
preemptive halt, cache_misses = 146689
preemptive halt, cache_misses = 146689
preemptive halt, cache_misses = 146689
preemptive halt, cache_misses = 146689
preemptive halt, cache_misses = 146689
preemptive halt, cache_misses = 146689
preemptive halt, cache_misses = 146689
preemptive halt, cache_misses = 146689
preemptive halt, cache_misses = 146689
preemptive halt, cache_misses = 146689
preemptive halt, cache_misses = 146689
preemptive halt, cache_misses = 146689
preemptive halt, cache_misses = 146689
preemptive halt, cache_misses = 146689
preemptive halt, cache_misses = 146689
preemptive halt, cache_misses = 146689
preemptive halt, cache_misses = 146689
preemptive halt, cache_misses = 146689
preemptive halt, cache_misses = 146689
preemptive halt, cache_misses = 146689
preemptive halt, cache_misses = 146689
preemptive halt, cache_misses = 146689
preemptive halt, cache_misses = 146689
preemptive halt, cache_misses = 146689
binary search, size 58285  misses 146689  min 58281  max 58290
preemptive halt, cache_misses = 146690
preemptive halt, cache_misses = 146690
preemptive halt, cache_misses = 146690
preemptive halt, cache_misses = 146690
preemptive halt, cache_misses = 146690
preemptive halt, cache_misses = 146690
preemptive halt, cache_misses = 146690
preemptive halt, cache_misses = 146690
preemptive halt, cache_misses = 146690
preemptive halt, cache_misses = 146690
preemptive halt, cache_misses = 146690
preemptive halt, cache_misses = 146690
preemptive halt, cache_misses = 146690
preemptive halt, cache_misses = 146690
preemptive halt, cache_misses = 146690
preemptive halt, cache_misses = 146690
preemptive halt, cache_misses = 146690
preemptive halt, cache_misses = 146690
preemptive halt, cache_misses = 146690
preemptive halt, cache_misses = 146690
preemptive halt, cache_misses = 146690
preemptive halt, cache_misses = 146690
preemptive halt, cache_misses = 146690
preemptive halt, cache_misses = 146690
preemptive halt, cache_misses = 146690
preemptive halt, cache_misses = 146690
preemptive halt, cache_misses = 146690
preemptive halt, cache_misses = 146690
preemptive halt, cache_misses = 146690
preemptive halt, cache_misses = 146690
preemptive halt, cache_misses = 146690
preemptive halt, cache_misses = 146690
preemptive halt, cache_misses = 146690
preemptive halt, cache_misses = 146690
preemptive halt, cache_misses = 146690
preemptive halt, cache_misses = 146690
preemptive halt, cache_misses = 146690
preemptive halt, cache_misses = 146690
preemptive halt, cache_misses = 146690
preemptive halt, cache_misses = 146690
preemptive halt, cache_misses = 146690
preemptive halt, cache_misses = 146690
preemptive halt, cache_misses = 146690
preemptive halt, cache_misses = 146690
preemptive halt, cache_misses = 146690
preemptive halt, cache_misses = 146690
preemptive halt, cache_misses = 146690
preemptive halt, cache_misses = 146690
preemptive halt, cache_misses = 146690
preemptive halt, cache_misses = 146690
preemptive halt, cache_misses = 146690
preemptive halt, cache_misses = 146690
preemptive halt, cache_misses = 146690
preemptive halt, cache_misses = 146690
preemptive halt, cache_misses = 146690
preemptive halt, cache_misses = 146690
preemptive halt, cache_misses = 146690
preemptive halt, cache_misses = 146690
preemptive halt, cache_misses = 146690
preemptive halt, cache_misses = 146690
preemptive halt, cache_misses = 146690
preemptive halt, cache_misses = 146690
preemptive halt, cache_misses = 146690
preemptive halt, cache_misses = 146690
preemptive halt, cache_misses = 146690
preemptive halt, cache_misses = 146690
preemptive halt, cache_misses = 146690
preemptive halt, cache_misses = 146690
preemptive halt, cache_misses = 146690
preemptive halt, cache_misses = 146690
preemptive halt, cache_misses = 146690
preemptive halt, cache_misses = 146690
preemptive halt, cache_misses = 146690
preemptive halt, cache_misses = 146690
preemptive halt, cache_misses = 146690
preemptive halt, cache_misses = 146690
preemptive halt, cache_misses = 146690
preemptive halt, cache_misses = 146690
preemptive halt, cache_misses = 146690
preemptive halt, cache_misses = 146690
preemptive halt, cache_misses = 146690
preemptive halt, cache_misses = 146690
preemptive halt, cache_misses = 146690
preemptive halt, cache_misses = 146690
preemptive halt, cache_misses = 146690
preemptive halt, cache_misses = 146690
preemptive halt, cache_misses = 146690
preemptive halt, cache_misses = 146690
preemptive halt, cache_misses = 146690
preemptive halt, cache_misses = 146690
preemptive halt, cache_misses = 146690
preemptive halt, cache_misses = 146690
preemptive halt, cache_misses = 146690
preemptive halt, cache_misses = 146690
preemptive halt, cache_misses = 146690
preemptive halt, cache_misses = 146690
preemptive halt, cache_misses = 146690
preemptive halt, cache_misses = 146690
preemptive halt, cache_misses = 146690
preemptive halt, cache_misses = 146690
preemptive halt, cache_misses = 146690
preemptive halt, cache_misses = 146690
preemptive halt, cache_misses = 146690
preemptive halt, cache_misses = 146690
preemptive halt, cache_misses = 146690
preemptive halt, cache_misses = 146690
preemptive halt, cache_misses = 146690
preemptive halt, cache_misses = 146690
preemptive halt, cache_misses = 146690
preemptive halt, cache_misses = 146690
preemptive halt, cache_misses = 146690
preemptive halt, cache_misses = 146690
preemptive halt, cache_misses = 146690
preemptive halt, cache_misses = 146690
preemptive halt, cache_misses = 146690
preemptive halt, cache_misses = 146690
preemptive halt, cache_misses = 146690
preemptive halt, cache_misses = 146690
preemptive halt, cache_misses = 146690
preemptive halt, cache_misses = 146690
preemptive halt, cache_misses = 146690
preemptive halt, cache_misses = 146690
preemptive halt, cache_misses = 146690
preemptive halt, cache_misses = 146690
preemptive halt, cache_misses = 146690
preemptive halt, cache_misses = 146690
preemptive halt, cache_misses = 146690
preemptive halt, cache_misses = 146690
preemptive halt, cache_misses = 146690
preemptive halt, cache_misses = 146690
preemptive halt, cache_misses = 146690
preemptive halt, cache_misses = 146690
preemptive halt, cache_misses = 146690
preemptive halt, cache_misses = 146690
preemptive halt, cache_misses = 146690
preemptive halt, cache_misses = 146690
preemptive halt, cache_misses = 146690
preemptive halt, cache_misses = 146690
preemptive halt, cache_misses = 146690
preemptive halt, cache_misses = 146690
preemptive halt, cache_misses = 146690
preemptive halt, cache_misses = 146690
preemptive halt, cache_misses = 146690
preemptive halt, cache_misses = 146690
preemptive halt, cache_misses = 146690
preemptive halt, cache_misses = 146690
preemptive halt, cache_misses = 146690
preemptive halt, cache_misses = 146690
preemptive halt, cache_misses = 146690
preemptive halt, cache_misses = 146690
preemptive halt, cache_misses = 146690
preemptive halt, cache_misses = 146690
binary search, size 58287  misses 146690  min 58285  max 58290
preemptive halt, cache_misses = 146691
preemptive halt, cache_misses = 146691
preemptive halt, cache_misses = 146691
preemptive halt, cache_misses = 146691
preemptive halt, cache_misses = 146691
preemptive halt, cache_misses = 146691
preemptive halt, cache_misses = 146691
preemptive halt, cache_misses = 146691
preemptive halt, cache_misses = 146691
preemptive halt, cache_misses = 146691
preemptive halt, cache_misses = 146691
preemptive halt, cache_misses = 146691
preemptive halt, cache_misses = 146691
preemptive halt, cache_misses = 146691
preemptive halt, cache_misses = 146691
preemptive halt, cache_misses = 146691
preemptive halt, cache_misses = 146691
preemptive halt, cache_misses = 146691
preemptive halt, cache_misses = 146691
preemptive halt, cache_misses = 146691
preemptive halt, cache_misses = 146691
preemptive halt, cache_misses = 146691
preemptive halt, cache_misses = 146691
preemptive halt, cache_misses = 146691
preemptive halt, cache_misses = 146691
preemptive halt, cache_misses = 146691
preemptive halt, cache_misses = 146691
preemptive halt, cache_misses = 146691
preemptive halt, cache_misses = 146691
preemptive halt, cache_misses = 146691
preemptive halt, cache_misses = 146691
preemptive halt, cache_misses = 146691
preemptive halt, cache_misses = 146691
preemptive halt, cache_misses = 146691
preemptive halt, cache_misses = 146691
preemptive halt, cache_misses = 146691
preemptive halt, cache_misses = 146691
preemptive halt, cache_misses = 146691
preemptive halt, cache_misses = 146691
preemptive halt, cache_misses = 146691
preemptive halt, cache_misses = 146691
preemptive halt, cache_misses = 146691
preemptive halt, cache_misses = 146691
preemptive halt, cache_misses = 146691
preemptive halt, cache_misses = 146691
preemptive halt, cache_misses = 146691
preemptive halt, cache_misses = 146691
preemptive halt, cache_misses = 146691
preemptive halt, cache_misses = 146691
preemptive halt, cache_misses = 146691
preemptive halt, cache_misses = 146691
preemptive halt, cache_misses = 146691
preemptive halt, cache_misses = 146691
preemptive halt, cache_misses = 146691
preemptive halt, cache_misses = 146691
preemptive halt, cache_misses = 146691
preemptive halt, cache_misses = 146691
preemptive halt, cache_misses = 146691
preemptive halt, cache_misses = 146691
preemptive halt, cache_misses = 146691
preemptive halt, cache_misses = 146691
preemptive halt, cache_misses = 146691
preemptive halt, cache_misses = 146691
preemptive halt, cache_misses = 146691
preemptive halt, cache_misses = 146691
preemptive halt, cache_misses = 146691
preemptive halt, cache_misses = 146691
preemptive halt, cache_misses = 146691
preemptive halt, cache_misses = 146691
preemptive halt, cache_misses = 146691
preemptive halt, cache_misses = 146691
preemptive halt, cache_misses = 146691
preemptive halt, cache_misses = 146691
preemptive halt, cache_misses = 146691
preemptive halt, cache_misses = 146691
preemptive halt, cache_misses = 146691
preemptive halt, cache_misses = 146691
preemptive halt, cache_misses = 146691
preemptive halt, cache_misses = 146691
preemptive halt, cache_misses = 146691
preemptive halt, cache_misses = 146691
preemptive halt, cache_misses = 146691
preemptive halt, cache_misses = 146691
preemptive halt, cache_misses = 146691
preemptive halt, cache_misses = 146691
preemptive halt, cache_misses = 146691
preemptive halt, cache_misses = 146691
preemptive halt, cache_misses = 146691
preemptive halt, cache_misses = 146691
preemptive halt, cache_misses = 146691
preemptive halt, cache_misses = 146691
preemptive halt, cache_misses = 146691
preemptive halt, cache_misses = 146691
preemptive halt, cache_misses = 146691
preemptive halt, cache_misses = 146691
preemptive halt, cache_misses = 146691
preemptive halt, cache_misses = 146691
preemptive halt, cache_misses = 146691
preemptive halt, cache_misses = 146691
preemptive halt, cache_misses = 146691
preemptive halt, cache_misses = 146691
preemptive halt, cache_misses = 146691
preemptive halt, cache_misses = 146691
preemptive halt, cache_misses = 146691
preemptive halt, cache_misses = 146691
preemptive halt, cache_misses = 146691
preemptive halt, cache_misses = 146691
preemptive halt, cache_misses = 146691
preemptive halt, cache_misses = 146691
preemptive halt, cache_misses = 146691
preemptive halt, cache_misses = 146691
preemptive halt, cache_misses = 146691
preemptive halt, cache_misses = 146691
preemptive halt, cache_misses = 146691
preemptive halt, cache_misses = 146691
preemptive halt, cache_misses = 146691
preemptive halt, cache_misses = 146691
preemptive halt, cache_misses = 146691
preemptive halt, cache_misses = 146691
preemptive halt, cache_misses = 146691
preemptive halt, cache_misses = 146691
preemptive halt, cache_misses = 146691
preemptive halt, cache_misses = 146691
preemptive halt, cache_misses = 146691
preemptive halt, cache_misses = 146691
preemptive halt, cache_misses = 146691
preemptive halt, cache_misses = 146691
preemptive halt, cache_misses = 146691
preemptive halt, cache_misses = 146691
preemptive halt, cache_misses = 146691
preemptive halt, cache_misses = 146691
preemptive halt, cache_misses = 146691
preemptive halt, cache_misses = 146691
preemptive halt, cache_misses = 146691
preemptive halt, cache_misses = 146691
preemptive halt, cache_misses = 146691
preemptive halt, cache_misses = 146691
preemptive halt, cache_misses = 146691
preemptive halt, cache_misses = 146691
preemptive halt, cache_misses = 146691
preemptive halt, cache_misses = 146691
preemptive halt, cache_misses = 146691
preemptive halt, cache_misses = 146691
preemptive halt, cache_misses = 146691
preemptive halt, cache_misses = 146691
preemptive halt, cache_misses = 146691
preemptive halt, cache_misses = 146691
preemptive halt, cache_misses = 146691
preemptive halt, cache_misses = 146691
preemptive halt, cache_misses = 146691
preemptive halt, cache_misses = 146691
preemptive halt, cache_misses = 146691
preemptive halt, cache_misses = 146691
preemptive halt, cache_misses = 146691
binary search, size 58288  misses 146691  min 58287  max 58290
preemptive halt, cache_misses = 146692
preemptive halt, cache_misses = 146692
preemptive halt, cache_misses = 146692
preemptive halt, cache_misses = 146692
preemptive halt, cache_misses = 146692
preemptive halt, cache_misses = 146692
preemptive halt, cache_misses = 146692
preemptive halt, cache_misses = 146692
preemptive halt, cache_misses = 146692
preemptive halt, cache_misses = 146692
preemptive halt, cache_misses = 146692
preemptive halt, cache_misses = 146692
preemptive halt, cache_misses = 146692
preemptive halt, cache_misses = 146692
preemptive halt, cache_misses = 146692
preemptive halt, cache_misses = 146692
preemptive halt, cache_misses = 146692
preemptive halt, cache_misses = 146692
preemptive halt, cache_misses = 146692
preemptive halt, cache_misses = 146692
preemptive halt, cache_misses = 146692
preemptive halt, cache_misses = 146692
preemptive halt, cache_misses = 146692
preemptive halt, cache_misses = 146692
preemptive halt, cache_misses = 146692
preemptive halt, cache_misses = 146692
preemptive halt, cache_misses = 146692
preemptive halt, cache_misses = 146692
preemptive halt, cache_misses = 146692
preemptive halt, cache_misses = 146692
preemptive halt, cache_misses = 146692
preemptive halt, cache_misses = 146692
preemptive halt, cache_misses = 146692
preemptive halt, cache_misses = 146692
preemptive halt, cache_misses = 146692
preemptive halt, cache_misses = 146692
preemptive halt, cache_misses = 146692
preemptive halt, cache_misses = 146692
preemptive halt, cache_misses = 146692
preemptive halt, cache_misses = 146692
preemptive halt, cache_misses = 146692
preemptive halt, cache_misses = 146692
preemptive halt, cache_misses = 146692
preemptive halt, cache_misses = 146692
preemptive halt, cache_misses = 146692
preemptive halt, cache_misses = 146692
preemptive halt, cache_misses = 146692
preemptive halt, cache_misses = 146692
preemptive halt, cache_misses = 146692
preemptive halt, cache_misses = 146692
preemptive halt, cache_misses = 146692
preemptive halt, cache_misses = 146692
preemptive halt, cache_misses = 146692
preemptive halt, cache_misses = 146692
preemptive halt, cache_misses = 146692
preemptive halt, cache_misses = 146692
preemptive halt, cache_misses = 146692
preemptive halt, cache_misses = 146692
preemptive halt, cache_misses = 146692
preemptive halt, cache_misses = 146692
preemptive halt, cache_misses = 146692
preemptive halt, cache_misses = 146692
preemptive halt, cache_misses = 146692
preemptive halt, cache_misses = 146692
preemptive halt, cache_misses = 146692
preemptive halt, cache_misses = 146692
preemptive halt, cache_misses = 146692
preemptive halt, cache_misses = 146692
preemptive halt, cache_misses = 146692
preemptive halt, cache_misses = 146692
preemptive halt, cache_misses = 146692
preemptive halt, cache_misses = 146692
preemptive halt, cache_misses = 146692
preemptive halt, cache_misses = 146692
preemptive halt, cache_misses = 146692
preemptive halt, cache_misses = 146692
preemptive halt, cache_misses = 146692
preemptive halt, cache_misses = 146692
preemptive halt, cache_misses = 146692
preemptive halt, cache_misses = 146692
preemptive halt, cache_misses = 146692
preemptive halt, cache_misses = 146692
preemptive halt, cache_misses = 146692
preemptive halt, cache_misses = 146692
preemptive halt, cache_misses = 146692
preemptive halt, cache_misses = 146692
preemptive halt, cache_misses = 146692
preemptive halt, cache_misses = 146692
preemptive halt, cache_misses = 146692
preemptive halt, cache_misses = 146692
preemptive halt, cache_misses = 146692
preemptive halt, cache_misses = 146692
preemptive halt, cache_misses = 146692
preemptive halt, cache_misses = 146692
preemptive halt, cache_misses = 146692
preemptive halt, cache_misses = 146692
preemptive halt, cache_misses = 146692
preemptive halt, cache_misses = 146692
preemptive halt, cache_misses = 146692
preemptive halt, cache_misses = 146692
preemptive halt, cache_misses = 146692
preemptive halt, cache_misses = 146692
preemptive halt, cache_misses = 146692
preemptive halt, cache_misses = 146692
preemptive halt, cache_misses = 146692
preemptive halt, cache_misses = 146692
preemptive halt, cache_misses = 146692
preemptive halt, cache_misses = 146692
preemptive halt, cache_misses = 146692
preemptive halt, cache_misses = 146692
preemptive halt, cache_misses = 146692
preemptive halt, cache_misses = 146692
preemptive halt, cache_misses = 146692
preemptive halt, cache_misses = 146692
preemptive halt, cache_misses = 146692
preemptive halt, cache_misses = 146692
preemptive halt, cache_misses = 146692
preemptive halt, cache_misses = 146692
preemptive halt, cache_misses = 146692
preemptive halt, cache_misses = 146692
preemptive halt, cache_misses = 146692
preemptive halt, cache_misses = 146692
preemptive halt, cache_misses = 146692
preemptive halt, cache_misses = 146692
preemptive halt, cache_misses = 146692
preemptive halt, cache_misses = 146692
preemptive halt, cache_misses = 146692
preemptive halt, cache_misses = 146692
preemptive halt, cache_misses = 146692
preemptive halt, cache_misses = 146692
preemptive halt, cache_misses = 146692
preemptive halt, cache_misses = 146692
preemptive halt, cache_misses = 146692
preemptive halt, cache_misses = 146692
preemptive halt, cache_misses = 146692
preemptive halt, cache_misses = 146692
preemptive halt, cache_misses = 146692
preemptive halt, cache_misses = 146692
preemptive halt, cache_misses = 146692
preemptive halt, cache_misses = 146692
preemptive halt, cache_misses = 146692
preemptive halt, cache_misses = 146692
preemptive halt, cache_misses = 146692
preemptive halt, cache_misses = 146692
preemptive halt, cache_misses = 146692
preemptive halt, cache_misses = 146692
preemptive halt, cache_misses = 146692
preemptive halt, cache_misses = 146692
preemptive halt, cache_misses = 146692
preemptive halt, cache_misses = 146692
preemptive halt, cache_misses = 146692
preemptive halt, cache_misses = 146692
preemptive halt, cache_misses = 146692
preemptive halt, cache_misses = 146692
preemptive halt, cache_misses = 146692
preemptive halt, cache_misses = 146692
binary search, size 58289  misses 146692  min 58288  max 58290
characteristic cache size (binary search) for 382 = 58290
End at: 2021-04-02 16:01:05.488888
Time elapsed: 0:00:02.736389
