Begin at: 2021-04-02 15:58:26.191389
['../dist/Debug/GNU-Linux/memo_batch_tester', '', '--mbt_execution_trace_fname', 'olcs4_traceback_csize_input_types/OLCS4_lru_2021_04_02__15_55_02_k_3__d_2_cache_size_160000_problems_10_to_400/OLCS4_lru_2021_04_02__15_55_02_k_3__d_2_cache_size_160000_problems_10_to_400/OLCS4__do_traceback_prob_size_311_cache_size_160000_lru_k_3_d_2_execution_trace_2021_4_2_15_58_26_pid_20166.log', '--mbt_cache_misses_fname', 'olcs4_traceback_csize_input_types/OLCS4_lru_2021_04_02__15_55_02_k_3__d_2_cache_size_160000_problems_10_to_400/lcs_cost_OLCS4_lru_misses_for_cache_size.csv', '--mbt_misses_for_problem_size_fname', 'olcs4_traceback_csize_input_types/OLCS4_lru_2021_04_02__15_55_02_k_3__d_2_cache_size_160000_problems_10_to_400/lcs_cost_OLCS4_lru_misses_for_problem_size.csv', '--mbt_exact_cutoff_min_cache_size', '160000', '--mbt_exact_cutoff_max_cache_size', '160000', '--mbt_problem_type', 'lcs', '--mbt_metric_type', 'csize_binary_search', '--mbt_cutoff_ratio', '2.2', '--mbt_instance_fname', '311', '--mbt_detailed_cache_misses_out_fname', 'csize_olcs4_traceback_0011n_ceil_n_b_5.csv', '--mbt_phi_N', '5.0', '--mbt_problem_size', '311', '--lcs_compute_length', '0', '--lcs_perform_traceback', '1', '--lig_instance_type', '0011n_ceil_n_b', '--lig_n', '311', '--lig_c', '0.9', '--lig_b', '5.0', '--lcs_oblivious', '4', '--lcs_execution_trace_fname', 'olcs4_traceback_csize_input_types/OLCS4_lru_2021_04_02__15_55_02_k_3__d_2_cache_size_160000_problems_10_to_400/OLCS4_lru_2021_04_02__15_55_02_k_3__d_2_cache_size_160000_problems_10_to_400/OLCS4__do_traceback_prob_size_311_cache_size_160000_lru_k_3_d_2_execution_trace_2021_4_2_15_58_26_pid_20166.log', '--memo_caching_strategy', 'lru', '--memo_cache_size', '160001', '--memo_lru_queue_size', '160000', '--memo_cuckoo_k', '4', '--memo_key_length', '8', '--memo_value_length', '8', '--memo_k_timestamps', '3', '--memo_d_recent_timestamps', '2', '--memo_a_items_per_timestamp_factor', '0.4375']

csize_binary_search chosen
lcs problem_type lcs cache_size 160001
initialize_long_int_cache begin
init_memo
arguments to memo:
 --mbt_execution_trace_fname olcs4_traceback_csize_input_types/OLCS4_lru_2021_04_02__15_55_02_k_3__d_2_cache_size_160000_problems_10_to_400/OLCS4_lru_2021_04_02__15_55_02_k_3__d_2_cache_size_160000_problems_10_to_400/OLCS4__do_traceback_prob_size_311_cache_size_160000_lru_k_3_d_2_execution_trace_2021_4_2_15_58_26_pid_20166.log --mbt_cache_misses_fname olcs4_traceback_csize_input_types/OLCS4_lru_2021_04_02__15_55_02_k_3__d_2_cache_size_160000_problems_10_to_400/lcs_cost_OLCS4_lru_misses_for_cache_size.csv --mbt_misses_for_problem_size_fname olcs4_traceback_csize_input_types/OLCS4_lru_2021_04_02__15_55_02_k_3__d_2_cache_size_160000_problems_10_to_400/lcs_cost_OLCS4_lru_misses_for_problem_size.csv --mbt_exact_cutoff_min_cache_size 160000 --mbt_exact_cutoff_max_cache_size 160000 --mbt_problem_type lcs --mbt_metric_type csize_binary_search --mbt_cutoff_ratio 2.2 --mbt_instance_fname 311 --mbt_detailed_cache_misses_out_fname csize_olcs4_traceback_0011n_ceil_n_b_5.csv --mbt_phi_N 5.0 --mbt_problem_size 311 --lcs_compute_length 0 --lcs_perform_traceback 1 --lig_instance_type 0011n_ceil_n_b --lig_n 311 --lig_c 0.9 --lig_b 5.0 --lcs_oblivious 4 --lcs_execution_trace_fname olcs4_traceback_csize_input_types/OLCS4_lru_2021_04_02__15_55_02_k_3__d_2_cache_size_160000_problems_10_to_400/OLCS4_lru_2021_04_02__15_55_02_k_3__d_2_cache_size_160000_problems_10_to_400/OLCS4__do_traceback_prob_size_311_cache_size_160000_lru_k_3_d_2_execution_trace_2021_4_2_15_58_26_pid_20166.log --memo_caching_strategy lru --memo_cache_size 160001 --memo_lru_queue_size 160000 --memo_cuckoo_k 4 --memo_key_length 8 --memo_value_length 8 --memo_k_timestamps 3 --memo_d_recent_timestamps 2 --memo_a_items_per_timestamp_factor 0.4375 
calculate_table_size: table_size is 262144, original is 160001
Finished initializing cache
initialize_long_int_cache end
done initializing cache
initializing problem
done initializing problem
commence trials
Starting characteristic_cache_size_binary_search with max cache size 160001
binary search, size 160001  misses 97343
binary search, size 80000  misses 97343  min 0  max 160001
binary search, size 40000  misses 97343  min 0  max 80000
preemptive halt, cache_misses = 97344
preemptive halt, cache_misses = 97344
preemptive halt, cache_misses = 97344
preemptive halt, cache_misses = 97344
preemptive halt, cache_misses = 97344
preemptive halt, cache_misses = 97344
preemptive halt, cache_misses = 97344
preemptive halt, cache_misses = 97344
preemptive halt, cache_misses = 97344
preemptive halt, cache_misses = 97344
preemptive halt, cache_misses = 97344
preemptive halt, cache_misses = 97344
preemptive halt, cache_misses = 97344
preemptive halt, cache_misses = 97344
preemptive halt, cache_misses = 97344
preemptive halt, cache_misses = 97344
preemptive halt, cache_misses = 97344
preemptive halt, cache_misses = 97344
preemptive halt, cache_misses = 97344
preemptive halt, cache_misses = 97344
preemptive halt, cache_misses = 97344
preemptive halt, cache_misses = 97344
preemptive halt, cache_misses = 97344
preemptive halt, cache_misses = 97344
preemptive halt, cache_misses = 97344
preemptive halt, cache_misses = 97344
preemptive halt, cache_misses = 97344
preemptive halt, cache_misses = 97344
preemptive halt, cache_misses = 97344
preemptive halt, cache_misses = 97344
preemptive halt, cache_misses = 97344
preemptive halt, cache_misses = 97344
preemptive halt, cache_misses = 97344
preemptive halt, cache_misses = 97344
preemptive halt, cache_misses = 97344
preemptive halt, cache_misses = 97344
preemptive halt, cache_misses = 97344
preemptive halt, cache_misses = 97344
preemptive halt, cache_misses = 97344
preemptive halt, cache_misses = 97344
preemptive halt, cache_misses = 97344
preemptive halt, cache_misses = 97344
preemptive halt, cache_misses = 97344
preemptive halt, cache_misses = 97344
preemptive halt, cache_misses = 97344
preemptive halt, cache_misses = 97344
preemptive halt, cache_misses = 97344
preemptive halt, cache_misses = 97344
preemptive halt, cache_misses = 97344
preemptive halt, cache_misses = 97344
preemptive halt, cache_misses = 97344
preemptive halt, cache_misses = 97344
preemptive halt, cache_misses = 97344
preemptive halt, cache_misses = 97344
preemptive halt, cache_misses = 97344
preemptive halt, cache_misses = 97344
preemptive halt, cache_misses = 97344
preemptive halt, cache_misses = 97344
preemptive halt, cache_misses = 97344
preemptive halt, cache_misses = 97344
preemptive halt, cache_misses = 97344
preemptive halt, cache_misses = 97344
preemptive halt, cache_misses = 97344
preemptive halt, cache_misses = 97344
preemptive halt, cache_misses = 97344
preemptive halt, cache_misses = 97344
preemptive halt, cache_misses = 97344
preemptive halt, cache_misses = 97344
preemptive halt, cache_misses = 97344
preemptive halt, cache_misses = 97344
preemptive halt, cache_misses = 97344
preemptive halt, cache_misses = 97344
preemptive halt, cache_misses = 97344
preemptive halt, cache_misses = 97344
preemptive halt, cache_misses = 97344
preemptive halt, cache_misses = 97344
preemptive halt, cache_misses = 97344
preemptive halt, cache_misses = 97344
preemptive halt, cache_misses = 97344
preemptive halt, cache_misses = 97344
preemptive halt, cache_misses = 97344
preemptive halt, cache_misses = 97344
preemptive halt, cache_misses = 97344
preemptive halt, cache_misses = 97344
preemptive halt, cache_misses = 97344
preemptive halt, cache_misses = 97344
preemptive halt, cache_misses = 97344
preemptive halt, cache_misses = 97344
preemptive halt, cache_misses = 97344
preemptive halt, cache_misses = 97344
preemptive halt, cache_misses = 97344
preemptive halt, cache_misses = 97344
preemptive halt, cache_misses = 97344
preemptive halt, cache_misses = 97344
preemptive halt, cache_misses = 97344
preemptive halt, cache_misses = 97344
preemptive halt, cache_misses = 97344
preemptive halt, cache_misses = 97344
preemptive halt, cache_misses = 97344
preemptive halt, cache_misses = 97344
preemptive halt, cache_misses = 97344
preemptive halt, cache_misses = 97344
preemptive halt, cache_misses = 97344
preemptive halt, cache_misses = 97344
preemptive halt, cache_misses = 97344
preemptive halt, cache_misses = 97344
preemptive halt, cache_misses = 97344
preemptive halt, cache_misses = 97344
preemptive halt, cache_misses = 97344
preemptive halt, cache_misses = 97344
preemptive halt, cache_misses = 97344
preemptive halt, cache_misses = 97344
preemptive halt, cache_misses = 97344
preemptive halt, cache_misses = 97344
preemptive halt, cache_misses = 97344
preemptive halt, cache_misses = 97344
preemptive halt, cache_misses = 97344
preemptive halt, cache_misses = 97344
preemptive halt, cache_misses = 97344
preemptive halt, cache_misses = 97344
binary search, size 20000  misses 97344  min 0  max 40000
preemptive halt, cache_misses = 97345
preemptive halt, cache_misses = 97345
preemptive halt, cache_misses = 97345
preemptive halt, cache_misses = 97345
preemptive halt, cache_misses = 97345
preemptive halt, cache_misses = 97345
preemptive halt, cache_misses = 97345
preemptive halt, cache_misses = 97345
preemptive halt, cache_misses = 97345
preemptive halt, cache_misses = 97345
preemptive halt, cache_misses = 97345
preemptive halt, cache_misses = 97345
preemptive halt, cache_misses = 97345
preemptive halt, cache_misses = 97345
preemptive halt, cache_misses = 97345
preemptive halt, cache_misses = 97345
preemptive halt, cache_misses = 97345
preemptive halt, cache_misses = 97345
preemptive halt, cache_misses = 97345
preemptive halt, cache_misses = 97345
preemptive halt, cache_misses = 97345
preemptive halt, cache_misses = 97345
preemptive halt, cache_misses = 97345
preemptive halt, cache_misses = 97345
preemptive halt, cache_misses = 97345
preemptive halt, cache_misses = 97345
preemptive halt, cache_misses = 97345
preemptive halt, cache_misses = 97345
preemptive halt, cache_misses = 97345
preemptive halt, cache_misses = 97345
preemptive halt, cache_misses = 97345
preemptive halt, cache_misses = 97345
preemptive halt, cache_misses = 97345
preemptive halt, cache_misses = 97345
preemptive halt, cache_misses = 97345
preemptive halt, cache_misses = 97345
preemptive halt, cache_misses = 97345
preemptive halt, cache_misses = 97345
preemptive halt, cache_misses = 97345
preemptive halt, cache_misses = 97345
preemptive halt, cache_misses = 97345
preemptive halt, cache_misses = 97345
preemptive halt, cache_misses = 97345
preemptive halt, cache_misses = 97345
preemptive halt, cache_misses = 97345
preemptive halt, cache_misses = 97345
preemptive halt, cache_misses = 97345
preemptive halt, cache_misses = 97345
preemptive halt, cache_misses = 97345
preemptive halt, cache_misses = 97345
preemptive halt, cache_misses = 97345
preemptive halt, cache_misses = 97345
preemptive halt, cache_misses = 97345
preemptive halt, cache_misses = 97345
preemptive halt, cache_misses = 97345
preemptive halt, cache_misses = 97345
preemptive halt, cache_misses = 97345
preemptive halt, cache_misses = 97345
preemptive halt, cache_misses = 97345
preemptive halt, cache_misses = 97345
preemptive halt, cache_misses = 97345
preemptive halt, cache_misses = 97345
preemptive halt, cache_misses = 97345
preemptive halt, cache_misses = 97345
preemptive halt, cache_misses = 97345
preemptive halt, cache_misses = 97345
preemptive halt, cache_misses = 97345
preemptive halt, cache_misses = 97345
preemptive halt, cache_misses = 97345
preemptive halt, cache_misses = 97345
preemptive halt, cache_misses = 97345
preemptive halt, cache_misses = 97345
preemptive halt, cache_misses = 97345
preemptive halt, cache_misses = 97345
preemptive halt, cache_misses = 97345
preemptive halt, cache_misses = 97345
preemptive halt, cache_misses = 97345
preemptive halt, cache_misses = 97345
preemptive halt, cache_misses = 97345
preemptive halt, cache_misses = 97345
preemptive halt, cache_misses = 97345
preemptive halt, cache_misses = 97345
preemptive halt, cache_misses = 97345
preemptive halt, cache_misses = 97345
preemptive halt, cache_misses = 97345
preemptive halt, cache_misses = 97345
preemptive halt, cache_misses = 97345
preemptive halt, cache_misses = 97345
preemptive halt, cache_misses = 97345
preemptive halt, cache_misses = 97345
preemptive halt, cache_misses = 97345
preemptive halt, cache_misses = 97345
preemptive halt, cache_misses = 97345
preemptive halt, cache_misses = 97345
preemptive halt, cache_misses = 97345
preemptive halt, cache_misses = 97345
preemptive halt, cache_misses = 97345
preemptive halt, cache_misses = 97345
preemptive halt, cache_misses = 97345
preemptive halt, cache_misses = 97345
preemptive halt, cache_misses = 97345
preemptive halt, cache_misses = 97345
preemptive halt, cache_misses = 97345
preemptive halt, cache_misses = 97345
preemptive halt, cache_misses = 97345
preemptive halt, cache_misses = 97345
preemptive halt, cache_misses = 97345
preemptive halt, cache_misses = 97345
preemptive halt, cache_misses = 97345
preemptive halt, cache_misses = 97345
preemptive halt, cache_misses = 97345
preemptive halt, cache_misses = 97345
preemptive halt, cache_misses = 97345
preemptive halt, cache_misses = 97345
preemptive halt, cache_misses = 97345
preemptive halt, cache_misses = 97345
preemptive halt, cache_misses = 97345
preemptive halt, cache_misses = 97345
preemptive halt, cache_misses = 97345
preemptive halt, cache_misses = 97345
preemptive halt, cache_misses = 97345
preemptive halt, cache_misses = 97345
binary search, size 30000  misses 97345  min 20000  max 40000
preemptive halt, cache_misses = 97346
preemptive halt, cache_misses = 97346
preemptive halt, cache_misses = 97346
preemptive halt, cache_misses = 97346
preemptive halt, cache_misses = 97346
preemptive halt, cache_misses = 97346
preemptive halt, cache_misses = 97346
preemptive halt, cache_misses = 97346
preemptive halt, cache_misses = 97346
preemptive halt, cache_misses = 97346
preemptive halt, cache_misses = 97346
preemptive halt, cache_misses = 97346
preemptive halt, cache_misses = 97346
preemptive halt, cache_misses = 97346
preemptive halt, cache_misses = 97346
preemptive halt, cache_misses = 97346
preemptive halt, cache_misses = 97346
preemptive halt, cache_misses = 97346
preemptive halt, cache_misses = 97346
preemptive halt, cache_misses = 97346
preemptive halt, cache_misses = 97346
preemptive halt, cache_misses = 97346
preemptive halt, cache_misses = 97346
preemptive halt, cache_misses = 97346
preemptive halt, cache_misses = 97346
preemptive halt, cache_misses = 97346
preemptive halt, cache_misses = 97346
preemptive halt, cache_misses = 97346
preemptive halt, cache_misses = 97346
preemptive halt, cache_misses = 97346
preemptive halt, cache_misses = 97346
preemptive halt, cache_misses = 97346
preemptive halt, cache_misses = 97346
preemptive halt, cache_misses = 97346
preemptive halt, cache_misses = 97346
preemptive halt, cache_misses = 97346
preemptive halt, cache_misses = 97346
preemptive halt, cache_misses = 97346
preemptive halt, cache_misses = 97346
preemptive halt, cache_misses = 97346
preemptive halt, cache_misses = 97346
preemptive halt, cache_misses = 97346
preemptive halt, cache_misses = 97346
preemptive halt, cache_misses = 97346
preemptive halt, cache_misses = 97346
preemptive halt, cache_misses = 97346
preemptive halt, cache_misses = 97346
preemptive halt, cache_misses = 97346
preemptive halt, cache_misses = 97346
preemptive halt, cache_misses = 97346
preemptive halt, cache_misses = 97346
preemptive halt, cache_misses = 97346
preemptive halt, cache_misses = 97346
preemptive halt, cache_misses = 97346
preemptive halt, cache_misses = 97346
preemptive halt, cache_misses = 97346
preemptive halt, cache_misses = 97346
preemptive halt, cache_misses = 97346
preemptive halt, cache_misses = 97346
preemptive halt, cache_misses = 97346
preemptive halt, cache_misses = 97346
preemptive halt, cache_misses = 97346
preemptive halt, cache_misses = 97346
preemptive halt, cache_misses = 97346
preemptive halt, cache_misses = 97346
preemptive halt, cache_misses = 97346
preemptive halt, cache_misses = 97346
preemptive halt, cache_misses = 97346
preemptive halt, cache_misses = 97346
preemptive halt, cache_misses = 97346
preemptive halt, cache_misses = 97346
preemptive halt, cache_misses = 97346
preemptive halt, cache_misses = 97346
preemptive halt, cache_misses = 97346
preemptive halt, cache_misses = 97346
preemptive halt, cache_misses = 97346
preemptive halt, cache_misses = 97346
preemptive halt, cache_misses = 97346
preemptive halt, cache_misses = 97346
preemptive halt, cache_misses = 97346
preemptive halt, cache_misses = 97346
preemptive halt, cache_misses = 97346
preemptive halt, cache_misses = 97346
preemptive halt, cache_misses = 97346
preemptive halt, cache_misses = 97346
preemptive halt, cache_misses = 97346
preemptive halt, cache_misses = 97346
preemptive halt, cache_misses = 97346
preemptive halt, cache_misses = 97346
preemptive halt, cache_misses = 97346
preemptive halt, cache_misses = 97346
preemptive halt, cache_misses = 97346
preemptive halt, cache_misses = 97346
preemptive halt, cache_misses = 97346
preemptive halt, cache_misses = 97346
preemptive halt, cache_misses = 97346
preemptive halt, cache_misses = 97346
preemptive halt, cache_misses = 97346
preemptive halt, cache_misses = 97346
preemptive halt, cache_misses = 97346
preemptive halt, cache_misses = 97346
preemptive halt, cache_misses = 97346
preemptive halt, cache_misses = 97346
preemptive halt, cache_misses = 97346
preemptive halt, cache_misses = 97346
preemptive halt, cache_misses = 97346
preemptive halt, cache_misses = 97346
preemptive halt, cache_misses = 97346
preemptive halt, cache_misses = 97346
preemptive halt, cache_misses = 97346
preemptive halt, cache_misses = 97346
preemptive halt, cache_misses = 97346
preemptive halt, cache_misses = 97346
preemptive halt, cache_misses = 97346
preemptive halt, cache_misses = 97346
preemptive halt, cache_misses = 97346
preemptive halt, cache_misses = 97346
preemptive halt, cache_misses = 97346
preemptive halt, cache_misses = 97346
preemptive halt, cache_misses = 97346
preemptive halt, cache_misses = 97346
preemptive halt, cache_misses = 97346
preemptive halt, cache_misses = 97346
preemptive halt, cache_misses = 97346
binary search, size 35000  misses 97346  min 30000  max 40000
preemptive halt, cache_misses = 97347
preemptive halt, cache_misses = 97347
preemptive halt, cache_misses = 97347
preemptive halt, cache_misses = 97347
preemptive halt, cache_misses = 97347
preemptive halt, cache_misses = 97347
preemptive halt, cache_misses = 97347
preemptive halt, cache_misses = 97347
preemptive halt, cache_misses = 97347
preemptive halt, cache_misses = 97347
preemptive halt, cache_misses = 97347
preemptive halt, cache_misses = 97347
preemptive halt, cache_misses = 97347
preemptive halt, cache_misses = 97347
preemptive halt, cache_misses = 97347
preemptive halt, cache_misses = 97347
preemptive halt, cache_misses = 97347
preemptive halt, cache_misses = 97347
preemptive halt, cache_misses = 97347
preemptive halt, cache_misses = 97347
preemptive halt, cache_misses = 97347
preemptive halt, cache_misses = 97347
preemptive halt, cache_misses = 97347
preemptive halt, cache_misses = 97347
preemptive halt, cache_misses = 97347
preemptive halt, cache_misses = 97347
preemptive halt, cache_misses = 97347
preemptive halt, cache_misses = 97347
preemptive halt, cache_misses = 97347
preemptive halt, cache_misses = 97347
preemptive halt, cache_misses = 97347
preemptive halt, cache_misses = 97347
preemptive halt, cache_misses = 97347
preemptive halt, cache_misses = 97347
preemptive halt, cache_misses = 97347
preemptive halt, cache_misses = 97347
preemptive halt, cache_misses = 97347
preemptive halt, cache_misses = 97347
preemptive halt, cache_misses = 97347
preemptive halt, cache_misses = 97347
preemptive halt, cache_misses = 97347
preemptive halt, cache_misses = 97347
preemptive halt, cache_misses = 97347
preemptive halt, cache_misses = 97347
preemptive halt, cache_misses = 97347
preemptive halt, cache_misses = 97347
preemptive halt, cache_misses = 97347
preemptive halt, cache_misses = 97347
preemptive halt, cache_misses = 97347
preemptive halt, cache_misses = 97347
preemptive halt, cache_misses = 97347
preemptive halt, cache_misses = 97347
preemptive halt, cache_misses = 97347
preemptive halt, cache_misses = 97347
preemptive halt, cache_misses = 97347
preemptive halt, cache_misses = 97347
preemptive halt, cache_misses = 97347
preemptive halt, cache_misses = 97347
preemptive halt, cache_misses = 97347
preemptive halt, cache_misses = 97347
preemptive halt, cache_misses = 97347
preemptive halt, cache_misses = 97347
preemptive halt, cache_misses = 97347
preemptive halt, cache_misses = 97347
preemptive halt, cache_misses = 97347
preemptive halt, cache_misses = 97347
preemptive halt, cache_misses = 97347
preemptive halt, cache_misses = 97347
preemptive halt, cache_misses = 97347
preemptive halt, cache_misses = 97347
preemptive halt, cache_misses = 97347
preemptive halt, cache_misses = 97347
preemptive halt, cache_misses = 97347
preemptive halt, cache_misses = 97347
preemptive halt, cache_misses = 97347
preemptive halt, cache_misses = 97347
preemptive halt, cache_misses = 97347
preemptive halt, cache_misses = 97347
preemptive halt, cache_misses = 97347
preemptive halt, cache_misses = 97347
preemptive halt, cache_misses = 97347
preemptive halt, cache_misses = 97347
preemptive halt, cache_misses = 97347
preemptive halt, cache_misses = 97347
preemptive halt, cache_misses = 97347
preemptive halt, cache_misses = 97347
preemptive halt, cache_misses = 97347
preemptive halt, cache_misses = 97347
preemptive halt, cache_misses = 97347
preemptive halt, cache_misses = 97347
preemptive halt, cache_misses = 97347
preemptive halt, cache_misses = 97347
preemptive halt, cache_misses = 97347
preemptive halt, cache_misses = 97347
preemptive halt, cache_misses = 97347
preemptive halt, cache_misses = 97347
preemptive halt, cache_misses = 97347
preemptive halt, cache_misses = 97347
preemptive halt, cache_misses = 97347
preemptive halt, cache_misses = 97347
preemptive halt, cache_misses = 97347
preemptive halt, cache_misses = 97347
preemptive halt, cache_misses = 97347
preemptive halt, cache_misses = 97347
preemptive halt, cache_misses = 97347
preemptive halt, cache_misses = 97347
preemptive halt, cache_misses = 97347
preemptive halt, cache_misses = 97347
preemptive halt, cache_misses = 97347
preemptive halt, cache_misses = 97347
preemptive halt, cache_misses = 97347
preemptive halt, cache_misses = 97347
preemptive halt, cache_misses = 97347
preemptive halt, cache_misses = 97347
preemptive halt, cache_misses = 97347
preemptive halt, cache_misses = 97347
preemptive halt, cache_misses = 97347
preemptive halt, cache_misses = 97347
preemptive halt, cache_misses = 97347
preemptive halt, cache_misses = 97347
preemptive halt, cache_misses = 97347
preemptive halt, cache_misses = 97347
preemptive halt, cache_misses = 97347
preemptive halt, cache_misses = 97347
preemptive halt, cache_misses = 97347
preemptive halt, cache_misses = 97347
binary search, size 37500  misses 97347  min 35000  max 40000
binary search, size 38750  misses 97343  min 37500  max 40000
preemptive halt, cache_misses = 97344
preemptive halt, cache_misses = 97344
preemptive halt, cache_misses = 97344
preemptive halt, cache_misses = 97344
preemptive halt, cache_misses = 97344
preemptive halt, cache_misses = 97344
preemptive halt, cache_misses = 97344
preemptive halt, cache_misses = 97344
preemptive halt, cache_misses = 97344
preemptive halt, cache_misses = 97344
preemptive halt, cache_misses = 97344
preemptive halt, cache_misses = 97344
preemptive halt, cache_misses = 97344
preemptive halt, cache_misses = 97344
preemptive halt, cache_misses = 97344
preemptive halt, cache_misses = 97344
preemptive halt, cache_misses = 97344
preemptive halt, cache_misses = 97344
preemptive halt, cache_misses = 97344
preemptive halt, cache_misses = 97344
preemptive halt, cache_misses = 97344
preemptive halt, cache_misses = 97344
preemptive halt, cache_misses = 97344
preemptive halt, cache_misses = 97344
preemptive halt, cache_misses = 97344
preemptive halt, cache_misses = 97344
preemptive halt, cache_misses = 97344
preemptive halt, cache_misses = 97344
preemptive halt, cache_misses = 97344
preemptive halt, cache_misses = 97344
preemptive halt, cache_misses = 97344
preemptive halt, cache_misses = 97344
preemptive halt, cache_misses = 97344
preemptive halt, cache_misses = 97344
preemptive halt, cache_misses = 97344
preemptive halt, cache_misses = 97344
preemptive halt, cache_misses = 97344
preemptive halt, cache_misses = 97344
preemptive halt, cache_misses = 97344
preemptive halt, cache_misses = 97344
preemptive halt, cache_misses = 97344
preemptive halt, cache_misses = 97344
preemptive halt, cache_misses = 97344
preemptive halt, cache_misses = 97344
preemptive halt, cache_misses = 97344
preemptive halt, cache_misses = 97344
preemptive halt, cache_misses = 97344
preemptive halt, cache_misses = 97344
preemptive halt, cache_misses = 97344
preemptive halt, cache_misses = 97344
preemptive halt, cache_misses = 97344
preemptive halt, cache_misses = 97344
preemptive halt, cache_misses = 97344
preemptive halt, cache_misses = 97344
preemptive halt, cache_misses = 97344
preemptive halt, cache_misses = 97344
preemptive halt, cache_misses = 97344
preemptive halt, cache_misses = 97344
preemptive halt, cache_misses = 97344
preemptive halt, cache_misses = 97344
preemptive halt, cache_misses = 97344
preemptive halt, cache_misses = 97344
preemptive halt, cache_misses = 97344
preemptive halt, cache_misses = 97344
preemptive halt, cache_misses = 97344
preemptive halt, cache_misses = 97344
preemptive halt, cache_misses = 97344
preemptive halt, cache_misses = 97344
preemptive halt, cache_misses = 97344
preemptive halt, cache_misses = 97344
preemptive halt, cache_misses = 97344
preemptive halt, cache_misses = 97344
preemptive halt, cache_misses = 97344
preemptive halt, cache_misses = 97344
preemptive halt, cache_misses = 97344
preemptive halt, cache_misses = 97344
preemptive halt, cache_misses = 97344
preemptive halt, cache_misses = 97344
preemptive halt, cache_misses = 97344
preemptive halt, cache_misses = 97344
preemptive halt, cache_misses = 97344
preemptive halt, cache_misses = 97344
preemptive halt, cache_misses = 97344
preemptive halt, cache_misses = 97344
preemptive halt, cache_misses = 97344
preemptive halt, cache_misses = 97344
preemptive halt, cache_misses = 97344
preemptive halt, cache_misses = 97344
preemptive halt, cache_misses = 97344
preemptive halt, cache_misses = 97344
preemptive halt, cache_misses = 97344
preemptive halt, cache_misses = 97344
preemptive halt, cache_misses = 97344
preemptive halt, cache_misses = 97344
preemptive halt, cache_misses = 97344
preemptive halt, cache_misses = 97344
preemptive halt, cache_misses = 97344
preemptive halt, cache_misses = 97344
preemptive halt, cache_misses = 97344
preemptive halt, cache_misses = 97344
preemptive halt, cache_misses = 97344
preemptive halt, cache_misses = 97344
preemptive halt, cache_misses = 97344
preemptive halt, cache_misses = 97344
preemptive halt, cache_misses = 97344
preemptive halt, cache_misses = 97344
preemptive halt, cache_misses = 97344
preemptive halt, cache_misses = 97344
preemptive halt, cache_misses = 97344
preemptive halt, cache_misses = 97344
preemptive halt, cache_misses = 97344
preemptive halt, cache_misses = 97344
preemptive halt, cache_misses = 97344
preemptive halt, cache_misses = 97344
preemptive halt, cache_misses = 97344
preemptive halt, cache_misses = 97344
preemptive halt, cache_misses = 97344
preemptive halt, cache_misses = 97344
preemptive halt, cache_misses = 97344
preemptive halt, cache_misses = 97344
binary search, size 38125  misses 97344  min 37500  max 38750
binary search, size 38437  misses 97343  min 38125  max 38750
preemptive halt, cache_misses = 97344
preemptive halt, cache_misses = 97344
preemptive halt, cache_misses = 97344
preemptive halt, cache_misses = 97344
preemptive halt, cache_misses = 97344
preemptive halt, cache_misses = 97344
preemptive halt, cache_misses = 97344
preemptive halt, cache_misses = 97344
preemptive halt, cache_misses = 97344
preemptive halt, cache_misses = 97344
preemptive halt, cache_misses = 97344
preemptive halt, cache_misses = 97344
preemptive halt, cache_misses = 97344
preemptive halt, cache_misses = 97344
preemptive halt, cache_misses = 97344
preemptive halt, cache_misses = 97344
preemptive halt, cache_misses = 97344
preemptive halt, cache_misses = 97344
preemptive halt, cache_misses = 97344
preemptive halt, cache_misses = 97344
preemptive halt, cache_misses = 97344
preemptive halt, cache_misses = 97344
preemptive halt, cache_misses = 97344
preemptive halt, cache_misses = 97344
preemptive halt, cache_misses = 97344
preemptive halt, cache_misses = 97344
preemptive halt, cache_misses = 97344
preemptive halt, cache_misses = 97344
preemptive halt, cache_misses = 97344
preemptive halt, cache_misses = 97344
preemptive halt, cache_misses = 97344
preemptive halt, cache_misses = 97344
preemptive halt, cache_misses = 97344
preemptive halt, cache_misses = 97344
preemptive halt, cache_misses = 97344
preemptive halt, cache_misses = 97344
preemptive halt, cache_misses = 97344
preemptive halt, cache_misses = 97344
preemptive halt, cache_misses = 97344
preemptive halt, cache_misses = 97344
preemptive halt, cache_misses = 97344
preemptive halt, cache_misses = 97344
preemptive halt, cache_misses = 97344
preemptive halt, cache_misses = 97344
preemptive halt, cache_misses = 97344
preemptive halt, cache_misses = 97344
preemptive halt, cache_misses = 97344
preemptive halt, cache_misses = 97344
preemptive halt, cache_misses = 97344
preemptive halt, cache_misses = 97344
preemptive halt, cache_misses = 97344
preemptive halt, cache_misses = 97344
preemptive halt, cache_misses = 97344
preemptive halt, cache_misses = 97344
preemptive halt, cache_misses = 97344
preemptive halt, cache_misses = 97344
preemptive halt, cache_misses = 97344
preemptive halt, cache_misses = 97344
preemptive halt, cache_misses = 97344
preemptive halt, cache_misses = 97344
preemptive halt, cache_misses = 97344
preemptive halt, cache_misses = 97344
preemptive halt, cache_misses = 97344
preemptive halt, cache_misses = 97344
preemptive halt, cache_misses = 97344
preemptive halt, cache_misses = 97344
preemptive halt, cache_misses = 97344
preemptive halt, cache_misses = 97344
preemptive halt, cache_misses = 97344
preemptive halt, cache_misses = 97344
preemptive halt, cache_misses = 97344
preemptive halt, cache_misses = 97344
preemptive halt, cache_misses = 97344
preemptive halt, cache_misses = 97344
preemptive halt, cache_misses = 97344
preemptive halt, cache_misses = 97344
preemptive halt, cache_misses = 97344
preemptive halt, cache_misses = 97344
preemptive halt, cache_misses = 97344
preemptive halt, cache_misses = 97344
preemptive halt, cache_misses = 97344
preemptive halt, cache_misses = 97344
preemptive halt, cache_misses = 97344
preemptive halt, cache_misses = 97344
preemptive halt, cache_misses = 97344
preemptive halt, cache_misses = 97344
preemptive halt, cache_misses = 97344
preemptive halt, cache_misses = 97344
preemptive halt, cache_misses = 97344
preemptive halt, cache_misses = 97344
preemptive halt, cache_misses = 97344
preemptive halt, cache_misses = 97344
preemptive halt, cache_misses = 97344
preemptive halt, cache_misses = 97344
preemptive halt, cache_misses = 97344
preemptive halt, cache_misses = 97344
preemptive halt, cache_misses = 97344
preemptive halt, cache_misses = 97344
preemptive halt, cache_misses = 97344
preemptive halt, cache_misses = 97344
preemptive halt, cache_misses = 97344
preemptive halt, cache_misses = 97344
preemptive halt, cache_misses = 97344
preemptive halt, cache_misses = 97344
preemptive halt, cache_misses = 97344
preemptive halt, cache_misses = 97344
preemptive halt, cache_misses = 97344
preemptive halt, cache_misses = 97344
preemptive halt, cache_misses = 97344
preemptive halt, cache_misses = 97344
preemptive halt, cache_misses = 97344
preemptive halt, cache_misses = 97344
preemptive halt, cache_misses = 97344
preemptive halt, cache_misses = 97344
preemptive halt, cache_misses = 97344
preemptive halt, cache_misses = 97344
preemptive halt, cache_misses = 97344
preemptive halt, cache_misses = 97344
preemptive halt, cache_misses = 97344
preemptive halt, cache_misses = 97344
binary search, size 38281  misses 97344  min 38125  max 38437
preemptive halt, cache_misses = 97345
preemptive halt, cache_misses = 97345
preemptive halt, cache_misses = 97345
preemptive halt, cache_misses = 97345
preemptive halt, cache_misses = 97345
preemptive halt, cache_misses = 97345
preemptive halt, cache_misses = 97345
preemptive halt, cache_misses = 97345
preemptive halt, cache_misses = 97345
preemptive halt, cache_misses = 97345
preemptive halt, cache_misses = 97345
preemptive halt, cache_misses = 97345
preemptive halt, cache_misses = 97345
preemptive halt, cache_misses = 97345
preemptive halt, cache_misses = 97345
preemptive halt, cache_misses = 97345
preemptive halt, cache_misses = 97345
preemptive halt, cache_misses = 97345
preemptive halt, cache_misses = 97345
preemptive halt, cache_misses = 97345
preemptive halt, cache_misses = 97345
preemptive halt, cache_misses = 97345
preemptive halt, cache_misses = 97345
preemptive halt, cache_misses = 97345
preemptive halt, cache_misses = 97345
preemptive halt, cache_misses = 97345
preemptive halt, cache_misses = 97345
preemptive halt, cache_misses = 97345
preemptive halt, cache_misses = 97345
preemptive halt, cache_misses = 97345
preemptive halt, cache_misses = 97345
preemptive halt, cache_misses = 97345
preemptive halt, cache_misses = 97345
preemptive halt, cache_misses = 97345
preemptive halt, cache_misses = 97345
preemptive halt, cache_misses = 97345
preemptive halt, cache_misses = 97345
preemptive halt, cache_misses = 97345
preemptive halt, cache_misses = 97345
preemptive halt, cache_misses = 97345
preemptive halt, cache_misses = 97345
preemptive halt, cache_misses = 97345
preemptive halt, cache_misses = 97345
preemptive halt, cache_misses = 97345
preemptive halt, cache_misses = 97345
preemptive halt, cache_misses = 97345
preemptive halt, cache_misses = 97345
preemptive halt, cache_misses = 97345
preemptive halt, cache_misses = 97345
preemptive halt, cache_misses = 97345
preemptive halt, cache_misses = 97345
preemptive halt, cache_misses = 97345
preemptive halt, cache_misses = 97345
preemptive halt, cache_misses = 97345
preemptive halt, cache_misses = 97345
preemptive halt, cache_misses = 97345
preemptive halt, cache_misses = 97345
preemptive halt, cache_misses = 97345
preemptive halt, cache_misses = 97345
preemptive halt, cache_misses = 97345
preemptive halt, cache_misses = 97345
preemptive halt, cache_misses = 97345
preemptive halt, cache_misses = 97345
preemptive halt, cache_misses = 97345
preemptive halt, cache_misses = 97345
preemptive halt, cache_misses = 97345
preemptive halt, cache_misses = 97345
preemptive halt, cache_misses = 97345
preemptive halt, cache_misses = 97345
preemptive halt, cache_misses = 97345
preemptive halt, cache_misses = 97345
preemptive halt, cache_misses = 97345
preemptive halt, cache_misses = 97345
preemptive halt, cache_misses = 97345
preemptive halt, cache_misses = 97345
preemptive halt, cache_misses = 97345
preemptive halt, cache_misses = 97345
preemptive halt, cache_misses = 97345
preemptive halt, cache_misses = 97345
preemptive halt, cache_misses = 97345
preemptive halt, cache_misses = 97345
preemptive halt, cache_misses = 97345
preemptive halt, cache_misses = 97345
preemptive halt, cache_misses = 97345
preemptive halt, cache_misses = 97345
preemptive halt, cache_misses = 97345
preemptive halt, cache_misses = 97345
preemptive halt, cache_misses = 97345
preemptive halt, cache_misses = 97345
preemptive halt, cache_misses = 97345
preemptive halt, cache_misses = 97345
preemptive halt, cache_misses = 97345
preemptive halt, cache_misses = 97345
preemptive halt, cache_misses = 97345
preemptive halt, cache_misses = 97345
preemptive halt, cache_misses = 97345
preemptive halt, cache_misses = 97345
preemptive halt, cache_misses = 97345
preemptive halt, cache_misses = 97345
preemptive halt, cache_misses = 97345
preemptive halt, cache_misses = 97345
preemptive halt, cache_misses = 97345
preemptive halt, cache_misses = 97345
preemptive halt, cache_misses = 97345
preemptive halt, cache_misses = 97345
preemptive halt, cache_misses = 97345
preemptive halt, cache_misses = 97345
preemptive halt, cache_misses = 97345
preemptive halt, cache_misses = 97345
preemptive halt, cache_misses = 97345
preemptive halt, cache_misses = 97345
preemptive halt, cache_misses = 97345
preemptive halt, cache_misses = 97345
preemptive halt, cache_misses = 97345
preemptive halt, cache_misses = 97345
preemptive halt, cache_misses = 97345
preemptive halt, cache_misses = 97345
preemptive halt, cache_misses = 97345
preemptive halt, cache_misses = 97345
preemptive halt, cache_misses = 97345
preemptive halt, cache_misses = 97345
preemptive halt, cache_misses = 97345
binary search, size 38359  misses 97345  min 38281  max 38437
preemptive halt, cache_misses = 97346
preemptive halt, cache_misses = 97346
preemptive halt, cache_misses = 97346
preemptive halt, cache_misses = 97346
preemptive halt, cache_misses = 97346
preemptive halt, cache_misses = 97346
preemptive halt, cache_misses = 97346
preemptive halt, cache_misses = 97346
preemptive halt, cache_misses = 97346
preemptive halt, cache_misses = 97346
preemptive halt, cache_misses = 97346
preemptive halt, cache_misses = 97346
preemptive halt, cache_misses = 97346
preemptive halt, cache_misses = 97346
preemptive halt, cache_misses = 97346
preemptive halt, cache_misses = 97346
preemptive halt, cache_misses = 97346
preemptive halt, cache_misses = 97346
preemptive halt, cache_misses = 97346
preemptive halt, cache_misses = 97346
preemptive halt, cache_misses = 97346
preemptive halt, cache_misses = 97346
preemptive halt, cache_misses = 97346
preemptive halt, cache_misses = 97346
preemptive halt, cache_misses = 97346
preemptive halt, cache_misses = 97346
preemptive halt, cache_misses = 97346
preemptive halt, cache_misses = 97346
preemptive halt, cache_misses = 97346
preemptive halt, cache_misses = 97346
preemptive halt, cache_misses = 97346
preemptive halt, cache_misses = 97346
preemptive halt, cache_misses = 97346
preemptive halt, cache_misses = 97346
preemptive halt, cache_misses = 97346
preemptive halt, cache_misses = 97346
preemptive halt, cache_misses = 97346
preemptive halt, cache_misses = 97346
preemptive halt, cache_misses = 97346
preemptive halt, cache_misses = 97346
preemptive halt, cache_misses = 97346
preemptive halt, cache_misses = 97346
preemptive halt, cache_misses = 97346
preemptive halt, cache_misses = 97346
preemptive halt, cache_misses = 97346
preemptive halt, cache_misses = 97346
preemptive halt, cache_misses = 97346
preemptive halt, cache_misses = 97346
preemptive halt, cache_misses = 97346
preemptive halt, cache_misses = 97346
preemptive halt, cache_misses = 97346
preemptive halt, cache_misses = 97346
preemptive halt, cache_misses = 97346
preemptive halt, cache_misses = 97346
preemptive halt, cache_misses = 97346
preemptive halt, cache_misses = 97346
preemptive halt, cache_misses = 97346
preemptive halt, cache_misses = 97346
preemptive halt, cache_misses = 97346
preemptive halt, cache_misses = 97346
preemptive halt, cache_misses = 97346
preemptive halt, cache_misses = 97346
preemptive halt, cache_misses = 97346
preemptive halt, cache_misses = 97346
preemptive halt, cache_misses = 97346
preemptive halt, cache_misses = 97346
preemptive halt, cache_misses = 97346
preemptive halt, cache_misses = 97346
preemptive halt, cache_misses = 97346
preemptive halt, cache_misses = 97346
preemptive halt, cache_misses = 97346
preemptive halt, cache_misses = 97346
preemptive halt, cache_misses = 97346
preemptive halt, cache_misses = 97346
preemptive halt, cache_misses = 97346
preemptive halt, cache_misses = 97346
preemptive halt, cache_misses = 97346
preemptive halt, cache_misses = 97346
preemptive halt, cache_misses = 97346
preemptive halt, cache_misses = 97346
preemptive halt, cache_misses = 97346
preemptive halt, cache_misses = 97346
preemptive halt, cache_misses = 97346
preemptive halt, cache_misses = 97346
preemptive halt, cache_misses = 97346
preemptive halt, cache_misses = 97346
preemptive halt, cache_misses = 97346
preemptive halt, cache_misses = 97346
preemptive halt, cache_misses = 97346
preemptive halt, cache_misses = 97346
preemptive halt, cache_misses = 97346
preemptive halt, cache_misses = 97346
preemptive halt, cache_misses = 97346
preemptive halt, cache_misses = 97346
preemptive halt, cache_misses = 97346
preemptive halt, cache_misses = 97346
preemptive halt, cache_misses = 97346
preemptive halt, cache_misses = 97346
preemptive halt, cache_misses = 97346
preemptive halt, cache_misses = 97346
preemptive halt, cache_misses = 97346
preemptive halt, cache_misses = 97346
preemptive halt, cache_misses = 97346
preemptive halt, cache_misses = 97346
preemptive halt, cache_misses = 97346
preemptive halt, cache_misses = 97346
preemptive halt, cache_misses = 97346
preemptive halt, cache_misses = 97346
preemptive halt, cache_misses = 97346
preemptive halt, cache_misses = 97346
preemptive halt, cache_misses = 97346
preemptive halt, cache_misses = 97346
preemptive halt, cache_misses = 97346
preemptive halt, cache_misses = 97346
preemptive halt, cache_misses = 97346
preemptive halt, cache_misses = 97346
preemptive halt, cache_misses = 97346
preemptive halt, cache_misses = 97346
preemptive halt, cache_misses = 97346
preemptive halt, cache_misses = 97346
preemptive halt, cache_misses = 97346
preemptive halt, cache_misses = 97346
preemptive halt, cache_misses = 97346
preemptive halt, cache_misses = 97346
binary search, size 38398  misses 97346  min 38359  max 38437
preemptive halt, cache_misses = 97347
preemptive halt, cache_misses = 97347
preemptive halt, cache_misses = 97347
preemptive halt, cache_misses = 97347
preemptive halt, cache_misses = 97347
preemptive halt, cache_misses = 97347
preemptive halt, cache_misses = 97347
preemptive halt, cache_misses = 97347
preemptive halt, cache_misses = 97347
preemptive halt, cache_misses = 97347
preemptive halt, cache_misses = 97347
preemptive halt, cache_misses = 97347
preemptive halt, cache_misses = 97347
preemptive halt, cache_misses = 97347
preemptive halt, cache_misses = 97347
preemptive halt, cache_misses = 97347
preemptive halt, cache_misses = 97347
preemptive halt, cache_misses = 97347
preemptive halt, cache_misses = 97347
preemptive halt, cache_misses = 97347
preemptive halt, cache_misses = 97347
preemptive halt, cache_misses = 97347
preemptive halt, cache_misses = 97347
preemptive halt, cache_misses = 97347
preemptive halt, cache_misses = 97347
preemptive halt, cache_misses = 97347
preemptive halt, cache_misses = 97347
preemptive halt, cache_misses = 97347
preemptive halt, cache_misses = 97347
preemptive halt, cache_misses = 97347
preemptive halt, cache_misses = 97347
preemptive halt, cache_misses = 97347
preemptive halt, cache_misses = 97347
preemptive halt, cache_misses = 97347
preemptive halt, cache_misses = 97347
preemptive halt, cache_misses = 97347
preemptive halt, cache_misses = 97347
preemptive halt, cache_misses = 97347
preemptive halt, cache_misses = 97347
preemptive halt, cache_misses = 97347
preemptive halt, cache_misses = 97347
preemptive halt, cache_misses = 97347
preemptive halt, cache_misses = 97347
preemptive halt, cache_misses = 97347
preemptive halt, cache_misses = 97347
preemptive halt, cache_misses = 97347
preemptive halt, cache_misses = 97347
preemptive halt, cache_misses = 97347
preemptive halt, cache_misses = 97347
preemptive halt, cache_misses = 97347
preemptive halt, cache_misses = 97347
preemptive halt, cache_misses = 97347
preemptive halt, cache_misses = 97347
preemptive halt, cache_misses = 97347
preemptive halt, cache_misses = 97347
preemptive halt, cache_misses = 97347
preemptive halt, cache_misses = 97347
preemptive halt, cache_misses = 97347
preemptive halt, cache_misses = 97347
preemptive halt, cache_misses = 97347
preemptive halt, cache_misses = 97347
preemptive halt, cache_misses = 97347
preemptive halt, cache_misses = 97347
preemptive halt, cache_misses = 97347
preemptive halt, cache_misses = 97347
preemptive halt, cache_misses = 97347
preemptive halt, cache_misses = 97347
preemptive halt, cache_misses = 97347
preemptive halt, cache_misses = 97347
preemptive halt, cache_misses = 97347
preemptive halt, cache_misses = 97347
preemptive halt, cache_misses = 97347
preemptive halt, cache_misses = 97347
preemptive halt, cache_misses = 97347
preemptive halt, cache_misses = 97347
preemptive halt, cache_misses = 97347
preemptive halt, cache_misses = 97347
preemptive halt, cache_misses = 97347
preemptive halt, cache_misses = 97347
preemptive halt, cache_misses = 97347
preemptive halt, cache_misses = 97347
preemptive halt, cache_misses = 97347
preemptive halt, cache_misses = 97347
preemptive halt, cache_misses = 97347
preemptive halt, cache_misses = 97347
preemptive halt, cache_misses = 97347
preemptive halt, cache_misses = 97347
preemptive halt, cache_misses = 97347
preemptive halt, cache_misses = 97347
preemptive halt, cache_misses = 97347
preemptive halt, cache_misses = 97347
preemptive halt, cache_misses = 97347
preemptive halt, cache_misses = 97347
preemptive halt, cache_misses = 97347
preemptive halt, cache_misses = 97347
preemptive halt, cache_misses = 97347
preemptive halt, cache_misses = 97347
preemptive halt, cache_misses = 97347
preemptive halt, cache_misses = 97347
preemptive halt, cache_misses = 97347
preemptive halt, cache_misses = 97347
preemptive halt, cache_misses = 97347
preemptive halt, cache_misses = 97347
preemptive halt, cache_misses = 97347
preemptive halt, cache_misses = 97347
preemptive halt, cache_misses = 97347
preemptive halt, cache_misses = 97347
preemptive halt, cache_misses = 97347
preemptive halt, cache_misses = 97347
preemptive halt, cache_misses = 97347
preemptive halt, cache_misses = 97347
preemptive halt, cache_misses = 97347
preemptive halt, cache_misses = 97347
preemptive halt, cache_misses = 97347
preemptive halt, cache_misses = 97347
preemptive halt, cache_misses = 97347
preemptive halt, cache_misses = 97347
preemptive halt, cache_misses = 97347
preemptive halt, cache_misses = 97347
preemptive halt, cache_misses = 97347
preemptive halt, cache_misses = 97347
preemptive halt, cache_misses = 97347
preemptive halt, cache_misses = 97347
preemptive halt, cache_misses = 97347
preemptive halt, cache_misses = 97347
preemptive halt, cache_misses = 97347
binary search, size 38417  misses 97347  min 38398  max 38437
preemptive halt, cache_misses = 97348
preemptive halt, cache_misses = 97348
preemptive halt, cache_misses = 97348
preemptive halt, cache_misses = 97348
preemptive halt, cache_misses = 97348
preemptive halt, cache_misses = 97348
preemptive halt, cache_misses = 97348
preemptive halt, cache_misses = 97348
preemptive halt, cache_misses = 97348
preemptive halt, cache_misses = 97348
preemptive halt, cache_misses = 97348
preemptive halt, cache_misses = 97348
preemptive halt, cache_misses = 97348
preemptive halt, cache_misses = 97348
preemptive halt, cache_misses = 97348
preemptive halt, cache_misses = 97348
preemptive halt, cache_misses = 97348
preemptive halt, cache_misses = 97348
preemptive halt, cache_misses = 97348
preemptive halt, cache_misses = 97348
preemptive halt, cache_misses = 97348
preemptive halt, cache_misses = 97348
preemptive halt, cache_misses = 97348
preemptive halt, cache_misses = 97348
preemptive halt, cache_misses = 97348
preemptive halt, cache_misses = 97348
preemptive halt, cache_misses = 97348
preemptive halt, cache_misses = 97348
preemptive halt, cache_misses = 97348
preemptive halt, cache_misses = 97348
preemptive halt, cache_misses = 97348
preemptive halt, cache_misses = 97348
preemptive halt, cache_misses = 97348
preemptive halt, cache_misses = 97348
preemptive halt, cache_misses = 97348
preemptive halt, cache_misses = 97348
preemptive halt, cache_misses = 97348
preemptive halt, cache_misses = 97348
preemptive halt, cache_misses = 97348
preemptive halt, cache_misses = 97348
preemptive halt, cache_misses = 97348
preemptive halt, cache_misses = 97348
preemptive halt, cache_misses = 97348
preemptive halt, cache_misses = 97348
preemptive halt, cache_misses = 97348
preemptive halt, cache_misses = 97348
preemptive halt, cache_misses = 97348
preemptive halt, cache_misses = 97348
preemptive halt, cache_misses = 97348
preemptive halt, cache_misses = 97348
preemptive halt, cache_misses = 97348
preemptive halt, cache_misses = 97348
preemptive halt, cache_misses = 97348
preemptive halt, cache_misses = 97348
preemptive halt, cache_misses = 97348
preemptive halt, cache_misses = 97348
preemptive halt, cache_misses = 97348
preemptive halt, cache_misses = 97348
preemptive halt, cache_misses = 97348
preemptive halt, cache_misses = 97348
preemptive halt, cache_misses = 97348
preemptive halt, cache_misses = 97348
preemptive halt, cache_misses = 97348
preemptive halt, cache_misses = 97348
preemptive halt, cache_misses = 97348
preemptive halt, cache_misses = 97348
preemptive halt, cache_misses = 97348
preemptive halt, cache_misses = 97348
preemptive halt, cache_misses = 97348
preemptive halt, cache_misses = 97348
preemptive halt, cache_misses = 97348
preemptive halt, cache_misses = 97348
preemptive halt, cache_misses = 97348
preemptive halt, cache_misses = 97348
preemptive halt, cache_misses = 97348
preemptive halt, cache_misses = 97348
preemptive halt, cache_misses = 97348
preemptive halt, cache_misses = 97348
preemptive halt, cache_misses = 97348
preemptive halt, cache_misses = 97348
preemptive halt, cache_misses = 97348
preemptive halt, cache_misses = 97348
preemptive halt, cache_misses = 97348
preemptive halt, cache_misses = 97348
preemptive halt, cache_misses = 97348
preemptive halt, cache_misses = 97348
preemptive halt, cache_misses = 97348
preemptive halt, cache_misses = 97348
preemptive halt, cache_misses = 97348
preemptive halt, cache_misses = 97348
preemptive halt, cache_misses = 97348
preemptive halt, cache_misses = 97348
preemptive halt, cache_misses = 97348
preemptive halt, cache_misses = 97348
preemptive halt, cache_misses = 97348
preemptive halt, cache_misses = 97348
preemptive halt, cache_misses = 97348
preemptive halt, cache_misses = 97348
preemptive halt, cache_misses = 97348
preemptive halt, cache_misses = 97348
preemptive halt, cache_misses = 97348
preemptive halt, cache_misses = 97348
preemptive halt, cache_misses = 97348
preemptive halt, cache_misses = 97348
preemptive halt, cache_misses = 97348
preemptive halt, cache_misses = 97348
preemptive halt, cache_misses = 97348
preemptive halt, cache_misses = 97348
preemptive halt, cache_misses = 97348
preemptive halt, cache_misses = 97348
preemptive halt, cache_misses = 97348
preemptive halt, cache_misses = 97348
preemptive halt, cache_misses = 97348
preemptive halt, cache_misses = 97348
preemptive halt, cache_misses = 97348
preemptive halt, cache_misses = 97348
preemptive halt, cache_misses = 97348
preemptive halt, cache_misses = 97348
preemptive halt, cache_misses = 97348
preemptive halt, cache_misses = 97348
preemptive halt, cache_misses = 97348
preemptive halt, cache_misses = 97348
preemptive halt, cache_misses = 97348
preemptive halt, cache_misses = 97348
preemptive halt, cache_misses = 97348
preemptive halt, cache_misses = 97348
preemptive halt, cache_misses = 97348
preemptive halt, cache_misses = 97348
binary search, size 38427  misses 97348  min 38417  max 38437
preemptive halt, cache_misses = 97349
preemptive halt, cache_misses = 97349
preemptive halt, cache_misses = 97349
preemptive halt, cache_misses = 97349
preemptive halt, cache_misses = 97349
preemptive halt, cache_misses = 97349
preemptive halt, cache_misses = 97349
preemptive halt, cache_misses = 97349
preemptive halt, cache_misses = 97349
preemptive halt, cache_misses = 97349
preemptive halt, cache_misses = 97349
preemptive halt, cache_misses = 97349
preemptive halt, cache_misses = 97349
preemptive halt, cache_misses = 97349
preemptive halt, cache_misses = 97349
preemptive halt, cache_misses = 97349
preemptive halt, cache_misses = 97349
preemptive halt, cache_misses = 97349
preemptive halt, cache_misses = 97349
preemptive halt, cache_misses = 97349
preemptive halt, cache_misses = 97349
preemptive halt, cache_misses = 97349
preemptive halt, cache_misses = 97349
preemptive halt, cache_misses = 97349
preemptive halt, cache_misses = 97349
preemptive halt, cache_misses = 97349
preemptive halt, cache_misses = 97349
preemptive halt, cache_misses = 97349
preemptive halt, cache_misses = 97349
preemptive halt, cache_misses = 97349
preemptive halt, cache_misses = 97349
preemptive halt, cache_misses = 97349
preemptive halt, cache_misses = 97349
preemptive halt, cache_misses = 97349
preemptive halt, cache_misses = 97349
preemptive halt, cache_misses = 97349
preemptive halt, cache_misses = 97349
preemptive halt, cache_misses = 97349
preemptive halt, cache_misses = 97349
preemptive halt, cache_misses = 97349
preemptive halt, cache_misses = 97349
preemptive halt, cache_misses = 97349
preemptive halt, cache_misses = 97349
preemptive halt, cache_misses = 97349
preemptive halt, cache_misses = 97349
preemptive halt, cache_misses = 97349
preemptive halt, cache_misses = 97349
preemptive halt, cache_misses = 97349
preemptive halt, cache_misses = 97349
preemptive halt, cache_misses = 97349
preemptive halt, cache_misses = 97349
preemptive halt, cache_misses = 97349
preemptive halt, cache_misses = 97349
preemptive halt, cache_misses = 97349
preemptive halt, cache_misses = 97349
preemptive halt, cache_misses = 97349
preemptive halt, cache_misses = 97349
preemptive halt, cache_misses = 97349
preemptive halt, cache_misses = 97349
preemptive halt, cache_misses = 97349
preemptive halt, cache_misses = 97349
preemptive halt, cache_misses = 97349
preemptive halt, cache_misses = 97349
preemptive halt, cache_misses = 97349
preemptive halt, cache_misses = 97349
preemptive halt, cache_misses = 97349
preemptive halt, cache_misses = 97349
preemptive halt, cache_misses = 97349
preemptive halt, cache_misses = 97349
preemptive halt, cache_misses = 97349
preemptive halt, cache_misses = 97349
preemptive halt, cache_misses = 97349
preemptive halt, cache_misses = 97349
preemptive halt, cache_misses = 97349
preemptive halt, cache_misses = 97349
preemptive halt, cache_misses = 97349
preemptive halt, cache_misses = 97349
preemptive halt, cache_misses = 97349
preemptive halt, cache_misses = 97349
preemptive halt, cache_misses = 97349
preemptive halt, cache_misses = 97349
preemptive halt, cache_misses = 97349
preemptive halt, cache_misses = 97349
preemptive halt, cache_misses = 97349
preemptive halt, cache_misses = 97349
preemptive halt, cache_misses = 97349
preemptive halt, cache_misses = 97349
preemptive halt, cache_misses = 97349
preemptive halt, cache_misses = 97349
preemptive halt, cache_misses = 97349
preemptive halt, cache_misses = 97349
preemptive halt, cache_misses = 97349
preemptive halt, cache_misses = 97349
preemptive halt, cache_misses = 97349
preemptive halt, cache_misses = 97349
preemptive halt, cache_misses = 97349
preemptive halt, cache_misses = 97349
preemptive halt, cache_misses = 97349
preemptive halt, cache_misses = 97349
preemptive halt, cache_misses = 97349
preemptive halt, cache_misses = 97349
preemptive halt, cache_misses = 97349
preemptive halt, cache_misses = 97349
preemptive halt, cache_misses = 97349
preemptive halt, cache_misses = 97349
preemptive halt, cache_misses = 97349
preemptive halt, cache_misses = 97349
preemptive halt, cache_misses = 97349
preemptive halt, cache_misses = 97349
preemptive halt, cache_misses = 97349
preemptive halt, cache_misses = 97349
preemptive halt, cache_misses = 97349
preemptive halt, cache_misses = 97349
preemptive halt, cache_misses = 97349
preemptive halt, cache_misses = 97349
preemptive halt, cache_misses = 97349
preemptive halt, cache_misses = 97349
preemptive halt, cache_misses = 97349
preemptive halt, cache_misses = 97349
preemptive halt, cache_misses = 97349
preemptive halt, cache_misses = 97349
preemptive halt, cache_misses = 97349
preemptive halt, cache_misses = 97349
preemptive halt, cache_misses = 97349
preemptive halt, cache_misses = 97349
preemptive halt, cache_misses = 97349
preemptive halt, cache_misses = 97349
preemptive halt, cache_misses = 97349
preemptive halt, cache_misses = 97349
preemptive halt, cache_misses = 97349
binary search, size 38432  misses 97349  min 38427  max 38437
preemptive halt, cache_misses = 97350
preemptive halt, cache_misses = 97350
preemptive halt, cache_misses = 97350
preemptive halt, cache_misses = 97350
preemptive halt, cache_misses = 97350
preemptive halt, cache_misses = 97350
preemptive halt, cache_misses = 97350
preemptive halt, cache_misses = 97350
preemptive halt, cache_misses = 97350
preemptive halt, cache_misses = 97350
preemptive halt, cache_misses = 97350
preemptive halt, cache_misses = 97350
preemptive halt, cache_misses = 97350
preemptive halt, cache_misses = 97350
preemptive halt, cache_misses = 97350
preemptive halt, cache_misses = 97350
preemptive halt, cache_misses = 97350
preemptive halt, cache_misses = 97350
preemptive halt, cache_misses = 97350
preemptive halt, cache_misses = 97350
preemptive halt, cache_misses = 97350
preemptive halt, cache_misses = 97350
preemptive halt, cache_misses = 97350
preemptive halt, cache_misses = 97350
preemptive halt, cache_misses = 97350
preemptive halt, cache_misses = 97350
preemptive halt, cache_misses = 97350
preemptive halt, cache_misses = 97350
preemptive halt, cache_misses = 97350
preemptive halt, cache_misses = 97350
preemptive halt, cache_misses = 97350
preemptive halt, cache_misses = 97350
preemptive halt, cache_misses = 97350
preemptive halt, cache_misses = 97350
preemptive halt, cache_misses = 97350
preemptive halt, cache_misses = 97350
preemptive halt, cache_misses = 97350
preemptive halt, cache_misses = 97350
preemptive halt, cache_misses = 97350
preemptive halt, cache_misses = 97350
preemptive halt, cache_misses = 97350
preemptive halt, cache_misses = 97350
preemptive halt, cache_misses = 97350
preemptive halt, cache_misses = 97350
preemptive halt, cache_misses = 97350
preemptive halt, cache_misses = 97350
preemptive halt, cache_misses = 97350
preemptive halt, cache_misses = 97350
preemptive halt, cache_misses = 97350
preemptive halt, cache_misses = 97350
preemptive halt, cache_misses = 97350
preemptive halt, cache_misses = 97350
preemptive halt, cache_misses = 97350
preemptive halt, cache_misses = 97350
preemptive halt, cache_misses = 97350
preemptive halt, cache_misses = 97350
preemptive halt, cache_misses = 97350
preemptive halt, cache_misses = 97350
preemptive halt, cache_misses = 97350
preemptive halt, cache_misses = 97350
preemptive halt, cache_misses = 97350
preemptive halt, cache_misses = 97350
preemptive halt, cache_misses = 97350
preemptive halt, cache_misses = 97350
preemptive halt, cache_misses = 97350
preemptive halt, cache_misses = 97350
preemptive halt, cache_misses = 97350
preemptive halt, cache_misses = 97350
preemptive halt, cache_misses = 97350
preemptive halt, cache_misses = 97350
preemptive halt, cache_misses = 97350
preemptive halt, cache_misses = 97350
preemptive halt, cache_misses = 97350
preemptive halt, cache_misses = 97350
preemptive halt, cache_misses = 97350
preemptive halt, cache_misses = 97350
preemptive halt, cache_misses = 97350
preemptive halt, cache_misses = 97350
preemptive halt, cache_misses = 97350
preemptive halt, cache_misses = 97350
preemptive halt, cache_misses = 97350
preemptive halt, cache_misses = 97350
preemptive halt, cache_misses = 97350
preemptive halt, cache_misses = 97350
preemptive halt, cache_misses = 97350
preemptive halt, cache_misses = 97350
preemptive halt, cache_misses = 97350
preemptive halt, cache_misses = 97350
preemptive halt, cache_misses = 97350
preemptive halt, cache_misses = 97350
preemptive halt, cache_misses = 97350
preemptive halt, cache_misses = 97350
preemptive halt, cache_misses = 97350
preemptive halt, cache_misses = 97350
preemptive halt, cache_misses = 97350
preemptive halt, cache_misses = 97350
preemptive halt, cache_misses = 97350
preemptive halt, cache_misses = 97350
preemptive halt, cache_misses = 97350
preemptive halt, cache_misses = 97350
preemptive halt, cache_misses = 97350
preemptive halt, cache_misses = 97350
preemptive halt, cache_misses = 97350
preemptive halt, cache_misses = 97350
preemptive halt, cache_misses = 97350
preemptive halt, cache_misses = 97350
preemptive halt, cache_misses = 97350
preemptive halt, cache_misses = 97350
preemptive halt, cache_misses = 97350
preemptive halt, cache_misses = 97350
preemptive halt, cache_misses = 97350
preemptive halt, cache_misses = 97350
preemptive halt, cache_misses = 97350
preemptive halt, cache_misses = 97350
preemptive halt, cache_misses = 97350
preemptive halt, cache_misses = 97350
preemptive halt, cache_misses = 97350
preemptive halt, cache_misses = 97350
preemptive halt, cache_misses = 97350
preemptive halt, cache_misses = 97350
preemptive halt, cache_misses = 97350
preemptive halt, cache_misses = 97350
preemptive halt, cache_misses = 97350
preemptive halt, cache_misses = 97350
preemptive halt, cache_misses = 97350
preemptive halt, cache_misses = 97350
preemptive halt, cache_misses = 97350
preemptive halt, cache_misses = 97350
preemptive halt, cache_misses = 97350
preemptive halt, cache_misses = 97350
preemptive halt, cache_misses = 97350
preemptive halt, cache_misses = 97350
binary search, size 38434  misses 97350  min 38432  max 38437
binary search, size 38435  misses 97343  min 38434  max 38437
characteristic cache size (binary search) for 311 = 38435
End at: 2021-04-02 15:58:27.905710
Time elapsed: 0:00:01.714338
