Begin at: 2021-04-02 16:00:11.967311
['../dist/Debug/GNU-Linux/memo_batch_tester', '', '--mbt_execution_trace_fname', 'olcs4_traceback_csize_input_types/OLCS4_lru_2021_04_02__15_55_02_k_3__d_2_cache_size_160000_problems_10_to_400/OLCS4_lru_2021_04_02__15_55_02_k_3__d_2_cache_size_160000_problems_10_to_400/OLCS4__do_traceback_prob_size_362_cache_size_160000_lru_k_3_d_2_execution_trace_2021_4_2_16_0_11_pid_20276.log', '--mbt_cache_misses_fname', 'olcs4_traceback_csize_input_types/OLCS4_lru_2021_04_02__15_55_02_k_3__d_2_cache_size_160000_problems_10_to_400/lcs_cost_OLCS4_lru_misses_for_cache_size.csv', '--mbt_misses_for_problem_size_fname', 'olcs4_traceback_csize_input_types/OLCS4_lru_2021_04_02__15_55_02_k_3__d_2_cache_size_160000_problems_10_to_400/lcs_cost_OLCS4_lru_misses_for_problem_size.csv', '--mbt_exact_cutoff_min_cache_size', '160000', '--mbt_exact_cutoff_max_cache_size', '160000', '--mbt_problem_type', 'lcs', '--mbt_metric_type', 'csize_binary_search', '--mbt_cutoff_ratio', '2.2', '--mbt_instance_fname', '362', '--mbt_detailed_cache_misses_out_fname', 'csize_olcs4_traceback_0011n_ceil_n_b_5.csv', '--mbt_phi_N', '5.0', '--mbt_problem_size', '362', '--lcs_compute_length', '0', '--lcs_perform_traceback', '1', '--lig_instance_type', '0011n_ceil_n_b', '--lig_n', '362', '--lig_c', '0.9', '--lig_b', '5.0', '--lcs_oblivious', '4', '--lcs_execution_trace_fname', 'olcs4_traceback_csize_input_types/OLCS4_lru_2021_04_02__15_55_02_k_3__d_2_cache_size_160000_problems_10_to_400/OLCS4_lru_2021_04_02__15_55_02_k_3__d_2_cache_size_160000_problems_10_to_400/OLCS4__do_traceback_prob_size_362_cache_size_160000_lru_k_3_d_2_execution_trace_2021_4_2_16_0_11_pid_20276.log', '--memo_caching_strategy', 'lru', '--memo_cache_size', '160001', '--memo_lru_queue_size', '160000', '--memo_cuckoo_k', '4', '--memo_key_length', '8', '--memo_value_length', '8', '--memo_k_timestamps', '3', '--memo_d_recent_timestamps', '2', '--memo_a_items_per_timestamp_factor', '0.4375']

csize_binary_search chosen
lcs problem_type lcs cache_size 160001
initialize_long_int_cache begin
init_memo
arguments to memo:
 --mbt_execution_trace_fname olcs4_traceback_csize_input_types/OLCS4_lru_2021_04_02__15_55_02_k_3__d_2_cache_size_160000_problems_10_to_400/OLCS4_lru_2021_04_02__15_55_02_k_3__d_2_cache_size_160000_problems_10_to_400/OLCS4__do_traceback_prob_size_362_cache_size_160000_lru_k_3_d_2_execution_trace_2021_4_2_16_0_11_pid_20276.log --mbt_cache_misses_fname olcs4_traceback_csize_input_types/OLCS4_lru_2021_04_02__15_55_02_k_3__d_2_cache_size_160000_problems_10_to_400/lcs_cost_OLCS4_lru_misses_for_cache_size.csv --mbt_misses_for_problem_size_fname olcs4_traceback_csize_input_types/OLCS4_lru_2021_04_02__15_55_02_k_3__d_2_cache_size_160000_problems_10_to_400/lcs_cost_OLCS4_lru_misses_for_problem_size.csv --mbt_exact_cutoff_min_cache_size 160000 --mbt_exact_cutoff_max_cache_size 160000 --mbt_problem_type lcs --mbt_metric_type csize_binary_search --mbt_cutoff_ratio 2.2 --mbt_instance_fname 362 --mbt_detailed_cache_misses_out_fname csize_olcs4_traceback_0011n_ceil_n_b_5.csv --mbt_phi_N 5.0 --mbt_problem_size 362 --lcs_compute_length 0 --lcs_perform_traceback 1 --lig_instance_type 0011n_ceil_n_b --lig_n 362 --lig_c 0.9 --lig_b 5.0 --lcs_oblivious 4 --lcs_execution_trace_fname olcs4_traceback_csize_input_types/OLCS4_lru_2021_04_02__15_55_02_k_3__d_2_cache_size_160000_problems_10_to_400/OLCS4_lru_2021_04_02__15_55_02_k_3__d_2_cache_size_160000_problems_10_to_400/OLCS4__do_traceback_prob_size_362_cache_size_160000_lru_k_3_d_2_execution_trace_2021_4_2_16_0_11_pid_20276.log --memo_caching_strategy lru --memo_cache_size 160001 --memo_lru_queue_size 160000 --memo_cuckoo_k 4 --memo_key_length 8 --memo_value_length 8 --memo_k_timestamps 3 --memo_d_recent_timestamps 2 --memo_a_items_per_timestamp_factor 0.4375 
calculate_table_size: table_size is 262144, original is 160001
Finished initializing cache
initialize_long_int_cache end
done initializing cache
initializing problem
done initializing problem
commence trials
Starting characteristic_cache_size_binary_search with max cache size 160001
binary search, size 160001  misses 131768
binary search, size 80000  misses 131768  min 0  max 160001
preemptive halt, cache_misses = 131769
preemptive halt, cache_misses = 131769
preemptive halt, cache_misses = 131769
preemptive halt, cache_misses = 131769
preemptive halt, cache_misses = 131769
preemptive halt, cache_misses = 131769
preemptive halt, cache_misses = 131769
preemptive halt, cache_misses = 131769
preemptive halt, cache_misses = 131769
preemptive halt, cache_misses = 131769
preemptive halt, cache_misses = 131769
preemptive halt, cache_misses = 131769
preemptive halt, cache_misses = 131769
preemptive halt, cache_misses = 131769
preemptive halt, cache_misses = 131769
preemptive halt, cache_misses = 131769
preemptive halt, cache_misses = 131769
preemptive halt, cache_misses = 131769
preemptive halt, cache_misses = 131769
preemptive halt, cache_misses = 131769
preemptive halt, cache_misses = 131769
preemptive halt, cache_misses = 131769
preemptive halt, cache_misses = 131769
preemptive halt, cache_misses = 131769
preemptive halt, cache_misses = 131769
preemptive halt, cache_misses = 131769
preemptive halt, cache_misses = 131769
preemptive halt, cache_misses = 131769
preemptive halt, cache_misses = 131769
preemptive halt, cache_misses = 131769
preemptive halt, cache_misses = 131769
preemptive halt, cache_misses = 131769
preemptive halt, cache_misses = 131769
preemptive halt, cache_misses = 131769
preemptive halt, cache_misses = 131769
preemptive halt, cache_misses = 131769
preemptive halt, cache_misses = 131769
preemptive halt, cache_misses = 131769
preemptive halt, cache_misses = 131769
preemptive halt, cache_misses = 131769
preemptive halt, cache_misses = 131769
preemptive halt, cache_misses = 131769
preemptive halt, cache_misses = 131769
preemptive halt, cache_misses = 131769
preemptive halt, cache_misses = 131769
preemptive halt, cache_misses = 131769
preemptive halt, cache_misses = 131769
preemptive halt, cache_misses = 131769
preemptive halt, cache_misses = 131769
preemptive halt, cache_misses = 131769
preemptive halt, cache_misses = 131769
preemptive halt, cache_misses = 131769
preemptive halt, cache_misses = 131769
preemptive halt, cache_misses = 131769
preemptive halt, cache_misses = 131769
preemptive halt, cache_misses = 131769
preemptive halt, cache_misses = 131769
preemptive halt, cache_misses = 131769
preemptive halt, cache_misses = 131769
preemptive halt, cache_misses = 131769
preemptive halt, cache_misses = 131769
preemptive halt, cache_misses = 131769
preemptive halt, cache_misses = 131769
preemptive halt, cache_misses = 131769
preemptive halt, cache_misses = 131769
preemptive halt, cache_misses = 131769
preemptive halt, cache_misses = 131769
preemptive halt, cache_misses = 131769
preemptive halt, cache_misses = 131769
preemptive halt, cache_misses = 131769
preemptive halt, cache_misses = 131769
preemptive halt, cache_misses = 131769
preemptive halt, cache_misses = 131769
preemptive halt, cache_misses = 131769
preemptive halt, cache_misses = 131769
preemptive halt, cache_misses = 131769
preemptive halt, cache_misses = 131769
preemptive halt, cache_misses = 131769
preemptive halt, cache_misses = 131769
preemptive halt, cache_misses = 131769
preemptive halt, cache_misses = 131769
preemptive halt, cache_misses = 131769
preemptive halt, cache_misses = 131769
preemptive halt, cache_misses = 131769
preemptive halt, cache_misses = 131769
preemptive halt, cache_misses = 131769
preemptive halt, cache_misses = 131769
preemptive halt, cache_misses = 131769
preemptive halt, cache_misses = 131769
preemptive halt, cache_misses = 131769
preemptive halt, cache_misses = 131769
preemptive halt, cache_misses = 131769
preemptive halt, cache_misses = 131769
preemptive halt, cache_misses = 131769
preemptive halt, cache_misses = 131769
preemptive halt, cache_misses = 131769
preemptive halt, cache_misses = 131769
preemptive halt, cache_misses = 131769
preemptive halt, cache_misses = 131769
preemptive halt, cache_misses = 131769
preemptive halt, cache_misses = 131769
preemptive halt, cache_misses = 131769
preemptive halt, cache_misses = 131769
preemptive halt, cache_misses = 131769
preemptive halt, cache_misses = 131769
preemptive halt, cache_misses = 131769
preemptive halt, cache_misses = 131769
preemptive halt, cache_misses = 131769
preemptive halt, cache_misses = 131769
preemptive halt, cache_misses = 131769
preemptive halt, cache_misses = 131769
preemptive halt, cache_misses = 131769
preemptive halt, cache_misses = 131769
preemptive halt, cache_misses = 131769
preemptive halt, cache_misses = 131769
preemptive halt, cache_misses = 131769
preemptive halt, cache_misses = 131769
preemptive halt, cache_misses = 131769
preemptive halt, cache_misses = 131769
preemptive halt, cache_misses = 131769
preemptive halt, cache_misses = 131769
preemptive halt, cache_misses = 131769
preemptive halt, cache_misses = 131769
preemptive halt, cache_misses = 131769
preemptive halt, cache_misses = 131769
preemptive halt, cache_misses = 131769
preemptive halt, cache_misses = 131769
preemptive halt, cache_misses = 131769
preemptive halt, cache_misses = 131769
preemptive halt, cache_misses = 131769
preemptive halt, cache_misses = 131769
preemptive halt, cache_misses = 131769
preemptive halt, cache_misses = 131769
preemptive halt, cache_misses = 131769
preemptive halt, cache_misses = 131769
preemptive halt, cache_misses = 131769
preemptive halt, cache_misses = 131769
preemptive halt, cache_misses = 131769
preemptive halt, cache_misses = 131769
preemptive halt, cache_misses = 131769
preemptive halt, cache_misses = 131769
preemptive halt, cache_misses = 131769
binary search, size 40000  misses 131769  min 0  max 80000
binary search, size 60000  misses 131768  min 40000  max 80000
preemptive halt, cache_misses = 131769
preemptive halt, cache_misses = 131769
preemptive halt, cache_misses = 131769
preemptive halt, cache_misses = 131769
preemptive halt, cache_misses = 131769
preemptive halt, cache_misses = 131769
preemptive halt, cache_misses = 131769
preemptive halt, cache_misses = 131769
preemptive halt, cache_misses = 131769
preemptive halt, cache_misses = 131769
preemptive halt, cache_misses = 131769
preemptive halt, cache_misses = 131769
preemptive halt, cache_misses = 131769
preemptive halt, cache_misses = 131769
preemptive halt, cache_misses = 131769
preemptive halt, cache_misses = 131769
preemptive halt, cache_misses = 131769
preemptive halt, cache_misses = 131769
preemptive halt, cache_misses = 131769
preemptive halt, cache_misses = 131769
preemptive halt, cache_misses = 131769
preemptive halt, cache_misses = 131769
preemptive halt, cache_misses = 131769
preemptive halt, cache_misses = 131769
preemptive halt, cache_misses = 131769
preemptive halt, cache_misses = 131769
preemptive halt, cache_misses = 131769
preemptive halt, cache_misses = 131769
preemptive halt, cache_misses = 131769
preemptive halt, cache_misses = 131769
preemptive halt, cache_misses = 131769
preemptive halt, cache_misses = 131769
preemptive halt, cache_misses = 131769
preemptive halt, cache_misses = 131769
preemptive halt, cache_misses = 131769
preemptive halt, cache_misses = 131769
preemptive halt, cache_misses = 131769
preemptive halt, cache_misses = 131769
preemptive halt, cache_misses = 131769
preemptive halt, cache_misses = 131769
preemptive halt, cache_misses = 131769
preemptive halt, cache_misses = 131769
preemptive halt, cache_misses = 131769
preemptive halt, cache_misses = 131769
preemptive halt, cache_misses = 131769
preemptive halt, cache_misses = 131769
preemptive halt, cache_misses = 131769
preemptive halt, cache_misses = 131769
preemptive halt, cache_misses = 131769
preemptive halt, cache_misses = 131769
preemptive halt, cache_misses = 131769
preemptive halt, cache_misses = 131769
preemptive halt, cache_misses = 131769
preemptive halt, cache_misses = 131769
preemptive halt, cache_misses = 131769
preemptive halt, cache_misses = 131769
preemptive halt, cache_misses = 131769
preemptive halt, cache_misses = 131769
preemptive halt, cache_misses = 131769
preemptive halt, cache_misses = 131769
preemptive halt, cache_misses = 131769
preemptive halt, cache_misses = 131769
preemptive halt, cache_misses = 131769
preemptive halt, cache_misses = 131769
preemptive halt, cache_misses = 131769
preemptive halt, cache_misses = 131769
preemptive halt, cache_misses = 131769
preemptive halt, cache_misses = 131769
preemptive halt, cache_misses = 131769
preemptive halt, cache_misses = 131769
preemptive halt, cache_misses = 131769
preemptive halt, cache_misses = 131769
preemptive halt, cache_misses = 131769
preemptive halt, cache_misses = 131769
preemptive halt, cache_misses = 131769
preemptive halt, cache_misses = 131769
preemptive halt, cache_misses = 131769
preemptive halt, cache_misses = 131769
preemptive halt, cache_misses = 131769
preemptive halt, cache_misses = 131769
preemptive halt, cache_misses = 131769
preemptive halt, cache_misses = 131769
preemptive halt, cache_misses = 131769
preemptive halt, cache_misses = 131769
preemptive halt, cache_misses = 131769
preemptive halt, cache_misses = 131769
preemptive halt, cache_misses = 131769
preemptive halt, cache_misses = 131769
preemptive halt, cache_misses = 131769
preemptive halt, cache_misses = 131769
preemptive halt, cache_misses = 131769
preemptive halt, cache_misses = 131769
preemptive halt, cache_misses = 131769
preemptive halt, cache_misses = 131769
preemptive halt, cache_misses = 131769
preemptive halt, cache_misses = 131769
preemptive halt, cache_misses = 131769
preemptive halt, cache_misses = 131769
preemptive halt, cache_misses = 131769
preemptive halt, cache_misses = 131769
preemptive halt, cache_misses = 131769
preemptive halt, cache_misses = 131769
preemptive halt, cache_misses = 131769
preemptive halt, cache_misses = 131769
preemptive halt, cache_misses = 131769
preemptive halt, cache_misses = 131769
preemptive halt, cache_misses = 131769
preemptive halt, cache_misses = 131769
preemptive halt, cache_misses = 131769
preemptive halt, cache_misses = 131769
preemptive halt, cache_misses = 131769
preemptive halt, cache_misses = 131769
preemptive halt, cache_misses = 131769
preemptive halt, cache_misses = 131769
preemptive halt, cache_misses = 131769
preemptive halt, cache_misses = 131769
preemptive halt, cache_misses = 131769
preemptive halt, cache_misses = 131769
preemptive halt, cache_misses = 131769
preemptive halt, cache_misses = 131769
preemptive halt, cache_misses = 131769
preemptive halt, cache_misses = 131769
preemptive halt, cache_misses = 131769
preemptive halt, cache_misses = 131769
preemptive halt, cache_misses = 131769
preemptive halt, cache_misses = 131769
preemptive halt, cache_misses = 131769
preemptive halt, cache_misses = 131769
preemptive halt, cache_misses = 131769
preemptive halt, cache_misses = 131769
preemptive halt, cache_misses = 131769
preemptive halt, cache_misses = 131769
preemptive halt, cache_misses = 131769
preemptive halt, cache_misses = 131769
preemptive halt, cache_misses = 131769
preemptive halt, cache_misses = 131769
preemptive halt, cache_misses = 131769
preemptive halt, cache_misses = 131769
preemptive halt, cache_misses = 131769
preemptive halt, cache_misses = 131769
preemptive halt, cache_misses = 131769
preemptive halt, cache_misses = 131769
binary search, size 50000  misses 131769  min 40000  max 60000
binary search, size 55000  misses 131768  min 50000  max 60000
binary search, size 52500  misses 131768  min 50000  max 55000
preemptive halt, cache_misses = 131769
preemptive halt, cache_misses = 131769
preemptive halt, cache_misses = 131769
preemptive halt, cache_misses = 131769
preemptive halt, cache_misses = 131769
preemptive halt, cache_misses = 131769
preemptive halt, cache_misses = 131769
preemptive halt, cache_misses = 131769
preemptive halt, cache_misses = 131769
preemptive halt, cache_misses = 131769
preemptive halt, cache_misses = 131769
preemptive halt, cache_misses = 131769
preemptive halt, cache_misses = 131769
preemptive halt, cache_misses = 131769
preemptive halt, cache_misses = 131769
preemptive halt, cache_misses = 131769
preemptive halt, cache_misses = 131769
preemptive halt, cache_misses = 131769
preemptive halt, cache_misses = 131769
preemptive halt, cache_misses = 131769
preemptive halt, cache_misses = 131769
preemptive halt, cache_misses = 131769
preemptive halt, cache_misses = 131769
preemptive halt, cache_misses = 131769
preemptive halt, cache_misses = 131769
preemptive halt, cache_misses = 131769
preemptive halt, cache_misses = 131769
preemptive halt, cache_misses = 131769
preemptive halt, cache_misses = 131769
preemptive halt, cache_misses = 131769
preemptive halt, cache_misses = 131769
preemptive halt, cache_misses = 131769
preemptive halt, cache_misses = 131769
preemptive halt, cache_misses = 131769
preemptive halt, cache_misses = 131769
preemptive halt, cache_misses = 131769
preemptive halt, cache_misses = 131769
preemptive halt, cache_misses = 131769
preemptive halt, cache_misses = 131769
preemptive halt, cache_misses = 131769
preemptive halt, cache_misses = 131769
preemptive halt, cache_misses = 131769
preemptive halt, cache_misses = 131769
preemptive halt, cache_misses = 131769
preemptive halt, cache_misses = 131769
preemptive halt, cache_misses = 131769
preemptive halt, cache_misses = 131769
preemptive halt, cache_misses = 131769
preemptive halt, cache_misses = 131769
preemptive halt, cache_misses = 131769
preemptive halt, cache_misses = 131769
preemptive halt, cache_misses = 131769
preemptive halt, cache_misses = 131769
preemptive halt, cache_misses = 131769
preemptive halt, cache_misses = 131769
preemptive halt, cache_misses = 131769
preemptive halt, cache_misses = 131769
preemptive halt, cache_misses = 131769
preemptive halt, cache_misses = 131769
preemptive halt, cache_misses = 131769
preemptive halt, cache_misses = 131769
preemptive halt, cache_misses = 131769
preemptive halt, cache_misses = 131769
preemptive halt, cache_misses = 131769
preemptive halt, cache_misses = 131769
preemptive halt, cache_misses = 131769
preemptive halt, cache_misses = 131769
preemptive halt, cache_misses = 131769
preemptive halt, cache_misses = 131769
preemptive halt, cache_misses = 131769
preemptive halt, cache_misses = 131769
preemptive halt, cache_misses = 131769
preemptive halt, cache_misses = 131769
preemptive halt, cache_misses = 131769
preemptive halt, cache_misses = 131769
preemptive halt, cache_misses = 131769
preemptive halt, cache_misses = 131769
preemptive halt, cache_misses = 131769
preemptive halt, cache_misses = 131769
preemptive halt, cache_misses = 131769
preemptive halt, cache_misses = 131769
preemptive halt, cache_misses = 131769
preemptive halt, cache_misses = 131769
preemptive halt, cache_misses = 131769
preemptive halt, cache_misses = 131769
preemptive halt, cache_misses = 131769
preemptive halt, cache_misses = 131769
preemptive halt, cache_misses = 131769
preemptive halt, cache_misses = 131769
preemptive halt, cache_misses = 131769
preemptive halt, cache_misses = 131769
preemptive halt, cache_misses = 131769
preemptive halt, cache_misses = 131769
preemptive halt, cache_misses = 131769
preemptive halt, cache_misses = 131769
preemptive halt, cache_misses = 131769
preemptive halt, cache_misses = 131769
preemptive halt, cache_misses = 131769
preemptive halt, cache_misses = 131769
preemptive halt, cache_misses = 131769
preemptive halt, cache_misses = 131769
preemptive halt, cache_misses = 131769
preemptive halt, cache_misses = 131769
preemptive halt, cache_misses = 131769
preemptive halt, cache_misses = 131769
preemptive halt, cache_misses = 131769
preemptive halt, cache_misses = 131769
preemptive halt, cache_misses = 131769
preemptive halt, cache_misses = 131769
preemptive halt, cache_misses = 131769
preemptive halt, cache_misses = 131769
preemptive halt, cache_misses = 131769
preemptive halt, cache_misses = 131769
preemptive halt, cache_misses = 131769
preemptive halt, cache_misses = 131769
preemptive halt, cache_misses = 131769
preemptive halt, cache_misses = 131769
preemptive halt, cache_misses = 131769
preemptive halt, cache_misses = 131769
preemptive halt, cache_misses = 131769
preemptive halt, cache_misses = 131769
preemptive halt, cache_misses = 131769
preemptive halt, cache_misses = 131769
preemptive halt, cache_misses = 131769
preemptive halt, cache_misses = 131769
preemptive halt, cache_misses = 131769
preemptive halt, cache_misses = 131769
preemptive halt, cache_misses = 131769
preemptive halt, cache_misses = 131769
preemptive halt, cache_misses = 131769
preemptive halt, cache_misses = 131769
preemptive halt, cache_misses = 131769
preemptive halt, cache_misses = 131769
preemptive halt, cache_misses = 131769
preemptive halt, cache_misses = 131769
preemptive halt, cache_misses = 131769
preemptive halt, cache_misses = 131769
preemptive halt, cache_misses = 131769
preemptive halt, cache_misses = 131769
preemptive halt, cache_misses = 131769
preemptive halt, cache_misses = 131769
preemptive halt, cache_misses = 131769
binary search, size 51250  misses 131769  min 50000  max 52500
preemptive halt, cache_misses = 131770
preemptive halt, cache_misses = 131770
preemptive halt, cache_misses = 131770
preemptive halt, cache_misses = 131770
preemptive halt, cache_misses = 131770
preemptive halt, cache_misses = 131770
preemptive halt, cache_misses = 131770
preemptive halt, cache_misses = 131770
preemptive halt, cache_misses = 131770
preemptive halt, cache_misses = 131770
preemptive halt, cache_misses = 131770
preemptive halt, cache_misses = 131770
preemptive halt, cache_misses = 131770
preemptive halt, cache_misses = 131770
preemptive halt, cache_misses = 131770
preemptive halt, cache_misses = 131770
preemptive halt, cache_misses = 131770
preemptive halt, cache_misses = 131770
preemptive halt, cache_misses = 131770
preemptive halt, cache_misses = 131770
preemptive halt, cache_misses = 131770
preemptive halt, cache_misses = 131770
preemptive halt, cache_misses = 131770
preemptive halt, cache_misses = 131770
preemptive halt, cache_misses = 131770
preemptive halt, cache_misses = 131770
preemptive halt, cache_misses = 131770
preemptive halt, cache_misses = 131770
preemptive halt, cache_misses = 131770
preemptive halt, cache_misses = 131770
preemptive halt, cache_misses = 131770
preemptive halt, cache_misses = 131770
preemptive halt, cache_misses = 131770
preemptive halt, cache_misses = 131770
preemptive halt, cache_misses = 131770
preemptive halt, cache_misses = 131770
preemptive halt, cache_misses = 131770
preemptive halt, cache_misses = 131770
preemptive halt, cache_misses = 131770
preemptive halt, cache_misses = 131770
preemptive halt, cache_misses = 131770
preemptive halt, cache_misses = 131770
preemptive halt, cache_misses = 131770
preemptive halt, cache_misses = 131770
preemptive halt, cache_misses = 131770
preemptive halt, cache_misses = 131770
preemptive halt, cache_misses = 131770
preemptive halt, cache_misses = 131770
preemptive halt, cache_misses = 131770
preemptive halt, cache_misses = 131770
preemptive halt, cache_misses = 131770
preemptive halt, cache_misses = 131770
preemptive halt, cache_misses = 131770
preemptive halt, cache_misses = 131770
preemptive halt, cache_misses = 131770
preemptive halt, cache_misses = 131770
preemptive halt, cache_misses = 131770
preemptive halt, cache_misses = 131770
preemptive halt, cache_misses = 131770
preemptive halt, cache_misses = 131770
preemptive halt, cache_misses = 131770
preemptive halt, cache_misses = 131770
preemptive halt, cache_misses = 131770
preemptive halt, cache_misses = 131770
preemptive halt, cache_misses = 131770
preemptive halt, cache_misses = 131770
preemptive halt, cache_misses = 131770
preemptive halt, cache_misses = 131770
preemptive halt, cache_misses = 131770
preemptive halt, cache_misses = 131770
preemptive halt, cache_misses = 131770
preemptive halt, cache_misses = 131770
preemptive halt, cache_misses = 131770
preemptive halt, cache_misses = 131770
preemptive halt, cache_misses = 131770
preemptive halt, cache_misses = 131770
preemptive halt, cache_misses = 131770
preemptive halt, cache_misses = 131770
preemptive halt, cache_misses = 131770
preemptive halt, cache_misses = 131770
preemptive halt, cache_misses = 131770
preemptive halt, cache_misses = 131770
preemptive halt, cache_misses = 131770
preemptive halt, cache_misses = 131770
preemptive halt, cache_misses = 131770
preemptive halt, cache_misses = 131770
preemptive halt, cache_misses = 131770
preemptive halt, cache_misses = 131770
preemptive halt, cache_misses = 131770
preemptive halt, cache_misses = 131770
preemptive halt, cache_misses = 131770
preemptive halt, cache_misses = 131770
preemptive halt, cache_misses = 131770
preemptive halt, cache_misses = 131770
preemptive halt, cache_misses = 131770
preemptive halt, cache_misses = 131770
preemptive halt, cache_misses = 131770
preemptive halt, cache_misses = 131770
preemptive halt, cache_misses = 131770
preemptive halt, cache_misses = 131770
preemptive halt, cache_misses = 131770
preemptive halt, cache_misses = 131770
preemptive halt, cache_misses = 131770
preemptive halt, cache_misses = 131770
preemptive halt, cache_misses = 131770
preemptive halt, cache_misses = 131770
preemptive halt, cache_misses = 131770
preemptive halt, cache_misses = 131770
preemptive halt, cache_misses = 131770
preemptive halt, cache_misses = 131770
preemptive halt, cache_misses = 131770
preemptive halt, cache_misses = 131770
preemptive halt, cache_misses = 131770
preemptive halt, cache_misses = 131770
preemptive halt, cache_misses = 131770
preemptive halt, cache_misses = 131770
preemptive halt, cache_misses = 131770
preemptive halt, cache_misses = 131770
preemptive halt, cache_misses = 131770
preemptive halt, cache_misses = 131770
preemptive halt, cache_misses = 131770
preemptive halt, cache_misses = 131770
preemptive halt, cache_misses = 131770
preemptive halt, cache_misses = 131770
preemptive halt, cache_misses = 131770
preemptive halt, cache_misses = 131770
preemptive halt, cache_misses = 131770
preemptive halt, cache_misses = 131770
preemptive halt, cache_misses = 131770
preemptive halt, cache_misses = 131770
preemptive halt, cache_misses = 131770
preemptive halt, cache_misses = 131770
preemptive halt, cache_misses = 131770
preemptive halt, cache_misses = 131770
preemptive halt, cache_misses = 131770
preemptive halt, cache_misses = 131770
preemptive halt, cache_misses = 131770
preemptive halt, cache_misses = 131770
preemptive halt, cache_misses = 131770
preemptive halt, cache_misses = 131770
preemptive halt, cache_misses = 131770
preemptive halt, cache_misses = 131770
preemptive halt, cache_misses = 131770
preemptive halt, cache_misses = 131770
binary search, size 51875  misses 131770  min 51250  max 52500
preemptive halt, cache_misses = 131771
preemptive halt, cache_misses = 131771
preemptive halt, cache_misses = 131771
preemptive halt, cache_misses = 131771
preemptive halt, cache_misses = 131771
preemptive halt, cache_misses = 131771
preemptive halt, cache_misses = 131771
preemptive halt, cache_misses = 131771
preemptive halt, cache_misses = 131771
preemptive halt, cache_misses = 131771
preemptive halt, cache_misses = 131771
preemptive halt, cache_misses = 131771
preemptive halt, cache_misses = 131771
preemptive halt, cache_misses = 131771
preemptive halt, cache_misses = 131771
preemptive halt, cache_misses = 131771
preemptive halt, cache_misses = 131771
preemptive halt, cache_misses = 131771
preemptive halt, cache_misses = 131771
preemptive halt, cache_misses = 131771
preemptive halt, cache_misses = 131771
preemptive halt, cache_misses = 131771
preemptive halt, cache_misses = 131771
preemptive halt, cache_misses = 131771
preemptive halt, cache_misses = 131771
preemptive halt, cache_misses = 131771
preemptive halt, cache_misses = 131771
preemptive halt, cache_misses = 131771
preemptive halt, cache_misses = 131771
preemptive halt, cache_misses = 131771
preemptive halt, cache_misses = 131771
preemptive halt, cache_misses = 131771
preemptive halt, cache_misses = 131771
preemptive halt, cache_misses = 131771
preemptive halt, cache_misses = 131771
preemptive halt, cache_misses = 131771
preemptive halt, cache_misses = 131771
preemptive halt, cache_misses = 131771
preemptive halt, cache_misses = 131771
preemptive halt, cache_misses = 131771
preemptive halt, cache_misses = 131771
preemptive halt, cache_misses = 131771
preemptive halt, cache_misses = 131771
preemptive halt, cache_misses = 131771
preemptive halt, cache_misses = 131771
preemptive halt, cache_misses = 131771
preemptive halt, cache_misses = 131771
preemptive halt, cache_misses = 131771
preemptive halt, cache_misses = 131771
preemptive halt, cache_misses = 131771
preemptive halt, cache_misses = 131771
preemptive halt, cache_misses = 131771
preemptive halt, cache_misses = 131771
preemptive halt, cache_misses = 131771
preemptive halt, cache_misses = 131771
preemptive halt, cache_misses = 131771
preemptive halt, cache_misses = 131771
preemptive halt, cache_misses = 131771
preemptive halt, cache_misses = 131771
preemptive halt, cache_misses = 131771
preemptive halt, cache_misses = 131771
preemptive halt, cache_misses = 131771
preemptive halt, cache_misses = 131771
preemptive halt, cache_misses = 131771
preemptive halt, cache_misses = 131771
preemptive halt, cache_misses = 131771
preemptive halt, cache_misses = 131771
preemptive halt, cache_misses = 131771
preemptive halt, cache_misses = 131771
preemptive halt, cache_misses = 131771
preemptive halt, cache_misses = 131771
preemptive halt, cache_misses = 131771
preemptive halt, cache_misses = 131771
preemptive halt, cache_misses = 131771
preemptive halt, cache_misses = 131771
preemptive halt, cache_misses = 131771
preemptive halt, cache_misses = 131771
preemptive halt, cache_misses = 131771
preemptive halt, cache_misses = 131771
preemptive halt, cache_misses = 131771
preemptive halt, cache_misses = 131771
preemptive halt, cache_misses = 131771
preemptive halt, cache_misses = 131771
preemptive halt, cache_misses = 131771
preemptive halt, cache_misses = 131771
preemptive halt, cache_misses = 131771
preemptive halt, cache_misses = 131771
preemptive halt, cache_misses = 131771
preemptive halt, cache_misses = 131771
preemptive halt, cache_misses = 131771
preemptive halt, cache_misses = 131771
preemptive halt, cache_misses = 131771
preemptive halt, cache_misses = 131771
preemptive halt, cache_misses = 131771
preemptive halt, cache_misses = 131771
preemptive halt, cache_misses = 131771
preemptive halt, cache_misses = 131771
preemptive halt, cache_misses = 131771
preemptive halt, cache_misses = 131771
preemptive halt, cache_misses = 131771
preemptive halt, cache_misses = 131771
preemptive halt, cache_misses = 131771
preemptive halt, cache_misses = 131771
preemptive halt, cache_misses = 131771
preemptive halt, cache_misses = 131771
preemptive halt, cache_misses = 131771
preemptive halt, cache_misses = 131771
preemptive halt, cache_misses = 131771
preemptive halt, cache_misses = 131771
preemptive halt, cache_misses = 131771
preemptive halt, cache_misses = 131771
preemptive halt, cache_misses = 131771
preemptive halt, cache_misses = 131771
preemptive halt, cache_misses = 131771
preemptive halt, cache_misses = 131771
preemptive halt, cache_misses = 131771
preemptive halt, cache_misses = 131771
preemptive halt, cache_misses = 131771
preemptive halt, cache_misses = 131771
preemptive halt, cache_misses = 131771
preemptive halt, cache_misses = 131771
preemptive halt, cache_misses = 131771
preemptive halt, cache_misses = 131771
preemptive halt, cache_misses = 131771
preemptive halt, cache_misses = 131771
preemptive halt, cache_misses = 131771
preemptive halt, cache_misses = 131771
preemptive halt, cache_misses = 131771
preemptive halt, cache_misses = 131771
preemptive halt, cache_misses = 131771
preemptive halt, cache_misses = 131771
preemptive halt, cache_misses = 131771
preemptive halt, cache_misses = 131771
preemptive halt, cache_misses = 131771
preemptive halt, cache_misses = 131771
preemptive halt, cache_misses = 131771
preemptive halt, cache_misses = 131771
preemptive halt, cache_misses = 131771
preemptive halt, cache_misses = 131771
preemptive halt, cache_misses = 131771
preemptive halt, cache_misses = 131771
preemptive halt, cache_misses = 131771
preemptive halt, cache_misses = 131771
preemptive halt, cache_misses = 131771
preemptive halt, cache_misses = 131771
preemptive halt, cache_misses = 131771
binary search, size 52187  misses 131771  min 51875  max 52500
binary search, size 52343  misses 131768  min 52187  max 52500
preemptive halt, cache_misses = 131769
preemptive halt, cache_misses = 131769
preemptive halt, cache_misses = 131769
preemptive halt, cache_misses = 131769
preemptive halt, cache_misses = 131769
preemptive halt, cache_misses = 131769
preemptive halt, cache_misses = 131769
preemptive halt, cache_misses = 131769
preemptive halt, cache_misses = 131769
preemptive halt, cache_misses = 131769
preemptive halt, cache_misses = 131769
preemptive halt, cache_misses = 131769
preemptive halt, cache_misses = 131769
preemptive halt, cache_misses = 131769
preemptive halt, cache_misses = 131769
preemptive halt, cache_misses = 131769
preemptive halt, cache_misses = 131769
preemptive halt, cache_misses = 131769
preemptive halt, cache_misses = 131769
preemptive halt, cache_misses = 131769
preemptive halt, cache_misses = 131769
preemptive halt, cache_misses = 131769
preemptive halt, cache_misses = 131769
preemptive halt, cache_misses = 131769
preemptive halt, cache_misses = 131769
preemptive halt, cache_misses = 131769
preemptive halt, cache_misses = 131769
preemptive halt, cache_misses = 131769
preemptive halt, cache_misses = 131769
preemptive halt, cache_misses = 131769
preemptive halt, cache_misses = 131769
preemptive halt, cache_misses = 131769
preemptive halt, cache_misses = 131769
preemptive halt, cache_misses = 131769
preemptive halt, cache_misses = 131769
preemptive halt, cache_misses = 131769
preemptive halt, cache_misses = 131769
preemptive halt, cache_misses = 131769
preemptive halt, cache_misses = 131769
preemptive halt, cache_misses = 131769
preemptive halt, cache_misses = 131769
preemptive halt, cache_misses = 131769
preemptive halt, cache_misses = 131769
preemptive halt, cache_misses = 131769
preemptive halt, cache_misses = 131769
preemptive halt, cache_misses = 131769
preemptive halt, cache_misses = 131769
preemptive halt, cache_misses = 131769
preemptive halt, cache_misses = 131769
preemptive halt, cache_misses = 131769
preemptive halt, cache_misses = 131769
preemptive halt, cache_misses = 131769
preemptive halt, cache_misses = 131769
preemptive halt, cache_misses = 131769
preemptive halt, cache_misses = 131769
preemptive halt, cache_misses = 131769
preemptive halt, cache_misses = 131769
preemptive halt, cache_misses = 131769
preemptive halt, cache_misses = 131769
preemptive halt, cache_misses = 131769
preemptive halt, cache_misses = 131769
preemptive halt, cache_misses = 131769
preemptive halt, cache_misses = 131769
preemptive halt, cache_misses = 131769
preemptive halt, cache_misses = 131769
preemptive halt, cache_misses = 131769
preemptive halt, cache_misses = 131769
preemptive halt, cache_misses = 131769
preemptive halt, cache_misses = 131769
preemptive halt, cache_misses = 131769
preemptive halt, cache_misses = 131769
preemptive halt, cache_misses = 131769
preemptive halt, cache_misses = 131769
preemptive halt, cache_misses = 131769
preemptive halt, cache_misses = 131769
preemptive halt, cache_misses = 131769
preemptive halt, cache_misses = 131769
preemptive halt, cache_misses = 131769
preemptive halt, cache_misses = 131769
preemptive halt, cache_misses = 131769
preemptive halt, cache_misses = 131769
preemptive halt, cache_misses = 131769
preemptive halt, cache_misses = 131769
preemptive halt, cache_misses = 131769
preemptive halt, cache_misses = 131769
preemptive halt, cache_misses = 131769
preemptive halt, cache_misses = 131769
preemptive halt, cache_misses = 131769
preemptive halt, cache_misses = 131769
preemptive halt, cache_misses = 131769
preemptive halt, cache_misses = 131769
preemptive halt, cache_misses = 131769
preemptive halt, cache_misses = 131769
preemptive halt, cache_misses = 131769
preemptive halt, cache_misses = 131769
preemptive halt, cache_misses = 131769
preemptive halt, cache_misses = 131769
preemptive halt, cache_misses = 131769
preemptive halt, cache_misses = 131769
preemptive halt, cache_misses = 131769
preemptive halt, cache_misses = 131769
preemptive halt, cache_misses = 131769
preemptive halt, cache_misses = 131769
preemptive halt, cache_misses = 131769
preemptive halt, cache_misses = 131769
preemptive halt, cache_misses = 131769
preemptive halt, cache_misses = 131769
preemptive halt, cache_misses = 131769
preemptive halt, cache_misses = 131769
preemptive halt, cache_misses = 131769
preemptive halt, cache_misses = 131769
preemptive halt, cache_misses = 131769
preemptive halt, cache_misses = 131769
preemptive halt, cache_misses = 131769
preemptive halt, cache_misses = 131769
preemptive halt, cache_misses = 131769
preemptive halt, cache_misses = 131769
preemptive halt, cache_misses = 131769
preemptive halt, cache_misses = 131769
preemptive halt, cache_misses = 131769
preemptive halt, cache_misses = 131769
preemptive halt, cache_misses = 131769
preemptive halt, cache_misses = 131769
preemptive halt, cache_misses = 131769
preemptive halt, cache_misses = 131769
preemptive halt, cache_misses = 131769
preemptive halt, cache_misses = 131769
preemptive halt, cache_misses = 131769
preemptive halt, cache_misses = 131769
preemptive halt, cache_misses = 131769
preemptive halt, cache_misses = 131769
preemptive halt, cache_misses = 131769
preemptive halt, cache_misses = 131769
preemptive halt, cache_misses = 131769
preemptive halt, cache_misses = 131769
preemptive halt, cache_misses = 131769
preemptive halt, cache_misses = 131769
preemptive halt, cache_misses = 131769
preemptive halt, cache_misses = 131769
preemptive halt, cache_misses = 131769
preemptive halt, cache_misses = 131769
preemptive halt, cache_misses = 131769
binary search, size 52265  misses 131769  min 52187  max 52343
preemptive halt, cache_misses = 131770
preemptive halt, cache_misses = 131770
preemptive halt, cache_misses = 131770
preemptive halt, cache_misses = 131770
preemptive halt, cache_misses = 131770
preemptive halt, cache_misses = 131770
preemptive halt, cache_misses = 131770
preemptive halt, cache_misses = 131770
preemptive halt, cache_misses = 131770
preemptive halt, cache_misses = 131770
preemptive halt, cache_misses = 131770
preemptive halt, cache_misses = 131770
preemptive halt, cache_misses = 131770
preemptive halt, cache_misses = 131770
preemptive halt, cache_misses = 131770
preemptive halt, cache_misses = 131770
preemptive halt, cache_misses = 131770
preemptive halt, cache_misses = 131770
preemptive halt, cache_misses = 131770
preemptive halt, cache_misses = 131770
preemptive halt, cache_misses = 131770
preemptive halt, cache_misses = 131770
preemptive halt, cache_misses = 131770
preemptive halt, cache_misses = 131770
preemptive halt, cache_misses = 131770
preemptive halt, cache_misses = 131770
preemptive halt, cache_misses = 131770
preemptive halt, cache_misses = 131770
preemptive halt, cache_misses = 131770
preemptive halt, cache_misses = 131770
preemptive halt, cache_misses = 131770
preemptive halt, cache_misses = 131770
preemptive halt, cache_misses = 131770
preemptive halt, cache_misses = 131770
preemptive halt, cache_misses = 131770
preemptive halt, cache_misses = 131770
preemptive halt, cache_misses = 131770
preemptive halt, cache_misses = 131770
preemptive halt, cache_misses = 131770
preemptive halt, cache_misses = 131770
preemptive halt, cache_misses = 131770
preemptive halt, cache_misses = 131770
preemptive halt, cache_misses = 131770
preemptive halt, cache_misses = 131770
preemptive halt, cache_misses = 131770
preemptive halt, cache_misses = 131770
preemptive halt, cache_misses = 131770
preemptive halt, cache_misses = 131770
preemptive halt, cache_misses = 131770
preemptive halt, cache_misses = 131770
preemptive halt, cache_misses = 131770
preemptive halt, cache_misses = 131770
preemptive halt, cache_misses = 131770
preemptive halt, cache_misses = 131770
preemptive halt, cache_misses = 131770
preemptive halt, cache_misses = 131770
preemptive halt, cache_misses = 131770
preemptive halt, cache_misses = 131770
preemptive halt, cache_misses = 131770
preemptive halt, cache_misses = 131770
preemptive halt, cache_misses = 131770
preemptive halt, cache_misses = 131770
preemptive halt, cache_misses = 131770
preemptive halt, cache_misses = 131770
preemptive halt, cache_misses = 131770
preemptive halt, cache_misses = 131770
preemptive halt, cache_misses = 131770
preemptive halt, cache_misses = 131770
preemptive halt, cache_misses = 131770
preemptive halt, cache_misses = 131770
preemptive halt, cache_misses = 131770
preemptive halt, cache_misses = 131770
preemptive halt, cache_misses = 131770
preemptive halt, cache_misses = 131770
preemptive halt, cache_misses = 131770
preemptive halt, cache_misses = 131770
preemptive halt, cache_misses = 131770
preemptive halt, cache_misses = 131770
preemptive halt, cache_misses = 131770
preemptive halt, cache_misses = 131770
preemptive halt, cache_misses = 131770
preemptive halt, cache_misses = 131770
preemptive halt, cache_misses = 131770
preemptive halt, cache_misses = 131770
preemptive halt, cache_misses = 131770
preemptive halt, cache_misses = 131770
preemptive halt, cache_misses = 131770
preemptive halt, cache_misses = 131770
preemptive halt, cache_misses = 131770
preemptive halt, cache_misses = 131770
preemptive halt, cache_misses = 131770
preemptive halt, cache_misses = 131770
preemptive halt, cache_misses = 131770
preemptive halt, cache_misses = 131770
preemptive halt, cache_misses = 131770
preemptive halt, cache_misses = 131770
preemptive halt, cache_misses = 131770
preemptive halt, cache_misses = 131770
preemptive halt, cache_misses = 131770
preemptive halt, cache_misses = 131770
preemptive halt, cache_misses = 131770
preemptive halt, cache_misses = 131770
preemptive halt, cache_misses = 131770
preemptive halt, cache_misses = 131770
preemptive halt, cache_misses = 131770
preemptive halt, cache_misses = 131770
preemptive halt, cache_misses = 131770
preemptive halt, cache_misses = 131770
preemptive halt, cache_misses = 131770
preemptive halt, cache_misses = 131770
preemptive halt, cache_misses = 131770
preemptive halt, cache_misses = 131770
preemptive halt, cache_misses = 131770
preemptive halt, cache_misses = 131770
preemptive halt, cache_misses = 131770
preemptive halt, cache_misses = 131770
preemptive halt, cache_misses = 131770
preemptive halt, cache_misses = 131770
preemptive halt, cache_misses = 131770
preemptive halt, cache_misses = 131770
preemptive halt, cache_misses = 131770
preemptive halt, cache_misses = 131770
preemptive halt, cache_misses = 131770
preemptive halt, cache_misses = 131770
preemptive halt, cache_misses = 131770
preemptive halt, cache_misses = 131770
preemptive halt, cache_misses = 131770
preemptive halt, cache_misses = 131770
preemptive halt, cache_misses = 131770
preemptive halt, cache_misses = 131770
preemptive halt, cache_misses = 131770
preemptive halt, cache_misses = 131770
preemptive halt, cache_misses = 131770
preemptive halt, cache_misses = 131770
preemptive halt, cache_misses = 131770
preemptive halt, cache_misses = 131770
preemptive halt, cache_misses = 131770
preemptive halt, cache_misses = 131770
preemptive halt, cache_misses = 131770
preemptive halt, cache_misses = 131770
preemptive halt, cache_misses = 131770
preemptive halt, cache_misses = 131770
preemptive halt, cache_misses = 131770
preemptive halt, cache_misses = 131770
binary search, size 52304  misses 131770  min 52265  max 52343
preemptive halt, cache_misses = 131771
preemptive halt, cache_misses = 131771
preemptive halt, cache_misses = 131771
preemptive halt, cache_misses = 131771
preemptive halt, cache_misses = 131771
preemptive halt, cache_misses = 131771
preemptive halt, cache_misses = 131771
preemptive halt, cache_misses = 131771
preemptive halt, cache_misses = 131771
preemptive halt, cache_misses = 131771
preemptive halt, cache_misses = 131771
preemptive halt, cache_misses = 131771
preemptive halt, cache_misses = 131771
preemptive halt, cache_misses = 131771
preemptive halt, cache_misses = 131771
preemptive halt, cache_misses = 131771
preemptive halt, cache_misses = 131771
preemptive halt, cache_misses = 131771
preemptive halt, cache_misses = 131771
preemptive halt, cache_misses = 131771
preemptive halt, cache_misses = 131771
preemptive halt, cache_misses = 131771
preemptive halt, cache_misses = 131771
preemptive halt, cache_misses = 131771
preemptive halt, cache_misses = 131771
preemptive halt, cache_misses = 131771
preemptive halt, cache_misses = 131771
preemptive halt, cache_misses = 131771
preemptive halt, cache_misses = 131771
preemptive halt, cache_misses = 131771
preemptive halt, cache_misses = 131771
preemptive halt, cache_misses = 131771
preemptive halt, cache_misses = 131771
preemptive halt, cache_misses = 131771
preemptive halt, cache_misses = 131771
preemptive halt, cache_misses = 131771
preemptive halt, cache_misses = 131771
preemptive halt, cache_misses = 131771
preemptive halt, cache_misses = 131771
preemptive halt, cache_misses = 131771
preemptive halt, cache_misses = 131771
preemptive halt, cache_misses = 131771
preemptive halt, cache_misses = 131771
preemptive halt, cache_misses = 131771
preemptive halt, cache_misses = 131771
preemptive halt, cache_misses = 131771
preemptive halt, cache_misses = 131771
preemptive halt, cache_misses = 131771
preemptive halt, cache_misses = 131771
preemptive halt, cache_misses = 131771
preemptive halt, cache_misses = 131771
preemptive halt, cache_misses = 131771
preemptive halt, cache_misses = 131771
preemptive halt, cache_misses = 131771
preemptive halt, cache_misses = 131771
preemptive halt, cache_misses = 131771
preemptive halt, cache_misses = 131771
preemptive halt, cache_misses = 131771
preemptive halt, cache_misses = 131771
preemptive halt, cache_misses = 131771
preemptive halt, cache_misses = 131771
preemptive halt, cache_misses = 131771
preemptive halt, cache_misses = 131771
preemptive halt, cache_misses = 131771
preemptive halt, cache_misses = 131771
preemptive halt, cache_misses = 131771
preemptive halt, cache_misses = 131771
preemptive halt, cache_misses = 131771
preemptive halt, cache_misses = 131771
preemptive halt, cache_misses = 131771
preemptive halt, cache_misses = 131771
preemptive halt, cache_misses = 131771
preemptive halt, cache_misses = 131771
preemptive halt, cache_misses = 131771
preemptive halt, cache_misses = 131771
preemptive halt, cache_misses = 131771
preemptive halt, cache_misses = 131771
preemptive halt, cache_misses = 131771
preemptive halt, cache_misses = 131771
preemptive halt, cache_misses = 131771
preemptive halt, cache_misses = 131771
preemptive halt, cache_misses = 131771
preemptive halt, cache_misses = 131771
preemptive halt, cache_misses = 131771
preemptive halt, cache_misses = 131771
preemptive halt, cache_misses = 131771
preemptive halt, cache_misses = 131771
preemptive halt, cache_misses = 131771
preemptive halt, cache_misses = 131771
preemptive halt, cache_misses = 131771
preemptive halt, cache_misses = 131771
preemptive halt, cache_misses = 131771
preemptive halt, cache_misses = 131771
preemptive halt, cache_misses = 131771
preemptive halt, cache_misses = 131771
preemptive halt, cache_misses = 131771
preemptive halt, cache_misses = 131771
preemptive halt, cache_misses = 131771
preemptive halt, cache_misses = 131771
preemptive halt, cache_misses = 131771
preemptive halt, cache_misses = 131771
preemptive halt, cache_misses = 131771
preemptive halt, cache_misses = 131771
preemptive halt, cache_misses = 131771
preemptive halt, cache_misses = 131771
preemptive halt, cache_misses = 131771
preemptive halt, cache_misses = 131771
preemptive halt, cache_misses = 131771
preemptive halt, cache_misses = 131771
preemptive halt, cache_misses = 131771
preemptive halt, cache_misses = 131771
preemptive halt, cache_misses = 131771
preemptive halt, cache_misses = 131771
preemptive halt, cache_misses = 131771
preemptive halt, cache_misses = 131771
preemptive halt, cache_misses = 131771
preemptive halt, cache_misses = 131771
preemptive halt, cache_misses = 131771
preemptive halt, cache_misses = 131771
preemptive halt, cache_misses = 131771
preemptive halt, cache_misses = 131771
preemptive halt, cache_misses = 131771
preemptive halt, cache_misses = 131771
preemptive halt, cache_misses = 131771
preemptive halt, cache_misses = 131771
preemptive halt, cache_misses = 131771
preemptive halt, cache_misses = 131771
preemptive halt, cache_misses = 131771
preemptive halt, cache_misses = 131771
preemptive halt, cache_misses = 131771
preemptive halt, cache_misses = 131771
preemptive halt, cache_misses = 131771
preemptive halt, cache_misses = 131771
preemptive halt, cache_misses = 131771
preemptive halt, cache_misses = 131771
preemptive halt, cache_misses = 131771
preemptive halt, cache_misses = 131771
preemptive halt, cache_misses = 131771
preemptive halt, cache_misses = 131771
preemptive halt, cache_misses = 131771
preemptive halt, cache_misses = 131771
preemptive halt, cache_misses = 131771
preemptive halt, cache_misses = 131771
preemptive halt, cache_misses = 131771
preemptive halt, cache_misses = 131771
preemptive halt, cache_misses = 131771
binary search, size 52323  misses 131771  min 52304  max 52343
preemptive halt, cache_misses = 131772
preemptive halt, cache_misses = 131772
preemptive halt, cache_misses = 131772
preemptive halt, cache_misses = 131772
preemptive halt, cache_misses = 131772
preemptive halt, cache_misses = 131772
preemptive halt, cache_misses = 131772
preemptive halt, cache_misses = 131772
preemptive halt, cache_misses = 131772
preemptive halt, cache_misses = 131772
preemptive halt, cache_misses = 131772
preemptive halt, cache_misses = 131772
preemptive halt, cache_misses = 131772
preemptive halt, cache_misses = 131772
preemptive halt, cache_misses = 131772
preemptive halt, cache_misses = 131772
preemptive halt, cache_misses = 131772
preemptive halt, cache_misses = 131772
preemptive halt, cache_misses = 131772
preemptive halt, cache_misses = 131772
preemptive halt, cache_misses = 131772
preemptive halt, cache_misses = 131772
preemptive halt, cache_misses = 131772
preemptive halt, cache_misses = 131772
preemptive halt, cache_misses = 131772
preemptive halt, cache_misses = 131772
preemptive halt, cache_misses = 131772
preemptive halt, cache_misses = 131772
preemptive halt, cache_misses = 131772
preemptive halt, cache_misses = 131772
preemptive halt, cache_misses = 131772
preemptive halt, cache_misses = 131772
preemptive halt, cache_misses = 131772
preemptive halt, cache_misses = 131772
preemptive halt, cache_misses = 131772
preemptive halt, cache_misses = 131772
preemptive halt, cache_misses = 131772
preemptive halt, cache_misses = 131772
preemptive halt, cache_misses = 131772
preemptive halt, cache_misses = 131772
preemptive halt, cache_misses = 131772
preemptive halt, cache_misses = 131772
preemptive halt, cache_misses = 131772
preemptive halt, cache_misses = 131772
preemptive halt, cache_misses = 131772
preemptive halt, cache_misses = 131772
preemptive halt, cache_misses = 131772
preemptive halt, cache_misses = 131772
preemptive halt, cache_misses = 131772
preemptive halt, cache_misses = 131772
preemptive halt, cache_misses = 131772
preemptive halt, cache_misses = 131772
preemptive halt, cache_misses = 131772
preemptive halt, cache_misses = 131772
preemptive halt, cache_misses = 131772
preemptive halt, cache_misses = 131772
preemptive halt, cache_misses = 131772
preemptive halt, cache_misses = 131772
preemptive halt, cache_misses = 131772
preemptive halt, cache_misses = 131772
preemptive halt, cache_misses = 131772
preemptive halt, cache_misses = 131772
preemptive halt, cache_misses = 131772
preemptive halt, cache_misses = 131772
preemptive halt, cache_misses = 131772
preemptive halt, cache_misses = 131772
preemptive halt, cache_misses = 131772
preemptive halt, cache_misses = 131772
preemptive halt, cache_misses = 131772
preemptive halt, cache_misses = 131772
preemptive halt, cache_misses = 131772
preemptive halt, cache_misses = 131772
preemptive halt, cache_misses = 131772
preemptive halt, cache_misses = 131772
preemptive halt, cache_misses = 131772
preemptive halt, cache_misses = 131772
preemptive halt, cache_misses = 131772
preemptive halt, cache_misses = 131772
preemptive halt, cache_misses = 131772
preemptive halt, cache_misses = 131772
preemptive halt, cache_misses = 131772
preemptive halt, cache_misses = 131772
preemptive halt, cache_misses = 131772
preemptive halt, cache_misses = 131772
preemptive halt, cache_misses = 131772
preemptive halt, cache_misses = 131772
preemptive halt, cache_misses = 131772
preemptive halt, cache_misses = 131772
preemptive halt, cache_misses = 131772
preemptive halt, cache_misses = 131772
preemptive halt, cache_misses = 131772
preemptive halt, cache_misses = 131772
preemptive halt, cache_misses = 131772
preemptive halt, cache_misses = 131772
preemptive halt, cache_misses = 131772
preemptive halt, cache_misses = 131772
preemptive halt, cache_misses = 131772
preemptive halt, cache_misses = 131772
preemptive halt, cache_misses = 131772
preemptive halt, cache_misses = 131772
preemptive halt, cache_misses = 131772
preemptive halt, cache_misses = 131772
preemptive halt, cache_misses = 131772
preemptive halt, cache_misses = 131772
preemptive halt, cache_misses = 131772
preemptive halt, cache_misses = 131772
preemptive halt, cache_misses = 131772
preemptive halt, cache_misses = 131772
preemptive halt, cache_misses = 131772
preemptive halt, cache_misses = 131772
preemptive halt, cache_misses = 131772
preemptive halt, cache_misses = 131772
preemptive halt, cache_misses = 131772
preemptive halt, cache_misses = 131772
preemptive halt, cache_misses = 131772
preemptive halt, cache_misses = 131772
preemptive halt, cache_misses = 131772
preemptive halt, cache_misses = 131772
preemptive halt, cache_misses = 131772
preemptive halt, cache_misses = 131772
preemptive halt, cache_misses = 131772
preemptive halt, cache_misses = 131772
preemptive halt, cache_misses = 131772
preemptive halt, cache_misses = 131772
preemptive halt, cache_misses = 131772
preemptive halt, cache_misses = 131772
preemptive halt, cache_misses = 131772
preemptive halt, cache_misses = 131772
preemptive halt, cache_misses = 131772
preemptive halt, cache_misses = 131772
preemptive halt, cache_misses = 131772
preemptive halt, cache_misses = 131772
preemptive halt, cache_misses = 131772
preemptive halt, cache_misses = 131772
preemptive halt, cache_misses = 131772
preemptive halt, cache_misses = 131772
preemptive halt, cache_misses = 131772
preemptive halt, cache_misses = 131772
preemptive halt, cache_misses = 131772
preemptive halt, cache_misses = 131772
preemptive halt, cache_misses = 131772
preemptive halt, cache_misses = 131772
preemptive halt, cache_misses = 131772
preemptive halt, cache_misses = 131772
preemptive halt, cache_misses = 131772
preemptive halt, cache_misses = 131772
preemptive halt, cache_misses = 131772
preemptive halt, cache_misses = 131772
binary search, size 52333  misses 131772  min 52323  max 52343
preemptive halt, cache_misses = 131773
preemptive halt, cache_misses = 131773
preemptive halt, cache_misses = 131773
preemptive halt, cache_misses = 131773
preemptive halt, cache_misses = 131773
preemptive halt, cache_misses = 131773
preemptive halt, cache_misses = 131773
preemptive halt, cache_misses = 131773
preemptive halt, cache_misses = 131773
preemptive halt, cache_misses = 131773
preemptive halt, cache_misses = 131773
preemptive halt, cache_misses = 131773
preemptive halt, cache_misses = 131773
preemptive halt, cache_misses = 131773
preemptive halt, cache_misses = 131773
preemptive halt, cache_misses = 131773
preemptive halt, cache_misses = 131773
preemptive halt, cache_misses = 131773
preemptive halt, cache_misses = 131773
preemptive halt, cache_misses = 131773
preemptive halt, cache_misses = 131773
preemptive halt, cache_misses = 131773
preemptive halt, cache_misses = 131773
preemptive halt, cache_misses = 131773
preemptive halt, cache_misses = 131773
preemptive halt, cache_misses = 131773
preemptive halt, cache_misses = 131773
preemptive halt, cache_misses = 131773
preemptive halt, cache_misses = 131773
preemptive halt, cache_misses = 131773
preemptive halt, cache_misses = 131773
preemptive halt, cache_misses = 131773
preemptive halt, cache_misses = 131773
preemptive halt, cache_misses = 131773
preemptive halt, cache_misses = 131773
preemptive halt, cache_misses = 131773
preemptive halt, cache_misses = 131773
preemptive halt, cache_misses = 131773
preemptive halt, cache_misses = 131773
preemptive halt, cache_misses = 131773
preemptive halt, cache_misses = 131773
preemptive halt, cache_misses = 131773
preemptive halt, cache_misses = 131773
preemptive halt, cache_misses = 131773
preemptive halt, cache_misses = 131773
preemptive halt, cache_misses = 131773
preemptive halt, cache_misses = 131773
preemptive halt, cache_misses = 131773
preemptive halt, cache_misses = 131773
preemptive halt, cache_misses = 131773
preemptive halt, cache_misses = 131773
preemptive halt, cache_misses = 131773
preemptive halt, cache_misses = 131773
preemptive halt, cache_misses = 131773
preemptive halt, cache_misses = 131773
preemptive halt, cache_misses = 131773
preemptive halt, cache_misses = 131773
preemptive halt, cache_misses = 131773
preemptive halt, cache_misses = 131773
preemptive halt, cache_misses = 131773
preemptive halt, cache_misses = 131773
preemptive halt, cache_misses = 131773
preemptive halt, cache_misses = 131773
preemptive halt, cache_misses = 131773
preemptive halt, cache_misses = 131773
preemptive halt, cache_misses = 131773
preemptive halt, cache_misses = 131773
preemptive halt, cache_misses = 131773
preemptive halt, cache_misses = 131773
preemptive halt, cache_misses = 131773
preemptive halt, cache_misses = 131773
preemptive halt, cache_misses = 131773
preemptive halt, cache_misses = 131773
preemptive halt, cache_misses = 131773
preemptive halt, cache_misses = 131773
preemptive halt, cache_misses = 131773
preemptive halt, cache_misses = 131773
preemptive halt, cache_misses = 131773
preemptive halt, cache_misses = 131773
preemptive halt, cache_misses = 131773
preemptive halt, cache_misses = 131773
preemptive halt, cache_misses = 131773
preemptive halt, cache_misses = 131773
preemptive halt, cache_misses = 131773
preemptive halt, cache_misses = 131773
preemptive halt, cache_misses = 131773
preemptive halt, cache_misses = 131773
preemptive halt, cache_misses = 131773
preemptive halt, cache_misses = 131773
preemptive halt, cache_misses = 131773
preemptive halt, cache_misses = 131773
preemptive halt, cache_misses = 131773
preemptive halt, cache_misses = 131773
preemptive halt, cache_misses = 131773
preemptive halt, cache_misses = 131773
preemptive halt, cache_misses = 131773
preemptive halt, cache_misses = 131773
preemptive halt, cache_misses = 131773
preemptive halt, cache_misses = 131773
preemptive halt, cache_misses = 131773
preemptive halt, cache_misses = 131773
preemptive halt, cache_misses = 131773
preemptive halt, cache_misses = 131773
preemptive halt, cache_misses = 131773
preemptive halt, cache_misses = 131773
preemptive halt, cache_misses = 131773
preemptive halt, cache_misses = 131773
preemptive halt, cache_misses = 131773
preemptive halt, cache_misses = 131773
preemptive halt, cache_misses = 131773
preemptive halt, cache_misses = 131773
preemptive halt, cache_misses = 131773
preemptive halt, cache_misses = 131773
preemptive halt, cache_misses = 131773
preemptive halt, cache_misses = 131773
preemptive halt, cache_misses = 131773
preemptive halt, cache_misses = 131773
preemptive halt, cache_misses = 131773
preemptive halt, cache_misses = 131773
preemptive halt, cache_misses = 131773
preemptive halt, cache_misses = 131773
preemptive halt, cache_misses = 131773
preemptive halt, cache_misses = 131773
preemptive halt, cache_misses = 131773
preemptive halt, cache_misses = 131773
preemptive halt, cache_misses = 131773
preemptive halt, cache_misses = 131773
preemptive halt, cache_misses = 131773
preemptive halt, cache_misses = 131773
preemptive halt, cache_misses = 131773
preemptive halt, cache_misses = 131773
preemptive halt, cache_misses = 131773
preemptive halt, cache_misses = 131773
preemptive halt, cache_misses = 131773
preemptive halt, cache_misses = 131773
preemptive halt, cache_misses = 131773
preemptive halt, cache_misses = 131773
preemptive halt, cache_misses = 131773
preemptive halt, cache_misses = 131773
preemptive halt, cache_misses = 131773
preemptive halt, cache_misses = 131773
preemptive halt, cache_misses = 131773
preemptive halt, cache_misses = 131773
preemptive halt, cache_misses = 131773
preemptive halt, cache_misses = 131773
preemptive halt, cache_misses = 131773
preemptive halt, cache_misses = 131773
preemptive halt, cache_misses = 131773
preemptive halt, cache_misses = 131773
preemptive halt, cache_misses = 131773
binary search, size 52338  misses 131773  min 52333  max 52343
preemptive halt, cache_misses = 131774
preemptive halt, cache_misses = 131774
preemptive halt, cache_misses = 131774
preemptive halt, cache_misses = 131774
preemptive halt, cache_misses = 131774
preemptive halt, cache_misses = 131774
preemptive halt, cache_misses = 131774
preemptive halt, cache_misses = 131774
preemptive halt, cache_misses = 131774
preemptive halt, cache_misses = 131774
preemptive halt, cache_misses = 131774
preemptive halt, cache_misses = 131774
preemptive halt, cache_misses = 131774
preemptive halt, cache_misses = 131774
preemptive halt, cache_misses = 131774
preemptive halt, cache_misses = 131774
preemptive halt, cache_misses = 131774
preemptive halt, cache_misses = 131774
preemptive halt, cache_misses = 131774
preemptive halt, cache_misses = 131774
preemptive halt, cache_misses = 131774
preemptive halt, cache_misses = 131774
preemptive halt, cache_misses = 131774
preemptive halt, cache_misses = 131774
preemptive halt, cache_misses = 131774
preemptive halt, cache_misses = 131774
preemptive halt, cache_misses = 131774
preemptive halt, cache_misses = 131774
preemptive halt, cache_misses = 131774
preemptive halt, cache_misses = 131774
preemptive halt, cache_misses = 131774
preemptive halt, cache_misses = 131774
preemptive halt, cache_misses = 131774
preemptive halt, cache_misses = 131774
preemptive halt, cache_misses = 131774
preemptive halt, cache_misses = 131774
preemptive halt, cache_misses = 131774
preemptive halt, cache_misses = 131774
preemptive halt, cache_misses = 131774
preemptive halt, cache_misses = 131774
preemptive halt, cache_misses = 131774
preemptive halt, cache_misses = 131774
preemptive halt, cache_misses = 131774
preemptive halt, cache_misses = 131774
preemptive halt, cache_misses = 131774
preemptive halt, cache_misses = 131774
preemptive halt, cache_misses = 131774
preemptive halt, cache_misses = 131774
preemptive halt, cache_misses = 131774
preemptive halt, cache_misses = 131774
preemptive halt, cache_misses = 131774
preemptive halt, cache_misses = 131774
preemptive halt, cache_misses = 131774
preemptive halt, cache_misses = 131774
preemptive halt, cache_misses = 131774
preemptive halt, cache_misses = 131774
preemptive halt, cache_misses = 131774
preemptive halt, cache_misses = 131774
preemptive halt, cache_misses = 131774
preemptive halt, cache_misses = 131774
preemptive halt, cache_misses = 131774
preemptive halt, cache_misses = 131774
preemptive halt, cache_misses = 131774
preemptive halt, cache_misses = 131774
preemptive halt, cache_misses = 131774
preemptive halt, cache_misses = 131774
preemptive halt, cache_misses = 131774
preemptive halt, cache_misses = 131774
preemptive halt, cache_misses = 131774
preemptive halt, cache_misses = 131774
preemptive halt, cache_misses = 131774
preemptive halt, cache_misses = 131774
preemptive halt, cache_misses = 131774
preemptive halt, cache_misses = 131774
preemptive halt, cache_misses = 131774
preemptive halt, cache_misses = 131774
preemptive halt, cache_misses = 131774
preemptive halt, cache_misses = 131774
preemptive halt, cache_misses = 131774
preemptive halt, cache_misses = 131774
preemptive halt, cache_misses = 131774
preemptive halt, cache_misses = 131774
preemptive halt, cache_misses = 131774
preemptive halt, cache_misses = 131774
preemptive halt, cache_misses = 131774
preemptive halt, cache_misses = 131774
preemptive halt, cache_misses = 131774
preemptive halt, cache_misses = 131774
preemptive halt, cache_misses = 131774
preemptive halt, cache_misses = 131774
preemptive halt, cache_misses = 131774
preemptive halt, cache_misses = 131774
preemptive halt, cache_misses = 131774
preemptive halt, cache_misses = 131774
preemptive halt, cache_misses = 131774
preemptive halt, cache_misses = 131774
preemptive halt, cache_misses = 131774
preemptive halt, cache_misses = 131774
preemptive halt, cache_misses = 131774
preemptive halt, cache_misses = 131774
preemptive halt, cache_misses = 131774
preemptive halt, cache_misses = 131774
preemptive halt, cache_misses = 131774
preemptive halt, cache_misses = 131774
preemptive halt, cache_misses = 131774
preemptive halt, cache_misses = 131774
preemptive halt, cache_misses = 131774
preemptive halt, cache_misses = 131774
preemptive halt, cache_misses = 131774
preemptive halt, cache_misses = 131774
preemptive halt, cache_misses = 131774
preemptive halt, cache_misses = 131774
preemptive halt, cache_misses = 131774
preemptive halt, cache_misses = 131774
preemptive halt, cache_misses = 131774
preemptive halt, cache_misses = 131774
preemptive halt, cache_misses = 131774
preemptive halt, cache_misses = 131774
preemptive halt, cache_misses = 131774
preemptive halt, cache_misses = 131774
preemptive halt, cache_misses = 131774
preemptive halt, cache_misses = 131774
preemptive halt, cache_misses = 131774
preemptive halt, cache_misses = 131774
preemptive halt, cache_misses = 131774
preemptive halt, cache_misses = 131774
preemptive halt, cache_misses = 131774
preemptive halt, cache_misses = 131774
preemptive halt, cache_misses = 131774
preemptive halt, cache_misses = 131774
preemptive halt, cache_misses = 131774
preemptive halt, cache_misses = 131774
preemptive halt, cache_misses = 131774
preemptive halt, cache_misses = 131774
preemptive halt, cache_misses = 131774
preemptive halt, cache_misses = 131774
preemptive halt, cache_misses = 131774
preemptive halt, cache_misses = 131774
preemptive halt, cache_misses = 131774
preemptive halt, cache_misses = 131774
preemptive halt, cache_misses = 131774
preemptive halt, cache_misses = 131774
preemptive halt, cache_misses = 131774
preemptive halt, cache_misses = 131774
preemptive halt, cache_misses = 131774
preemptive halt, cache_misses = 131774
preemptive halt, cache_misses = 131774
preemptive halt, cache_misses = 131774
preemptive halt, cache_misses = 131774
preemptive halt, cache_misses = 131774
preemptive halt, cache_misses = 131774
preemptive halt, cache_misses = 131774
binary search, size 52340  misses 131774  min 52338  max 52343
preemptive halt, cache_misses = 131775
preemptive halt, cache_misses = 131775
preemptive halt, cache_misses = 131775
preemptive halt, cache_misses = 131775
preemptive halt, cache_misses = 131775
preemptive halt, cache_misses = 131775
preemptive halt, cache_misses = 131775
preemptive halt, cache_misses = 131775
preemptive halt, cache_misses = 131775
preemptive halt, cache_misses = 131775
preemptive halt, cache_misses = 131775
preemptive halt, cache_misses = 131775
preemptive halt, cache_misses = 131775
preemptive halt, cache_misses = 131775
preemptive halt, cache_misses = 131775
preemptive halt, cache_misses = 131775
preemptive halt, cache_misses = 131775
preemptive halt, cache_misses = 131775
preemptive halt, cache_misses = 131775
preemptive halt, cache_misses = 131775
preemptive halt, cache_misses = 131775
preemptive halt, cache_misses = 131775
preemptive halt, cache_misses = 131775
preemptive halt, cache_misses = 131775
preemptive halt, cache_misses = 131775
preemptive halt, cache_misses = 131775
preemptive halt, cache_misses = 131775
preemptive halt, cache_misses = 131775
preemptive halt, cache_misses = 131775
preemptive halt, cache_misses = 131775
preemptive halt, cache_misses = 131775
preemptive halt, cache_misses = 131775
preemptive halt, cache_misses = 131775
preemptive halt, cache_misses = 131775
preemptive halt, cache_misses = 131775
preemptive halt, cache_misses = 131775
preemptive halt, cache_misses = 131775
preemptive halt, cache_misses = 131775
preemptive halt, cache_misses = 131775
preemptive halt, cache_misses = 131775
preemptive halt, cache_misses = 131775
preemptive halt, cache_misses = 131775
preemptive halt, cache_misses = 131775
preemptive halt, cache_misses = 131775
preemptive halt, cache_misses = 131775
preemptive halt, cache_misses = 131775
preemptive halt, cache_misses = 131775
preemptive halt, cache_misses = 131775
preemptive halt, cache_misses = 131775
preemptive halt, cache_misses = 131775
preemptive halt, cache_misses = 131775
preemptive halt, cache_misses = 131775
preemptive halt, cache_misses = 131775
preemptive halt, cache_misses = 131775
preemptive halt, cache_misses = 131775
preemptive halt, cache_misses = 131775
preemptive halt, cache_misses = 131775
preemptive halt, cache_misses = 131775
preemptive halt, cache_misses = 131775
preemptive halt, cache_misses = 131775
preemptive halt, cache_misses = 131775
preemptive halt, cache_misses = 131775
preemptive halt, cache_misses = 131775
preemptive halt, cache_misses = 131775
preemptive halt, cache_misses = 131775
preemptive halt, cache_misses = 131775
preemptive halt, cache_misses = 131775
preemptive halt, cache_misses = 131775
preemptive halt, cache_misses = 131775
preemptive halt, cache_misses = 131775
preemptive halt, cache_misses = 131775
preemptive halt, cache_misses = 131775
preemptive halt, cache_misses = 131775
preemptive halt, cache_misses = 131775
preemptive halt, cache_misses = 131775
preemptive halt, cache_misses = 131775
preemptive halt, cache_misses = 131775
preemptive halt, cache_misses = 131775
preemptive halt, cache_misses = 131775
preemptive halt, cache_misses = 131775
preemptive halt, cache_misses = 131775
preemptive halt, cache_misses = 131775
preemptive halt, cache_misses = 131775
preemptive halt, cache_misses = 131775
preemptive halt, cache_misses = 131775
preemptive halt, cache_misses = 131775
preemptive halt, cache_misses = 131775
preemptive halt, cache_misses = 131775
preemptive halt, cache_misses = 131775
preemptive halt, cache_misses = 131775
preemptive halt, cache_misses = 131775
preemptive halt, cache_misses = 131775
preemptive halt, cache_misses = 131775
preemptive halt, cache_misses = 131775
preemptive halt, cache_misses = 131775
preemptive halt, cache_misses = 131775
preemptive halt, cache_misses = 131775
preemptive halt, cache_misses = 131775
preemptive halt, cache_misses = 131775
preemptive halt, cache_misses = 131775
preemptive halt, cache_misses = 131775
preemptive halt, cache_misses = 131775
preemptive halt, cache_misses = 131775
preemptive halt, cache_misses = 131775
preemptive halt, cache_misses = 131775
preemptive halt, cache_misses = 131775
preemptive halt, cache_misses = 131775
preemptive halt, cache_misses = 131775
preemptive halt, cache_misses = 131775
preemptive halt, cache_misses = 131775
preemptive halt, cache_misses = 131775
preemptive halt, cache_misses = 131775
preemptive halt, cache_misses = 131775
preemptive halt, cache_misses = 131775
preemptive halt, cache_misses = 131775
preemptive halt, cache_misses = 131775
preemptive halt, cache_misses = 131775
preemptive halt, cache_misses = 131775
preemptive halt, cache_misses = 131775
preemptive halt, cache_misses = 131775
preemptive halt, cache_misses = 131775
preemptive halt, cache_misses = 131775
preemptive halt, cache_misses = 131775
preemptive halt, cache_misses = 131775
preemptive halt, cache_misses = 131775
preemptive halt, cache_misses = 131775
preemptive halt, cache_misses = 131775
preemptive halt, cache_misses = 131775
preemptive halt, cache_misses = 131775
preemptive halt, cache_misses = 131775
preemptive halt, cache_misses = 131775
preemptive halt, cache_misses = 131775
preemptive halt, cache_misses = 131775
preemptive halt, cache_misses = 131775
preemptive halt, cache_misses = 131775
preemptive halt, cache_misses = 131775
preemptive halt, cache_misses = 131775
preemptive halt, cache_misses = 131775
preemptive halt, cache_misses = 131775
preemptive halt, cache_misses = 131775
preemptive halt, cache_misses = 131775
preemptive halt, cache_misses = 131775
preemptive halt, cache_misses = 131775
preemptive halt, cache_misses = 131775
preemptive halt, cache_misses = 131775
preemptive halt, cache_misses = 131775
preemptive halt, cache_misses = 131775
preemptive halt, cache_misses = 131775
preemptive halt, cache_misses = 131775
preemptive halt, cache_misses = 131775
preemptive halt, cache_misses = 131775
preemptive halt, cache_misses = 131775
preemptive halt, cache_misses = 131775
preemptive halt, cache_misses = 131775
binary search, size 52341  misses 131775  min 52340  max 52343
binary search, size 52342  misses 131768  min 52341  max 52343
characteristic cache size (binary search) for 362 = 52342
End at: 2021-04-02 16:00:14.414982
Time elapsed: 0:00:02.447688
