Begin at: 2021-04-02 16:00:26.455252
['../dist/Debug/GNU-Linux/memo_batch_tester', '', '--mbt_execution_trace_fname', 'olcs4_traceback_csize_input_types/OLCS4_lru_2021_04_02__15_55_02_k_3__d_2_cache_size_160000_problems_10_to_400/OLCS4_lru_2021_04_02__15_55_02_k_3__d_2_cache_size_160000_problems_10_to_400/OLCS4__do_traceback_prob_size_368_cache_size_160000_lru_k_3_d_2_execution_trace_2021_4_2_16_0_26_pid_20289.log', '--mbt_cache_misses_fname', 'olcs4_traceback_csize_input_types/OLCS4_lru_2021_04_02__15_55_02_k_3__d_2_cache_size_160000_problems_10_to_400/lcs_cost_OLCS4_lru_misses_for_cache_size.csv', '--mbt_misses_for_problem_size_fname', 'olcs4_traceback_csize_input_types/OLCS4_lru_2021_04_02__15_55_02_k_3__d_2_cache_size_160000_problems_10_to_400/lcs_cost_OLCS4_lru_misses_for_problem_size.csv', '--mbt_exact_cutoff_min_cache_size', '160000', '--mbt_exact_cutoff_max_cache_size', '160000', '--mbt_problem_type', 'lcs', '--mbt_metric_type', 'csize_binary_search', '--mbt_cutoff_ratio', '2.2', '--mbt_instance_fname', '368', '--mbt_detailed_cache_misses_out_fname', 'csize_olcs4_traceback_0011n_ceil_n_b_5.csv', '--mbt_phi_N', '5.0', '--mbt_problem_size', '368', '--lcs_compute_length', '0', '--lcs_perform_traceback', '1', '--lig_instance_type', '0011n_ceil_n_b', '--lig_n', '368', '--lig_c', '0.9', '--lig_b', '5.0', '--lcs_oblivious', '4', '--lcs_execution_trace_fname', 'olcs4_traceback_csize_input_types/OLCS4_lru_2021_04_02__15_55_02_k_3__d_2_cache_size_160000_problems_10_to_400/OLCS4_lru_2021_04_02__15_55_02_k_3__d_2_cache_size_160000_problems_10_to_400/OLCS4__do_traceback_prob_size_368_cache_size_160000_lru_k_3_d_2_execution_trace_2021_4_2_16_0_26_pid_20289.log', '--memo_caching_strategy', 'lru', '--memo_cache_size', '160001', '--memo_lru_queue_size', '160000', '--memo_cuckoo_k', '4', '--memo_key_length', '8', '--memo_value_length', '8', '--memo_k_timestamps', '3', '--memo_d_recent_timestamps', '2', '--memo_a_items_per_timestamp_factor', '0.4375']

csize_binary_search chosen
lcs problem_type lcs cache_size 160001
initialize_long_int_cache begin
init_memo
arguments to memo:
 --mbt_execution_trace_fname olcs4_traceback_csize_input_types/OLCS4_lru_2021_04_02__15_55_02_k_3__d_2_cache_size_160000_problems_10_to_400/OLCS4_lru_2021_04_02__15_55_02_k_3__d_2_cache_size_160000_problems_10_to_400/OLCS4__do_traceback_prob_size_368_cache_size_160000_lru_k_3_d_2_execution_trace_2021_4_2_16_0_26_pid_20289.log --mbt_cache_misses_fname olcs4_traceback_csize_input_types/OLCS4_lru_2021_04_02__15_55_02_k_3__d_2_cache_size_160000_problems_10_to_400/lcs_cost_OLCS4_lru_misses_for_cache_size.csv --mbt_misses_for_problem_size_fname olcs4_traceback_csize_input_types/OLCS4_lru_2021_04_02__15_55_02_k_3__d_2_cache_size_160000_problems_10_to_400/lcs_cost_OLCS4_lru_misses_for_problem_size.csv --mbt_exact_cutoff_min_cache_size 160000 --mbt_exact_cutoff_max_cache_size 160000 --mbt_problem_type lcs --mbt_metric_type csize_binary_search --mbt_cutoff_ratio 2.2 --mbt_instance_fname 368 --mbt_detailed_cache_misses_out_fname csize_olcs4_traceback_0011n_ceil_n_b_5.csv --mbt_phi_N 5.0 --mbt_problem_size 368 --lcs_compute_length 0 --lcs_perform_traceback 1 --lig_instance_type 0011n_ceil_n_b --lig_n 368 --lig_c 0.9 --lig_b 5.0 --lcs_oblivious 4 --lcs_execution_trace_fname olcs4_traceback_csize_input_types/OLCS4_lru_2021_04_02__15_55_02_k_3__d_2_cache_size_160000_problems_10_to_400/OLCS4_lru_2021_04_02__15_55_02_k_3__d_2_cache_size_160000_problems_10_to_400/OLCS4__do_traceback_prob_size_368_cache_size_160000_lru_k_3_d_2_execution_trace_2021_4_2_16_0_26_pid_20289.log --memo_caching_strategy lru --memo_cache_size 160001 --memo_lru_queue_size 160000 --memo_cuckoo_k 4 --memo_key_length 8 --memo_value_length 8 --memo_k_timestamps 3 --memo_d_recent_timestamps 2 --memo_a_items_per_timestamp_factor 0.4375 
calculate_table_size: table_size is 262144, original is 160001
Finished initializing cache
initialize_long_int_cache end
done initializing cache
initializing problem
done initializing problem
commence trials
Starting characteristic_cache_size_binary_search with max cache size 160001
binary search, size 160001  misses 136160
binary search, size 80000  misses 136160  min 0  max 160001
preemptive halt, cache_misses = 136161
preemptive halt, cache_misses = 136161
preemptive halt, cache_misses = 136161
preemptive halt, cache_misses = 136161
preemptive halt, cache_misses = 136161
preemptive halt, cache_misses = 136161
preemptive halt, cache_misses = 136161
preemptive halt, cache_misses = 136161
preemptive halt, cache_misses = 136161
preemptive halt, cache_misses = 136161
preemptive halt, cache_misses = 136161
preemptive halt, cache_misses = 136161
preemptive halt, cache_misses = 136161
preemptive halt, cache_misses = 136161
preemptive halt, cache_misses = 136161
preemptive halt, cache_misses = 136161
preemptive halt, cache_misses = 136161
preemptive halt, cache_misses = 136161
preemptive halt, cache_misses = 136161
preemptive halt, cache_misses = 136161
preemptive halt, cache_misses = 136161
preemptive halt, cache_misses = 136161
preemptive halt, cache_misses = 136161
preemptive halt, cache_misses = 136161
preemptive halt, cache_misses = 136161
preemptive halt, cache_misses = 136161
preemptive halt, cache_misses = 136161
preemptive halt, cache_misses = 136161
preemptive halt, cache_misses = 136161
preemptive halt, cache_misses = 136161
preemptive halt, cache_misses = 136161
preemptive halt, cache_misses = 136161
preemptive halt, cache_misses = 136161
preemptive halt, cache_misses = 136161
preemptive halt, cache_misses = 136161
preemptive halt, cache_misses = 136161
preemptive halt, cache_misses = 136161
preemptive halt, cache_misses = 136161
preemptive halt, cache_misses = 136161
preemptive halt, cache_misses = 136161
preemptive halt, cache_misses = 136161
preemptive halt, cache_misses = 136161
preemptive halt, cache_misses = 136161
preemptive halt, cache_misses = 136161
preemptive halt, cache_misses = 136161
preemptive halt, cache_misses = 136161
preemptive halt, cache_misses = 136161
preemptive halt, cache_misses = 136161
preemptive halt, cache_misses = 136161
preemptive halt, cache_misses = 136161
preemptive halt, cache_misses = 136161
preemptive halt, cache_misses = 136161
preemptive halt, cache_misses = 136161
preemptive halt, cache_misses = 136161
preemptive halt, cache_misses = 136161
preemptive halt, cache_misses = 136161
preemptive halt, cache_misses = 136161
preemptive halt, cache_misses = 136161
preemptive halt, cache_misses = 136161
preemptive halt, cache_misses = 136161
preemptive halt, cache_misses = 136161
preemptive halt, cache_misses = 136161
preemptive halt, cache_misses = 136161
preemptive halt, cache_misses = 136161
preemptive halt, cache_misses = 136161
preemptive halt, cache_misses = 136161
preemptive halt, cache_misses = 136161
preemptive halt, cache_misses = 136161
preemptive halt, cache_misses = 136161
preemptive halt, cache_misses = 136161
preemptive halt, cache_misses = 136161
preemptive halt, cache_misses = 136161
preemptive halt, cache_misses = 136161
preemptive halt, cache_misses = 136161
preemptive halt, cache_misses = 136161
preemptive halt, cache_misses = 136161
preemptive halt, cache_misses = 136161
preemptive halt, cache_misses = 136161
preemptive halt, cache_misses = 136161
preemptive halt, cache_misses = 136161
preemptive halt, cache_misses = 136161
preemptive halt, cache_misses = 136161
preemptive halt, cache_misses = 136161
preemptive halt, cache_misses = 136161
preemptive halt, cache_misses = 136161
preemptive halt, cache_misses = 136161
preemptive halt, cache_misses = 136161
preemptive halt, cache_misses = 136161
preemptive halt, cache_misses = 136161
preemptive halt, cache_misses = 136161
preemptive halt, cache_misses = 136161
preemptive halt, cache_misses = 136161
preemptive halt, cache_misses = 136161
preemptive halt, cache_misses = 136161
preemptive halt, cache_misses = 136161
preemptive halt, cache_misses = 136161
preemptive halt, cache_misses = 136161
preemptive halt, cache_misses = 136161
preemptive halt, cache_misses = 136161
preemptive halt, cache_misses = 136161
preemptive halt, cache_misses = 136161
preemptive halt, cache_misses = 136161
preemptive halt, cache_misses = 136161
preemptive halt, cache_misses = 136161
preemptive halt, cache_misses = 136161
preemptive halt, cache_misses = 136161
preemptive halt, cache_misses = 136161
preemptive halt, cache_misses = 136161
preemptive halt, cache_misses = 136161
preemptive halt, cache_misses = 136161
preemptive halt, cache_misses = 136161
preemptive halt, cache_misses = 136161
preemptive halt, cache_misses = 136161
preemptive halt, cache_misses = 136161
preemptive halt, cache_misses = 136161
preemptive halt, cache_misses = 136161
preemptive halt, cache_misses = 136161
preemptive halt, cache_misses = 136161
preemptive halt, cache_misses = 136161
preemptive halt, cache_misses = 136161
preemptive halt, cache_misses = 136161
preemptive halt, cache_misses = 136161
preemptive halt, cache_misses = 136161
preemptive halt, cache_misses = 136161
preemptive halt, cache_misses = 136161
preemptive halt, cache_misses = 136161
preemptive halt, cache_misses = 136161
preemptive halt, cache_misses = 136161
preemptive halt, cache_misses = 136161
preemptive halt, cache_misses = 136161
preemptive halt, cache_misses = 136161
preemptive halt, cache_misses = 136161
preemptive halt, cache_misses = 136161
preemptive halt, cache_misses = 136161
preemptive halt, cache_misses = 136161
preemptive halt, cache_misses = 136161
preemptive halt, cache_misses = 136161
preemptive halt, cache_misses = 136161
preemptive halt, cache_misses = 136161
preemptive halt, cache_misses = 136161
preemptive halt, cache_misses = 136161
preemptive halt, cache_misses = 136161
preemptive halt, cache_misses = 136161
preemptive halt, cache_misses = 136161
preemptive halt, cache_misses = 136161
preemptive halt, cache_misses = 136161
binary search, size 40000  misses 136161  min 0  max 80000
binary search, size 60000  misses 136160  min 40000  max 80000
preemptive halt, cache_misses = 136161
preemptive halt, cache_misses = 136161
preemptive halt, cache_misses = 136161
preemptive halt, cache_misses = 136161
preemptive halt, cache_misses = 136161
preemptive halt, cache_misses = 136161
preemptive halt, cache_misses = 136161
preemptive halt, cache_misses = 136161
preemptive halt, cache_misses = 136161
preemptive halt, cache_misses = 136161
preemptive halt, cache_misses = 136161
preemptive halt, cache_misses = 136161
preemptive halt, cache_misses = 136161
preemptive halt, cache_misses = 136161
preemptive halt, cache_misses = 136161
preemptive halt, cache_misses = 136161
preemptive halt, cache_misses = 136161
preemptive halt, cache_misses = 136161
preemptive halt, cache_misses = 136161
preemptive halt, cache_misses = 136161
preemptive halt, cache_misses = 136161
preemptive halt, cache_misses = 136161
preemptive halt, cache_misses = 136161
preemptive halt, cache_misses = 136161
preemptive halt, cache_misses = 136161
preemptive halt, cache_misses = 136161
preemptive halt, cache_misses = 136161
preemptive halt, cache_misses = 136161
preemptive halt, cache_misses = 136161
preemptive halt, cache_misses = 136161
preemptive halt, cache_misses = 136161
preemptive halt, cache_misses = 136161
preemptive halt, cache_misses = 136161
preemptive halt, cache_misses = 136161
preemptive halt, cache_misses = 136161
preemptive halt, cache_misses = 136161
preemptive halt, cache_misses = 136161
preemptive halt, cache_misses = 136161
preemptive halt, cache_misses = 136161
preemptive halt, cache_misses = 136161
preemptive halt, cache_misses = 136161
preemptive halt, cache_misses = 136161
preemptive halt, cache_misses = 136161
preemptive halt, cache_misses = 136161
preemptive halt, cache_misses = 136161
preemptive halt, cache_misses = 136161
preemptive halt, cache_misses = 136161
preemptive halt, cache_misses = 136161
preemptive halt, cache_misses = 136161
preemptive halt, cache_misses = 136161
preemptive halt, cache_misses = 136161
preemptive halt, cache_misses = 136161
preemptive halt, cache_misses = 136161
preemptive halt, cache_misses = 136161
preemptive halt, cache_misses = 136161
preemptive halt, cache_misses = 136161
preemptive halt, cache_misses = 136161
preemptive halt, cache_misses = 136161
preemptive halt, cache_misses = 136161
preemptive halt, cache_misses = 136161
preemptive halt, cache_misses = 136161
preemptive halt, cache_misses = 136161
preemptive halt, cache_misses = 136161
preemptive halt, cache_misses = 136161
preemptive halt, cache_misses = 136161
preemptive halt, cache_misses = 136161
preemptive halt, cache_misses = 136161
preemptive halt, cache_misses = 136161
preemptive halt, cache_misses = 136161
preemptive halt, cache_misses = 136161
preemptive halt, cache_misses = 136161
preemptive halt, cache_misses = 136161
preemptive halt, cache_misses = 136161
preemptive halt, cache_misses = 136161
preemptive halt, cache_misses = 136161
preemptive halt, cache_misses = 136161
preemptive halt, cache_misses = 136161
preemptive halt, cache_misses = 136161
preemptive halt, cache_misses = 136161
preemptive halt, cache_misses = 136161
preemptive halt, cache_misses = 136161
preemptive halt, cache_misses = 136161
preemptive halt, cache_misses = 136161
preemptive halt, cache_misses = 136161
preemptive halt, cache_misses = 136161
preemptive halt, cache_misses = 136161
preemptive halt, cache_misses = 136161
preemptive halt, cache_misses = 136161
preemptive halt, cache_misses = 136161
preemptive halt, cache_misses = 136161
preemptive halt, cache_misses = 136161
preemptive halt, cache_misses = 136161
preemptive halt, cache_misses = 136161
preemptive halt, cache_misses = 136161
preemptive halt, cache_misses = 136161
preemptive halt, cache_misses = 136161
preemptive halt, cache_misses = 136161
preemptive halt, cache_misses = 136161
preemptive halt, cache_misses = 136161
preemptive halt, cache_misses = 136161
preemptive halt, cache_misses = 136161
preemptive halt, cache_misses = 136161
preemptive halt, cache_misses = 136161
preemptive halt, cache_misses = 136161
preemptive halt, cache_misses = 136161
preemptive halt, cache_misses = 136161
preemptive halt, cache_misses = 136161
preemptive halt, cache_misses = 136161
preemptive halt, cache_misses = 136161
preemptive halt, cache_misses = 136161
preemptive halt, cache_misses = 136161
preemptive halt, cache_misses = 136161
preemptive halt, cache_misses = 136161
preemptive halt, cache_misses = 136161
preemptive halt, cache_misses = 136161
preemptive halt, cache_misses = 136161
preemptive halt, cache_misses = 136161
preemptive halt, cache_misses = 136161
preemptive halt, cache_misses = 136161
preemptive halt, cache_misses = 136161
preemptive halt, cache_misses = 136161
preemptive halt, cache_misses = 136161
preemptive halt, cache_misses = 136161
preemptive halt, cache_misses = 136161
preemptive halt, cache_misses = 136161
preemptive halt, cache_misses = 136161
preemptive halt, cache_misses = 136161
preemptive halt, cache_misses = 136161
preemptive halt, cache_misses = 136161
preemptive halt, cache_misses = 136161
preemptive halt, cache_misses = 136161
preemptive halt, cache_misses = 136161
preemptive halt, cache_misses = 136161
preemptive halt, cache_misses = 136161
preemptive halt, cache_misses = 136161
preemptive halt, cache_misses = 136161
preemptive halt, cache_misses = 136161
preemptive halt, cache_misses = 136161
preemptive halt, cache_misses = 136161
preemptive halt, cache_misses = 136161
preemptive halt, cache_misses = 136161
preemptive halt, cache_misses = 136161
preemptive halt, cache_misses = 136161
preemptive halt, cache_misses = 136161
preemptive halt, cache_misses = 136161
preemptive halt, cache_misses = 136161
binary search, size 50000  misses 136161  min 40000  max 60000
binary search, size 55000  misses 136160  min 50000  max 60000
preemptive halt, cache_misses = 136161
preemptive halt, cache_misses = 136161
preemptive halt, cache_misses = 136161
preemptive halt, cache_misses = 136161
preemptive halt, cache_misses = 136161
preemptive halt, cache_misses = 136161
preemptive halt, cache_misses = 136161
preemptive halt, cache_misses = 136161
preemptive halt, cache_misses = 136161
preemptive halt, cache_misses = 136161
preemptive halt, cache_misses = 136161
preemptive halt, cache_misses = 136161
preemptive halt, cache_misses = 136161
preemptive halt, cache_misses = 136161
preemptive halt, cache_misses = 136161
preemptive halt, cache_misses = 136161
preemptive halt, cache_misses = 136161
preemptive halt, cache_misses = 136161
preemptive halt, cache_misses = 136161
preemptive halt, cache_misses = 136161
preemptive halt, cache_misses = 136161
preemptive halt, cache_misses = 136161
preemptive halt, cache_misses = 136161
preemptive halt, cache_misses = 136161
preemptive halt, cache_misses = 136161
preemptive halt, cache_misses = 136161
preemptive halt, cache_misses = 136161
preemptive halt, cache_misses = 136161
preemptive halt, cache_misses = 136161
preemptive halt, cache_misses = 136161
preemptive halt, cache_misses = 136161
preemptive halt, cache_misses = 136161
preemptive halt, cache_misses = 136161
preemptive halt, cache_misses = 136161
preemptive halt, cache_misses = 136161
preemptive halt, cache_misses = 136161
preemptive halt, cache_misses = 136161
preemptive halt, cache_misses = 136161
preemptive halt, cache_misses = 136161
preemptive halt, cache_misses = 136161
preemptive halt, cache_misses = 136161
preemptive halt, cache_misses = 136161
preemptive halt, cache_misses = 136161
preemptive halt, cache_misses = 136161
preemptive halt, cache_misses = 136161
preemptive halt, cache_misses = 136161
preemptive halt, cache_misses = 136161
preemptive halt, cache_misses = 136161
preemptive halt, cache_misses = 136161
preemptive halt, cache_misses = 136161
preemptive halt, cache_misses = 136161
preemptive halt, cache_misses = 136161
preemptive halt, cache_misses = 136161
preemptive halt, cache_misses = 136161
preemptive halt, cache_misses = 136161
preemptive halt, cache_misses = 136161
preemptive halt, cache_misses = 136161
preemptive halt, cache_misses = 136161
preemptive halt, cache_misses = 136161
preemptive halt, cache_misses = 136161
preemptive halt, cache_misses = 136161
preemptive halt, cache_misses = 136161
preemptive halt, cache_misses = 136161
preemptive halt, cache_misses = 136161
preemptive halt, cache_misses = 136161
preemptive halt, cache_misses = 136161
preemptive halt, cache_misses = 136161
preemptive halt, cache_misses = 136161
preemptive halt, cache_misses = 136161
preemptive halt, cache_misses = 136161
preemptive halt, cache_misses = 136161
preemptive halt, cache_misses = 136161
preemptive halt, cache_misses = 136161
preemptive halt, cache_misses = 136161
preemptive halt, cache_misses = 136161
preemptive halt, cache_misses = 136161
preemptive halt, cache_misses = 136161
preemptive halt, cache_misses = 136161
preemptive halt, cache_misses = 136161
preemptive halt, cache_misses = 136161
preemptive halt, cache_misses = 136161
preemptive halt, cache_misses = 136161
preemptive halt, cache_misses = 136161
preemptive halt, cache_misses = 136161
preemptive halt, cache_misses = 136161
preemptive halt, cache_misses = 136161
preemptive halt, cache_misses = 136161
preemptive halt, cache_misses = 136161
preemptive halt, cache_misses = 136161
preemptive halt, cache_misses = 136161
preemptive halt, cache_misses = 136161
preemptive halt, cache_misses = 136161
preemptive halt, cache_misses = 136161
preemptive halt, cache_misses = 136161
preemptive halt, cache_misses = 136161
preemptive halt, cache_misses = 136161
preemptive halt, cache_misses = 136161
preemptive halt, cache_misses = 136161
preemptive halt, cache_misses = 136161
preemptive halt, cache_misses = 136161
preemptive halt, cache_misses = 136161
preemptive halt, cache_misses = 136161
preemptive halt, cache_misses = 136161
preemptive halt, cache_misses = 136161
preemptive halt, cache_misses = 136161
preemptive halt, cache_misses = 136161
preemptive halt, cache_misses = 136161
preemptive halt, cache_misses = 136161
preemptive halt, cache_misses = 136161
preemptive halt, cache_misses = 136161
preemptive halt, cache_misses = 136161
preemptive halt, cache_misses = 136161
preemptive halt, cache_misses = 136161
preemptive halt, cache_misses = 136161
preemptive halt, cache_misses = 136161
preemptive halt, cache_misses = 136161
preemptive halt, cache_misses = 136161
preemptive halt, cache_misses = 136161
preemptive halt, cache_misses = 136161
preemptive halt, cache_misses = 136161
preemptive halt, cache_misses = 136161
preemptive halt, cache_misses = 136161
preemptive halt, cache_misses = 136161
preemptive halt, cache_misses = 136161
preemptive halt, cache_misses = 136161
preemptive halt, cache_misses = 136161
preemptive halt, cache_misses = 136161
preemptive halt, cache_misses = 136161
preemptive halt, cache_misses = 136161
preemptive halt, cache_misses = 136161
preemptive halt, cache_misses = 136161
preemptive halt, cache_misses = 136161
preemptive halt, cache_misses = 136161
preemptive halt, cache_misses = 136161
preemptive halt, cache_misses = 136161
preemptive halt, cache_misses = 136161
preemptive halt, cache_misses = 136161
preemptive halt, cache_misses = 136161
preemptive halt, cache_misses = 136161
preemptive halt, cache_misses = 136161
preemptive halt, cache_misses = 136161
preemptive halt, cache_misses = 136161
preemptive halt, cache_misses = 136161
preemptive halt, cache_misses = 136161
preemptive halt, cache_misses = 136161
preemptive halt, cache_misses = 136161
binary search, size 52500  misses 136161  min 50000  max 55000
preemptive halt, cache_misses = 136162
preemptive halt, cache_misses = 136162
preemptive halt, cache_misses = 136162
preemptive halt, cache_misses = 136162
preemptive halt, cache_misses = 136162
preemptive halt, cache_misses = 136162
preemptive halt, cache_misses = 136162
preemptive halt, cache_misses = 136162
preemptive halt, cache_misses = 136162
preemptive halt, cache_misses = 136162
preemptive halt, cache_misses = 136162
preemptive halt, cache_misses = 136162
preemptive halt, cache_misses = 136162
preemptive halt, cache_misses = 136162
preemptive halt, cache_misses = 136162
preemptive halt, cache_misses = 136162
preemptive halt, cache_misses = 136162
preemptive halt, cache_misses = 136162
preemptive halt, cache_misses = 136162
preemptive halt, cache_misses = 136162
preemptive halt, cache_misses = 136162
preemptive halt, cache_misses = 136162
preemptive halt, cache_misses = 136162
preemptive halt, cache_misses = 136162
preemptive halt, cache_misses = 136162
preemptive halt, cache_misses = 136162
preemptive halt, cache_misses = 136162
preemptive halt, cache_misses = 136162
preemptive halt, cache_misses = 136162
preemptive halt, cache_misses = 136162
preemptive halt, cache_misses = 136162
preemptive halt, cache_misses = 136162
preemptive halt, cache_misses = 136162
preemptive halt, cache_misses = 136162
preemptive halt, cache_misses = 136162
preemptive halt, cache_misses = 136162
preemptive halt, cache_misses = 136162
preemptive halt, cache_misses = 136162
preemptive halt, cache_misses = 136162
preemptive halt, cache_misses = 136162
preemptive halt, cache_misses = 136162
preemptive halt, cache_misses = 136162
preemptive halt, cache_misses = 136162
preemptive halt, cache_misses = 136162
preemptive halt, cache_misses = 136162
preemptive halt, cache_misses = 136162
preemptive halt, cache_misses = 136162
preemptive halt, cache_misses = 136162
preemptive halt, cache_misses = 136162
preemptive halt, cache_misses = 136162
preemptive halt, cache_misses = 136162
preemptive halt, cache_misses = 136162
preemptive halt, cache_misses = 136162
preemptive halt, cache_misses = 136162
preemptive halt, cache_misses = 136162
preemptive halt, cache_misses = 136162
preemptive halt, cache_misses = 136162
preemptive halt, cache_misses = 136162
preemptive halt, cache_misses = 136162
preemptive halt, cache_misses = 136162
preemptive halt, cache_misses = 136162
preemptive halt, cache_misses = 136162
preemptive halt, cache_misses = 136162
preemptive halt, cache_misses = 136162
preemptive halt, cache_misses = 136162
preemptive halt, cache_misses = 136162
preemptive halt, cache_misses = 136162
preemptive halt, cache_misses = 136162
preemptive halt, cache_misses = 136162
preemptive halt, cache_misses = 136162
preemptive halt, cache_misses = 136162
preemptive halt, cache_misses = 136162
preemptive halt, cache_misses = 136162
preemptive halt, cache_misses = 136162
preemptive halt, cache_misses = 136162
preemptive halt, cache_misses = 136162
preemptive halt, cache_misses = 136162
preemptive halt, cache_misses = 136162
preemptive halt, cache_misses = 136162
preemptive halt, cache_misses = 136162
preemptive halt, cache_misses = 136162
preemptive halt, cache_misses = 136162
preemptive halt, cache_misses = 136162
preemptive halt, cache_misses = 136162
preemptive halt, cache_misses = 136162
preemptive halt, cache_misses = 136162
preemptive halt, cache_misses = 136162
preemptive halt, cache_misses = 136162
preemptive halt, cache_misses = 136162
preemptive halt, cache_misses = 136162
preemptive halt, cache_misses = 136162
preemptive halt, cache_misses = 136162
preemptive halt, cache_misses = 136162
preemptive halt, cache_misses = 136162
preemptive halt, cache_misses = 136162
preemptive halt, cache_misses = 136162
preemptive halt, cache_misses = 136162
preemptive halt, cache_misses = 136162
preemptive halt, cache_misses = 136162
preemptive halt, cache_misses = 136162
preemptive halt, cache_misses = 136162
preemptive halt, cache_misses = 136162
preemptive halt, cache_misses = 136162
preemptive halt, cache_misses = 136162
preemptive halt, cache_misses = 136162
preemptive halt, cache_misses = 136162
preemptive halt, cache_misses = 136162
preemptive halt, cache_misses = 136162
preemptive halt, cache_misses = 136162
preemptive halt, cache_misses = 136162
preemptive halt, cache_misses = 136162
preemptive halt, cache_misses = 136162
preemptive halt, cache_misses = 136162
preemptive halt, cache_misses = 136162
preemptive halt, cache_misses = 136162
preemptive halt, cache_misses = 136162
preemptive halt, cache_misses = 136162
preemptive halt, cache_misses = 136162
preemptive halt, cache_misses = 136162
preemptive halt, cache_misses = 136162
preemptive halt, cache_misses = 136162
preemptive halt, cache_misses = 136162
preemptive halt, cache_misses = 136162
preemptive halt, cache_misses = 136162
preemptive halt, cache_misses = 136162
preemptive halt, cache_misses = 136162
preemptive halt, cache_misses = 136162
preemptive halt, cache_misses = 136162
preemptive halt, cache_misses = 136162
preemptive halt, cache_misses = 136162
preemptive halt, cache_misses = 136162
preemptive halt, cache_misses = 136162
preemptive halt, cache_misses = 136162
preemptive halt, cache_misses = 136162
preemptive halt, cache_misses = 136162
preemptive halt, cache_misses = 136162
preemptive halt, cache_misses = 136162
preemptive halt, cache_misses = 136162
preemptive halt, cache_misses = 136162
preemptive halt, cache_misses = 136162
preemptive halt, cache_misses = 136162
preemptive halt, cache_misses = 136162
preemptive halt, cache_misses = 136162
preemptive halt, cache_misses = 136162
preemptive halt, cache_misses = 136162
preemptive halt, cache_misses = 136162
preemptive halt, cache_misses = 136162
preemptive halt, cache_misses = 136162
binary search, size 53750  misses 136162  min 52500  max 55000
binary search, size 54375  misses 136160  min 53750  max 55000
preemptive halt, cache_misses = 136161
preemptive halt, cache_misses = 136161
preemptive halt, cache_misses = 136161
preemptive halt, cache_misses = 136161
preemptive halt, cache_misses = 136161
preemptive halt, cache_misses = 136161
preemptive halt, cache_misses = 136161
preemptive halt, cache_misses = 136161
preemptive halt, cache_misses = 136161
preemptive halt, cache_misses = 136161
preemptive halt, cache_misses = 136161
preemptive halt, cache_misses = 136161
preemptive halt, cache_misses = 136161
preemptive halt, cache_misses = 136161
preemptive halt, cache_misses = 136161
preemptive halt, cache_misses = 136161
preemptive halt, cache_misses = 136161
preemptive halt, cache_misses = 136161
preemptive halt, cache_misses = 136161
preemptive halt, cache_misses = 136161
preemptive halt, cache_misses = 136161
preemptive halt, cache_misses = 136161
preemptive halt, cache_misses = 136161
preemptive halt, cache_misses = 136161
preemptive halt, cache_misses = 136161
preemptive halt, cache_misses = 136161
preemptive halt, cache_misses = 136161
preemptive halt, cache_misses = 136161
preemptive halt, cache_misses = 136161
preemptive halt, cache_misses = 136161
preemptive halt, cache_misses = 136161
preemptive halt, cache_misses = 136161
preemptive halt, cache_misses = 136161
preemptive halt, cache_misses = 136161
preemptive halt, cache_misses = 136161
preemptive halt, cache_misses = 136161
preemptive halt, cache_misses = 136161
preemptive halt, cache_misses = 136161
preemptive halt, cache_misses = 136161
preemptive halt, cache_misses = 136161
preemptive halt, cache_misses = 136161
preemptive halt, cache_misses = 136161
preemptive halt, cache_misses = 136161
preemptive halt, cache_misses = 136161
preemptive halt, cache_misses = 136161
preemptive halt, cache_misses = 136161
preemptive halt, cache_misses = 136161
preemptive halt, cache_misses = 136161
preemptive halt, cache_misses = 136161
preemptive halt, cache_misses = 136161
preemptive halt, cache_misses = 136161
preemptive halt, cache_misses = 136161
preemptive halt, cache_misses = 136161
preemptive halt, cache_misses = 136161
preemptive halt, cache_misses = 136161
preemptive halt, cache_misses = 136161
preemptive halt, cache_misses = 136161
preemptive halt, cache_misses = 136161
preemptive halt, cache_misses = 136161
preemptive halt, cache_misses = 136161
preemptive halt, cache_misses = 136161
preemptive halt, cache_misses = 136161
preemptive halt, cache_misses = 136161
preemptive halt, cache_misses = 136161
preemptive halt, cache_misses = 136161
preemptive halt, cache_misses = 136161
preemptive halt, cache_misses = 136161
preemptive halt, cache_misses = 136161
preemptive halt, cache_misses = 136161
preemptive halt, cache_misses = 136161
preemptive halt, cache_misses = 136161
preemptive halt, cache_misses = 136161
preemptive halt, cache_misses = 136161
preemptive halt, cache_misses = 136161
preemptive halt, cache_misses = 136161
preemptive halt, cache_misses = 136161
preemptive halt, cache_misses = 136161
preemptive halt, cache_misses = 136161
preemptive halt, cache_misses = 136161
preemptive halt, cache_misses = 136161
preemptive halt, cache_misses = 136161
preemptive halt, cache_misses = 136161
preemptive halt, cache_misses = 136161
preemptive halt, cache_misses = 136161
preemptive halt, cache_misses = 136161
preemptive halt, cache_misses = 136161
preemptive halt, cache_misses = 136161
preemptive halt, cache_misses = 136161
preemptive halt, cache_misses = 136161
preemptive halt, cache_misses = 136161
preemptive halt, cache_misses = 136161
preemptive halt, cache_misses = 136161
preemptive halt, cache_misses = 136161
preemptive halt, cache_misses = 136161
preemptive halt, cache_misses = 136161
preemptive halt, cache_misses = 136161
preemptive halt, cache_misses = 136161
preemptive halt, cache_misses = 136161
preemptive halt, cache_misses = 136161
preemptive halt, cache_misses = 136161
preemptive halt, cache_misses = 136161
preemptive halt, cache_misses = 136161
preemptive halt, cache_misses = 136161
preemptive halt, cache_misses = 136161
preemptive halt, cache_misses = 136161
preemptive halt, cache_misses = 136161
preemptive halt, cache_misses = 136161
preemptive halt, cache_misses = 136161
preemptive halt, cache_misses = 136161
preemptive halt, cache_misses = 136161
preemptive halt, cache_misses = 136161
preemptive halt, cache_misses = 136161
preemptive halt, cache_misses = 136161
preemptive halt, cache_misses = 136161
preemptive halt, cache_misses = 136161
preemptive halt, cache_misses = 136161
preemptive halt, cache_misses = 136161
preemptive halt, cache_misses = 136161
preemptive halt, cache_misses = 136161
preemptive halt, cache_misses = 136161
preemptive halt, cache_misses = 136161
preemptive halt, cache_misses = 136161
preemptive halt, cache_misses = 136161
preemptive halt, cache_misses = 136161
preemptive halt, cache_misses = 136161
preemptive halt, cache_misses = 136161
preemptive halt, cache_misses = 136161
preemptive halt, cache_misses = 136161
preemptive halt, cache_misses = 136161
preemptive halt, cache_misses = 136161
preemptive halt, cache_misses = 136161
preemptive halt, cache_misses = 136161
preemptive halt, cache_misses = 136161
preemptive halt, cache_misses = 136161
preemptive halt, cache_misses = 136161
preemptive halt, cache_misses = 136161
preemptive halt, cache_misses = 136161
preemptive halt, cache_misses = 136161
preemptive halt, cache_misses = 136161
preemptive halt, cache_misses = 136161
preemptive halt, cache_misses = 136161
preemptive halt, cache_misses = 136161
preemptive halt, cache_misses = 136161
preemptive halt, cache_misses = 136161
preemptive halt, cache_misses = 136161
preemptive halt, cache_misses = 136161
binary search, size 54062  misses 136161  min 53750  max 54375
preemptive halt, cache_misses = 136162
preemptive halt, cache_misses = 136162
preemptive halt, cache_misses = 136162
preemptive halt, cache_misses = 136162
preemptive halt, cache_misses = 136162
preemptive halt, cache_misses = 136162
preemptive halt, cache_misses = 136162
preemptive halt, cache_misses = 136162
preemptive halt, cache_misses = 136162
preemptive halt, cache_misses = 136162
preemptive halt, cache_misses = 136162
preemptive halt, cache_misses = 136162
preemptive halt, cache_misses = 136162
preemptive halt, cache_misses = 136162
preemptive halt, cache_misses = 136162
preemptive halt, cache_misses = 136162
preemptive halt, cache_misses = 136162
preemptive halt, cache_misses = 136162
preemptive halt, cache_misses = 136162
preemptive halt, cache_misses = 136162
preemptive halt, cache_misses = 136162
preemptive halt, cache_misses = 136162
preemptive halt, cache_misses = 136162
preemptive halt, cache_misses = 136162
preemptive halt, cache_misses = 136162
preemptive halt, cache_misses = 136162
preemptive halt, cache_misses = 136162
preemptive halt, cache_misses = 136162
preemptive halt, cache_misses = 136162
preemptive halt, cache_misses = 136162
preemptive halt, cache_misses = 136162
preemptive halt, cache_misses = 136162
preemptive halt, cache_misses = 136162
preemptive halt, cache_misses = 136162
preemptive halt, cache_misses = 136162
preemptive halt, cache_misses = 136162
preemptive halt, cache_misses = 136162
preemptive halt, cache_misses = 136162
preemptive halt, cache_misses = 136162
preemptive halt, cache_misses = 136162
preemptive halt, cache_misses = 136162
preemptive halt, cache_misses = 136162
preemptive halt, cache_misses = 136162
preemptive halt, cache_misses = 136162
preemptive halt, cache_misses = 136162
preemptive halt, cache_misses = 136162
preemptive halt, cache_misses = 136162
preemptive halt, cache_misses = 136162
preemptive halt, cache_misses = 136162
preemptive halt, cache_misses = 136162
preemptive halt, cache_misses = 136162
preemptive halt, cache_misses = 136162
preemptive halt, cache_misses = 136162
preemptive halt, cache_misses = 136162
preemptive halt, cache_misses = 136162
preemptive halt, cache_misses = 136162
preemptive halt, cache_misses = 136162
preemptive halt, cache_misses = 136162
preemptive halt, cache_misses = 136162
preemptive halt, cache_misses = 136162
preemptive halt, cache_misses = 136162
preemptive halt, cache_misses = 136162
preemptive halt, cache_misses = 136162
preemptive halt, cache_misses = 136162
preemptive halt, cache_misses = 136162
preemptive halt, cache_misses = 136162
preemptive halt, cache_misses = 136162
preemptive halt, cache_misses = 136162
preemptive halt, cache_misses = 136162
preemptive halt, cache_misses = 136162
preemptive halt, cache_misses = 136162
preemptive halt, cache_misses = 136162
preemptive halt, cache_misses = 136162
preemptive halt, cache_misses = 136162
preemptive halt, cache_misses = 136162
preemptive halt, cache_misses = 136162
preemptive halt, cache_misses = 136162
preemptive halt, cache_misses = 136162
preemptive halt, cache_misses = 136162
preemptive halt, cache_misses = 136162
preemptive halt, cache_misses = 136162
preemptive halt, cache_misses = 136162
preemptive halt, cache_misses = 136162
preemptive halt, cache_misses = 136162
preemptive halt, cache_misses = 136162
preemptive halt, cache_misses = 136162
preemptive halt, cache_misses = 136162
preemptive halt, cache_misses = 136162
preemptive halt, cache_misses = 136162
preemptive halt, cache_misses = 136162
preemptive halt, cache_misses = 136162
preemptive halt, cache_misses = 136162
preemptive halt, cache_misses = 136162
preemptive halt, cache_misses = 136162
preemptive halt, cache_misses = 136162
preemptive halt, cache_misses = 136162
preemptive halt, cache_misses = 136162
preemptive halt, cache_misses = 136162
preemptive halt, cache_misses = 136162
preemptive halt, cache_misses = 136162
preemptive halt, cache_misses = 136162
preemptive halt, cache_misses = 136162
preemptive halt, cache_misses = 136162
preemptive halt, cache_misses = 136162
preemptive halt, cache_misses = 136162
preemptive halt, cache_misses = 136162
preemptive halt, cache_misses = 136162
preemptive halt, cache_misses = 136162
preemptive halt, cache_misses = 136162
preemptive halt, cache_misses = 136162
preemptive halt, cache_misses = 136162
preemptive halt, cache_misses = 136162
preemptive halt, cache_misses = 136162
preemptive halt, cache_misses = 136162
preemptive halt, cache_misses = 136162
preemptive halt, cache_misses = 136162
preemptive halt, cache_misses = 136162
preemptive halt, cache_misses = 136162
preemptive halt, cache_misses = 136162
preemptive halt, cache_misses = 136162
preemptive halt, cache_misses = 136162
preemptive halt, cache_misses = 136162
preemptive halt, cache_misses = 136162
preemptive halt, cache_misses = 136162
preemptive halt, cache_misses = 136162
preemptive halt, cache_misses = 136162
preemptive halt, cache_misses = 136162
preemptive halt, cache_misses = 136162
preemptive halt, cache_misses = 136162
preemptive halt, cache_misses = 136162
preemptive halt, cache_misses = 136162
preemptive halt, cache_misses = 136162
preemptive halt, cache_misses = 136162
preemptive halt, cache_misses = 136162
preemptive halt, cache_misses = 136162
preemptive halt, cache_misses = 136162
preemptive halt, cache_misses = 136162
preemptive halt, cache_misses = 136162
preemptive halt, cache_misses = 136162
preemptive halt, cache_misses = 136162
preemptive halt, cache_misses = 136162
preemptive halt, cache_misses = 136162
preemptive halt, cache_misses = 136162
preemptive halt, cache_misses = 136162
preemptive halt, cache_misses = 136162
preemptive halt, cache_misses = 136162
preemptive halt, cache_misses = 136162
preemptive halt, cache_misses = 136162
binary search, size 54218  misses 136162  min 54062  max 54375
preemptive halt, cache_misses = 136163
preemptive halt, cache_misses = 136163
preemptive halt, cache_misses = 136163
preemptive halt, cache_misses = 136163
preemptive halt, cache_misses = 136163
preemptive halt, cache_misses = 136163
preemptive halt, cache_misses = 136163
preemptive halt, cache_misses = 136163
preemptive halt, cache_misses = 136163
preemptive halt, cache_misses = 136163
preemptive halt, cache_misses = 136163
preemptive halt, cache_misses = 136163
preemptive halt, cache_misses = 136163
preemptive halt, cache_misses = 136163
preemptive halt, cache_misses = 136163
preemptive halt, cache_misses = 136163
preemptive halt, cache_misses = 136163
preemptive halt, cache_misses = 136163
preemptive halt, cache_misses = 136163
preemptive halt, cache_misses = 136163
preemptive halt, cache_misses = 136163
preemptive halt, cache_misses = 136163
preemptive halt, cache_misses = 136163
preemptive halt, cache_misses = 136163
preemptive halt, cache_misses = 136163
preemptive halt, cache_misses = 136163
preemptive halt, cache_misses = 136163
preemptive halt, cache_misses = 136163
preemptive halt, cache_misses = 136163
preemptive halt, cache_misses = 136163
preemptive halt, cache_misses = 136163
preemptive halt, cache_misses = 136163
preemptive halt, cache_misses = 136163
preemptive halt, cache_misses = 136163
preemptive halt, cache_misses = 136163
preemptive halt, cache_misses = 136163
preemptive halt, cache_misses = 136163
preemptive halt, cache_misses = 136163
preemptive halt, cache_misses = 136163
preemptive halt, cache_misses = 136163
preemptive halt, cache_misses = 136163
preemptive halt, cache_misses = 136163
preemptive halt, cache_misses = 136163
preemptive halt, cache_misses = 136163
preemptive halt, cache_misses = 136163
preemptive halt, cache_misses = 136163
preemptive halt, cache_misses = 136163
preemptive halt, cache_misses = 136163
preemptive halt, cache_misses = 136163
preemptive halt, cache_misses = 136163
preemptive halt, cache_misses = 136163
preemptive halt, cache_misses = 136163
preemptive halt, cache_misses = 136163
preemptive halt, cache_misses = 136163
preemptive halt, cache_misses = 136163
preemptive halt, cache_misses = 136163
preemptive halt, cache_misses = 136163
preemptive halt, cache_misses = 136163
preemptive halt, cache_misses = 136163
preemptive halt, cache_misses = 136163
preemptive halt, cache_misses = 136163
preemptive halt, cache_misses = 136163
preemptive halt, cache_misses = 136163
preemptive halt, cache_misses = 136163
preemptive halt, cache_misses = 136163
preemptive halt, cache_misses = 136163
preemptive halt, cache_misses = 136163
preemptive halt, cache_misses = 136163
preemptive halt, cache_misses = 136163
preemptive halt, cache_misses = 136163
preemptive halt, cache_misses = 136163
preemptive halt, cache_misses = 136163
preemptive halt, cache_misses = 136163
preemptive halt, cache_misses = 136163
preemptive halt, cache_misses = 136163
preemptive halt, cache_misses = 136163
preemptive halt, cache_misses = 136163
preemptive halt, cache_misses = 136163
preemptive halt, cache_misses = 136163
preemptive halt, cache_misses = 136163
preemptive halt, cache_misses = 136163
preemptive halt, cache_misses = 136163
preemptive halt, cache_misses = 136163
preemptive halt, cache_misses = 136163
preemptive halt, cache_misses = 136163
preemptive halt, cache_misses = 136163
preemptive halt, cache_misses = 136163
preemptive halt, cache_misses = 136163
preemptive halt, cache_misses = 136163
preemptive halt, cache_misses = 136163
preemptive halt, cache_misses = 136163
preemptive halt, cache_misses = 136163
preemptive halt, cache_misses = 136163
preemptive halt, cache_misses = 136163
preemptive halt, cache_misses = 136163
preemptive halt, cache_misses = 136163
preemptive halt, cache_misses = 136163
preemptive halt, cache_misses = 136163
preemptive halt, cache_misses = 136163
preemptive halt, cache_misses = 136163
preemptive halt, cache_misses = 136163
preemptive halt, cache_misses = 136163
preemptive halt, cache_misses = 136163
preemptive halt, cache_misses = 136163
preemptive halt, cache_misses = 136163
preemptive halt, cache_misses = 136163
preemptive halt, cache_misses = 136163
preemptive halt, cache_misses = 136163
preemptive halt, cache_misses = 136163
preemptive halt, cache_misses = 136163
preemptive halt, cache_misses = 136163
preemptive halt, cache_misses = 136163
preemptive halt, cache_misses = 136163
preemptive halt, cache_misses = 136163
preemptive halt, cache_misses = 136163
preemptive halt, cache_misses = 136163
preemptive halt, cache_misses = 136163
preemptive halt, cache_misses = 136163
preemptive halt, cache_misses = 136163
preemptive halt, cache_misses = 136163
preemptive halt, cache_misses = 136163
preemptive halt, cache_misses = 136163
preemptive halt, cache_misses = 136163
preemptive halt, cache_misses = 136163
preemptive halt, cache_misses = 136163
preemptive halt, cache_misses = 136163
preemptive halt, cache_misses = 136163
preemptive halt, cache_misses = 136163
preemptive halt, cache_misses = 136163
preemptive halt, cache_misses = 136163
preemptive halt, cache_misses = 136163
preemptive halt, cache_misses = 136163
preemptive halt, cache_misses = 136163
preemptive halt, cache_misses = 136163
preemptive halt, cache_misses = 136163
preemptive halt, cache_misses = 136163
preemptive halt, cache_misses = 136163
preemptive halt, cache_misses = 136163
preemptive halt, cache_misses = 136163
preemptive halt, cache_misses = 136163
preemptive halt, cache_misses = 136163
preemptive halt, cache_misses = 136163
preemptive halt, cache_misses = 136163
preemptive halt, cache_misses = 136163
preemptive halt, cache_misses = 136163
preemptive halt, cache_misses = 136163
preemptive halt, cache_misses = 136163
preemptive halt, cache_misses = 136163
preemptive halt, cache_misses = 136163
preemptive halt, cache_misses = 136163
binary search, size 54296  misses 136163  min 54218  max 54375
binary search, size 54335  misses 136160  min 54296  max 54375
binary search, size 54315  misses 136160  min 54296  max 54335
preemptive halt, cache_misses = 136161
preemptive halt, cache_misses = 136161
preemptive halt, cache_misses = 136161
preemptive halt, cache_misses = 136161
preemptive halt, cache_misses = 136161
preemptive halt, cache_misses = 136161
preemptive halt, cache_misses = 136161
preemptive halt, cache_misses = 136161
preemptive halt, cache_misses = 136161
preemptive halt, cache_misses = 136161
preemptive halt, cache_misses = 136161
preemptive halt, cache_misses = 136161
preemptive halt, cache_misses = 136161
preemptive halt, cache_misses = 136161
preemptive halt, cache_misses = 136161
preemptive halt, cache_misses = 136161
preemptive halt, cache_misses = 136161
preemptive halt, cache_misses = 136161
preemptive halt, cache_misses = 136161
preemptive halt, cache_misses = 136161
preemptive halt, cache_misses = 136161
preemptive halt, cache_misses = 136161
preemptive halt, cache_misses = 136161
preemptive halt, cache_misses = 136161
preemptive halt, cache_misses = 136161
preemptive halt, cache_misses = 136161
preemptive halt, cache_misses = 136161
preemptive halt, cache_misses = 136161
preemptive halt, cache_misses = 136161
preemptive halt, cache_misses = 136161
preemptive halt, cache_misses = 136161
preemptive halt, cache_misses = 136161
preemptive halt, cache_misses = 136161
preemptive halt, cache_misses = 136161
preemptive halt, cache_misses = 136161
preemptive halt, cache_misses = 136161
preemptive halt, cache_misses = 136161
preemptive halt, cache_misses = 136161
preemptive halt, cache_misses = 136161
preemptive halt, cache_misses = 136161
preemptive halt, cache_misses = 136161
preemptive halt, cache_misses = 136161
preemptive halt, cache_misses = 136161
preemptive halt, cache_misses = 136161
preemptive halt, cache_misses = 136161
preemptive halt, cache_misses = 136161
preemptive halt, cache_misses = 136161
preemptive halt, cache_misses = 136161
preemptive halt, cache_misses = 136161
preemptive halt, cache_misses = 136161
preemptive halt, cache_misses = 136161
preemptive halt, cache_misses = 136161
preemptive halt, cache_misses = 136161
preemptive halt, cache_misses = 136161
preemptive halt, cache_misses = 136161
preemptive halt, cache_misses = 136161
preemptive halt, cache_misses = 136161
preemptive halt, cache_misses = 136161
preemptive halt, cache_misses = 136161
preemptive halt, cache_misses = 136161
preemptive halt, cache_misses = 136161
preemptive halt, cache_misses = 136161
preemptive halt, cache_misses = 136161
preemptive halt, cache_misses = 136161
preemptive halt, cache_misses = 136161
preemptive halt, cache_misses = 136161
preemptive halt, cache_misses = 136161
preemptive halt, cache_misses = 136161
preemptive halt, cache_misses = 136161
preemptive halt, cache_misses = 136161
preemptive halt, cache_misses = 136161
preemptive halt, cache_misses = 136161
preemptive halt, cache_misses = 136161
preemptive halt, cache_misses = 136161
preemptive halt, cache_misses = 136161
preemptive halt, cache_misses = 136161
preemptive halt, cache_misses = 136161
preemptive halt, cache_misses = 136161
preemptive halt, cache_misses = 136161
preemptive halt, cache_misses = 136161
preemptive halt, cache_misses = 136161
preemptive halt, cache_misses = 136161
preemptive halt, cache_misses = 136161
preemptive halt, cache_misses = 136161
preemptive halt, cache_misses = 136161
preemptive halt, cache_misses = 136161
preemptive halt, cache_misses = 136161
preemptive halt, cache_misses = 136161
preemptive halt, cache_misses = 136161
preemptive halt, cache_misses = 136161
preemptive halt, cache_misses = 136161
preemptive halt, cache_misses = 136161
preemptive halt, cache_misses = 136161
preemptive halt, cache_misses = 136161
preemptive halt, cache_misses = 136161
preemptive halt, cache_misses = 136161
preemptive halt, cache_misses = 136161
preemptive halt, cache_misses = 136161
preemptive halt, cache_misses = 136161
preemptive halt, cache_misses = 136161
preemptive halt, cache_misses = 136161
preemptive halt, cache_misses = 136161
preemptive halt, cache_misses = 136161
preemptive halt, cache_misses = 136161
preemptive halt, cache_misses = 136161
preemptive halt, cache_misses = 136161
preemptive halt, cache_misses = 136161
preemptive halt, cache_misses = 136161
preemptive halt, cache_misses = 136161
preemptive halt, cache_misses = 136161
preemptive halt, cache_misses = 136161
preemptive halt, cache_misses = 136161
preemptive halt, cache_misses = 136161
preemptive halt, cache_misses = 136161
preemptive halt, cache_misses = 136161
preemptive halt, cache_misses = 136161
preemptive halt, cache_misses = 136161
preemptive halt, cache_misses = 136161
preemptive halt, cache_misses = 136161
preemptive halt, cache_misses = 136161
preemptive halt, cache_misses = 136161
preemptive halt, cache_misses = 136161
preemptive halt, cache_misses = 136161
preemptive halt, cache_misses = 136161
preemptive halt, cache_misses = 136161
preemptive halt, cache_misses = 136161
preemptive halt, cache_misses = 136161
preemptive halt, cache_misses = 136161
preemptive halt, cache_misses = 136161
preemptive halt, cache_misses = 136161
preemptive halt, cache_misses = 136161
preemptive halt, cache_misses = 136161
preemptive halt, cache_misses = 136161
preemptive halt, cache_misses = 136161
preemptive halt, cache_misses = 136161
preemptive halt, cache_misses = 136161
preemptive halt, cache_misses = 136161
preemptive halt, cache_misses = 136161
preemptive halt, cache_misses = 136161
preemptive halt, cache_misses = 136161
preemptive halt, cache_misses = 136161
preemptive halt, cache_misses = 136161
preemptive halt, cache_misses = 136161
preemptive halt, cache_misses = 136161
preemptive halt, cache_misses = 136161
preemptive halt, cache_misses = 136161
binary search, size 54305  misses 136161  min 54296  max 54315
preemptive halt, cache_misses = 136162
preemptive halt, cache_misses = 136162
preemptive halt, cache_misses = 136162
preemptive halt, cache_misses = 136162
preemptive halt, cache_misses = 136162
preemptive halt, cache_misses = 136162
preemptive halt, cache_misses = 136162
preemptive halt, cache_misses = 136162
preemptive halt, cache_misses = 136162
preemptive halt, cache_misses = 136162
preemptive halt, cache_misses = 136162
preemptive halt, cache_misses = 136162
preemptive halt, cache_misses = 136162
preemptive halt, cache_misses = 136162
preemptive halt, cache_misses = 136162
preemptive halt, cache_misses = 136162
preemptive halt, cache_misses = 136162
preemptive halt, cache_misses = 136162
preemptive halt, cache_misses = 136162
preemptive halt, cache_misses = 136162
preemptive halt, cache_misses = 136162
preemptive halt, cache_misses = 136162
preemptive halt, cache_misses = 136162
preemptive halt, cache_misses = 136162
preemptive halt, cache_misses = 136162
preemptive halt, cache_misses = 136162
preemptive halt, cache_misses = 136162
preemptive halt, cache_misses = 136162
preemptive halt, cache_misses = 136162
preemptive halt, cache_misses = 136162
preemptive halt, cache_misses = 136162
preemptive halt, cache_misses = 136162
preemptive halt, cache_misses = 136162
preemptive halt, cache_misses = 136162
preemptive halt, cache_misses = 136162
preemptive halt, cache_misses = 136162
preemptive halt, cache_misses = 136162
preemptive halt, cache_misses = 136162
preemptive halt, cache_misses = 136162
preemptive halt, cache_misses = 136162
preemptive halt, cache_misses = 136162
preemptive halt, cache_misses = 136162
preemptive halt, cache_misses = 136162
preemptive halt, cache_misses = 136162
preemptive halt, cache_misses = 136162
preemptive halt, cache_misses = 136162
preemptive halt, cache_misses = 136162
preemptive halt, cache_misses = 136162
preemptive halt, cache_misses = 136162
preemptive halt, cache_misses = 136162
preemptive halt, cache_misses = 136162
preemptive halt, cache_misses = 136162
preemptive halt, cache_misses = 136162
preemptive halt, cache_misses = 136162
preemptive halt, cache_misses = 136162
preemptive halt, cache_misses = 136162
preemptive halt, cache_misses = 136162
preemptive halt, cache_misses = 136162
preemptive halt, cache_misses = 136162
preemptive halt, cache_misses = 136162
preemptive halt, cache_misses = 136162
preemptive halt, cache_misses = 136162
preemptive halt, cache_misses = 136162
preemptive halt, cache_misses = 136162
preemptive halt, cache_misses = 136162
preemptive halt, cache_misses = 136162
preemptive halt, cache_misses = 136162
preemptive halt, cache_misses = 136162
preemptive halt, cache_misses = 136162
preemptive halt, cache_misses = 136162
preemptive halt, cache_misses = 136162
preemptive halt, cache_misses = 136162
preemptive halt, cache_misses = 136162
preemptive halt, cache_misses = 136162
preemptive halt, cache_misses = 136162
preemptive halt, cache_misses = 136162
preemptive halt, cache_misses = 136162
preemptive halt, cache_misses = 136162
preemptive halt, cache_misses = 136162
preemptive halt, cache_misses = 136162
preemptive halt, cache_misses = 136162
preemptive halt, cache_misses = 136162
preemptive halt, cache_misses = 136162
preemptive halt, cache_misses = 136162
preemptive halt, cache_misses = 136162
preemptive halt, cache_misses = 136162
preemptive halt, cache_misses = 136162
preemptive halt, cache_misses = 136162
preemptive halt, cache_misses = 136162
preemptive halt, cache_misses = 136162
preemptive halt, cache_misses = 136162
preemptive halt, cache_misses = 136162
preemptive halt, cache_misses = 136162
preemptive halt, cache_misses = 136162
preemptive halt, cache_misses = 136162
preemptive halt, cache_misses = 136162
preemptive halt, cache_misses = 136162
preemptive halt, cache_misses = 136162
preemptive halt, cache_misses = 136162
preemptive halt, cache_misses = 136162
preemptive halt, cache_misses = 136162
preemptive halt, cache_misses = 136162
preemptive halt, cache_misses = 136162
preemptive halt, cache_misses = 136162
preemptive halt, cache_misses = 136162
preemptive halt, cache_misses = 136162
preemptive halt, cache_misses = 136162
preemptive halt, cache_misses = 136162
preemptive halt, cache_misses = 136162
preemptive halt, cache_misses = 136162
preemptive halt, cache_misses = 136162
preemptive halt, cache_misses = 136162
preemptive halt, cache_misses = 136162
preemptive halt, cache_misses = 136162
preemptive halt, cache_misses = 136162
preemptive halt, cache_misses = 136162
preemptive halt, cache_misses = 136162
preemptive halt, cache_misses = 136162
preemptive halt, cache_misses = 136162
preemptive halt, cache_misses = 136162
preemptive halt, cache_misses = 136162
preemptive halt, cache_misses = 136162
preemptive halt, cache_misses = 136162
preemptive halt, cache_misses = 136162
preemptive halt, cache_misses = 136162
preemptive halt, cache_misses = 136162
preemptive halt, cache_misses = 136162
preemptive halt, cache_misses = 136162
preemptive halt, cache_misses = 136162
preemptive halt, cache_misses = 136162
preemptive halt, cache_misses = 136162
preemptive halt, cache_misses = 136162
preemptive halt, cache_misses = 136162
preemptive halt, cache_misses = 136162
preemptive halt, cache_misses = 136162
preemptive halt, cache_misses = 136162
preemptive halt, cache_misses = 136162
preemptive halt, cache_misses = 136162
preemptive halt, cache_misses = 136162
preemptive halt, cache_misses = 136162
preemptive halt, cache_misses = 136162
preemptive halt, cache_misses = 136162
preemptive halt, cache_misses = 136162
preemptive halt, cache_misses = 136162
preemptive halt, cache_misses = 136162
preemptive halt, cache_misses = 136162
preemptive halt, cache_misses = 136162
preemptive halt, cache_misses = 136162
binary search, size 54310  misses 136162  min 54305  max 54315
preemptive halt, cache_misses = 136163
preemptive halt, cache_misses = 136163
preemptive halt, cache_misses = 136163
preemptive halt, cache_misses = 136163
preemptive halt, cache_misses = 136163
preemptive halt, cache_misses = 136163
preemptive halt, cache_misses = 136163
preemptive halt, cache_misses = 136163
preemptive halt, cache_misses = 136163
preemptive halt, cache_misses = 136163
preemptive halt, cache_misses = 136163
preemptive halt, cache_misses = 136163
preemptive halt, cache_misses = 136163
preemptive halt, cache_misses = 136163
preemptive halt, cache_misses = 136163
preemptive halt, cache_misses = 136163
preemptive halt, cache_misses = 136163
preemptive halt, cache_misses = 136163
preemptive halt, cache_misses = 136163
preemptive halt, cache_misses = 136163
preemptive halt, cache_misses = 136163
preemptive halt, cache_misses = 136163
preemptive halt, cache_misses = 136163
preemptive halt, cache_misses = 136163
preemptive halt, cache_misses = 136163
preemptive halt, cache_misses = 136163
preemptive halt, cache_misses = 136163
preemptive halt, cache_misses = 136163
preemptive halt, cache_misses = 136163
preemptive halt, cache_misses = 136163
preemptive halt, cache_misses = 136163
preemptive halt, cache_misses = 136163
preemptive halt, cache_misses = 136163
preemptive halt, cache_misses = 136163
preemptive halt, cache_misses = 136163
preemptive halt, cache_misses = 136163
preemptive halt, cache_misses = 136163
preemptive halt, cache_misses = 136163
preemptive halt, cache_misses = 136163
preemptive halt, cache_misses = 136163
preemptive halt, cache_misses = 136163
preemptive halt, cache_misses = 136163
preemptive halt, cache_misses = 136163
preemptive halt, cache_misses = 136163
preemptive halt, cache_misses = 136163
preemptive halt, cache_misses = 136163
preemptive halt, cache_misses = 136163
preemptive halt, cache_misses = 136163
preemptive halt, cache_misses = 136163
preemptive halt, cache_misses = 136163
preemptive halt, cache_misses = 136163
preemptive halt, cache_misses = 136163
preemptive halt, cache_misses = 136163
preemptive halt, cache_misses = 136163
preemptive halt, cache_misses = 136163
preemptive halt, cache_misses = 136163
preemptive halt, cache_misses = 136163
preemptive halt, cache_misses = 136163
preemptive halt, cache_misses = 136163
preemptive halt, cache_misses = 136163
preemptive halt, cache_misses = 136163
preemptive halt, cache_misses = 136163
preemptive halt, cache_misses = 136163
preemptive halt, cache_misses = 136163
preemptive halt, cache_misses = 136163
preemptive halt, cache_misses = 136163
preemptive halt, cache_misses = 136163
preemptive halt, cache_misses = 136163
preemptive halt, cache_misses = 136163
preemptive halt, cache_misses = 136163
preemptive halt, cache_misses = 136163
preemptive halt, cache_misses = 136163
preemptive halt, cache_misses = 136163
preemptive halt, cache_misses = 136163
preemptive halt, cache_misses = 136163
preemptive halt, cache_misses = 136163
preemptive halt, cache_misses = 136163
preemptive halt, cache_misses = 136163
preemptive halt, cache_misses = 136163
preemptive halt, cache_misses = 136163
preemptive halt, cache_misses = 136163
preemptive halt, cache_misses = 136163
preemptive halt, cache_misses = 136163
preemptive halt, cache_misses = 136163
preemptive halt, cache_misses = 136163
preemptive halt, cache_misses = 136163
preemptive halt, cache_misses = 136163
preemptive halt, cache_misses = 136163
preemptive halt, cache_misses = 136163
preemptive halt, cache_misses = 136163
preemptive halt, cache_misses = 136163
preemptive halt, cache_misses = 136163
preemptive halt, cache_misses = 136163
preemptive halt, cache_misses = 136163
preemptive halt, cache_misses = 136163
preemptive halt, cache_misses = 136163
preemptive halt, cache_misses = 136163
preemptive halt, cache_misses = 136163
preemptive halt, cache_misses = 136163
preemptive halt, cache_misses = 136163
preemptive halt, cache_misses = 136163
preemptive halt, cache_misses = 136163
preemptive halt, cache_misses = 136163
preemptive halt, cache_misses = 136163
preemptive halt, cache_misses = 136163
preemptive halt, cache_misses = 136163
preemptive halt, cache_misses = 136163
preemptive halt, cache_misses = 136163
preemptive halt, cache_misses = 136163
preemptive halt, cache_misses = 136163
preemptive halt, cache_misses = 136163
preemptive halt, cache_misses = 136163
preemptive halt, cache_misses = 136163
preemptive halt, cache_misses = 136163
preemptive halt, cache_misses = 136163
preemptive halt, cache_misses = 136163
preemptive halt, cache_misses = 136163
preemptive halt, cache_misses = 136163
preemptive halt, cache_misses = 136163
preemptive halt, cache_misses = 136163
preemptive halt, cache_misses = 136163
preemptive halt, cache_misses = 136163
preemptive halt, cache_misses = 136163
preemptive halt, cache_misses = 136163
preemptive halt, cache_misses = 136163
preemptive halt, cache_misses = 136163
preemptive halt, cache_misses = 136163
preemptive halt, cache_misses = 136163
preemptive halt, cache_misses = 136163
preemptive halt, cache_misses = 136163
preemptive halt, cache_misses = 136163
preemptive halt, cache_misses = 136163
preemptive halt, cache_misses = 136163
preemptive halt, cache_misses = 136163
preemptive halt, cache_misses = 136163
preemptive halt, cache_misses = 136163
preemptive halt, cache_misses = 136163
preemptive halt, cache_misses = 136163
preemptive halt, cache_misses = 136163
preemptive halt, cache_misses = 136163
preemptive halt, cache_misses = 136163
preemptive halt, cache_misses = 136163
preemptive halt, cache_misses = 136163
preemptive halt, cache_misses = 136163
preemptive halt, cache_misses = 136163
preemptive halt, cache_misses = 136163
preemptive halt, cache_misses = 136163
preemptive halt, cache_misses = 136163
preemptive halt, cache_misses = 136163
preemptive halt, cache_misses = 136163
binary search, size 54312  misses 136163  min 54310  max 54315
preemptive halt, cache_misses = 136164
preemptive halt, cache_misses = 136164
preemptive halt, cache_misses = 136164
preemptive halt, cache_misses = 136164
preemptive halt, cache_misses = 136164
preemptive halt, cache_misses = 136164
preemptive halt, cache_misses = 136164
preemptive halt, cache_misses = 136164
preemptive halt, cache_misses = 136164
preemptive halt, cache_misses = 136164
preemptive halt, cache_misses = 136164
preemptive halt, cache_misses = 136164
preemptive halt, cache_misses = 136164
preemptive halt, cache_misses = 136164
preemptive halt, cache_misses = 136164
preemptive halt, cache_misses = 136164
preemptive halt, cache_misses = 136164
preemptive halt, cache_misses = 136164
preemptive halt, cache_misses = 136164
preemptive halt, cache_misses = 136164
preemptive halt, cache_misses = 136164
preemptive halt, cache_misses = 136164
preemptive halt, cache_misses = 136164
preemptive halt, cache_misses = 136164
preemptive halt, cache_misses = 136164
preemptive halt, cache_misses = 136164
preemptive halt, cache_misses = 136164
preemptive halt, cache_misses = 136164
preemptive halt, cache_misses = 136164
preemptive halt, cache_misses = 136164
preemptive halt, cache_misses = 136164
preemptive halt, cache_misses = 136164
preemptive halt, cache_misses = 136164
preemptive halt, cache_misses = 136164
preemptive halt, cache_misses = 136164
preemptive halt, cache_misses = 136164
preemptive halt, cache_misses = 136164
preemptive halt, cache_misses = 136164
preemptive halt, cache_misses = 136164
preemptive halt, cache_misses = 136164
preemptive halt, cache_misses = 136164
preemptive halt, cache_misses = 136164
preemptive halt, cache_misses = 136164
preemptive halt, cache_misses = 136164
preemptive halt, cache_misses = 136164
preemptive halt, cache_misses = 136164
preemptive halt, cache_misses = 136164
preemptive halt, cache_misses = 136164
preemptive halt, cache_misses = 136164
preemptive halt, cache_misses = 136164
preemptive halt, cache_misses = 136164
preemptive halt, cache_misses = 136164
preemptive halt, cache_misses = 136164
preemptive halt, cache_misses = 136164
preemptive halt, cache_misses = 136164
preemptive halt, cache_misses = 136164
preemptive halt, cache_misses = 136164
preemptive halt, cache_misses = 136164
preemptive halt, cache_misses = 136164
preemptive halt, cache_misses = 136164
preemptive halt, cache_misses = 136164
preemptive halt, cache_misses = 136164
preemptive halt, cache_misses = 136164
preemptive halt, cache_misses = 136164
preemptive halt, cache_misses = 136164
preemptive halt, cache_misses = 136164
preemptive halt, cache_misses = 136164
preemptive halt, cache_misses = 136164
preemptive halt, cache_misses = 136164
preemptive halt, cache_misses = 136164
preemptive halt, cache_misses = 136164
preemptive halt, cache_misses = 136164
preemptive halt, cache_misses = 136164
preemptive halt, cache_misses = 136164
preemptive halt, cache_misses = 136164
preemptive halt, cache_misses = 136164
preemptive halt, cache_misses = 136164
preemptive halt, cache_misses = 136164
preemptive halt, cache_misses = 136164
preemptive halt, cache_misses = 136164
preemptive halt, cache_misses = 136164
preemptive halt, cache_misses = 136164
preemptive halt, cache_misses = 136164
preemptive halt, cache_misses = 136164
preemptive halt, cache_misses = 136164
preemptive halt, cache_misses = 136164
preemptive halt, cache_misses = 136164
preemptive halt, cache_misses = 136164
preemptive halt, cache_misses = 136164
preemptive halt, cache_misses = 136164
preemptive halt, cache_misses = 136164
preemptive halt, cache_misses = 136164
preemptive halt, cache_misses = 136164
preemptive halt, cache_misses = 136164
preemptive halt, cache_misses = 136164
preemptive halt, cache_misses = 136164
preemptive halt, cache_misses = 136164
preemptive halt, cache_misses = 136164
preemptive halt, cache_misses = 136164
preemptive halt, cache_misses = 136164
preemptive halt, cache_misses = 136164
preemptive halt, cache_misses = 136164
preemptive halt, cache_misses = 136164
preemptive halt, cache_misses = 136164
preemptive halt, cache_misses = 136164
preemptive halt, cache_misses = 136164
preemptive halt, cache_misses = 136164
preemptive halt, cache_misses = 136164
preemptive halt, cache_misses = 136164
preemptive halt, cache_misses = 136164
preemptive halt, cache_misses = 136164
preemptive halt, cache_misses = 136164
preemptive halt, cache_misses = 136164
preemptive halt, cache_misses = 136164
preemptive halt, cache_misses = 136164
preemptive halt, cache_misses = 136164
preemptive halt, cache_misses = 136164
preemptive halt, cache_misses = 136164
preemptive halt, cache_misses = 136164
preemptive halt, cache_misses = 136164
preemptive halt, cache_misses = 136164
preemptive halt, cache_misses = 136164
preemptive halt, cache_misses = 136164
preemptive halt, cache_misses = 136164
preemptive halt, cache_misses = 136164
preemptive halt, cache_misses = 136164
preemptive halt, cache_misses = 136164
preemptive halt, cache_misses = 136164
preemptive halt, cache_misses = 136164
preemptive halt, cache_misses = 136164
preemptive halt, cache_misses = 136164
preemptive halt, cache_misses = 136164
preemptive halt, cache_misses = 136164
preemptive halt, cache_misses = 136164
preemptive halt, cache_misses = 136164
preemptive halt, cache_misses = 136164
preemptive halt, cache_misses = 136164
preemptive halt, cache_misses = 136164
preemptive halt, cache_misses = 136164
preemptive halt, cache_misses = 136164
preemptive halt, cache_misses = 136164
preemptive halt, cache_misses = 136164
preemptive halt, cache_misses = 136164
preemptive halt, cache_misses = 136164
preemptive halt, cache_misses = 136164
preemptive halt, cache_misses = 136164
preemptive halt, cache_misses = 136164
preemptive halt, cache_misses = 136164
preemptive halt, cache_misses = 136164
preemptive halt, cache_misses = 136164
preemptive halt, cache_misses = 136164
preemptive halt, cache_misses = 136164
binary search, size 54313  misses 136164  min 54312  max 54315
preemptive halt, cache_misses = 136165
preemptive halt, cache_misses = 136165
preemptive halt, cache_misses = 136165
preemptive halt, cache_misses = 136165
preemptive halt, cache_misses = 136165
preemptive halt, cache_misses = 136165
preemptive halt, cache_misses = 136165
preemptive halt, cache_misses = 136165
preemptive halt, cache_misses = 136165
preemptive halt, cache_misses = 136165
preemptive halt, cache_misses = 136165
preemptive halt, cache_misses = 136165
preemptive halt, cache_misses = 136165
preemptive halt, cache_misses = 136165
preemptive halt, cache_misses = 136165
preemptive halt, cache_misses = 136165
preemptive halt, cache_misses = 136165
preemptive halt, cache_misses = 136165
preemptive halt, cache_misses = 136165
preemptive halt, cache_misses = 136165
preemptive halt, cache_misses = 136165
preemptive halt, cache_misses = 136165
preemptive halt, cache_misses = 136165
preemptive halt, cache_misses = 136165
preemptive halt, cache_misses = 136165
preemptive halt, cache_misses = 136165
preemptive halt, cache_misses = 136165
preemptive halt, cache_misses = 136165
preemptive halt, cache_misses = 136165
preemptive halt, cache_misses = 136165
preemptive halt, cache_misses = 136165
preemptive halt, cache_misses = 136165
preemptive halt, cache_misses = 136165
preemptive halt, cache_misses = 136165
preemptive halt, cache_misses = 136165
preemptive halt, cache_misses = 136165
preemptive halt, cache_misses = 136165
preemptive halt, cache_misses = 136165
preemptive halt, cache_misses = 136165
preemptive halt, cache_misses = 136165
preemptive halt, cache_misses = 136165
preemptive halt, cache_misses = 136165
preemptive halt, cache_misses = 136165
preemptive halt, cache_misses = 136165
preemptive halt, cache_misses = 136165
preemptive halt, cache_misses = 136165
preemptive halt, cache_misses = 136165
preemptive halt, cache_misses = 136165
preemptive halt, cache_misses = 136165
preemptive halt, cache_misses = 136165
preemptive halt, cache_misses = 136165
preemptive halt, cache_misses = 136165
preemptive halt, cache_misses = 136165
preemptive halt, cache_misses = 136165
preemptive halt, cache_misses = 136165
preemptive halt, cache_misses = 136165
preemptive halt, cache_misses = 136165
preemptive halt, cache_misses = 136165
preemptive halt, cache_misses = 136165
preemptive halt, cache_misses = 136165
preemptive halt, cache_misses = 136165
preemptive halt, cache_misses = 136165
preemptive halt, cache_misses = 136165
preemptive halt, cache_misses = 136165
preemptive halt, cache_misses = 136165
preemptive halt, cache_misses = 136165
preemptive halt, cache_misses = 136165
preemptive halt, cache_misses = 136165
preemptive halt, cache_misses = 136165
preemptive halt, cache_misses = 136165
preemptive halt, cache_misses = 136165
preemptive halt, cache_misses = 136165
preemptive halt, cache_misses = 136165
preemptive halt, cache_misses = 136165
preemptive halt, cache_misses = 136165
preemptive halt, cache_misses = 136165
preemptive halt, cache_misses = 136165
preemptive halt, cache_misses = 136165
preemptive halt, cache_misses = 136165
preemptive halt, cache_misses = 136165
preemptive halt, cache_misses = 136165
preemptive halt, cache_misses = 136165
preemptive halt, cache_misses = 136165
preemptive halt, cache_misses = 136165
preemptive halt, cache_misses = 136165
preemptive halt, cache_misses = 136165
preemptive halt, cache_misses = 136165
preemptive halt, cache_misses = 136165
preemptive halt, cache_misses = 136165
preemptive halt, cache_misses = 136165
preemptive halt, cache_misses = 136165
preemptive halt, cache_misses = 136165
preemptive halt, cache_misses = 136165
preemptive halt, cache_misses = 136165
preemptive halt, cache_misses = 136165
preemptive halt, cache_misses = 136165
preemptive halt, cache_misses = 136165
preemptive halt, cache_misses = 136165
preemptive halt, cache_misses = 136165
preemptive halt, cache_misses = 136165
preemptive halt, cache_misses = 136165
preemptive halt, cache_misses = 136165
preemptive halt, cache_misses = 136165
preemptive halt, cache_misses = 136165
preemptive halt, cache_misses = 136165
preemptive halt, cache_misses = 136165
preemptive halt, cache_misses = 136165
preemptive halt, cache_misses = 136165
preemptive halt, cache_misses = 136165
preemptive halt, cache_misses = 136165
preemptive halt, cache_misses = 136165
preemptive halt, cache_misses = 136165
preemptive halt, cache_misses = 136165
preemptive halt, cache_misses = 136165
preemptive halt, cache_misses = 136165
preemptive halt, cache_misses = 136165
preemptive halt, cache_misses = 136165
preemptive halt, cache_misses = 136165
preemptive halt, cache_misses = 136165
preemptive halt, cache_misses = 136165
preemptive halt, cache_misses = 136165
preemptive halt, cache_misses = 136165
preemptive halt, cache_misses = 136165
preemptive halt, cache_misses = 136165
preemptive halt, cache_misses = 136165
preemptive halt, cache_misses = 136165
preemptive halt, cache_misses = 136165
preemptive halt, cache_misses = 136165
preemptive halt, cache_misses = 136165
preemptive halt, cache_misses = 136165
preemptive halt, cache_misses = 136165
preemptive halt, cache_misses = 136165
preemptive halt, cache_misses = 136165
preemptive halt, cache_misses = 136165
preemptive halt, cache_misses = 136165
preemptive halt, cache_misses = 136165
preemptive halt, cache_misses = 136165
preemptive halt, cache_misses = 136165
preemptive halt, cache_misses = 136165
preemptive halt, cache_misses = 136165
preemptive halt, cache_misses = 136165
preemptive halt, cache_misses = 136165
preemptive halt, cache_misses = 136165
preemptive halt, cache_misses = 136165
preemptive halt, cache_misses = 136165
preemptive halt, cache_misses = 136165
preemptive halt, cache_misses = 136165
preemptive halt, cache_misses = 136165
preemptive halt, cache_misses = 136165
preemptive halt, cache_misses = 136165
preemptive halt, cache_misses = 136165
preemptive halt, cache_misses = 136165
preemptive halt, cache_misses = 136165
preemptive halt, cache_misses = 136165
binary search, size 54314  misses 136165  min 54313  max 54315
characteristic cache size (binary search) for 368 = 54315
End at: 2021-04-02 16:00:28.982699
Time elapsed: 0:00:02.527464
