Begin at: 2021-04-02 15:59:04.612648
['../dist/Debug/GNU-Linux/memo_batch_tester', '', '--mbt_execution_trace_fname', 'olcs4_traceback_csize_input_types/OLCS4_lru_2021_04_02__15_55_02_k_3__d_2_cache_size_160000_problems_10_to_400/OLCS4_lru_2021_04_02__15_55_02_k_3__d_2_cache_size_160000_problems_10_to_400/OLCS4__do_traceback_prob_size_331_cache_size_160000_lru_k_3_d_2_execution_trace_2021_4_2_15_59_4_pid_20207.log', '--mbt_cache_misses_fname', 'olcs4_traceback_csize_input_types/OLCS4_lru_2021_04_02__15_55_02_k_3__d_2_cache_size_160000_problems_10_to_400/lcs_cost_OLCS4_lru_misses_for_cache_size.csv', '--mbt_misses_for_problem_size_fname', 'olcs4_traceback_csize_input_types/OLCS4_lru_2021_04_02__15_55_02_k_3__d_2_cache_size_160000_problems_10_to_400/lcs_cost_OLCS4_lru_misses_for_problem_size.csv', '--mbt_exact_cutoff_min_cache_size', '160000', '--mbt_exact_cutoff_max_cache_size', '160000', '--mbt_problem_type', 'lcs', '--mbt_metric_type', 'csize_binary_search', '--mbt_cutoff_ratio', '2.2', '--mbt_instance_fname', '331', '--mbt_detailed_cache_misses_out_fname', 'csize_olcs4_traceback_0011n_ceil_n_b_5.csv', '--mbt_phi_N', '5.0', '--mbt_problem_size', '331', '--lcs_compute_length', '0', '--lcs_perform_traceback', '1', '--lig_instance_type', '0011n_ceil_n_b', '--lig_n', '331', '--lig_c', '0.9', '--lig_b', '5.0', '--lcs_oblivious', '4', '--lcs_execution_trace_fname', 'olcs4_traceback_csize_input_types/OLCS4_lru_2021_04_02__15_55_02_k_3__d_2_cache_size_160000_problems_10_to_400/OLCS4_lru_2021_04_02__15_55_02_k_3__d_2_cache_size_160000_problems_10_to_400/OLCS4__do_traceback_prob_size_331_cache_size_160000_lru_k_3_d_2_execution_trace_2021_4_2_15_59_4_pid_20207.log', '--memo_caching_strategy', 'lru', '--memo_cache_size', '160001', '--memo_lru_queue_size', '160000', '--memo_cuckoo_k', '4', '--memo_key_length', '8', '--memo_value_length', '8', '--memo_k_timestamps', '3', '--memo_d_recent_timestamps', '2', '--memo_a_items_per_timestamp_factor', '0.4375']

csize_binary_search chosen
lcs problem_type lcs cache_size 160001
initialize_long_int_cache begin
init_memo
arguments to memo:
 --mbt_execution_trace_fname olcs4_traceback_csize_input_types/OLCS4_lru_2021_04_02__15_55_02_k_3__d_2_cache_size_160000_problems_10_to_400/OLCS4_lru_2021_04_02__15_55_02_k_3__d_2_cache_size_160000_problems_10_to_400/OLCS4__do_traceback_prob_size_331_cache_size_160000_lru_k_3_d_2_execution_trace_2021_4_2_15_59_4_pid_20207.log --mbt_cache_misses_fname olcs4_traceback_csize_input_types/OLCS4_lru_2021_04_02__15_55_02_k_3__d_2_cache_size_160000_problems_10_to_400/lcs_cost_OLCS4_lru_misses_for_cache_size.csv --mbt_misses_for_problem_size_fname olcs4_traceback_csize_input_types/OLCS4_lru_2021_04_02__15_55_02_k_3__d_2_cache_size_160000_problems_10_to_400/lcs_cost_OLCS4_lru_misses_for_problem_size.csv --mbt_exact_cutoff_min_cache_size 160000 --mbt_exact_cutoff_max_cache_size 160000 --mbt_problem_type lcs --mbt_metric_type csize_binary_search --mbt_cutoff_ratio 2.2 --mbt_instance_fname 331 --mbt_detailed_cache_misses_out_fname csize_olcs4_traceback_0011n_ceil_n_b_5.csv --mbt_phi_N 5.0 --mbt_problem_size 331 --lcs_compute_length 0 --lcs_perform_traceback 1 --lig_instance_type 0011n_ceil_n_b --lig_n 331 --lig_c 0.9 --lig_b 5.0 --lcs_oblivious 4 --lcs_execution_trace_fname olcs4_traceback_csize_input_types/OLCS4_lru_2021_04_02__15_55_02_k_3__d_2_cache_size_160000_problems_10_to_400/OLCS4_lru_2021_04_02__15_55_02_k_3__d_2_cache_size_160000_problems_10_to_400/OLCS4__do_traceback_prob_size_331_cache_size_160000_lru_k_3_d_2_execution_trace_2021_4_2_15_59_4_pid_20207.log --memo_caching_strategy lru --memo_cache_size 160001 --memo_lru_queue_size 160000 --memo_cuckoo_k 4 --memo_key_length 8 --memo_value_length 8 --memo_k_timestamps 3 --memo_d_recent_timestamps 2 --memo_a_items_per_timestamp_factor 0.4375 
calculate_table_size: table_size is 262144, original is 160001
Finished initializing cache
initialize_long_int_cache end
done initializing cache
initializing problem
done initializing problem
commence trials
Starting characteristic_cache_size_binary_search with max cache size 160001
binary search, size 160001  misses 110223
binary search, size 80000  misses 110223  min 0  max 160001
preemptive halt, cache_misses = 110224
preemptive halt, cache_misses = 110224
preemptive halt, cache_misses = 110224
preemptive halt, cache_misses = 110224
preemptive halt, cache_misses = 110224
preemptive halt, cache_misses = 110224
preemptive halt, cache_misses = 110224
preemptive halt, cache_misses = 110224
preemptive halt, cache_misses = 110224
preemptive halt, cache_misses = 110224
preemptive halt, cache_misses = 110224
preemptive halt, cache_misses = 110224
preemptive halt, cache_misses = 110224
preemptive halt, cache_misses = 110224
preemptive halt, cache_misses = 110224
preemptive halt, cache_misses = 110224
preemptive halt, cache_misses = 110224
preemptive halt, cache_misses = 110224
preemptive halt, cache_misses = 110224
preemptive halt, cache_misses = 110224
preemptive halt, cache_misses = 110224
preemptive halt, cache_misses = 110224
preemptive halt, cache_misses = 110224
preemptive halt, cache_misses = 110224
preemptive halt, cache_misses = 110224
preemptive halt, cache_misses = 110224
preemptive halt, cache_misses = 110224
preemptive halt, cache_misses = 110224
preemptive halt, cache_misses = 110224
preemptive halt, cache_misses = 110224
preemptive halt, cache_misses = 110224
preemptive halt, cache_misses = 110224
preemptive halt, cache_misses = 110224
preemptive halt, cache_misses = 110224
preemptive halt, cache_misses = 110224
preemptive halt, cache_misses = 110224
preemptive halt, cache_misses = 110224
preemptive halt, cache_misses = 110224
preemptive halt, cache_misses = 110224
preemptive halt, cache_misses = 110224
preemptive halt, cache_misses = 110224
preemptive halt, cache_misses = 110224
preemptive halt, cache_misses = 110224
preemptive halt, cache_misses = 110224
preemptive halt, cache_misses = 110224
preemptive halt, cache_misses = 110224
preemptive halt, cache_misses = 110224
preemptive halt, cache_misses = 110224
preemptive halt, cache_misses = 110224
preemptive halt, cache_misses = 110224
preemptive halt, cache_misses = 110224
preemptive halt, cache_misses = 110224
preemptive halt, cache_misses = 110224
preemptive halt, cache_misses = 110224
preemptive halt, cache_misses = 110224
preemptive halt, cache_misses = 110224
preemptive halt, cache_misses = 110224
preemptive halt, cache_misses = 110224
preemptive halt, cache_misses = 110224
preemptive halt, cache_misses = 110224
preemptive halt, cache_misses = 110224
preemptive halt, cache_misses = 110224
preemptive halt, cache_misses = 110224
preemptive halt, cache_misses = 110224
preemptive halt, cache_misses = 110224
preemptive halt, cache_misses = 110224
preemptive halt, cache_misses = 110224
preemptive halt, cache_misses = 110224
preemptive halt, cache_misses = 110224
preemptive halt, cache_misses = 110224
preemptive halt, cache_misses = 110224
preemptive halt, cache_misses = 110224
preemptive halt, cache_misses = 110224
preemptive halt, cache_misses = 110224
preemptive halt, cache_misses = 110224
preemptive halt, cache_misses = 110224
preemptive halt, cache_misses = 110224
preemptive halt, cache_misses = 110224
preemptive halt, cache_misses = 110224
preemptive halt, cache_misses = 110224
preemptive halt, cache_misses = 110224
preemptive halt, cache_misses = 110224
preemptive halt, cache_misses = 110224
preemptive halt, cache_misses = 110224
preemptive halt, cache_misses = 110224
preemptive halt, cache_misses = 110224
preemptive halt, cache_misses = 110224
preemptive halt, cache_misses = 110224
preemptive halt, cache_misses = 110224
preemptive halt, cache_misses = 110224
preemptive halt, cache_misses = 110224
preemptive halt, cache_misses = 110224
preemptive halt, cache_misses = 110224
preemptive halt, cache_misses = 110224
preemptive halt, cache_misses = 110224
preemptive halt, cache_misses = 110224
preemptive halt, cache_misses = 110224
preemptive halt, cache_misses = 110224
preemptive halt, cache_misses = 110224
preemptive halt, cache_misses = 110224
preemptive halt, cache_misses = 110224
preemptive halt, cache_misses = 110224
preemptive halt, cache_misses = 110224
preemptive halt, cache_misses = 110224
preemptive halt, cache_misses = 110224
preemptive halt, cache_misses = 110224
preemptive halt, cache_misses = 110224
preemptive halt, cache_misses = 110224
preemptive halt, cache_misses = 110224
preemptive halt, cache_misses = 110224
preemptive halt, cache_misses = 110224
preemptive halt, cache_misses = 110224
preemptive halt, cache_misses = 110224
preemptive halt, cache_misses = 110224
preemptive halt, cache_misses = 110224
preemptive halt, cache_misses = 110224
preemptive halt, cache_misses = 110224
preemptive halt, cache_misses = 110224
preemptive halt, cache_misses = 110224
preemptive halt, cache_misses = 110224
preemptive halt, cache_misses = 110224
preemptive halt, cache_misses = 110224
preemptive halt, cache_misses = 110224
preemptive halt, cache_misses = 110224
preemptive halt, cache_misses = 110224
preemptive halt, cache_misses = 110224
preemptive halt, cache_misses = 110224
preemptive halt, cache_misses = 110224
binary search, size 40000  misses 110224  min 0  max 80000
binary search, size 60000  misses 110223  min 40000  max 80000
binary search, size 50000  misses 110223  min 40000  max 60000
binary search, size 45000  misses 110223  min 40000  max 50000
preemptive halt, cache_misses = 110224
preemptive halt, cache_misses = 110224
preemptive halt, cache_misses = 110224
preemptive halt, cache_misses = 110224
preemptive halt, cache_misses = 110224
preemptive halt, cache_misses = 110224
preemptive halt, cache_misses = 110224
preemptive halt, cache_misses = 110224
preemptive halt, cache_misses = 110224
preemptive halt, cache_misses = 110224
preemptive halt, cache_misses = 110224
preemptive halt, cache_misses = 110224
preemptive halt, cache_misses = 110224
preemptive halt, cache_misses = 110224
preemptive halt, cache_misses = 110224
preemptive halt, cache_misses = 110224
preemptive halt, cache_misses = 110224
preemptive halt, cache_misses = 110224
preemptive halt, cache_misses = 110224
preemptive halt, cache_misses = 110224
preemptive halt, cache_misses = 110224
preemptive halt, cache_misses = 110224
preemptive halt, cache_misses = 110224
preemptive halt, cache_misses = 110224
preemptive halt, cache_misses = 110224
preemptive halt, cache_misses = 110224
preemptive halt, cache_misses = 110224
preemptive halt, cache_misses = 110224
preemptive halt, cache_misses = 110224
preemptive halt, cache_misses = 110224
preemptive halt, cache_misses = 110224
preemptive halt, cache_misses = 110224
preemptive halt, cache_misses = 110224
preemptive halt, cache_misses = 110224
preemptive halt, cache_misses = 110224
preemptive halt, cache_misses = 110224
preemptive halt, cache_misses = 110224
preemptive halt, cache_misses = 110224
preemptive halt, cache_misses = 110224
preemptive halt, cache_misses = 110224
preemptive halt, cache_misses = 110224
preemptive halt, cache_misses = 110224
preemptive halt, cache_misses = 110224
preemptive halt, cache_misses = 110224
preemptive halt, cache_misses = 110224
preemptive halt, cache_misses = 110224
preemptive halt, cache_misses = 110224
preemptive halt, cache_misses = 110224
preemptive halt, cache_misses = 110224
preemptive halt, cache_misses = 110224
preemptive halt, cache_misses = 110224
preemptive halt, cache_misses = 110224
preemptive halt, cache_misses = 110224
preemptive halt, cache_misses = 110224
preemptive halt, cache_misses = 110224
preemptive halt, cache_misses = 110224
preemptive halt, cache_misses = 110224
preemptive halt, cache_misses = 110224
preemptive halt, cache_misses = 110224
preemptive halt, cache_misses = 110224
preemptive halt, cache_misses = 110224
preemptive halt, cache_misses = 110224
preemptive halt, cache_misses = 110224
preemptive halt, cache_misses = 110224
preemptive halt, cache_misses = 110224
preemptive halt, cache_misses = 110224
preemptive halt, cache_misses = 110224
preemptive halt, cache_misses = 110224
preemptive halt, cache_misses = 110224
preemptive halt, cache_misses = 110224
preemptive halt, cache_misses = 110224
preemptive halt, cache_misses = 110224
preemptive halt, cache_misses = 110224
preemptive halt, cache_misses = 110224
preemptive halt, cache_misses = 110224
preemptive halt, cache_misses = 110224
preemptive halt, cache_misses = 110224
preemptive halt, cache_misses = 110224
preemptive halt, cache_misses = 110224
preemptive halt, cache_misses = 110224
preemptive halt, cache_misses = 110224
preemptive halt, cache_misses = 110224
preemptive halt, cache_misses = 110224
preemptive halt, cache_misses = 110224
preemptive halt, cache_misses = 110224
preemptive halt, cache_misses = 110224
preemptive halt, cache_misses = 110224
preemptive halt, cache_misses = 110224
preemptive halt, cache_misses = 110224
preemptive halt, cache_misses = 110224
preemptive halt, cache_misses = 110224
preemptive halt, cache_misses = 110224
preemptive halt, cache_misses = 110224
preemptive halt, cache_misses = 110224
preemptive halt, cache_misses = 110224
preemptive halt, cache_misses = 110224
preemptive halt, cache_misses = 110224
preemptive halt, cache_misses = 110224
preemptive halt, cache_misses = 110224
preemptive halt, cache_misses = 110224
preemptive halt, cache_misses = 110224
preemptive halt, cache_misses = 110224
preemptive halt, cache_misses = 110224
preemptive halt, cache_misses = 110224
preemptive halt, cache_misses = 110224
preemptive halt, cache_misses = 110224
preemptive halt, cache_misses = 110224
preemptive halt, cache_misses = 110224
preemptive halt, cache_misses = 110224
preemptive halt, cache_misses = 110224
preemptive halt, cache_misses = 110224
preemptive halt, cache_misses = 110224
preemptive halt, cache_misses = 110224
preemptive halt, cache_misses = 110224
preemptive halt, cache_misses = 110224
preemptive halt, cache_misses = 110224
preemptive halt, cache_misses = 110224
preemptive halt, cache_misses = 110224
preemptive halt, cache_misses = 110224
preemptive halt, cache_misses = 110224
preemptive halt, cache_misses = 110224
preemptive halt, cache_misses = 110224
preemptive halt, cache_misses = 110224
preemptive halt, cache_misses = 110224
preemptive halt, cache_misses = 110224
preemptive halt, cache_misses = 110224
preemptive halt, cache_misses = 110224
preemptive halt, cache_misses = 110224
binary search, size 42500  misses 110224  min 40000  max 45000
binary search, size 43750  misses 110223  min 42500  max 45000
preemptive halt, cache_misses = 110224
preemptive halt, cache_misses = 110224
preemptive halt, cache_misses = 110224
preemptive halt, cache_misses = 110224
preemptive halt, cache_misses = 110224
preemptive halt, cache_misses = 110224
preemptive halt, cache_misses = 110224
preemptive halt, cache_misses = 110224
preemptive halt, cache_misses = 110224
preemptive halt, cache_misses = 110224
preemptive halt, cache_misses = 110224
preemptive halt, cache_misses = 110224
preemptive halt, cache_misses = 110224
preemptive halt, cache_misses = 110224
preemptive halt, cache_misses = 110224
preemptive halt, cache_misses = 110224
preemptive halt, cache_misses = 110224
preemptive halt, cache_misses = 110224
preemptive halt, cache_misses = 110224
preemptive halt, cache_misses = 110224
preemptive halt, cache_misses = 110224
preemptive halt, cache_misses = 110224
preemptive halt, cache_misses = 110224
preemptive halt, cache_misses = 110224
preemptive halt, cache_misses = 110224
preemptive halt, cache_misses = 110224
preemptive halt, cache_misses = 110224
preemptive halt, cache_misses = 110224
preemptive halt, cache_misses = 110224
preemptive halt, cache_misses = 110224
preemptive halt, cache_misses = 110224
preemptive halt, cache_misses = 110224
preemptive halt, cache_misses = 110224
preemptive halt, cache_misses = 110224
preemptive halt, cache_misses = 110224
preemptive halt, cache_misses = 110224
preemptive halt, cache_misses = 110224
preemptive halt, cache_misses = 110224
preemptive halt, cache_misses = 110224
preemptive halt, cache_misses = 110224
preemptive halt, cache_misses = 110224
preemptive halt, cache_misses = 110224
preemptive halt, cache_misses = 110224
preemptive halt, cache_misses = 110224
preemptive halt, cache_misses = 110224
preemptive halt, cache_misses = 110224
preemptive halt, cache_misses = 110224
preemptive halt, cache_misses = 110224
preemptive halt, cache_misses = 110224
preemptive halt, cache_misses = 110224
preemptive halt, cache_misses = 110224
preemptive halt, cache_misses = 110224
preemptive halt, cache_misses = 110224
preemptive halt, cache_misses = 110224
preemptive halt, cache_misses = 110224
preemptive halt, cache_misses = 110224
preemptive halt, cache_misses = 110224
preemptive halt, cache_misses = 110224
preemptive halt, cache_misses = 110224
preemptive halt, cache_misses = 110224
preemptive halt, cache_misses = 110224
preemptive halt, cache_misses = 110224
preemptive halt, cache_misses = 110224
preemptive halt, cache_misses = 110224
preemptive halt, cache_misses = 110224
preemptive halt, cache_misses = 110224
preemptive halt, cache_misses = 110224
preemptive halt, cache_misses = 110224
preemptive halt, cache_misses = 110224
preemptive halt, cache_misses = 110224
preemptive halt, cache_misses = 110224
preemptive halt, cache_misses = 110224
preemptive halt, cache_misses = 110224
preemptive halt, cache_misses = 110224
preemptive halt, cache_misses = 110224
preemptive halt, cache_misses = 110224
preemptive halt, cache_misses = 110224
preemptive halt, cache_misses = 110224
preemptive halt, cache_misses = 110224
preemptive halt, cache_misses = 110224
preemptive halt, cache_misses = 110224
preemptive halt, cache_misses = 110224
preemptive halt, cache_misses = 110224
preemptive halt, cache_misses = 110224
preemptive halt, cache_misses = 110224
preemptive halt, cache_misses = 110224
preemptive halt, cache_misses = 110224
preemptive halt, cache_misses = 110224
preemptive halt, cache_misses = 110224
preemptive halt, cache_misses = 110224
preemptive halt, cache_misses = 110224
preemptive halt, cache_misses = 110224
preemptive halt, cache_misses = 110224
preemptive halt, cache_misses = 110224
preemptive halt, cache_misses = 110224
preemptive halt, cache_misses = 110224
preemptive halt, cache_misses = 110224
preemptive halt, cache_misses = 110224
preemptive halt, cache_misses = 110224
preemptive halt, cache_misses = 110224
preemptive halt, cache_misses = 110224
preemptive halt, cache_misses = 110224
preemptive halt, cache_misses = 110224
preemptive halt, cache_misses = 110224
preemptive halt, cache_misses = 110224
preemptive halt, cache_misses = 110224
preemptive halt, cache_misses = 110224
preemptive halt, cache_misses = 110224
preemptive halt, cache_misses = 110224
preemptive halt, cache_misses = 110224
preemptive halt, cache_misses = 110224
preemptive halt, cache_misses = 110224
preemptive halt, cache_misses = 110224
preemptive halt, cache_misses = 110224
preemptive halt, cache_misses = 110224
preemptive halt, cache_misses = 110224
preemptive halt, cache_misses = 110224
preemptive halt, cache_misses = 110224
preemptive halt, cache_misses = 110224
preemptive halt, cache_misses = 110224
preemptive halt, cache_misses = 110224
preemptive halt, cache_misses = 110224
preemptive halt, cache_misses = 110224
preemptive halt, cache_misses = 110224
preemptive halt, cache_misses = 110224
preemptive halt, cache_misses = 110224
preemptive halt, cache_misses = 110224
preemptive halt, cache_misses = 110224
binary search, size 43125  misses 110224  min 42500  max 43750
preemptive halt, cache_misses = 110225
preemptive halt, cache_misses = 110225
preemptive halt, cache_misses = 110225
preemptive halt, cache_misses = 110225
preemptive halt, cache_misses = 110225
preemptive halt, cache_misses = 110225
preemptive halt, cache_misses = 110225
preemptive halt, cache_misses = 110225
preemptive halt, cache_misses = 110225
preemptive halt, cache_misses = 110225
preemptive halt, cache_misses = 110225
preemptive halt, cache_misses = 110225
preemptive halt, cache_misses = 110225
preemptive halt, cache_misses = 110225
preemptive halt, cache_misses = 110225
preemptive halt, cache_misses = 110225
preemptive halt, cache_misses = 110225
preemptive halt, cache_misses = 110225
preemptive halt, cache_misses = 110225
preemptive halt, cache_misses = 110225
preemptive halt, cache_misses = 110225
preemptive halt, cache_misses = 110225
preemptive halt, cache_misses = 110225
preemptive halt, cache_misses = 110225
preemptive halt, cache_misses = 110225
preemptive halt, cache_misses = 110225
preemptive halt, cache_misses = 110225
preemptive halt, cache_misses = 110225
preemptive halt, cache_misses = 110225
preemptive halt, cache_misses = 110225
preemptive halt, cache_misses = 110225
preemptive halt, cache_misses = 110225
preemptive halt, cache_misses = 110225
preemptive halt, cache_misses = 110225
preemptive halt, cache_misses = 110225
preemptive halt, cache_misses = 110225
preemptive halt, cache_misses = 110225
preemptive halt, cache_misses = 110225
preemptive halt, cache_misses = 110225
preemptive halt, cache_misses = 110225
preemptive halt, cache_misses = 110225
preemptive halt, cache_misses = 110225
preemptive halt, cache_misses = 110225
preemptive halt, cache_misses = 110225
preemptive halt, cache_misses = 110225
preemptive halt, cache_misses = 110225
preemptive halt, cache_misses = 110225
preemptive halt, cache_misses = 110225
preemptive halt, cache_misses = 110225
preemptive halt, cache_misses = 110225
preemptive halt, cache_misses = 110225
preemptive halt, cache_misses = 110225
preemptive halt, cache_misses = 110225
preemptive halt, cache_misses = 110225
preemptive halt, cache_misses = 110225
preemptive halt, cache_misses = 110225
preemptive halt, cache_misses = 110225
preemptive halt, cache_misses = 110225
preemptive halt, cache_misses = 110225
preemptive halt, cache_misses = 110225
preemptive halt, cache_misses = 110225
preemptive halt, cache_misses = 110225
preemptive halt, cache_misses = 110225
preemptive halt, cache_misses = 110225
preemptive halt, cache_misses = 110225
preemptive halt, cache_misses = 110225
preemptive halt, cache_misses = 110225
preemptive halt, cache_misses = 110225
preemptive halt, cache_misses = 110225
preemptive halt, cache_misses = 110225
preemptive halt, cache_misses = 110225
preemptive halt, cache_misses = 110225
preemptive halt, cache_misses = 110225
preemptive halt, cache_misses = 110225
preemptive halt, cache_misses = 110225
preemptive halt, cache_misses = 110225
preemptive halt, cache_misses = 110225
preemptive halt, cache_misses = 110225
preemptive halt, cache_misses = 110225
preemptive halt, cache_misses = 110225
preemptive halt, cache_misses = 110225
preemptive halt, cache_misses = 110225
preemptive halt, cache_misses = 110225
preemptive halt, cache_misses = 110225
preemptive halt, cache_misses = 110225
preemptive halt, cache_misses = 110225
preemptive halt, cache_misses = 110225
preemptive halt, cache_misses = 110225
preemptive halt, cache_misses = 110225
preemptive halt, cache_misses = 110225
preemptive halt, cache_misses = 110225
preemptive halt, cache_misses = 110225
preemptive halt, cache_misses = 110225
preemptive halt, cache_misses = 110225
preemptive halt, cache_misses = 110225
preemptive halt, cache_misses = 110225
preemptive halt, cache_misses = 110225
preemptive halt, cache_misses = 110225
preemptive halt, cache_misses = 110225
preemptive halt, cache_misses = 110225
preemptive halt, cache_misses = 110225
preemptive halt, cache_misses = 110225
preemptive halt, cache_misses = 110225
preemptive halt, cache_misses = 110225
preemptive halt, cache_misses = 110225
preemptive halt, cache_misses = 110225
preemptive halt, cache_misses = 110225
preemptive halt, cache_misses = 110225
preemptive halt, cache_misses = 110225
preemptive halt, cache_misses = 110225
preemptive halt, cache_misses = 110225
preemptive halt, cache_misses = 110225
preemptive halt, cache_misses = 110225
preemptive halt, cache_misses = 110225
preemptive halt, cache_misses = 110225
preemptive halt, cache_misses = 110225
preemptive halt, cache_misses = 110225
preemptive halt, cache_misses = 110225
preemptive halt, cache_misses = 110225
preemptive halt, cache_misses = 110225
preemptive halt, cache_misses = 110225
preemptive halt, cache_misses = 110225
preemptive halt, cache_misses = 110225
preemptive halt, cache_misses = 110225
preemptive halt, cache_misses = 110225
preemptive halt, cache_misses = 110225
preemptive halt, cache_misses = 110225
preemptive halt, cache_misses = 110225
preemptive halt, cache_misses = 110225
preemptive halt, cache_misses = 110225
binary search, size 43437  misses 110225  min 43125  max 43750
binary search, size 43593  misses 110223  min 43437  max 43750
preemptive halt, cache_misses = 110224
preemptive halt, cache_misses = 110224
preemptive halt, cache_misses = 110224
preemptive halt, cache_misses = 110224
preemptive halt, cache_misses = 110224
preemptive halt, cache_misses = 110224
preemptive halt, cache_misses = 110224
preemptive halt, cache_misses = 110224
preemptive halt, cache_misses = 110224
preemptive halt, cache_misses = 110224
preemptive halt, cache_misses = 110224
preemptive halt, cache_misses = 110224
preemptive halt, cache_misses = 110224
preemptive halt, cache_misses = 110224
preemptive halt, cache_misses = 110224
preemptive halt, cache_misses = 110224
preemptive halt, cache_misses = 110224
preemptive halt, cache_misses = 110224
preemptive halt, cache_misses = 110224
preemptive halt, cache_misses = 110224
preemptive halt, cache_misses = 110224
preemptive halt, cache_misses = 110224
preemptive halt, cache_misses = 110224
preemptive halt, cache_misses = 110224
preemptive halt, cache_misses = 110224
preemptive halt, cache_misses = 110224
preemptive halt, cache_misses = 110224
preemptive halt, cache_misses = 110224
preemptive halt, cache_misses = 110224
preemptive halt, cache_misses = 110224
preemptive halt, cache_misses = 110224
preemptive halt, cache_misses = 110224
preemptive halt, cache_misses = 110224
preemptive halt, cache_misses = 110224
preemptive halt, cache_misses = 110224
preemptive halt, cache_misses = 110224
preemptive halt, cache_misses = 110224
preemptive halt, cache_misses = 110224
preemptive halt, cache_misses = 110224
preemptive halt, cache_misses = 110224
preemptive halt, cache_misses = 110224
preemptive halt, cache_misses = 110224
preemptive halt, cache_misses = 110224
preemptive halt, cache_misses = 110224
preemptive halt, cache_misses = 110224
preemptive halt, cache_misses = 110224
preemptive halt, cache_misses = 110224
preemptive halt, cache_misses = 110224
preemptive halt, cache_misses = 110224
preemptive halt, cache_misses = 110224
preemptive halt, cache_misses = 110224
preemptive halt, cache_misses = 110224
preemptive halt, cache_misses = 110224
preemptive halt, cache_misses = 110224
preemptive halt, cache_misses = 110224
preemptive halt, cache_misses = 110224
preemptive halt, cache_misses = 110224
preemptive halt, cache_misses = 110224
preemptive halt, cache_misses = 110224
preemptive halt, cache_misses = 110224
preemptive halt, cache_misses = 110224
preemptive halt, cache_misses = 110224
preemptive halt, cache_misses = 110224
preemptive halt, cache_misses = 110224
preemptive halt, cache_misses = 110224
preemptive halt, cache_misses = 110224
preemptive halt, cache_misses = 110224
preemptive halt, cache_misses = 110224
preemptive halt, cache_misses = 110224
preemptive halt, cache_misses = 110224
preemptive halt, cache_misses = 110224
preemptive halt, cache_misses = 110224
preemptive halt, cache_misses = 110224
preemptive halt, cache_misses = 110224
preemptive halt, cache_misses = 110224
preemptive halt, cache_misses = 110224
preemptive halt, cache_misses = 110224
preemptive halt, cache_misses = 110224
preemptive halt, cache_misses = 110224
preemptive halt, cache_misses = 110224
preemptive halt, cache_misses = 110224
preemptive halt, cache_misses = 110224
preemptive halt, cache_misses = 110224
preemptive halt, cache_misses = 110224
preemptive halt, cache_misses = 110224
preemptive halt, cache_misses = 110224
preemptive halt, cache_misses = 110224
preemptive halt, cache_misses = 110224
preemptive halt, cache_misses = 110224
preemptive halt, cache_misses = 110224
preemptive halt, cache_misses = 110224
preemptive halt, cache_misses = 110224
preemptive halt, cache_misses = 110224
preemptive halt, cache_misses = 110224
preemptive halt, cache_misses = 110224
preemptive halt, cache_misses = 110224
preemptive halt, cache_misses = 110224
preemptive halt, cache_misses = 110224
preemptive halt, cache_misses = 110224
preemptive halt, cache_misses = 110224
preemptive halt, cache_misses = 110224
preemptive halt, cache_misses = 110224
preemptive halt, cache_misses = 110224
preemptive halt, cache_misses = 110224
preemptive halt, cache_misses = 110224
preemptive halt, cache_misses = 110224
preemptive halt, cache_misses = 110224
preemptive halt, cache_misses = 110224
preemptive halt, cache_misses = 110224
preemptive halt, cache_misses = 110224
preemptive halt, cache_misses = 110224
preemptive halt, cache_misses = 110224
preemptive halt, cache_misses = 110224
preemptive halt, cache_misses = 110224
preemptive halt, cache_misses = 110224
preemptive halt, cache_misses = 110224
preemptive halt, cache_misses = 110224
preemptive halt, cache_misses = 110224
preemptive halt, cache_misses = 110224
preemptive halt, cache_misses = 110224
preemptive halt, cache_misses = 110224
preemptive halt, cache_misses = 110224
preemptive halt, cache_misses = 110224
preemptive halt, cache_misses = 110224
preemptive halt, cache_misses = 110224
preemptive halt, cache_misses = 110224
preemptive halt, cache_misses = 110224
preemptive halt, cache_misses = 110224
binary search, size 43515  misses 110224  min 43437  max 43593
preemptive halt, cache_misses = 110225
preemptive halt, cache_misses = 110225
preemptive halt, cache_misses = 110225
preemptive halt, cache_misses = 110225
preemptive halt, cache_misses = 110225
preemptive halt, cache_misses = 110225
preemptive halt, cache_misses = 110225
preemptive halt, cache_misses = 110225
preemptive halt, cache_misses = 110225
preemptive halt, cache_misses = 110225
preemptive halt, cache_misses = 110225
preemptive halt, cache_misses = 110225
preemptive halt, cache_misses = 110225
preemptive halt, cache_misses = 110225
preemptive halt, cache_misses = 110225
preemptive halt, cache_misses = 110225
preemptive halt, cache_misses = 110225
preemptive halt, cache_misses = 110225
preemptive halt, cache_misses = 110225
preemptive halt, cache_misses = 110225
preemptive halt, cache_misses = 110225
preemptive halt, cache_misses = 110225
preemptive halt, cache_misses = 110225
preemptive halt, cache_misses = 110225
preemptive halt, cache_misses = 110225
preemptive halt, cache_misses = 110225
preemptive halt, cache_misses = 110225
preemptive halt, cache_misses = 110225
preemptive halt, cache_misses = 110225
preemptive halt, cache_misses = 110225
preemptive halt, cache_misses = 110225
preemptive halt, cache_misses = 110225
preemptive halt, cache_misses = 110225
preemptive halt, cache_misses = 110225
preemptive halt, cache_misses = 110225
preemptive halt, cache_misses = 110225
preemptive halt, cache_misses = 110225
preemptive halt, cache_misses = 110225
preemptive halt, cache_misses = 110225
preemptive halt, cache_misses = 110225
preemptive halt, cache_misses = 110225
preemptive halt, cache_misses = 110225
preemptive halt, cache_misses = 110225
preemptive halt, cache_misses = 110225
preemptive halt, cache_misses = 110225
preemptive halt, cache_misses = 110225
preemptive halt, cache_misses = 110225
preemptive halt, cache_misses = 110225
preemptive halt, cache_misses = 110225
preemptive halt, cache_misses = 110225
preemptive halt, cache_misses = 110225
preemptive halt, cache_misses = 110225
preemptive halt, cache_misses = 110225
preemptive halt, cache_misses = 110225
preemptive halt, cache_misses = 110225
preemptive halt, cache_misses = 110225
preemptive halt, cache_misses = 110225
preemptive halt, cache_misses = 110225
preemptive halt, cache_misses = 110225
preemptive halt, cache_misses = 110225
preemptive halt, cache_misses = 110225
preemptive halt, cache_misses = 110225
preemptive halt, cache_misses = 110225
preemptive halt, cache_misses = 110225
preemptive halt, cache_misses = 110225
preemptive halt, cache_misses = 110225
preemptive halt, cache_misses = 110225
preemptive halt, cache_misses = 110225
preemptive halt, cache_misses = 110225
preemptive halt, cache_misses = 110225
preemptive halt, cache_misses = 110225
preemptive halt, cache_misses = 110225
preemptive halt, cache_misses = 110225
preemptive halt, cache_misses = 110225
preemptive halt, cache_misses = 110225
preemptive halt, cache_misses = 110225
preemptive halt, cache_misses = 110225
preemptive halt, cache_misses = 110225
preemptive halt, cache_misses = 110225
preemptive halt, cache_misses = 110225
preemptive halt, cache_misses = 110225
preemptive halt, cache_misses = 110225
preemptive halt, cache_misses = 110225
preemptive halt, cache_misses = 110225
preemptive halt, cache_misses = 110225
preemptive halt, cache_misses = 110225
preemptive halt, cache_misses = 110225
preemptive halt, cache_misses = 110225
preemptive halt, cache_misses = 110225
preemptive halt, cache_misses = 110225
preemptive halt, cache_misses = 110225
preemptive halt, cache_misses = 110225
preemptive halt, cache_misses = 110225
preemptive halt, cache_misses = 110225
preemptive halt, cache_misses = 110225
preemptive halt, cache_misses = 110225
preemptive halt, cache_misses = 110225
preemptive halt, cache_misses = 110225
preemptive halt, cache_misses = 110225
preemptive halt, cache_misses = 110225
preemptive halt, cache_misses = 110225
preemptive halt, cache_misses = 110225
preemptive halt, cache_misses = 110225
preemptive halt, cache_misses = 110225
preemptive halt, cache_misses = 110225
preemptive halt, cache_misses = 110225
preemptive halt, cache_misses = 110225
preemptive halt, cache_misses = 110225
preemptive halt, cache_misses = 110225
preemptive halt, cache_misses = 110225
preemptive halt, cache_misses = 110225
preemptive halt, cache_misses = 110225
preemptive halt, cache_misses = 110225
preemptive halt, cache_misses = 110225
preemptive halt, cache_misses = 110225
preemptive halt, cache_misses = 110225
preemptive halt, cache_misses = 110225
preemptive halt, cache_misses = 110225
preemptive halt, cache_misses = 110225
preemptive halt, cache_misses = 110225
preemptive halt, cache_misses = 110225
preemptive halt, cache_misses = 110225
preemptive halt, cache_misses = 110225
preemptive halt, cache_misses = 110225
preemptive halt, cache_misses = 110225
preemptive halt, cache_misses = 110225
preemptive halt, cache_misses = 110225
preemptive halt, cache_misses = 110225
preemptive halt, cache_misses = 110225
preemptive halt, cache_misses = 110225
binary search, size 43554  misses 110225  min 43515  max 43593
binary search, size 43573  misses 110223  min 43554  max 43593
binary search, size 43563  misses 110223  min 43554  max 43573
binary search, size 43558  misses 110223  min 43554  max 43563
binary search, size 43556  misses 110223  min 43554  max 43558
binary search, size 43555  misses 110223  min 43554  max 43556
characteristic cache size (binary search) for 331 = 43555
End at: 2021-04-02 15:59:06.809573
Time elapsed: 0:00:02.196942
