Begin at: 2021-04-02 15:57:04.871263
['../dist/Debug/GNU-Linux/memo_batch_tester', '', '--mbt_execution_trace_fname', 'olcs4_traceback_csize_input_types/OLCS4_lru_2021_04_02__15_55_02_k_3__d_2_cache_size_160000_problems_10_to_400/OLCS4_lru_2021_04_02__15_55_02_k_3__d_2_cache_size_160000_problems_10_to_400/OLCS4__do_traceback_prob_size_258_cache_size_160000_lru_k_3_d_2_execution_trace_2021_4_2_15_57_4_pid_20054.log', '--mbt_cache_misses_fname', 'olcs4_traceback_csize_input_types/OLCS4_lru_2021_04_02__15_55_02_k_3__d_2_cache_size_160000_problems_10_to_400/lcs_cost_OLCS4_lru_misses_for_cache_size.csv', '--mbt_misses_for_problem_size_fname', 'olcs4_traceback_csize_input_types/OLCS4_lru_2021_04_02__15_55_02_k_3__d_2_cache_size_160000_problems_10_to_400/lcs_cost_OLCS4_lru_misses_for_problem_size.csv', '--mbt_exact_cutoff_min_cache_size', '160000', '--mbt_exact_cutoff_max_cache_size', '160000', '--mbt_problem_type', 'lcs', '--mbt_metric_type', 'csize_binary_search', '--mbt_cutoff_ratio', '2.2', '--mbt_instance_fname', '258', '--mbt_detailed_cache_misses_out_fname', 'csize_olcs4_traceback_0011n_ceil_n_b_5.csv', '--mbt_phi_N', '5.0', '--mbt_problem_size', '258', '--lcs_compute_length', '0', '--lcs_perform_traceback', '1', '--lig_instance_type', '0011n_ceil_n_b', '--lig_n', '258', '--lig_c', '0.9', '--lig_b', '5.0', '--lcs_oblivious', '4', '--lcs_execution_trace_fname', 'olcs4_traceback_csize_input_types/OLCS4_lru_2021_04_02__15_55_02_k_3__d_2_cache_size_160000_problems_10_to_400/OLCS4_lru_2021_04_02__15_55_02_k_3__d_2_cache_size_160000_problems_10_to_400/OLCS4__do_traceback_prob_size_258_cache_size_160000_lru_k_3_d_2_execution_trace_2021_4_2_15_57_4_pid_20054.log', '--memo_caching_strategy', 'lru', '--memo_cache_size', '160001', '--memo_lru_queue_size', '160000', '--memo_cuckoo_k', '4', '--memo_key_length', '8', '--memo_value_length', '8', '--memo_k_timestamps', '3', '--memo_d_recent_timestamps', '2', '--memo_a_items_per_timestamp_factor', '0.4375']

csize_binary_search chosen
lcs problem_type lcs cache_size 160001
initialize_long_int_cache begin
init_memo
arguments to memo:
 --mbt_execution_trace_fname olcs4_traceback_csize_input_types/OLCS4_lru_2021_04_02__15_55_02_k_3__d_2_cache_size_160000_problems_10_to_400/OLCS4_lru_2021_04_02__15_55_02_k_3__d_2_cache_size_160000_problems_10_to_400/OLCS4__do_traceback_prob_size_258_cache_size_160000_lru_k_3_d_2_execution_trace_2021_4_2_15_57_4_pid_20054.log --mbt_cache_misses_fname olcs4_traceback_csize_input_types/OLCS4_lru_2021_04_02__15_55_02_k_3__d_2_cache_size_160000_problems_10_to_400/lcs_cost_OLCS4_lru_misses_for_cache_size.csv --mbt_misses_for_problem_size_fname olcs4_traceback_csize_input_types/OLCS4_lru_2021_04_02__15_55_02_k_3__d_2_cache_size_160000_problems_10_to_400/lcs_cost_OLCS4_lru_misses_for_problem_size.csv --mbt_exact_cutoff_min_cache_size 160000 --mbt_exact_cutoff_max_cache_size 160000 --mbt_problem_type lcs --mbt_metric_type csize_binary_search --mbt_cutoff_ratio 2.2 --mbt_instance_fname 258 --mbt_detailed_cache_misses_out_fname csize_olcs4_traceback_0011n_ceil_n_b_5.csv --mbt_phi_N 5.0 --mbt_problem_size 258 --lcs_compute_length 0 --lcs_perform_traceback 1 --lig_instance_type 0011n_ceil_n_b --lig_n 258 --lig_c 0.9 --lig_b 5.0 --lcs_oblivious 4 --lcs_execution_trace_fname olcs4_traceback_csize_input_types/OLCS4_lru_2021_04_02__15_55_02_k_3__d_2_cache_size_160000_problems_10_to_400/OLCS4_lru_2021_04_02__15_55_02_k_3__d_2_cache_size_160000_problems_10_to_400/OLCS4__do_traceback_prob_size_258_cache_size_160000_lru_k_3_d_2_execution_trace_2021_4_2_15_57_4_pid_20054.log --memo_caching_strategy lru --memo_cache_size 160001 --memo_lru_queue_size 160000 --memo_cuckoo_k 4 --memo_key_length 8 --memo_value_length 8 --memo_k_timestamps 3 --memo_d_recent_timestamps 2 --memo_a_items_per_timestamp_factor 0.4375 
calculate_table_size: table_size is 262144, original is 160001
Finished initializing cache
initialize_long_int_cache end
done initializing cache
initializing problem
done initializing problem
commence trials
Starting characteristic_cache_size_binary_search with max cache size 160001
binary search, size 160001  misses 67080
binary search, size 80000  misses 67080  min 0  max 160001
binary search, size 40000  misses 67080  min 0  max 80000
preemptive halt, cache_misses = 67081
preemptive halt, cache_misses = 67081
preemptive halt, cache_misses = 67081
preemptive halt, cache_misses = 67081
preemptive halt, cache_misses = 67081
preemptive halt, cache_misses = 67081
preemptive halt, cache_misses = 67081
preemptive halt, cache_misses = 67081
preemptive halt, cache_misses = 67081
preemptive halt, cache_misses = 67081
preemptive halt, cache_misses = 67081
preemptive halt, cache_misses = 67081
preemptive halt, cache_misses = 67081
preemptive halt, cache_misses = 67081
preemptive halt, cache_misses = 67081
preemptive halt, cache_misses = 67081
preemptive halt, cache_misses = 67081
preemptive halt, cache_misses = 67081
preemptive halt, cache_misses = 67081
preemptive halt, cache_misses = 67081
preemptive halt, cache_misses = 67081
preemptive halt, cache_misses = 67081
preemptive halt, cache_misses = 67081
preemptive halt, cache_misses = 67081
preemptive halt, cache_misses = 67081
preemptive halt, cache_misses = 67081
preemptive halt, cache_misses = 67081
preemptive halt, cache_misses = 67081
preemptive halt, cache_misses = 67081
preemptive halt, cache_misses = 67081
preemptive halt, cache_misses = 67081
preemptive halt, cache_misses = 67081
preemptive halt, cache_misses = 67081
preemptive halt, cache_misses = 67081
preemptive halt, cache_misses = 67081
preemptive halt, cache_misses = 67081
preemptive halt, cache_misses = 67081
preemptive halt, cache_misses = 67081
preemptive halt, cache_misses = 67081
preemptive halt, cache_misses = 67081
preemptive halt, cache_misses = 67081
preemptive halt, cache_misses = 67081
preemptive halt, cache_misses = 67081
preemptive halt, cache_misses = 67081
preemptive halt, cache_misses = 67081
preemptive halt, cache_misses = 67081
preemptive halt, cache_misses = 67081
preemptive halt, cache_misses = 67081
preemptive halt, cache_misses = 67081
preemptive halt, cache_misses = 67081
preemptive halt, cache_misses = 67081
preemptive halt, cache_misses = 67081
preemptive halt, cache_misses = 67081
preemptive halt, cache_misses = 67081
preemptive halt, cache_misses = 67081
preemptive halt, cache_misses = 67081
preemptive halt, cache_misses = 67081
preemptive halt, cache_misses = 67081
preemptive halt, cache_misses = 67081
preemptive halt, cache_misses = 67081
preemptive halt, cache_misses = 67081
preemptive halt, cache_misses = 67081
preemptive halt, cache_misses = 67081
preemptive halt, cache_misses = 67081
preemptive halt, cache_misses = 67081
preemptive halt, cache_misses = 67081
preemptive halt, cache_misses = 67081
preemptive halt, cache_misses = 67081
preemptive halt, cache_misses = 67081
preemptive halt, cache_misses = 67081
preemptive halt, cache_misses = 67081
preemptive halt, cache_misses = 67081
preemptive halt, cache_misses = 67081
preemptive halt, cache_misses = 67081
preemptive halt, cache_misses = 67081
preemptive halt, cache_misses = 67081
preemptive halt, cache_misses = 67081
preemptive halt, cache_misses = 67081
preemptive halt, cache_misses = 67081
preemptive halt, cache_misses = 67081
preemptive halt, cache_misses = 67081
preemptive halt, cache_misses = 67081
preemptive halt, cache_misses = 67081
preemptive halt, cache_misses = 67081
preemptive halt, cache_misses = 67081
preemptive halt, cache_misses = 67081
preemptive halt, cache_misses = 67081
preemptive halt, cache_misses = 67081
preemptive halt, cache_misses = 67081
preemptive halt, cache_misses = 67081
preemptive halt, cache_misses = 67081
preemptive halt, cache_misses = 67081
preemptive halt, cache_misses = 67081
preemptive halt, cache_misses = 67081
preemptive halt, cache_misses = 67081
preemptive halt, cache_misses = 67081
preemptive halt, cache_misses = 67081
preemptive halt, cache_misses = 67081
preemptive halt, cache_misses = 67081
preemptive halt, cache_misses = 67081
preemptive halt, cache_misses = 67081
preemptive halt, cache_misses = 67081
binary search, size 20000  misses 67081  min 0  max 40000
binary search, size 30000  misses 67080  min 20000  max 40000
preemptive halt, cache_misses = 67081
preemptive halt, cache_misses = 67081
preemptive halt, cache_misses = 67081
preemptive halt, cache_misses = 67081
preemptive halt, cache_misses = 67081
preemptive halt, cache_misses = 67081
preemptive halt, cache_misses = 67081
preemptive halt, cache_misses = 67081
preemptive halt, cache_misses = 67081
preemptive halt, cache_misses = 67081
preemptive halt, cache_misses = 67081
preemptive halt, cache_misses = 67081
preemptive halt, cache_misses = 67081
preemptive halt, cache_misses = 67081
preemptive halt, cache_misses = 67081
preemptive halt, cache_misses = 67081
preemptive halt, cache_misses = 67081
preemptive halt, cache_misses = 67081
preemptive halt, cache_misses = 67081
preemptive halt, cache_misses = 67081
preemptive halt, cache_misses = 67081
preemptive halt, cache_misses = 67081
preemptive halt, cache_misses = 67081
preemptive halt, cache_misses = 67081
preemptive halt, cache_misses = 67081
preemptive halt, cache_misses = 67081
preemptive halt, cache_misses = 67081
preemptive halt, cache_misses = 67081
preemptive halt, cache_misses = 67081
preemptive halt, cache_misses = 67081
preemptive halt, cache_misses = 67081
preemptive halt, cache_misses = 67081
preemptive halt, cache_misses = 67081
preemptive halt, cache_misses = 67081
preemptive halt, cache_misses = 67081
preemptive halt, cache_misses = 67081
preemptive halt, cache_misses = 67081
preemptive halt, cache_misses = 67081
preemptive halt, cache_misses = 67081
preemptive halt, cache_misses = 67081
preemptive halt, cache_misses = 67081
preemptive halt, cache_misses = 67081
preemptive halt, cache_misses = 67081
preemptive halt, cache_misses = 67081
preemptive halt, cache_misses = 67081
preemptive halt, cache_misses = 67081
preemptive halt, cache_misses = 67081
preemptive halt, cache_misses = 67081
preemptive halt, cache_misses = 67081
preemptive halt, cache_misses = 67081
preemptive halt, cache_misses = 67081
preemptive halt, cache_misses = 67081
preemptive halt, cache_misses = 67081
preemptive halt, cache_misses = 67081
preemptive halt, cache_misses = 67081
preemptive halt, cache_misses = 67081
preemptive halt, cache_misses = 67081
preemptive halt, cache_misses = 67081
preemptive halt, cache_misses = 67081
preemptive halt, cache_misses = 67081
preemptive halt, cache_misses = 67081
preemptive halt, cache_misses = 67081
preemptive halt, cache_misses = 67081
preemptive halt, cache_misses = 67081
preemptive halt, cache_misses = 67081
preemptive halt, cache_misses = 67081
preemptive halt, cache_misses = 67081
preemptive halt, cache_misses = 67081
preemptive halt, cache_misses = 67081
preemptive halt, cache_misses = 67081
preemptive halt, cache_misses = 67081
preemptive halt, cache_misses = 67081
preemptive halt, cache_misses = 67081
preemptive halt, cache_misses = 67081
preemptive halt, cache_misses = 67081
preemptive halt, cache_misses = 67081
preemptive halt, cache_misses = 67081
preemptive halt, cache_misses = 67081
preemptive halt, cache_misses = 67081
preemptive halt, cache_misses = 67081
preemptive halt, cache_misses = 67081
preemptive halt, cache_misses = 67081
preemptive halt, cache_misses = 67081
preemptive halt, cache_misses = 67081
preemptive halt, cache_misses = 67081
preemptive halt, cache_misses = 67081
preemptive halt, cache_misses = 67081
preemptive halt, cache_misses = 67081
preemptive halt, cache_misses = 67081
preemptive halt, cache_misses = 67081
preemptive halt, cache_misses = 67081
preemptive halt, cache_misses = 67081
preemptive halt, cache_misses = 67081
preemptive halt, cache_misses = 67081
preemptive halt, cache_misses = 67081
preemptive halt, cache_misses = 67081
preemptive halt, cache_misses = 67081
preemptive halt, cache_misses = 67081
preemptive halt, cache_misses = 67081
preemptive halt, cache_misses = 67081
preemptive halt, cache_misses = 67081
preemptive halt, cache_misses = 67081
binary search, size 25000  misses 67081  min 20000  max 30000
binary search, size 27500  misses 67080  min 25000  max 30000
preemptive halt, cache_misses = 67081
preemptive halt, cache_misses = 67081
preemptive halt, cache_misses = 67081
preemptive halt, cache_misses = 67081
preemptive halt, cache_misses = 67081
preemptive halt, cache_misses = 67081
preemptive halt, cache_misses = 67081
preemptive halt, cache_misses = 67081
preemptive halt, cache_misses = 67081
preemptive halt, cache_misses = 67081
preemptive halt, cache_misses = 67081
preemptive halt, cache_misses = 67081
preemptive halt, cache_misses = 67081
preemptive halt, cache_misses = 67081
preemptive halt, cache_misses = 67081
preemptive halt, cache_misses = 67081
preemptive halt, cache_misses = 67081
preemptive halt, cache_misses = 67081
preemptive halt, cache_misses = 67081
preemptive halt, cache_misses = 67081
preemptive halt, cache_misses = 67081
preemptive halt, cache_misses = 67081
preemptive halt, cache_misses = 67081
preemptive halt, cache_misses = 67081
preemptive halt, cache_misses = 67081
preemptive halt, cache_misses = 67081
preemptive halt, cache_misses = 67081
preemptive halt, cache_misses = 67081
preemptive halt, cache_misses = 67081
preemptive halt, cache_misses = 67081
preemptive halt, cache_misses = 67081
preemptive halt, cache_misses = 67081
preemptive halt, cache_misses = 67081
preemptive halt, cache_misses = 67081
preemptive halt, cache_misses = 67081
preemptive halt, cache_misses = 67081
preemptive halt, cache_misses = 67081
preemptive halt, cache_misses = 67081
preemptive halt, cache_misses = 67081
preemptive halt, cache_misses = 67081
preemptive halt, cache_misses = 67081
preemptive halt, cache_misses = 67081
preemptive halt, cache_misses = 67081
preemptive halt, cache_misses = 67081
preemptive halt, cache_misses = 67081
preemptive halt, cache_misses = 67081
preemptive halt, cache_misses = 67081
preemptive halt, cache_misses = 67081
preemptive halt, cache_misses = 67081
preemptive halt, cache_misses = 67081
preemptive halt, cache_misses = 67081
preemptive halt, cache_misses = 67081
preemptive halt, cache_misses = 67081
preemptive halt, cache_misses = 67081
preemptive halt, cache_misses = 67081
preemptive halt, cache_misses = 67081
preemptive halt, cache_misses = 67081
preemptive halt, cache_misses = 67081
preemptive halt, cache_misses = 67081
preemptive halt, cache_misses = 67081
preemptive halt, cache_misses = 67081
preemptive halt, cache_misses = 67081
preemptive halt, cache_misses = 67081
preemptive halt, cache_misses = 67081
preemptive halt, cache_misses = 67081
preemptive halt, cache_misses = 67081
preemptive halt, cache_misses = 67081
preemptive halt, cache_misses = 67081
preemptive halt, cache_misses = 67081
preemptive halt, cache_misses = 67081
preemptive halt, cache_misses = 67081
preemptive halt, cache_misses = 67081
preemptive halt, cache_misses = 67081
preemptive halt, cache_misses = 67081
preemptive halt, cache_misses = 67081
preemptive halt, cache_misses = 67081
preemptive halt, cache_misses = 67081
preemptive halt, cache_misses = 67081
preemptive halt, cache_misses = 67081
preemptive halt, cache_misses = 67081
preemptive halt, cache_misses = 67081
preemptive halt, cache_misses = 67081
preemptive halt, cache_misses = 67081
preemptive halt, cache_misses = 67081
preemptive halt, cache_misses = 67081
preemptive halt, cache_misses = 67081
preemptive halt, cache_misses = 67081
preemptive halt, cache_misses = 67081
preemptive halt, cache_misses = 67081
preemptive halt, cache_misses = 67081
preemptive halt, cache_misses = 67081
preemptive halt, cache_misses = 67081
preemptive halt, cache_misses = 67081
preemptive halt, cache_misses = 67081
preemptive halt, cache_misses = 67081
preemptive halt, cache_misses = 67081
preemptive halt, cache_misses = 67081
preemptive halt, cache_misses = 67081
preemptive halt, cache_misses = 67081
preemptive halt, cache_misses = 67081
preemptive halt, cache_misses = 67081
preemptive halt, cache_misses = 67081
binary search, size 26250  misses 67081  min 25000  max 27500
binary search, size 26875  misses 67080  min 26250  max 27500
preemptive halt, cache_misses = 67081
preemptive halt, cache_misses = 67081
preemptive halt, cache_misses = 67081
preemptive halt, cache_misses = 67081
preemptive halt, cache_misses = 67081
preemptive halt, cache_misses = 67081
preemptive halt, cache_misses = 67081
preemptive halt, cache_misses = 67081
preemptive halt, cache_misses = 67081
preemptive halt, cache_misses = 67081
preemptive halt, cache_misses = 67081
preemptive halt, cache_misses = 67081
preemptive halt, cache_misses = 67081
preemptive halt, cache_misses = 67081
preemptive halt, cache_misses = 67081
preemptive halt, cache_misses = 67081
preemptive halt, cache_misses = 67081
preemptive halt, cache_misses = 67081
preemptive halt, cache_misses = 67081
preemptive halt, cache_misses = 67081
preemptive halt, cache_misses = 67081
preemptive halt, cache_misses = 67081
preemptive halt, cache_misses = 67081
preemptive halt, cache_misses = 67081
preemptive halt, cache_misses = 67081
preemptive halt, cache_misses = 67081
preemptive halt, cache_misses = 67081
preemptive halt, cache_misses = 67081
preemptive halt, cache_misses = 67081
preemptive halt, cache_misses = 67081
preemptive halt, cache_misses = 67081
preemptive halt, cache_misses = 67081
preemptive halt, cache_misses = 67081
preemptive halt, cache_misses = 67081
preemptive halt, cache_misses = 67081
preemptive halt, cache_misses = 67081
preemptive halt, cache_misses = 67081
preemptive halt, cache_misses = 67081
preemptive halt, cache_misses = 67081
preemptive halt, cache_misses = 67081
preemptive halt, cache_misses = 67081
preemptive halt, cache_misses = 67081
preemptive halt, cache_misses = 67081
preemptive halt, cache_misses = 67081
preemptive halt, cache_misses = 67081
preemptive halt, cache_misses = 67081
preemptive halt, cache_misses = 67081
preemptive halt, cache_misses = 67081
preemptive halt, cache_misses = 67081
preemptive halt, cache_misses = 67081
preemptive halt, cache_misses = 67081
preemptive halt, cache_misses = 67081
preemptive halt, cache_misses = 67081
preemptive halt, cache_misses = 67081
preemptive halt, cache_misses = 67081
preemptive halt, cache_misses = 67081
preemptive halt, cache_misses = 67081
preemptive halt, cache_misses = 67081
preemptive halt, cache_misses = 67081
preemptive halt, cache_misses = 67081
preemptive halt, cache_misses = 67081
preemptive halt, cache_misses = 67081
preemptive halt, cache_misses = 67081
preemptive halt, cache_misses = 67081
preemptive halt, cache_misses = 67081
preemptive halt, cache_misses = 67081
preemptive halt, cache_misses = 67081
preemptive halt, cache_misses = 67081
preemptive halt, cache_misses = 67081
preemptive halt, cache_misses = 67081
preemptive halt, cache_misses = 67081
preemptive halt, cache_misses = 67081
preemptive halt, cache_misses = 67081
preemptive halt, cache_misses = 67081
preemptive halt, cache_misses = 67081
preemptive halt, cache_misses = 67081
preemptive halt, cache_misses = 67081
preemptive halt, cache_misses = 67081
preemptive halt, cache_misses = 67081
preemptive halt, cache_misses = 67081
preemptive halt, cache_misses = 67081
preemptive halt, cache_misses = 67081
preemptive halt, cache_misses = 67081
preemptive halt, cache_misses = 67081
preemptive halt, cache_misses = 67081
preemptive halt, cache_misses = 67081
preemptive halt, cache_misses = 67081
preemptive halt, cache_misses = 67081
preemptive halt, cache_misses = 67081
preemptive halt, cache_misses = 67081
preemptive halt, cache_misses = 67081
preemptive halt, cache_misses = 67081
preemptive halt, cache_misses = 67081
preemptive halt, cache_misses = 67081
preemptive halt, cache_misses = 67081
preemptive halt, cache_misses = 67081
preemptive halt, cache_misses = 67081
preemptive halt, cache_misses = 67081
preemptive halt, cache_misses = 67081
preemptive halt, cache_misses = 67081
preemptive halt, cache_misses = 67081
preemptive halt, cache_misses = 67081
binary search, size 26562  misses 67081  min 26250  max 26875
preemptive halt, cache_misses = 67082
preemptive halt, cache_misses = 67082
preemptive halt, cache_misses = 67082
preemptive halt, cache_misses = 67082
preemptive halt, cache_misses = 67082
preemptive halt, cache_misses = 67082
preemptive halt, cache_misses = 67082
preemptive halt, cache_misses = 67082
preemptive halt, cache_misses = 67082
preemptive halt, cache_misses = 67082
preemptive halt, cache_misses = 67082
preemptive halt, cache_misses = 67082
preemptive halt, cache_misses = 67082
preemptive halt, cache_misses = 67082
preemptive halt, cache_misses = 67082
preemptive halt, cache_misses = 67082
preemptive halt, cache_misses = 67082
preemptive halt, cache_misses = 67082
preemptive halt, cache_misses = 67082
preemptive halt, cache_misses = 67082
preemptive halt, cache_misses = 67082
preemptive halt, cache_misses = 67082
preemptive halt, cache_misses = 67082
preemptive halt, cache_misses = 67082
preemptive halt, cache_misses = 67082
preemptive halt, cache_misses = 67082
preemptive halt, cache_misses = 67082
preemptive halt, cache_misses = 67082
preemptive halt, cache_misses = 67082
preemptive halt, cache_misses = 67082
preemptive halt, cache_misses = 67082
preemptive halt, cache_misses = 67082
preemptive halt, cache_misses = 67082
preemptive halt, cache_misses = 67082
preemptive halt, cache_misses = 67082
preemptive halt, cache_misses = 67082
preemptive halt, cache_misses = 67082
preemptive halt, cache_misses = 67082
preemptive halt, cache_misses = 67082
preemptive halt, cache_misses = 67082
preemptive halt, cache_misses = 67082
preemptive halt, cache_misses = 67082
preemptive halt, cache_misses = 67082
preemptive halt, cache_misses = 67082
preemptive halt, cache_misses = 67082
preemptive halt, cache_misses = 67082
preemptive halt, cache_misses = 67082
preemptive halt, cache_misses = 67082
preemptive halt, cache_misses = 67082
preemptive halt, cache_misses = 67082
preemptive halt, cache_misses = 67082
preemptive halt, cache_misses = 67082
preemptive halt, cache_misses = 67082
preemptive halt, cache_misses = 67082
preemptive halt, cache_misses = 67082
preemptive halt, cache_misses = 67082
preemptive halt, cache_misses = 67082
preemptive halt, cache_misses = 67082
preemptive halt, cache_misses = 67082
preemptive halt, cache_misses = 67082
preemptive halt, cache_misses = 67082
preemptive halt, cache_misses = 67082
preemptive halt, cache_misses = 67082
preemptive halt, cache_misses = 67082
preemptive halt, cache_misses = 67082
preemptive halt, cache_misses = 67082
preemptive halt, cache_misses = 67082
preemptive halt, cache_misses = 67082
preemptive halt, cache_misses = 67082
preemptive halt, cache_misses = 67082
preemptive halt, cache_misses = 67082
preemptive halt, cache_misses = 67082
preemptive halt, cache_misses = 67082
preemptive halt, cache_misses = 67082
preemptive halt, cache_misses = 67082
preemptive halt, cache_misses = 67082
preemptive halt, cache_misses = 67082
preemptive halt, cache_misses = 67082
preemptive halt, cache_misses = 67082
preemptive halt, cache_misses = 67082
preemptive halt, cache_misses = 67082
preemptive halt, cache_misses = 67082
preemptive halt, cache_misses = 67082
preemptive halt, cache_misses = 67082
preemptive halt, cache_misses = 67082
preemptive halt, cache_misses = 67082
preemptive halt, cache_misses = 67082
preemptive halt, cache_misses = 67082
preemptive halt, cache_misses = 67082
preemptive halt, cache_misses = 67082
preemptive halt, cache_misses = 67082
preemptive halt, cache_misses = 67082
preemptive halt, cache_misses = 67082
preemptive halt, cache_misses = 67082
preemptive halt, cache_misses = 67082
preemptive halt, cache_misses = 67082
preemptive halt, cache_misses = 67082
preemptive halt, cache_misses = 67082
preemptive halt, cache_misses = 67082
preemptive halt, cache_misses = 67082
preemptive halt, cache_misses = 67082
preemptive halt, cache_misses = 67082
preemptive halt, cache_misses = 67082
preemptive halt, cache_misses = 67082
binary search, size 26718  misses 67082  min 26562  max 26875
binary search, size 26796  misses 67080  min 26718  max 26875
binary search, size 26757  misses 67080  min 26718  max 26796
binary search, size 26737  misses 67080  min 26718  max 26757
binary search, size 26727  misses 67080  min 26718  max 26737
preemptive halt, cache_misses = 67081
preemptive halt, cache_misses = 67081
preemptive halt, cache_misses = 67081
preemptive halt, cache_misses = 67081
preemptive halt, cache_misses = 67081
preemptive halt, cache_misses = 67081
preemptive halt, cache_misses = 67081
preemptive halt, cache_misses = 67081
preemptive halt, cache_misses = 67081
preemptive halt, cache_misses = 67081
preemptive halt, cache_misses = 67081
preemptive halt, cache_misses = 67081
preemptive halt, cache_misses = 67081
preemptive halt, cache_misses = 67081
preemptive halt, cache_misses = 67081
preemptive halt, cache_misses = 67081
preemptive halt, cache_misses = 67081
preemptive halt, cache_misses = 67081
preemptive halt, cache_misses = 67081
preemptive halt, cache_misses = 67081
preemptive halt, cache_misses = 67081
preemptive halt, cache_misses = 67081
preemptive halt, cache_misses = 67081
preemptive halt, cache_misses = 67081
preemptive halt, cache_misses = 67081
preemptive halt, cache_misses = 67081
preemptive halt, cache_misses = 67081
preemptive halt, cache_misses = 67081
preemptive halt, cache_misses = 67081
preemptive halt, cache_misses = 67081
preemptive halt, cache_misses = 67081
preemptive halt, cache_misses = 67081
preemptive halt, cache_misses = 67081
preemptive halt, cache_misses = 67081
preemptive halt, cache_misses = 67081
preemptive halt, cache_misses = 67081
preemptive halt, cache_misses = 67081
preemptive halt, cache_misses = 67081
preemptive halt, cache_misses = 67081
preemptive halt, cache_misses = 67081
preemptive halt, cache_misses = 67081
preemptive halt, cache_misses = 67081
preemptive halt, cache_misses = 67081
preemptive halt, cache_misses = 67081
preemptive halt, cache_misses = 67081
preemptive halt, cache_misses = 67081
preemptive halt, cache_misses = 67081
preemptive halt, cache_misses = 67081
preemptive halt, cache_misses = 67081
preemptive halt, cache_misses = 67081
preemptive halt, cache_misses = 67081
preemptive halt, cache_misses = 67081
preemptive halt, cache_misses = 67081
preemptive halt, cache_misses = 67081
preemptive halt, cache_misses = 67081
preemptive halt, cache_misses = 67081
preemptive halt, cache_misses = 67081
preemptive halt, cache_misses = 67081
preemptive halt, cache_misses = 67081
preemptive halt, cache_misses = 67081
preemptive halt, cache_misses = 67081
preemptive halt, cache_misses = 67081
preemptive halt, cache_misses = 67081
preemptive halt, cache_misses = 67081
preemptive halt, cache_misses = 67081
preemptive halt, cache_misses = 67081
preemptive halt, cache_misses = 67081
preemptive halt, cache_misses = 67081
preemptive halt, cache_misses = 67081
preemptive halt, cache_misses = 67081
preemptive halt, cache_misses = 67081
preemptive halt, cache_misses = 67081
preemptive halt, cache_misses = 67081
preemptive halt, cache_misses = 67081
preemptive halt, cache_misses = 67081
preemptive halt, cache_misses = 67081
preemptive halt, cache_misses = 67081
preemptive halt, cache_misses = 67081
preemptive halt, cache_misses = 67081
preemptive halt, cache_misses = 67081
preemptive halt, cache_misses = 67081
preemptive halt, cache_misses = 67081
preemptive halt, cache_misses = 67081
preemptive halt, cache_misses = 67081
preemptive halt, cache_misses = 67081
preemptive halt, cache_misses = 67081
preemptive halt, cache_misses = 67081
preemptive halt, cache_misses = 67081
preemptive halt, cache_misses = 67081
preemptive halt, cache_misses = 67081
preemptive halt, cache_misses = 67081
preemptive halt, cache_misses = 67081
preemptive halt, cache_misses = 67081
preemptive halt, cache_misses = 67081
preemptive halt, cache_misses = 67081
preemptive halt, cache_misses = 67081
preemptive halt, cache_misses = 67081
preemptive halt, cache_misses = 67081
preemptive halt, cache_misses = 67081
preemptive halt, cache_misses = 67081
preemptive halt, cache_misses = 67081
preemptive halt, cache_misses = 67081
binary search, size 26722  misses 67081  min 26718  max 26727
preemptive halt, cache_misses = 67082
preemptive halt, cache_misses = 67082
preemptive halt, cache_misses = 67082
preemptive halt, cache_misses = 67082
preemptive halt, cache_misses = 67082
preemptive halt, cache_misses = 67082
preemptive halt, cache_misses = 67082
preemptive halt, cache_misses = 67082
preemptive halt, cache_misses = 67082
preemptive halt, cache_misses = 67082
preemptive halt, cache_misses = 67082
preemptive halt, cache_misses = 67082
preemptive halt, cache_misses = 67082
preemptive halt, cache_misses = 67082
preemptive halt, cache_misses = 67082
preemptive halt, cache_misses = 67082
preemptive halt, cache_misses = 67082
preemptive halt, cache_misses = 67082
preemptive halt, cache_misses = 67082
preemptive halt, cache_misses = 67082
preemptive halt, cache_misses = 67082
preemptive halt, cache_misses = 67082
preemptive halt, cache_misses = 67082
preemptive halt, cache_misses = 67082
preemptive halt, cache_misses = 67082
preemptive halt, cache_misses = 67082
preemptive halt, cache_misses = 67082
preemptive halt, cache_misses = 67082
preemptive halt, cache_misses = 67082
preemptive halt, cache_misses = 67082
preemptive halt, cache_misses = 67082
preemptive halt, cache_misses = 67082
preemptive halt, cache_misses = 67082
preemptive halt, cache_misses = 67082
preemptive halt, cache_misses = 67082
preemptive halt, cache_misses = 67082
preemptive halt, cache_misses = 67082
preemptive halt, cache_misses = 67082
preemptive halt, cache_misses = 67082
preemptive halt, cache_misses = 67082
preemptive halt, cache_misses = 67082
preemptive halt, cache_misses = 67082
preemptive halt, cache_misses = 67082
preemptive halt, cache_misses = 67082
preemptive halt, cache_misses = 67082
preemptive halt, cache_misses = 67082
preemptive halt, cache_misses = 67082
preemptive halt, cache_misses = 67082
preemptive halt, cache_misses = 67082
preemptive halt, cache_misses = 67082
preemptive halt, cache_misses = 67082
preemptive halt, cache_misses = 67082
preemptive halt, cache_misses = 67082
preemptive halt, cache_misses = 67082
preemptive halt, cache_misses = 67082
preemptive halt, cache_misses = 67082
preemptive halt, cache_misses = 67082
preemptive halt, cache_misses = 67082
preemptive halt, cache_misses = 67082
preemptive halt, cache_misses = 67082
preemptive halt, cache_misses = 67082
preemptive halt, cache_misses = 67082
preemptive halt, cache_misses = 67082
preemptive halt, cache_misses = 67082
preemptive halt, cache_misses = 67082
preemptive halt, cache_misses = 67082
preemptive halt, cache_misses = 67082
preemptive halt, cache_misses = 67082
preemptive halt, cache_misses = 67082
preemptive halt, cache_misses = 67082
preemptive halt, cache_misses = 67082
preemptive halt, cache_misses = 67082
preemptive halt, cache_misses = 67082
preemptive halt, cache_misses = 67082
preemptive halt, cache_misses = 67082
preemptive halt, cache_misses = 67082
preemptive halt, cache_misses = 67082
preemptive halt, cache_misses = 67082
preemptive halt, cache_misses = 67082
preemptive halt, cache_misses = 67082
preemptive halt, cache_misses = 67082
preemptive halt, cache_misses = 67082
preemptive halt, cache_misses = 67082
preemptive halt, cache_misses = 67082
preemptive halt, cache_misses = 67082
preemptive halt, cache_misses = 67082
preemptive halt, cache_misses = 67082
preemptive halt, cache_misses = 67082
preemptive halt, cache_misses = 67082
preemptive halt, cache_misses = 67082
preemptive halt, cache_misses = 67082
preemptive halt, cache_misses = 67082
preemptive halt, cache_misses = 67082
preemptive halt, cache_misses = 67082
preemptive halt, cache_misses = 67082
preemptive halt, cache_misses = 67082
preemptive halt, cache_misses = 67082
preemptive halt, cache_misses = 67082
preemptive halt, cache_misses = 67082
preemptive halt, cache_misses = 67082
preemptive halt, cache_misses = 67082
preemptive halt, cache_misses = 67082
preemptive halt, cache_misses = 67082
preemptive halt, cache_misses = 67082
binary search, size 26724  misses 67082  min 26722  max 26727
preemptive halt, cache_misses = 67083
preemptive halt, cache_misses = 67083
preemptive halt, cache_misses = 67083
preemptive halt, cache_misses = 67083
preemptive halt, cache_misses = 67083
preemptive halt, cache_misses = 67083
preemptive halt, cache_misses = 67083
preemptive halt, cache_misses = 67083
preemptive halt, cache_misses = 67083
preemptive halt, cache_misses = 67083
preemptive halt, cache_misses = 67083
preemptive halt, cache_misses = 67083
preemptive halt, cache_misses = 67083
preemptive halt, cache_misses = 67083
preemptive halt, cache_misses = 67083
preemptive halt, cache_misses = 67083
preemptive halt, cache_misses = 67083
preemptive halt, cache_misses = 67083
preemptive halt, cache_misses = 67083
preemptive halt, cache_misses = 67083
preemptive halt, cache_misses = 67083
preemptive halt, cache_misses = 67083
preemptive halt, cache_misses = 67083
preemptive halt, cache_misses = 67083
preemptive halt, cache_misses = 67083
preemptive halt, cache_misses = 67083
preemptive halt, cache_misses = 67083
preemptive halt, cache_misses = 67083
preemptive halt, cache_misses = 67083
preemptive halt, cache_misses = 67083
preemptive halt, cache_misses = 67083
preemptive halt, cache_misses = 67083
preemptive halt, cache_misses = 67083
preemptive halt, cache_misses = 67083
preemptive halt, cache_misses = 67083
preemptive halt, cache_misses = 67083
preemptive halt, cache_misses = 67083
preemptive halt, cache_misses = 67083
preemptive halt, cache_misses = 67083
preemptive halt, cache_misses = 67083
preemptive halt, cache_misses = 67083
preemptive halt, cache_misses = 67083
preemptive halt, cache_misses = 67083
preemptive halt, cache_misses = 67083
preemptive halt, cache_misses = 67083
preemptive halt, cache_misses = 67083
preemptive halt, cache_misses = 67083
preemptive halt, cache_misses = 67083
preemptive halt, cache_misses = 67083
preemptive halt, cache_misses = 67083
preemptive halt, cache_misses = 67083
preemptive halt, cache_misses = 67083
preemptive halt, cache_misses = 67083
preemptive halt, cache_misses = 67083
preemptive halt, cache_misses = 67083
preemptive halt, cache_misses = 67083
preemptive halt, cache_misses = 67083
preemptive halt, cache_misses = 67083
preemptive halt, cache_misses = 67083
preemptive halt, cache_misses = 67083
preemptive halt, cache_misses = 67083
preemptive halt, cache_misses = 67083
preemptive halt, cache_misses = 67083
preemptive halt, cache_misses = 67083
preemptive halt, cache_misses = 67083
preemptive halt, cache_misses = 67083
preemptive halt, cache_misses = 67083
preemptive halt, cache_misses = 67083
preemptive halt, cache_misses = 67083
preemptive halt, cache_misses = 67083
preemptive halt, cache_misses = 67083
preemptive halt, cache_misses = 67083
preemptive halt, cache_misses = 67083
preemptive halt, cache_misses = 67083
preemptive halt, cache_misses = 67083
preemptive halt, cache_misses = 67083
preemptive halt, cache_misses = 67083
preemptive halt, cache_misses = 67083
preemptive halt, cache_misses = 67083
preemptive halt, cache_misses = 67083
preemptive halt, cache_misses = 67083
preemptive halt, cache_misses = 67083
preemptive halt, cache_misses = 67083
preemptive halt, cache_misses = 67083
preemptive halt, cache_misses = 67083
preemptive halt, cache_misses = 67083
preemptive halt, cache_misses = 67083
preemptive halt, cache_misses = 67083
preemptive halt, cache_misses = 67083
preemptive halt, cache_misses = 67083
preemptive halt, cache_misses = 67083
preemptive halt, cache_misses = 67083
preemptive halt, cache_misses = 67083
preemptive halt, cache_misses = 67083
preemptive halt, cache_misses = 67083
preemptive halt, cache_misses = 67083
preemptive halt, cache_misses = 67083
preemptive halt, cache_misses = 67083
preemptive halt, cache_misses = 67083
preemptive halt, cache_misses = 67083
preemptive halt, cache_misses = 67083
preemptive halt, cache_misses = 67083
preemptive halt, cache_misses = 67083
preemptive halt, cache_misses = 67083
preemptive halt, cache_misses = 67083
preemptive halt, cache_misses = 67083
binary search, size 26725  misses 67083  min 26724  max 26727
preemptive halt, cache_misses = 67084
preemptive halt, cache_misses = 67084
preemptive halt, cache_misses = 67084
preemptive halt, cache_misses = 67084
preemptive halt, cache_misses = 67084
preemptive halt, cache_misses = 67084
preemptive halt, cache_misses = 67084
preemptive halt, cache_misses = 67084
preemptive halt, cache_misses = 67084
preemptive halt, cache_misses = 67084
preemptive halt, cache_misses = 67084
preemptive halt, cache_misses = 67084
preemptive halt, cache_misses = 67084
preemptive halt, cache_misses = 67084
preemptive halt, cache_misses = 67084
preemptive halt, cache_misses = 67084
preemptive halt, cache_misses = 67084
preemptive halt, cache_misses = 67084
preemptive halt, cache_misses = 67084
preemptive halt, cache_misses = 67084
preemptive halt, cache_misses = 67084
preemptive halt, cache_misses = 67084
preemptive halt, cache_misses = 67084
preemptive halt, cache_misses = 67084
preemptive halt, cache_misses = 67084
preemptive halt, cache_misses = 67084
preemptive halt, cache_misses = 67084
preemptive halt, cache_misses = 67084
preemptive halt, cache_misses = 67084
preemptive halt, cache_misses = 67084
preemptive halt, cache_misses = 67084
preemptive halt, cache_misses = 67084
preemptive halt, cache_misses = 67084
preemptive halt, cache_misses = 67084
preemptive halt, cache_misses = 67084
preemptive halt, cache_misses = 67084
preemptive halt, cache_misses = 67084
preemptive halt, cache_misses = 67084
preemptive halt, cache_misses = 67084
preemptive halt, cache_misses = 67084
preemptive halt, cache_misses = 67084
preemptive halt, cache_misses = 67084
preemptive halt, cache_misses = 67084
preemptive halt, cache_misses = 67084
preemptive halt, cache_misses = 67084
preemptive halt, cache_misses = 67084
preemptive halt, cache_misses = 67084
preemptive halt, cache_misses = 67084
preemptive halt, cache_misses = 67084
preemptive halt, cache_misses = 67084
preemptive halt, cache_misses = 67084
preemptive halt, cache_misses = 67084
preemptive halt, cache_misses = 67084
preemptive halt, cache_misses = 67084
preemptive halt, cache_misses = 67084
preemptive halt, cache_misses = 67084
preemptive halt, cache_misses = 67084
preemptive halt, cache_misses = 67084
preemptive halt, cache_misses = 67084
preemptive halt, cache_misses = 67084
preemptive halt, cache_misses = 67084
preemptive halt, cache_misses = 67084
preemptive halt, cache_misses = 67084
preemptive halt, cache_misses = 67084
preemptive halt, cache_misses = 67084
preemptive halt, cache_misses = 67084
preemptive halt, cache_misses = 67084
preemptive halt, cache_misses = 67084
preemptive halt, cache_misses = 67084
preemptive halt, cache_misses = 67084
preemptive halt, cache_misses = 67084
preemptive halt, cache_misses = 67084
preemptive halt, cache_misses = 67084
preemptive halt, cache_misses = 67084
preemptive halt, cache_misses = 67084
preemptive halt, cache_misses = 67084
preemptive halt, cache_misses = 67084
preemptive halt, cache_misses = 67084
preemptive halt, cache_misses = 67084
preemptive halt, cache_misses = 67084
preemptive halt, cache_misses = 67084
preemptive halt, cache_misses = 67084
preemptive halt, cache_misses = 67084
preemptive halt, cache_misses = 67084
preemptive halt, cache_misses = 67084
preemptive halt, cache_misses = 67084
preemptive halt, cache_misses = 67084
preemptive halt, cache_misses = 67084
preemptive halt, cache_misses = 67084
preemptive halt, cache_misses = 67084
preemptive halt, cache_misses = 67084
preemptive halt, cache_misses = 67084
preemptive halt, cache_misses = 67084
preemptive halt, cache_misses = 67084
preemptive halt, cache_misses = 67084
preemptive halt, cache_misses = 67084
preemptive halt, cache_misses = 67084
preemptive halt, cache_misses = 67084
preemptive halt, cache_misses = 67084
preemptive halt, cache_misses = 67084
preemptive halt, cache_misses = 67084
preemptive halt, cache_misses = 67084
preemptive halt, cache_misses = 67084
preemptive halt, cache_misses = 67084
preemptive halt, cache_misses = 67084
preemptive halt, cache_misses = 67084
preemptive halt, cache_misses = 67084
preemptive halt, cache_misses = 67084
binary search, size 26726  misses 67084  min 26725  max 26727
characteristic cache size (binary search) for 258 = 26727
End at: 2021-04-02 15:57:06.116148
Time elapsed: 0:00:01.244902
