Begin at: 2021-04-02 15:55:48.648526
['../dist/Debug/GNU-Linux/memo_batch_tester', '', '--mbt_execution_trace_fname', 'olcs4_traceback_csize_input_types/OLCS4_lru_2021_04_02__15_55_02_k_3__d_2_cache_size_160000_problems_10_to_400/OLCS4_lru_2021_04_02__15_55_02_k_3__d_2_cache_size_160000_problems_10_to_400/OLCS4__do_traceback_prob_size_177_cache_size_160000_lru_k_3_d_2_execution_trace_2021_4_2_15_55_48_pid_19885.log', '--mbt_cache_misses_fname', 'olcs4_traceback_csize_input_types/OLCS4_lru_2021_04_02__15_55_02_k_3__d_2_cache_size_160000_problems_10_to_400/lcs_cost_OLCS4_lru_misses_for_cache_size.csv', '--mbt_misses_for_problem_size_fname', 'olcs4_traceback_csize_input_types/OLCS4_lru_2021_04_02__15_55_02_k_3__d_2_cache_size_160000_problems_10_to_400/lcs_cost_OLCS4_lru_misses_for_problem_size.csv', '--mbt_exact_cutoff_min_cache_size', '160000', '--mbt_exact_cutoff_max_cache_size', '160000', '--mbt_problem_type', 'lcs', '--mbt_metric_type', 'csize_binary_search', '--mbt_cutoff_ratio', '2.2', '--mbt_instance_fname', '177', '--mbt_detailed_cache_misses_out_fname', 'csize_olcs4_traceback_0011n_ceil_n_b_5.csv', '--mbt_phi_N', '5.0', '--mbt_problem_size', '177', '--lcs_compute_length', '0', '--lcs_perform_traceback', '1', '--lig_instance_type', '0011n_ceil_n_b', '--lig_n', '177', '--lig_c', '0.9', '--lig_b', '5.0', '--lcs_oblivious', '4', '--lcs_execution_trace_fname', 'olcs4_traceback_csize_input_types/OLCS4_lru_2021_04_02__15_55_02_k_3__d_2_cache_size_160000_problems_10_to_400/OLCS4_lru_2021_04_02__15_55_02_k_3__d_2_cache_size_160000_problems_10_to_400/OLCS4__do_traceback_prob_size_177_cache_size_160000_lru_k_3_d_2_execution_trace_2021_4_2_15_55_48_pid_19885.log', '--memo_caching_strategy', 'lru', '--memo_cache_size', '160001', '--memo_lru_queue_size', '160000', '--memo_cuckoo_k', '4', '--memo_key_length', '8', '--memo_value_length', '8', '--memo_k_timestamps', '3', '--memo_d_recent_timestamps', '2', '--memo_a_items_per_timestamp_factor', '0.4375']

csize_binary_search chosen
lcs problem_type lcs cache_size 160001
initialize_long_int_cache begin
init_memo
arguments to memo:
 --mbt_execution_trace_fname olcs4_traceback_csize_input_types/OLCS4_lru_2021_04_02__15_55_02_k_3__d_2_cache_size_160000_problems_10_to_400/OLCS4_lru_2021_04_02__15_55_02_k_3__d_2_cache_size_160000_problems_10_to_400/OLCS4__do_traceback_prob_size_177_cache_size_160000_lru_k_3_d_2_execution_trace_2021_4_2_15_55_48_pid_19885.log --mbt_cache_misses_fname olcs4_traceback_csize_input_types/OLCS4_lru_2021_04_02__15_55_02_k_3__d_2_cache_size_160000_problems_10_to_400/lcs_cost_OLCS4_lru_misses_for_cache_size.csv --mbt_misses_for_problem_size_fname olcs4_traceback_csize_input_types/OLCS4_lru_2021_04_02__15_55_02_k_3__d_2_cache_size_160000_problems_10_to_400/lcs_cost_OLCS4_lru_misses_for_problem_size.csv --mbt_exact_cutoff_min_cache_size 160000 --mbt_exact_cutoff_max_cache_size 160000 --mbt_problem_type lcs --mbt_metric_type csize_binary_search --mbt_cutoff_ratio 2.2 --mbt_instance_fname 177 --mbt_detailed_cache_misses_out_fname csize_olcs4_traceback_0011n_ceil_n_b_5.csv --mbt_phi_N 5.0 --mbt_problem_size 177 --lcs_compute_length 0 --lcs_perform_traceback 1 --lig_instance_type 0011n_ceil_n_b --lig_n 177 --lig_c 0.9 --lig_b 5.0 --lcs_oblivious 4 --lcs_execution_trace_fname olcs4_traceback_csize_input_types/OLCS4_lru_2021_04_02__15_55_02_k_3__d_2_cache_size_160000_problems_10_to_400/OLCS4_lru_2021_04_02__15_55_02_k_3__d_2_cache_size_160000_problems_10_to_400/OLCS4__do_traceback_prob_size_177_cache_size_160000_lru_k_3_d_2_execution_trace_2021_4_2_15_55_48_pid_19885.log --memo_caching_strategy lru --memo_cache_size 160001 --memo_lru_queue_size 160000 --memo_cuckoo_k 4 --memo_key_length 8 --memo_value_length 8 --memo_k_timestamps 3 --memo_d_recent_timestamps 2 --memo_a_items_per_timestamp_factor 0.4375 
calculate_table_size: table_size is 262144, original is 160001
Finished initializing cache
initialize_long_int_cache end
done initializing cache
initializing problem
done initializing problem
commence trials
Starting characteristic_cache_size_binary_search with max cache size 160001
binary search, size 160001  misses 31683
binary search, size 80000  misses 31683  min 0  max 160001
binary search, size 40000  misses 31683  min 0  max 80000
binary search, size 20000  misses 31683  min 0  max 40000
preemptive halt, cache_misses = 31684
preemptive halt, cache_misses = 31684
preemptive halt, cache_misses = 31684
preemptive halt, cache_misses = 31684
preemptive halt, cache_misses = 31684
preemptive halt, cache_misses = 31684
preemptive halt, cache_misses = 31684
preemptive halt, cache_misses = 31684
preemptive halt, cache_misses = 31684
preemptive halt, cache_misses = 31684
preemptive halt, cache_misses = 31684
preemptive halt, cache_misses = 31684
preemptive halt, cache_misses = 31684
preemptive halt, cache_misses = 31684
preemptive halt, cache_misses = 31684
preemptive halt, cache_misses = 31684
preemptive halt, cache_misses = 31684
preemptive halt, cache_misses = 31684
preemptive halt, cache_misses = 31684
preemptive halt, cache_misses = 31684
preemptive halt, cache_misses = 31684
preemptive halt, cache_misses = 31684
preemptive halt, cache_misses = 31684
preemptive halt, cache_misses = 31684
preemptive halt, cache_misses = 31684
preemptive halt, cache_misses = 31684
preemptive halt, cache_misses = 31684
preemptive halt, cache_misses = 31684
preemptive halt, cache_misses = 31684
preemptive halt, cache_misses = 31684
preemptive halt, cache_misses = 31684
preemptive halt, cache_misses = 31684
preemptive halt, cache_misses = 31684
preemptive halt, cache_misses = 31684
preemptive halt, cache_misses = 31684
preemptive halt, cache_misses = 31684
preemptive halt, cache_misses = 31684
preemptive halt, cache_misses = 31684
preemptive halt, cache_misses = 31684
preemptive halt, cache_misses = 31684
preemptive halt, cache_misses = 31684
preemptive halt, cache_misses = 31684
preemptive halt, cache_misses = 31684
preemptive halt, cache_misses = 31684
preemptive halt, cache_misses = 31684
preemptive halt, cache_misses = 31684
preemptive halt, cache_misses = 31684
preemptive halt, cache_misses = 31684
preemptive halt, cache_misses = 31684
preemptive halt, cache_misses = 31684
preemptive halt, cache_misses = 31684
preemptive halt, cache_misses = 31684
preemptive halt, cache_misses = 31684
preemptive halt, cache_misses = 31684
preemptive halt, cache_misses = 31684
preemptive halt, cache_misses = 31684
preemptive halt, cache_misses = 31684
preemptive halt, cache_misses = 31684
preemptive halt, cache_misses = 31684
preemptive halt, cache_misses = 31684
preemptive halt, cache_misses = 31684
preemptive halt, cache_misses = 31684
preemptive halt, cache_misses = 31684
preemptive halt, cache_misses = 31684
preemptive halt, cache_misses = 31684
preemptive halt, cache_misses = 31684
preemptive halt, cache_misses = 31684
preemptive halt, cache_misses = 31684
binary search, size 10000  misses 31684  min 0  max 20000
binary search, size 15000  misses 31683  min 10000  max 20000
binary search, size 12500  misses 31683  min 10000  max 15000
preemptive halt, cache_misses = 31684
preemptive halt, cache_misses = 31684
preemptive halt, cache_misses = 31684
preemptive halt, cache_misses = 31684
preemptive halt, cache_misses = 31684
preemptive halt, cache_misses = 31684
preemptive halt, cache_misses = 31684
preemptive halt, cache_misses = 31684
preemptive halt, cache_misses = 31684
preemptive halt, cache_misses = 31684
preemptive halt, cache_misses = 31684
preemptive halt, cache_misses = 31684
preemptive halt, cache_misses = 31684
preemptive halt, cache_misses = 31684
preemptive halt, cache_misses = 31684
preemptive halt, cache_misses = 31684
preemptive halt, cache_misses = 31684
preemptive halt, cache_misses = 31684
preemptive halt, cache_misses = 31684
preemptive halt, cache_misses = 31684
preemptive halt, cache_misses = 31684
preemptive halt, cache_misses = 31684
preemptive halt, cache_misses = 31684
preemptive halt, cache_misses = 31684
preemptive halt, cache_misses = 31684
preemptive halt, cache_misses = 31684
preemptive halt, cache_misses = 31684
preemptive halt, cache_misses = 31684
preemptive halt, cache_misses = 31684
preemptive halt, cache_misses = 31684
preemptive halt, cache_misses = 31684
preemptive halt, cache_misses = 31684
preemptive halt, cache_misses = 31684
preemptive halt, cache_misses = 31684
preemptive halt, cache_misses = 31684
preemptive halt, cache_misses = 31684
preemptive halt, cache_misses = 31684
preemptive halt, cache_misses = 31684
preemptive halt, cache_misses = 31684
preemptive halt, cache_misses = 31684
preemptive halt, cache_misses = 31684
preemptive halt, cache_misses = 31684
preemptive halt, cache_misses = 31684
preemptive halt, cache_misses = 31684
preemptive halt, cache_misses = 31684
preemptive halt, cache_misses = 31684
preemptive halt, cache_misses = 31684
preemptive halt, cache_misses = 31684
preemptive halt, cache_misses = 31684
preemptive halt, cache_misses = 31684
preemptive halt, cache_misses = 31684
preemptive halt, cache_misses = 31684
preemptive halt, cache_misses = 31684
preemptive halt, cache_misses = 31684
preemptive halt, cache_misses = 31684
preemptive halt, cache_misses = 31684
preemptive halt, cache_misses = 31684
preemptive halt, cache_misses = 31684
preemptive halt, cache_misses = 31684
preemptive halt, cache_misses = 31684
preemptive halt, cache_misses = 31684
preemptive halt, cache_misses = 31684
preemptive halt, cache_misses = 31684
preemptive halt, cache_misses = 31684
preemptive halt, cache_misses = 31684
preemptive halt, cache_misses = 31684
preemptive halt, cache_misses = 31684
preemptive halt, cache_misses = 31684
binary search, size 11250  misses 31684  min 10000  max 12500
preemptive halt, cache_misses = 31685
preemptive halt, cache_misses = 31685
preemptive halt, cache_misses = 31685
preemptive halt, cache_misses = 31685
preemptive halt, cache_misses = 31685
preemptive halt, cache_misses = 31685
preemptive halt, cache_misses = 31685
preemptive halt, cache_misses = 31685
preemptive halt, cache_misses = 31685
preemptive halt, cache_misses = 31685
preemptive halt, cache_misses = 31685
preemptive halt, cache_misses = 31685
preemptive halt, cache_misses = 31685
preemptive halt, cache_misses = 31685
preemptive halt, cache_misses = 31685
preemptive halt, cache_misses = 31685
preemptive halt, cache_misses = 31685
preemptive halt, cache_misses = 31685
preemptive halt, cache_misses = 31685
preemptive halt, cache_misses = 31685
preemptive halt, cache_misses = 31685
preemptive halt, cache_misses = 31685
preemptive halt, cache_misses = 31685
preemptive halt, cache_misses = 31685
preemptive halt, cache_misses = 31685
preemptive halt, cache_misses = 31685
preemptive halt, cache_misses = 31685
preemptive halt, cache_misses = 31685
preemptive halt, cache_misses = 31685
preemptive halt, cache_misses = 31685
preemptive halt, cache_misses = 31685
preemptive halt, cache_misses = 31685
preemptive halt, cache_misses = 31685
preemptive halt, cache_misses = 31685
preemptive halt, cache_misses = 31685
preemptive halt, cache_misses = 31685
preemptive halt, cache_misses = 31685
preemptive halt, cache_misses = 31685
preemptive halt, cache_misses = 31685
preemptive halt, cache_misses = 31685
preemptive halt, cache_misses = 31685
preemptive halt, cache_misses = 31685
preemptive halt, cache_misses = 31685
preemptive halt, cache_misses = 31685
preemptive halt, cache_misses = 31685
preemptive halt, cache_misses = 31685
preemptive halt, cache_misses = 31685
preemptive halt, cache_misses = 31685
preemptive halt, cache_misses = 31685
preemptive halt, cache_misses = 31685
preemptive halt, cache_misses = 31685
preemptive halt, cache_misses = 31685
preemptive halt, cache_misses = 31685
preemptive halt, cache_misses = 31685
preemptive halt, cache_misses = 31685
preemptive halt, cache_misses = 31685
preemptive halt, cache_misses = 31685
preemptive halt, cache_misses = 31685
preemptive halt, cache_misses = 31685
preemptive halt, cache_misses = 31685
preemptive halt, cache_misses = 31685
preemptive halt, cache_misses = 31685
preemptive halt, cache_misses = 31685
preemptive halt, cache_misses = 31685
preemptive halt, cache_misses = 31685
preemptive halt, cache_misses = 31685
preemptive halt, cache_misses = 31685
preemptive halt, cache_misses = 31685
preemptive halt, cache_misses = 31685
preemptive halt, cache_misses = 31685
binary search, size 11875  misses 31685  min 11250  max 12500
preemptive halt, cache_misses = 31686
preemptive halt, cache_misses = 31686
preemptive halt, cache_misses = 31686
preemptive halt, cache_misses = 31686
preemptive halt, cache_misses = 31686
preemptive halt, cache_misses = 31686
preemptive halt, cache_misses = 31686
preemptive halt, cache_misses = 31686
preemptive halt, cache_misses = 31686
preemptive halt, cache_misses = 31686
preemptive halt, cache_misses = 31686
preemptive halt, cache_misses = 31686
preemptive halt, cache_misses = 31686
preemptive halt, cache_misses = 31686
preemptive halt, cache_misses = 31686
preemptive halt, cache_misses = 31686
preemptive halt, cache_misses = 31686
preemptive halt, cache_misses = 31686
preemptive halt, cache_misses = 31686
preemptive halt, cache_misses = 31686
preemptive halt, cache_misses = 31686
preemptive halt, cache_misses = 31686
preemptive halt, cache_misses = 31686
preemptive halt, cache_misses = 31686
preemptive halt, cache_misses = 31686
preemptive halt, cache_misses = 31686
preemptive halt, cache_misses = 31686
preemptive halt, cache_misses = 31686
preemptive halt, cache_misses = 31686
preemptive halt, cache_misses = 31686
preemptive halt, cache_misses = 31686
preemptive halt, cache_misses = 31686
preemptive halt, cache_misses = 31686
preemptive halt, cache_misses = 31686
preemptive halt, cache_misses = 31686
preemptive halt, cache_misses = 31686
preemptive halt, cache_misses = 31686
preemptive halt, cache_misses = 31686
preemptive halt, cache_misses = 31686
preemptive halt, cache_misses = 31686
preemptive halt, cache_misses = 31686
preemptive halt, cache_misses = 31686
preemptive halt, cache_misses = 31686
preemptive halt, cache_misses = 31686
preemptive halt, cache_misses = 31686
preemptive halt, cache_misses = 31686
preemptive halt, cache_misses = 31686
preemptive halt, cache_misses = 31686
preemptive halt, cache_misses = 31686
preemptive halt, cache_misses = 31686
preemptive halt, cache_misses = 31686
preemptive halt, cache_misses = 31686
preemptive halt, cache_misses = 31686
preemptive halt, cache_misses = 31686
preemptive halt, cache_misses = 31686
preemptive halt, cache_misses = 31686
preemptive halt, cache_misses = 31686
preemptive halt, cache_misses = 31686
preemptive halt, cache_misses = 31686
preemptive halt, cache_misses = 31686
preemptive halt, cache_misses = 31686
preemptive halt, cache_misses = 31686
preemptive halt, cache_misses = 31686
preemptive halt, cache_misses = 31686
preemptive halt, cache_misses = 31686
preemptive halt, cache_misses = 31686
preemptive halt, cache_misses = 31686
preemptive halt, cache_misses = 31686
preemptive halt, cache_misses = 31686
preemptive halt, cache_misses = 31686
preemptive halt, cache_misses = 31686
preemptive halt, cache_misses = 31686
binary search, size 12187  misses 31686  min 11875  max 12500
preemptive halt, cache_misses = 31687
preemptive halt, cache_misses = 31687
preemptive halt, cache_misses = 31687
preemptive halt, cache_misses = 31687
preemptive halt, cache_misses = 31687
preemptive halt, cache_misses = 31687
preemptive halt, cache_misses = 31687
preemptive halt, cache_misses = 31687
preemptive halt, cache_misses = 31687
preemptive halt, cache_misses = 31687
preemptive halt, cache_misses = 31687
preemptive halt, cache_misses = 31687
preemptive halt, cache_misses = 31687
preemptive halt, cache_misses = 31687
preemptive halt, cache_misses = 31687
preemptive halt, cache_misses = 31687
preemptive halt, cache_misses = 31687
preemptive halt, cache_misses = 31687
preemptive halt, cache_misses = 31687
preemptive halt, cache_misses = 31687
preemptive halt, cache_misses = 31687
preemptive halt, cache_misses = 31687
preemptive halt, cache_misses = 31687
preemptive halt, cache_misses = 31687
preemptive halt, cache_misses = 31687
preemptive halt, cache_misses = 31687
preemptive halt, cache_misses = 31687
preemptive halt, cache_misses = 31687
preemptive halt, cache_misses = 31687
preemptive halt, cache_misses = 31687
preemptive halt, cache_misses = 31687
preemptive halt, cache_misses = 31687
preemptive halt, cache_misses = 31687
preemptive halt, cache_misses = 31687
preemptive halt, cache_misses = 31687
preemptive halt, cache_misses = 31687
preemptive halt, cache_misses = 31687
preemptive halt, cache_misses = 31687
preemptive halt, cache_misses = 31687
preemptive halt, cache_misses = 31687
preemptive halt, cache_misses = 31687
preemptive halt, cache_misses = 31687
preemptive halt, cache_misses = 31687
preemptive halt, cache_misses = 31687
preemptive halt, cache_misses = 31687
preemptive halt, cache_misses = 31687
preemptive halt, cache_misses = 31687
preemptive halt, cache_misses = 31687
preemptive halt, cache_misses = 31687
preemptive halt, cache_misses = 31687
preemptive halt, cache_misses = 31687
preemptive halt, cache_misses = 31687
preemptive halt, cache_misses = 31687
preemptive halt, cache_misses = 31687
preemptive halt, cache_misses = 31687
preemptive halt, cache_misses = 31687
preemptive halt, cache_misses = 31687
preemptive halt, cache_misses = 31687
preemptive halt, cache_misses = 31687
preemptive halt, cache_misses = 31687
preemptive halt, cache_misses = 31687
preemptive halt, cache_misses = 31687
preemptive halt, cache_misses = 31687
preemptive halt, cache_misses = 31687
preemptive halt, cache_misses = 31687
preemptive halt, cache_misses = 31687
preemptive halt, cache_misses = 31687
preemptive halt, cache_misses = 31687
preemptive halt, cache_misses = 31687
preemptive halt, cache_misses = 31687
preemptive halt, cache_misses = 31687
preemptive halt, cache_misses = 31687
preemptive halt, cache_misses = 31687
preemptive halt, cache_misses = 31687
binary search, size 12343  misses 31687  min 12187  max 12500
preemptive halt, cache_misses = 31688
preemptive halt, cache_misses = 31688
preemptive halt, cache_misses = 31688
preemptive halt, cache_misses = 31688
preemptive halt, cache_misses = 31688
preemptive halt, cache_misses = 31688
preemptive halt, cache_misses = 31688
preemptive halt, cache_misses = 31688
preemptive halt, cache_misses = 31688
preemptive halt, cache_misses = 31688
preemptive halt, cache_misses = 31688
preemptive halt, cache_misses = 31688
preemptive halt, cache_misses = 31688
preemptive halt, cache_misses = 31688
preemptive halt, cache_misses = 31688
preemptive halt, cache_misses = 31688
preemptive halt, cache_misses = 31688
preemptive halt, cache_misses = 31688
preemptive halt, cache_misses = 31688
preemptive halt, cache_misses = 31688
preemptive halt, cache_misses = 31688
preemptive halt, cache_misses = 31688
preemptive halt, cache_misses = 31688
preemptive halt, cache_misses = 31688
preemptive halt, cache_misses = 31688
preemptive halt, cache_misses = 31688
preemptive halt, cache_misses = 31688
preemptive halt, cache_misses = 31688
preemptive halt, cache_misses = 31688
preemptive halt, cache_misses = 31688
preemptive halt, cache_misses = 31688
preemptive halt, cache_misses = 31688
preemptive halt, cache_misses = 31688
preemptive halt, cache_misses = 31688
preemptive halt, cache_misses = 31688
preemptive halt, cache_misses = 31688
preemptive halt, cache_misses = 31688
preemptive halt, cache_misses = 31688
preemptive halt, cache_misses = 31688
preemptive halt, cache_misses = 31688
preemptive halt, cache_misses = 31688
preemptive halt, cache_misses = 31688
preemptive halt, cache_misses = 31688
preemptive halt, cache_misses = 31688
preemptive halt, cache_misses = 31688
preemptive halt, cache_misses = 31688
preemptive halt, cache_misses = 31688
preemptive halt, cache_misses = 31688
preemptive halt, cache_misses = 31688
preemptive halt, cache_misses = 31688
preemptive halt, cache_misses = 31688
preemptive halt, cache_misses = 31688
preemptive halt, cache_misses = 31688
preemptive halt, cache_misses = 31688
preemptive halt, cache_misses = 31688
preemptive halt, cache_misses = 31688
preemptive halt, cache_misses = 31688
preemptive halt, cache_misses = 31688
preemptive halt, cache_misses = 31688
preemptive halt, cache_misses = 31688
preemptive halt, cache_misses = 31688
preemptive halt, cache_misses = 31688
preemptive halt, cache_misses = 31688
preemptive halt, cache_misses = 31688
preemptive halt, cache_misses = 31688
preemptive halt, cache_misses = 31688
preemptive halt, cache_misses = 31688
preemptive halt, cache_misses = 31688
preemptive halt, cache_misses = 31688
preemptive halt, cache_misses = 31688
preemptive halt, cache_misses = 31688
preemptive halt, cache_misses = 31688
preemptive halt, cache_misses = 31688
preemptive halt, cache_misses = 31688
preemptive halt, cache_misses = 31688
preemptive halt, cache_misses = 31688
binary search, size 12421  misses 31688  min 12343  max 12500
preemptive halt, cache_misses = 31689
preemptive halt, cache_misses = 31689
preemptive halt, cache_misses = 31689
preemptive halt, cache_misses = 31689
preemptive halt, cache_misses = 31689
preemptive halt, cache_misses = 31689
preemptive halt, cache_misses = 31689
preemptive halt, cache_misses = 31689
preemptive halt, cache_misses = 31689
preemptive halt, cache_misses = 31689
preemptive halt, cache_misses = 31689
preemptive halt, cache_misses = 31689
preemptive halt, cache_misses = 31689
preemptive halt, cache_misses = 31689
preemptive halt, cache_misses = 31689
preemptive halt, cache_misses = 31689
preemptive halt, cache_misses = 31689
preemptive halt, cache_misses = 31689
preemptive halt, cache_misses = 31689
preemptive halt, cache_misses = 31689
preemptive halt, cache_misses = 31689
preemptive halt, cache_misses = 31689
preemptive halt, cache_misses = 31689
preemptive halt, cache_misses = 31689
preemptive halt, cache_misses = 31689
preemptive halt, cache_misses = 31689
preemptive halt, cache_misses = 31689
preemptive halt, cache_misses = 31689
preemptive halt, cache_misses = 31689
preemptive halt, cache_misses = 31689
preemptive halt, cache_misses = 31689
preemptive halt, cache_misses = 31689
preemptive halt, cache_misses = 31689
preemptive halt, cache_misses = 31689
preemptive halt, cache_misses = 31689
preemptive halt, cache_misses = 31689
preemptive halt, cache_misses = 31689
preemptive halt, cache_misses = 31689
preemptive halt, cache_misses = 31689
preemptive halt, cache_misses = 31689
preemptive halt, cache_misses = 31689
preemptive halt, cache_misses = 31689
preemptive halt, cache_misses = 31689
preemptive halt, cache_misses = 31689
preemptive halt, cache_misses = 31689
preemptive halt, cache_misses = 31689
preemptive halt, cache_misses = 31689
preemptive halt, cache_misses = 31689
preemptive halt, cache_misses = 31689
preemptive halt, cache_misses = 31689
preemptive halt, cache_misses = 31689
preemptive halt, cache_misses = 31689
preemptive halt, cache_misses = 31689
preemptive halt, cache_misses = 31689
preemptive halt, cache_misses = 31689
preemptive halt, cache_misses = 31689
preemptive halt, cache_misses = 31689
preemptive halt, cache_misses = 31689
preemptive halt, cache_misses = 31689
preemptive halt, cache_misses = 31689
preemptive halt, cache_misses = 31689
preemptive halt, cache_misses = 31689
preemptive halt, cache_misses = 31689
preemptive halt, cache_misses = 31689
preemptive halt, cache_misses = 31689
preemptive halt, cache_misses = 31689
preemptive halt, cache_misses = 31689
preemptive halt, cache_misses = 31689
preemptive halt, cache_misses = 31689
preemptive halt, cache_misses = 31689
preemptive halt, cache_misses = 31689
preemptive halt, cache_misses = 31689
preemptive halt, cache_misses = 31689
preemptive halt, cache_misses = 31689
preemptive halt, cache_misses = 31689
preemptive halt, cache_misses = 31689
preemptive halt, cache_misses = 31689
preemptive halt, cache_misses = 31689
binary search, size 12460  misses 31689  min 12421  max 12500
preemptive halt, cache_misses = 31690
preemptive halt, cache_misses = 31690
preemptive halt, cache_misses = 31690
preemptive halt, cache_misses = 31690
preemptive halt, cache_misses = 31690
preemptive halt, cache_misses = 31690
preemptive halt, cache_misses = 31690
preemptive halt, cache_misses = 31690
preemptive halt, cache_misses = 31690
preemptive halt, cache_misses = 31690
preemptive halt, cache_misses = 31690
preemptive halt, cache_misses = 31690
preemptive halt, cache_misses = 31690
preemptive halt, cache_misses = 31690
preemptive halt, cache_misses = 31690
preemptive halt, cache_misses = 31690
preemptive halt, cache_misses = 31690
preemptive halt, cache_misses = 31690
preemptive halt, cache_misses = 31690
preemptive halt, cache_misses = 31690
preemptive halt, cache_misses = 31690
preemptive halt, cache_misses = 31690
preemptive halt, cache_misses = 31690
preemptive halt, cache_misses = 31690
preemptive halt, cache_misses = 31690
preemptive halt, cache_misses = 31690
preemptive halt, cache_misses = 31690
preemptive halt, cache_misses = 31690
preemptive halt, cache_misses = 31690
preemptive halt, cache_misses = 31690
preemptive halt, cache_misses = 31690
preemptive halt, cache_misses = 31690
preemptive halt, cache_misses = 31690
preemptive halt, cache_misses = 31690
preemptive halt, cache_misses = 31690
preemptive halt, cache_misses = 31690
preemptive halt, cache_misses = 31690
preemptive halt, cache_misses = 31690
preemptive halt, cache_misses = 31690
preemptive halt, cache_misses = 31690
preemptive halt, cache_misses = 31690
preemptive halt, cache_misses = 31690
preemptive halt, cache_misses = 31690
preemptive halt, cache_misses = 31690
preemptive halt, cache_misses = 31690
preemptive halt, cache_misses = 31690
preemptive halt, cache_misses = 31690
preemptive halt, cache_misses = 31690
preemptive halt, cache_misses = 31690
preemptive halt, cache_misses = 31690
preemptive halt, cache_misses = 31690
preemptive halt, cache_misses = 31690
preemptive halt, cache_misses = 31690
preemptive halt, cache_misses = 31690
preemptive halt, cache_misses = 31690
preemptive halt, cache_misses = 31690
preemptive halt, cache_misses = 31690
preemptive halt, cache_misses = 31690
preemptive halt, cache_misses = 31690
preemptive halt, cache_misses = 31690
preemptive halt, cache_misses = 31690
preemptive halt, cache_misses = 31690
preemptive halt, cache_misses = 31690
preemptive halt, cache_misses = 31690
preemptive halt, cache_misses = 31690
preemptive halt, cache_misses = 31690
preemptive halt, cache_misses = 31690
preemptive halt, cache_misses = 31690
preemptive halt, cache_misses = 31690
preemptive halt, cache_misses = 31690
preemptive halt, cache_misses = 31690
preemptive halt, cache_misses = 31690
preemptive halt, cache_misses = 31690
preemptive halt, cache_misses = 31690
preemptive halt, cache_misses = 31690
preemptive halt, cache_misses = 31690
preemptive halt, cache_misses = 31690
preemptive halt, cache_misses = 31690
preemptive halt, cache_misses = 31690
preemptive halt, cache_misses = 31690
binary search, size 12480  misses 31690  min 12460  max 12500
preemptive halt, cache_misses = 31691
preemptive halt, cache_misses = 31691
preemptive halt, cache_misses = 31691
preemptive halt, cache_misses = 31691
preemptive halt, cache_misses = 31691
preemptive halt, cache_misses = 31691
preemptive halt, cache_misses = 31691
preemptive halt, cache_misses = 31691
preemptive halt, cache_misses = 31691
preemptive halt, cache_misses = 31691
preemptive halt, cache_misses = 31691
preemptive halt, cache_misses = 31691
preemptive halt, cache_misses = 31691
preemptive halt, cache_misses = 31691
preemptive halt, cache_misses = 31691
preemptive halt, cache_misses = 31691
preemptive halt, cache_misses = 31691
preemptive halt, cache_misses = 31691
preemptive halt, cache_misses = 31691
preemptive halt, cache_misses = 31691
preemptive halt, cache_misses = 31691
preemptive halt, cache_misses = 31691
preemptive halt, cache_misses = 31691
preemptive halt, cache_misses = 31691
preemptive halt, cache_misses = 31691
preemptive halt, cache_misses = 31691
preemptive halt, cache_misses = 31691
preemptive halt, cache_misses = 31691
preemptive halt, cache_misses = 31691
preemptive halt, cache_misses = 31691
preemptive halt, cache_misses = 31691
preemptive halt, cache_misses = 31691
preemptive halt, cache_misses = 31691
preemptive halt, cache_misses = 31691
preemptive halt, cache_misses = 31691
preemptive halt, cache_misses = 31691
preemptive halt, cache_misses = 31691
preemptive halt, cache_misses = 31691
preemptive halt, cache_misses = 31691
preemptive halt, cache_misses = 31691
preemptive halt, cache_misses = 31691
preemptive halt, cache_misses = 31691
preemptive halt, cache_misses = 31691
preemptive halt, cache_misses = 31691
preemptive halt, cache_misses = 31691
preemptive halt, cache_misses = 31691
preemptive halt, cache_misses = 31691
preemptive halt, cache_misses = 31691
preemptive halt, cache_misses = 31691
preemptive halt, cache_misses = 31691
preemptive halt, cache_misses = 31691
preemptive halt, cache_misses = 31691
preemptive halt, cache_misses = 31691
preemptive halt, cache_misses = 31691
preemptive halt, cache_misses = 31691
preemptive halt, cache_misses = 31691
preemptive halt, cache_misses = 31691
preemptive halt, cache_misses = 31691
preemptive halt, cache_misses = 31691
preemptive halt, cache_misses = 31691
preemptive halt, cache_misses = 31691
preemptive halt, cache_misses = 31691
preemptive halt, cache_misses = 31691
preemptive halt, cache_misses = 31691
preemptive halt, cache_misses = 31691
preemptive halt, cache_misses = 31691
preemptive halt, cache_misses = 31691
preemptive halt, cache_misses = 31691
preemptive halt, cache_misses = 31691
preemptive halt, cache_misses = 31691
preemptive halt, cache_misses = 31691
preemptive halt, cache_misses = 31691
preemptive halt, cache_misses = 31691
preemptive halt, cache_misses = 31691
preemptive halt, cache_misses = 31691
preemptive halt, cache_misses = 31691
preemptive halt, cache_misses = 31691
preemptive halt, cache_misses = 31691
preemptive halt, cache_misses = 31691
preemptive halt, cache_misses = 31691
preemptive halt, cache_misses = 31691
preemptive halt, cache_misses = 31691
binary search, size 12490  misses 31691  min 12480  max 12500
binary search, size 12495  misses 31683  min 12490  max 12500
preemptive halt, cache_misses = 31684
preemptive halt, cache_misses = 31684
preemptive halt, cache_misses = 31684
preemptive halt, cache_misses = 31684
preemptive halt, cache_misses = 31684
preemptive halt, cache_misses = 31684
preemptive halt, cache_misses = 31684
preemptive halt, cache_misses = 31684
preemptive halt, cache_misses = 31684
preemptive halt, cache_misses = 31684
preemptive halt, cache_misses = 31684
preemptive halt, cache_misses = 31684
preemptive halt, cache_misses = 31684
preemptive halt, cache_misses = 31684
preemptive halt, cache_misses = 31684
preemptive halt, cache_misses = 31684
preemptive halt, cache_misses = 31684
preemptive halt, cache_misses = 31684
preemptive halt, cache_misses = 31684
preemptive halt, cache_misses = 31684
preemptive halt, cache_misses = 31684
preemptive halt, cache_misses = 31684
preemptive halt, cache_misses = 31684
preemptive halt, cache_misses = 31684
preemptive halt, cache_misses = 31684
preemptive halt, cache_misses = 31684
preemptive halt, cache_misses = 31684
preemptive halt, cache_misses = 31684
preemptive halt, cache_misses = 31684
preemptive halt, cache_misses = 31684
preemptive halt, cache_misses = 31684
preemptive halt, cache_misses = 31684
preemptive halt, cache_misses = 31684
preemptive halt, cache_misses = 31684
preemptive halt, cache_misses = 31684
preemptive halt, cache_misses = 31684
preemptive halt, cache_misses = 31684
preemptive halt, cache_misses = 31684
preemptive halt, cache_misses = 31684
preemptive halt, cache_misses = 31684
preemptive halt, cache_misses = 31684
preemptive halt, cache_misses = 31684
preemptive halt, cache_misses = 31684
preemptive halt, cache_misses = 31684
preemptive halt, cache_misses = 31684
preemptive halt, cache_misses = 31684
preemptive halt, cache_misses = 31684
preemptive halt, cache_misses = 31684
preemptive halt, cache_misses = 31684
preemptive halt, cache_misses = 31684
preemptive halt, cache_misses = 31684
preemptive halt, cache_misses = 31684
preemptive halt, cache_misses = 31684
preemptive halt, cache_misses = 31684
preemptive halt, cache_misses = 31684
preemptive halt, cache_misses = 31684
preemptive halt, cache_misses = 31684
preemptive halt, cache_misses = 31684
preemptive halt, cache_misses = 31684
preemptive halt, cache_misses = 31684
preemptive halt, cache_misses = 31684
preemptive halt, cache_misses = 31684
preemptive halt, cache_misses = 31684
preemptive halt, cache_misses = 31684
preemptive halt, cache_misses = 31684
preemptive halt, cache_misses = 31684
preemptive halt, cache_misses = 31684
preemptive halt, cache_misses = 31684
binary search, size 12492  misses 31684  min 12490  max 12495
binary search, size 12493  misses 31683  min 12492  max 12495
characteristic cache size (binary search) for 177 = 12493
End at: 2021-04-02 15:55:49.247216
Time elapsed: 0:00:00.598709
