Begin at: 2021-04-02 15:58:29.690816
['../dist/Debug/GNU-Linux/memo_batch_tester', '', '--mbt_execution_trace_fname', 'olcs4_traceback_csize_input_types/OLCS4_lru_2021_04_02__15_55_02_k_3__d_2_cache_size_160000_problems_10_to_400/OLCS4_lru_2021_04_02__15_55_02_k_3__d_2_cache_size_160000_problems_10_to_400/OLCS4__do_traceback_prob_size_313_cache_size_160000_lru_k_3_d_2_execution_trace_2021_4_2_15_58_29_pid_20170.log', '--mbt_cache_misses_fname', 'olcs4_traceback_csize_input_types/OLCS4_lru_2021_04_02__15_55_02_k_3__d_2_cache_size_160000_problems_10_to_400/lcs_cost_OLCS4_lru_misses_for_cache_size.csv', '--mbt_misses_for_problem_size_fname', 'olcs4_traceback_csize_input_types/OLCS4_lru_2021_04_02__15_55_02_k_3__d_2_cache_size_160000_problems_10_to_400/lcs_cost_OLCS4_lru_misses_for_problem_size.csv', '--mbt_exact_cutoff_min_cache_size', '160000', '--mbt_exact_cutoff_max_cache_size', '160000', '--mbt_problem_type', 'lcs', '--mbt_metric_type', 'csize_binary_search', '--mbt_cutoff_ratio', '2.2', '--mbt_instance_fname', '313', '--mbt_detailed_cache_misses_out_fname', 'csize_olcs4_traceback_0011n_ceil_n_b_5.csv', '--mbt_phi_N', '5.0', '--mbt_problem_size', '313', '--lcs_compute_length', '0', '--lcs_perform_traceback', '1', '--lig_instance_type', '0011n_ceil_n_b', '--lig_n', '313', '--lig_c', '0.9', '--lig_b', '5.0', '--lcs_oblivious', '4', '--lcs_execution_trace_fname', 'olcs4_traceback_csize_input_types/OLCS4_lru_2021_04_02__15_55_02_k_3__d_2_cache_size_160000_problems_10_to_400/OLCS4_lru_2021_04_02__15_55_02_k_3__d_2_cache_size_160000_problems_10_to_400/OLCS4__do_traceback_prob_size_313_cache_size_160000_lru_k_3_d_2_execution_trace_2021_4_2_15_58_29_pid_20170.log', '--memo_caching_strategy', 'lru', '--memo_cache_size', '160001', '--memo_lru_queue_size', '160000', '--memo_cuckoo_k', '4', '--memo_key_length', '8', '--memo_value_length', '8', '--memo_k_timestamps', '3', '--memo_d_recent_timestamps', '2', '--memo_a_items_per_timestamp_factor', '0.4375']

csize_binary_search chosen
lcs problem_type lcs cache_size 160001
initialize_long_int_cache begin
init_memo
arguments to memo:
 --mbt_execution_trace_fname olcs4_traceback_csize_input_types/OLCS4_lru_2021_04_02__15_55_02_k_3__d_2_cache_size_160000_problems_10_to_400/OLCS4_lru_2021_04_02__15_55_02_k_3__d_2_cache_size_160000_problems_10_to_400/OLCS4__do_traceback_prob_size_313_cache_size_160000_lru_k_3_d_2_execution_trace_2021_4_2_15_58_29_pid_20170.log --mbt_cache_misses_fname olcs4_traceback_csize_input_types/OLCS4_lru_2021_04_02__15_55_02_k_3__d_2_cache_size_160000_problems_10_to_400/lcs_cost_OLCS4_lru_misses_for_cache_size.csv --mbt_misses_for_problem_size_fname olcs4_traceback_csize_input_types/OLCS4_lru_2021_04_02__15_55_02_k_3__d_2_cache_size_160000_problems_10_to_400/lcs_cost_OLCS4_lru_misses_for_problem_size.csv --mbt_exact_cutoff_min_cache_size 160000 --mbt_exact_cutoff_max_cache_size 160000 --mbt_problem_type lcs --mbt_metric_type csize_binary_search --mbt_cutoff_ratio 2.2 --mbt_instance_fname 313 --mbt_detailed_cache_misses_out_fname csize_olcs4_traceback_0011n_ceil_n_b_5.csv --mbt_phi_N 5.0 --mbt_problem_size 313 --lcs_compute_length 0 --lcs_perform_traceback 1 --lig_instance_type 0011n_ceil_n_b --lig_n 313 --lig_c 0.9 --lig_b 5.0 --lcs_oblivious 4 --lcs_execution_trace_fname olcs4_traceback_csize_input_types/OLCS4_lru_2021_04_02__15_55_02_k_3__d_2_cache_size_160000_problems_10_to_400/OLCS4_lru_2021_04_02__15_55_02_k_3__d_2_cache_size_160000_problems_10_to_400/OLCS4__do_traceback_prob_size_313_cache_size_160000_lru_k_3_d_2_execution_trace_2021_4_2_15_58_29_pid_20170.log --memo_caching_strategy lru --memo_cache_size 160001 --memo_lru_queue_size 160000 --memo_cuckoo_k 4 --memo_key_length 8 --memo_value_length 8 --memo_k_timestamps 3 --memo_d_recent_timestamps 2 --memo_a_items_per_timestamp_factor 0.4375 
calculate_table_size: table_size is 262144, original is 160001
Finished initializing cache
initialize_long_int_cache end
done initializing cache
initializing problem
done initializing problem
commence trials
Starting characteristic_cache_size_binary_search with max cache size 160001
binary search, size 160001  misses 98595
binary search, size 80000  misses 98595  min 0  max 160001
binary search, size 40000  misses 98595  min 0  max 80000
preemptive halt, cache_misses = 98596
preemptive halt, cache_misses = 98596
preemptive halt, cache_misses = 98596
preemptive halt, cache_misses = 98596
preemptive halt, cache_misses = 98596
preemptive halt, cache_misses = 98596
preemptive halt, cache_misses = 98596
preemptive halt, cache_misses = 98596
preemptive halt, cache_misses = 98596
preemptive halt, cache_misses = 98596
preemptive halt, cache_misses = 98596
preemptive halt, cache_misses = 98596
preemptive halt, cache_misses = 98596
preemptive halt, cache_misses = 98596
preemptive halt, cache_misses = 98596
preemptive halt, cache_misses = 98596
preemptive halt, cache_misses = 98596
preemptive halt, cache_misses = 98596
preemptive halt, cache_misses = 98596
preemptive halt, cache_misses = 98596
preemptive halt, cache_misses = 98596
preemptive halt, cache_misses = 98596
preemptive halt, cache_misses = 98596
preemptive halt, cache_misses = 98596
preemptive halt, cache_misses = 98596
preemptive halt, cache_misses = 98596
preemptive halt, cache_misses = 98596
preemptive halt, cache_misses = 98596
preemptive halt, cache_misses = 98596
preemptive halt, cache_misses = 98596
preemptive halt, cache_misses = 98596
preemptive halt, cache_misses = 98596
preemptive halt, cache_misses = 98596
preemptive halt, cache_misses = 98596
preemptive halt, cache_misses = 98596
preemptive halt, cache_misses = 98596
preemptive halt, cache_misses = 98596
preemptive halt, cache_misses = 98596
preemptive halt, cache_misses = 98596
preemptive halt, cache_misses = 98596
preemptive halt, cache_misses = 98596
preemptive halt, cache_misses = 98596
preemptive halt, cache_misses = 98596
preemptive halt, cache_misses = 98596
preemptive halt, cache_misses = 98596
preemptive halt, cache_misses = 98596
preemptive halt, cache_misses = 98596
preemptive halt, cache_misses = 98596
preemptive halt, cache_misses = 98596
preemptive halt, cache_misses = 98596
preemptive halt, cache_misses = 98596
preemptive halt, cache_misses = 98596
preemptive halt, cache_misses = 98596
preemptive halt, cache_misses = 98596
preemptive halt, cache_misses = 98596
preemptive halt, cache_misses = 98596
preemptive halt, cache_misses = 98596
preemptive halt, cache_misses = 98596
preemptive halt, cache_misses = 98596
preemptive halt, cache_misses = 98596
preemptive halt, cache_misses = 98596
preemptive halt, cache_misses = 98596
preemptive halt, cache_misses = 98596
preemptive halt, cache_misses = 98596
preemptive halt, cache_misses = 98596
preemptive halt, cache_misses = 98596
preemptive halt, cache_misses = 98596
preemptive halt, cache_misses = 98596
preemptive halt, cache_misses = 98596
preemptive halt, cache_misses = 98596
preemptive halt, cache_misses = 98596
preemptive halt, cache_misses = 98596
preemptive halt, cache_misses = 98596
preemptive halt, cache_misses = 98596
preemptive halt, cache_misses = 98596
preemptive halt, cache_misses = 98596
preemptive halt, cache_misses = 98596
preemptive halt, cache_misses = 98596
preemptive halt, cache_misses = 98596
preemptive halt, cache_misses = 98596
preemptive halt, cache_misses = 98596
preemptive halt, cache_misses = 98596
preemptive halt, cache_misses = 98596
preemptive halt, cache_misses = 98596
preemptive halt, cache_misses = 98596
preemptive halt, cache_misses = 98596
preemptive halt, cache_misses = 98596
preemptive halt, cache_misses = 98596
preemptive halt, cache_misses = 98596
preemptive halt, cache_misses = 98596
preemptive halt, cache_misses = 98596
preemptive halt, cache_misses = 98596
preemptive halt, cache_misses = 98596
preemptive halt, cache_misses = 98596
preemptive halt, cache_misses = 98596
preemptive halt, cache_misses = 98596
preemptive halt, cache_misses = 98596
preemptive halt, cache_misses = 98596
preemptive halt, cache_misses = 98596
preemptive halt, cache_misses = 98596
preemptive halt, cache_misses = 98596
preemptive halt, cache_misses = 98596
preemptive halt, cache_misses = 98596
preemptive halt, cache_misses = 98596
preemptive halt, cache_misses = 98596
preemptive halt, cache_misses = 98596
preemptive halt, cache_misses = 98596
preemptive halt, cache_misses = 98596
preemptive halt, cache_misses = 98596
preemptive halt, cache_misses = 98596
preemptive halt, cache_misses = 98596
preemptive halt, cache_misses = 98596
preemptive halt, cache_misses = 98596
preemptive halt, cache_misses = 98596
preemptive halt, cache_misses = 98596
preemptive halt, cache_misses = 98596
preemptive halt, cache_misses = 98596
preemptive halt, cache_misses = 98596
preemptive halt, cache_misses = 98596
preemptive halt, cache_misses = 98596
preemptive halt, cache_misses = 98596
preemptive halt, cache_misses = 98596
preemptive halt, cache_misses = 98596
preemptive halt, cache_misses = 98596
binary search, size 20000  misses 98596  min 0  max 40000
preemptive halt, cache_misses = 98597
preemptive halt, cache_misses = 98597
preemptive halt, cache_misses = 98597
preemptive halt, cache_misses = 98597
preemptive halt, cache_misses = 98597
preemptive halt, cache_misses = 98597
preemptive halt, cache_misses = 98597
preemptive halt, cache_misses = 98597
preemptive halt, cache_misses = 98597
preemptive halt, cache_misses = 98597
preemptive halt, cache_misses = 98597
preemptive halt, cache_misses = 98597
preemptive halt, cache_misses = 98597
preemptive halt, cache_misses = 98597
preemptive halt, cache_misses = 98597
preemptive halt, cache_misses = 98597
preemptive halt, cache_misses = 98597
preemptive halt, cache_misses = 98597
preemptive halt, cache_misses = 98597
preemptive halt, cache_misses = 98597
preemptive halt, cache_misses = 98597
preemptive halt, cache_misses = 98597
preemptive halt, cache_misses = 98597
preemptive halt, cache_misses = 98597
preemptive halt, cache_misses = 98597
preemptive halt, cache_misses = 98597
preemptive halt, cache_misses = 98597
preemptive halt, cache_misses = 98597
preemptive halt, cache_misses = 98597
preemptive halt, cache_misses = 98597
preemptive halt, cache_misses = 98597
preemptive halt, cache_misses = 98597
preemptive halt, cache_misses = 98597
preemptive halt, cache_misses = 98597
preemptive halt, cache_misses = 98597
preemptive halt, cache_misses = 98597
preemptive halt, cache_misses = 98597
preemptive halt, cache_misses = 98597
preemptive halt, cache_misses = 98597
preemptive halt, cache_misses = 98597
preemptive halt, cache_misses = 98597
preemptive halt, cache_misses = 98597
preemptive halt, cache_misses = 98597
preemptive halt, cache_misses = 98597
preemptive halt, cache_misses = 98597
preemptive halt, cache_misses = 98597
preemptive halt, cache_misses = 98597
preemptive halt, cache_misses = 98597
preemptive halt, cache_misses = 98597
preemptive halt, cache_misses = 98597
preemptive halt, cache_misses = 98597
preemptive halt, cache_misses = 98597
preemptive halt, cache_misses = 98597
preemptive halt, cache_misses = 98597
preemptive halt, cache_misses = 98597
preemptive halt, cache_misses = 98597
preemptive halt, cache_misses = 98597
preemptive halt, cache_misses = 98597
preemptive halt, cache_misses = 98597
preemptive halt, cache_misses = 98597
preemptive halt, cache_misses = 98597
preemptive halt, cache_misses = 98597
preemptive halt, cache_misses = 98597
preemptive halt, cache_misses = 98597
preemptive halt, cache_misses = 98597
preemptive halt, cache_misses = 98597
preemptive halt, cache_misses = 98597
preemptive halt, cache_misses = 98597
preemptive halt, cache_misses = 98597
preemptive halt, cache_misses = 98597
preemptive halt, cache_misses = 98597
preemptive halt, cache_misses = 98597
preemptive halt, cache_misses = 98597
preemptive halt, cache_misses = 98597
preemptive halt, cache_misses = 98597
preemptive halt, cache_misses = 98597
preemptive halt, cache_misses = 98597
preemptive halt, cache_misses = 98597
preemptive halt, cache_misses = 98597
preemptive halt, cache_misses = 98597
preemptive halt, cache_misses = 98597
preemptive halt, cache_misses = 98597
preemptive halt, cache_misses = 98597
preemptive halt, cache_misses = 98597
preemptive halt, cache_misses = 98597
preemptive halt, cache_misses = 98597
preemptive halt, cache_misses = 98597
preemptive halt, cache_misses = 98597
preemptive halt, cache_misses = 98597
preemptive halt, cache_misses = 98597
preemptive halt, cache_misses = 98597
preemptive halt, cache_misses = 98597
preemptive halt, cache_misses = 98597
preemptive halt, cache_misses = 98597
preemptive halt, cache_misses = 98597
preemptive halt, cache_misses = 98597
preemptive halt, cache_misses = 98597
preemptive halt, cache_misses = 98597
preemptive halt, cache_misses = 98597
preemptive halt, cache_misses = 98597
preemptive halt, cache_misses = 98597
preemptive halt, cache_misses = 98597
preemptive halt, cache_misses = 98597
preemptive halt, cache_misses = 98597
preemptive halt, cache_misses = 98597
preemptive halt, cache_misses = 98597
preemptive halt, cache_misses = 98597
preemptive halt, cache_misses = 98597
preemptive halt, cache_misses = 98597
preemptive halt, cache_misses = 98597
preemptive halt, cache_misses = 98597
preemptive halt, cache_misses = 98597
preemptive halt, cache_misses = 98597
preemptive halt, cache_misses = 98597
preemptive halt, cache_misses = 98597
preemptive halt, cache_misses = 98597
preemptive halt, cache_misses = 98597
preemptive halt, cache_misses = 98597
preemptive halt, cache_misses = 98597
preemptive halt, cache_misses = 98597
preemptive halt, cache_misses = 98597
preemptive halt, cache_misses = 98597
preemptive halt, cache_misses = 98597
preemptive halt, cache_misses = 98597
preemptive halt, cache_misses = 98597
preemptive halt, cache_misses = 98597
binary search, size 30000  misses 98597  min 20000  max 40000
preemptive halt, cache_misses = 98598
preemptive halt, cache_misses = 98598
preemptive halt, cache_misses = 98598
preemptive halt, cache_misses = 98598
preemptive halt, cache_misses = 98598
preemptive halt, cache_misses = 98598
preemptive halt, cache_misses = 98598
preemptive halt, cache_misses = 98598
preemptive halt, cache_misses = 98598
preemptive halt, cache_misses = 98598
preemptive halt, cache_misses = 98598
preemptive halt, cache_misses = 98598
preemptive halt, cache_misses = 98598
preemptive halt, cache_misses = 98598
preemptive halt, cache_misses = 98598
preemptive halt, cache_misses = 98598
preemptive halt, cache_misses = 98598
preemptive halt, cache_misses = 98598
preemptive halt, cache_misses = 98598
preemptive halt, cache_misses = 98598
preemptive halt, cache_misses = 98598
preemptive halt, cache_misses = 98598
preemptive halt, cache_misses = 98598
preemptive halt, cache_misses = 98598
preemptive halt, cache_misses = 98598
preemptive halt, cache_misses = 98598
preemptive halt, cache_misses = 98598
preemptive halt, cache_misses = 98598
preemptive halt, cache_misses = 98598
preemptive halt, cache_misses = 98598
preemptive halt, cache_misses = 98598
preemptive halt, cache_misses = 98598
preemptive halt, cache_misses = 98598
preemptive halt, cache_misses = 98598
preemptive halt, cache_misses = 98598
preemptive halt, cache_misses = 98598
preemptive halt, cache_misses = 98598
preemptive halt, cache_misses = 98598
preemptive halt, cache_misses = 98598
preemptive halt, cache_misses = 98598
preemptive halt, cache_misses = 98598
preemptive halt, cache_misses = 98598
preemptive halt, cache_misses = 98598
preemptive halt, cache_misses = 98598
preemptive halt, cache_misses = 98598
preemptive halt, cache_misses = 98598
preemptive halt, cache_misses = 98598
preemptive halt, cache_misses = 98598
preemptive halt, cache_misses = 98598
preemptive halt, cache_misses = 98598
preemptive halt, cache_misses = 98598
preemptive halt, cache_misses = 98598
preemptive halt, cache_misses = 98598
preemptive halt, cache_misses = 98598
preemptive halt, cache_misses = 98598
preemptive halt, cache_misses = 98598
preemptive halt, cache_misses = 98598
preemptive halt, cache_misses = 98598
preemptive halt, cache_misses = 98598
preemptive halt, cache_misses = 98598
preemptive halt, cache_misses = 98598
preemptive halt, cache_misses = 98598
preemptive halt, cache_misses = 98598
preemptive halt, cache_misses = 98598
preemptive halt, cache_misses = 98598
preemptive halt, cache_misses = 98598
preemptive halt, cache_misses = 98598
preemptive halt, cache_misses = 98598
preemptive halt, cache_misses = 98598
preemptive halt, cache_misses = 98598
preemptive halt, cache_misses = 98598
preemptive halt, cache_misses = 98598
preemptive halt, cache_misses = 98598
preemptive halt, cache_misses = 98598
preemptive halt, cache_misses = 98598
preemptive halt, cache_misses = 98598
preemptive halt, cache_misses = 98598
preemptive halt, cache_misses = 98598
preemptive halt, cache_misses = 98598
preemptive halt, cache_misses = 98598
preemptive halt, cache_misses = 98598
preemptive halt, cache_misses = 98598
preemptive halt, cache_misses = 98598
preemptive halt, cache_misses = 98598
preemptive halt, cache_misses = 98598
preemptive halt, cache_misses = 98598
preemptive halt, cache_misses = 98598
preemptive halt, cache_misses = 98598
preemptive halt, cache_misses = 98598
preemptive halt, cache_misses = 98598
preemptive halt, cache_misses = 98598
preemptive halt, cache_misses = 98598
preemptive halt, cache_misses = 98598
preemptive halt, cache_misses = 98598
preemptive halt, cache_misses = 98598
preemptive halt, cache_misses = 98598
preemptive halt, cache_misses = 98598
preemptive halt, cache_misses = 98598
preemptive halt, cache_misses = 98598
preemptive halt, cache_misses = 98598
preemptive halt, cache_misses = 98598
preemptive halt, cache_misses = 98598
preemptive halt, cache_misses = 98598
preemptive halt, cache_misses = 98598
preemptive halt, cache_misses = 98598
preemptive halt, cache_misses = 98598
preemptive halt, cache_misses = 98598
preemptive halt, cache_misses = 98598
preemptive halt, cache_misses = 98598
preemptive halt, cache_misses = 98598
preemptive halt, cache_misses = 98598
preemptive halt, cache_misses = 98598
preemptive halt, cache_misses = 98598
preemptive halt, cache_misses = 98598
preemptive halt, cache_misses = 98598
preemptive halt, cache_misses = 98598
preemptive halt, cache_misses = 98598
preemptive halt, cache_misses = 98598
preemptive halt, cache_misses = 98598
preemptive halt, cache_misses = 98598
preemptive halt, cache_misses = 98598
preemptive halt, cache_misses = 98598
preemptive halt, cache_misses = 98598
preemptive halt, cache_misses = 98598
preemptive halt, cache_misses = 98598
preemptive halt, cache_misses = 98598
preemptive halt, cache_misses = 98598
preemptive halt, cache_misses = 98598
binary search, size 35000  misses 98598  min 30000  max 40000
preemptive halt, cache_misses = 98599
preemptive halt, cache_misses = 98599
preemptive halt, cache_misses = 98599
preemptive halt, cache_misses = 98599
preemptive halt, cache_misses = 98599
preemptive halt, cache_misses = 98599
preemptive halt, cache_misses = 98599
preemptive halt, cache_misses = 98599
preemptive halt, cache_misses = 98599
preemptive halt, cache_misses = 98599
preemptive halt, cache_misses = 98599
preemptive halt, cache_misses = 98599
preemptive halt, cache_misses = 98599
preemptive halt, cache_misses = 98599
preemptive halt, cache_misses = 98599
preemptive halt, cache_misses = 98599
preemptive halt, cache_misses = 98599
preemptive halt, cache_misses = 98599
preemptive halt, cache_misses = 98599
preemptive halt, cache_misses = 98599
preemptive halt, cache_misses = 98599
preemptive halt, cache_misses = 98599
preemptive halt, cache_misses = 98599
preemptive halt, cache_misses = 98599
preemptive halt, cache_misses = 98599
preemptive halt, cache_misses = 98599
preemptive halt, cache_misses = 98599
preemptive halt, cache_misses = 98599
preemptive halt, cache_misses = 98599
preemptive halt, cache_misses = 98599
preemptive halt, cache_misses = 98599
preemptive halt, cache_misses = 98599
preemptive halt, cache_misses = 98599
preemptive halt, cache_misses = 98599
preemptive halt, cache_misses = 98599
preemptive halt, cache_misses = 98599
preemptive halt, cache_misses = 98599
preemptive halt, cache_misses = 98599
preemptive halt, cache_misses = 98599
preemptive halt, cache_misses = 98599
preemptive halt, cache_misses = 98599
preemptive halt, cache_misses = 98599
preemptive halt, cache_misses = 98599
preemptive halt, cache_misses = 98599
preemptive halt, cache_misses = 98599
preemptive halt, cache_misses = 98599
preemptive halt, cache_misses = 98599
preemptive halt, cache_misses = 98599
preemptive halt, cache_misses = 98599
preemptive halt, cache_misses = 98599
preemptive halt, cache_misses = 98599
preemptive halt, cache_misses = 98599
preemptive halt, cache_misses = 98599
preemptive halt, cache_misses = 98599
preemptive halt, cache_misses = 98599
preemptive halt, cache_misses = 98599
preemptive halt, cache_misses = 98599
preemptive halt, cache_misses = 98599
preemptive halt, cache_misses = 98599
preemptive halt, cache_misses = 98599
preemptive halt, cache_misses = 98599
preemptive halt, cache_misses = 98599
preemptive halt, cache_misses = 98599
preemptive halt, cache_misses = 98599
preemptive halt, cache_misses = 98599
preemptive halt, cache_misses = 98599
preemptive halt, cache_misses = 98599
preemptive halt, cache_misses = 98599
preemptive halt, cache_misses = 98599
preemptive halt, cache_misses = 98599
preemptive halt, cache_misses = 98599
preemptive halt, cache_misses = 98599
preemptive halt, cache_misses = 98599
preemptive halt, cache_misses = 98599
preemptive halt, cache_misses = 98599
preemptive halt, cache_misses = 98599
preemptive halt, cache_misses = 98599
preemptive halt, cache_misses = 98599
preemptive halt, cache_misses = 98599
preemptive halt, cache_misses = 98599
preemptive halt, cache_misses = 98599
preemptive halt, cache_misses = 98599
preemptive halt, cache_misses = 98599
preemptive halt, cache_misses = 98599
preemptive halt, cache_misses = 98599
preemptive halt, cache_misses = 98599
preemptive halt, cache_misses = 98599
preemptive halt, cache_misses = 98599
preemptive halt, cache_misses = 98599
preemptive halt, cache_misses = 98599
preemptive halt, cache_misses = 98599
preemptive halt, cache_misses = 98599
preemptive halt, cache_misses = 98599
preemptive halt, cache_misses = 98599
preemptive halt, cache_misses = 98599
preemptive halt, cache_misses = 98599
preemptive halt, cache_misses = 98599
preemptive halt, cache_misses = 98599
preemptive halt, cache_misses = 98599
preemptive halt, cache_misses = 98599
preemptive halt, cache_misses = 98599
preemptive halt, cache_misses = 98599
preemptive halt, cache_misses = 98599
preemptive halt, cache_misses = 98599
preemptive halt, cache_misses = 98599
preemptive halt, cache_misses = 98599
preemptive halt, cache_misses = 98599
preemptive halt, cache_misses = 98599
preemptive halt, cache_misses = 98599
preemptive halt, cache_misses = 98599
preemptive halt, cache_misses = 98599
preemptive halt, cache_misses = 98599
preemptive halt, cache_misses = 98599
preemptive halt, cache_misses = 98599
preemptive halt, cache_misses = 98599
preemptive halt, cache_misses = 98599
preemptive halt, cache_misses = 98599
preemptive halt, cache_misses = 98599
preemptive halt, cache_misses = 98599
preemptive halt, cache_misses = 98599
preemptive halt, cache_misses = 98599
preemptive halt, cache_misses = 98599
preemptive halt, cache_misses = 98599
preemptive halt, cache_misses = 98599
preemptive halt, cache_misses = 98599
preemptive halt, cache_misses = 98599
preemptive halt, cache_misses = 98599
preemptive halt, cache_misses = 98599
preemptive halt, cache_misses = 98599
preemptive halt, cache_misses = 98599
binary search, size 37500  misses 98599  min 35000  max 40000
preemptive halt, cache_misses = 98600
preemptive halt, cache_misses = 98600
preemptive halt, cache_misses = 98600
preemptive halt, cache_misses = 98600
preemptive halt, cache_misses = 98600
preemptive halt, cache_misses = 98600
preemptive halt, cache_misses = 98600
preemptive halt, cache_misses = 98600
preemptive halt, cache_misses = 98600
preemptive halt, cache_misses = 98600
preemptive halt, cache_misses = 98600
preemptive halt, cache_misses = 98600
preemptive halt, cache_misses = 98600
preemptive halt, cache_misses = 98600
preemptive halt, cache_misses = 98600
preemptive halt, cache_misses = 98600
preemptive halt, cache_misses = 98600
preemptive halt, cache_misses = 98600
preemptive halt, cache_misses = 98600
preemptive halt, cache_misses = 98600
preemptive halt, cache_misses = 98600
preemptive halt, cache_misses = 98600
preemptive halt, cache_misses = 98600
preemptive halt, cache_misses = 98600
preemptive halt, cache_misses = 98600
preemptive halt, cache_misses = 98600
preemptive halt, cache_misses = 98600
preemptive halt, cache_misses = 98600
preemptive halt, cache_misses = 98600
preemptive halt, cache_misses = 98600
preemptive halt, cache_misses = 98600
preemptive halt, cache_misses = 98600
preemptive halt, cache_misses = 98600
preemptive halt, cache_misses = 98600
preemptive halt, cache_misses = 98600
preemptive halt, cache_misses = 98600
preemptive halt, cache_misses = 98600
preemptive halt, cache_misses = 98600
preemptive halt, cache_misses = 98600
preemptive halt, cache_misses = 98600
preemptive halt, cache_misses = 98600
preemptive halt, cache_misses = 98600
preemptive halt, cache_misses = 98600
preemptive halt, cache_misses = 98600
preemptive halt, cache_misses = 98600
preemptive halt, cache_misses = 98600
preemptive halt, cache_misses = 98600
preemptive halt, cache_misses = 98600
preemptive halt, cache_misses = 98600
preemptive halt, cache_misses = 98600
preemptive halt, cache_misses = 98600
preemptive halt, cache_misses = 98600
preemptive halt, cache_misses = 98600
preemptive halt, cache_misses = 98600
preemptive halt, cache_misses = 98600
preemptive halt, cache_misses = 98600
preemptive halt, cache_misses = 98600
preemptive halt, cache_misses = 98600
preemptive halt, cache_misses = 98600
preemptive halt, cache_misses = 98600
preemptive halt, cache_misses = 98600
preemptive halt, cache_misses = 98600
preemptive halt, cache_misses = 98600
preemptive halt, cache_misses = 98600
preemptive halt, cache_misses = 98600
preemptive halt, cache_misses = 98600
preemptive halt, cache_misses = 98600
preemptive halt, cache_misses = 98600
preemptive halt, cache_misses = 98600
preemptive halt, cache_misses = 98600
preemptive halt, cache_misses = 98600
preemptive halt, cache_misses = 98600
preemptive halt, cache_misses = 98600
preemptive halt, cache_misses = 98600
preemptive halt, cache_misses = 98600
preemptive halt, cache_misses = 98600
preemptive halt, cache_misses = 98600
preemptive halt, cache_misses = 98600
preemptive halt, cache_misses = 98600
preemptive halt, cache_misses = 98600
preemptive halt, cache_misses = 98600
preemptive halt, cache_misses = 98600
preemptive halt, cache_misses = 98600
preemptive halt, cache_misses = 98600
preemptive halt, cache_misses = 98600
preemptive halt, cache_misses = 98600
preemptive halt, cache_misses = 98600
preemptive halt, cache_misses = 98600
preemptive halt, cache_misses = 98600
preemptive halt, cache_misses = 98600
preemptive halt, cache_misses = 98600
preemptive halt, cache_misses = 98600
preemptive halt, cache_misses = 98600
preemptive halt, cache_misses = 98600
preemptive halt, cache_misses = 98600
preemptive halt, cache_misses = 98600
preemptive halt, cache_misses = 98600
preemptive halt, cache_misses = 98600
preemptive halt, cache_misses = 98600
preemptive halt, cache_misses = 98600
preemptive halt, cache_misses = 98600
preemptive halt, cache_misses = 98600
preemptive halt, cache_misses = 98600
preemptive halt, cache_misses = 98600
preemptive halt, cache_misses = 98600
preemptive halt, cache_misses = 98600
preemptive halt, cache_misses = 98600
preemptive halt, cache_misses = 98600
preemptive halt, cache_misses = 98600
preemptive halt, cache_misses = 98600
preemptive halt, cache_misses = 98600
preemptive halt, cache_misses = 98600
preemptive halt, cache_misses = 98600
preemptive halt, cache_misses = 98600
preemptive halt, cache_misses = 98600
preemptive halt, cache_misses = 98600
preemptive halt, cache_misses = 98600
preemptive halt, cache_misses = 98600
preemptive halt, cache_misses = 98600
preemptive halt, cache_misses = 98600
preemptive halt, cache_misses = 98600
preemptive halt, cache_misses = 98600
preemptive halt, cache_misses = 98600
preemptive halt, cache_misses = 98600
preemptive halt, cache_misses = 98600
preemptive halt, cache_misses = 98600
preemptive halt, cache_misses = 98600
preemptive halt, cache_misses = 98600
preemptive halt, cache_misses = 98600
preemptive halt, cache_misses = 98600
preemptive halt, cache_misses = 98600
preemptive halt, cache_misses = 98600
binary search, size 38750  misses 98600  min 37500  max 40000
binary search, size 39375  misses 98595  min 38750  max 40000
preemptive halt, cache_misses = 98596
preemptive halt, cache_misses = 98596
preemptive halt, cache_misses = 98596
preemptive halt, cache_misses = 98596
preemptive halt, cache_misses = 98596
preemptive halt, cache_misses = 98596
preemptive halt, cache_misses = 98596
preemptive halt, cache_misses = 98596
preemptive halt, cache_misses = 98596
preemptive halt, cache_misses = 98596
preemptive halt, cache_misses = 98596
preemptive halt, cache_misses = 98596
preemptive halt, cache_misses = 98596
preemptive halt, cache_misses = 98596
preemptive halt, cache_misses = 98596
preemptive halt, cache_misses = 98596
preemptive halt, cache_misses = 98596
preemptive halt, cache_misses = 98596
preemptive halt, cache_misses = 98596
preemptive halt, cache_misses = 98596
preemptive halt, cache_misses = 98596
preemptive halt, cache_misses = 98596
preemptive halt, cache_misses = 98596
preemptive halt, cache_misses = 98596
preemptive halt, cache_misses = 98596
preemptive halt, cache_misses = 98596
preemptive halt, cache_misses = 98596
preemptive halt, cache_misses = 98596
preemptive halt, cache_misses = 98596
preemptive halt, cache_misses = 98596
preemptive halt, cache_misses = 98596
preemptive halt, cache_misses = 98596
preemptive halt, cache_misses = 98596
preemptive halt, cache_misses = 98596
preemptive halt, cache_misses = 98596
preemptive halt, cache_misses = 98596
preemptive halt, cache_misses = 98596
preemptive halt, cache_misses = 98596
preemptive halt, cache_misses = 98596
preemptive halt, cache_misses = 98596
preemptive halt, cache_misses = 98596
preemptive halt, cache_misses = 98596
preemptive halt, cache_misses = 98596
preemptive halt, cache_misses = 98596
preemptive halt, cache_misses = 98596
preemptive halt, cache_misses = 98596
preemptive halt, cache_misses = 98596
preemptive halt, cache_misses = 98596
preemptive halt, cache_misses = 98596
preemptive halt, cache_misses = 98596
preemptive halt, cache_misses = 98596
preemptive halt, cache_misses = 98596
preemptive halt, cache_misses = 98596
preemptive halt, cache_misses = 98596
preemptive halt, cache_misses = 98596
preemptive halt, cache_misses = 98596
preemptive halt, cache_misses = 98596
preemptive halt, cache_misses = 98596
preemptive halt, cache_misses = 98596
preemptive halt, cache_misses = 98596
preemptive halt, cache_misses = 98596
preemptive halt, cache_misses = 98596
preemptive halt, cache_misses = 98596
preemptive halt, cache_misses = 98596
preemptive halt, cache_misses = 98596
preemptive halt, cache_misses = 98596
preemptive halt, cache_misses = 98596
preemptive halt, cache_misses = 98596
preemptive halt, cache_misses = 98596
preemptive halt, cache_misses = 98596
preemptive halt, cache_misses = 98596
preemptive halt, cache_misses = 98596
preemptive halt, cache_misses = 98596
preemptive halt, cache_misses = 98596
preemptive halt, cache_misses = 98596
preemptive halt, cache_misses = 98596
preemptive halt, cache_misses = 98596
preemptive halt, cache_misses = 98596
preemptive halt, cache_misses = 98596
preemptive halt, cache_misses = 98596
preemptive halt, cache_misses = 98596
preemptive halt, cache_misses = 98596
preemptive halt, cache_misses = 98596
preemptive halt, cache_misses = 98596
preemptive halt, cache_misses = 98596
preemptive halt, cache_misses = 98596
preemptive halt, cache_misses = 98596
preemptive halt, cache_misses = 98596
preemptive halt, cache_misses = 98596
preemptive halt, cache_misses = 98596
preemptive halt, cache_misses = 98596
preemptive halt, cache_misses = 98596
preemptive halt, cache_misses = 98596
preemptive halt, cache_misses = 98596
preemptive halt, cache_misses = 98596
preemptive halt, cache_misses = 98596
preemptive halt, cache_misses = 98596
preemptive halt, cache_misses = 98596
preemptive halt, cache_misses = 98596
preemptive halt, cache_misses = 98596
preemptive halt, cache_misses = 98596
preemptive halt, cache_misses = 98596
preemptive halt, cache_misses = 98596
preemptive halt, cache_misses = 98596
preemptive halt, cache_misses = 98596
preemptive halt, cache_misses = 98596
preemptive halt, cache_misses = 98596
preemptive halt, cache_misses = 98596
preemptive halt, cache_misses = 98596
preemptive halt, cache_misses = 98596
preemptive halt, cache_misses = 98596
preemptive halt, cache_misses = 98596
preemptive halt, cache_misses = 98596
preemptive halt, cache_misses = 98596
preemptive halt, cache_misses = 98596
preemptive halt, cache_misses = 98596
preemptive halt, cache_misses = 98596
preemptive halt, cache_misses = 98596
preemptive halt, cache_misses = 98596
preemptive halt, cache_misses = 98596
preemptive halt, cache_misses = 98596
preemptive halt, cache_misses = 98596
preemptive halt, cache_misses = 98596
preemptive halt, cache_misses = 98596
binary search, size 39062  misses 98596  min 38750  max 39375
preemptive halt, cache_misses = 98597
preemptive halt, cache_misses = 98597
preemptive halt, cache_misses = 98597
preemptive halt, cache_misses = 98597
preemptive halt, cache_misses = 98597
preemptive halt, cache_misses = 98597
preemptive halt, cache_misses = 98597
preemptive halt, cache_misses = 98597
preemptive halt, cache_misses = 98597
preemptive halt, cache_misses = 98597
preemptive halt, cache_misses = 98597
preemptive halt, cache_misses = 98597
preemptive halt, cache_misses = 98597
preemptive halt, cache_misses = 98597
preemptive halt, cache_misses = 98597
preemptive halt, cache_misses = 98597
preemptive halt, cache_misses = 98597
preemptive halt, cache_misses = 98597
preemptive halt, cache_misses = 98597
preemptive halt, cache_misses = 98597
preemptive halt, cache_misses = 98597
preemptive halt, cache_misses = 98597
preemptive halt, cache_misses = 98597
preemptive halt, cache_misses = 98597
preemptive halt, cache_misses = 98597
preemptive halt, cache_misses = 98597
preemptive halt, cache_misses = 98597
preemptive halt, cache_misses = 98597
preemptive halt, cache_misses = 98597
preemptive halt, cache_misses = 98597
preemptive halt, cache_misses = 98597
preemptive halt, cache_misses = 98597
preemptive halt, cache_misses = 98597
preemptive halt, cache_misses = 98597
preemptive halt, cache_misses = 98597
preemptive halt, cache_misses = 98597
preemptive halt, cache_misses = 98597
preemptive halt, cache_misses = 98597
preemptive halt, cache_misses = 98597
preemptive halt, cache_misses = 98597
preemptive halt, cache_misses = 98597
preemptive halt, cache_misses = 98597
preemptive halt, cache_misses = 98597
preemptive halt, cache_misses = 98597
preemptive halt, cache_misses = 98597
preemptive halt, cache_misses = 98597
preemptive halt, cache_misses = 98597
preemptive halt, cache_misses = 98597
preemptive halt, cache_misses = 98597
preemptive halt, cache_misses = 98597
preemptive halt, cache_misses = 98597
preemptive halt, cache_misses = 98597
preemptive halt, cache_misses = 98597
preemptive halt, cache_misses = 98597
preemptive halt, cache_misses = 98597
preemptive halt, cache_misses = 98597
preemptive halt, cache_misses = 98597
preemptive halt, cache_misses = 98597
preemptive halt, cache_misses = 98597
preemptive halt, cache_misses = 98597
preemptive halt, cache_misses = 98597
preemptive halt, cache_misses = 98597
preemptive halt, cache_misses = 98597
preemptive halt, cache_misses = 98597
preemptive halt, cache_misses = 98597
preemptive halt, cache_misses = 98597
preemptive halt, cache_misses = 98597
preemptive halt, cache_misses = 98597
preemptive halt, cache_misses = 98597
preemptive halt, cache_misses = 98597
preemptive halt, cache_misses = 98597
preemptive halt, cache_misses = 98597
preemptive halt, cache_misses = 98597
preemptive halt, cache_misses = 98597
preemptive halt, cache_misses = 98597
preemptive halt, cache_misses = 98597
preemptive halt, cache_misses = 98597
preemptive halt, cache_misses = 98597
preemptive halt, cache_misses = 98597
preemptive halt, cache_misses = 98597
preemptive halt, cache_misses = 98597
preemptive halt, cache_misses = 98597
preemptive halt, cache_misses = 98597
preemptive halt, cache_misses = 98597
preemptive halt, cache_misses = 98597
preemptive halt, cache_misses = 98597
preemptive halt, cache_misses = 98597
preemptive halt, cache_misses = 98597
preemptive halt, cache_misses = 98597
preemptive halt, cache_misses = 98597
preemptive halt, cache_misses = 98597
preemptive halt, cache_misses = 98597
preemptive halt, cache_misses = 98597
preemptive halt, cache_misses = 98597
preemptive halt, cache_misses = 98597
preemptive halt, cache_misses = 98597
preemptive halt, cache_misses = 98597
preemptive halt, cache_misses = 98597
preemptive halt, cache_misses = 98597
preemptive halt, cache_misses = 98597
preemptive halt, cache_misses = 98597
preemptive halt, cache_misses = 98597
preemptive halt, cache_misses = 98597
preemptive halt, cache_misses = 98597
preemptive halt, cache_misses = 98597
preemptive halt, cache_misses = 98597
preemptive halt, cache_misses = 98597
preemptive halt, cache_misses = 98597
preemptive halt, cache_misses = 98597
preemptive halt, cache_misses = 98597
preemptive halt, cache_misses = 98597
preemptive halt, cache_misses = 98597
preemptive halt, cache_misses = 98597
preemptive halt, cache_misses = 98597
preemptive halt, cache_misses = 98597
preemptive halt, cache_misses = 98597
preemptive halt, cache_misses = 98597
preemptive halt, cache_misses = 98597
preemptive halt, cache_misses = 98597
preemptive halt, cache_misses = 98597
preemptive halt, cache_misses = 98597
preemptive halt, cache_misses = 98597
preemptive halt, cache_misses = 98597
preemptive halt, cache_misses = 98597
preemptive halt, cache_misses = 98597
preemptive halt, cache_misses = 98597
binary search, size 39218  misses 98597  min 39062  max 39375
preemptive halt, cache_misses = 98598
preemptive halt, cache_misses = 98598
preemptive halt, cache_misses = 98598
preemptive halt, cache_misses = 98598
preemptive halt, cache_misses = 98598
preemptive halt, cache_misses = 98598
preemptive halt, cache_misses = 98598
preemptive halt, cache_misses = 98598
preemptive halt, cache_misses = 98598
preemptive halt, cache_misses = 98598
preemptive halt, cache_misses = 98598
preemptive halt, cache_misses = 98598
preemptive halt, cache_misses = 98598
preemptive halt, cache_misses = 98598
preemptive halt, cache_misses = 98598
preemptive halt, cache_misses = 98598
preemptive halt, cache_misses = 98598
preemptive halt, cache_misses = 98598
preemptive halt, cache_misses = 98598
preemptive halt, cache_misses = 98598
preemptive halt, cache_misses = 98598
preemptive halt, cache_misses = 98598
preemptive halt, cache_misses = 98598
preemptive halt, cache_misses = 98598
preemptive halt, cache_misses = 98598
preemptive halt, cache_misses = 98598
preemptive halt, cache_misses = 98598
preemptive halt, cache_misses = 98598
preemptive halt, cache_misses = 98598
preemptive halt, cache_misses = 98598
preemptive halt, cache_misses = 98598
preemptive halt, cache_misses = 98598
preemptive halt, cache_misses = 98598
preemptive halt, cache_misses = 98598
preemptive halt, cache_misses = 98598
preemptive halt, cache_misses = 98598
preemptive halt, cache_misses = 98598
preemptive halt, cache_misses = 98598
preemptive halt, cache_misses = 98598
preemptive halt, cache_misses = 98598
preemptive halt, cache_misses = 98598
preemptive halt, cache_misses = 98598
preemptive halt, cache_misses = 98598
preemptive halt, cache_misses = 98598
preemptive halt, cache_misses = 98598
preemptive halt, cache_misses = 98598
preemptive halt, cache_misses = 98598
preemptive halt, cache_misses = 98598
preemptive halt, cache_misses = 98598
preemptive halt, cache_misses = 98598
preemptive halt, cache_misses = 98598
preemptive halt, cache_misses = 98598
preemptive halt, cache_misses = 98598
preemptive halt, cache_misses = 98598
preemptive halt, cache_misses = 98598
preemptive halt, cache_misses = 98598
preemptive halt, cache_misses = 98598
preemptive halt, cache_misses = 98598
preemptive halt, cache_misses = 98598
preemptive halt, cache_misses = 98598
preemptive halt, cache_misses = 98598
preemptive halt, cache_misses = 98598
preemptive halt, cache_misses = 98598
preemptive halt, cache_misses = 98598
preemptive halt, cache_misses = 98598
preemptive halt, cache_misses = 98598
preemptive halt, cache_misses = 98598
preemptive halt, cache_misses = 98598
preemptive halt, cache_misses = 98598
preemptive halt, cache_misses = 98598
preemptive halt, cache_misses = 98598
preemptive halt, cache_misses = 98598
preemptive halt, cache_misses = 98598
preemptive halt, cache_misses = 98598
preemptive halt, cache_misses = 98598
preemptive halt, cache_misses = 98598
preemptive halt, cache_misses = 98598
preemptive halt, cache_misses = 98598
preemptive halt, cache_misses = 98598
preemptive halt, cache_misses = 98598
preemptive halt, cache_misses = 98598
preemptive halt, cache_misses = 98598
preemptive halt, cache_misses = 98598
preemptive halt, cache_misses = 98598
preemptive halt, cache_misses = 98598
preemptive halt, cache_misses = 98598
preemptive halt, cache_misses = 98598
preemptive halt, cache_misses = 98598
preemptive halt, cache_misses = 98598
preemptive halt, cache_misses = 98598
preemptive halt, cache_misses = 98598
preemptive halt, cache_misses = 98598
preemptive halt, cache_misses = 98598
preemptive halt, cache_misses = 98598
preemptive halt, cache_misses = 98598
preemptive halt, cache_misses = 98598
preemptive halt, cache_misses = 98598
preemptive halt, cache_misses = 98598
preemptive halt, cache_misses = 98598
preemptive halt, cache_misses = 98598
preemptive halt, cache_misses = 98598
preemptive halt, cache_misses = 98598
preemptive halt, cache_misses = 98598
preemptive halt, cache_misses = 98598
preemptive halt, cache_misses = 98598
preemptive halt, cache_misses = 98598
preemptive halt, cache_misses = 98598
preemptive halt, cache_misses = 98598
preemptive halt, cache_misses = 98598
preemptive halt, cache_misses = 98598
preemptive halt, cache_misses = 98598
preemptive halt, cache_misses = 98598
preemptive halt, cache_misses = 98598
preemptive halt, cache_misses = 98598
preemptive halt, cache_misses = 98598
preemptive halt, cache_misses = 98598
preemptive halt, cache_misses = 98598
preemptive halt, cache_misses = 98598
preemptive halt, cache_misses = 98598
preemptive halt, cache_misses = 98598
preemptive halt, cache_misses = 98598
preemptive halt, cache_misses = 98598
preemptive halt, cache_misses = 98598
preemptive halt, cache_misses = 98598
preemptive halt, cache_misses = 98598
preemptive halt, cache_misses = 98598
preemptive halt, cache_misses = 98598
preemptive halt, cache_misses = 98598
binary search, size 39296  misses 98598  min 39218  max 39375
binary search, size 39335  misses 98595  min 39296  max 39375
binary search, size 39315  misses 98595  min 39296  max 39335
preemptive halt, cache_misses = 98596
preemptive halt, cache_misses = 98596
preemptive halt, cache_misses = 98596
preemptive halt, cache_misses = 98596
preemptive halt, cache_misses = 98596
preemptive halt, cache_misses = 98596
preemptive halt, cache_misses = 98596
preemptive halt, cache_misses = 98596
preemptive halt, cache_misses = 98596
preemptive halt, cache_misses = 98596
preemptive halt, cache_misses = 98596
preemptive halt, cache_misses = 98596
preemptive halt, cache_misses = 98596
preemptive halt, cache_misses = 98596
preemptive halt, cache_misses = 98596
preemptive halt, cache_misses = 98596
preemptive halt, cache_misses = 98596
preemptive halt, cache_misses = 98596
preemptive halt, cache_misses = 98596
preemptive halt, cache_misses = 98596
preemptive halt, cache_misses = 98596
preemptive halt, cache_misses = 98596
preemptive halt, cache_misses = 98596
preemptive halt, cache_misses = 98596
preemptive halt, cache_misses = 98596
preemptive halt, cache_misses = 98596
preemptive halt, cache_misses = 98596
preemptive halt, cache_misses = 98596
preemptive halt, cache_misses = 98596
preemptive halt, cache_misses = 98596
preemptive halt, cache_misses = 98596
preemptive halt, cache_misses = 98596
preemptive halt, cache_misses = 98596
preemptive halt, cache_misses = 98596
preemptive halt, cache_misses = 98596
preemptive halt, cache_misses = 98596
preemptive halt, cache_misses = 98596
preemptive halt, cache_misses = 98596
preemptive halt, cache_misses = 98596
preemptive halt, cache_misses = 98596
preemptive halt, cache_misses = 98596
preemptive halt, cache_misses = 98596
preemptive halt, cache_misses = 98596
preemptive halt, cache_misses = 98596
preemptive halt, cache_misses = 98596
preemptive halt, cache_misses = 98596
preemptive halt, cache_misses = 98596
preemptive halt, cache_misses = 98596
preemptive halt, cache_misses = 98596
preemptive halt, cache_misses = 98596
preemptive halt, cache_misses = 98596
preemptive halt, cache_misses = 98596
preemptive halt, cache_misses = 98596
preemptive halt, cache_misses = 98596
preemptive halt, cache_misses = 98596
preemptive halt, cache_misses = 98596
preemptive halt, cache_misses = 98596
preemptive halt, cache_misses = 98596
preemptive halt, cache_misses = 98596
preemptive halt, cache_misses = 98596
preemptive halt, cache_misses = 98596
preemptive halt, cache_misses = 98596
preemptive halt, cache_misses = 98596
preemptive halt, cache_misses = 98596
preemptive halt, cache_misses = 98596
preemptive halt, cache_misses = 98596
preemptive halt, cache_misses = 98596
preemptive halt, cache_misses = 98596
preemptive halt, cache_misses = 98596
preemptive halt, cache_misses = 98596
preemptive halt, cache_misses = 98596
preemptive halt, cache_misses = 98596
preemptive halt, cache_misses = 98596
preemptive halt, cache_misses = 98596
preemptive halt, cache_misses = 98596
preemptive halt, cache_misses = 98596
preemptive halt, cache_misses = 98596
preemptive halt, cache_misses = 98596
preemptive halt, cache_misses = 98596
preemptive halt, cache_misses = 98596
preemptive halt, cache_misses = 98596
preemptive halt, cache_misses = 98596
preemptive halt, cache_misses = 98596
preemptive halt, cache_misses = 98596
preemptive halt, cache_misses = 98596
preemptive halt, cache_misses = 98596
preemptive halt, cache_misses = 98596
preemptive halt, cache_misses = 98596
preemptive halt, cache_misses = 98596
preemptive halt, cache_misses = 98596
preemptive halt, cache_misses = 98596
preemptive halt, cache_misses = 98596
preemptive halt, cache_misses = 98596
preemptive halt, cache_misses = 98596
preemptive halt, cache_misses = 98596
preemptive halt, cache_misses = 98596
preemptive halt, cache_misses = 98596
preemptive halt, cache_misses = 98596
preemptive halt, cache_misses = 98596
preemptive halt, cache_misses = 98596
preemptive halt, cache_misses = 98596
preemptive halt, cache_misses = 98596
preemptive halt, cache_misses = 98596
preemptive halt, cache_misses = 98596
preemptive halt, cache_misses = 98596
preemptive halt, cache_misses = 98596
preemptive halt, cache_misses = 98596
preemptive halt, cache_misses = 98596
preemptive halt, cache_misses = 98596
preemptive halt, cache_misses = 98596
preemptive halt, cache_misses = 98596
preemptive halt, cache_misses = 98596
preemptive halt, cache_misses = 98596
preemptive halt, cache_misses = 98596
preemptive halt, cache_misses = 98596
preemptive halt, cache_misses = 98596
preemptive halt, cache_misses = 98596
preemptive halt, cache_misses = 98596
preemptive halt, cache_misses = 98596
preemptive halt, cache_misses = 98596
preemptive halt, cache_misses = 98596
preemptive halt, cache_misses = 98596
preemptive halt, cache_misses = 98596
preemptive halt, cache_misses = 98596
binary search, size 39305  misses 98596  min 39296  max 39315
preemptive halt, cache_misses = 98597
preemptive halt, cache_misses = 98597
preemptive halt, cache_misses = 98597
preemptive halt, cache_misses = 98597
preemptive halt, cache_misses = 98597
preemptive halt, cache_misses = 98597
preemptive halt, cache_misses = 98597
preemptive halt, cache_misses = 98597
preemptive halt, cache_misses = 98597
preemptive halt, cache_misses = 98597
preemptive halt, cache_misses = 98597
preemptive halt, cache_misses = 98597
preemptive halt, cache_misses = 98597
preemptive halt, cache_misses = 98597
preemptive halt, cache_misses = 98597
preemptive halt, cache_misses = 98597
preemptive halt, cache_misses = 98597
preemptive halt, cache_misses = 98597
preemptive halt, cache_misses = 98597
preemptive halt, cache_misses = 98597
preemptive halt, cache_misses = 98597
preemptive halt, cache_misses = 98597
preemptive halt, cache_misses = 98597
preemptive halt, cache_misses = 98597
preemptive halt, cache_misses = 98597
preemptive halt, cache_misses = 98597
preemptive halt, cache_misses = 98597
preemptive halt, cache_misses = 98597
preemptive halt, cache_misses = 98597
preemptive halt, cache_misses = 98597
preemptive halt, cache_misses = 98597
preemptive halt, cache_misses = 98597
preemptive halt, cache_misses = 98597
preemptive halt, cache_misses = 98597
preemptive halt, cache_misses = 98597
preemptive halt, cache_misses = 98597
preemptive halt, cache_misses = 98597
preemptive halt, cache_misses = 98597
preemptive halt, cache_misses = 98597
preemptive halt, cache_misses = 98597
preemptive halt, cache_misses = 98597
preemptive halt, cache_misses = 98597
preemptive halt, cache_misses = 98597
preemptive halt, cache_misses = 98597
preemptive halt, cache_misses = 98597
preemptive halt, cache_misses = 98597
preemptive halt, cache_misses = 98597
preemptive halt, cache_misses = 98597
preemptive halt, cache_misses = 98597
preemptive halt, cache_misses = 98597
preemptive halt, cache_misses = 98597
preemptive halt, cache_misses = 98597
preemptive halt, cache_misses = 98597
preemptive halt, cache_misses = 98597
preemptive halt, cache_misses = 98597
preemptive halt, cache_misses = 98597
preemptive halt, cache_misses = 98597
preemptive halt, cache_misses = 98597
preemptive halt, cache_misses = 98597
preemptive halt, cache_misses = 98597
preemptive halt, cache_misses = 98597
preemptive halt, cache_misses = 98597
preemptive halt, cache_misses = 98597
preemptive halt, cache_misses = 98597
preemptive halt, cache_misses = 98597
preemptive halt, cache_misses = 98597
preemptive halt, cache_misses = 98597
preemptive halt, cache_misses = 98597
preemptive halt, cache_misses = 98597
preemptive halt, cache_misses = 98597
preemptive halt, cache_misses = 98597
preemptive halt, cache_misses = 98597
preemptive halt, cache_misses = 98597
preemptive halt, cache_misses = 98597
preemptive halt, cache_misses = 98597
preemptive halt, cache_misses = 98597
preemptive halt, cache_misses = 98597
preemptive halt, cache_misses = 98597
preemptive halt, cache_misses = 98597
preemptive halt, cache_misses = 98597
preemptive halt, cache_misses = 98597
preemptive halt, cache_misses = 98597
preemptive halt, cache_misses = 98597
preemptive halt, cache_misses = 98597
preemptive halt, cache_misses = 98597
preemptive halt, cache_misses = 98597
preemptive halt, cache_misses = 98597
preemptive halt, cache_misses = 98597
preemptive halt, cache_misses = 98597
preemptive halt, cache_misses = 98597
preemptive halt, cache_misses = 98597
preemptive halt, cache_misses = 98597
preemptive halt, cache_misses = 98597
preemptive halt, cache_misses = 98597
preemptive halt, cache_misses = 98597
preemptive halt, cache_misses = 98597
preemptive halt, cache_misses = 98597
preemptive halt, cache_misses = 98597
preemptive halt, cache_misses = 98597
preemptive halt, cache_misses = 98597
preemptive halt, cache_misses = 98597
preemptive halt, cache_misses = 98597
preemptive halt, cache_misses = 98597
preemptive halt, cache_misses = 98597
preemptive halt, cache_misses = 98597
preemptive halt, cache_misses = 98597
preemptive halt, cache_misses = 98597
preemptive halt, cache_misses = 98597
preemptive halt, cache_misses = 98597
preemptive halt, cache_misses = 98597
preemptive halt, cache_misses = 98597
preemptive halt, cache_misses = 98597
preemptive halt, cache_misses = 98597
preemptive halt, cache_misses = 98597
preemptive halt, cache_misses = 98597
preemptive halt, cache_misses = 98597
preemptive halt, cache_misses = 98597
preemptive halt, cache_misses = 98597
preemptive halt, cache_misses = 98597
preemptive halt, cache_misses = 98597
preemptive halt, cache_misses = 98597
preemptive halt, cache_misses = 98597
preemptive halt, cache_misses = 98597
preemptive halt, cache_misses = 98597
preemptive halt, cache_misses = 98597
preemptive halt, cache_misses = 98597
binary search, size 39310  misses 98597  min 39305  max 39315
binary search, size 39312  misses 98595  min 39310  max 39315
binary search, size 39311  misses 98595  min 39310  max 39312
characteristic cache size (binary search) for 313 = 39311
End at: 2021-04-02 15:58:31.707631
Time elapsed: 0:00:02.016832
