Begin at: 2021-04-02 15:56:22.502444
['../dist/Debug/GNU-Linux/memo_batch_tester', '', '--mbt_execution_trace_fname', 'olcs4_traceback_csize_input_types/OLCS4_lru_2021_04_02__15_55_02_k_3__d_2_cache_size_160000_problems_10_to_400/OLCS4_lru_2021_04_02__15_55_02_k_3__d_2_cache_size_160000_problems_10_to_400/OLCS4__do_traceback_prob_size_219_cache_size_160000_lru_k_3_d_2_execution_trace_2021_4_2_15_56_22_pid_19973.log', '--mbt_cache_misses_fname', 'olcs4_traceback_csize_input_types/OLCS4_lru_2021_04_02__15_55_02_k_3__d_2_cache_size_160000_problems_10_to_400/lcs_cost_OLCS4_lru_misses_for_cache_size.csv', '--mbt_misses_for_problem_size_fname', 'olcs4_traceback_csize_input_types/OLCS4_lru_2021_04_02__15_55_02_k_3__d_2_cache_size_160000_problems_10_to_400/lcs_cost_OLCS4_lru_misses_for_problem_size.csv', '--mbt_exact_cutoff_min_cache_size', '160000', '--mbt_exact_cutoff_max_cache_size', '160000', '--mbt_problem_type', 'lcs', '--mbt_metric_type', 'csize_binary_search', '--mbt_cutoff_ratio', '2.2', '--mbt_instance_fname', '219', '--mbt_detailed_cache_misses_out_fname', 'csize_olcs4_traceback_0011n_ceil_n_b_5.csv', '--mbt_phi_N', '5.0', '--mbt_problem_size', '219', '--lcs_compute_length', '0', '--lcs_perform_traceback', '1', '--lig_instance_type', '0011n_ceil_n_b', '--lig_n', '219', '--lig_c', '0.9', '--lig_b', '5.0', '--lcs_oblivious', '4', '--lcs_execution_trace_fname', 'olcs4_traceback_csize_input_types/OLCS4_lru_2021_04_02__15_55_02_k_3__d_2_cache_size_160000_problems_10_to_400/OLCS4_lru_2021_04_02__15_55_02_k_3__d_2_cache_size_160000_problems_10_to_400/OLCS4__do_traceback_prob_size_219_cache_size_160000_lru_k_3_d_2_execution_trace_2021_4_2_15_56_22_pid_19973.log', '--memo_caching_strategy', 'lru', '--memo_cache_size', '160001', '--memo_lru_queue_size', '160000', '--memo_cuckoo_k', '4', '--memo_key_length', '8', '--memo_value_length', '8', '--memo_k_timestamps', '3', '--memo_d_recent_timestamps', '2', '--memo_a_items_per_timestamp_factor', '0.4375']

csize_binary_search chosen
lcs problem_type lcs cache_size 160001
initialize_long_int_cache begin
init_memo
arguments to memo:
 --mbt_execution_trace_fname olcs4_traceback_csize_input_types/OLCS4_lru_2021_04_02__15_55_02_k_3__d_2_cache_size_160000_problems_10_to_400/OLCS4_lru_2021_04_02__15_55_02_k_3__d_2_cache_size_160000_problems_10_to_400/OLCS4__do_traceback_prob_size_219_cache_size_160000_lru_k_3_d_2_execution_trace_2021_4_2_15_56_22_pid_19973.log --mbt_cache_misses_fname olcs4_traceback_csize_input_types/OLCS4_lru_2021_04_02__15_55_02_k_3__d_2_cache_size_160000_problems_10_to_400/lcs_cost_OLCS4_lru_misses_for_cache_size.csv --mbt_misses_for_problem_size_fname olcs4_traceback_csize_input_types/OLCS4_lru_2021_04_02__15_55_02_k_3__d_2_cache_size_160000_problems_10_to_400/lcs_cost_OLCS4_lru_misses_for_problem_size.csv --mbt_exact_cutoff_min_cache_size 160000 --mbt_exact_cutoff_max_cache_size 160000 --mbt_problem_type lcs --mbt_metric_type csize_binary_search --mbt_cutoff_ratio 2.2 --mbt_instance_fname 219 --mbt_detailed_cache_misses_out_fname csize_olcs4_traceback_0011n_ceil_n_b_5.csv --mbt_phi_N 5.0 --mbt_problem_size 219 --lcs_compute_length 0 --lcs_perform_traceback 1 --lig_instance_type 0011n_ceil_n_b --lig_n 219 --lig_c 0.9 --lig_b 5.0 --lcs_oblivious 4 --lcs_execution_trace_fname olcs4_traceback_csize_input_types/OLCS4_lru_2021_04_02__15_55_02_k_3__d_2_cache_size_160000_problems_10_to_400/OLCS4_lru_2021_04_02__15_55_02_k_3__d_2_cache_size_160000_problems_10_to_400/OLCS4__do_traceback_prob_size_219_cache_size_160000_lru_k_3_d_2_execution_trace_2021_4_2_15_56_22_pid_19973.log --memo_caching_strategy lru --memo_cache_size 160001 --memo_lru_queue_size 160000 --memo_cuckoo_k 4 --memo_key_length 8 --memo_value_length 8 --memo_k_timestamps 3 --memo_d_recent_timestamps 2 --memo_a_items_per_timestamp_factor 0.4375 
calculate_table_size: table_size is 262144, original is 160001
Finished initializing cache
initialize_long_int_cache end
done initializing cache
initializing problem
done initializing problem
commence trials
Starting characteristic_cache_size_binary_search with max cache size 160001
binary search, size 160001  misses 48399
binary search, size 80000  misses 48399  min 0  max 160001
binary search, size 40000  misses 48399  min 0  max 80000
binary search, size 20000  misses 48399  min 0  max 40000
preemptive halt, cache_misses = 48400
preemptive halt, cache_misses = 48400
preemptive halt, cache_misses = 48400
preemptive halt, cache_misses = 48400
preemptive halt, cache_misses = 48400
preemptive halt, cache_misses = 48400
preemptive halt, cache_misses = 48400
preemptive halt, cache_misses = 48400
preemptive halt, cache_misses = 48400
preemptive halt, cache_misses = 48400
preemptive halt, cache_misses = 48400
preemptive halt, cache_misses = 48400
preemptive halt, cache_misses = 48400
preemptive halt, cache_misses = 48400
preemptive halt, cache_misses = 48400
preemptive halt, cache_misses = 48400
preemptive halt, cache_misses = 48400
preemptive halt, cache_misses = 48400
preemptive halt, cache_misses = 48400
preemptive halt, cache_misses = 48400
preemptive halt, cache_misses = 48400
preemptive halt, cache_misses = 48400
preemptive halt, cache_misses = 48400
preemptive halt, cache_misses = 48400
preemptive halt, cache_misses = 48400
preemptive halt, cache_misses = 48400
preemptive halt, cache_misses = 48400
preemptive halt, cache_misses = 48400
preemptive halt, cache_misses = 48400
preemptive halt, cache_misses = 48400
preemptive halt, cache_misses = 48400
preemptive halt, cache_misses = 48400
preemptive halt, cache_misses = 48400
preemptive halt, cache_misses = 48400
preemptive halt, cache_misses = 48400
preemptive halt, cache_misses = 48400
preemptive halt, cache_misses = 48400
preemptive halt, cache_misses = 48400
preemptive halt, cache_misses = 48400
preemptive halt, cache_misses = 48400
preemptive halt, cache_misses = 48400
preemptive halt, cache_misses = 48400
preemptive halt, cache_misses = 48400
preemptive halt, cache_misses = 48400
preemptive halt, cache_misses = 48400
preemptive halt, cache_misses = 48400
preemptive halt, cache_misses = 48400
preemptive halt, cache_misses = 48400
preemptive halt, cache_misses = 48400
preemptive halt, cache_misses = 48400
preemptive halt, cache_misses = 48400
preemptive halt, cache_misses = 48400
preemptive halt, cache_misses = 48400
preemptive halt, cache_misses = 48400
preemptive halt, cache_misses = 48400
preemptive halt, cache_misses = 48400
preemptive halt, cache_misses = 48400
preemptive halt, cache_misses = 48400
preemptive halt, cache_misses = 48400
preemptive halt, cache_misses = 48400
preemptive halt, cache_misses = 48400
preemptive halt, cache_misses = 48400
preemptive halt, cache_misses = 48400
preemptive halt, cache_misses = 48400
preemptive halt, cache_misses = 48400
preemptive halt, cache_misses = 48400
preemptive halt, cache_misses = 48400
preemptive halt, cache_misses = 48400
preemptive halt, cache_misses = 48400
preemptive halt, cache_misses = 48400
preemptive halt, cache_misses = 48400
preemptive halt, cache_misses = 48400
preemptive halt, cache_misses = 48400
preemptive halt, cache_misses = 48400
preemptive halt, cache_misses = 48400
preemptive halt, cache_misses = 48400
preemptive halt, cache_misses = 48400
preemptive halt, cache_misses = 48400
preemptive halt, cache_misses = 48400
preemptive halt, cache_misses = 48400
preemptive halt, cache_misses = 48400
preemptive halt, cache_misses = 48400
preemptive halt, cache_misses = 48400
preemptive halt, cache_misses = 48400
preemptive halt, cache_misses = 48400
preemptive halt, cache_misses = 48400
preemptive halt, cache_misses = 48400
preemptive halt, cache_misses = 48400
binary search, size 10000  misses 48400  min 0  max 20000
preemptive halt, cache_misses = 48401
preemptive halt, cache_misses = 48401
preemptive halt, cache_misses = 48401
preemptive halt, cache_misses = 48401
preemptive halt, cache_misses = 48401
preemptive halt, cache_misses = 48401
preemptive halt, cache_misses = 48401
preemptive halt, cache_misses = 48401
preemptive halt, cache_misses = 48401
preemptive halt, cache_misses = 48401
preemptive halt, cache_misses = 48401
preemptive halt, cache_misses = 48401
preemptive halt, cache_misses = 48401
preemptive halt, cache_misses = 48401
preemptive halt, cache_misses = 48401
preemptive halt, cache_misses = 48401
preemptive halt, cache_misses = 48401
preemptive halt, cache_misses = 48401
preemptive halt, cache_misses = 48401
preemptive halt, cache_misses = 48401
preemptive halt, cache_misses = 48401
preemptive halt, cache_misses = 48401
preemptive halt, cache_misses = 48401
preemptive halt, cache_misses = 48401
preemptive halt, cache_misses = 48401
preemptive halt, cache_misses = 48401
preemptive halt, cache_misses = 48401
preemptive halt, cache_misses = 48401
preemptive halt, cache_misses = 48401
preemptive halt, cache_misses = 48401
preemptive halt, cache_misses = 48401
preemptive halt, cache_misses = 48401
preemptive halt, cache_misses = 48401
preemptive halt, cache_misses = 48401
preemptive halt, cache_misses = 48401
preemptive halt, cache_misses = 48401
preemptive halt, cache_misses = 48401
preemptive halt, cache_misses = 48401
preemptive halt, cache_misses = 48401
preemptive halt, cache_misses = 48401
preemptive halt, cache_misses = 48401
preemptive halt, cache_misses = 48401
preemptive halt, cache_misses = 48401
preemptive halt, cache_misses = 48401
preemptive halt, cache_misses = 48401
preemptive halt, cache_misses = 48401
preemptive halt, cache_misses = 48401
preemptive halt, cache_misses = 48401
preemptive halt, cache_misses = 48401
preemptive halt, cache_misses = 48401
preemptive halt, cache_misses = 48401
preemptive halt, cache_misses = 48401
preemptive halt, cache_misses = 48401
preemptive halt, cache_misses = 48401
preemptive halt, cache_misses = 48401
preemptive halt, cache_misses = 48401
preemptive halt, cache_misses = 48401
preemptive halt, cache_misses = 48401
preemptive halt, cache_misses = 48401
preemptive halt, cache_misses = 48401
preemptive halt, cache_misses = 48401
preemptive halt, cache_misses = 48401
preemptive halt, cache_misses = 48401
preemptive halt, cache_misses = 48401
preemptive halt, cache_misses = 48401
preemptive halt, cache_misses = 48401
preemptive halt, cache_misses = 48401
preemptive halt, cache_misses = 48401
preemptive halt, cache_misses = 48401
preemptive halt, cache_misses = 48401
preemptive halt, cache_misses = 48401
preemptive halt, cache_misses = 48401
preemptive halt, cache_misses = 48401
preemptive halt, cache_misses = 48401
preemptive halt, cache_misses = 48401
preemptive halt, cache_misses = 48401
preemptive halt, cache_misses = 48401
preemptive halt, cache_misses = 48401
preemptive halt, cache_misses = 48401
preemptive halt, cache_misses = 48401
preemptive halt, cache_misses = 48401
preemptive halt, cache_misses = 48401
preemptive halt, cache_misses = 48401
preemptive halt, cache_misses = 48401
preemptive halt, cache_misses = 48401
preemptive halt, cache_misses = 48401
preemptive halt, cache_misses = 48401
preemptive halt, cache_misses = 48401
preemptive halt, cache_misses = 48401
preemptive halt, cache_misses = 48401
binary search, size 15000  misses 48401  min 10000  max 20000
preemptive halt, cache_misses = 48402
preemptive halt, cache_misses = 48402
preemptive halt, cache_misses = 48402
preemptive halt, cache_misses = 48402
preemptive halt, cache_misses = 48402
preemptive halt, cache_misses = 48402
preemptive halt, cache_misses = 48402
preemptive halt, cache_misses = 48402
preemptive halt, cache_misses = 48402
preemptive halt, cache_misses = 48402
preemptive halt, cache_misses = 48402
preemptive halt, cache_misses = 48402
preemptive halt, cache_misses = 48402
preemptive halt, cache_misses = 48402
preemptive halt, cache_misses = 48402
preemptive halt, cache_misses = 48402
preemptive halt, cache_misses = 48402
preemptive halt, cache_misses = 48402
preemptive halt, cache_misses = 48402
preemptive halt, cache_misses = 48402
preemptive halt, cache_misses = 48402
preemptive halt, cache_misses = 48402
preemptive halt, cache_misses = 48402
preemptive halt, cache_misses = 48402
preemptive halt, cache_misses = 48402
preemptive halt, cache_misses = 48402
preemptive halt, cache_misses = 48402
preemptive halt, cache_misses = 48402
preemptive halt, cache_misses = 48402
preemptive halt, cache_misses = 48402
preemptive halt, cache_misses = 48402
preemptive halt, cache_misses = 48402
preemptive halt, cache_misses = 48402
preemptive halt, cache_misses = 48402
preemptive halt, cache_misses = 48402
preemptive halt, cache_misses = 48402
preemptive halt, cache_misses = 48402
preemptive halt, cache_misses = 48402
preemptive halt, cache_misses = 48402
preemptive halt, cache_misses = 48402
preemptive halt, cache_misses = 48402
preemptive halt, cache_misses = 48402
preemptive halt, cache_misses = 48402
preemptive halt, cache_misses = 48402
preemptive halt, cache_misses = 48402
preemptive halt, cache_misses = 48402
preemptive halt, cache_misses = 48402
preemptive halt, cache_misses = 48402
preemptive halt, cache_misses = 48402
preemptive halt, cache_misses = 48402
preemptive halt, cache_misses = 48402
preemptive halt, cache_misses = 48402
preemptive halt, cache_misses = 48402
preemptive halt, cache_misses = 48402
preemptive halt, cache_misses = 48402
preemptive halt, cache_misses = 48402
preemptive halt, cache_misses = 48402
preemptive halt, cache_misses = 48402
preemptive halt, cache_misses = 48402
preemptive halt, cache_misses = 48402
preemptive halt, cache_misses = 48402
preemptive halt, cache_misses = 48402
preemptive halt, cache_misses = 48402
preemptive halt, cache_misses = 48402
preemptive halt, cache_misses = 48402
preemptive halt, cache_misses = 48402
preemptive halt, cache_misses = 48402
preemptive halt, cache_misses = 48402
preemptive halt, cache_misses = 48402
preemptive halt, cache_misses = 48402
preemptive halt, cache_misses = 48402
preemptive halt, cache_misses = 48402
preemptive halt, cache_misses = 48402
preemptive halt, cache_misses = 48402
preemptive halt, cache_misses = 48402
preemptive halt, cache_misses = 48402
preemptive halt, cache_misses = 48402
preemptive halt, cache_misses = 48402
preemptive halt, cache_misses = 48402
preemptive halt, cache_misses = 48402
preemptive halt, cache_misses = 48402
preemptive halt, cache_misses = 48402
preemptive halt, cache_misses = 48402
preemptive halt, cache_misses = 48402
preemptive halt, cache_misses = 48402
preemptive halt, cache_misses = 48402
preemptive halt, cache_misses = 48402
preemptive halt, cache_misses = 48402
preemptive halt, cache_misses = 48402
preemptive halt, cache_misses = 48402
preemptive halt, cache_misses = 48402
preemptive halt, cache_misses = 48402
binary search, size 17500  misses 48402  min 15000  max 20000
preemptive halt, cache_misses = 48403
preemptive halt, cache_misses = 48403
preemptive halt, cache_misses = 48403
preemptive halt, cache_misses = 48403
preemptive halt, cache_misses = 48403
preemptive halt, cache_misses = 48403
preemptive halt, cache_misses = 48403
preemptive halt, cache_misses = 48403
preemptive halt, cache_misses = 48403
preemptive halt, cache_misses = 48403
preemptive halt, cache_misses = 48403
preemptive halt, cache_misses = 48403
preemptive halt, cache_misses = 48403
preemptive halt, cache_misses = 48403
preemptive halt, cache_misses = 48403
preemptive halt, cache_misses = 48403
preemptive halt, cache_misses = 48403
preemptive halt, cache_misses = 48403
preemptive halt, cache_misses = 48403
preemptive halt, cache_misses = 48403
preemptive halt, cache_misses = 48403
preemptive halt, cache_misses = 48403
preemptive halt, cache_misses = 48403
preemptive halt, cache_misses = 48403
preemptive halt, cache_misses = 48403
preemptive halt, cache_misses = 48403
preemptive halt, cache_misses = 48403
preemptive halt, cache_misses = 48403
preemptive halt, cache_misses = 48403
preemptive halt, cache_misses = 48403
preemptive halt, cache_misses = 48403
preemptive halt, cache_misses = 48403
preemptive halt, cache_misses = 48403
preemptive halt, cache_misses = 48403
preemptive halt, cache_misses = 48403
preemptive halt, cache_misses = 48403
preemptive halt, cache_misses = 48403
preemptive halt, cache_misses = 48403
preemptive halt, cache_misses = 48403
preemptive halt, cache_misses = 48403
preemptive halt, cache_misses = 48403
preemptive halt, cache_misses = 48403
preemptive halt, cache_misses = 48403
preemptive halt, cache_misses = 48403
preemptive halt, cache_misses = 48403
preemptive halt, cache_misses = 48403
preemptive halt, cache_misses = 48403
preemptive halt, cache_misses = 48403
preemptive halt, cache_misses = 48403
preemptive halt, cache_misses = 48403
preemptive halt, cache_misses = 48403
preemptive halt, cache_misses = 48403
preemptive halt, cache_misses = 48403
preemptive halt, cache_misses = 48403
preemptive halt, cache_misses = 48403
preemptive halt, cache_misses = 48403
preemptive halt, cache_misses = 48403
preemptive halt, cache_misses = 48403
preemptive halt, cache_misses = 48403
preemptive halt, cache_misses = 48403
preemptive halt, cache_misses = 48403
preemptive halt, cache_misses = 48403
preemptive halt, cache_misses = 48403
preemptive halt, cache_misses = 48403
preemptive halt, cache_misses = 48403
preemptive halt, cache_misses = 48403
preemptive halt, cache_misses = 48403
preemptive halt, cache_misses = 48403
preemptive halt, cache_misses = 48403
preemptive halt, cache_misses = 48403
preemptive halt, cache_misses = 48403
preemptive halt, cache_misses = 48403
preemptive halt, cache_misses = 48403
preemptive halt, cache_misses = 48403
preemptive halt, cache_misses = 48403
preemptive halt, cache_misses = 48403
preemptive halt, cache_misses = 48403
preemptive halt, cache_misses = 48403
preemptive halt, cache_misses = 48403
preemptive halt, cache_misses = 48403
preemptive halt, cache_misses = 48403
preemptive halt, cache_misses = 48403
preemptive halt, cache_misses = 48403
preemptive halt, cache_misses = 48403
preemptive halt, cache_misses = 48403
preemptive halt, cache_misses = 48403
preemptive halt, cache_misses = 48403
preemptive halt, cache_misses = 48403
preemptive halt, cache_misses = 48403
preemptive halt, cache_misses = 48403
preemptive halt, cache_misses = 48403
preemptive halt, cache_misses = 48403
preemptive halt, cache_misses = 48403
preemptive halt, cache_misses = 48403
binary search, size 18750  misses 48403  min 17500  max 20000
preemptive halt, cache_misses = 48404
preemptive halt, cache_misses = 48404
preemptive halt, cache_misses = 48404
preemptive halt, cache_misses = 48404
preemptive halt, cache_misses = 48404
preemptive halt, cache_misses = 48404
preemptive halt, cache_misses = 48404
preemptive halt, cache_misses = 48404
preemptive halt, cache_misses = 48404
preemptive halt, cache_misses = 48404
preemptive halt, cache_misses = 48404
preemptive halt, cache_misses = 48404
preemptive halt, cache_misses = 48404
preemptive halt, cache_misses = 48404
preemptive halt, cache_misses = 48404
preemptive halt, cache_misses = 48404
preemptive halt, cache_misses = 48404
preemptive halt, cache_misses = 48404
preemptive halt, cache_misses = 48404
preemptive halt, cache_misses = 48404
preemptive halt, cache_misses = 48404
preemptive halt, cache_misses = 48404
preemptive halt, cache_misses = 48404
preemptive halt, cache_misses = 48404
preemptive halt, cache_misses = 48404
preemptive halt, cache_misses = 48404
preemptive halt, cache_misses = 48404
preemptive halt, cache_misses = 48404
preemptive halt, cache_misses = 48404
preemptive halt, cache_misses = 48404
preemptive halt, cache_misses = 48404
preemptive halt, cache_misses = 48404
preemptive halt, cache_misses = 48404
preemptive halt, cache_misses = 48404
preemptive halt, cache_misses = 48404
preemptive halt, cache_misses = 48404
preemptive halt, cache_misses = 48404
preemptive halt, cache_misses = 48404
preemptive halt, cache_misses = 48404
preemptive halt, cache_misses = 48404
preemptive halt, cache_misses = 48404
preemptive halt, cache_misses = 48404
preemptive halt, cache_misses = 48404
preemptive halt, cache_misses = 48404
preemptive halt, cache_misses = 48404
preemptive halt, cache_misses = 48404
preemptive halt, cache_misses = 48404
preemptive halt, cache_misses = 48404
preemptive halt, cache_misses = 48404
preemptive halt, cache_misses = 48404
preemptive halt, cache_misses = 48404
preemptive halt, cache_misses = 48404
preemptive halt, cache_misses = 48404
preemptive halt, cache_misses = 48404
preemptive halt, cache_misses = 48404
preemptive halt, cache_misses = 48404
preemptive halt, cache_misses = 48404
preemptive halt, cache_misses = 48404
preemptive halt, cache_misses = 48404
preemptive halt, cache_misses = 48404
preemptive halt, cache_misses = 48404
preemptive halt, cache_misses = 48404
preemptive halt, cache_misses = 48404
preemptive halt, cache_misses = 48404
preemptive halt, cache_misses = 48404
preemptive halt, cache_misses = 48404
preemptive halt, cache_misses = 48404
preemptive halt, cache_misses = 48404
preemptive halt, cache_misses = 48404
preemptive halt, cache_misses = 48404
preemptive halt, cache_misses = 48404
preemptive halt, cache_misses = 48404
preemptive halt, cache_misses = 48404
preemptive halt, cache_misses = 48404
preemptive halt, cache_misses = 48404
preemptive halt, cache_misses = 48404
preemptive halt, cache_misses = 48404
preemptive halt, cache_misses = 48404
preemptive halt, cache_misses = 48404
preemptive halt, cache_misses = 48404
preemptive halt, cache_misses = 48404
preemptive halt, cache_misses = 48404
preemptive halt, cache_misses = 48404
preemptive halt, cache_misses = 48404
preemptive halt, cache_misses = 48404
preemptive halt, cache_misses = 48404
preemptive halt, cache_misses = 48404
preemptive halt, cache_misses = 48404
preemptive halt, cache_misses = 48404
preemptive halt, cache_misses = 48404
preemptive halt, cache_misses = 48404
preemptive halt, cache_misses = 48404
preemptive halt, cache_misses = 48404
preemptive halt, cache_misses = 48404
preemptive halt, cache_misses = 48404
preemptive halt, cache_misses = 48404
binary search, size 19375  misses 48404  min 18750  max 20000
binary search, size 19687  misses 48399  min 19375  max 20000
binary search, size 19531  misses 48399  min 19375  max 19687
binary search, size 19453  misses 48399  min 19375  max 19531
binary search, size 19414  misses 48399  min 19375  max 19453
preemptive halt, cache_misses = 48400
preemptive halt, cache_misses = 48400
preemptive halt, cache_misses = 48400
preemptive halt, cache_misses = 48400
preemptive halt, cache_misses = 48400
preemptive halt, cache_misses = 48400
preemptive halt, cache_misses = 48400
preemptive halt, cache_misses = 48400
preemptive halt, cache_misses = 48400
preemptive halt, cache_misses = 48400
preemptive halt, cache_misses = 48400
preemptive halt, cache_misses = 48400
preemptive halt, cache_misses = 48400
preemptive halt, cache_misses = 48400
preemptive halt, cache_misses = 48400
preemptive halt, cache_misses = 48400
preemptive halt, cache_misses = 48400
preemptive halt, cache_misses = 48400
preemptive halt, cache_misses = 48400
preemptive halt, cache_misses = 48400
preemptive halt, cache_misses = 48400
preemptive halt, cache_misses = 48400
preemptive halt, cache_misses = 48400
preemptive halt, cache_misses = 48400
preemptive halt, cache_misses = 48400
preemptive halt, cache_misses = 48400
preemptive halt, cache_misses = 48400
preemptive halt, cache_misses = 48400
preemptive halt, cache_misses = 48400
preemptive halt, cache_misses = 48400
preemptive halt, cache_misses = 48400
preemptive halt, cache_misses = 48400
preemptive halt, cache_misses = 48400
preemptive halt, cache_misses = 48400
preemptive halt, cache_misses = 48400
preemptive halt, cache_misses = 48400
preemptive halt, cache_misses = 48400
preemptive halt, cache_misses = 48400
preemptive halt, cache_misses = 48400
preemptive halt, cache_misses = 48400
preemptive halt, cache_misses = 48400
preemptive halt, cache_misses = 48400
preemptive halt, cache_misses = 48400
preemptive halt, cache_misses = 48400
preemptive halt, cache_misses = 48400
preemptive halt, cache_misses = 48400
preemptive halt, cache_misses = 48400
preemptive halt, cache_misses = 48400
preemptive halt, cache_misses = 48400
preemptive halt, cache_misses = 48400
preemptive halt, cache_misses = 48400
preemptive halt, cache_misses = 48400
preemptive halt, cache_misses = 48400
preemptive halt, cache_misses = 48400
preemptive halt, cache_misses = 48400
preemptive halt, cache_misses = 48400
preemptive halt, cache_misses = 48400
preemptive halt, cache_misses = 48400
preemptive halt, cache_misses = 48400
preemptive halt, cache_misses = 48400
preemptive halt, cache_misses = 48400
preemptive halt, cache_misses = 48400
preemptive halt, cache_misses = 48400
preemptive halt, cache_misses = 48400
preemptive halt, cache_misses = 48400
preemptive halt, cache_misses = 48400
preemptive halt, cache_misses = 48400
preemptive halt, cache_misses = 48400
preemptive halt, cache_misses = 48400
preemptive halt, cache_misses = 48400
preemptive halt, cache_misses = 48400
preemptive halt, cache_misses = 48400
preemptive halt, cache_misses = 48400
preemptive halt, cache_misses = 48400
preemptive halt, cache_misses = 48400
preemptive halt, cache_misses = 48400
preemptive halt, cache_misses = 48400
preemptive halt, cache_misses = 48400
preemptive halt, cache_misses = 48400
preemptive halt, cache_misses = 48400
preemptive halt, cache_misses = 48400
preemptive halt, cache_misses = 48400
preemptive halt, cache_misses = 48400
preemptive halt, cache_misses = 48400
preemptive halt, cache_misses = 48400
preemptive halt, cache_misses = 48400
preemptive halt, cache_misses = 48400
preemptive halt, cache_misses = 48400
binary search, size 19394  misses 48400  min 19375  max 19414
binary search, size 19404  misses 48399  min 19394  max 19414
preemptive halt, cache_misses = 48400
preemptive halt, cache_misses = 48400
preemptive halt, cache_misses = 48400
preemptive halt, cache_misses = 48400
preemptive halt, cache_misses = 48400
preemptive halt, cache_misses = 48400
preemptive halt, cache_misses = 48400
preemptive halt, cache_misses = 48400
preemptive halt, cache_misses = 48400
preemptive halt, cache_misses = 48400
preemptive halt, cache_misses = 48400
preemptive halt, cache_misses = 48400
preemptive halt, cache_misses = 48400
preemptive halt, cache_misses = 48400
preemptive halt, cache_misses = 48400
preemptive halt, cache_misses = 48400
preemptive halt, cache_misses = 48400
preemptive halt, cache_misses = 48400
preemptive halt, cache_misses = 48400
preemptive halt, cache_misses = 48400
preemptive halt, cache_misses = 48400
preemptive halt, cache_misses = 48400
preemptive halt, cache_misses = 48400
preemptive halt, cache_misses = 48400
preemptive halt, cache_misses = 48400
preemptive halt, cache_misses = 48400
preemptive halt, cache_misses = 48400
preemptive halt, cache_misses = 48400
preemptive halt, cache_misses = 48400
preemptive halt, cache_misses = 48400
preemptive halt, cache_misses = 48400
preemptive halt, cache_misses = 48400
preemptive halt, cache_misses = 48400
preemptive halt, cache_misses = 48400
preemptive halt, cache_misses = 48400
preemptive halt, cache_misses = 48400
preemptive halt, cache_misses = 48400
preemptive halt, cache_misses = 48400
preemptive halt, cache_misses = 48400
preemptive halt, cache_misses = 48400
preemptive halt, cache_misses = 48400
preemptive halt, cache_misses = 48400
preemptive halt, cache_misses = 48400
preemptive halt, cache_misses = 48400
preemptive halt, cache_misses = 48400
preemptive halt, cache_misses = 48400
preemptive halt, cache_misses = 48400
preemptive halt, cache_misses = 48400
preemptive halt, cache_misses = 48400
preemptive halt, cache_misses = 48400
preemptive halt, cache_misses = 48400
preemptive halt, cache_misses = 48400
preemptive halt, cache_misses = 48400
preemptive halt, cache_misses = 48400
preemptive halt, cache_misses = 48400
preemptive halt, cache_misses = 48400
preemptive halt, cache_misses = 48400
preemptive halt, cache_misses = 48400
preemptive halt, cache_misses = 48400
preemptive halt, cache_misses = 48400
preemptive halt, cache_misses = 48400
preemptive halt, cache_misses = 48400
preemptive halt, cache_misses = 48400
preemptive halt, cache_misses = 48400
preemptive halt, cache_misses = 48400
preemptive halt, cache_misses = 48400
preemptive halt, cache_misses = 48400
preemptive halt, cache_misses = 48400
preemptive halt, cache_misses = 48400
preemptive halt, cache_misses = 48400
preemptive halt, cache_misses = 48400
preemptive halt, cache_misses = 48400
preemptive halt, cache_misses = 48400
preemptive halt, cache_misses = 48400
preemptive halt, cache_misses = 48400
preemptive halt, cache_misses = 48400
preemptive halt, cache_misses = 48400
preemptive halt, cache_misses = 48400
preemptive halt, cache_misses = 48400
preemptive halt, cache_misses = 48400
preemptive halt, cache_misses = 48400
preemptive halt, cache_misses = 48400
preemptive halt, cache_misses = 48400
preemptive halt, cache_misses = 48400
preemptive halt, cache_misses = 48400
preemptive halt, cache_misses = 48400
preemptive halt, cache_misses = 48400
preemptive halt, cache_misses = 48400
binary search, size 19399  misses 48400  min 19394  max 19404
preemptive halt, cache_misses = 48401
preemptive halt, cache_misses = 48401
preemptive halt, cache_misses = 48401
preemptive halt, cache_misses = 48401
preemptive halt, cache_misses = 48401
preemptive halt, cache_misses = 48401
preemptive halt, cache_misses = 48401
preemptive halt, cache_misses = 48401
preemptive halt, cache_misses = 48401
preemptive halt, cache_misses = 48401
preemptive halt, cache_misses = 48401
preemptive halt, cache_misses = 48401
preemptive halt, cache_misses = 48401
preemptive halt, cache_misses = 48401
preemptive halt, cache_misses = 48401
preemptive halt, cache_misses = 48401
preemptive halt, cache_misses = 48401
preemptive halt, cache_misses = 48401
preemptive halt, cache_misses = 48401
preemptive halt, cache_misses = 48401
preemptive halt, cache_misses = 48401
preemptive halt, cache_misses = 48401
preemptive halt, cache_misses = 48401
preemptive halt, cache_misses = 48401
preemptive halt, cache_misses = 48401
preemptive halt, cache_misses = 48401
preemptive halt, cache_misses = 48401
preemptive halt, cache_misses = 48401
preemptive halt, cache_misses = 48401
preemptive halt, cache_misses = 48401
preemptive halt, cache_misses = 48401
preemptive halt, cache_misses = 48401
preemptive halt, cache_misses = 48401
preemptive halt, cache_misses = 48401
preemptive halt, cache_misses = 48401
preemptive halt, cache_misses = 48401
preemptive halt, cache_misses = 48401
preemptive halt, cache_misses = 48401
preemptive halt, cache_misses = 48401
preemptive halt, cache_misses = 48401
preemptive halt, cache_misses = 48401
preemptive halt, cache_misses = 48401
preemptive halt, cache_misses = 48401
preemptive halt, cache_misses = 48401
preemptive halt, cache_misses = 48401
preemptive halt, cache_misses = 48401
preemptive halt, cache_misses = 48401
preemptive halt, cache_misses = 48401
preemptive halt, cache_misses = 48401
preemptive halt, cache_misses = 48401
preemptive halt, cache_misses = 48401
preemptive halt, cache_misses = 48401
preemptive halt, cache_misses = 48401
preemptive halt, cache_misses = 48401
preemptive halt, cache_misses = 48401
preemptive halt, cache_misses = 48401
preemptive halt, cache_misses = 48401
preemptive halt, cache_misses = 48401
preemptive halt, cache_misses = 48401
preemptive halt, cache_misses = 48401
preemptive halt, cache_misses = 48401
preemptive halt, cache_misses = 48401
preemptive halt, cache_misses = 48401
preemptive halt, cache_misses = 48401
preemptive halt, cache_misses = 48401
preemptive halt, cache_misses = 48401
preemptive halt, cache_misses = 48401
preemptive halt, cache_misses = 48401
preemptive halt, cache_misses = 48401
preemptive halt, cache_misses = 48401
preemptive halt, cache_misses = 48401
preemptive halt, cache_misses = 48401
preemptive halt, cache_misses = 48401
preemptive halt, cache_misses = 48401
preemptive halt, cache_misses = 48401
preemptive halt, cache_misses = 48401
preemptive halt, cache_misses = 48401
preemptive halt, cache_misses = 48401
preemptive halt, cache_misses = 48401
preemptive halt, cache_misses = 48401
preemptive halt, cache_misses = 48401
preemptive halt, cache_misses = 48401
preemptive halt, cache_misses = 48401
preemptive halt, cache_misses = 48401
preemptive halt, cache_misses = 48401
preemptive halt, cache_misses = 48401
preemptive halt, cache_misses = 48401
preemptive halt, cache_misses = 48401
preemptive halt, cache_misses = 48401
preemptive halt, cache_misses = 48401
binary search, size 19401  misses 48401  min 19399  max 19404
preemptive halt, cache_misses = 48402
preemptive halt, cache_misses = 48402
preemptive halt, cache_misses = 48402
preemptive halt, cache_misses = 48402
preemptive halt, cache_misses = 48402
preemptive halt, cache_misses = 48402
preemptive halt, cache_misses = 48402
preemptive halt, cache_misses = 48402
preemptive halt, cache_misses = 48402
preemptive halt, cache_misses = 48402
preemptive halt, cache_misses = 48402
preemptive halt, cache_misses = 48402
preemptive halt, cache_misses = 48402
preemptive halt, cache_misses = 48402
preemptive halt, cache_misses = 48402
preemptive halt, cache_misses = 48402
preemptive halt, cache_misses = 48402
preemptive halt, cache_misses = 48402
preemptive halt, cache_misses = 48402
preemptive halt, cache_misses = 48402
preemptive halt, cache_misses = 48402
preemptive halt, cache_misses = 48402
preemptive halt, cache_misses = 48402
preemptive halt, cache_misses = 48402
preemptive halt, cache_misses = 48402
preemptive halt, cache_misses = 48402
preemptive halt, cache_misses = 48402
preemptive halt, cache_misses = 48402
preemptive halt, cache_misses = 48402
preemptive halt, cache_misses = 48402
preemptive halt, cache_misses = 48402
preemptive halt, cache_misses = 48402
preemptive halt, cache_misses = 48402
preemptive halt, cache_misses = 48402
preemptive halt, cache_misses = 48402
preemptive halt, cache_misses = 48402
preemptive halt, cache_misses = 48402
preemptive halt, cache_misses = 48402
preemptive halt, cache_misses = 48402
preemptive halt, cache_misses = 48402
preemptive halt, cache_misses = 48402
preemptive halt, cache_misses = 48402
preemptive halt, cache_misses = 48402
preemptive halt, cache_misses = 48402
preemptive halt, cache_misses = 48402
preemptive halt, cache_misses = 48402
preemptive halt, cache_misses = 48402
preemptive halt, cache_misses = 48402
preemptive halt, cache_misses = 48402
preemptive halt, cache_misses = 48402
preemptive halt, cache_misses = 48402
preemptive halt, cache_misses = 48402
preemptive halt, cache_misses = 48402
preemptive halt, cache_misses = 48402
preemptive halt, cache_misses = 48402
preemptive halt, cache_misses = 48402
preemptive halt, cache_misses = 48402
preemptive halt, cache_misses = 48402
preemptive halt, cache_misses = 48402
preemptive halt, cache_misses = 48402
preemptive halt, cache_misses = 48402
preemptive halt, cache_misses = 48402
preemptive halt, cache_misses = 48402
preemptive halt, cache_misses = 48402
preemptive halt, cache_misses = 48402
preemptive halt, cache_misses = 48402
preemptive halt, cache_misses = 48402
preemptive halt, cache_misses = 48402
preemptive halt, cache_misses = 48402
preemptive halt, cache_misses = 48402
preemptive halt, cache_misses = 48402
preemptive halt, cache_misses = 48402
preemptive halt, cache_misses = 48402
preemptive halt, cache_misses = 48402
preemptive halt, cache_misses = 48402
preemptive halt, cache_misses = 48402
preemptive halt, cache_misses = 48402
preemptive halt, cache_misses = 48402
preemptive halt, cache_misses = 48402
preemptive halt, cache_misses = 48402
preemptive halt, cache_misses = 48402
preemptive halt, cache_misses = 48402
preemptive halt, cache_misses = 48402
preemptive halt, cache_misses = 48402
preemptive halt, cache_misses = 48402
preemptive halt, cache_misses = 48402
preemptive halt, cache_misses = 48402
preemptive halt, cache_misses = 48402
preemptive halt, cache_misses = 48402
preemptive halt, cache_misses = 48402
preemptive halt, cache_misses = 48402
preemptive halt, cache_misses = 48402
binary search, size 19402  misses 48402  min 19401  max 19404
binary search, size 19403  misses 48399  min 19402  max 19404
characteristic cache size (binary search) for 219 = 19403
End at: 2021-04-02 15:56:23.590585
Time elapsed: 0:00:01.088160
