Begin at: 2021-04-02 15:56:41.735972
['../dist/Debug/GNU-Linux/memo_batch_tester', '', '--mbt_execution_trace_fname', 'olcs4_traceback_csize_input_types/OLCS4_lru_2021_04_02__15_55_02_k_3__d_2_cache_size_160000_problems_10_to_400/OLCS4_lru_2021_04_02__15_55_02_k_3__d_2_cache_size_160000_problems_10_to_400/OLCS4__do_traceback_prob_size_238_cache_size_160000_lru_k_3_d_2_execution_trace_2021_4_2_15_56_41_pid_20011.log', '--mbt_cache_misses_fname', 'olcs4_traceback_csize_input_types/OLCS4_lru_2021_04_02__15_55_02_k_3__d_2_cache_size_160000_problems_10_to_400/lcs_cost_OLCS4_lru_misses_for_cache_size.csv', '--mbt_misses_for_problem_size_fname', 'olcs4_traceback_csize_input_types/OLCS4_lru_2021_04_02__15_55_02_k_3__d_2_cache_size_160000_problems_10_to_400/lcs_cost_OLCS4_lru_misses_for_problem_size.csv', '--mbt_exact_cutoff_min_cache_size', '160000', '--mbt_exact_cutoff_max_cache_size', '160000', '--mbt_problem_type', 'lcs', '--mbt_metric_type', 'csize_binary_search', '--mbt_cutoff_ratio', '2.2', '--mbt_instance_fname', '238', '--mbt_detailed_cache_misses_out_fname', 'csize_olcs4_traceback_0011n_ceil_n_b_5.csv', '--mbt_phi_N', '5.0', '--mbt_problem_size', '238', '--lcs_compute_length', '0', '--lcs_perform_traceback', '1', '--lig_instance_type', '0011n_ceil_n_b', '--lig_n', '238', '--lig_c', '0.9', '--lig_b', '5.0', '--lcs_oblivious', '4', '--lcs_execution_trace_fname', 'olcs4_traceback_csize_input_types/OLCS4_lru_2021_04_02__15_55_02_k_3__d_2_cache_size_160000_problems_10_to_400/OLCS4_lru_2021_04_02__15_55_02_k_3__d_2_cache_size_160000_problems_10_to_400/OLCS4__do_traceback_prob_size_238_cache_size_160000_lru_k_3_d_2_execution_trace_2021_4_2_15_56_41_pid_20011.log', '--memo_caching_strategy', 'lru', '--memo_cache_size', '160001', '--memo_lru_queue_size', '160000', '--memo_cuckoo_k', '4', '--memo_key_length', '8', '--memo_value_length', '8', '--memo_k_timestamps', '3', '--memo_d_recent_timestamps', '2', '--memo_a_items_per_timestamp_factor', '0.4375']

csize_binary_search chosen
lcs problem_type lcs cache_size 160001
initialize_long_int_cache begin
init_memo
arguments to memo:
 --mbt_execution_trace_fname olcs4_traceback_csize_input_types/OLCS4_lru_2021_04_02__15_55_02_k_3__d_2_cache_size_160000_problems_10_to_400/OLCS4_lru_2021_04_02__15_55_02_k_3__d_2_cache_size_160000_problems_10_to_400/OLCS4__do_traceback_prob_size_238_cache_size_160000_lru_k_3_d_2_execution_trace_2021_4_2_15_56_41_pid_20011.log --mbt_cache_misses_fname olcs4_traceback_csize_input_types/OLCS4_lru_2021_04_02__15_55_02_k_3__d_2_cache_size_160000_problems_10_to_400/lcs_cost_OLCS4_lru_misses_for_cache_size.csv --mbt_misses_for_problem_size_fname olcs4_traceback_csize_input_types/OLCS4_lru_2021_04_02__15_55_02_k_3__d_2_cache_size_160000_problems_10_to_400/lcs_cost_OLCS4_lru_misses_for_problem_size.csv --mbt_exact_cutoff_min_cache_size 160000 --mbt_exact_cutoff_max_cache_size 160000 --mbt_problem_type lcs --mbt_metric_type csize_binary_search --mbt_cutoff_ratio 2.2 --mbt_instance_fname 238 --mbt_detailed_cache_misses_out_fname csize_olcs4_traceback_0011n_ceil_n_b_5.csv --mbt_phi_N 5.0 --mbt_problem_size 238 --lcs_compute_length 0 --lcs_perform_traceback 1 --lig_instance_type 0011n_ceil_n_b --lig_n 238 --lig_c 0.9 --lig_b 5.0 --lcs_oblivious 4 --lcs_execution_trace_fname olcs4_traceback_csize_input_types/OLCS4_lru_2021_04_02__15_55_02_k_3__d_2_cache_size_160000_problems_10_to_400/OLCS4_lru_2021_04_02__15_55_02_k_3__d_2_cache_size_160000_problems_10_to_400/OLCS4__do_traceback_prob_size_238_cache_size_160000_lru_k_3_d_2_execution_trace_2021_4_2_15_56_41_pid_20011.log --memo_caching_strategy lru --memo_cache_size 160001 --memo_lru_queue_size 160000 --memo_cuckoo_k 4 --memo_key_length 8 --memo_value_length 8 --memo_k_timestamps 3 --memo_d_recent_timestamps 2 --memo_a_items_per_timestamp_factor 0.4375 
calculate_table_size: table_size is 262144, original is 160001
Finished initializing cache
initialize_long_int_cache end
done initializing cache
initializing problem
done initializing problem
commence trials
Starting characteristic_cache_size_binary_search with max cache size 160001
binary search, size 160001  misses 57120
binary search, size 80000  misses 57120  min 0  max 160001
binary search, size 40000  misses 57120  min 0  max 80000
preemptive halt, cache_misses = 57121
preemptive halt, cache_misses = 57121
preemptive halt, cache_misses = 57121
preemptive halt, cache_misses = 57121
preemptive halt, cache_misses = 57121
preemptive halt, cache_misses = 57121
preemptive halt, cache_misses = 57121
preemptive halt, cache_misses = 57121
preemptive halt, cache_misses = 57121
preemptive halt, cache_misses = 57121
preemptive halt, cache_misses = 57121
preemptive halt, cache_misses = 57121
preemptive halt, cache_misses = 57121
preemptive halt, cache_misses = 57121
preemptive halt, cache_misses = 57121
preemptive halt, cache_misses = 57121
preemptive halt, cache_misses = 57121
preemptive halt, cache_misses = 57121
preemptive halt, cache_misses = 57121
preemptive halt, cache_misses = 57121
preemptive halt, cache_misses = 57121
preemptive halt, cache_misses = 57121
preemptive halt, cache_misses = 57121
preemptive halt, cache_misses = 57121
preemptive halt, cache_misses = 57121
preemptive halt, cache_misses = 57121
preemptive halt, cache_misses = 57121
preemptive halt, cache_misses = 57121
preemptive halt, cache_misses = 57121
preemptive halt, cache_misses = 57121
preemptive halt, cache_misses = 57121
preemptive halt, cache_misses = 57121
preemptive halt, cache_misses = 57121
preemptive halt, cache_misses = 57121
preemptive halt, cache_misses = 57121
preemptive halt, cache_misses = 57121
preemptive halt, cache_misses = 57121
preemptive halt, cache_misses = 57121
preemptive halt, cache_misses = 57121
preemptive halt, cache_misses = 57121
preemptive halt, cache_misses = 57121
preemptive halt, cache_misses = 57121
preemptive halt, cache_misses = 57121
preemptive halt, cache_misses = 57121
preemptive halt, cache_misses = 57121
preemptive halt, cache_misses = 57121
preemptive halt, cache_misses = 57121
preemptive halt, cache_misses = 57121
preemptive halt, cache_misses = 57121
preemptive halt, cache_misses = 57121
preemptive halt, cache_misses = 57121
preemptive halt, cache_misses = 57121
preemptive halt, cache_misses = 57121
preemptive halt, cache_misses = 57121
preemptive halt, cache_misses = 57121
preemptive halt, cache_misses = 57121
preemptive halt, cache_misses = 57121
preemptive halt, cache_misses = 57121
preemptive halt, cache_misses = 57121
preemptive halt, cache_misses = 57121
preemptive halt, cache_misses = 57121
preemptive halt, cache_misses = 57121
preemptive halt, cache_misses = 57121
preemptive halt, cache_misses = 57121
preemptive halt, cache_misses = 57121
preemptive halt, cache_misses = 57121
preemptive halt, cache_misses = 57121
preemptive halt, cache_misses = 57121
preemptive halt, cache_misses = 57121
preemptive halt, cache_misses = 57121
preemptive halt, cache_misses = 57121
preemptive halt, cache_misses = 57121
preemptive halt, cache_misses = 57121
preemptive halt, cache_misses = 57121
preemptive halt, cache_misses = 57121
preemptive halt, cache_misses = 57121
preemptive halt, cache_misses = 57121
preemptive halt, cache_misses = 57121
preemptive halt, cache_misses = 57121
preemptive halt, cache_misses = 57121
preemptive halt, cache_misses = 57121
preemptive halt, cache_misses = 57121
preemptive halt, cache_misses = 57121
preemptive halt, cache_misses = 57121
preemptive halt, cache_misses = 57121
preemptive halt, cache_misses = 57121
preemptive halt, cache_misses = 57121
preemptive halt, cache_misses = 57121
preemptive halt, cache_misses = 57121
preemptive halt, cache_misses = 57121
preemptive halt, cache_misses = 57121
preemptive halt, cache_misses = 57121
preemptive halt, cache_misses = 57121
preemptive halt, cache_misses = 57121
binary search, size 20000  misses 57121  min 0  max 40000
binary search, size 30000  misses 57120  min 20000  max 40000
binary search, size 25000  misses 57120  min 20000  max 30000
preemptive halt, cache_misses = 57121
preemptive halt, cache_misses = 57121
preemptive halt, cache_misses = 57121
preemptive halt, cache_misses = 57121
preemptive halt, cache_misses = 57121
preemptive halt, cache_misses = 57121
preemptive halt, cache_misses = 57121
preemptive halt, cache_misses = 57121
preemptive halt, cache_misses = 57121
preemptive halt, cache_misses = 57121
preemptive halt, cache_misses = 57121
preemptive halt, cache_misses = 57121
preemptive halt, cache_misses = 57121
preemptive halt, cache_misses = 57121
preemptive halt, cache_misses = 57121
preemptive halt, cache_misses = 57121
preemptive halt, cache_misses = 57121
preemptive halt, cache_misses = 57121
preemptive halt, cache_misses = 57121
preemptive halt, cache_misses = 57121
preemptive halt, cache_misses = 57121
preemptive halt, cache_misses = 57121
preemptive halt, cache_misses = 57121
preemptive halt, cache_misses = 57121
preemptive halt, cache_misses = 57121
preemptive halt, cache_misses = 57121
preemptive halt, cache_misses = 57121
preemptive halt, cache_misses = 57121
preemptive halt, cache_misses = 57121
preemptive halt, cache_misses = 57121
preemptive halt, cache_misses = 57121
preemptive halt, cache_misses = 57121
preemptive halt, cache_misses = 57121
preemptive halt, cache_misses = 57121
preemptive halt, cache_misses = 57121
preemptive halt, cache_misses = 57121
preemptive halt, cache_misses = 57121
preemptive halt, cache_misses = 57121
preemptive halt, cache_misses = 57121
preemptive halt, cache_misses = 57121
preemptive halt, cache_misses = 57121
preemptive halt, cache_misses = 57121
preemptive halt, cache_misses = 57121
preemptive halt, cache_misses = 57121
preemptive halt, cache_misses = 57121
preemptive halt, cache_misses = 57121
preemptive halt, cache_misses = 57121
preemptive halt, cache_misses = 57121
preemptive halt, cache_misses = 57121
preemptive halt, cache_misses = 57121
preemptive halt, cache_misses = 57121
preemptive halt, cache_misses = 57121
preemptive halt, cache_misses = 57121
preemptive halt, cache_misses = 57121
preemptive halt, cache_misses = 57121
preemptive halt, cache_misses = 57121
preemptive halt, cache_misses = 57121
preemptive halt, cache_misses = 57121
preemptive halt, cache_misses = 57121
preemptive halt, cache_misses = 57121
preemptive halt, cache_misses = 57121
preemptive halt, cache_misses = 57121
preemptive halt, cache_misses = 57121
preemptive halt, cache_misses = 57121
preemptive halt, cache_misses = 57121
preemptive halt, cache_misses = 57121
preemptive halt, cache_misses = 57121
preemptive halt, cache_misses = 57121
preemptive halt, cache_misses = 57121
preemptive halt, cache_misses = 57121
preemptive halt, cache_misses = 57121
preemptive halt, cache_misses = 57121
preemptive halt, cache_misses = 57121
preemptive halt, cache_misses = 57121
preemptive halt, cache_misses = 57121
preemptive halt, cache_misses = 57121
preemptive halt, cache_misses = 57121
preemptive halt, cache_misses = 57121
preemptive halt, cache_misses = 57121
preemptive halt, cache_misses = 57121
preemptive halt, cache_misses = 57121
preemptive halt, cache_misses = 57121
preemptive halt, cache_misses = 57121
preemptive halt, cache_misses = 57121
preemptive halt, cache_misses = 57121
preemptive halt, cache_misses = 57121
preemptive halt, cache_misses = 57121
preemptive halt, cache_misses = 57121
preemptive halt, cache_misses = 57121
preemptive halt, cache_misses = 57121
preemptive halt, cache_misses = 57121
preemptive halt, cache_misses = 57121
preemptive halt, cache_misses = 57121
preemptive halt, cache_misses = 57121
binary search, size 22500  misses 57121  min 20000  max 25000
binary search, size 23750  misses 57120  min 22500  max 25000
binary search, size 23125  misses 57120  min 22500  max 23750
binary search, size 22812  misses 57120  min 22500  max 23125
preemptive halt, cache_misses = 57121
preemptive halt, cache_misses = 57121
preemptive halt, cache_misses = 57121
preemptive halt, cache_misses = 57121
preemptive halt, cache_misses = 57121
preemptive halt, cache_misses = 57121
preemptive halt, cache_misses = 57121
preemptive halt, cache_misses = 57121
preemptive halt, cache_misses = 57121
preemptive halt, cache_misses = 57121
preemptive halt, cache_misses = 57121
preemptive halt, cache_misses = 57121
preemptive halt, cache_misses = 57121
preemptive halt, cache_misses = 57121
preemptive halt, cache_misses = 57121
preemptive halt, cache_misses = 57121
preemptive halt, cache_misses = 57121
preemptive halt, cache_misses = 57121
preemptive halt, cache_misses = 57121
preemptive halt, cache_misses = 57121
preemptive halt, cache_misses = 57121
preemptive halt, cache_misses = 57121
preemptive halt, cache_misses = 57121
preemptive halt, cache_misses = 57121
preemptive halt, cache_misses = 57121
preemptive halt, cache_misses = 57121
preemptive halt, cache_misses = 57121
preemptive halt, cache_misses = 57121
preemptive halt, cache_misses = 57121
preemptive halt, cache_misses = 57121
preemptive halt, cache_misses = 57121
preemptive halt, cache_misses = 57121
preemptive halt, cache_misses = 57121
preemptive halt, cache_misses = 57121
preemptive halt, cache_misses = 57121
preemptive halt, cache_misses = 57121
preemptive halt, cache_misses = 57121
preemptive halt, cache_misses = 57121
preemptive halt, cache_misses = 57121
preemptive halt, cache_misses = 57121
preemptive halt, cache_misses = 57121
preemptive halt, cache_misses = 57121
preemptive halt, cache_misses = 57121
preemptive halt, cache_misses = 57121
preemptive halt, cache_misses = 57121
preemptive halt, cache_misses = 57121
preemptive halt, cache_misses = 57121
preemptive halt, cache_misses = 57121
preemptive halt, cache_misses = 57121
preemptive halt, cache_misses = 57121
preemptive halt, cache_misses = 57121
preemptive halt, cache_misses = 57121
preemptive halt, cache_misses = 57121
preemptive halt, cache_misses = 57121
preemptive halt, cache_misses = 57121
preemptive halt, cache_misses = 57121
preemptive halt, cache_misses = 57121
preemptive halt, cache_misses = 57121
preemptive halt, cache_misses = 57121
preemptive halt, cache_misses = 57121
preemptive halt, cache_misses = 57121
preemptive halt, cache_misses = 57121
preemptive halt, cache_misses = 57121
preemptive halt, cache_misses = 57121
preemptive halt, cache_misses = 57121
preemptive halt, cache_misses = 57121
preemptive halt, cache_misses = 57121
preemptive halt, cache_misses = 57121
preemptive halt, cache_misses = 57121
preemptive halt, cache_misses = 57121
preemptive halt, cache_misses = 57121
preemptive halt, cache_misses = 57121
preemptive halt, cache_misses = 57121
preemptive halt, cache_misses = 57121
preemptive halt, cache_misses = 57121
preemptive halt, cache_misses = 57121
preemptive halt, cache_misses = 57121
preemptive halt, cache_misses = 57121
preemptive halt, cache_misses = 57121
preemptive halt, cache_misses = 57121
preemptive halt, cache_misses = 57121
preemptive halt, cache_misses = 57121
preemptive halt, cache_misses = 57121
preemptive halt, cache_misses = 57121
preemptive halt, cache_misses = 57121
preemptive halt, cache_misses = 57121
preemptive halt, cache_misses = 57121
preemptive halt, cache_misses = 57121
preemptive halt, cache_misses = 57121
preemptive halt, cache_misses = 57121
preemptive halt, cache_misses = 57121
preemptive halt, cache_misses = 57121
preemptive halt, cache_misses = 57121
preemptive halt, cache_misses = 57121
binary search, size 22656  misses 57121  min 22500  max 22812
preemptive halt, cache_misses = 57122
preemptive halt, cache_misses = 57122
preemptive halt, cache_misses = 57122
preemptive halt, cache_misses = 57122
preemptive halt, cache_misses = 57122
preemptive halt, cache_misses = 57122
preemptive halt, cache_misses = 57122
preemptive halt, cache_misses = 57122
preemptive halt, cache_misses = 57122
preemptive halt, cache_misses = 57122
preemptive halt, cache_misses = 57122
preemptive halt, cache_misses = 57122
preemptive halt, cache_misses = 57122
preemptive halt, cache_misses = 57122
preemptive halt, cache_misses = 57122
preemptive halt, cache_misses = 57122
preemptive halt, cache_misses = 57122
preemptive halt, cache_misses = 57122
preemptive halt, cache_misses = 57122
preemptive halt, cache_misses = 57122
preemptive halt, cache_misses = 57122
preemptive halt, cache_misses = 57122
preemptive halt, cache_misses = 57122
preemptive halt, cache_misses = 57122
preemptive halt, cache_misses = 57122
preemptive halt, cache_misses = 57122
preemptive halt, cache_misses = 57122
preemptive halt, cache_misses = 57122
preemptive halt, cache_misses = 57122
preemptive halt, cache_misses = 57122
preemptive halt, cache_misses = 57122
preemptive halt, cache_misses = 57122
preemptive halt, cache_misses = 57122
preemptive halt, cache_misses = 57122
preemptive halt, cache_misses = 57122
preemptive halt, cache_misses = 57122
preemptive halt, cache_misses = 57122
preemptive halt, cache_misses = 57122
preemptive halt, cache_misses = 57122
preemptive halt, cache_misses = 57122
preemptive halt, cache_misses = 57122
preemptive halt, cache_misses = 57122
preemptive halt, cache_misses = 57122
preemptive halt, cache_misses = 57122
preemptive halt, cache_misses = 57122
preemptive halt, cache_misses = 57122
preemptive halt, cache_misses = 57122
preemptive halt, cache_misses = 57122
preemptive halt, cache_misses = 57122
preemptive halt, cache_misses = 57122
preemptive halt, cache_misses = 57122
preemptive halt, cache_misses = 57122
preemptive halt, cache_misses = 57122
preemptive halt, cache_misses = 57122
preemptive halt, cache_misses = 57122
preemptive halt, cache_misses = 57122
preemptive halt, cache_misses = 57122
preemptive halt, cache_misses = 57122
preemptive halt, cache_misses = 57122
preemptive halt, cache_misses = 57122
preemptive halt, cache_misses = 57122
preemptive halt, cache_misses = 57122
preemptive halt, cache_misses = 57122
preemptive halt, cache_misses = 57122
preemptive halt, cache_misses = 57122
preemptive halt, cache_misses = 57122
preemptive halt, cache_misses = 57122
preemptive halt, cache_misses = 57122
preemptive halt, cache_misses = 57122
preemptive halt, cache_misses = 57122
preemptive halt, cache_misses = 57122
preemptive halt, cache_misses = 57122
preemptive halt, cache_misses = 57122
preemptive halt, cache_misses = 57122
preemptive halt, cache_misses = 57122
preemptive halt, cache_misses = 57122
preemptive halt, cache_misses = 57122
preemptive halt, cache_misses = 57122
preemptive halt, cache_misses = 57122
preemptive halt, cache_misses = 57122
preemptive halt, cache_misses = 57122
preemptive halt, cache_misses = 57122
preemptive halt, cache_misses = 57122
preemptive halt, cache_misses = 57122
preemptive halt, cache_misses = 57122
preemptive halt, cache_misses = 57122
preemptive halt, cache_misses = 57122
preemptive halt, cache_misses = 57122
preemptive halt, cache_misses = 57122
preemptive halt, cache_misses = 57122
preemptive halt, cache_misses = 57122
preemptive halt, cache_misses = 57122
preemptive halt, cache_misses = 57122
preemptive halt, cache_misses = 57122
preemptive halt, cache_misses = 57122
preemptive halt, cache_misses = 57122
binary search, size 22734  misses 57122  min 22656  max 22812
binary search, size 22773  misses 57120  min 22734  max 22812
binary search, size 22753  misses 57120  min 22734  max 22773
preemptive halt, cache_misses = 57121
preemptive halt, cache_misses = 57121
preemptive halt, cache_misses = 57121
preemptive halt, cache_misses = 57121
preemptive halt, cache_misses = 57121
preemptive halt, cache_misses = 57121
preemptive halt, cache_misses = 57121
preemptive halt, cache_misses = 57121
preemptive halt, cache_misses = 57121
preemptive halt, cache_misses = 57121
preemptive halt, cache_misses = 57121
preemptive halt, cache_misses = 57121
preemptive halt, cache_misses = 57121
preemptive halt, cache_misses = 57121
preemptive halt, cache_misses = 57121
preemptive halt, cache_misses = 57121
preemptive halt, cache_misses = 57121
preemptive halt, cache_misses = 57121
preemptive halt, cache_misses = 57121
preemptive halt, cache_misses = 57121
preemptive halt, cache_misses = 57121
preemptive halt, cache_misses = 57121
preemptive halt, cache_misses = 57121
preemptive halt, cache_misses = 57121
preemptive halt, cache_misses = 57121
preemptive halt, cache_misses = 57121
preemptive halt, cache_misses = 57121
preemptive halt, cache_misses = 57121
preemptive halt, cache_misses = 57121
preemptive halt, cache_misses = 57121
preemptive halt, cache_misses = 57121
preemptive halt, cache_misses = 57121
preemptive halt, cache_misses = 57121
preemptive halt, cache_misses = 57121
preemptive halt, cache_misses = 57121
preemptive halt, cache_misses = 57121
preemptive halt, cache_misses = 57121
preemptive halt, cache_misses = 57121
preemptive halt, cache_misses = 57121
preemptive halt, cache_misses = 57121
preemptive halt, cache_misses = 57121
preemptive halt, cache_misses = 57121
preemptive halt, cache_misses = 57121
preemptive halt, cache_misses = 57121
preemptive halt, cache_misses = 57121
preemptive halt, cache_misses = 57121
preemptive halt, cache_misses = 57121
preemptive halt, cache_misses = 57121
preemptive halt, cache_misses = 57121
preemptive halt, cache_misses = 57121
preemptive halt, cache_misses = 57121
preemptive halt, cache_misses = 57121
preemptive halt, cache_misses = 57121
preemptive halt, cache_misses = 57121
preemptive halt, cache_misses = 57121
preemptive halt, cache_misses = 57121
preemptive halt, cache_misses = 57121
preemptive halt, cache_misses = 57121
preemptive halt, cache_misses = 57121
preemptive halt, cache_misses = 57121
preemptive halt, cache_misses = 57121
preemptive halt, cache_misses = 57121
preemptive halt, cache_misses = 57121
preemptive halt, cache_misses = 57121
preemptive halt, cache_misses = 57121
preemptive halt, cache_misses = 57121
preemptive halt, cache_misses = 57121
preemptive halt, cache_misses = 57121
preemptive halt, cache_misses = 57121
preemptive halt, cache_misses = 57121
preemptive halt, cache_misses = 57121
preemptive halt, cache_misses = 57121
preemptive halt, cache_misses = 57121
preemptive halt, cache_misses = 57121
preemptive halt, cache_misses = 57121
preemptive halt, cache_misses = 57121
preemptive halt, cache_misses = 57121
preemptive halt, cache_misses = 57121
preemptive halt, cache_misses = 57121
preemptive halt, cache_misses = 57121
preemptive halt, cache_misses = 57121
preemptive halt, cache_misses = 57121
preemptive halt, cache_misses = 57121
preemptive halt, cache_misses = 57121
preemptive halt, cache_misses = 57121
preemptive halt, cache_misses = 57121
preemptive halt, cache_misses = 57121
preemptive halt, cache_misses = 57121
preemptive halt, cache_misses = 57121
preemptive halt, cache_misses = 57121
preemptive halt, cache_misses = 57121
preemptive halt, cache_misses = 57121
preemptive halt, cache_misses = 57121
preemptive halt, cache_misses = 57121
binary search, size 22743  misses 57121  min 22734  max 22753
preemptive halt, cache_misses = 57122
preemptive halt, cache_misses = 57122
preemptive halt, cache_misses = 57122
preemptive halt, cache_misses = 57122
preemptive halt, cache_misses = 57122
preemptive halt, cache_misses = 57122
preemptive halt, cache_misses = 57122
preemptive halt, cache_misses = 57122
preemptive halt, cache_misses = 57122
preemptive halt, cache_misses = 57122
preemptive halt, cache_misses = 57122
preemptive halt, cache_misses = 57122
preemptive halt, cache_misses = 57122
preemptive halt, cache_misses = 57122
preemptive halt, cache_misses = 57122
preemptive halt, cache_misses = 57122
preemptive halt, cache_misses = 57122
preemptive halt, cache_misses = 57122
preemptive halt, cache_misses = 57122
preemptive halt, cache_misses = 57122
preemptive halt, cache_misses = 57122
preemptive halt, cache_misses = 57122
preemptive halt, cache_misses = 57122
preemptive halt, cache_misses = 57122
preemptive halt, cache_misses = 57122
preemptive halt, cache_misses = 57122
preemptive halt, cache_misses = 57122
preemptive halt, cache_misses = 57122
preemptive halt, cache_misses = 57122
preemptive halt, cache_misses = 57122
preemptive halt, cache_misses = 57122
preemptive halt, cache_misses = 57122
preemptive halt, cache_misses = 57122
preemptive halt, cache_misses = 57122
preemptive halt, cache_misses = 57122
preemptive halt, cache_misses = 57122
preemptive halt, cache_misses = 57122
preemptive halt, cache_misses = 57122
preemptive halt, cache_misses = 57122
preemptive halt, cache_misses = 57122
preemptive halt, cache_misses = 57122
preemptive halt, cache_misses = 57122
preemptive halt, cache_misses = 57122
preemptive halt, cache_misses = 57122
preemptive halt, cache_misses = 57122
preemptive halt, cache_misses = 57122
preemptive halt, cache_misses = 57122
preemptive halt, cache_misses = 57122
preemptive halt, cache_misses = 57122
preemptive halt, cache_misses = 57122
preemptive halt, cache_misses = 57122
preemptive halt, cache_misses = 57122
preemptive halt, cache_misses = 57122
preemptive halt, cache_misses = 57122
preemptive halt, cache_misses = 57122
preemptive halt, cache_misses = 57122
preemptive halt, cache_misses = 57122
preemptive halt, cache_misses = 57122
preemptive halt, cache_misses = 57122
preemptive halt, cache_misses = 57122
preemptive halt, cache_misses = 57122
preemptive halt, cache_misses = 57122
preemptive halt, cache_misses = 57122
preemptive halt, cache_misses = 57122
preemptive halt, cache_misses = 57122
preemptive halt, cache_misses = 57122
preemptive halt, cache_misses = 57122
preemptive halt, cache_misses = 57122
preemptive halt, cache_misses = 57122
preemptive halt, cache_misses = 57122
preemptive halt, cache_misses = 57122
preemptive halt, cache_misses = 57122
preemptive halt, cache_misses = 57122
preemptive halt, cache_misses = 57122
preemptive halt, cache_misses = 57122
preemptive halt, cache_misses = 57122
preemptive halt, cache_misses = 57122
preemptive halt, cache_misses = 57122
preemptive halt, cache_misses = 57122
preemptive halt, cache_misses = 57122
preemptive halt, cache_misses = 57122
preemptive halt, cache_misses = 57122
preemptive halt, cache_misses = 57122
preemptive halt, cache_misses = 57122
preemptive halt, cache_misses = 57122
preemptive halt, cache_misses = 57122
preemptive halt, cache_misses = 57122
preemptive halt, cache_misses = 57122
preemptive halt, cache_misses = 57122
preemptive halt, cache_misses = 57122
preemptive halt, cache_misses = 57122
preemptive halt, cache_misses = 57122
preemptive halt, cache_misses = 57122
preemptive halt, cache_misses = 57122
preemptive halt, cache_misses = 57122
preemptive halt, cache_misses = 57122
binary search, size 22748  misses 57122  min 22743  max 22753
preemptive halt, cache_misses = 57123
preemptive halt, cache_misses = 57123
preemptive halt, cache_misses = 57123
preemptive halt, cache_misses = 57123
preemptive halt, cache_misses = 57123
preemptive halt, cache_misses = 57123
preemptive halt, cache_misses = 57123
preemptive halt, cache_misses = 57123
preemptive halt, cache_misses = 57123
preemptive halt, cache_misses = 57123
preemptive halt, cache_misses = 57123
preemptive halt, cache_misses = 57123
preemptive halt, cache_misses = 57123
preemptive halt, cache_misses = 57123
preemptive halt, cache_misses = 57123
preemptive halt, cache_misses = 57123
preemptive halt, cache_misses = 57123
preemptive halt, cache_misses = 57123
preemptive halt, cache_misses = 57123
preemptive halt, cache_misses = 57123
preemptive halt, cache_misses = 57123
preemptive halt, cache_misses = 57123
preemptive halt, cache_misses = 57123
preemptive halt, cache_misses = 57123
preemptive halt, cache_misses = 57123
preemptive halt, cache_misses = 57123
preemptive halt, cache_misses = 57123
preemptive halt, cache_misses = 57123
preemptive halt, cache_misses = 57123
preemptive halt, cache_misses = 57123
preemptive halt, cache_misses = 57123
preemptive halt, cache_misses = 57123
preemptive halt, cache_misses = 57123
preemptive halt, cache_misses = 57123
preemptive halt, cache_misses = 57123
preemptive halt, cache_misses = 57123
preemptive halt, cache_misses = 57123
preemptive halt, cache_misses = 57123
preemptive halt, cache_misses = 57123
preemptive halt, cache_misses = 57123
preemptive halt, cache_misses = 57123
preemptive halt, cache_misses = 57123
preemptive halt, cache_misses = 57123
preemptive halt, cache_misses = 57123
preemptive halt, cache_misses = 57123
preemptive halt, cache_misses = 57123
preemptive halt, cache_misses = 57123
preemptive halt, cache_misses = 57123
preemptive halt, cache_misses = 57123
preemptive halt, cache_misses = 57123
preemptive halt, cache_misses = 57123
preemptive halt, cache_misses = 57123
preemptive halt, cache_misses = 57123
preemptive halt, cache_misses = 57123
preemptive halt, cache_misses = 57123
preemptive halt, cache_misses = 57123
preemptive halt, cache_misses = 57123
preemptive halt, cache_misses = 57123
preemptive halt, cache_misses = 57123
preemptive halt, cache_misses = 57123
preemptive halt, cache_misses = 57123
preemptive halt, cache_misses = 57123
preemptive halt, cache_misses = 57123
preemptive halt, cache_misses = 57123
preemptive halt, cache_misses = 57123
preemptive halt, cache_misses = 57123
preemptive halt, cache_misses = 57123
preemptive halt, cache_misses = 57123
preemptive halt, cache_misses = 57123
preemptive halt, cache_misses = 57123
preemptive halt, cache_misses = 57123
preemptive halt, cache_misses = 57123
preemptive halt, cache_misses = 57123
preemptive halt, cache_misses = 57123
preemptive halt, cache_misses = 57123
preemptive halt, cache_misses = 57123
preemptive halt, cache_misses = 57123
preemptive halt, cache_misses = 57123
preemptive halt, cache_misses = 57123
preemptive halt, cache_misses = 57123
preemptive halt, cache_misses = 57123
preemptive halt, cache_misses = 57123
preemptive halt, cache_misses = 57123
preemptive halt, cache_misses = 57123
preemptive halt, cache_misses = 57123
preemptive halt, cache_misses = 57123
preemptive halt, cache_misses = 57123
preemptive halt, cache_misses = 57123
preemptive halt, cache_misses = 57123
preemptive halt, cache_misses = 57123
preemptive halt, cache_misses = 57123
preemptive halt, cache_misses = 57123
preemptive halt, cache_misses = 57123
preemptive halt, cache_misses = 57123
preemptive halt, cache_misses = 57123
preemptive halt, cache_misses = 57123
preemptive halt, cache_misses = 57123
preemptive halt, cache_misses = 57123
binary search, size 22750  misses 57123  min 22748  max 22753
binary search, size 22751  misses 57120  min 22750  max 22753
characteristic cache size (binary search) for 238 = 22751
End at: 2021-04-02 15:56:42.765185
Time elapsed: 0:00:01.029230
