Begin at: 2021-04-02 01:03:09.919244
['../dist/Debug/GNU-Linux/memo_batch_tester', '', '--mbt_execution_trace_fname', 'olcs4_traceback_csize_input_types/OLCS4_lru_2021_04_02__00_59_39_k_3__d_2_cache_size_160000_problems_10_to_400/OLCS4_lru_2021_04_02__00_59_39_k_3__d_2_cache_size_160000_problems_10_to_400/OLCS4__do_traceback_prob_size_314_cache_size_160000_lru_k_3_d_2_execution_trace_2021_4_2_1_3_9_pid_4846.log', '--mbt_cache_misses_fname', 'olcs4_traceback_csize_input_types/OLCS4_lru_2021_04_02__00_59_39_k_3__d_2_cache_size_160000_problems_10_to_400/lcs_cost_OLCS4_lru_misses_for_cache_size.csv', '--mbt_misses_for_problem_size_fname', 'olcs4_traceback_csize_input_types/OLCS4_lru_2021_04_02__00_59_39_k_3__d_2_cache_size_160000_problems_10_to_400/lcs_cost_OLCS4_lru_misses_for_problem_size.csv', '--mbt_exact_cutoff_min_cache_size', '160000', '--mbt_exact_cutoff_max_cache_size', '160000', '--mbt_problem_type', 'lcs', '--mbt_metric_type', 'csize_binary_search', '--mbt_cutoff_ratio', '2.2', '--mbt_instance_fname', '314', '--mbt_detailed_cache_misses_out_fname', 'csize_olcs4_traceback_0011sqrtn_sqrtn1100.csv', '--mbt_phi_N', '5.0', '--mbt_problem_size', '314', '--lcs_compute_length', '0', '--lcs_perform_traceback', '1', '--lig_instance_type', '0011sqrtn_sqrtn1100', '--lig_n', '314', '--lig_c', '3.0', '--lig_b', '3.0', '--lcs_oblivious', '4', '--lcs_execution_trace_fname', 'olcs4_traceback_csize_input_types/OLCS4_lru_2021_04_02__00_59_39_k_3__d_2_cache_size_160000_problems_10_to_400/OLCS4_lru_2021_04_02__00_59_39_k_3__d_2_cache_size_160000_problems_10_to_400/OLCS4__do_traceback_prob_size_314_cache_size_160000_lru_k_3_d_2_execution_trace_2021_4_2_1_3_9_pid_4846.log', '--memo_caching_strategy', 'lru', '--memo_cache_size', '160001', '--memo_lru_queue_size', '160000', '--memo_cuckoo_k', '4', '--memo_key_length', '8', '--memo_value_length', '8', '--memo_k_timestamps', '3', '--memo_d_recent_timestamps', '2', '--memo_a_items_per_timestamp_factor', '0.4375']

csize_binary_search chosen
lcs problem_type lcs cache_size 160001
initialize_long_int_cache begin
init_memo
arguments to memo:
 --mbt_execution_trace_fname olcs4_traceback_csize_input_types/OLCS4_lru_2021_04_02__00_59_39_k_3__d_2_cache_size_160000_problems_10_to_400/OLCS4_lru_2021_04_02__00_59_39_k_3__d_2_cache_size_160000_problems_10_to_400/OLCS4__do_traceback_prob_size_314_cache_size_160000_lru_k_3_d_2_execution_trace_2021_4_2_1_3_9_pid_4846.log --mbt_cache_misses_fname olcs4_traceback_csize_input_types/OLCS4_lru_2021_04_02__00_59_39_k_3__d_2_cache_size_160000_problems_10_to_400/lcs_cost_OLCS4_lru_misses_for_cache_size.csv --mbt_misses_for_problem_size_fname olcs4_traceback_csize_input_types/OLCS4_lru_2021_04_02__00_59_39_k_3__d_2_cache_size_160000_problems_10_to_400/lcs_cost_OLCS4_lru_misses_for_problem_size.csv --mbt_exact_cutoff_min_cache_size 160000 --mbt_exact_cutoff_max_cache_size 160000 --mbt_problem_type lcs --mbt_metric_type csize_binary_search --mbt_cutoff_ratio 2.2 --mbt_instance_fname 314 --mbt_detailed_cache_misses_out_fname csize_olcs4_traceback_0011sqrtn_sqrtn1100.csv --mbt_phi_N 5.0 --mbt_problem_size 314 --lcs_compute_length 0 --lcs_perform_traceback 1 --lig_instance_type 0011sqrtn_sqrtn1100 --lig_n 314 --lig_c 3.0 --lig_b 3.0 --lcs_oblivious 4 --lcs_execution_trace_fname olcs4_traceback_csize_input_types/OLCS4_lru_2021_04_02__00_59_39_k_3__d_2_cache_size_160000_problems_10_to_400/OLCS4_lru_2021_04_02__00_59_39_k_3__d_2_cache_size_160000_problems_10_to_400/OLCS4__do_traceback_prob_size_314_cache_size_160000_lru_k_3_d_2_execution_trace_2021_4_2_1_3_9_pid_4846.log --memo_caching_strategy lru --memo_cache_size 160001 --memo_lru_queue_size 160000 --memo_cuckoo_k 4 --memo_key_length 8 --memo_value_length 8 --memo_k_timestamps 3 --memo_d_recent_timestamps 2 --memo_a_items_per_timestamp_factor 0.4375 
calculate_table_size: table_size is 262144, original is 160001
Finished initializing cache
initialize_long_int_cache end
done initializing cache
initializing problem
done initializing problem
commence trials
Starting characteristic_cache_size_binary_search with max cache size 160001
binary search, size 160001  misses 99224
binary search, size 80000  misses 99224  min 0  max 160001
binary search, size 40000  misses 99224  min 0  max 80000
binary search, size 20000  misses 99224  min 0  max 40000
binary search, size 10000  misses 99224  min 0  max 20000
preemptive halt, cache_misses = 99225
preemptive halt, cache_misses = 99225
preemptive halt, cache_misses = 99225
preemptive halt, cache_misses = 99225
preemptive halt, cache_misses = 99225
preemptive halt, cache_misses = 99225
preemptive halt, cache_misses = 99225
preemptive halt, cache_misses = 99225
preemptive halt, cache_misses = 99225
preemptive halt, cache_misses = 99225
preemptive halt, cache_misses = 99225
preemptive halt, cache_misses = 99225
preemptive halt, cache_misses = 99225
preemptive halt, cache_misses = 99225
preemptive halt, cache_misses = 99225
preemptive halt, cache_misses = 99225
preemptive halt, cache_misses = 99225
preemptive halt, cache_misses = 99225
binary search, size 5000  misses 99225  min 0  max 10000
preemptive halt, cache_misses = 99226
preemptive halt, cache_misses = 99226
preemptive halt, cache_misses = 99226
preemptive halt, cache_misses = 99226
preemptive halt, cache_misses = 99226
preemptive halt, cache_misses = 99226
preemptive halt, cache_misses = 99226
preemptive halt, cache_misses = 99226
preemptive halt, cache_misses = 99226
preemptive halt, cache_misses = 99226
preemptive halt, cache_misses = 99226
preemptive halt, cache_misses = 99226
preemptive halt, cache_misses = 99226
preemptive halt, cache_misses = 99226
preemptive halt, cache_misses = 99226
preemptive halt, cache_misses = 99226
preemptive halt, cache_misses = 99226
preemptive halt, cache_misses = 99226
preemptive halt, cache_misses = 99226
preemptive halt, cache_misses = 99226
binary search, size 7500  misses 99226  min 5000  max 10000
binary search, size 8750  misses 99224  min 7500  max 10000
preemptive halt, cache_misses = 99225
preemptive halt, cache_misses = 99225
preemptive halt, cache_misses = 99225
preemptive halt, cache_misses = 99225
preemptive halt, cache_misses = 99225
preemptive halt, cache_misses = 99225
preemptive halt, cache_misses = 99225
preemptive halt, cache_misses = 99225
preemptive halt, cache_misses = 99225
preemptive halt, cache_misses = 99225
preemptive halt, cache_misses = 99225
preemptive halt, cache_misses = 99225
preemptive halt, cache_misses = 99225
preemptive halt, cache_misses = 99225
preemptive halt, cache_misses = 99225
preemptive halt, cache_misses = 99225
preemptive halt, cache_misses = 99225
preemptive halt, cache_misses = 99225
binary search, size 8125  misses 99225  min 7500  max 8750
binary search, size 8437  misses 99224  min 8125  max 8750
binary search, size 8281  misses 99224  min 8125  max 8437
binary search, size 8203  misses 99224  min 8125  max 8281
preemptive halt, cache_misses = 99225
preemptive halt, cache_misses = 99225
preemptive halt, cache_misses = 99225
preemptive halt, cache_misses = 99225
preemptive halt, cache_misses = 99225
preemptive halt, cache_misses = 99225
preemptive halt, cache_misses = 99225
preemptive halt, cache_misses = 99225
preemptive halt, cache_misses = 99225
preemptive halt, cache_misses = 99225
preemptive halt, cache_misses = 99225
preemptive halt, cache_misses = 99225
preemptive halt, cache_misses = 99225
preemptive halt, cache_misses = 99225
preemptive halt, cache_misses = 99225
preemptive halt, cache_misses = 99225
preemptive halt, cache_misses = 99225
preemptive halt, cache_misses = 99225
binary search, size 8164  misses 99225  min 8125  max 8203
preemptive halt, cache_misses = 99226
preemptive halt, cache_misses = 99226
preemptive halt, cache_misses = 99226
preemptive halt, cache_misses = 99226
preemptive halt, cache_misses = 99226
preemptive halt, cache_misses = 99226
preemptive halt, cache_misses = 99226
preemptive halt, cache_misses = 99226
preemptive halt, cache_misses = 99226
preemptive halt, cache_misses = 99226
preemptive halt, cache_misses = 99226
preemptive halt, cache_misses = 99226
preemptive halt, cache_misses = 99226
preemptive halt, cache_misses = 99226
preemptive halt, cache_misses = 99226
preemptive halt, cache_misses = 99226
preemptive halt, cache_misses = 99226
preemptive halt, cache_misses = 99226
preemptive halt, cache_misses = 99226
preemptive halt, cache_misses = 99226
binary search, size 8183  misses 99226  min 8164  max 8203
preemptive halt, cache_misses = 99227
preemptive halt, cache_misses = 99227
preemptive halt, cache_misses = 99227
preemptive halt, cache_misses = 99227
preemptive halt, cache_misses = 99227
preemptive halt, cache_misses = 99227
preemptive halt, cache_misses = 99227
preemptive halt, cache_misses = 99227
preemptive halt, cache_misses = 99227
preemptive halt, cache_misses = 99227
preemptive halt, cache_misses = 99227
preemptive halt, cache_misses = 99227
preemptive halt, cache_misses = 99227
preemptive halt, cache_misses = 99227
preemptive halt, cache_misses = 99227
preemptive halt, cache_misses = 99227
preemptive halt, cache_misses = 99227
preemptive halt, cache_misses = 99227
preemptive halt, cache_misses = 99227
preemptive halt, cache_misses = 99227
preemptive halt, cache_misses = 99227
preemptive halt, cache_misses = 99227
binary search, size 8193  misses 99227  min 8183  max 8203
binary search, size 8198  misses 99224  min 8193  max 8203
preemptive halt, cache_misses = 99225
preemptive halt, cache_misses = 99225
preemptive halt, cache_misses = 99225
preemptive halt, cache_misses = 99225
preemptive halt, cache_misses = 99225
preemptive halt, cache_misses = 99225
preemptive halt, cache_misses = 99225
preemptive halt, cache_misses = 99225
preemptive halt, cache_misses = 99225
preemptive halt, cache_misses = 99225
preemptive halt, cache_misses = 99225
preemptive halt, cache_misses = 99225
preemptive halt, cache_misses = 99225
preemptive halt, cache_misses = 99225
preemptive halt, cache_misses = 99225
preemptive halt, cache_misses = 99225
preemptive halt, cache_misses = 99225
preemptive halt, cache_misses = 99225
binary search, size 8195  misses 99225  min 8193  max 8198
preemptive halt, cache_misses = 99226
preemptive halt, cache_misses = 99226
preemptive halt, cache_misses = 99226
preemptive halt, cache_misses = 99226
preemptive halt, cache_misses = 99226
preemptive halt, cache_misses = 99226
preemptive halt, cache_misses = 99226
preemptive halt, cache_misses = 99226
preemptive halt, cache_misses = 99226
preemptive halt, cache_misses = 99226
preemptive halt, cache_misses = 99226
preemptive halt, cache_misses = 99226
preemptive halt, cache_misses = 99226
preemptive halt, cache_misses = 99226
preemptive halt, cache_misses = 99226
preemptive halt, cache_misses = 99226
preemptive halt, cache_misses = 99226
preemptive halt, cache_misses = 99226
preemptive halt, cache_misses = 99226
preemptive halt, cache_misses = 99226
binary search, size 8196  misses 99226  min 8195  max 8198
preemptive halt, cache_misses = 99227
preemptive halt, cache_misses = 99227
preemptive halt, cache_misses = 99227
preemptive halt, cache_misses = 99227
preemptive halt, cache_misses = 99227
preemptive halt, cache_misses = 99227
preemptive halt, cache_misses = 99227
preemptive halt, cache_misses = 99227
preemptive halt, cache_misses = 99227
preemptive halt, cache_misses = 99227
preemptive halt, cache_misses = 99227
preemptive halt, cache_misses = 99227
preemptive halt, cache_misses = 99227
preemptive halt, cache_misses = 99227
preemptive halt, cache_misses = 99227
preemptive halt, cache_misses = 99227
preemptive halt, cache_misses = 99227
preemptive halt, cache_misses = 99227
preemptive halt, cache_misses = 99227
preemptive halt, cache_misses = 99227
preemptive halt, cache_misses = 99227
preemptive halt, cache_misses = 99227
binary search, size 8197  misses 99227  min 8196  max 8198
characteristic cache size (binary search) for 314 = 8198
End at: 2021-04-02 01:03:11.770260
Time elapsed: 0:00:01.851033
