Begin at: 2021-04-02 01:01:18.231504
['../dist/Debug/GNU-Linux/memo_batch_tester', '', '--mbt_execution_trace_fname', 'olcs4_traceback_csize_input_types/OLCS4_lru_2021_04_02__00_59_39_k_3__d_2_cache_size_160000_problems_10_to_400/OLCS4_lru_2021_04_02__00_59_39_k_3__d_2_cache_size_160000_problems_10_to_400/OLCS4__do_traceback_prob_size_236_cache_size_160000_lru_k_3_d_2_execution_trace_2021_4_2_1_1_18_pid_4686.log', '--mbt_cache_misses_fname', 'olcs4_traceback_csize_input_types/OLCS4_lru_2021_04_02__00_59_39_k_3__d_2_cache_size_160000_problems_10_to_400/lcs_cost_OLCS4_lru_misses_for_cache_size.csv', '--mbt_misses_for_problem_size_fname', 'olcs4_traceback_csize_input_types/OLCS4_lru_2021_04_02__00_59_39_k_3__d_2_cache_size_160000_problems_10_to_400/lcs_cost_OLCS4_lru_misses_for_problem_size.csv', '--mbt_exact_cutoff_min_cache_size', '160000', '--mbt_exact_cutoff_max_cache_size', '160000', '--mbt_problem_type', 'lcs', '--mbt_metric_type', 'csize_binary_search', '--mbt_cutoff_ratio', '2.2', '--mbt_instance_fname', '236', '--mbt_detailed_cache_misses_out_fname', 'csize_olcs4_traceback_0011sqrtn_sqrtn1100.csv', '--mbt_phi_N', '5.0', '--mbt_problem_size', '236', '--lcs_compute_length', '0', '--lcs_perform_traceback', '1', '--lig_instance_type', '0011sqrtn_sqrtn1100', '--lig_n', '236', '--lig_c', '3.0', '--lig_b', '3.0', '--lcs_oblivious', '4', '--lcs_execution_trace_fname', 'olcs4_traceback_csize_input_types/OLCS4_lru_2021_04_02__00_59_39_k_3__d_2_cache_size_160000_problems_10_to_400/OLCS4_lru_2021_04_02__00_59_39_k_3__d_2_cache_size_160000_problems_10_to_400/OLCS4__do_traceback_prob_size_236_cache_size_160000_lru_k_3_d_2_execution_trace_2021_4_2_1_1_18_pid_4686.log', '--memo_caching_strategy', 'lru', '--memo_cache_size', '160001', '--memo_lru_queue_size', '160000', '--memo_cuckoo_k', '4', '--memo_key_length', '8', '--memo_value_length', '8', '--memo_k_timestamps', '3', '--memo_d_recent_timestamps', '2', '--memo_a_items_per_timestamp_factor', '0.4375']

csize_binary_search chosen
lcs problem_type lcs cache_size 160001
initialize_long_int_cache begin
init_memo
arguments to memo:
 --mbt_execution_trace_fname olcs4_traceback_csize_input_types/OLCS4_lru_2021_04_02__00_59_39_k_3__d_2_cache_size_160000_problems_10_to_400/OLCS4_lru_2021_04_02__00_59_39_k_3__d_2_cache_size_160000_problems_10_to_400/OLCS4__do_traceback_prob_size_236_cache_size_160000_lru_k_3_d_2_execution_trace_2021_4_2_1_1_18_pid_4686.log --mbt_cache_misses_fname olcs4_traceback_csize_input_types/OLCS4_lru_2021_04_02__00_59_39_k_3__d_2_cache_size_160000_problems_10_to_400/lcs_cost_OLCS4_lru_misses_for_cache_size.csv --mbt_misses_for_problem_size_fname olcs4_traceback_csize_input_types/OLCS4_lru_2021_04_02__00_59_39_k_3__d_2_cache_size_160000_problems_10_to_400/lcs_cost_OLCS4_lru_misses_for_problem_size.csv --mbt_exact_cutoff_min_cache_size 160000 --mbt_exact_cutoff_max_cache_size 160000 --mbt_problem_type lcs --mbt_metric_type csize_binary_search --mbt_cutoff_ratio 2.2 --mbt_instance_fname 236 --mbt_detailed_cache_misses_out_fname csize_olcs4_traceback_0011sqrtn_sqrtn1100.csv --mbt_phi_N 5.0 --mbt_problem_size 236 --lcs_compute_length 0 --lcs_perform_traceback 1 --lig_instance_type 0011sqrtn_sqrtn1100 --lig_n 236 --lig_c 3.0 --lig_b 3.0 --lcs_oblivious 4 --lcs_execution_trace_fname olcs4_traceback_csize_input_types/OLCS4_lru_2021_04_02__00_59_39_k_3__d_2_cache_size_160000_problems_10_to_400/OLCS4_lru_2021_04_02__00_59_39_k_3__d_2_cache_size_160000_problems_10_to_400/OLCS4__do_traceback_prob_size_236_cache_size_160000_lru_k_3_d_2_execution_trace_2021_4_2_1_1_18_pid_4686.log --memo_caching_strategy lru --memo_cache_size 160001 --memo_lru_queue_size 160000 --memo_cuckoo_k 4 --memo_key_length 8 --memo_value_length 8 --memo_k_timestamps 3 --memo_d_recent_timestamps 2 --memo_a_items_per_timestamp_factor 0.4375 
calculate_table_size: table_size is 262144, original is 160001
Finished initializing cache
initialize_long_int_cache end
done initializing cache
initializing problem
done initializing problem
commence trials
Starting characteristic_cache_size_binary_search with max cache size 160001
binary search, size 160001  misses 56168
binary search, size 80000  misses 56168  min 0  max 160001
binary search, size 40000  misses 56168  min 0  max 80000
binary search, size 20000  misses 56168  min 0  max 40000
binary search, size 10000  misses 56168  min 0  max 20000
preemptive halt, cache_misses = 56169
preemptive halt, cache_misses = 56169
preemptive halt, cache_misses = 56169
preemptive halt, cache_misses = 56169
preemptive halt, cache_misses = 56169
preemptive halt, cache_misses = 56169
preemptive halt, cache_misses = 56169
preemptive halt, cache_misses = 56169
preemptive halt, cache_misses = 56169
preemptive halt, cache_misses = 56169
preemptive halt, cache_misses = 56169
preemptive halt, cache_misses = 56169
preemptive halt, cache_misses = 56169
preemptive halt, cache_misses = 56169
preemptive halt, cache_misses = 56169
preemptive halt, cache_misses = 56169
preemptive halt, cache_misses = 56169
preemptive halt, cache_misses = 56169
preemptive halt, cache_misses = 56169
preemptive halt, cache_misses = 56169
preemptive halt, cache_misses = 56169
preemptive halt, cache_misses = 56169
preemptive halt, cache_misses = 56169
preemptive halt, cache_misses = 56169
binary search, size 5000  misses 56169  min 0  max 10000
binary search, size 7500  misses 56168  min 5000  max 10000
preemptive halt, cache_misses = 56169
preemptive halt, cache_misses = 56169
preemptive halt, cache_misses = 56169
preemptive halt, cache_misses = 56169
preemptive halt, cache_misses = 56169
preemptive halt, cache_misses = 56169
preemptive halt, cache_misses = 56169
preemptive halt, cache_misses = 56169
preemptive halt, cache_misses = 56169
preemptive halt, cache_misses = 56169
preemptive halt, cache_misses = 56169
preemptive halt, cache_misses = 56169
preemptive halt, cache_misses = 56169
preemptive halt, cache_misses = 56169
preemptive halt, cache_misses = 56169
preemptive halt, cache_misses = 56169
preemptive halt, cache_misses = 56169
preemptive halt, cache_misses = 56169
preemptive halt, cache_misses = 56169
preemptive halt, cache_misses = 56169
preemptive halt, cache_misses = 56169
preemptive halt, cache_misses = 56169
preemptive halt, cache_misses = 56169
preemptive halt, cache_misses = 56169
binary search, size 6250  misses 56169  min 5000  max 7500
binary search, size 6875  misses 56168  min 6250  max 7500
binary search, size 6562  misses 56168  min 6250  max 6875
preemptive halt, cache_misses = 56169
preemptive halt, cache_misses = 56169
preemptive halt, cache_misses = 56169
preemptive halt, cache_misses = 56169
preemptive halt, cache_misses = 56169
preemptive halt, cache_misses = 56169
preemptive halt, cache_misses = 56169
preemptive halt, cache_misses = 56169
preemptive halt, cache_misses = 56169
preemptive halt, cache_misses = 56169
preemptive halt, cache_misses = 56169
preemptive halt, cache_misses = 56169
preemptive halt, cache_misses = 56169
preemptive halt, cache_misses = 56169
preemptive halt, cache_misses = 56169
preemptive halt, cache_misses = 56169
preemptive halt, cache_misses = 56169
preemptive halt, cache_misses = 56169
preemptive halt, cache_misses = 56169
preemptive halt, cache_misses = 56169
preemptive halt, cache_misses = 56169
preemptive halt, cache_misses = 56169
preemptive halt, cache_misses = 56169
preemptive halt, cache_misses = 56169
binary search, size 6406  misses 56169  min 6250  max 6562
binary search, size 6484  misses 56168  min 6406  max 6562
binary search, size 6445  misses 56168  min 6406  max 6484
binary search, size 6425  misses 56168  min 6406  max 6445
binary search, size 6415  misses 56168  min 6406  max 6425
binary search, size 6410  misses 56168  min 6406  max 6415
preemptive halt, cache_misses = 56169
preemptive halt, cache_misses = 56169
preemptive halt, cache_misses = 56169
preemptive halt, cache_misses = 56169
preemptive halt, cache_misses = 56169
preemptive halt, cache_misses = 56169
preemptive halt, cache_misses = 56169
preemptive halt, cache_misses = 56169
preemptive halt, cache_misses = 56169
preemptive halt, cache_misses = 56169
preemptive halt, cache_misses = 56169
preemptive halt, cache_misses = 56169
preemptive halt, cache_misses = 56169
preemptive halt, cache_misses = 56169
preemptive halt, cache_misses = 56169
preemptive halt, cache_misses = 56169
preemptive halt, cache_misses = 56169
preemptive halt, cache_misses = 56169
preemptive halt, cache_misses = 56169
preemptive halt, cache_misses = 56169
preemptive halt, cache_misses = 56169
preemptive halt, cache_misses = 56169
preemptive halt, cache_misses = 56169
preemptive halt, cache_misses = 56169
binary search, size 6408  misses 56169  min 6406  max 6410
preemptive halt, cache_misses = 56170
preemptive halt, cache_misses = 56170
preemptive halt, cache_misses = 56170
preemptive halt, cache_misses = 56170
preemptive halt, cache_misses = 56170
preemptive halt, cache_misses = 56170
preemptive halt, cache_misses = 56170
preemptive halt, cache_misses = 56170
preemptive halt, cache_misses = 56170
preemptive halt, cache_misses = 56170
preemptive halt, cache_misses = 56170
preemptive halt, cache_misses = 56170
preemptive halt, cache_misses = 56170
preemptive halt, cache_misses = 56170
preemptive halt, cache_misses = 56170
preemptive halt, cache_misses = 56170
preemptive halt, cache_misses = 56170
preemptive halt, cache_misses = 56170
preemptive halt, cache_misses = 56170
preemptive halt, cache_misses = 56170
preemptive halt, cache_misses = 56170
preemptive halt, cache_misses = 56170
preemptive halt, cache_misses = 56170
preemptive halt, cache_misses = 56170
preemptive halt, cache_misses = 56170
preemptive halt, cache_misses = 56170
binary search, size 6409  misses 56170  min 6408  max 6410
characteristic cache size (binary search) for 236 = 6410
End at: 2021-04-02 01:01:19.282011
Time elapsed: 0:00:01.050524
