Begin at: 2021-04-02 01:00:34.363500
['../dist/Debug/GNU-Linux/memo_batch_tester', '', '--mbt_execution_trace_fname', 'olcs4_traceback_csize_input_types/OLCS4_lru_2021_04_02__00_59_39_k_3__d_2_cache_size_160000_problems_10_to_400/OLCS4_lru_2021_04_02__00_59_39_k_3__d_2_cache_size_160000_problems_10_to_400/OLCS4__do_traceback_prob_size_187_cache_size_160000_lru_k_3_d_2_execution_trace_2021_4_2_1_0_34_pid_4584.log', '--mbt_cache_misses_fname', 'olcs4_traceback_csize_input_types/OLCS4_lru_2021_04_02__00_59_39_k_3__d_2_cache_size_160000_problems_10_to_400/lcs_cost_OLCS4_lru_misses_for_cache_size.csv', '--mbt_misses_for_problem_size_fname', 'olcs4_traceback_csize_input_types/OLCS4_lru_2021_04_02__00_59_39_k_3__d_2_cache_size_160000_problems_10_to_400/lcs_cost_OLCS4_lru_misses_for_problem_size.csv', '--mbt_exact_cutoff_min_cache_size', '160000', '--mbt_exact_cutoff_max_cache_size', '160000', '--mbt_problem_type', 'lcs', '--mbt_metric_type', 'csize_binary_search', '--mbt_cutoff_ratio', '2.2', '--mbt_instance_fname', '187', '--mbt_detailed_cache_misses_out_fname', 'csize_olcs4_traceback_0011sqrtn_sqrtn1100.csv', '--mbt_phi_N', '5.0', '--mbt_problem_size', '187', '--lcs_compute_length', '0', '--lcs_perform_traceback', '1', '--lig_instance_type', '0011sqrtn_sqrtn1100', '--lig_n', '187', '--lig_c', '3.0', '--lig_b', '3.0', '--lcs_oblivious', '4', '--lcs_execution_trace_fname', 'olcs4_traceback_csize_input_types/OLCS4_lru_2021_04_02__00_59_39_k_3__d_2_cache_size_160000_problems_10_to_400/OLCS4_lru_2021_04_02__00_59_39_k_3__d_2_cache_size_160000_problems_10_to_400/OLCS4__do_traceback_prob_size_187_cache_size_160000_lru_k_3_d_2_execution_trace_2021_4_2_1_0_34_pid_4584.log', '--memo_caching_strategy', 'lru', '--memo_cache_size', '160001', '--memo_lru_queue_size', '160000', '--memo_cuckoo_k', '4', '--memo_key_length', '8', '--memo_value_length', '8', '--memo_k_timestamps', '3', '--memo_d_recent_timestamps', '2', '--memo_a_items_per_timestamp_factor', '0.4375']

csize_binary_search chosen
lcs problem_type lcs cache_size 160001
initialize_long_int_cache begin
init_memo
arguments to memo:
 --mbt_execution_trace_fname olcs4_traceback_csize_input_types/OLCS4_lru_2021_04_02__00_59_39_k_3__d_2_cache_size_160000_problems_10_to_400/OLCS4_lru_2021_04_02__00_59_39_k_3__d_2_cache_size_160000_problems_10_to_400/OLCS4__do_traceback_prob_size_187_cache_size_160000_lru_k_3_d_2_execution_trace_2021_4_2_1_0_34_pid_4584.log --mbt_cache_misses_fname olcs4_traceback_csize_input_types/OLCS4_lru_2021_04_02__00_59_39_k_3__d_2_cache_size_160000_problems_10_to_400/lcs_cost_OLCS4_lru_misses_for_cache_size.csv --mbt_misses_for_problem_size_fname olcs4_traceback_csize_input_types/OLCS4_lru_2021_04_02__00_59_39_k_3__d_2_cache_size_160000_problems_10_to_400/lcs_cost_OLCS4_lru_misses_for_problem_size.csv --mbt_exact_cutoff_min_cache_size 160000 --mbt_exact_cutoff_max_cache_size 160000 --mbt_problem_type lcs --mbt_metric_type csize_binary_search --mbt_cutoff_ratio 2.2 --mbt_instance_fname 187 --mbt_detailed_cache_misses_out_fname csize_olcs4_traceback_0011sqrtn_sqrtn1100.csv --mbt_phi_N 5.0 --mbt_problem_size 187 --lcs_compute_length 0 --lcs_perform_traceback 1 --lig_instance_type 0011sqrtn_sqrtn1100 --lig_n 187 --lig_c 3.0 --lig_b 3.0 --lcs_oblivious 4 --lcs_execution_trace_fname olcs4_traceback_csize_input_types/OLCS4_lru_2021_04_02__00_59_39_k_3__d_2_cache_size_160000_problems_10_to_400/OLCS4_lru_2021_04_02__00_59_39_k_3__d_2_cache_size_160000_problems_10_to_400/OLCS4__do_traceback_prob_size_187_cache_size_160000_lru_k_3_d_2_execution_trace_2021_4_2_1_0_34_pid_4584.log --memo_caching_strategy lru --memo_cache_size 160001 --memo_lru_queue_size 160000 --memo_cuckoo_k 4 --memo_key_length 8 --memo_value_length 8 --memo_k_timestamps 3 --memo_d_recent_timestamps 2 --memo_a_items_per_timestamp_factor 0.4375 
calculate_table_size: table_size is 262144, original is 160001
Finished initializing cache
initialize_long_int_cache end
done initializing cache
initializing problem
done initializing problem
commence trials
Starting characteristic_cache_size_binary_search with max cache size 160001
binary search, size 160001  misses 35343
binary search, size 80000  misses 35343  min 0  max 160001
binary search, size 40000  misses 35343  min 0  max 80000
binary search, size 20000  misses 35343  min 0  max 40000
binary search, size 10000  misses 35343  min 0  max 20000
binary search, size 5000  misses 35343  min 0  max 10000
preemptive halt, cache_misses = 35344
preemptive halt, cache_misses = 35344
preemptive halt, cache_misses = 35344
preemptive halt, cache_misses = 35344
preemptive halt, cache_misses = 35344
preemptive halt, cache_misses = 35344
preemptive halt, cache_misses = 35344
preemptive halt, cache_misses = 35344
preemptive halt, cache_misses = 35344
preemptive halt, cache_misses = 35344
preemptive halt, cache_misses = 35344
preemptive halt, cache_misses = 35344
binary search, size 2500  misses 35344  min 0  max 5000
binary search, size 3750  misses 35343  min 2500  max 5000
preemptive halt, cache_misses = 35344
preemptive halt, cache_misses = 35344
preemptive halt, cache_misses = 35344
preemptive halt, cache_misses = 35344
preemptive halt, cache_misses = 35344
preemptive halt, cache_misses = 35344
preemptive halt, cache_misses = 35344
preemptive halt, cache_misses = 35344
preemptive halt, cache_misses = 35344
preemptive halt, cache_misses = 35344
preemptive halt, cache_misses = 35344
preemptive halt, cache_misses = 35344
binary search, size 3125  misses 35344  min 2500  max 3750
preemptive halt, cache_misses = 35345
preemptive halt, cache_misses = 35345
preemptive halt, cache_misses = 35345
preemptive halt, cache_misses = 35345
preemptive halt, cache_misses = 35345
preemptive halt, cache_misses = 35345
preemptive halt, cache_misses = 35345
preemptive halt, cache_misses = 35345
preemptive halt, cache_misses = 35345
preemptive halt, cache_misses = 35345
preemptive halt, cache_misses = 35345
preemptive halt, cache_misses = 35345
preemptive halt, cache_misses = 35345
preemptive halt, cache_misses = 35345
binary search, size 3437  misses 35345  min 3125  max 3750
binary search, size 3593  misses 35343  min 3437  max 3750
preemptive halt, cache_misses = 35344
preemptive halt, cache_misses = 35344
preemptive halt, cache_misses = 35344
preemptive halt, cache_misses = 35344
preemptive halt, cache_misses = 35344
preemptive halt, cache_misses = 35344
preemptive halt, cache_misses = 35344
preemptive halt, cache_misses = 35344
preemptive halt, cache_misses = 35344
preemptive halt, cache_misses = 35344
preemptive halt, cache_misses = 35344
preemptive halt, cache_misses = 35344
binary search, size 3515  misses 35344  min 3437  max 3593
preemptive halt, cache_misses = 35345
preemptive halt, cache_misses = 35345
preemptive halt, cache_misses = 35345
preemptive halt, cache_misses = 35345
preemptive halt, cache_misses = 35345
preemptive halt, cache_misses = 35345
preemptive halt, cache_misses = 35345
preemptive halt, cache_misses = 35345
preemptive halt, cache_misses = 35345
preemptive halt, cache_misses = 35345
preemptive halt, cache_misses = 35345
preemptive halt, cache_misses = 35345
preemptive halt, cache_misses = 35345
preemptive halt, cache_misses = 35345
binary search, size 3554  misses 35345  min 3515  max 3593
preemptive halt, cache_misses = 35346
preemptive halt, cache_misses = 35346
preemptive halt, cache_misses = 35346
preemptive halt, cache_misses = 35346
preemptive halt, cache_misses = 35346
preemptive halt, cache_misses = 35346
preemptive halt, cache_misses = 35346
preemptive halt, cache_misses = 35346
preemptive halt, cache_misses = 35346
preemptive halt, cache_misses = 35346
preemptive halt, cache_misses = 35346
preemptive halt, cache_misses = 35346
preemptive halt, cache_misses = 35346
preemptive halt, cache_misses = 35346
preemptive halt, cache_misses = 35346
preemptive halt, cache_misses = 35346
binary search, size 3573  misses 35346  min 3554  max 3593
binary search, size 3583  misses 35343  min 3573  max 3593
binary search, size 3578  misses 35343  min 3573  max 3583
preemptive halt, cache_misses = 35344
preemptive halt, cache_misses = 35344
preemptive halt, cache_misses = 35344
preemptive halt, cache_misses = 35344
preemptive halt, cache_misses = 35344
preemptive halt, cache_misses = 35344
preemptive halt, cache_misses = 35344
preemptive halt, cache_misses = 35344
preemptive halt, cache_misses = 35344
preemptive halt, cache_misses = 35344
preemptive halt, cache_misses = 35344
preemptive halt, cache_misses = 35344
binary search, size 3575  misses 35344  min 3573  max 3578
preemptive halt, cache_misses = 35345
preemptive halt, cache_misses = 35345
preemptive halt, cache_misses = 35345
preemptive halt, cache_misses = 35345
preemptive halt, cache_misses = 35345
preemptive halt, cache_misses = 35345
preemptive halt, cache_misses = 35345
preemptive halt, cache_misses = 35345
preemptive halt, cache_misses = 35345
preemptive halt, cache_misses = 35345
preemptive halt, cache_misses = 35345
preemptive halt, cache_misses = 35345
preemptive halt, cache_misses = 35345
preemptive halt, cache_misses = 35345
binary search, size 3576  misses 35345  min 3575  max 3578
binary search, size 3577  misses 35343  min 3576  max 3578
characteristic cache size (binary search) for 187 = 3577
End at: 2021-04-02 01:00:35.078384
Time elapsed: 0:00:00.714900
