Begin at: 2021-04-02 01:04:40.847139
['../dist/Debug/GNU-Linux/memo_batch_tester', '', '--mbt_execution_trace_fname', 'olcs4_traceback_csize_input_types/OLCS4_lru_2021_04_02__00_59_39_k_3__d_2_cache_size_160000_problems_10_to_400/OLCS4_lru_2021_04_02__00_59_39_k_3__d_2_cache_size_160000_problems_10_to_400/OLCS4__do_traceback_prob_size_358_cache_size_160000_lru_k_3_d_2_execution_trace_2021_4_2_1_4_40_pid_4940.log', '--mbt_cache_misses_fname', 'olcs4_traceback_csize_input_types/OLCS4_lru_2021_04_02__00_59_39_k_3__d_2_cache_size_160000_problems_10_to_400/lcs_cost_OLCS4_lru_misses_for_cache_size.csv', '--mbt_misses_for_problem_size_fname', 'olcs4_traceback_csize_input_types/OLCS4_lru_2021_04_02__00_59_39_k_3__d_2_cache_size_160000_problems_10_to_400/lcs_cost_OLCS4_lru_misses_for_problem_size.csv', '--mbt_exact_cutoff_min_cache_size', '160000', '--mbt_exact_cutoff_max_cache_size', '160000', '--mbt_problem_type', 'lcs', '--mbt_metric_type', 'csize_binary_search', '--mbt_cutoff_ratio', '2.2', '--mbt_instance_fname', '358', '--mbt_detailed_cache_misses_out_fname', 'csize_olcs4_traceback_0011sqrtn_sqrtn1100.csv', '--mbt_phi_N', '5.0', '--mbt_problem_size', '358', '--lcs_compute_length', '0', '--lcs_perform_traceback', '1', '--lig_instance_type', '0011sqrtn_sqrtn1100', '--lig_n', '358', '--lig_c', '3.0', '--lig_b', '3.0', '--lcs_oblivious', '4', '--lcs_execution_trace_fname', 'olcs4_traceback_csize_input_types/OLCS4_lru_2021_04_02__00_59_39_k_3__d_2_cache_size_160000_problems_10_to_400/OLCS4_lru_2021_04_02__00_59_39_k_3__d_2_cache_size_160000_problems_10_to_400/OLCS4__do_traceback_prob_size_358_cache_size_160000_lru_k_3_d_2_execution_trace_2021_4_2_1_4_40_pid_4940.log', '--memo_caching_strategy', 'lru', '--memo_cache_size', '160001', '--memo_lru_queue_size', '160000', '--memo_cuckoo_k', '4', '--memo_key_length', '8', '--memo_value_length', '8', '--memo_k_timestamps', '3', '--memo_d_recent_timestamps', '2', '--memo_a_items_per_timestamp_factor', '0.4375']

csize_binary_search chosen
lcs problem_type lcs cache_size 160001
initialize_long_int_cache begin
init_memo
arguments to memo:
 --mbt_execution_trace_fname olcs4_traceback_csize_input_types/OLCS4_lru_2021_04_02__00_59_39_k_3__d_2_cache_size_160000_problems_10_to_400/OLCS4_lru_2021_04_02__00_59_39_k_3__d_2_cache_size_160000_problems_10_to_400/OLCS4__do_traceback_prob_size_358_cache_size_160000_lru_k_3_d_2_execution_trace_2021_4_2_1_4_40_pid_4940.log --mbt_cache_misses_fname olcs4_traceback_csize_input_types/OLCS4_lru_2021_04_02__00_59_39_k_3__d_2_cache_size_160000_problems_10_to_400/lcs_cost_OLCS4_lru_misses_for_cache_size.csv --mbt_misses_for_problem_size_fname olcs4_traceback_csize_input_types/OLCS4_lru_2021_04_02__00_59_39_k_3__d_2_cache_size_160000_problems_10_to_400/lcs_cost_OLCS4_lru_misses_for_problem_size.csv --mbt_exact_cutoff_min_cache_size 160000 --mbt_exact_cutoff_max_cache_size 160000 --mbt_problem_type lcs --mbt_metric_type csize_binary_search --mbt_cutoff_ratio 2.2 --mbt_instance_fname 358 --mbt_detailed_cache_misses_out_fname csize_olcs4_traceback_0011sqrtn_sqrtn1100.csv --mbt_phi_N 5.0 --mbt_problem_size 358 --lcs_compute_length 0 --lcs_perform_traceback 1 --lig_instance_type 0011sqrtn_sqrtn1100 --lig_n 358 --lig_c 3.0 --lig_b 3.0 --lcs_oblivious 4 --lcs_execution_trace_fname olcs4_traceback_csize_input_types/OLCS4_lru_2021_04_02__00_59_39_k_3__d_2_cache_size_160000_problems_10_to_400/OLCS4_lru_2021_04_02__00_59_39_k_3__d_2_cache_size_160000_problems_10_to_400/OLCS4__do_traceback_prob_size_358_cache_size_160000_lru_k_3_d_2_execution_trace_2021_4_2_1_4_40_pid_4940.log --memo_caching_strategy lru --memo_cache_size 160001 --memo_lru_queue_size 160000 --memo_cuckoo_k 4 --memo_key_length 8 --memo_value_length 8 --memo_k_timestamps 3 --memo_d_recent_timestamps 2 --memo_a_items_per_timestamp_factor 0.4375 
calculate_table_size: table_size is 262144, original is 160001
Finished initializing cache
initialize_long_int_cache end
done initializing cache
initializing problem
done initializing problem
commence trials
Starting characteristic_cache_size_binary_search with max cache size 160001
binary search, size 160001  misses 128880
binary search, size 80000  misses 128880  min 0  max 160001
binary search, size 40000  misses 128880  min 0  max 80000
binary search, size 20000  misses 128880  min 0  max 40000
preemptive halt, cache_misses = 128881
preemptive halt, cache_misses = 128881
preemptive halt, cache_misses = 128881
preemptive halt, cache_misses = 128881
preemptive halt, cache_misses = 128881
preemptive halt, cache_misses = 128881
preemptive halt, cache_misses = 128881
preemptive halt, cache_misses = 128881
preemptive halt, cache_misses = 128881
preemptive halt, cache_misses = 128881
preemptive halt, cache_misses = 128881
preemptive halt, cache_misses = 128881
preemptive halt, cache_misses = 128881
preemptive halt, cache_misses = 128881
preemptive halt, cache_misses = 128881
preemptive halt, cache_misses = 128881
preemptive halt, cache_misses = 128881
preemptive halt, cache_misses = 128881
preemptive halt, cache_misses = 128881
preemptive halt, cache_misses = 128881
preemptive halt, cache_misses = 128881
preemptive halt, cache_misses = 128881
preemptive halt, cache_misses = 128881
preemptive halt, cache_misses = 128881
preemptive halt, cache_misses = 128881
preemptive halt, cache_misses = 128881
preemptive halt, cache_misses = 128881
preemptive halt, cache_misses = 128881
preemptive halt, cache_misses = 128881
preemptive halt, cache_misses = 128881
preemptive halt, cache_misses = 128881
preemptive halt, cache_misses = 128881
preemptive halt, cache_misses = 128881
preemptive halt, cache_misses = 128881
binary search, size 10000  misses 128881  min 0  max 20000
binary search, size 15000  misses 128880  min 10000  max 20000
preemptive halt, cache_misses = 128881
preemptive halt, cache_misses = 128881
preemptive halt, cache_misses = 128881
preemptive halt, cache_misses = 128881
preemptive halt, cache_misses = 128881
preemptive halt, cache_misses = 128881
preemptive halt, cache_misses = 128881
preemptive halt, cache_misses = 128881
preemptive halt, cache_misses = 128881
preemptive halt, cache_misses = 128881
preemptive halt, cache_misses = 128881
preemptive halt, cache_misses = 128881
preemptive halt, cache_misses = 128881
preemptive halt, cache_misses = 128881
preemptive halt, cache_misses = 128881
preemptive halt, cache_misses = 128881
preemptive halt, cache_misses = 128881
preemptive halt, cache_misses = 128881
preemptive halt, cache_misses = 128881
preemptive halt, cache_misses = 128881
preemptive halt, cache_misses = 128881
preemptive halt, cache_misses = 128881
preemptive halt, cache_misses = 128881
preemptive halt, cache_misses = 128881
preemptive halt, cache_misses = 128881
preemptive halt, cache_misses = 128881
preemptive halt, cache_misses = 128881
preemptive halt, cache_misses = 128881
preemptive halt, cache_misses = 128881
preemptive halt, cache_misses = 128881
preemptive halt, cache_misses = 128881
preemptive halt, cache_misses = 128881
preemptive halt, cache_misses = 128881
preemptive halt, cache_misses = 128881
binary search, size 12500  misses 128881  min 10000  max 15000
binary search, size 13750  misses 128880  min 12500  max 15000
binary search, size 13125  misses 128880  min 12500  max 13750
binary search, size 12812  misses 128880  min 12500  max 13125
binary search, size 12656  misses 128880  min 12500  max 12812
preemptive halt, cache_misses = 128881
preemptive halt, cache_misses = 128881
preemptive halt, cache_misses = 128881
preemptive halt, cache_misses = 128881
preemptive halt, cache_misses = 128881
preemptive halt, cache_misses = 128881
preemptive halt, cache_misses = 128881
preemptive halt, cache_misses = 128881
preemptive halt, cache_misses = 128881
preemptive halt, cache_misses = 128881
preemptive halt, cache_misses = 128881
preemptive halt, cache_misses = 128881
preemptive halt, cache_misses = 128881
preemptive halt, cache_misses = 128881
preemptive halt, cache_misses = 128881
preemptive halt, cache_misses = 128881
preemptive halt, cache_misses = 128881
preemptive halt, cache_misses = 128881
preemptive halt, cache_misses = 128881
preemptive halt, cache_misses = 128881
preemptive halt, cache_misses = 128881
preemptive halt, cache_misses = 128881
preemptive halt, cache_misses = 128881
preemptive halt, cache_misses = 128881
preemptive halt, cache_misses = 128881
preemptive halt, cache_misses = 128881
preemptive halt, cache_misses = 128881
preemptive halt, cache_misses = 128881
preemptive halt, cache_misses = 128881
preemptive halt, cache_misses = 128881
preemptive halt, cache_misses = 128881
preemptive halt, cache_misses = 128881
preemptive halt, cache_misses = 128881
preemptive halt, cache_misses = 128881
binary search, size 12578  misses 128881  min 12500  max 12656
binary search, size 12617  misses 128880  min 12578  max 12656
binary search, size 12597  misses 128880  min 12578  max 12617
binary search, size 12587  misses 128880  min 12578  max 12597
binary search, size 12582  misses 128880  min 12578  max 12587
preemptive halt, cache_misses = 128881
preemptive halt, cache_misses = 128881
preemptive halt, cache_misses = 128881
preemptive halt, cache_misses = 128881
preemptive halt, cache_misses = 128881
preemptive halt, cache_misses = 128881
preemptive halt, cache_misses = 128881
preemptive halt, cache_misses = 128881
preemptive halt, cache_misses = 128881
preemptive halt, cache_misses = 128881
preemptive halt, cache_misses = 128881
preemptive halt, cache_misses = 128881
preemptive halt, cache_misses = 128881
preemptive halt, cache_misses = 128881
preemptive halt, cache_misses = 128881
preemptive halt, cache_misses = 128881
preemptive halt, cache_misses = 128881
preemptive halt, cache_misses = 128881
preemptive halt, cache_misses = 128881
preemptive halt, cache_misses = 128881
preemptive halt, cache_misses = 128881
preemptive halt, cache_misses = 128881
preemptive halt, cache_misses = 128881
preemptive halt, cache_misses = 128881
preemptive halt, cache_misses = 128881
preemptive halt, cache_misses = 128881
preemptive halt, cache_misses = 128881
preemptive halt, cache_misses = 128881
preemptive halt, cache_misses = 128881
preemptive halt, cache_misses = 128881
preemptive halt, cache_misses = 128881
preemptive halt, cache_misses = 128881
preemptive halt, cache_misses = 128881
preemptive halt, cache_misses = 128881
binary search, size 12580  misses 128881  min 12578  max 12582
binary search, size 12581  misses 128880  min 12580  max 12582
characteristic cache size (binary search) for 358 = 12581
End at: 2021-04-02 01:04:43.131262
Time elapsed: 0:00:02.284141
