Begin at: 2021-04-02 01:05:40.572934
['../dist/Debug/GNU-Linux/memo_batch_tester', '', '--mbt_execution_trace_fname', 'olcs4_traceback_csize_input_types/OLCS4_lru_2021_04_02__00_59_39_k_3__d_2_cache_size_160000_problems_10_to_400/OLCS4_lru_2021_04_02__00_59_39_k_3__d_2_cache_size_160000_problems_10_to_400/OLCS4__do_traceback_prob_size_382_cache_size_160000_lru_k_3_d_2_execution_trace_2021_4_2_1_5_40_pid_5011.log', '--mbt_cache_misses_fname', 'olcs4_traceback_csize_input_types/OLCS4_lru_2021_04_02__00_59_39_k_3__d_2_cache_size_160000_problems_10_to_400/lcs_cost_OLCS4_lru_misses_for_cache_size.csv', '--mbt_misses_for_problem_size_fname', 'olcs4_traceback_csize_input_types/OLCS4_lru_2021_04_02__00_59_39_k_3__d_2_cache_size_160000_problems_10_to_400/lcs_cost_OLCS4_lru_misses_for_problem_size.csv', '--mbt_exact_cutoff_min_cache_size', '160000', '--mbt_exact_cutoff_max_cache_size', '160000', '--mbt_problem_type', 'lcs', '--mbt_metric_type', 'csize_binary_search', '--mbt_cutoff_ratio', '2.2', '--mbt_instance_fname', '382', '--mbt_detailed_cache_misses_out_fname', 'csize_olcs4_traceback_0011sqrtn_sqrtn1100.csv', '--mbt_phi_N', '5.0', '--mbt_problem_size', '382', '--lcs_compute_length', '0', '--lcs_perform_traceback', '1', '--lig_instance_type', '0011sqrtn_sqrtn1100', '--lig_n', '382', '--lig_c', '3.0', '--lig_b', '3.0', '--lcs_oblivious', '4', '--lcs_execution_trace_fname', 'olcs4_traceback_csize_input_types/OLCS4_lru_2021_04_02__00_59_39_k_3__d_2_cache_size_160000_problems_10_to_400/OLCS4_lru_2021_04_02__00_59_39_k_3__d_2_cache_size_160000_problems_10_to_400/OLCS4__do_traceback_prob_size_382_cache_size_160000_lru_k_3_d_2_execution_trace_2021_4_2_1_5_40_pid_5011.log', '--memo_caching_strategy', 'lru', '--memo_cache_size', '160001', '--memo_lru_queue_size', '160000', '--memo_cuckoo_k', '4', '--memo_key_length', '8', '--memo_value_length', '8', '--memo_k_timestamps', '3', '--memo_d_recent_timestamps', '2', '--memo_a_items_per_timestamp_factor', '0.4375']

csize_binary_search chosen
lcs problem_type lcs cache_size 160001
initialize_long_int_cache begin
init_memo
arguments to memo:
 --mbt_execution_trace_fname olcs4_traceback_csize_input_types/OLCS4_lru_2021_04_02__00_59_39_k_3__d_2_cache_size_160000_problems_10_to_400/OLCS4_lru_2021_04_02__00_59_39_k_3__d_2_cache_size_160000_problems_10_to_400/OLCS4__do_traceback_prob_size_382_cache_size_160000_lru_k_3_d_2_execution_trace_2021_4_2_1_5_40_pid_5011.log --mbt_cache_misses_fname olcs4_traceback_csize_input_types/OLCS4_lru_2021_04_02__00_59_39_k_3__d_2_cache_size_160000_problems_10_to_400/lcs_cost_OLCS4_lru_misses_for_cache_size.csv --mbt_misses_for_problem_size_fname olcs4_traceback_csize_input_types/OLCS4_lru_2021_04_02__00_59_39_k_3__d_2_cache_size_160000_problems_10_to_400/lcs_cost_OLCS4_lru_misses_for_problem_size.csv --mbt_exact_cutoff_min_cache_size 160000 --mbt_exact_cutoff_max_cache_size 160000 --mbt_problem_type lcs --mbt_metric_type csize_binary_search --mbt_cutoff_ratio 2.2 --mbt_instance_fname 382 --mbt_detailed_cache_misses_out_fname csize_olcs4_traceback_0011sqrtn_sqrtn1100.csv --mbt_phi_N 5.0 --mbt_problem_size 382 --lcs_compute_length 0 --lcs_perform_traceback 1 --lig_instance_type 0011sqrtn_sqrtn1100 --lig_n 382 --lig_c 3.0 --lig_b 3.0 --lcs_oblivious 4 --lcs_execution_trace_fname olcs4_traceback_csize_input_types/OLCS4_lru_2021_04_02__00_59_39_k_3__d_2_cache_size_160000_problems_10_to_400/OLCS4_lru_2021_04_02__00_59_39_k_3__d_2_cache_size_160000_problems_10_to_400/OLCS4__do_traceback_prob_size_382_cache_size_160000_lru_k_3_d_2_execution_trace_2021_4_2_1_5_40_pid_5011.log --memo_caching_strategy lru --memo_cache_size 160001 --memo_lru_queue_size 160000 --memo_cuckoo_k 4 --memo_key_length 8 --memo_value_length 8 --memo_k_timestamps 3 --memo_d_recent_timestamps 2 --memo_a_items_per_timestamp_factor 0.4375 
calculate_table_size: table_size is 262144, original is 160001
Finished initializing cache
initialize_long_int_cache end
done initializing cache
initializing problem
done initializing problem
commence trials
Starting characteristic_cache_size_binary_search with max cache size 160001
binary search, size 160001  misses 146688
binary search, size 80000  misses 146688  min 0  max 160001
binary search, size 40000  misses 146688  min 0  max 80000
binary search, size 20000  misses 146688  min 0  max 40000
binary search, size 10000  misses 146688  min 0  max 20000
preemptive halt, cache_misses = 146689
preemptive halt, cache_misses = 146689
preemptive halt, cache_misses = 146689
preemptive halt, cache_misses = 146689
preemptive halt, cache_misses = 146689
preemptive halt, cache_misses = 146689
binary search, size 5000  misses 146689  min 0  max 10000
preemptive halt, cache_misses = 146690
preemptive halt, cache_misses = 146690
preemptive halt, cache_misses = 146690
preemptive halt, cache_misses = 146690
preemptive halt, cache_misses = 146690
preemptive halt, cache_misses = 146690
preemptive halt, cache_misses = 146690
preemptive halt, cache_misses = 146690
binary search, size 7500  misses 146690  min 5000  max 10000
binary search, size 8750  misses 146688  min 7500  max 10000
preemptive halt, cache_misses = 146689
preemptive halt, cache_misses = 146689
preemptive halt, cache_misses = 146689
preemptive halt, cache_misses = 146689
preemptive halt, cache_misses = 146689
preemptive halt, cache_misses = 146689
binary search, size 8125  misses 146689  min 7500  max 8750
binary search, size 8437  misses 146688  min 8125  max 8750
preemptive halt, cache_misses = 146689
preemptive halt, cache_misses = 146689
preemptive halt, cache_misses = 146689
preemptive halt, cache_misses = 146689
preemptive halt, cache_misses = 146689
preemptive halt, cache_misses = 146689
binary search, size 8281  misses 146689  min 8125  max 8437
preemptive halt, cache_misses = 146690
preemptive halt, cache_misses = 146690
preemptive halt, cache_misses = 146690
preemptive halt, cache_misses = 146690
preemptive halt, cache_misses = 146690
preemptive halt, cache_misses = 146690
preemptive halt, cache_misses = 146690
preemptive halt, cache_misses = 146690
binary search, size 8359  misses 146690  min 8281  max 8437
preemptive halt, cache_misses = 146691
preemptive halt, cache_misses = 146691
preemptive halt, cache_misses = 146691
preemptive halt, cache_misses = 146691
preemptive halt, cache_misses = 146691
preemptive halt, cache_misses = 146691
preemptive halt, cache_misses = 146691
preemptive halt, cache_misses = 146691
preemptive halt, cache_misses = 146691
preemptive halt, cache_misses = 146691
binary search, size 8398  misses 146691  min 8359  max 8437
preemptive halt, cache_misses = 146692
preemptive halt, cache_misses = 146692
preemptive halt, cache_misses = 146692
preemptive halt, cache_misses = 146692
preemptive halt, cache_misses = 146692
preemptive halt, cache_misses = 146692
preemptive halt, cache_misses = 146692
preemptive halt, cache_misses = 146692
preemptive halt, cache_misses = 146692
preemptive halt, cache_misses = 146692
preemptive halt, cache_misses = 146692
preemptive halt, cache_misses = 146692
binary search, size 8417  misses 146692  min 8398  max 8437
preemptive halt, cache_misses = 146693
preemptive halt, cache_misses = 146693
preemptive halt, cache_misses = 146693
preemptive halt, cache_misses = 146693
preemptive halt, cache_misses = 146693
preemptive halt, cache_misses = 146693
preemptive halt, cache_misses = 146693
preemptive halt, cache_misses = 146693
preemptive halt, cache_misses = 146693
preemptive halt, cache_misses = 146693
preemptive halt, cache_misses = 146693
preemptive halt, cache_misses = 146693
preemptive halt, cache_misses = 146693
preemptive halt, cache_misses = 146693
binary search, size 8427  misses 146693  min 8417  max 8437
binary search, size 8432  misses 146688  min 8427  max 8437
binary search, size 8429  misses 146688  min 8427  max 8432
binary search, size 8428  misses 146688  min 8427  max 8429
characteristic cache size (binary search) for 382 = 8428
End at: 2021-04-02 01:05:43.141888
Time elapsed: 0:00:02.568970
