Begin at: 2021-04-02 00:59:55.916505
['../dist/Debug/GNU-Linux/memo_batch_tester', '', '--mbt_execution_trace_fname', 'olcs4_traceback_csize_input_types/OLCS4_lru_2021_04_02__00_59_39_k_3__d_2_cache_size_160000_problems_10_to_400/OLCS4_lru_2021_04_02__00_59_39_k_3__d_2_cache_size_160000_problems_10_to_400/OLCS4__do_traceback_prob_size_108_cache_size_160000_lru_k_3_d_2_execution_trace_2021_4_2_0_59_55_pid_4421.log', '--mbt_cache_misses_fname', 'olcs4_traceback_csize_input_types/OLCS4_lru_2021_04_02__00_59_39_k_3__d_2_cache_size_160000_problems_10_to_400/lcs_cost_OLCS4_lru_misses_for_cache_size.csv', '--mbt_misses_for_problem_size_fname', 'olcs4_traceback_csize_input_types/OLCS4_lru_2021_04_02__00_59_39_k_3__d_2_cache_size_160000_problems_10_to_400/lcs_cost_OLCS4_lru_misses_for_problem_size.csv', '--mbt_exact_cutoff_min_cache_size', '160000', '--mbt_exact_cutoff_max_cache_size', '160000', '--mbt_problem_type', 'lcs', '--mbt_metric_type', 'csize_binary_search', '--mbt_cutoff_ratio', '2.2', '--mbt_instance_fname', '108', '--mbt_detailed_cache_misses_out_fname', 'csize_olcs4_traceback_0011sqrtn_sqrtn1100.csv', '--mbt_phi_N', '5.0', '--mbt_problem_size', '108', '--lcs_compute_length', '0', '--lcs_perform_traceback', '1', '--lig_instance_type', '0011sqrtn_sqrtn1100', '--lig_n', '108', '--lig_c', '3.0', '--lig_b', '3.0', '--lcs_oblivious', '4', '--lcs_execution_trace_fname', 'olcs4_traceback_csize_input_types/OLCS4_lru_2021_04_02__00_59_39_k_3__d_2_cache_size_160000_problems_10_to_400/OLCS4_lru_2021_04_02__00_59_39_k_3__d_2_cache_size_160000_problems_10_to_400/OLCS4__do_traceback_prob_size_108_cache_size_160000_lru_k_3_d_2_execution_trace_2021_4_2_0_59_55_pid_4421.log', '--memo_caching_strategy', 'lru', '--memo_cache_size', '160001', '--memo_lru_queue_size', '160000', '--memo_cuckoo_k', '4', '--memo_key_length', '8', '--memo_value_length', '8', '--memo_k_timestamps', '3', '--memo_d_recent_timestamps', '2', '--memo_a_items_per_timestamp_factor', '0.4375']

csize_binary_search chosen
lcs problem_type lcs cache_size 160001
initialize_long_int_cache begin
init_memo
arguments to memo:
 --mbt_execution_trace_fname olcs4_traceback_csize_input_types/OLCS4_lru_2021_04_02__00_59_39_k_3__d_2_cache_size_160000_problems_10_to_400/OLCS4_lru_2021_04_02__00_59_39_k_3__d_2_cache_size_160000_problems_10_to_400/OLCS4__do_traceback_prob_size_108_cache_size_160000_lru_k_3_d_2_execution_trace_2021_4_2_0_59_55_pid_4421.log --mbt_cache_misses_fname olcs4_traceback_csize_input_types/OLCS4_lru_2021_04_02__00_59_39_k_3__d_2_cache_size_160000_problems_10_to_400/lcs_cost_OLCS4_lru_misses_for_cache_size.csv --mbt_misses_for_problem_size_fname olcs4_traceback_csize_input_types/OLCS4_lru_2021_04_02__00_59_39_k_3__d_2_cache_size_160000_problems_10_to_400/lcs_cost_OLCS4_lru_misses_for_problem_size.csv --mbt_exact_cutoff_min_cache_size 160000 --mbt_exact_cutoff_max_cache_size 160000 --mbt_problem_type lcs --mbt_metric_type csize_binary_search --mbt_cutoff_ratio 2.2 --mbt_instance_fname 108 --mbt_detailed_cache_misses_out_fname csize_olcs4_traceback_0011sqrtn_sqrtn1100.csv --mbt_phi_N 5.0 --mbt_problem_size 108 --lcs_compute_length 0 --lcs_perform_traceback 1 --lig_instance_type 0011sqrtn_sqrtn1100 --lig_n 108 --lig_c 3.0 --lig_b 3.0 --lcs_oblivious 4 --lcs_execution_trace_fname olcs4_traceback_csize_input_types/OLCS4_lru_2021_04_02__00_59_39_k_3__d_2_cache_size_160000_problems_10_to_400/OLCS4_lru_2021_04_02__00_59_39_k_3__d_2_cache_size_160000_problems_10_to_400/OLCS4__do_traceback_prob_size_108_cache_size_160000_lru_k_3_d_2_execution_trace_2021_4_2_0_59_55_pid_4421.log --memo_caching_strategy lru --memo_cache_size 160001 --memo_lru_queue_size 160000 --memo_cuckoo_k 4 --memo_key_length 8 --memo_value_length 8 --memo_k_timestamps 3 --memo_d_recent_timestamps 2 --memo_a_items_per_timestamp_factor 0.4375 
calculate_table_size: table_size is 262144, original is 160001
Finished initializing cache
initialize_long_int_cache end
done initializing cache
initializing problem
done initializing problem
commence trials
Starting characteristic_cache_size_binary_search with max cache size 160001
binary search, size 160001  misses 11880
binary search, size 80000  misses 11880  min 0  max 160001
binary search, size 40000  misses 11880  min 0  max 80000
binary search, size 20000  misses 11880  min 0  max 40000
binary search, size 10000  misses 11880  min 0  max 20000
binary search, size 5000  misses 11880  min 0  max 10000
binary search, size 2500  misses 11880  min 0  max 5000
preemptive halt, cache_misses = 11881
preemptive halt, cache_misses = 11881
preemptive halt, cache_misses = 11881
preemptive halt, cache_misses = 11881
preemptive halt, cache_misses = 11881
preemptive halt, cache_misses = 11881
preemptive halt, cache_misses = 11881
preemptive halt, cache_misses = 11881
preemptive halt, cache_misses = 11881
preemptive halt, cache_misses = 11881
preemptive halt, cache_misses = 11881
preemptive halt, cache_misses = 11881
preemptive halt, cache_misses = 11881
preemptive halt, cache_misses = 11881
preemptive halt, cache_misses = 11881
preemptive halt, cache_misses = 11881
preemptive halt, cache_misses = 11881
preemptive halt, cache_misses = 11881
binary search, size 1250  misses 11881  min 0  max 2500
preemptive halt, cache_misses = 11882
preemptive halt, cache_misses = 11882
preemptive halt, cache_misses = 11882
preemptive halt, cache_misses = 11882
preemptive halt, cache_misses = 11882
preemptive halt, cache_misses = 11882
preemptive halt, cache_misses = 11882
preemptive halt, cache_misses = 11882
preemptive halt, cache_misses = 11882
preemptive halt, cache_misses = 11882
preemptive halt, cache_misses = 11882
preemptive halt, cache_misses = 11882
preemptive halt, cache_misses = 11882
preemptive halt, cache_misses = 11882
preemptive halt, cache_misses = 11882
preemptive halt, cache_misses = 11882
preemptive halt, cache_misses = 11882
preemptive halt, cache_misses = 11882
preemptive halt, cache_misses = 11882
preemptive halt, cache_misses = 11882
binary search, size 1875  misses 11882  min 1250  max 2500
binary search, size 2187  misses 11880  min 1875  max 2500
preemptive halt, cache_misses = 11881
preemptive halt, cache_misses = 11881
preemptive halt, cache_misses = 11881
preemptive halt, cache_misses = 11881
preemptive halt, cache_misses = 11881
preemptive halt, cache_misses = 11881
preemptive halt, cache_misses = 11881
preemptive halt, cache_misses = 11881
preemptive halt, cache_misses = 11881
preemptive halt, cache_misses = 11881
preemptive halt, cache_misses = 11881
preemptive halt, cache_misses = 11881
preemptive halt, cache_misses = 11881
preemptive halt, cache_misses = 11881
preemptive halt, cache_misses = 11881
preemptive halt, cache_misses = 11881
preemptive halt, cache_misses = 11881
preemptive halt, cache_misses = 11881
binary search, size 2031  misses 11881  min 1875  max 2187
binary search, size 2109  misses 11880  min 2031  max 2187
preemptive halt, cache_misses = 11881
preemptive halt, cache_misses = 11881
preemptive halt, cache_misses = 11881
preemptive halt, cache_misses = 11881
preemptive halt, cache_misses = 11881
preemptive halt, cache_misses = 11881
preemptive halt, cache_misses = 11881
preemptive halt, cache_misses = 11881
preemptive halt, cache_misses = 11881
preemptive halt, cache_misses = 11881
preemptive halt, cache_misses = 11881
preemptive halt, cache_misses = 11881
preemptive halt, cache_misses = 11881
preemptive halt, cache_misses = 11881
preemptive halt, cache_misses = 11881
preemptive halt, cache_misses = 11881
preemptive halt, cache_misses = 11881
preemptive halt, cache_misses = 11881
binary search, size 2070  misses 11881  min 2031  max 2109
binary search, size 2089  misses 11880  min 2070  max 2109
binary search, size 2079  misses 11880  min 2070  max 2089
preemptive halt, cache_misses = 11881
preemptive halt, cache_misses = 11881
preemptive halt, cache_misses = 11881
preemptive halt, cache_misses = 11881
preemptive halt, cache_misses = 11881
preemptive halt, cache_misses = 11881
preemptive halt, cache_misses = 11881
preemptive halt, cache_misses = 11881
preemptive halt, cache_misses = 11881
preemptive halt, cache_misses = 11881
preemptive halt, cache_misses = 11881
preemptive halt, cache_misses = 11881
preemptive halt, cache_misses = 11881
preemptive halt, cache_misses = 11881
preemptive halt, cache_misses = 11881
preemptive halt, cache_misses = 11881
preemptive halt, cache_misses = 11881
preemptive halt, cache_misses = 11881
binary search, size 2074  misses 11881  min 2070  max 2079
preemptive halt, cache_misses = 11882
preemptive halt, cache_misses = 11882
preemptive halt, cache_misses = 11882
preemptive halt, cache_misses = 11882
preemptive halt, cache_misses = 11882
preemptive halt, cache_misses = 11882
preemptive halt, cache_misses = 11882
preemptive halt, cache_misses = 11882
preemptive halt, cache_misses = 11882
preemptive halt, cache_misses = 11882
preemptive halt, cache_misses = 11882
preemptive halt, cache_misses = 11882
preemptive halt, cache_misses = 11882
preemptive halt, cache_misses = 11882
preemptive halt, cache_misses = 11882
preemptive halt, cache_misses = 11882
preemptive halt, cache_misses = 11882
preemptive halt, cache_misses = 11882
preemptive halt, cache_misses = 11882
preemptive halt, cache_misses = 11882
binary search, size 2076  misses 11882  min 2074  max 2079
preemptive halt, cache_misses = 11883
preemptive halt, cache_misses = 11883
preemptive halt, cache_misses = 11883
preemptive halt, cache_misses = 11883
preemptive halt, cache_misses = 11883
preemptive halt, cache_misses = 11883
preemptive halt, cache_misses = 11883
preemptive halt, cache_misses = 11883
preemptive halt, cache_misses = 11883
preemptive halt, cache_misses = 11883
preemptive halt, cache_misses = 11883
preemptive halt, cache_misses = 11883
preemptive halt, cache_misses = 11883
preemptive halt, cache_misses = 11883
preemptive halt, cache_misses = 11883
preemptive halt, cache_misses = 11883
preemptive halt, cache_misses = 11883
preemptive halt, cache_misses = 11883
preemptive halt, cache_misses = 11883
preemptive halt, cache_misses = 11883
preemptive halt, cache_misses = 11883
preemptive halt, cache_misses = 11883
binary search, size 2077  misses 11883  min 2076  max 2079
preemptive halt, cache_misses = 11884
preemptive halt, cache_misses = 11884
preemptive halt, cache_misses = 11884
preemptive halt, cache_misses = 11884
preemptive halt, cache_misses = 11884
preemptive halt, cache_misses = 11884
preemptive halt, cache_misses = 11884
preemptive halt, cache_misses = 11884
preemptive halt, cache_misses = 11884
preemptive halt, cache_misses = 11884
preemptive halt, cache_misses = 11884
preemptive halt, cache_misses = 11884
preemptive halt, cache_misses = 11884
preemptive halt, cache_misses = 11884
preemptive halt, cache_misses = 11884
preemptive halt, cache_misses = 11884
preemptive halt, cache_misses = 11884
preemptive halt, cache_misses = 11884
preemptive halt, cache_misses = 11884
preemptive halt, cache_misses = 11884
preemptive halt, cache_misses = 11884
preemptive halt, cache_misses = 11884
preemptive halt, cache_misses = 11884
preemptive halt, cache_misses = 11884
binary search, size 2078  misses 11884  min 2077  max 2079
characteristic cache size (binary search) for 108 = 2079
End at: 2021-04-02 00:59:56.186658
Time elapsed: 0:00:00.270170
