Begin at: 2021-04-02 16:09:51.468870
['../dist/Debug/GNU-Linux/memo_batch_tester', '', '--mbt_execution_trace_fname', 'olcs4_traceback_csize_input_types/OLCS4_lru_2021_04_02__16_03_24_k_3__d_2_cache_size_160000_problems_10_to_400/OLCS4_lru_2021_04_02__16_03_24_k_3__d_2_cache_size_160000_problems_10_to_400/OLCS4__do_traceback_prob_size_392_cache_size_160000_lru_k_3_d_2_execution_trace_2021_4_2_16_9_51_pid_21183.log', '--mbt_cache_misses_fname', 'olcs4_traceback_csize_input_types/OLCS4_lru_2021_04_02__16_03_24_k_3__d_2_cache_size_160000_problems_10_to_400/lcs_cost_OLCS4_lru_misses_for_cache_size.csv', '--mbt_misses_for_problem_size_fname', 'olcs4_traceback_csize_input_types/OLCS4_lru_2021_04_02__16_03_24_k_3__d_2_cache_size_160000_problems_10_to_400/lcs_cost_OLCS4_lru_misses_for_problem_size.csv', '--mbt_exact_cutoff_min_cache_size', '160000', '--mbt_exact_cutoff_max_cache_size', '160000', '--mbt_problem_type', 'lcs', '--mbt_metric_type', 'csize_binary_search', '--mbt_cutoff_ratio', '2.2', '--mbt_instance_fname', '392', '--mbt_detailed_cache_misses_out_fname', 'csize_olcs4_traceback_0011n_ceil_n_b_6.csv', '--mbt_phi_N', '5.0', '--mbt_problem_size', '392', '--lcs_compute_length', '0', '--lcs_perform_traceback', '1', '--lig_instance_type', '0011n_ceil_n_b', '--lig_n', '392', '--lig_c', '0.9', '--lig_b', '6.0', '--lcs_oblivious', '4', '--lcs_execution_trace_fname', 'olcs4_traceback_csize_input_types/OLCS4_lru_2021_04_02__16_03_24_k_3__d_2_cache_size_160000_problems_10_to_400/OLCS4_lru_2021_04_02__16_03_24_k_3__d_2_cache_size_160000_problems_10_to_400/OLCS4__do_traceback_prob_size_392_cache_size_160000_lru_k_3_d_2_execution_trace_2021_4_2_16_9_51_pid_21183.log', '--memo_caching_strategy', 'lru', '--memo_cache_size', '160001', '--memo_lru_queue_size', '160000', '--memo_cuckoo_k', '4', '--memo_key_length', '8', '--memo_value_length', '8', '--memo_k_timestamps', '3', '--memo_d_recent_timestamps', '2', '--memo_a_items_per_timestamp_factor', '0.4375']

csize_binary_search chosen
lcs problem_type lcs cache_size 160001
initialize_long_int_cache begin
init_memo
arguments to memo:
 --mbt_execution_trace_fname olcs4_traceback_csize_input_types/OLCS4_lru_2021_04_02__16_03_24_k_3__d_2_cache_size_160000_problems_10_to_400/OLCS4_lru_2021_04_02__16_03_24_k_3__d_2_cache_size_160000_problems_10_to_400/OLCS4__do_traceback_prob_size_392_cache_size_160000_lru_k_3_d_2_execution_trace_2021_4_2_16_9_51_pid_21183.log --mbt_cache_misses_fname olcs4_traceback_csize_input_types/OLCS4_lru_2021_04_02__16_03_24_k_3__d_2_cache_size_160000_problems_10_to_400/lcs_cost_OLCS4_lru_misses_for_cache_size.csv --mbt_misses_for_problem_size_fname olcs4_traceback_csize_input_types/OLCS4_lru_2021_04_02__16_03_24_k_3__d_2_cache_size_160000_problems_10_to_400/lcs_cost_OLCS4_lru_misses_for_problem_size.csv --mbt_exact_cutoff_min_cache_size 160000 --mbt_exact_cutoff_max_cache_size 160000 --mbt_problem_type lcs --mbt_metric_type csize_binary_search --mbt_cutoff_ratio 2.2 --mbt_instance_fname 392 --mbt_detailed_cache_misses_out_fname csize_olcs4_traceback_0011n_ceil_n_b_6.csv --mbt_phi_N 5.0 --mbt_problem_size 392 --lcs_compute_length 0 --lcs_perform_traceback 1 --lig_instance_type 0011n_ceil_n_b --lig_n 392 --lig_c 0.9 --lig_b 6.0 --lcs_oblivious 4 --lcs_execution_trace_fname olcs4_traceback_csize_input_types/OLCS4_lru_2021_04_02__16_03_24_k_3__d_2_cache_size_160000_problems_10_to_400/OLCS4_lru_2021_04_02__16_03_24_k_3__d_2_cache_size_160000_problems_10_to_400/OLCS4__do_traceback_prob_size_392_cache_size_160000_lru_k_3_d_2_execution_trace_2021_4_2_16_9_51_pid_21183.log --memo_caching_strategy lru --memo_cache_size 160001 --memo_lru_queue_size 160000 --memo_cuckoo_k 4 --memo_key_length 8 --memo_value_length 8 --memo_k_timestamps 3 --memo_d_recent_timestamps 2 --memo_a_items_per_timestamp_factor 0.4375 
calculate_table_size: table_size is 262144, original is 160001
Finished initializing cache
initialize_long_int_cache end
done initializing cache
initializing problem
done initializing problem
commence trials
Starting characteristic_cache_size_binary_search with max cache size 160001
binary search, size 160001  misses 154448
binary search, size 80000  misses 154448  min 0  max 160001
preemptive halt, cache_misses = 154449
preemptive halt, cache_misses = 154449
preemptive halt, cache_misses = 154449
preemptive halt, cache_misses = 154449
preemptive halt, cache_misses = 154449
preemptive halt, cache_misses = 154449
preemptive halt, cache_misses = 154449
preemptive halt, cache_misses = 154449
preemptive halt, cache_misses = 154449
preemptive halt, cache_misses = 154449
preemptive halt, cache_misses = 154449
preemptive halt, cache_misses = 154449
preemptive halt, cache_misses = 154449
preemptive halt, cache_misses = 154449
preemptive halt, cache_misses = 154449
preemptive halt, cache_misses = 154449
preemptive halt, cache_misses = 154449
preemptive halt, cache_misses = 154449
preemptive halt, cache_misses = 154449
preemptive halt, cache_misses = 154449
preemptive halt, cache_misses = 154449
preemptive halt, cache_misses = 154449
preemptive halt, cache_misses = 154449
preemptive halt, cache_misses = 154449
preemptive halt, cache_misses = 154449
preemptive halt, cache_misses = 154449
preemptive halt, cache_misses = 154449
preemptive halt, cache_misses = 154449
preemptive halt, cache_misses = 154449
preemptive halt, cache_misses = 154449
preemptive halt, cache_misses = 154449
preemptive halt, cache_misses = 154449
preemptive halt, cache_misses = 154449
preemptive halt, cache_misses = 154449
preemptive halt, cache_misses = 154449
preemptive halt, cache_misses = 154449
preemptive halt, cache_misses = 154449
preemptive halt, cache_misses = 154449
preemptive halt, cache_misses = 154449
preemptive halt, cache_misses = 154449
preemptive halt, cache_misses = 154449
preemptive halt, cache_misses = 154449
preemptive halt, cache_misses = 154449
preemptive halt, cache_misses = 154449
preemptive halt, cache_misses = 154449
preemptive halt, cache_misses = 154449
preemptive halt, cache_misses = 154449
preemptive halt, cache_misses = 154449
preemptive halt, cache_misses = 154449
preemptive halt, cache_misses = 154449
preemptive halt, cache_misses = 154449
preemptive halt, cache_misses = 154449
preemptive halt, cache_misses = 154449
preemptive halt, cache_misses = 154449
preemptive halt, cache_misses = 154449
preemptive halt, cache_misses = 154449
preemptive halt, cache_misses = 154449
preemptive halt, cache_misses = 154449
preemptive halt, cache_misses = 154449
preemptive halt, cache_misses = 154449
preemptive halt, cache_misses = 154449
preemptive halt, cache_misses = 154449
preemptive halt, cache_misses = 154449
preemptive halt, cache_misses = 154449
preemptive halt, cache_misses = 154449
preemptive halt, cache_misses = 154449
preemptive halt, cache_misses = 154449
preemptive halt, cache_misses = 154449
preemptive halt, cache_misses = 154449
preemptive halt, cache_misses = 154449
preemptive halt, cache_misses = 154449
preemptive halt, cache_misses = 154449
preemptive halt, cache_misses = 154449
preemptive halt, cache_misses = 154449
preemptive halt, cache_misses = 154449
preemptive halt, cache_misses = 154449
preemptive halt, cache_misses = 154449
preemptive halt, cache_misses = 154449
preemptive halt, cache_misses = 154449
preemptive halt, cache_misses = 154449
preemptive halt, cache_misses = 154449
preemptive halt, cache_misses = 154449
preemptive halt, cache_misses = 154449
preemptive halt, cache_misses = 154449
preemptive halt, cache_misses = 154449
preemptive halt, cache_misses = 154449
preemptive halt, cache_misses = 154449
preemptive halt, cache_misses = 154449
preemptive halt, cache_misses = 154449
preemptive halt, cache_misses = 154449
preemptive halt, cache_misses = 154449
preemptive halt, cache_misses = 154449
preemptive halt, cache_misses = 154449
preemptive halt, cache_misses = 154449
preemptive halt, cache_misses = 154449
preemptive halt, cache_misses = 154449
preemptive halt, cache_misses = 154449
preemptive halt, cache_misses = 154449
preemptive halt, cache_misses = 154449
preemptive halt, cache_misses = 154449
preemptive halt, cache_misses = 154449
preemptive halt, cache_misses = 154449
preemptive halt, cache_misses = 154449
preemptive halt, cache_misses = 154449
preemptive halt, cache_misses = 154449
preemptive halt, cache_misses = 154449
preemptive halt, cache_misses = 154449
preemptive halt, cache_misses = 154449
preemptive halt, cache_misses = 154449
preemptive halt, cache_misses = 154449
preemptive halt, cache_misses = 154449
preemptive halt, cache_misses = 154449
preemptive halt, cache_misses = 154449
preemptive halt, cache_misses = 154449
preemptive halt, cache_misses = 154449
preemptive halt, cache_misses = 154449
preemptive halt, cache_misses = 154449
preemptive halt, cache_misses = 154449
preemptive halt, cache_misses = 154449
preemptive halt, cache_misses = 154449
preemptive halt, cache_misses = 154449
preemptive halt, cache_misses = 154449
preemptive halt, cache_misses = 154449
preemptive halt, cache_misses = 154449
preemptive halt, cache_misses = 154449
preemptive halt, cache_misses = 154449
binary search, size 40000  misses 154449  min 0  max 80000
binary search, size 60000  misses 154448  min 40000  max 80000
preemptive halt, cache_misses = 154449
preemptive halt, cache_misses = 154449
preemptive halt, cache_misses = 154449
preemptive halt, cache_misses = 154449
preemptive halt, cache_misses = 154449
preemptive halt, cache_misses = 154449
preemptive halt, cache_misses = 154449
preemptive halt, cache_misses = 154449
preemptive halt, cache_misses = 154449
preemptive halt, cache_misses = 154449
preemptive halt, cache_misses = 154449
preemptive halt, cache_misses = 154449
preemptive halt, cache_misses = 154449
preemptive halt, cache_misses = 154449
preemptive halt, cache_misses = 154449
preemptive halt, cache_misses = 154449
preemptive halt, cache_misses = 154449
preemptive halt, cache_misses = 154449
preemptive halt, cache_misses = 154449
preemptive halt, cache_misses = 154449
preemptive halt, cache_misses = 154449
preemptive halt, cache_misses = 154449
preemptive halt, cache_misses = 154449
preemptive halt, cache_misses = 154449
preemptive halt, cache_misses = 154449
preemptive halt, cache_misses = 154449
preemptive halt, cache_misses = 154449
preemptive halt, cache_misses = 154449
preemptive halt, cache_misses = 154449
preemptive halt, cache_misses = 154449
preemptive halt, cache_misses = 154449
preemptive halt, cache_misses = 154449
preemptive halt, cache_misses = 154449
preemptive halt, cache_misses = 154449
preemptive halt, cache_misses = 154449
preemptive halt, cache_misses = 154449
preemptive halt, cache_misses = 154449
preemptive halt, cache_misses = 154449
preemptive halt, cache_misses = 154449
preemptive halt, cache_misses = 154449
preemptive halt, cache_misses = 154449
preemptive halt, cache_misses = 154449
preemptive halt, cache_misses = 154449
preemptive halt, cache_misses = 154449
preemptive halt, cache_misses = 154449
preemptive halt, cache_misses = 154449
preemptive halt, cache_misses = 154449
preemptive halt, cache_misses = 154449
preemptive halt, cache_misses = 154449
preemptive halt, cache_misses = 154449
preemptive halt, cache_misses = 154449
preemptive halt, cache_misses = 154449
preemptive halt, cache_misses = 154449
preemptive halt, cache_misses = 154449
preemptive halt, cache_misses = 154449
preemptive halt, cache_misses = 154449
preemptive halt, cache_misses = 154449
preemptive halt, cache_misses = 154449
preemptive halt, cache_misses = 154449
preemptive halt, cache_misses = 154449
preemptive halt, cache_misses = 154449
preemptive halt, cache_misses = 154449
preemptive halt, cache_misses = 154449
preemptive halt, cache_misses = 154449
preemptive halt, cache_misses = 154449
preemptive halt, cache_misses = 154449
preemptive halt, cache_misses = 154449
preemptive halt, cache_misses = 154449
preemptive halt, cache_misses = 154449
preemptive halt, cache_misses = 154449
preemptive halt, cache_misses = 154449
preemptive halt, cache_misses = 154449
preemptive halt, cache_misses = 154449
preemptive halt, cache_misses = 154449
preemptive halt, cache_misses = 154449
preemptive halt, cache_misses = 154449
preemptive halt, cache_misses = 154449
preemptive halt, cache_misses = 154449
preemptive halt, cache_misses = 154449
preemptive halt, cache_misses = 154449
preemptive halt, cache_misses = 154449
preemptive halt, cache_misses = 154449
preemptive halt, cache_misses = 154449
preemptive halt, cache_misses = 154449
preemptive halt, cache_misses = 154449
preemptive halt, cache_misses = 154449
preemptive halt, cache_misses = 154449
preemptive halt, cache_misses = 154449
preemptive halt, cache_misses = 154449
preemptive halt, cache_misses = 154449
preemptive halt, cache_misses = 154449
preemptive halt, cache_misses = 154449
preemptive halt, cache_misses = 154449
preemptive halt, cache_misses = 154449
preemptive halt, cache_misses = 154449
preemptive halt, cache_misses = 154449
preemptive halt, cache_misses = 154449
preemptive halt, cache_misses = 154449
preemptive halt, cache_misses = 154449
preemptive halt, cache_misses = 154449
preemptive halt, cache_misses = 154449
preemptive halt, cache_misses = 154449
preemptive halt, cache_misses = 154449
preemptive halt, cache_misses = 154449
preemptive halt, cache_misses = 154449
preemptive halt, cache_misses = 154449
preemptive halt, cache_misses = 154449
preemptive halt, cache_misses = 154449
preemptive halt, cache_misses = 154449
preemptive halt, cache_misses = 154449
preemptive halt, cache_misses = 154449
preemptive halt, cache_misses = 154449
preemptive halt, cache_misses = 154449
preemptive halt, cache_misses = 154449
preemptive halt, cache_misses = 154449
preemptive halt, cache_misses = 154449
preemptive halt, cache_misses = 154449
preemptive halt, cache_misses = 154449
preemptive halt, cache_misses = 154449
preemptive halt, cache_misses = 154449
preemptive halt, cache_misses = 154449
preemptive halt, cache_misses = 154449
preemptive halt, cache_misses = 154449
preemptive halt, cache_misses = 154449
preemptive halt, cache_misses = 154449
preemptive halt, cache_misses = 154449
binary search, size 50000  misses 154449  min 40000  max 60000
binary search, size 55000  misses 154448  min 50000  max 60000
binary search, size 52500  misses 154448  min 50000  max 55000
binary search, size 51250  misses 154448  min 50000  max 52500
preemptive halt, cache_misses = 154449
preemptive halt, cache_misses = 154449
preemptive halt, cache_misses = 154449
preemptive halt, cache_misses = 154449
preemptive halt, cache_misses = 154449
preemptive halt, cache_misses = 154449
preemptive halt, cache_misses = 154449
preemptive halt, cache_misses = 154449
preemptive halt, cache_misses = 154449
preemptive halt, cache_misses = 154449
preemptive halt, cache_misses = 154449
preemptive halt, cache_misses = 154449
preemptive halt, cache_misses = 154449
preemptive halt, cache_misses = 154449
preemptive halt, cache_misses = 154449
preemptive halt, cache_misses = 154449
preemptive halt, cache_misses = 154449
preemptive halt, cache_misses = 154449
preemptive halt, cache_misses = 154449
preemptive halt, cache_misses = 154449
preemptive halt, cache_misses = 154449
preemptive halt, cache_misses = 154449
preemptive halt, cache_misses = 154449
preemptive halt, cache_misses = 154449
preemptive halt, cache_misses = 154449
preemptive halt, cache_misses = 154449
preemptive halt, cache_misses = 154449
preemptive halt, cache_misses = 154449
preemptive halt, cache_misses = 154449
preemptive halt, cache_misses = 154449
preemptive halt, cache_misses = 154449
preemptive halt, cache_misses = 154449
preemptive halt, cache_misses = 154449
preemptive halt, cache_misses = 154449
preemptive halt, cache_misses = 154449
preemptive halt, cache_misses = 154449
preemptive halt, cache_misses = 154449
preemptive halt, cache_misses = 154449
preemptive halt, cache_misses = 154449
preemptive halt, cache_misses = 154449
preemptive halt, cache_misses = 154449
preemptive halt, cache_misses = 154449
preemptive halt, cache_misses = 154449
preemptive halt, cache_misses = 154449
preemptive halt, cache_misses = 154449
preemptive halt, cache_misses = 154449
preemptive halt, cache_misses = 154449
preemptive halt, cache_misses = 154449
preemptive halt, cache_misses = 154449
preemptive halt, cache_misses = 154449
preemptive halt, cache_misses = 154449
preemptive halt, cache_misses = 154449
preemptive halt, cache_misses = 154449
preemptive halt, cache_misses = 154449
preemptive halt, cache_misses = 154449
preemptive halt, cache_misses = 154449
preemptive halt, cache_misses = 154449
preemptive halt, cache_misses = 154449
preemptive halt, cache_misses = 154449
preemptive halt, cache_misses = 154449
preemptive halt, cache_misses = 154449
preemptive halt, cache_misses = 154449
preemptive halt, cache_misses = 154449
preemptive halt, cache_misses = 154449
preemptive halt, cache_misses = 154449
preemptive halt, cache_misses = 154449
preemptive halt, cache_misses = 154449
preemptive halt, cache_misses = 154449
preemptive halt, cache_misses = 154449
preemptive halt, cache_misses = 154449
preemptive halt, cache_misses = 154449
preemptive halt, cache_misses = 154449
preemptive halt, cache_misses = 154449
preemptive halt, cache_misses = 154449
preemptive halt, cache_misses = 154449
preemptive halt, cache_misses = 154449
preemptive halt, cache_misses = 154449
preemptive halt, cache_misses = 154449
preemptive halt, cache_misses = 154449
preemptive halt, cache_misses = 154449
preemptive halt, cache_misses = 154449
preemptive halt, cache_misses = 154449
preemptive halt, cache_misses = 154449
preemptive halt, cache_misses = 154449
preemptive halt, cache_misses = 154449
preemptive halt, cache_misses = 154449
preemptive halt, cache_misses = 154449
preemptive halt, cache_misses = 154449
preemptive halt, cache_misses = 154449
preemptive halt, cache_misses = 154449
preemptive halt, cache_misses = 154449
preemptive halt, cache_misses = 154449
preemptive halt, cache_misses = 154449
preemptive halt, cache_misses = 154449
preemptive halt, cache_misses = 154449
preemptive halt, cache_misses = 154449
preemptive halt, cache_misses = 154449
preemptive halt, cache_misses = 154449
preemptive halt, cache_misses = 154449
preemptive halt, cache_misses = 154449
preemptive halt, cache_misses = 154449
preemptive halt, cache_misses = 154449
preemptive halt, cache_misses = 154449
preemptive halt, cache_misses = 154449
preemptive halt, cache_misses = 154449
preemptive halt, cache_misses = 154449
preemptive halt, cache_misses = 154449
preemptive halt, cache_misses = 154449
preemptive halt, cache_misses = 154449
preemptive halt, cache_misses = 154449
preemptive halt, cache_misses = 154449
preemptive halt, cache_misses = 154449
preemptive halt, cache_misses = 154449
preemptive halt, cache_misses = 154449
preemptive halt, cache_misses = 154449
preemptive halt, cache_misses = 154449
preemptive halt, cache_misses = 154449
preemptive halt, cache_misses = 154449
preemptive halt, cache_misses = 154449
preemptive halt, cache_misses = 154449
preemptive halt, cache_misses = 154449
preemptive halt, cache_misses = 154449
preemptive halt, cache_misses = 154449
preemptive halt, cache_misses = 154449
preemptive halt, cache_misses = 154449
preemptive halt, cache_misses = 154449
binary search, size 50625  misses 154449  min 50000  max 51250
binary search, size 50937  misses 154448  min 50625  max 51250
binary search, size 50781  misses 154448  min 50625  max 50937
preemptive halt, cache_misses = 154449
preemptive halt, cache_misses = 154449
preemptive halt, cache_misses = 154449
preemptive halt, cache_misses = 154449
preemptive halt, cache_misses = 154449
preemptive halt, cache_misses = 154449
preemptive halt, cache_misses = 154449
preemptive halt, cache_misses = 154449
preemptive halt, cache_misses = 154449
preemptive halt, cache_misses = 154449
preemptive halt, cache_misses = 154449
preemptive halt, cache_misses = 154449
preemptive halt, cache_misses = 154449
preemptive halt, cache_misses = 154449
preemptive halt, cache_misses = 154449
preemptive halt, cache_misses = 154449
preemptive halt, cache_misses = 154449
preemptive halt, cache_misses = 154449
preemptive halt, cache_misses = 154449
preemptive halt, cache_misses = 154449
preemptive halt, cache_misses = 154449
preemptive halt, cache_misses = 154449
preemptive halt, cache_misses = 154449
preemptive halt, cache_misses = 154449
preemptive halt, cache_misses = 154449
preemptive halt, cache_misses = 154449
preemptive halt, cache_misses = 154449
preemptive halt, cache_misses = 154449
preemptive halt, cache_misses = 154449
preemptive halt, cache_misses = 154449
preemptive halt, cache_misses = 154449
preemptive halt, cache_misses = 154449
preemptive halt, cache_misses = 154449
preemptive halt, cache_misses = 154449
preemptive halt, cache_misses = 154449
preemptive halt, cache_misses = 154449
preemptive halt, cache_misses = 154449
preemptive halt, cache_misses = 154449
preemptive halt, cache_misses = 154449
preemptive halt, cache_misses = 154449
preemptive halt, cache_misses = 154449
preemptive halt, cache_misses = 154449
preemptive halt, cache_misses = 154449
preemptive halt, cache_misses = 154449
preemptive halt, cache_misses = 154449
preemptive halt, cache_misses = 154449
preemptive halt, cache_misses = 154449
preemptive halt, cache_misses = 154449
preemptive halt, cache_misses = 154449
preemptive halt, cache_misses = 154449
preemptive halt, cache_misses = 154449
preemptive halt, cache_misses = 154449
preemptive halt, cache_misses = 154449
preemptive halt, cache_misses = 154449
preemptive halt, cache_misses = 154449
preemptive halt, cache_misses = 154449
preemptive halt, cache_misses = 154449
preemptive halt, cache_misses = 154449
preemptive halt, cache_misses = 154449
preemptive halt, cache_misses = 154449
preemptive halt, cache_misses = 154449
preemptive halt, cache_misses = 154449
preemptive halt, cache_misses = 154449
preemptive halt, cache_misses = 154449
preemptive halt, cache_misses = 154449
preemptive halt, cache_misses = 154449
preemptive halt, cache_misses = 154449
preemptive halt, cache_misses = 154449
preemptive halt, cache_misses = 154449
preemptive halt, cache_misses = 154449
preemptive halt, cache_misses = 154449
preemptive halt, cache_misses = 154449
preemptive halt, cache_misses = 154449
preemptive halt, cache_misses = 154449
preemptive halt, cache_misses = 154449
preemptive halt, cache_misses = 154449
preemptive halt, cache_misses = 154449
preemptive halt, cache_misses = 154449
preemptive halt, cache_misses = 154449
preemptive halt, cache_misses = 154449
preemptive halt, cache_misses = 154449
preemptive halt, cache_misses = 154449
preemptive halt, cache_misses = 154449
preemptive halt, cache_misses = 154449
preemptive halt, cache_misses = 154449
preemptive halt, cache_misses = 154449
preemptive halt, cache_misses = 154449
preemptive halt, cache_misses = 154449
preemptive halt, cache_misses = 154449
preemptive halt, cache_misses = 154449
preemptive halt, cache_misses = 154449
preemptive halt, cache_misses = 154449
preemptive halt, cache_misses = 154449
preemptive halt, cache_misses = 154449
preemptive halt, cache_misses = 154449
preemptive halt, cache_misses = 154449
preemptive halt, cache_misses = 154449
preemptive halt, cache_misses = 154449
preemptive halt, cache_misses = 154449
preemptive halt, cache_misses = 154449
preemptive halt, cache_misses = 154449
preemptive halt, cache_misses = 154449
preemptive halt, cache_misses = 154449
preemptive halt, cache_misses = 154449
preemptive halt, cache_misses = 154449
preemptive halt, cache_misses = 154449
preemptive halt, cache_misses = 154449
preemptive halt, cache_misses = 154449
preemptive halt, cache_misses = 154449
preemptive halt, cache_misses = 154449
preemptive halt, cache_misses = 154449
preemptive halt, cache_misses = 154449
preemptive halt, cache_misses = 154449
preemptive halt, cache_misses = 154449
preemptive halt, cache_misses = 154449
preemptive halt, cache_misses = 154449
preemptive halt, cache_misses = 154449
preemptive halt, cache_misses = 154449
preemptive halt, cache_misses = 154449
preemptive halt, cache_misses = 154449
preemptive halt, cache_misses = 154449
preemptive halt, cache_misses = 154449
preemptive halt, cache_misses = 154449
preemptive halt, cache_misses = 154449
preemptive halt, cache_misses = 154449
preemptive halt, cache_misses = 154449
binary search, size 50703  misses 154449  min 50625  max 50781
preemptive halt, cache_misses = 154450
preemptive halt, cache_misses = 154450
preemptive halt, cache_misses = 154450
preemptive halt, cache_misses = 154450
preemptive halt, cache_misses = 154450
preemptive halt, cache_misses = 154450
preemptive halt, cache_misses = 154450
preemptive halt, cache_misses = 154450
preemptive halt, cache_misses = 154450
preemptive halt, cache_misses = 154450
preemptive halt, cache_misses = 154450
preemptive halt, cache_misses = 154450
preemptive halt, cache_misses = 154450
preemptive halt, cache_misses = 154450
preemptive halt, cache_misses = 154450
preemptive halt, cache_misses = 154450
preemptive halt, cache_misses = 154450
preemptive halt, cache_misses = 154450
preemptive halt, cache_misses = 154450
preemptive halt, cache_misses = 154450
preemptive halt, cache_misses = 154450
preemptive halt, cache_misses = 154450
preemptive halt, cache_misses = 154450
preemptive halt, cache_misses = 154450
preemptive halt, cache_misses = 154450
preemptive halt, cache_misses = 154450
preemptive halt, cache_misses = 154450
preemptive halt, cache_misses = 154450
preemptive halt, cache_misses = 154450
preemptive halt, cache_misses = 154450
preemptive halt, cache_misses = 154450
preemptive halt, cache_misses = 154450
preemptive halt, cache_misses = 154450
preemptive halt, cache_misses = 154450
preemptive halt, cache_misses = 154450
preemptive halt, cache_misses = 154450
preemptive halt, cache_misses = 154450
preemptive halt, cache_misses = 154450
preemptive halt, cache_misses = 154450
preemptive halt, cache_misses = 154450
preemptive halt, cache_misses = 154450
preemptive halt, cache_misses = 154450
preemptive halt, cache_misses = 154450
preemptive halt, cache_misses = 154450
preemptive halt, cache_misses = 154450
preemptive halt, cache_misses = 154450
preemptive halt, cache_misses = 154450
preemptive halt, cache_misses = 154450
preemptive halt, cache_misses = 154450
preemptive halt, cache_misses = 154450
preemptive halt, cache_misses = 154450
preemptive halt, cache_misses = 154450
preemptive halt, cache_misses = 154450
preemptive halt, cache_misses = 154450
preemptive halt, cache_misses = 154450
preemptive halt, cache_misses = 154450
preemptive halt, cache_misses = 154450
preemptive halt, cache_misses = 154450
preemptive halt, cache_misses = 154450
preemptive halt, cache_misses = 154450
preemptive halt, cache_misses = 154450
preemptive halt, cache_misses = 154450
preemptive halt, cache_misses = 154450
preemptive halt, cache_misses = 154450
preemptive halt, cache_misses = 154450
preemptive halt, cache_misses = 154450
preemptive halt, cache_misses = 154450
preemptive halt, cache_misses = 154450
preemptive halt, cache_misses = 154450
preemptive halt, cache_misses = 154450
preemptive halt, cache_misses = 154450
preemptive halt, cache_misses = 154450
preemptive halt, cache_misses = 154450
preemptive halt, cache_misses = 154450
preemptive halt, cache_misses = 154450
preemptive halt, cache_misses = 154450
preemptive halt, cache_misses = 154450
preemptive halt, cache_misses = 154450
preemptive halt, cache_misses = 154450
preemptive halt, cache_misses = 154450
preemptive halt, cache_misses = 154450
preemptive halt, cache_misses = 154450
preemptive halt, cache_misses = 154450
preemptive halt, cache_misses = 154450
preemptive halt, cache_misses = 154450
preemptive halt, cache_misses = 154450
preemptive halt, cache_misses = 154450
preemptive halt, cache_misses = 154450
preemptive halt, cache_misses = 154450
preemptive halt, cache_misses = 154450
preemptive halt, cache_misses = 154450
preemptive halt, cache_misses = 154450
preemptive halt, cache_misses = 154450
preemptive halt, cache_misses = 154450
preemptive halt, cache_misses = 154450
preemptive halt, cache_misses = 154450
preemptive halt, cache_misses = 154450
preemptive halt, cache_misses = 154450
preemptive halt, cache_misses = 154450
preemptive halt, cache_misses = 154450
preemptive halt, cache_misses = 154450
preemptive halt, cache_misses = 154450
preemptive halt, cache_misses = 154450
preemptive halt, cache_misses = 154450
preemptive halt, cache_misses = 154450
preemptive halt, cache_misses = 154450
preemptive halt, cache_misses = 154450
preemptive halt, cache_misses = 154450
preemptive halt, cache_misses = 154450
preemptive halt, cache_misses = 154450
preemptive halt, cache_misses = 154450
preemptive halt, cache_misses = 154450
preemptive halt, cache_misses = 154450
preemptive halt, cache_misses = 154450
preemptive halt, cache_misses = 154450
preemptive halt, cache_misses = 154450
preemptive halt, cache_misses = 154450
preemptive halt, cache_misses = 154450
preemptive halt, cache_misses = 154450
preemptive halt, cache_misses = 154450
preemptive halt, cache_misses = 154450
preemptive halt, cache_misses = 154450
preemptive halt, cache_misses = 154450
preemptive halt, cache_misses = 154450
preemptive halt, cache_misses = 154450
preemptive halt, cache_misses = 154450
preemptive halt, cache_misses = 154450
preemptive halt, cache_misses = 154450
binary search, size 50742  misses 154450  min 50703  max 50781
binary search, size 50761  misses 154448  min 50742  max 50781
preemptive halt, cache_misses = 154449
preemptive halt, cache_misses = 154449
preemptive halt, cache_misses = 154449
preemptive halt, cache_misses = 154449
preemptive halt, cache_misses = 154449
preemptive halt, cache_misses = 154449
preemptive halt, cache_misses = 154449
preemptive halt, cache_misses = 154449
preemptive halt, cache_misses = 154449
preemptive halt, cache_misses = 154449
preemptive halt, cache_misses = 154449
preemptive halt, cache_misses = 154449
preemptive halt, cache_misses = 154449
preemptive halt, cache_misses = 154449
preemptive halt, cache_misses = 154449
preemptive halt, cache_misses = 154449
preemptive halt, cache_misses = 154449
preemptive halt, cache_misses = 154449
preemptive halt, cache_misses = 154449
preemptive halt, cache_misses = 154449
preemptive halt, cache_misses = 154449
preemptive halt, cache_misses = 154449
preemptive halt, cache_misses = 154449
preemptive halt, cache_misses = 154449
preemptive halt, cache_misses = 154449
preemptive halt, cache_misses = 154449
preemptive halt, cache_misses = 154449
preemptive halt, cache_misses = 154449
preemptive halt, cache_misses = 154449
preemptive halt, cache_misses = 154449
preemptive halt, cache_misses = 154449
preemptive halt, cache_misses = 154449
preemptive halt, cache_misses = 154449
preemptive halt, cache_misses = 154449
preemptive halt, cache_misses = 154449
preemptive halt, cache_misses = 154449
preemptive halt, cache_misses = 154449
preemptive halt, cache_misses = 154449
preemptive halt, cache_misses = 154449
preemptive halt, cache_misses = 154449
preemptive halt, cache_misses = 154449
preemptive halt, cache_misses = 154449
preemptive halt, cache_misses = 154449
preemptive halt, cache_misses = 154449
preemptive halt, cache_misses = 154449
preemptive halt, cache_misses = 154449
preemptive halt, cache_misses = 154449
preemptive halt, cache_misses = 154449
preemptive halt, cache_misses = 154449
preemptive halt, cache_misses = 154449
preemptive halt, cache_misses = 154449
preemptive halt, cache_misses = 154449
preemptive halt, cache_misses = 154449
preemptive halt, cache_misses = 154449
preemptive halt, cache_misses = 154449
preemptive halt, cache_misses = 154449
preemptive halt, cache_misses = 154449
preemptive halt, cache_misses = 154449
preemptive halt, cache_misses = 154449
preemptive halt, cache_misses = 154449
preemptive halt, cache_misses = 154449
preemptive halt, cache_misses = 154449
preemptive halt, cache_misses = 154449
preemptive halt, cache_misses = 154449
preemptive halt, cache_misses = 154449
preemptive halt, cache_misses = 154449
preemptive halt, cache_misses = 154449
preemptive halt, cache_misses = 154449
preemptive halt, cache_misses = 154449
preemptive halt, cache_misses = 154449
preemptive halt, cache_misses = 154449
preemptive halt, cache_misses = 154449
preemptive halt, cache_misses = 154449
preemptive halt, cache_misses = 154449
preemptive halt, cache_misses = 154449
preemptive halt, cache_misses = 154449
preemptive halt, cache_misses = 154449
preemptive halt, cache_misses = 154449
preemptive halt, cache_misses = 154449
preemptive halt, cache_misses = 154449
preemptive halt, cache_misses = 154449
preemptive halt, cache_misses = 154449
preemptive halt, cache_misses = 154449
preemptive halt, cache_misses = 154449
preemptive halt, cache_misses = 154449
preemptive halt, cache_misses = 154449
preemptive halt, cache_misses = 154449
preemptive halt, cache_misses = 154449
preemptive halt, cache_misses = 154449
preemptive halt, cache_misses = 154449
preemptive halt, cache_misses = 154449
preemptive halt, cache_misses = 154449
preemptive halt, cache_misses = 154449
preemptive halt, cache_misses = 154449
preemptive halt, cache_misses = 154449
preemptive halt, cache_misses = 154449
preemptive halt, cache_misses = 154449
preemptive halt, cache_misses = 154449
preemptive halt, cache_misses = 154449
preemptive halt, cache_misses = 154449
preemptive halt, cache_misses = 154449
preemptive halt, cache_misses = 154449
preemptive halt, cache_misses = 154449
preemptive halt, cache_misses = 154449
preemptive halt, cache_misses = 154449
preemptive halt, cache_misses = 154449
preemptive halt, cache_misses = 154449
preemptive halt, cache_misses = 154449
preemptive halt, cache_misses = 154449
preemptive halt, cache_misses = 154449
preemptive halt, cache_misses = 154449
preemptive halt, cache_misses = 154449
preemptive halt, cache_misses = 154449
preemptive halt, cache_misses = 154449
preemptive halt, cache_misses = 154449
preemptive halt, cache_misses = 154449
preemptive halt, cache_misses = 154449
preemptive halt, cache_misses = 154449
preemptive halt, cache_misses = 154449
preemptive halt, cache_misses = 154449
preemptive halt, cache_misses = 154449
preemptive halt, cache_misses = 154449
preemptive halt, cache_misses = 154449
preemptive halt, cache_misses = 154449
preemptive halt, cache_misses = 154449
preemptive halt, cache_misses = 154449
binary search, size 50751  misses 154449  min 50742  max 50761
preemptive halt, cache_misses = 154450
preemptive halt, cache_misses = 154450
preemptive halt, cache_misses = 154450
preemptive halt, cache_misses = 154450
preemptive halt, cache_misses = 154450
preemptive halt, cache_misses = 154450
preemptive halt, cache_misses = 154450
preemptive halt, cache_misses = 154450
preemptive halt, cache_misses = 154450
preemptive halt, cache_misses = 154450
preemptive halt, cache_misses = 154450
preemptive halt, cache_misses = 154450
preemptive halt, cache_misses = 154450
preemptive halt, cache_misses = 154450
preemptive halt, cache_misses = 154450
preemptive halt, cache_misses = 154450
preemptive halt, cache_misses = 154450
preemptive halt, cache_misses = 154450
preemptive halt, cache_misses = 154450
preemptive halt, cache_misses = 154450
preemptive halt, cache_misses = 154450
preemptive halt, cache_misses = 154450
preemptive halt, cache_misses = 154450
preemptive halt, cache_misses = 154450
preemptive halt, cache_misses = 154450
preemptive halt, cache_misses = 154450
preemptive halt, cache_misses = 154450
preemptive halt, cache_misses = 154450
preemptive halt, cache_misses = 154450
preemptive halt, cache_misses = 154450
preemptive halt, cache_misses = 154450
preemptive halt, cache_misses = 154450
preemptive halt, cache_misses = 154450
preemptive halt, cache_misses = 154450
preemptive halt, cache_misses = 154450
preemptive halt, cache_misses = 154450
preemptive halt, cache_misses = 154450
preemptive halt, cache_misses = 154450
preemptive halt, cache_misses = 154450
preemptive halt, cache_misses = 154450
preemptive halt, cache_misses = 154450
preemptive halt, cache_misses = 154450
preemptive halt, cache_misses = 154450
preemptive halt, cache_misses = 154450
preemptive halt, cache_misses = 154450
preemptive halt, cache_misses = 154450
preemptive halt, cache_misses = 154450
preemptive halt, cache_misses = 154450
preemptive halt, cache_misses = 154450
preemptive halt, cache_misses = 154450
preemptive halt, cache_misses = 154450
preemptive halt, cache_misses = 154450
preemptive halt, cache_misses = 154450
preemptive halt, cache_misses = 154450
preemptive halt, cache_misses = 154450
preemptive halt, cache_misses = 154450
preemptive halt, cache_misses = 154450
preemptive halt, cache_misses = 154450
preemptive halt, cache_misses = 154450
preemptive halt, cache_misses = 154450
preemptive halt, cache_misses = 154450
preemptive halt, cache_misses = 154450
preemptive halt, cache_misses = 154450
preemptive halt, cache_misses = 154450
preemptive halt, cache_misses = 154450
preemptive halt, cache_misses = 154450
preemptive halt, cache_misses = 154450
preemptive halt, cache_misses = 154450
preemptive halt, cache_misses = 154450
preemptive halt, cache_misses = 154450
preemptive halt, cache_misses = 154450
preemptive halt, cache_misses = 154450
preemptive halt, cache_misses = 154450
preemptive halt, cache_misses = 154450
preemptive halt, cache_misses = 154450
preemptive halt, cache_misses = 154450
preemptive halt, cache_misses = 154450
preemptive halt, cache_misses = 154450
preemptive halt, cache_misses = 154450
preemptive halt, cache_misses = 154450
preemptive halt, cache_misses = 154450
preemptive halt, cache_misses = 154450
preemptive halt, cache_misses = 154450
preemptive halt, cache_misses = 154450
preemptive halt, cache_misses = 154450
preemptive halt, cache_misses = 154450
preemptive halt, cache_misses = 154450
preemptive halt, cache_misses = 154450
preemptive halt, cache_misses = 154450
preemptive halt, cache_misses = 154450
preemptive halt, cache_misses = 154450
preemptive halt, cache_misses = 154450
preemptive halt, cache_misses = 154450
preemptive halt, cache_misses = 154450
preemptive halt, cache_misses = 154450
preemptive halt, cache_misses = 154450
preemptive halt, cache_misses = 154450
preemptive halt, cache_misses = 154450
preemptive halt, cache_misses = 154450
preemptive halt, cache_misses = 154450
preemptive halt, cache_misses = 154450
preemptive halt, cache_misses = 154450
preemptive halt, cache_misses = 154450
preemptive halt, cache_misses = 154450
preemptive halt, cache_misses = 154450
preemptive halt, cache_misses = 154450
preemptive halt, cache_misses = 154450
preemptive halt, cache_misses = 154450
preemptive halt, cache_misses = 154450
preemptive halt, cache_misses = 154450
preemptive halt, cache_misses = 154450
preemptive halt, cache_misses = 154450
preemptive halt, cache_misses = 154450
preemptive halt, cache_misses = 154450
preemptive halt, cache_misses = 154450
preemptive halt, cache_misses = 154450
preemptive halt, cache_misses = 154450
preemptive halt, cache_misses = 154450
preemptive halt, cache_misses = 154450
preemptive halt, cache_misses = 154450
preemptive halt, cache_misses = 154450
preemptive halt, cache_misses = 154450
preemptive halt, cache_misses = 154450
preemptive halt, cache_misses = 154450
preemptive halt, cache_misses = 154450
preemptive halt, cache_misses = 154450
preemptive halt, cache_misses = 154450
preemptive halt, cache_misses = 154450
binary search, size 50756  misses 154450  min 50751  max 50761
preemptive halt, cache_misses = 154451
preemptive halt, cache_misses = 154451
preemptive halt, cache_misses = 154451
preemptive halt, cache_misses = 154451
preemptive halt, cache_misses = 154451
preemptive halt, cache_misses = 154451
preemptive halt, cache_misses = 154451
preemptive halt, cache_misses = 154451
preemptive halt, cache_misses = 154451
preemptive halt, cache_misses = 154451
preemptive halt, cache_misses = 154451
preemptive halt, cache_misses = 154451
preemptive halt, cache_misses = 154451
preemptive halt, cache_misses = 154451
preemptive halt, cache_misses = 154451
preemptive halt, cache_misses = 154451
preemptive halt, cache_misses = 154451
preemptive halt, cache_misses = 154451
preemptive halt, cache_misses = 154451
preemptive halt, cache_misses = 154451
preemptive halt, cache_misses = 154451
preemptive halt, cache_misses = 154451
preemptive halt, cache_misses = 154451
preemptive halt, cache_misses = 154451
preemptive halt, cache_misses = 154451
preemptive halt, cache_misses = 154451
preemptive halt, cache_misses = 154451
preemptive halt, cache_misses = 154451
preemptive halt, cache_misses = 154451
preemptive halt, cache_misses = 154451
preemptive halt, cache_misses = 154451
preemptive halt, cache_misses = 154451
preemptive halt, cache_misses = 154451
preemptive halt, cache_misses = 154451
preemptive halt, cache_misses = 154451
preemptive halt, cache_misses = 154451
preemptive halt, cache_misses = 154451
preemptive halt, cache_misses = 154451
preemptive halt, cache_misses = 154451
preemptive halt, cache_misses = 154451
preemptive halt, cache_misses = 154451
preemptive halt, cache_misses = 154451
preemptive halt, cache_misses = 154451
preemptive halt, cache_misses = 154451
preemptive halt, cache_misses = 154451
preemptive halt, cache_misses = 154451
preemptive halt, cache_misses = 154451
preemptive halt, cache_misses = 154451
preemptive halt, cache_misses = 154451
preemptive halt, cache_misses = 154451
preemptive halt, cache_misses = 154451
preemptive halt, cache_misses = 154451
preemptive halt, cache_misses = 154451
preemptive halt, cache_misses = 154451
preemptive halt, cache_misses = 154451
preemptive halt, cache_misses = 154451
preemptive halt, cache_misses = 154451
preemptive halt, cache_misses = 154451
preemptive halt, cache_misses = 154451
preemptive halt, cache_misses = 154451
preemptive halt, cache_misses = 154451
preemptive halt, cache_misses = 154451
preemptive halt, cache_misses = 154451
preemptive halt, cache_misses = 154451
preemptive halt, cache_misses = 154451
preemptive halt, cache_misses = 154451
preemptive halt, cache_misses = 154451
preemptive halt, cache_misses = 154451
preemptive halt, cache_misses = 154451
preemptive halt, cache_misses = 154451
preemptive halt, cache_misses = 154451
preemptive halt, cache_misses = 154451
preemptive halt, cache_misses = 154451
preemptive halt, cache_misses = 154451
preemptive halt, cache_misses = 154451
preemptive halt, cache_misses = 154451
preemptive halt, cache_misses = 154451
preemptive halt, cache_misses = 154451
preemptive halt, cache_misses = 154451
preemptive halt, cache_misses = 154451
preemptive halt, cache_misses = 154451
preemptive halt, cache_misses = 154451
preemptive halt, cache_misses = 154451
preemptive halt, cache_misses = 154451
preemptive halt, cache_misses = 154451
preemptive halt, cache_misses = 154451
preemptive halt, cache_misses = 154451
preemptive halt, cache_misses = 154451
preemptive halt, cache_misses = 154451
preemptive halt, cache_misses = 154451
preemptive halt, cache_misses = 154451
preemptive halt, cache_misses = 154451
preemptive halt, cache_misses = 154451
preemptive halt, cache_misses = 154451
preemptive halt, cache_misses = 154451
preemptive halt, cache_misses = 154451
preemptive halt, cache_misses = 154451
preemptive halt, cache_misses = 154451
preemptive halt, cache_misses = 154451
preemptive halt, cache_misses = 154451
preemptive halt, cache_misses = 154451
preemptive halt, cache_misses = 154451
preemptive halt, cache_misses = 154451
preemptive halt, cache_misses = 154451
preemptive halt, cache_misses = 154451
preemptive halt, cache_misses = 154451
preemptive halt, cache_misses = 154451
preemptive halt, cache_misses = 154451
preemptive halt, cache_misses = 154451
preemptive halt, cache_misses = 154451
preemptive halt, cache_misses = 154451
preemptive halt, cache_misses = 154451
preemptive halt, cache_misses = 154451
preemptive halt, cache_misses = 154451
preemptive halt, cache_misses = 154451
preemptive halt, cache_misses = 154451
preemptive halt, cache_misses = 154451
preemptive halt, cache_misses = 154451
preemptive halt, cache_misses = 154451
preemptive halt, cache_misses = 154451
preemptive halt, cache_misses = 154451
preemptive halt, cache_misses = 154451
preemptive halt, cache_misses = 154451
preemptive halt, cache_misses = 154451
preemptive halt, cache_misses = 154451
preemptive halt, cache_misses = 154451
preemptive halt, cache_misses = 154451
preemptive halt, cache_misses = 154451
preemptive halt, cache_misses = 154451
preemptive halt, cache_misses = 154451
binary search, size 50758  misses 154451  min 50756  max 50761
binary search, size 50759  misses 154448  min 50758  max 50761
characteristic cache size (binary search) for 392 = 50759
End at: 2021-04-02 16:09:54.201290
Time elapsed: 0:00:02.732436
