Begin at: 2021-04-02 16:04:55.505684
['../dist/Debug/GNU-Linux/memo_batch_tester', '', '--mbt_execution_trace_fname', 'olcs4_traceback_csize_input_types/OLCS4_lru_2021_04_02__16_03_24_k_3__d_2_cache_size_160000_problems_10_to_400/OLCS4_lru_2021_04_02__16_03_24_k_3__d_2_cache_size_160000_problems_10_to_400/OLCS4__do_traceback_prob_size_231_cache_size_160000_lru_k_3_d_2_execution_trace_2021_4_2_16_4_55_pid_20838.log', '--mbt_cache_misses_fname', 'olcs4_traceback_csize_input_types/OLCS4_lru_2021_04_02__16_03_24_k_3__d_2_cache_size_160000_problems_10_to_400/lcs_cost_OLCS4_lru_misses_for_cache_size.csv', '--mbt_misses_for_problem_size_fname', 'olcs4_traceback_csize_input_types/OLCS4_lru_2021_04_02__16_03_24_k_3__d_2_cache_size_160000_problems_10_to_400/lcs_cost_OLCS4_lru_misses_for_problem_size.csv', '--mbt_exact_cutoff_min_cache_size', '160000', '--mbt_exact_cutoff_max_cache_size', '160000', '--mbt_problem_type', 'lcs', '--mbt_metric_type', 'csize_binary_search', '--mbt_cutoff_ratio', '2.2', '--mbt_instance_fname', '231', '--mbt_detailed_cache_misses_out_fname', 'csize_olcs4_traceback_0011n_ceil_n_b_6.csv', '--mbt_phi_N', '5.0', '--mbt_problem_size', '231', '--lcs_compute_length', '0', '--lcs_perform_traceback', '1', '--lig_instance_type', '0011n_ceil_n_b', '--lig_n', '231', '--lig_c', '0.9', '--lig_b', '6.0', '--lcs_oblivious', '4', '--lcs_execution_trace_fname', 'olcs4_traceback_csize_input_types/OLCS4_lru_2021_04_02__16_03_24_k_3__d_2_cache_size_160000_problems_10_to_400/OLCS4_lru_2021_04_02__16_03_24_k_3__d_2_cache_size_160000_problems_10_to_400/OLCS4__do_traceback_prob_size_231_cache_size_160000_lru_k_3_d_2_execution_trace_2021_4_2_16_4_55_pid_20838.log', '--memo_caching_strategy', 'lru', '--memo_cache_size', '160001', '--memo_lru_queue_size', '160000', '--memo_cuckoo_k', '4', '--memo_key_length', '8', '--memo_value_length', '8', '--memo_k_timestamps', '3', '--memo_d_recent_timestamps', '2', '--memo_a_items_per_timestamp_factor', '0.4375']

csize_binary_search chosen
lcs problem_type lcs cache_size 160001
initialize_long_int_cache begin
init_memo
arguments to memo:
 --mbt_execution_trace_fname olcs4_traceback_csize_input_types/OLCS4_lru_2021_04_02__16_03_24_k_3__d_2_cache_size_160000_problems_10_to_400/OLCS4_lru_2021_04_02__16_03_24_k_3__d_2_cache_size_160000_problems_10_to_400/OLCS4__do_traceback_prob_size_231_cache_size_160000_lru_k_3_d_2_execution_trace_2021_4_2_16_4_55_pid_20838.log --mbt_cache_misses_fname olcs4_traceback_csize_input_types/OLCS4_lru_2021_04_02__16_03_24_k_3__d_2_cache_size_160000_problems_10_to_400/lcs_cost_OLCS4_lru_misses_for_cache_size.csv --mbt_misses_for_problem_size_fname olcs4_traceback_csize_input_types/OLCS4_lru_2021_04_02__16_03_24_k_3__d_2_cache_size_160000_problems_10_to_400/lcs_cost_OLCS4_lru_misses_for_problem_size.csv --mbt_exact_cutoff_min_cache_size 160000 --mbt_exact_cutoff_max_cache_size 160000 --mbt_problem_type lcs --mbt_metric_type csize_binary_search --mbt_cutoff_ratio 2.2 --mbt_instance_fname 231 --mbt_detailed_cache_misses_out_fname csize_olcs4_traceback_0011n_ceil_n_b_6.csv --mbt_phi_N 5.0 --mbt_problem_size 231 --lcs_compute_length 0 --lcs_perform_traceback 1 --lig_instance_type 0011n_ceil_n_b --lig_n 231 --lig_c 0.9 --lig_b 6.0 --lcs_oblivious 4 --lcs_execution_trace_fname olcs4_traceback_csize_input_types/OLCS4_lru_2021_04_02__16_03_24_k_3__d_2_cache_size_160000_problems_10_to_400/OLCS4_lru_2021_04_02__16_03_24_k_3__d_2_cache_size_160000_problems_10_to_400/OLCS4__do_traceback_prob_size_231_cache_size_160000_lru_k_3_d_2_execution_trace_2021_4_2_16_4_55_pid_20838.log --memo_caching_strategy lru --memo_cache_size 160001 --memo_lru_queue_size 160000 --memo_cuckoo_k 4 --memo_key_length 8 --memo_value_length 8 --memo_k_timestamps 3 --memo_d_recent_timestamps 2 --memo_a_items_per_timestamp_factor 0.4375 
calculate_table_size: table_size is 262144, original is 160001
Finished initializing cache
initialize_long_int_cache end
done initializing cache
initializing problem
done initializing problem
commence trials
Starting characteristic_cache_size_binary_search with max cache size 160001
binary search, size 160001  misses 53823
binary search, size 80000  misses 53823  min 0  max 160001
binary search, size 40000  misses 53823  min 0  max 80000
binary search, size 20000  misses 53823  min 0  max 40000
preemptive halt, cache_misses = 53824
preemptive halt, cache_misses = 53824
preemptive halt, cache_misses = 53824
preemptive halt, cache_misses = 53824
preemptive halt, cache_misses = 53824
preemptive halt, cache_misses = 53824
preemptive halt, cache_misses = 53824
preemptive halt, cache_misses = 53824
preemptive halt, cache_misses = 53824
preemptive halt, cache_misses = 53824
preemptive halt, cache_misses = 53824
preemptive halt, cache_misses = 53824
preemptive halt, cache_misses = 53824
preemptive halt, cache_misses = 53824
preemptive halt, cache_misses = 53824
preemptive halt, cache_misses = 53824
preemptive halt, cache_misses = 53824
preemptive halt, cache_misses = 53824
preemptive halt, cache_misses = 53824
preemptive halt, cache_misses = 53824
preemptive halt, cache_misses = 53824
preemptive halt, cache_misses = 53824
preemptive halt, cache_misses = 53824
preemptive halt, cache_misses = 53824
preemptive halt, cache_misses = 53824
preemptive halt, cache_misses = 53824
preemptive halt, cache_misses = 53824
preemptive halt, cache_misses = 53824
preemptive halt, cache_misses = 53824
preemptive halt, cache_misses = 53824
preemptive halt, cache_misses = 53824
preemptive halt, cache_misses = 53824
preemptive halt, cache_misses = 53824
preemptive halt, cache_misses = 53824
preemptive halt, cache_misses = 53824
preemptive halt, cache_misses = 53824
preemptive halt, cache_misses = 53824
preemptive halt, cache_misses = 53824
preemptive halt, cache_misses = 53824
preemptive halt, cache_misses = 53824
preemptive halt, cache_misses = 53824
preemptive halt, cache_misses = 53824
preemptive halt, cache_misses = 53824
preemptive halt, cache_misses = 53824
preemptive halt, cache_misses = 53824
preemptive halt, cache_misses = 53824
preemptive halt, cache_misses = 53824
preemptive halt, cache_misses = 53824
preemptive halt, cache_misses = 53824
preemptive halt, cache_misses = 53824
preemptive halt, cache_misses = 53824
preemptive halt, cache_misses = 53824
preemptive halt, cache_misses = 53824
preemptive halt, cache_misses = 53824
preemptive halt, cache_misses = 53824
preemptive halt, cache_misses = 53824
preemptive halt, cache_misses = 53824
preemptive halt, cache_misses = 53824
preemptive halt, cache_misses = 53824
preemptive halt, cache_misses = 53824
preemptive halt, cache_misses = 53824
preemptive halt, cache_misses = 53824
preemptive halt, cache_misses = 53824
preemptive halt, cache_misses = 53824
preemptive halt, cache_misses = 53824
preemptive halt, cache_misses = 53824
preemptive halt, cache_misses = 53824
preemptive halt, cache_misses = 53824
preemptive halt, cache_misses = 53824
preemptive halt, cache_misses = 53824
preemptive halt, cache_misses = 53824
preemptive halt, cache_misses = 53824
preemptive halt, cache_misses = 53824
preemptive halt, cache_misses = 53824
binary search, size 10000  misses 53824  min 0  max 20000
preemptive halt, cache_misses = 53825
preemptive halt, cache_misses = 53825
preemptive halt, cache_misses = 53825
preemptive halt, cache_misses = 53825
preemptive halt, cache_misses = 53825
preemptive halt, cache_misses = 53825
preemptive halt, cache_misses = 53825
preemptive halt, cache_misses = 53825
preemptive halt, cache_misses = 53825
preemptive halt, cache_misses = 53825
preemptive halt, cache_misses = 53825
preemptive halt, cache_misses = 53825
preemptive halt, cache_misses = 53825
preemptive halt, cache_misses = 53825
preemptive halt, cache_misses = 53825
preemptive halt, cache_misses = 53825
preemptive halt, cache_misses = 53825
preemptive halt, cache_misses = 53825
preemptive halt, cache_misses = 53825
preemptive halt, cache_misses = 53825
preemptive halt, cache_misses = 53825
preemptive halt, cache_misses = 53825
preemptive halt, cache_misses = 53825
preemptive halt, cache_misses = 53825
preemptive halt, cache_misses = 53825
preemptive halt, cache_misses = 53825
preemptive halt, cache_misses = 53825
preemptive halt, cache_misses = 53825
preemptive halt, cache_misses = 53825
preemptive halt, cache_misses = 53825
preemptive halt, cache_misses = 53825
preemptive halt, cache_misses = 53825
preemptive halt, cache_misses = 53825
preemptive halt, cache_misses = 53825
preemptive halt, cache_misses = 53825
preemptive halt, cache_misses = 53825
preemptive halt, cache_misses = 53825
preemptive halt, cache_misses = 53825
preemptive halt, cache_misses = 53825
preemptive halt, cache_misses = 53825
preemptive halt, cache_misses = 53825
preemptive halt, cache_misses = 53825
preemptive halt, cache_misses = 53825
preemptive halt, cache_misses = 53825
preemptive halt, cache_misses = 53825
preemptive halt, cache_misses = 53825
preemptive halt, cache_misses = 53825
preemptive halt, cache_misses = 53825
preemptive halt, cache_misses = 53825
preemptive halt, cache_misses = 53825
preemptive halt, cache_misses = 53825
preemptive halt, cache_misses = 53825
preemptive halt, cache_misses = 53825
preemptive halt, cache_misses = 53825
preemptive halt, cache_misses = 53825
preemptive halt, cache_misses = 53825
preemptive halt, cache_misses = 53825
preemptive halt, cache_misses = 53825
preemptive halt, cache_misses = 53825
preemptive halt, cache_misses = 53825
preemptive halt, cache_misses = 53825
preemptive halt, cache_misses = 53825
preemptive halt, cache_misses = 53825
preemptive halt, cache_misses = 53825
preemptive halt, cache_misses = 53825
preemptive halt, cache_misses = 53825
preemptive halt, cache_misses = 53825
preemptive halt, cache_misses = 53825
preemptive halt, cache_misses = 53825
preemptive halt, cache_misses = 53825
preemptive halt, cache_misses = 53825
preemptive halt, cache_misses = 53825
preemptive halt, cache_misses = 53825
preemptive halt, cache_misses = 53825
preemptive halt, cache_misses = 53825
preemptive halt, cache_misses = 53825
binary search, size 15000  misses 53825  min 10000  max 20000
preemptive halt, cache_misses = 53826
preemptive halt, cache_misses = 53826
preemptive halt, cache_misses = 53826
preemptive halt, cache_misses = 53826
preemptive halt, cache_misses = 53826
preemptive halt, cache_misses = 53826
preemptive halt, cache_misses = 53826
preemptive halt, cache_misses = 53826
preemptive halt, cache_misses = 53826
preemptive halt, cache_misses = 53826
preemptive halt, cache_misses = 53826
preemptive halt, cache_misses = 53826
preemptive halt, cache_misses = 53826
preemptive halt, cache_misses = 53826
preemptive halt, cache_misses = 53826
preemptive halt, cache_misses = 53826
preemptive halt, cache_misses = 53826
preemptive halt, cache_misses = 53826
preemptive halt, cache_misses = 53826
preemptive halt, cache_misses = 53826
preemptive halt, cache_misses = 53826
preemptive halt, cache_misses = 53826
preemptive halt, cache_misses = 53826
preemptive halt, cache_misses = 53826
preemptive halt, cache_misses = 53826
preemptive halt, cache_misses = 53826
preemptive halt, cache_misses = 53826
preemptive halt, cache_misses = 53826
preemptive halt, cache_misses = 53826
preemptive halt, cache_misses = 53826
preemptive halt, cache_misses = 53826
preemptive halt, cache_misses = 53826
preemptive halt, cache_misses = 53826
preemptive halt, cache_misses = 53826
preemptive halt, cache_misses = 53826
preemptive halt, cache_misses = 53826
preemptive halt, cache_misses = 53826
preemptive halt, cache_misses = 53826
preemptive halt, cache_misses = 53826
preemptive halt, cache_misses = 53826
preemptive halt, cache_misses = 53826
preemptive halt, cache_misses = 53826
preemptive halt, cache_misses = 53826
preemptive halt, cache_misses = 53826
preemptive halt, cache_misses = 53826
preemptive halt, cache_misses = 53826
preemptive halt, cache_misses = 53826
preemptive halt, cache_misses = 53826
preemptive halt, cache_misses = 53826
preemptive halt, cache_misses = 53826
preemptive halt, cache_misses = 53826
preemptive halt, cache_misses = 53826
preemptive halt, cache_misses = 53826
preemptive halt, cache_misses = 53826
preemptive halt, cache_misses = 53826
preemptive halt, cache_misses = 53826
preemptive halt, cache_misses = 53826
preemptive halt, cache_misses = 53826
preemptive halt, cache_misses = 53826
preemptive halt, cache_misses = 53826
preemptive halt, cache_misses = 53826
preemptive halt, cache_misses = 53826
preemptive halt, cache_misses = 53826
preemptive halt, cache_misses = 53826
preemptive halt, cache_misses = 53826
preemptive halt, cache_misses = 53826
preemptive halt, cache_misses = 53826
preemptive halt, cache_misses = 53826
preemptive halt, cache_misses = 53826
preemptive halt, cache_misses = 53826
preemptive halt, cache_misses = 53826
preemptive halt, cache_misses = 53826
preemptive halt, cache_misses = 53826
preemptive halt, cache_misses = 53826
preemptive halt, cache_misses = 53826
preemptive halt, cache_misses = 53826
preemptive halt, cache_misses = 53826
preemptive halt, cache_misses = 53826
binary search, size 17500  misses 53826  min 15000  max 20000
binary search, size 18750  misses 53823  min 17500  max 20000
binary search, size 18125  misses 53823  min 17500  max 18750
binary search, size 17812  misses 53823  min 17500  max 18125
preemptive halt, cache_misses = 53824
preemptive halt, cache_misses = 53824
preemptive halt, cache_misses = 53824
preemptive halt, cache_misses = 53824
preemptive halt, cache_misses = 53824
preemptive halt, cache_misses = 53824
preemptive halt, cache_misses = 53824
preemptive halt, cache_misses = 53824
preemptive halt, cache_misses = 53824
preemptive halt, cache_misses = 53824
preemptive halt, cache_misses = 53824
preemptive halt, cache_misses = 53824
preemptive halt, cache_misses = 53824
preemptive halt, cache_misses = 53824
preemptive halt, cache_misses = 53824
preemptive halt, cache_misses = 53824
preemptive halt, cache_misses = 53824
preemptive halt, cache_misses = 53824
preemptive halt, cache_misses = 53824
preemptive halt, cache_misses = 53824
preemptive halt, cache_misses = 53824
preemptive halt, cache_misses = 53824
preemptive halt, cache_misses = 53824
preemptive halt, cache_misses = 53824
preemptive halt, cache_misses = 53824
preemptive halt, cache_misses = 53824
preemptive halt, cache_misses = 53824
preemptive halt, cache_misses = 53824
preemptive halt, cache_misses = 53824
preemptive halt, cache_misses = 53824
preemptive halt, cache_misses = 53824
preemptive halt, cache_misses = 53824
preemptive halt, cache_misses = 53824
preemptive halt, cache_misses = 53824
preemptive halt, cache_misses = 53824
preemptive halt, cache_misses = 53824
preemptive halt, cache_misses = 53824
preemptive halt, cache_misses = 53824
preemptive halt, cache_misses = 53824
preemptive halt, cache_misses = 53824
preemptive halt, cache_misses = 53824
preemptive halt, cache_misses = 53824
preemptive halt, cache_misses = 53824
preemptive halt, cache_misses = 53824
preemptive halt, cache_misses = 53824
preemptive halt, cache_misses = 53824
preemptive halt, cache_misses = 53824
preemptive halt, cache_misses = 53824
preemptive halt, cache_misses = 53824
preemptive halt, cache_misses = 53824
preemptive halt, cache_misses = 53824
preemptive halt, cache_misses = 53824
preemptive halt, cache_misses = 53824
preemptive halt, cache_misses = 53824
preemptive halt, cache_misses = 53824
preemptive halt, cache_misses = 53824
preemptive halt, cache_misses = 53824
preemptive halt, cache_misses = 53824
preemptive halt, cache_misses = 53824
preemptive halt, cache_misses = 53824
preemptive halt, cache_misses = 53824
preemptive halt, cache_misses = 53824
preemptive halt, cache_misses = 53824
preemptive halt, cache_misses = 53824
preemptive halt, cache_misses = 53824
preemptive halt, cache_misses = 53824
preemptive halt, cache_misses = 53824
preemptive halt, cache_misses = 53824
preemptive halt, cache_misses = 53824
preemptive halt, cache_misses = 53824
preemptive halt, cache_misses = 53824
preemptive halt, cache_misses = 53824
preemptive halt, cache_misses = 53824
preemptive halt, cache_misses = 53824
binary search, size 17656  misses 53824  min 17500  max 17812
binary search, size 17734  misses 53823  min 17656  max 17812
binary search, size 17695  misses 53823  min 17656  max 17734
binary search, size 17675  misses 53823  min 17656  max 17695
preemptive halt, cache_misses = 53824
preemptive halt, cache_misses = 53824
preemptive halt, cache_misses = 53824
preemptive halt, cache_misses = 53824
preemptive halt, cache_misses = 53824
preemptive halt, cache_misses = 53824
preemptive halt, cache_misses = 53824
preemptive halt, cache_misses = 53824
preemptive halt, cache_misses = 53824
preemptive halt, cache_misses = 53824
preemptive halt, cache_misses = 53824
preemptive halt, cache_misses = 53824
preemptive halt, cache_misses = 53824
preemptive halt, cache_misses = 53824
preemptive halt, cache_misses = 53824
preemptive halt, cache_misses = 53824
preemptive halt, cache_misses = 53824
preemptive halt, cache_misses = 53824
preemptive halt, cache_misses = 53824
preemptive halt, cache_misses = 53824
preemptive halt, cache_misses = 53824
preemptive halt, cache_misses = 53824
preemptive halt, cache_misses = 53824
preemptive halt, cache_misses = 53824
preemptive halt, cache_misses = 53824
preemptive halt, cache_misses = 53824
preemptive halt, cache_misses = 53824
preemptive halt, cache_misses = 53824
preemptive halt, cache_misses = 53824
preemptive halt, cache_misses = 53824
preemptive halt, cache_misses = 53824
preemptive halt, cache_misses = 53824
preemptive halt, cache_misses = 53824
preemptive halt, cache_misses = 53824
preemptive halt, cache_misses = 53824
preemptive halt, cache_misses = 53824
preemptive halt, cache_misses = 53824
preemptive halt, cache_misses = 53824
preemptive halt, cache_misses = 53824
preemptive halt, cache_misses = 53824
preemptive halt, cache_misses = 53824
preemptive halt, cache_misses = 53824
preemptive halt, cache_misses = 53824
preemptive halt, cache_misses = 53824
preemptive halt, cache_misses = 53824
preemptive halt, cache_misses = 53824
preemptive halt, cache_misses = 53824
preemptive halt, cache_misses = 53824
preemptive halt, cache_misses = 53824
preemptive halt, cache_misses = 53824
preemptive halt, cache_misses = 53824
preemptive halt, cache_misses = 53824
preemptive halt, cache_misses = 53824
preemptive halt, cache_misses = 53824
preemptive halt, cache_misses = 53824
preemptive halt, cache_misses = 53824
preemptive halt, cache_misses = 53824
preemptive halt, cache_misses = 53824
preemptive halt, cache_misses = 53824
preemptive halt, cache_misses = 53824
preemptive halt, cache_misses = 53824
preemptive halt, cache_misses = 53824
preemptive halt, cache_misses = 53824
preemptive halt, cache_misses = 53824
preemptive halt, cache_misses = 53824
preemptive halt, cache_misses = 53824
preemptive halt, cache_misses = 53824
preemptive halt, cache_misses = 53824
preemptive halt, cache_misses = 53824
preemptive halt, cache_misses = 53824
preemptive halt, cache_misses = 53824
preemptive halt, cache_misses = 53824
preemptive halt, cache_misses = 53824
preemptive halt, cache_misses = 53824
binary search, size 17665  misses 53824  min 17656  max 17675
binary search, size 17670  misses 53823  min 17665  max 17675
preemptive halt, cache_misses = 53824
preemptive halt, cache_misses = 53824
preemptive halt, cache_misses = 53824
preemptive halt, cache_misses = 53824
preemptive halt, cache_misses = 53824
preemptive halt, cache_misses = 53824
preemptive halt, cache_misses = 53824
preemptive halt, cache_misses = 53824
preemptive halt, cache_misses = 53824
preemptive halt, cache_misses = 53824
preemptive halt, cache_misses = 53824
preemptive halt, cache_misses = 53824
preemptive halt, cache_misses = 53824
preemptive halt, cache_misses = 53824
preemptive halt, cache_misses = 53824
preemptive halt, cache_misses = 53824
preemptive halt, cache_misses = 53824
preemptive halt, cache_misses = 53824
preemptive halt, cache_misses = 53824
preemptive halt, cache_misses = 53824
preemptive halt, cache_misses = 53824
preemptive halt, cache_misses = 53824
preemptive halt, cache_misses = 53824
preemptive halt, cache_misses = 53824
preemptive halt, cache_misses = 53824
preemptive halt, cache_misses = 53824
preemptive halt, cache_misses = 53824
preemptive halt, cache_misses = 53824
preemptive halt, cache_misses = 53824
preemptive halt, cache_misses = 53824
preemptive halt, cache_misses = 53824
preemptive halt, cache_misses = 53824
preemptive halt, cache_misses = 53824
preemptive halt, cache_misses = 53824
preemptive halt, cache_misses = 53824
preemptive halt, cache_misses = 53824
preemptive halt, cache_misses = 53824
preemptive halt, cache_misses = 53824
preemptive halt, cache_misses = 53824
preemptive halt, cache_misses = 53824
preemptive halt, cache_misses = 53824
preemptive halt, cache_misses = 53824
preemptive halt, cache_misses = 53824
preemptive halt, cache_misses = 53824
preemptive halt, cache_misses = 53824
preemptive halt, cache_misses = 53824
preemptive halt, cache_misses = 53824
preemptive halt, cache_misses = 53824
preemptive halt, cache_misses = 53824
preemptive halt, cache_misses = 53824
preemptive halt, cache_misses = 53824
preemptive halt, cache_misses = 53824
preemptive halt, cache_misses = 53824
preemptive halt, cache_misses = 53824
preemptive halt, cache_misses = 53824
preemptive halt, cache_misses = 53824
preemptive halt, cache_misses = 53824
preemptive halt, cache_misses = 53824
preemptive halt, cache_misses = 53824
preemptive halt, cache_misses = 53824
preemptive halt, cache_misses = 53824
preemptive halt, cache_misses = 53824
preemptive halt, cache_misses = 53824
preemptive halt, cache_misses = 53824
preemptive halt, cache_misses = 53824
preemptive halt, cache_misses = 53824
preemptive halt, cache_misses = 53824
preemptive halt, cache_misses = 53824
preemptive halt, cache_misses = 53824
preemptive halt, cache_misses = 53824
preemptive halt, cache_misses = 53824
preemptive halt, cache_misses = 53824
preemptive halt, cache_misses = 53824
preemptive halt, cache_misses = 53824
binary search, size 17667  misses 53824  min 17665  max 17670
binary search, size 17668  misses 53823  min 17667  max 17670
characteristic cache size (binary search) for 231 = 17668
End at: 2021-04-02 16:04:56.499028
Time elapsed: 0:00:00.993360
