Begin at: 2021-04-02 16:05:08.597158
['../dist/Debug/GNU-Linux/memo_batch_tester', '', '--mbt_execution_trace_fname', 'olcs4_traceback_csize_input_types/OLCS4_lru_2021_04_02__16_03_24_k_3__d_2_cache_size_160000_problems_10_to_400/OLCS4_lru_2021_04_02__16_03_24_k_3__d_2_cache_size_160000_problems_10_to_400/OLCS4__do_traceback_prob_size_243_cache_size_160000_lru_k_3_d_2_execution_trace_2021_4_2_16_5_8_pid_20862.log', '--mbt_cache_misses_fname', 'olcs4_traceback_csize_input_types/OLCS4_lru_2021_04_02__16_03_24_k_3__d_2_cache_size_160000_problems_10_to_400/lcs_cost_OLCS4_lru_misses_for_cache_size.csv', '--mbt_misses_for_problem_size_fname', 'olcs4_traceback_csize_input_types/OLCS4_lru_2021_04_02__16_03_24_k_3__d_2_cache_size_160000_problems_10_to_400/lcs_cost_OLCS4_lru_misses_for_problem_size.csv', '--mbt_exact_cutoff_min_cache_size', '160000', '--mbt_exact_cutoff_max_cache_size', '160000', '--mbt_problem_type', 'lcs', '--mbt_metric_type', 'csize_binary_search', '--mbt_cutoff_ratio', '2.2', '--mbt_instance_fname', '243', '--mbt_detailed_cache_misses_out_fname', 'csize_olcs4_traceback_0011n_ceil_n_b_6.csv', '--mbt_phi_N', '5.0', '--mbt_problem_size', '243', '--lcs_compute_length', '0', '--lcs_perform_traceback', '1', '--lig_instance_type', '0011n_ceil_n_b', '--lig_n', '243', '--lig_c', '0.9', '--lig_b', '6.0', '--lcs_oblivious', '4', '--lcs_execution_trace_fname', 'olcs4_traceback_csize_input_types/OLCS4_lru_2021_04_02__16_03_24_k_3__d_2_cache_size_160000_problems_10_to_400/OLCS4_lru_2021_04_02__16_03_24_k_3__d_2_cache_size_160000_problems_10_to_400/OLCS4__do_traceback_prob_size_243_cache_size_160000_lru_k_3_d_2_execution_trace_2021_4_2_16_5_8_pid_20862.log', '--memo_caching_strategy', 'lru', '--memo_cache_size', '160001', '--memo_lru_queue_size', '160000', '--memo_cuckoo_k', '4', '--memo_key_length', '8', '--memo_value_length', '8', '--memo_k_timestamps', '3', '--memo_d_recent_timestamps', '2', '--memo_a_items_per_timestamp_factor', '0.4375']

csize_binary_search chosen
lcs problem_type lcs cache_size 160001
initialize_long_int_cache begin
init_memo
arguments to memo:
 --mbt_execution_trace_fname olcs4_traceback_csize_input_types/OLCS4_lru_2021_04_02__16_03_24_k_3__d_2_cache_size_160000_problems_10_to_400/OLCS4_lru_2021_04_02__16_03_24_k_3__d_2_cache_size_160000_problems_10_to_400/OLCS4__do_traceback_prob_size_243_cache_size_160000_lru_k_3_d_2_execution_trace_2021_4_2_16_5_8_pid_20862.log --mbt_cache_misses_fname olcs4_traceback_csize_input_types/OLCS4_lru_2021_04_02__16_03_24_k_3__d_2_cache_size_160000_problems_10_to_400/lcs_cost_OLCS4_lru_misses_for_cache_size.csv --mbt_misses_for_problem_size_fname olcs4_traceback_csize_input_types/OLCS4_lru_2021_04_02__16_03_24_k_3__d_2_cache_size_160000_problems_10_to_400/lcs_cost_OLCS4_lru_misses_for_problem_size.csv --mbt_exact_cutoff_min_cache_size 160000 --mbt_exact_cutoff_max_cache_size 160000 --mbt_problem_type lcs --mbt_metric_type csize_binary_search --mbt_cutoff_ratio 2.2 --mbt_instance_fname 243 --mbt_detailed_cache_misses_out_fname csize_olcs4_traceback_0011n_ceil_n_b_6.csv --mbt_phi_N 5.0 --mbt_problem_size 243 --lcs_compute_length 0 --lcs_perform_traceback 1 --lig_instance_type 0011n_ceil_n_b --lig_n 243 --lig_c 0.9 --lig_b 6.0 --lcs_oblivious 4 --lcs_execution_trace_fname olcs4_traceback_csize_input_types/OLCS4_lru_2021_04_02__16_03_24_k_3__d_2_cache_size_160000_problems_10_to_400/OLCS4_lru_2021_04_02__16_03_24_k_3__d_2_cache_size_160000_problems_10_to_400/OLCS4__do_traceback_prob_size_243_cache_size_160000_lru_k_3_d_2_execution_trace_2021_4_2_16_5_8_pid_20862.log --memo_caching_strategy lru --memo_cache_size 160001 --memo_lru_queue_size 160000 --memo_cuckoo_k 4 --memo_key_length 8 --memo_value_length 8 --memo_k_timestamps 3 --memo_d_recent_timestamps 2 --memo_a_items_per_timestamp_factor 0.4375 
calculate_table_size: table_size is 262144, original is 160001
Finished initializing cache
initialize_long_int_cache end
done initializing cache
initializing problem
done initializing problem
commence trials
Starting characteristic_cache_size_binary_search with max cache size 160001
binary search, size 160001  misses 59535
binary search, size 80000  misses 59535  min 0  max 160001
binary search, size 40000  misses 59535  min 0  max 80000
binary search, size 20000  misses 59535  min 0  max 40000
preemptive halt, cache_misses = 59536
preemptive halt, cache_misses = 59536
preemptive halt, cache_misses = 59536
preemptive halt, cache_misses = 59536
preemptive halt, cache_misses = 59536
preemptive halt, cache_misses = 59536
preemptive halt, cache_misses = 59536
preemptive halt, cache_misses = 59536
preemptive halt, cache_misses = 59536
preemptive halt, cache_misses = 59536
preemptive halt, cache_misses = 59536
preemptive halt, cache_misses = 59536
preemptive halt, cache_misses = 59536
preemptive halt, cache_misses = 59536
preemptive halt, cache_misses = 59536
preemptive halt, cache_misses = 59536
preemptive halt, cache_misses = 59536
preemptive halt, cache_misses = 59536
preemptive halt, cache_misses = 59536
preemptive halt, cache_misses = 59536
preemptive halt, cache_misses = 59536
preemptive halt, cache_misses = 59536
preemptive halt, cache_misses = 59536
preemptive halt, cache_misses = 59536
preemptive halt, cache_misses = 59536
preemptive halt, cache_misses = 59536
preemptive halt, cache_misses = 59536
preemptive halt, cache_misses = 59536
preemptive halt, cache_misses = 59536
preemptive halt, cache_misses = 59536
preemptive halt, cache_misses = 59536
preemptive halt, cache_misses = 59536
preemptive halt, cache_misses = 59536
preemptive halt, cache_misses = 59536
preemptive halt, cache_misses = 59536
preemptive halt, cache_misses = 59536
preemptive halt, cache_misses = 59536
preemptive halt, cache_misses = 59536
preemptive halt, cache_misses = 59536
preemptive halt, cache_misses = 59536
preemptive halt, cache_misses = 59536
preemptive halt, cache_misses = 59536
preemptive halt, cache_misses = 59536
preemptive halt, cache_misses = 59536
preemptive halt, cache_misses = 59536
preemptive halt, cache_misses = 59536
preemptive halt, cache_misses = 59536
preemptive halt, cache_misses = 59536
preemptive halt, cache_misses = 59536
preemptive halt, cache_misses = 59536
preemptive halt, cache_misses = 59536
preemptive halt, cache_misses = 59536
preemptive halt, cache_misses = 59536
preemptive halt, cache_misses = 59536
preemptive halt, cache_misses = 59536
preemptive halt, cache_misses = 59536
preemptive halt, cache_misses = 59536
preemptive halt, cache_misses = 59536
preemptive halt, cache_misses = 59536
preemptive halt, cache_misses = 59536
preemptive halt, cache_misses = 59536
preemptive halt, cache_misses = 59536
preemptive halt, cache_misses = 59536
preemptive halt, cache_misses = 59536
preemptive halt, cache_misses = 59536
preemptive halt, cache_misses = 59536
preemptive halt, cache_misses = 59536
preemptive halt, cache_misses = 59536
preemptive halt, cache_misses = 59536
preemptive halt, cache_misses = 59536
preemptive halt, cache_misses = 59536
preemptive halt, cache_misses = 59536
preemptive halt, cache_misses = 59536
preemptive halt, cache_misses = 59536
preemptive halt, cache_misses = 59536
preemptive halt, cache_misses = 59536
preemptive halt, cache_misses = 59536
preemptive halt, cache_misses = 59536
binary search, size 10000  misses 59536  min 0  max 20000
preemptive halt, cache_misses = 59537
preemptive halt, cache_misses = 59537
preemptive halt, cache_misses = 59537
preemptive halt, cache_misses = 59537
preemptive halt, cache_misses = 59537
preemptive halt, cache_misses = 59537
preemptive halt, cache_misses = 59537
preemptive halt, cache_misses = 59537
preemptive halt, cache_misses = 59537
preemptive halt, cache_misses = 59537
preemptive halt, cache_misses = 59537
preemptive halt, cache_misses = 59537
preemptive halt, cache_misses = 59537
preemptive halt, cache_misses = 59537
preemptive halt, cache_misses = 59537
preemptive halt, cache_misses = 59537
preemptive halt, cache_misses = 59537
preemptive halt, cache_misses = 59537
preemptive halt, cache_misses = 59537
preemptive halt, cache_misses = 59537
preemptive halt, cache_misses = 59537
preemptive halt, cache_misses = 59537
preemptive halt, cache_misses = 59537
preemptive halt, cache_misses = 59537
preemptive halt, cache_misses = 59537
preemptive halt, cache_misses = 59537
preemptive halt, cache_misses = 59537
preemptive halt, cache_misses = 59537
preemptive halt, cache_misses = 59537
preemptive halt, cache_misses = 59537
preemptive halt, cache_misses = 59537
preemptive halt, cache_misses = 59537
preemptive halt, cache_misses = 59537
preemptive halt, cache_misses = 59537
preemptive halt, cache_misses = 59537
preemptive halt, cache_misses = 59537
preemptive halt, cache_misses = 59537
preemptive halt, cache_misses = 59537
preemptive halt, cache_misses = 59537
preemptive halt, cache_misses = 59537
preemptive halt, cache_misses = 59537
preemptive halt, cache_misses = 59537
preemptive halt, cache_misses = 59537
preemptive halt, cache_misses = 59537
preemptive halt, cache_misses = 59537
preemptive halt, cache_misses = 59537
preemptive halt, cache_misses = 59537
preemptive halt, cache_misses = 59537
preemptive halt, cache_misses = 59537
preemptive halt, cache_misses = 59537
preemptive halt, cache_misses = 59537
preemptive halt, cache_misses = 59537
preemptive halt, cache_misses = 59537
preemptive halt, cache_misses = 59537
preemptive halt, cache_misses = 59537
preemptive halt, cache_misses = 59537
preemptive halt, cache_misses = 59537
preemptive halt, cache_misses = 59537
preemptive halt, cache_misses = 59537
preemptive halt, cache_misses = 59537
preemptive halt, cache_misses = 59537
preemptive halt, cache_misses = 59537
preemptive halt, cache_misses = 59537
preemptive halt, cache_misses = 59537
preemptive halt, cache_misses = 59537
preemptive halt, cache_misses = 59537
preemptive halt, cache_misses = 59537
preemptive halt, cache_misses = 59537
preemptive halt, cache_misses = 59537
preemptive halt, cache_misses = 59537
preemptive halt, cache_misses = 59537
preemptive halt, cache_misses = 59537
preemptive halt, cache_misses = 59537
preemptive halt, cache_misses = 59537
preemptive halt, cache_misses = 59537
preemptive halt, cache_misses = 59537
preemptive halt, cache_misses = 59537
preemptive halt, cache_misses = 59537
preemptive halt, cache_misses = 59537
preemptive halt, cache_misses = 59537
binary search, size 15000  misses 59537  min 10000  max 20000
preemptive halt, cache_misses = 59538
preemptive halt, cache_misses = 59538
preemptive halt, cache_misses = 59538
preemptive halt, cache_misses = 59538
preemptive halt, cache_misses = 59538
preemptive halt, cache_misses = 59538
preemptive halt, cache_misses = 59538
preemptive halt, cache_misses = 59538
preemptive halt, cache_misses = 59538
preemptive halt, cache_misses = 59538
preemptive halt, cache_misses = 59538
preemptive halt, cache_misses = 59538
preemptive halt, cache_misses = 59538
preemptive halt, cache_misses = 59538
preemptive halt, cache_misses = 59538
preemptive halt, cache_misses = 59538
preemptive halt, cache_misses = 59538
preemptive halt, cache_misses = 59538
preemptive halt, cache_misses = 59538
preemptive halt, cache_misses = 59538
preemptive halt, cache_misses = 59538
preemptive halt, cache_misses = 59538
preemptive halt, cache_misses = 59538
preemptive halt, cache_misses = 59538
preemptive halt, cache_misses = 59538
preemptive halt, cache_misses = 59538
preemptive halt, cache_misses = 59538
preemptive halt, cache_misses = 59538
preemptive halt, cache_misses = 59538
preemptive halt, cache_misses = 59538
preemptive halt, cache_misses = 59538
preemptive halt, cache_misses = 59538
preemptive halt, cache_misses = 59538
preemptive halt, cache_misses = 59538
preemptive halt, cache_misses = 59538
preemptive halt, cache_misses = 59538
preemptive halt, cache_misses = 59538
preemptive halt, cache_misses = 59538
preemptive halt, cache_misses = 59538
preemptive halt, cache_misses = 59538
preemptive halt, cache_misses = 59538
preemptive halt, cache_misses = 59538
preemptive halt, cache_misses = 59538
preemptive halt, cache_misses = 59538
preemptive halt, cache_misses = 59538
preemptive halt, cache_misses = 59538
preemptive halt, cache_misses = 59538
preemptive halt, cache_misses = 59538
preemptive halt, cache_misses = 59538
preemptive halt, cache_misses = 59538
preemptive halt, cache_misses = 59538
preemptive halt, cache_misses = 59538
preemptive halt, cache_misses = 59538
preemptive halt, cache_misses = 59538
preemptive halt, cache_misses = 59538
preemptive halt, cache_misses = 59538
preemptive halt, cache_misses = 59538
preemptive halt, cache_misses = 59538
preemptive halt, cache_misses = 59538
preemptive halt, cache_misses = 59538
preemptive halt, cache_misses = 59538
preemptive halt, cache_misses = 59538
preemptive halt, cache_misses = 59538
preemptive halt, cache_misses = 59538
preemptive halt, cache_misses = 59538
preemptive halt, cache_misses = 59538
preemptive halt, cache_misses = 59538
preemptive halt, cache_misses = 59538
preemptive halt, cache_misses = 59538
preemptive halt, cache_misses = 59538
preemptive halt, cache_misses = 59538
preemptive halt, cache_misses = 59538
preemptive halt, cache_misses = 59538
preemptive halt, cache_misses = 59538
preemptive halt, cache_misses = 59538
preemptive halt, cache_misses = 59538
preemptive halt, cache_misses = 59538
preemptive halt, cache_misses = 59538
preemptive halt, cache_misses = 59538
preemptive halt, cache_misses = 59538
preemptive halt, cache_misses = 59538
preemptive halt, cache_misses = 59538
binary search, size 17500  misses 59538  min 15000  max 20000
preemptive halt, cache_misses = 59539
preemptive halt, cache_misses = 59539
preemptive halt, cache_misses = 59539
preemptive halt, cache_misses = 59539
preemptive halt, cache_misses = 59539
preemptive halt, cache_misses = 59539
preemptive halt, cache_misses = 59539
preemptive halt, cache_misses = 59539
preemptive halt, cache_misses = 59539
preemptive halt, cache_misses = 59539
preemptive halt, cache_misses = 59539
preemptive halt, cache_misses = 59539
preemptive halt, cache_misses = 59539
preemptive halt, cache_misses = 59539
preemptive halt, cache_misses = 59539
preemptive halt, cache_misses = 59539
preemptive halt, cache_misses = 59539
preemptive halt, cache_misses = 59539
preemptive halt, cache_misses = 59539
preemptive halt, cache_misses = 59539
preemptive halt, cache_misses = 59539
preemptive halt, cache_misses = 59539
preemptive halt, cache_misses = 59539
preemptive halt, cache_misses = 59539
preemptive halt, cache_misses = 59539
preemptive halt, cache_misses = 59539
preemptive halt, cache_misses = 59539
preemptive halt, cache_misses = 59539
preemptive halt, cache_misses = 59539
preemptive halt, cache_misses = 59539
preemptive halt, cache_misses = 59539
preemptive halt, cache_misses = 59539
preemptive halt, cache_misses = 59539
preemptive halt, cache_misses = 59539
preemptive halt, cache_misses = 59539
preemptive halt, cache_misses = 59539
preemptive halt, cache_misses = 59539
preemptive halt, cache_misses = 59539
preemptive halt, cache_misses = 59539
preemptive halt, cache_misses = 59539
preemptive halt, cache_misses = 59539
preemptive halt, cache_misses = 59539
preemptive halt, cache_misses = 59539
preemptive halt, cache_misses = 59539
preemptive halt, cache_misses = 59539
preemptive halt, cache_misses = 59539
preemptive halt, cache_misses = 59539
preemptive halt, cache_misses = 59539
preemptive halt, cache_misses = 59539
preemptive halt, cache_misses = 59539
preemptive halt, cache_misses = 59539
preemptive halt, cache_misses = 59539
preemptive halt, cache_misses = 59539
preemptive halt, cache_misses = 59539
preemptive halt, cache_misses = 59539
preemptive halt, cache_misses = 59539
preemptive halt, cache_misses = 59539
preemptive halt, cache_misses = 59539
preemptive halt, cache_misses = 59539
preemptive halt, cache_misses = 59539
preemptive halt, cache_misses = 59539
preemptive halt, cache_misses = 59539
preemptive halt, cache_misses = 59539
preemptive halt, cache_misses = 59539
preemptive halt, cache_misses = 59539
preemptive halt, cache_misses = 59539
preemptive halt, cache_misses = 59539
preemptive halt, cache_misses = 59539
preemptive halt, cache_misses = 59539
preemptive halt, cache_misses = 59539
preemptive halt, cache_misses = 59539
preemptive halt, cache_misses = 59539
preemptive halt, cache_misses = 59539
preemptive halt, cache_misses = 59539
preemptive halt, cache_misses = 59539
preemptive halt, cache_misses = 59539
preemptive halt, cache_misses = 59539
preemptive halt, cache_misses = 59539
preemptive halt, cache_misses = 59539
preemptive halt, cache_misses = 59539
preemptive halt, cache_misses = 59539
preemptive halt, cache_misses = 59539
preemptive halt, cache_misses = 59539
preemptive halt, cache_misses = 59539
binary search, size 18750  misses 59539  min 17500  max 20000
preemptive halt, cache_misses = 59540
preemptive halt, cache_misses = 59540
preemptive halt, cache_misses = 59540
preemptive halt, cache_misses = 59540
preemptive halt, cache_misses = 59540
preemptive halt, cache_misses = 59540
preemptive halt, cache_misses = 59540
preemptive halt, cache_misses = 59540
preemptive halt, cache_misses = 59540
preemptive halt, cache_misses = 59540
preemptive halt, cache_misses = 59540
preemptive halt, cache_misses = 59540
preemptive halt, cache_misses = 59540
preemptive halt, cache_misses = 59540
preemptive halt, cache_misses = 59540
preemptive halt, cache_misses = 59540
preemptive halt, cache_misses = 59540
preemptive halt, cache_misses = 59540
preemptive halt, cache_misses = 59540
preemptive halt, cache_misses = 59540
preemptive halt, cache_misses = 59540
preemptive halt, cache_misses = 59540
preemptive halt, cache_misses = 59540
preemptive halt, cache_misses = 59540
preemptive halt, cache_misses = 59540
preemptive halt, cache_misses = 59540
preemptive halt, cache_misses = 59540
preemptive halt, cache_misses = 59540
preemptive halt, cache_misses = 59540
preemptive halt, cache_misses = 59540
preemptive halt, cache_misses = 59540
preemptive halt, cache_misses = 59540
preemptive halt, cache_misses = 59540
preemptive halt, cache_misses = 59540
preemptive halt, cache_misses = 59540
preemptive halt, cache_misses = 59540
preemptive halt, cache_misses = 59540
preemptive halt, cache_misses = 59540
preemptive halt, cache_misses = 59540
preemptive halt, cache_misses = 59540
preemptive halt, cache_misses = 59540
preemptive halt, cache_misses = 59540
preemptive halt, cache_misses = 59540
preemptive halt, cache_misses = 59540
preemptive halt, cache_misses = 59540
preemptive halt, cache_misses = 59540
preemptive halt, cache_misses = 59540
preemptive halt, cache_misses = 59540
preemptive halt, cache_misses = 59540
preemptive halt, cache_misses = 59540
preemptive halt, cache_misses = 59540
preemptive halt, cache_misses = 59540
preemptive halt, cache_misses = 59540
preemptive halt, cache_misses = 59540
preemptive halt, cache_misses = 59540
preemptive halt, cache_misses = 59540
preemptive halt, cache_misses = 59540
preemptive halt, cache_misses = 59540
preemptive halt, cache_misses = 59540
preemptive halt, cache_misses = 59540
preemptive halt, cache_misses = 59540
preemptive halt, cache_misses = 59540
preemptive halt, cache_misses = 59540
preemptive halt, cache_misses = 59540
preemptive halt, cache_misses = 59540
preemptive halt, cache_misses = 59540
preemptive halt, cache_misses = 59540
preemptive halt, cache_misses = 59540
preemptive halt, cache_misses = 59540
preemptive halt, cache_misses = 59540
preemptive halt, cache_misses = 59540
preemptive halt, cache_misses = 59540
preemptive halt, cache_misses = 59540
preemptive halt, cache_misses = 59540
preemptive halt, cache_misses = 59540
preemptive halt, cache_misses = 59540
preemptive halt, cache_misses = 59540
preemptive halt, cache_misses = 59540
preemptive halt, cache_misses = 59540
preemptive halt, cache_misses = 59540
preemptive halt, cache_misses = 59540
preemptive halt, cache_misses = 59540
preemptive halt, cache_misses = 59540
preemptive halt, cache_misses = 59540
preemptive halt, cache_misses = 59540
preemptive halt, cache_misses = 59540
binary search, size 19375  misses 59540  min 18750  max 20000
binary search, size 19687  misses 59535  min 19375  max 20000
preemptive halt, cache_misses = 59536
preemptive halt, cache_misses = 59536
preemptive halt, cache_misses = 59536
preemptive halt, cache_misses = 59536
preemptive halt, cache_misses = 59536
preemptive halt, cache_misses = 59536
preemptive halt, cache_misses = 59536
preemptive halt, cache_misses = 59536
preemptive halt, cache_misses = 59536
preemptive halt, cache_misses = 59536
preemptive halt, cache_misses = 59536
preemptive halt, cache_misses = 59536
preemptive halt, cache_misses = 59536
preemptive halt, cache_misses = 59536
preemptive halt, cache_misses = 59536
preemptive halt, cache_misses = 59536
preemptive halt, cache_misses = 59536
preemptive halt, cache_misses = 59536
preemptive halt, cache_misses = 59536
preemptive halt, cache_misses = 59536
preemptive halt, cache_misses = 59536
preemptive halt, cache_misses = 59536
preemptive halt, cache_misses = 59536
preemptive halt, cache_misses = 59536
preemptive halt, cache_misses = 59536
preemptive halt, cache_misses = 59536
preemptive halt, cache_misses = 59536
preemptive halt, cache_misses = 59536
preemptive halt, cache_misses = 59536
preemptive halt, cache_misses = 59536
preemptive halt, cache_misses = 59536
preemptive halt, cache_misses = 59536
preemptive halt, cache_misses = 59536
preemptive halt, cache_misses = 59536
preemptive halt, cache_misses = 59536
preemptive halt, cache_misses = 59536
preemptive halt, cache_misses = 59536
preemptive halt, cache_misses = 59536
preemptive halt, cache_misses = 59536
preemptive halt, cache_misses = 59536
preemptive halt, cache_misses = 59536
preemptive halt, cache_misses = 59536
preemptive halt, cache_misses = 59536
preemptive halt, cache_misses = 59536
preemptive halt, cache_misses = 59536
preemptive halt, cache_misses = 59536
preemptive halt, cache_misses = 59536
preemptive halt, cache_misses = 59536
preemptive halt, cache_misses = 59536
preemptive halt, cache_misses = 59536
preemptive halt, cache_misses = 59536
preemptive halt, cache_misses = 59536
preemptive halt, cache_misses = 59536
preemptive halt, cache_misses = 59536
preemptive halt, cache_misses = 59536
preemptive halt, cache_misses = 59536
preemptive halt, cache_misses = 59536
preemptive halt, cache_misses = 59536
preemptive halt, cache_misses = 59536
preemptive halt, cache_misses = 59536
preemptive halt, cache_misses = 59536
preemptive halt, cache_misses = 59536
preemptive halt, cache_misses = 59536
preemptive halt, cache_misses = 59536
preemptive halt, cache_misses = 59536
preemptive halt, cache_misses = 59536
preemptive halt, cache_misses = 59536
preemptive halt, cache_misses = 59536
preemptive halt, cache_misses = 59536
preemptive halt, cache_misses = 59536
preemptive halt, cache_misses = 59536
preemptive halt, cache_misses = 59536
preemptive halt, cache_misses = 59536
preemptive halt, cache_misses = 59536
preemptive halt, cache_misses = 59536
preemptive halt, cache_misses = 59536
preemptive halt, cache_misses = 59536
preemptive halt, cache_misses = 59536
binary search, size 19531  misses 59536  min 19375  max 19687
binary search, size 19609  misses 59535  min 19531  max 19687
binary search, size 19570  misses 59535  min 19531  max 19609
preemptive halt, cache_misses = 59536
preemptive halt, cache_misses = 59536
preemptive halt, cache_misses = 59536
preemptive halt, cache_misses = 59536
preemptive halt, cache_misses = 59536
preemptive halt, cache_misses = 59536
preemptive halt, cache_misses = 59536
preemptive halt, cache_misses = 59536
preemptive halt, cache_misses = 59536
preemptive halt, cache_misses = 59536
preemptive halt, cache_misses = 59536
preemptive halt, cache_misses = 59536
preemptive halt, cache_misses = 59536
preemptive halt, cache_misses = 59536
preemptive halt, cache_misses = 59536
preemptive halt, cache_misses = 59536
preemptive halt, cache_misses = 59536
preemptive halt, cache_misses = 59536
preemptive halt, cache_misses = 59536
preemptive halt, cache_misses = 59536
preemptive halt, cache_misses = 59536
preemptive halt, cache_misses = 59536
preemptive halt, cache_misses = 59536
preemptive halt, cache_misses = 59536
preemptive halt, cache_misses = 59536
preemptive halt, cache_misses = 59536
preemptive halt, cache_misses = 59536
preemptive halt, cache_misses = 59536
preemptive halt, cache_misses = 59536
preemptive halt, cache_misses = 59536
preemptive halt, cache_misses = 59536
preemptive halt, cache_misses = 59536
preemptive halt, cache_misses = 59536
preemptive halt, cache_misses = 59536
preemptive halt, cache_misses = 59536
preemptive halt, cache_misses = 59536
preemptive halt, cache_misses = 59536
preemptive halt, cache_misses = 59536
preemptive halt, cache_misses = 59536
preemptive halt, cache_misses = 59536
preemptive halt, cache_misses = 59536
preemptive halt, cache_misses = 59536
preemptive halt, cache_misses = 59536
preemptive halt, cache_misses = 59536
preemptive halt, cache_misses = 59536
preemptive halt, cache_misses = 59536
preemptive halt, cache_misses = 59536
preemptive halt, cache_misses = 59536
preemptive halt, cache_misses = 59536
preemptive halt, cache_misses = 59536
preemptive halt, cache_misses = 59536
preemptive halt, cache_misses = 59536
preemptive halt, cache_misses = 59536
preemptive halt, cache_misses = 59536
preemptive halt, cache_misses = 59536
preemptive halt, cache_misses = 59536
preemptive halt, cache_misses = 59536
preemptive halt, cache_misses = 59536
preemptive halt, cache_misses = 59536
preemptive halt, cache_misses = 59536
preemptive halt, cache_misses = 59536
preemptive halt, cache_misses = 59536
preemptive halt, cache_misses = 59536
preemptive halt, cache_misses = 59536
preemptive halt, cache_misses = 59536
preemptive halt, cache_misses = 59536
preemptive halt, cache_misses = 59536
preemptive halt, cache_misses = 59536
preemptive halt, cache_misses = 59536
preemptive halt, cache_misses = 59536
preemptive halt, cache_misses = 59536
preemptive halt, cache_misses = 59536
preemptive halt, cache_misses = 59536
preemptive halt, cache_misses = 59536
preemptive halt, cache_misses = 59536
preemptive halt, cache_misses = 59536
preemptive halt, cache_misses = 59536
preemptive halt, cache_misses = 59536
binary search, size 19550  misses 59536  min 19531  max 19570
binary search, size 19560  misses 59535  min 19550  max 19570
preemptive halt, cache_misses = 59536
preemptive halt, cache_misses = 59536
preemptive halt, cache_misses = 59536
preemptive halt, cache_misses = 59536
preemptive halt, cache_misses = 59536
preemptive halt, cache_misses = 59536
preemptive halt, cache_misses = 59536
preemptive halt, cache_misses = 59536
preemptive halt, cache_misses = 59536
preemptive halt, cache_misses = 59536
preemptive halt, cache_misses = 59536
preemptive halt, cache_misses = 59536
preemptive halt, cache_misses = 59536
preemptive halt, cache_misses = 59536
preemptive halt, cache_misses = 59536
preemptive halt, cache_misses = 59536
preemptive halt, cache_misses = 59536
preemptive halt, cache_misses = 59536
preemptive halt, cache_misses = 59536
preemptive halt, cache_misses = 59536
preemptive halt, cache_misses = 59536
preemptive halt, cache_misses = 59536
preemptive halt, cache_misses = 59536
preemptive halt, cache_misses = 59536
preemptive halt, cache_misses = 59536
preemptive halt, cache_misses = 59536
preemptive halt, cache_misses = 59536
preemptive halt, cache_misses = 59536
preemptive halt, cache_misses = 59536
preemptive halt, cache_misses = 59536
preemptive halt, cache_misses = 59536
preemptive halt, cache_misses = 59536
preemptive halt, cache_misses = 59536
preemptive halt, cache_misses = 59536
preemptive halt, cache_misses = 59536
preemptive halt, cache_misses = 59536
preemptive halt, cache_misses = 59536
preemptive halt, cache_misses = 59536
preemptive halt, cache_misses = 59536
preemptive halt, cache_misses = 59536
preemptive halt, cache_misses = 59536
preemptive halt, cache_misses = 59536
preemptive halt, cache_misses = 59536
preemptive halt, cache_misses = 59536
preemptive halt, cache_misses = 59536
preemptive halt, cache_misses = 59536
preemptive halt, cache_misses = 59536
preemptive halt, cache_misses = 59536
preemptive halt, cache_misses = 59536
preemptive halt, cache_misses = 59536
preemptive halt, cache_misses = 59536
preemptive halt, cache_misses = 59536
preemptive halt, cache_misses = 59536
preemptive halt, cache_misses = 59536
preemptive halt, cache_misses = 59536
preemptive halt, cache_misses = 59536
preemptive halt, cache_misses = 59536
preemptive halt, cache_misses = 59536
preemptive halt, cache_misses = 59536
preemptive halt, cache_misses = 59536
preemptive halt, cache_misses = 59536
preemptive halt, cache_misses = 59536
preemptive halt, cache_misses = 59536
preemptive halt, cache_misses = 59536
preemptive halt, cache_misses = 59536
preemptive halt, cache_misses = 59536
preemptive halt, cache_misses = 59536
preemptive halt, cache_misses = 59536
preemptive halt, cache_misses = 59536
preemptive halt, cache_misses = 59536
preemptive halt, cache_misses = 59536
preemptive halt, cache_misses = 59536
preemptive halt, cache_misses = 59536
preemptive halt, cache_misses = 59536
preemptive halt, cache_misses = 59536
preemptive halt, cache_misses = 59536
preemptive halt, cache_misses = 59536
preemptive halt, cache_misses = 59536
binary search, size 19555  misses 59536  min 19550  max 19560
preemptive halt, cache_misses = 59537
preemptive halt, cache_misses = 59537
preemptive halt, cache_misses = 59537
preemptive halt, cache_misses = 59537
preemptive halt, cache_misses = 59537
preemptive halt, cache_misses = 59537
preemptive halt, cache_misses = 59537
preemptive halt, cache_misses = 59537
preemptive halt, cache_misses = 59537
preemptive halt, cache_misses = 59537
preemptive halt, cache_misses = 59537
preemptive halt, cache_misses = 59537
preemptive halt, cache_misses = 59537
preemptive halt, cache_misses = 59537
preemptive halt, cache_misses = 59537
preemptive halt, cache_misses = 59537
preemptive halt, cache_misses = 59537
preemptive halt, cache_misses = 59537
preemptive halt, cache_misses = 59537
preemptive halt, cache_misses = 59537
preemptive halt, cache_misses = 59537
preemptive halt, cache_misses = 59537
preemptive halt, cache_misses = 59537
preemptive halt, cache_misses = 59537
preemptive halt, cache_misses = 59537
preemptive halt, cache_misses = 59537
preemptive halt, cache_misses = 59537
preemptive halt, cache_misses = 59537
preemptive halt, cache_misses = 59537
preemptive halt, cache_misses = 59537
preemptive halt, cache_misses = 59537
preemptive halt, cache_misses = 59537
preemptive halt, cache_misses = 59537
preemptive halt, cache_misses = 59537
preemptive halt, cache_misses = 59537
preemptive halt, cache_misses = 59537
preemptive halt, cache_misses = 59537
preemptive halt, cache_misses = 59537
preemptive halt, cache_misses = 59537
preemptive halt, cache_misses = 59537
preemptive halt, cache_misses = 59537
preemptive halt, cache_misses = 59537
preemptive halt, cache_misses = 59537
preemptive halt, cache_misses = 59537
preemptive halt, cache_misses = 59537
preemptive halt, cache_misses = 59537
preemptive halt, cache_misses = 59537
preemptive halt, cache_misses = 59537
preemptive halt, cache_misses = 59537
preemptive halt, cache_misses = 59537
preemptive halt, cache_misses = 59537
preemptive halt, cache_misses = 59537
preemptive halt, cache_misses = 59537
preemptive halt, cache_misses = 59537
preemptive halt, cache_misses = 59537
preemptive halt, cache_misses = 59537
preemptive halt, cache_misses = 59537
preemptive halt, cache_misses = 59537
preemptive halt, cache_misses = 59537
preemptive halt, cache_misses = 59537
preemptive halt, cache_misses = 59537
preemptive halt, cache_misses = 59537
preemptive halt, cache_misses = 59537
preemptive halt, cache_misses = 59537
preemptive halt, cache_misses = 59537
preemptive halt, cache_misses = 59537
preemptive halt, cache_misses = 59537
preemptive halt, cache_misses = 59537
preemptive halt, cache_misses = 59537
preemptive halt, cache_misses = 59537
preemptive halt, cache_misses = 59537
preemptive halt, cache_misses = 59537
preemptive halt, cache_misses = 59537
preemptive halt, cache_misses = 59537
preemptive halt, cache_misses = 59537
preemptive halt, cache_misses = 59537
preemptive halt, cache_misses = 59537
preemptive halt, cache_misses = 59537
preemptive halt, cache_misses = 59537
preemptive halt, cache_misses = 59537
binary search, size 19557  misses 59537  min 19555  max 19560
binary search, size 19558  misses 59535  min 19557  max 19560
characteristic cache size (binary search) for 243 = 19558
End at: 2021-04-02 16:05:09.692070
Time elapsed: 0:00:01.094929
