Begin at: 2021-04-02 16:04:16.188895
['../dist/Debug/GNU-Linux/memo_batch_tester', '', '--mbt_execution_trace_fname', 'olcs4_traceback_csize_input_types/OLCS4_lru_2021_04_02__16_03_24_k_3__d_2_cache_size_160000_problems_10_to_400/OLCS4_lru_2021_04_02__16_03_24_k_3__d_2_cache_size_160000_problems_10_to_400/OLCS4__do_traceback_prob_size_185_cache_size_160000_lru_k_3_d_2_execution_trace_2021_4_2_16_4_16_pid_20745.log', '--mbt_cache_misses_fname', 'olcs4_traceback_csize_input_types/OLCS4_lru_2021_04_02__16_03_24_k_3__d_2_cache_size_160000_problems_10_to_400/lcs_cost_OLCS4_lru_misses_for_cache_size.csv', '--mbt_misses_for_problem_size_fname', 'olcs4_traceback_csize_input_types/OLCS4_lru_2021_04_02__16_03_24_k_3__d_2_cache_size_160000_problems_10_to_400/lcs_cost_OLCS4_lru_misses_for_problem_size.csv', '--mbt_exact_cutoff_min_cache_size', '160000', '--mbt_exact_cutoff_max_cache_size', '160000', '--mbt_problem_type', 'lcs', '--mbt_metric_type', 'csize_binary_search', '--mbt_cutoff_ratio', '2.2', '--mbt_instance_fname', '185', '--mbt_detailed_cache_misses_out_fname', 'csize_olcs4_traceback_0011n_ceil_n_b_6.csv', '--mbt_phi_N', '5.0', '--mbt_problem_size', '185', '--lcs_compute_length', '0', '--lcs_perform_traceback', '1', '--lig_instance_type', '0011n_ceil_n_b', '--lig_n', '185', '--lig_c', '0.9', '--lig_b', '6.0', '--lcs_oblivious', '4', '--lcs_execution_trace_fname', 'olcs4_traceback_csize_input_types/OLCS4_lru_2021_04_02__16_03_24_k_3__d_2_cache_size_160000_problems_10_to_400/OLCS4_lru_2021_04_02__16_03_24_k_3__d_2_cache_size_160000_problems_10_to_400/OLCS4__do_traceback_prob_size_185_cache_size_160000_lru_k_3_d_2_execution_trace_2021_4_2_16_4_16_pid_20745.log', '--memo_caching_strategy', 'lru', '--memo_cache_size', '160001', '--memo_lru_queue_size', '160000', '--memo_cuckoo_k', '4', '--memo_key_length', '8', '--memo_value_length', '8', '--memo_k_timestamps', '3', '--memo_d_recent_timestamps', '2', '--memo_a_items_per_timestamp_factor', '0.4375']

csize_binary_search chosen
lcs problem_type lcs cache_size 160001
initialize_long_int_cache begin
init_memo
arguments to memo:
 --mbt_execution_trace_fname olcs4_traceback_csize_input_types/OLCS4_lru_2021_04_02__16_03_24_k_3__d_2_cache_size_160000_problems_10_to_400/OLCS4_lru_2021_04_02__16_03_24_k_3__d_2_cache_size_160000_problems_10_to_400/OLCS4__do_traceback_prob_size_185_cache_size_160000_lru_k_3_d_2_execution_trace_2021_4_2_16_4_16_pid_20745.log --mbt_cache_misses_fname olcs4_traceback_csize_input_types/OLCS4_lru_2021_04_02__16_03_24_k_3__d_2_cache_size_160000_problems_10_to_400/lcs_cost_OLCS4_lru_misses_for_cache_size.csv --mbt_misses_for_problem_size_fname olcs4_traceback_csize_input_types/OLCS4_lru_2021_04_02__16_03_24_k_3__d_2_cache_size_160000_problems_10_to_400/lcs_cost_OLCS4_lru_misses_for_problem_size.csv --mbt_exact_cutoff_min_cache_size 160000 --mbt_exact_cutoff_max_cache_size 160000 --mbt_problem_type lcs --mbt_metric_type csize_binary_search --mbt_cutoff_ratio 2.2 --mbt_instance_fname 185 --mbt_detailed_cache_misses_out_fname csize_olcs4_traceback_0011n_ceil_n_b_6.csv --mbt_phi_N 5.0 --mbt_problem_size 185 --lcs_compute_length 0 --lcs_perform_traceback 1 --lig_instance_type 0011n_ceil_n_b --lig_n 185 --lig_c 0.9 --lig_b 6.0 --lcs_oblivious 4 --lcs_execution_trace_fname olcs4_traceback_csize_input_types/OLCS4_lru_2021_04_02__16_03_24_k_3__d_2_cache_size_160000_problems_10_to_400/OLCS4_lru_2021_04_02__16_03_24_k_3__d_2_cache_size_160000_problems_10_to_400/OLCS4__do_traceback_prob_size_185_cache_size_160000_lru_k_3_d_2_execution_trace_2021_4_2_16_4_16_pid_20745.log --memo_caching_strategy lru --memo_cache_size 160001 --memo_lru_queue_size 160000 --memo_cuckoo_k 4 --memo_key_length 8 --memo_value_length 8 --memo_k_timestamps 3 --memo_d_recent_timestamps 2 --memo_a_items_per_timestamp_factor 0.4375 
calculate_table_size: table_size is 262144, original is 160001
Finished initializing cache
initialize_long_int_cache end
done initializing cache
initializing problem
done initializing problem
commence trials
Starting characteristic_cache_size_binary_search with max cache size 160001
binary search, size 160001  misses 34595
binary search, size 80000  misses 34595  min 0  max 160001
binary search, size 40000  misses 34595  min 0  max 80000
binary search, size 20000  misses 34595  min 0  max 40000
preemptive halt, cache_misses = 34596
preemptive halt, cache_misses = 34596
preemptive halt, cache_misses = 34596
preemptive halt, cache_misses = 34596
preemptive halt, cache_misses = 34596
preemptive halt, cache_misses = 34596
preemptive halt, cache_misses = 34596
preemptive halt, cache_misses = 34596
preemptive halt, cache_misses = 34596
preemptive halt, cache_misses = 34596
preemptive halt, cache_misses = 34596
preemptive halt, cache_misses = 34596
preemptive halt, cache_misses = 34596
preemptive halt, cache_misses = 34596
preemptive halt, cache_misses = 34596
preemptive halt, cache_misses = 34596
preemptive halt, cache_misses = 34596
preemptive halt, cache_misses = 34596
preemptive halt, cache_misses = 34596
preemptive halt, cache_misses = 34596
preemptive halt, cache_misses = 34596
preemptive halt, cache_misses = 34596
preemptive halt, cache_misses = 34596
preemptive halt, cache_misses = 34596
preemptive halt, cache_misses = 34596
preemptive halt, cache_misses = 34596
preemptive halt, cache_misses = 34596
preemptive halt, cache_misses = 34596
preemptive halt, cache_misses = 34596
preemptive halt, cache_misses = 34596
preemptive halt, cache_misses = 34596
preemptive halt, cache_misses = 34596
preemptive halt, cache_misses = 34596
preemptive halt, cache_misses = 34596
preemptive halt, cache_misses = 34596
preemptive halt, cache_misses = 34596
preemptive halt, cache_misses = 34596
preemptive halt, cache_misses = 34596
preemptive halt, cache_misses = 34596
preemptive halt, cache_misses = 34596
preemptive halt, cache_misses = 34596
preemptive halt, cache_misses = 34596
preemptive halt, cache_misses = 34596
preemptive halt, cache_misses = 34596
preemptive halt, cache_misses = 34596
preemptive halt, cache_misses = 34596
preemptive halt, cache_misses = 34596
preemptive halt, cache_misses = 34596
preemptive halt, cache_misses = 34596
preemptive halt, cache_misses = 34596
preemptive halt, cache_misses = 34596
preemptive halt, cache_misses = 34596
preemptive halt, cache_misses = 34596
preemptive halt, cache_misses = 34596
preemptive halt, cache_misses = 34596
preemptive halt, cache_misses = 34596
preemptive halt, cache_misses = 34596
preemptive halt, cache_misses = 34596
preemptive halt, cache_misses = 34596
preemptive halt, cache_misses = 34596
preemptive halt, cache_misses = 34596
preemptive halt, cache_misses = 34596
binary search, size 10000  misses 34596  min 0  max 20000
binary search, size 15000  misses 34595  min 10000  max 20000
binary search, size 12500  misses 34595  min 10000  max 15000
preemptive halt, cache_misses = 34596
preemptive halt, cache_misses = 34596
preemptive halt, cache_misses = 34596
preemptive halt, cache_misses = 34596
preemptive halt, cache_misses = 34596
preemptive halt, cache_misses = 34596
preemptive halt, cache_misses = 34596
preemptive halt, cache_misses = 34596
preemptive halt, cache_misses = 34596
preemptive halt, cache_misses = 34596
preemptive halt, cache_misses = 34596
preemptive halt, cache_misses = 34596
preemptive halt, cache_misses = 34596
preemptive halt, cache_misses = 34596
preemptive halt, cache_misses = 34596
preemptive halt, cache_misses = 34596
preemptive halt, cache_misses = 34596
preemptive halt, cache_misses = 34596
preemptive halt, cache_misses = 34596
preemptive halt, cache_misses = 34596
preemptive halt, cache_misses = 34596
preemptive halt, cache_misses = 34596
preemptive halt, cache_misses = 34596
preemptive halt, cache_misses = 34596
preemptive halt, cache_misses = 34596
preemptive halt, cache_misses = 34596
preemptive halt, cache_misses = 34596
preemptive halt, cache_misses = 34596
preemptive halt, cache_misses = 34596
preemptive halt, cache_misses = 34596
preemptive halt, cache_misses = 34596
preemptive halt, cache_misses = 34596
preemptive halt, cache_misses = 34596
preemptive halt, cache_misses = 34596
preemptive halt, cache_misses = 34596
preemptive halt, cache_misses = 34596
preemptive halt, cache_misses = 34596
preemptive halt, cache_misses = 34596
preemptive halt, cache_misses = 34596
preemptive halt, cache_misses = 34596
preemptive halt, cache_misses = 34596
preemptive halt, cache_misses = 34596
preemptive halt, cache_misses = 34596
preemptive halt, cache_misses = 34596
preemptive halt, cache_misses = 34596
preemptive halt, cache_misses = 34596
preemptive halt, cache_misses = 34596
preemptive halt, cache_misses = 34596
preemptive halt, cache_misses = 34596
preemptive halt, cache_misses = 34596
preemptive halt, cache_misses = 34596
preemptive halt, cache_misses = 34596
preemptive halt, cache_misses = 34596
preemptive halt, cache_misses = 34596
preemptive halt, cache_misses = 34596
preemptive halt, cache_misses = 34596
preemptive halt, cache_misses = 34596
preemptive halt, cache_misses = 34596
preemptive halt, cache_misses = 34596
preemptive halt, cache_misses = 34596
preemptive halt, cache_misses = 34596
preemptive halt, cache_misses = 34596
binary search, size 11250  misses 34596  min 10000  max 12500
binary search, size 11875  misses 34595  min 11250  max 12500
binary search, size 11562  misses 34595  min 11250  max 11875
preemptive halt, cache_misses = 34596
preemptive halt, cache_misses = 34596
preemptive halt, cache_misses = 34596
preemptive halt, cache_misses = 34596
preemptive halt, cache_misses = 34596
preemptive halt, cache_misses = 34596
preemptive halt, cache_misses = 34596
preemptive halt, cache_misses = 34596
preemptive halt, cache_misses = 34596
preemptive halt, cache_misses = 34596
preemptive halt, cache_misses = 34596
preemptive halt, cache_misses = 34596
preemptive halt, cache_misses = 34596
preemptive halt, cache_misses = 34596
preemptive halt, cache_misses = 34596
preemptive halt, cache_misses = 34596
preemptive halt, cache_misses = 34596
preemptive halt, cache_misses = 34596
preemptive halt, cache_misses = 34596
preemptive halt, cache_misses = 34596
preemptive halt, cache_misses = 34596
preemptive halt, cache_misses = 34596
preemptive halt, cache_misses = 34596
preemptive halt, cache_misses = 34596
preemptive halt, cache_misses = 34596
preemptive halt, cache_misses = 34596
preemptive halt, cache_misses = 34596
preemptive halt, cache_misses = 34596
preemptive halt, cache_misses = 34596
preemptive halt, cache_misses = 34596
preemptive halt, cache_misses = 34596
preemptive halt, cache_misses = 34596
preemptive halt, cache_misses = 34596
preemptive halt, cache_misses = 34596
preemptive halt, cache_misses = 34596
preemptive halt, cache_misses = 34596
preemptive halt, cache_misses = 34596
preemptive halt, cache_misses = 34596
preemptive halt, cache_misses = 34596
preemptive halt, cache_misses = 34596
preemptive halt, cache_misses = 34596
preemptive halt, cache_misses = 34596
preemptive halt, cache_misses = 34596
preemptive halt, cache_misses = 34596
preemptive halt, cache_misses = 34596
preemptive halt, cache_misses = 34596
preemptive halt, cache_misses = 34596
preemptive halt, cache_misses = 34596
preemptive halt, cache_misses = 34596
preemptive halt, cache_misses = 34596
preemptive halt, cache_misses = 34596
preemptive halt, cache_misses = 34596
preemptive halt, cache_misses = 34596
preemptive halt, cache_misses = 34596
preemptive halt, cache_misses = 34596
preemptive halt, cache_misses = 34596
preemptive halt, cache_misses = 34596
preemptive halt, cache_misses = 34596
preemptive halt, cache_misses = 34596
preemptive halt, cache_misses = 34596
preemptive halt, cache_misses = 34596
preemptive halt, cache_misses = 34596
binary search, size 11406  misses 34596  min 11250  max 11562
preemptive halt, cache_misses = 34597
preemptive halt, cache_misses = 34597
preemptive halt, cache_misses = 34597
preemptive halt, cache_misses = 34597
preemptive halt, cache_misses = 34597
preemptive halt, cache_misses = 34597
preemptive halt, cache_misses = 34597
preemptive halt, cache_misses = 34597
preemptive halt, cache_misses = 34597
preemptive halt, cache_misses = 34597
preemptive halt, cache_misses = 34597
preemptive halt, cache_misses = 34597
preemptive halt, cache_misses = 34597
preemptive halt, cache_misses = 34597
preemptive halt, cache_misses = 34597
preemptive halt, cache_misses = 34597
preemptive halt, cache_misses = 34597
preemptive halt, cache_misses = 34597
preemptive halt, cache_misses = 34597
preemptive halt, cache_misses = 34597
preemptive halt, cache_misses = 34597
preemptive halt, cache_misses = 34597
preemptive halt, cache_misses = 34597
preemptive halt, cache_misses = 34597
preemptive halt, cache_misses = 34597
preemptive halt, cache_misses = 34597
preemptive halt, cache_misses = 34597
preemptive halt, cache_misses = 34597
preemptive halt, cache_misses = 34597
preemptive halt, cache_misses = 34597
preemptive halt, cache_misses = 34597
preemptive halt, cache_misses = 34597
preemptive halt, cache_misses = 34597
preemptive halt, cache_misses = 34597
preemptive halt, cache_misses = 34597
preemptive halt, cache_misses = 34597
preemptive halt, cache_misses = 34597
preemptive halt, cache_misses = 34597
preemptive halt, cache_misses = 34597
preemptive halt, cache_misses = 34597
preemptive halt, cache_misses = 34597
preemptive halt, cache_misses = 34597
preemptive halt, cache_misses = 34597
preemptive halt, cache_misses = 34597
preemptive halt, cache_misses = 34597
preemptive halt, cache_misses = 34597
preemptive halt, cache_misses = 34597
preemptive halt, cache_misses = 34597
preemptive halt, cache_misses = 34597
preemptive halt, cache_misses = 34597
preemptive halt, cache_misses = 34597
preemptive halt, cache_misses = 34597
preemptive halt, cache_misses = 34597
preemptive halt, cache_misses = 34597
preemptive halt, cache_misses = 34597
preemptive halt, cache_misses = 34597
preemptive halt, cache_misses = 34597
preemptive halt, cache_misses = 34597
preemptive halt, cache_misses = 34597
preemptive halt, cache_misses = 34597
preemptive halt, cache_misses = 34597
preemptive halt, cache_misses = 34597
preemptive halt, cache_misses = 34597
preemptive halt, cache_misses = 34597
binary search, size 11484  misses 34597  min 11406  max 11562
preemptive halt, cache_misses = 34598
preemptive halt, cache_misses = 34598
preemptive halt, cache_misses = 34598
preemptive halt, cache_misses = 34598
preemptive halt, cache_misses = 34598
preemptive halt, cache_misses = 34598
preemptive halt, cache_misses = 34598
preemptive halt, cache_misses = 34598
preemptive halt, cache_misses = 34598
preemptive halt, cache_misses = 34598
preemptive halt, cache_misses = 34598
preemptive halt, cache_misses = 34598
preemptive halt, cache_misses = 34598
preemptive halt, cache_misses = 34598
preemptive halt, cache_misses = 34598
preemptive halt, cache_misses = 34598
preemptive halt, cache_misses = 34598
preemptive halt, cache_misses = 34598
preemptive halt, cache_misses = 34598
preemptive halt, cache_misses = 34598
preemptive halt, cache_misses = 34598
preemptive halt, cache_misses = 34598
preemptive halt, cache_misses = 34598
preemptive halt, cache_misses = 34598
preemptive halt, cache_misses = 34598
preemptive halt, cache_misses = 34598
preemptive halt, cache_misses = 34598
preemptive halt, cache_misses = 34598
preemptive halt, cache_misses = 34598
preemptive halt, cache_misses = 34598
preemptive halt, cache_misses = 34598
preemptive halt, cache_misses = 34598
preemptive halt, cache_misses = 34598
preemptive halt, cache_misses = 34598
preemptive halt, cache_misses = 34598
preemptive halt, cache_misses = 34598
preemptive halt, cache_misses = 34598
preemptive halt, cache_misses = 34598
preemptive halt, cache_misses = 34598
preemptive halt, cache_misses = 34598
preemptive halt, cache_misses = 34598
preemptive halt, cache_misses = 34598
preemptive halt, cache_misses = 34598
preemptive halt, cache_misses = 34598
preemptive halt, cache_misses = 34598
preemptive halt, cache_misses = 34598
preemptive halt, cache_misses = 34598
preemptive halt, cache_misses = 34598
preemptive halt, cache_misses = 34598
preemptive halt, cache_misses = 34598
preemptive halt, cache_misses = 34598
preemptive halt, cache_misses = 34598
preemptive halt, cache_misses = 34598
preemptive halt, cache_misses = 34598
preemptive halt, cache_misses = 34598
preemptive halt, cache_misses = 34598
preemptive halt, cache_misses = 34598
preemptive halt, cache_misses = 34598
preemptive halt, cache_misses = 34598
preemptive halt, cache_misses = 34598
preemptive halt, cache_misses = 34598
preemptive halt, cache_misses = 34598
preemptive halt, cache_misses = 34598
preemptive halt, cache_misses = 34598
preemptive halt, cache_misses = 34598
preemptive halt, cache_misses = 34598
binary search, size 11523  misses 34598  min 11484  max 11562
preemptive halt, cache_misses = 34599
preemptive halt, cache_misses = 34599
preemptive halt, cache_misses = 34599
preemptive halt, cache_misses = 34599
preemptive halt, cache_misses = 34599
preemptive halt, cache_misses = 34599
preemptive halt, cache_misses = 34599
preemptive halt, cache_misses = 34599
preemptive halt, cache_misses = 34599
preemptive halt, cache_misses = 34599
preemptive halt, cache_misses = 34599
preemptive halt, cache_misses = 34599
preemptive halt, cache_misses = 34599
preemptive halt, cache_misses = 34599
preemptive halt, cache_misses = 34599
preemptive halt, cache_misses = 34599
preemptive halt, cache_misses = 34599
preemptive halt, cache_misses = 34599
preemptive halt, cache_misses = 34599
preemptive halt, cache_misses = 34599
preemptive halt, cache_misses = 34599
preemptive halt, cache_misses = 34599
preemptive halt, cache_misses = 34599
preemptive halt, cache_misses = 34599
preemptive halt, cache_misses = 34599
preemptive halt, cache_misses = 34599
preemptive halt, cache_misses = 34599
preemptive halt, cache_misses = 34599
preemptive halt, cache_misses = 34599
preemptive halt, cache_misses = 34599
preemptive halt, cache_misses = 34599
preemptive halt, cache_misses = 34599
preemptive halt, cache_misses = 34599
preemptive halt, cache_misses = 34599
preemptive halt, cache_misses = 34599
preemptive halt, cache_misses = 34599
preemptive halt, cache_misses = 34599
preemptive halt, cache_misses = 34599
preemptive halt, cache_misses = 34599
preemptive halt, cache_misses = 34599
preemptive halt, cache_misses = 34599
preemptive halt, cache_misses = 34599
preemptive halt, cache_misses = 34599
preemptive halt, cache_misses = 34599
preemptive halt, cache_misses = 34599
preemptive halt, cache_misses = 34599
preemptive halt, cache_misses = 34599
preemptive halt, cache_misses = 34599
preemptive halt, cache_misses = 34599
preemptive halt, cache_misses = 34599
preemptive halt, cache_misses = 34599
preemptive halt, cache_misses = 34599
preemptive halt, cache_misses = 34599
preemptive halt, cache_misses = 34599
preemptive halt, cache_misses = 34599
preemptive halt, cache_misses = 34599
preemptive halt, cache_misses = 34599
preemptive halt, cache_misses = 34599
preemptive halt, cache_misses = 34599
preemptive halt, cache_misses = 34599
preemptive halt, cache_misses = 34599
preemptive halt, cache_misses = 34599
preemptive halt, cache_misses = 34599
preemptive halt, cache_misses = 34599
preemptive halt, cache_misses = 34599
preemptive halt, cache_misses = 34599
preemptive halt, cache_misses = 34599
preemptive halt, cache_misses = 34599
binary search, size 11542  misses 34599  min 11523  max 11562
preemptive halt, cache_misses = 34600
preemptive halt, cache_misses = 34600
preemptive halt, cache_misses = 34600
preemptive halt, cache_misses = 34600
preemptive halt, cache_misses = 34600
preemptive halt, cache_misses = 34600
preemptive halt, cache_misses = 34600
preemptive halt, cache_misses = 34600
preemptive halt, cache_misses = 34600
preemptive halt, cache_misses = 34600
preemptive halt, cache_misses = 34600
preemptive halt, cache_misses = 34600
preemptive halt, cache_misses = 34600
preemptive halt, cache_misses = 34600
preemptive halt, cache_misses = 34600
preemptive halt, cache_misses = 34600
preemptive halt, cache_misses = 34600
preemptive halt, cache_misses = 34600
preemptive halt, cache_misses = 34600
preemptive halt, cache_misses = 34600
preemptive halt, cache_misses = 34600
preemptive halt, cache_misses = 34600
preemptive halt, cache_misses = 34600
preemptive halt, cache_misses = 34600
preemptive halt, cache_misses = 34600
preemptive halt, cache_misses = 34600
preemptive halt, cache_misses = 34600
preemptive halt, cache_misses = 34600
preemptive halt, cache_misses = 34600
preemptive halt, cache_misses = 34600
preemptive halt, cache_misses = 34600
preemptive halt, cache_misses = 34600
preemptive halt, cache_misses = 34600
preemptive halt, cache_misses = 34600
preemptive halt, cache_misses = 34600
preemptive halt, cache_misses = 34600
preemptive halt, cache_misses = 34600
preemptive halt, cache_misses = 34600
preemptive halt, cache_misses = 34600
preemptive halt, cache_misses = 34600
preemptive halt, cache_misses = 34600
preemptive halt, cache_misses = 34600
preemptive halt, cache_misses = 34600
preemptive halt, cache_misses = 34600
preemptive halt, cache_misses = 34600
preemptive halt, cache_misses = 34600
preemptive halt, cache_misses = 34600
preemptive halt, cache_misses = 34600
preemptive halt, cache_misses = 34600
preemptive halt, cache_misses = 34600
preemptive halt, cache_misses = 34600
preemptive halt, cache_misses = 34600
preemptive halt, cache_misses = 34600
preemptive halt, cache_misses = 34600
preemptive halt, cache_misses = 34600
preemptive halt, cache_misses = 34600
preemptive halt, cache_misses = 34600
preemptive halt, cache_misses = 34600
preemptive halt, cache_misses = 34600
preemptive halt, cache_misses = 34600
preemptive halt, cache_misses = 34600
preemptive halt, cache_misses = 34600
preemptive halt, cache_misses = 34600
preemptive halt, cache_misses = 34600
preemptive halt, cache_misses = 34600
preemptive halt, cache_misses = 34600
preemptive halt, cache_misses = 34600
preemptive halt, cache_misses = 34600
preemptive halt, cache_misses = 34600
preemptive halt, cache_misses = 34600
binary search, size 11552  misses 34600  min 11542  max 11562
preemptive halt, cache_misses = 34601
preemptive halt, cache_misses = 34601
preemptive halt, cache_misses = 34601
preemptive halt, cache_misses = 34601
preemptive halt, cache_misses = 34601
preemptive halt, cache_misses = 34601
preemptive halt, cache_misses = 34601
preemptive halt, cache_misses = 34601
preemptive halt, cache_misses = 34601
preemptive halt, cache_misses = 34601
preemptive halt, cache_misses = 34601
preemptive halt, cache_misses = 34601
preemptive halt, cache_misses = 34601
preemptive halt, cache_misses = 34601
preemptive halt, cache_misses = 34601
preemptive halt, cache_misses = 34601
preemptive halt, cache_misses = 34601
preemptive halt, cache_misses = 34601
preemptive halt, cache_misses = 34601
preemptive halt, cache_misses = 34601
preemptive halt, cache_misses = 34601
preemptive halt, cache_misses = 34601
preemptive halt, cache_misses = 34601
preemptive halt, cache_misses = 34601
preemptive halt, cache_misses = 34601
preemptive halt, cache_misses = 34601
preemptive halt, cache_misses = 34601
preemptive halt, cache_misses = 34601
preemptive halt, cache_misses = 34601
preemptive halt, cache_misses = 34601
preemptive halt, cache_misses = 34601
preemptive halt, cache_misses = 34601
preemptive halt, cache_misses = 34601
preemptive halt, cache_misses = 34601
preemptive halt, cache_misses = 34601
preemptive halt, cache_misses = 34601
preemptive halt, cache_misses = 34601
preemptive halt, cache_misses = 34601
preemptive halt, cache_misses = 34601
preemptive halt, cache_misses = 34601
preemptive halt, cache_misses = 34601
preemptive halt, cache_misses = 34601
preemptive halt, cache_misses = 34601
preemptive halt, cache_misses = 34601
preemptive halt, cache_misses = 34601
preemptive halt, cache_misses = 34601
preemptive halt, cache_misses = 34601
preemptive halt, cache_misses = 34601
preemptive halt, cache_misses = 34601
preemptive halt, cache_misses = 34601
preemptive halt, cache_misses = 34601
preemptive halt, cache_misses = 34601
preemptive halt, cache_misses = 34601
preemptive halt, cache_misses = 34601
preemptive halt, cache_misses = 34601
preemptive halt, cache_misses = 34601
preemptive halt, cache_misses = 34601
preemptive halt, cache_misses = 34601
preemptive halt, cache_misses = 34601
preemptive halt, cache_misses = 34601
preemptive halt, cache_misses = 34601
preemptive halt, cache_misses = 34601
preemptive halt, cache_misses = 34601
preemptive halt, cache_misses = 34601
preemptive halt, cache_misses = 34601
preemptive halt, cache_misses = 34601
preemptive halt, cache_misses = 34601
preemptive halt, cache_misses = 34601
preemptive halt, cache_misses = 34601
preemptive halt, cache_misses = 34601
preemptive halt, cache_misses = 34601
preemptive halt, cache_misses = 34601
binary search, size 11557  misses 34601  min 11552  max 11562
preemptive halt, cache_misses = 34602
preemptive halt, cache_misses = 34602
preemptive halt, cache_misses = 34602
preemptive halt, cache_misses = 34602
preemptive halt, cache_misses = 34602
preemptive halt, cache_misses = 34602
preemptive halt, cache_misses = 34602
preemptive halt, cache_misses = 34602
preemptive halt, cache_misses = 34602
preemptive halt, cache_misses = 34602
preemptive halt, cache_misses = 34602
preemptive halt, cache_misses = 34602
preemptive halt, cache_misses = 34602
preemptive halt, cache_misses = 34602
preemptive halt, cache_misses = 34602
preemptive halt, cache_misses = 34602
preemptive halt, cache_misses = 34602
preemptive halt, cache_misses = 34602
preemptive halt, cache_misses = 34602
preemptive halt, cache_misses = 34602
preemptive halt, cache_misses = 34602
preemptive halt, cache_misses = 34602
preemptive halt, cache_misses = 34602
preemptive halt, cache_misses = 34602
preemptive halt, cache_misses = 34602
preemptive halt, cache_misses = 34602
preemptive halt, cache_misses = 34602
preemptive halt, cache_misses = 34602
preemptive halt, cache_misses = 34602
preemptive halt, cache_misses = 34602
preemptive halt, cache_misses = 34602
preemptive halt, cache_misses = 34602
preemptive halt, cache_misses = 34602
preemptive halt, cache_misses = 34602
preemptive halt, cache_misses = 34602
preemptive halt, cache_misses = 34602
preemptive halt, cache_misses = 34602
preemptive halt, cache_misses = 34602
preemptive halt, cache_misses = 34602
preemptive halt, cache_misses = 34602
preemptive halt, cache_misses = 34602
preemptive halt, cache_misses = 34602
preemptive halt, cache_misses = 34602
preemptive halt, cache_misses = 34602
preemptive halt, cache_misses = 34602
preemptive halt, cache_misses = 34602
preemptive halt, cache_misses = 34602
preemptive halt, cache_misses = 34602
preemptive halt, cache_misses = 34602
preemptive halt, cache_misses = 34602
preemptive halt, cache_misses = 34602
preemptive halt, cache_misses = 34602
preemptive halt, cache_misses = 34602
preemptive halt, cache_misses = 34602
preemptive halt, cache_misses = 34602
preemptive halt, cache_misses = 34602
preemptive halt, cache_misses = 34602
preemptive halt, cache_misses = 34602
preemptive halt, cache_misses = 34602
preemptive halt, cache_misses = 34602
preemptive halt, cache_misses = 34602
preemptive halt, cache_misses = 34602
preemptive halt, cache_misses = 34602
preemptive halt, cache_misses = 34602
preemptive halt, cache_misses = 34602
preemptive halt, cache_misses = 34602
preemptive halt, cache_misses = 34602
preemptive halt, cache_misses = 34602
preemptive halt, cache_misses = 34602
preemptive halt, cache_misses = 34602
preemptive halt, cache_misses = 34602
preemptive halt, cache_misses = 34602
preemptive halt, cache_misses = 34602
preemptive halt, cache_misses = 34602
binary search, size 11559  misses 34602  min 11557  max 11562
preemptive halt, cache_misses = 34603
preemptive halt, cache_misses = 34603
preemptive halt, cache_misses = 34603
preemptive halt, cache_misses = 34603
preemptive halt, cache_misses = 34603
preemptive halt, cache_misses = 34603
preemptive halt, cache_misses = 34603
preemptive halt, cache_misses = 34603
preemptive halt, cache_misses = 34603
preemptive halt, cache_misses = 34603
preemptive halt, cache_misses = 34603
preemptive halt, cache_misses = 34603
preemptive halt, cache_misses = 34603
preemptive halt, cache_misses = 34603
preemptive halt, cache_misses = 34603
preemptive halt, cache_misses = 34603
preemptive halt, cache_misses = 34603
preemptive halt, cache_misses = 34603
preemptive halt, cache_misses = 34603
preemptive halt, cache_misses = 34603
preemptive halt, cache_misses = 34603
preemptive halt, cache_misses = 34603
preemptive halt, cache_misses = 34603
preemptive halt, cache_misses = 34603
preemptive halt, cache_misses = 34603
preemptive halt, cache_misses = 34603
preemptive halt, cache_misses = 34603
preemptive halt, cache_misses = 34603
preemptive halt, cache_misses = 34603
preemptive halt, cache_misses = 34603
preemptive halt, cache_misses = 34603
preemptive halt, cache_misses = 34603
preemptive halt, cache_misses = 34603
preemptive halt, cache_misses = 34603
preemptive halt, cache_misses = 34603
preemptive halt, cache_misses = 34603
preemptive halt, cache_misses = 34603
preemptive halt, cache_misses = 34603
preemptive halt, cache_misses = 34603
preemptive halt, cache_misses = 34603
preemptive halt, cache_misses = 34603
preemptive halt, cache_misses = 34603
preemptive halt, cache_misses = 34603
preemptive halt, cache_misses = 34603
preemptive halt, cache_misses = 34603
preemptive halt, cache_misses = 34603
preemptive halt, cache_misses = 34603
preemptive halt, cache_misses = 34603
preemptive halt, cache_misses = 34603
preemptive halt, cache_misses = 34603
preemptive halt, cache_misses = 34603
preemptive halt, cache_misses = 34603
preemptive halt, cache_misses = 34603
preemptive halt, cache_misses = 34603
preemptive halt, cache_misses = 34603
preemptive halt, cache_misses = 34603
preemptive halt, cache_misses = 34603
preemptive halt, cache_misses = 34603
preemptive halt, cache_misses = 34603
preemptive halt, cache_misses = 34603
preemptive halt, cache_misses = 34603
preemptive halt, cache_misses = 34603
preemptive halt, cache_misses = 34603
preemptive halt, cache_misses = 34603
preemptive halt, cache_misses = 34603
preemptive halt, cache_misses = 34603
preemptive halt, cache_misses = 34603
preemptive halt, cache_misses = 34603
preemptive halt, cache_misses = 34603
preemptive halt, cache_misses = 34603
preemptive halt, cache_misses = 34603
preemptive halt, cache_misses = 34603
preemptive halt, cache_misses = 34603
preemptive halt, cache_misses = 34603
preemptive halt, cache_misses = 34603
preemptive halt, cache_misses = 34603
binary search, size 11560  misses 34603  min 11559  max 11562
preemptive halt, cache_misses = 34604
preemptive halt, cache_misses = 34604
preemptive halt, cache_misses = 34604
preemptive halt, cache_misses = 34604
preemptive halt, cache_misses = 34604
preemptive halt, cache_misses = 34604
preemptive halt, cache_misses = 34604
preemptive halt, cache_misses = 34604
preemptive halt, cache_misses = 34604
preemptive halt, cache_misses = 34604
preemptive halt, cache_misses = 34604
preemptive halt, cache_misses = 34604
preemptive halt, cache_misses = 34604
preemptive halt, cache_misses = 34604
preemptive halt, cache_misses = 34604
preemptive halt, cache_misses = 34604
preemptive halt, cache_misses = 34604
preemptive halt, cache_misses = 34604
preemptive halt, cache_misses = 34604
preemptive halt, cache_misses = 34604
preemptive halt, cache_misses = 34604
preemptive halt, cache_misses = 34604
preemptive halt, cache_misses = 34604
preemptive halt, cache_misses = 34604
preemptive halt, cache_misses = 34604
preemptive halt, cache_misses = 34604
preemptive halt, cache_misses = 34604
preemptive halt, cache_misses = 34604
preemptive halt, cache_misses = 34604
preemptive halt, cache_misses = 34604
preemptive halt, cache_misses = 34604
preemptive halt, cache_misses = 34604
preemptive halt, cache_misses = 34604
preemptive halt, cache_misses = 34604
preemptive halt, cache_misses = 34604
preemptive halt, cache_misses = 34604
preemptive halt, cache_misses = 34604
preemptive halt, cache_misses = 34604
preemptive halt, cache_misses = 34604
preemptive halt, cache_misses = 34604
preemptive halt, cache_misses = 34604
preemptive halt, cache_misses = 34604
preemptive halt, cache_misses = 34604
preemptive halt, cache_misses = 34604
preemptive halt, cache_misses = 34604
preemptive halt, cache_misses = 34604
preemptive halt, cache_misses = 34604
preemptive halt, cache_misses = 34604
preemptive halt, cache_misses = 34604
preemptive halt, cache_misses = 34604
preemptive halt, cache_misses = 34604
preemptive halt, cache_misses = 34604
preemptive halt, cache_misses = 34604
preemptive halt, cache_misses = 34604
preemptive halt, cache_misses = 34604
preemptive halt, cache_misses = 34604
preemptive halt, cache_misses = 34604
preemptive halt, cache_misses = 34604
preemptive halt, cache_misses = 34604
preemptive halt, cache_misses = 34604
preemptive halt, cache_misses = 34604
preemptive halt, cache_misses = 34604
preemptive halt, cache_misses = 34604
preemptive halt, cache_misses = 34604
preemptive halt, cache_misses = 34604
preemptive halt, cache_misses = 34604
preemptive halt, cache_misses = 34604
preemptive halt, cache_misses = 34604
preemptive halt, cache_misses = 34604
preemptive halt, cache_misses = 34604
preemptive halt, cache_misses = 34604
preemptive halt, cache_misses = 34604
preemptive halt, cache_misses = 34604
preemptive halt, cache_misses = 34604
preemptive halt, cache_misses = 34604
preemptive halt, cache_misses = 34604
preemptive halt, cache_misses = 34604
preemptive halt, cache_misses = 34604
binary search, size 11561  misses 34604  min 11560  max 11562
characteristic cache size (binary search) for 185 = 11562
End at: 2021-04-02 16:04:16.885175
Time elapsed: 0:00:00.696297
