Begin at: 2021-04-02 16:05:55.658309
['../dist/Debug/GNU-Linux/memo_batch_tester', '', '--mbt_execution_trace_fname', 'olcs4_traceback_csize_input_types/OLCS4_lru_2021_04_02__16_03_24_k_3__d_2_cache_size_160000_problems_10_to_400/OLCS4_lru_2021_04_02__16_03_24_k_3__d_2_cache_size_160000_problems_10_to_400/OLCS4__do_traceback_prob_size_279_cache_size_160000_lru_k_3_d_2_execution_trace_2021_4_2_16_5_55_pid_20941.log', '--mbt_cache_misses_fname', 'olcs4_traceback_csize_input_types/OLCS4_lru_2021_04_02__16_03_24_k_3__d_2_cache_size_160000_problems_10_to_400/lcs_cost_OLCS4_lru_misses_for_cache_size.csv', '--mbt_misses_for_problem_size_fname', 'olcs4_traceback_csize_input_types/OLCS4_lru_2021_04_02__16_03_24_k_3__d_2_cache_size_160000_problems_10_to_400/lcs_cost_OLCS4_lru_misses_for_problem_size.csv', '--mbt_exact_cutoff_min_cache_size', '160000', '--mbt_exact_cutoff_max_cache_size', '160000', '--mbt_problem_type', 'lcs', '--mbt_metric_type', 'csize_binary_search', '--mbt_cutoff_ratio', '2.2', '--mbt_instance_fname', '279', '--mbt_detailed_cache_misses_out_fname', 'csize_olcs4_traceback_0011n_ceil_n_b_6.csv', '--mbt_phi_N', '5.0', '--mbt_problem_size', '279', '--lcs_compute_length', '0', '--lcs_perform_traceback', '1', '--lig_instance_type', '0011n_ceil_n_b', '--lig_n', '279', '--lig_c', '0.9', '--lig_b', '6.0', '--lcs_oblivious', '4', '--lcs_execution_trace_fname', 'olcs4_traceback_csize_input_types/OLCS4_lru_2021_04_02__16_03_24_k_3__d_2_cache_size_160000_problems_10_to_400/OLCS4_lru_2021_04_02__16_03_24_k_3__d_2_cache_size_160000_problems_10_to_400/OLCS4__do_traceback_prob_size_279_cache_size_160000_lru_k_3_d_2_execution_trace_2021_4_2_16_5_55_pid_20941.log', '--memo_caching_strategy', 'lru', '--memo_cache_size', '160001', '--memo_lru_queue_size', '160000', '--memo_cuckoo_k', '4', '--memo_key_length', '8', '--memo_value_length', '8', '--memo_k_timestamps', '3', '--memo_d_recent_timestamps', '2', '--memo_a_items_per_timestamp_factor', '0.4375']

csize_binary_search chosen
lcs problem_type lcs cache_size 160001
initialize_long_int_cache begin
init_memo
arguments to memo:
 --mbt_execution_trace_fname olcs4_traceback_csize_input_types/OLCS4_lru_2021_04_02__16_03_24_k_3__d_2_cache_size_160000_problems_10_to_400/OLCS4_lru_2021_04_02__16_03_24_k_3__d_2_cache_size_160000_problems_10_to_400/OLCS4__do_traceback_prob_size_279_cache_size_160000_lru_k_3_d_2_execution_trace_2021_4_2_16_5_55_pid_20941.log --mbt_cache_misses_fname olcs4_traceback_csize_input_types/OLCS4_lru_2021_04_02__16_03_24_k_3__d_2_cache_size_160000_problems_10_to_400/lcs_cost_OLCS4_lru_misses_for_cache_size.csv --mbt_misses_for_problem_size_fname olcs4_traceback_csize_input_types/OLCS4_lru_2021_04_02__16_03_24_k_3__d_2_cache_size_160000_problems_10_to_400/lcs_cost_OLCS4_lru_misses_for_problem_size.csv --mbt_exact_cutoff_min_cache_size 160000 --mbt_exact_cutoff_max_cache_size 160000 --mbt_problem_type lcs --mbt_metric_type csize_binary_search --mbt_cutoff_ratio 2.2 --mbt_instance_fname 279 --mbt_detailed_cache_misses_out_fname csize_olcs4_traceback_0011n_ceil_n_b_6.csv --mbt_phi_N 5.0 --mbt_problem_size 279 --lcs_compute_length 0 --lcs_perform_traceback 1 --lig_instance_type 0011n_ceil_n_b --lig_n 279 --lig_c 0.9 --lig_b 6.0 --lcs_oblivious 4 --lcs_execution_trace_fname olcs4_traceback_csize_input_types/OLCS4_lru_2021_04_02__16_03_24_k_3__d_2_cache_size_160000_problems_10_to_400/OLCS4_lru_2021_04_02__16_03_24_k_3__d_2_cache_size_160000_problems_10_to_400/OLCS4__do_traceback_prob_size_279_cache_size_160000_lru_k_3_d_2_execution_trace_2021_4_2_16_5_55_pid_20941.log --memo_caching_strategy lru --memo_cache_size 160001 --memo_lru_queue_size 160000 --memo_cuckoo_k 4 --memo_key_length 8 --memo_value_length 8 --memo_k_timestamps 3 --memo_d_recent_timestamps 2 --memo_a_items_per_timestamp_factor 0.4375 
calculate_table_size: table_size is 262144, original is 160001
Finished initializing cache
initialize_long_int_cache end
done initializing cache
initializing problem
done initializing problem
commence trials
Starting characteristic_cache_size_binary_search with max cache size 160001
binary search, size 160001  misses 78399
binary search, size 80000  misses 78399  min 0  max 160001
binary search, size 40000  misses 78399  min 0  max 80000
preemptive halt, cache_misses = 78400
preemptive halt, cache_misses = 78400
preemptive halt, cache_misses = 78400
preemptive halt, cache_misses = 78400
preemptive halt, cache_misses = 78400
preemptive halt, cache_misses = 78400
preemptive halt, cache_misses = 78400
preemptive halt, cache_misses = 78400
preemptive halt, cache_misses = 78400
preemptive halt, cache_misses = 78400
preemptive halt, cache_misses = 78400
preemptive halt, cache_misses = 78400
preemptive halt, cache_misses = 78400
preemptive halt, cache_misses = 78400
preemptive halt, cache_misses = 78400
preemptive halt, cache_misses = 78400
preemptive halt, cache_misses = 78400
preemptive halt, cache_misses = 78400
preemptive halt, cache_misses = 78400
preemptive halt, cache_misses = 78400
preemptive halt, cache_misses = 78400
preemptive halt, cache_misses = 78400
preemptive halt, cache_misses = 78400
preemptive halt, cache_misses = 78400
preemptive halt, cache_misses = 78400
preemptive halt, cache_misses = 78400
preemptive halt, cache_misses = 78400
preemptive halt, cache_misses = 78400
preemptive halt, cache_misses = 78400
preemptive halt, cache_misses = 78400
preemptive halt, cache_misses = 78400
preemptive halt, cache_misses = 78400
preemptive halt, cache_misses = 78400
preemptive halt, cache_misses = 78400
preemptive halt, cache_misses = 78400
preemptive halt, cache_misses = 78400
preemptive halt, cache_misses = 78400
preemptive halt, cache_misses = 78400
preemptive halt, cache_misses = 78400
preemptive halt, cache_misses = 78400
preemptive halt, cache_misses = 78400
preemptive halt, cache_misses = 78400
preemptive halt, cache_misses = 78400
preemptive halt, cache_misses = 78400
preemptive halt, cache_misses = 78400
preemptive halt, cache_misses = 78400
preemptive halt, cache_misses = 78400
preemptive halt, cache_misses = 78400
preemptive halt, cache_misses = 78400
preemptive halt, cache_misses = 78400
preemptive halt, cache_misses = 78400
preemptive halt, cache_misses = 78400
preemptive halt, cache_misses = 78400
preemptive halt, cache_misses = 78400
preemptive halt, cache_misses = 78400
preemptive halt, cache_misses = 78400
preemptive halt, cache_misses = 78400
preemptive halt, cache_misses = 78400
preemptive halt, cache_misses = 78400
preemptive halt, cache_misses = 78400
preemptive halt, cache_misses = 78400
preemptive halt, cache_misses = 78400
preemptive halt, cache_misses = 78400
preemptive halt, cache_misses = 78400
preemptive halt, cache_misses = 78400
preemptive halt, cache_misses = 78400
preemptive halt, cache_misses = 78400
preemptive halt, cache_misses = 78400
preemptive halt, cache_misses = 78400
preemptive halt, cache_misses = 78400
preemptive halt, cache_misses = 78400
preemptive halt, cache_misses = 78400
preemptive halt, cache_misses = 78400
preemptive halt, cache_misses = 78400
preemptive halt, cache_misses = 78400
preemptive halt, cache_misses = 78400
preemptive halt, cache_misses = 78400
preemptive halt, cache_misses = 78400
preemptive halt, cache_misses = 78400
preemptive halt, cache_misses = 78400
preemptive halt, cache_misses = 78400
preemptive halt, cache_misses = 78400
preemptive halt, cache_misses = 78400
preemptive halt, cache_misses = 78400
preemptive halt, cache_misses = 78400
preemptive halt, cache_misses = 78400
preemptive halt, cache_misses = 78400
preemptive halt, cache_misses = 78400
preemptive halt, cache_misses = 78400
preemptive halt, cache_misses = 78400
binary search, size 20000  misses 78400  min 0  max 40000
binary search, size 30000  misses 78399  min 20000  max 40000
preemptive halt, cache_misses = 78400
preemptive halt, cache_misses = 78400
preemptive halt, cache_misses = 78400
preemptive halt, cache_misses = 78400
preemptive halt, cache_misses = 78400
preemptive halt, cache_misses = 78400
preemptive halt, cache_misses = 78400
preemptive halt, cache_misses = 78400
preemptive halt, cache_misses = 78400
preemptive halt, cache_misses = 78400
preemptive halt, cache_misses = 78400
preemptive halt, cache_misses = 78400
preemptive halt, cache_misses = 78400
preemptive halt, cache_misses = 78400
preemptive halt, cache_misses = 78400
preemptive halt, cache_misses = 78400
preemptive halt, cache_misses = 78400
preemptive halt, cache_misses = 78400
preemptive halt, cache_misses = 78400
preemptive halt, cache_misses = 78400
preemptive halt, cache_misses = 78400
preemptive halt, cache_misses = 78400
preemptive halt, cache_misses = 78400
preemptive halt, cache_misses = 78400
preemptive halt, cache_misses = 78400
preemptive halt, cache_misses = 78400
preemptive halt, cache_misses = 78400
preemptive halt, cache_misses = 78400
preemptive halt, cache_misses = 78400
preemptive halt, cache_misses = 78400
preemptive halt, cache_misses = 78400
preemptive halt, cache_misses = 78400
preemptive halt, cache_misses = 78400
preemptive halt, cache_misses = 78400
preemptive halt, cache_misses = 78400
preemptive halt, cache_misses = 78400
preemptive halt, cache_misses = 78400
preemptive halt, cache_misses = 78400
preemptive halt, cache_misses = 78400
preemptive halt, cache_misses = 78400
preemptive halt, cache_misses = 78400
preemptive halt, cache_misses = 78400
preemptive halt, cache_misses = 78400
preemptive halt, cache_misses = 78400
preemptive halt, cache_misses = 78400
preemptive halt, cache_misses = 78400
preemptive halt, cache_misses = 78400
preemptive halt, cache_misses = 78400
preemptive halt, cache_misses = 78400
preemptive halt, cache_misses = 78400
preemptive halt, cache_misses = 78400
preemptive halt, cache_misses = 78400
preemptive halt, cache_misses = 78400
preemptive halt, cache_misses = 78400
preemptive halt, cache_misses = 78400
preemptive halt, cache_misses = 78400
preemptive halt, cache_misses = 78400
preemptive halt, cache_misses = 78400
preemptive halt, cache_misses = 78400
preemptive halt, cache_misses = 78400
preemptive halt, cache_misses = 78400
preemptive halt, cache_misses = 78400
preemptive halt, cache_misses = 78400
preemptive halt, cache_misses = 78400
preemptive halt, cache_misses = 78400
preemptive halt, cache_misses = 78400
preemptive halt, cache_misses = 78400
preemptive halt, cache_misses = 78400
preemptive halt, cache_misses = 78400
preemptive halt, cache_misses = 78400
preemptive halt, cache_misses = 78400
preemptive halt, cache_misses = 78400
preemptive halt, cache_misses = 78400
preemptive halt, cache_misses = 78400
preemptive halt, cache_misses = 78400
preemptive halt, cache_misses = 78400
preemptive halt, cache_misses = 78400
preemptive halt, cache_misses = 78400
preemptive halt, cache_misses = 78400
preemptive halt, cache_misses = 78400
preemptive halt, cache_misses = 78400
preemptive halt, cache_misses = 78400
preemptive halt, cache_misses = 78400
preemptive halt, cache_misses = 78400
preemptive halt, cache_misses = 78400
preemptive halt, cache_misses = 78400
preemptive halt, cache_misses = 78400
preemptive halt, cache_misses = 78400
preemptive halt, cache_misses = 78400
preemptive halt, cache_misses = 78400
binary search, size 25000  misses 78400  min 20000  max 30000
binary search, size 27500  misses 78399  min 25000  max 30000
binary search, size 26250  misses 78399  min 25000  max 27500
preemptive halt, cache_misses = 78400
preemptive halt, cache_misses = 78400
preemptive halt, cache_misses = 78400
preemptive halt, cache_misses = 78400
preemptive halt, cache_misses = 78400
preemptive halt, cache_misses = 78400
preemptive halt, cache_misses = 78400
preemptive halt, cache_misses = 78400
preemptive halt, cache_misses = 78400
preemptive halt, cache_misses = 78400
preemptive halt, cache_misses = 78400
preemptive halt, cache_misses = 78400
preemptive halt, cache_misses = 78400
preemptive halt, cache_misses = 78400
preemptive halt, cache_misses = 78400
preemptive halt, cache_misses = 78400
preemptive halt, cache_misses = 78400
preemptive halt, cache_misses = 78400
preemptive halt, cache_misses = 78400
preemptive halt, cache_misses = 78400
preemptive halt, cache_misses = 78400
preemptive halt, cache_misses = 78400
preemptive halt, cache_misses = 78400
preemptive halt, cache_misses = 78400
preemptive halt, cache_misses = 78400
preemptive halt, cache_misses = 78400
preemptive halt, cache_misses = 78400
preemptive halt, cache_misses = 78400
preemptive halt, cache_misses = 78400
preemptive halt, cache_misses = 78400
preemptive halt, cache_misses = 78400
preemptive halt, cache_misses = 78400
preemptive halt, cache_misses = 78400
preemptive halt, cache_misses = 78400
preemptive halt, cache_misses = 78400
preemptive halt, cache_misses = 78400
preemptive halt, cache_misses = 78400
preemptive halt, cache_misses = 78400
preemptive halt, cache_misses = 78400
preemptive halt, cache_misses = 78400
preemptive halt, cache_misses = 78400
preemptive halt, cache_misses = 78400
preemptive halt, cache_misses = 78400
preemptive halt, cache_misses = 78400
preemptive halt, cache_misses = 78400
preemptive halt, cache_misses = 78400
preemptive halt, cache_misses = 78400
preemptive halt, cache_misses = 78400
preemptive halt, cache_misses = 78400
preemptive halt, cache_misses = 78400
preemptive halt, cache_misses = 78400
preemptive halt, cache_misses = 78400
preemptive halt, cache_misses = 78400
preemptive halt, cache_misses = 78400
preemptive halt, cache_misses = 78400
preemptive halt, cache_misses = 78400
preemptive halt, cache_misses = 78400
preemptive halt, cache_misses = 78400
preemptive halt, cache_misses = 78400
preemptive halt, cache_misses = 78400
preemptive halt, cache_misses = 78400
preemptive halt, cache_misses = 78400
preemptive halt, cache_misses = 78400
preemptive halt, cache_misses = 78400
preemptive halt, cache_misses = 78400
preemptive halt, cache_misses = 78400
preemptive halt, cache_misses = 78400
preemptive halt, cache_misses = 78400
preemptive halt, cache_misses = 78400
preemptive halt, cache_misses = 78400
preemptive halt, cache_misses = 78400
preemptive halt, cache_misses = 78400
preemptive halt, cache_misses = 78400
preemptive halt, cache_misses = 78400
preemptive halt, cache_misses = 78400
preemptive halt, cache_misses = 78400
preemptive halt, cache_misses = 78400
preemptive halt, cache_misses = 78400
preemptive halt, cache_misses = 78400
preemptive halt, cache_misses = 78400
preemptive halt, cache_misses = 78400
preemptive halt, cache_misses = 78400
preemptive halt, cache_misses = 78400
preemptive halt, cache_misses = 78400
preemptive halt, cache_misses = 78400
preemptive halt, cache_misses = 78400
preemptive halt, cache_misses = 78400
preemptive halt, cache_misses = 78400
preemptive halt, cache_misses = 78400
preemptive halt, cache_misses = 78400
binary search, size 25625  misses 78400  min 25000  max 26250
binary search, size 25937  misses 78399  min 25625  max 26250
preemptive halt, cache_misses = 78400
preemptive halt, cache_misses = 78400
preemptive halt, cache_misses = 78400
preemptive halt, cache_misses = 78400
preemptive halt, cache_misses = 78400
preemptive halt, cache_misses = 78400
preemptive halt, cache_misses = 78400
preemptive halt, cache_misses = 78400
preemptive halt, cache_misses = 78400
preemptive halt, cache_misses = 78400
preemptive halt, cache_misses = 78400
preemptive halt, cache_misses = 78400
preemptive halt, cache_misses = 78400
preemptive halt, cache_misses = 78400
preemptive halt, cache_misses = 78400
preemptive halt, cache_misses = 78400
preemptive halt, cache_misses = 78400
preemptive halt, cache_misses = 78400
preemptive halt, cache_misses = 78400
preemptive halt, cache_misses = 78400
preemptive halt, cache_misses = 78400
preemptive halt, cache_misses = 78400
preemptive halt, cache_misses = 78400
preemptive halt, cache_misses = 78400
preemptive halt, cache_misses = 78400
preemptive halt, cache_misses = 78400
preemptive halt, cache_misses = 78400
preemptive halt, cache_misses = 78400
preemptive halt, cache_misses = 78400
preemptive halt, cache_misses = 78400
preemptive halt, cache_misses = 78400
preemptive halt, cache_misses = 78400
preemptive halt, cache_misses = 78400
preemptive halt, cache_misses = 78400
preemptive halt, cache_misses = 78400
preemptive halt, cache_misses = 78400
preemptive halt, cache_misses = 78400
preemptive halt, cache_misses = 78400
preemptive halt, cache_misses = 78400
preemptive halt, cache_misses = 78400
preemptive halt, cache_misses = 78400
preemptive halt, cache_misses = 78400
preemptive halt, cache_misses = 78400
preemptive halt, cache_misses = 78400
preemptive halt, cache_misses = 78400
preemptive halt, cache_misses = 78400
preemptive halt, cache_misses = 78400
preemptive halt, cache_misses = 78400
preemptive halt, cache_misses = 78400
preemptive halt, cache_misses = 78400
preemptive halt, cache_misses = 78400
preemptive halt, cache_misses = 78400
preemptive halt, cache_misses = 78400
preemptive halt, cache_misses = 78400
preemptive halt, cache_misses = 78400
preemptive halt, cache_misses = 78400
preemptive halt, cache_misses = 78400
preemptive halt, cache_misses = 78400
preemptive halt, cache_misses = 78400
preemptive halt, cache_misses = 78400
preemptive halt, cache_misses = 78400
preemptive halt, cache_misses = 78400
preemptive halt, cache_misses = 78400
preemptive halt, cache_misses = 78400
preemptive halt, cache_misses = 78400
preemptive halt, cache_misses = 78400
preemptive halt, cache_misses = 78400
preemptive halt, cache_misses = 78400
preemptive halt, cache_misses = 78400
preemptive halt, cache_misses = 78400
preemptive halt, cache_misses = 78400
preemptive halt, cache_misses = 78400
preemptive halt, cache_misses = 78400
preemptive halt, cache_misses = 78400
preemptive halt, cache_misses = 78400
preemptive halt, cache_misses = 78400
preemptive halt, cache_misses = 78400
preemptive halt, cache_misses = 78400
preemptive halt, cache_misses = 78400
preemptive halt, cache_misses = 78400
preemptive halt, cache_misses = 78400
preemptive halt, cache_misses = 78400
preemptive halt, cache_misses = 78400
preemptive halt, cache_misses = 78400
preemptive halt, cache_misses = 78400
preemptive halt, cache_misses = 78400
preemptive halt, cache_misses = 78400
preemptive halt, cache_misses = 78400
preemptive halt, cache_misses = 78400
preemptive halt, cache_misses = 78400
binary search, size 25781  misses 78400  min 25625  max 25937
binary search, size 25859  misses 78399  min 25781  max 25937
binary search, size 25820  misses 78399  min 25781  max 25859
preemptive halt, cache_misses = 78400
preemptive halt, cache_misses = 78400
preemptive halt, cache_misses = 78400
preemptive halt, cache_misses = 78400
preemptive halt, cache_misses = 78400
preemptive halt, cache_misses = 78400
preemptive halt, cache_misses = 78400
preemptive halt, cache_misses = 78400
preemptive halt, cache_misses = 78400
preemptive halt, cache_misses = 78400
preemptive halt, cache_misses = 78400
preemptive halt, cache_misses = 78400
preemptive halt, cache_misses = 78400
preemptive halt, cache_misses = 78400
preemptive halt, cache_misses = 78400
preemptive halt, cache_misses = 78400
preemptive halt, cache_misses = 78400
preemptive halt, cache_misses = 78400
preemptive halt, cache_misses = 78400
preemptive halt, cache_misses = 78400
preemptive halt, cache_misses = 78400
preemptive halt, cache_misses = 78400
preemptive halt, cache_misses = 78400
preemptive halt, cache_misses = 78400
preemptive halt, cache_misses = 78400
preemptive halt, cache_misses = 78400
preemptive halt, cache_misses = 78400
preemptive halt, cache_misses = 78400
preemptive halt, cache_misses = 78400
preemptive halt, cache_misses = 78400
preemptive halt, cache_misses = 78400
preemptive halt, cache_misses = 78400
preemptive halt, cache_misses = 78400
preemptive halt, cache_misses = 78400
preemptive halt, cache_misses = 78400
preemptive halt, cache_misses = 78400
preemptive halt, cache_misses = 78400
preemptive halt, cache_misses = 78400
preemptive halt, cache_misses = 78400
preemptive halt, cache_misses = 78400
preemptive halt, cache_misses = 78400
preemptive halt, cache_misses = 78400
preemptive halt, cache_misses = 78400
preemptive halt, cache_misses = 78400
preemptive halt, cache_misses = 78400
preemptive halt, cache_misses = 78400
preemptive halt, cache_misses = 78400
preemptive halt, cache_misses = 78400
preemptive halt, cache_misses = 78400
preemptive halt, cache_misses = 78400
preemptive halt, cache_misses = 78400
preemptive halt, cache_misses = 78400
preemptive halt, cache_misses = 78400
preemptive halt, cache_misses = 78400
preemptive halt, cache_misses = 78400
preemptive halt, cache_misses = 78400
preemptive halt, cache_misses = 78400
preemptive halt, cache_misses = 78400
preemptive halt, cache_misses = 78400
preemptive halt, cache_misses = 78400
preemptive halt, cache_misses = 78400
preemptive halt, cache_misses = 78400
preemptive halt, cache_misses = 78400
preemptive halt, cache_misses = 78400
preemptive halt, cache_misses = 78400
preemptive halt, cache_misses = 78400
preemptive halt, cache_misses = 78400
preemptive halt, cache_misses = 78400
preemptive halt, cache_misses = 78400
preemptive halt, cache_misses = 78400
preemptive halt, cache_misses = 78400
preemptive halt, cache_misses = 78400
preemptive halt, cache_misses = 78400
preemptive halt, cache_misses = 78400
preemptive halt, cache_misses = 78400
preemptive halt, cache_misses = 78400
preemptive halt, cache_misses = 78400
preemptive halt, cache_misses = 78400
preemptive halt, cache_misses = 78400
preemptive halt, cache_misses = 78400
preemptive halt, cache_misses = 78400
preemptive halt, cache_misses = 78400
preemptive halt, cache_misses = 78400
preemptive halt, cache_misses = 78400
preemptive halt, cache_misses = 78400
preemptive halt, cache_misses = 78400
preemptive halt, cache_misses = 78400
preemptive halt, cache_misses = 78400
preemptive halt, cache_misses = 78400
preemptive halt, cache_misses = 78400
binary search, size 25800  misses 78400  min 25781  max 25820
binary search, size 25810  misses 78399  min 25800  max 25820
binary search, size 25805  misses 78399  min 25800  max 25810
preemptive halt, cache_misses = 78400
preemptive halt, cache_misses = 78400
preemptive halt, cache_misses = 78400
preemptive halt, cache_misses = 78400
preemptive halt, cache_misses = 78400
preemptive halt, cache_misses = 78400
preemptive halt, cache_misses = 78400
preemptive halt, cache_misses = 78400
preemptive halt, cache_misses = 78400
preemptive halt, cache_misses = 78400
preemptive halt, cache_misses = 78400
preemptive halt, cache_misses = 78400
preemptive halt, cache_misses = 78400
preemptive halt, cache_misses = 78400
preemptive halt, cache_misses = 78400
preemptive halt, cache_misses = 78400
preemptive halt, cache_misses = 78400
preemptive halt, cache_misses = 78400
preemptive halt, cache_misses = 78400
preemptive halt, cache_misses = 78400
preemptive halt, cache_misses = 78400
preemptive halt, cache_misses = 78400
preemptive halt, cache_misses = 78400
preemptive halt, cache_misses = 78400
preemptive halt, cache_misses = 78400
preemptive halt, cache_misses = 78400
preemptive halt, cache_misses = 78400
preemptive halt, cache_misses = 78400
preemptive halt, cache_misses = 78400
preemptive halt, cache_misses = 78400
preemptive halt, cache_misses = 78400
preemptive halt, cache_misses = 78400
preemptive halt, cache_misses = 78400
preemptive halt, cache_misses = 78400
preemptive halt, cache_misses = 78400
preemptive halt, cache_misses = 78400
preemptive halt, cache_misses = 78400
preemptive halt, cache_misses = 78400
preemptive halt, cache_misses = 78400
preemptive halt, cache_misses = 78400
preemptive halt, cache_misses = 78400
preemptive halt, cache_misses = 78400
preemptive halt, cache_misses = 78400
preemptive halt, cache_misses = 78400
preemptive halt, cache_misses = 78400
preemptive halt, cache_misses = 78400
preemptive halt, cache_misses = 78400
preemptive halt, cache_misses = 78400
preemptive halt, cache_misses = 78400
preemptive halt, cache_misses = 78400
preemptive halt, cache_misses = 78400
preemptive halt, cache_misses = 78400
preemptive halt, cache_misses = 78400
preemptive halt, cache_misses = 78400
preemptive halt, cache_misses = 78400
preemptive halt, cache_misses = 78400
preemptive halt, cache_misses = 78400
preemptive halt, cache_misses = 78400
preemptive halt, cache_misses = 78400
preemptive halt, cache_misses = 78400
preemptive halt, cache_misses = 78400
preemptive halt, cache_misses = 78400
preemptive halt, cache_misses = 78400
preemptive halt, cache_misses = 78400
preemptive halt, cache_misses = 78400
preemptive halt, cache_misses = 78400
preemptive halt, cache_misses = 78400
preemptive halt, cache_misses = 78400
preemptive halt, cache_misses = 78400
preemptive halt, cache_misses = 78400
preemptive halt, cache_misses = 78400
preemptive halt, cache_misses = 78400
preemptive halt, cache_misses = 78400
preemptive halt, cache_misses = 78400
preemptive halt, cache_misses = 78400
preemptive halt, cache_misses = 78400
preemptive halt, cache_misses = 78400
preemptive halt, cache_misses = 78400
preemptive halt, cache_misses = 78400
preemptive halt, cache_misses = 78400
preemptive halt, cache_misses = 78400
preemptive halt, cache_misses = 78400
preemptive halt, cache_misses = 78400
preemptive halt, cache_misses = 78400
preemptive halt, cache_misses = 78400
preemptive halt, cache_misses = 78400
preemptive halt, cache_misses = 78400
preemptive halt, cache_misses = 78400
preemptive halt, cache_misses = 78400
preemptive halt, cache_misses = 78400
binary search, size 25802  misses 78400  min 25800  max 25805
preemptive halt, cache_misses = 78401
preemptive halt, cache_misses = 78401
preemptive halt, cache_misses = 78401
preemptive halt, cache_misses = 78401
preemptive halt, cache_misses = 78401
preemptive halt, cache_misses = 78401
preemptive halt, cache_misses = 78401
preemptive halt, cache_misses = 78401
preemptive halt, cache_misses = 78401
preemptive halt, cache_misses = 78401
preemptive halt, cache_misses = 78401
preemptive halt, cache_misses = 78401
preemptive halt, cache_misses = 78401
preemptive halt, cache_misses = 78401
preemptive halt, cache_misses = 78401
preemptive halt, cache_misses = 78401
preemptive halt, cache_misses = 78401
preemptive halt, cache_misses = 78401
preemptive halt, cache_misses = 78401
preemptive halt, cache_misses = 78401
preemptive halt, cache_misses = 78401
preemptive halt, cache_misses = 78401
preemptive halt, cache_misses = 78401
preemptive halt, cache_misses = 78401
preemptive halt, cache_misses = 78401
preemptive halt, cache_misses = 78401
preemptive halt, cache_misses = 78401
preemptive halt, cache_misses = 78401
preemptive halt, cache_misses = 78401
preemptive halt, cache_misses = 78401
preemptive halt, cache_misses = 78401
preemptive halt, cache_misses = 78401
preemptive halt, cache_misses = 78401
preemptive halt, cache_misses = 78401
preemptive halt, cache_misses = 78401
preemptive halt, cache_misses = 78401
preemptive halt, cache_misses = 78401
preemptive halt, cache_misses = 78401
preemptive halt, cache_misses = 78401
preemptive halt, cache_misses = 78401
preemptive halt, cache_misses = 78401
preemptive halt, cache_misses = 78401
preemptive halt, cache_misses = 78401
preemptive halt, cache_misses = 78401
preemptive halt, cache_misses = 78401
preemptive halt, cache_misses = 78401
preemptive halt, cache_misses = 78401
preemptive halt, cache_misses = 78401
preemptive halt, cache_misses = 78401
preemptive halt, cache_misses = 78401
preemptive halt, cache_misses = 78401
preemptive halt, cache_misses = 78401
preemptive halt, cache_misses = 78401
preemptive halt, cache_misses = 78401
preemptive halt, cache_misses = 78401
preemptive halt, cache_misses = 78401
preemptive halt, cache_misses = 78401
preemptive halt, cache_misses = 78401
preemptive halt, cache_misses = 78401
preemptive halt, cache_misses = 78401
preemptive halt, cache_misses = 78401
preemptive halt, cache_misses = 78401
preemptive halt, cache_misses = 78401
preemptive halt, cache_misses = 78401
preemptive halt, cache_misses = 78401
preemptive halt, cache_misses = 78401
preemptive halt, cache_misses = 78401
preemptive halt, cache_misses = 78401
preemptive halt, cache_misses = 78401
preemptive halt, cache_misses = 78401
preemptive halt, cache_misses = 78401
preemptive halt, cache_misses = 78401
preemptive halt, cache_misses = 78401
preemptive halt, cache_misses = 78401
preemptive halt, cache_misses = 78401
preemptive halt, cache_misses = 78401
preemptive halt, cache_misses = 78401
preemptive halt, cache_misses = 78401
preemptive halt, cache_misses = 78401
preemptive halt, cache_misses = 78401
preemptive halt, cache_misses = 78401
preemptive halt, cache_misses = 78401
preemptive halt, cache_misses = 78401
preemptive halt, cache_misses = 78401
preemptive halt, cache_misses = 78401
preemptive halt, cache_misses = 78401
preemptive halt, cache_misses = 78401
preemptive halt, cache_misses = 78401
preemptive halt, cache_misses = 78401
preemptive halt, cache_misses = 78401
preemptive halt, cache_misses = 78401
preemptive halt, cache_misses = 78401
binary search, size 25803  misses 78401  min 25802  max 25805
binary search, size 25804  misses 78399  min 25803  max 25805
characteristic cache size (binary search) for 279 = 25804
End at: 2021-04-02 16:05:57.140496
Time elapsed: 0:00:01.482203
