Begin at: 2021-04-02 16:05:22.957730
['../dist/Debug/GNU-Linux/memo_batch_tester', '', '--mbt_execution_trace_fname', 'olcs4_traceback_csize_input_types/OLCS4_lru_2021_04_02__16_03_24_k_3__d_2_cache_size_160000_problems_10_to_400/OLCS4_lru_2021_04_02__16_03_24_k_3__d_2_cache_size_160000_problems_10_to_400/OLCS4__do_traceback_prob_size_255_cache_size_160000_lru_k_3_d_2_execution_trace_2021_4_2_16_5_22_pid_20887.log', '--mbt_cache_misses_fname', 'olcs4_traceback_csize_input_types/OLCS4_lru_2021_04_02__16_03_24_k_3__d_2_cache_size_160000_problems_10_to_400/lcs_cost_OLCS4_lru_misses_for_cache_size.csv', '--mbt_misses_for_problem_size_fname', 'olcs4_traceback_csize_input_types/OLCS4_lru_2021_04_02__16_03_24_k_3__d_2_cache_size_160000_problems_10_to_400/lcs_cost_OLCS4_lru_misses_for_problem_size.csv', '--mbt_exact_cutoff_min_cache_size', '160000', '--mbt_exact_cutoff_max_cache_size', '160000', '--mbt_problem_type', 'lcs', '--mbt_metric_type', 'csize_binary_search', '--mbt_cutoff_ratio', '2.2', '--mbt_instance_fname', '255', '--mbt_detailed_cache_misses_out_fname', 'csize_olcs4_traceback_0011n_ceil_n_b_6.csv', '--mbt_phi_N', '5.0', '--mbt_problem_size', '255', '--lcs_compute_length', '0', '--lcs_perform_traceback', '1', '--lig_instance_type', '0011n_ceil_n_b', '--lig_n', '255', '--lig_c', '0.9', '--lig_b', '6.0', '--lcs_oblivious', '4', '--lcs_execution_trace_fname', 'olcs4_traceback_csize_input_types/OLCS4_lru_2021_04_02__16_03_24_k_3__d_2_cache_size_160000_problems_10_to_400/OLCS4_lru_2021_04_02__16_03_24_k_3__d_2_cache_size_160000_problems_10_to_400/OLCS4__do_traceback_prob_size_255_cache_size_160000_lru_k_3_d_2_execution_trace_2021_4_2_16_5_22_pid_20887.log', '--memo_caching_strategy', 'lru', '--memo_cache_size', '160001', '--memo_lru_queue_size', '160000', '--memo_cuckoo_k', '4', '--memo_key_length', '8', '--memo_value_length', '8', '--memo_k_timestamps', '3', '--memo_d_recent_timestamps', '2', '--memo_a_items_per_timestamp_factor', '0.4375']

csize_binary_search chosen
lcs problem_type lcs cache_size 160001
initialize_long_int_cache begin
init_memo
arguments to memo:
 --mbt_execution_trace_fname olcs4_traceback_csize_input_types/OLCS4_lru_2021_04_02__16_03_24_k_3__d_2_cache_size_160000_problems_10_to_400/OLCS4_lru_2021_04_02__16_03_24_k_3__d_2_cache_size_160000_problems_10_to_400/OLCS4__do_traceback_prob_size_255_cache_size_160000_lru_k_3_d_2_execution_trace_2021_4_2_16_5_22_pid_20887.log --mbt_cache_misses_fname olcs4_traceback_csize_input_types/OLCS4_lru_2021_04_02__16_03_24_k_3__d_2_cache_size_160000_problems_10_to_400/lcs_cost_OLCS4_lru_misses_for_cache_size.csv --mbt_misses_for_problem_size_fname olcs4_traceback_csize_input_types/OLCS4_lru_2021_04_02__16_03_24_k_3__d_2_cache_size_160000_problems_10_to_400/lcs_cost_OLCS4_lru_misses_for_problem_size.csv --mbt_exact_cutoff_min_cache_size 160000 --mbt_exact_cutoff_max_cache_size 160000 --mbt_problem_type lcs --mbt_metric_type csize_binary_search --mbt_cutoff_ratio 2.2 --mbt_instance_fname 255 --mbt_detailed_cache_misses_out_fname csize_olcs4_traceback_0011n_ceil_n_b_6.csv --mbt_phi_N 5.0 --mbt_problem_size 255 --lcs_compute_length 0 --lcs_perform_traceback 1 --lig_instance_type 0011n_ceil_n_b --lig_n 255 --lig_c 0.9 --lig_b 6.0 --lcs_oblivious 4 --lcs_execution_trace_fname olcs4_traceback_csize_input_types/OLCS4_lru_2021_04_02__16_03_24_k_3__d_2_cache_size_160000_problems_10_to_400/OLCS4_lru_2021_04_02__16_03_24_k_3__d_2_cache_size_160000_problems_10_to_400/OLCS4__do_traceback_prob_size_255_cache_size_160000_lru_k_3_d_2_execution_trace_2021_4_2_16_5_22_pid_20887.log --memo_caching_strategy lru --memo_cache_size 160001 --memo_lru_queue_size 160000 --memo_cuckoo_k 4 --memo_key_length 8 --memo_value_length 8 --memo_k_timestamps 3 --memo_d_recent_timestamps 2 --memo_a_items_per_timestamp_factor 0.4375 
calculate_table_size: table_size is 262144, original is 160001
Finished initializing cache
initialize_long_int_cache end
done initializing cache
initializing problem
done initializing problem
commence trials
Starting characteristic_cache_size_binary_search with max cache size 160001
binary search, size 160001  misses 65535
binary search, size 80000  misses 65535  min 0  max 160001
binary search, size 40000  misses 65535  min 0  max 80000
preemptive halt, cache_misses = 65536
preemptive halt, cache_misses = 65536
preemptive halt, cache_misses = 65536
preemptive halt, cache_misses = 65536
preemptive halt, cache_misses = 65536
preemptive halt, cache_misses = 65536
preemptive halt, cache_misses = 65536
preemptive halt, cache_misses = 65536
preemptive halt, cache_misses = 65536
preemptive halt, cache_misses = 65536
preemptive halt, cache_misses = 65536
preemptive halt, cache_misses = 65536
preemptive halt, cache_misses = 65536
preemptive halt, cache_misses = 65536
preemptive halt, cache_misses = 65536
preemptive halt, cache_misses = 65536
preemptive halt, cache_misses = 65536
preemptive halt, cache_misses = 65536
preemptive halt, cache_misses = 65536
preemptive halt, cache_misses = 65536
preemptive halt, cache_misses = 65536
preemptive halt, cache_misses = 65536
preemptive halt, cache_misses = 65536
preemptive halt, cache_misses = 65536
preemptive halt, cache_misses = 65536
preemptive halt, cache_misses = 65536
preemptive halt, cache_misses = 65536
preemptive halt, cache_misses = 65536
preemptive halt, cache_misses = 65536
preemptive halt, cache_misses = 65536
preemptive halt, cache_misses = 65536
preemptive halt, cache_misses = 65536
preemptive halt, cache_misses = 65536
preemptive halt, cache_misses = 65536
preemptive halt, cache_misses = 65536
preemptive halt, cache_misses = 65536
preemptive halt, cache_misses = 65536
preemptive halt, cache_misses = 65536
preemptive halt, cache_misses = 65536
preemptive halt, cache_misses = 65536
preemptive halt, cache_misses = 65536
preemptive halt, cache_misses = 65536
preemptive halt, cache_misses = 65536
preemptive halt, cache_misses = 65536
preemptive halt, cache_misses = 65536
preemptive halt, cache_misses = 65536
preemptive halt, cache_misses = 65536
preemptive halt, cache_misses = 65536
preemptive halt, cache_misses = 65536
preemptive halt, cache_misses = 65536
preemptive halt, cache_misses = 65536
preemptive halt, cache_misses = 65536
preemptive halt, cache_misses = 65536
preemptive halt, cache_misses = 65536
preemptive halt, cache_misses = 65536
preemptive halt, cache_misses = 65536
preemptive halt, cache_misses = 65536
preemptive halt, cache_misses = 65536
preemptive halt, cache_misses = 65536
preemptive halt, cache_misses = 65536
preemptive halt, cache_misses = 65536
preemptive halt, cache_misses = 65536
preemptive halt, cache_misses = 65536
preemptive halt, cache_misses = 65536
preemptive halt, cache_misses = 65536
preemptive halt, cache_misses = 65536
preemptive halt, cache_misses = 65536
preemptive halt, cache_misses = 65536
preemptive halt, cache_misses = 65536
preemptive halt, cache_misses = 65536
preemptive halt, cache_misses = 65536
preemptive halt, cache_misses = 65536
preemptive halt, cache_misses = 65536
preemptive halt, cache_misses = 65536
preemptive halt, cache_misses = 65536
preemptive halt, cache_misses = 65536
preemptive halt, cache_misses = 65536
preemptive halt, cache_misses = 65536
preemptive halt, cache_misses = 65536
preemptive halt, cache_misses = 65536
preemptive halt, cache_misses = 65536
preemptive halt, cache_misses = 65536
binary search, size 20000  misses 65536  min 0  max 40000
binary search, size 30000  misses 65535  min 20000  max 40000
binary search, size 25000  misses 65535  min 20000  max 30000
binary search, size 22500  misses 65535  min 20000  max 25000
preemptive halt, cache_misses = 65536
preemptive halt, cache_misses = 65536
preemptive halt, cache_misses = 65536
preemptive halt, cache_misses = 65536
preemptive halt, cache_misses = 65536
preemptive halt, cache_misses = 65536
preemptive halt, cache_misses = 65536
preemptive halt, cache_misses = 65536
preemptive halt, cache_misses = 65536
preemptive halt, cache_misses = 65536
preemptive halt, cache_misses = 65536
preemptive halt, cache_misses = 65536
preemptive halt, cache_misses = 65536
preemptive halt, cache_misses = 65536
preemptive halt, cache_misses = 65536
preemptive halt, cache_misses = 65536
preemptive halt, cache_misses = 65536
preemptive halt, cache_misses = 65536
preemptive halt, cache_misses = 65536
preemptive halt, cache_misses = 65536
preemptive halt, cache_misses = 65536
preemptive halt, cache_misses = 65536
preemptive halt, cache_misses = 65536
preemptive halt, cache_misses = 65536
preemptive halt, cache_misses = 65536
preemptive halt, cache_misses = 65536
preemptive halt, cache_misses = 65536
preemptive halt, cache_misses = 65536
preemptive halt, cache_misses = 65536
preemptive halt, cache_misses = 65536
preemptive halt, cache_misses = 65536
preemptive halt, cache_misses = 65536
preemptive halt, cache_misses = 65536
preemptive halt, cache_misses = 65536
preemptive halt, cache_misses = 65536
preemptive halt, cache_misses = 65536
preemptive halt, cache_misses = 65536
preemptive halt, cache_misses = 65536
preemptive halt, cache_misses = 65536
preemptive halt, cache_misses = 65536
preemptive halt, cache_misses = 65536
preemptive halt, cache_misses = 65536
preemptive halt, cache_misses = 65536
preemptive halt, cache_misses = 65536
preemptive halt, cache_misses = 65536
preemptive halt, cache_misses = 65536
preemptive halt, cache_misses = 65536
preemptive halt, cache_misses = 65536
preemptive halt, cache_misses = 65536
preemptive halt, cache_misses = 65536
preemptive halt, cache_misses = 65536
preemptive halt, cache_misses = 65536
preemptive halt, cache_misses = 65536
preemptive halt, cache_misses = 65536
preemptive halt, cache_misses = 65536
preemptive halt, cache_misses = 65536
preemptive halt, cache_misses = 65536
preemptive halt, cache_misses = 65536
preemptive halt, cache_misses = 65536
preemptive halt, cache_misses = 65536
preemptive halt, cache_misses = 65536
preemptive halt, cache_misses = 65536
preemptive halt, cache_misses = 65536
preemptive halt, cache_misses = 65536
preemptive halt, cache_misses = 65536
preemptive halt, cache_misses = 65536
preemptive halt, cache_misses = 65536
preemptive halt, cache_misses = 65536
preemptive halt, cache_misses = 65536
preemptive halt, cache_misses = 65536
preemptive halt, cache_misses = 65536
preemptive halt, cache_misses = 65536
preemptive halt, cache_misses = 65536
preemptive halt, cache_misses = 65536
preemptive halt, cache_misses = 65536
preemptive halt, cache_misses = 65536
preemptive halt, cache_misses = 65536
preemptive halt, cache_misses = 65536
preemptive halt, cache_misses = 65536
preemptive halt, cache_misses = 65536
preemptive halt, cache_misses = 65536
preemptive halt, cache_misses = 65536
binary search, size 21250  misses 65536  min 20000  max 22500
binary search, size 21875  misses 65535  min 21250  max 22500
binary search, size 21562  misses 65535  min 21250  max 21875
preemptive halt, cache_misses = 65536
preemptive halt, cache_misses = 65536
preemptive halt, cache_misses = 65536
preemptive halt, cache_misses = 65536
preemptive halt, cache_misses = 65536
preemptive halt, cache_misses = 65536
preemptive halt, cache_misses = 65536
preemptive halt, cache_misses = 65536
preemptive halt, cache_misses = 65536
preemptive halt, cache_misses = 65536
preemptive halt, cache_misses = 65536
preemptive halt, cache_misses = 65536
preemptive halt, cache_misses = 65536
preemptive halt, cache_misses = 65536
preemptive halt, cache_misses = 65536
preemptive halt, cache_misses = 65536
preemptive halt, cache_misses = 65536
preemptive halt, cache_misses = 65536
preemptive halt, cache_misses = 65536
preemptive halt, cache_misses = 65536
preemptive halt, cache_misses = 65536
preemptive halt, cache_misses = 65536
preemptive halt, cache_misses = 65536
preemptive halt, cache_misses = 65536
preemptive halt, cache_misses = 65536
preemptive halt, cache_misses = 65536
preemptive halt, cache_misses = 65536
preemptive halt, cache_misses = 65536
preemptive halt, cache_misses = 65536
preemptive halt, cache_misses = 65536
preemptive halt, cache_misses = 65536
preemptive halt, cache_misses = 65536
preemptive halt, cache_misses = 65536
preemptive halt, cache_misses = 65536
preemptive halt, cache_misses = 65536
preemptive halt, cache_misses = 65536
preemptive halt, cache_misses = 65536
preemptive halt, cache_misses = 65536
preemptive halt, cache_misses = 65536
preemptive halt, cache_misses = 65536
preemptive halt, cache_misses = 65536
preemptive halt, cache_misses = 65536
preemptive halt, cache_misses = 65536
preemptive halt, cache_misses = 65536
preemptive halt, cache_misses = 65536
preemptive halt, cache_misses = 65536
preemptive halt, cache_misses = 65536
preemptive halt, cache_misses = 65536
preemptive halt, cache_misses = 65536
preemptive halt, cache_misses = 65536
preemptive halt, cache_misses = 65536
preemptive halt, cache_misses = 65536
preemptive halt, cache_misses = 65536
preemptive halt, cache_misses = 65536
preemptive halt, cache_misses = 65536
preemptive halt, cache_misses = 65536
preemptive halt, cache_misses = 65536
preemptive halt, cache_misses = 65536
preemptive halt, cache_misses = 65536
preemptive halt, cache_misses = 65536
preemptive halt, cache_misses = 65536
preemptive halt, cache_misses = 65536
preemptive halt, cache_misses = 65536
preemptive halt, cache_misses = 65536
preemptive halt, cache_misses = 65536
preemptive halt, cache_misses = 65536
preemptive halt, cache_misses = 65536
preemptive halt, cache_misses = 65536
preemptive halt, cache_misses = 65536
preemptive halt, cache_misses = 65536
preemptive halt, cache_misses = 65536
preemptive halt, cache_misses = 65536
preemptive halt, cache_misses = 65536
preemptive halt, cache_misses = 65536
preemptive halt, cache_misses = 65536
preemptive halt, cache_misses = 65536
preemptive halt, cache_misses = 65536
preemptive halt, cache_misses = 65536
preemptive halt, cache_misses = 65536
preemptive halt, cache_misses = 65536
preemptive halt, cache_misses = 65536
preemptive halt, cache_misses = 65536
binary search, size 21406  misses 65536  min 21250  max 21562
preemptive halt, cache_misses = 65537
preemptive halt, cache_misses = 65537
preemptive halt, cache_misses = 65537
preemptive halt, cache_misses = 65537
preemptive halt, cache_misses = 65537
preemptive halt, cache_misses = 65537
preemptive halt, cache_misses = 65537
preemptive halt, cache_misses = 65537
preemptive halt, cache_misses = 65537
preemptive halt, cache_misses = 65537
preemptive halt, cache_misses = 65537
preemptive halt, cache_misses = 65537
preemptive halt, cache_misses = 65537
preemptive halt, cache_misses = 65537
preemptive halt, cache_misses = 65537
preemptive halt, cache_misses = 65537
preemptive halt, cache_misses = 65537
preemptive halt, cache_misses = 65537
preemptive halt, cache_misses = 65537
preemptive halt, cache_misses = 65537
preemptive halt, cache_misses = 65537
preemptive halt, cache_misses = 65537
preemptive halt, cache_misses = 65537
preemptive halt, cache_misses = 65537
preemptive halt, cache_misses = 65537
preemptive halt, cache_misses = 65537
preemptive halt, cache_misses = 65537
preemptive halt, cache_misses = 65537
preemptive halt, cache_misses = 65537
preemptive halt, cache_misses = 65537
preemptive halt, cache_misses = 65537
preemptive halt, cache_misses = 65537
preemptive halt, cache_misses = 65537
preemptive halt, cache_misses = 65537
preemptive halt, cache_misses = 65537
preemptive halt, cache_misses = 65537
preemptive halt, cache_misses = 65537
preemptive halt, cache_misses = 65537
preemptive halt, cache_misses = 65537
preemptive halt, cache_misses = 65537
preemptive halt, cache_misses = 65537
preemptive halt, cache_misses = 65537
preemptive halt, cache_misses = 65537
preemptive halt, cache_misses = 65537
preemptive halt, cache_misses = 65537
preemptive halt, cache_misses = 65537
preemptive halt, cache_misses = 65537
preemptive halt, cache_misses = 65537
preemptive halt, cache_misses = 65537
preemptive halt, cache_misses = 65537
preemptive halt, cache_misses = 65537
preemptive halt, cache_misses = 65537
preemptive halt, cache_misses = 65537
preemptive halt, cache_misses = 65537
preemptive halt, cache_misses = 65537
preemptive halt, cache_misses = 65537
preemptive halt, cache_misses = 65537
preemptive halt, cache_misses = 65537
preemptive halt, cache_misses = 65537
preemptive halt, cache_misses = 65537
preemptive halt, cache_misses = 65537
preemptive halt, cache_misses = 65537
preemptive halt, cache_misses = 65537
preemptive halt, cache_misses = 65537
preemptive halt, cache_misses = 65537
preemptive halt, cache_misses = 65537
preemptive halt, cache_misses = 65537
preemptive halt, cache_misses = 65537
preemptive halt, cache_misses = 65537
preemptive halt, cache_misses = 65537
preemptive halt, cache_misses = 65537
preemptive halt, cache_misses = 65537
preemptive halt, cache_misses = 65537
preemptive halt, cache_misses = 65537
preemptive halt, cache_misses = 65537
preemptive halt, cache_misses = 65537
preemptive halt, cache_misses = 65537
preemptive halt, cache_misses = 65537
preemptive halt, cache_misses = 65537
preemptive halt, cache_misses = 65537
preemptive halt, cache_misses = 65537
preemptive halt, cache_misses = 65537
preemptive halt, cache_misses = 65537
preemptive halt, cache_misses = 65537
binary search, size 21484  misses 65537  min 21406  max 21562
preemptive halt, cache_misses = 65538
preemptive halt, cache_misses = 65538
preemptive halt, cache_misses = 65538
preemptive halt, cache_misses = 65538
preemptive halt, cache_misses = 65538
preemptive halt, cache_misses = 65538
preemptive halt, cache_misses = 65538
preemptive halt, cache_misses = 65538
preemptive halt, cache_misses = 65538
preemptive halt, cache_misses = 65538
preemptive halt, cache_misses = 65538
preemptive halt, cache_misses = 65538
preemptive halt, cache_misses = 65538
preemptive halt, cache_misses = 65538
preemptive halt, cache_misses = 65538
preemptive halt, cache_misses = 65538
preemptive halt, cache_misses = 65538
preemptive halt, cache_misses = 65538
preemptive halt, cache_misses = 65538
preemptive halt, cache_misses = 65538
preemptive halt, cache_misses = 65538
preemptive halt, cache_misses = 65538
preemptive halt, cache_misses = 65538
preemptive halt, cache_misses = 65538
preemptive halt, cache_misses = 65538
preemptive halt, cache_misses = 65538
preemptive halt, cache_misses = 65538
preemptive halt, cache_misses = 65538
preemptive halt, cache_misses = 65538
preemptive halt, cache_misses = 65538
preemptive halt, cache_misses = 65538
preemptive halt, cache_misses = 65538
preemptive halt, cache_misses = 65538
preemptive halt, cache_misses = 65538
preemptive halt, cache_misses = 65538
preemptive halt, cache_misses = 65538
preemptive halt, cache_misses = 65538
preemptive halt, cache_misses = 65538
preemptive halt, cache_misses = 65538
preemptive halt, cache_misses = 65538
preemptive halt, cache_misses = 65538
preemptive halt, cache_misses = 65538
preemptive halt, cache_misses = 65538
preemptive halt, cache_misses = 65538
preemptive halt, cache_misses = 65538
preemptive halt, cache_misses = 65538
preemptive halt, cache_misses = 65538
preemptive halt, cache_misses = 65538
preemptive halt, cache_misses = 65538
preemptive halt, cache_misses = 65538
preemptive halt, cache_misses = 65538
preemptive halt, cache_misses = 65538
preemptive halt, cache_misses = 65538
preemptive halt, cache_misses = 65538
preemptive halt, cache_misses = 65538
preemptive halt, cache_misses = 65538
preemptive halt, cache_misses = 65538
preemptive halt, cache_misses = 65538
preemptive halt, cache_misses = 65538
preemptive halt, cache_misses = 65538
preemptive halt, cache_misses = 65538
preemptive halt, cache_misses = 65538
preemptive halt, cache_misses = 65538
preemptive halt, cache_misses = 65538
preemptive halt, cache_misses = 65538
preemptive halt, cache_misses = 65538
preemptive halt, cache_misses = 65538
preemptive halt, cache_misses = 65538
preemptive halt, cache_misses = 65538
preemptive halt, cache_misses = 65538
preemptive halt, cache_misses = 65538
preemptive halt, cache_misses = 65538
preemptive halt, cache_misses = 65538
preemptive halt, cache_misses = 65538
preemptive halt, cache_misses = 65538
preemptive halt, cache_misses = 65538
preemptive halt, cache_misses = 65538
preemptive halt, cache_misses = 65538
preemptive halt, cache_misses = 65538
preemptive halt, cache_misses = 65538
preemptive halt, cache_misses = 65538
preemptive halt, cache_misses = 65538
preemptive halt, cache_misses = 65538
preemptive halt, cache_misses = 65538
preemptive halt, cache_misses = 65538
preemptive halt, cache_misses = 65538
binary search, size 21523  misses 65538  min 21484  max 21562
preemptive halt, cache_misses = 65539
preemptive halt, cache_misses = 65539
preemptive halt, cache_misses = 65539
preemptive halt, cache_misses = 65539
preemptive halt, cache_misses = 65539
preemptive halt, cache_misses = 65539
preemptive halt, cache_misses = 65539
preemptive halt, cache_misses = 65539
preemptive halt, cache_misses = 65539
preemptive halt, cache_misses = 65539
preemptive halt, cache_misses = 65539
preemptive halt, cache_misses = 65539
preemptive halt, cache_misses = 65539
preemptive halt, cache_misses = 65539
preemptive halt, cache_misses = 65539
preemptive halt, cache_misses = 65539
preemptive halt, cache_misses = 65539
preemptive halt, cache_misses = 65539
preemptive halt, cache_misses = 65539
preemptive halt, cache_misses = 65539
preemptive halt, cache_misses = 65539
preemptive halt, cache_misses = 65539
preemptive halt, cache_misses = 65539
preemptive halt, cache_misses = 65539
preemptive halt, cache_misses = 65539
preemptive halt, cache_misses = 65539
preemptive halt, cache_misses = 65539
preemptive halt, cache_misses = 65539
preemptive halt, cache_misses = 65539
preemptive halt, cache_misses = 65539
preemptive halt, cache_misses = 65539
preemptive halt, cache_misses = 65539
preemptive halt, cache_misses = 65539
preemptive halt, cache_misses = 65539
preemptive halt, cache_misses = 65539
preemptive halt, cache_misses = 65539
preemptive halt, cache_misses = 65539
preemptive halt, cache_misses = 65539
preemptive halt, cache_misses = 65539
preemptive halt, cache_misses = 65539
preemptive halt, cache_misses = 65539
preemptive halt, cache_misses = 65539
preemptive halt, cache_misses = 65539
preemptive halt, cache_misses = 65539
preemptive halt, cache_misses = 65539
preemptive halt, cache_misses = 65539
preemptive halt, cache_misses = 65539
preemptive halt, cache_misses = 65539
preemptive halt, cache_misses = 65539
preemptive halt, cache_misses = 65539
preemptive halt, cache_misses = 65539
preemptive halt, cache_misses = 65539
preemptive halt, cache_misses = 65539
preemptive halt, cache_misses = 65539
preemptive halt, cache_misses = 65539
preemptive halt, cache_misses = 65539
preemptive halt, cache_misses = 65539
preemptive halt, cache_misses = 65539
preemptive halt, cache_misses = 65539
preemptive halt, cache_misses = 65539
preemptive halt, cache_misses = 65539
preemptive halt, cache_misses = 65539
preemptive halt, cache_misses = 65539
preemptive halt, cache_misses = 65539
preemptive halt, cache_misses = 65539
preemptive halt, cache_misses = 65539
preemptive halt, cache_misses = 65539
preemptive halt, cache_misses = 65539
preemptive halt, cache_misses = 65539
preemptive halt, cache_misses = 65539
preemptive halt, cache_misses = 65539
preemptive halt, cache_misses = 65539
preemptive halt, cache_misses = 65539
preemptive halt, cache_misses = 65539
preemptive halt, cache_misses = 65539
preemptive halt, cache_misses = 65539
preemptive halt, cache_misses = 65539
preemptive halt, cache_misses = 65539
preemptive halt, cache_misses = 65539
preemptive halt, cache_misses = 65539
preemptive halt, cache_misses = 65539
preemptive halt, cache_misses = 65539
preemptive halt, cache_misses = 65539
preemptive halt, cache_misses = 65539
preemptive halt, cache_misses = 65539
preemptive halt, cache_misses = 65539
preemptive halt, cache_misses = 65539
preemptive halt, cache_misses = 65539
binary search, size 21542  misses 65539  min 21523  max 21562
binary search, size 21552  misses 65535  min 21542  max 21562
binary search, size 21547  misses 65535  min 21542  max 21552
binary search, size 21544  misses 65535  min 21542  max 21547
preemptive halt, cache_misses = 65536
preemptive halt, cache_misses = 65536
preemptive halt, cache_misses = 65536
preemptive halt, cache_misses = 65536
preemptive halt, cache_misses = 65536
preemptive halt, cache_misses = 65536
preemptive halt, cache_misses = 65536
preemptive halt, cache_misses = 65536
preemptive halt, cache_misses = 65536
preemptive halt, cache_misses = 65536
preemptive halt, cache_misses = 65536
preemptive halt, cache_misses = 65536
preemptive halt, cache_misses = 65536
preemptive halt, cache_misses = 65536
preemptive halt, cache_misses = 65536
preemptive halt, cache_misses = 65536
preemptive halt, cache_misses = 65536
preemptive halt, cache_misses = 65536
preemptive halt, cache_misses = 65536
preemptive halt, cache_misses = 65536
preemptive halt, cache_misses = 65536
preemptive halt, cache_misses = 65536
preemptive halt, cache_misses = 65536
preemptive halt, cache_misses = 65536
preemptive halt, cache_misses = 65536
preemptive halt, cache_misses = 65536
preemptive halt, cache_misses = 65536
preemptive halt, cache_misses = 65536
preemptive halt, cache_misses = 65536
preemptive halt, cache_misses = 65536
preemptive halt, cache_misses = 65536
preemptive halt, cache_misses = 65536
preemptive halt, cache_misses = 65536
preemptive halt, cache_misses = 65536
preemptive halt, cache_misses = 65536
preemptive halt, cache_misses = 65536
preemptive halt, cache_misses = 65536
preemptive halt, cache_misses = 65536
preemptive halt, cache_misses = 65536
preemptive halt, cache_misses = 65536
preemptive halt, cache_misses = 65536
preemptive halt, cache_misses = 65536
preemptive halt, cache_misses = 65536
preemptive halt, cache_misses = 65536
preemptive halt, cache_misses = 65536
preemptive halt, cache_misses = 65536
preemptive halt, cache_misses = 65536
preemptive halt, cache_misses = 65536
preemptive halt, cache_misses = 65536
preemptive halt, cache_misses = 65536
preemptive halt, cache_misses = 65536
preemptive halt, cache_misses = 65536
preemptive halt, cache_misses = 65536
preemptive halt, cache_misses = 65536
preemptive halt, cache_misses = 65536
preemptive halt, cache_misses = 65536
preemptive halt, cache_misses = 65536
preemptive halt, cache_misses = 65536
preemptive halt, cache_misses = 65536
preemptive halt, cache_misses = 65536
preemptive halt, cache_misses = 65536
preemptive halt, cache_misses = 65536
preemptive halt, cache_misses = 65536
preemptive halt, cache_misses = 65536
preemptive halt, cache_misses = 65536
preemptive halt, cache_misses = 65536
preemptive halt, cache_misses = 65536
preemptive halt, cache_misses = 65536
preemptive halt, cache_misses = 65536
preemptive halt, cache_misses = 65536
preemptive halt, cache_misses = 65536
preemptive halt, cache_misses = 65536
preemptive halt, cache_misses = 65536
preemptive halt, cache_misses = 65536
preemptive halt, cache_misses = 65536
preemptive halt, cache_misses = 65536
preemptive halt, cache_misses = 65536
preemptive halt, cache_misses = 65536
preemptive halt, cache_misses = 65536
preemptive halt, cache_misses = 65536
preemptive halt, cache_misses = 65536
preemptive halt, cache_misses = 65536
binary search, size 21543  misses 65536  min 21542  max 21544
characteristic cache size (binary search) for 255 = 21544
End at: 2021-04-02 16:05:24.149188
Time elapsed: 0:00:01.191475
