Begin at: 2021-04-02 16:07:06.191001
['../dist/Debug/GNU-Linux/memo_batch_tester', '', '--mbt_execution_trace_fname', 'olcs4_traceback_csize_input_types/OLCS4_lru_2021_04_02__16_03_24_k_3__d_2_cache_size_160000_problems_10_to_400/OLCS4_lru_2021_04_02__16_03_24_k_3__d_2_cache_size_160000_problems_10_to_400/OLCS4__do_traceback_prob_size_321_cache_size_160000_lru_k_3_d_2_execution_trace_2021_4_2_16_7_6_pid_21030.log', '--mbt_cache_misses_fname', 'olcs4_traceback_csize_input_types/OLCS4_lru_2021_04_02__16_03_24_k_3__d_2_cache_size_160000_problems_10_to_400/lcs_cost_OLCS4_lru_misses_for_cache_size.csv', '--mbt_misses_for_problem_size_fname', 'olcs4_traceback_csize_input_types/OLCS4_lru_2021_04_02__16_03_24_k_3__d_2_cache_size_160000_problems_10_to_400/lcs_cost_OLCS4_lru_misses_for_problem_size.csv', '--mbt_exact_cutoff_min_cache_size', '160000', '--mbt_exact_cutoff_max_cache_size', '160000', '--mbt_problem_type', 'lcs', '--mbt_metric_type', 'csize_binary_search', '--mbt_cutoff_ratio', '2.2', '--mbt_instance_fname', '321', '--mbt_detailed_cache_misses_out_fname', 'csize_olcs4_traceback_0011n_ceil_n_b_6.csv', '--mbt_phi_N', '5.0', '--mbt_problem_size', '321', '--lcs_compute_length', '0', '--lcs_perform_traceback', '1', '--lig_instance_type', '0011n_ceil_n_b', '--lig_n', '321', '--lig_c', '0.9', '--lig_b', '6.0', '--lcs_oblivious', '4', '--lcs_execution_trace_fname', 'olcs4_traceback_csize_input_types/OLCS4_lru_2021_04_02__16_03_24_k_3__d_2_cache_size_160000_problems_10_to_400/OLCS4_lru_2021_04_02__16_03_24_k_3__d_2_cache_size_160000_problems_10_to_400/OLCS4__do_traceback_prob_size_321_cache_size_160000_lru_k_3_d_2_execution_trace_2021_4_2_16_7_6_pid_21030.log', '--memo_caching_strategy', 'lru', '--memo_cache_size', '160001', '--memo_lru_queue_size', '160000', '--memo_cuckoo_k', '4', '--memo_key_length', '8', '--memo_value_length', '8', '--memo_k_timestamps', '3', '--memo_d_recent_timestamps', '2', '--memo_a_items_per_timestamp_factor', '0.4375']

csize_binary_search chosen
lcs problem_type lcs cache_size 160001
initialize_long_int_cache begin
init_memo
arguments to memo:
 --mbt_execution_trace_fname olcs4_traceback_csize_input_types/OLCS4_lru_2021_04_02__16_03_24_k_3__d_2_cache_size_160000_problems_10_to_400/OLCS4_lru_2021_04_02__16_03_24_k_3__d_2_cache_size_160000_problems_10_to_400/OLCS4__do_traceback_prob_size_321_cache_size_160000_lru_k_3_d_2_execution_trace_2021_4_2_16_7_6_pid_21030.log --mbt_cache_misses_fname olcs4_traceback_csize_input_types/OLCS4_lru_2021_04_02__16_03_24_k_3__d_2_cache_size_160000_problems_10_to_400/lcs_cost_OLCS4_lru_misses_for_cache_size.csv --mbt_misses_for_problem_size_fname olcs4_traceback_csize_input_types/OLCS4_lru_2021_04_02__16_03_24_k_3__d_2_cache_size_160000_problems_10_to_400/lcs_cost_OLCS4_lru_misses_for_problem_size.csv --mbt_exact_cutoff_min_cache_size 160000 --mbt_exact_cutoff_max_cache_size 160000 --mbt_problem_type lcs --mbt_metric_type csize_binary_search --mbt_cutoff_ratio 2.2 --mbt_instance_fname 321 --mbt_detailed_cache_misses_out_fname csize_olcs4_traceback_0011n_ceil_n_b_6.csv --mbt_phi_N 5.0 --mbt_problem_size 321 --lcs_compute_length 0 --lcs_perform_traceback 1 --lig_instance_type 0011n_ceil_n_b --lig_n 321 --lig_c 0.9 --lig_b 6.0 --lcs_oblivious 4 --lcs_execution_trace_fname olcs4_traceback_csize_input_types/OLCS4_lru_2021_04_02__16_03_24_k_3__d_2_cache_size_160000_problems_10_to_400/OLCS4_lru_2021_04_02__16_03_24_k_3__d_2_cache_size_160000_problems_10_to_400/OLCS4__do_traceback_prob_size_321_cache_size_160000_lru_k_3_d_2_execution_trace_2021_4_2_16_7_6_pid_21030.log --memo_caching_strategy lru --memo_cache_size 160001 --memo_lru_queue_size 160000 --memo_cuckoo_k 4 --memo_key_length 8 --memo_value_length 8 --memo_k_timestamps 3 --memo_d_recent_timestamps 2 --memo_a_items_per_timestamp_factor 0.4375 
calculate_table_size: table_size is 262144, original is 160001
Finished initializing cache
initialize_long_int_cache end
done initializing cache
initializing problem
done initializing problem
commence trials
Starting characteristic_cache_size_binary_search with max cache size 160001
binary search, size 160001  misses 103683
binary search, size 80000  misses 103683  min 0  max 160001
binary search, size 40000  misses 103683  min 0  max 80000
preemptive halt, cache_misses = 103684
preemptive halt, cache_misses = 103684
preemptive halt, cache_misses = 103684
preemptive halt, cache_misses = 103684
preemptive halt, cache_misses = 103684
preemptive halt, cache_misses = 103684
preemptive halt, cache_misses = 103684
preemptive halt, cache_misses = 103684
preemptive halt, cache_misses = 103684
preemptive halt, cache_misses = 103684
preemptive halt, cache_misses = 103684
preemptive halt, cache_misses = 103684
preemptive halt, cache_misses = 103684
preemptive halt, cache_misses = 103684
preemptive halt, cache_misses = 103684
preemptive halt, cache_misses = 103684
preemptive halt, cache_misses = 103684
preemptive halt, cache_misses = 103684
preemptive halt, cache_misses = 103684
preemptive halt, cache_misses = 103684
preemptive halt, cache_misses = 103684
preemptive halt, cache_misses = 103684
preemptive halt, cache_misses = 103684
preemptive halt, cache_misses = 103684
preemptive halt, cache_misses = 103684
preemptive halt, cache_misses = 103684
preemptive halt, cache_misses = 103684
preemptive halt, cache_misses = 103684
preemptive halt, cache_misses = 103684
preemptive halt, cache_misses = 103684
preemptive halt, cache_misses = 103684
preemptive halt, cache_misses = 103684
preemptive halt, cache_misses = 103684
preemptive halt, cache_misses = 103684
preemptive halt, cache_misses = 103684
preemptive halt, cache_misses = 103684
preemptive halt, cache_misses = 103684
preemptive halt, cache_misses = 103684
preemptive halt, cache_misses = 103684
preemptive halt, cache_misses = 103684
preemptive halt, cache_misses = 103684
preemptive halt, cache_misses = 103684
preemptive halt, cache_misses = 103684
preemptive halt, cache_misses = 103684
preemptive halt, cache_misses = 103684
preemptive halt, cache_misses = 103684
preemptive halt, cache_misses = 103684
preemptive halt, cache_misses = 103684
preemptive halt, cache_misses = 103684
preemptive halt, cache_misses = 103684
preemptive halt, cache_misses = 103684
preemptive halt, cache_misses = 103684
preemptive halt, cache_misses = 103684
preemptive halt, cache_misses = 103684
preemptive halt, cache_misses = 103684
preemptive halt, cache_misses = 103684
preemptive halt, cache_misses = 103684
preemptive halt, cache_misses = 103684
preemptive halt, cache_misses = 103684
preemptive halt, cache_misses = 103684
preemptive halt, cache_misses = 103684
preemptive halt, cache_misses = 103684
preemptive halt, cache_misses = 103684
preemptive halt, cache_misses = 103684
preemptive halt, cache_misses = 103684
preemptive halt, cache_misses = 103684
preemptive halt, cache_misses = 103684
preemptive halt, cache_misses = 103684
preemptive halt, cache_misses = 103684
preemptive halt, cache_misses = 103684
preemptive halt, cache_misses = 103684
preemptive halt, cache_misses = 103684
preemptive halt, cache_misses = 103684
preemptive halt, cache_misses = 103684
preemptive halt, cache_misses = 103684
preemptive halt, cache_misses = 103684
preemptive halt, cache_misses = 103684
preemptive halt, cache_misses = 103684
preemptive halt, cache_misses = 103684
preemptive halt, cache_misses = 103684
preemptive halt, cache_misses = 103684
preemptive halt, cache_misses = 103684
preemptive halt, cache_misses = 103684
preemptive halt, cache_misses = 103684
preemptive halt, cache_misses = 103684
preemptive halt, cache_misses = 103684
preemptive halt, cache_misses = 103684
preemptive halt, cache_misses = 103684
preemptive halt, cache_misses = 103684
preemptive halt, cache_misses = 103684
preemptive halt, cache_misses = 103684
preemptive halt, cache_misses = 103684
preemptive halt, cache_misses = 103684
preemptive halt, cache_misses = 103684
preemptive halt, cache_misses = 103684
preemptive halt, cache_misses = 103684
preemptive halt, cache_misses = 103684
preemptive halt, cache_misses = 103684
preemptive halt, cache_misses = 103684
preemptive halt, cache_misses = 103684
preemptive halt, cache_misses = 103684
preemptive halt, cache_misses = 103684
preemptive halt, cache_misses = 103684
preemptive halt, cache_misses = 103684
binary search, size 20000  misses 103684  min 0  max 40000
preemptive halt, cache_misses = 103685
preemptive halt, cache_misses = 103685
preemptive halt, cache_misses = 103685
preemptive halt, cache_misses = 103685
preemptive halt, cache_misses = 103685
preemptive halt, cache_misses = 103685
preemptive halt, cache_misses = 103685
preemptive halt, cache_misses = 103685
preemptive halt, cache_misses = 103685
preemptive halt, cache_misses = 103685
preemptive halt, cache_misses = 103685
preemptive halt, cache_misses = 103685
preemptive halt, cache_misses = 103685
preemptive halt, cache_misses = 103685
preemptive halt, cache_misses = 103685
preemptive halt, cache_misses = 103685
preemptive halt, cache_misses = 103685
preemptive halt, cache_misses = 103685
preemptive halt, cache_misses = 103685
preemptive halt, cache_misses = 103685
preemptive halt, cache_misses = 103685
preemptive halt, cache_misses = 103685
preemptive halt, cache_misses = 103685
preemptive halt, cache_misses = 103685
preemptive halt, cache_misses = 103685
preemptive halt, cache_misses = 103685
preemptive halt, cache_misses = 103685
preemptive halt, cache_misses = 103685
preemptive halt, cache_misses = 103685
preemptive halt, cache_misses = 103685
preemptive halt, cache_misses = 103685
preemptive halt, cache_misses = 103685
preemptive halt, cache_misses = 103685
preemptive halt, cache_misses = 103685
preemptive halt, cache_misses = 103685
preemptive halt, cache_misses = 103685
preemptive halt, cache_misses = 103685
preemptive halt, cache_misses = 103685
preemptive halt, cache_misses = 103685
preemptive halt, cache_misses = 103685
preemptive halt, cache_misses = 103685
preemptive halt, cache_misses = 103685
preemptive halt, cache_misses = 103685
preemptive halt, cache_misses = 103685
preemptive halt, cache_misses = 103685
preemptive halt, cache_misses = 103685
preemptive halt, cache_misses = 103685
preemptive halt, cache_misses = 103685
preemptive halt, cache_misses = 103685
preemptive halt, cache_misses = 103685
preemptive halt, cache_misses = 103685
preemptive halt, cache_misses = 103685
preemptive halt, cache_misses = 103685
preemptive halt, cache_misses = 103685
preemptive halt, cache_misses = 103685
preemptive halt, cache_misses = 103685
preemptive halt, cache_misses = 103685
preemptive halt, cache_misses = 103685
preemptive halt, cache_misses = 103685
preemptive halt, cache_misses = 103685
preemptive halt, cache_misses = 103685
preemptive halt, cache_misses = 103685
preemptive halt, cache_misses = 103685
preemptive halt, cache_misses = 103685
preemptive halt, cache_misses = 103685
preemptive halt, cache_misses = 103685
preemptive halt, cache_misses = 103685
preemptive halt, cache_misses = 103685
preemptive halt, cache_misses = 103685
preemptive halt, cache_misses = 103685
preemptive halt, cache_misses = 103685
preemptive halt, cache_misses = 103685
preemptive halt, cache_misses = 103685
preemptive halt, cache_misses = 103685
preemptive halt, cache_misses = 103685
preemptive halt, cache_misses = 103685
preemptive halt, cache_misses = 103685
preemptive halt, cache_misses = 103685
preemptive halt, cache_misses = 103685
preemptive halt, cache_misses = 103685
preemptive halt, cache_misses = 103685
preemptive halt, cache_misses = 103685
preemptive halt, cache_misses = 103685
preemptive halt, cache_misses = 103685
preemptive halt, cache_misses = 103685
preemptive halt, cache_misses = 103685
preemptive halt, cache_misses = 103685
preemptive halt, cache_misses = 103685
preemptive halt, cache_misses = 103685
preemptive halt, cache_misses = 103685
preemptive halt, cache_misses = 103685
preemptive halt, cache_misses = 103685
preemptive halt, cache_misses = 103685
preemptive halt, cache_misses = 103685
preemptive halt, cache_misses = 103685
preemptive halt, cache_misses = 103685
preemptive halt, cache_misses = 103685
preemptive halt, cache_misses = 103685
preemptive halt, cache_misses = 103685
preemptive halt, cache_misses = 103685
preemptive halt, cache_misses = 103685
preemptive halt, cache_misses = 103685
preemptive halt, cache_misses = 103685
preemptive halt, cache_misses = 103685
preemptive halt, cache_misses = 103685
preemptive halt, cache_misses = 103685
binary search, size 30000  misses 103685  min 20000  max 40000
binary search, size 35000  misses 103683  min 30000  max 40000
preemptive halt, cache_misses = 103684
preemptive halt, cache_misses = 103684
preemptive halt, cache_misses = 103684
preemptive halt, cache_misses = 103684
preemptive halt, cache_misses = 103684
preemptive halt, cache_misses = 103684
preemptive halt, cache_misses = 103684
preemptive halt, cache_misses = 103684
preemptive halt, cache_misses = 103684
preemptive halt, cache_misses = 103684
preemptive halt, cache_misses = 103684
preemptive halt, cache_misses = 103684
preemptive halt, cache_misses = 103684
preemptive halt, cache_misses = 103684
preemptive halt, cache_misses = 103684
preemptive halt, cache_misses = 103684
preemptive halt, cache_misses = 103684
preemptive halt, cache_misses = 103684
preemptive halt, cache_misses = 103684
preemptive halt, cache_misses = 103684
preemptive halt, cache_misses = 103684
preemptive halt, cache_misses = 103684
preemptive halt, cache_misses = 103684
preemptive halt, cache_misses = 103684
preemptive halt, cache_misses = 103684
preemptive halt, cache_misses = 103684
preemptive halt, cache_misses = 103684
preemptive halt, cache_misses = 103684
preemptive halt, cache_misses = 103684
preemptive halt, cache_misses = 103684
preemptive halt, cache_misses = 103684
preemptive halt, cache_misses = 103684
preemptive halt, cache_misses = 103684
preemptive halt, cache_misses = 103684
preemptive halt, cache_misses = 103684
preemptive halt, cache_misses = 103684
preemptive halt, cache_misses = 103684
preemptive halt, cache_misses = 103684
preemptive halt, cache_misses = 103684
preemptive halt, cache_misses = 103684
preemptive halt, cache_misses = 103684
preemptive halt, cache_misses = 103684
preemptive halt, cache_misses = 103684
preemptive halt, cache_misses = 103684
preemptive halt, cache_misses = 103684
preemptive halt, cache_misses = 103684
preemptive halt, cache_misses = 103684
preemptive halt, cache_misses = 103684
preemptive halt, cache_misses = 103684
preemptive halt, cache_misses = 103684
preemptive halt, cache_misses = 103684
preemptive halt, cache_misses = 103684
preemptive halt, cache_misses = 103684
preemptive halt, cache_misses = 103684
preemptive halt, cache_misses = 103684
preemptive halt, cache_misses = 103684
preemptive halt, cache_misses = 103684
preemptive halt, cache_misses = 103684
preemptive halt, cache_misses = 103684
preemptive halt, cache_misses = 103684
preemptive halt, cache_misses = 103684
preemptive halt, cache_misses = 103684
preemptive halt, cache_misses = 103684
preemptive halt, cache_misses = 103684
preemptive halt, cache_misses = 103684
preemptive halt, cache_misses = 103684
preemptive halt, cache_misses = 103684
preemptive halt, cache_misses = 103684
preemptive halt, cache_misses = 103684
preemptive halt, cache_misses = 103684
preemptive halt, cache_misses = 103684
preemptive halt, cache_misses = 103684
preemptive halt, cache_misses = 103684
preemptive halt, cache_misses = 103684
preemptive halt, cache_misses = 103684
preemptive halt, cache_misses = 103684
preemptive halt, cache_misses = 103684
preemptive halt, cache_misses = 103684
preemptive halt, cache_misses = 103684
preemptive halt, cache_misses = 103684
preemptive halt, cache_misses = 103684
preemptive halt, cache_misses = 103684
preemptive halt, cache_misses = 103684
preemptive halt, cache_misses = 103684
preemptive halt, cache_misses = 103684
preemptive halt, cache_misses = 103684
preemptive halt, cache_misses = 103684
preemptive halt, cache_misses = 103684
preemptive halt, cache_misses = 103684
preemptive halt, cache_misses = 103684
preemptive halt, cache_misses = 103684
preemptive halt, cache_misses = 103684
preemptive halt, cache_misses = 103684
preemptive halt, cache_misses = 103684
preemptive halt, cache_misses = 103684
preemptive halt, cache_misses = 103684
preemptive halt, cache_misses = 103684
preemptive halt, cache_misses = 103684
preemptive halt, cache_misses = 103684
preemptive halt, cache_misses = 103684
preemptive halt, cache_misses = 103684
preemptive halt, cache_misses = 103684
preemptive halt, cache_misses = 103684
preemptive halt, cache_misses = 103684
binary search, size 32500  misses 103684  min 30000  max 35000
preemptive halt, cache_misses = 103685
preemptive halt, cache_misses = 103685
preemptive halt, cache_misses = 103685
preemptive halt, cache_misses = 103685
preemptive halt, cache_misses = 103685
preemptive halt, cache_misses = 103685
preemptive halt, cache_misses = 103685
preemptive halt, cache_misses = 103685
preemptive halt, cache_misses = 103685
preemptive halt, cache_misses = 103685
preemptive halt, cache_misses = 103685
preemptive halt, cache_misses = 103685
preemptive halt, cache_misses = 103685
preemptive halt, cache_misses = 103685
preemptive halt, cache_misses = 103685
preemptive halt, cache_misses = 103685
preemptive halt, cache_misses = 103685
preemptive halt, cache_misses = 103685
preemptive halt, cache_misses = 103685
preemptive halt, cache_misses = 103685
preemptive halt, cache_misses = 103685
preemptive halt, cache_misses = 103685
preemptive halt, cache_misses = 103685
preemptive halt, cache_misses = 103685
preemptive halt, cache_misses = 103685
preemptive halt, cache_misses = 103685
preemptive halt, cache_misses = 103685
preemptive halt, cache_misses = 103685
preemptive halt, cache_misses = 103685
preemptive halt, cache_misses = 103685
preemptive halt, cache_misses = 103685
preemptive halt, cache_misses = 103685
preemptive halt, cache_misses = 103685
preemptive halt, cache_misses = 103685
preemptive halt, cache_misses = 103685
preemptive halt, cache_misses = 103685
preemptive halt, cache_misses = 103685
preemptive halt, cache_misses = 103685
preemptive halt, cache_misses = 103685
preemptive halt, cache_misses = 103685
preemptive halt, cache_misses = 103685
preemptive halt, cache_misses = 103685
preemptive halt, cache_misses = 103685
preemptive halt, cache_misses = 103685
preemptive halt, cache_misses = 103685
preemptive halt, cache_misses = 103685
preemptive halt, cache_misses = 103685
preemptive halt, cache_misses = 103685
preemptive halt, cache_misses = 103685
preemptive halt, cache_misses = 103685
preemptive halt, cache_misses = 103685
preemptive halt, cache_misses = 103685
preemptive halt, cache_misses = 103685
preemptive halt, cache_misses = 103685
preemptive halt, cache_misses = 103685
preemptive halt, cache_misses = 103685
preemptive halt, cache_misses = 103685
preemptive halt, cache_misses = 103685
preemptive halt, cache_misses = 103685
preemptive halt, cache_misses = 103685
preemptive halt, cache_misses = 103685
preemptive halt, cache_misses = 103685
preemptive halt, cache_misses = 103685
preemptive halt, cache_misses = 103685
preemptive halt, cache_misses = 103685
preemptive halt, cache_misses = 103685
preemptive halt, cache_misses = 103685
preemptive halt, cache_misses = 103685
preemptive halt, cache_misses = 103685
preemptive halt, cache_misses = 103685
preemptive halt, cache_misses = 103685
preemptive halt, cache_misses = 103685
preemptive halt, cache_misses = 103685
preemptive halt, cache_misses = 103685
preemptive halt, cache_misses = 103685
preemptive halt, cache_misses = 103685
preemptive halt, cache_misses = 103685
preemptive halt, cache_misses = 103685
preemptive halt, cache_misses = 103685
preemptive halt, cache_misses = 103685
preemptive halt, cache_misses = 103685
preemptive halt, cache_misses = 103685
preemptive halt, cache_misses = 103685
preemptive halt, cache_misses = 103685
preemptive halt, cache_misses = 103685
preemptive halt, cache_misses = 103685
preemptive halt, cache_misses = 103685
preemptive halt, cache_misses = 103685
preemptive halt, cache_misses = 103685
preemptive halt, cache_misses = 103685
preemptive halt, cache_misses = 103685
preemptive halt, cache_misses = 103685
preemptive halt, cache_misses = 103685
preemptive halt, cache_misses = 103685
preemptive halt, cache_misses = 103685
preemptive halt, cache_misses = 103685
preemptive halt, cache_misses = 103685
preemptive halt, cache_misses = 103685
preemptive halt, cache_misses = 103685
preemptive halt, cache_misses = 103685
preemptive halt, cache_misses = 103685
preemptive halt, cache_misses = 103685
preemptive halt, cache_misses = 103685
preemptive halt, cache_misses = 103685
preemptive halt, cache_misses = 103685
preemptive halt, cache_misses = 103685
binary search, size 33750  misses 103685  min 32500  max 35000
binary search, size 34375  misses 103683  min 33750  max 35000
preemptive halt, cache_misses = 103684
preemptive halt, cache_misses = 103684
preemptive halt, cache_misses = 103684
preemptive halt, cache_misses = 103684
preemptive halt, cache_misses = 103684
preemptive halt, cache_misses = 103684
preemptive halt, cache_misses = 103684
preemptive halt, cache_misses = 103684
preemptive halt, cache_misses = 103684
preemptive halt, cache_misses = 103684
preemptive halt, cache_misses = 103684
preemptive halt, cache_misses = 103684
preemptive halt, cache_misses = 103684
preemptive halt, cache_misses = 103684
preemptive halt, cache_misses = 103684
preemptive halt, cache_misses = 103684
preemptive halt, cache_misses = 103684
preemptive halt, cache_misses = 103684
preemptive halt, cache_misses = 103684
preemptive halt, cache_misses = 103684
preemptive halt, cache_misses = 103684
preemptive halt, cache_misses = 103684
preemptive halt, cache_misses = 103684
preemptive halt, cache_misses = 103684
preemptive halt, cache_misses = 103684
preemptive halt, cache_misses = 103684
preemptive halt, cache_misses = 103684
preemptive halt, cache_misses = 103684
preemptive halt, cache_misses = 103684
preemptive halt, cache_misses = 103684
preemptive halt, cache_misses = 103684
preemptive halt, cache_misses = 103684
preemptive halt, cache_misses = 103684
preemptive halt, cache_misses = 103684
preemptive halt, cache_misses = 103684
preemptive halt, cache_misses = 103684
preemptive halt, cache_misses = 103684
preemptive halt, cache_misses = 103684
preemptive halt, cache_misses = 103684
preemptive halt, cache_misses = 103684
preemptive halt, cache_misses = 103684
preemptive halt, cache_misses = 103684
preemptive halt, cache_misses = 103684
preemptive halt, cache_misses = 103684
preemptive halt, cache_misses = 103684
preemptive halt, cache_misses = 103684
preemptive halt, cache_misses = 103684
preemptive halt, cache_misses = 103684
preemptive halt, cache_misses = 103684
preemptive halt, cache_misses = 103684
preemptive halt, cache_misses = 103684
preemptive halt, cache_misses = 103684
preemptive halt, cache_misses = 103684
preemptive halt, cache_misses = 103684
preemptive halt, cache_misses = 103684
preemptive halt, cache_misses = 103684
preemptive halt, cache_misses = 103684
preemptive halt, cache_misses = 103684
preemptive halt, cache_misses = 103684
preemptive halt, cache_misses = 103684
preemptive halt, cache_misses = 103684
preemptive halt, cache_misses = 103684
preemptive halt, cache_misses = 103684
preemptive halt, cache_misses = 103684
preemptive halt, cache_misses = 103684
preemptive halt, cache_misses = 103684
preemptive halt, cache_misses = 103684
preemptive halt, cache_misses = 103684
preemptive halt, cache_misses = 103684
preemptive halt, cache_misses = 103684
preemptive halt, cache_misses = 103684
preemptive halt, cache_misses = 103684
preemptive halt, cache_misses = 103684
preemptive halt, cache_misses = 103684
preemptive halt, cache_misses = 103684
preemptive halt, cache_misses = 103684
preemptive halt, cache_misses = 103684
preemptive halt, cache_misses = 103684
preemptive halt, cache_misses = 103684
preemptive halt, cache_misses = 103684
preemptive halt, cache_misses = 103684
preemptive halt, cache_misses = 103684
preemptive halt, cache_misses = 103684
preemptive halt, cache_misses = 103684
preemptive halt, cache_misses = 103684
preemptive halt, cache_misses = 103684
preemptive halt, cache_misses = 103684
preemptive halt, cache_misses = 103684
preemptive halt, cache_misses = 103684
preemptive halt, cache_misses = 103684
preemptive halt, cache_misses = 103684
preemptive halt, cache_misses = 103684
preemptive halt, cache_misses = 103684
preemptive halt, cache_misses = 103684
preemptive halt, cache_misses = 103684
preemptive halt, cache_misses = 103684
preemptive halt, cache_misses = 103684
preemptive halt, cache_misses = 103684
preemptive halt, cache_misses = 103684
preemptive halt, cache_misses = 103684
preemptive halt, cache_misses = 103684
preemptive halt, cache_misses = 103684
preemptive halt, cache_misses = 103684
preemptive halt, cache_misses = 103684
binary search, size 34062  misses 103684  min 33750  max 34375
binary search, size 34218  misses 103683  min 34062  max 34375
preemptive halt, cache_misses = 103684
preemptive halt, cache_misses = 103684
preemptive halt, cache_misses = 103684
preemptive halt, cache_misses = 103684
preemptive halt, cache_misses = 103684
preemptive halt, cache_misses = 103684
preemptive halt, cache_misses = 103684
preemptive halt, cache_misses = 103684
preemptive halt, cache_misses = 103684
preemptive halt, cache_misses = 103684
preemptive halt, cache_misses = 103684
preemptive halt, cache_misses = 103684
preemptive halt, cache_misses = 103684
preemptive halt, cache_misses = 103684
preemptive halt, cache_misses = 103684
preemptive halt, cache_misses = 103684
preemptive halt, cache_misses = 103684
preemptive halt, cache_misses = 103684
preemptive halt, cache_misses = 103684
preemptive halt, cache_misses = 103684
preemptive halt, cache_misses = 103684
preemptive halt, cache_misses = 103684
preemptive halt, cache_misses = 103684
preemptive halt, cache_misses = 103684
preemptive halt, cache_misses = 103684
preemptive halt, cache_misses = 103684
preemptive halt, cache_misses = 103684
preemptive halt, cache_misses = 103684
preemptive halt, cache_misses = 103684
preemptive halt, cache_misses = 103684
preemptive halt, cache_misses = 103684
preemptive halt, cache_misses = 103684
preemptive halt, cache_misses = 103684
preemptive halt, cache_misses = 103684
preemptive halt, cache_misses = 103684
preemptive halt, cache_misses = 103684
preemptive halt, cache_misses = 103684
preemptive halt, cache_misses = 103684
preemptive halt, cache_misses = 103684
preemptive halt, cache_misses = 103684
preemptive halt, cache_misses = 103684
preemptive halt, cache_misses = 103684
preemptive halt, cache_misses = 103684
preemptive halt, cache_misses = 103684
preemptive halt, cache_misses = 103684
preemptive halt, cache_misses = 103684
preemptive halt, cache_misses = 103684
preemptive halt, cache_misses = 103684
preemptive halt, cache_misses = 103684
preemptive halt, cache_misses = 103684
preemptive halt, cache_misses = 103684
preemptive halt, cache_misses = 103684
preemptive halt, cache_misses = 103684
preemptive halt, cache_misses = 103684
preemptive halt, cache_misses = 103684
preemptive halt, cache_misses = 103684
preemptive halt, cache_misses = 103684
preemptive halt, cache_misses = 103684
preemptive halt, cache_misses = 103684
preemptive halt, cache_misses = 103684
preemptive halt, cache_misses = 103684
preemptive halt, cache_misses = 103684
preemptive halt, cache_misses = 103684
preemptive halt, cache_misses = 103684
preemptive halt, cache_misses = 103684
preemptive halt, cache_misses = 103684
preemptive halt, cache_misses = 103684
preemptive halt, cache_misses = 103684
preemptive halt, cache_misses = 103684
preemptive halt, cache_misses = 103684
preemptive halt, cache_misses = 103684
preemptive halt, cache_misses = 103684
preemptive halt, cache_misses = 103684
preemptive halt, cache_misses = 103684
preemptive halt, cache_misses = 103684
preemptive halt, cache_misses = 103684
preemptive halt, cache_misses = 103684
preemptive halt, cache_misses = 103684
preemptive halt, cache_misses = 103684
preemptive halt, cache_misses = 103684
preemptive halt, cache_misses = 103684
preemptive halt, cache_misses = 103684
preemptive halt, cache_misses = 103684
preemptive halt, cache_misses = 103684
preemptive halt, cache_misses = 103684
preemptive halt, cache_misses = 103684
preemptive halt, cache_misses = 103684
preemptive halt, cache_misses = 103684
preemptive halt, cache_misses = 103684
preemptive halt, cache_misses = 103684
preemptive halt, cache_misses = 103684
preemptive halt, cache_misses = 103684
preemptive halt, cache_misses = 103684
preemptive halt, cache_misses = 103684
preemptive halt, cache_misses = 103684
preemptive halt, cache_misses = 103684
preemptive halt, cache_misses = 103684
preemptive halt, cache_misses = 103684
preemptive halt, cache_misses = 103684
preemptive halt, cache_misses = 103684
preemptive halt, cache_misses = 103684
preemptive halt, cache_misses = 103684
preemptive halt, cache_misses = 103684
preemptive halt, cache_misses = 103684
binary search, size 34140  misses 103684  min 34062  max 34218
preemptive halt, cache_misses = 103685
preemptive halt, cache_misses = 103685
preemptive halt, cache_misses = 103685
preemptive halt, cache_misses = 103685
preemptive halt, cache_misses = 103685
preemptive halt, cache_misses = 103685
preemptive halt, cache_misses = 103685
preemptive halt, cache_misses = 103685
preemptive halt, cache_misses = 103685
preemptive halt, cache_misses = 103685
preemptive halt, cache_misses = 103685
preemptive halt, cache_misses = 103685
preemptive halt, cache_misses = 103685
preemptive halt, cache_misses = 103685
preemptive halt, cache_misses = 103685
preemptive halt, cache_misses = 103685
preemptive halt, cache_misses = 103685
preemptive halt, cache_misses = 103685
preemptive halt, cache_misses = 103685
preemptive halt, cache_misses = 103685
preemptive halt, cache_misses = 103685
preemptive halt, cache_misses = 103685
preemptive halt, cache_misses = 103685
preemptive halt, cache_misses = 103685
preemptive halt, cache_misses = 103685
preemptive halt, cache_misses = 103685
preemptive halt, cache_misses = 103685
preemptive halt, cache_misses = 103685
preemptive halt, cache_misses = 103685
preemptive halt, cache_misses = 103685
preemptive halt, cache_misses = 103685
preemptive halt, cache_misses = 103685
preemptive halt, cache_misses = 103685
preemptive halt, cache_misses = 103685
preemptive halt, cache_misses = 103685
preemptive halt, cache_misses = 103685
preemptive halt, cache_misses = 103685
preemptive halt, cache_misses = 103685
preemptive halt, cache_misses = 103685
preemptive halt, cache_misses = 103685
preemptive halt, cache_misses = 103685
preemptive halt, cache_misses = 103685
preemptive halt, cache_misses = 103685
preemptive halt, cache_misses = 103685
preemptive halt, cache_misses = 103685
preemptive halt, cache_misses = 103685
preemptive halt, cache_misses = 103685
preemptive halt, cache_misses = 103685
preemptive halt, cache_misses = 103685
preemptive halt, cache_misses = 103685
preemptive halt, cache_misses = 103685
preemptive halt, cache_misses = 103685
preemptive halt, cache_misses = 103685
preemptive halt, cache_misses = 103685
preemptive halt, cache_misses = 103685
preemptive halt, cache_misses = 103685
preemptive halt, cache_misses = 103685
preemptive halt, cache_misses = 103685
preemptive halt, cache_misses = 103685
preemptive halt, cache_misses = 103685
preemptive halt, cache_misses = 103685
preemptive halt, cache_misses = 103685
preemptive halt, cache_misses = 103685
preemptive halt, cache_misses = 103685
preemptive halt, cache_misses = 103685
preemptive halt, cache_misses = 103685
preemptive halt, cache_misses = 103685
preemptive halt, cache_misses = 103685
preemptive halt, cache_misses = 103685
preemptive halt, cache_misses = 103685
preemptive halt, cache_misses = 103685
preemptive halt, cache_misses = 103685
preemptive halt, cache_misses = 103685
preemptive halt, cache_misses = 103685
preemptive halt, cache_misses = 103685
preemptive halt, cache_misses = 103685
preemptive halt, cache_misses = 103685
preemptive halt, cache_misses = 103685
preemptive halt, cache_misses = 103685
preemptive halt, cache_misses = 103685
preemptive halt, cache_misses = 103685
preemptive halt, cache_misses = 103685
preemptive halt, cache_misses = 103685
preemptive halt, cache_misses = 103685
preemptive halt, cache_misses = 103685
preemptive halt, cache_misses = 103685
preemptive halt, cache_misses = 103685
preemptive halt, cache_misses = 103685
preemptive halt, cache_misses = 103685
preemptive halt, cache_misses = 103685
preemptive halt, cache_misses = 103685
preemptive halt, cache_misses = 103685
preemptive halt, cache_misses = 103685
preemptive halt, cache_misses = 103685
preemptive halt, cache_misses = 103685
preemptive halt, cache_misses = 103685
preemptive halt, cache_misses = 103685
preemptive halt, cache_misses = 103685
preemptive halt, cache_misses = 103685
preemptive halt, cache_misses = 103685
preemptive halt, cache_misses = 103685
preemptive halt, cache_misses = 103685
preemptive halt, cache_misses = 103685
preemptive halt, cache_misses = 103685
preemptive halt, cache_misses = 103685
preemptive halt, cache_misses = 103685
binary search, size 34179  misses 103685  min 34140  max 34218
binary search, size 34198  misses 103683  min 34179  max 34218
binary search, size 34188  misses 103683  min 34179  max 34198
binary search, size 34183  misses 103683  min 34179  max 34188
preemptive halt, cache_misses = 103684
preemptive halt, cache_misses = 103684
preemptive halt, cache_misses = 103684
preemptive halt, cache_misses = 103684
preemptive halt, cache_misses = 103684
preemptive halt, cache_misses = 103684
preemptive halt, cache_misses = 103684
preemptive halt, cache_misses = 103684
preemptive halt, cache_misses = 103684
preemptive halt, cache_misses = 103684
preemptive halt, cache_misses = 103684
preemptive halt, cache_misses = 103684
preemptive halt, cache_misses = 103684
preemptive halt, cache_misses = 103684
preemptive halt, cache_misses = 103684
preemptive halt, cache_misses = 103684
preemptive halt, cache_misses = 103684
preemptive halt, cache_misses = 103684
preemptive halt, cache_misses = 103684
preemptive halt, cache_misses = 103684
preemptive halt, cache_misses = 103684
preemptive halt, cache_misses = 103684
preemptive halt, cache_misses = 103684
preemptive halt, cache_misses = 103684
preemptive halt, cache_misses = 103684
preemptive halt, cache_misses = 103684
preemptive halt, cache_misses = 103684
preemptive halt, cache_misses = 103684
preemptive halt, cache_misses = 103684
preemptive halt, cache_misses = 103684
preemptive halt, cache_misses = 103684
preemptive halt, cache_misses = 103684
preemptive halt, cache_misses = 103684
preemptive halt, cache_misses = 103684
preemptive halt, cache_misses = 103684
preemptive halt, cache_misses = 103684
preemptive halt, cache_misses = 103684
preemptive halt, cache_misses = 103684
preemptive halt, cache_misses = 103684
preemptive halt, cache_misses = 103684
preemptive halt, cache_misses = 103684
preemptive halt, cache_misses = 103684
preemptive halt, cache_misses = 103684
preemptive halt, cache_misses = 103684
preemptive halt, cache_misses = 103684
preemptive halt, cache_misses = 103684
preemptive halt, cache_misses = 103684
preemptive halt, cache_misses = 103684
preemptive halt, cache_misses = 103684
preemptive halt, cache_misses = 103684
preemptive halt, cache_misses = 103684
preemptive halt, cache_misses = 103684
preemptive halt, cache_misses = 103684
preemptive halt, cache_misses = 103684
preemptive halt, cache_misses = 103684
preemptive halt, cache_misses = 103684
preemptive halt, cache_misses = 103684
preemptive halt, cache_misses = 103684
preemptive halt, cache_misses = 103684
preemptive halt, cache_misses = 103684
preemptive halt, cache_misses = 103684
preemptive halt, cache_misses = 103684
preemptive halt, cache_misses = 103684
preemptive halt, cache_misses = 103684
preemptive halt, cache_misses = 103684
preemptive halt, cache_misses = 103684
preemptive halt, cache_misses = 103684
preemptive halt, cache_misses = 103684
preemptive halt, cache_misses = 103684
preemptive halt, cache_misses = 103684
preemptive halt, cache_misses = 103684
preemptive halt, cache_misses = 103684
preemptive halt, cache_misses = 103684
preemptive halt, cache_misses = 103684
preemptive halt, cache_misses = 103684
preemptive halt, cache_misses = 103684
preemptive halt, cache_misses = 103684
preemptive halt, cache_misses = 103684
preemptive halt, cache_misses = 103684
preemptive halt, cache_misses = 103684
preemptive halt, cache_misses = 103684
preemptive halt, cache_misses = 103684
preemptive halt, cache_misses = 103684
preemptive halt, cache_misses = 103684
preemptive halt, cache_misses = 103684
preemptive halt, cache_misses = 103684
preemptive halt, cache_misses = 103684
preemptive halt, cache_misses = 103684
preemptive halt, cache_misses = 103684
preemptive halt, cache_misses = 103684
preemptive halt, cache_misses = 103684
preemptive halt, cache_misses = 103684
preemptive halt, cache_misses = 103684
preemptive halt, cache_misses = 103684
preemptive halt, cache_misses = 103684
preemptive halt, cache_misses = 103684
preemptive halt, cache_misses = 103684
preemptive halt, cache_misses = 103684
preemptive halt, cache_misses = 103684
preemptive halt, cache_misses = 103684
preemptive halt, cache_misses = 103684
preemptive halt, cache_misses = 103684
preemptive halt, cache_misses = 103684
preemptive halt, cache_misses = 103684
binary search, size 34181  misses 103684  min 34179  max 34183
preemptive halt, cache_misses = 103685
preemptive halt, cache_misses = 103685
preemptive halt, cache_misses = 103685
preemptive halt, cache_misses = 103685
preemptive halt, cache_misses = 103685
preemptive halt, cache_misses = 103685
preemptive halt, cache_misses = 103685
preemptive halt, cache_misses = 103685
preemptive halt, cache_misses = 103685
preemptive halt, cache_misses = 103685
preemptive halt, cache_misses = 103685
preemptive halt, cache_misses = 103685
preemptive halt, cache_misses = 103685
preemptive halt, cache_misses = 103685
preemptive halt, cache_misses = 103685
preemptive halt, cache_misses = 103685
preemptive halt, cache_misses = 103685
preemptive halt, cache_misses = 103685
preemptive halt, cache_misses = 103685
preemptive halt, cache_misses = 103685
preemptive halt, cache_misses = 103685
preemptive halt, cache_misses = 103685
preemptive halt, cache_misses = 103685
preemptive halt, cache_misses = 103685
preemptive halt, cache_misses = 103685
preemptive halt, cache_misses = 103685
preemptive halt, cache_misses = 103685
preemptive halt, cache_misses = 103685
preemptive halt, cache_misses = 103685
preemptive halt, cache_misses = 103685
preemptive halt, cache_misses = 103685
preemptive halt, cache_misses = 103685
preemptive halt, cache_misses = 103685
preemptive halt, cache_misses = 103685
preemptive halt, cache_misses = 103685
preemptive halt, cache_misses = 103685
preemptive halt, cache_misses = 103685
preemptive halt, cache_misses = 103685
preemptive halt, cache_misses = 103685
preemptive halt, cache_misses = 103685
preemptive halt, cache_misses = 103685
preemptive halt, cache_misses = 103685
preemptive halt, cache_misses = 103685
preemptive halt, cache_misses = 103685
preemptive halt, cache_misses = 103685
preemptive halt, cache_misses = 103685
preemptive halt, cache_misses = 103685
preemptive halt, cache_misses = 103685
preemptive halt, cache_misses = 103685
preemptive halt, cache_misses = 103685
preemptive halt, cache_misses = 103685
preemptive halt, cache_misses = 103685
preemptive halt, cache_misses = 103685
preemptive halt, cache_misses = 103685
preemptive halt, cache_misses = 103685
preemptive halt, cache_misses = 103685
preemptive halt, cache_misses = 103685
preemptive halt, cache_misses = 103685
preemptive halt, cache_misses = 103685
preemptive halt, cache_misses = 103685
preemptive halt, cache_misses = 103685
preemptive halt, cache_misses = 103685
preemptive halt, cache_misses = 103685
preemptive halt, cache_misses = 103685
preemptive halt, cache_misses = 103685
preemptive halt, cache_misses = 103685
preemptive halt, cache_misses = 103685
preemptive halt, cache_misses = 103685
preemptive halt, cache_misses = 103685
preemptive halt, cache_misses = 103685
preemptive halt, cache_misses = 103685
preemptive halt, cache_misses = 103685
preemptive halt, cache_misses = 103685
preemptive halt, cache_misses = 103685
preemptive halt, cache_misses = 103685
preemptive halt, cache_misses = 103685
preemptive halt, cache_misses = 103685
preemptive halt, cache_misses = 103685
preemptive halt, cache_misses = 103685
preemptive halt, cache_misses = 103685
preemptive halt, cache_misses = 103685
preemptive halt, cache_misses = 103685
preemptive halt, cache_misses = 103685
preemptive halt, cache_misses = 103685
preemptive halt, cache_misses = 103685
preemptive halt, cache_misses = 103685
preemptive halt, cache_misses = 103685
preemptive halt, cache_misses = 103685
preemptive halt, cache_misses = 103685
preemptive halt, cache_misses = 103685
preemptive halt, cache_misses = 103685
preemptive halt, cache_misses = 103685
preemptive halt, cache_misses = 103685
preemptive halt, cache_misses = 103685
preemptive halt, cache_misses = 103685
preemptive halt, cache_misses = 103685
preemptive halt, cache_misses = 103685
preemptive halt, cache_misses = 103685
preemptive halt, cache_misses = 103685
preemptive halt, cache_misses = 103685
preemptive halt, cache_misses = 103685
preemptive halt, cache_misses = 103685
preemptive halt, cache_misses = 103685
preemptive halt, cache_misses = 103685
preemptive halt, cache_misses = 103685
preemptive halt, cache_misses = 103685
binary search, size 34182  misses 103685  min 34181  max 34183
characteristic cache size (binary search) for 321 = 34183
End at: 2021-04-02 16:07:08.013402
Time elapsed: 0:00:01.822418
