Begin at: 2021-04-02 16:09:37.611506
['../dist/Debug/GNU-Linux/memo_batch_tester', '', '--mbt_execution_trace_fname', 'olcs4_traceback_csize_input_types/OLCS4_lru_2021_04_02__16_03_24_k_3__d_2_cache_size_160000_problems_10_to_400/OLCS4_lru_2021_04_02__16_03_24_k_3__d_2_cache_size_160000_problems_10_to_400/OLCS4__do_traceback_prob_size_387_cache_size_160000_lru_k_3_d_2_execution_trace_2021_4_2_16_9_37_pid_21173.log', '--mbt_cache_misses_fname', 'olcs4_traceback_csize_input_types/OLCS4_lru_2021_04_02__16_03_24_k_3__d_2_cache_size_160000_problems_10_to_400/lcs_cost_OLCS4_lru_misses_for_cache_size.csv', '--mbt_misses_for_problem_size_fname', 'olcs4_traceback_csize_input_types/OLCS4_lru_2021_04_02__16_03_24_k_3__d_2_cache_size_160000_problems_10_to_400/lcs_cost_OLCS4_lru_misses_for_problem_size.csv', '--mbt_exact_cutoff_min_cache_size', '160000', '--mbt_exact_cutoff_max_cache_size', '160000', '--mbt_problem_type', 'lcs', '--mbt_metric_type', 'csize_binary_search', '--mbt_cutoff_ratio', '2.2', '--mbt_instance_fname', '387', '--mbt_detailed_cache_misses_out_fname', 'csize_olcs4_traceback_0011n_ceil_n_b_6.csv', '--mbt_phi_N', '5.0', '--mbt_problem_size', '387', '--lcs_compute_length', '0', '--lcs_perform_traceback', '1', '--lig_instance_type', '0011n_ceil_n_b', '--lig_n', '387', '--lig_c', '0.9', '--lig_b', '6.0', '--lcs_oblivious', '4', '--lcs_execution_trace_fname', 'olcs4_traceback_csize_input_types/OLCS4_lru_2021_04_02__16_03_24_k_3__d_2_cache_size_160000_problems_10_to_400/OLCS4_lru_2021_04_02__16_03_24_k_3__d_2_cache_size_160000_problems_10_to_400/OLCS4__do_traceback_prob_size_387_cache_size_160000_lru_k_3_d_2_execution_trace_2021_4_2_16_9_37_pid_21173.log', '--memo_caching_strategy', 'lru', '--memo_cache_size', '160001', '--memo_lru_queue_size', '160000', '--memo_cuckoo_k', '4', '--memo_key_length', '8', '--memo_value_length', '8', '--memo_k_timestamps', '3', '--memo_d_recent_timestamps', '2', '--memo_a_items_per_timestamp_factor', '0.4375']

csize_binary_search chosen
lcs problem_type lcs cache_size 160001
initialize_long_int_cache begin
init_memo
arguments to memo:
 --mbt_execution_trace_fname olcs4_traceback_csize_input_types/OLCS4_lru_2021_04_02__16_03_24_k_3__d_2_cache_size_160000_problems_10_to_400/OLCS4_lru_2021_04_02__16_03_24_k_3__d_2_cache_size_160000_problems_10_to_400/OLCS4__do_traceback_prob_size_387_cache_size_160000_lru_k_3_d_2_execution_trace_2021_4_2_16_9_37_pid_21173.log --mbt_cache_misses_fname olcs4_traceback_csize_input_types/OLCS4_lru_2021_04_02__16_03_24_k_3__d_2_cache_size_160000_problems_10_to_400/lcs_cost_OLCS4_lru_misses_for_cache_size.csv --mbt_misses_for_problem_size_fname olcs4_traceback_csize_input_types/OLCS4_lru_2021_04_02__16_03_24_k_3__d_2_cache_size_160000_problems_10_to_400/lcs_cost_OLCS4_lru_misses_for_problem_size.csv --mbt_exact_cutoff_min_cache_size 160000 --mbt_exact_cutoff_max_cache_size 160000 --mbt_problem_type lcs --mbt_metric_type csize_binary_search --mbt_cutoff_ratio 2.2 --mbt_instance_fname 387 --mbt_detailed_cache_misses_out_fname csize_olcs4_traceback_0011n_ceil_n_b_6.csv --mbt_phi_N 5.0 --mbt_problem_size 387 --lcs_compute_length 0 --lcs_perform_traceback 1 --lig_instance_type 0011n_ceil_n_b --lig_n 387 --lig_c 0.9 --lig_b 6.0 --lcs_oblivious 4 --lcs_execution_trace_fname olcs4_traceback_csize_input_types/OLCS4_lru_2021_04_02__16_03_24_k_3__d_2_cache_size_160000_problems_10_to_400/OLCS4_lru_2021_04_02__16_03_24_k_3__d_2_cache_size_160000_problems_10_to_400/OLCS4__do_traceback_prob_size_387_cache_size_160000_lru_k_3_d_2_execution_trace_2021_4_2_16_9_37_pid_21173.log --memo_caching_strategy lru --memo_cache_size 160001 --memo_lru_queue_size 160000 --memo_cuckoo_k 4 --memo_key_length 8 --memo_value_length 8 --memo_k_timestamps 3 --memo_d_recent_timestamps 2 --memo_a_items_per_timestamp_factor 0.4375 
calculate_table_size: table_size is 262144, original is 160001
Finished initializing cache
initialize_long_int_cache end
done initializing cache
initializing problem
done initializing problem
commence trials
Starting characteristic_cache_size_binary_search with max cache size 160001
binary search, size 160001  misses 150543
binary search, size 80000  misses 150543  min 0  max 160001
preemptive halt, cache_misses = 150544
preemptive halt, cache_misses = 150544
preemptive halt, cache_misses = 150544
preemptive halt, cache_misses = 150544
preemptive halt, cache_misses = 150544
preemptive halt, cache_misses = 150544
preemptive halt, cache_misses = 150544
preemptive halt, cache_misses = 150544
preemptive halt, cache_misses = 150544
preemptive halt, cache_misses = 150544
preemptive halt, cache_misses = 150544
preemptive halt, cache_misses = 150544
preemptive halt, cache_misses = 150544
preemptive halt, cache_misses = 150544
preemptive halt, cache_misses = 150544
preemptive halt, cache_misses = 150544
preemptive halt, cache_misses = 150544
preemptive halt, cache_misses = 150544
preemptive halt, cache_misses = 150544
preemptive halt, cache_misses = 150544
preemptive halt, cache_misses = 150544
preemptive halt, cache_misses = 150544
preemptive halt, cache_misses = 150544
preemptive halt, cache_misses = 150544
preemptive halt, cache_misses = 150544
preemptive halt, cache_misses = 150544
preemptive halt, cache_misses = 150544
preemptive halt, cache_misses = 150544
preemptive halt, cache_misses = 150544
preemptive halt, cache_misses = 150544
preemptive halt, cache_misses = 150544
preemptive halt, cache_misses = 150544
preemptive halt, cache_misses = 150544
preemptive halt, cache_misses = 150544
preemptive halt, cache_misses = 150544
preemptive halt, cache_misses = 150544
preemptive halt, cache_misses = 150544
preemptive halt, cache_misses = 150544
preemptive halt, cache_misses = 150544
preemptive halt, cache_misses = 150544
preemptive halt, cache_misses = 150544
preemptive halt, cache_misses = 150544
preemptive halt, cache_misses = 150544
preemptive halt, cache_misses = 150544
preemptive halt, cache_misses = 150544
preemptive halt, cache_misses = 150544
preemptive halt, cache_misses = 150544
preemptive halt, cache_misses = 150544
preemptive halt, cache_misses = 150544
preemptive halt, cache_misses = 150544
preemptive halt, cache_misses = 150544
preemptive halt, cache_misses = 150544
preemptive halt, cache_misses = 150544
preemptive halt, cache_misses = 150544
preemptive halt, cache_misses = 150544
preemptive halt, cache_misses = 150544
preemptive halt, cache_misses = 150544
preemptive halt, cache_misses = 150544
preemptive halt, cache_misses = 150544
preemptive halt, cache_misses = 150544
preemptive halt, cache_misses = 150544
preemptive halt, cache_misses = 150544
preemptive halt, cache_misses = 150544
preemptive halt, cache_misses = 150544
preemptive halt, cache_misses = 150544
preemptive halt, cache_misses = 150544
preemptive halt, cache_misses = 150544
preemptive halt, cache_misses = 150544
preemptive halt, cache_misses = 150544
preemptive halt, cache_misses = 150544
preemptive halt, cache_misses = 150544
preemptive halt, cache_misses = 150544
preemptive halt, cache_misses = 150544
preemptive halt, cache_misses = 150544
preemptive halt, cache_misses = 150544
preemptive halt, cache_misses = 150544
preemptive halt, cache_misses = 150544
preemptive halt, cache_misses = 150544
preemptive halt, cache_misses = 150544
preemptive halt, cache_misses = 150544
preemptive halt, cache_misses = 150544
preemptive halt, cache_misses = 150544
preemptive halt, cache_misses = 150544
preemptive halt, cache_misses = 150544
preemptive halt, cache_misses = 150544
preemptive halt, cache_misses = 150544
preemptive halt, cache_misses = 150544
preemptive halt, cache_misses = 150544
preemptive halt, cache_misses = 150544
preemptive halt, cache_misses = 150544
preemptive halt, cache_misses = 150544
preemptive halt, cache_misses = 150544
preemptive halt, cache_misses = 150544
preemptive halt, cache_misses = 150544
preemptive halt, cache_misses = 150544
preemptive halt, cache_misses = 150544
preemptive halt, cache_misses = 150544
preemptive halt, cache_misses = 150544
preemptive halt, cache_misses = 150544
preemptive halt, cache_misses = 150544
preemptive halt, cache_misses = 150544
preemptive halt, cache_misses = 150544
preemptive halt, cache_misses = 150544
preemptive halt, cache_misses = 150544
preemptive halt, cache_misses = 150544
preemptive halt, cache_misses = 150544
preemptive halt, cache_misses = 150544
preemptive halt, cache_misses = 150544
preemptive halt, cache_misses = 150544
preemptive halt, cache_misses = 150544
preemptive halt, cache_misses = 150544
preemptive halt, cache_misses = 150544
preemptive halt, cache_misses = 150544
preemptive halt, cache_misses = 150544
preemptive halt, cache_misses = 150544
preemptive halt, cache_misses = 150544
preemptive halt, cache_misses = 150544
preemptive halt, cache_misses = 150544
preemptive halt, cache_misses = 150544
preemptive halt, cache_misses = 150544
preemptive halt, cache_misses = 150544
preemptive halt, cache_misses = 150544
preemptive halt, cache_misses = 150544
preemptive halt, cache_misses = 150544
preemptive halt, cache_misses = 150544
preemptive halt, cache_misses = 150544
binary search, size 40000  misses 150544  min 0  max 80000
binary search, size 60000  misses 150543  min 40000  max 80000
binary search, size 50000  misses 150543  min 40000  max 60000
preemptive halt, cache_misses = 150544
preemptive halt, cache_misses = 150544
preemptive halt, cache_misses = 150544
preemptive halt, cache_misses = 150544
preemptive halt, cache_misses = 150544
preemptive halt, cache_misses = 150544
preemptive halt, cache_misses = 150544
preemptive halt, cache_misses = 150544
preemptive halt, cache_misses = 150544
preemptive halt, cache_misses = 150544
preemptive halt, cache_misses = 150544
preemptive halt, cache_misses = 150544
preemptive halt, cache_misses = 150544
preemptive halt, cache_misses = 150544
preemptive halt, cache_misses = 150544
preemptive halt, cache_misses = 150544
preemptive halt, cache_misses = 150544
preemptive halt, cache_misses = 150544
preemptive halt, cache_misses = 150544
preemptive halt, cache_misses = 150544
preemptive halt, cache_misses = 150544
preemptive halt, cache_misses = 150544
preemptive halt, cache_misses = 150544
preemptive halt, cache_misses = 150544
preemptive halt, cache_misses = 150544
preemptive halt, cache_misses = 150544
preemptive halt, cache_misses = 150544
preemptive halt, cache_misses = 150544
preemptive halt, cache_misses = 150544
preemptive halt, cache_misses = 150544
preemptive halt, cache_misses = 150544
preemptive halt, cache_misses = 150544
preemptive halt, cache_misses = 150544
preemptive halt, cache_misses = 150544
preemptive halt, cache_misses = 150544
preemptive halt, cache_misses = 150544
preemptive halt, cache_misses = 150544
preemptive halt, cache_misses = 150544
preemptive halt, cache_misses = 150544
preemptive halt, cache_misses = 150544
preemptive halt, cache_misses = 150544
preemptive halt, cache_misses = 150544
preemptive halt, cache_misses = 150544
preemptive halt, cache_misses = 150544
preemptive halt, cache_misses = 150544
preemptive halt, cache_misses = 150544
preemptive halt, cache_misses = 150544
preemptive halt, cache_misses = 150544
preemptive halt, cache_misses = 150544
preemptive halt, cache_misses = 150544
preemptive halt, cache_misses = 150544
preemptive halt, cache_misses = 150544
preemptive halt, cache_misses = 150544
preemptive halt, cache_misses = 150544
preemptive halt, cache_misses = 150544
preemptive halt, cache_misses = 150544
preemptive halt, cache_misses = 150544
preemptive halt, cache_misses = 150544
preemptive halt, cache_misses = 150544
preemptive halt, cache_misses = 150544
preemptive halt, cache_misses = 150544
preemptive halt, cache_misses = 150544
preemptive halt, cache_misses = 150544
preemptive halt, cache_misses = 150544
preemptive halt, cache_misses = 150544
preemptive halt, cache_misses = 150544
preemptive halt, cache_misses = 150544
preemptive halt, cache_misses = 150544
preemptive halt, cache_misses = 150544
preemptive halt, cache_misses = 150544
preemptive halt, cache_misses = 150544
preemptive halt, cache_misses = 150544
preemptive halt, cache_misses = 150544
preemptive halt, cache_misses = 150544
preemptive halt, cache_misses = 150544
preemptive halt, cache_misses = 150544
preemptive halt, cache_misses = 150544
preemptive halt, cache_misses = 150544
preemptive halt, cache_misses = 150544
preemptive halt, cache_misses = 150544
preemptive halt, cache_misses = 150544
preemptive halt, cache_misses = 150544
preemptive halt, cache_misses = 150544
preemptive halt, cache_misses = 150544
preemptive halt, cache_misses = 150544
preemptive halt, cache_misses = 150544
preemptive halt, cache_misses = 150544
preemptive halt, cache_misses = 150544
preemptive halt, cache_misses = 150544
preemptive halt, cache_misses = 150544
preemptive halt, cache_misses = 150544
preemptive halt, cache_misses = 150544
preemptive halt, cache_misses = 150544
preemptive halt, cache_misses = 150544
preemptive halt, cache_misses = 150544
preemptive halt, cache_misses = 150544
preemptive halt, cache_misses = 150544
preemptive halt, cache_misses = 150544
preemptive halt, cache_misses = 150544
preemptive halt, cache_misses = 150544
preemptive halt, cache_misses = 150544
preemptive halt, cache_misses = 150544
preemptive halt, cache_misses = 150544
preemptive halt, cache_misses = 150544
preemptive halt, cache_misses = 150544
preemptive halt, cache_misses = 150544
preemptive halt, cache_misses = 150544
preemptive halt, cache_misses = 150544
preemptive halt, cache_misses = 150544
preemptive halt, cache_misses = 150544
preemptive halt, cache_misses = 150544
preemptive halt, cache_misses = 150544
preemptive halt, cache_misses = 150544
preemptive halt, cache_misses = 150544
preemptive halt, cache_misses = 150544
preemptive halt, cache_misses = 150544
preemptive halt, cache_misses = 150544
preemptive halt, cache_misses = 150544
preemptive halt, cache_misses = 150544
preemptive halt, cache_misses = 150544
preemptive halt, cache_misses = 150544
preemptive halt, cache_misses = 150544
preemptive halt, cache_misses = 150544
preemptive halt, cache_misses = 150544
preemptive halt, cache_misses = 150544
preemptive halt, cache_misses = 150544
binary search, size 45000  misses 150544  min 40000  max 50000
preemptive halt, cache_misses = 150545
preemptive halt, cache_misses = 150545
preemptive halt, cache_misses = 150545
preemptive halt, cache_misses = 150545
preemptive halt, cache_misses = 150545
preemptive halt, cache_misses = 150545
preemptive halt, cache_misses = 150545
preemptive halt, cache_misses = 150545
preemptive halt, cache_misses = 150545
preemptive halt, cache_misses = 150545
preemptive halt, cache_misses = 150545
preemptive halt, cache_misses = 150545
preemptive halt, cache_misses = 150545
preemptive halt, cache_misses = 150545
preemptive halt, cache_misses = 150545
preemptive halt, cache_misses = 150545
preemptive halt, cache_misses = 150545
preemptive halt, cache_misses = 150545
preemptive halt, cache_misses = 150545
preemptive halt, cache_misses = 150545
preemptive halt, cache_misses = 150545
preemptive halt, cache_misses = 150545
preemptive halt, cache_misses = 150545
preemptive halt, cache_misses = 150545
preemptive halt, cache_misses = 150545
preemptive halt, cache_misses = 150545
preemptive halt, cache_misses = 150545
preemptive halt, cache_misses = 150545
preemptive halt, cache_misses = 150545
preemptive halt, cache_misses = 150545
preemptive halt, cache_misses = 150545
preemptive halt, cache_misses = 150545
preemptive halt, cache_misses = 150545
preemptive halt, cache_misses = 150545
preemptive halt, cache_misses = 150545
preemptive halt, cache_misses = 150545
preemptive halt, cache_misses = 150545
preemptive halt, cache_misses = 150545
preemptive halt, cache_misses = 150545
preemptive halt, cache_misses = 150545
preemptive halt, cache_misses = 150545
preemptive halt, cache_misses = 150545
preemptive halt, cache_misses = 150545
preemptive halt, cache_misses = 150545
preemptive halt, cache_misses = 150545
preemptive halt, cache_misses = 150545
preemptive halt, cache_misses = 150545
preemptive halt, cache_misses = 150545
preemptive halt, cache_misses = 150545
preemptive halt, cache_misses = 150545
preemptive halt, cache_misses = 150545
preemptive halt, cache_misses = 150545
preemptive halt, cache_misses = 150545
preemptive halt, cache_misses = 150545
preemptive halt, cache_misses = 150545
preemptive halt, cache_misses = 150545
preemptive halt, cache_misses = 150545
preemptive halt, cache_misses = 150545
preemptive halt, cache_misses = 150545
preemptive halt, cache_misses = 150545
preemptive halt, cache_misses = 150545
preemptive halt, cache_misses = 150545
preemptive halt, cache_misses = 150545
preemptive halt, cache_misses = 150545
preemptive halt, cache_misses = 150545
preemptive halt, cache_misses = 150545
preemptive halt, cache_misses = 150545
preemptive halt, cache_misses = 150545
preemptive halt, cache_misses = 150545
preemptive halt, cache_misses = 150545
preemptive halt, cache_misses = 150545
preemptive halt, cache_misses = 150545
preemptive halt, cache_misses = 150545
preemptive halt, cache_misses = 150545
preemptive halt, cache_misses = 150545
preemptive halt, cache_misses = 150545
preemptive halt, cache_misses = 150545
preemptive halt, cache_misses = 150545
preemptive halt, cache_misses = 150545
preemptive halt, cache_misses = 150545
preemptive halt, cache_misses = 150545
preemptive halt, cache_misses = 150545
preemptive halt, cache_misses = 150545
preemptive halt, cache_misses = 150545
preemptive halt, cache_misses = 150545
preemptive halt, cache_misses = 150545
preemptive halt, cache_misses = 150545
preemptive halt, cache_misses = 150545
preemptive halt, cache_misses = 150545
preemptive halt, cache_misses = 150545
preemptive halt, cache_misses = 150545
preemptive halt, cache_misses = 150545
preemptive halt, cache_misses = 150545
preemptive halt, cache_misses = 150545
preemptive halt, cache_misses = 150545
preemptive halt, cache_misses = 150545
preemptive halt, cache_misses = 150545
preemptive halt, cache_misses = 150545
preemptive halt, cache_misses = 150545
preemptive halt, cache_misses = 150545
preemptive halt, cache_misses = 150545
preemptive halt, cache_misses = 150545
preemptive halt, cache_misses = 150545
preemptive halt, cache_misses = 150545
preemptive halt, cache_misses = 150545
preemptive halt, cache_misses = 150545
preemptive halt, cache_misses = 150545
preemptive halt, cache_misses = 150545
preemptive halt, cache_misses = 150545
preemptive halt, cache_misses = 150545
preemptive halt, cache_misses = 150545
preemptive halt, cache_misses = 150545
preemptive halt, cache_misses = 150545
preemptive halt, cache_misses = 150545
preemptive halt, cache_misses = 150545
preemptive halt, cache_misses = 150545
preemptive halt, cache_misses = 150545
preemptive halt, cache_misses = 150545
preemptive halt, cache_misses = 150545
preemptive halt, cache_misses = 150545
preemptive halt, cache_misses = 150545
preemptive halt, cache_misses = 150545
preemptive halt, cache_misses = 150545
preemptive halt, cache_misses = 150545
preemptive halt, cache_misses = 150545
preemptive halt, cache_misses = 150545
preemptive halt, cache_misses = 150545
preemptive halt, cache_misses = 150545
binary search, size 47500  misses 150545  min 45000  max 50000
preemptive halt, cache_misses = 150546
preemptive halt, cache_misses = 150546
preemptive halt, cache_misses = 150546
preemptive halt, cache_misses = 150546
preemptive halt, cache_misses = 150546
preemptive halt, cache_misses = 150546
preemptive halt, cache_misses = 150546
preemptive halt, cache_misses = 150546
preemptive halt, cache_misses = 150546
preemptive halt, cache_misses = 150546
preemptive halt, cache_misses = 150546
preemptive halt, cache_misses = 150546
preemptive halt, cache_misses = 150546
preemptive halt, cache_misses = 150546
preemptive halt, cache_misses = 150546
preemptive halt, cache_misses = 150546
preemptive halt, cache_misses = 150546
preemptive halt, cache_misses = 150546
preemptive halt, cache_misses = 150546
preemptive halt, cache_misses = 150546
preemptive halt, cache_misses = 150546
preemptive halt, cache_misses = 150546
preemptive halt, cache_misses = 150546
preemptive halt, cache_misses = 150546
preemptive halt, cache_misses = 150546
preemptive halt, cache_misses = 150546
preemptive halt, cache_misses = 150546
preemptive halt, cache_misses = 150546
preemptive halt, cache_misses = 150546
preemptive halt, cache_misses = 150546
preemptive halt, cache_misses = 150546
preemptive halt, cache_misses = 150546
preemptive halt, cache_misses = 150546
preemptive halt, cache_misses = 150546
preemptive halt, cache_misses = 150546
preemptive halt, cache_misses = 150546
preemptive halt, cache_misses = 150546
preemptive halt, cache_misses = 150546
preemptive halt, cache_misses = 150546
preemptive halt, cache_misses = 150546
preemptive halt, cache_misses = 150546
preemptive halt, cache_misses = 150546
preemptive halt, cache_misses = 150546
preemptive halt, cache_misses = 150546
preemptive halt, cache_misses = 150546
preemptive halt, cache_misses = 150546
preemptive halt, cache_misses = 150546
preemptive halt, cache_misses = 150546
preemptive halt, cache_misses = 150546
preemptive halt, cache_misses = 150546
preemptive halt, cache_misses = 150546
preemptive halt, cache_misses = 150546
preemptive halt, cache_misses = 150546
preemptive halt, cache_misses = 150546
preemptive halt, cache_misses = 150546
preemptive halt, cache_misses = 150546
preemptive halt, cache_misses = 150546
preemptive halt, cache_misses = 150546
preemptive halt, cache_misses = 150546
preemptive halt, cache_misses = 150546
preemptive halt, cache_misses = 150546
preemptive halt, cache_misses = 150546
preemptive halt, cache_misses = 150546
preemptive halt, cache_misses = 150546
preemptive halt, cache_misses = 150546
preemptive halt, cache_misses = 150546
preemptive halt, cache_misses = 150546
preemptive halt, cache_misses = 150546
preemptive halt, cache_misses = 150546
preemptive halt, cache_misses = 150546
preemptive halt, cache_misses = 150546
preemptive halt, cache_misses = 150546
preemptive halt, cache_misses = 150546
preemptive halt, cache_misses = 150546
preemptive halt, cache_misses = 150546
preemptive halt, cache_misses = 150546
preemptive halt, cache_misses = 150546
preemptive halt, cache_misses = 150546
preemptive halt, cache_misses = 150546
preemptive halt, cache_misses = 150546
preemptive halt, cache_misses = 150546
preemptive halt, cache_misses = 150546
preemptive halt, cache_misses = 150546
preemptive halt, cache_misses = 150546
preemptive halt, cache_misses = 150546
preemptive halt, cache_misses = 150546
preemptive halt, cache_misses = 150546
preemptive halt, cache_misses = 150546
preemptive halt, cache_misses = 150546
preemptive halt, cache_misses = 150546
preemptive halt, cache_misses = 150546
preemptive halt, cache_misses = 150546
preemptive halt, cache_misses = 150546
preemptive halt, cache_misses = 150546
preemptive halt, cache_misses = 150546
preemptive halt, cache_misses = 150546
preemptive halt, cache_misses = 150546
preemptive halt, cache_misses = 150546
preemptive halt, cache_misses = 150546
preemptive halt, cache_misses = 150546
preemptive halt, cache_misses = 150546
preemptive halt, cache_misses = 150546
preemptive halt, cache_misses = 150546
preemptive halt, cache_misses = 150546
preemptive halt, cache_misses = 150546
preemptive halt, cache_misses = 150546
preemptive halt, cache_misses = 150546
preemptive halt, cache_misses = 150546
preemptive halt, cache_misses = 150546
preemptive halt, cache_misses = 150546
preemptive halt, cache_misses = 150546
preemptive halt, cache_misses = 150546
preemptive halt, cache_misses = 150546
preemptive halt, cache_misses = 150546
preemptive halt, cache_misses = 150546
preemptive halt, cache_misses = 150546
preemptive halt, cache_misses = 150546
preemptive halt, cache_misses = 150546
preemptive halt, cache_misses = 150546
preemptive halt, cache_misses = 150546
preemptive halt, cache_misses = 150546
preemptive halt, cache_misses = 150546
preemptive halt, cache_misses = 150546
preemptive halt, cache_misses = 150546
preemptive halt, cache_misses = 150546
preemptive halt, cache_misses = 150546
preemptive halt, cache_misses = 150546
preemptive halt, cache_misses = 150546
preemptive halt, cache_misses = 150546
preemptive halt, cache_misses = 150546
binary search, size 48750  misses 150546  min 47500  max 50000
preemptive halt, cache_misses = 150547
preemptive halt, cache_misses = 150547
preemptive halt, cache_misses = 150547
preemptive halt, cache_misses = 150547
preemptive halt, cache_misses = 150547
preemptive halt, cache_misses = 150547
preemptive halt, cache_misses = 150547
preemptive halt, cache_misses = 150547
preemptive halt, cache_misses = 150547
preemptive halt, cache_misses = 150547
preemptive halt, cache_misses = 150547
preemptive halt, cache_misses = 150547
preemptive halt, cache_misses = 150547
preemptive halt, cache_misses = 150547
preemptive halt, cache_misses = 150547
preemptive halt, cache_misses = 150547
preemptive halt, cache_misses = 150547
preemptive halt, cache_misses = 150547
preemptive halt, cache_misses = 150547
preemptive halt, cache_misses = 150547
preemptive halt, cache_misses = 150547
preemptive halt, cache_misses = 150547
preemptive halt, cache_misses = 150547
preemptive halt, cache_misses = 150547
preemptive halt, cache_misses = 150547
preemptive halt, cache_misses = 150547
preemptive halt, cache_misses = 150547
preemptive halt, cache_misses = 150547
preemptive halt, cache_misses = 150547
preemptive halt, cache_misses = 150547
preemptive halt, cache_misses = 150547
preemptive halt, cache_misses = 150547
preemptive halt, cache_misses = 150547
preemptive halt, cache_misses = 150547
preemptive halt, cache_misses = 150547
preemptive halt, cache_misses = 150547
preemptive halt, cache_misses = 150547
preemptive halt, cache_misses = 150547
preemptive halt, cache_misses = 150547
preemptive halt, cache_misses = 150547
preemptive halt, cache_misses = 150547
preemptive halt, cache_misses = 150547
preemptive halt, cache_misses = 150547
preemptive halt, cache_misses = 150547
preemptive halt, cache_misses = 150547
preemptive halt, cache_misses = 150547
preemptive halt, cache_misses = 150547
preemptive halt, cache_misses = 150547
preemptive halt, cache_misses = 150547
preemptive halt, cache_misses = 150547
preemptive halt, cache_misses = 150547
preemptive halt, cache_misses = 150547
preemptive halt, cache_misses = 150547
preemptive halt, cache_misses = 150547
preemptive halt, cache_misses = 150547
preemptive halt, cache_misses = 150547
preemptive halt, cache_misses = 150547
preemptive halt, cache_misses = 150547
preemptive halt, cache_misses = 150547
preemptive halt, cache_misses = 150547
preemptive halt, cache_misses = 150547
preemptive halt, cache_misses = 150547
preemptive halt, cache_misses = 150547
preemptive halt, cache_misses = 150547
preemptive halt, cache_misses = 150547
preemptive halt, cache_misses = 150547
preemptive halt, cache_misses = 150547
preemptive halt, cache_misses = 150547
preemptive halt, cache_misses = 150547
preemptive halt, cache_misses = 150547
preemptive halt, cache_misses = 150547
preemptive halt, cache_misses = 150547
preemptive halt, cache_misses = 150547
preemptive halt, cache_misses = 150547
preemptive halt, cache_misses = 150547
preemptive halt, cache_misses = 150547
preemptive halt, cache_misses = 150547
preemptive halt, cache_misses = 150547
preemptive halt, cache_misses = 150547
preemptive halt, cache_misses = 150547
preemptive halt, cache_misses = 150547
preemptive halt, cache_misses = 150547
preemptive halt, cache_misses = 150547
preemptive halt, cache_misses = 150547
preemptive halt, cache_misses = 150547
preemptive halt, cache_misses = 150547
preemptive halt, cache_misses = 150547
preemptive halt, cache_misses = 150547
preemptive halt, cache_misses = 150547
preemptive halt, cache_misses = 150547
preemptive halt, cache_misses = 150547
preemptive halt, cache_misses = 150547
preemptive halt, cache_misses = 150547
preemptive halt, cache_misses = 150547
preemptive halt, cache_misses = 150547
preemptive halt, cache_misses = 150547
preemptive halt, cache_misses = 150547
preemptive halt, cache_misses = 150547
preemptive halt, cache_misses = 150547
preemptive halt, cache_misses = 150547
preemptive halt, cache_misses = 150547
preemptive halt, cache_misses = 150547
preemptive halt, cache_misses = 150547
preemptive halt, cache_misses = 150547
preemptive halt, cache_misses = 150547
preemptive halt, cache_misses = 150547
preemptive halt, cache_misses = 150547
preemptive halt, cache_misses = 150547
preemptive halt, cache_misses = 150547
preemptive halt, cache_misses = 150547
preemptive halt, cache_misses = 150547
preemptive halt, cache_misses = 150547
preemptive halt, cache_misses = 150547
preemptive halt, cache_misses = 150547
preemptive halt, cache_misses = 150547
preemptive halt, cache_misses = 150547
preemptive halt, cache_misses = 150547
preemptive halt, cache_misses = 150547
preemptive halt, cache_misses = 150547
preemptive halt, cache_misses = 150547
preemptive halt, cache_misses = 150547
preemptive halt, cache_misses = 150547
preemptive halt, cache_misses = 150547
preemptive halt, cache_misses = 150547
preemptive halt, cache_misses = 150547
preemptive halt, cache_misses = 150547
preemptive halt, cache_misses = 150547
preemptive halt, cache_misses = 150547
preemptive halt, cache_misses = 150547
preemptive halt, cache_misses = 150547
preemptive halt, cache_misses = 150547
preemptive halt, cache_misses = 150547
binary search, size 49375  misses 150547  min 48750  max 50000
preemptive halt, cache_misses = 150548
preemptive halt, cache_misses = 150548
preemptive halt, cache_misses = 150548
preemptive halt, cache_misses = 150548
preemptive halt, cache_misses = 150548
preemptive halt, cache_misses = 150548
preemptive halt, cache_misses = 150548
preemptive halt, cache_misses = 150548
preemptive halt, cache_misses = 150548
preemptive halt, cache_misses = 150548
preemptive halt, cache_misses = 150548
preemptive halt, cache_misses = 150548
preemptive halt, cache_misses = 150548
preemptive halt, cache_misses = 150548
preemptive halt, cache_misses = 150548
preemptive halt, cache_misses = 150548
preemptive halt, cache_misses = 150548
preemptive halt, cache_misses = 150548
preemptive halt, cache_misses = 150548
preemptive halt, cache_misses = 150548
preemptive halt, cache_misses = 150548
preemptive halt, cache_misses = 150548
preemptive halt, cache_misses = 150548
preemptive halt, cache_misses = 150548
preemptive halt, cache_misses = 150548
preemptive halt, cache_misses = 150548
preemptive halt, cache_misses = 150548
preemptive halt, cache_misses = 150548
preemptive halt, cache_misses = 150548
preemptive halt, cache_misses = 150548
preemptive halt, cache_misses = 150548
preemptive halt, cache_misses = 150548
preemptive halt, cache_misses = 150548
preemptive halt, cache_misses = 150548
preemptive halt, cache_misses = 150548
preemptive halt, cache_misses = 150548
preemptive halt, cache_misses = 150548
preemptive halt, cache_misses = 150548
preemptive halt, cache_misses = 150548
preemptive halt, cache_misses = 150548
preemptive halt, cache_misses = 150548
preemptive halt, cache_misses = 150548
preemptive halt, cache_misses = 150548
preemptive halt, cache_misses = 150548
preemptive halt, cache_misses = 150548
preemptive halt, cache_misses = 150548
preemptive halt, cache_misses = 150548
preemptive halt, cache_misses = 150548
preemptive halt, cache_misses = 150548
preemptive halt, cache_misses = 150548
preemptive halt, cache_misses = 150548
preemptive halt, cache_misses = 150548
preemptive halt, cache_misses = 150548
preemptive halt, cache_misses = 150548
preemptive halt, cache_misses = 150548
preemptive halt, cache_misses = 150548
preemptive halt, cache_misses = 150548
preemptive halt, cache_misses = 150548
preemptive halt, cache_misses = 150548
preemptive halt, cache_misses = 150548
preemptive halt, cache_misses = 150548
preemptive halt, cache_misses = 150548
preemptive halt, cache_misses = 150548
preemptive halt, cache_misses = 150548
preemptive halt, cache_misses = 150548
preemptive halt, cache_misses = 150548
preemptive halt, cache_misses = 150548
preemptive halt, cache_misses = 150548
preemptive halt, cache_misses = 150548
preemptive halt, cache_misses = 150548
preemptive halt, cache_misses = 150548
preemptive halt, cache_misses = 150548
preemptive halt, cache_misses = 150548
preemptive halt, cache_misses = 150548
preemptive halt, cache_misses = 150548
preemptive halt, cache_misses = 150548
preemptive halt, cache_misses = 150548
preemptive halt, cache_misses = 150548
preemptive halt, cache_misses = 150548
preemptive halt, cache_misses = 150548
preemptive halt, cache_misses = 150548
preemptive halt, cache_misses = 150548
preemptive halt, cache_misses = 150548
preemptive halt, cache_misses = 150548
preemptive halt, cache_misses = 150548
preemptive halt, cache_misses = 150548
preemptive halt, cache_misses = 150548
preemptive halt, cache_misses = 150548
preemptive halt, cache_misses = 150548
preemptive halt, cache_misses = 150548
preemptive halt, cache_misses = 150548
preemptive halt, cache_misses = 150548
preemptive halt, cache_misses = 150548
preemptive halt, cache_misses = 150548
preemptive halt, cache_misses = 150548
preemptive halt, cache_misses = 150548
preemptive halt, cache_misses = 150548
preemptive halt, cache_misses = 150548
preemptive halt, cache_misses = 150548
preemptive halt, cache_misses = 150548
preemptive halt, cache_misses = 150548
preemptive halt, cache_misses = 150548
preemptive halt, cache_misses = 150548
preemptive halt, cache_misses = 150548
preemptive halt, cache_misses = 150548
preemptive halt, cache_misses = 150548
preemptive halt, cache_misses = 150548
preemptive halt, cache_misses = 150548
preemptive halt, cache_misses = 150548
preemptive halt, cache_misses = 150548
preemptive halt, cache_misses = 150548
preemptive halt, cache_misses = 150548
preemptive halt, cache_misses = 150548
preemptive halt, cache_misses = 150548
preemptive halt, cache_misses = 150548
preemptive halt, cache_misses = 150548
preemptive halt, cache_misses = 150548
preemptive halt, cache_misses = 150548
preemptive halt, cache_misses = 150548
preemptive halt, cache_misses = 150548
preemptive halt, cache_misses = 150548
preemptive halt, cache_misses = 150548
preemptive halt, cache_misses = 150548
preemptive halt, cache_misses = 150548
preemptive halt, cache_misses = 150548
preemptive halt, cache_misses = 150548
preemptive halt, cache_misses = 150548
preemptive halt, cache_misses = 150548
preemptive halt, cache_misses = 150548
preemptive halt, cache_misses = 150548
preemptive halt, cache_misses = 150548
preemptive halt, cache_misses = 150548
preemptive halt, cache_misses = 150548
preemptive halt, cache_misses = 150548
binary search, size 49687  misses 150548  min 49375  max 50000
binary search, size 49843  misses 150543  min 49687  max 50000
binary search, size 49765  misses 150543  min 49687  max 49843
binary search, size 49726  misses 150543  min 49687  max 49765
preemptive halt, cache_misses = 150544
preemptive halt, cache_misses = 150544
preemptive halt, cache_misses = 150544
preemptive halt, cache_misses = 150544
preemptive halt, cache_misses = 150544
preemptive halt, cache_misses = 150544
preemptive halt, cache_misses = 150544
preemptive halt, cache_misses = 150544
preemptive halt, cache_misses = 150544
preemptive halt, cache_misses = 150544
preemptive halt, cache_misses = 150544
preemptive halt, cache_misses = 150544
preemptive halt, cache_misses = 150544
preemptive halt, cache_misses = 150544
preemptive halt, cache_misses = 150544
preemptive halt, cache_misses = 150544
preemptive halt, cache_misses = 150544
preemptive halt, cache_misses = 150544
preemptive halt, cache_misses = 150544
preemptive halt, cache_misses = 150544
preemptive halt, cache_misses = 150544
preemptive halt, cache_misses = 150544
preemptive halt, cache_misses = 150544
preemptive halt, cache_misses = 150544
preemptive halt, cache_misses = 150544
preemptive halt, cache_misses = 150544
preemptive halt, cache_misses = 150544
preemptive halt, cache_misses = 150544
preemptive halt, cache_misses = 150544
preemptive halt, cache_misses = 150544
preemptive halt, cache_misses = 150544
preemptive halt, cache_misses = 150544
preemptive halt, cache_misses = 150544
preemptive halt, cache_misses = 150544
preemptive halt, cache_misses = 150544
preemptive halt, cache_misses = 150544
preemptive halt, cache_misses = 150544
preemptive halt, cache_misses = 150544
preemptive halt, cache_misses = 150544
preemptive halt, cache_misses = 150544
preemptive halt, cache_misses = 150544
preemptive halt, cache_misses = 150544
preemptive halt, cache_misses = 150544
preemptive halt, cache_misses = 150544
preemptive halt, cache_misses = 150544
preemptive halt, cache_misses = 150544
preemptive halt, cache_misses = 150544
preemptive halt, cache_misses = 150544
preemptive halt, cache_misses = 150544
preemptive halt, cache_misses = 150544
preemptive halt, cache_misses = 150544
preemptive halt, cache_misses = 150544
preemptive halt, cache_misses = 150544
preemptive halt, cache_misses = 150544
preemptive halt, cache_misses = 150544
preemptive halt, cache_misses = 150544
preemptive halt, cache_misses = 150544
preemptive halt, cache_misses = 150544
preemptive halt, cache_misses = 150544
preemptive halt, cache_misses = 150544
preemptive halt, cache_misses = 150544
preemptive halt, cache_misses = 150544
preemptive halt, cache_misses = 150544
preemptive halt, cache_misses = 150544
preemptive halt, cache_misses = 150544
preemptive halt, cache_misses = 150544
preemptive halt, cache_misses = 150544
preemptive halt, cache_misses = 150544
preemptive halt, cache_misses = 150544
preemptive halt, cache_misses = 150544
preemptive halt, cache_misses = 150544
preemptive halt, cache_misses = 150544
preemptive halt, cache_misses = 150544
preemptive halt, cache_misses = 150544
preemptive halt, cache_misses = 150544
preemptive halt, cache_misses = 150544
preemptive halt, cache_misses = 150544
preemptive halt, cache_misses = 150544
preemptive halt, cache_misses = 150544
preemptive halt, cache_misses = 150544
preemptive halt, cache_misses = 150544
preemptive halt, cache_misses = 150544
preemptive halt, cache_misses = 150544
preemptive halt, cache_misses = 150544
preemptive halt, cache_misses = 150544
preemptive halt, cache_misses = 150544
preemptive halt, cache_misses = 150544
preemptive halt, cache_misses = 150544
preemptive halt, cache_misses = 150544
preemptive halt, cache_misses = 150544
preemptive halt, cache_misses = 150544
preemptive halt, cache_misses = 150544
preemptive halt, cache_misses = 150544
preemptive halt, cache_misses = 150544
preemptive halt, cache_misses = 150544
preemptive halt, cache_misses = 150544
preemptive halt, cache_misses = 150544
preemptive halt, cache_misses = 150544
preemptive halt, cache_misses = 150544
preemptive halt, cache_misses = 150544
preemptive halt, cache_misses = 150544
preemptive halt, cache_misses = 150544
preemptive halt, cache_misses = 150544
preemptive halt, cache_misses = 150544
preemptive halt, cache_misses = 150544
preemptive halt, cache_misses = 150544
preemptive halt, cache_misses = 150544
preemptive halt, cache_misses = 150544
preemptive halt, cache_misses = 150544
preemptive halt, cache_misses = 150544
preemptive halt, cache_misses = 150544
preemptive halt, cache_misses = 150544
preemptive halt, cache_misses = 150544
preemptive halt, cache_misses = 150544
preemptive halt, cache_misses = 150544
preemptive halt, cache_misses = 150544
preemptive halt, cache_misses = 150544
preemptive halt, cache_misses = 150544
preemptive halt, cache_misses = 150544
preemptive halt, cache_misses = 150544
preemptive halt, cache_misses = 150544
preemptive halt, cache_misses = 150544
preemptive halt, cache_misses = 150544
preemptive halt, cache_misses = 150544
preemptive halt, cache_misses = 150544
preemptive halt, cache_misses = 150544
binary search, size 49706  misses 150544  min 49687  max 49726
preemptive halt, cache_misses = 150545
preemptive halt, cache_misses = 150545
preemptive halt, cache_misses = 150545
preemptive halt, cache_misses = 150545
preemptive halt, cache_misses = 150545
preemptive halt, cache_misses = 150545
preemptive halt, cache_misses = 150545
preemptive halt, cache_misses = 150545
preemptive halt, cache_misses = 150545
preemptive halt, cache_misses = 150545
preemptive halt, cache_misses = 150545
preemptive halt, cache_misses = 150545
preemptive halt, cache_misses = 150545
preemptive halt, cache_misses = 150545
preemptive halt, cache_misses = 150545
preemptive halt, cache_misses = 150545
preemptive halt, cache_misses = 150545
preemptive halt, cache_misses = 150545
preemptive halt, cache_misses = 150545
preemptive halt, cache_misses = 150545
preemptive halt, cache_misses = 150545
preemptive halt, cache_misses = 150545
preemptive halt, cache_misses = 150545
preemptive halt, cache_misses = 150545
preemptive halt, cache_misses = 150545
preemptive halt, cache_misses = 150545
preemptive halt, cache_misses = 150545
preemptive halt, cache_misses = 150545
preemptive halt, cache_misses = 150545
preemptive halt, cache_misses = 150545
preemptive halt, cache_misses = 150545
preemptive halt, cache_misses = 150545
preemptive halt, cache_misses = 150545
preemptive halt, cache_misses = 150545
preemptive halt, cache_misses = 150545
preemptive halt, cache_misses = 150545
preemptive halt, cache_misses = 150545
preemptive halt, cache_misses = 150545
preemptive halt, cache_misses = 150545
preemptive halt, cache_misses = 150545
preemptive halt, cache_misses = 150545
preemptive halt, cache_misses = 150545
preemptive halt, cache_misses = 150545
preemptive halt, cache_misses = 150545
preemptive halt, cache_misses = 150545
preemptive halt, cache_misses = 150545
preemptive halt, cache_misses = 150545
preemptive halt, cache_misses = 150545
preemptive halt, cache_misses = 150545
preemptive halt, cache_misses = 150545
preemptive halt, cache_misses = 150545
preemptive halt, cache_misses = 150545
preemptive halt, cache_misses = 150545
preemptive halt, cache_misses = 150545
preemptive halt, cache_misses = 150545
preemptive halt, cache_misses = 150545
preemptive halt, cache_misses = 150545
preemptive halt, cache_misses = 150545
preemptive halt, cache_misses = 150545
preemptive halt, cache_misses = 150545
preemptive halt, cache_misses = 150545
preemptive halt, cache_misses = 150545
preemptive halt, cache_misses = 150545
preemptive halt, cache_misses = 150545
preemptive halt, cache_misses = 150545
preemptive halt, cache_misses = 150545
preemptive halt, cache_misses = 150545
preemptive halt, cache_misses = 150545
preemptive halt, cache_misses = 150545
preemptive halt, cache_misses = 150545
preemptive halt, cache_misses = 150545
preemptive halt, cache_misses = 150545
preemptive halt, cache_misses = 150545
preemptive halt, cache_misses = 150545
preemptive halt, cache_misses = 150545
preemptive halt, cache_misses = 150545
preemptive halt, cache_misses = 150545
preemptive halt, cache_misses = 150545
preemptive halt, cache_misses = 150545
preemptive halt, cache_misses = 150545
preemptive halt, cache_misses = 150545
preemptive halt, cache_misses = 150545
preemptive halt, cache_misses = 150545
preemptive halt, cache_misses = 150545
preemptive halt, cache_misses = 150545
preemptive halt, cache_misses = 150545
preemptive halt, cache_misses = 150545
preemptive halt, cache_misses = 150545
preemptive halt, cache_misses = 150545
preemptive halt, cache_misses = 150545
preemptive halt, cache_misses = 150545
preemptive halt, cache_misses = 150545
preemptive halt, cache_misses = 150545
preemptive halt, cache_misses = 150545
preemptive halt, cache_misses = 150545
preemptive halt, cache_misses = 150545
preemptive halt, cache_misses = 150545
preemptive halt, cache_misses = 150545
preemptive halt, cache_misses = 150545
preemptive halt, cache_misses = 150545
preemptive halt, cache_misses = 150545
preemptive halt, cache_misses = 150545
preemptive halt, cache_misses = 150545
preemptive halt, cache_misses = 150545
preemptive halt, cache_misses = 150545
preemptive halt, cache_misses = 150545
preemptive halt, cache_misses = 150545
preemptive halt, cache_misses = 150545
preemptive halt, cache_misses = 150545
preemptive halt, cache_misses = 150545
preemptive halt, cache_misses = 150545
preemptive halt, cache_misses = 150545
preemptive halt, cache_misses = 150545
preemptive halt, cache_misses = 150545
preemptive halt, cache_misses = 150545
preemptive halt, cache_misses = 150545
preemptive halt, cache_misses = 150545
preemptive halt, cache_misses = 150545
preemptive halt, cache_misses = 150545
preemptive halt, cache_misses = 150545
preemptive halt, cache_misses = 150545
preemptive halt, cache_misses = 150545
preemptive halt, cache_misses = 150545
preemptive halt, cache_misses = 150545
preemptive halt, cache_misses = 150545
preemptive halt, cache_misses = 150545
preemptive halt, cache_misses = 150545
preemptive halt, cache_misses = 150545
binary search, size 49716  misses 150545  min 49706  max 49726
preemptive halt, cache_misses = 150546
preemptive halt, cache_misses = 150546
preemptive halt, cache_misses = 150546
preemptive halt, cache_misses = 150546
preemptive halt, cache_misses = 150546
preemptive halt, cache_misses = 150546
preemptive halt, cache_misses = 150546
preemptive halt, cache_misses = 150546
preemptive halt, cache_misses = 150546
preemptive halt, cache_misses = 150546
preemptive halt, cache_misses = 150546
preemptive halt, cache_misses = 150546
preemptive halt, cache_misses = 150546
preemptive halt, cache_misses = 150546
preemptive halt, cache_misses = 150546
preemptive halt, cache_misses = 150546
preemptive halt, cache_misses = 150546
preemptive halt, cache_misses = 150546
preemptive halt, cache_misses = 150546
preemptive halt, cache_misses = 150546
preemptive halt, cache_misses = 150546
preemptive halt, cache_misses = 150546
preemptive halt, cache_misses = 150546
preemptive halt, cache_misses = 150546
preemptive halt, cache_misses = 150546
preemptive halt, cache_misses = 150546
preemptive halt, cache_misses = 150546
preemptive halt, cache_misses = 150546
preemptive halt, cache_misses = 150546
preemptive halt, cache_misses = 150546
preemptive halt, cache_misses = 150546
preemptive halt, cache_misses = 150546
preemptive halt, cache_misses = 150546
preemptive halt, cache_misses = 150546
preemptive halt, cache_misses = 150546
preemptive halt, cache_misses = 150546
preemptive halt, cache_misses = 150546
preemptive halt, cache_misses = 150546
preemptive halt, cache_misses = 150546
preemptive halt, cache_misses = 150546
preemptive halt, cache_misses = 150546
preemptive halt, cache_misses = 150546
preemptive halt, cache_misses = 150546
preemptive halt, cache_misses = 150546
preemptive halt, cache_misses = 150546
preemptive halt, cache_misses = 150546
preemptive halt, cache_misses = 150546
preemptive halt, cache_misses = 150546
preemptive halt, cache_misses = 150546
preemptive halt, cache_misses = 150546
preemptive halt, cache_misses = 150546
preemptive halt, cache_misses = 150546
preemptive halt, cache_misses = 150546
preemptive halt, cache_misses = 150546
preemptive halt, cache_misses = 150546
preemptive halt, cache_misses = 150546
preemptive halt, cache_misses = 150546
preemptive halt, cache_misses = 150546
preemptive halt, cache_misses = 150546
preemptive halt, cache_misses = 150546
preemptive halt, cache_misses = 150546
preemptive halt, cache_misses = 150546
preemptive halt, cache_misses = 150546
preemptive halt, cache_misses = 150546
preemptive halt, cache_misses = 150546
preemptive halt, cache_misses = 150546
preemptive halt, cache_misses = 150546
preemptive halt, cache_misses = 150546
preemptive halt, cache_misses = 150546
preemptive halt, cache_misses = 150546
preemptive halt, cache_misses = 150546
preemptive halt, cache_misses = 150546
preemptive halt, cache_misses = 150546
preemptive halt, cache_misses = 150546
preemptive halt, cache_misses = 150546
preemptive halt, cache_misses = 150546
preemptive halt, cache_misses = 150546
preemptive halt, cache_misses = 150546
preemptive halt, cache_misses = 150546
preemptive halt, cache_misses = 150546
preemptive halt, cache_misses = 150546
preemptive halt, cache_misses = 150546
preemptive halt, cache_misses = 150546
preemptive halt, cache_misses = 150546
preemptive halt, cache_misses = 150546
preemptive halt, cache_misses = 150546
preemptive halt, cache_misses = 150546
preemptive halt, cache_misses = 150546
preemptive halt, cache_misses = 150546
preemptive halt, cache_misses = 150546
preemptive halt, cache_misses = 150546
preemptive halt, cache_misses = 150546
preemptive halt, cache_misses = 150546
preemptive halt, cache_misses = 150546
preemptive halt, cache_misses = 150546
preemptive halt, cache_misses = 150546
preemptive halt, cache_misses = 150546
preemptive halt, cache_misses = 150546
preemptive halt, cache_misses = 150546
preemptive halt, cache_misses = 150546
preemptive halt, cache_misses = 150546
preemptive halt, cache_misses = 150546
preemptive halt, cache_misses = 150546
preemptive halt, cache_misses = 150546
preemptive halt, cache_misses = 150546
preemptive halt, cache_misses = 150546
preemptive halt, cache_misses = 150546
preemptive halt, cache_misses = 150546
preemptive halt, cache_misses = 150546
preemptive halt, cache_misses = 150546
preemptive halt, cache_misses = 150546
preemptive halt, cache_misses = 150546
preemptive halt, cache_misses = 150546
preemptive halt, cache_misses = 150546
preemptive halt, cache_misses = 150546
preemptive halt, cache_misses = 150546
preemptive halt, cache_misses = 150546
preemptive halt, cache_misses = 150546
preemptive halt, cache_misses = 150546
preemptive halt, cache_misses = 150546
preemptive halt, cache_misses = 150546
preemptive halt, cache_misses = 150546
preemptive halt, cache_misses = 150546
preemptive halt, cache_misses = 150546
preemptive halt, cache_misses = 150546
preemptive halt, cache_misses = 150546
preemptive halt, cache_misses = 150546
preemptive halt, cache_misses = 150546
preemptive halt, cache_misses = 150546
preemptive halt, cache_misses = 150546
binary search, size 49721  misses 150546  min 49716  max 49726
preemptive halt, cache_misses = 150547
preemptive halt, cache_misses = 150547
preemptive halt, cache_misses = 150547
preemptive halt, cache_misses = 150547
preemptive halt, cache_misses = 150547
preemptive halt, cache_misses = 150547
preemptive halt, cache_misses = 150547
preemptive halt, cache_misses = 150547
preemptive halt, cache_misses = 150547
preemptive halt, cache_misses = 150547
preemptive halt, cache_misses = 150547
preemptive halt, cache_misses = 150547
preemptive halt, cache_misses = 150547
preemptive halt, cache_misses = 150547
preemptive halt, cache_misses = 150547
preemptive halt, cache_misses = 150547
preemptive halt, cache_misses = 150547
preemptive halt, cache_misses = 150547
preemptive halt, cache_misses = 150547
preemptive halt, cache_misses = 150547
preemptive halt, cache_misses = 150547
preemptive halt, cache_misses = 150547
preemptive halt, cache_misses = 150547
preemptive halt, cache_misses = 150547
preemptive halt, cache_misses = 150547
preemptive halt, cache_misses = 150547
preemptive halt, cache_misses = 150547
preemptive halt, cache_misses = 150547
preemptive halt, cache_misses = 150547
preemptive halt, cache_misses = 150547
preemptive halt, cache_misses = 150547
preemptive halt, cache_misses = 150547
preemptive halt, cache_misses = 150547
preemptive halt, cache_misses = 150547
preemptive halt, cache_misses = 150547
preemptive halt, cache_misses = 150547
preemptive halt, cache_misses = 150547
preemptive halt, cache_misses = 150547
preemptive halt, cache_misses = 150547
preemptive halt, cache_misses = 150547
preemptive halt, cache_misses = 150547
preemptive halt, cache_misses = 150547
preemptive halt, cache_misses = 150547
preemptive halt, cache_misses = 150547
preemptive halt, cache_misses = 150547
preemptive halt, cache_misses = 150547
preemptive halt, cache_misses = 150547
preemptive halt, cache_misses = 150547
preemptive halt, cache_misses = 150547
preemptive halt, cache_misses = 150547
preemptive halt, cache_misses = 150547
preemptive halt, cache_misses = 150547
preemptive halt, cache_misses = 150547
preemptive halt, cache_misses = 150547
preemptive halt, cache_misses = 150547
preemptive halt, cache_misses = 150547
preemptive halt, cache_misses = 150547
preemptive halt, cache_misses = 150547
preemptive halt, cache_misses = 150547
preemptive halt, cache_misses = 150547
preemptive halt, cache_misses = 150547
preemptive halt, cache_misses = 150547
preemptive halt, cache_misses = 150547
preemptive halt, cache_misses = 150547
preemptive halt, cache_misses = 150547
preemptive halt, cache_misses = 150547
preemptive halt, cache_misses = 150547
preemptive halt, cache_misses = 150547
preemptive halt, cache_misses = 150547
preemptive halt, cache_misses = 150547
preemptive halt, cache_misses = 150547
preemptive halt, cache_misses = 150547
preemptive halt, cache_misses = 150547
preemptive halt, cache_misses = 150547
preemptive halt, cache_misses = 150547
preemptive halt, cache_misses = 150547
preemptive halt, cache_misses = 150547
preemptive halt, cache_misses = 150547
preemptive halt, cache_misses = 150547
preemptive halt, cache_misses = 150547
preemptive halt, cache_misses = 150547
preemptive halt, cache_misses = 150547
preemptive halt, cache_misses = 150547
preemptive halt, cache_misses = 150547
preemptive halt, cache_misses = 150547
preemptive halt, cache_misses = 150547
preemptive halt, cache_misses = 150547
preemptive halt, cache_misses = 150547
preemptive halt, cache_misses = 150547
preemptive halt, cache_misses = 150547
preemptive halt, cache_misses = 150547
preemptive halt, cache_misses = 150547
preemptive halt, cache_misses = 150547
preemptive halt, cache_misses = 150547
preemptive halt, cache_misses = 150547
preemptive halt, cache_misses = 150547
preemptive halt, cache_misses = 150547
preemptive halt, cache_misses = 150547
preemptive halt, cache_misses = 150547
preemptive halt, cache_misses = 150547
preemptive halt, cache_misses = 150547
preemptive halt, cache_misses = 150547
preemptive halt, cache_misses = 150547
preemptive halt, cache_misses = 150547
preemptive halt, cache_misses = 150547
preemptive halt, cache_misses = 150547
preemptive halt, cache_misses = 150547
preemptive halt, cache_misses = 150547
preemptive halt, cache_misses = 150547
preemptive halt, cache_misses = 150547
preemptive halt, cache_misses = 150547
preemptive halt, cache_misses = 150547
preemptive halt, cache_misses = 150547
preemptive halt, cache_misses = 150547
preemptive halt, cache_misses = 150547
preemptive halt, cache_misses = 150547
preemptive halt, cache_misses = 150547
preemptive halt, cache_misses = 150547
preemptive halt, cache_misses = 150547
preemptive halt, cache_misses = 150547
preemptive halt, cache_misses = 150547
preemptive halt, cache_misses = 150547
preemptive halt, cache_misses = 150547
preemptive halt, cache_misses = 150547
preemptive halt, cache_misses = 150547
preemptive halt, cache_misses = 150547
preemptive halt, cache_misses = 150547
preemptive halt, cache_misses = 150547
preemptive halt, cache_misses = 150547
preemptive halt, cache_misses = 150547
preemptive halt, cache_misses = 150547
preemptive halt, cache_misses = 150547
binary search, size 49723  misses 150547  min 49721  max 49726
preemptive halt, cache_misses = 150548
preemptive halt, cache_misses = 150548
preemptive halt, cache_misses = 150548
preemptive halt, cache_misses = 150548
preemptive halt, cache_misses = 150548
preemptive halt, cache_misses = 150548
preemptive halt, cache_misses = 150548
preemptive halt, cache_misses = 150548
preemptive halt, cache_misses = 150548
preemptive halt, cache_misses = 150548
preemptive halt, cache_misses = 150548
preemptive halt, cache_misses = 150548
preemptive halt, cache_misses = 150548
preemptive halt, cache_misses = 150548
preemptive halt, cache_misses = 150548
preemptive halt, cache_misses = 150548
preemptive halt, cache_misses = 150548
preemptive halt, cache_misses = 150548
preemptive halt, cache_misses = 150548
preemptive halt, cache_misses = 150548
preemptive halt, cache_misses = 150548
preemptive halt, cache_misses = 150548
preemptive halt, cache_misses = 150548
preemptive halt, cache_misses = 150548
preemptive halt, cache_misses = 150548
preemptive halt, cache_misses = 150548
preemptive halt, cache_misses = 150548
preemptive halt, cache_misses = 150548
preemptive halt, cache_misses = 150548
preemptive halt, cache_misses = 150548
preemptive halt, cache_misses = 150548
preemptive halt, cache_misses = 150548
preemptive halt, cache_misses = 150548
preemptive halt, cache_misses = 150548
preemptive halt, cache_misses = 150548
preemptive halt, cache_misses = 150548
preemptive halt, cache_misses = 150548
preemptive halt, cache_misses = 150548
preemptive halt, cache_misses = 150548
preemptive halt, cache_misses = 150548
preemptive halt, cache_misses = 150548
preemptive halt, cache_misses = 150548
preemptive halt, cache_misses = 150548
preemptive halt, cache_misses = 150548
preemptive halt, cache_misses = 150548
preemptive halt, cache_misses = 150548
preemptive halt, cache_misses = 150548
preemptive halt, cache_misses = 150548
preemptive halt, cache_misses = 150548
preemptive halt, cache_misses = 150548
preemptive halt, cache_misses = 150548
preemptive halt, cache_misses = 150548
preemptive halt, cache_misses = 150548
preemptive halt, cache_misses = 150548
preemptive halt, cache_misses = 150548
preemptive halt, cache_misses = 150548
preemptive halt, cache_misses = 150548
preemptive halt, cache_misses = 150548
preemptive halt, cache_misses = 150548
preemptive halt, cache_misses = 150548
preemptive halt, cache_misses = 150548
preemptive halt, cache_misses = 150548
preemptive halt, cache_misses = 150548
preemptive halt, cache_misses = 150548
preemptive halt, cache_misses = 150548
preemptive halt, cache_misses = 150548
preemptive halt, cache_misses = 150548
preemptive halt, cache_misses = 150548
preemptive halt, cache_misses = 150548
preemptive halt, cache_misses = 150548
preemptive halt, cache_misses = 150548
preemptive halt, cache_misses = 150548
preemptive halt, cache_misses = 150548
preemptive halt, cache_misses = 150548
preemptive halt, cache_misses = 150548
preemptive halt, cache_misses = 150548
preemptive halt, cache_misses = 150548
preemptive halt, cache_misses = 150548
preemptive halt, cache_misses = 150548
preemptive halt, cache_misses = 150548
preemptive halt, cache_misses = 150548
preemptive halt, cache_misses = 150548
preemptive halt, cache_misses = 150548
preemptive halt, cache_misses = 150548
preemptive halt, cache_misses = 150548
preemptive halt, cache_misses = 150548
preemptive halt, cache_misses = 150548
preemptive halt, cache_misses = 150548
preemptive halt, cache_misses = 150548
preemptive halt, cache_misses = 150548
preemptive halt, cache_misses = 150548
preemptive halt, cache_misses = 150548
preemptive halt, cache_misses = 150548
preemptive halt, cache_misses = 150548
preemptive halt, cache_misses = 150548
preemptive halt, cache_misses = 150548
preemptive halt, cache_misses = 150548
preemptive halt, cache_misses = 150548
preemptive halt, cache_misses = 150548
preemptive halt, cache_misses = 150548
preemptive halt, cache_misses = 150548
preemptive halt, cache_misses = 150548
preemptive halt, cache_misses = 150548
preemptive halt, cache_misses = 150548
preemptive halt, cache_misses = 150548
preemptive halt, cache_misses = 150548
preemptive halt, cache_misses = 150548
preemptive halt, cache_misses = 150548
preemptive halt, cache_misses = 150548
preemptive halt, cache_misses = 150548
preemptive halt, cache_misses = 150548
preemptive halt, cache_misses = 150548
preemptive halt, cache_misses = 150548
preemptive halt, cache_misses = 150548
preemptive halt, cache_misses = 150548
preemptive halt, cache_misses = 150548
preemptive halt, cache_misses = 150548
preemptive halt, cache_misses = 150548
preemptive halt, cache_misses = 150548
preemptive halt, cache_misses = 150548
preemptive halt, cache_misses = 150548
preemptive halt, cache_misses = 150548
preemptive halt, cache_misses = 150548
preemptive halt, cache_misses = 150548
preemptive halt, cache_misses = 150548
preemptive halt, cache_misses = 150548
preemptive halt, cache_misses = 150548
preemptive halt, cache_misses = 150548
preemptive halt, cache_misses = 150548
preemptive halt, cache_misses = 150548
preemptive halt, cache_misses = 150548
preemptive halt, cache_misses = 150548
preemptive halt, cache_misses = 150548
preemptive halt, cache_misses = 150548
binary search, size 49724  misses 150548  min 49723  max 49726
preemptive halt, cache_misses = 150549
preemptive halt, cache_misses = 150549
preemptive halt, cache_misses = 150549
preemptive halt, cache_misses = 150549
preemptive halt, cache_misses = 150549
preemptive halt, cache_misses = 150549
preemptive halt, cache_misses = 150549
preemptive halt, cache_misses = 150549
preemptive halt, cache_misses = 150549
preemptive halt, cache_misses = 150549
preemptive halt, cache_misses = 150549
preemptive halt, cache_misses = 150549
preemptive halt, cache_misses = 150549
preemptive halt, cache_misses = 150549
preemptive halt, cache_misses = 150549
preemptive halt, cache_misses = 150549
preemptive halt, cache_misses = 150549
preemptive halt, cache_misses = 150549
preemptive halt, cache_misses = 150549
preemptive halt, cache_misses = 150549
preemptive halt, cache_misses = 150549
preemptive halt, cache_misses = 150549
preemptive halt, cache_misses = 150549
preemptive halt, cache_misses = 150549
preemptive halt, cache_misses = 150549
preemptive halt, cache_misses = 150549
preemptive halt, cache_misses = 150549
preemptive halt, cache_misses = 150549
preemptive halt, cache_misses = 150549
preemptive halt, cache_misses = 150549
preemptive halt, cache_misses = 150549
preemptive halt, cache_misses = 150549
preemptive halt, cache_misses = 150549
preemptive halt, cache_misses = 150549
preemptive halt, cache_misses = 150549
preemptive halt, cache_misses = 150549
preemptive halt, cache_misses = 150549
preemptive halt, cache_misses = 150549
preemptive halt, cache_misses = 150549
preemptive halt, cache_misses = 150549
preemptive halt, cache_misses = 150549
preemptive halt, cache_misses = 150549
preemptive halt, cache_misses = 150549
preemptive halt, cache_misses = 150549
preemptive halt, cache_misses = 150549
preemptive halt, cache_misses = 150549
preemptive halt, cache_misses = 150549
preemptive halt, cache_misses = 150549
preemptive halt, cache_misses = 150549
preemptive halt, cache_misses = 150549
preemptive halt, cache_misses = 150549
preemptive halt, cache_misses = 150549
preemptive halt, cache_misses = 150549
preemptive halt, cache_misses = 150549
preemptive halt, cache_misses = 150549
preemptive halt, cache_misses = 150549
preemptive halt, cache_misses = 150549
preemptive halt, cache_misses = 150549
preemptive halt, cache_misses = 150549
preemptive halt, cache_misses = 150549
preemptive halt, cache_misses = 150549
preemptive halt, cache_misses = 150549
preemptive halt, cache_misses = 150549
preemptive halt, cache_misses = 150549
preemptive halt, cache_misses = 150549
preemptive halt, cache_misses = 150549
preemptive halt, cache_misses = 150549
preemptive halt, cache_misses = 150549
preemptive halt, cache_misses = 150549
preemptive halt, cache_misses = 150549
preemptive halt, cache_misses = 150549
preemptive halt, cache_misses = 150549
preemptive halt, cache_misses = 150549
preemptive halt, cache_misses = 150549
preemptive halt, cache_misses = 150549
preemptive halt, cache_misses = 150549
preemptive halt, cache_misses = 150549
preemptive halt, cache_misses = 150549
preemptive halt, cache_misses = 150549
preemptive halt, cache_misses = 150549
preemptive halt, cache_misses = 150549
preemptive halt, cache_misses = 150549
preemptive halt, cache_misses = 150549
preemptive halt, cache_misses = 150549
preemptive halt, cache_misses = 150549
preemptive halt, cache_misses = 150549
preemptive halt, cache_misses = 150549
preemptive halt, cache_misses = 150549
preemptive halt, cache_misses = 150549
preemptive halt, cache_misses = 150549
preemptive halt, cache_misses = 150549
preemptive halt, cache_misses = 150549
preemptive halt, cache_misses = 150549
preemptive halt, cache_misses = 150549
preemptive halt, cache_misses = 150549
preemptive halt, cache_misses = 150549
preemptive halt, cache_misses = 150549
preemptive halt, cache_misses = 150549
preemptive halt, cache_misses = 150549
preemptive halt, cache_misses = 150549
preemptive halt, cache_misses = 150549
preemptive halt, cache_misses = 150549
preemptive halt, cache_misses = 150549
preemptive halt, cache_misses = 150549
preemptive halt, cache_misses = 150549
preemptive halt, cache_misses = 150549
preemptive halt, cache_misses = 150549
preemptive halt, cache_misses = 150549
preemptive halt, cache_misses = 150549
preemptive halt, cache_misses = 150549
preemptive halt, cache_misses = 150549
preemptive halt, cache_misses = 150549
preemptive halt, cache_misses = 150549
preemptive halt, cache_misses = 150549
preemptive halt, cache_misses = 150549
preemptive halt, cache_misses = 150549
preemptive halt, cache_misses = 150549
preemptive halt, cache_misses = 150549
preemptive halt, cache_misses = 150549
preemptive halt, cache_misses = 150549
preemptive halt, cache_misses = 150549
preemptive halt, cache_misses = 150549
preemptive halt, cache_misses = 150549
preemptive halt, cache_misses = 150549
preemptive halt, cache_misses = 150549
preemptive halt, cache_misses = 150549
preemptive halt, cache_misses = 150549
preemptive halt, cache_misses = 150549
preemptive halt, cache_misses = 150549
preemptive halt, cache_misses = 150549
preemptive halt, cache_misses = 150549
preemptive halt, cache_misses = 150549
preemptive halt, cache_misses = 150549
preemptive halt, cache_misses = 150549
preemptive halt, cache_misses = 150549
preemptive halt, cache_misses = 150549
binary search, size 49725  misses 150549  min 49724  max 49726
characteristic cache size (binary search) for 387 = 49726
End at: 2021-04-02 16:09:40.429251
Time elapsed: 0:00:02.817762
