Begin at: 2021-04-02 16:08:35.915836
['../dist/Debug/GNU-Linux/memo_batch_tester', '', '--mbt_execution_trace_fname', 'olcs4_traceback_csize_input_types/OLCS4_lru_2021_04_02__16_03_24_k_3__d_2_cache_size_160000_problems_10_to_400/OLCS4_lru_2021_04_02__16_03_24_k_3__d_2_cache_size_160000_problems_10_to_400/OLCS4__do_traceback_prob_size_363_cache_size_160000_lru_k_3_d_2_execution_trace_2021_4_2_16_8_35_pid_21121.log', '--mbt_cache_misses_fname', 'olcs4_traceback_csize_input_types/OLCS4_lru_2021_04_02__16_03_24_k_3__d_2_cache_size_160000_problems_10_to_400/lcs_cost_OLCS4_lru_misses_for_cache_size.csv', '--mbt_misses_for_problem_size_fname', 'olcs4_traceback_csize_input_types/OLCS4_lru_2021_04_02__16_03_24_k_3__d_2_cache_size_160000_problems_10_to_400/lcs_cost_OLCS4_lru_misses_for_problem_size.csv', '--mbt_exact_cutoff_min_cache_size', '160000', '--mbt_exact_cutoff_max_cache_size', '160000', '--mbt_problem_type', 'lcs', '--mbt_metric_type', 'csize_binary_search', '--mbt_cutoff_ratio', '2.2', '--mbt_instance_fname', '363', '--mbt_detailed_cache_misses_out_fname', 'csize_olcs4_traceback_0011n_ceil_n_b_6.csv', '--mbt_phi_N', '5.0', '--mbt_problem_size', '363', '--lcs_compute_length', '0', '--lcs_perform_traceback', '1', '--lig_instance_type', '0011n_ceil_n_b', '--lig_n', '363', '--lig_c', '0.9', '--lig_b', '6.0', '--lcs_oblivious', '4', '--lcs_execution_trace_fname', 'olcs4_traceback_csize_input_types/OLCS4_lru_2021_04_02__16_03_24_k_3__d_2_cache_size_160000_problems_10_to_400/OLCS4_lru_2021_04_02__16_03_24_k_3__d_2_cache_size_160000_problems_10_to_400/OLCS4__do_traceback_prob_size_363_cache_size_160000_lru_k_3_d_2_execution_trace_2021_4_2_16_8_35_pid_21121.log', '--memo_caching_strategy', 'lru', '--memo_cache_size', '160001', '--memo_lru_queue_size', '160000', '--memo_cuckoo_k', '4', '--memo_key_length', '8', '--memo_value_length', '8', '--memo_k_timestamps', '3', '--memo_d_recent_timestamps', '2', '--memo_a_items_per_timestamp_factor', '0.4375']

csize_binary_search chosen
lcs problem_type lcs cache_size 160001
initialize_long_int_cache begin
init_memo
arguments to memo:
 --mbt_execution_trace_fname olcs4_traceback_csize_input_types/OLCS4_lru_2021_04_02__16_03_24_k_3__d_2_cache_size_160000_problems_10_to_400/OLCS4_lru_2021_04_02__16_03_24_k_3__d_2_cache_size_160000_problems_10_to_400/OLCS4__do_traceback_prob_size_363_cache_size_160000_lru_k_3_d_2_execution_trace_2021_4_2_16_8_35_pid_21121.log --mbt_cache_misses_fname olcs4_traceback_csize_input_types/OLCS4_lru_2021_04_02__16_03_24_k_3__d_2_cache_size_160000_problems_10_to_400/lcs_cost_OLCS4_lru_misses_for_cache_size.csv --mbt_misses_for_problem_size_fname olcs4_traceback_csize_input_types/OLCS4_lru_2021_04_02__16_03_24_k_3__d_2_cache_size_160000_problems_10_to_400/lcs_cost_OLCS4_lru_misses_for_problem_size.csv --mbt_exact_cutoff_min_cache_size 160000 --mbt_exact_cutoff_max_cache_size 160000 --mbt_problem_type lcs --mbt_metric_type csize_binary_search --mbt_cutoff_ratio 2.2 --mbt_instance_fname 363 --mbt_detailed_cache_misses_out_fname csize_olcs4_traceback_0011n_ceil_n_b_6.csv --mbt_phi_N 5.0 --mbt_problem_size 363 --lcs_compute_length 0 --lcs_perform_traceback 1 --lig_instance_type 0011n_ceil_n_b --lig_n 363 --lig_c 0.9 --lig_b 6.0 --lcs_oblivious 4 --lcs_execution_trace_fname olcs4_traceback_csize_input_types/OLCS4_lru_2021_04_02__16_03_24_k_3__d_2_cache_size_160000_problems_10_to_400/OLCS4_lru_2021_04_02__16_03_24_k_3__d_2_cache_size_160000_problems_10_to_400/OLCS4__do_traceback_prob_size_363_cache_size_160000_lru_k_3_d_2_execution_trace_2021_4_2_16_8_35_pid_21121.log --memo_caching_strategy lru --memo_cache_size 160001 --memo_lru_queue_size 160000 --memo_cuckoo_k 4 --memo_key_length 8 --memo_value_length 8 --memo_k_timestamps 3 --memo_d_recent_timestamps 2 --memo_a_items_per_timestamp_factor 0.4375 
calculate_table_size: table_size is 262144, original is 160001
Finished initializing cache
initialize_long_int_cache end
done initializing cache
initializing problem
done initializing problem
commence trials
Starting characteristic_cache_size_binary_search with max cache size 160001
binary search, size 160001  misses 132495
binary search, size 80000  misses 132495  min 0  max 160001
preemptive halt, cache_misses = 132496
preemptive halt, cache_misses = 132496
preemptive halt, cache_misses = 132496
preemptive halt, cache_misses = 132496
preemptive halt, cache_misses = 132496
preemptive halt, cache_misses = 132496
preemptive halt, cache_misses = 132496
preemptive halt, cache_misses = 132496
preemptive halt, cache_misses = 132496
preemptive halt, cache_misses = 132496
preemptive halt, cache_misses = 132496
preemptive halt, cache_misses = 132496
preemptive halt, cache_misses = 132496
preemptive halt, cache_misses = 132496
preemptive halt, cache_misses = 132496
preemptive halt, cache_misses = 132496
preemptive halt, cache_misses = 132496
preemptive halt, cache_misses = 132496
preemptive halt, cache_misses = 132496
preemptive halt, cache_misses = 132496
preemptive halt, cache_misses = 132496
preemptive halt, cache_misses = 132496
preemptive halt, cache_misses = 132496
preemptive halt, cache_misses = 132496
preemptive halt, cache_misses = 132496
preemptive halt, cache_misses = 132496
preemptive halt, cache_misses = 132496
preemptive halt, cache_misses = 132496
preemptive halt, cache_misses = 132496
preemptive halt, cache_misses = 132496
preemptive halt, cache_misses = 132496
preemptive halt, cache_misses = 132496
preemptive halt, cache_misses = 132496
preemptive halt, cache_misses = 132496
preemptive halt, cache_misses = 132496
preemptive halt, cache_misses = 132496
preemptive halt, cache_misses = 132496
preemptive halt, cache_misses = 132496
preemptive halt, cache_misses = 132496
preemptive halt, cache_misses = 132496
preemptive halt, cache_misses = 132496
preemptive halt, cache_misses = 132496
preemptive halt, cache_misses = 132496
preemptive halt, cache_misses = 132496
preemptive halt, cache_misses = 132496
preemptive halt, cache_misses = 132496
preemptive halt, cache_misses = 132496
preemptive halt, cache_misses = 132496
preemptive halt, cache_misses = 132496
preemptive halt, cache_misses = 132496
preemptive halt, cache_misses = 132496
preemptive halt, cache_misses = 132496
preemptive halt, cache_misses = 132496
preemptive halt, cache_misses = 132496
preemptive halt, cache_misses = 132496
preemptive halt, cache_misses = 132496
preemptive halt, cache_misses = 132496
preemptive halt, cache_misses = 132496
preemptive halt, cache_misses = 132496
preemptive halt, cache_misses = 132496
preemptive halt, cache_misses = 132496
preemptive halt, cache_misses = 132496
preemptive halt, cache_misses = 132496
preemptive halt, cache_misses = 132496
preemptive halt, cache_misses = 132496
preemptive halt, cache_misses = 132496
preemptive halt, cache_misses = 132496
preemptive halt, cache_misses = 132496
preemptive halt, cache_misses = 132496
preemptive halt, cache_misses = 132496
preemptive halt, cache_misses = 132496
preemptive halt, cache_misses = 132496
preemptive halt, cache_misses = 132496
preemptive halt, cache_misses = 132496
preemptive halt, cache_misses = 132496
preemptive halt, cache_misses = 132496
preemptive halt, cache_misses = 132496
preemptive halt, cache_misses = 132496
preemptive halt, cache_misses = 132496
preemptive halt, cache_misses = 132496
preemptive halt, cache_misses = 132496
preemptive halt, cache_misses = 132496
preemptive halt, cache_misses = 132496
preemptive halt, cache_misses = 132496
preemptive halt, cache_misses = 132496
preemptive halt, cache_misses = 132496
preemptive halt, cache_misses = 132496
preemptive halt, cache_misses = 132496
preemptive halt, cache_misses = 132496
preemptive halt, cache_misses = 132496
preemptive halt, cache_misses = 132496
preemptive halt, cache_misses = 132496
preemptive halt, cache_misses = 132496
preemptive halt, cache_misses = 132496
preemptive halt, cache_misses = 132496
preemptive halt, cache_misses = 132496
preemptive halt, cache_misses = 132496
preemptive halt, cache_misses = 132496
preemptive halt, cache_misses = 132496
preemptive halt, cache_misses = 132496
preemptive halt, cache_misses = 132496
preemptive halt, cache_misses = 132496
preemptive halt, cache_misses = 132496
preemptive halt, cache_misses = 132496
preemptive halt, cache_misses = 132496
preemptive halt, cache_misses = 132496
preemptive halt, cache_misses = 132496
preemptive halt, cache_misses = 132496
preemptive halt, cache_misses = 132496
preemptive halt, cache_misses = 132496
preemptive halt, cache_misses = 132496
preemptive halt, cache_misses = 132496
preemptive halt, cache_misses = 132496
preemptive halt, cache_misses = 132496
preemptive halt, cache_misses = 132496
preemptive halt, cache_misses = 132496
preemptive halt, cache_misses = 132496
preemptive halt, cache_misses = 132496
binary search, size 40000  misses 132496  min 0  max 80000
binary search, size 60000  misses 132495  min 40000  max 80000
binary search, size 50000  misses 132495  min 40000  max 60000
binary search, size 45000  misses 132495  min 40000  max 50000
preemptive halt, cache_misses = 132496
preemptive halt, cache_misses = 132496
preemptive halt, cache_misses = 132496
preemptive halt, cache_misses = 132496
preemptive halt, cache_misses = 132496
preemptive halt, cache_misses = 132496
preemptive halt, cache_misses = 132496
preemptive halt, cache_misses = 132496
preemptive halt, cache_misses = 132496
preemptive halt, cache_misses = 132496
preemptive halt, cache_misses = 132496
preemptive halt, cache_misses = 132496
preemptive halt, cache_misses = 132496
preemptive halt, cache_misses = 132496
preemptive halt, cache_misses = 132496
preemptive halt, cache_misses = 132496
preemptive halt, cache_misses = 132496
preemptive halt, cache_misses = 132496
preemptive halt, cache_misses = 132496
preemptive halt, cache_misses = 132496
preemptive halt, cache_misses = 132496
preemptive halt, cache_misses = 132496
preemptive halt, cache_misses = 132496
preemptive halt, cache_misses = 132496
preemptive halt, cache_misses = 132496
preemptive halt, cache_misses = 132496
preemptive halt, cache_misses = 132496
preemptive halt, cache_misses = 132496
preemptive halt, cache_misses = 132496
preemptive halt, cache_misses = 132496
preemptive halt, cache_misses = 132496
preemptive halt, cache_misses = 132496
preemptive halt, cache_misses = 132496
preemptive halt, cache_misses = 132496
preemptive halt, cache_misses = 132496
preemptive halt, cache_misses = 132496
preemptive halt, cache_misses = 132496
preemptive halt, cache_misses = 132496
preemptive halt, cache_misses = 132496
preemptive halt, cache_misses = 132496
preemptive halt, cache_misses = 132496
preemptive halt, cache_misses = 132496
preemptive halt, cache_misses = 132496
preemptive halt, cache_misses = 132496
preemptive halt, cache_misses = 132496
preemptive halt, cache_misses = 132496
preemptive halt, cache_misses = 132496
preemptive halt, cache_misses = 132496
preemptive halt, cache_misses = 132496
preemptive halt, cache_misses = 132496
preemptive halt, cache_misses = 132496
preemptive halt, cache_misses = 132496
preemptive halt, cache_misses = 132496
preemptive halt, cache_misses = 132496
preemptive halt, cache_misses = 132496
preemptive halt, cache_misses = 132496
preemptive halt, cache_misses = 132496
preemptive halt, cache_misses = 132496
preemptive halt, cache_misses = 132496
preemptive halt, cache_misses = 132496
preemptive halt, cache_misses = 132496
preemptive halt, cache_misses = 132496
preemptive halt, cache_misses = 132496
preemptive halt, cache_misses = 132496
preemptive halt, cache_misses = 132496
preemptive halt, cache_misses = 132496
preemptive halt, cache_misses = 132496
preemptive halt, cache_misses = 132496
preemptive halt, cache_misses = 132496
preemptive halt, cache_misses = 132496
preemptive halt, cache_misses = 132496
preemptive halt, cache_misses = 132496
preemptive halt, cache_misses = 132496
preemptive halt, cache_misses = 132496
preemptive halt, cache_misses = 132496
preemptive halt, cache_misses = 132496
preemptive halt, cache_misses = 132496
preemptive halt, cache_misses = 132496
preemptive halt, cache_misses = 132496
preemptive halt, cache_misses = 132496
preemptive halt, cache_misses = 132496
preemptive halt, cache_misses = 132496
preemptive halt, cache_misses = 132496
preemptive halt, cache_misses = 132496
preemptive halt, cache_misses = 132496
preemptive halt, cache_misses = 132496
preemptive halt, cache_misses = 132496
preemptive halt, cache_misses = 132496
preemptive halt, cache_misses = 132496
preemptive halt, cache_misses = 132496
preemptive halt, cache_misses = 132496
preemptive halt, cache_misses = 132496
preemptive halt, cache_misses = 132496
preemptive halt, cache_misses = 132496
preemptive halt, cache_misses = 132496
preemptive halt, cache_misses = 132496
preemptive halt, cache_misses = 132496
preemptive halt, cache_misses = 132496
preemptive halt, cache_misses = 132496
preemptive halt, cache_misses = 132496
preemptive halt, cache_misses = 132496
preemptive halt, cache_misses = 132496
preemptive halt, cache_misses = 132496
preemptive halt, cache_misses = 132496
preemptive halt, cache_misses = 132496
preemptive halt, cache_misses = 132496
preemptive halt, cache_misses = 132496
preemptive halt, cache_misses = 132496
preemptive halt, cache_misses = 132496
preemptive halt, cache_misses = 132496
preemptive halt, cache_misses = 132496
preemptive halt, cache_misses = 132496
preemptive halt, cache_misses = 132496
preemptive halt, cache_misses = 132496
preemptive halt, cache_misses = 132496
preemptive halt, cache_misses = 132496
preemptive halt, cache_misses = 132496
preemptive halt, cache_misses = 132496
binary search, size 42500  misses 132496  min 40000  max 45000
binary search, size 43750  misses 132495  min 42500  max 45000
preemptive halt, cache_misses = 132496
preemptive halt, cache_misses = 132496
preemptive halt, cache_misses = 132496
preemptive halt, cache_misses = 132496
preemptive halt, cache_misses = 132496
preemptive halt, cache_misses = 132496
preemptive halt, cache_misses = 132496
preemptive halt, cache_misses = 132496
preemptive halt, cache_misses = 132496
preemptive halt, cache_misses = 132496
preemptive halt, cache_misses = 132496
preemptive halt, cache_misses = 132496
preemptive halt, cache_misses = 132496
preemptive halt, cache_misses = 132496
preemptive halt, cache_misses = 132496
preemptive halt, cache_misses = 132496
preemptive halt, cache_misses = 132496
preemptive halt, cache_misses = 132496
preemptive halt, cache_misses = 132496
preemptive halt, cache_misses = 132496
preemptive halt, cache_misses = 132496
preemptive halt, cache_misses = 132496
preemptive halt, cache_misses = 132496
preemptive halt, cache_misses = 132496
preemptive halt, cache_misses = 132496
preemptive halt, cache_misses = 132496
preemptive halt, cache_misses = 132496
preemptive halt, cache_misses = 132496
preemptive halt, cache_misses = 132496
preemptive halt, cache_misses = 132496
preemptive halt, cache_misses = 132496
preemptive halt, cache_misses = 132496
preemptive halt, cache_misses = 132496
preemptive halt, cache_misses = 132496
preemptive halt, cache_misses = 132496
preemptive halt, cache_misses = 132496
preemptive halt, cache_misses = 132496
preemptive halt, cache_misses = 132496
preemptive halt, cache_misses = 132496
preemptive halt, cache_misses = 132496
preemptive halt, cache_misses = 132496
preemptive halt, cache_misses = 132496
preemptive halt, cache_misses = 132496
preemptive halt, cache_misses = 132496
preemptive halt, cache_misses = 132496
preemptive halt, cache_misses = 132496
preemptive halt, cache_misses = 132496
preemptive halt, cache_misses = 132496
preemptive halt, cache_misses = 132496
preemptive halt, cache_misses = 132496
preemptive halt, cache_misses = 132496
preemptive halt, cache_misses = 132496
preemptive halt, cache_misses = 132496
preemptive halt, cache_misses = 132496
preemptive halt, cache_misses = 132496
preemptive halt, cache_misses = 132496
preemptive halt, cache_misses = 132496
preemptive halt, cache_misses = 132496
preemptive halt, cache_misses = 132496
preemptive halt, cache_misses = 132496
preemptive halt, cache_misses = 132496
preemptive halt, cache_misses = 132496
preemptive halt, cache_misses = 132496
preemptive halt, cache_misses = 132496
preemptive halt, cache_misses = 132496
preemptive halt, cache_misses = 132496
preemptive halt, cache_misses = 132496
preemptive halt, cache_misses = 132496
preemptive halt, cache_misses = 132496
preemptive halt, cache_misses = 132496
preemptive halt, cache_misses = 132496
preemptive halt, cache_misses = 132496
preemptive halt, cache_misses = 132496
preemptive halt, cache_misses = 132496
preemptive halt, cache_misses = 132496
preemptive halt, cache_misses = 132496
preemptive halt, cache_misses = 132496
preemptive halt, cache_misses = 132496
preemptive halt, cache_misses = 132496
preemptive halt, cache_misses = 132496
preemptive halt, cache_misses = 132496
preemptive halt, cache_misses = 132496
preemptive halt, cache_misses = 132496
preemptive halt, cache_misses = 132496
preemptive halt, cache_misses = 132496
preemptive halt, cache_misses = 132496
preemptive halt, cache_misses = 132496
preemptive halt, cache_misses = 132496
preemptive halt, cache_misses = 132496
preemptive halt, cache_misses = 132496
preemptive halt, cache_misses = 132496
preemptive halt, cache_misses = 132496
preemptive halt, cache_misses = 132496
preemptive halt, cache_misses = 132496
preemptive halt, cache_misses = 132496
preemptive halt, cache_misses = 132496
preemptive halt, cache_misses = 132496
preemptive halt, cache_misses = 132496
preemptive halt, cache_misses = 132496
preemptive halt, cache_misses = 132496
preemptive halt, cache_misses = 132496
preemptive halt, cache_misses = 132496
preemptive halt, cache_misses = 132496
preemptive halt, cache_misses = 132496
preemptive halt, cache_misses = 132496
preemptive halt, cache_misses = 132496
preemptive halt, cache_misses = 132496
preemptive halt, cache_misses = 132496
preemptive halt, cache_misses = 132496
preemptive halt, cache_misses = 132496
preemptive halt, cache_misses = 132496
preemptive halt, cache_misses = 132496
preemptive halt, cache_misses = 132496
preemptive halt, cache_misses = 132496
preemptive halt, cache_misses = 132496
preemptive halt, cache_misses = 132496
preemptive halt, cache_misses = 132496
preemptive halt, cache_misses = 132496
binary search, size 43125  misses 132496  min 42500  max 43750
preemptive halt, cache_misses = 132497
preemptive halt, cache_misses = 132497
preemptive halt, cache_misses = 132497
preemptive halt, cache_misses = 132497
preemptive halt, cache_misses = 132497
preemptive halt, cache_misses = 132497
preemptive halt, cache_misses = 132497
preemptive halt, cache_misses = 132497
preemptive halt, cache_misses = 132497
preemptive halt, cache_misses = 132497
preemptive halt, cache_misses = 132497
preemptive halt, cache_misses = 132497
preemptive halt, cache_misses = 132497
preemptive halt, cache_misses = 132497
preemptive halt, cache_misses = 132497
preemptive halt, cache_misses = 132497
preemptive halt, cache_misses = 132497
preemptive halt, cache_misses = 132497
preemptive halt, cache_misses = 132497
preemptive halt, cache_misses = 132497
preemptive halt, cache_misses = 132497
preemptive halt, cache_misses = 132497
preemptive halt, cache_misses = 132497
preemptive halt, cache_misses = 132497
preemptive halt, cache_misses = 132497
preemptive halt, cache_misses = 132497
preemptive halt, cache_misses = 132497
preemptive halt, cache_misses = 132497
preemptive halt, cache_misses = 132497
preemptive halt, cache_misses = 132497
preemptive halt, cache_misses = 132497
preemptive halt, cache_misses = 132497
preemptive halt, cache_misses = 132497
preemptive halt, cache_misses = 132497
preemptive halt, cache_misses = 132497
preemptive halt, cache_misses = 132497
preemptive halt, cache_misses = 132497
preemptive halt, cache_misses = 132497
preemptive halt, cache_misses = 132497
preemptive halt, cache_misses = 132497
preemptive halt, cache_misses = 132497
preemptive halt, cache_misses = 132497
preemptive halt, cache_misses = 132497
preemptive halt, cache_misses = 132497
preemptive halt, cache_misses = 132497
preemptive halt, cache_misses = 132497
preemptive halt, cache_misses = 132497
preemptive halt, cache_misses = 132497
preemptive halt, cache_misses = 132497
preemptive halt, cache_misses = 132497
preemptive halt, cache_misses = 132497
preemptive halt, cache_misses = 132497
preemptive halt, cache_misses = 132497
preemptive halt, cache_misses = 132497
preemptive halt, cache_misses = 132497
preemptive halt, cache_misses = 132497
preemptive halt, cache_misses = 132497
preemptive halt, cache_misses = 132497
preemptive halt, cache_misses = 132497
preemptive halt, cache_misses = 132497
preemptive halt, cache_misses = 132497
preemptive halt, cache_misses = 132497
preemptive halt, cache_misses = 132497
preemptive halt, cache_misses = 132497
preemptive halt, cache_misses = 132497
preemptive halt, cache_misses = 132497
preemptive halt, cache_misses = 132497
preemptive halt, cache_misses = 132497
preemptive halt, cache_misses = 132497
preemptive halt, cache_misses = 132497
preemptive halt, cache_misses = 132497
preemptive halt, cache_misses = 132497
preemptive halt, cache_misses = 132497
preemptive halt, cache_misses = 132497
preemptive halt, cache_misses = 132497
preemptive halt, cache_misses = 132497
preemptive halt, cache_misses = 132497
preemptive halt, cache_misses = 132497
preemptive halt, cache_misses = 132497
preemptive halt, cache_misses = 132497
preemptive halt, cache_misses = 132497
preemptive halt, cache_misses = 132497
preemptive halt, cache_misses = 132497
preemptive halt, cache_misses = 132497
preemptive halt, cache_misses = 132497
preemptive halt, cache_misses = 132497
preemptive halt, cache_misses = 132497
preemptive halt, cache_misses = 132497
preemptive halt, cache_misses = 132497
preemptive halt, cache_misses = 132497
preemptive halt, cache_misses = 132497
preemptive halt, cache_misses = 132497
preemptive halt, cache_misses = 132497
preemptive halt, cache_misses = 132497
preemptive halt, cache_misses = 132497
preemptive halt, cache_misses = 132497
preemptive halt, cache_misses = 132497
preemptive halt, cache_misses = 132497
preemptive halt, cache_misses = 132497
preemptive halt, cache_misses = 132497
preemptive halt, cache_misses = 132497
preemptive halt, cache_misses = 132497
preemptive halt, cache_misses = 132497
preemptive halt, cache_misses = 132497
preemptive halt, cache_misses = 132497
preemptive halt, cache_misses = 132497
preemptive halt, cache_misses = 132497
preemptive halt, cache_misses = 132497
preemptive halt, cache_misses = 132497
preemptive halt, cache_misses = 132497
preemptive halt, cache_misses = 132497
preemptive halt, cache_misses = 132497
preemptive halt, cache_misses = 132497
preemptive halt, cache_misses = 132497
preemptive halt, cache_misses = 132497
preemptive halt, cache_misses = 132497
preemptive halt, cache_misses = 132497
preemptive halt, cache_misses = 132497
preemptive halt, cache_misses = 132497
preemptive halt, cache_misses = 132497
binary search, size 43437  misses 132497  min 43125  max 43750
preemptive halt, cache_misses = 132498
preemptive halt, cache_misses = 132498
preemptive halt, cache_misses = 132498
preemptive halt, cache_misses = 132498
preemptive halt, cache_misses = 132498
preemptive halt, cache_misses = 132498
preemptive halt, cache_misses = 132498
preemptive halt, cache_misses = 132498
preemptive halt, cache_misses = 132498
preemptive halt, cache_misses = 132498
preemptive halt, cache_misses = 132498
preemptive halt, cache_misses = 132498
preemptive halt, cache_misses = 132498
preemptive halt, cache_misses = 132498
preemptive halt, cache_misses = 132498
preemptive halt, cache_misses = 132498
preemptive halt, cache_misses = 132498
preemptive halt, cache_misses = 132498
preemptive halt, cache_misses = 132498
preemptive halt, cache_misses = 132498
preemptive halt, cache_misses = 132498
preemptive halt, cache_misses = 132498
preemptive halt, cache_misses = 132498
preemptive halt, cache_misses = 132498
preemptive halt, cache_misses = 132498
preemptive halt, cache_misses = 132498
preemptive halt, cache_misses = 132498
preemptive halt, cache_misses = 132498
preemptive halt, cache_misses = 132498
preemptive halt, cache_misses = 132498
preemptive halt, cache_misses = 132498
preemptive halt, cache_misses = 132498
preemptive halt, cache_misses = 132498
preemptive halt, cache_misses = 132498
preemptive halt, cache_misses = 132498
preemptive halt, cache_misses = 132498
preemptive halt, cache_misses = 132498
preemptive halt, cache_misses = 132498
preemptive halt, cache_misses = 132498
preemptive halt, cache_misses = 132498
preemptive halt, cache_misses = 132498
preemptive halt, cache_misses = 132498
preemptive halt, cache_misses = 132498
preemptive halt, cache_misses = 132498
preemptive halt, cache_misses = 132498
preemptive halt, cache_misses = 132498
preemptive halt, cache_misses = 132498
preemptive halt, cache_misses = 132498
preemptive halt, cache_misses = 132498
preemptive halt, cache_misses = 132498
preemptive halt, cache_misses = 132498
preemptive halt, cache_misses = 132498
preemptive halt, cache_misses = 132498
preemptive halt, cache_misses = 132498
preemptive halt, cache_misses = 132498
preemptive halt, cache_misses = 132498
preemptive halt, cache_misses = 132498
preemptive halt, cache_misses = 132498
preemptive halt, cache_misses = 132498
preemptive halt, cache_misses = 132498
preemptive halt, cache_misses = 132498
preemptive halt, cache_misses = 132498
preemptive halt, cache_misses = 132498
preemptive halt, cache_misses = 132498
preemptive halt, cache_misses = 132498
preemptive halt, cache_misses = 132498
preemptive halt, cache_misses = 132498
preemptive halt, cache_misses = 132498
preemptive halt, cache_misses = 132498
preemptive halt, cache_misses = 132498
preemptive halt, cache_misses = 132498
preemptive halt, cache_misses = 132498
preemptive halt, cache_misses = 132498
preemptive halt, cache_misses = 132498
preemptive halt, cache_misses = 132498
preemptive halt, cache_misses = 132498
preemptive halt, cache_misses = 132498
preemptive halt, cache_misses = 132498
preemptive halt, cache_misses = 132498
preemptive halt, cache_misses = 132498
preemptive halt, cache_misses = 132498
preemptive halt, cache_misses = 132498
preemptive halt, cache_misses = 132498
preemptive halt, cache_misses = 132498
preemptive halt, cache_misses = 132498
preemptive halt, cache_misses = 132498
preemptive halt, cache_misses = 132498
preemptive halt, cache_misses = 132498
preemptive halt, cache_misses = 132498
preemptive halt, cache_misses = 132498
preemptive halt, cache_misses = 132498
preemptive halt, cache_misses = 132498
preemptive halt, cache_misses = 132498
preemptive halt, cache_misses = 132498
preemptive halt, cache_misses = 132498
preemptive halt, cache_misses = 132498
preemptive halt, cache_misses = 132498
preemptive halt, cache_misses = 132498
preemptive halt, cache_misses = 132498
preemptive halt, cache_misses = 132498
preemptive halt, cache_misses = 132498
preemptive halt, cache_misses = 132498
preemptive halt, cache_misses = 132498
preemptive halt, cache_misses = 132498
preemptive halt, cache_misses = 132498
preemptive halt, cache_misses = 132498
preemptive halt, cache_misses = 132498
preemptive halt, cache_misses = 132498
preemptive halt, cache_misses = 132498
preemptive halt, cache_misses = 132498
preemptive halt, cache_misses = 132498
preemptive halt, cache_misses = 132498
preemptive halt, cache_misses = 132498
preemptive halt, cache_misses = 132498
preemptive halt, cache_misses = 132498
preemptive halt, cache_misses = 132498
preemptive halt, cache_misses = 132498
preemptive halt, cache_misses = 132498
preemptive halt, cache_misses = 132498
preemptive halt, cache_misses = 132498
preemptive halt, cache_misses = 132498
preemptive halt, cache_misses = 132498
binary search, size 43593  misses 132498  min 43437  max 43750
preemptive halt, cache_misses = 132499
preemptive halt, cache_misses = 132499
preemptive halt, cache_misses = 132499
preemptive halt, cache_misses = 132499
preemptive halt, cache_misses = 132499
preemptive halt, cache_misses = 132499
preemptive halt, cache_misses = 132499
preemptive halt, cache_misses = 132499
preemptive halt, cache_misses = 132499
preemptive halt, cache_misses = 132499
preemptive halt, cache_misses = 132499
preemptive halt, cache_misses = 132499
preemptive halt, cache_misses = 132499
preemptive halt, cache_misses = 132499
preemptive halt, cache_misses = 132499
preemptive halt, cache_misses = 132499
preemptive halt, cache_misses = 132499
preemptive halt, cache_misses = 132499
preemptive halt, cache_misses = 132499
preemptive halt, cache_misses = 132499
preemptive halt, cache_misses = 132499
preemptive halt, cache_misses = 132499
preemptive halt, cache_misses = 132499
preemptive halt, cache_misses = 132499
preemptive halt, cache_misses = 132499
preemptive halt, cache_misses = 132499
preemptive halt, cache_misses = 132499
preemptive halt, cache_misses = 132499
preemptive halt, cache_misses = 132499
preemptive halt, cache_misses = 132499
preemptive halt, cache_misses = 132499
preemptive halt, cache_misses = 132499
preemptive halt, cache_misses = 132499
preemptive halt, cache_misses = 132499
preemptive halt, cache_misses = 132499
preemptive halt, cache_misses = 132499
preemptive halt, cache_misses = 132499
preemptive halt, cache_misses = 132499
preemptive halt, cache_misses = 132499
preemptive halt, cache_misses = 132499
preemptive halt, cache_misses = 132499
preemptive halt, cache_misses = 132499
preemptive halt, cache_misses = 132499
preemptive halt, cache_misses = 132499
preemptive halt, cache_misses = 132499
preemptive halt, cache_misses = 132499
preemptive halt, cache_misses = 132499
preemptive halt, cache_misses = 132499
preemptive halt, cache_misses = 132499
preemptive halt, cache_misses = 132499
preemptive halt, cache_misses = 132499
preemptive halt, cache_misses = 132499
preemptive halt, cache_misses = 132499
preemptive halt, cache_misses = 132499
preemptive halt, cache_misses = 132499
preemptive halt, cache_misses = 132499
preemptive halt, cache_misses = 132499
preemptive halt, cache_misses = 132499
preemptive halt, cache_misses = 132499
preemptive halt, cache_misses = 132499
preemptive halt, cache_misses = 132499
preemptive halt, cache_misses = 132499
preemptive halt, cache_misses = 132499
preemptive halt, cache_misses = 132499
preemptive halt, cache_misses = 132499
preemptive halt, cache_misses = 132499
preemptive halt, cache_misses = 132499
preemptive halt, cache_misses = 132499
preemptive halt, cache_misses = 132499
preemptive halt, cache_misses = 132499
preemptive halt, cache_misses = 132499
preemptive halt, cache_misses = 132499
preemptive halt, cache_misses = 132499
preemptive halt, cache_misses = 132499
preemptive halt, cache_misses = 132499
preemptive halt, cache_misses = 132499
preemptive halt, cache_misses = 132499
preemptive halt, cache_misses = 132499
preemptive halt, cache_misses = 132499
preemptive halt, cache_misses = 132499
preemptive halt, cache_misses = 132499
preemptive halt, cache_misses = 132499
preemptive halt, cache_misses = 132499
preemptive halt, cache_misses = 132499
preemptive halt, cache_misses = 132499
preemptive halt, cache_misses = 132499
preemptive halt, cache_misses = 132499
preemptive halt, cache_misses = 132499
preemptive halt, cache_misses = 132499
preemptive halt, cache_misses = 132499
preemptive halt, cache_misses = 132499
preemptive halt, cache_misses = 132499
preemptive halt, cache_misses = 132499
preemptive halt, cache_misses = 132499
preemptive halt, cache_misses = 132499
preemptive halt, cache_misses = 132499
preemptive halt, cache_misses = 132499
preemptive halt, cache_misses = 132499
preemptive halt, cache_misses = 132499
preemptive halt, cache_misses = 132499
preemptive halt, cache_misses = 132499
preemptive halt, cache_misses = 132499
preemptive halt, cache_misses = 132499
preemptive halt, cache_misses = 132499
preemptive halt, cache_misses = 132499
preemptive halt, cache_misses = 132499
preemptive halt, cache_misses = 132499
preemptive halt, cache_misses = 132499
preemptive halt, cache_misses = 132499
preemptive halt, cache_misses = 132499
preemptive halt, cache_misses = 132499
preemptive halt, cache_misses = 132499
preemptive halt, cache_misses = 132499
preemptive halt, cache_misses = 132499
preemptive halt, cache_misses = 132499
preemptive halt, cache_misses = 132499
preemptive halt, cache_misses = 132499
preemptive halt, cache_misses = 132499
preemptive halt, cache_misses = 132499
preemptive halt, cache_misses = 132499
preemptive halt, cache_misses = 132499
preemptive halt, cache_misses = 132499
preemptive halt, cache_misses = 132499
preemptive halt, cache_misses = 132499
binary search, size 43671  misses 132499  min 43593  max 43750
preemptive halt, cache_misses = 132500
preemptive halt, cache_misses = 132500
preemptive halt, cache_misses = 132500
preemptive halt, cache_misses = 132500
preemptive halt, cache_misses = 132500
preemptive halt, cache_misses = 132500
preemptive halt, cache_misses = 132500
preemptive halt, cache_misses = 132500
preemptive halt, cache_misses = 132500
preemptive halt, cache_misses = 132500
preemptive halt, cache_misses = 132500
preemptive halt, cache_misses = 132500
preemptive halt, cache_misses = 132500
preemptive halt, cache_misses = 132500
preemptive halt, cache_misses = 132500
preemptive halt, cache_misses = 132500
preemptive halt, cache_misses = 132500
preemptive halt, cache_misses = 132500
preemptive halt, cache_misses = 132500
preemptive halt, cache_misses = 132500
preemptive halt, cache_misses = 132500
preemptive halt, cache_misses = 132500
preemptive halt, cache_misses = 132500
preemptive halt, cache_misses = 132500
preemptive halt, cache_misses = 132500
preemptive halt, cache_misses = 132500
preemptive halt, cache_misses = 132500
preemptive halt, cache_misses = 132500
preemptive halt, cache_misses = 132500
preemptive halt, cache_misses = 132500
preemptive halt, cache_misses = 132500
preemptive halt, cache_misses = 132500
preemptive halt, cache_misses = 132500
preemptive halt, cache_misses = 132500
preemptive halt, cache_misses = 132500
preemptive halt, cache_misses = 132500
preemptive halt, cache_misses = 132500
preemptive halt, cache_misses = 132500
preemptive halt, cache_misses = 132500
preemptive halt, cache_misses = 132500
preemptive halt, cache_misses = 132500
preemptive halt, cache_misses = 132500
preemptive halt, cache_misses = 132500
preemptive halt, cache_misses = 132500
preemptive halt, cache_misses = 132500
preemptive halt, cache_misses = 132500
preemptive halt, cache_misses = 132500
preemptive halt, cache_misses = 132500
preemptive halt, cache_misses = 132500
preemptive halt, cache_misses = 132500
preemptive halt, cache_misses = 132500
preemptive halt, cache_misses = 132500
preemptive halt, cache_misses = 132500
preemptive halt, cache_misses = 132500
preemptive halt, cache_misses = 132500
preemptive halt, cache_misses = 132500
preemptive halt, cache_misses = 132500
preemptive halt, cache_misses = 132500
preemptive halt, cache_misses = 132500
preemptive halt, cache_misses = 132500
preemptive halt, cache_misses = 132500
preemptive halt, cache_misses = 132500
preemptive halt, cache_misses = 132500
preemptive halt, cache_misses = 132500
preemptive halt, cache_misses = 132500
preemptive halt, cache_misses = 132500
preemptive halt, cache_misses = 132500
preemptive halt, cache_misses = 132500
preemptive halt, cache_misses = 132500
preemptive halt, cache_misses = 132500
preemptive halt, cache_misses = 132500
preemptive halt, cache_misses = 132500
preemptive halt, cache_misses = 132500
preemptive halt, cache_misses = 132500
preemptive halt, cache_misses = 132500
preemptive halt, cache_misses = 132500
preemptive halt, cache_misses = 132500
preemptive halt, cache_misses = 132500
preemptive halt, cache_misses = 132500
preemptive halt, cache_misses = 132500
preemptive halt, cache_misses = 132500
preemptive halt, cache_misses = 132500
preemptive halt, cache_misses = 132500
preemptive halt, cache_misses = 132500
preemptive halt, cache_misses = 132500
preemptive halt, cache_misses = 132500
preemptive halt, cache_misses = 132500
preemptive halt, cache_misses = 132500
preemptive halt, cache_misses = 132500
preemptive halt, cache_misses = 132500
preemptive halt, cache_misses = 132500
preemptive halt, cache_misses = 132500
preemptive halt, cache_misses = 132500
preemptive halt, cache_misses = 132500
preemptive halt, cache_misses = 132500
preemptive halt, cache_misses = 132500
preemptive halt, cache_misses = 132500
preemptive halt, cache_misses = 132500
preemptive halt, cache_misses = 132500
preemptive halt, cache_misses = 132500
preemptive halt, cache_misses = 132500
preemptive halt, cache_misses = 132500
preemptive halt, cache_misses = 132500
preemptive halt, cache_misses = 132500
preemptive halt, cache_misses = 132500
preemptive halt, cache_misses = 132500
preemptive halt, cache_misses = 132500
preemptive halt, cache_misses = 132500
preemptive halt, cache_misses = 132500
preemptive halt, cache_misses = 132500
preemptive halt, cache_misses = 132500
preemptive halt, cache_misses = 132500
preemptive halt, cache_misses = 132500
preemptive halt, cache_misses = 132500
preemptive halt, cache_misses = 132500
preemptive halt, cache_misses = 132500
preemptive halt, cache_misses = 132500
preemptive halt, cache_misses = 132500
preemptive halt, cache_misses = 132500
preemptive halt, cache_misses = 132500
preemptive halt, cache_misses = 132500
preemptive halt, cache_misses = 132500
preemptive halt, cache_misses = 132500
preemptive halt, cache_misses = 132500
preemptive halt, cache_misses = 132500
preemptive halt, cache_misses = 132500
binary search, size 43710  misses 132500  min 43671  max 43750
preemptive halt, cache_misses = 132501
preemptive halt, cache_misses = 132501
preemptive halt, cache_misses = 132501
preemptive halt, cache_misses = 132501
preemptive halt, cache_misses = 132501
preemptive halt, cache_misses = 132501
preemptive halt, cache_misses = 132501
preemptive halt, cache_misses = 132501
preemptive halt, cache_misses = 132501
preemptive halt, cache_misses = 132501
preemptive halt, cache_misses = 132501
preemptive halt, cache_misses = 132501
preemptive halt, cache_misses = 132501
preemptive halt, cache_misses = 132501
preemptive halt, cache_misses = 132501
preemptive halt, cache_misses = 132501
preemptive halt, cache_misses = 132501
preemptive halt, cache_misses = 132501
preemptive halt, cache_misses = 132501
preemptive halt, cache_misses = 132501
preemptive halt, cache_misses = 132501
preemptive halt, cache_misses = 132501
preemptive halt, cache_misses = 132501
preemptive halt, cache_misses = 132501
preemptive halt, cache_misses = 132501
preemptive halt, cache_misses = 132501
preemptive halt, cache_misses = 132501
preemptive halt, cache_misses = 132501
preemptive halt, cache_misses = 132501
preemptive halt, cache_misses = 132501
preemptive halt, cache_misses = 132501
preemptive halt, cache_misses = 132501
preemptive halt, cache_misses = 132501
preemptive halt, cache_misses = 132501
preemptive halt, cache_misses = 132501
preemptive halt, cache_misses = 132501
preemptive halt, cache_misses = 132501
preemptive halt, cache_misses = 132501
preemptive halt, cache_misses = 132501
preemptive halt, cache_misses = 132501
preemptive halt, cache_misses = 132501
preemptive halt, cache_misses = 132501
preemptive halt, cache_misses = 132501
preemptive halt, cache_misses = 132501
preemptive halt, cache_misses = 132501
preemptive halt, cache_misses = 132501
preemptive halt, cache_misses = 132501
preemptive halt, cache_misses = 132501
preemptive halt, cache_misses = 132501
preemptive halt, cache_misses = 132501
preemptive halt, cache_misses = 132501
preemptive halt, cache_misses = 132501
preemptive halt, cache_misses = 132501
preemptive halt, cache_misses = 132501
preemptive halt, cache_misses = 132501
preemptive halt, cache_misses = 132501
preemptive halt, cache_misses = 132501
preemptive halt, cache_misses = 132501
preemptive halt, cache_misses = 132501
preemptive halt, cache_misses = 132501
preemptive halt, cache_misses = 132501
preemptive halt, cache_misses = 132501
preemptive halt, cache_misses = 132501
preemptive halt, cache_misses = 132501
preemptive halt, cache_misses = 132501
preemptive halt, cache_misses = 132501
preemptive halt, cache_misses = 132501
preemptive halt, cache_misses = 132501
preemptive halt, cache_misses = 132501
preemptive halt, cache_misses = 132501
preemptive halt, cache_misses = 132501
preemptive halt, cache_misses = 132501
preemptive halt, cache_misses = 132501
preemptive halt, cache_misses = 132501
preemptive halt, cache_misses = 132501
preemptive halt, cache_misses = 132501
preemptive halt, cache_misses = 132501
preemptive halt, cache_misses = 132501
preemptive halt, cache_misses = 132501
preemptive halt, cache_misses = 132501
preemptive halt, cache_misses = 132501
preemptive halt, cache_misses = 132501
preemptive halt, cache_misses = 132501
preemptive halt, cache_misses = 132501
preemptive halt, cache_misses = 132501
preemptive halt, cache_misses = 132501
preemptive halt, cache_misses = 132501
preemptive halt, cache_misses = 132501
preemptive halt, cache_misses = 132501
preemptive halt, cache_misses = 132501
preemptive halt, cache_misses = 132501
preemptive halt, cache_misses = 132501
preemptive halt, cache_misses = 132501
preemptive halt, cache_misses = 132501
preemptive halt, cache_misses = 132501
preemptive halt, cache_misses = 132501
preemptive halt, cache_misses = 132501
preemptive halt, cache_misses = 132501
preemptive halt, cache_misses = 132501
preemptive halt, cache_misses = 132501
preemptive halt, cache_misses = 132501
preemptive halt, cache_misses = 132501
preemptive halt, cache_misses = 132501
preemptive halt, cache_misses = 132501
preemptive halt, cache_misses = 132501
preemptive halt, cache_misses = 132501
preemptive halt, cache_misses = 132501
preemptive halt, cache_misses = 132501
preemptive halt, cache_misses = 132501
preemptive halt, cache_misses = 132501
preemptive halt, cache_misses = 132501
preemptive halt, cache_misses = 132501
preemptive halt, cache_misses = 132501
preemptive halt, cache_misses = 132501
preemptive halt, cache_misses = 132501
preemptive halt, cache_misses = 132501
preemptive halt, cache_misses = 132501
preemptive halt, cache_misses = 132501
preemptive halt, cache_misses = 132501
preemptive halt, cache_misses = 132501
preemptive halt, cache_misses = 132501
preemptive halt, cache_misses = 132501
preemptive halt, cache_misses = 132501
preemptive halt, cache_misses = 132501
preemptive halt, cache_misses = 132501
preemptive halt, cache_misses = 132501
preemptive halt, cache_misses = 132501
preemptive halt, cache_misses = 132501
binary search, size 43730  misses 132501  min 43710  max 43750
binary search, size 43740  misses 132495  min 43730  max 43750
preemptive halt, cache_misses = 132496
preemptive halt, cache_misses = 132496
preemptive halt, cache_misses = 132496
preemptive halt, cache_misses = 132496
preemptive halt, cache_misses = 132496
preemptive halt, cache_misses = 132496
preemptive halt, cache_misses = 132496
preemptive halt, cache_misses = 132496
preemptive halt, cache_misses = 132496
preemptive halt, cache_misses = 132496
preemptive halt, cache_misses = 132496
preemptive halt, cache_misses = 132496
preemptive halt, cache_misses = 132496
preemptive halt, cache_misses = 132496
preemptive halt, cache_misses = 132496
preemptive halt, cache_misses = 132496
preemptive halt, cache_misses = 132496
preemptive halt, cache_misses = 132496
preemptive halt, cache_misses = 132496
preemptive halt, cache_misses = 132496
preemptive halt, cache_misses = 132496
preemptive halt, cache_misses = 132496
preemptive halt, cache_misses = 132496
preemptive halt, cache_misses = 132496
preemptive halt, cache_misses = 132496
preemptive halt, cache_misses = 132496
preemptive halt, cache_misses = 132496
preemptive halt, cache_misses = 132496
preemptive halt, cache_misses = 132496
preemptive halt, cache_misses = 132496
preemptive halt, cache_misses = 132496
preemptive halt, cache_misses = 132496
preemptive halt, cache_misses = 132496
preemptive halt, cache_misses = 132496
preemptive halt, cache_misses = 132496
preemptive halt, cache_misses = 132496
preemptive halt, cache_misses = 132496
preemptive halt, cache_misses = 132496
preemptive halt, cache_misses = 132496
preemptive halt, cache_misses = 132496
preemptive halt, cache_misses = 132496
preemptive halt, cache_misses = 132496
preemptive halt, cache_misses = 132496
preemptive halt, cache_misses = 132496
preemptive halt, cache_misses = 132496
preemptive halt, cache_misses = 132496
preemptive halt, cache_misses = 132496
preemptive halt, cache_misses = 132496
preemptive halt, cache_misses = 132496
preemptive halt, cache_misses = 132496
preemptive halt, cache_misses = 132496
preemptive halt, cache_misses = 132496
preemptive halt, cache_misses = 132496
preemptive halt, cache_misses = 132496
preemptive halt, cache_misses = 132496
preemptive halt, cache_misses = 132496
preemptive halt, cache_misses = 132496
preemptive halt, cache_misses = 132496
preemptive halt, cache_misses = 132496
preemptive halt, cache_misses = 132496
preemptive halt, cache_misses = 132496
preemptive halt, cache_misses = 132496
preemptive halt, cache_misses = 132496
preemptive halt, cache_misses = 132496
preemptive halt, cache_misses = 132496
preemptive halt, cache_misses = 132496
preemptive halt, cache_misses = 132496
preemptive halt, cache_misses = 132496
preemptive halt, cache_misses = 132496
preemptive halt, cache_misses = 132496
preemptive halt, cache_misses = 132496
preemptive halt, cache_misses = 132496
preemptive halt, cache_misses = 132496
preemptive halt, cache_misses = 132496
preemptive halt, cache_misses = 132496
preemptive halt, cache_misses = 132496
preemptive halt, cache_misses = 132496
preemptive halt, cache_misses = 132496
preemptive halt, cache_misses = 132496
preemptive halt, cache_misses = 132496
preemptive halt, cache_misses = 132496
preemptive halt, cache_misses = 132496
preemptive halt, cache_misses = 132496
preemptive halt, cache_misses = 132496
preemptive halt, cache_misses = 132496
preemptive halt, cache_misses = 132496
preemptive halt, cache_misses = 132496
preemptive halt, cache_misses = 132496
preemptive halt, cache_misses = 132496
preemptive halt, cache_misses = 132496
preemptive halt, cache_misses = 132496
preemptive halt, cache_misses = 132496
preemptive halt, cache_misses = 132496
preemptive halt, cache_misses = 132496
preemptive halt, cache_misses = 132496
preemptive halt, cache_misses = 132496
preemptive halt, cache_misses = 132496
preemptive halt, cache_misses = 132496
preemptive halt, cache_misses = 132496
preemptive halt, cache_misses = 132496
preemptive halt, cache_misses = 132496
preemptive halt, cache_misses = 132496
preemptive halt, cache_misses = 132496
preemptive halt, cache_misses = 132496
preemptive halt, cache_misses = 132496
preemptive halt, cache_misses = 132496
preemptive halt, cache_misses = 132496
preemptive halt, cache_misses = 132496
preemptive halt, cache_misses = 132496
preemptive halt, cache_misses = 132496
preemptive halt, cache_misses = 132496
preemptive halt, cache_misses = 132496
preemptive halt, cache_misses = 132496
preemptive halt, cache_misses = 132496
preemptive halt, cache_misses = 132496
preemptive halt, cache_misses = 132496
preemptive halt, cache_misses = 132496
preemptive halt, cache_misses = 132496
binary search, size 43735  misses 132496  min 43730  max 43740
preemptive halt, cache_misses = 132497
preemptive halt, cache_misses = 132497
preemptive halt, cache_misses = 132497
preemptive halt, cache_misses = 132497
preemptive halt, cache_misses = 132497
preemptive halt, cache_misses = 132497
preemptive halt, cache_misses = 132497
preemptive halt, cache_misses = 132497
preemptive halt, cache_misses = 132497
preemptive halt, cache_misses = 132497
preemptive halt, cache_misses = 132497
preemptive halt, cache_misses = 132497
preemptive halt, cache_misses = 132497
preemptive halt, cache_misses = 132497
preemptive halt, cache_misses = 132497
preemptive halt, cache_misses = 132497
preemptive halt, cache_misses = 132497
preemptive halt, cache_misses = 132497
preemptive halt, cache_misses = 132497
preemptive halt, cache_misses = 132497
preemptive halt, cache_misses = 132497
preemptive halt, cache_misses = 132497
preemptive halt, cache_misses = 132497
preemptive halt, cache_misses = 132497
preemptive halt, cache_misses = 132497
preemptive halt, cache_misses = 132497
preemptive halt, cache_misses = 132497
preemptive halt, cache_misses = 132497
preemptive halt, cache_misses = 132497
preemptive halt, cache_misses = 132497
preemptive halt, cache_misses = 132497
preemptive halt, cache_misses = 132497
preemptive halt, cache_misses = 132497
preemptive halt, cache_misses = 132497
preemptive halt, cache_misses = 132497
preemptive halt, cache_misses = 132497
preemptive halt, cache_misses = 132497
preemptive halt, cache_misses = 132497
preemptive halt, cache_misses = 132497
preemptive halt, cache_misses = 132497
preemptive halt, cache_misses = 132497
preemptive halt, cache_misses = 132497
preemptive halt, cache_misses = 132497
preemptive halt, cache_misses = 132497
preemptive halt, cache_misses = 132497
preemptive halt, cache_misses = 132497
preemptive halt, cache_misses = 132497
preemptive halt, cache_misses = 132497
preemptive halt, cache_misses = 132497
preemptive halt, cache_misses = 132497
preemptive halt, cache_misses = 132497
preemptive halt, cache_misses = 132497
preemptive halt, cache_misses = 132497
preemptive halt, cache_misses = 132497
preemptive halt, cache_misses = 132497
preemptive halt, cache_misses = 132497
preemptive halt, cache_misses = 132497
preemptive halt, cache_misses = 132497
preemptive halt, cache_misses = 132497
preemptive halt, cache_misses = 132497
preemptive halt, cache_misses = 132497
preemptive halt, cache_misses = 132497
preemptive halt, cache_misses = 132497
preemptive halt, cache_misses = 132497
preemptive halt, cache_misses = 132497
preemptive halt, cache_misses = 132497
preemptive halt, cache_misses = 132497
preemptive halt, cache_misses = 132497
preemptive halt, cache_misses = 132497
preemptive halt, cache_misses = 132497
preemptive halt, cache_misses = 132497
preemptive halt, cache_misses = 132497
preemptive halt, cache_misses = 132497
preemptive halt, cache_misses = 132497
preemptive halt, cache_misses = 132497
preemptive halt, cache_misses = 132497
preemptive halt, cache_misses = 132497
preemptive halt, cache_misses = 132497
preemptive halt, cache_misses = 132497
preemptive halt, cache_misses = 132497
preemptive halt, cache_misses = 132497
preemptive halt, cache_misses = 132497
preemptive halt, cache_misses = 132497
preemptive halt, cache_misses = 132497
preemptive halt, cache_misses = 132497
preemptive halt, cache_misses = 132497
preemptive halt, cache_misses = 132497
preemptive halt, cache_misses = 132497
preemptive halt, cache_misses = 132497
preemptive halt, cache_misses = 132497
preemptive halt, cache_misses = 132497
preemptive halt, cache_misses = 132497
preemptive halt, cache_misses = 132497
preemptive halt, cache_misses = 132497
preemptive halt, cache_misses = 132497
preemptive halt, cache_misses = 132497
preemptive halt, cache_misses = 132497
preemptive halt, cache_misses = 132497
preemptive halt, cache_misses = 132497
preemptive halt, cache_misses = 132497
preemptive halt, cache_misses = 132497
preemptive halt, cache_misses = 132497
preemptive halt, cache_misses = 132497
preemptive halt, cache_misses = 132497
preemptive halt, cache_misses = 132497
preemptive halt, cache_misses = 132497
preemptive halt, cache_misses = 132497
preemptive halt, cache_misses = 132497
preemptive halt, cache_misses = 132497
preemptive halt, cache_misses = 132497
preemptive halt, cache_misses = 132497
preemptive halt, cache_misses = 132497
preemptive halt, cache_misses = 132497
preemptive halt, cache_misses = 132497
preemptive halt, cache_misses = 132497
preemptive halt, cache_misses = 132497
preemptive halt, cache_misses = 132497
preemptive halt, cache_misses = 132497
preemptive halt, cache_misses = 132497
preemptive halt, cache_misses = 132497
binary search, size 43737  misses 132497  min 43735  max 43740
binary search, size 43738  misses 132495  min 43737  max 43740
characteristic cache size (binary search) for 363 = 43738
End at: 2021-04-02 16:08:38.244056
Time elapsed: 0:00:02.328240
