Begin at: 2021-04-02 16:05:00.827792
['../dist/Debug/GNU-Linux/memo_batch_tester', '', '--mbt_execution_trace_fname', 'olcs4_traceback_csize_input_types/OLCS4_lru_2021_04_02__16_03_24_k_3__d_2_cache_size_160000_problems_10_to_400/OLCS4_lru_2021_04_02__16_03_24_k_3__d_2_cache_size_160000_problems_10_to_400/OLCS4__do_traceback_prob_size_236_cache_size_160000_lru_k_3_d_2_execution_trace_2021_4_2_16_5_0_pid_20848.log', '--mbt_cache_misses_fname', 'olcs4_traceback_csize_input_types/OLCS4_lru_2021_04_02__16_03_24_k_3__d_2_cache_size_160000_problems_10_to_400/lcs_cost_OLCS4_lru_misses_for_cache_size.csv', '--mbt_misses_for_problem_size_fname', 'olcs4_traceback_csize_input_types/OLCS4_lru_2021_04_02__16_03_24_k_3__d_2_cache_size_160000_problems_10_to_400/lcs_cost_OLCS4_lru_misses_for_problem_size.csv', '--mbt_exact_cutoff_min_cache_size', '160000', '--mbt_exact_cutoff_max_cache_size', '160000', '--mbt_problem_type', 'lcs', '--mbt_metric_type', 'csize_binary_search', '--mbt_cutoff_ratio', '2.2', '--mbt_instance_fname', '236', '--mbt_detailed_cache_misses_out_fname', 'csize_olcs4_traceback_0011n_ceil_n_b_6.csv', '--mbt_phi_N', '5.0', '--mbt_problem_size', '236', '--lcs_compute_length', '0', '--lcs_perform_traceback', '1', '--lig_instance_type', '0011n_ceil_n_b', '--lig_n', '236', '--lig_c', '0.9', '--lig_b', '6.0', '--lcs_oblivious', '4', '--lcs_execution_trace_fname', 'olcs4_traceback_csize_input_types/OLCS4_lru_2021_04_02__16_03_24_k_3__d_2_cache_size_160000_problems_10_to_400/OLCS4_lru_2021_04_02__16_03_24_k_3__d_2_cache_size_160000_problems_10_to_400/OLCS4__do_traceback_prob_size_236_cache_size_160000_lru_k_3_d_2_execution_trace_2021_4_2_16_5_0_pid_20848.log', '--memo_caching_strategy', 'lru', '--memo_cache_size', '160001', '--memo_lru_queue_size', '160000', '--memo_cuckoo_k', '4', '--memo_key_length', '8', '--memo_value_length', '8', '--memo_k_timestamps', '3', '--memo_d_recent_timestamps', '2', '--memo_a_items_per_timestamp_factor', '0.4375']

csize_binary_search chosen
lcs problem_type lcs cache_size 160001
initialize_long_int_cache begin
init_memo
arguments to memo:
 --mbt_execution_trace_fname olcs4_traceback_csize_input_types/OLCS4_lru_2021_04_02__16_03_24_k_3__d_2_cache_size_160000_problems_10_to_400/OLCS4_lru_2021_04_02__16_03_24_k_3__d_2_cache_size_160000_problems_10_to_400/OLCS4__do_traceback_prob_size_236_cache_size_160000_lru_k_3_d_2_execution_trace_2021_4_2_16_5_0_pid_20848.log --mbt_cache_misses_fname olcs4_traceback_csize_input_types/OLCS4_lru_2021_04_02__16_03_24_k_3__d_2_cache_size_160000_problems_10_to_400/lcs_cost_OLCS4_lru_misses_for_cache_size.csv --mbt_misses_for_problem_size_fname olcs4_traceback_csize_input_types/OLCS4_lru_2021_04_02__16_03_24_k_3__d_2_cache_size_160000_problems_10_to_400/lcs_cost_OLCS4_lru_misses_for_problem_size.csv --mbt_exact_cutoff_min_cache_size 160000 --mbt_exact_cutoff_max_cache_size 160000 --mbt_problem_type lcs --mbt_metric_type csize_binary_search --mbt_cutoff_ratio 2.2 --mbt_instance_fname 236 --mbt_detailed_cache_misses_out_fname csize_olcs4_traceback_0011n_ceil_n_b_6.csv --mbt_phi_N 5.0 --mbt_problem_size 236 --lcs_compute_length 0 --lcs_perform_traceback 1 --lig_instance_type 0011n_ceil_n_b --lig_n 236 --lig_c 0.9 --lig_b 6.0 --lcs_oblivious 4 --lcs_execution_trace_fname olcs4_traceback_csize_input_types/OLCS4_lru_2021_04_02__16_03_24_k_3__d_2_cache_size_160000_problems_10_to_400/OLCS4_lru_2021_04_02__16_03_24_k_3__d_2_cache_size_160000_problems_10_to_400/OLCS4__do_traceback_prob_size_236_cache_size_160000_lru_k_3_d_2_execution_trace_2021_4_2_16_5_0_pid_20848.log --memo_caching_strategy lru --memo_cache_size 160001 --memo_lru_queue_size 160000 --memo_cuckoo_k 4 --memo_key_length 8 --memo_value_length 8 --memo_k_timestamps 3 --memo_d_recent_timestamps 2 --memo_a_items_per_timestamp_factor 0.4375 
calculate_table_size: table_size is 262144, original is 160001
Finished initializing cache
initialize_long_int_cache end
done initializing cache
initializing problem
done initializing problem
commence trials
Starting characteristic_cache_size_binary_search with max cache size 160001
binary search, size 160001  misses 56168
binary search, size 80000  misses 56168  min 0  max 160001
binary search, size 40000  misses 56168  min 0  max 80000
binary search, size 20000  misses 56168  min 0  max 40000
preemptive halt, cache_misses = 56169
preemptive halt, cache_misses = 56169
preemptive halt, cache_misses = 56169
preemptive halt, cache_misses = 56169
preemptive halt, cache_misses = 56169
preemptive halt, cache_misses = 56169
preemptive halt, cache_misses = 56169
preemptive halt, cache_misses = 56169
preemptive halt, cache_misses = 56169
preemptive halt, cache_misses = 56169
preemptive halt, cache_misses = 56169
preemptive halt, cache_misses = 56169
preemptive halt, cache_misses = 56169
preemptive halt, cache_misses = 56169
preemptive halt, cache_misses = 56169
preemptive halt, cache_misses = 56169
preemptive halt, cache_misses = 56169
preemptive halt, cache_misses = 56169
preemptive halt, cache_misses = 56169
preemptive halt, cache_misses = 56169
preemptive halt, cache_misses = 56169
preemptive halt, cache_misses = 56169
preemptive halt, cache_misses = 56169
preemptive halt, cache_misses = 56169
preemptive halt, cache_misses = 56169
preemptive halt, cache_misses = 56169
preemptive halt, cache_misses = 56169
preemptive halt, cache_misses = 56169
preemptive halt, cache_misses = 56169
preemptive halt, cache_misses = 56169
preemptive halt, cache_misses = 56169
preemptive halt, cache_misses = 56169
preemptive halt, cache_misses = 56169
preemptive halt, cache_misses = 56169
preemptive halt, cache_misses = 56169
preemptive halt, cache_misses = 56169
preemptive halt, cache_misses = 56169
preemptive halt, cache_misses = 56169
preemptive halt, cache_misses = 56169
preemptive halt, cache_misses = 56169
preemptive halt, cache_misses = 56169
preemptive halt, cache_misses = 56169
preemptive halt, cache_misses = 56169
preemptive halt, cache_misses = 56169
preemptive halt, cache_misses = 56169
preemptive halt, cache_misses = 56169
preemptive halt, cache_misses = 56169
preemptive halt, cache_misses = 56169
preemptive halt, cache_misses = 56169
preemptive halt, cache_misses = 56169
preemptive halt, cache_misses = 56169
preemptive halt, cache_misses = 56169
preemptive halt, cache_misses = 56169
preemptive halt, cache_misses = 56169
preemptive halt, cache_misses = 56169
preemptive halt, cache_misses = 56169
preemptive halt, cache_misses = 56169
preemptive halt, cache_misses = 56169
preemptive halt, cache_misses = 56169
preemptive halt, cache_misses = 56169
preemptive halt, cache_misses = 56169
preemptive halt, cache_misses = 56169
preemptive halt, cache_misses = 56169
preemptive halt, cache_misses = 56169
preemptive halt, cache_misses = 56169
preemptive halt, cache_misses = 56169
preemptive halt, cache_misses = 56169
preemptive halt, cache_misses = 56169
preemptive halt, cache_misses = 56169
preemptive halt, cache_misses = 56169
preemptive halt, cache_misses = 56169
preemptive halt, cache_misses = 56169
preemptive halt, cache_misses = 56169
preemptive halt, cache_misses = 56169
binary search, size 10000  misses 56169  min 0  max 20000
preemptive halt, cache_misses = 56170
preemptive halt, cache_misses = 56170
preemptive halt, cache_misses = 56170
preemptive halt, cache_misses = 56170
preemptive halt, cache_misses = 56170
preemptive halt, cache_misses = 56170
preemptive halt, cache_misses = 56170
preemptive halt, cache_misses = 56170
preemptive halt, cache_misses = 56170
preemptive halt, cache_misses = 56170
preemptive halt, cache_misses = 56170
preemptive halt, cache_misses = 56170
preemptive halt, cache_misses = 56170
preemptive halt, cache_misses = 56170
preemptive halt, cache_misses = 56170
preemptive halt, cache_misses = 56170
preemptive halt, cache_misses = 56170
preemptive halt, cache_misses = 56170
preemptive halt, cache_misses = 56170
preemptive halt, cache_misses = 56170
preemptive halt, cache_misses = 56170
preemptive halt, cache_misses = 56170
preemptive halt, cache_misses = 56170
preemptive halt, cache_misses = 56170
preemptive halt, cache_misses = 56170
preemptive halt, cache_misses = 56170
preemptive halt, cache_misses = 56170
preemptive halt, cache_misses = 56170
preemptive halt, cache_misses = 56170
preemptive halt, cache_misses = 56170
preemptive halt, cache_misses = 56170
preemptive halt, cache_misses = 56170
preemptive halt, cache_misses = 56170
preemptive halt, cache_misses = 56170
preemptive halt, cache_misses = 56170
preemptive halt, cache_misses = 56170
preemptive halt, cache_misses = 56170
preemptive halt, cache_misses = 56170
preemptive halt, cache_misses = 56170
preemptive halt, cache_misses = 56170
preemptive halt, cache_misses = 56170
preemptive halt, cache_misses = 56170
preemptive halt, cache_misses = 56170
preemptive halt, cache_misses = 56170
preemptive halt, cache_misses = 56170
preemptive halt, cache_misses = 56170
preemptive halt, cache_misses = 56170
preemptive halt, cache_misses = 56170
preemptive halt, cache_misses = 56170
preemptive halt, cache_misses = 56170
preemptive halt, cache_misses = 56170
preemptive halt, cache_misses = 56170
preemptive halt, cache_misses = 56170
preemptive halt, cache_misses = 56170
preemptive halt, cache_misses = 56170
preemptive halt, cache_misses = 56170
preemptive halt, cache_misses = 56170
preemptive halt, cache_misses = 56170
preemptive halt, cache_misses = 56170
preemptive halt, cache_misses = 56170
preemptive halt, cache_misses = 56170
preemptive halt, cache_misses = 56170
preemptive halt, cache_misses = 56170
preemptive halt, cache_misses = 56170
preemptive halt, cache_misses = 56170
preemptive halt, cache_misses = 56170
preemptive halt, cache_misses = 56170
preemptive halt, cache_misses = 56170
preemptive halt, cache_misses = 56170
preemptive halt, cache_misses = 56170
preemptive halt, cache_misses = 56170
preemptive halt, cache_misses = 56170
preemptive halt, cache_misses = 56170
preemptive halt, cache_misses = 56170
preemptive halt, cache_misses = 56170
preemptive halt, cache_misses = 56170
binary search, size 15000  misses 56170  min 10000  max 20000
preemptive halt, cache_misses = 56171
preemptive halt, cache_misses = 56171
preemptive halt, cache_misses = 56171
preemptive halt, cache_misses = 56171
preemptive halt, cache_misses = 56171
preemptive halt, cache_misses = 56171
preemptive halt, cache_misses = 56171
preemptive halt, cache_misses = 56171
preemptive halt, cache_misses = 56171
preemptive halt, cache_misses = 56171
preemptive halt, cache_misses = 56171
preemptive halt, cache_misses = 56171
preemptive halt, cache_misses = 56171
preemptive halt, cache_misses = 56171
preemptive halt, cache_misses = 56171
preemptive halt, cache_misses = 56171
preemptive halt, cache_misses = 56171
preemptive halt, cache_misses = 56171
preemptive halt, cache_misses = 56171
preemptive halt, cache_misses = 56171
preemptive halt, cache_misses = 56171
preemptive halt, cache_misses = 56171
preemptive halt, cache_misses = 56171
preemptive halt, cache_misses = 56171
preemptive halt, cache_misses = 56171
preemptive halt, cache_misses = 56171
preemptive halt, cache_misses = 56171
preemptive halt, cache_misses = 56171
preemptive halt, cache_misses = 56171
preemptive halt, cache_misses = 56171
preemptive halt, cache_misses = 56171
preemptive halt, cache_misses = 56171
preemptive halt, cache_misses = 56171
preemptive halt, cache_misses = 56171
preemptive halt, cache_misses = 56171
preemptive halt, cache_misses = 56171
preemptive halt, cache_misses = 56171
preemptive halt, cache_misses = 56171
preemptive halt, cache_misses = 56171
preemptive halt, cache_misses = 56171
preemptive halt, cache_misses = 56171
preemptive halt, cache_misses = 56171
preemptive halt, cache_misses = 56171
preemptive halt, cache_misses = 56171
preemptive halt, cache_misses = 56171
preemptive halt, cache_misses = 56171
preemptive halt, cache_misses = 56171
preemptive halt, cache_misses = 56171
preemptive halt, cache_misses = 56171
preemptive halt, cache_misses = 56171
preemptive halt, cache_misses = 56171
preemptive halt, cache_misses = 56171
preemptive halt, cache_misses = 56171
preemptive halt, cache_misses = 56171
preemptive halt, cache_misses = 56171
preemptive halt, cache_misses = 56171
preemptive halt, cache_misses = 56171
preemptive halt, cache_misses = 56171
preemptive halt, cache_misses = 56171
preemptive halt, cache_misses = 56171
preemptive halt, cache_misses = 56171
preemptive halt, cache_misses = 56171
preemptive halt, cache_misses = 56171
preemptive halt, cache_misses = 56171
preemptive halt, cache_misses = 56171
preemptive halt, cache_misses = 56171
preemptive halt, cache_misses = 56171
preemptive halt, cache_misses = 56171
preemptive halt, cache_misses = 56171
preemptive halt, cache_misses = 56171
preemptive halt, cache_misses = 56171
preemptive halt, cache_misses = 56171
preemptive halt, cache_misses = 56171
preemptive halt, cache_misses = 56171
preemptive halt, cache_misses = 56171
preemptive halt, cache_misses = 56171
preemptive halt, cache_misses = 56171
preemptive halt, cache_misses = 56171
binary search, size 17500  misses 56171  min 15000  max 20000
binary search, size 18750  misses 56168  min 17500  max 20000
preemptive halt, cache_misses = 56169
preemptive halt, cache_misses = 56169
preemptive halt, cache_misses = 56169
preemptive halt, cache_misses = 56169
preemptive halt, cache_misses = 56169
preemptive halt, cache_misses = 56169
preemptive halt, cache_misses = 56169
preemptive halt, cache_misses = 56169
preemptive halt, cache_misses = 56169
preemptive halt, cache_misses = 56169
preemptive halt, cache_misses = 56169
preemptive halt, cache_misses = 56169
preemptive halt, cache_misses = 56169
preemptive halt, cache_misses = 56169
preemptive halt, cache_misses = 56169
preemptive halt, cache_misses = 56169
preemptive halt, cache_misses = 56169
preemptive halt, cache_misses = 56169
preemptive halt, cache_misses = 56169
preemptive halt, cache_misses = 56169
preemptive halt, cache_misses = 56169
preemptive halt, cache_misses = 56169
preemptive halt, cache_misses = 56169
preemptive halt, cache_misses = 56169
preemptive halt, cache_misses = 56169
preemptive halt, cache_misses = 56169
preemptive halt, cache_misses = 56169
preemptive halt, cache_misses = 56169
preemptive halt, cache_misses = 56169
preemptive halt, cache_misses = 56169
preemptive halt, cache_misses = 56169
preemptive halt, cache_misses = 56169
preemptive halt, cache_misses = 56169
preemptive halt, cache_misses = 56169
preemptive halt, cache_misses = 56169
preemptive halt, cache_misses = 56169
preemptive halt, cache_misses = 56169
preemptive halt, cache_misses = 56169
preemptive halt, cache_misses = 56169
preemptive halt, cache_misses = 56169
preemptive halt, cache_misses = 56169
preemptive halt, cache_misses = 56169
preemptive halt, cache_misses = 56169
preemptive halt, cache_misses = 56169
preemptive halt, cache_misses = 56169
preemptive halt, cache_misses = 56169
preemptive halt, cache_misses = 56169
preemptive halt, cache_misses = 56169
preemptive halt, cache_misses = 56169
preemptive halt, cache_misses = 56169
preemptive halt, cache_misses = 56169
preemptive halt, cache_misses = 56169
preemptive halt, cache_misses = 56169
preemptive halt, cache_misses = 56169
preemptive halt, cache_misses = 56169
preemptive halt, cache_misses = 56169
preemptive halt, cache_misses = 56169
preemptive halt, cache_misses = 56169
preemptive halt, cache_misses = 56169
preemptive halt, cache_misses = 56169
preemptive halt, cache_misses = 56169
preemptive halt, cache_misses = 56169
preemptive halt, cache_misses = 56169
preemptive halt, cache_misses = 56169
preemptive halt, cache_misses = 56169
preemptive halt, cache_misses = 56169
preemptive halt, cache_misses = 56169
preemptive halt, cache_misses = 56169
preemptive halt, cache_misses = 56169
preemptive halt, cache_misses = 56169
preemptive halt, cache_misses = 56169
preemptive halt, cache_misses = 56169
preemptive halt, cache_misses = 56169
preemptive halt, cache_misses = 56169
binary search, size 18125  misses 56169  min 17500  max 18750
binary search, size 18437  misses 56168  min 18125  max 18750
preemptive halt, cache_misses = 56169
preemptive halt, cache_misses = 56169
preemptive halt, cache_misses = 56169
preemptive halt, cache_misses = 56169
preemptive halt, cache_misses = 56169
preemptive halt, cache_misses = 56169
preemptive halt, cache_misses = 56169
preemptive halt, cache_misses = 56169
preemptive halt, cache_misses = 56169
preemptive halt, cache_misses = 56169
preemptive halt, cache_misses = 56169
preemptive halt, cache_misses = 56169
preemptive halt, cache_misses = 56169
preemptive halt, cache_misses = 56169
preemptive halt, cache_misses = 56169
preemptive halt, cache_misses = 56169
preemptive halt, cache_misses = 56169
preemptive halt, cache_misses = 56169
preemptive halt, cache_misses = 56169
preemptive halt, cache_misses = 56169
preemptive halt, cache_misses = 56169
preemptive halt, cache_misses = 56169
preemptive halt, cache_misses = 56169
preemptive halt, cache_misses = 56169
preemptive halt, cache_misses = 56169
preemptive halt, cache_misses = 56169
preemptive halt, cache_misses = 56169
preemptive halt, cache_misses = 56169
preemptive halt, cache_misses = 56169
preemptive halt, cache_misses = 56169
preemptive halt, cache_misses = 56169
preemptive halt, cache_misses = 56169
preemptive halt, cache_misses = 56169
preemptive halt, cache_misses = 56169
preemptive halt, cache_misses = 56169
preemptive halt, cache_misses = 56169
preemptive halt, cache_misses = 56169
preemptive halt, cache_misses = 56169
preemptive halt, cache_misses = 56169
preemptive halt, cache_misses = 56169
preemptive halt, cache_misses = 56169
preemptive halt, cache_misses = 56169
preemptive halt, cache_misses = 56169
preemptive halt, cache_misses = 56169
preemptive halt, cache_misses = 56169
preemptive halt, cache_misses = 56169
preemptive halt, cache_misses = 56169
preemptive halt, cache_misses = 56169
preemptive halt, cache_misses = 56169
preemptive halt, cache_misses = 56169
preemptive halt, cache_misses = 56169
preemptive halt, cache_misses = 56169
preemptive halt, cache_misses = 56169
preemptive halt, cache_misses = 56169
preemptive halt, cache_misses = 56169
preemptive halt, cache_misses = 56169
preemptive halt, cache_misses = 56169
preemptive halt, cache_misses = 56169
preemptive halt, cache_misses = 56169
preemptive halt, cache_misses = 56169
preemptive halt, cache_misses = 56169
preemptive halt, cache_misses = 56169
preemptive halt, cache_misses = 56169
preemptive halt, cache_misses = 56169
preemptive halt, cache_misses = 56169
preemptive halt, cache_misses = 56169
preemptive halt, cache_misses = 56169
preemptive halt, cache_misses = 56169
preemptive halt, cache_misses = 56169
preemptive halt, cache_misses = 56169
preemptive halt, cache_misses = 56169
preemptive halt, cache_misses = 56169
preemptive halt, cache_misses = 56169
preemptive halt, cache_misses = 56169
binary search, size 18281  misses 56169  min 18125  max 18437
binary search, size 18359  misses 56168  min 18281  max 18437
binary search, size 18320  misses 56168  min 18281  max 18359
binary search, size 18300  misses 56168  min 18281  max 18320
binary search, size 18290  misses 56168  min 18281  max 18300
binary search, size 18285  misses 56168  min 18281  max 18290
preemptive halt, cache_misses = 56169
preemptive halt, cache_misses = 56169
preemptive halt, cache_misses = 56169
preemptive halt, cache_misses = 56169
preemptive halt, cache_misses = 56169
preemptive halt, cache_misses = 56169
preemptive halt, cache_misses = 56169
preemptive halt, cache_misses = 56169
preemptive halt, cache_misses = 56169
preemptive halt, cache_misses = 56169
preemptive halt, cache_misses = 56169
preemptive halt, cache_misses = 56169
preemptive halt, cache_misses = 56169
preemptive halt, cache_misses = 56169
preemptive halt, cache_misses = 56169
preemptive halt, cache_misses = 56169
preemptive halt, cache_misses = 56169
preemptive halt, cache_misses = 56169
preemptive halt, cache_misses = 56169
preemptive halt, cache_misses = 56169
preemptive halt, cache_misses = 56169
preemptive halt, cache_misses = 56169
preemptive halt, cache_misses = 56169
preemptive halt, cache_misses = 56169
preemptive halt, cache_misses = 56169
preemptive halt, cache_misses = 56169
preemptive halt, cache_misses = 56169
preemptive halt, cache_misses = 56169
preemptive halt, cache_misses = 56169
preemptive halt, cache_misses = 56169
preemptive halt, cache_misses = 56169
preemptive halt, cache_misses = 56169
preemptive halt, cache_misses = 56169
preemptive halt, cache_misses = 56169
preemptive halt, cache_misses = 56169
preemptive halt, cache_misses = 56169
preemptive halt, cache_misses = 56169
preemptive halt, cache_misses = 56169
preemptive halt, cache_misses = 56169
preemptive halt, cache_misses = 56169
preemptive halt, cache_misses = 56169
preemptive halt, cache_misses = 56169
preemptive halt, cache_misses = 56169
preemptive halt, cache_misses = 56169
preemptive halt, cache_misses = 56169
preemptive halt, cache_misses = 56169
preemptive halt, cache_misses = 56169
preemptive halt, cache_misses = 56169
preemptive halt, cache_misses = 56169
preemptive halt, cache_misses = 56169
preemptive halt, cache_misses = 56169
preemptive halt, cache_misses = 56169
preemptive halt, cache_misses = 56169
preemptive halt, cache_misses = 56169
preemptive halt, cache_misses = 56169
preemptive halt, cache_misses = 56169
preemptive halt, cache_misses = 56169
preemptive halt, cache_misses = 56169
preemptive halt, cache_misses = 56169
preemptive halt, cache_misses = 56169
preemptive halt, cache_misses = 56169
preemptive halt, cache_misses = 56169
preemptive halt, cache_misses = 56169
preemptive halt, cache_misses = 56169
preemptive halt, cache_misses = 56169
preemptive halt, cache_misses = 56169
preemptive halt, cache_misses = 56169
preemptive halt, cache_misses = 56169
preemptive halt, cache_misses = 56169
preemptive halt, cache_misses = 56169
preemptive halt, cache_misses = 56169
preemptive halt, cache_misses = 56169
preemptive halt, cache_misses = 56169
preemptive halt, cache_misses = 56169
binary search, size 18283  misses 56169  min 18281  max 18285
preemptive halt, cache_misses = 56170
preemptive halt, cache_misses = 56170
preemptive halt, cache_misses = 56170
preemptive halt, cache_misses = 56170
preemptive halt, cache_misses = 56170
preemptive halt, cache_misses = 56170
preemptive halt, cache_misses = 56170
preemptive halt, cache_misses = 56170
preemptive halt, cache_misses = 56170
preemptive halt, cache_misses = 56170
preemptive halt, cache_misses = 56170
preemptive halt, cache_misses = 56170
preemptive halt, cache_misses = 56170
preemptive halt, cache_misses = 56170
preemptive halt, cache_misses = 56170
preemptive halt, cache_misses = 56170
preemptive halt, cache_misses = 56170
preemptive halt, cache_misses = 56170
preemptive halt, cache_misses = 56170
preemptive halt, cache_misses = 56170
preemptive halt, cache_misses = 56170
preemptive halt, cache_misses = 56170
preemptive halt, cache_misses = 56170
preemptive halt, cache_misses = 56170
preemptive halt, cache_misses = 56170
preemptive halt, cache_misses = 56170
preemptive halt, cache_misses = 56170
preemptive halt, cache_misses = 56170
preemptive halt, cache_misses = 56170
preemptive halt, cache_misses = 56170
preemptive halt, cache_misses = 56170
preemptive halt, cache_misses = 56170
preemptive halt, cache_misses = 56170
preemptive halt, cache_misses = 56170
preemptive halt, cache_misses = 56170
preemptive halt, cache_misses = 56170
preemptive halt, cache_misses = 56170
preemptive halt, cache_misses = 56170
preemptive halt, cache_misses = 56170
preemptive halt, cache_misses = 56170
preemptive halt, cache_misses = 56170
preemptive halt, cache_misses = 56170
preemptive halt, cache_misses = 56170
preemptive halt, cache_misses = 56170
preemptive halt, cache_misses = 56170
preemptive halt, cache_misses = 56170
preemptive halt, cache_misses = 56170
preemptive halt, cache_misses = 56170
preemptive halt, cache_misses = 56170
preemptive halt, cache_misses = 56170
preemptive halt, cache_misses = 56170
preemptive halt, cache_misses = 56170
preemptive halt, cache_misses = 56170
preemptive halt, cache_misses = 56170
preemptive halt, cache_misses = 56170
preemptive halt, cache_misses = 56170
preemptive halt, cache_misses = 56170
preemptive halt, cache_misses = 56170
preemptive halt, cache_misses = 56170
preemptive halt, cache_misses = 56170
preemptive halt, cache_misses = 56170
preemptive halt, cache_misses = 56170
preemptive halt, cache_misses = 56170
preemptive halt, cache_misses = 56170
preemptive halt, cache_misses = 56170
preemptive halt, cache_misses = 56170
preemptive halt, cache_misses = 56170
preemptive halt, cache_misses = 56170
preemptive halt, cache_misses = 56170
preemptive halt, cache_misses = 56170
preemptive halt, cache_misses = 56170
preemptive halt, cache_misses = 56170
preemptive halt, cache_misses = 56170
preemptive halt, cache_misses = 56170
preemptive halt, cache_misses = 56170
preemptive halt, cache_misses = 56170
binary search, size 18284  misses 56170  min 18283  max 18285
characteristic cache size (binary search) for 236 = 18285
End at: 2021-04-02 16:05:01.869399
Time elapsed: 0:00:01.041625
