Begin at: 2021-04-02 15:37:11.498558
['../dist/Debug/GNU-Linux/memo_batch_tester', '', '--mbt_execution_trace_fname', 'olcs4_traceback_csize_input_types/OLCS4_lru_2021_04_02__15_36_11_k_3__d_2_cache_size_160000_problems_10_to_400/OLCS4_lru_2021_04_02__15_36_11_k_3__d_2_cache_size_160000_problems_10_to_400/OLCS4__do_traceback_prob_size_196_cache_size_160000_lru_k_3_d_2_execution_trace_2021_4_2_15_37_11_pid_18213.log', '--mbt_cache_misses_fname', 'olcs4_traceback_csize_input_types/OLCS4_lru_2021_04_02__15_36_11_k_3__d_2_cache_size_160000_problems_10_to_400/lcs_cost_OLCS4_lru_misses_for_cache_size.csv', '--mbt_misses_for_problem_size_fname', 'olcs4_traceback_csize_input_types/OLCS4_lru_2021_04_02__15_36_11_k_3__d_2_cache_size_160000_problems_10_to_400/lcs_cost_OLCS4_lru_misses_for_problem_size.csv', '--mbt_exact_cutoff_min_cache_size', '160000', '--mbt_exact_cutoff_max_cache_size', '160000', '--mbt_problem_type', 'lcs', '--mbt_metric_type', 'csize_binary_search', '--mbt_cutoff_ratio', '2.2', '--mbt_instance_fname', '196', '--mbt_detailed_cache_misses_out_fname', 'csize_olcs4_traceback_0011n_ceil_n_b_3.csv', '--mbt_phi_N', '5.0', '--mbt_problem_size', '196', '--lcs_compute_length', '0', '--lcs_perform_traceback', '1', '--lig_instance_type', '0011n_ceil_n_b', '--lig_n', '196', '--lig_c', '0.9', '--lig_b', '3.0', '--lcs_oblivious', '4', '--lcs_execution_trace_fname', 'olcs4_traceback_csize_input_types/OLCS4_lru_2021_04_02__15_36_11_k_3__d_2_cache_size_160000_problems_10_to_400/OLCS4_lru_2021_04_02__15_36_11_k_3__d_2_cache_size_160000_problems_10_to_400/OLCS4__do_traceback_prob_size_196_cache_size_160000_lru_k_3_d_2_execution_trace_2021_4_2_15_37_11_pid_18213.log', '--memo_caching_strategy', 'lru', '--memo_cache_size', '160001', '--memo_lru_queue_size', '160000', '--memo_cuckoo_k', '4', '--memo_key_length', '8', '--memo_value_length', '8', '--memo_k_timestamps', '3', '--memo_d_recent_timestamps', '2', '--memo_a_items_per_timestamp_factor', '0.4375']

csize_binary_search chosen
lcs problem_type lcs cache_size 160001
initialize_long_int_cache begin
init_memo
arguments to memo:
 --mbt_execution_trace_fname olcs4_traceback_csize_input_types/OLCS4_lru_2021_04_02__15_36_11_k_3__d_2_cache_size_160000_problems_10_to_400/OLCS4_lru_2021_04_02__15_36_11_k_3__d_2_cache_size_160000_problems_10_to_400/OLCS4__do_traceback_prob_size_196_cache_size_160000_lru_k_3_d_2_execution_trace_2021_4_2_15_37_11_pid_18213.log --mbt_cache_misses_fname olcs4_traceback_csize_input_types/OLCS4_lru_2021_04_02__15_36_11_k_3__d_2_cache_size_160000_problems_10_to_400/lcs_cost_OLCS4_lru_misses_for_cache_size.csv --mbt_misses_for_problem_size_fname olcs4_traceback_csize_input_types/OLCS4_lru_2021_04_02__15_36_11_k_3__d_2_cache_size_160000_problems_10_to_400/lcs_cost_OLCS4_lru_misses_for_problem_size.csv --mbt_exact_cutoff_min_cache_size 160000 --mbt_exact_cutoff_max_cache_size 160000 --mbt_problem_type lcs --mbt_metric_type csize_binary_search --mbt_cutoff_ratio 2.2 --mbt_instance_fname 196 --mbt_detailed_cache_misses_out_fname csize_olcs4_traceback_0011n_ceil_n_b_3.csv --mbt_phi_N 5.0 --mbt_problem_size 196 --lcs_compute_length 0 --lcs_perform_traceback 1 --lig_instance_type 0011n_ceil_n_b --lig_n 196 --lig_c 0.9 --lig_b 3.0 --lcs_oblivious 4 --lcs_execution_trace_fname olcs4_traceback_csize_input_types/OLCS4_lru_2021_04_02__15_36_11_k_3__d_2_cache_size_160000_problems_10_to_400/OLCS4_lru_2021_04_02__15_36_11_k_3__d_2_cache_size_160000_problems_10_to_400/OLCS4__do_traceback_prob_size_196_cache_size_160000_lru_k_3_d_2_execution_trace_2021_4_2_15_37_11_pid_18213.log --memo_caching_strategy lru --memo_cache_size 160001 --memo_lru_queue_size 160000 --memo_cuckoo_k 4 --memo_key_length 8 --memo_value_length 8 --memo_k_timestamps 3 --memo_d_recent_timestamps 2 --memo_a_items_per_timestamp_factor 0.4375 
calculate_table_size: table_size is 262144, original is 160001
Finished initializing cache
initialize_long_int_cache end
done initializing cache
initializing problem
done initializing problem
commence trials
Starting characteristic_cache_size_binary_search with max cache size 160001
binary search, size 160001  misses 38808
binary search, size 80000  misses 38808  min 0  max 160001
binary search, size 40000  misses 38808  min 0  max 80000
preemptive halt, cache_misses = 38809
preemptive halt, cache_misses = 38809
preemptive halt, cache_misses = 38809
preemptive halt, cache_misses = 38809
preemptive halt, cache_misses = 38809
preemptive halt, cache_misses = 38809
preemptive halt, cache_misses = 38809
preemptive halt, cache_misses = 38809
preemptive halt, cache_misses = 38809
preemptive halt, cache_misses = 38809
preemptive halt, cache_misses = 38809
preemptive halt, cache_misses = 38809
preemptive halt, cache_misses = 38809
preemptive halt, cache_misses = 38809
preemptive halt, cache_misses = 38809
preemptive halt, cache_misses = 38809
preemptive halt, cache_misses = 38809
preemptive halt, cache_misses = 38809
preemptive halt, cache_misses = 38809
preemptive halt, cache_misses = 38809
preemptive halt, cache_misses = 38809
preemptive halt, cache_misses = 38809
preemptive halt, cache_misses = 38809
preemptive halt, cache_misses = 38809
preemptive halt, cache_misses = 38809
preemptive halt, cache_misses = 38809
preemptive halt, cache_misses = 38809
preemptive halt, cache_misses = 38809
preemptive halt, cache_misses = 38809
preemptive halt, cache_misses = 38809
preemptive halt, cache_misses = 38809
preemptive halt, cache_misses = 38809
preemptive halt, cache_misses = 38809
preemptive halt, cache_misses = 38809
preemptive halt, cache_misses = 38809
preemptive halt, cache_misses = 38809
preemptive halt, cache_misses = 38809
preemptive halt, cache_misses = 38809
preemptive halt, cache_misses = 38809
preemptive halt, cache_misses = 38809
preemptive halt, cache_misses = 38809
preemptive halt, cache_misses = 38809
preemptive halt, cache_misses = 38809
preemptive halt, cache_misses = 38809
preemptive halt, cache_misses = 38809
preemptive halt, cache_misses = 38809
preemptive halt, cache_misses = 38809
preemptive halt, cache_misses = 38809
preemptive halt, cache_misses = 38809
preemptive halt, cache_misses = 38809
preemptive halt, cache_misses = 38809
preemptive halt, cache_misses = 38809
preemptive halt, cache_misses = 38809
preemptive halt, cache_misses = 38809
preemptive halt, cache_misses = 38809
preemptive halt, cache_misses = 38809
preemptive halt, cache_misses = 38809
preemptive halt, cache_misses = 38809
preemptive halt, cache_misses = 38809
preemptive halt, cache_misses = 38809
preemptive halt, cache_misses = 38809
preemptive halt, cache_misses = 38809
preemptive halt, cache_misses = 38809
preemptive halt, cache_misses = 38809
preemptive halt, cache_misses = 38809
preemptive halt, cache_misses = 38809
preemptive halt, cache_misses = 38809
preemptive halt, cache_misses = 38809
preemptive halt, cache_misses = 38809
preemptive halt, cache_misses = 38809
preemptive halt, cache_misses = 38809
preemptive halt, cache_misses = 38809
preemptive halt, cache_misses = 38809
preemptive halt, cache_misses = 38809
preemptive halt, cache_misses = 38809
preemptive halt, cache_misses = 38809
preemptive halt, cache_misses = 38809
preemptive halt, cache_misses = 38809
preemptive halt, cache_misses = 38809
preemptive halt, cache_misses = 38809
preemptive halt, cache_misses = 38809
preemptive halt, cache_misses = 38809
preemptive halt, cache_misses = 38809
preemptive halt, cache_misses = 38809
preemptive halt, cache_misses = 38809
preemptive halt, cache_misses = 38809
preemptive halt, cache_misses = 38809
preemptive halt, cache_misses = 38809
preemptive halt, cache_misses = 38809
preemptive halt, cache_misses = 38809
preemptive halt, cache_misses = 38809
preemptive halt, cache_misses = 38809
preemptive halt, cache_misses = 38809
preemptive halt, cache_misses = 38809
preemptive halt, cache_misses = 38809
preemptive halt, cache_misses = 38809
preemptive halt, cache_misses = 38809
preemptive halt, cache_misses = 38809
preemptive halt, cache_misses = 38809
preemptive halt, cache_misses = 38809
preemptive halt, cache_misses = 38809
preemptive halt, cache_misses = 38809
preemptive halt, cache_misses = 38809
preemptive halt, cache_misses = 38809
preemptive halt, cache_misses = 38809
preemptive halt, cache_misses = 38809
preemptive halt, cache_misses = 38809
preemptive halt, cache_misses = 38809
preemptive halt, cache_misses = 38809
preemptive halt, cache_misses = 38809
preemptive halt, cache_misses = 38809
preemptive halt, cache_misses = 38809
preemptive halt, cache_misses = 38809
preemptive halt, cache_misses = 38809
preemptive halt, cache_misses = 38809
preemptive halt, cache_misses = 38809
preemptive halt, cache_misses = 38809
preemptive halt, cache_misses = 38809
preemptive halt, cache_misses = 38809
preemptive halt, cache_misses = 38809
preemptive halt, cache_misses = 38809
preemptive halt, cache_misses = 38809
preemptive halt, cache_misses = 38809
preemptive halt, cache_misses = 38809
preemptive halt, cache_misses = 38809
preemptive halt, cache_misses = 38809
preemptive halt, cache_misses = 38809
preemptive halt, cache_misses = 38809
preemptive halt, cache_misses = 38809
preemptive halt, cache_misses = 38809
binary search, size 20000  misses 38809  min 0  max 40000
binary search, size 30000  misses 38808  min 20000  max 40000
preemptive halt, cache_misses = 38809
preemptive halt, cache_misses = 38809
preemptive halt, cache_misses = 38809
preemptive halt, cache_misses = 38809
preemptive halt, cache_misses = 38809
preemptive halt, cache_misses = 38809
preemptive halt, cache_misses = 38809
preemptive halt, cache_misses = 38809
preemptive halt, cache_misses = 38809
preemptive halt, cache_misses = 38809
preemptive halt, cache_misses = 38809
preemptive halt, cache_misses = 38809
preemptive halt, cache_misses = 38809
preemptive halt, cache_misses = 38809
preemptive halt, cache_misses = 38809
preemptive halt, cache_misses = 38809
preemptive halt, cache_misses = 38809
preemptive halt, cache_misses = 38809
preemptive halt, cache_misses = 38809
preemptive halt, cache_misses = 38809
preemptive halt, cache_misses = 38809
preemptive halt, cache_misses = 38809
preemptive halt, cache_misses = 38809
preemptive halt, cache_misses = 38809
preemptive halt, cache_misses = 38809
preemptive halt, cache_misses = 38809
preemptive halt, cache_misses = 38809
preemptive halt, cache_misses = 38809
preemptive halt, cache_misses = 38809
preemptive halt, cache_misses = 38809
preemptive halt, cache_misses = 38809
preemptive halt, cache_misses = 38809
preemptive halt, cache_misses = 38809
preemptive halt, cache_misses = 38809
preemptive halt, cache_misses = 38809
preemptive halt, cache_misses = 38809
preemptive halt, cache_misses = 38809
preemptive halt, cache_misses = 38809
preemptive halt, cache_misses = 38809
preemptive halt, cache_misses = 38809
preemptive halt, cache_misses = 38809
preemptive halt, cache_misses = 38809
preemptive halt, cache_misses = 38809
preemptive halt, cache_misses = 38809
preemptive halt, cache_misses = 38809
preemptive halt, cache_misses = 38809
preemptive halt, cache_misses = 38809
preemptive halt, cache_misses = 38809
preemptive halt, cache_misses = 38809
preemptive halt, cache_misses = 38809
preemptive halt, cache_misses = 38809
preemptive halt, cache_misses = 38809
preemptive halt, cache_misses = 38809
preemptive halt, cache_misses = 38809
preemptive halt, cache_misses = 38809
preemptive halt, cache_misses = 38809
preemptive halt, cache_misses = 38809
preemptive halt, cache_misses = 38809
preemptive halt, cache_misses = 38809
preemptive halt, cache_misses = 38809
preemptive halt, cache_misses = 38809
preemptive halt, cache_misses = 38809
preemptive halt, cache_misses = 38809
preemptive halt, cache_misses = 38809
preemptive halt, cache_misses = 38809
preemptive halt, cache_misses = 38809
preemptive halt, cache_misses = 38809
preemptive halt, cache_misses = 38809
preemptive halt, cache_misses = 38809
preemptive halt, cache_misses = 38809
preemptive halt, cache_misses = 38809
preemptive halt, cache_misses = 38809
preemptive halt, cache_misses = 38809
preemptive halt, cache_misses = 38809
preemptive halt, cache_misses = 38809
preemptive halt, cache_misses = 38809
preemptive halt, cache_misses = 38809
preemptive halt, cache_misses = 38809
preemptive halt, cache_misses = 38809
preemptive halt, cache_misses = 38809
preemptive halt, cache_misses = 38809
preemptive halt, cache_misses = 38809
preemptive halt, cache_misses = 38809
preemptive halt, cache_misses = 38809
preemptive halt, cache_misses = 38809
preemptive halt, cache_misses = 38809
preemptive halt, cache_misses = 38809
preemptive halt, cache_misses = 38809
preemptive halt, cache_misses = 38809
preemptive halt, cache_misses = 38809
preemptive halt, cache_misses = 38809
preemptive halt, cache_misses = 38809
preemptive halt, cache_misses = 38809
preemptive halt, cache_misses = 38809
preemptive halt, cache_misses = 38809
preemptive halt, cache_misses = 38809
preemptive halt, cache_misses = 38809
preemptive halt, cache_misses = 38809
preemptive halt, cache_misses = 38809
preemptive halt, cache_misses = 38809
preemptive halt, cache_misses = 38809
preemptive halt, cache_misses = 38809
preemptive halt, cache_misses = 38809
preemptive halt, cache_misses = 38809
preemptive halt, cache_misses = 38809
preemptive halt, cache_misses = 38809
preemptive halt, cache_misses = 38809
preemptive halt, cache_misses = 38809
preemptive halt, cache_misses = 38809
preemptive halt, cache_misses = 38809
preemptive halt, cache_misses = 38809
preemptive halt, cache_misses = 38809
preemptive halt, cache_misses = 38809
preemptive halt, cache_misses = 38809
preemptive halt, cache_misses = 38809
preemptive halt, cache_misses = 38809
preemptive halt, cache_misses = 38809
preemptive halt, cache_misses = 38809
preemptive halt, cache_misses = 38809
preemptive halt, cache_misses = 38809
preemptive halt, cache_misses = 38809
preemptive halt, cache_misses = 38809
preemptive halt, cache_misses = 38809
preemptive halt, cache_misses = 38809
preemptive halt, cache_misses = 38809
preemptive halt, cache_misses = 38809
preemptive halt, cache_misses = 38809
preemptive halt, cache_misses = 38809
preemptive halt, cache_misses = 38809
preemptive halt, cache_misses = 38809
binary search, size 25000  misses 38809  min 20000  max 30000
binary search, size 27500  misses 38808  min 25000  max 30000
binary search, size 26250  misses 38808  min 25000  max 27500
preemptive halt, cache_misses = 38809
preemptive halt, cache_misses = 38809
preemptive halt, cache_misses = 38809
preemptive halt, cache_misses = 38809
preemptive halt, cache_misses = 38809
preemptive halt, cache_misses = 38809
preemptive halt, cache_misses = 38809
preemptive halt, cache_misses = 38809
preemptive halt, cache_misses = 38809
preemptive halt, cache_misses = 38809
preemptive halt, cache_misses = 38809
preemptive halt, cache_misses = 38809
preemptive halt, cache_misses = 38809
preemptive halt, cache_misses = 38809
preemptive halt, cache_misses = 38809
preemptive halt, cache_misses = 38809
preemptive halt, cache_misses = 38809
preemptive halt, cache_misses = 38809
preemptive halt, cache_misses = 38809
preemptive halt, cache_misses = 38809
preemptive halt, cache_misses = 38809
preemptive halt, cache_misses = 38809
preemptive halt, cache_misses = 38809
preemptive halt, cache_misses = 38809
preemptive halt, cache_misses = 38809
preemptive halt, cache_misses = 38809
preemptive halt, cache_misses = 38809
preemptive halt, cache_misses = 38809
preemptive halt, cache_misses = 38809
preemptive halt, cache_misses = 38809
preemptive halt, cache_misses = 38809
preemptive halt, cache_misses = 38809
preemptive halt, cache_misses = 38809
preemptive halt, cache_misses = 38809
preemptive halt, cache_misses = 38809
preemptive halt, cache_misses = 38809
preemptive halt, cache_misses = 38809
preemptive halt, cache_misses = 38809
preemptive halt, cache_misses = 38809
preemptive halt, cache_misses = 38809
preemptive halt, cache_misses = 38809
preemptive halt, cache_misses = 38809
preemptive halt, cache_misses = 38809
preemptive halt, cache_misses = 38809
preemptive halt, cache_misses = 38809
preemptive halt, cache_misses = 38809
preemptive halt, cache_misses = 38809
preemptive halt, cache_misses = 38809
preemptive halt, cache_misses = 38809
preemptive halt, cache_misses = 38809
preemptive halt, cache_misses = 38809
preemptive halt, cache_misses = 38809
preemptive halt, cache_misses = 38809
preemptive halt, cache_misses = 38809
preemptive halt, cache_misses = 38809
preemptive halt, cache_misses = 38809
preemptive halt, cache_misses = 38809
preemptive halt, cache_misses = 38809
preemptive halt, cache_misses = 38809
preemptive halt, cache_misses = 38809
preemptive halt, cache_misses = 38809
preemptive halt, cache_misses = 38809
preemptive halt, cache_misses = 38809
preemptive halt, cache_misses = 38809
preemptive halt, cache_misses = 38809
preemptive halt, cache_misses = 38809
preemptive halt, cache_misses = 38809
preemptive halt, cache_misses = 38809
preemptive halt, cache_misses = 38809
preemptive halt, cache_misses = 38809
preemptive halt, cache_misses = 38809
preemptive halt, cache_misses = 38809
preemptive halt, cache_misses = 38809
preemptive halt, cache_misses = 38809
preemptive halt, cache_misses = 38809
preemptive halt, cache_misses = 38809
preemptive halt, cache_misses = 38809
preemptive halt, cache_misses = 38809
preemptive halt, cache_misses = 38809
preemptive halt, cache_misses = 38809
preemptive halt, cache_misses = 38809
preemptive halt, cache_misses = 38809
preemptive halt, cache_misses = 38809
preemptive halt, cache_misses = 38809
preemptive halt, cache_misses = 38809
preemptive halt, cache_misses = 38809
preemptive halt, cache_misses = 38809
preemptive halt, cache_misses = 38809
preemptive halt, cache_misses = 38809
preemptive halt, cache_misses = 38809
preemptive halt, cache_misses = 38809
preemptive halt, cache_misses = 38809
preemptive halt, cache_misses = 38809
preemptive halt, cache_misses = 38809
preemptive halt, cache_misses = 38809
preemptive halt, cache_misses = 38809
preemptive halt, cache_misses = 38809
preemptive halt, cache_misses = 38809
preemptive halt, cache_misses = 38809
preemptive halt, cache_misses = 38809
preemptive halt, cache_misses = 38809
preemptive halt, cache_misses = 38809
preemptive halt, cache_misses = 38809
preemptive halt, cache_misses = 38809
preemptive halt, cache_misses = 38809
preemptive halt, cache_misses = 38809
preemptive halt, cache_misses = 38809
preemptive halt, cache_misses = 38809
preemptive halt, cache_misses = 38809
preemptive halt, cache_misses = 38809
preemptive halt, cache_misses = 38809
preemptive halt, cache_misses = 38809
preemptive halt, cache_misses = 38809
preemptive halt, cache_misses = 38809
preemptive halt, cache_misses = 38809
preemptive halt, cache_misses = 38809
preemptive halt, cache_misses = 38809
preemptive halt, cache_misses = 38809
preemptive halt, cache_misses = 38809
preemptive halt, cache_misses = 38809
preemptive halt, cache_misses = 38809
preemptive halt, cache_misses = 38809
preemptive halt, cache_misses = 38809
preemptive halt, cache_misses = 38809
preemptive halt, cache_misses = 38809
preemptive halt, cache_misses = 38809
preemptive halt, cache_misses = 38809
preemptive halt, cache_misses = 38809
preemptive halt, cache_misses = 38809
preemptive halt, cache_misses = 38809
binary search, size 25625  misses 38809  min 25000  max 26250
binary search, size 25937  misses 38808  min 25625  max 26250
preemptive halt, cache_misses = 38809
preemptive halt, cache_misses = 38809
preemptive halt, cache_misses = 38809
preemptive halt, cache_misses = 38809
preemptive halt, cache_misses = 38809
preemptive halt, cache_misses = 38809
preemptive halt, cache_misses = 38809
preemptive halt, cache_misses = 38809
preemptive halt, cache_misses = 38809
preemptive halt, cache_misses = 38809
preemptive halt, cache_misses = 38809
preemptive halt, cache_misses = 38809
preemptive halt, cache_misses = 38809
preemptive halt, cache_misses = 38809
preemptive halt, cache_misses = 38809
preemptive halt, cache_misses = 38809
preemptive halt, cache_misses = 38809
preemptive halt, cache_misses = 38809
preemptive halt, cache_misses = 38809
preemptive halt, cache_misses = 38809
preemptive halt, cache_misses = 38809
preemptive halt, cache_misses = 38809
preemptive halt, cache_misses = 38809
preemptive halt, cache_misses = 38809
preemptive halt, cache_misses = 38809
preemptive halt, cache_misses = 38809
preemptive halt, cache_misses = 38809
preemptive halt, cache_misses = 38809
preemptive halt, cache_misses = 38809
preemptive halt, cache_misses = 38809
preemptive halt, cache_misses = 38809
preemptive halt, cache_misses = 38809
preemptive halt, cache_misses = 38809
preemptive halt, cache_misses = 38809
preemptive halt, cache_misses = 38809
preemptive halt, cache_misses = 38809
preemptive halt, cache_misses = 38809
preemptive halt, cache_misses = 38809
preemptive halt, cache_misses = 38809
preemptive halt, cache_misses = 38809
preemptive halt, cache_misses = 38809
preemptive halt, cache_misses = 38809
preemptive halt, cache_misses = 38809
preemptive halt, cache_misses = 38809
preemptive halt, cache_misses = 38809
preemptive halt, cache_misses = 38809
preemptive halt, cache_misses = 38809
preemptive halt, cache_misses = 38809
preemptive halt, cache_misses = 38809
preemptive halt, cache_misses = 38809
preemptive halt, cache_misses = 38809
preemptive halt, cache_misses = 38809
preemptive halt, cache_misses = 38809
preemptive halt, cache_misses = 38809
preemptive halt, cache_misses = 38809
preemptive halt, cache_misses = 38809
preemptive halt, cache_misses = 38809
preemptive halt, cache_misses = 38809
preemptive halt, cache_misses = 38809
preemptive halt, cache_misses = 38809
preemptive halt, cache_misses = 38809
preemptive halt, cache_misses = 38809
preemptive halt, cache_misses = 38809
preemptive halt, cache_misses = 38809
preemptive halt, cache_misses = 38809
preemptive halt, cache_misses = 38809
preemptive halt, cache_misses = 38809
preemptive halt, cache_misses = 38809
preemptive halt, cache_misses = 38809
preemptive halt, cache_misses = 38809
preemptive halt, cache_misses = 38809
preemptive halt, cache_misses = 38809
preemptive halt, cache_misses = 38809
preemptive halt, cache_misses = 38809
preemptive halt, cache_misses = 38809
preemptive halt, cache_misses = 38809
preemptive halt, cache_misses = 38809
preemptive halt, cache_misses = 38809
preemptive halt, cache_misses = 38809
preemptive halt, cache_misses = 38809
preemptive halt, cache_misses = 38809
preemptive halt, cache_misses = 38809
preemptive halt, cache_misses = 38809
preemptive halt, cache_misses = 38809
preemptive halt, cache_misses = 38809
preemptive halt, cache_misses = 38809
preemptive halt, cache_misses = 38809
preemptive halt, cache_misses = 38809
preemptive halt, cache_misses = 38809
preemptive halt, cache_misses = 38809
preemptive halt, cache_misses = 38809
preemptive halt, cache_misses = 38809
preemptive halt, cache_misses = 38809
preemptive halt, cache_misses = 38809
preemptive halt, cache_misses = 38809
preemptive halt, cache_misses = 38809
preemptive halt, cache_misses = 38809
preemptive halt, cache_misses = 38809
preemptive halt, cache_misses = 38809
preemptive halt, cache_misses = 38809
preemptive halt, cache_misses = 38809
preemptive halt, cache_misses = 38809
preemptive halt, cache_misses = 38809
preemptive halt, cache_misses = 38809
preemptive halt, cache_misses = 38809
preemptive halt, cache_misses = 38809
preemptive halt, cache_misses = 38809
preemptive halt, cache_misses = 38809
preemptive halt, cache_misses = 38809
preemptive halt, cache_misses = 38809
preemptive halt, cache_misses = 38809
preemptive halt, cache_misses = 38809
preemptive halt, cache_misses = 38809
preemptive halt, cache_misses = 38809
preemptive halt, cache_misses = 38809
preemptive halt, cache_misses = 38809
preemptive halt, cache_misses = 38809
preemptive halt, cache_misses = 38809
preemptive halt, cache_misses = 38809
preemptive halt, cache_misses = 38809
preemptive halt, cache_misses = 38809
preemptive halt, cache_misses = 38809
preemptive halt, cache_misses = 38809
preemptive halt, cache_misses = 38809
preemptive halt, cache_misses = 38809
preemptive halt, cache_misses = 38809
preemptive halt, cache_misses = 38809
preemptive halt, cache_misses = 38809
preemptive halt, cache_misses = 38809
preemptive halt, cache_misses = 38809
binary search, size 25781  misses 38809  min 25625  max 25937
preemptive halt, cache_misses = 38810
preemptive halt, cache_misses = 38810
preemptive halt, cache_misses = 38810
preemptive halt, cache_misses = 38810
preemptive halt, cache_misses = 38810
preemptive halt, cache_misses = 38810
preemptive halt, cache_misses = 38810
preemptive halt, cache_misses = 38810
preemptive halt, cache_misses = 38810
preemptive halt, cache_misses = 38810
preemptive halt, cache_misses = 38810
preemptive halt, cache_misses = 38810
preemptive halt, cache_misses = 38810
preemptive halt, cache_misses = 38810
preemptive halt, cache_misses = 38810
preemptive halt, cache_misses = 38810
preemptive halt, cache_misses = 38810
preemptive halt, cache_misses = 38810
preemptive halt, cache_misses = 38810
preemptive halt, cache_misses = 38810
preemptive halt, cache_misses = 38810
preemptive halt, cache_misses = 38810
preemptive halt, cache_misses = 38810
preemptive halt, cache_misses = 38810
preemptive halt, cache_misses = 38810
preemptive halt, cache_misses = 38810
preemptive halt, cache_misses = 38810
preemptive halt, cache_misses = 38810
preemptive halt, cache_misses = 38810
preemptive halt, cache_misses = 38810
preemptive halt, cache_misses = 38810
preemptive halt, cache_misses = 38810
preemptive halt, cache_misses = 38810
preemptive halt, cache_misses = 38810
preemptive halt, cache_misses = 38810
preemptive halt, cache_misses = 38810
preemptive halt, cache_misses = 38810
preemptive halt, cache_misses = 38810
preemptive halt, cache_misses = 38810
preemptive halt, cache_misses = 38810
preemptive halt, cache_misses = 38810
preemptive halt, cache_misses = 38810
preemptive halt, cache_misses = 38810
preemptive halt, cache_misses = 38810
preemptive halt, cache_misses = 38810
preemptive halt, cache_misses = 38810
preemptive halt, cache_misses = 38810
preemptive halt, cache_misses = 38810
preemptive halt, cache_misses = 38810
preemptive halt, cache_misses = 38810
preemptive halt, cache_misses = 38810
preemptive halt, cache_misses = 38810
preemptive halt, cache_misses = 38810
preemptive halt, cache_misses = 38810
preemptive halt, cache_misses = 38810
preemptive halt, cache_misses = 38810
preemptive halt, cache_misses = 38810
preemptive halt, cache_misses = 38810
preemptive halt, cache_misses = 38810
preemptive halt, cache_misses = 38810
preemptive halt, cache_misses = 38810
preemptive halt, cache_misses = 38810
preemptive halt, cache_misses = 38810
preemptive halt, cache_misses = 38810
preemptive halt, cache_misses = 38810
preemptive halt, cache_misses = 38810
preemptive halt, cache_misses = 38810
preemptive halt, cache_misses = 38810
preemptive halt, cache_misses = 38810
preemptive halt, cache_misses = 38810
preemptive halt, cache_misses = 38810
preemptive halt, cache_misses = 38810
preemptive halt, cache_misses = 38810
preemptive halt, cache_misses = 38810
preemptive halt, cache_misses = 38810
preemptive halt, cache_misses = 38810
preemptive halt, cache_misses = 38810
preemptive halt, cache_misses = 38810
preemptive halt, cache_misses = 38810
preemptive halt, cache_misses = 38810
preemptive halt, cache_misses = 38810
preemptive halt, cache_misses = 38810
preemptive halt, cache_misses = 38810
preemptive halt, cache_misses = 38810
preemptive halt, cache_misses = 38810
preemptive halt, cache_misses = 38810
preemptive halt, cache_misses = 38810
preemptive halt, cache_misses = 38810
preemptive halt, cache_misses = 38810
preemptive halt, cache_misses = 38810
preemptive halt, cache_misses = 38810
preemptive halt, cache_misses = 38810
preemptive halt, cache_misses = 38810
preemptive halt, cache_misses = 38810
preemptive halt, cache_misses = 38810
preemptive halt, cache_misses = 38810
preemptive halt, cache_misses = 38810
preemptive halt, cache_misses = 38810
preemptive halt, cache_misses = 38810
preemptive halt, cache_misses = 38810
preemptive halt, cache_misses = 38810
preemptive halt, cache_misses = 38810
preemptive halt, cache_misses = 38810
preemptive halt, cache_misses = 38810
preemptive halt, cache_misses = 38810
preemptive halt, cache_misses = 38810
preemptive halt, cache_misses = 38810
preemptive halt, cache_misses = 38810
preemptive halt, cache_misses = 38810
preemptive halt, cache_misses = 38810
preemptive halt, cache_misses = 38810
preemptive halt, cache_misses = 38810
preemptive halt, cache_misses = 38810
preemptive halt, cache_misses = 38810
preemptive halt, cache_misses = 38810
preemptive halt, cache_misses = 38810
preemptive halt, cache_misses = 38810
preemptive halt, cache_misses = 38810
preemptive halt, cache_misses = 38810
preemptive halt, cache_misses = 38810
preemptive halt, cache_misses = 38810
preemptive halt, cache_misses = 38810
preemptive halt, cache_misses = 38810
preemptive halt, cache_misses = 38810
preemptive halt, cache_misses = 38810
preemptive halt, cache_misses = 38810
preemptive halt, cache_misses = 38810
preemptive halt, cache_misses = 38810
preemptive halt, cache_misses = 38810
preemptive halt, cache_misses = 38810
preemptive halt, cache_misses = 38810
preemptive halt, cache_misses = 38810
binary search, size 25859  misses 38810  min 25781  max 25937
binary search, size 25898  misses 38808  min 25859  max 25937
binary search, size 25878  misses 38808  min 25859  max 25898
preemptive halt, cache_misses = 38809
preemptive halt, cache_misses = 38809
preemptive halt, cache_misses = 38809
preemptive halt, cache_misses = 38809
preemptive halt, cache_misses = 38809
preemptive halt, cache_misses = 38809
preemptive halt, cache_misses = 38809
preemptive halt, cache_misses = 38809
preemptive halt, cache_misses = 38809
preemptive halt, cache_misses = 38809
preemptive halt, cache_misses = 38809
preemptive halt, cache_misses = 38809
preemptive halt, cache_misses = 38809
preemptive halt, cache_misses = 38809
preemptive halt, cache_misses = 38809
preemptive halt, cache_misses = 38809
preemptive halt, cache_misses = 38809
preemptive halt, cache_misses = 38809
preemptive halt, cache_misses = 38809
preemptive halt, cache_misses = 38809
preemptive halt, cache_misses = 38809
preemptive halt, cache_misses = 38809
preemptive halt, cache_misses = 38809
preemptive halt, cache_misses = 38809
preemptive halt, cache_misses = 38809
preemptive halt, cache_misses = 38809
preemptive halt, cache_misses = 38809
preemptive halt, cache_misses = 38809
preemptive halt, cache_misses = 38809
preemptive halt, cache_misses = 38809
preemptive halt, cache_misses = 38809
preemptive halt, cache_misses = 38809
preemptive halt, cache_misses = 38809
preemptive halt, cache_misses = 38809
preemptive halt, cache_misses = 38809
preemptive halt, cache_misses = 38809
preemptive halt, cache_misses = 38809
preemptive halt, cache_misses = 38809
preemptive halt, cache_misses = 38809
preemptive halt, cache_misses = 38809
preemptive halt, cache_misses = 38809
preemptive halt, cache_misses = 38809
preemptive halt, cache_misses = 38809
preemptive halt, cache_misses = 38809
preemptive halt, cache_misses = 38809
preemptive halt, cache_misses = 38809
preemptive halt, cache_misses = 38809
preemptive halt, cache_misses = 38809
preemptive halt, cache_misses = 38809
preemptive halt, cache_misses = 38809
preemptive halt, cache_misses = 38809
preemptive halt, cache_misses = 38809
preemptive halt, cache_misses = 38809
preemptive halt, cache_misses = 38809
preemptive halt, cache_misses = 38809
preemptive halt, cache_misses = 38809
preemptive halt, cache_misses = 38809
preemptive halt, cache_misses = 38809
preemptive halt, cache_misses = 38809
preemptive halt, cache_misses = 38809
preemptive halt, cache_misses = 38809
preemptive halt, cache_misses = 38809
preemptive halt, cache_misses = 38809
preemptive halt, cache_misses = 38809
preemptive halt, cache_misses = 38809
preemptive halt, cache_misses = 38809
preemptive halt, cache_misses = 38809
preemptive halt, cache_misses = 38809
preemptive halt, cache_misses = 38809
preemptive halt, cache_misses = 38809
preemptive halt, cache_misses = 38809
preemptive halt, cache_misses = 38809
preemptive halt, cache_misses = 38809
preemptive halt, cache_misses = 38809
preemptive halt, cache_misses = 38809
preemptive halt, cache_misses = 38809
preemptive halt, cache_misses = 38809
preemptive halt, cache_misses = 38809
preemptive halt, cache_misses = 38809
preemptive halt, cache_misses = 38809
preemptive halt, cache_misses = 38809
preemptive halt, cache_misses = 38809
preemptive halt, cache_misses = 38809
preemptive halt, cache_misses = 38809
preemptive halt, cache_misses = 38809
preemptive halt, cache_misses = 38809
preemptive halt, cache_misses = 38809
preemptive halt, cache_misses = 38809
preemptive halt, cache_misses = 38809
preemptive halt, cache_misses = 38809
preemptive halt, cache_misses = 38809
preemptive halt, cache_misses = 38809
preemptive halt, cache_misses = 38809
preemptive halt, cache_misses = 38809
preemptive halt, cache_misses = 38809
preemptive halt, cache_misses = 38809
preemptive halt, cache_misses = 38809
preemptive halt, cache_misses = 38809
preemptive halt, cache_misses = 38809
preemptive halt, cache_misses = 38809
preemptive halt, cache_misses = 38809
preemptive halt, cache_misses = 38809
preemptive halt, cache_misses = 38809
preemptive halt, cache_misses = 38809
preemptive halt, cache_misses = 38809
preemptive halt, cache_misses = 38809
preemptive halt, cache_misses = 38809
preemptive halt, cache_misses = 38809
preemptive halt, cache_misses = 38809
preemptive halt, cache_misses = 38809
preemptive halt, cache_misses = 38809
preemptive halt, cache_misses = 38809
preemptive halt, cache_misses = 38809
preemptive halt, cache_misses = 38809
preemptive halt, cache_misses = 38809
preemptive halt, cache_misses = 38809
preemptive halt, cache_misses = 38809
preemptive halt, cache_misses = 38809
preemptive halt, cache_misses = 38809
preemptive halt, cache_misses = 38809
preemptive halt, cache_misses = 38809
preemptive halt, cache_misses = 38809
preemptive halt, cache_misses = 38809
preemptive halt, cache_misses = 38809
preemptive halt, cache_misses = 38809
preemptive halt, cache_misses = 38809
preemptive halt, cache_misses = 38809
preemptive halt, cache_misses = 38809
preemptive halt, cache_misses = 38809
preemptive halt, cache_misses = 38809
binary search, size 25868  misses 38809  min 25859  max 25878
binary search, size 25873  misses 38808  min 25868  max 25878
preemptive halt, cache_misses = 38809
preemptive halt, cache_misses = 38809
preemptive halt, cache_misses = 38809
preemptive halt, cache_misses = 38809
preemptive halt, cache_misses = 38809
preemptive halt, cache_misses = 38809
preemptive halt, cache_misses = 38809
preemptive halt, cache_misses = 38809
preemptive halt, cache_misses = 38809
preemptive halt, cache_misses = 38809
preemptive halt, cache_misses = 38809
preemptive halt, cache_misses = 38809
preemptive halt, cache_misses = 38809
preemptive halt, cache_misses = 38809
preemptive halt, cache_misses = 38809
preemptive halt, cache_misses = 38809
preemptive halt, cache_misses = 38809
preemptive halt, cache_misses = 38809
preemptive halt, cache_misses = 38809
preemptive halt, cache_misses = 38809
preemptive halt, cache_misses = 38809
preemptive halt, cache_misses = 38809
preemptive halt, cache_misses = 38809
preemptive halt, cache_misses = 38809
preemptive halt, cache_misses = 38809
preemptive halt, cache_misses = 38809
preemptive halt, cache_misses = 38809
preemptive halt, cache_misses = 38809
preemptive halt, cache_misses = 38809
preemptive halt, cache_misses = 38809
preemptive halt, cache_misses = 38809
preemptive halt, cache_misses = 38809
preemptive halt, cache_misses = 38809
preemptive halt, cache_misses = 38809
preemptive halt, cache_misses = 38809
preemptive halt, cache_misses = 38809
preemptive halt, cache_misses = 38809
preemptive halt, cache_misses = 38809
preemptive halt, cache_misses = 38809
preemptive halt, cache_misses = 38809
preemptive halt, cache_misses = 38809
preemptive halt, cache_misses = 38809
preemptive halt, cache_misses = 38809
preemptive halt, cache_misses = 38809
preemptive halt, cache_misses = 38809
preemptive halt, cache_misses = 38809
preemptive halt, cache_misses = 38809
preemptive halt, cache_misses = 38809
preemptive halt, cache_misses = 38809
preemptive halt, cache_misses = 38809
preemptive halt, cache_misses = 38809
preemptive halt, cache_misses = 38809
preemptive halt, cache_misses = 38809
preemptive halt, cache_misses = 38809
preemptive halt, cache_misses = 38809
preemptive halt, cache_misses = 38809
preemptive halt, cache_misses = 38809
preemptive halt, cache_misses = 38809
preemptive halt, cache_misses = 38809
preemptive halt, cache_misses = 38809
preemptive halt, cache_misses = 38809
preemptive halt, cache_misses = 38809
preemptive halt, cache_misses = 38809
preemptive halt, cache_misses = 38809
preemptive halt, cache_misses = 38809
preemptive halt, cache_misses = 38809
preemptive halt, cache_misses = 38809
preemptive halt, cache_misses = 38809
preemptive halt, cache_misses = 38809
preemptive halt, cache_misses = 38809
preemptive halt, cache_misses = 38809
preemptive halt, cache_misses = 38809
preemptive halt, cache_misses = 38809
preemptive halt, cache_misses = 38809
preemptive halt, cache_misses = 38809
preemptive halt, cache_misses = 38809
preemptive halt, cache_misses = 38809
preemptive halt, cache_misses = 38809
preemptive halt, cache_misses = 38809
preemptive halt, cache_misses = 38809
preemptive halt, cache_misses = 38809
preemptive halt, cache_misses = 38809
preemptive halt, cache_misses = 38809
preemptive halt, cache_misses = 38809
preemptive halt, cache_misses = 38809
preemptive halt, cache_misses = 38809
preemptive halt, cache_misses = 38809
preemptive halt, cache_misses = 38809
preemptive halt, cache_misses = 38809
preemptive halt, cache_misses = 38809
preemptive halt, cache_misses = 38809
preemptive halt, cache_misses = 38809
preemptive halt, cache_misses = 38809
preemptive halt, cache_misses = 38809
preemptive halt, cache_misses = 38809
preemptive halt, cache_misses = 38809
preemptive halt, cache_misses = 38809
preemptive halt, cache_misses = 38809
preemptive halt, cache_misses = 38809
preemptive halt, cache_misses = 38809
preemptive halt, cache_misses = 38809
preemptive halt, cache_misses = 38809
preemptive halt, cache_misses = 38809
preemptive halt, cache_misses = 38809
preemptive halt, cache_misses = 38809
preemptive halt, cache_misses = 38809
preemptive halt, cache_misses = 38809
preemptive halt, cache_misses = 38809
preemptive halt, cache_misses = 38809
preemptive halt, cache_misses = 38809
preemptive halt, cache_misses = 38809
preemptive halt, cache_misses = 38809
preemptive halt, cache_misses = 38809
preemptive halt, cache_misses = 38809
preemptive halt, cache_misses = 38809
preemptive halt, cache_misses = 38809
preemptive halt, cache_misses = 38809
preemptive halt, cache_misses = 38809
preemptive halt, cache_misses = 38809
preemptive halt, cache_misses = 38809
preemptive halt, cache_misses = 38809
preemptive halt, cache_misses = 38809
preemptive halt, cache_misses = 38809
preemptive halt, cache_misses = 38809
preemptive halt, cache_misses = 38809
preemptive halt, cache_misses = 38809
preemptive halt, cache_misses = 38809
preemptive halt, cache_misses = 38809
preemptive halt, cache_misses = 38809
preemptive halt, cache_misses = 38809
binary search, size 25870  misses 38809  min 25868  max 25873
binary search, size 25871  misses 38808  min 25870  max 25873
characteristic cache size (binary search) for 196 = 25871
End at: 2021-04-02 15:37:12.208408
Time elapsed: 0:00:00.709898
