Begin at: 2021-04-02 15:40:44.009043
['../dist/Debug/GNU-Linux/memo_batch_tester', '', '--mbt_execution_trace_fname', 'olcs4_traceback_csize_input_types/OLCS4_lru_2021_04_02__15_36_11_k_3__d_2_cache_size_160000_problems_10_to_400/OLCS4_lru_2021_04_02__15_36_11_k_3__d_2_cache_size_160000_problems_10_to_400/OLCS4__do_traceback_prob_size_349_cache_size_160000_lru_k_3_d_2_execution_trace_2021_4_2_15_40_44_pid_18564.log', '--mbt_cache_misses_fname', 'olcs4_traceback_csize_input_types/OLCS4_lru_2021_04_02__15_36_11_k_3__d_2_cache_size_160000_problems_10_to_400/lcs_cost_OLCS4_lru_misses_for_cache_size.csv', '--mbt_misses_for_problem_size_fname', 'olcs4_traceback_csize_input_types/OLCS4_lru_2021_04_02__15_36_11_k_3__d_2_cache_size_160000_problems_10_to_400/lcs_cost_OLCS4_lru_misses_for_problem_size.csv', '--mbt_exact_cutoff_min_cache_size', '160000', '--mbt_exact_cutoff_max_cache_size', '160000', '--mbt_problem_type', 'lcs', '--mbt_metric_type', 'csize_binary_search', '--mbt_cutoff_ratio', '2.2', '--mbt_instance_fname', '349', '--mbt_detailed_cache_misses_out_fname', 'csize_olcs4_traceback_0011n_ceil_n_b_3.csv', '--mbt_phi_N', '5.0', '--mbt_problem_size', '349', '--lcs_compute_length', '0', '--lcs_perform_traceback', '1', '--lig_instance_type', '0011n_ceil_n_b', '--lig_n', '349', '--lig_c', '0.9', '--lig_b', '3.0', '--lcs_oblivious', '4', '--lcs_execution_trace_fname', 'olcs4_traceback_csize_input_types/OLCS4_lru_2021_04_02__15_36_11_k_3__d_2_cache_size_160000_problems_10_to_400/OLCS4_lru_2021_04_02__15_36_11_k_3__d_2_cache_size_160000_problems_10_to_400/OLCS4__do_traceback_prob_size_349_cache_size_160000_lru_k_3_d_2_execution_trace_2021_4_2_15_40_44_pid_18564.log', '--memo_caching_strategy', 'lru', '--memo_cache_size', '160001', '--memo_lru_queue_size', '160000', '--memo_cuckoo_k', '4', '--memo_key_length', '8', '--memo_value_length', '8', '--memo_k_timestamps', '3', '--memo_d_recent_timestamps', '2', '--memo_a_items_per_timestamp_factor', '0.4375']

csize_binary_search chosen
lcs problem_type lcs cache_size 160001
initialize_long_int_cache begin
init_memo
arguments to memo:
 --mbt_execution_trace_fname olcs4_traceback_csize_input_types/OLCS4_lru_2021_04_02__15_36_11_k_3__d_2_cache_size_160000_problems_10_to_400/OLCS4_lru_2021_04_02__15_36_11_k_3__d_2_cache_size_160000_problems_10_to_400/OLCS4__do_traceback_prob_size_349_cache_size_160000_lru_k_3_d_2_execution_trace_2021_4_2_15_40_44_pid_18564.log --mbt_cache_misses_fname olcs4_traceback_csize_input_types/OLCS4_lru_2021_04_02__15_36_11_k_3__d_2_cache_size_160000_problems_10_to_400/lcs_cost_OLCS4_lru_misses_for_cache_size.csv --mbt_misses_for_problem_size_fname olcs4_traceback_csize_input_types/OLCS4_lru_2021_04_02__15_36_11_k_3__d_2_cache_size_160000_problems_10_to_400/lcs_cost_OLCS4_lru_misses_for_problem_size.csv --mbt_exact_cutoff_min_cache_size 160000 --mbt_exact_cutoff_max_cache_size 160000 --mbt_problem_type lcs --mbt_metric_type csize_binary_search --mbt_cutoff_ratio 2.2 --mbt_instance_fname 349 --mbt_detailed_cache_misses_out_fname csize_olcs4_traceback_0011n_ceil_n_b_3.csv --mbt_phi_N 5.0 --mbt_problem_size 349 --lcs_compute_length 0 --lcs_perform_traceback 1 --lig_instance_type 0011n_ceil_n_b --lig_n 349 --lig_c 0.9 --lig_b 3.0 --lcs_oblivious 4 --lcs_execution_trace_fname olcs4_traceback_csize_input_types/OLCS4_lru_2021_04_02__15_36_11_k_3__d_2_cache_size_160000_problems_10_to_400/OLCS4_lru_2021_04_02__15_36_11_k_3__d_2_cache_size_160000_problems_10_to_400/OLCS4__do_traceback_prob_size_349_cache_size_160000_lru_k_3_d_2_execution_trace_2021_4_2_15_40_44_pid_18564.log --memo_caching_strategy lru --memo_cache_size 160001 --memo_lru_queue_size 160000 --memo_cuckoo_k 4 --memo_key_length 8 --memo_value_length 8 --memo_k_timestamps 3 --memo_d_recent_timestamps 2 --memo_a_items_per_timestamp_factor 0.4375 
calculate_table_size: table_size is 262144, original is 160001
Finished initializing cache
initialize_long_int_cache end
done initializing cache
initializing problem
done initializing problem
commence trials
Starting characteristic_cache_size_binary_search with max cache size 160001
binary search, size 160001  misses 122499
preemptive halt, cache_misses = 122500
preemptive halt, cache_misses = 122500
preemptive halt, cache_misses = 122500
preemptive halt, cache_misses = 122500
preemptive halt, cache_misses = 122500
preemptive halt, cache_misses = 122500
preemptive halt, cache_misses = 122500
preemptive halt, cache_misses = 122500
preemptive halt, cache_misses = 122500
preemptive halt, cache_misses = 122500
preemptive halt, cache_misses = 122500
preemptive halt, cache_misses = 122500
preemptive halt, cache_misses = 122500
preemptive halt, cache_misses = 122500
preemptive halt, cache_misses = 122500
preemptive halt, cache_misses = 122500
preemptive halt, cache_misses = 122500
preemptive halt, cache_misses = 122500
preemptive halt, cache_misses = 122500
preemptive halt, cache_misses = 122500
preemptive halt, cache_misses = 122500
preemptive halt, cache_misses = 122500
preemptive halt, cache_misses = 122500
preemptive halt, cache_misses = 122500
preemptive halt, cache_misses = 122500
preemptive halt, cache_misses = 122500
preemptive halt, cache_misses = 122500
preemptive halt, cache_misses = 122500
preemptive halt, cache_misses = 122500
preemptive halt, cache_misses = 122500
preemptive halt, cache_misses = 122500
preemptive halt, cache_misses = 122500
preemptive halt, cache_misses = 122500
preemptive halt, cache_misses = 122500
preemptive halt, cache_misses = 122500
preemptive halt, cache_misses = 122500
preemptive halt, cache_misses = 122500
preemptive halt, cache_misses = 122500
preemptive halt, cache_misses = 122500
preemptive halt, cache_misses = 122500
preemptive halt, cache_misses = 122500
preemptive halt, cache_misses = 122500
preemptive halt, cache_misses = 122500
preemptive halt, cache_misses = 122500
preemptive halt, cache_misses = 122500
preemptive halt, cache_misses = 122500
preemptive halt, cache_misses = 122500
preemptive halt, cache_misses = 122500
preemptive halt, cache_misses = 122500
preemptive halt, cache_misses = 122500
preemptive halt, cache_misses = 122500
preemptive halt, cache_misses = 122500
preemptive halt, cache_misses = 122500
preemptive halt, cache_misses = 122500
preemptive halt, cache_misses = 122500
preemptive halt, cache_misses = 122500
preemptive halt, cache_misses = 122500
preemptive halt, cache_misses = 122500
preemptive halt, cache_misses = 122500
preemptive halt, cache_misses = 122500
preemptive halt, cache_misses = 122500
preemptive halt, cache_misses = 122500
preemptive halt, cache_misses = 122500
preemptive halt, cache_misses = 122500
preemptive halt, cache_misses = 122500
preemptive halt, cache_misses = 122500
preemptive halt, cache_misses = 122500
preemptive halt, cache_misses = 122500
preemptive halt, cache_misses = 122500
preemptive halt, cache_misses = 122500
preemptive halt, cache_misses = 122500
preemptive halt, cache_misses = 122500
preemptive halt, cache_misses = 122500
preemptive halt, cache_misses = 122500
preemptive halt, cache_misses = 122500
preemptive halt, cache_misses = 122500
preemptive halt, cache_misses = 122500
preemptive halt, cache_misses = 122500
preemptive halt, cache_misses = 122500
preemptive halt, cache_misses = 122500
preemptive halt, cache_misses = 122500
preemptive halt, cache_misses = 122500
preemptive halt, cache_misses = 122500
preemptive halt, cache_misses = 122500
preemptive halt, cache_misses = 122500
preemptive halt, cache_misses = 122500
preemptive halt, cache_misses = 122500
preemptive halt, cache_misses = 122500
preemptive halt, cache_misses = 122500
preemptive halt, cache_misses = 122500
preemptive halt, cache_misses = 122500
preemptive halt, cache_misses = 122500
preemptive halt, cache_misses = 122500
preemptive halt, cache_misses = 122500
preemptive halt, cache_misses = 122500
preemptive halt, cache_misses = 122500
preemptive halt, cache_misses = 122500
preemptive halt, cache_misses = 122500
preemptive halt, cache_misses = 122500
preemptive halt, cache_misses = 122500
preemptive halt, cache_misses = 122500
preemptive halt, cache_misses = 122500
preemptive halt, cache_misses = 122500
preemptive halt, cache_misses = 122500
preemptive halt, cache_misses = 122500
preemptive halt, cache_misses = 122500
preemptive halt, cache_misses = 122500
preemptive halt, cache_misses = 122500
preemptive halt, cache_misses = 122500
preemptive halt, cache_misses = 122500
preemptive halt, cache_misses = 122500
preemptive halt, cache_misses = 122500
preemptive halt, cache_misses = 122500
preemptive halt, cache_misses = 122500
preemptive halt, cache_misses = 122500
preemptive halt, cache_misses = 122500
preemptive halt, cache_misses = 122500
preemptive halt, cache_misses = 122500
preemptive halt, cache_misses = 122500
preemptive halt, cache_misses = 122500
preemptive halt, cache_misses = 122500
preemptive halt, cache_misses = 122500
preemptive halt, cache_misses = 122500
preemptive halt, cache_misses = 122500
preemptive halt, cache_misses = 122500
preemptive halt, cache_misses = 122500
preemptive halt, cache_misses = 122500
preemptive halt, cache_misses = 122500
preemptive halt, cache_misses = 122500
preemptive halt, cache_misses = 122500
preemptive halt, cache_misses = 122500
preemptive halt, cache_misses = 122500
preemptive halt, cache_misses = 122500
preemptive halt, cache_misses = 122500
preemptive halt, cache_misses = 122500
preemptive halt, cache_misses = 122500
preemptive halt, cache_misses = 122500
preemptive halt, cache_misses = 122500
preemptive halt, cache_misses = 122500
preemptive halt, cache_misses = 122500
preemptive halt, cache_misses = 122500
preemptive halt, cache_misses = 122500
preemptive halt, cache_misses = 122500
preemptive halt, cache_misses = 122500
preemptive halt, cache_misses = 122500
preemptive halt, cache_misses = 122500
preemptive halt, cache_misses = 122500
preemptive halt, cache_misses = 122500
preemptive halt, cache_misses = 122500
preemptive halt, cache_misses = 122500
preemptive halt, cache_misses = 122500
preemptive halt, cache_misses = 122500
preemptive halt, cache_misses = 122500
preemptive halt, cache_misses = 122500
preemptive halt, cache_misses = 122500
preemptive halt, cache_misses = 122500
preemptive halt, cache_misses = 122500
preemptive halt, cache_misses = 122500
preemptive halt, cache_misses = 122500
preemptive halt, cache_misses = 122500
preemptive halt, cache_misses = 122500
preemptive halt, cache_misses = 122500
preemptive halt, cache_misses = 122500
preemptive halt, cache_misses = 122500
preemptive halt, cache_misses = 122500
preemptive halt, cache_misses = 122500
preemptive halt, cache_misses = 122500
preemptive halt, cache_misses = 122500
preemptive halt, cache_misses = 122500
preemptive halt, cache_misses = 122500
preemptive halt, cache_misses = 122500
preemptive halt, cache_misses = 122500
preemptive halt, cache_misses = 122500
preemptive halt, cache_misses = 122500
preemptive halt, cache_misses = 122500
preemptive halt, cache_misses = 122500
preemptive halt, cache_misses = 122500
preemptive halt, cache_misses = 122500
preemptive halt, cache_misses = 122500
preemptive halt, cache_misses = 122500
preemptive halt, cache_misses = 122500
preemptive halt, cache_misses = 122500
preemptive halt, cache_misses = 122500
preemptive halt, cache_misses = 122500
preemptive halt, cache_misses = 122500
preemptive halt, cache_misses = 122500
preemptive halt, cache_misses = 122500
preemptive halt, cache_misses = 122500
preemptive halt, cache_misses = 122500
preemptive halt, cache_misses = 122500
preemptive halt, cache_misses = 122500
preemptive halt, cache_misses = 122500
preemptive halt, cache_misses = 122500
preemptive halt, cache_misses = 122500
preemptive halt, cache_misses = 122500
preemptive halt, cache_misses = 122500
preemptive halt, cache_misses = 122500
preemptive halt, cache_misses = 122500
preemptive halt, cache_misses = 122500
preemptive halt, cache_misses = 122500
preemptive halt, cache_misses = 122500
preemptive halt, cache_misses = 122500
preemptive halt, cache_misses = 122500
preemptive halt, cache_misses = 122500
preemptive halt, cache_misses = 122500
preemptive halt, cache_misses = 122500
preemptive halt, cache_misses = 122500
preemptive halt, cache_misses = 122500
preemptive halt, cache_misses = 122500
preemptive halt, cache_misses = 122500
preemptive halt, cache_misses = 122500
preemptive halt, cache_misses = 122500
preemptive halt, cache_misses = 122500
preemptive halt, cache_misses = 122500
preemptive halt, cache_misses = 122500
preemptive halt, cache_misses = 122500
preemptive halt, cache_misses = 122500
preemptive halt, cache_misses = 122500
preemptive halt, cache_misses = 122500
preemptive halt, cache_misses = 122500
preemptive halt, cache_misses = 122500
preemptive halt, cache_misses = 122500
preemptive halt, cache_misses = 122500
preemptive halt, cache_misses = 122500
preemptive halt, cache_misses = 122500
preemptive halt, cache_misses = 122500
preemptive halt, cache_misses = 122500
preemptive halt, cache_misses = 122500
preemptive halt, cache_misses = 122500
preemptive halt, cache_misses = 122500
preemptive halt, cache_misses = 122500
preemptive halt, cache_misses = 122500
binary search, size 80000  misses 122500  min 0  max 160001
binary search, size 120000  misses 122499  min 80000  max 160001
binary search, size 100000  misses 122499  min 80000  max 120000
binary search, size 90000  misses 122499  min 80000  max 100000
binary search, size 85000  misses 122499  min 80000  max 90000
binary search, size 82500  misses 122499  min 80000  max 85000
preemptive halt, cache_misses = 122500
preemptive halt, cache_misses = 122500
preemptive halt, cache_misses = 122500
preemptive halt, cache_misses = 122500
preemptive halt, cache_misses = 122500
preemptive halt, cache_misses = 122500
preemptive halt, cache_misses = 122500
preemptive halt, cache_misses = 122500
preemptive halt, cache_misses = 122500
preemptive halt, cache_misses = 122500
preemptive halt, cache_misses = 122500
preemptive halt, cache_misses = 122500
preemptive halt, cache_misses = 122500
preemptive halt, cache_misses = 122500
preemptive halt, cache_misses = 122500
preemptive halt, cache_misses = 122500
preemptive halt, cache_misses = 122500
preemptive halt, cache_misses = 122500
preemptive halt, cache_misses = 122500
preemptive halt, cache_misses = 122500
preemptive halt, cache_misses = 122500
preemptive halt, cache_misses = 122500
preemptive halt, cache_misses = 122500
preemptive halt, cache_misses = 122500
preemptive halt, cache_misses = 122500
preemptive halt, cache_misses = 122500
preemptive halt, cache_misses = 122500
preemptive halt, cache_misses = 122500
preemptive halt, cache_misses = 122500
preemptive halt, cache_misses = 122500
preemptive halt, cache_misses = 122500
preemptive halt, cache_misses = 122500
preemptive halt, cache_misses = 122500
preemptive halt, cache_misses = 122500
preemptive halt, cache_misses = 122500
preemptive halt, cache_misses = 122500
preemptive halt, cache_misses = 122500
preemptive halt, cache_misses = 122500
preemptive halt, cache_misses = 122500
preemptive halt, cache_misses = 122500
preemptive halt, cache_misses = 122500
preemptive halt, cache_misses = 122500
preemptive halt, cache_misses = 122500
preemptive halt, cache_misses = 122500
preemptive halt, cache_misses = 122500
preemptive halt, cache_misses = 122500
preemptive halt, cache_misses = 122500
preemptive halt, cache_misses = 122500
preemptive halt, cache_misses = 122500
preemptive halt, cache_misses = 122500
preemptive halt, cache_misses = 122500
preemptive halt, cache_misses = 122500
preemptive halt, cache_misses = 122500
preemptive halt, cache_misses = 122500
preemptive halt, cache_misses = 122500
preemptive halt, cache_misses = 122500
preemptive halt, cache_misses = 122500
preemptive halt, cache_misses = 122500
preemptive halt, cache_misses = 122500
preemptive halt, cache_misses = 122500
preemptive halt, cache_misses = 122500
preemptive halt, cache_misses = 122500
preemptive halt, cache_misses = 122500
preemptive halt, cache_misses = 122500
preemptive halt, cache_misses = 122500
preemptive halt, cache_misses = 122500
preemptive halt, cache_misses = 122500
preemptive halt, cache_misses = 122500
preemptive halt, cache_misses = 122500
preemptive halt, cache_misses = 122500
preemptive halt, cache_misses = 122500
preemptive halt, cache_misses = 122500
preemptive halt, cache_misses = 122500
preemptive halt, cache_misses = 122500
preemptive halt, cache_misses = 122500
preemptive halt, cache_misses = 122500
preemptive halt, cache_misses = 122500
preemptive halt, cache_misses = 122500
preemptive halt, cache_misses = 122500
preemptive halt, cache_misses = 122500
preemptive halt, cache_misses = 122500
preemptive halt, cache_misses = 122500
preemptive halt, cache_misses = 122500
preemptive halt, cache_misses = 122500
preemptive halt, cache_misses = 122500
preemptive halt, cache_misses = 122500
preemptive halt, cache_misses = 122500
preemptive halt, cache_misses = 122500
preemptive halt, cache_misses = 122500
preemptive halt, cache_misses = 122500
preemptive halt, cache_misses = 122500
preemptive halt, cache_misses = 122500
preemptive halt, cache_misses = 122500
preemptive halt, cache_misses = 122500
preemptive halt, cache_misses = 122500
preemptive halt, cache_misses = 122500
preemptive halt, cache_misses = 122500
preemptive halt, cache_misses = 122500
preemptive halt, cache_misses = 122500
preemptive halt, cache_misses = 122500
preemptive halt, cache_misses = 122500
preemptive halt, cache_misses = 122500
preemptive halt, cache_misses = 122500
preemptive halt, cache_misses = 122500
preemptive halt, cache_misses = 122500
preemptive halt, cache_misses = 122500
preemptive halt, cache_misses = 122500
preemptive halt, cache_misses = 122500
preemptive halt, cache_misses = 122500
preemptive halt, cache_misses = 122500
preemptive halt, cache_misses = 122500
preemptive halt, cache_misses = 122500
preemptive halt, cache_misses = 122500
preemptive halt, cache_misses = 122500
preemptive halt, cache_misses = 122500
preemptive halt, cache_misses = 122500
preemptive halt, cache_misses = 122500
preemptive halt, cache_misses = 122500
preemptive halt, cache_misses = 122500
preemptive halt, cache_misses = 122500
preemptive halt, cache_misses = 122500
preemptive halt, cache_misses = 122500
preemptive halt, cache_misses = 122500
preemptive halt, cache_misses = 122500
preemptive halt, cache_misses = 122500
preemptive halt, cache_misses = 122500
preemptive halt, cache_misses = 122500
preemptive halt, cache_misses = 122500
preemptive halt, cache_misses = 122500
preemptive halt, cache_misses = 122500
preemptive halt, cache_misses = 122500
preemptive halt, cache_misses = 122500
preemptive halt, cache_misses = 122500
preemptive halt, cache_misses = 122500
preemptive halt, cache_misses = 122500
preemptive halt, cache_misses = 122500
preemptive halt, cache_misses = 122500
preemptive halt, cache_misses = 122500
preemptive halt, cache_misses = 122500
preemptive halt, cache_misses = 122500
preemptive halt, cache_misses = 122500
preemptive halt, cache_misses = 122500
preemptive halt, cache_misses = 122500
preemptive halt, cache_misses = 122500
preemptive halt, cache_misses = 122500
preemptive halt, cache_misses = 122500
preemptive halt, cache_misses = 122500
preemptive halt, cache_misses = 122500
preemptive halt, cache_misses = 122500
preemptive halt, cache_misses = 122500
preemptive halt, cache_misses = 122500
preemptive halt, cache_misses = 122500
preemptive halt, cache_misses = 122500
preemptive halt, cache_misses = 122500
preemptive halt, cache_misses = 122500
preemptive halt, cache_misses = 122500
preemptive halt, cache_misses = 122500
preemptive halt, cache_misses = 122500
preemptive halt, cache_misses = 122500
preemptive halt, cache_misses = 122500
preemptive halt, cache_misses = 122500
preemptive halt, cache_misses = 122500
preemptive halt, cache_misses = 122500
preemptive halt, cache_misses = 122500
preemptive halt, cache_misses = 122500
preemptive halt, cache_misses = 122500
preemptive halt, cache_misses = 122500
preemptive halt, cache_misses = 122500
preemptive halt, cache_misses = 122500
preemptive halt, cache_misses = 122500
preemptive halt, cache_misses = 122500
preemptive halt, cache_misses = 122500
preemptive halt, cache_misses = 122500
preemptive halt, cache_misses = 122500
preemptive halt, cache_misses = 122500
preemptive halt, cache_misses = 122500
preemptive halt, cache_misses = 122500
preemptive halt, cache_misses = 122500
preemptive halt, cache_misses = 122500
preemptive halt, cache_misses = 122500
preemptive halt, cache_misses = 122500
preemptive halt, cache_misses = 122500
preemptive halt, cache_misses = 122500
preemptive halt, cache_misses = 122500
preemptive halt, cache_misses = 122500
preemptive halt, cache_misses = 122500
preemptive halt, cache_misses = 122500
preemptive halt, cache_misses = 122500
preemptive halt, cache_misses = 122500
preemptive halt, cache_misses = 122500
preemptive halt, cache_misses = 122500
preemptive halt, cache_misses = 122500
preemptive halt, cache_misses = 122500
preemptive halt, cache_misses = 122500
preemptive halt, cache_misses = 122500
preemptive halt, cache_misses = 122500
preemptive halt, cache_misses = 122500
preemptive halt, cache_misses = 122500
preemptive halt, cache_misses = 122500
preemptive halt, cache_misses = 122500
preemptive halt, cache_misses = 122500
preemptive halt, cache_misses = 122500
preemptive halt, cache_misses = 122500
preemptive halt, cache_misses = 122500
preemptive halt, cache_misses = 122500
preemptive halt, cache_misses = 122500
preemptive halt, cache_misses = 122500
preemptive halt, cache_misses = 122500
preemptive halt, cache_misses = 122500
preemptive halt, cache_misses = 122500
preemptive halt, cache_misses = 122500
preemptive halt, cache_misses = 122500
preemptive halt, cache_misses = 122500
preemptive halt, cache_misses = 122500
preemptive halt, cache_misses = 122500
preemptive halt, cache_misses = 122500
preemptive halt, cache_misses = 122500
preemptive halt, cache_misses = 122500
preemptive halt, cache_misses = 122500
preemptive halt, cache_misses = 122500
preemptive halt, cache_misses = 122500
preemptive halt, cache_misses = 122500
preemptive halt, cache_misses = 122500
preemptive halt, cache_misses = 122500
preemptive halt, cache_misses = 122500
preemptive halt, cache_misses = 122500
preemptive halt, cache_misses = 122500
preemptive halt, cache_misses = 122500
preemptive halt, cache_misses = 122500
preemptive halt, cache_misses = 122500
preemptive halt, cache_misses = 122500
preemptive halt, cache_misses = 122500
binary search, size 81250  misses 122500  min 80000  max 82500
binary search, size 81875  misses 122499  min 81250  max 82500
preemptive halt, cache_misses = 122500
preemptive halt, cache_misses = 122500
preemptive halt, cache_misses = 122500
preemptive halt, cache_misses = 122500
preemptive halt, cache_misses = 122500
preemptive halt, cache_misses = 122500
preemptive halt, cache_misses = 122500
preemptive halt, cache_misses = 122500
preemptive halt, cache_misses = 122500
preemptive halt, cache_misses = 122500
preemptive halt, cache_misses = 122500
preemptive halt, cache_misses = 122500
preemptive halt, cache_misses = 122500
preemptive halt, cache_misses = 122500
preemptive halt, cache_misses = 122500
preemptive halt, cache_misses = 122500
preemptive halt, cache_misses = 122500
preemptive halt, cache_misses = 122500
preemptive halt, cache_misses = 122500
preemptive halt, cache_misses = 122500
preemptive halt, cache_misses = 122500
preemptive halt, cache_misses = 122500
preemptive halt, cache_misses = 122500
preemptive halt, cache_misses = 122500
preemptive halt, cache_misses = 122500
preemptive halt, cache_misses = 122500
preemptive halt, cache_misses = 122500
preemptive halt, cache_misses = 122500
preemptive halt, cache_misses = 122500
preemptive halt, cache_misses = 122500
preemptive halt, cache_misses = 122500
preemptive halt, cache_misses = 122500
preemptive halt, cache_misses = 122500
preemptive halt, cache_misses = 122500
preemptive halt, cache_misses = 122500
preemptive halt, cache_misses = 122500
preemptive halt, cache_misses = 122500
preemptive halt, cache_misses = 122500
preemptive halt, cache_misses = 122500
preemptive halt, cache_misses = 122500
preemptive halt, cache_misses = 122500
preemptive halt, cache_misses = 122500
preemptive halt, cache_misses = 122500
preemptive halt, cache_misses = 122500
preemptive halt, cache_misses = 122500
preemptive halt, cache_misses = 122500
preemptive halt, cache_misses = 122500
preemptive halt, cache_misses = 122500
preemptive halt, cache_misses = 122500
preemptive halt, cache_misses = 122500
preemptive halt, cache_misses = 122500
preemptive halt, cache_misses = 122500
preemptive halt, cache_misses = 122500
preemptive halt, cache_misses = 122500
preemptive halt, cache_misses = 122500
preemptive halt, cache_misses = 122500
preemptive halt, cache_misses = 122500
preemptive halt, cache_misses = 122500
preemptive halt, cache_misses = 122500
preemptive halt, cache_misses = 122500
preemptive halt, cache_misses = 122500
preemptive halt, cache_misses = 122500
preemptive halt, cache_misses = 122500
preemptive halt, cache_misses = 122500
preemptive halt, cache_misses = 122500
preemptive halt, cache_misses = 122500
preemptive halt, cache_misses = 122500
preemptive halt, cache_misses = 122500
preemptive halt, cache_misses = 122500
preemptive halt, cache_misses = 122500
preemptive halt, cache_misses = 122500
preemptive halt, cache_misses = 122500
preemptive halt, cache_misses = 122500
preemptive halt, cache_misses = 122500
preemptive halt, cache_misses = 122500
preemptive halt, cache_misses = 122500
preemptive halt, cache_misses = 122500
preemptive halt, cache_misses = 122500
preemptive halt, cache_misses = 122500
preemptive halt, cache_misses = 122500
preemptive halt, cache_misses = 122500
preemptive halt, cache_misses = 122500
preemptive halt, cache_misses = 122500
preemptive halt, cache_misses = 122500
preemptive halt, cache_misses = 122500
preemptive halt, cache_misses = 122500
preemptive halt, cache_misses = 122500
preemptive halt, cache_misses = 122500
preemptive halt, cache_misses = 122500
preemptive halt, cache_misses = 122500
preemptive halt, cache_misses = 122500
preemptive halt, cache_misses = 122500
preemptive halt, cache_misses = 122500
preemptive halt, cache_misses = 122500
preemptive halt, cache_misses = 122500
preemptive halt, cache_misses = 122500
preemptive halt, cache_misses = 122500
preemptive halt, cache_misses = 122500
preemptive halt, cache_misses = 122500
preemptive halt, cache_misses = 122500
preemptive halt, cache_misses = 122500
preemptive halt, cache_misses = 122500
preemptive halt, cache_misses = 122500
preemptive halt, cache_misses = 122500
preemptive halt, cache_misses = 122500
preemptive halt, cache_misses = 122500
preemptive halt, cache_misses = 122500
preemptive halt, cache_misses = 122500
preemptive halt, cache_misses = 122500
preemptive halt, cache_misses = 122500
preemptive halt, cache_misses = 122500
preemptive halt, cache_misses = 122500
preemptive halt, cache_misses = 122500
preemptive halt, cache_misses = 122500
preemptive halt, cache_misses = 122500
preemptive halt, cache_misses = 122500
preemptive halt, cache_misses = 122500
preemptive halt, cache_misses = 122500
preemptive halt, cache_misses = 122500
preemptive halt, cache_misses = 122500
preemptive halt, cache_misses = 122500
preemptive halt, cache_misses = 122500
preemptive halt, cache_misses = 122500
preemptive halt, cache_misses = 122500
preemptive halt, cache_misses = 122500
preemptive halt, cache_misses = 122500
preemptive halt, cache_misses = 122500
preemptive halt, cache_misses = 122500
preemptive halt, cache_misses = 122500
preemptive halt, cache_misses = 122500
preemptive halt, cache_misses = 122500
preemptive halt, cache_misses = 122500
preemptive halt, cache_misses = 122500
preemptive halt, cache_misses = 122500
preemptive halt, cache_misses = 122500
preemptive halt, cache_misses = 122500
preemptive halt, cache_misses = 122500
preemptive halt, cache_misses = 122500
preemptive halt, cache_misses = 122500
preemptive halt, cache_misses = 122500
preemptive halt, cache_misses = 122500
preemptive halt, cache_misses = 122500
preemptive halt, cache_misses = 122500
preemptive halt, cache_misses = 122500
preemptive halt, cache_misses = 122500
preemptive halt, cache_misses = 122500
preemptive halt, cache_misses = 122500
preemptive halt, cache_misses = 122500
preemptive halt, cache_misses = 122500
preemptive halt, cache_misses = 122500
preemptive halt, cache_misses = 122500
preemptive halt, cache_misses = 122500
preemptive halt, cache_misses = 122500
preemptive halt, cache_misses = 122500
preemptive halt, cache_misses = 122500
preemptive halt, cache_misses = 122500
preemptive halt, cache_misses = 122500
preemptive halt, cache_misses = 122500
preemptive halt, cache_misses = 122500
preemptive halt, cache_misses = 122500
preemptive halt, cache_misses = 122500
preemptive halt, cache_misses = 122500
preemptive halt, cache_misses = 122500
preemptive halt, cache_misses = 122500
preemptive halt, cache_misses = 122500
preemptive halt, cache_misses = 122500
preemptive halt, cache_misses = 122500
preemptive halt, cache_misses = 122500
preemptive halt, cache_misses = 122500
preemptive halt, cache_misses = 122500
preemptive halt, cache_misses = 122500
preemptive halt, cache_misses = 122500
preemptive halt, cache_misses = 122500
preemptive halt, cache_misses = 122500
preemptive halt, cache_misses = 122500
preemptive halt, cache_misses = 122500
preemptive halt, cache_misses = 122500
preemptive halt, cache_misses = 122500
preemptive halt, cache_misses = 122500
preemptive halt, cache_misses = 122500
preemptive halt, cache_misses = 122500
preemptive halt, cache_misses = 122500
preemptive halt, cache_misses = 122500
preemptive halt, cache_misses = 122500
preemptive halt, cache_misses = 122500
preemptive halt, cache_misses = 122500
preemptive halt, cache_misses = 122500
preemptive halt, cache_misses = 122500
preemptive halt, cache_misses = 122500
preemptive halt, cache_misses = 122500
preemptive halt, cache_misses = 122500
preemptive halt, cache_misses = 122500
preemptive halt, cache_misses = 122500
preemptive halt, cache_misses = 122500
preemptive halt, cache_misses = 122500
preemptive halt, cache_misses = 122500
preemptive halt, cache_misses = 122500
preemptive halt, cache_misses = 122500
preemptive halt, cache_misses = 122500
preemptive halt, cache_misses = 122500
preemptive halt, cache_misses = 122500
preemptive halt, cache_misses = 122500
preemptive halt, cache_misses = 122500
preemptive halt, cache_misses = 122500
preemptive halt, cache_misses = 122500
preemptive halt, cache_misses = 122500
preemptive halt, cache_misses = 122500
preemptive halt, cache_misses = 122500
preemptive halt, cache_misses = 122500
preemptive halt, cache_misses = 122500
preemptive halt, cache_misses = 122500
preemptive halt, cache_misses = 122500
preemptive halt, cache_misses = 122500
preemptive halt, cache_misses = 122500
preemptive halt, cache_misses = 122500
preemptive halt, cache_misses = 122500
preemptive halt, cache_misses = 122500
preemptive halt, cache_misses = 122500
preemptive halt, cache_misses = 122500
preemptive halt, cache_misses = 122500
preemptive halt, cache_misses = 122500
preemptive halt, cache_misses = 122500
preemptive halt, cache_misses = 122500
preemptive halt, cache_misses = 122500
preemptive halt, cache_misses = 122500
preemptive halt, cache_misses = 122500
preemptive halt, cache_misses = 122500
preemptive halt, cache_misses = 122500
preemptive halt, cache_misses = 122500
preemptive halt, cache_misses = 122500
preemptive halt, cache_misses = 122500
preemptive halt, cache_misses = 122500
binary search, size 81562  misses 122500  min 81250  max 81875
binary search, size 81718  misses 122499  min 81562  max 81875
preemptive halt, cache_misses = 122500
preemptive halt, cache_misses = 122500
preemptive halt, cache_misses = 122500
preemptive halt, cache_misses = 122500
preemptive halt, cache_misses = 122500
preemptive halt, cache_misses = 122500
preemptive halt, cache_misses = 122500
preemptive halt, cache_misses = 122500
preemptive halt, cache_misses = 122500
preemptive halt, cache_misses = 122500
preemptive halt, cache_misses = 122500
preemptive halt, cache_misses = 122500
preemptive halt, cache_misses = 122500
preemptive halt, cache_misses = 122500
preemptive halt, cache_misses = 122500
preemptive halt, cache_misses = 122500
preemptive halt, cache_misses = 122500
preemptive halt, cache_misses = 122500
preemptive halt, cache_misses = 122500
preemptive halt, cache_misses = 122500
preemptive halt, cache_misses = 122500
preemptive halt, cache_misses = 122500
preemptive halt, cache_misses = 122500
preemptive halt, cache_misses = 122500
preemptive halt, cache_misses = 122500
preemptive halt, cache_misses = 122500
preemptive halt, cache_misses = 122500
preemptive halt, cache_misses = 122500
preemptive halt, cache_misses = 122500
preemptive halt, cache_misses = 122500
preemptive halt, cache_misses = 122500
preemptive halt, cache_misses = 122500
preemptive halt, cache_misses = 122500
preemptive halt, cache_misses = 122500
preemptive halt, cache_misses = 122500
preemptive halt, cache_misses = 122500
preemptive halt, cache_misses = 122500
preemptive halt, cache_misses = 122500
preemptive halt, cache_misses = 122500
preemptive halt, cache_misses = 122500
preemptive halt, cache_misses = 122500
preemptive halt, cache_misses = 122500
preemptive halt, cache_misses = 122500
preemptive halt, cache_misses = 122500
preemptive halt, cache_misses = 122500
preemptive halt, cache_misses = 122500
preemptive halt, cache_misses = 122500
preemptive halt, cache_misses = 122500
preemptive halt, cache_misses = 122500
preemptive halt, cache_misses = 122500
preemptive halt, cache_misses = 122500
preemptive halt, cache_misses = 122500
preemptive halt, cache_misses = 122500
preemptive halt, cache_misses = 122500
preemptive halt, cache_misses = 122500
preemptive halt, cache_misses = 122500
preemptive halt, cache_misses = 122500
preemptive halt, cache_misses = 122500
preemptive halt, cache_misses = 122500
preemptive halt, cache_misses = 122500
preemptive halt, cache_misses = 122500
preemptive halt, cache_misses = 122500
preemptive halt, cache_misses = 122500
preemptive halt, cache_misses = 122500
preemptive halt, cache_misses = 122500
preemptive halt, cache_misses = 122500
preemptive halt, cache_misses = 122500
preemptive halt, cache_misses = 122500
preemptive halt, cache_misses = 122500
preemptive halt, cache_misses = 122500
preemptive halt, cache_misses = 122500
preemptive halt, cache_misses = 122500
preemptive halt, cache_misses = 122500
preemptive halt, cache_misses = 122500
preemptive halt, cache_misses = 122500
preemptive halt, cache_misses = 122500
preemptive halt, cache_misses = 122500
preemptive halt, cache_misses = 122500
preemptive halt, cache_misses = 122500
preemptive halt, cache_misses = 122500
preemptive halt, cache_misses = 122500
preemptive halt, cache_misses = 122500
preemptive halt, cache_misses = 122500
preemptive halt, cache_misses = 122500
preemptive halt, cache_misses = 122500
preemptive halt, cache_misses = 122500
preemptive halt, cache_misses = 122500
preemptive halt, cache_misses = 122500
preemptive halt, cache_misses = 122500
preemptive halt, cache_misses = 122500
preemptive halt, cache_misses = 122500
preemptive halt, cache_misses = 122500
preemptive halt, cache_misses = 122500
preemptive halt, cache_misses = 122500
preemptive halt, cache_misses = 122500
preemptive halt, cache_misses = 122500
preemptive halt, cache_misses = 122500
preemptive halt, cache_misses = 122500
preemptive halt, cache_misses = 122500
preemptive halt, cache_misses = 122500
preemptive halt, cache_misses = 122500
preemptive halt, cache_misses = 122500
preemptive halt, cache_misses = 122500
preemptive halt, cache_misses = 122500
preemptive halt, cache_misses = 122500
preemptive halt, cache_misses = 122500
preemptive halt, cache_misses = 122500
preemptive halt, cache_misses = 122500
preemptive halt, cache_misses = 122500
preemptive halt, cache_misses = 122500
preemptive halt, cache_misses = 122500
preemptive halt, cache_misses = 122500
preemptive halt, cache_misses = 122500
preemptive halt, cache_misses = 122500
preemptive halt, cache_misses = 122500
preemptive halt, cache_misses = 122500
preemptive halt, cache_misses = 122500
preemptive halt, cache_misses = 122500
preemptive halt, cache_misses = 122500
preemptive halt, cache_misses = 122500
preemptive halt, cache_misses = 122500
preemptive halt, cache_misses = 122500
preemptive halt, cache_misses = 122500
preemptive halt, cache_misses = 122500
preemptive halt, cache_misses = 122500
preemptive halt, cache_misses = 122500
preemptive halt, cache_misses = 122500
preemptive halt, cache_misses = 122500
preemptive halt, cache_misses = 122500
preemptive halt, cache_misses = 122500
preemptive halt, cache_misses = 122500
preemptive halt, cache_misses = 122500
preemptive halt, cache_misses = 122500
preemptive halt, cache_misses = 122500
preemptive halt, cache_misses = 122500
preemptive halt, cache_misses = 122500
preemptive halt, cache_misses = 122500
preemptive halt, cache_misses = 122500
preemptive halt, cache_misses = 122500
preemptive halt, cache_misses = 122500
preemptive halt, cache_misses = 122500
preemptive halt, cache_misses = 122500
preemptive halt, cache_misses = 122500
preemptive halt, cache_misses = 122500
preemptive halt, cache_misses = 122500
preemptive halt, cache_misses = 122500
preemptive halt, cache_misses = 122500
preemptive halt, cache_misses = 122500
preemptive halt, cache_misses = 122500
preemptive halt, cache_misses = 122500
preemptive halt, cache_misses = 122500
preemptive halt, cache_misses = 122500
preemptive halt, cache_misses = 122500
preemptive halt, cache_misses = 122500
preemptive halt, cache_misses = 122500
preemptive halt, cache_misses = 122500
preemptive halt, cache_misses = 122500
preemptive halt, cache_misses = 122500
preemptive halt, cache_misses = 122500
preemptive halt, cache_misses = 122500
preemptive halt, cache_misses = 122500
preemptive halt, cache_misses = 122500
preemptive halt, cache_misses = 122500
preemptive halt, cache_misses = 122500
preemptive halt, cache_misses = 122500
preemptive halt, cache_misses = 122500
preemptive halt, cache_misses = 122500
preemptive halt, cache_misses = 122500
preemptive halt, cache_misses = 122500
preemptive halt, cache_misses = 122500
preemptive halt, cache_misses = 122500
preemptive halt, cache_misses = 122500
preemptive halt, cache_misses = 122500
preemptive halt, cache_misses = 122500
preemptive halt, cache_misses = 122500
preemptive halt, cache_misses = 122500
preemptive halt, cache_misses = 122500
preemptive halt, cache_misses = 122500
preemptive halt, cache_misses = 122500
preemptive halt, cache_misses = 122500
preemptive halt, cache_misses = 122500
preemptive halt, cache_misses = 122500
preemptive halt, cache_misses = 122500
preemptive halt, cache_misses = 122500
preemptive halt, cache_misses = 122500
preemptive halt, cache_misses = 122500
preemptive halt, cache_misses = 122500
preemptive halt, cache_misses = 122500
preemptive halt, cache_misses = 122500
preemptive halt, cache_misses = 122500
preemptive halt, cache_misses = 122500
preemptive halt, cache_misses = 122500
preemptive halt, cache_misses = 122500
preemptive halt, cache_misses = 122500
preemptive halt, cache_misses = 122500
preemptive halt, cache_misses = 122500
preemptive halt, cache_misses = 122500
preemptive halt, cache_misses = 122500
preemptive halt, cache_misses = 122500
preemptive halt, cache_misses = 122500
preemptive halt, cache_misses = 122500
preemptive halt, cache_misses = 122500
preemptive halt, cache_misses = 122500
preemptive halt, cache_misses = 122500
preemptive halt, cache_misses = 122500
preemptive halt, cache_misses = 122500
preemptive halt, cache_misses = 122500
preemptive halt, cache_misses = 122500
preemptive halt, cache_misses = 122500
preemptive halt, cache_misses = 122500
preemptive halt, cache_misses = 122500
preemptive halt, cache_misses = 122500
preemptive halt, cache_misses = 122500
preemptive halt, cache_misses = 122500
preemptive halt, cache_misses = 122500
preemptive halt, cache_misses = 122500
preemptive halt, cache_misses = 122500
preemptive halt, cache_misses = 122500
preemptive halt, cache_misses = 122500
preemptive halt, cache_misses = 122500
preemptive halt, cache_misses = 122500
preemptive halt, cache_misses = 122500
preemptive halt, cache_misses = 122500
preemptive halt, cache_misses = 122500
preemptive halt, cache_misses = 122500
preemptive halt, cache_misses = 122500
preemptive halt, cache_misses = 122500
preemptive halt, cache_misses = 122500
preemptive halt, cache_misses = 122500
preemptive halt, cache_misses = 122500
preemptive halt, cache_misses = 122500
preemptive halt, cache_misses = 122500
binary search, size 81640  misses 122500  min 81562  max 81718
binary search, size 81679  misses 122499  min 81640  max 81718
preemptive halt, cache_misses = 122500
preemptive halt, cache_misses = 122500
preemptive halt, cache_misses = 122500
preemptive halt, cache_misses = 122500
preemptive halt, cache_misses = 122500
preemptive halt, cache_misses = 122500
preemptive halt, cache_misses = 122500
preemptive halt, cache_misses = 122500
preemptive halt, cache_misses = 122500
preemptive halt, cache_misses = 122500
preemptive halt, cache_misses = 122500
preemptive halt, cache_misses = 122500
preemptive halt, cache_misses = 122500
preemptive halt, cache_misses = 122500
preemptive halt, cache_misses = 122500
preemptive halt, cache_misses = 122500
preemptive halt, cache_misses = 122500
preemptive halt, cache_misses = 122500
preemptive halt, cache_misses = 122500
preemptive halt, cache_misses = 122500
preemptive halt, cache_misses = 122500
preemptive halt, cache_misses = 122500
preemptive halt, cache_misses = 122500
preemptive halt, cache_misses = 122500
preemptive halt, cache_misses = 122500
preemptive halt, cache_misses = 122500
preemptive halt, cache_misses = 122500
preemptive halt, cache_misses = 122500
preemptive halt, cache_misses = 122500
preemptive halt, cache_misses = 122500
preemptive halt, cache_misses = 122500
preemptive halt, cache_misses = 122500
preemptive halt, cache_misses = 122500
preemptive halt, cache_misses = 122500
preemptive halt, cache_misses = 122500
preemptive halt, cache_misses = 122500
preemptive halt, cache_misses = 122500
preemptive halt, cache_misses = 122500
preemptive halt, cache_misses = 122500
preemptive halt, cache_misses = 122500
preemptive halt, cache_misses = 122500
preemptive halt, cache_misses = 122500
preemptive halt, cache_misses = 122500
preemptive halt, cache_misses = 122500
preemptive halt, cache_misses = 122500
preemptive halt, cache_misses = 122500
preemptive halt, cache_misses = 122500
preemptive halt, cache_misses = 122500
preemptive halt, cache_misses = 122500
preemptive halt, cache_misses = 122500
preemptive halt, cache_misses = 122500
preemptive halt, cache_misses = 122500
preemptive halt, cache_misses = 122500
preemptive halt, cache_misses = 122500
preemptive halt, cache_misses = 122500
preemptive halt, cache_misses = 122500
preemptive halt, cache_misses = 122500
preemptive halt, cache_misses = 122500
preemptive halt, cache_misses = 122500
preemptive halt, cache_misses = 122500
preemptive halt, cache_misses = 122500
preemptive halt, cache_misses = 122500
preemptive halt, cache_misses = 122500
preemptive halt, cache_misses = 122500
preemptive halt, cache_misses = 122500
preemptive halt, cache_misses = 122500
preemptive halt, cache_misses = 122500
preemptive halt, cache_misses = 122500
preemptive halt, cache_misses = 122500
preemptive halt, cache_misses = 122500
preemptive halt, cache_misses = 122500
preemptive halt, cache_misses = 122500
preemptive halt, cache_misses = 122500
preemptive halt, cache_misses = 122500
preemptive halt, cache_misses = 122500
preemptive halt, cache_misses = 122500
preemptive halt, cache_misses = 122500
preemptive halt, cache_misses = 122500
preemptive halt, cache_misses = 122500
preemptive halt, cache_misses = 122500
preemptive halt, cache_misses = 122500
preemptive halt, cache_misses = 122500
preemptive halt, cache_misses = 122500
preemptive halt, cache_misses = 122500
preemptive halt, cache_misses = 122500
preemptive halt, cache_misses = 122500
preemptive halt, cache_misses = 122500
preemptive halt, cache_misses = 122500
preemptive halt, cache_misses = 122500
preemptive halt, cache_misses = 122500
preemptive halt, cache_misses = 122500
preemptive halt, cache_misses = 122500
preemptive halt, cache_misses = 122500
preemptive halt, cache_misses = 122500
preemptive halt, cache_misses = 122500
preemptive halt, cache_misses = 122500
preemptive halt, cache_misses = 122500
preemptive halt, cache_misses = 122500
preemptive halt, cache_misses = 122500
preemptive halt, cache_misses = 122500
preemptive halt, cache_misses = 122500
preemptive halt, cache_misses = 122500
preemptive halt, cache_misses = 122500
preemptive halt, cache_misses = 122500
preemptive halt, cache_misses = 122500
preemptive halt, cache_misses = 122500
preemptive halt, cache_misses = 122500
preemptive halt, cache_misses = 122500
preemptive halt, cache_misses = 122500
preemptive halt, cache_misses = 122500
preemptive halt, cache_misses = 122500
preemptive halt, cache_misses = 122500
preemptive halt, cache_misses = 122500
preemptive halt, cache_misses = 122500
preemptive halt, cache_misses = 122500
preemptive halt, cache_misses = 122500
preemptive halt, cache_misses = 122500
preemptive halt, cache_misses = 122500
preemptive halt, cache_misses = 122500
preemptive halt, cache_misses = 122500
preemptive halt, cache_misses = 122500
preemptive halt, cache_misses = 122500
preemptive halt, cache_misses = 122500
preemptive halt, cache_misses = 122500
preemptive halt, cache_misses = 122500
preemptive halt, cache_misses = 122500
preemptive halt, cache_misses = 122500
preemptive halt, cache_misses = 122500
preemptive halt, cache_misses = 122500
preemptive halt, cache_misses = 122500
preemptive halt, cache_misses = 122500
preemptive halt, cache_misses = 122500
preemptive halt, cache_misses = 122500
preemptive halt, cache_misses = 122500
preemptive halt, cache_misses = 122500
preemptive halt, cache_misses = 122500
preemptive halt, cache_misses = 122500
preemptive halt, cache_misses = 122500
preemptive halt, cache_misses = 122500
preemptive halt, cache_misses = 122500
preemptive halt, cache_misses = 122500
preemptive halt, cache_misses = 122500
preemptive halt, cache_misses = 122500
preemptive halt, cache_misses = 122500
preemptive halt, cache_misses = 122500
preemptive halt, cache_misses = 122500
preemptive halt, cache_misses = 122500
preemptive halt, cache_misses = 122500
preemptive halt, cache_misses = 122500
preemptive halt, cache_misses = 122500
preemptive halt, cache_misses = 122500
preemptive halt, cache_misses = 122500
preemptive halt, cache_misses = 122500
preemptive halt, cache_misses = 122500
preemptive halt, cache_misses = 122500
preemptive halt, cache_misses = 122500
preemptive halt, cache_misses = 122500
preemptive halt, cache_misses = 122500
preemptive halt, cache_misses = 122500
preemptive halt, cache_misses = 122500
preemptive halt, cache_misses = 122500
preemptive halt, cache_misses = 122500
preemptive halt, cache_misses = 122500
preemptive halt, cache_misses = 122500
preemptive halt, cache_misses = 122500
preemptive halt, cache_misses = 122500
preemptive halt, cache_misses = 122500
preemptive halt, cache_misses = 122500
preemptive halt, cache_misses = 122500
preemptive halt, cache_misses = 122500
preemptive halt, cache_misses = 122500
preemptive halt, cache_misses = 122500
preemptive halt, cache_misses = 122500
preemptive halt, cache_misses = 122500
preemptive halt, cache_misses = 122500
preemptive halt, cache_misses = 122500
preemptive halt, cache_misses = 122500
preemptive halt, cache_misses = 122500
preemptive halt, cache_misses = 122500
preemptive halt, cache_misses = 122500
preemptive halt, cache_misses = 122500
preemptive halt, cache_misses = 122500
preemptive halt, cache_misses = 122500
preemptive halt, cache_misses = 122500
preemptive halt, cache_misses = 122500
preemptive halt, cache_misses = 122500
preemptive halt, cache_misses = 122500
preemptive halt, cache_misses = 122500
preemptive halt, cache_misses = 122500
preemptive halt, cache_misses = 122500
preemptive halt, cache_misses = 122500
preemptive halt, cache_misses = 122500
preemptive halt, cache_misses = 122500
preemptive halt, cache_misses = 122500
preemptive halt, cache_misses = 122500
preemptive halt, cache_misses = 122500
preemptive halt, cache_misses = 122500
preemptive halt, cache_misses = 122500
preemptive halt, cache_misses = 122500
preemptive halt, cache_misses = 122500
preemptive halt, cache_misses = 122500
preemptive halt, cache_misses = 122500
preemptive halt, cache_misses = 122500
preemptive halt, cache_misses = 122500
preemptive halt, cache_misses = 122500
preemptive halt, cache_misses = 122500
preemptive halt, cache_misses = 122500
preemptive halt, cache_misses = 122500
preemptive halt, cache_misses = 122500
preemptive halt, cache_misses = 122500
preemptive halt, cache_misses = 122500
preemptive halt, cache_misses = 122500
preemptive halt, cache_misses = 122500
preemptive halt, cache_misses = 122500
preemptive halt, cache_misses = 122500
preemptive halt, cache_misses = 122500
preemptive halt, cache_misses = 122500
preemptive halt, cache_misses = 122500
preemptive halt, cache_misses = 122500
preemptive halt, cache_misses = 122500
preemptive halt, cache_misses = 122500
preemptive halt, cache_misses = 122500
preemptive halt, cache_misses = 122500
preemptive halt, cache_misses = 122500
preemptive halt, cache_misses = 122500
preemptive halt, cache_misses = 122500
preemptive halt, cache_misses = 122500
preemptive halt, cache_misses = 122500
preemptive halt, cache_misses = 122500
preemptive halt, cache_misses = 122500
preemptive halt, cache_misses = 122500
preemptive halt, cache_misses = 122500
binary search, size 81659  misses 122500  min 81640  max 81679
binary search, size 81669  misses 122499  min 81659  max 81679
preemptive halt, cache_misses = 122500
preemptive halt, cache_misses = 122500
preemptive halt, cache_misses = 122500
preemptive halt, cache_misses = 122500
preemptive halt, cache_misses = 122500
preemptive halt, cache_misses = 122500
preemptive halt, cache_misses = 122500
preemptive halt, cache_misses = 122500
preemptive halt, cache_misses = 122500
preemptive halt, cache_misses = 122500
preemptive halt, cache_misses = 122500
preemptive halt, cache_misses = 122500
preemptive halt, cache_misses = 122500
preemptive halt, cache_misses = 122500
preemptive halt, cache_misses = 122500
preemptive halt, cache_misses = 122500
preemptive halt, cache_misses = 122500
preemptive halt, cache_misses = 122500
preemptive halt, cache_misses = 122500
preemptive halt, cache_misses = 122500
preemptive halt, cache_misses = 122500
preemptive halt, cache_misses = 122500
preemptive halt, cache_misses = 122500
preemptive halt, cache_misses = 122500
preemptive halt, cache_misses = 122500
preemptive halt, cache_misses = 122500
preemptive halt, cache_misses = 122500
preemptive halt, cache_misses = 122500
preemptive halt, cache_misses = 122500
preemptive halt, cache_misses = 122500
preemptive halt, cache_misses = 122500
preemptive halt, cache_misses = 122500
preemptive halt, cache_misses = 122500
preemptive halt, cache_misses = 122500
preemptive halt, cache_misses = 122500
preemptive halt, cache_misses = 122500
preemptive halt, cache_misses = 122500
preemptive halt, cache_misses = 122500
preemptive halt, cache_misses = 122500
preemptive halt, cache_misses = 122500
preemptive halt, cache_misses = 122500
preemptive halt, cache_misses = 122500
preemptive halt, cache_misses = 122500
preemptive halt, cache_misses = 122500
preemptive halt, cache_misses = 122500
preemptive halt, cache_misses = 122500
preemptive halt, cache_misses = 122500
preemptive halt, cache_misses = 122500
preemptive halt, cache_misses = 122500
preemptive halt, cache_misses = 122500
preemptive halt, cache_misses = 122500
preemptive halt, cache_misses = 122500
preemptive halt, cache_misses = 122500
preemptive halt, cache_misses = 122500
preemptive halt, cache_misses = 122500
preemptive halt, cache_misses = 122500
preemptive halt, cache_misses = 122500
preemptive halt, cache_misses = 122500
preemptive halt, cache_misses = 122500
preemptive halt, cache_misses = 122500
preemptive halt, cache_misses = 122500
preemptive halt, cache_misses = 122500
preemptive halt, cache_misses = 122500
preemptive halt, cache_misses = 122500
preemptive halt, cache_misses = 122500
preemptive halt, cache_misses = 122500
preemptive halt, cache_misses = 122500
preemptive halt, cache_misses = 122500
preemptive halt, cache_misses = 122500
preemptive halt, cache_misses = 122500
preemptive halt, cache_misses = 122500
preemptive halt, cache_misses = 122500
preemptive halt, cache_misses = 122500
preemptive halt, cache_misses = 122500
preemptive halt, cache_misses = 122500
preemptive halt, cache_misses = 122500
preemptive halt, cache_misses = 122500
preemptive halt, cache_misses = 122500
preemptive halt, cache_misses = 122500
preemptive halt, cache_misses = 122500
preemptive halt, cache_misses = 122500
preemptive halt, cache_misses = 122500
preemptive halt, cache_misses = 122500
preemptive halt, cache_misses = 122500
preemptive halt, cache_misses = 122500
preemptive halt, cache_misses = 122500
preemptive halt, cache_misses = 122500
preemptive halt, cache_misses = 122500
preemptive halt, cache_misses = 122500
preemptive halt, cache_misses = 122500
preemptive halt, cache_misses = 122500
preemptive halt, cache_misses = 122500
preemptive halt, cache_misses = 122500
preemptive halt, cache_misses = 122500
preemptive halt, cache_misses = 122500
preemptive halt, cache_misses = 122500
preemptive halt, cache_misses = 122500
preemptive halt, cache_misses = 122500
preemptive halt, cache_misses = 122500
preemptive halt, cache_misses = 122500
preemptive halt, cache_misses = 122500
preemptive halt, cache_misses = 122500
preemptive halt, cache_misses = 122500
preemptive halt, cache_misses = 122500
preemptive halt, cache_misses = 122500
preemptive halt, cache_misses = 122500
preemptive halt, cache_misses = 122500
preemptive halt, cache_misses = 122500
preemptive halt, cache_misses = 122500
preemptive halt, cache_misses = 122500
preemptive halt, cache_misses = 122500
preemptive halt, cache_misses = 122500
preemptive halt, cache_misses = 122500
preemptive halt, cache_misses = 122500
preemptive halt, cache_misses = 122500
preemptive halt, cache_misses = 122500
preemptive halt, cache_misses = 122500
preemptive halt, cache_misses = 122500
preemptive halt, cache_misses = 122500
preemptive halt, cache_misses = 122500
preemptive halt, cache_misses = 122500
preemptive halt, cache_misses = 122500
preemptive halt, cache_misses = 122500
preemptive halt, cache_misses = 122500
preemptive halt, cache_misses = 122500
preemptive halt, cache_misses = 122500
preemptive halt, cache_misses = 122500
preemptive halt, cache_misses = 122500
preemptive halt, cache_misses = 122500
preemptive halt, cache_misses = 122500
preemptive halt, cache_misses = 122500
preemptive halt, cache_misses = 122500
preemptive halt, cache_misses = 122500
preemptive halt, cache_misses = 122500
preemptive halt, cache_misses = 122500
preemptive halt, cache_misses = 122500
preemptive halt, cache_misses = 122500
preemptive halt, cache_misses = 122500
preemptive halt, cache_misses = 122500
preemptive halt, cache_misses = 122500
preemptive halt, cache_misses = 122500
preemptive halt, cache_misses = 122500
preemptive halt, cache_misses = 122500
preemptive halt, cache_misses = 122500
preemptive halt, cache_misses = 122500
preemptive halt, cache_misses = 122500
preemptive halt, cache_misses = 122500
preemptive halt, cache_misses = 122500
preemptive halt, cache_misses = 122500
preemptive halt, cache_misses = 122500
preemptive halt, cache_misses = 122500
preemptive halt, cache_misses = 122500
preemptive halt, cache_misses = 122500
preemptive halt, cache_misses = 122500
preemptive halt, cache_misses = 122500
preemptive halt, cache_misses = 122500
preemptive halt, cache_misses = 122500
preemptive halt, cache_misses = 122500
preemptive halt, cache_misses = 122500
preemptive halt, cache_misses = 122500
preemptive halt, cache_misses = 122500
preemptive halt, cache_misses = 122500
preemptive halt, cache_misses = 122500
preemptive halt, cache_misses = 122500
preemptive halt, cache_misses = 122500
preemptive halt, cache_misses = 122500
preemptive halt, cache_misses = 122500
preemptive halt, cache_misses = 122500
preemptive halt, cache_misses = 122500
preemptive halt, cache_misses = 122500
preemptive halt, cache_misses = 122500
preemptive halt, cache_misses = 122500
preemptive halt, cache_misses = 122500
preemptive halt, cache_misses = 122500
preemptive halt, cache_misses = 122500
preemptive halt, cache_misses = 122500
preemptive halt, cache_misses = 122500
preemptive halt, cache_misses = 122500
preemptive halt, cache_misses = 122500
preemptive halt, cache_misses = 122500
preemptive halt, cache_misses = 122500
preemptive halt, cache_misses = 122500
preemptive halt, cache_misses = 122500
preemptive halt, cache_misses = 122500
preemptive halt, cache_misses = 122500
preemptive halt, cache_misses = 122500
preemptive halt, cache_misses = 122500
preemptive halt, cache_misses = 122500
preemptive halt, cache_misses = 122500
preemptive halt, cache_misses = 122500
preemptive halt, cache_misses = 122500
preemptive halt, cache_misses = 122500
preemptive halt, cache_misses = 122500
preemptive halt, cache_misses = 122500
preemptive halt, cache_misses = 122500
preemptive halt, cache_misses = 122500
preemptive halt, cache_misses = 122500
preemptive halt, cache_misses = 122500
preemptive halt, cache_misses = 122500
preemptive halt, cache_misses = 122500
preemptive halt, cache_misses = 122500
preemptive halt, cache_misses = 122500
preemptive halt, cache_misses = 122500
preemptive halt, cache_misses = 122500
preemptive halt, cache_misses = 122500
preemptive halt, cache_misses = 122500
preemptive halt, cache_misses = 122500
preemptive halt, cache_misses = 122500
preemptive halt, cache_misses = 122500
preemptive halt, cache_misses = 122500
preemptive halt, cache_misses = 122500
preemptive halt, cache_misses = 122500
preemptive halt, cache_misses = 122500
preemptive halt, cache_misses = 122500
preemptive halt, cache_misses = 122500
preemptive halt, cache_misses = 122500
preemptive halt, cache_misses = 122500
preemptive halt, cache_misses = 122500
preemptive halt, cache_misses = 122500
preemptive halt, cache_misses = 122500
preemptive halt, cache_misses = 122500
preemptive halt, cache_misses = 122500
preemptive halt, cache_misses = 122500
preemptive halt, cache_misses = 122500
preemptive halt, cache_misses = 122500
preemptive halt, cache_misses = 122500
preemptive halt, cache_misses = 122500
preemptive halt, cache_misses = 122500
preemptive halt, cache_misses = 122500
preemptive halt, cache_misses = 122500
preemptive halt, cache_misses = 122500
preemptive halt, cache_misses = 122500
binary search, size 81664  misses 122500  min 81659  max 81669
binary search, size 81666  misses 122499  min 81664  max 81669
binary search, size 81665  misses 122499  min 81664  max 81666
characteristic cache size (binary search) for 349 = 81665
End at: 2021-04-02 15:40:46.096195
Time elapsed: 0:00:02.087169
