Begin at: 2021-04-02 15:38:58.839462
['../dist/Debug/GNU-Linux/memo_batch_tester', '', '--mbt_execution_trace_fname', 'olcs4_traceback_csize_input_types/OLCS4_lru_2021_04_02__15_36_11_k_3__d_2_cache_size_160000_problems_10_to_400/OLCS4_lru_2021_04_02__15_36_11_k_3__d_2_cache_size_160000_problems_10_to_400/OLCS4__do_traceback_prob_size_292_cache_size_160000_lru_k_3_d_2_execution_trace_2021_4_2_15_38_58_pid_18447.log', '--mbt_cache_misses_fname', 'olcs4_traceback_csize_input_types/OLCS4_lru_2021_04_02__15_36_11_k_3__d_2_cache_size_160000_problems_10_to_400/lcs_cost_OLCS4_lru_misses_for_cache_size.csv', '--mbt_misses_for_problem_size_fname', 'olcs4_traceback_csize_input_types/OLCS4_lru_2021_04_02__15_36_11_k_3__d_2_cache_size_160000_problems_10_to_400/lcs_cost_OLCS4_lru_misses_for_problem_size.csv', '--mbt_exact_cutoff_min_cache_size', '160000', '--mbt_exact_cutoff_max_cache_size', '160000', '--mbt_problem_type', 'lcs', '--mbt_metric_type', 'csize_binary_search', '--mbt_cutoff_ratio', '2.2', '--mbt_instance_fname', '292', '--mbt_detailed_cache_misses_out_fname', 'csize_olcs4_traceback_0011n_ceil_n_b_3.csv', '--mbt_phi_N', '5.0', '--mbt_problem_size', '292', '--lcs_compute_length', '0', '--lcs_perform_traceback', '1', '--lig_instance_type', '0011n_ceil_n_b', '--lig_n', '292', '--lig_c', '0.9', '--lig_b', '3.0', '--lcs_oblivious', '4', '--lcs_execution_trace_fname', 'olcs4_traceback_csize_input_types/OLCS4_lru_2021_04_02__15_36_11_k_3__d_2_cache_size_160000_problems_10_to_400/OLCS4_lru_2021_04_02__15_36_11_k_3__d_2_cache_size_160000_problems_10_to_400/OLCS4__do_traceback_prob_size_292_cache_size_160000_lru_k_3_d_2_execution_trace_2021_4_2_15_38_58_pid_18447.log', '--memo_caching_strategy', 'lru', '--memo_cache_size', '160001', '--memo_lru_queue_size', '160000', '--memo_cuckoo_k', '4', '--memo_key_length', '8', '--memo_value_length', '8', '--memo_k_timestamps', '3', '--memo_d_recent_timestamps', '2', '--memo_a_items_per_timestamp_factor', '0.4375']

csize_binary_search chosen
lcs problem_type lcs cache_size 160001
initialize_long_int_cache begin
init_memo
arguments to memo:
 --mbt_execution_trace_fname olcs4_traceback_csize_input_types/OLCS4_lru_2021_04_02__15_36_11_k_3__d_2_cache_size_160000_problems_10_to_400/OLCS4_lru_2021_04_02__15_36_11_k_3__d_2_cache_size_160000_problems_10_to_400/OLCS4__do_traceback_prob_size_292_cache_size_160000_lru_k_3_d_2_execution_trace_2021_4_2_15_38_58_pid_18447.log --mbt_cache_misses_fname olcs4_traceback_csize_input_types/OLCS4_lru_2021_04_02__15_36_11_k_3__d_2_cache_size_160000_problems_10_to_400/lcs_cost_OLCS4_lru_misses_for_cache_size.csv --mbt_misses_for_problem_size_fname olcs4_traceback_csize_input_types/OLCS4_lru_2021_04_02__15_36_11_k_3__d_2_cache_size_160000_problems_10_to_400/lcs_cost_OLCS4_lru_misses_for_problem_size.csv --mbt_exact_cutoff_min_cache_size 160000 --mbt_exact_cutoff_max_cache_size 160000 --mbt_problem_type lcs --mbt_metric_type csize_binary_search --mbt_cutoff_ratio 2.2 --mbt_instance_fname 292 --mbt_detailed_cache_misses_out_fname csize_olcs4_traceback_0011n_ceil_n_b_3.csv --mbt_phi_N 5.0 --mbt_problem_size 292 --lcs_compute_length 0 --lcs_perform_traceback 1 --lig_instance_type 0011n_ceil_n_b --lig_n 292 --lig_c 0.9 --lig_b 3.0 --lcs_oblivious 4 --lcs_execution_trace_fname olcs4_traceback_csize_input_types/OLCS4_lru_2021_04_02__15_36_11_k_3__d_2_cache_size_160000_problems_10_to_400/OLCS4_lru_2021_04_02__15_36_11_k_3__d_2_cache_size_160000_problems_10_to_400/OLCS4__do_traceback_prob_size_292_cache_size_160000_lru_k_3_d_2_execution_trace_2021_4_2_15_38_58_pid_18447.log --memo_caching_strategy lru --memo_cache_size 160001 --memo_lru_queue_size 160000 --memo_cuckoo_k 4 --memo_key_length 8 --memo_value_length 8 --memo_k_timestamps 3 --memo_d_recent_timestamps 2 --memo_a_items_per_timestamp_factor 0.4375 
calculate_table_size: table_size is 262144, original is 160001
Finished initializing cache
initialize_long_int_cache end
done initializing cache
initializing problem
done initializing problem
commence trials
Starting characteristic_cache_size_binary_search with max cache size 160001
binary search, size 160001  misses 85848
binary search, size 80000  misses 85848  min 0  max 160001
preemptive halt, cache_misses = 85849
preemptive halt, cache_misses = 85849
preemptive halt, cache_misses = 85849
preemptive halt, cache_misses = 85849
preemptive halt, cache_misses = 85849
preemptive halt, cache_misses = 85849
preemptive halt, cache_misses = 85849
preemptive halt, cache_misses = 85849
preemptive halt, cache_misses = 85849
preemptive halt, cache_misses = 85849
preemptive halt, cache_misses = 85849
preemptive halt, cache_misses = 85849
preemptive halt, cache_misses = 85849
preemptive halt, cache_misses = 85849
preemptive halt, cache_misses = 85849
preemptive halt, cache_misses = 85849
preemptive halt, cache_misses = 85849
preemptive halt, cache_misses = 85849
preemptive halt, cache_misses = 85849
preemptive halt, cache_misses = 85849
preemptive halt, cache_misses = 85849
preemptive halt, cache_misses = 85849
preemptive halt, cache_misses = 85849
preemptive halt, cache_misses = 85849
preemptive halt, cache_misses = 85849
preemptive halt, cache_misses = 85849
preemptive halt, cache_misses = 85849
preemptive halt, cache_misses = 85849
preemptive halt, cache_misses = 85849
preemptive halt, cache_misses = 85849
preemptive halt, cache_misses = 85849
preemptive halt, cache_misses = 85849
preemptive halt, cache_misses = 85849
preemptive halt, cache_misses = 85849
preemptive halt, cache_misses = 85849
preemptive halt, cache_misses = 85849
preemptive halt, cache_misses = 85849
preemptive halt, cache_misses = 85849
preemptive halt, cache_misses = 85849
preemptive halt, cache_misses = 85849
preemptive halt, cache_misses = 85849
preemptive halt, cache_misses = 85849
preemptive halt, cache_misses = 85849
preemptive halt, cache_misses = 85849
preemptive halt, cache_misses = 85849
preemptive halt, cache_misses = 85849
preemptive halt, cache_misses = 85849
preemptive halt, cache_misses = 85849
preemptive halt, cache_misses = 85849
preemptive halt, cache_misses = 85849
preemptive halt, cache_misses = 85849
preemptive halt, cache_misses = 85849
preemptive halt, cache_misses = 85849
preemptive halt, cache_misses = 85849
preemptive halt, cache_misses = 85849
preemptive halt, cache_misses = 85849
preemptive halt, cache_misses = 85849
preemptive halt, cache_misses = 85849
preemptive halt, cache_misses = 85849
preemptive halt, cache_misses = 85849
preemptive halt, cache_misses = 85849
preemptive halt, cache_misses = 85849
preemptive halt, cache_misses = 85849
preemptive halt, cache_misses = 85849
preemptive halt, cache_misses = 85849
preemptive halt, cache_misses = 85849
preemptive halt, cache_misses = 85849
preemptive halt, cache_misses = 85849
preemptive halt, cache_misses = 85849
preemptive halt, cache_misses = 85849
preemptive halt, cache_misses = 85849
preemptive halt, cache_misses = 85849
preemptive halt, cache_misses = 85849
preemptive halt, cache_misses = 85849
preemptive halt, cache_misses = 85849
preemptive halt, cache_misses = 85849
preemptive halt, cache_misses = 85849
preemptive halt, cache_misses = 85849
preemptive halt, cache_misses = 85849
preemptive halt, cache_misses = 85849
preemptive halt, cache_misses = 85849
preemptive halt, cache_misses = 85849
preemptive halt, cache_misses = 85849
preemptive halt, cache_misses = 85849
preemptive halt, cache_misses = 85849
preemptive halt, cache_misses = 85849
preemptive halt, cache_misses = 85849
preemptive halt, cache_misses = 85849
preemptive halt, cache_misses = 85849
preemptive halt, cache_misses = 85849
preemptive halt, cache_misses = 85849
preemptive halt, cache_misses = 85849
preemptive halt, cache_misses = 85849
preemptive halt, cache_misses = 85849
preemptive halt, cache_misses = 85849
preemptive halt, cache_misses = 85849
preemptive halt, cache_misses = 85849
preemptive halt, cache_misses = 85849
preemptive halt, cache_misses = 85849
preemptive halt, cache_misses = 85849
preemptive halt, cache_misses = 85849
preemptive halt, cache_misses = 85849
preemptive halt, cache_misses = 85849
preemptive halt, cache_misses = 85849
preemptive halt, cache_misses = 85849
preemptive halt, cache_misses = 85849
preemptive halt, cache_misses = 85849
preemptive halt, cache_misses = 85849
preemptive halt, cache_misses = 85849
preemptive halt, cache_misses = 85849
preemptive halt, cache_misses = 85849
preemptive halt, cache_misses = 85849
preemptive halt, cache_misses = 85849
preemptive halt, cache_misses = 85849
preemptive halt, cache_misses = 85849
preemptive halt, cache_misses = 85849
preemptive halt, cache_misses = 85849
preemptive halt, cache_misses = 85849
preemptive halt, cache_misses = 85849
preemptive halt, cache_misses = 85849
preemptive halt, cache_misses = 85849
preemptive halt, cache_misses = 85849
preemptive halt, cache_misses = 85849
preemptive halt, cache_misses = 85849
preemptive halt, cache_misses = 85849
preemptive halt, cache_misses = 85849
preemptive halt, cache_misses = 85849
preemptive halt, cache_misses = 85849
preemptive halt, cache_misses = 85849
preemptive halt, cache_misses = 85849
preemptive halt, cache_misses = 85849
preemptive halt, cache_misses = 85849
preemptive halt, cache_misses = 85849
preemptive halt, cache_misses = 85849
preemptive halt, cache_misses = 85849
preemptive halt, cache_misses = 85849
preemptive halt, cache_misses = 85849
preemptive halt, cache_misses = 85849
preemptive halt, cache_misses = 85849
preemptive halt, cache_misses = 85849
preemptive halt, cache_misses = 85849
preemptive halt, cache_misses = 85849
preemptive halt, cache_misses = 85849
preemptive halt, cache_misses = 85849
preemptive halt, cache_misses = 85849
preemptive halt, cache_misses = 85849
preemptive halt, cache_misses = 85849
preemptive halt, cache_misses = 85849
preemptive halt, cache_misses = 85849
preemptive halt, cache_misses = 85849
preemptive halt, cache_misses = 85849
preemptive halt, cache_misses = 85849
preemptive halt, cache_misses = 85849
preemptive halt, cache_misses = 85849
preemptive halt, cache_misses = 85849
preemptive halt, cache_misses = 85849
preemptive halt, cache_misses = 85849
preemptive halt, cache_misses = 85849
preemptive halt, cache_misses = 85849
preemptive halt, cache_misses = 85849
preemptive halt, cache_misses = 85849
preemptive halt, cache_misses = 85849
preemptive halt, cache_misses = 85849
preemptive halt, cache_misses = 85849
preemptive halt, cache_misses = 85849
preemptive halt, cache_misses = 85849
preemptive halt, cache_misses = 85849
preemptive halt, cache_misses = 85849
preemptive halt, cache_misses = 85849
preemptive halt, cache_misses = 85849
preemptive halt, cache_misses = 85849
preemptive halt, cache_misses = 85849
preemptive halt, cache_misses = 85849
preemptive halt, cache_misses = 85849
preemptive halt, cache_misses = 85849
preemptive halt, cache_misses = 85849
preemptive halt, cache_misses = 85849
preemptive halt, cache_misses = 85849
preemptive halt, cache_misses = 85849
preemptive halt, cache_misses = 85849
preemptive halt, cache_misses = 85849
preemptive halt, cache_misses = 85849
preemptive halt, cache_misses = 85849
preemptive halt, cache_misses = 85849
preemptive halt, cache_misses = 85849
preemptive halt, cache_misses = 85849
preemptive halt, cache_misses = 85849
preemptive halt, cache_misses = 85849
preemptive halt, cache_misses = 85849
preemptive halt, cache_misses = 85849
preemptive halt, cache_misses = 85849
preemptive halt, cache_misses = 85849
preemptive halt, cache_misses = 85849
preemptive halt, cache_misses = 85849
binary search, size 40000  misses 85849  min 0  max 80000
binary search, size 60000  misses 85848  min 40000  max 80000
preemptive halt, cache_misses = 85849
preemptive halt, cache_misses = 85849
preemptive halt, cache_misses = 85849
preemptive halt, cache_misses = 85849
preemptive halt, cache_misses = 85849
preemptive halt, cache_misses = 85849
preemptive halt, cache_misses = 85849
preemptive halt, cache_misses = 85849
preemptive halt, cache_misses = 85849
preemptive halt, cache_misses = 85849
preemptive halt, cache_misses = 85849
preemptive halt, cache_misses = 85849
preemptive halt, cache_misses = 85849
preemptive halt, cache_misses = 85849
preemptive halt, cache_misses = 85849
preemptive halt, cache_misses = 85849
preemptive halt, cache_misses = 85849
preemptive halt, cache_misses = 85849
preemptive halt, cache_misses = 85849
preemptive halt, cache_misses = 85849
preemptive halt, cache_misses = 85849
preemptive halt, cache_misses = 85849
preemptive halt, cache_misses = 85849
preemptive halt, cache_misses = 85849
preemptive halt, cache_misses = 85849
preemptive halt, cache_misses = 85849
preemptive halt, cache_misses = 85849
preemptive halt, cache_misses = 85849
preemptive halt, cache_misses = 85849
preemptive halt, cache_misses = 85849
preemptive halt, cache_misses = 85849
preemptive halt, cache_misses = 85849
preemptive halt, cache_misses = 85849
preemptive halt, cache_misses = 85849
preemptive halt, cache_misses = 85849
preemptive halt, cache_misses = 85849
preemptive halt, cache_misses = 85849
preemptive halt, cache_misses = 85849
preemptive halt, cache_misses = 85849
preemptive halt, cache_misses = 85849
preemptive halt, cache_misses = 85849
preemptive halt, cache_misses = 85849
preemptive halt, cache_misses = 85849
preemptive halt, cache_misses = 85849
preemptive halt, cache_misses = 85849
preemptive halt, cache_misses = 85849
preemptive halt, cache_misses = 85849
preemptive halt, cache_misses = 85849
preemptive halt, cache_misses = 85849
preemptive halt, cache_misses = 85849
preemptive halt, cache_misses = 85849
preemptive halt, cache_misses = 85849
preemptive halt, cache_misses = 85849
preemptive halt, cache_misses = 85849
preemptive halt, cache_misses = 85849
preemptive halt, cache_misses = 85849
preemptive halt, cache_misses = 85849
preemptive halt, cache_misses = 85849
preemptive halt, cache_misses = 85849
preemptive halt, cache_misses = 85849
preemptive halt, cache_misses = 85849
preemptive halt, cache_misses = 85849
preemptive halt, cache_misses = 85849
preemptive halt, cache_misses = 85849
preemptive halt, cache_misses = 85849
preemptive halt, cache_misses = 85849
preemptive halt, cache_misses = 85849
preemptive halt, cache_misses = 85849
preemptive halt, cache_misses = 85849
preemptive halt, cache_misses = 85849
preemptive halt, cache_misses = 85849
preemptive halt, cache_misses = 85849
preemptive halt, cache_misses = 85849
preemptive halt, cache_misses = 85849
preemptive halt, cache_misses = 85849
preemptive halt, cache_misses = 85849
preemptive halt, cache_misses = 85849
preemptive halt, cache_misses = 85849
preemptive halt, cache_misses = 85849
preemptive halt, cache_misses = 85849
preemptive halt, cache_misses = 85849
preemptive halt, cache_misses = 85849
preemptive halt, cache_misses = 85849
preemptive halt, cache_misses = 85849
preemptive halt, cache_misses = 85849
preemptive halt, cache_misses = 85849
preemptive halt, cache_misses = 85849
preemptive halt, cache_misses = 85849
preemptive halt, cache_misses = 85849
preemptive halt, cache_misses = 85849
preemptive halt, cache_misses = 85849
preemptive halt, cache_misses = 85849
preemptive halt, cache_misses = 85849
preemptive halt, cache_misses = 85849
preemptive halt, cache_misses = 85849
preemptive halt, cache_misses = 85849
preemptive halt, cache_misses = 85849
preemptive halt, cache_misses = 85849
preemptive halt, cache_misses = 85849
preemptive halt, cache_misses = 85849
preemptive halt, cache_misses = 85849
preemptive halt, cache_misses = 85849
preemptive halt, cache_misses = 85849
preemptive halt, cache_misses = 85849
preemptive halt, cache_misses = 85849
preemptive halt, cache_misses = 85849
preemptive halt, cache_misses = 85849
preemptive halt, cache_misses = 85849
preemptive halt, cache_misses = 85849
preemptive halt, cache_misses = 85849
preemptive halt, cache_misses = 85849
preemptive halt, cache_misses = 85849
preemptive halt, cache_misses = 85849
preemptive halt, cache_misses = 85849
preemptive halt, cache_misses = 85849
preemptive halt, cache_misses = 85849
preemptive halt, cache_misses = 85849
preemptive halt, cache_misses = 85849
preemptive halt, cache_misses = 85849
preemptive halt, cache_misses = 85849
preemptive halt, cache_misses = 85849
preemptive halt, cache_misses = 85849
preemptive halt, cache_misses = 85849
preemptive halt, cache_misses = 85849
preemptive halt, cache_misses = 85849
preemptive halt, cache_misses = 85849
preemptive halt, cache_misses = 85849
preemptive halt, cache_misses = 85849
preemptive halt, cache_misses = 85849
preemptive halt, cache_misses = 85849
preemptive halt, cache_misses = 85849
preemptive halt, cache_misses = 85849
preemptive halt, cache_misses = 85849
preemptive halt, cache_misses = 85849
preemptive halt, cache_misses = 85849
preemptive halt, cache_misses = 85849
preemptive halt, cache_misses = 85849
preemptive halt, cache_misses = 85849
preemptive halt, cache_misses = 85849
preemptive halt, cache_misses = 85849
preemptive halt, cache_misses = 85849
preemptive halt, cache_misses = 85849
preemptive halt, cache_misses = 85849
preemptive halt, cache_misses = 85849
preemptive halt, cache_misses = 85849
preemptive halt, cache_misses = 85849
preemptive halt, cache_misses = 85849
preemptive halt, cache_misses = 85849
preemptive halt, cache_misses = 85849
preemptive halt, cache_misses = 85849
preemptive halt, cache_misses = 85849
preemptive halt, cache_misses = 85849
preemptive halt, cache_misses = 85849
preemptive halt, cache_misses = 85849
preemptive halt, cache_misses = 85849
preemptive halt, cache_misses = 85849
preemptive halt, cache_misses = 85849
preemptive halt, cache_misses = 85849
preemptive halt, cache_misses = 85849
preemptive halt, cache_misses = 85849
preemptive halt, cache_misses = 85849
preemptive halt, cache_misses = 85849
preemptive halt, cache_misses = 85849
preemptive halt, cache_misses = 85849
preemptive halt, cache_misses = 85849
preemptive halt, cache_misses = 85849
preemptive halt, cache_misses = 85849
preemptive halt, cache_misses = 85849
preemptive halt, cache_misses = 85849
preemptive halt, cache_misses = 85849
preemptive halt, cache_misses = 85849
preemptive halt, cache_misses = 85849
preemptive halt, cache_misses = 85849
preemptive halt, cache_misses = 85849
preemptive halt, cache_misses = 85849
preemptive halt, cache_misses = 85849
preemptive halt, cache_misses = 85849
preemptive halt, cache_misses = 85849
preemptive halt, cache_misses = 85849
preemptive halt, cache_misses = 85849
preemptive halt, cache_misses = 85849
preemptive halt, cache_misses = 85849
preemptive halt, cache_misses = 85849
preemptive halt, cache_misses = 85849
preemptive halt, cache_misses = 85849
preemptive halt, cache_misses = 85849
preemptive halt, cache_misses = 85849
preemptive halt, cache_misses = 85849
preemptive halt, cache_misses = 85849
preemptive halt, cache_misses = 85849
preemptive halt, cache_misses = 85849
preemptive halt, cache_misses = 85849
preemptive halt, cache_misses = 85849
preemptive halt, cache_misses = 85849
binary search, size 50000  misses 85849  min 40000  max 60000
preemptive halt, cache_misses = 85850
preemptive halt, cache_misses = 85850
preemptive halt, cache_misses = 85850
preemptive halt, cache_misses = 85850
preemptive halt, cache_misses = 85850
preemptive halt, cache_misses = 85850
preemptive halt, cache_misses = 85850
preemptive halt, cache_misses = 85850
preemptive halt, cache_misses = 85850
preemptive halt, cache_misses = 85850
preemptive halt, cache_misses = 85850
preemptive halt, cache_misses = 85850
preemptive halt, cache_misses = 85850
preemptive halt, cache_misses = 85850
preemptive halt, cache_misses = 85850
preemptive halt, cache_misses = 85850
preemptive halt, cache_misses = 85850
preemptive halt, cache_misses = 85850
preemptive halt, cache_misses = 85850
preemptive halt, cache_misses = 85850
preemptive halt, cache_misses = 85850
preemptive halt, cache_misses = 85850
preemptive halt, cache_misses = 85850
preemptive halt, cache_misses = 85850
preemptive halt, cache_misses = 85850
preemptive halt, cache_misses = 85850
preemptive halt, cache_misses = 85850
preemptive halt, cache_misses = 85850
preemptive halt, cache_misses = 85850
preemptive halt, cache_misses = 85850
preemptive halt, cache_misses = 85850
preemptive halt, cache_misses = 85850
preemptive halt, cache_misses = 85850
preemptive halt, cache_misses = 85850
preemptive halt, cache_misses = 85850
preemptive halt, cache_misses = 85850
preemptive halt, cache_misses = 85850
preemptive halt, cache_misses = 85850
preemptive halt, cache_misses = 85850
preemptive halt, cache_misses = 85850
preemptive halt, cache_misses = 85850
preemptive halt, cache_misses = 85850
preemptive halt, cache_misses = 85850
preemptive halt, cache_misses = 85850
preemptive halt, cache_misses = 85850
preemptive halt, cache_misses = 85850
preemptive halt, cache_misses = 85850
preemptive halt, cache_misses = 85850
preemptive halt, cache_misses = 85850
preemptive halt, cache_misses = 85850
preemptive halt, cache_misses = 85850
preemptive halt, cache_misses = 85850
preemptive halt, cache_misses = 85850
preemptive halt, cache_misses = 85850
preemptive halt, cache_misses = 85850
preemptive halt, cache_misses = 85850
preemptive halt, cache_misses = 85850
preemptive halt, cache_misses = 85850
preemptive halt, cache_misses = 85850
preemptive halt, cache_misses = 85850
preemptive halt, cache_misses = 85850
preemptive halt, cache_misses = 85850
preemptive halt, cache_misses = 85850
preemptive halt, cache_misses = 85850
preemptive halt, cache_misses = 85850
preemptive halt, cache_misses = 85850
preemptive halt, cache_misses = 85850
preemptive halt, cache_misses = 85850
preemptive halt, cache_misses = 85850
preemptive halt, cache_misses = 85850
preemptive halt, cache_misses = 85850
preemptive halt, cache_misses = 85850
preemptive halt, cache_misses = 85850
preemptive halt, cache_misses = 85850
preemptive halt, cache_misses = 85850
preemptive halt, cache_misses = 85850
preemptive halt, cache_misses = 85850
preemptive halt, cache_misses = 85850
preemptive halt, cache_misses = 85850
preemptive halt, cache_misses = 85850
preemptive halt, cache_misses = 85850
preemptive halt, cache_misses = 85850
preemptive halt, cache_misses = 85850
preemptive halt, cache_misses = 85850
preemptive halt, cache_misses = 85850
preemptive halt, cache_misses = 85850
preemptive halt, cache_misses = 85850
preemptive halt, cache_misses = 85850
preemptive halt, cache_misses = 85850
preemptive halt, cache_misses = 85850
preemptive halt, cache_misses = 85850
preemptive halt, cache_misses = 85850
preemptive halt, cache_misses = 85850
preemptive halt, cache_misses = 85850
preemptive halt, cache_misses = 85850
preemptive halt, cache_misses = 85850
preemptive halt, cache_misses = 85850
preemptive halt, cache_misses = 85850
preemptive halt, cache_misses = 85850
preemptive halt, cache_misses = 85850
preemptive halt, cache_misses = 85850
preemptive halt, cache_misses = 85850
preemptive halt, cache_misses = 85850
preemptive halt, cache_misses = 85850
preemptive halt, cache_misses = 85850
preemptive halt, cache_misses = 85850
preemptive halt, cache_misses = 85850
preemptive halt, cache_misses = 85850
preemptive halt, cache_misses = 85850
preemptive halt, cache_misses = 85850
preemptive halt, cache_misses = 85850
preemptive halt, cache_misses = 85850
preemptive halt, cache_misses = 85850
preemptive halt, cache_misses = 85850
preemptive halt, cache_misses = 85850
preemptive halt, cache_misses = 85850
preemptive halt, cache_misses = 85850
preemptive halt, cache_misses = 85850
preemptive halt, cache_misses = 85850
preemptive halt, cache_misses = 85850
preemptive halt, cache_misses = 85850
preemptive halt, cache_misses = 85850
preemptive halt, cache_misses = 85850
preemptive halt, cache_misses = 85850
preemptive halt, cache_misses = 85850
preemptive halt, cache_misses = 85850
preemptive halt, cache_misses = 85850
preemptive halt, cache_misses = 85850
preemptive halt, cache_misses = 85850
preemptive halt, cache_misses = 85850
preemptive halt, cache_misses = 85850
preemptive halt, cache_misses = 85850
preemptive halt, cache_misses = 85850
preemptive halt, cache_misses = 85850
preemptive halt, cache_misses = 85850
preemptive halt, cache_misses = 85850
preemptive halt, cache_misses = 85850
preemptive halt, cache_misses = 85850
preemptive halt, cache_misses = 85850
preemptive halt, cache_misses = 85850
preemptive halt, cache_misses = 85850
preemptive halt, cache_misses = 85850
preemptive halt, cache_misses = 85850
preemptive halt, cache_misses = 85850
preemptive halt, cache_misses = 85850
preemptive halt, cache_misses = 85850
preemptive halt, cache_misses = 85850
preemptive halt, cache_misses = 85850
preemptive halt, cache_misses = 85850
preemptive halt, cache_misses = 85850
preemptive halt, cache_misses = 85850
preemptive halt, cache_misses = 85850
preemptive halt, cache_misses = 85850
preemptive halt, cache_misses = 85850
preemptive halt, cache_misses = 85850
preemptive halt, cache_misses = 85850
preemptive halt, cache_misses = 85850
preemptive halt, cache_misses = 85850
preemptive halt, cache_misses = 85850
preemptive halt, cache_misses = 85850
preemptive halt, cache_misses = 85850
preemptive halt, cache_misses = 85850
preemptive halt, cache_misses = 85850
preemptive halt, cache_misses = 85850
preemptive halt, cache_misses = 85850
preemptive halt, cache_misses = 85850
preemptive halt, cache_misses = 85850
preemptive halt, cache_misses = 85850
preemptive halt, cache_misses = 85850
preemptive halt, cache_misses = 85850
preemptive halt, cache_misses = 85850
preemptive halt, cache_misses = 85850
preemptive halt, cache_misses = 85850
preemptive halt, cache_misses = 85850
preemptive halt, cache_misses = 85850
preemptive halt, cache_misses = 85850
preemptive halt, cache_misses = 85850
preemptive halt, cache_misses = 85850
preemptive halt, cache_misses = 85850
preemptive halt, cache_misses = 85850
preemptive halt, cache_misses = 85850
preemptive halt, cache_misses = 85850
preemptive halt, cache_misses = 85850
preemptive halt, cache_misses = 85850
preemptive halt, cache_misses = 85850
preemptive halt, cache_misses = 85850
preemptive halt, cache_misses = 85850
preemptive halt, cache_misses = 85850
preemptive halt, cache_misses = 85850
preemptive halt, cache_misses = 85850
preemptive halt, cache_misses = 85850
preemptive halt, cache_misses = 85850
preemptive halt, cache_misses = 85850
preemptive halt, cache_misses = 85850
preemptive halt, cache_misses = 85850
preemptive halt, cache_misses = 85850
binary search, size 55000  misses 85850  min 50000  max 60000
binary search, size 57500  misses 85848  min 55000  max 60000
preemptive halt, cache_misses = 85849
preemptive halt, cache_misses = 85849
preemptive halt, cache_misses = 85849
preemptive halt, cache_misses = 85849
preemptive halt, cache_misses = 85849
preemptive halt, cache_misses = 85849
preemptive halt, cache_misses = 85849
preemptive halt, cache_misses = 85849
preemptive halt, cache_misses = 85849
preemptive halt, cache_misses = 85849
preemptive halt, cache_misses = 85849
preemptive halt, cache_misses = 85849
preemptive halt, cache_misses = 85849
preemptive halt, cache_misses = 85849
preemptive halt, cache_misses = 85849
preemptive halt, cache_misses = 85849
preemptive halt, cache_misses = 85849
preemptive halt, cache_misses = 85849
preemptive halt, cache_misses = 85849
preemptive halt, cache_misses = 85849
preemptive halt, cache_misses = 85849
preemptive halt, cache_misses = 85849
preemptive halt, cache_misses = 85849
preemptive halt, cache_misses = 85849
preemptive halt, cache_misses = 85849
preemptive halt, cache_misses = 85849
preemptive halt, cache_misses = 85849
preemptive halt, cache_misses = 85849
preemptive halt, cache_misses = 85849
preemptive halt, cache_misses = 85849
preemptive halt, cache_misses = 85849
preemptive halt, cache_misses = 85849
preemptive halt, cache_misses = 85849
preemptive halt, cache_misses = 85849
preemptive halt, cache_misses = 85849
preemptive halt, cache_misses = 85849
preemptive halt, cache_misses = 85849
preemptive halt, cache_misses = 85849
preemptive halt, cache_misses = 85849
preemptive halt, cache_misses = 85849
preemptive halt, cache_misses = 85849
preemptive halt, cache_misses = 85849
preemptive halt, cache_misses = 85849
preemptive halt, cache_misses = 85849
preemptive halt, cache_misses = 85849
preemptive halt, cache_misses = 85849
preemptive halt, cache_misses = 85849
preemptive halt, cache_misses = 85849
preemptive halt, cache_misses = 85849
preemptive halt, cache_misses = 85849
preemptive halt, cache_misses = 85849
preemptive halt, cache_misses = 85849
preemptive halt, cache_misses = 85849
preemptive halt, cache_misses = 85849
preemptive halt, cache_misses = 85849
preemptive halt, cache_misses = 85849
preemptive halt, cache_misses = 85849
preemptive halt, cache_misses = 85849
preemptive halt, cache_misses = 85849
preemptive halt, cache_misses = 85849
preemptive halt, cache_misses = 85849
preemptive halt, cache_misses = 85849
preemptive halt, cache_misses = 85849
preemptive halt, cache_misses = 85849
preemptive halt, cache_misses = 85849
preemptive halt, cache_misses = 85849
preemptive halt, cache_misses = 85849
preemptive halt, cache_misses = 85849
preemptive halt, cache_misses = 85849
preemptive halt, cache_misses = 85849
preemptive halt, cache_misses = 85849
preemptive halt, cache_misses = 85849
preemptive halt, cache_misses = 85849
preemptive halt, cache_misses = 85849
preemptive halt, cache_misses = 85849
preemptive halt, cache_misses = 85849
preemptive halt, cache_misses = 85849
preemptive halt, cache_misses = 85849
preemptive halt, cache_misses = 85849
preemptive halt, cache_misses = 85849
preemptive halt, cache_misses = 85849
preemptive halt, cache_misses = 85849
preemptive halt, cache_misses = 85849
preemptive halt, cache_misses = 85849
preemptive halt, cache_misses = 85849
preemptive halt, cache_misses = 85849
preemptive halt, cache_misses = 85849
preemptive halt, cache_misses = 85849
preemptive halt, cache_misses = 85849
preemptive halt, cache_misses = 85849
preemptive halt, cache_misses = 85849
preemptive halt, cache_misses = 85849
preemptive halt, cache_misses = 85849
preemptive halt, cache_misses = 85849
preemptive halt, cache_misses = 85849
preemptive halt, cache_misses = 85849
preemptive halt, cache_misses = 85849
preemptive halt, cache_misses = 85849
preemptive halt, cache_misses = 85849
preemptive halt, cache_misses = 85849
preemptive halt, cache_misses = 85849
preemptive halt, cache_misses = 85849
preemptive halt, cache_misses = 85849
preemptive halt, cache_misses = 85849
preemptive halt, cache_misses = 85849
preemptive halt, cache_misses = 85849
preemptive halt, cache_misses = 85849
preemptive halt, cache_misses = 85849
preemptive halt, cache_misses = 85849
preemptive halt, cache_misses = 85849
preemptive halt, cache_misses = 85849
preemptive halt, cache_misses = 85849
preemptive halt, cache_misses = 85849
preemptive halt, cache_misses = 85849
preemptive halt, cache_misses = 85849
preemptive halt, cache_misses = 85849
preemptive halt, cache_misses = 85849
preemptive halt, cache_misses = 85849
preemptive halt, cache_misses = 85849
preemptive halt, cache_misses = 85849
preemptive halt, cache_misses = 85849
preemptive halt, cache_misses = 85849
preemptive halt, cache_misses = 85849
preemptive halt, cache_misses = 85849
preemptive halt, cache_misses = 85849
preemptive halt, cache_misses = 85849
preemptive halt, cache_misses = 85849
preemptive halt, cache_misses = 85849
preemptive halt, cache_misses = 85849
preemptive halt, cache_misses = 85849
preemptive halt, cache_misses = 85849
preemptive halt, cache_misses = 85849
preemptive halt, cache_misses = 85849
preemptive halt, cache_misses = 85849
preemptive halt, cache_misses = 85849
preemptive halt, cache_misses = 85849
preemptive halt, cache_misses = 85849
preemptive halt, cache_misses = 85849
preemptive halt, cache_misses = 85849
preemptive halt, cache_misses = 85849
preemptive halt, cache_misses = 85849
preemptive halt, cache_misses = 85849
preemptive halt, cache_misses = 85849
preemptive halt, cache_misses = 85849
preemptive halt, cache_misses = 85849
preemptive halt, cache_misses = 85849
preemptive halt, cache_misses = 85849
preemptive halt, cache_misses = 85849
preemptive halt, cache_misses = 85849
preemptive halt, cache_misses = 85849
preemptive halt, cache_misses = 85849
preemptive halt, cache_misses = 85849
preemptive halt, cache_misses = 85849
preemptive halt, cache_misses = 85849
preemptive halt, cache_misses = 85849
preemptive halt, cache_misses = 85849
preemptive halt, cache_misses = 85849
preemptive halt, cache_misses = 85849
preemptive halt, cache_misses = 85849
preemptive halt, cache_misses = 85849
preemptive halt, cache_misses = 85849
preemptive halt, cache_misses = 85849
preemptive halt, cache_misses = 85849
preemptive halt, cache_misses = 85849
preemptive halt, cache_misses = 85849
preemptive halt, cache_misses = 85849
preemptive halt, cache_misses = 85849
preemptive halt, cache_misses = 85849
preemptive halt, cache_misses = 85849
preemptive halt, cache_misses = 85849
preemptive halt, cache_misses = 85849
preemptive halt, cache_misses = 85849
preemptive halt, cache_misses = 85849
preemptive halt, cache_misses = 85849
preemptive halt, cache_misses = 85849
preemptive halt, cache_misses = 85849
preemptive halt, cache_misses = 85849
preemptive halt, cache_misses = 85849
preemptive halt, cache_misses = 85849
preemptive halt, cache_misses = 85849
preemptive halt, cache_misses = 85849
preemptive halt, cache_misses = 85849
preemptive halt, cache_misses = 85849
preemptive halt, cache_misses = 85849
preemptive halt, cache_misses = 85849
preemptive halt, cache_misses = 85849
preemptive halt, cache_misses = 85849
preemptive halt, cache_misses = 85849
preemptive halt, cache_misses = 85849
preemptive halt, cache_misses = 85849
preemptive halt, cache_misses = 85849
preemptive halt, cache_misses = 85849
preemptive halt, cache_misses = 85849
preemptive halt, cache_misses = 85849
binary search, size 56250  misses 85849  min 55000  max 57500
preemptive halt, cache_misses = 85850
preemptive halt, cache_misses = 85850
preemptive halt, cache_misses = 85850
preemptive halt, cache_misses = 85850
preemptive halt, cache_misses = 85850
preemptive halt, cache_misses = 85850
preemptive halt, cache_misses = 85850
preemptive halt, cache_misses = 85850
preemptive halt, cache_misses = 85850
preemptive halt, cache_misses = 85850
preemptive halt, cache_misses = 85850
preemptive halt, cache_misses = 85850
preemptive halt, cache_misses = 85850
preemptive halt, cache_misses = 85850
preemptive halt, cache_misses = 85850
preemptive halt, cache_misses = 85850
preemptive halt, cache_misses = 85850
preemptive halt, cache_misses = 85850
preemptive halt, cache_misses = 85850
preemptive halt, cache_misses = 85850
preemptive halt, cache_misses = 85850
preemptive halt, cache_misses = 85850
preemptive halt, cache_misses = 85850
preemptive halt, cache_misses = 85850
preemptive halt, cache_misses = 85850
preemptive halt, cache_misses = 85850
preemptive halt, cache_misses = 85850
preemptive halt, cache_misses = 85850
preemptive halt, cache_misses = 85850
preemptive halt, cache_misses = 85850
preemptive halt, cache_misses = 85850
preemptive halt, cache_misses = 85850
preemptive halt, cache_misses = 85850
preemptive halt, cache_misses = 85850
preemptive halt, cache_misses = 85850
preemptive halt, cache_misses = 85850
preemptive halt, cache_misses = 85850
preemptive halt, cache_misses = 85850
preemptive halt, cache_misses = 85850
preemptive halt, cache_misses = 85850
preemptive halt, cache_misses = 85850
preemptive halt, cache_misses = 85850
preemptive halt, cache_misses = 85850
preemptive halt, cache_misses = 85850
preemptive halt, cache_misses = 85850
preemptive halt, cache_misses = 85850
preemptive halt, cache_misses = 85850
preemptive halt, cache_misses = 85850
preemptive halt, cache_misses = 85850
preemptive halt, cache_misses = 85850
preemptive halt, cache_misses = 85850
preemptive halt, cache_misses = 85850
preemptive halt, cache_misses = 85850
preemptive halt, cache_misses = 85850
preemptive halt, cache_misses = 85850
preemptive halt, cache_misses = 85850
preemptive halt, cache_misses = 85850
preemptive halt, cache_misses = 85850
preemptive halt, cache_misses = 85850
preemptive halt, cache_misses = 85850
preemptive halt, cache_misses = 85850
preemptive halt, cache_misses = 85850
preemptive halt, cache_misses = 85850
preemptive halt, cache_misses = 85850
preemptive halt, cache_misses = 85850
preemptive halt, cache_misses = 85850
preemptive halt, cache_misses = 85850
preemptive halt, cache_misses = 85850
preemptive halt, cache_misses = 85850
preemptive halt, cache_misses = 85850
preemptive halt, cache_misses = 85850
preemptive halt, cache_misses = 85850
preemptive halt, cache_misses = 85850
preemptive halt, cache_misses = 85850
preemptive halt, cache_misses = 85850
preemptive halt, cache_misses = 85850
preemptive halt, cache_misses = 85850
preemptive halt, cache_misses = 85850
preemptive halt, cache_misses = 85850
preemptive halt, cache_misses = 85850
preemptive halt, cache_misses = 85850
preemptive halt, cache_misses = 85850
preemptive halt, cache_misses = 85850
preemptive halt, cache_misses = 85850
preemptive halt, cache_misses = 85850
preemptive halt, cache_misses = 85850
preemptive halt, cache_misses = 85850
preemptive halt, cache_misses = 85850
preemptive halt, cache_misses = 85850
preemptive halt, cache_misses = 85850
preemptive halt, cache_misses = 85850
preemptive halt, cache_misses = 85850
preemptive halt, cache_misses = 85850
preemptive halt, cache_misses = 85850
preemptive halt, cache_misses = 85850
preemptive halt, cache_misses = 85850
preemptive halt, cache_misses = 85850
preemptive halt, cache_misses = 85850
preemptive halt, cache_misses = 85850
preemptive halt, cache_misses = 85850
preemptive halt, cache_misses = 85850
preemptive halt, cache_misses = 85850
preemptive halt, cache_misses = 85850
preemptive halt, cache_misses = 85850
preemptive halt, cache_misses = 85850
preemptive halt, cache_misses = 85850
preemptive halt, cache_misses = 85850
preemptive halt, cache_misses = 85850
preemptive halt, cache_misses = 85850
preemptive halt, cache_misses = 85850
preemptive halt, cache_misses = 85850
preemptive halt, cache_misses = 85850
preemptive halt, cache_misses = 85850
preemptive halt, cache_misses = 85850
preemptive halt, cache_misses = 85850
preemptive halt, cache_misses = 85850
preemptive halt, cache_misses = 85850
preemptive halt, cache_misses = 85850
preemptive halt, cache_misses = 85850
preemptive halt, cache_misses = 85850
preemptive halt, cache_misses = 85850
preemptive halt, cache_misses = 85850
preemptive halt, cache_misses = 85850
preemptive halt, cache_misses = 85850
preemptive halt, cache_misses = 85850
preemptive halt, cache_misses = 85850
preemptive halt, cache_misses = 85850
preemptive halt, cache_misses = 85850
preemptive halt, cache_misses = 85850
preemptive halt, cache_misses = 85850
preemptive halt, cache_misses = 85850
preemptive halt, cache_misses = 85850
preemptive halt, cache_misses = 85850
preemptive halt, cache_misses = 85850
preemptive halt, cache_misses = 85850
preemptive halt, cache_misses = 85850
preemptive halt, cache_misses = 85850
preemptive halt, cache_misses = 85850
preemptive halt, cache_misses = 85850
preemptive halt, cache_misses = 85850
preemptive halt, cache_misses = 85850
preemptive halt, cache_misses = 85850
preemptive halt, cache_misses = 85850
preemptive halt, cache_misses = 85850
preemptive halt, cache_misses = 85850
preemptive halt, cache_misses = 85850
preemptive halt, cache_misses = 85850
preemptive halt, cache_misses = 85850
preemptive halt, cache_misses = 85850
preemptive halt, cache_misses = 85850
preemptive halt, cache_misses = 85850
preemptive halt, cache_misses = 85850
preemptive halt, cache_misses = 85850
preemptive halt, cache_misses = 85850
preemptive halt, cache_misses = 85850
preemptive halt, cache_misses = 85850
preemptive halt, cache_misses = 85850
preemptive halt, cache_misses = 85850
preemptive halt, cache_misses = 85850
preemptive halt, cache_misses = 85850
preemptive halt, cache_misses = 85850
preemptive halt, cache_misses = 85850
preemptive halt, cache_misses = 85850
preemptive halt, cache_misses = 85850
preemptive halt, cache_misses = 85850
preemptive halt, cache_misses = 85850
preemptive halt, cache_misses = 85850
preemptive halt, cache_misses = 85850
preemptive halt, cache_misses = 85850
preemptive halt, cache_misses = 85850
preemptive halt, cache_misses = 85850
preemptive halt, cache_misses = 85850
preemptive halt, cache_misses = 85850
preemptive halt, cache_misses = 85850
preemptive halt, cache_misses = 85850
preemptive halt, cache_misses = 85850
preemptive halt, cache_misses = 85850
preemptive halt, cache_misses = 85850
preemptive halt, cache_misses = 85850
preemptive halt, cache_misses = 85850
preemptive halt, cache_misses = 85850
preemptive halt, cache_misses = 85850
preemptive halt, cache_misses = 85850
preemptive halt, cache_misses = 85850
preemptive halt, cache_misses = 85850
preemptive halt, cache_misses = 85850
preemptive halt, cache_misses = 85850
preemptive halt, cache_misses = 85850
preemptive halt, cache_misses = 85850
preemptive halt, cache_misses = 85850
preemptive halt, cache_misses = 85850
preemptive halt, cache_misses = 85850
preemptive halt, cache_misses = 85850
preemptive halt, cache_misses = 85850
preemptive halt, cache_misses = 85850
preemptive halt, cache_misses = 85850
binary search, size 56875  misses 85850  min 56250  max 57500
preemptive halt, cache_misses = 85851
preemptive halt, cache_misses = 85851
preemptive halt, cache_misses = 85851
preemptive halt, cache_misses = 85851
preemptive halt, cache_misses = 85851
preemptive halt, cache_misses = 85851
preemptive halt, cache_misses = 85851
preemptive halt, cache_misses = 85851
preemptive halt, cache_misses = 85851
preemptive halt, cache_misses = 85851
preemptive halt, cache_misses = 85851
preemptive halt, cache_misses = 85851
preemptive halt, cache_misses = 85851
preemptive halt, cache_misses = 85851
preemptive halt, cache_misses = 85851
preemptive halt, cache_misses = 85851
preemptive halt, cache_misses = 85851
preemptive halt, cache_misses = 85851
preemptive halt, cache_misses = 85851
preemptive halt, cache_misses = 85851
preemptive halt, cache_misses = 85851
preemptive halt, cache_misses = 85851
preemptive halt, cache_misses = 85851
preemptive halt, cache_misses = 85851
preemptive halt, cache_misses = 85851
preemptive halt, cache_misses = 85851
preemptive halt, cache_misses = 85851
preemptive halt, cache_misses = 85851
preemptive halt, cache_misses = 85851
preemptive halt, cache_misses = 85851
preemptive halt, cache_misses = 85851
preemptive halt, cache_misses = 85851
preemptive halt, cache_misses = 85851
preemptive halt, cache_misses = 85851
preemptive halt, cache_misses = 85851
preemptive halt, cache_misses = 85851
preemptive halt, cache_misses = 85851
preemptive halt, cache_misses = 85851
preemptive halt, cache_misses = 85851
preemptive halt, cache_misses = 85851
preemptive halt, cache_misses = 85851
preemptive halt, cache_misses = 85851
preemptive halt, cache_misses = 85851
preemptive halt, cache_misses = 85851
preemptive halt, cache_misses = 85851
preemptive halt, cache_misses = 85851
preemptive halt, cache_misses = 85851
preemptive halt, cache_misses = 85851
preemptive halt, cache_misses = 85851
preemptive halt, cache_misses = 85851
preemptive halt, cache_misses = 85851
preemptive halt, cache_misses = 85851
preemptive halt, cache_misses = 85851
preemptive halt, cache_misses = 85851
preemptive halt, cache_misses = 85851
preemptive halt, cache_misses = 85851
preemptive halt, cache_misses = 85851
preemptive halt, cache_misses = 85851
preemptive halt, cache_misses = 85851
preemptive halt, cache_misses = 85851
preemptive halt, cache_misses = 85851
preemptive halt, cache_misses = 85851
preemptive halt, cache_misses = 85851
preemptive halt, cache_misses = 85851
preemptive halt, cache_misses = 85851
preemptive halt, cache_misses = 85851
preemptive halt, cache_misses = 85851
preemptive halt, cache_misses = 85851
preemptive halt, cache_misses = 85851
preemptive halt, cache_misses = 85851
preemptive halt, cache_misses = 85851
preemptive halt, cache_misses = 85851
preemptive halt, cache_misses = 85851
preemptive halt, cache_misses = 85851
preemptive halt, cache_misses = 85851
preemptive halt, cache_misses = 85851
preemptive halt, cache_misses = 85851
preemptive halt, cache_misses = 85851
preemptive halt, cache_misses = 85851
preemptive halt, cache_misses = 85851
preemptive halt, cache_misses = 85851
preemptive halt, cache_misses = 85851
preemptive halt, cache_misses = 85851
preemptive halt, cache_misses = 85851
preemptive halt, cache_misses = 85851
preemptive halt, cache_misses = 85851
preemptive halt, cache_misses = 85851
preemptive halt, cache_misses = 85851
preemptive halt, cache_misses = 85851
preemptive halt, cache_misses = 85851
preemptive halt, cache_misses = 85851
preemptive halt, cache_misses = 85851
preemptive halt, cache_misses = 85851
preemptive halt, cache_misses = 85851
preemptive halt, cache_misses = 85851
preemptive halt, cache_misses = 85851
preemptive halt, cache_misses = 85851
preemptive halt, cache_misses = 85851
preemptive halt, cache_misses = 85851
preemptive halt, cache_misses = 85851
preemptive halt, cache_misses = 85851
preemptive halt, cache_misses = 85851
preemptive halt, cache_misses = 85851
preemptive halt, cache_misses = 85851
preemptive halt, cache_misses = 85851
preemptive halt, cache_misses = 85851
preemptive halt, cache_misses = 85851
preemptive halt, cache_misses = 85851
preemptive halt, cache_misses = 85851
preemptive halt, cache_misses = 85851
preemptive halt, cache_misses = 85851
preemptive halt, cache_misses = 85851
preemptive halt, cache_misses = 85851
preemptive halt, cache_misses = 85851
preemptive halt, cache_misses = 85851
preemptive halt, cache_misses = 85851
preemptive halt, cache_misses = 85851
preemptive halt, cache_misses = 85851
preemptive halt, cache_misses = 85851
preemptive halt, cache_misses = 85851
preemptive halt, cache_misses = 85851
preemptive halt, cache_misses = 85851
preemptive halt, cache_misses = 85851
preemptive halt, cache_misses = 85851
preemptive halt, cache_misses = 85851
preemptive halt, cache_misses = 85851
preemptive halt, cache_misses = 85851
preemptive halt, cache_misses = 85851
preemptive halt, cache_misses = 85851
preemptive halt, cache_misses = 85851
preemptive halt, cache_misses = 85851
preemptive halt, cache_misses = 85851
preemptive halt, cache_misses = 85851
preemptive halt, cache_misses = 85851
preemptive halt, cache_misses = 85851
preemptive halt, cache_misses = 85851
preemptive halt, cache_misses = 85851
preemptive halt, cache_misses = 85851
preemptive halt, cache_misses = 85851
preemptive halt, cache_misses = 85851
preemptive halt, cache_misses = 85851
preemptive halt, cache_misses = 85851
preemptive halt, cache_misses = 85851
preemptive halt, cache_misses = 85851
preemptive halt, cache_misses = 85851
preemptive halt, cache_misses = 85851
preemptive halt, cache_misses = 85851
preemptive halt, cache_misses = 85851
preemptive halt, cache_misses = 85851
preemptive halt, cache_misses = 85851
preemptive halt, cache_misses = 85851
preemptive halt, cache_misses = 85851
preemptive halt, cache_misses = 85851
preemptive halt, cache_misses = 85851
preemptive halt, cache_misses = 85851
preemptive halt, cache_misses = 85851
preemptive halt, cache_misses = 85851
preemptive halt, cache_misses = 85851
preemptive halt, cache_misses = 85851
preemptive halt, cache_misses = 85851
preemptive halt, cache_misses = 85851
preemptive halt, cache_misses = 85851
preemptive halt, cache_misses = 85851
preemptive halt, cache_misses = 85851
preemptive halt, cache_misses = 85851
preemptive halt, cache_misses = 85851
preemptive halt, cache_misses = 85851
preemptive halt, cache_misses = 85851
preemptive halt, cache_misses = 85851
preemptive halt, cache_misses = 85851
preemptive halt, cache_misses = 85851
preemptive halt, cache_misses = 85851
preemptive halt, cache_misses = 85851
preemptive halt, cache_misses = 85851
preemptive halt, cache_misses = 85851
preemptive halt, cache_misses = 85851
preemptive halt, cache_misses = 85851
preemptive halt, cache_misses = 85851
preemptive halt, cache_misses = 85851
preemptive halt, cache_misses = 85851
preemptive halt, cache_misses = 85851
preemptive halt, cache_misses = 85851
preemptive halt, cache_misses = 85851
preemptive halt, cache_misses = 85851
preemptive halt, cache_misses = 85851
preemptive halt, cache_misses = 85851
preemptive halt, cache_misses = 85851
preemptive halt, cache_misses = 85851
preemptive halt, cache_misses = 85851
preemptive halt, cache_misses = 85851
preemptive halt, cache_misses = 85851
preemptive halt, cache_misses = 85851
preemptive halt, cache_misses = 85851
preemptive halt, cache_misses = 85851
preemptive halt, cache_misses = 85851
preemptive halt, cache_misses = 85851
preemptive halt, cache_misses = 85851
preemptive halt, cache_misses = 85851
binary search, size 57187  misses 85851  min 56875  max 57500
binary search, size 57343  misses 85848  min 57187  max 57500
binary search, size 57265  misses 85848  min 57187  max 57343
preemptive halt, cache_misses = 85849
preemptive halt, cache_misses = 85849
preemptive halt, cache_misses = 85849
preemptive halt, cache_misses = 85849
preemptive halt, cache_misses = 85849
preemptive halt, cache_misses = 85849
preemptive halt, cache_misses = 85849
preemptive halt, cache_misses = 85849
preemptive halt, cache_misses = 85849
preemptive halt, cache_misses = 85849
preemptive halt, cache_misses = 85849
preemptive halt, cache_misses = 85849
preemptive halt, cache_misses = 85849
preemptive halt, cache_misses = 85849
preemptive halt, cache_misses = 85849
preemptive halt, cache_misses = 85849
preemptive halt, cache_misses = 85849
preemptive halt, cache_misses = 85849
preemptive halt, cache_misses = 85849
preemptive halt, cache_misses = 85849
preemptive halt, cache_misses = 85849
preemptive halt, cache_misses = 85849
preemptive halt, cache_misses = 85849
preemptive halt, cache_misses = 85849
preemptive halt, cache_misses = 85849
preemptive halt, cache_misses = 85849
preemptive halt, cache_misses = 85849
preemptive halt, cache_misses = 85849
preemptive halt, cache_misses = 85849
preemptive halt, cache_misses = 85849
preemptive halt, cache_misses = 85849
preemptive halt, cache_misses = 85849
preemptive halt, cache_misses = 85849
preemptive halt, cache_misses = 85849
preemptive halt, cache_misses = 85849
preemptive halt, cache_misses = 85849
preemptive halt, cache_misses = 85849
preemptive halt, cache_misses = 85849
preemptive halt, cache_misses = 85849
preemptive halt, cache_misses = 85849
preemptive halt, cache_misses = 85849
preemptive halt, cache_misses = 85849
preemptive halt, cache_misses = 85849
preemptive halt, cache_misses = 85849
preemptive halt, cache_misses = 85849
preemptive halt, cache_misses = 85849
preemptive halt, cache_misses = 85849
preemptive halt, cache_misses = 85849
preemptive halt, cache_misses = 85849
preemptive halt, cache_misses = 85849
preemptive halt, cache_misses = 85849
preemptive halt, cache_misses = 85849
preemptive halt, cache_misses = 85849
preemptive halt, cache_misses = 85849
preemptive halt, cache_misses = 85849
preemptive halt, cache_misses = 85849
preemptive halt, cache_misses = 85849
preemptive halt, cache_misses = 85849
preemptive halt, cache_misses = 85849
preemptive halt, cache_misses = 85849
preemptive halt, cache_misses = 85849
preemptive halt, cache_misses = 85849
preemptive halt, cache_misses = 85849
preemptive halt, cache_misses = 85849
preemptive halt, cache_misses = 85849
preemptive halt, cache_misses = 85849
preemptive halt, cache_misses = 85849
preemptive halt, cache_misses = 85849
preemptive halt, cache_misses = 85849
preemptive halt, cache_misses = 85849
preemptive halt, cache_misses = 85849
preemptive halt, cache_misses = 85849
preemptive halt, cache_misses = 85849
preemptive halt, cache_misses = 85849
preemptive halt, cache_misses = 85849
preemptive halt, cache_misses = 85849
preemptive halt, cache_misses = 85849
preemptive halt, cache_misses = 85849
preemptive halt, cache_misses = 85849
preemptive halt, cache_misses = 85849
preemptive halt, cache_misses = 85849
preemptive halt, cache_misses = 85849
preemptive halt, cache_misses = 85849
preemptive halt, cache_misses = 85849
preemptive halt, cache_misses = 85849
preemptive halt, cache_misses = 85849
preemptive halt, cache_misses = 85849
preemptive halt, cache_misses = 85849
preemptive halt, cache_misses = 85849
preemptive halt, cache_misses = 85849
preemptive halt, cache_misses = 85849
preemptive halt, cache_misses = 85849
preemptive halt, cache_misses = 85849
preemptive halt, cache_misses = 85849
preemptive halt, cache_misses = 85849
preemptive halt, cache_misses = 85849
preemptive halt, cache_misses = 85849
preemptive halt, cache_misses = 85849
preemptive halt, cache_misses = 85849
preemptive halt, cache_misses = 85849
preemptive halt, cache_misses = 85849
preemptive halt, cache_misses = 85849
preemptive halt, cache_misses = 85849
preemptive halt, cache_misses = 85849
preemptive halt, cache_misses = 85849
preemptive halt, cache_misses = 85849
preemptive halt, cache_misses = 85849
preemptive halt, cache_misses = 85849
preemptive halt, cache_misses = 85849
preemptive halt, cache_misses = 85849
preemptive halt, cache_misses = 85849
preemptive halt, cache_misses = 85849
preemptive halt, cache_misses = 85849
preemptive halt, cache_misses = 85849
preemptive halt, cache_misses = 85849
preemptive halt, cache_misses = 85849
preemptive halt, cache_misses = 85849
preemptive halt, cache_misses = 85849
preemptive halt, cache_misses = 85849
preemptive halt, cache_misses = 85849
preemptive halt, cache_misses = 85849
preemptive halt, cache_misses = 85849
preemptive halt, cache_misses = 85849
preemptive halt, cache_misses = 85849
preemptive halt, cache_misses = 85849
preemptive halt, cache_misses = 85849
preemptive halt, cache_misses = 85849
preemptive halt, cache_misses = 85849
preemptive halt, cache_misses = 85849
preemptive halt, cache_misses = 85849
preemptive halt, cache_misses = 85849
preemptive halt, cache_misses = 85849
preemptive halt, cache_misses = 85849
preemptive halt, cache_misses = 85849
preemptive halt, cache_misses = 85849
preemptive halt, cache_misses = 85849
preemptive halt, cache_misses = 85849
preemptive halt, cache_misses = 85849
preemptive halt, cache_misses = 85849
preemptive halt, cache_misses = 85849
preemptive halt, cache_misses = 85849
preemptive halt, cache_misses = 85849
preemptive halt, cache_misses = 85849
preemptive halt, cache_misses = 85849
preemptive halt, cache_misses = 85849
preemptive halt, cache_misses = 85849
preemptive halt, cache_misses = 85849
preemptive halt, cache_misses = 85849
preemptive halt, cache_misses = 85849
preemptive halt, cache_misses = 85849
preemptive halt, cache_misses = 85849
preemptive halt, cache_misses = 85849
preemptive halt, cache_misses = 85849
preemptive halt, cache_misses = 85849
preemptive halt, cache_misses = 85849
preemptive halt, cache_misses = 85849
preemptive halt, cache_misses = 85849
preemptive halt, cache_misses = 85849
preemptive halt, cache_misses = 85849
preemptive halt, cache_misses = 85849
preemptive halt, cache_misses = 85849
preemptive halt, cache_misses = 85849
preemptive halt, cache_misses = 85849
preemptive halt, cache_misses = 85849
preemptive halt, cache_misses = 85849
preemptive halt, cache_misses = 85849
preemptive halt, cache_misses = 85849
preemptive halt, cache_misses = 85849
preemptive halt, cache_misses = 85849
preemptive halt, cache_misses = 85849
preemptive halt, cache_misses = 85849
preemptive halt, cache_misses = 85849
preemptive halt, cache_misses = 85849
preemptive halt, cache_misses = 85849
preemptive halt, cache_misses = 85849
preemptive halt, cache_misses = 85849
preemptive halt, cache_misses = 85849
preemptive halt, cache_misses = 85849
preemptive halt, cache_misses = 85849
preemptive halt, cache_misses = 85849
preemptive halt, cache_misses = 85849
preemptive halt, cache_misses = 85849
preemptive halt, cache_misses = 85849
preemptive halt, cache_misses = 85849
preemptive halt, cache_misses = 85849
preemptive halt, cache_misses = 85849
preemptive halt, cache_misses = 85849
preemptive halt, cache_misses = 85849
preemptive halt, cache_misses = 85849
preemptive halt, cache_misses = 85849
preemptive halt, cache_misses = 85849
preemptive halt, cache_misses = 85849
preemptive halt, cache_misses = 85849
preemptive halt, cache_misses = 85849
binary search, size 57226  misses 85849  min 57187  max 57265
binary search, size 57245  misses 85848  min 57226  max 57265
binary search, size 57235  misses 85848  min 57226  max 57245
preemptive halt, cache_misses = 85849
preemptive halt, cache_misses = 85849
preemptive halt, cache_misses = 85849
preemptive halt, cache_misses = 85849
preemptive halt, cache_misses = 85849
preemptive halt, cache_misses = 85849
preemptive halt, cache_misses = 85849
preemptive halt, cache_misses = 85849
preemptive halt, cache_misses = 85849
preemptive halt, cache_misses = 85849
preemptive halt, cache_misses = 85849
preemptive halt, cache_misses = 85849
preemptive halt, cache_misses = 85849
preemptive halt, cache_misses = 85849
preemptive halt, cache_misses = 85849
preemptive halt, cache_misses = 85849
preemptive halt, cache_misses = 85849
preemptive halt, cache_misses = 85849
preemptive halt, cache_misses = 85849
preemptive halt, cache_misses = 85849
preemptive halt, cache_misses = 85849
preemptive halt, cache_misses = 85849
preemptive halt, cache_misses = 85849
preemptive halt, cache_misses = 85849
preemptive halt, cache_misses = 85849
preemptive halt, cache_misses = 85849
preemptive halt, cache_misses = 85849
preemptive halt, cache_misses = 85849
preemptive halt, cache_misses = 85849
preemptive halt, cache_misses = 85849
preemptive halt, cache_misses = 85849
preemptive halt, cache_misses = 85849
preemptive halt, cache_misses = 85849
preemptive halt, cache_misses = 85849
preemptive halt, cache_misses = 85849
preemptive halt, cache_misses = 85849
preemptive halt, cache_misses = 85849
preemptive halt, cache_misses = 85849
preemptive halt, cache_misses = 85849
preemptive halt, cache_misses = 85849
preemptive halt, cache_misses = 85849
preemptive halt, cache_misses = 85849
preemptive halt, cache_misses = 85849
preemptive halt, cache_misses = 85849
preemptive halt, cache_misses = 85849
preemptive halt, cache_misses = 85849
preemptive halt, cache_misses = 85849
preemptive halt, cache_misses = 85849
preemptive halt, cache_misses = 85849
preemptive halt, cache_misses = 85849
preemptive halt, cache_misses = 85849
preemptive halt, cache_misses = 85849
preemptive halt, cache_misses = 85849
preemptive halt, cache_misses = 85849
preemptive halt, cache_misses = 85849
preemptive halt, cache_misses = 85849
preemptive halt, cache_misses = 85849
preemptive halt, cache_misses = 85849
preemptive halt, cache_misses = 85849
preemptive halt, cache_misses = 85849
preemptive halt, cache_misses = 85849
preemptive halt, cache_misses = 85849
preemptive halt, cache_misses = 85849
preemptive halt, cache_misses = 85849
preemptive halt, cache_misses = 85849
preemptive halt, cache_misses = 85849
preemptive halt, cache_misses = 85849
preemptive halt, cache_misses = 85849
preemptive halt, cache_misses = 85849
preemptive halt, cache_misses = 85849
preemptive halt, cache_misses = 85849
preemptive halt, cache_misses = 85849
preemptive halt, cache_misses = 85849
preemptive halt, cache_misses = 85849
preemptive halt, cache_misses = 85849
preemptive halt, cache_misses = 85849
preemptive halt, cache_misses = 85849
preemptive halt, cache_misses = 85849
preemptive halt, cache_misses = 85849
preemptive halt, cache_misses = 85849
preemptive halt, cache_misses = 85849
preemptive halt, cache_misses = 85849
preemptive halt, cache_misses = 85849
preemptive halt, cache_misses = 85849
preemptive halt, cache_misses = 85849
preemptive halt, cache_misses = 85849
preemptive halt, cache_misses = 85849
preemptive halt, cache_misses = 85849
preemptive halt, cache_misses = 85849
preemptive halt, cache_misses = 85849
preemptive halt, cache_misses = 85849
preemptive halt, cache_misses = 85849
preemptive halt, cache_misses = 85849
preemptive halt, cache_misses = 85849
preemptive halt, cache_misses = 85849
preemptive halt, cache_misses = 85849
preemptive halt, cache_misses = 85849
preemptive halt, cache_misses = 85849
preemptive halt, cache_misses = 85849
preemptive halt, cache_misses = 85849
preemptive halt, cache_misses = 85849
preemptive halt, cache_misses = 85849
preemptive halt, cache_misses = 85849
preemptive halt, cache_misses = 85849
preemptive halt, cache_misses = 85849
preemptive halt, cache_misses = 85849
preemptive halt, cache_misses = 85849
preemptive halt, cache_misses = 85849
preemptive halt, cache_misses = 85849
preemptive halt, cache_misses = 85849
preemptive halt, cache_misses = 85849
preemptive halt, cache_misses = 85849
preemptive halt, cache_misses = 85849
preemptive halt, cache_misses = 85849
preemptive halt, cache_misses = 85849
preemptive halt, cache_misses = 85849
preemptive halt, cache_misses = 85849
preemptive halt, cache_misses = 85849
preemptive halt, cache_misses = 85849
preemptive halt, cache_misses = 85849
preemptive halt, cache_misses = 85849
preemptive halt, cache_misses = 85849
preemptive halt, cache_misses = 85849
preemptive halt, cache_misses = 85849
preemptive halt, cache_misses = 85849
preemptive halt, cache_misses = 85849
preemptive halt, cache_misses = 85849
preemptive halt, cache_misses = 85849
preemptive halt, cache_misses = 85849
preemptive halt, cache_misses = 85849
preemptive halt, cache_misses = 85849
preemptive halt, cache_misses = 85849
preemptive halt, cache_misses = 85849
preemptive halt, cache_misses = 85849
preemptive halt, cache_misses = 85849
preemptive halt, cache_misses = 85849
preemptive halt, cache_misses = 85849
preemptive halt, cache_misses = 85849
preemptive halt, cache_misses = 85849
preemptive halt, cache_misses = 85849
preemptive halt, cache_misses = 85849
preemptive halt, cache_misses = 85849
preemptive halt, cache_misses = 85849
preemptive halt, cache_misses = 85849
preemptive halt, cache_misses = 85849
preemptive halt, cache_misses = 85849
preemptive halt, cache_misses = 85849
preemptive halt, cache_misses = 85849
preemptive halt, cache_misses = 85849
preemptive halt, cache_misses = 85849
preemptive halt, cache_misses = 85849
preemptive halt, cache_misses = 85849
preemptive halt, cache_misses = 85849
preemptive halt, cache_misses = 85849
preemptive halt, cache_misses = 85849
preemptive halt, cache_misses = 85849
preemptive halt, cache_misses = 85849
preemptive halt, cache_misses = 85849
preemptive halt, cache_misses = 85849
preemptive halt, cache_misses = 85849
preemptive halt, cache_misses = 85849
preemptive halt, cache_misses = 85849
preemptive halt, cache_misses = 85849
preemptive halt, cache_misses = 85849
preemptive halt, cache_misses = 85849
preemptive halt, cache_misses = 85849
preemptive halt, cache_misses = 85849
preemptive halt, cache_misses = 85849
preemptive halt, cache_misses = 85849
preemptive halt, cache_misses = 85849
preemptive halt, cache_misses = 85849
preemptive halt, cache_misses = 85849
preemptive halt, cache_misses = 85849
preemptive halt, cache_misses = 85849
preemptive halt, cache_misses = 85849
preemptive halt, cache_misses = 85849
preemptive halt, cache_misses = 85849
preemptive halt, cache_misses = 85849
preemptive halt, cache_misses = 85849
preemptive halt, cache_misses = 85849
preemptive halt, cache_misses = 85849
preemptive halt, cache_misses = 85849
preemptive halt, cache_misses = 85849
preemptive halt, cache_misses = 85849
preemptive halt, cache_misses = 85849
preemptive halt, cache_misses = 85849
preemptive halt, cache_misses = 85849
preemptive halt, cache_misses = 85849
preemptive halt, cache_misses = 85849
preemptive halt, cache_misses = 85849
preemptive halt, cache_misses = 85849
preemptive halt, cache_misses = 85849
preemptive halt, cache_misses = 85849
preemptive halt, cache_misses = 85849
binary search, size 57230  misses 85849  min 57226  max 57235
binary search, size 57232  misses 85848  min 57230  max 57235
binary search, size 57231  misses 85848  min 57230  max 57232
characteristic cache size (binary search) for 292 = 57231
End at: 2021-04-02 15:39:00.301405
Time elapsed: 0:00:01.461963
