Begin at: 2021-04-02 15:40:39.781888
['../dist/Debug/GNU-Linux/memo_batch_tester', '', '--mbt_execution_trace_fname', 'olcs4_traceback_csize_input_types/OLCS4_lru_2021_04_02__15_36_11_k_3__d_2_cache_size_160000_problems_10_to_400/OLCS4_lru_2021_04_02__15_36_11_k_3__d_2_cache_size_160000_problems_10_to_400/OLCS4__do_traceback_prob_size_347_cache_size_160000_lru_k_3_d_2_execution_trace_2021_4_2_15_40_39_pid_18560.log', '--mbt_cache_misses_fname', 'olcs4_traceback_csize_input_types/OLCS4_lru_2021_04_02__15_36_11_k_3__d_2_cache_size_160000_problems_10_to_400/lcs_cost_OLCS4_lru_misses_for_cache_size.csv', '--mbt_misses_for_problem_size_fname', 'olcs4_traceback_csize_input_types/OLCS4_lru_2021_04_02__15_36_11_k_3__d_2_cache_size_160000_problems_10_to_400/lcs_cost_OLCS4_lru_misses_for_problem_size.csv', '--mbt_exact_cutoff_min_cache_size', '160000', '--mbt_exact_cutoff_max_cache_size', '160000', '--mbt_problem_type', 'lcs', '--mbt_metric_type', 'csize_binary_search', '--mbt_cutoff_ratio', '2.2', '--mbt_instance_fname', '347', '--mbt_detailed_cache_misses_out_fname', 'csize_olcs4_traceback_0011n_ceil_n_b_3.csv', '--mbt_phi_N', '5.0', '--mbt_problem_size', '347', '--lcs_compute_length', '0', '--lcs_perform_traceback', '1', '--lig_instance_type', '0011n_ceil_n_b', '--lig_n', '347', '--lig_c', '0.9', '--lig_b', '3.0', '--lcs_oblivious', '4', '--lcs_execution_trace_fname', 'olcs4_traceback_csize_input_types/OLCS4_lru_2021_04_02__15_36_11_k_3__d_2_cache_size_160000_problems_10_to_400/OLCS4_lru_2021_04_02__15_36_11_k_3__d_2_cache_size_160000_problems_10_to_400/OLCS4__do_traceback_prob_size_347_cache_size_160000_lru_k_3_d_2_execution_trace_2021_4_2_15_40_39_pid_18560.log', '--memo_caching_strategy', 'lru', '--memo_cache_size', '160001', '--memo_lru_queue_size', '160000', '--memo_cuckoo_k', '4', '--memo_key_length', '8', '--memo_value_length', '8', '--memo_k_timestamps', '3', '--memo_d_recent_timestamps', '2', '--memo_a_items_per_timestamp_factor', '0.4375']

csize_binary_search chosen
lcs problem_type lcs cache_size 160001
initialize_long_int_cache begin
init_memo
arguments to memo:
 --mbt_execution_trace_fname olcs4_traceback_csize_input_types/OLCS4_lru_2021_04_02__15_36_11_k_3__d_2_cache_size_160000_problems_10_to_400/OLCS4_lru_2021_04_02__15_36_11_k_3__d_2_cache_size_160000_problems_10_to_400/OLCS4__do_traceback_prob_size_347_cache_size_160000_lru_k_3_d_2_execution_trace_2021_4_2_15_40_39_pid_18560.log --mbt_cache_misses_fname olcs4_traceback_csize_input_types/OLCS4_lru_2021_04_02__15_36_11_k_3__d_2_cache_size_160000_problems_10_to_400/lcs_cost_OLCS4_lru_misses_for_cache_size.csv --mbt_misses_for_problem_size_fname olcs4_traceback_csize_input_types/OLCS4_lru_2021_04_02__15_36_11_k_3__d_2_cache_size_160000_problems_10_to_400/lcs_cost_OLCS4_lru_misses_for_problem_size.csv --mbt_exact_cutoff_min_cache_size 160000 --mbt_exact_cutoff_max_cache_size 160000 --mbt_problem_type lcs --mbt_metric_type csize_binary_search --mbt_cutoff_ratio 2.2 --mbt_instance_fname 347 --mbt_detailed_cache_misses_out_fname csize_olcs4_traceback_0011n_ceil_n_b_3.csv --mbt_phi_N 5.0 --mbt_problem_size 347 --lcs_compute_length 0 --lcs_perform_traceback 1 --lig_instance_type 0011n_ceil_n_b --lig_n 347 --lig_c 0.9 --lig_b 3.0 --lcs_oblivious 4 --lcs_execution_trace_fname olcs4_traceback_csize_input_types/OLCS4_lru_2021_04_02__15_36_11_k_3__d_2_cache_size_160000_problems_10_to_400/OLCS4_lru_2021_04_02__15_36_11_k_3__d_2_cache_size_160000_problems_10_to_400/OLCS4__do_traceback_prob_size_347_cache_size_160000_lru_k_3_d_2_execution_trace_2021_4_2_15_40_39_pid_18560.log --memo_caching_strategy lru --memo_cache_size 160001 --memo_lru_queue_size 160000 --memo_cuckoo_k 4 --memo_key_length 8 --memo_value_length 8 --memo_k_timestamps 3 --memo_d_recent_timestamps 2 --memo_a_items_per_timestamp_factor 0.4375 
calculate_table_size: table_size is 262144, original is 160001
Finished initializing cache
initialize_long_int_cache end
done initializing cache
initializing problem
done initializing problem
commence trials
Starting characteristic_cache_size_binary_search with max cache size 160001
binary search, size 160001  misses 121103
preemptive halt, cache_misses = 121104
preemptive halt, cache_misses = 121104
preemptive halt, cache_misses = 121104
preemptive halt, cache_misses = 121104
preemptive halt, cache_misses = 121104
preemptive halt, cache_misses = 121104
preemptive halt, cache_misses = 121104
preemptive halt, cache_misses = 121104
preemptive halt, cache_misses = 121104
preemptive halt, cache_misses = 121104
preemptive halt, cache_misses = 121104
preemptive halt, cache_misses = 121104
preemptive halt, cache_misses = 121104
preemptive halt, cache_misses = 121104
preemptive halt, cache_misses = 121104
preemptive halt, cache_misses = 121104
preemptive halt, cache_misses = 121104
preemptive halt, cache_misses = 121104
preemptive halt, cache_misses = 121104
preemptive halt, cache_misses = 121104
preemptive halt, cache_misses = 121104
preemptive halt, cache_misses = 121104
preemptive halt, cache_misses = 121104
preemptive halt, cache_misses = 121104
preemptive halt, cache_misses = 121104
preemptive halt, cache_misses = 121104
preemptive halt, cache_misses = 121104
preemptive halt, cache_misses = 121104
preemptive halt, cache_misses = 121104
preemptive halt, cache_misses = 121104
preemptive halt, cache_misses = 121104
preemptive halt, cache_misses = 121104
preemptive halt, cache_misses = 121104
preemptive halt, cache_misses = 121104
preemptive halt, cache_misses = 121104
preemptive halt, cache_misses = 121104
preemptive halt, cache_misses = 121104
preemptive halt, cache_misses = 121104
preemptive halt, cache_misses = 121104
preemptive halt, cache_misses = 121104
preemptive halt, cache_misses = 121104
preemptive halt, cache_misses = 121104
preemptive halt, cache_misses = 121104
preemptive halt, cache_misses = 121104
preemptive halt, cache_misses = 121104
preemptive halt, cache_misses = 121104
preemptive halt, cache_misses = 121104
preemptive halt, cache_misses = 121104
preemptive halt, cache_misses = 121104
preemptive halt, cache_misses = 121104
preemptive halt, cache_misses = 121104
preemptive halt, cache_misses = 121104
preemptive halt, cache_misses = 121104
preemptive halt, cache_misses = 121104
preemptive halt, cache_misses = 121104
preemptive halt, cache_misses = 121104
preemptive halt, cache_misses = 121104
preemptive halt, cache_misses = 121104
preemptive halt, cache_misses = 121104
preemptive halt, cache_misses = 121104
preemptive halt, cache_misses = 121104
preemptive halt, cache_misses = 121104
preemptive halt, cache_misses = 121104
preemptive halt, cache_misses = 121104
preemptive halt, cache_misses = 121104
preemptive halt, cache_misses = 121104
preemptive halt, cache_misses = 121104
preemptive halt, cache_misses = 121104
preemptive halt, cache_misses = 121104
preemptive halt, cache_misses = 121104
preemptive halt, cache_misses = 121104
preemptive halt, cache_misses = 121104
preemptive halt, cache_misses = 121104
preemptive halt, cache_misses = 121104
preemptive halt, cache_misses = 121104
preemptive halt, cache_misses = 121104
preemptive halt, cache_misses = 121104
preemptive halt, cache_misses = 121104
preemptive halt, cache_misses = 121104
preemptive halt, cache_misses = 121104
preemptive halt, cache_misses = 121104
preemptive halt, cache_misses = 121104
preemptive halt, cache_misses = 121104
preemptive halt, cache_misses = 121104
preemptive halt, cache_misses = 121104
preemptive halt, cache_misses = 121104
preemptive halt, cache_misses = 121104
preemptive halt, cache_misses = 121104
preemptive halt, cache_misses = 121104
preemptive halt, cache_misses = 121104
preemptive halt, cache_misses = 121104
preemptive halt, cache_misses = 121104
preemptive halt, cache_misses = 121104
preemptive halt, cache_misses = 121104
preemptive halt, cache_misses = 121104
preemptive halt, cache_misses = 121104
preemptive halt, cache_misses = 121104
preemptive halt, cache_misses = 121104
preemptive halt, cache_misses = 121104
preemptive halt, cache_misses = 121104
preemptive halt, cache_misses = 121104
preemptive halt, cache_misses = 121104
preemptive halt, cache_misses = 121104
preemptive halt, cache_misses = 121104
preemptive halt, cache_misses = 121104
preemptive halt, cache_misses = 121104
preemptive halt, cache_misses = 121104
preemptive halt, cache_misses = 121104
preemptive halt, cache_misses = 121104
preemptive halt, cache_misses = 121104
preemptive halt, cache_misses = 121104
preemptive halt, cache_misses = 121104
preemptive halt, cache_misses = 121104
preemptive halt, cache_misses = 121104
preemptive halt, cache_misses = 121104
preemptive halt, cache_misses = 121104
preemptive halt, cache_misses = 121104
preemptive halt, cache_misses = 121104
preemptive halt, cache_misses = 121104
preemptive halt, cache_misses = 121104
preemptive halt, cache_misses = 121104
preemptive halt, cache_misses = 121104
preemptive halt, cache_misses = 121104
preemptive halt, cache_misses = 121104
preemptive halt, cache_misses = 121104
preemptive halt, cache_misses = 121104
preemptive halt, cache_misses = 121104
preemptive halt, cache_misses = 121104
preemptive halt, cache_misses = 121104
preemptive halt, cache_misses = 121104
preemptive halt, cache_misses = 121104
preemptive halt, cache_misses = 121104
preemptive halt, cache_misses = 121104
preemptive halt, cache_misses = 121104
preemptive halt, cache_misses = 121104
preemptive halt, cache_misses = 121104
preemptive halt, cache_misses = 121104
preemptive halt, cache_misses = 121104
preemptive halt, cache_misses = 121104
preemptive halt, cache_misses = 121104
preemptive halt, cache_misses = 121104
preemptive halt, cache_misses = 121104
preemptive halt, cache_misses = 121104
preemptive halt, cache_misses = 121104
preemptive halt, cache_misses = 121104
preemptive halt, cache_misses = 121104
preemptive halt, cache_misses = 121104
preemptive halt, cache_misses = 121104
preemptive halt, cache_misses = 121104
preemptive halt, cache_misses = 121104
preemptive halt, cache_misses = 121104
preemptive halt, cache_misses = 121104
preemptive halt, cache_misses = 121104
preemptive halt, cache_misses = 121104
preemptive halt, cache_misses = 121104
preemptive halt, cache_misses = 121104
preemptive halt, cache_misses = 121104
preemptive halt, cache_misses = 121104
preemptive halt, cache_misses = 121104
preemptive halt, cache_misses = 121104
preemptive halt, cache_misses = 121104
preemptive halt, cache_misses = 121104
preemptive halt, cache_misses = 121104
preemptive halt, cache_misses = 121104
preemptive halt, cache_misses = 121104
preemptive halt, cache_misses = 121104
preemptive halt, cache_misses = 121104
preemptive halt, cache_misses = 121104
preemptive halt, cache_misses = 121104
preemptive halt, cache_misses = 121104
preemptive halt, cache_misses = 121104
preemptive halt, cache_misses = 121104
preemptive halt, cache_misses = 121104
preemptive halt, cache_misses = 121104
preemptive halt, cache_misses = 121104
preemptive halt, cache_misses = 121104
preemptive halt, cache_misses = 121104
preemptive halt, cache_misses = 121104
preemptive halt, cache_misses = 121104
preemptive halt, cache_misses = 121104
preemptive halt, cache_misses = 121104
preemptive halt, cache_misses = 121104
preemptive halt, cache_misses = 121104
preemptive halt, cache_misses = 121104
preemptive halt, cache_misses = 121104
preemptive halt, cache_misses = 121104
preemptive halt, cache_misses = 121104
preemptive halt, cache_misses = 121104
preemptive halt, cache_misses = 121104
preemptive halt, cache_misses = 121104
preemptive halt, cache_misses = 121104
preemptive halt, cache_misses = 121104
preemptive halt, cache_misses = 121104
preemptive halt, cache_misses = 121104
preemptive halt, cache_misses = 121104
preemptive halt, cache_misses = 121104
preemptive halt, cache_misses = 121104
preemptive halt, cache_misses = 121104
preemptive halt, cache_misses = 121104
preemptive halt, cache_misses = 121104
preemptive halt, cache_misses = 121104
preemptive halt, cache_misses = 121104
preemptive halt, cache_misses = 121104
preemptive halt, cache_misses = 121104
preemptive halt, cache_misses = 121104
preemptive halt, cache_misses = 121104
preemptive halt, cache_misses = 121104
preemptive halt, cache_misses = 121104
preemptive halt, cache_misses = 121104
preemptive halt, cache_misses = 121104
preemptive halt, cache_misses = 121104
preemptive halt, cache_misses = 121104
preemptive halt, cache_misses = 121104
preemptive halt, cache_misses = 121104
preemptive halt, cache_misses = 121104
preemptive halt, cache_misses = 121104
preemptive halt, cache_misses = 121104
preemptive halt, cache_misses = 121104
preemptive halt, cache_misses = 121104
preemptive halt, cache_misses = 121104
preemptive halt, cache_misses = 121104
preemptive halt, cache_misses = 121104
preemptive halt, cache_misses = 121104
preemptive halt, cache_misses = 121104
preemptive halt, cache_misses = 121104
preemptive halt, cache_misses = 121104
preemptive halt, cache_misses = 121104
preemptive halt, cache_misses = 121104
preemptive halt, cache_misses = 121104
preemptive halt, cache_misses = 121104
preemptive halt, cache_misses = 121104
preemptive halt, cache_misses = 121104
binary search, size 80000  misses 121104  min 0  max 160001
binary search, size 120000  misses 121103  min 80000  max 160001
binary search, size 100000  misses 121103  min 80000  max 120000
binary search, size 90000  misses 121103  min 80000  max 100000
binary search, size 85000  misses 121103  min 80000  max 90000
binary search, size 82500  misses 121103  min 80000  max 85000
binary search, size 81250  misses 121103  min 80000  max 82500
preemptive halt, cache_misses = 121104
preemptive halt, cache_misses = 121104
preemptive halt, cache_misses = 121104
preemptive halt, cache_misses = 121104
preemptive halt, cache_misses = 121104
preemptive halt, cache_misses = 121104
preemptive halt, cache_misses = 121104
preemptive halt, cache_misses = 121104
preemptive halt, cache_misses = 121104
preemptive halt, cache_misses = 121104
preemptive halt, cache_misses = 121104
preemptive halt, cache_misses = 121104
preemptive halt, cache_misses = 121104
preemptive halt, cache_misses = 121104
preemptive halt, cache_misses = 121104
preemptive halt, cache_misses = 121104
preemptive halt, cache_misses = 121104
preemptive halt, cache_misses = 121104
preemptive halt, cache_misses = 121104
preemptive halt, cache_misses = 121104
preemptive halt, cache_misses = 121104
preemptive halt, cache_misses = 121104
preemptive halt, cache_misses = 121104
preemptive halt, cache_misses = 121104
preemptive halt, cache_misses = 121104
preemptive halt, cache_misses = 121104
preemptive halt, cache_misses = 121104
preemptive halt, cache_misses = 121104
preemptive halt, cache_misses = 121104
preemptive halt, cache_misses = 121104
preemptive halt, cache_misses = 121104
preemptive halt, cache_misses = 121104
preemptive halt, cache_misses = 121104
preemptive halt, cache_misses = 121104
preemptive halt, cache_misses = 121104
preemptive halt, cache_misses = 121104
preemptive halt, cache_misses = 121104
preemptive halt, cache_misses = 121104
preemptive halt, cache_misses = 121104
preemptive halt, cache_misses = 121104
preemptive halt, cache_misses = 121104
preemptive halt, cache_misses = 121104
preemptive halt, cache_misses = 121104
preemptive halt, cache_misses = 121104
preemptive halt, cache_misses = 121104
preemptive halt, cache_misses = 121104
preemptive halt, cache_misses = 121104
preemptive halt, cache_misses = 121104
preemptive halt, cache_misses = 121104
preemptive halt, cache_misses = 121104
preemptive halt, cache_misses = 121104
preemptive halt, cache_misses = 121104
preemptive halt, cache_misses = 121104
preemptive halt, cache_misses = 121104
preemptive halt, cache_misses = 121104
preemptive halt, cache_misses = 121104
preemptive halt, cache_misses = 121104
preemptive halt, cache_misses = 121104
preemptive halt, cache_misses = 121104
preemptive halt, cache_misses = 121104
preemptive halt, cache_misses = 121104
preemptive halt, cache_misses = 121104
preemptive halt, cache_misses = 121104
preemptive halt, cache_misses = 121104
preemptive halt, cache_misses = 121104
preemptive halt, cache_misses = 121104
preemptive halt, cache_misses = 121104
preemptive halt, cache_misses = 121104
preemptive halt, cache_misses = 121104
preemptive halt, cache_misses = 121104
preemptive halt, cache_misses = 121104
preemptive halt, cache_misses = 121104
preemptive halt, cache_misses = 121104
preemptive halt, cache_misses = 121104
preemptive halt, cache_misses = 121104
preemptive halt, cache_misses = 121104
preemptive halt, cache_misses = 121104
preemptive halt, cache_misses = 121104
preemptive halt, cache_misses = 121104
preemptive halt, cache_misses = 121104
preemptive halt, cache_misses = 121104
preemptive halt, cache_misses = 121104
preemptive halt, cache_misses = 121104
preemptive halt, cache_misses = 121104
preemptive halt, cache_misses = 121104
preemptive halt, cache_misses = 121104
preemptive halt, cache_misses = 121104
preemptive halt, cache_misses = 121104
preemptive halt, cache_misses = 121104
preemptive halt, cache_misses = 121104
preemptive halt, cache_misses = 121104
preemptive halt, cache_misses = 121104
preemptive halt, cache_misses = 121104
preemptive halt, cache_misses = 121104
preemptive halt, cache_misses = 121104
preemptive halt, cache_misses = 121104
preemptive halt, cache_misses = 121104
preemptive halt, cache_misses = 121104
preemptive halt, cache_misses = 121104
preemptive halt, cache_misses = 121104
preemptive halt, cache_misses = 121104
preemptive halt, cache_misses = 121104
preemptive halt, cache_misses = 121104
preemptive halt, cache_misses = 121104
preemptive halt, cache_misses = 121104
preemptive halt, cache_misses = 121104
preemptive halt, cache_misses = 121104
preemptive halt, cache_misses = 121104
preemptive halt, cache_misses = 121104
preemptive halt, cache_misses = 121104
preemptive halt, cache_misses = 121104
preemptive halt, cache_misses = 121104
preemptive halt, cache_misses = 121104
preemptive halt, cache_misses = 121104
preemptive halt, cache_misses = 121104
preemptive halt, cache_misses = 121104
preemptive halt, cache_misses = 121104
preemptive halt, cache_misses = 121104
preemptive halt, cache_misses = 121104
preemptive halt, cache_misses = 121104
preemptive halt, cache_misses = 121104
preemptive halt, cache_misses = 121104
preemptive halt, cache_misses = 121104
preemptive halt, cache_misses = 121104
preemptive halt, cache_misses = 121104
preemptive halt, cache_misses = 121104
preemptive halt, cache_misses = 121104
preemptive halt, cache_misses = 121104
preemptive halt, cache_misses = 121104
preemptive halt, cache_misses = 121104
preemptive halt, cache_misses = 121104
preemptive halt, cache_misses = 121104
preemptive halt, cache_misses = 121104
preemptive halt, cache_misses = 121104
preemptive halt, cache_misses = 121104
preemptive halt, cache_misses = 121104
preemptive halt, cache_misses = 121104
preemptive halt, cache_misses = 121104
preemptive halt, cache_misses = 121104
preemptive halt, cache_misses = 121104
preemptive halt, cache_misses = 121104
preemptive halt, cache_misses = 121104
preemptive halt, cache_misses = 121104
preemptive halt, cache_misses = 121104
preemptive halt, cache_misses = 121104
preemptive halt, cache_misses = 121104
preemptive halt, cache_misses = 121104
preemptive halt, cache_misses = 121104
preemptive halt, cache_misses = 121104
preemptive halt, cache_misses = 121104
preemptive halt, cache_misses = 121104
preemptive halt, cache_misses = 121104
preemptive halt, cache_misses = 121104
preemptive halt, cache_misses = 121104
preemptive halt, cache_misses = 121104
preemptive halt, cache_misses = 121104
preemptive halt, cache_misses = 121104
preemptive halt, cache_misses = 121104
preemptive halt, cache_misses = 121104
preemptive halt, cache_misses = 121104
preemptive halt, cache_misses = 121104
preemptive halt, cache_misses = 121104
preemptive halt, cache_misses = 121104
preemptive halt, cache_misses = 121104
preemptive halt, cache_misses = 121104
preemptive halt, cache_misses = 121104
preemptive halt, cache_misses = 121104
preemptive halt, cache_misses = 121104
preemptive halt, cache_misses = 121104
preemptive halt, cache_misses = 121104
preemptive halt, cache_misses = 121104
preemptive halt, cache_misses = 121104
preemptive halt, cache_misses = 121104
preemptive halt, cache_misses = 121104
preemptive halt, cache_misses = 121104
preemptive halt, cache_misses = 121104
preemptive halt, cache_misses = 121104
preemptive halt, cache_misses = 121104
preemptive halt, cache_misses = 121104
preemptive halt, cache_misses = 121104
preemptive halt, cache_misses = 121104
preemptive halt, cache_misses = 121104
preemptive halt, cache_misses = 121104
preemptive halt, cache_misses = 121104
preemptive halt, cache_misses = 121104
preemptive halt, cache_misses = 121104
preemptive halt, cache_misses = 121104
preemptive halt, cache_misses = 121104
preemptive halt, cache_misses = 121104
preemptive halt, cache_misses = 121104
preemptive halt, cache_misses = 121104
preemptive halt, cache_misses = 121104
preemptive halt, cache_misses = 121104
preemptive halt, cache_misses = 121104
preemptive halt, cache_misses = 121104
preemptive halt, cache_misses = 121104
preemptive halt, cache_misses = 121104
preemptive halt, cache_misses = 121104
preemptive halt, cache_misses = 121104
preemptive halt, cache_misses = 121104
preemptive halt, cache_misses = 121104
preemptive halt, cache_misses = 121104
preemptive halt, cache_misses = 121104
preemptive halt, cache_misses = 121104
preemptive halt, cache_misses = 121104
preemptive halt, cache_misses = 121104
preemptive halt, cache_misses = 121104
preemptive halt, cache_misses = 121104
preemptive halt, cache_misses = 121104
preemptive halt, cache_misses = 121104
preemptive halt, cache_misses = 121104
preemptive halt, cache_misses = 121104
preemptive halt, cache_misses = 121104
preemptive halt, cache_misses = 121104
preemptive halt, cache_misses = 121104
preemptive halt, cache_misses = 121104
preemptive halt, cache_misses = 121104
preemptive halt, cache_misses = 121104
preemptive halt, cache_misses = 121104
preemptive halt, cache_misses = 121104
preemptive halt, cache_misses = 121104
preemptive halt, cache_misses = 121104
preemptive halt, cache_misses = 121104
preemptive halt, cache_misses = 121104
preemptive halt, cache_misses = 121104
preemptive halt, cache_misses = 121104
preemptive halt, cache_misses = 121104
preemptive halt, cache_misses = 121104
preemptive halt, cache_misses = 121104
preemptive halt, cache_misses = 121104
preemptive halt, cache_misses = 121104
preemptive halt, cache_misses = 121104
binary search, size 80625  misses 121104  min 80000  max 81250
binary search, size 80937  misses 121103  min 80625  max 81250
preemptive halt, cache_misses = 121104
preemptive halt, cache_misses = 121104
preemptive halt, cache_misses = 121104
preemptive halt, cache_misses = 121104
preemptive halt, cache_misses = 121104
preemptive halt, cache_misses = 121104
preemptive halt, cache_misses = 121104
preemptive halt, cache_misses = 121104
preemptive halt, cache_misses = 121104
preemptive halt, cache_misses = 121104
preemptive halt, cache_misses = 121104
preemptive halt, cache_misses = 121104
preemptive halt, cache_misses = 121104
preemptive halt, cache_misses = 121104
preemptive halt, cache_misses = 121104
preemptive halt, cache_misses = 121104
preemptive halt, cache_misses = 121104
preemptive halt, cache_misses = 121104
preemptive halt, cache_misses = 121104
preemptive halt, cache_misses = 121104
preemptive halt, cache_misses = 121104
preemptive halt, cache_misses = 121104
preemptive halt, cache_misses = 121104
preemptive halt, cache_misses = 121104
preemptive halt, cache_misses = 121104
preemptive halt, cache_misses = 121104
preemptive halt, cache_misses = 121104
preemptive halt, cache_misses = 121104
preemptive halt, cache_misses = 121104
preemptive halt, cache_misses = 121104
preemptive halt, cache_misses = 121104
preemptive halt, cache_misses = 121104
preemptive halt, cache_misses = 121104
preemptive halt, cache_misses = 121104
preemptive halt, cache_misses = 121104
preemptive halt, cache_misses = 121104
preemptive halt, cache_misses = 121104
preemptive halt, cache_misses = 121104
preemptive halt, cache_misses = 121104
preemptive halt, cache_misses = 121104
preemptive halt, cache_misses = 121104
preemptive halt, cache_misses = 121104
preemptive halt, cache_misses = 121104
preemptive halt, cache_misses = 121104
preemptive halt, cache_misses = 121104
preemptive halt, cache_misses = 121104
preemptive halt, cache_misses = 121104
preemptive halt, cache_misses = 121104
preemptive halt, cache_misses = 121104
preemptive halt, cache_misses = 121104
preemptive halt, cache_misses = 121104
preemptive halt, cache_misses = 121104
preemptive halt, cache_misses = 121104
preemptive halt, cache_misses = 121104
preemptive halt, cache_misses = 121104
preemptive halt, cache_misses = 121104
preemptive halt, cache_misses = 121104
preemptive halt, cache_misses = 121104
preemptive halt, cache_misses = 121104
preemptive halt, cache_misses = 121104
preemptive halt, cache_misses = 121104
preemptive halt, cache_misses = 121104
preemptive halt, cache_misses = 121104
preemptive halt, cache_misses = 121104
preemptive halt, cache_misses = 121104
preemptive halt, cache_misses = 121104
preemptive halt, cache_misses = 121104
preemptive halt, cache_misses = 121104
preemptive halt, cache_misses = 121104
preemptive halt, cache_misses = 121104
preemptive halt, cache_misses = 121104
preemptive halt, cache_misses = 121104
preemptive halt, cache_misses = 121104
preemptive halt, cache_misses = 121104
preemptive halt, cache_misses = 121104
preemptive halt, cache_misses = 121104
preemptive halt, cache_misses = 121104
preemptive halt, cache_misses = 121104
preemptive halt, cache_misses = 121104
preemptive halt, cache_misses = 121104
preemptive halt, cache_misses = 121104
preemptive halt, cache_misses = 121104
preemptive halt, cache_misses = 121104
preemptive halt, cache_misses = 121104
preemptive halt, cache_misses = 121104
preemptive halt, cache_misses = 121104
preemptive halt, cache_misses = 121104
preemptive halt, cache_misses = 121104
preemptive halt, cache_misses = 121104
preemptive halt, cache_misses = 121104
preemptive halt, cache_misses = 121104
preemptive halt, cache_misses = 121104
preemptive halt, cache_misses = 121104
preemptive halt, cache_misses = 121104
preemptive halt, cache_misses = 121104
preemptive halt, cache_misses = 121104
preemptive halt, cache_misses = 121104
preemptive halt, cache_misses = 121104
preemptive halt, cache_misses = 121104
preemptive halt, cache_misses = 121104
preemptive halt, cache_misses = 121104
preemptive halt, cache_misses = 121104
preemptive halt, cache_misses = 121104
preemptive halt, cache_misses = 121104
preemptive halt, cache_misses = 121104
preemptive halt, cache_misses = 121104
preemptive halt, cache_misses = 121104
preemptive halt, cache_misses = 121104
preemptive halt, cache_misses = 121104
preemptive halt, cache_misses = 121104
preemptive halt, cache_misses = 121104
preemptive halt, cache_misses = 121104
preemptive halt, cache_misses = 121104
preemptive halt, cache_misses = 121104
preemptive halt, cache_misses = 121104
preemptive halt, cache_misses = 121104
preemptive halt, cache_misses = 121104
preemptive halt, cache_misses = 121104
preemptive halt, cache_misses = 121104
preemptive halt, cache_misses = 121104
preemptive halt, cache_misses = 121104
preemptive halt, cache_misses = 121104
preemptive halt, cache_misses = 121104
preemptive halt, cache_misses = 121104
preemptive halt, cache_misses = 121104
preemptive halt, cache_misses = 121104
preemptive halt, cache_misses = 121104
preemptive halt, cache_misses = 121104
preemptive halt, cache_misses = 121104
preemptive halt, cache_misses = 121104
preemptive halt, cache_misses = 121104
preemptive halt, cache_misses = 121104
preemptive halt, cache_misses = 121104
preemptive halt, cache_misses = 121104
preemptive halt, cache_misses = 121104
preemptive halt, cache_misses = 121104
preemptive halt, cache_misses = 121104
preemptive halt, cache_misses = 121104
preemptive halt, cache_misses = 121104
preemptive halt, cache_misses = 121104
preemptive halt, cache_misses = 121104
preemptive halt, cache_misses = 121104
preemptive halt, cache_misses = 121104
preemptive halt, cache_misses = 121104
preemptive halt, cache_misses = 121104
preemptive halt, cache_misses = 121104
preemptive halt, cache_misses = 121104
preemptive halt, cache_misses = 121104
preemptive halt, cache_misses = 121104
preemptive halt, cache_misses = 121104
preemptive halt, cache_misses = 121104
preemptive halt, cache_misses = 121104
preemptive halt, cache_misses = 121104
preemptive halt, cache_misses = 121104
preemptive halt, cache_misses = 121104
preemptive halt, cache_misses = 121104
preemptive halt, cache_misses = 121104
preemptive halt, cache_misses = 121104
preemptive halt, cache_misses = 121104
preemptive halt, cache_misses = 121104
preemptive halt, cache_misses = 121104
preemptive halt, cache_misses = 121104
preemptive halt, cache_misses = 121104
preemptive halt, cache_misses = 121104
preemptive halt, cache_misses = 121104
preemptive halt, cache_misses = 121104
preemptive halt, cache_misses = 121104
preemptive halt, cache_misses = 121104
preemptive halt, cache_misses = 121104
preemptive halt, cache_misses = 121104
preemptive halt, cache_misses = 121104
preemptive halt, cache_misses = 121104
preemptive halt, cache_misses = 121104
preemptive halt, cache_misses = 121104
preemptive halt, cache_misses = 121104
preemptive halt, cache_misses = 121104
preemptive halt, cache_misses = 121104
preemptive halt, cache_misses = 121104
preemptive halt, cache_misses = 121104
preemptive halt, cache_misses = 121104
preemptive halt, cache_misses = 121104
preemptive halt, cache_misses = 121104
preemptive halt, cache_misses = 121104
preemptive halt, cache_misses = 121104
preemptive halt, cache_misses = 121104
preemptive halt, cache_misses = 121104
preemptive halt, cache_misses = 121104
preemptive halt, cache_misses = 121104
preemptive halt, cache_misses = 121104
preemptive halt, cache_misses = 121104
preemptive halt, cache_misses = 121104
preemptive halt, cache_misses = 121104
preemptive halt, cache_misses = 121104
preemptive halt, cache_misses = 121104
preemptive halt, cache_misses = 121104
preemptive halt, cache_misses = 121104
preemptive halt, cache_misses = 121104
preemptive halt, cache_misses = 121104
preemptive halt, cache_misses = 121104
preemptive halt, cache_misses = 121104
preemptive halt, cache_misses = 121104
preemptive halt, cache_misses = 121104
preemptive halt, cache_misses = 121104
preemptive halt, cache_misses = 121104
preemptive halt, cache_misses = 121104
preemptive halt, cache_misses = 121104
preemptive halt, cache_misses = 121104
preemptive halt, cache_misses = 121104
preemptive halt, cache_misses = 121104
preemptive halt, cache_misses = 121104
preemptive halt, cache_misses = 121104
preemptive halt, cache_misses = 121104
preemptive halt, cache_misses = 121104
preemptive halt, cache_misses = 121104
preemptive halt, cache_misses = 121104
preemptive halt, cache_misses = 121104
preemptive halt, cache_misses = 121104
preemptive halt, cache_misses = 121104
preemptive halt, cache_misses = 121104
preemptive halt, cache_misses = 121104
preemptive halt, cache_misses = 121104
preemptive halt, cache_misses = 121104
preemptive halt, cache_misses = 121104
preemptive halt, cache_misses = 121104
preemptive halt, cache_misses = 121104
preemptive halt, cache_misses = 121104
preemptive halt, cache_misses = 121104
preemptive halt, cache_misses = 121104
preemptive halt, cache_misses = 121104
preemptive halt, cache_misses = 121104
preemptive halt, cache_misses = 121104
preemptive halt, cache_misses = 121104
binary search, size 80781  misses 121104  min 80625  max 80937
binary search, size 80859  misses 121103  min 80781  max 80937
preemptive halt, cache_misses = 121104
preemptive halt, cache_misses = 121104
preemptive halt, cache_misses = 121104
preemptive halt, cache_misses = 121104
preemptive halt, cache_misses = 121104
preemptive halt, cache_misses = 121104
preemptive halt, cache_misses = 121104
preemptive halt, cache_misses = 121104
preemptive halt, cache_misses = 121104
preemptive halt, cache_misses = 121104
preemptive halt, cache_misses = 121104
preemptive halt, cache_misses = 121104
preemptive halt, cache_misses = 121104
preemptive halt, cache_misses = 121104
preemptive halt, cache_misses = 121104
preemptive halt, cache_misses = 121104
preemptive halt, cache_misses = 121104
preemptive halt, cache_misses = 121104
preemptive halt, cache_misses = 121104
preemptive halt, cache_misses = 121104
preemptive halt, cache_misses = 121104
preemptive halt, cache_misses = 121104
preemptive halt, cache_misses = 121104
preemptive halt, cache_misses = 121104
preemptive halt, cache_misses = 121104
preemptive halt, cache_misses = 121104
preemptive halt, cache_misses = 121104
preemptive halt, cache_misses = 121104
preemptive halt, cache_misses = 121104
preemptive halt, cache_misses = 121104
preemptive halt, cache_misses = 121104
preemptive halt, cache_misses = 121104
preemptive halt, cache_misses = 121104
preemptive halt, cache_misses = 121104
preemptive halt, cache_misses = 121104
preemptive halt, cache_misses = 121104
preemptive halt, cache_misses = 121104
preemptive halt, cache_misses = 121104
preemptive halt, cache_misses = 121104
preemptive halt, cache_misses = 121104
preemptive halt, cache_misses = 121104
preemptive halt, cache_misses = 121104
preemptive halt, cache_misses = 121104
preemptive halt, cache_misses = 121104
preemptive halt, cache_misses = 121104
preemptive halt, cache_misses = 121104
preemptive halt, cache_misses = 121104
preemptive halt, cache_misses = 121104
preemptive halt, cache_misses = 121104
preemptive halt, cache_misses = 121104
preemptive halt, cache_misses = 121104
preemptive halt, cache_misses = 121104
preemptive halt, cache_misses = 121104
preemptive halt, cache_misses = 121104
preemptive halt, cache_misses = 121104
preemptive halt, cache_misses = 121104
preemptive halt, cache_misses = 121104
preemptive halt, cache_misses = 121104
preemptive halt, cache_misses = 121104
preemptive halt, cache_misses = 121104
preemptive halt, cache_misses = 121104
preemptive halt, cache_misses = 121104
preemptive halt, cache_misses = 121104
preemptive halt, cache_misses = 121104
preemptive halt, cache_misses = 121104
preemptive halt, cache_misses = 121104
preemptive halt, cache_misses = 121104
preemptive halt, cache_misses = 121104
preemptive halt, cache_misses = 121104
preemptive halt, cache_misses = 121104
preemptive halt, cache_misses = 121104
preemptive halt, cache_misses = 121104
preemptive halt, cache_misses = 121104
preemptive halt, cache_misses = 121104
preemptive halt, cache_misses = 121104
preemptive halt, cache_misses = 121104
preemptive halt, cache_misses = 121104
preemptive halt, cache_misses = 121104
preemptive halt, cache_misses = 121104
preemptive halt, cache_misses = 121104
preemptive halt, cache_misses = 121104
preemptive halt, cache_misses = 121104
preemptive halt, cache_misses = 121104
preemptive halt, cache_misses = 121104
preemptive halt, cache_misses = 121104
preemptive halt, cache_misses = 121104
preemptive halt, cache_misses = 121104
preemptive halt, cache_misses = 121104
preemptive halt, cache_misses = 121104
preemptive halt, cache_misses = 121104
preemptive halt, cache_misses = 121104
preemptive halt, cache_misses = 121104
preemptive halt, cache_misses = 121104
preemptive halt, cache_misses = 121104
preemptive halt, cache_misses = 121104
preemptive halt, cache_misses = 121104
preemptive halt, cache_misses = 121104
preemptive halt, cache_misses = 121104
preemptive halt, cache_misses = 121104
preemptive halt, cache_misses = 121104
preemptive halt, cache_misses = 121104
preemptive halt, cache_misses = 121104
preemptive halt, cache_misses = 121104
preemptive halt, cache_misses = 121104
preemptive halt, cache_misses = 121104
preemptive halt, cache_misses = 121104
preemptive halt, cache_misses = 121104
preemptive halt, cache_misses = 121104
preemptive halt, cache_misses = 121104
preemptive halt, cache_misses = 121104
preemptive halt, cache_misses = 121104
preemptive halt, cache_misses = 121104
preemptive halt, cache_misses = 121104
preemptive halt, cache_misses = 121104
preemptive halt, cache_misses = 121104
preemptive halt, cache_misses = 121104
preemptive halt, cache_misses = 121104
preemptive halt, cache_misses = 121104
preemptive halt, cache_misses = 121104
preemptive halt, cache_misses = 121104
preemptive halt, cache_misses = 121104
preemptive halt, cache_misses = 121104
preemptive halt, cache_misses = 121104
preemptive halt, cache_misses = 121104
preemptive halt, cache_misses = 121104
preemptive halt, cache_misses = 121104
preemptive halt, cache_misses = 121104
preemptive halt, cache_misses = 121104
preemptive halt, cache_misses = 121104
preemptive halt, cache_misses = 121104
preemptive halt, cache_misses = 121104
preemptive halt, cache_misses = 121104
preemptive halt, cache_misses = 121104
preemptive halt, cache_misses = 121104
preemptive halt, cache_misses = 121104
preemptive halt, cache_misses = 121104
preemptive halt, cache_misses = 121104
preemptive halt, cache_misses = 121104
preemptive halt, cache_misses = 121104
preemptive halt, cache_misses = 121104
preemptive halt, cache_misses = 121104
preemptive halt, cache_misses = 121104
preemptive halt, cache_misses = 121104
preemptive halt, cache_misses = 121104
preemptive halt, cache_misses = 121104
preemptive halt, cache_misses = 121104
preemptive halt, cache_misses = 121104
preemptive halt, cache_misses = 121104
preemptive halt, cache_misses = 121104
preemptive halt, cache_misses = 121104
preemptive halt, cache_misses = 121104
preemptive halt, cache_misses = 121104
preemptive halt, cache_misses = 121104
preemptive halt, cache_misses = 121104
preemptive halt, cache_misses = 121104
preemptive halt, cache_misses = 121104
preemptive halt, cache_misses = 121104
preemptive halt, cache_misses = 121104
preemptive halt, cache_misses = 121104
preemptive halt, cache_misses = 121104
preemptive halt, cache_misses = 121104
preemptive halt, cache_misses = 121104
preemptive halt, cache_misses = 121104
preemptive halt, cache_misses = 121104
preemptive halt, cache_misses = 121104
preemptive halt, cache_misses = 121104
preemptive halt, cache_misses = 121104
preemptive halt, cache_misses = 121104
preemptive halt, cache_misses = 121104
preemptive halt, cache_misses = 121104
preemptive halt, cache_misses = 121104
preemptive halt, cache_misses = 121104
preemptive halt, cache_misses = 121104
preemptive halt, cache_misses = 121104
preemptive halt, cache_misses = 121104
preemptive halt, cache_misses = 121104
preemptive halt, cache_misses = 121104
preemptive halt, cache_misses = 121104
preemptive halt, cache_misses = 121104
preemptive halt, cache_misses = 121104
preemptive halt, cache_misses = 121104
preemptive halt, cache_misses = 121104
preemptive halt, cache_misses = 121104
preemptive halt, cache_misses = 121104
preemptive halt, cache_misses = 121104
preemptive halt, cache_misses = 121104
preemptive halt, cache_misses = 121104
preemptive halt, cache_misses = 121104
preemptive halt, cache_misses = 121104
preemptive halt, cache_misses = 121104
preemptive halt, cache_misses = 121104
preemptive halt, cache_misses = 121104
preemptive halt, cache_misses = 121104
preemptive halt, cache_misses = 121104
preemptive halt, cache_misses = 121104
preemptive halt, cache_misses = 121104
preemptive halt, cache_misses = 121104
preemptive halt, cache_misses = 121104
preemptive halt, cache_misses = 121104
preemptive halt, cache_misses = 121104
preemptive halt, cache_misses = 121104
preemptive halt, cache_misses = 121104
preemptive halt, cache_misses = 121104
preemptive halt, cache_misses = 121104
preemptive halt, cache_misses = 121104
preemptive halt, cache_misses = 121104
preemptive halt, cache_misses = 121104
preemptive halt, cache_misses = 121104
preemptive halt, cache_misses = 121104
preemptive halt, cache_misses = 121104
preemptive halt, cache_misses = 121104
preemptive halt, cache_misses = 121104
preemptive halt, cache_misses = 121104
preemptive halt, cache_misses = 121104
preemptive halt, cache_misses = 121104
preemptive halt, cache_misses = 121104
preemptive halt, cache_misses = 121104
preemptive halt, cache_misses = 121104
preemptive halt, cache_misses = 121104
preemptive halt, cache_misses = 121104
preemptive halt, cache_misses = 121104
preemptive halt, cache_misses = 121104
preemptive halt, cache_misses = 121104
preemptive halt, cache_misses = 121104
preemptive halt, cache_misses = 121104
preemptive halt, cache_misses = 121104
preemptive halt, cache_misses = 121104
preemptive halt, cache_misses = 121104
preemptive halt, cache_misses = 121104
preemptive halt, cache_misses = 121104
preemptive halt, cache_misses = 121104
preemptive halt, cache_misses = 121104
binary search, size 80820  misses 121104  min 80781  max 80859
preemptive halt, cache_misses = 121105
preemptive halt, cache_misses = 121105
preemptive halt, cache_misses = 121105
preemptive halt, cache_misses = 121105
preemptive halt, cache_misses = 121105
preemptive halt, cache_misses = 121105
preemptive halt, cache_misses = 121105
preemptive halt, cache_misses = 121105
preemptive halt, cache_misses = 121105
preemptive halt, cache_misses = 121105
preemptive halt, cache_misses = 121105
preemptive halt, cache_misses = 121105
preemptive halt, cache_misses = 121105
preemptive halt, cache_misses = 121105
preemptive halt, cache_misses = 121105
preemptive halt, cache_misses = 121105
preemptive halt, cache_misses = 121105
preemptive halt, cache_misses = 121105
preemptive halt, cache_misses = 121105
preemptive halt, cache_misses = 121105
preemptive halt, cache_misses = 121105
preemptive halt, cache_misses = 121105
preemptive halt, cache_misses = 121105
preemptive halt, cache_misses = 121105
preemptive halt, cache_misses = 121105
preemptive halt, cache_misses = 121105
preemptive halt, cache_misses = 121105
preemptive halt, cache_misses = 121105
preemptive halt, cache_misses = 121105
preemptive halt, cache_misses = 121105
preemptive halt, cache_misses = 121105
preemptive halt, cache_misses = 121105
preemptive halt, cache_misses = 121105
preemptive halt, cache_misses = 121105
preemptive halt, cache_misses = 121105
preemptive halt, cache_misses = 121105
preemptive halt, cache_misses = 121105
preemptive halt, cache_misses = 121105
preemptive halt, cache_misses = 121105
preemptive halt, cache_misses = 121105
preemptive halt, cache_misses = 121105
preemptive halt, cache_misses = 121105
preemptive halt, cache_misses = 121105
preemptive halt, cache_misses = 121105
preemptive halt, cache_misses = 121105
preemptive halt, cache_misses = 121105
preemptive halt, cache_misses = 121105
preemptive halt, cache_misses = 121105
preemptive halt, cache_misses = 121105
preemptive halt, cache_misses = 121105
preemptive halt, cache_misses = 121105
preemptive halt, cache_misses = 121105
preemptive halt, cache_misses = 121105
preemptive halt, cache_misses = 121105
preemptive halt, cache_misses = 121105
preemptive halt, cache_misses = 121105
preemptive halt, cache_misses = 121105
preemptive halt, cache_misses = 121105
preemptive halt, cache_misses = 121105
preemptive halt, cache_misses = 121105
preemptive halt, cache_misses = 121105
preemptive halt, cache_misses = 121105
preemptive halt, cache_misses = 121105
preemptive halt, cache_misses = 121105
preemptive halt, cache_misses = 121105
preemptive halt, cache_misses = 121105
preemptive halt, cache_misses = 121105
preemptive halt, cache_misses = 121105
preemptive halt, cache_misses = 121105
preemptive halt, cache_misses = 121105
preemptive halt, cache_misses = 121105
preemptive halt, cache_misses = 121105
preemptive halt, cache_misses = 121105
preemptive halt, cache_misses = 121105
preemptive halt, cache_misses = 121105
preemptive halt, cache_misses = 121105
preemptive halt, cache_misses = 121105
preemptive halt, cache_misses = 121105
preemptive halt, cache_misses = 121105
preemptive halt, cache_misses = 121105
preemptive halt, cache_misses = 121105
preemptive halt, cache_misses = 121105
preemptive halt, cache_misses = 121105
preemptive halt, cache_misses = 121105
preemptive halt, cache_misses = 121105
preemptive halt, cache_misses = 121105
preemptive halt, cache_misses = 121105
preemptive halt, cache_misses = 121105
preemptive halt, cache_misses = 121105
preemptive halt, cache_misses = 121105
preemptive halt, cache_misses = 121105
preemptive halt, cache_misses = 121105
preemptive halt, cache_misses = 121105
preemptive halt, cache_misses = 121105
preemptive halt, cache_misses = 121105
preemptive halt, cache_misses = 121105
preemptive halt, cache_misses = 121105
preemptive halt, cache_misses = 121105
preemptive halt, cache_misses = 121105
preemptive halt, cache_misses = 121105
preemptive halt, cache_misses = 121105
preemptive halt, cache_misses = 121105
preemptive halt, cache_misses = 121105
preemptive halt, cache_misses = 121105
preemptive halt, cache_misses = 121105
preemptive halt, cache_misses = 121105
preemptive halt, cache_misses = 121105
preemptive halt, cache_misses = 121105
preemptive halt, cache_misses = 121105
preemptive halt, cache_misses = 121105
preemptive halt, cache_misses = 121105
preemptive halt, cache_misses = 121105
preemptive halt, cache_misses = 121105
preemptive halt, cache_misses = 121105
preemptive halt, cache_misses = 121105
preemptive halt, cache_misses = 121105
preemptive halt, cache_misses = 121105
preemptive halt, cache_misses = 121105
preemptive halt, cache_misses = 121105
preemptive halt, cache_misses = 121105
preemptive halt, cache_misses = 121105
preemptive halt, cache_misses = 121105
preemptive halt, cache_misses = 121105
preemptive halt, cache_misses = 121105
preemptive halt, cache_misses = 121105
preemptive halt, cache_misses = 121105
preemptive halt, cache_misses = 121105
preemptive halt, cache_misses = 121105
preemptive halt, cache_misses = 121105
preemptive halt, cache_misses = 121105
preemptive halt, cache_misses = 121105
preemptive halt, cache_misses = 121105
preemptive halt, cache_misses = 121105
preemptive halt, cache_misses = 121105
preemptive halt, cache_misses = 121105
preemptive halt, cache_misses = 121105
preemptive halt, cache_misses = 121105
preemptive halt, cache_misses = 121105
preemptive halt, cache_misses = 121105
preemptive halt, cache_misses = 121105
preemptive halt, cache_misses = 121105
preemptive halt, cache_misses = 121105
preemptive halt, cache_misses = 121105
preemptive halt, cache_misses = 121105
preemptive halt, cache_misses = 121105
preemptive halt, cache_misses = 121105
preemptive halt, cache_misses = 121105
preemptive halt, cache_misses = 121105
preemptive halt, cache_misses = 121105
preemptive halt, cache_misses = 121105
preemptive halt, cache_misses = 121105
preemptive halt, cache_misses = 121105
preemptive halt, cache_misses = 121105
preemptive halt, cache_misses = 121105
preemptive halt, cache_misses = 121105
preemptive halt, cache_misses = 121105
preemptive halt, cache_misses = 121105
preemptive halt, cache_misses = 121105
preemptive halt, cache_misses = 121105
preemptive halt, cache_misses = 121105
preemptive halt, cache_misses = 121105
preemptive halt, cache_misses = 121105
preemptive halt, cache_misses = 121105
preemptive halt, cache_misses = 121105
preemptive halt, cache_misses = 121105
preemptive halt, cache_misses = 121105
preemptive halt, cache_misses = 121105
preemptive halt, cache_misses = 121105
preemptive halt, cache_misses = 121105
preemptive halt, cache_misses = 121105
preemptive halt, cache_misses = 121105
preemptive halt, cache_misses = 121105
preemptive halt, cache_misses = 121105
preemptive halt, cache_misses = 121105
preemptive halt, cache_misses = 121105
preemptive halt, cache_misses = 121105
preemptive halt, cache_misses = 121105
preemptive halt, cache_misses = 121105
preemptive halt, cache_misses = 121105
preemptive halt, cache_misses = 121105
preemptive halt, cache_misses = 121105
preemptive halt, cache_misses = 121105
preemptive halt, cache_misses = 121105
preemptive halt, cache_misses = 121105
preemptive halt, cache_misses = 121105
preemptive halt, cache_misses = 121105
preemptive halt, cache_misses = 121105
preemptive halt, cache_misses = 121105
preemptive halt, cache_misses = 121105
preemptive halt, cache_misses = 121105
preemptive halt, cache_misses = 121105
preemptive halt, cache_misses = 121105
preemptive halt, cache_misses = 121105
preemptive halt, cache_misses = 121105
preemptive halt, cache_misses = 121105
preemptive halt, cache_misses = 121105
preemptive halt, cache_misses = 121105
preemptive halt, cache_misses = 121105
preemptive halt, cache_misses = 121105
preemptive halt, cache_misses = 121105
preemptive halt, cache_misses = 121105
preemptive halt, cache_misses = 121105
preemptive halt, cache_misses = 121105
preemptive halt, cache_misses = 121105
preemptive halt, cache_misses = 121105
preemptive halt, cache_misses = 121105
preemptive halt, cache_misses = 121105
preemptive halt, cache_misses = 121105
preemptive halt, cache_misses = 121105
preemptive halt, cache_misses = 121105
preemptive halt, cache_misses = 121105
preemptive halt, cache_misses = 121105
preemptive halt, cache_misses = 121105
preemptive halt, cache_misses = 121105
preemptive halt, cache_misses = 121105
preemptive halt, cache_misses = 121105
preemptive halt, cache_misses = 121105
preemptive halt, cache_misses = 121105
preemptive halt, cache_misses = 121105
preemptive halt, cache_misses = 121105
preemptive halt, cache_misses = 121105
preemptive halt, cache_misses = 121105
preemptive halt, cache_misses = 121105
preemptive halt, cache_misses = 121105
preemptive halt, cache_misses = 121105
preemptive halt, cache_misses = 121105
preemptive halt, cache_misses = 121105
preemptive halt, cache_misses = 121105
preemptive halt, cache_misses = 121105
preemptive halt, cache_misses = 121105
preemptive halt, cache_misses = 121105
preemptive halt, cache_misses = 121105
preemptive halt, cache_misses = 121105
preemptive halt, cache_misses = 121105
binary search, size 80839  misses 121105  min 80820  max 80859
preemptive halt, cache_misses = 121106
preemptive halt, cache_misses = 121106
preemptive halt, cache_misses = 121106
preemptive halt, cache_misses = 121106
preemptive halt, cache_misses = 121106
preemptive halt, cache_misses = 121106
preemptive halt, cache_misses = 121106
preemptive halt, cache_misses = 121106
preemptive halt, cache_misses = 121106
preemptive halt, cache_misses = 121106
preemptive halt, cache_misses = 121106
preemptive halt, cache_misses = 121106
preemptive halt, cache_misses = 121106
preemptive halt, cache_misses = 121106
preemptive halt, cache_misses = 121106
preemptive halt, cache_misses = 121106
preemptive halt, cache_misses = 121106
preemptive halt, cache_misses = 121106
preemptive halt, cache_misses = 121106
preemptive halt, cache_misses = 121106
preemptive halt, cache_misses = 121106
preemptive halt, cache_misses = 121106
preemptive halt, cache_misses = 121106
preemptive halt, cache_misses = 121106
preemptive halt, cache_misses = 121106
preemptive halt, cache_misses = 121106
preemptive halt, cache_misses = 121106
preemptive halt, cache_misses = 121106
preemptive halt, cache_misses = 121106
preemptive halt, cache_misses = 121106
preemptive halt, cache_misses = 121106
preemptive halt, cache_misses = 121106
preemptive halt, cache_misses = 121106
preemptive halt, cache_misses = 121106
preemptive halt, cache_misses = 121106
preemptive halt, cache_misses = 121106
preemptive halt, cache_misses = 121106
preemptive halt, cache_misses = 121106
preemptive halt, cache_misses = 121106
preemptive halt, cache_misses = 121106
preemptive halt, cache_misses = 121106
preemptive halt, cache_misses = 121106
preemptive halt, cache_misses = 121106
preemptive halt, cache_misses = 121106
preemptive halt, cache_misses = 121106
preemptive halt, cache_misses = 121106
preemptive halt, cache_misses = 121106
preemptive halt, cache_misses = 121106
preemptive halt, cache_misses = 121106
preemptive halt, cache_misses = 121106
preemptive halt, cache_misses = 121106
preemptive halt, cache_misses = 121106
preemptive halt, cache_misses = 121106
preemptive halt, cache_misses = 121106
preemptive halt, cache_misses = 121106
preemptive halt, cache_misses = 121106
preemptive halt, cache_misses = 121106
preemptive halt, cache_misses = 121106
preemptive halt, cache_misses = 121106
preemptive halt, cache_misses = 121106
preemptive halt, cache_misses = 121106
preemptive halt, cache_misses = 121106
preemptive halt, cache_misses = 121106
preemptive halt, cache_misses = 121106
preemptive halt, cache_misses = 121106
preemptive halt, cache_misses = 121106
preemptive halt, cache_misses = 121106
preemptive halt, cache_misses = 121106
preemptive halt, cache_misses = 121106
preemptive halt, cache_misses = 121106
preemptive halt, cache_misses = 121106
preemptive halt, cache_misses = 121106
preemptive halt, cache_misses = 121106
preemptive halt, cache_misses = 121106
preemptive halt, cache_misses = 121106
preemptive halt, cache_misses = 121106
preemptive halt, cache_misses = 121106
preemptive halt, cache_misses = 121106
preemptive halt, cache_misses = 121106
preemptive halt, cache_misses = 121106
preemptive halt, cache_misses = 121106
preemptive halt, cache_misses = 121106
preemptive halt, cache_misses = 121106
preemptive halt, cache_misses = 121106
preemptive halt, cache_misses = 121106
preemptive halt, cache_misses = 121106
preemptive halt, cache_misses = 121106
preemptive halt, cache_misses = 121106
preemptive halt, cache_misses = 121106
preemptive halt, cache_misses = 121106
preemptive halt, cache_misses = 121106
preemptive halt, cache_misses = 121106
preemptive halt, cache_misses = 121106
preemptive halt, cache_misses = 121106
preemptive halt, cache_misses = 121106
preemptive halt, cache_misses = 121106
preemptive halt, cache_misses = 121106
preemptive halt, cache_misses = 121106
preemptive halt, cache_misses = 121106
preemptive halt, cache_misses = 121106
preemptive halt, cache_misses = 121106
preemptive halt, cache_misses = 121106
preemptive halt, cache_misses = 121106
preemptive halt, cache_misses = 121106
preemptive halt, cache_misses = 121106
preemptive halt, cache_misses = 121106
preemptive halt, cache_misses = 121106
preemptive halt, cache_misses = 121106
preemptive halt, cache_misses = 121106
preemptive halt, cache_misses = 121106
preemptive halt, cache_misses = 121106
preemptive halt, cache_misses = 121106
preemptive halt, cache_misses = 121106
preemptive halt, cache_misses = 121106
preemptive halt, cache_misses = 121106
preemptive halt, cache_misses = 121106
preemptive halt, cache_misses = 121106
preemptive halt, cache_misses = 121106
preemptive halt, cache_misses = 121106
preemptive halt, cache_misses = 121106
preemptive halt, cache_misses = 121106
preemptive halt, cache_misses = 121106
preemptive halt, cache_misses = 121106
preemptive halt, cache_misses = 121106
preemptive halt, cache_misses = 121106
preemptive halt, cache_misses = 121106
preemptive halt, cache_misses = 121106
preemptive halt, cache_misses = 121106
preemptive halt, cache_misses = 121106
preemptive halt, cache_misses = 121106
preemptive halt, cache_misses = 121106
preemptive halt, cache_misses = 121106
preemptive halt, cache_misses = 121106
preemptive halt, cache_misses = 121106
preemptive halt, cache_misses = 121106
preemptive halt, cache_misses = 121106
preemptive halt, cache_misses = 121106
preemptive halt, cache_misses = 121106
preemptive halt, cache_misses = 121106
preemptive halt, cache_misses = 121106
preemptive halt, cache_misses = 121106
preemptive halt, cache_misses = 121106
preemptive halt, cache_misses = 121106
preemptive halt, cache_misses = 121106
preemptive halt, cache_misses = 121106
preemptive halt, cache_misses = 121106
preemptive halt, cache_misses = 121106
preemptive halt, cache_misses = 121106
preemptive halt, cache_misses = 121106
preemptive halt, cache_misses = 121106
preemptive halt, cache_misses = 121106
preemptive halt, cache_misses = 121106
preemptive halt, cache_misses = 121106
preemptive halt, cache_misses = 121106
preemptive halt, cache_misses = 121106
preemptive halt, cache_misses = 121106
preemptive halt, cache_misses = 121106
preemptive halt, cache_misses = 121106
preemptive halt, cache_misses = 121106
preemptive halt, cache_misses = 121106
preemptive halt, cache_misses = 121106
preemptive halt, cache_misses = 121106
preemptive halt, cache_misses = 121106
preemptive halt, cache_misses = 121106
preemptive halt, cache_misses = 121106
preemptive halt, cache_misses = 121106
preemptive halt, cache_misses = 121106
preemptive halt, cache_misses = 121106
preemptive halt, cache_misses = 121106
preemptive halt, cache_misses = 121106
preemptive halt, cache_misses = 121106
preemptive halt, cache_misses = 121106
preemptive halt, cache_misses = 121106
preemptive halt, cache_misses = 121106
preemptive halt, cache_misses = 121106
preemptive halt, cache_misses = 121106
preemptive halt, cache_misses = 121106
preemptive halt, cache_misses = 121106
preemptive halt, cache_misses = 121106
preemptive halt, cache_misses = 121106
preemptive halt, cache_misses = 121106
preemptive halt, cache_misses = 121106
preemptive halt, cache_misses = 121106
preemptive halt, cache_misses = 121106
preemptive halt, cache_misses = 121106
preemptive halt, cache_misses = 121106
preemptive halt, cache_misses = 121106
preemptive halt, cache_misses = 121106
preemptive halt, cache_misses = 121106
preemptive halt, cache_misses = 121106
preemptive halt, cache_misses = 121106
preemptive halt, cache_misses = 121106
preemptive halt, cache_misses = 121106
preemptive halt, cache_misses = 121106
preemptive halt, cache_misses = 121106
preemptive halt, cache_misses = 121106
preemptive halt, cache_misses = 121106
preemptive halt, cache_misses = 121106
preemptive halt, cache_misses = 121106
preemptive halt, cache_misses = 121106
preemptive halt, cache_misses = 121106
preemptive halt, cache_misses = 121106
preemptive halt, cache_misses = 121106
preemptive halt, cache_misses = 121106
preemptive halt, cache_misses = 121106
preemptive halt, cache_misses = 121106
preemptive halt, cache_misses = 121106
preemptive halt, cache_misses = 121106
preemptive halt, cache_misses = 121106
preemptive halt, cache_misses = 121106
preemptive halt, cache_misses = 121106
preemptive halt, cache_misses = 121106
preemptive halt, cache_misses = 121106
preemptive halt, cache_misses = 121106
preemptive halt, cache_misses = 121106
preemptive halt, cache_misses = 121106
preemptive halt, cache_misses = 121106
preemptive halt, cache_misses = 121106
preemptive halt, cache_misses = 121106
preemptive halt, cache_misses = 121106
preemptive halt, cache_misses = 121106
preemptive halt, cache_misses = 121106
preemptive halt, cache_misses = 121106
preemptive halt, cache_misses = 121106
preemptive halt, cache_misses = 121106
preemptive halt, cache_misses = 121106
preemptive halt, cache_misses = 121106
preemptive halt, cache_misses = 121106
preemptive halt, cache_misses = 121106
preemptive halt, cache_misses = 121106
preemptive halt, cache_misses = 121106
preemptive halt, cache_misses = 121106
preemptive halt, cache_misses = 121106
preemptive halt, cache_misses = 121106
preemptive halt, cache_misses = 121106
preemptive halt, cache_misses = 121106
binary search, size 80849  misses 121106  min 80839  max 80859
binary search, size 80854  misses 121103  min 80849  max 80859
binary search, size 80851  misses 121103  min 80849  max 80854
preemptive halt, cache_misses = 121104
preemptive halt, cache_misses = 121104
preemptive halt, cache_misses = 121104
preemptive halt, cache_misses = 121104
preemptive halt, cache_misses = 121104
preemptive halt, cache_misses = 121104
preemptive halt, cache_misses = 121104
preemptive halt, cache_misses = 121104
preemptive halt, cache_misses = 121104
preemptive halt, cache_misses = 121104
preemptive halt, cache_misses = 121104
preemptive halt, cache_misses = 121104
preemptive halt, cache_misses = 121104
preemptive halt, cache_misses = 121104
preemptive halt, cache_misses = 121104
preemptive halt, cache_misses = 121104
preemptive halt, cache_misses = 121104
preemptive halt, cache_misses = 121104
preemptive halt, cache_misses = 121104
preemptive halt, cache_misses = 121104
preemptive halt, cache_misses = 121104
preemptive halt, cache_misses = 121104
preemptive halt, cache_misses = 121104
preemptive halt, cache_misses = 121104
preemptive halt, cache_misses = 121104
preemptive halt, cache_misses = 121104
preemptive halt, cache_misses = 121104
preemptive halt, cache_misses = 121104
preemptive halt, cache_misses = 121104
preemptive halt, cache_misses = 121104
preemptive halt, cache_misses = 121104
preemptive halt, cache_misses = 121104
preemptive halt, cache_misses = 121104
preemptive halt, cache_misses = 121104
preemptive halt, cache_misses = 121104
preemptive halt, cache_misses = 121104
preemptive halt, cache_misses = 121104
preemptive halt, cache_misses = 121104
preemptive halt, cache_misses = 121104
preemptive halt, cache_misses = 121104
preemptive halt, cache_misses = 121104
preemptive halt, cache_misses = 121104
preemptive halt, cache_misses = 121104
preemptive halt, cache_misses = 121104
preemptive halt, cache_misses = 121104
preemptive halt, cache_misses = 121104
preemptive halt, cache_misses = 121104
preemptive halt, cache_misses = 121104
preemptive halt, cache_misses = 121104
preemptive halt, cache_misses = 121104
preemptive halt, cache_misses = 121104
preemptive halt, cache_misses = 121104
preemptive halt, cache_misses = 121104
preemptive halt, cache_misses = 121104
preemptive halt, cache_misses = 121104
preemptive halt, cache_misses = 121104
preemptive halt, cache_misses = 121104
preemptive halt, cache_misses = 121104
preemptive halt, cache_misses = 121104
preemptive halt, cache_misses = 121104
preemptive halt, cache_misses = 121104
preemptive halt, cache_misses = 121104
preemptive halt, cache_misses = 121104
preemptive halt, cache_misses = 121104
preemptive halt, cache_misses = 121104
preemptive halt, cache_misses = 121104
preemptive halt, cache_misses = 121104
preemptive halt, cache_misses = 121104
preemptive halt, cache_misses = 121104
preemptive halt, cache_misses = 121104
preemptive halt, cache_misses = 121104
preemptive halt, cache_misses = 121104
preemptive halt, cache_misses = 121104
preemptive halt, cache_misses = 121104
preemptive halt, cache_misses = 121104
preemptive halt, cache_misses = 121104
preemptive halt, cache_misses = 121104
preemptive halt, cache_misses = 121104
preemptive halt, cache_misses = 121104
preemptive halt, cache_misses = 121104
preemptive halt, cache_misses = 121104
preemptive halt, cache_misses = 121104
preemptive halt, cache_misses = 121104
preemptive halt, cache_misses = 121104
preemptive halt, cache_misses = 121104
preemptive halt, cache_misses = 121104
preemptive halt, cache_misses = 121104
preemptive halt, cache_misses = 121104
preemptive halt, cache_misses = 121104
preemptive halt, cache_misses = 121104
preemptive halt, cache_misses = 121104
preemptive halt, cache_misses = 121104
preemptive halt, cache_misses = 121104
preemptive halt, cache_misses = 121104
preemptive halt, cache_misses = 121104
preemptive halt, cache_misses = 121104
preemptive halt, cache_misses = 121104
preemptive halt, cache_misses = 121104
preemptive halt, cache_misses = 121104
preemptive halt, cache_misses = 121104
preemptive halt, cache_misses = 121104
preemptive halt, cache_misses = 121104
preemptive halt, cache_misses = 121104
preemptive halt, cache_misses = 121104
preemptive halt, cache_misses = 121104
preemptive halt, cache_misses = 121104
preemptive halt, cache_misses = 121104
preemptive halt, cache_misses = 121104
preemptive halt, cache_misses = 121104
preemptive halt, cache_misses = 121104
preemptive halt, cache_misses = 121104
preemptive halt, cache_misses = 121104
preemptive halt, cache_misses = 121104
preemptive halt, cache_misses = 121104
preemptive halt, cache_misses = 121104
preemptive halt, cache_misses = 121104
preemptive halt, cache_misses = 121104
preemptive halt, cache_misses = 121104
preemptive halt, cache_misses = 121104
preemptive halt, cache_misses = 121104
preemptive halt, cache_misses = 121104
preemptive halt, cache_misses = 121104
preemptive halt, cache_misses = 121104
preemptive halt, cache_misses = 121104
preemptive halt, cache_misses = 121104
preemptive halt, cache_misses = 121104
preemptive halt, cache_misses = 121104
preemptive halt, cache_misses = 121104
preemptive halt, cache_misses = 121104
preemptive halt, cache_misses = 121104
preemptive halt, cache_misses = 121104
preemptive halt, cache_misses = 121104
preemptive halt, cache_misses = 121104
preemptive halt, cache_misses = 121104
preemptive halt, cache_misses = 121104
preemptive halt, cache_misses = 121104
preemptive halt, cache_misses = 121104
preemptive halt, cache_misses = 121104
preemptive halt, cache_misses = 121104
preemptive halt, cache_misses = 121104
preemptive halt, cache_misses = 121104
preemptive halt, cache_misses = 121104
preemptive halt, cache_misses = 121104
preemptive halt, cache_misses = 121104
preemptive halt, cache_misses = 121104
preemptive halt, cache_misses = 121104
preemptive halt, cache_misses = 121104
preemptive halt, cache_misses = 121104
preemptive halt, cache_misses = 121104
preemptive halt, cache_misses = 121104
preemptive halt, cache_misses = 121104
preemptive halt, cache_misses = 121104
preemptive halt, cache_misses = 121104
preemptive halt, cache_misses = 121104
preemptive halt, cache_misses = 121104
preemptive halt, cache_misses = 121104
preemptive halt, cache_misses = 121104
preemptive halt, cache_misses = 121104
preemptive halt, cache_misses = 121104
preemptive halt, cache_misses = 121104
preemptive halt, cache_misses = 121104
preemptive halt, cache_misses = 121104
preemptive halt, cache_misses = 121104
preemptive halt, cache_misses = 121104
preemptive halt, cache_misses = 121104
preemptive halt, cache_misses = 121104
preemptive halt, cache_misses = 121104
preemptive halt, cache_misses = 121104
preemptive halt, cache_misses = 121104
preemptive halt, cache_misses = 121104
preemptive halt, cache_misses = 121104
preemptive halt, cache_misses = 121104
preemptive halt, cache_misses = 121104
preemptive halt, cache_misses = 121104
preemptive halt, cache_misses = 121104
preemptive halt, cache_misses = 121104
preemptive halt, cache_misses = 121104
preemptive halt, cache_misses = 121104
preemptive halt, cache_misses = 121104
preemptive halt, cache_misses = 121104
preemptive halt, cache_misses = 121104
preemptive halt, cache_misses = 121104
preemptive halt, cache_misses = 121104
preemptive halt, cache_misses = 121104
preemptive halt, cache_misses = 121104
preemptive halt, cache_misses = 121104
preemptive halt, cache_misses = 121104
preemptive halt, cache_misses = 121104
preemptive halt, cache_misses = 121104
preemptive halt, cache_misses = 121104
preemptive halt, cache_misses = 121104
preemptive halt, cache_misses = 121104
preemptive halt, cache_misses = 121104
preemptive halt, cache_misses = 121104
preemptive halt, cache_misses = 121104
preemptive halt, cache_misses = 121104
preemptive halt, cache_misses = 121104
preemptive halt, cache_misses = 121104
preemptive halt, cache_misses = 121104
preemptive halt, cache_misses = 121104
preemptive halt, cache_misses = 121104
preemptive halt, cache_misses = 121104
preemptive halt, cache_misses = 121104
preemptive halt, cache_misses = 121104
preemptive halt, cache_misses = 121104
preemptive halt, cache_misses = 121104
preemptive halt, cache_misses = 121104
preemptive halt, cache_misses = 121104
preemptive halt, cache_misses = 121104
preemptive halt, cache_misses = 121104
preemptive halt, cache_misses = 121104
preemptive halt, cache_misses = 121104
preemptive halt, cache_misses = 121104
preemptive halt, cache_misses = 121104
preemptive halt, cache_misses = 121104
preemptive halt, cache_misses = 121104
preemptive halt, cache_misses = 121104
preemptive halt, cache_misses = 121104
preemptive halt, cache_misses = 121104
preemptive halt, cache_misses = 121104
preemptive halt, cache_misses = 121104
preemptive halt, cache_misses = 121104
preemptive halt, cache_misses = 121104
preemptive halt, cache_misses = 121104
preemptive halt, cache_misses = 121104
preemptive halt, cache_misses = 121104
preemptive halt, cache_misses = 121104
preemptive halt, cache_misses = 121104
preemptive halt, cache_misses = 121104
preemptive halt, cache_misses = 121104
preemptive halt, cache_misses = 121104
preemptive halt, cache_misses = 121104
binary search, size 80850  misses 121104  min 80849  max 80851
characteristic cache size (binary search) for 347 = 80851
End at: 2021-04-02 15:40:41.845839
Time elapsed: 0:00:02.063968
