Begin at: 2021-04-02 15:36:16.486100
['../dist/Debug/GNU-Linux/memo_batch_tester', '', '--mbt_execution_trace_fname', 'olcs4_traceback_csize_input_types/OLCS4_lru_2021_04_02__15_36_11_k_3__d_2_cache_size_160000_problems_10_to_400/OLCS4_lru_2021_04_02__15_36_11_k_3__d_2_cache_size_160000_problems_10_to_400/OLCS4__do_traceback_prob_size_55_cache_size_160000_lru_k_3_d_2_execution_trace_2021_4_2_15_36_16_pid_17926.log', '--mbt_cache_misses_fname', 'olcs4_traceback_csize_input_types/OLCS4_lru_2021_04_02__15_36_11_k_3__d_2_cache_size_160000_problems_10_to_400/lcs_cost_OLCS4_lru_misses_for_cache_size.csv', '--mbt_misses_for_problem_size_fname', 'olcs4_traceback_csize_input_types/OLCS4_lru_2021_04_02__15_36_11_k_3__d_2_cache_size_160000_problems_10_to_400/lcs_cost_OLCS4_lru_misses_for_problem_size.csv', '--mbt_exact_cutoff_min_cache_size', '160000', '--mbt_exact_cutoff_max_cache_size', '160000', '--mbt_problem_type', 'lcs', '--mbt_metric_type', 'csize_binary_search', '--mbt_cutoff_ratio', '2.2', '--mbt_instance_fname', '55', '--mbt_detailed_cache_misses_out_fname', 'csize_olcs4_traceback_0011n_ceil_n_b_3.csv', '--mbt_phi_N', '5.0', '--mbt_problem_size', '55', '--lcs_compute_length', '0', '--lcs_perform_traceback', '1', '--lig_instance_type', '0011n_ceil_n_b', '--lig_n', '55', '--lig_c', '0.9', '--lig_b', '3.0', '--lcs_oblivious', '4', '--lcs_execution_trace_fname', 'olcs4_traceback_csize_input_types/OLCS4_lru_2021_04_02__15_36_11_k_3__d_2_cache_size_160000_problems_10_to_400/OLCS4_lru_2021_04_02__15_36_11_k_3__d_2_cache_size_160000_problems_10_to_400/OLCS4__do_traceback_prob_size_55_cache_size_160000_lru_k_3_d_2_execution_trace_2021_4_2_15_36_16_pid_17926.log', '--memo_caching_strategy', 'lru', '--memo_cache_size', '160001', '--memo_lru_queue_size', '160000', '--memo_cuckoo_k', '4', '--memo_key_length', '8', '--memo_value_length', '8', '--memo_k_timestamps', '3', '--memo_d_recent_timestamps', '2', '--memo_a_items_per_timestamp_factor', '0.4375']

csize_binary_search chosen
lcs problem_type lcs cache_size 160001
initialize_long_int_cache begin
init_memo
arguments to memo:
 --mbt_execution_trace_fname olcs4_traceback_csize_input_types/OLCS4_lru_2021_04_02__15_36_11_k_3__d_2_cache_size_160000_problems_10_to_400/OLCS4_lru_2021_04_02__15_36_11_k_3__d_2_cache_size_160000_problems_10_to_400/OLCS4__do_traceback_prob_size_55_cache_size_160000_lru_k_3_d_2_execution_trace_2021_4_2_15_36_16_pid_17926.log --mbt_cache_misses_fname olcs4_traceback_csize_input_types/OLCS4_lru_2021_04_02__15_36_11_k_3__d_2_cache_size_160000_problems_10_to_400/lcs_cost_OLCS4_lru_misses_for_cache_size.csv --mbt_misses_for_problem_size_fname olcs4_traceback_csize_input_types/OLCS4_lru_2021_04_02__15_36_11_k_3__d_2_cache_size_160000_problems_10_to_400/lcs_cost_OLCS4_lru_misses_for_problem_size.csv --mbt_exact_cutoff_min_cache_size 160000 --mbt_exact_cutoff_max_cache_size 160000 --mbt_problem_type lcs --mbt_metric_type csize_binary_search --mbt_cutoff_ratio 2.2 --mbt_instance_fname 55 --mbt_detailed_cache_misses_out_fname csize_olcs4_traceback_0011n_ceil_n_b_3.csv --mbt_phi_N 5.0 --mbt_problem_size 55 --lcs_compute_length 0 --lcs_perform_traceback 1 --lig_instance_type 0011n_ceil_n_b --lig_n 55 --lig_c 0.9 --lig_b 3.0 --lcs_oblivious 4 --lcs_execution_trace_fname olcs4_traceback_csize_input_types/OLCS4_lru_2021_04_02__15_36_11_k_3__d_2_cache_size_160000_problems_10_to_400/OLCS4_lru_2021_04_02__15_36_11_k_3__d_2_cache_size_160000_problems_10_to_400/OLCS4__do_traceback_prob_size_55_cache_size_160000_lru_k_3_d_2_execution_trace_2021_4_2_15_36_16_pid_17926.log --memo_caching_strategy lru --memo_cache_size 160001 --memo_lru_queue_size 160000 --memo_cuckoo_k 4 --memo_key_length 8 --memo_value_length 8 --memo_k_timestamps 3 --memo_d_recent_timestamps 2 --memo_a_items_per_timestamp_factor 0.4375 
calculate_table_size: table_size is 262144, original is 160001
Finished initializing cache
initialize_long_int_cache end
done initializing cache
initializing problem
done initializing problem
commence trials
Starting characteristic_cache_size_binary_search with max cache size 160001
binary search, size 160001  misses 3135
binary search, size 80000  misses 3135  min 0  max 160001
binary search, size 40000  misses 3135  min 0  max 80000
binary search, size 20000  misses 3135  min 0  max 40000
binary search, size 10000  misses 3135  min 0  max 20000
binary search, size 5000  misses 3135  min 0  max 10000
binary search, size 2500  misses 3135  min 0  max 5000
preemptive halt, cache_misses = 3136
preemptive halt, cache_misses = 3136
preemptive halt, cache_misses = 3136
preemptive halt, cache_misses = 3136
preemptive halt, cache_misses = 3136
preemptive halt, cache_misses = 3136
preemptive halt, cache_misses = 3136
preemptive halt, cache_misses = 3136
preemptive halt, cache_misses = 3136
preemptive halt, cache_misses = 3136
preemptive halt, cache_misses = 3136
preemptive halt, cache_misses = 3136
preemptive halt, cache_misses = 3136
preemptive halt, cache_misses = 3136
preemptive halt, cache_misses = 3136
preemptive halt, cache_misses = 3136
preemptive halt, cache_misses = 3136
preemptive halt, cache_misses = 3136
preemptive halt, cache_misses = 3136
preemptive halt, cache_misses = 3136
preemptive halt, cache_misses = 3136
preemptive halt, cache_misses = 3136
preemptive halt, cache_misses = 3136
preemptive halt, cache_misses = 3136
preemptive halt, cache_misses = 3136
preemptive halt, cache_misses = 3136
preemptive halt, cache_misses = 3136
preemptive halt, cache_misses = 3136
preemptive halt, cache_misses = 3136
preemptive halt, cache_misses = 3136
preemptive halt, cache_misses = 3136
preemptive halt, cache_misses = 3136
preemptive halt, cache_misses = 3136
preemptive halt, cache_misses = 3136
preemptive halt, cache_misses = 3136
preemptive halt, cache_misses = 3136
binary search, size 1250  misses 3136  min 0  max 2500
preemptive halt, cache_misses = 3137
preemptive halt, cache_misses = 3137
preemptive halt, cache_misses = 3137
preemptive halt, cache_misses = 3137
preemptive halt, cache_misses = 3137
preemptive halt, cache_misses = 3137
preemptive halt, cache_misses = 3137
preemptive halt, cache_misses = 3137
preemptive halt, cache_misses = 3137
preemptive halt, cache_misses = 3137
preemptive halt, cache_misses = 3137
preemptive halt, cache_misses = 3137
preemptive halt, cache_misses = 3137
preemptive halt, cache_misses = 3137
preemptive halt, cache_misses = 3137
preemptive halt, cache_misses = 3137
preemptive halt, cache_misses = 3137
preemptive halt, cache_misses = 3137
preemptive halt, cache_misses = 3137
preemptive halt, cache_misses = 3137
preemptive halt, cache_misses = 3137
preemptive halt, cache_misses = 3137
preemptive halt, cache_misses = 3137
preemptive halt, cache_misses = 3137
preemptive halt, cache_misses = 3137
preemptive halt, cache_misses = 3137
preemptive halt, cache_misses = 3137
preemptive halt, cache_misses = 3137
preemptive halt, cache_misses = 3137
preemptive halt, cache_misses = 3137
preemptive halt, cache_misses = 3137
preemptive halt, cache_misses = 3137
preemptive halt, cache_misses = 3137
preemptive halt, cache_misses = 3137
preemptive halt, cache_misses = 3137
preemptive halt, cache_misses = 3137
preemptive halt, cache_misses = 3137
preemptive halt, cache_misses = 3137
binary search, size 1875  misses 3137  min 1250  max 2500
binary search, size 2187  misses 3135  min 1875  max 2500
preemptive halt, cache_misses = 3136
preemptive halt, cache_misses = 3136
preemptive halt, cache_misses = 3136
preemptive halt, cache_misses = 3136
preemptive halt, cache_misses = 3136
preemptive halt, cache_misses = 3136
preemptive halt, cache_misses = 3136
preemptive halt, cache_misses = 3136
preemptive halt, cache_misses = 3136
preemptive halt, cache_misses = 3136
preemptive halt, cache_misses = 3136
preemptive halt, cache_misses = 3136
preemptive halt, cache_misses = 3136
preemptive halt, cache_misses = 3136
preemptive halt, cache_misses = 3136
preemptive halt, cache_misses = 3136
preemptive halt, cache_misses = 3136
preemptive halt, cache_misses = 3136
preemptive halt, cache_misses = 3136
preemptive halt, cache_misses = 3136
preemptive halt, cache_misses = 3136
preemptive halt, cache_misses = 3136
preemptive halt, cache_misses = 3136
preemptive halt, cache_misses = 3136
preemptive halt, cache_misses = 3136
preemptive halt, cache_misses = 3136
preemptive halt, cache_misses = 3136
preemptive halt, cache_misses = 3136
preemptive halt, cache_misses = 3136
preemptive halt, cache_misses = 3136
preemptive halt, cache_misses = 3136
preemptive halt, cache_misses = 3136
preemptive halt, cache_misses = 3136
preemptive halt, cache_misses = 3136
preemptive halt, cache_misses = 3136
preemptive halt, cache_misses = 3136
binary search, size 2031  misses 3136  min 1875  max 2187
binary search, size 2109  misses 3135  min 2031  max 2187
preemptive halt, cache_misses = 3136
preemptive halt, cache_misses = 3136
preemptive halt, cache_misses = 3136
preemptive halt, cache_misses = 3136
preemptive halt, cache_misses = 3136
preemptive halt, cache_misses = 3136
preemptive halt, cache_misses = 3136
preemptive halt, cache_misses = 3136
preemptive halt, cache_misses = 3136
preemptive halt, cache_misses = 3136
preemptive halt, cache_misses = 3136
preemptive halt, cache_misses = 3136
preemptive halt, cache_misses = 3136
preemptive halt, cache_misses = 3136
preemptive halt, cache_misses = 3136
preemptive halt, cache_misses = 3136
preemptive halt, cache_misses = 3136
preemptive halt, cache_misses = 3136
preemptive halt, cache_misses = 3136
preemptive halt, cache_misses = 3136
preemptive halt, cache_misses = 3136
preemptive halt, cache_misses = 3136
preemptive halt, cache_misses = 3136
preemptive halt, cache_misses = 3136
preemptive halt, cache_misses = 3136
preemptive halt, cache_misses = 3136
preemptive halt, cache_misses = 3136
preemptive halt, cache_misses = 3136
preemptive halt, cache_misses = 3136
preemptive halt, cache_misses = 3136
preemptive halt, cache_misses = 3136
preemptive halt, cache_misses = 3136
preemptive halt, cache_misses = 3136
preemptive halt, cache_misses = 3136
preemptive halt, cache_misses = 3136
preemptive halt, cache_misses = 3136
binary search, size 2070  misses 3136  min 2031  max 2109
binary search, size 2089  misses 3135  min 2070  max 2109
preemptive halt, cache_misses = 3136
preemptive halt, cache_misses = 3136
preemptive halt, cache_misses = 3136
preemptive halt, cache_misses = 3136
preemptive halt, cache_misses = 3136
preemptive halt, cache_misses = 3136
preemptive halt, cache_misses = 3136
preemptive halt, cache_misses = 3136
preemptive halt, cache_misses = 3136
preemptive halt, cache_misses = 3136
preemptive halt, cache_misses = 3136
preemptive halt, cache_misses = 3136
preemptive halt, cache_misses = 3136
preemptive halt, cache_misses = 3136
preemptive halt, cache_misses = 3136
preemptive halt, cache_misses = 3136
preemptive halt, cache_misses = 3136
preemptive halt, cache_misses = 3136
preemptive halt, cache_misses = 3136
preemptive halt, cache_misses = 3136
preemptive halt, cache_misses = 3136
preemptive halt, cache_misses = 3136
preemptive halt, cache_misses = 3136
preemptive halt, cache_misses = 3136
preemptive halt, cache_misses = 3136
preemptive halt, cache_misses = 3136
preemptive halt, cache_misses = 3136
preemptive halt, cache_misses = 3136
preemptive halt, cache_misses = 3136
preemptive halt, cache_misses = 3136
preemptive halt, cache_misses = 3136
preemptive halt, cache_misses = 3136
preemptive halt, cache_misses = 3136
preemptive halt, cache_misses = 3136
preemptive halt, cache_misses = 3136
preemptive halt, cache_misses = 3136
binary search, size 2079  misses 3136  min 2070  max 2089
preemptive halt, cache_misses = 3137
preemptive halt, cache_misses = 3137
preemptive halt, cache_misses = 3137
preemptive halt, cache_misses = 3137
preemptive halt, cache_misses = 3137
preemptive halt, cache_misses = 3137
preemptive halt, cache_misses = 3137
preemptive halt, cache_misses = 3137
preemptive halt, cache_misses = 3137
preemptive halt, cache_misses = 3137
preemptive halt, cache_misses = 3137
preemptive halt, cache_misses = 3137
preemptive halt, cache_misses = 3137
preemptive halt, cache_misses = 3137
preemptive halt, cache_misses = 3137
preemptive halt, cache_misses = 3137
preemptive halt, cache_misses = 3137
preemptive halt, cache_misses = 3137
preemptive halt, cache_misses = 3137
preemptive halt, cache_misses = 3137
preemptive halt, cache_misses = 3137
preemptive halt, cache_misses = 3137
preemptive halt, cache_misses = 3137
preemptive halt, cache_misses = 3137
preemptive halt, cache_misses = 3137
preemptive halt, cache_misses = 3137
preemptive halt, cache_misses = 3137
preemptive halt, cache_misses = 3137
preemptive halt, cache_misses = 3137
preemptive halt, cache_misses = 3137
preemptive halt, cache_misses = 3137
preemptive halt, cache_misses = 3137
preemptive halt, cache_misses = 3137
preemptive halt, cache_misses = 3137
preemptive halt, cache_misses = 3137
preemptive halt, cache_misses = 3137
preemptive halt, cache_misses = 3137
preemptive halt, cache_misses = 3137
binary search, size 2084  misses 3137  min 2079  max 2089
preemptive halt, cache_misses = 3138
preemptive halt, cache_misses = 3138
preemptive halt, cache_misses = 3138
preemptive halt, cache_misses = 3138
preemptive halt, cache_misses = 3138
preemptive halt, cache_misses = 3138
preemptive halt, cache_misses = 3138
preemptive halt, cache_misses = 3138
preemptive halt, cache_misses = 3138
preemptive halt, cache_misses = 3138
preemptive halt, cache_misses = 3138
preemptive halt, cache_misses = 3138
preemptive halt, cache_misses = 3138
preemptive halt, cache_misses = 3138
preemptive halt, cache_misses = 3138
preemptive halt, cache_misses = 3138
preemptive halt, cache_misses = 3138
preemptive halt, cache_misses = 3138
preemptive halt, cache_misses = 3138
preemptive halt, cache_misses = 3138
preemptive halt, cache_misses = 3138
preemptive halt, cache_misses = 3138
preemptive halt, cache_misses = 3138
preemptive halt, cache_misses = 3138
preemptive halt, cache_misses = 3138
preemptive halt, cache_misses = 3138
preemptive halt, cache_misses = 3138
preemptive halt, cache_misses = 3138
preemptive halt, cache_misses = 3138
preemptive halt, cache_misses = 3138
preemptive halt, cache_misses = 3138
preemptive halt, cache_misses = 3138
preemptive halt, cache_misses = 3138
preemptive halt, cache_misses = 3138
preemptive halt, cache_misses = 3138
preemptive halt, cache_misses = 3138
preemptive halt, cache_misses = 3138
preemptive halt, cache_misses = 3138
preemptive halt, cache_misses = 3138
preemptive halt, cache_misses = 3138
binary search, size 2086  misses 3138  min 2084  max 2089
preemptive halt, cache_misses = 3139
preemptive halt, cache_misses = 3139
preemptive halt, cache_misses = 3139
preemptive halt, cache_misses = 3139
preemptive halt, cache_misses = 3139
preemptive halt, cache_misses = 3139
preemptive halt, cache_misses = 3139
preemptive halt, cache_misses = 3139
preemptive halt, cache_misses = 3139
preemptive halt, cache_misses = 3139
preemptive halt, cache_misses = 3139
preemptive halt, cache_misses = 3139
preemptive halt, cache_misses = 3139
preemptive halt, cache_misses = 3139
preemptive halt, cache_misses = 3139
preemptive halt, cache_misses = 3139
preemptive halt, cache_misses = 3139
preemptive halt, cache_misses = 3139
preemptive halt, cache_misses = 3139
preemptive halt, cache_misses = 3139
preemptive halt, cache_misses = 3139
preemptive halt, cache_misses = 3139
preemptive halt, cache_misses = 3139
preemptive halt, cache_misses = 3139
preemptive halt, cache_misses = 3139
preemptive halt, cache_misses = 3139
preemptive halt, cache_misses = 3139
preemptive halt, cache_misses = 3139
preemptive halt, cache_misses = 3139
preemptive halt, cache_misses = 3139
preemptive halt, cache_misses = 3139
preemptive halt, cache_misses = 3139
preemptive halt, cache_misses = 3139
preemptive halt, cache_misses = 3139
preemptive halt, cache_misses = 3139
preemptive halt, cache_misses = 3139
preemptive halt, cache_misses = 3139
preemptive halt, cache_misses = 3139
preemptive halt, cache_misses = 3139
preemptive halt, cache_misses = 3139
preemptive halt, cache_misses = 3139
preemptive halt, cache_misses = 3139
binary search, size 2087  misses 3139  min 2086  max 2089
preemptive halt, cache_misses = 3140
preemptive halt, cache_misses = 3140
preemptive halt, cache_misses = 3140
preemptive halt, cache_misses = 3140
preemptive halt, cache_misses = 3140
preemptive halt, cache_misses = 3140
preemptive halt, cache_misses = 3140
preemptive halt, cache_misses = 3140
preemptive halt, cache_misses = 3140
preemptive halt, cache_misses = 3140
preemptive halt, cache_misses = 3140
preemptive halt, cache_misses = 3140
preemptive halt, cache_misses = 3140
preemptive halt, cache_misses = 3140
preemptive halt, cache_misses = 3140
preemptive halt, cache_misses = 3140
preemptive halt, cache_misses = 3140
preemptive halt, cache_misses = 3140
preemptive halt, cache_misses = 3140
preemptive halt, cache_misses = 3140
preemptive halt, cache_misses = 3140
preemptive halt, cache_misses = 3140
preemptive halt, cache_misses = 3140
preemptive halt, cache_misses = 3140
preemptive halt, cache_misses = 3140
preemptive halt, cache_misses = 3140
preemptive halt, cache_misses = 3140
preemptive halt, cache_misses = 3140
preemptive halt, cache_misses = 3140
preemptive halt, cache_misses = 3140
preemptive halt, cache_misses = 3140
preemptive halt, cache_misses = 3140
preemptive halt, cache_misses = 3140
preemptive halt, cache_misses = 3140
preemptive halt, cache_misses = 3140
preemptive halt, cache_misses = 3140
preemptive halt, cache_misses = 3140
preemptive halt, cache_misses = 3140
preemptive halt, cache_misses = 3140
preemptive halt, cache_misses = 3140
preemptive halt, cache_misses = 3140
preemptive halt, cache_misses = 3140
preemptive halt, cache_misses = 3140
preemptive halt, cache_misses = 3140
binary search, size 2088  misses 3140  min 2087  max 2089
characteristic cache size (binary search) for 55 = 2089
End at: 2021-04-02 15:36:16.595171
Time elapsed: 0:00:00.109090
