Begin at: 2021-04-02 15:41:32.274314
['../dist/Debug/GNU-Linux/memo_batch_tester', '', '--mbt_execution_trace_fname', 'olcs4_traceback_csize_input_types/OLCS4_lru_2021_04_02__15_36_11_k_3__d_2_cache_size_160000_problems_10_to_400/OLCS4_lru_2021_04_02__15_36_11_k_3__d_2_cache_size_160000_problems_10_to_400/OLCS4__do_traceback_prob_size_370_cache_size_160000_lru_k_3_d_2_execution_trace_2021_4_2_15_41_32_pid_18616.log', '--mbt_cache_misses_fname', 'olcs4_traceback_csize_input_types/OLCS4_lru_2021_04_02__15_36_11_k_3__d_2_cache_size_160000_problems_10_to_400/lcs_cost_OLCS4_lru_misses_for_cache_size.csv', '--mbt_misses_for_problem_size_fname', 'olcs4_traceback_csize_input_types/OLCS4_lru_2021_04_02__15_36_11_k_3__d_2_cache_size_160000_problems_10_to_400/lcs_cost_OLCS4_lru_misses_for_problem_size.csv', '--mbt_exact_cutoff_min_cache_size', '160000', '--mbt_exact_cutoff_max_cache_size', '160000', '--mbt_problem_type', 'lcs', '--mbt_metric_type', 'csize_binary_search', '--mbt_cutoff_ratio', '2.2', '--mbt_instance_fname', '370', '--mbt_detailed_cache_misses_out_fname', 'csize_olcs4_traceback_0011n_ceil_n_b_3.csv', '--mbt_phi_N', '5.0', '--mbt_problem_size', '370', '--lcs_compute_length', '0', '--lcs_perform_traceback', '1', '--lig_instance_type', '0011n_ceil_n_b', '--lig_n', '370', '--lig_c', '0.9', '--lig_b', '3.0', '--lcs_oblivious', '4', '--lcs_execution_trace_fname', 'olcs4_traceback_csize_input_types/OLCS4_lru_2021_04_02__15_36_11_k_3__d_2_cache_size_160000_problems_10_to_400/OLCS4_lru_2021_04_02__15_36_11_k_3__d_2_cache_size_160000_problems_10_to_400/OLCS4__do_traceback_prob_size_370_cache_size_160000_lru_k_3_d_2_execution_trace_2021_4_2_15_41_32_pid_18616.log', '--memo_caching_strategy', 'lru', '--memo_cache_size', '160001', '--memo_lru_queue_size', '160000', '--memo_cuckoo_k', '4', '--memo_key_length', '8', '--memo_value_length', '8', '--memo_k_timestamps', '3', '--memo_d_recent_timestamps', '2', '--memo_a_items_per_timestamp_factor', '0.4375']

csize_binary_search chosen
lcs problem_type lcs cache_size 160001
initialize_long_int_cache begin
init_memo
arguments to memo:
 --mbt_execution_trace_fname olcs4_traceback_csize_input_types/OLCS4_lru_2021_04_02__15_36_11_k_3__d_2_cache_size_160000_problems_10_to_400/OLCS4_lru_2021_04_02__15_36_11_k_3__d_2_cache_size_160000_problems_10_to_400/OLCS4__do_traceback_prob_size_370_cache_size_160000_lru_k_3_d_2_execution_trace_2021_4_2_15_41_32_pid_18616.log --mbt_cache_misses_fname olcs4_traceback_csize_input_types/OLCS4_lru_2021_04_02__15_36_11_k_3__d_2_cache_size_160000_problems_10_to_400/lcs_cost_OLCS4_lru_misses_for_cache_size.csv --mbt_misses_for_problem_size_fname olcs4_traceback_csize_input_types/OLCS4_lru_2021_04_02__15_36_11_k_3__d_2_cache_size_160000_problems_10_to_400/lcs_cost_OLCS4_lru_misses_for_problem_size.csv --mbt_exact_cutoff_min_cache_size 160000 --mbt_exact_cutoff_max_cache_size 160000 --mbt_problem_type lcs --mbt_metric_type csize_binary_search --mbt_cutoff_ratio 2.2 --mbt_instance_fname 370 --mbt_detailed_cache_misses_out_fname csize_olcs4_traceback_0011n_ceil_n_b_3.csv --mbt_phi_N 5.0 --mbt_problem_size 370 --lcs_compute_length 0 --lcs_perform_traceback 1 --lig_instance_type 0011n_ceil_n_b --lig_n 370 --lig_c 0.9 --lig_b 3.0 --lcs_oblivious 4 --lcs_execution_trace_fname olcs4_traceback_csize_input_types/OLCS4_lru_2021_04_02__15_36_11_k_3__d_2_cache_size_160000_problems_10_to_400/OLCS4_lru_2021_04_02__15_36_11_k_3__d_2_cache_size_160000_problems_10_to_400/OLCS4__do_traceback_prob_size_370_cache_size_160000_lru_k_3_d_2_execution_trace_2021_4_2_15_41_32_pid_18616.log --memo_caching_strategy lru --memo_cache_size 160001 --memo_lru_queue_size 160000 --memo_cuckoo_k 4 --memo_key_length 8 --memo_value_length 8 --memo_k_timestamps 3 --memo_d_recent_timestamps 2 --memo_a_items_per_timestamp_factor 0.4375 
calculate_table_size: table_size is 262144, original is 160001
Finished initializing cache
initialize_long_int_cache end
done initializing cache
initializing problem
done initializing problem
commence trials
Starting characteristic_cache_size_binary_search with max cache size 160001
binary search, size 160001  misses 137640
preemptive halt, cache_misses = 137641
preemptive halt, cache_misses = 137641
preemptive halt, cache_misses = 137641
preemptive halt, cache_misses = 137641
preemptive halt, cache_misses = 137641
preemptive halt, cache_misses = 137641
preemptive halt, cache_misses = 137641
preemptive halt, cache_misses = 137641
preemptive halt, cache_misses = 137641
preemptive halt, cache_misses = 137641
preemptive halt, cache_misses = 137641
preemptive halt, cache_misses = 137641
preemptive halt, cache_misses = 137641
preemptive halt, cache_misses = 137641
preemptive halt, cache_misses = 137641
preemptive halt, cache_misses = 137641
preemptive halt, cache_misses = 137641
preemptive halt, cache_misses = 137641
preemptive halt, cache_misses = 137641
preemptive halt, cache_misses = 137641
preemptive halt, cache_misses = 137641
preemptive halt, cache_misses = 137641
preemptive halt, cache_misses = 137641
preemptive halt, cache_misses = 137641
preemptive halt, cache_misses = 137641
preemptive halt, cache_misses = 137641
preemptive halt, cache_misses = 137641
preemptive halt, cache_misses = 137641
preemptive halt, cache_misses = 137641
preemptive halt, cache_misses = 137641
preemptive halt, cache_misses = 137641
preemptive halt, cache_misses = 137641
preemptive halt, cache_misses = 137641
preemptive halt, cache_misses = 137641
preemptive halt, cache_misses = 137641
preemptive halt, cache_misses = 137641
preemptive halt, cache_misses = 137641
preemptive halt, cache_misses = 137641
preemptive halt, cache_misses = 137641
preemptive halt, cache_misses = 137641
preemptive halt, cache_misses = 137641
preemptive halt, cache_misses = 137641
preemptive halt, cache_misses = 137641
preemptive halt, cache_misses = 137641
preemptive halt, cache_misses = 137641
preemptive halt, cache_misses = 137641
preemptive halt, cache_misses = 137641
preemptive halt, cache_misses = 137641
preemptive halt, cache_misses = 137641
preemptive halt, cache_misses = 137641
preemptive halt, cache_misses = 137641
preemptive halt, cache_misses = 137641
preemptive halt, cache_misses = 137641
preemptive halt, cache_misses = 137641
preemptive halt, cache_misses = 137641
preemptive halt, cache_misses = 137641
preemptive halt, cache_misses = 137641
preemptive halt, cache_misses = 137641
preemptive halt, cache_misses = 137641
preemptive halt, cache_misses = 137641
preemptive halt, cache_misses = 137641
preemptive halt, cache_misses = 137641
preemptive halt, cache_misses = 137641
preemptive halt, cache_misses = 137641
preemptive halt, cache_misses = 137641
preemptive halt, cache_misses = 137641
preemptive halt, cache_misses = 137641
preemptive halt, cache_misses = 137641
preemptive halt, cache_misses = 137641
preemptive halt, cache_misses = 137641
preemptive halt, cache_misses = 137641
preemptive halt, cache_misses = 137641
preemptive halt, cache_misses = 137641
preemptive halt, cache_misses = 137641
preemptive halt, cache_misses = 137641
preemptive halt, cache_misses = 137641
preemptive halt, cache_misses = 137641
preemptive halt, cache_misses = 137641
preemptive halt, cache_misses = 137641
preemptive halt, cache_misses = 137641
preemptive halt, cache_misses = 137641
preemptive halt, cache_misses = 137641
preemptive halt, cache_misses = 137641
preemptive halt, cache_misses = 137641
preemptive halt, cache_misses = 137641
preemptive halt, cache_misses = 137641
preemptive halt, cache_misses = 137641
preemptive halt, cache_misses = 137641
preemptive halt, cache_misses = 137641
preemptive halt, cache_misses = 137641
preemptive halt, cache_misses = 137641
preemptive halt, cache_misses = 137641
preemptive halt, cache_misses = 137641
preemptive halt, cache_misses = 137641
preemptive halt, cache_misses = 137641
preemptive halt, cache_misses = 137641
preemptive halt, cache_misses = 137641
preemptive halt, cache_misses = 137641
preemptive halt, cache_misses = 137641
preemptive halt, cache_misses = 137641
preemptive halt, cache_misses = 137641
preemptive halt, cache_misses = 137641
preemptive halt, cache_misses = 137641
preemptive halt, cache_misses = 137641
preemptive halt, cache_misses = 137641
preemptive halt, cache_misses = 137641
preemptive halt, cache_misses = 137641
preemptive halt, cache_misses = 137641
preemptive halt, cache_misses = 137641
preemptive halt, cache_misses = 137641
preemptive halt, cache_misses = 137641
preemptive halt, cache_misses = 137641
preemptive halt, cache_misses = 137641
preemptive halt, cache_misses = 137641
preemptive halt, cache_misses = 137641
preemptive halt, cache_misses = 137641
preemptive halt, cache_misses = 137641
preemptive halt, cache_misses = 137641
preemptive halt, cache_misses = 137641
preemptive halt, cache_misses = 137641
preemptive halt, cache_misses = 137641
preemptive halt, cache_misses = 137641
preemptive halt, cache_misses = 137641
preemptive halt, cache_misses = 137641
preemptive halt, cache_misses = 137641
preemptive halt, cache_misses = 137641
preemptive halt, cache_misses = 137641
preemptive halt, cache_misses = 137641
preemptive halt, cache_misses = 137641
preemptive halt, cache_misses = 137641
preemptive halt, cache_misses = 137641
preemptive halt, cache_misses = 137641
preemptive halt, cache_misses = 137641
preemptive halt, cache_misses = 137641
preemptive halt, cache_misses = 137641
preemptive halt, cache_misses = 137641
preemptive halt, cache_misses = 137641
preemptive halt, cache_misses = 137641
preemptive halt, cache_misses = 137641
preemptive halt, cache_misses = 137641
preemptive halt, cache_misses = 137641
preemptive halt, cache_misses = 137641
preemptive halt, cache_misses = 137641
preemptive halt, cache_misses = 137641
preemptive halt, cache_misses = 137641
preemptive halt, cache_misses = 137641
preemptive halt, cache_misses = 137641
preemptive halt, cache_misses = 137641
preemptive halt, cache_misses = 137641
preemptive halt, cache_misses = 137641
preemptive halt, cache_misses = 137641
preemptive halt, cache_misses = 137641
preemptive halt, cache_misses = 137641
preemptive halt, cache_misses = 137641
preemptive halt, cache_misses = 137641
preemptive halt, cache_misses = 137641
preemptive halt, cache_misses = 137641
preemptive halt, cache_misses = 137641
preemptive halt, cache_misses = 137641
preemptive halt, cache_misses = 137641
preemptive halt, cache_misses = 137641
preemptive halt, cache_misses = 137641
preemptive halt, cache_misses = 137641
preemptive halt, cache_misses = 137641
preemptive halt, cache_misses = 137641
preemptive halt, cache_misses = 137641
preemptive halt, cache_misses = 137641
preemptive halt, cache_misses = 137641
preemptive halt, cache_misses = 137641
preemptive halt, cache_misses = 137641
preemptive halt, cache_misses = 137641
preemptive halt, cache_misses = 137641
preemptive halt, cache_misses = 137641
preemptive halt, cache_misses = 137641
preemptive halt, cache_misses = 137641
preemptive halt, cache_misses = 137641
preemptive halt, cache_misses = 137641
preemptive halt, cache_misses = 137641
preemptive halt, cache_misses = 137641
preemptive halt, cache_misses = 137641
preemptive halt, cache_misses = 137641
preemptive halt, cache_misses = 137641
preemptive halt, cache_misses = 137641
preemptive halt, cache_misses = 137641
preemptive halt, cache_misses = 137641
preemptive halt, cache_misses = 137641
preemptive halt, cache_misses = 137641
preemptive halt, cache_misses = 137641
preemptive halt, cache_misses = 137641
preemptive halt, cache_misses = 137641
preemptive halt, cache_misses = 137641
preemptive halt, cache_misses = 137641
preemptive halt, cache_misses = 137641
preemptive halt, cache_misses = 137641
preemptive halt, cache_misses = 137641
preemptive halt, cache_misses = 137641
preemptive halt, cache_misses = 137641
preemptive halt, cache_misses = 137641
preemptive halt, cache_misses = 137641
preemptive halt, cache_misses = 137641
preemptive halt, cache_misses = 137641
preemptive halt, cache_misses = 137641
preemptive halt, cache_misses = 137641
preemptive halt, cache_misses = 137641
preemptive halt, cache_misses = 137641
preemptive halt, cache_misses = 137641
preemptive halt, cache_misses = 137641
preemptive halt, cache_misses = 137641
preemptive halt, cache_misses = 137641
preemptive halt, cache_misses = 137641
preemptive halt, cache_misses = 137641
preemptive halt, cache_misses = 137641
preemptive halt, cache_misses = 137641
preemptive halt, cache_misses = 137641
preemptive halt, cache_misses = 137641
preemptive halt, cache_misses = 137641
preemptive halt, cache_misses = 137641
preemptive halt, cache_misses = 137641
preemptive halt, cache_misses = 137641
preemptive halt, cache_misses = 137641
preemptive halt, cache_misses = 137641
preemptive halt, cache_misses = 137641
preemptive halt, cache_misses = 137641
preemptive halt, cache_misses = 137641
preemptive halt, cache_misses = 137641
preemptive halt, cache_misses = 137641
preemptive halt, cache_misses = 137641
preemptive halt, cache_misses = 137641
preemptive halt, cache_misses = 137641
preemptive halt, cache_misses = 137641
preemptive halt, cache_misses = 137641
preemptive halt, cache_misses = 137641
preemptive halt, cache_misses = 137641
preemptive halt, cache_misses = 137641
preemptive halt, cache_misses = 137641
preemptive halt, cache_misses = 137641
preemptive halt, cache_misses = 137641
preemptive halt, cache_misses = 137641
preemptive halt, cache_misses = 137641
preemptive halt, cache_misses = 137641
preemptive halt, cache_misses = 137641
preemptive halt, cache_misses = 137641
preemptive halt, cache_misses = 137641
preemptive halt, cache_misses = 137641
preemptive halt, cache_misses = 137641
preemptive halt, cache_misses = 137641
binary search, size 80000  misses 137641  min 0  max 160001
binary search, size 120000  misses 137640  min 80000  max 160001
binary search, size 100000  misses 137640  min 80000  max 120000
preemptive halt, cache_misses = 137641
preemptive halt, cache_misses = 137641
preemptive halt, cache_misses = 137641
preemptive halt, cache_misses = 137641
preemptive halt, cache_misses = 137641
preemptive halt, cache_misses = 137641
preemptive halt, cache_misses = 137641
preemptive halt, cache_misses = 137641
preemptive halt, cache_misses = 137641
preemptive halt, cache_misses = 137641
preemptive halt, cache_misses = 137641
preemptive halt, cache_misses = 137641
preemptive halt, cache_misses = 137641
preemptive halt, cache_misses = 137641
preemptive halt, cache_misses = 137641
preemptive halt, cache_misses = 137641
preemptive halt, cache_misses = 137641
preemptive halt, cache_misses = 137641
preemptive halt, cache_misses = 137641
preemptive halt, cache_misses = 137641
preemptive halt, cache_misses = 137641
preemptive halt, cache_misses = 137641
preemptive halt, cache_misses = 137641
preemptive halt, cache_misses = 137641
preemptive halt, cache_misses = 137641
preemptive halt, cache_misses = 137641
preemptive halt, cache_misses = 137641
preemptive halt, cache_misses = 137641
preemptive halt, cache_misses = 137641
preemptive halt, cache_misses = 137641
preemptive halt, cache_misses = 137641
preemptive halt, cache_misses = 137641
preemptive halt, cache_misses = 137641
preemptive halt, cache_misses = 137641
preemptive halt, cache_misses = 137641
preemptive halt, cache_misses = 137641
preemptive halt, cache_misses = 137641
preemptive halt, cache_misses = 137641
preemptive halt, cache_misses = 137641
preemptive halt, cache_misses = 137641
preemptive halt, cache_misses = 137641
preemptive halt, cache_misses = 137641
preemptive halt, cache_misses = 137641
preemptive halt, cache_misses = 137641
preemptive halt, cache_misses = 137641
preemptive halt, cache_misses = 137641
preemptive halt, cache_misses = 137641
preemptive halt, cache_misses = 137641
preemptive halt, cache_misses = 137641
preemptive halt, cache_misses = 137641
preemptive halt, cache_misses = 137641
preemptive halt, cache_misses = 137641
preemptive halt, cache_misses = 137641
preemptive halt, cache_misses = 137641
preemptive halt, cache_misses = 137641
preemptive halt, cache_misses = 137641
preemptive halt, cache_misses = 137641
preemptive halt, cache_misses = 137641
preemptive halt, cache_misses = 137641
preemptive halt, cache_misses = 137641
preemptive halt, cache_misses = 137641
preemptive halt, cache_misses = 137641
preemptive halt, cache_misses = 137641
preemptive halt, cache_misses = 137641
preemptive halt, cache_misses = 137641
preemptive halt, cache_misses = 137641
preemptive halt, cache_misses = 137641
preemptive halt, cache_misses = 137641
preemptive halt, cache_misses = 137641
preemptive halt, cache_misses = 137641
preemptive halt, cache_misses = 137641
preemptive halt, cache_misses = 137641
preemptive halt, cache_misses = 137641
preemptive halt, cache_misses = 137641
preemptive halt, cache_misses = 137641
preemptive halt, cache_misses = 137641
preemptive halt, cache_misses = 137641
preemptive halt, cache_misses = 137641
preemptive halt, cache_misses = 137641
preemptive halt, cache_misses = 137641
preemptive halt, cache_misses = 137641
preemptive halt, cache_misses = 137641
preemptive halt, cache_misses = 137641
preemptive halt, cache_misses = 137641
preemptive halt, cache_misses = 137641
preemptive halt, cache_misses = 137641
preemptive halt, cache_misses = 137641
preemptive halt, cache_misses = 137641
preemptive halt, cache_misses = 137641
preemptive halt, cache_misses = 137641
preemptive halt, cache_misses = 137641
preemptive halt, cache_misses = 137641
preemptive halt, cache_misses = 137641
preemptive halt, cache_misses = 137641
preemptive halt, cache_misses = 137641
preemptive halt, cache_misses = 137641
preemptive halt, cache_misses = 137641
preemptive halt, cache_misses = 137641
preemptive halt, cache_misses = 137641
preemptive halt, cache_misses = 137641
preemptive halt, cache_misses = 137641
preemptive halt, cache_misses = 137641
preemptive halt, cache_misses = 137641
preemptive halt, cache_misses = 137641
preemptive halt, cache_misses = 137641
preemptive halt, cache_misses = 137641
preemptive halt, cache_misses = 137641
preemptive halt, cache_misses = 137641
preemptive halt, cache_misses = 137641
preemptive halt, cache_misses = 137641
preemptive halt, cache_misses = 137641
preemptive halt, cache_misses = 137641
preemptive halt, cache_misses = 137641
preemptive halt, cache_misses = 137641
preemptive halt, cache_misses = 137641
preemptive halt, cache_misses = 137641
preemptive halt, cache_misses = 137641
preemptive halt, cache_misses = 137641
preemptive halt, cache_misses = 137641
preemptive halt, cache_misses = 137641
preemptive halt, cache_misses = 137641
preemptive halt, cache_misses = 137641
preemptive halt, cache_misses = 137641
preemptive halt, cache_misses = 137641
preemptive halt, cache_misses = 137641
preemptive halt, cache_misses = 137641
preemptive halt, cache_misses = 137641
preemptive halt, cache_misses = 137641
preemptive halt, cache_misses = 137641
preemptive halt, cache_misses = 137641
preemptive halt, cache_misses = 137641
preemptive halt, cache_misses = 137641
preemptive halt, cache_misses = 137641
preemptive halt, cache_misses = 137641
preemptive halt, cache_misses = 137641
preemptive halt, cache_misses = 137641
preemptive halt, cache_misses = 137641
preemptive halt, cache_misses = 137641
preemptive halt, cache_misses = 137641
preemptive halt, cache_misses = 137641
preemptive halt, cache_misses = 137641
preemptive halt, cache_misses = 137641
preemptive halt, cache_misses = 137641
preemptive halt, cache_misses = 137641
preemptive halt, cache_misses = 137641
preemptive halt, cache_misses = 137641
preemptive halt, cache_misses = 137641
preemptive halt, cache_misses = 137641
preemptive halt, cache_misses = 137641
preemptive halt, cache_misses = 137641
preemptive halt, cache_misses = 137641
preemptive halt, cache_misses = 137641
preemptive halt, cache_misses = 137641
preemptive halt, cache_misses = 137641
preemptive halt, cache_misses = 137641
preemptive halt, cache_misses = 137641
preemptive halt, cache_misses = 137641
preemptive halt, cache_misses = 137641
preemptive halt, cache_misses = 137641
preemptive halt, cache_misses = 137641
preemptive halt, cache_misses = 137641
preemptive halt, cache_misses = 137641
preemptive halt, cache_misses = 137641
preemptive halt, cache_misses = 137641
preemptive halt, cache_misses = 137641
preemptive halt, cache_misses = 137641
preemptive halt, cache_misses = 137641
preemptive halt, cache_misses = 137641
preemptive halt, cache_misses = 137641
preemptive halt, cache_misses = 137641
preemptive halt, cache_misses = 137641
preemptive halt, cache_misses = 137641
preemptive halt, cache_misses = 137641
preemptive halt, cache_misses = 137641
preemptive halt, cache_misses = 137641
preemptive halt, cache_misses = 137641
preemptive halt, cache_misses = 137641
preemptive halt, cache_misses = 137641
preemptive halt, cache_misses = 137641
preemptive halt, cache_misses = 137641
preemptive halt, cache_misses = 137641
preemptive halt, cache_misses = 137641
preemptive halt, cache_misses = 137641
preemptive halt, cache_misses = 137641
preemptive halt, cache_misses = 137641
preemptive halt, cache_misses = 137641
preemptive halt, cache_misses = 137641
preemptive halt, cache_misses = 137641
preemptive halt, cache_misses = 137641
preemptive halt, cache_misses = 137641
preemptive halt, cache_misses = 137641
preemptive halt, cache_misses = 137641
preemptive halt, cache_misses = 137641
preemptive halt, cache_misses = 137641
preemptive halt, cache_misses = 137641
preemptive halt, cache_misses = 137641
preemptive halt, cache_misses = 137641
preemptive halt, cache_misses = 137641
preemptive halt, cache_misses = 137641
preemptive halt, cache_misses = 137641
preemptive halt, cache_misses = 137641
preemptive halt, cache_misses = 137641
preemptive halt, cache_misses = 137641
preemptive halt, cache_misses = 137641
preemptive halt, cache_misses = 137641
preemptive halt, cache_misses = 137641
preemptive halt, cache_misses = 137641
preemptive halt, cache_misses = 137641
preemptive halt, cache_misses = 137641
preemptive halt, cache_misses = 137641
preemptive halt, cache_misses = 137641
preemptive halt, cache_misses = 137641
preemptive halt, cache_misses = 137641
preemptive halt, cache_misses = 137641
preemptive halt, cache_misses = 137641
preemptive halt, cache_misses = 137641
preemptive halt, cache_misses = 137641
preemptive halt, cache_misses = 137641
preemptive halt, cache_misses = 137641
preemptive halt, cache_misses = 137641
preemptive halt, cache_misses = 137641
preemptive halt, cache_misses = 137641
preemptive halt, cache_misses = 137641
preemptive halt, cache_misses = 137641
preemptive halt, cache_misses = 137641
preemptive halt, cache_misses = 137641
preemptive halt, cache_misses = 137641
preemptive halt, cache_misses = 137641
preemptive halt, cache_misses = 137641
preemptive halt, cache_misses = 137641
preemptive halt, cache_misses = 137641
preemptive halt, cache_misses = 137641
preemptive halt, cache_misses = 137641
preemptive halt, cache_misses = 137641
preemptive halt, cache_misses = 137641
preemptive halt, cache_misses = 137641
preemptive halt, cache_misses = 137641
preemptive halt, cache_misses = 137641
preemptive halt, cache_misses = 137641
preemptive halt, cache_misses = 137641
preemptive halt, cache_misses = 137641
preemptive halt, cache_misses = 137641
preemptive halt, cache_misses = 137641
preemptive halt, cache_misses = 137641
preemptive halt, cache_misses = 137641
preemptive halt, cache_misses = 137641
binary search, size 90000  misses 137641  min 80000  max 100000
binary search, size 95000  misses 137640  min 90000  max 100000
binary search, size 92500  misses 137640  min 90000  max 95000
preemptive halt, cache_misses = 137641
preemptive halt, cache_misses = 137641
preemptive halt, cache_misses = 137641
preemptive halt, cache_misses = 137641
preemptive halt, cache_misses = 137641
preemptive halt, cache_misses = 137641
preemptive halt, cache_misses = 137641
preemptive halt, cache_misses = 137641
preemptive halt, cache_misses = 137641
preemptive halt, cache_misses = 137641
preemptive halt, cache_misses = 137641
preemptive halt, cache_misses = 137641
preemptive halt, cache_misses = 137641
preemptive halt, cache_misses = 137641
preemptive halt, cache_misses = 137641
preemptive halt, cache_misses = 137641
preemptive halt, cache_misses = 137641
preemptive halt, cache_misses = 137641
preemptive halt, cache_misses = 137641
preemptive halt, cache_misses = 137641
preemptive halt, cache_misses = 137641
preemptive halt, cache_misses = 137641
preemptive halt, cache_misses = 137641
preemptive halt, cache_misses = 137641
preemptive halt, cache_misses = 137641
preemptive halt, cache_misses = 137641
preemptive halt, cache_misses = 137641
preemptive halt, cache_misses = 137641
preemptive halt, cache_misses = 137641
preemptive halt, cache_misses = 137641
preemptive halt, cache_misses = 137641
preemptive halt, cache_misses = 137641
preemptive halt, cache_misses = 137641
preemptive halt, cache_misses = 137641
preemptive halt, cache_misses = 137641
preemptive halt, cache_misses = 137641
preemptive halt, cache_misses = 137641
preemptive halt, cache_misses = 137641
preemptive halt, cache_misses = 137641
preemptive halt, cache_misses = 137641
preemptive halt, cache_misses = 137641
preemptive halt, cache_misses = 137641
preemptive halt, cache_misses = 137641
preemptive halt, cache_misses = 137641
preemptive halt, cache_misses = 137641
preemptive halt, cache_misses = 137641
preemptive halt, cache_misses = 137641
preemptive halt, cache_misses = 137641
preemptive halt, cache_misses = 137641
preemptive halt, cache_misses = 137641
preemptive halt, cache_misses = 137641
preemptive halt, cache_misses = 137641
preemptive halt, cache_misses = 137641
preemptive halt, cache_misses = 137641
preemptive halt, cache_misses = 137641
preemptive halt, cache_misses = 137641
preemptive halt, cache_misses = 137641
preemptive halt, cache_misses = 137641
preemptive halt, cache_misses = 137641
preemptive halt, cache_misses = 137641
preemptive halt, cache_misses = 137641
preemptive halt, cache_misses = 137641
preemptive halt, cache_misses = 137641
preemptive halt, cache_misses = 137641
preemptive halt, cache_misses = 137641
preemptive halt, cache_misses = 137641
preemptive halt, cache_misses = 137641
preemptive halt, cache_misses = 137641
preemptive halt, cache_misses = 137641
preemptive halt, cache_misses = 137641
preemptive halt, cache_misses = 137641
preemptive halt, cache_misses = 137641
preemptive halt, cache_misses = 137641
preemptive halt, cache_misses = 137641
preemptive halt, cache_misses = 137641
preemptive halt, cache_misses = 137641
preemptive halt, cache_misses = 137641
preemptive halt, cache_misses = 137641
preemptive halt, cache_misses = 137641
preemptive halt, cache_misses = 137641
preemptive halt, cache_misses = 137641
preemptive halt, cache_misses = 137641
preemptive halt, cache_misses = 137641
preemptive halt, cache_misses = 137641
preemptive halt, cache_misses = 137641
preemptive halt, cache_misses = 137641
preemptive halt, cache_misses = 137641
preemptive halt, cache_misses = 137641
preemptive halt, cache_misses = 137641
preemptive halt, cache_misses = 137641
preemptive halt, cache_misses = 137641
preemptive halt, cache_misses = 137641
preemptive halt, cache_misses = 137641
preemptive halt, cache_misses = 137641
preemptive halt, cache_misses = 137641
preemptive halt, cache_misses = 137641
preemptive halt, cache_misses = 137641
preemptive halt, cache_misses = 137641
preemptive halt, cache_misses = 137641
preemptive halt, cache_misses = 137641
preemptive halt, cache_misses = 137641
preemptive halt, cache_misses = 137641
preemptive halt, cache_misses = 137641
preemptive halt, cache_misses = 137641
preemptive halt, cache_misses = 137641
preemptive halt, cache_misses = 137641
preemptive halt, cache_misses = 137641
preemptive halt, cache_misses = 137641
preemptive halt, cache_misses = 137641
preemptive halt, cache_misses = 137641
preemptive halt, cache_misses = 137641
preemptive halt, cache_misses = 137641
preemptive halt, cache_misses = 137641
preemptive halt, cache_misses = 137641
preemptive halt, cache_misses = 137641
preemptive halt, cache_misses = 137641
preemptive halt, cache_misses = 137641
preemptive halt, cache_misses = 137641
preemptive halt, cache_misses = 137641
preemptive halt, cache_misses = 137641
preemptive halt, cache_misses = 137641
preemptive halt, cache_misses = 137641
preemptive halt, cache_misses = 137641
preemptive halt, cache_misses = 137641
preemptive halt, cache_misses = 137641
preemptive halt, cache_misses = 137641
preemptive halt, cache_misses = 137641
preemptive halt, cache_misses = 137641
preemptive halt, cache_misses = 137641
preemptive halt, cache_misses = 137641
preemptive halt, cache_misses = 137641
preemptive halt, cache_misses = 137641
preemptive halt, cache_misses = 137641
preemptive halt, cache_misses = 137641
preemptive halt, cache_misses = 137641
preemptive halt, cache_misses = 137641
preemptive halt, cache_misses = 137641
preemptive halt, cache_misses = 137641
preemptive halt, cache_misses = 137641
preemptive halt, cache_misses = 137641
preemptive halt, cache_misses = 137641
preemptive halt, cache_misses = 137641
preemptive halt, cache_misses = 137641
preemptive halt, cache_misses = 137641
preemptive halt, cache_misses = 137641
preemptive halt, cache_misses = 137641
preemptive halt, cache_misses = 137641
preemptive halt, cache_misses = 137641
preemptive halt, cache_misses = 137641
preemptive halt, cache_misses = 137641
preemptive halt, cache_misses = 137641
preemptive halt, cache_misses = 137641
preemptive halt, cache_misses = 137641
preemptive halt, cache_misses = 137641
preemptive halt, cache_misses = 137641
preemptive halt, cache_misses = 137641
preemptive halt, cache_misses = 137641
preemptive halt, cache_misses = 137641
preemptive halt, cache_misses = 137641
preemptive halt, cache_misses = 137641
preemptive halt, cache_misses = 137641
preemptive halt, cache_misses = 137641
preemptive halt, cache_misses = 137641
preemptive halt, cache_misses = 137641
preemptive halt, cache_misses = 137641
preemptive halt, cache_misses = 137641
preemptive halt, cache_misses = 137641
preemptive halt, cache_misses = 137641
preemptive halt, cache_misses = 137641
preemptive halt, cache_misses = 137641
preemptive halt, cache_misses = 137641
preemptive halt, cache_misses = 137641
preemptive halt, cache_misses = 137641
preemptive halt, cache_misses = 137641
preemptive halt, cache_misses = 137641
preemptive halt, cache_misses = 137641
preemptive halt, cache_misses = 137641
preemptive halt, cache_misses = 137641
preemptive halt, cache_misses = 137641
preemptive halt, cache_misses = 137641
preemptive halt, cache_misses = 137641
preemptive halt, cache_misses = 137641
preemptive halt, cache_misses = 137641
preemptive halt, cache_misses = 137641
preemptive halt, cache_misses = 137641
preemptive halt, cache_misses = 137641
preemptive halt, cache_misses = 137641
preemptive halt, cache_misses = 137641
preemptive halt, cache_misses = 137641
preemptive halt, cache_misses = 137641
preemptive halt, cache_misses = 137641
preemptive halt, cache_misses = 137641
preemptive halt, cache_misses = 137641
preemptive halt, cache_misses = 137641
preemptive halt, cache_misses = 137641
preemptive halt, cache_misses = 137641
preemptive halt, cache_misses = 137641
preemptive halt, cache_misses = 137641
preemptive halt, cache_misses = 137641
preemptive halt, cache_misses = 137641
preemptive halt, cache_misses = 137641
preemptive halt, cache_misses = 137641
preemptive halt, cache_misses = 137641
preemptive halt, cache_misses = 137641
preemptive halt, cache_misses = 137641
preemptive halt, cache_misses = 137641
preemptive halt, cache_misses = 137641
preemptive halt, cache_misses = 137641
preemptive halt, cache_misses = 137641
preemptive halt, cache_misses = 137641
preemptive halt, cache_misses = 137641
preemptive halt, cache_misses = 137641
preemptive halt, cache_misses = 137641
preemptive halt, cache_misses = 137641
preemptive halt, cache_misses = 137641
preemptive halt, cache_misses = 137641
preemptive halt, cache_misses = 137641
preemptive halt, cache_misses = 137641
preemptive halt, cache_misses = 137641
preemptive halt, cache_misses = 137641
preemptive halt, cache_misses = 137641
preemptive halt, cache_misses = 137641
preemptive halt, cache_misses = 137641
preemptive halt, cache_misses = 137641
preemptive halt, cache_misses = 137641
preemptive halt, cache_misses = 137641
preemptive halt, cache_misses = 137641
preemptive halt, cache_misses = 137641
preemptive halt, cache_misses = 137641
preemptive halt, cache_misses = 137641
preemptive halt, cache_misses = 137641
preemptive halt, cache_misses = 137641
preemptive halt, cache_misses = 137641
preemptive halt, cache_misses = 137641
preemptive halt, cache_misses = 137641
preemptive halt, cache_misses = 137641
preemptive halt, cache_misses = 137641
preemptive halt, cache_misses = 137641
preemptive halt, cache_misses = 137641
preemptive halt, cache_misses = 137641
preemptive halt, cache_misses = 137641
preemptive halt, cache_misses = 137641
preemptive halt, cache_misses = 137641
preemptive halt, cache_misses = 137641
preemptive halt, cache_misses = 137641
preemptive halt, cache_misses = 137641
binary search, size 91250  misses 137641  min 90000  max 92500
binary search, size 91875  misses 137640  min 91250  max 92500
preemptive halt, cache_misses = 137641
preemptive halt, cache_misses = 137641
preemptive halt, cache_misses = 137641
preemptive halt, cache_misses = 137641
preemptive halt, cache_misses = 137641
preemptive halt, cache_misses = 137641
preemptive halt, cache_misses = 137641
preemptive halt, cache_misses = 137641
preemptive halt, cache_misses = 137641
preemptive halt, cache_misses = 137641
preemptive halt, cache_misses = 137641
preemptive halt, cache_misses = 137641
preemptive halt, cache_misses = 137641
preemptive halt, cache_misses = 137641
preemptive halt, cache_misses = 137641
preemptive halt, cache_misses = 137641
preemptive halt, cache_misses = 137641
preemptive halt, cache_misses = 137641
preemptive halt, cache_misses = 137641
preemptive halt, cache_misses = 137641
preemptive halt, cache_misses = 137641
preemptive halt, cache_misses = 137641
preemptive halt, cache_misses = 137641
preemptive halt, cache_misses = 137641
preemptive halt, cache_misses = 137641
preemptive halt, cache_misses = 137641
preemptive halt, cache_misses = 137641
preemptive halt, cache_misses = 137641
preemptive halt, cache_misses = 137641
preemptive halt, cache_misses = 137641
preemptive halt, cache_misses = 137641
preemptive halt, cache_misses = 137641
preemptive halt, cache_misses = 137641
preemptive halt, cache_misses = 137641
preemptive halt, cache_misses = 137641
preemptive halt, cache_misses = 137641
preemptive halt, cache_misses = 137641
preemptive halt, cache_misses = 137641
preemptive halt, cache_misses = 137641
preemptive halt, cache_misses = 137641
preemptive halt, cache_misses = 137641
preemptive halt, cache_misses = 137641
preemptive halt, cache_misses = 137641
preemptive halt, cache_misses = 137641
preemptive halt, cache_misses = 137641
preemptive halt, cache_misses = 137641
preemptive halt, cache_misses = 137641
preemptive halt, cache_misses = 137641
preemptive halt, cache_misses = 137641
preemptive halt, cache_misses = 137641
preemptive halt, cache_misses = 137641
preemptive halt, cache_misses = 137641
preemptive halt, cache_misses = 137641
preemptive halt, cache_misses = 137641
preemptive halt, cache_misses = 137641
preemptive halt, cache_misses = 137641
preemptive halt, cache_misses = 137641
preemptive halt, cache_misses = 137641
preemptive halt, cache_misses = 137641
preemptive halt, cache_misses = 137641
preemptive halt, cache_misses = 137641
preemptive halt, cache_misses = 137641
preemptive halt, cache_misses = 137641
preemptive halt, cache_misses = 137641
preemptive halt, cache_misses = 137641
preemptive halt, cache_misses = 137641
preemptive halt, cache_misses = 137641
preemptive halt, cache_misses = 137641
preemptive halt, cache_misses = 137641
preemptive halt, cache_misses = 137641
preemptive halt, cache_misses = 137641
preemptive halt, cache_misses = 137641
preemptive halt, cache_misses = 137641
preemptive halt, cache_misses = 137641
preemptive halt, cache_misses = 137641
preemptive halt, cache_misses = 137641
preemptive halt, cache_misses = 137641
preemptive halt, cache_misses = 137641
preemptive halt, cache_misses = 137641
preemptive halt, cache_misses = 137641
preemptive halt, cache_misses = 137641
preemptive halt, cache_misses = 137641
preemptive halt, cache_misses = 137641
preemptive halt, cache_misses = 137641
preemptive halt, cache_misses = 137641
preemptive halt, cache_misses = 137641
preemptive halt, cache_misses = 137641
preemptive halt, cache_misses = 137641
preemptive halt, cache_misses = 137641
preemptive halt, cache_misses = 137641
preemptive halt, cache_misses = 137641
preemptive halt, cache_misses = 137641
preemptive halt, cache_misses = 137641
preemptive halt, cache_misses = 137641
preemptive halt, cache_misses = 137641
preemptive halt, cache_misses = 137641
preemptive halt, cache_misses = 137641
preemptive halt, cache_misses = 137641
preemptive halt, cache_misses = 137641
preemptive halt, cache_misses = 137641
preemptive halt, cache_misses = 137641
preemptive halt, cache_misses = 137641
preemptive halt, cache_misses = 137641
preemptive halt, cache_misses = 137641
preemptive halt, cache_misses = 137641
preemptive halt, cache_misses = 137641
preemptive halt, cache_misses = 137641
preemptive halt, cache_misses = 137641
preemptive halt, cache_misses = 137641
preemptive halt, cache_misses = 137641
preemptive halt, cache_misses = 137641
preemptive halt, cache_misses = 137641
preemptive halt, cache_misses = 137641
preemptive halt, cache_misses = 137641
preemptive halt, cache_misses = 137641
preemptive halt, cache_misses = 137641
preemptive halt, cache_misses = 137641
preemptive halt, cache_misses = 137641
preemptive halt, cache_misses = 137641
preemptive halt, cache_misses = 137641
preemptive halt, cache_misses = 137641
preemptive halt, cache_misses = 137641
preemptive halt, cache_misses = 137641
preemptive halt, cache_misses = 137641
preemptive halt, cache_misses = 137641
preemptive halt, cache_misses = 137641
preemptive halt, cache_misses = 137641
preemptive halt, cache_misses = 137641
preemptive halt, cache_misses = 137641
preemptive halt, cache_misses = 137641
preemptive halt, cache_misses = 137641
preemptive halt, cache_misses = 137641
preemptive halt, cache_misses = 137641
preemptive halt, cache_misses = 137641
preemptive halt, cache_misses = 137641
preemptive halt, cache_misses = 137641
preemptive halt, cache_misses = 137641
preemptive halt, cache_misses = 137641
preemptive halt, cache_misses = 137641
preemptive halt, cache_misses = 137641
preemptive halt, cache_misses = 137641
preemptive halt, cache_misses = 137641
preemptive halt, cache_misses = 137641
preemptive halt, cache_misses = 137641
preemptive halt, cache_misses = 137641
preemptive halt, cache_misses = 137641
preemptive halt, cache_misses = 137641
preemptive halt, cache_misses = 137641
preemptive halt, cache_misses = 137641
preemptive halt, cache_misses = 137641
preemptive halt, cache_misses = 137641
preemptive halt, cache_misses = 137641
preemptive halt, cache_misses = 137641
preemptive halt, cache_misses = 137641
preemptive halt, cache_misses = 137641
preemptive halt, cache_misses = 137641
preemptive halt, cache_misses = 137641
preemptive halt, cache_misses = 137641
preemptive halt, cache_misses = 137641
preemptive halt, cache_misses = 137641
preemptive halt, cache_misses = 137641
preemptive halt, cache_misses = 137641
preemptive halt, cache_misses = 137641
preemptive halt, cache_misses = 137641
preemptive halt, cache_misses = 137641
preemptive halt, cache_misses = 137641
preemptive halt, cache_misses = 137641
preemptive halt, cache_misses = 137641
preemptive halt, cache_misses = 137641
preemptive halt, cache_misses = 137641
preemptive halt, cache_misses = 137641
preemptive halt, cache_misses = 137641
preemptive halt, cache_misses = 137641
preemptive halt, cache_misses = 137641
preemptive halt, cache_misses = 137641
preemptive halt, cache_misses = 137641
preemptive halt, cache_misses = 137641
preemptive halt, cache_misses = 137641
preemptive halt, cache_misses = 137641
preemptive halt, cache_misses = 137641
preemptive halt, cache_misses = 137641
preemptive halt, cache_misses = 137641
preemptive halt, cache_misses = 137641
preemptive halt, cache_misses = 137641
preemptive halt, cache_misses = 137641
preemptive halt, cache_misses = 137641
preemptive halt, cache_misses = 137641
preemptive halt, cache_misses = 137641
preemptive halt, cache_misses = 137641
preemptive halt, cache_misses = 137641
preemptive halt, cache_misses = 137641
preemptive halt, cache_misses = 137641
preemptive halt, cache_misses = 137641
preemptive halt, cache_misses = 137641
preemptive halt, cache_misses = 137641
preemptive halt, cache_misses = 137641
preemptive halt, cache_misses = 137641
preemptive halt, cache_misses = 137641
preemptive halt, cache_misses = 137641
preemptive halt, cache_misses = 137641
preemptive halt, cache_misses = 137641
preemptive halt, cache_misses = 137641
preemptive halt, cache_misses = 137641
preemptive halt, cache_misses = 137641
preemptive halt, cache_misses = 137641
preemptive halt, cache_misses = 137641
preemptive halt, cache_misses = 137641
preemptive halt, cache_misses = 137641
preemptive halt, cache_misses = 137641
preemptive halt, cache_misses = 137641
preemptive halt, cache_misses = 137641
preemptive halt, cache_misses = 137641
preemptive halt, cache_misses = 137641
preemptive halt, cache_misses = 137641
preemptive halt, cache_misses = 137641
preemptive halt, cache_misses = 137641
preemptive halt, cache_misses = 137641
preemptive halt, cache_misses = 137641
preemptive halt, cache_misses = 137641
preemptive halt, cache_misses = 137641
preemptive halt, cache_misses = 137641
preemptive halt, cache_misses = 137641
preemptive halt, cache_misses = 137641
preemptive halt, cache_misses = 137641
preemptive halt, cache_misses = 137641
preemptive halt, cache_misses = 137641
preemptive halt, cache_misses = 137641
preemptive halt, cache_misses = 137641
preemptive halt, cache_misses = 137641
preemptive halt, cache_misses = 137641
preemptive halt, cache_misses = 137641
preemptive halt, cache_misses = 137641
preemptive halt, cache_misses = 137641
preemptive halt, cache_misses = 137641
preemptive halt, cache_misses = 137641
preemptive halt, cache_misses = 137641
preemptive halt, cache_misses = 137641
preemptive halt, cache_misses = 137641
preemptive halt, cache_misses = 137641
preemptive halt, cache_misses = 137641
preemptive halt, cache_misses = 137641
preemptive halt, cache_misses = 137641
preemptive halt, cache_misses = 137641
preemptive halt, cache_misses = 137641
preemptive halt, cache_misses = 137641
preemptive halt, cache_misses = 137641
binary search, size 91562  misses 137641  min 91250  max 91875
preemptive halt, cache_misses = 137642
preemptive halt, cache_misses = 137642
preemptive halt, cache_misses = 137642
preemptive halt, cache_misses = 137642
preemptive halt, cache_misses = 137642
preemptive halt, cache_misses = 137642
preemptive halt, cache_misses = 137642
preemptive halt, cache_misses = 137642
preemptive halt, cache_misses = 137642
preemptive halt, cache_misses = 137642
preemptive halt, cache_misses = 137642
preemptive halt, cache_misses = 137642
preemptive halt, cache_misses = 137642
preemptive halt, cache_misses = 137642
preemptive halt, cache_misses = 137642
preemptive halt, cache_misses = 137642
preemptive halt, cache_misses = 137642
preemptive halt, cache_misses = 137642
preemptive halt, cache_misses = 137642
preemptive halt, cache_misses = 137642
preemptive halt, cache_misses = 137642
preemptive halt, cache_misses = 137642
preemptive halt, cache_misses = 137642
preemptive halt, cache_misses = 137642
preemptive halt, cache_misses = 137642
preemptive halt, cache_misses = 137642
preemptive halt, cache_misses = 137642
preemptive halt, cache_misses = 137642
preemptive halt, cache_misses = 137642
preemptive halt, cache_misses = 137642
preemptive halt, cache_misses = 137642
preemptive halt, cache_misses = 137642
preemptive halt, cache_misses = 137642
preemptive halt, cache_misses = 137642
preemptive halt, cache_misses = 137642
preemptive halt, cache_misses = 137642
preemptive halt, cache_misses = 137642
preemptive halt, cache_misses = 137642
preemptive halt, cache_misses = 137642
preemptive halt, cache_misses = 137642
preemptive halt, cache_misses = 137642
preemptive halt, cache_misses = 137642
preemptive halt, cache_misses = 137642
preemptive halt, cache_misses = 137642
preemptive halt, cache_misses = 137642
preemptive halt, cache_misses = 137642
preemptive halt, cache_misses = 137642
preemptive halt, cache_misses = 137642
preemptive halt, cache_misses = 137642
preemptive halt, cache_misses = 137642
preemptive halt, cache_misses = 137642
preemptive halt, cache_misses = 137642
preemptive halt, cache_misses = 137642
preemptive halt, cache_misses = 137642
preemptive halt, cache_misses = 137642
preemptive halt, cache_misses = 137642
preemptive halt, cache_misses = 137642
preemptive halt, cache_misses = 137642
preemptive halt, cache_misses = 137642
preemptive halt, cache_misses = 137642
preemptive halt, cache_misses = 137642
preemptive halt, cache_misses = 137642
preemptive halt, cache_misses = 137642
preemptive halt, cache_misses = 137642
preemptive halt, cache_misses = 137642
preemptive halt, cache_misses = 137642
preemptive halt, cache_misses = 137642
preemptive halt, cache_misses = 137642
preemptive halt, cache_misses = 137642
preemptive halt, cache_misses = 137642
preemptive halt, cache_misses = 137642
preemptive halt, cache_misses = 137642
preemptive halt, cache_misses = 137642
preemptive halt, cache_misses = 137642
preemptive halt, cache_misses = 137642
preemptive halt, cache_misses = 137642
preemptive halt, cache_misses = 137642
preemptive halt, cache_misses = 137642
preemptive halt, cache_misses = 137642
preemptive halt, cache_misses = 137642
preemptive halt, cache_misses = 137642
preemptive halt, cache_misses = 137642
preemptive halt, cache_misses = 137642
preemptive halt, cache_misses = 137642
preemptive halt, cache_misses = 137642
preemptive halt, cache_misses = 137642
preemptive halt, cache_misses = 137642
preemptive halt, cache_misses = 137642
preemptive halt, cache_misses = 137642
preemptive halt, cache_misses = 137642
preemptive halt, cache_misses = 137642
preemptive halt, cache_misses = 137642
preemptive halt, cache_misses = 137642
preemptive halt, cache_misses = 137642
preemptive halt, cache_misses = 137642
preemptive halt, cache_misses = 137642
preemptive halt, cache_misses = 137642
preemptive halt, cache_misses = 137642
preemptive halt, cache_misses = 137642
preemptive halt, cache_misses = 137642
preemptive halt, cache_misses = 137642
preemptive halt, cache_misses = 137642
preemptive halt, cache_misses = 137642
preemptive halt, cache_misses = 137642
preemptive halt, cache_misses = 137642
preemptive halt, cache_misses = 137642
preemptive halt, cache_misses = 137642
preemptive halt, cache_misses = 137642
preemptive halt, cache_misses = 137642
preemptive halt, cache_misses = 137642
preemptive halt, cache_misses = 137642
preemptive halt, cache_misses = 137642
preemptive halt, cache_misses = 137642
preemptive halt, cache_misses = 137642
preemptive halt, cache_misses = 137642
preemptive halt, cache_misses = 137642
preemptive halt, cache_misses = 137642
preemptive halt, cache_misses = 137642
preemptive halt, cache_misses = 137642
preemptive halt, cache_misses = 137642
preemptive halt, cache_misses = 137642
preemptive halt, cache_misses = 137642
preemptive halt, cache_misses = 137642
preemptive halt, cache_misses = 137642
preemptive halt, cache_misses = 137642
preemptive halt, cache_misses = 137642
preemptive halt, cache_misses = 137642
preemptive halt, cache_misses = 137642
preemptive halt, cache_misses = 137642
preemptive halt, cache_misses = 137642
preemptive halt, cache_misses = 137642
preemptive halt, cache_misses = 137642
preemptive halt, cache_misses = 137642
preemptive halt, cache_misses = 137642
preemptive halt, cache_misses = 137642
preemptive halt, cache_misses = 137642
preemptive halt, cache_misses = 137642
preemptive halt, cache_misses = 137642
preemptive halt, cache_misses = 137642
preemptive halt, cache_misses = 137642
preemptive halt, cache_misses = 137642
preemptive halt, cache_misses = 137642
preemptive halt, cache_misses = 137642
preemptive halt, cache_misses = 137642
preemptive halt, cache_misses = 137642
preemptive halt, cache_misses = 137642
preemptive halt, cache_misses = 137642
preemptive halt, cache_misses = 137642
preemptive halt, cache_misses = 137642
preemptive halt, cache_misses = 137642
preemptive halt, cache_misses = 137642
preemptive halt, cache_misses = 137642
preemptive halt, cache_misses = 137642
preemptive halt, cache_misses = 137642
preemptive halt, cache_misses = 137642
preemptive halt, cache_misses = 137642
preemptive halt, cache_misses = 137642
preemptive halt, cache_misses = 137642
preemptive halt, cache_misses = 137642
preemptive halt, cache_misses = 137642
preemptive halt, cache_misses = 137642
preemptive halt, cache_misses = 137642
preemptive halt, cache_misses = 137642
preemptive halt, cache_misses = 137642
preemptive halt, cache_misses = 137642
preemptive halt, cache_misses = 137642
preemptive halt, cache_misses = 137642
preemptive halt, cache_misses = 137642
preemptive halt, cache_misses = 137642
preemptive halt, cache_misses = 137642
preemptive halt, cache_misses = 137642
preemptive halt, cache_misses = 137642
preemptive halt, cache_misses = 137642
preemptive halt, cache_misses = 137642
preemptive halt, cache_misses = 137642
preemptive halt, cache_misses = 137642
preemptive halt, cache_misses = 137642
preemptive halt, cache_misses = 137642
preemptive halt, cache_misses = 137642
preemptive halt, cache_misses = 137642
preemptive halt, cache_misses = 137642
preemptive halt, cache_misses = 137642
preemptive halt, cache_misses = 137642
preemptive halt, cache_misses = 137642
preemptive halt, cache_misses = 137642
preemptive halt, cache_misses = 137642
preemptive halt, cache_misses = 137642
preemptive halt, cache_misses = 137642
preemptive halt, cache_misses = 137642
preemptive halt, cache_misses = 137642
preemptive halt, cache_misses = 137642
preemptive halt, cache_misses = 137642
preemptive halt, cache_misses = 137642
preemptive halt, cache_misses = 137642
preemptive halt, cache_misses = 137642
preemptive halt, cache_misses = 137642
preemptive halt, cache_misses = 137642
preemptive halt, cache_misses = 137642
preemptive halt, cache_misses = 137642
preemptive halt, cache_misses = 137642
preemptive halt, cache_misses = 137642
preemptive halt, cache_misses = 137642
preemptive halt, cache_misses = 137642
preemptive halt, cache_misses = 137642
preemptive halt, cache_misses = 137642
preemptive halt, cache_misses = 137642
preemptive halt, cache_misses = 137642
preemptive halt, cache_misses = 137642
preemptive halt, cache_misses = 137642
preemptive halt, cache_misses = 137642
preemptive halt, cache_misses = 137642
preemptive halt, cache_misses = 137642
preemptive halt, cache_misses = 137642
preemptive halt, cache_misses = 137642
preemptive halt, cache_misses = 137642
preemptive halt, cache_misses = 137642
preemptive halt, cache_misses = 137642
preemptive halt, cache_misses = 137642
preemptive halt, cache_misses = 137642
preemptive halt, cache_misses = 137642
preemptive halt, cache_misses = 137642
preemptive halt, cache_misses = 137642
preemptive halt, cache_misses = 137642
preemptive halt, cache_misses = 137642
preemptive halt, cache_misses = 137642
preemptive halt, cache_misses = 137642
preemptive halt, cache_misses = 137642
preemptive halt, cache_misses = 137642
preemptive halt, cache_misses = 137642
preemptive halt, cache_misses = 137642
preemptive halt, cache_misses = 137642
preemptive halt, cache_misses = 137642
preemptive halt, cache_misses = 137642
preemptive halt, cache_misses = 137642
preemptive halt, cache_misses = 137642
preemptive halt, cache_misses = 137642
preemptive halt, cache_misses = 137642
preemptive halt, cache_misses = 137642
preemptive halt, cache_misses = 137642
preemptive halt, cache_misses = 137642
preemptive halt, cache_misses = 137642
preemptive halt, cache_misses = 137642
preemptive halt, cache_misses = 137642
preemptive halt, cache_misses = 137642
preemptive halt, cache_misses = 137642
preemptive halt, cache_misses = 137642
preemptive halt, cache_misses = 137642
preemptive halt, cache_misses = 137642
binary search, size 91718  misses 137642  min 91562  max 91875
binary search, size 91796  misses 137640  min 91718  max 91875
preemptive halt, cache_misses = 137641
preemptive halt, cache_misses = 137641
preemptive halt, cache_misses = 137641
preemptive halt, cache_misses = 137641
preemptive halt, cache_misses = 137641
preemptive halt, cache_misses = 137641
preemptive halt, cache_misses = 137641
preemptive halt, cache_misses = 137641
preemptive halt, cache_misses = 137641
preemptive halt, cache_misses = 137641
preemptive halt, cache_misses = 137641
preemptive halt, cache_misses = 137641
preemptive halt, cache_misses = 137641
preemptive halt, cache_misses = 137641
preemptive halt, cache_misses = 137641
preemptive halt, cache_misses = 137641
preemptive halt, cache_misses = 137641
preemptive halt, cache_misses = 137641
preemptive halt, cache_misses = 137641
preemptive halt, cache_misses = 137641
preemptive halt, cache_misses = 137641
preemptive halt, cache_misses = 137641
preemptive halt, cache_misses = 137641
preemptive halt, cache_misses = 137641
preemptive halt, cache_misses = 137641
preemptive halt, cache_misses = 137641
preemptive halt, cache_misses = 137641
preemptive halt, cache_misses = 137641
preemptive halt, cache_misses = 137641
preemptive halt, cache_misses = 137641
preemptive halt, cache_misses = 137641
preemptive halt, cache_misses = 137641
preemptive halt, cache_misses = 137641
preemptive halt, cache_misses = 137641
preemptive halt, cache_misses = 137641
preemptive halt, cache_misses = 137641
preemptive halt, cache_misses = 137641
preemptive halt, cache_misses = 137641
preemptive halt, cache_misses = 137641
preemptive halt, cache_misses = 137641
preemptive halt, cache_misses = 137641
preemptive halt, cache_misses = 137641
preemptive halt, cache_misses = 137641
preemptive halt, cache_misses = 137641
preemptive halt, cache_misses = 137641
preemptive halt, cache_misses = 137641
preemptive halt, cache_misses = 137641
preemptive halt, cache_misses = 137641
preemptive halt, cache_misses = 137641
preemptive halt, cache_misses = 137641
preemptive halt, cache_misses = 137641
preemptive halt, cache_misses = 137641
preemptive halt, cache_misses = 137641
preemptive halt, cache_misses = 137641
preemptive halt, cache_misses = 137641
preemptive halt, cache_misses = 137641
preemptive halt, cache_misses = 137641
preemptive halt, cache_misses = 137641
preemptive halt, cache_misses = 137641
preemptive halt, cache_misses = 137641
preemptive halt, cache_misses = 137641
preemptive halt, cache_misses = 137641
preemptive halt, cache_misses = 137641
preemptive halt, cache_misses = 137641
preemptive halt, cache_misses = 137641
preemptive halt, cache_misses = 137641
preemptive halt, cache_misses = 137641
preemptive halt, cache_misses = 137641
preemptive halt, cache_misses = 137641
preemptive halt, cache_misses = 137641
preemptive halt, cache_misses = 137641
preemptive halt, cache_misses = 137641
preemptive halt, cache_misses = 137641
preemptive halt, cache_misses = 137641
preemptive halt, cache_misses = 137641
preemptive halt, cache_misses = 137641
preemptive halt, cache_misses = 137641
preemptive halt, cache_misses = 137641
preemptive halt, cache_misses = 137641
preemptive halt, cache_misses = 137641
preemptive halt, cache_misses = 137641
preemptive halt, cache_misses = 137641
preemptive halt, cache_misses = 137641
preemptive halt, cache_misses = 137641
preemptive halt, cache_misses = 137641
preemptive halt, cache_misses = 137641
preemptive halt, cache_misses = 137641
preemptive halt, cache_misses = 137641
preemptive halt, cache_misses = 137641
preemptive halt, cache_misses = 137641
preemptive halt, cache_misses = 137641
preemptive halt, cache_misses = 137641
preemptive halt, cache_misses = 137641
preemptive halt, cache_misses = 137641
preemptive halt, cache_misses = 137641
preemptive halt, cache_misses = 137641
preemptive halt, cache_misses = 137641
preemptive halt, cache_misses = 137641
preemptive halt, cache_misses = 137641
preemptive halt, cache_misses = 137641
preemptive halt, cache_misses = 137641
preemptive halt, cache_misses = 137641
preemptive halt, cache_misses = 137641
preemptive halt, cache_misses = 137641
preemptive halt, cache_misses = 137641
preemptive halt, cache_misses = 137641
preemptive halt, cache_misses = 137641
preemptive halt, cache_misses = 137641
preemptive halt, cache_misses = 137641
preemptive halt, cache_misses = 137641
preemptive halt, cache_misses = 137641
preemptive halt, cache_misses = 137641
preemptive halt, cache_misses = 137641
preemptive halt, cache_misses = 137641
preemptive halt, cache_misses = 137641
preemptive halt, cache_misses = 137641
preemptive halt, cache_misses = 137641
preemptive halt, cache_misses = 137641
preemptive halt, cache_misses = 137641
preemptive halt, cache_misses = 137641
preemptive halt, cache_misses = 137641
preemptive halt, cache_misses = 137641
preemptive halt, cache_misses = 137641
preemptive halt, cache_misses = 137641
preemptive halt, cache_misses = 137641
preemptive halt, cache_misses = 137641
preemptive halt, cache_misses = 137641
preemptive halt, cache_misses = 137641
preemptive halt, cache_misses = 137641
preemptive halt, cache_misses = 137641
preemptive halt, cache_misses = 137641
preemptive halt, cache_misses = 137641
preemptive halt, cache_misses = 137641
preemptive halt, cache_misses = 137641
preemptive halt, cache_misses = 137641
preemptive halt, cache_misses = 137641
preemptive halt, cache_misses = 137641
preemptive halt, cache_misses = 137641
preemptive halt, cache_misses = 137641
preemptive halt, cache_misses = 137641
preemptive halt, cache_misses = 137641
preemptive halt, cache_misses = 137641
preemptive halt, cache_misses = 137641
preemptive halt, cache_misses = 137641
preemptive halt, cache_misses = 137641
preemptive halt, cache_misses = 137641
preemptive halt, cache_misses = 137641
preemptive halt, cache_misses = 137641
preemptive halt, cache_misses = 137641
preemptive halt, cache_misses = 137641
preemptive halt, cache_misses = 137641
preemptive halt, cache_misses = 137641
preemptive halt, cache_misses = 137641
preemptive halt, cache_misses = 137641
preemptive halt, cache_misses = 137641
preemptive halt, cache_misses = 137641
preemptive halt, cache_misses = 137641
preemptive halt, cache_misses = 137641
preemptive halt, cache_misses = 137641
preemptive halt, cache_misses = 137641
preemptive halt, cache_misses = 137641
preemptive halt, cache_misses = 137641
preemptive halt, cache_misses = 137641
preemptive halt, cache_misses = 137641
preemptive halt, cache_misses = 137641
preemptive halt, cache_misses = 137641
preemptive halt, cache_misses = 137641
preemptive halt, cache_misses = 137641
preemptive halt, cache_misses = 137641
preemptive halt, cache_misses = 137641
preemptive halt, cache_misses = 137641
preemptive halt, cache_misses = 137641
preemptive halt, cache_misses = 137641
preemptive halt, cache_misses = 137641
preemptive halt, cache_misses = 137641
preemptive halt, cache_misses = 137641
preemptive halt, cache_misses = 137641
preemptive halt, cache_misses = 137641
preemptive halt, cache_misses = 137641
preemptive halt, cache_misses = 137641
preemptive halt, cache_misses = 137641
preemptive halt, cache_misses = 137641
preemptive halt, cache_misses = 137641
preemptive halt, cache_misses = 137641
preemptive halt, cache_misses = 137641
preemptive halt, cache_misses = 137641
preemptive halt, cache_misses = 137641
preemptive halt, cache_misses = 137641
preemptive halt, cache_misses = 137641
preemptive halt, cache_misses = 137641
preemptive halt, cache_misses = 137641
preemptive halt, cache_misses = 137641
preemptive halt, cache_misses = 137641
preemptive halt, cache_misses = 137641
preemptive halt, cache_misses = 137641
preemptive halt, cache_misses = 137641
preemptive halt, cache_misses = 137641
preemptive halt, cache_misses = 137641
preemptive halt, cache_misses = 137641
preemptive halt, cache_misses = 137641
preemptive halt, cache_misses = 137641
preemptive halt, cache_misses = 137641
preemptive halt, cache_misses = 137641
preemptive halt, cache_misses = 137641
preemptive halt, cache_misses = 137641
preemptive halt, cache_misses = 137641
preemptive halt, cache_misses = 137641
preemptive halt, cache_misses = 137641
preemptive halt, cache_misses = 137641
preemptive halt, cache_misses = 137641
preemptive halt, cache_misses = 137641
preemptive halt, cache_misses = 137641
preemptive halt, cache_misses = 137641
preemptive halt, cache_misses = 137641
preemptive halt, cache_misses = 137641
preemptive halt, cache_misses = 137641
preemptive halt, cache_misses = 137641
preemptive halt, cache_misses = 137641
preemptive halt, cache_misses = 137641
preemptive halt, cache_misses = 137641
preemptive halt, cache_misses = 137641
preemptive halt, cache_misses = 137641
preemptive halt, cache_misses = 137641
preemptive halt, cache_misses = 137641
preemptive halt, cache_misses = 137641
preemptive halt, cache_misses = 137641
preemptive halt, cache_misses = 137641
preemptive halt, cache_misses = 137641
preemptive halt, cache_misses = 137641
preemptive halt, cache_misses = 137641
preemptive halt, cache_misses = 137641
preemptive halt, cache_misses = 137641
preemptive halt, cache_misses = 137641
preemptive halt, cache_misses = 137641
preemptive halt, cache_misses = 137641
preemptive halt, cache_misses = 137641
preemptive halt, cache_misses = 137641
preemptive halt, cache_misses = 137641
preemptive halt, cache_misses = 137641
preemptive halt, cache_misses = 137641
preemptive halt, cache_misses = 137641
preemptive halt, cache_misses = 137641
preemptive halt, cache_misses = 137641
preemptive halt, cache_misses = 137641
preemptive halt, cache_misses = 137641
preemptive halt, cache_misses = 137641
binary search, size 91757  misses 137641  min 91718  max 91796
binary search, size 91776  misses 137640  min 91757  max 91796
binary search, size 91766  misses 137640  min 91757  max 91776
binary search, size 91761  misses 137640  min 91757  max 91766
binary search, size 91759  misses 137640  min 91757  max 91761
preemptive halt, cache_misses = 137641
preemptive halt, cache_misses = 137641
preemptive halt, cache_misses = 137641
preemptive halt, cache_misses = 137641
preemptive halt, cache_misses = 137641
preemptive halt, cache_misses = 137641
preemptive halt, cache_misses = 137641
preemptive halt, cache_misses = 137641
preemptive halt, cache_misses = 137641
preemptive halt, cache_misses = 137641
preemptive halt, cache_misses = 137641
preemptive halt, cache_misses = 137641
preemptive halt, cache_misses = 137641
preemptive halt, cache_misses = 137641
preemptive halt, cache_misses = 137641
preemptive halt, cache_misses = 137641
preemptive halt, cache_misses = 137641
preemptive halt, cache_misses = 137641
preemptive halt, cache_misses = 137641
preemptive halt, cache_misses = 137641
preemptive halt, cache_misses = 137641
preemptive halt, cache_misses = 137641
preemptive halt, cache_misses = 137641
preemptive halt, cache_misses = 137641
preemptive halt, cache_misses = 137641
preemptive halt, cache_misses = 137641
preemptive halt, cache_misses = 137641
preemptive halt, cache_misses = 137641
preemptive halt, cache_misses = 137641
preemptive halt, cache_misses = 137641
preemptive halt, cache_misses = 137641
preemptive halt, cache_misses = 137641
preemptive halt, cache_misses = 137641
preemptive halt, cache_misses = 137641
preemptive halt, cache_misses = 137641
preemptive halt, cache_misses = 137641
preemptive halt, cache_misses = 137641
preemptive halt, cache_misses = 137641
preemptive halt, cache_misses = 137641
preemptive halt, cache_misses = 137641
preemptive halt, cache_misses = 137641
preemptive halt, cache_misses = 137641
preemptive halt, cache_misses = 137641
preemptive halt, cache_misses = 137641
preemptive halt, cache_misses = 137641
preemptive halt, cache_misses = 137641
preemptive halt, cache_misses = 137641
preemptive halt, cache_misses = 137641
preemptive halt, cache_misses = 137641
preemptive halt, cache_misses = 137641
preemptive halt, cache_misses = 137641
preemptive halt, cache_misses = 137641
preemptive halt, cache_misses = 137641
preemptive halt, cache_misses = 137641
preemptive halt, cache_misses = 137641
preemptive halt, cache_misses = 137641
preemptive halt, cache_misses = 137641
preemptive halt, cache_misses = 137641
preemptive halt, cache_misses = 137641
preemptive halt, cache_misses = 137641
preemptive halt, cache_misses = 137641
preemptive halt, cache_misses = 137641
preemptive halt, cache_misses = 137641
preemptive halt, cache_misses = 137641
preemptive halt, cache_misses = 137641
preemptive halt, cache_misses = 137641
preemptive halt, cache_misses = 137641
preemptive halt, cache_misses = 137641
preemptive halt, cache_misses = 137641
preemptive halt, cache_misses = 137641
preemptive halt, cache_misses = 137641
preemptive halt, cache_misses = 137641
preemptive halt, cache_misses = 137641
preemptive halt, cache_misses = 137641
preemptive halt, cache_misses = 137641
preemptive halt, cache_misses = 137641
preemptive halt, cache_misses = 137641
preemptive halt, cache_misses = 137641
preemptive halt, cache_misses = 137641
preemptive halt, cache_misses = 137641
preemptive halt, cache_misses = 137641
preemptive halt, cache_misses = 137641
preemptive halt, cache_misses = 137641
preemptive halt, cache_misses = 137641
preemptive halt, cache_misses = 137641
preemptive halt, cache_misses = 137641
preemptive halt, cache_misses = 137641
preemptive halt, cache_misses = 137641
preemptive halt, cache_misses = 137641
preemptive halt, cache_misses = 137641
preemptive halt, cache_misses = 137641
preemptive halt, cache_misses = 137641
preemptive halt, cache_misses = 137641
preemptive halt, cache_misses = 137641
preemptive halt, cache_misses = 137641
preemptive halt, cache_misses = 137641
preemptive halt, cache_misses = 137641
preemptive halt, cache_misses = 137641
preemptive halt, cache_misses = 137641
preemptive halt, cache_misses = 137641
preemptive halt, cache_misses = 137641
preemptive halt, cache_misses = 137641
preemptive halt, cache_misses = 137641
preemptive halt, cache_misses = 137641
preemptive halt, cache_misses = 137641
preemptive halt, cache_misses = 137641
preemptive halt, cache_misses = 137641
preemptive halt, cache_misses = 137641
preemptive halt, cache_misses = 137641
preemptive halt, cache_misses = 137641
preemptive halt, cache_misses = 137641
preemptive halt, cache_misses = 137641
preemptive halt, cache_misses = 137641
preemptive halt, cache_misses = 137641
preemptive halt, cache_misses = 137641
preemptive halt, cache_misses = 137641
preemptive halt, cache_misses = 137641
preemptive halt, cache_misses = 137641
preemptive halt, cache_misses = 137641
preemptive halt, cache_misses = 137641
preemptive halt, cache_misses = 137641
preemptive halt, cache_misses = 137641
preemptive halt, cache_misses = 137641
preemptive halt, cache_misses = 137641
preemptive halt, cache_misses = 137641
preemptive halt, cache_misses = 137641
preemptive halt, cache_misses = 137641
preemptive halt, cache_misses = 137641
preemptive halt, cache_misses = 137641
preemptive halt, cache_misses = 137641
preemptive halt, cache_misses = 137641
preemptive halt, cache_misses = 137641
preemptive halt, cache_misses = 137641
preemptive halt, cache_misses = 137641
preemptive halt, cache_misses = 137641
preemptive halt, cache_misses = 137641
preemptive halt, cache_misses = 137641
preemptive halt, cache_misses = 137641
preemptive halt, cache_misses = 137641
preemptive halt, cache_misses = 137641
preemptive halt, cache_misses = 137641
preemptive halt, cache_misses = 137641
preemptive halt, cache_misses = 137641
preemptive halt, cache_misses = 137641
preemptive halt, cache_misses = 137641
preemptive halt, cache_misses = 137641
preemptive halt, cache_misses = 137641
preemptive halt, cache_misses = 137641
preemptive halt, cache_misses = 137641
preemptive halt, cache_misses = 137641
preemptive halt, cache_misses = 137641
preemptive halt, cache_misses = 137641
preemptive halt, cache_misses = 137641
preemptive halt, cache_misses = 137641
preemptive halt, cache_misses = 137641
preemptive halt, cache_misses = 137641
preemptive halt, cache_misses = 137641
preemptive halt, cache_misses = 137641
preemptive halt, cache_misses = 137641
preemptive halt, cache_misses = 137641
preemptive halt, cache_misses = 137641
preemptive halt, cache_misses = 137641
preemptive halt, cache_misses = 137641
preemptive halt, cache_misses = 137641
preemptive halt, cache_misses = 137641
preemptive halt, cache_misses = 137641
preemptive halt, cache_misses = 137641
preemptive halt, cache_misses = 137641
preemptive halt, cache_misses = 137641
preemptive halt, cache_misses = 137641
preemptive halt, cache_misses = 137641
preemptive halt, cache_misses = 137641
preemptive halt, cache_misses = 137641
preemptive halt, cache_misses = 137641
preemptive halt, cache_misses = 137641
preemptive halt, cache_misses = 137641
preemptive halt, cache_misses = 137641
preemptive halt, cache_misses = 137641
preemptive halt, cache_misses = 137641
preemptive halt, cache_misses = 137641
preemptive halt, cache_misses = 137641
preemptive halt, cache_misses = 137641
preemptive halt, cache_misses = 137641
preemptive halt, cache_misses = 137641
preemptive halt, cache_misses = 137641
preemptive halt, cache_misses = 137641
preemptive halt, cache_misses = 137641
preemptive halt, cache_misses = 137641
preemptive halt, cache_misses = 137641
preemptive halt, cache_misses = 137641
preemptive halt, cache_misses = 137641
preemptive halt, cache_misses = 137641
preemptive halt, cache_misses = 137641
preemptive halt, cache_misses = 137641
preemptive halt, cache_misses = 137641
preemptive halt, cache_misses = 137641
preemptive halt, cache_misses = 137641
preemptive halt, cache_misses = 137641
preemptive halt, cache_misses = 137641
preemptive halt, cache_misses = 137641
preemptive halt, cache_misses = 137641
preemptive halt, cache_misses = 137641
preemptive halt, cache_misses = 137641
preemptive halt, cache_misses = 137641
preemptive halt, cache_misses = 137641
preemptive halt, cache_misses = 137641
preemptive halt, cache_misses = 137641
preemptive halt, cache_misses = 137641
preemptive halt, cache_misses = 137641
preemptive halt, cache_misses = 137641
preemptive halt, cache_misses = 137641
preemptive halt, cache_misses = 137641
preemptive halt, cache_misses = 137641
preemptive halt, cache_misses = 137641
preemptive halt, cache_misses = 137641
preemptive halt, cache_misses = 137641
preemptive halt, cache_misses = 137641
preemptive halt, cache_misses = 137641
preemptive halt, cache_misses = 137641
preemptive halt, cache_misses = 137641
preemptive halt, cache_misses = 137641
preemptive halt, cache_misses = 137641
preemptive halt, cache_misses = 137641
preemptive halt, cache_misses = 137641
preemptive halt, cache_misses = 137641
preemptive halt, cache_misses = 137641
preemptive halt, cache_misses = 137641
preemptive halt, cache_misses = 137641
preemptive halt, cache_misses = 137641
preemptive halt, cache_misses = 137641
preemptive halt, cache_misses = 137641
preemptive halt, cache_misses = 137641
preemptive halt, cache_misses = 137641
preemptive halt, cache_misses = 137641
preemptive halt, cache_misses = 137641
preemptive halt, cache_misses = 137641
preemptive halt, cache_misses = 137641
preemptive halt, cache_misses = 137641
preemptive halt, cache_misses = 137641
preemptive halt, cache_misses = 137641
preemptive halt, cache_misses = 137641
preemptive halt, cache_misses = 137641
preemptive halt, cache_misses = 137641
preemptive halt, cache_misses = 137641
preemptive halt, cache_misses = 137641
preemptive halt, cache_misses = 137641
binary search, size 91758  misses 137641  min 91757  max 91759
characteristic cache size (binary search) for 370 = 91759
End at: 2021-04-02 15:41:34.638184
Time elapsed: 0:00:02.363886
