Begin at: 2021-04-02 15:36:28.921871
['../dist/Debug/GNU-Linux/memo_batch_tester', '', '--mbt_execution_trace_fname', 'olcs4_traceback_csize_input_types/OLCS4_lru_2021_04_02__15_36_11_k_3__d_2_cache_size_160000_problems_10_to_400/OLCS4_lru_2021_04_02__15_36_11_k_3__d_2_cache_size_160000_problems_10_to_400/OLCS4__do_traceback_prob_size_113_cache_size_160000_lru_k_3_d_2_execution_trace_2021_4_2_15_36_28_pid_18046.log', '--mbt_cache_misses_fname', 'olcs4_traceback_csize_input_types/OLCS4_lru_2021_04_02__15_36_11_k_3__d_2_cache_size_160000_problems_10_to_400/lcs_cost_OLCS4_lru_misses_for_cache_size.csv', '--mbt_misses_for_problem_size_fname', 'olcs4_traceback_csize_input_types/OLCS4_lru_2021_04_02__15_36_11_k_3__d_2_cache_size_160000_problems_10_to_400/lcs_cost_OLCS4_lru_misses_for_problem_size.csv', '--mbt_exact_cutoff_min_cache_size', '160000', '--mbt_exact_cutoff_max_cache_size', '160000', '--mbt_problem_type', 'lcs', '--mbt_metric_type', 'csize_binary_search', '--mbt_cutoff_ratio', '2.2', '--mbt_instance_fname', '113', '--mbt_detailed_cache_misses_out_fname', 'csize_olcs4_traceback_0011n_ceil_n_b_3.csv', '--mbt_phi_N', '5.0', '--mbt_problem_size', '113', '--lcs_compute_length', '0', '--lcs_perform_traceback', '1', '--lig_instance_type', '0011n_ceil_n_b', '--lig_n', '113', '--lig_c', '0.9', '--lig_b', '3.0', '--lcs_oblivious', '4', '--lcs_execution_trace_fname', 'olcs4_traceback_csize_input_types/OLCS4_lru_2021_04_02__15_36_11_k_3__d_2_cache_size_160000_problems_10_to_400/OLCS4_lru_2021_04_02__15_36_11_k_3__d_2_cache_size_160000_problems_10_to_400/OLCS4__do_traceback_prob_size_113_cache_size_160000_lru_k_3_d_2_execution_trace_2021_4_2_15_36_28_pid_18046.log', '--memo_caching_strategy', 'lru', '--memo_cache_size', '160001', '--memo_lru_queue_size', '160000', '--memo_cuckoo_k', '4', '--memo_key_length', '8', '--memo_value_length', '8', '--memo_k_timestamps', '3', '--memo_d_recent_timestamps', '2', '--memo_a_items_per_timestamp_factor', '0.4375']

csize_binary_search chosen
lcs problem_type lcs cache_size 160001
initialize_long_int_cache begin
init_memo
arguments to memo:
 --mbt_execution_trace_fname olcs4_traceback_csize_input_types/OLCS4_lru_2021_04_02__15_36_11_k_3__d_2_cache_size_160000_problems_10_to_400/OLCS4_lru_2021_04_02__15_36_11_k_3__d_2_cache_size_160000_problems_10_to_400/OLCS4__do_traceback_prob_size_113_cache_size_160000_lru_k_3_d_2_execution_trace_2021_4_2_15_36_28_pid_18046.log --mbt_cache_misses_fname olcs4_traceback_csize_input_types/OLCS4_lru_2021_04_02__15_36_11_k_3__d_2_cache_size_160000_problems_10_to_400/lcs_cost_OLCS4_lru_misses_for_cache_size.csv --mbt_misses_for_problem_size_fname olcs4_traceback_csize_input_types/OLCS4_lru_2021_04_02__15_36_11_k_3__d_2_cache_size_160000_problems_10_to_400/lcs_cost_OLCS4_lru_misses_for_problem_size.csv --mbt_exact_cutoff_min_cache_size 160000 --mbt_exact_cutoff_max_cache_size 160000 --mbt_problem_type lcs --mbt_metric_type csize_binary_search --mbt_cutoff_ratio 2.2 --mbt_instance_fname 113 --mbt_detailed_cache_misses_out_fname csize_olcs4_traceback_0011n_ceil_n_b_3.csv --mbt_phi_N 5.0 --mbt_problem_size 113 --lcs_compute_length 0 --lcs_perform_traceback 1 --lig_instance_type 0011n_ceil_n_b --lig_n 113 --lig_c 0.9 --lig_b 3.0 --lcs_oblivious 4 --lcs_execution_trace_fname olcs4_traceback_csize_input_types/OLCS4_lru_2021_04_02__15_36_11_k_3__d_2_cache_size_160000_problems_10_to_400/OLCS4_lru_2021_04_02__15_36_11_k_3__d_2_cache_size_160000_problems_10_to_400/OLCS4__do_traceback_prob_size_113_cache_size_160000_lru_k_3_d_2_execution_trace_2021_4_2_15_36_28_pid_18046.log --memo_caching_strategy lru --memo_cache_size 160001 --memo_lru_queue_size 160000 --memo_cuckoo_k 4 --memo_key_length 8 --memo_value_length 8 --memo_k_timestamps 3 --memo_d_recent_timestamps 2 --memo_a_items_per_timestamp_factor 0.4375 
calculate_table_size: table_size is 262144, original is 160001
Finished initializing cache
initialize_long_int_cache end
done initializing cache
initializing problem
done initializing problem
commence trials
Starting characteristic_cache_size_binary_search with max cache size 160001
binary search, size 160001  misses 12995
binary search, size 80000  misses 12995  min 0  max 160001
binary search, size 40000  misses 12995  min 0  max 80000
binary search, size 20000  misses 12995  min 0  max 40000
binary search, size 10000  misses 12995  min 0  max 20000
preemptive halt, cache_misses = 12996
preemptive halt, cache_misses = 12996
preemptive halt, cache_misses = 12996
preemptive halt, cache_misses = 12996
preemptive halt, cache_misses = 12996
preemptive halt, cache_misses = 12996
preemptive halt, cache_misses = 12996
preemptive halt, cache_misses = 12996
preemptive halt, cache_misses = 12996
preemptive halt, cache_misses = 12996
preemptive halt, cache_misses = 12996
preemptive halt, cache_misses = 12996
preemptive halt, cache_misses = 12996
preemptive halt, cache_misses = 12996
preemptive halt, cache_misses = 12996
preemptive halt, cache_misses = 12996
preemptive halt, cache_misses = 12996
preemptive halt, cache_misses = 12996
preemptive halt, cache_misses = 12996
preemptive halt, cache_misses = 12996
preemptive halt, cache_misses = 12996
preemptive halt, cache_misses = 12996
preemptive halt, cache_misses = 12996
preemptive halt, cache_misses = 12996
preemptive halt, cache_misses = 12996
preemptive halt, cache_misses = 12996
preemptive halt, cache_misses = 12996
preemptive halt, cache_misses = 12996
preemptive halt, cache_misses = 12996
preemptive halt, cache_misses = 12996
preemptive halt, cache_misses = 12996
preemptive halt, cache_misses = 12996
preemptive halt, cache_misses = 12996
preemptive halt, cache_misses = 12996
preemptive halt, cache_misses = 12996
preemptive halt, cache_misses = 12996
preemptive halt, cache_misses = 12996
preemptive halt, cache_misses = 12996
preemptive halt, cache_misses = 12996
preemptive halt, cache_misses = 12996
preemptive halt, cache_misses = 12996
preemptive halt, cache_misses = 12996
preemptive halt, cache_misses = 12996
preemptive halt, cache_misses = 12996
preemptive halt, cache_misses = 12996
preemptive halt, cache_misses = 12996
preemptive halt, cache_misses = 12996
preemptive halt, cache_misses = 12996
preemptive halt, cache_misses = 12996
preemptive halt, cache_misses = 12996
preemptive halt, cache_misses = 12996
preemptive halt, cache_misses = 12996
preemptive halt, cache_misses = 12996
preemptive halt, cache_misses = 12996
preemptive halt, cache_misses = 12996
preemptive halt, cache_misses = 12996
preemptive halt, cache_misses = 12996
preemptive halt, cache_misses = 12996
preemptive halt, cache_misses = 12996
preemptive halt, cache_misses = 12996
preemptive halt, cache_misses = 12996
preemptive halt, cache_misses = 12996
preemptive halt, cache_misses = 12996
preemptive halt, cache_misses = 12996
preemptive halt, cache_misses = 12996
preemptive halt, cache_misses = 12996
preemptive halt, cache_misses = 12996
preemptive halt, cache_misses = 12996
preemptive halt, cache_misses = 12996
preemptive halt, cache_misses = 12996
preemptive halt, cache_misses = 12996
preemptive halt, cache_misses = 12996
preemptive halt, cache_misses = 12996
preemptive halt, cache_misses = 12996
preemptive halt, cache_misses = 12996
preemptive halt, cache_misses = 12996
binary search, size 5000  misses 12996  min 0  max 10000
preemptive halt, cache_misses = 12997
preemptive halt, cache_misses = 12997
preemptive halt, cache_misses = 12997
preemptive halt, cache_misses = 12997
preemptive halt, cache_misses = 12997
preemptive halt, cache_misses = 12997
preemptive halt, cache_misses = 12997
preemptive halt, cache_misses = 12997
preemptive halt, cache_misses = 12997
preemptive halt, cache_misses = 12997
preemptive halt, cache_misses = 12997
preemptive halt, cache_misses = 12997
preemptive halt, cache_misses = 12997
preemptive halt, cache_misses = 12997
preemptive halt, cache_misses = 12997
preemptive halt, cache_misses = 12997
preemptive halt, cache_misses = 12997
preemptive halt, cache_misses = 12997
preemptive halt, cache_misses = 12997
preemptive halt, cache_misses = 12997
preemptive halt, cache_misses = 12997
preemptive halt, cache_misses = 12997
preemptive halt, cache_misses = 12997
preemptive halt, cache_misses = 12997
preemptive halt, cache_misses = 12997
preemptive halt, cache_misses = 12997
preemptive halt, cache_misses = 12997
preemptive halt, cache_misses = 12997
preemptive halt, cache_misses = 12997
preemptive halt, cache_misses = 12997
preemptive halt, cache_misses = 12997
preemptive halt, cache_misses = 12997
preemptive halt, cache_misses = 12997
preemptive halt, cache_misses = 12997
preemptive halt, cache_misses = 12997
preemptive halt, cache_misses = 12997
preemptive halt, cache_misses = 12997
preemptive halt, cache_misses = 12997
preemptive halt, cache_misses = 12997
preemptive halt, cache_misses = 12997
preemptive halt, cache_misses = 12997
preemptive halt, cache_misses = 12997
preemptive halt, cache_misses = 12997
preemptive halt, cache_misses = 12997
preemptive halt, cache_misses = 12997
preemptive halt, cache_misses = 12997
preemptive halt, cache_misses = 12997
preemptive halt, cache_misses = 12997
preemptive halt, cache_misses = 12997
preemptive halt, cache_misses = 12997
preemptive halt, cache_misses = 12997
preemptive halt, cache_misses = 12997
preemptive halt, cache_misses = 12997
preemptive halt, cache_misses = 12997
preemptive halt, cache_misses = 12997
preemptive halt, cache_misses = 12997
preemptive halt, cache_misses = 12997
preemptive halt, cache_misses = 12997
preemptive halt, cache_misses = 12997
preemptive halt, cache_misses = 12997
preemptive halt, cache_misses = 12997
preemptive halt, cache_misses = 12997
preemptive halt, cache_misses = 12997
preemptive halt, cache_misses = 12997
preemptive halt, cache_misses = 12997
preemptive halt, cache_misses = 12997
preemptive halt, cache_misses = 12997
preemptive halt, cache_misses = 12997
preemptive halt, cache_misses = 12997
preemptive halt, cache_misses = 12997
preemptive halt, cache_misses = 12997
preemptive halt, cache_misses = 12997
preemptive halt, cache_misses = 12997
preemptive halt, cache_misses = 12997
preemptive halt, cache_misses = 12997
preemptive halt, cache_misses = 12997
preemptive halt, cache_misses = 12997
preemptive halt, cache_misses = 12997
binary search, size 7500  misses 12997  min 5000  max 10000
binary search, size 8750  misses 12995  min 7500  max 10000
preemptive halt, cache_misses = 12996
preemptive halt, cache_misses = 12996
preemptive halt, cache_misses = 12996
preemptive halt, cache_misses = 12996
preemptive halt, cache_misses = 12996
preemptive halt, cache_misses = 12996
preemptive halt, cache_misses = 12996
preemptive halt, cache_misses = 12996
preemptive halt, cache_misses = 12996
preemptive halt, cache_misses = 12996
preemptive halt, cache_misses = 12996
preemptive halt, cache_misses = 12996
preemptive halt, cache_misses = 12996
preemptive halt, cache_misses = 12996
preemptive halt, cache_misses = 12996
preemptive halt, cache_misses = 12996
preemptive halt, cache_misses = 12996
preemptive halt, cache_misses = 12996
preemptive halt, cache_misses = 12996
preemptive halt, cache_misses = 12996
preemptive halt, cache_misses = 12996
preemptive halt, cache_misses = 12996
preemptive halt, cache_misses = 12996
preemptive halt, cache_misses = 12996
preemptive halt, cache_misses = 12996
preemptive halt, cache_misses = 12996
preemptive halt, cache_misses = 12996
preemptive halt, cache_misses = 12996
preemptive halt, cache_misses = 12996
preemptive halt, cache_misses = 12996
preemptive halt, cache_misses = 12996
preemptive halt, cache_misses = 12996
preemptive halt, cache_misses = 12996
preemptive halt, cache_misses = 12996
preemptive halt, cache_misses = 12996
preemptive halt, cache_misses = 12996
preemptive halt, cache_misses = 12996
preemptive halt, cache_misses = 12996
preemptive halt, cache_misses = 12996
preemptive halt, cache_misses = 12996
preemptive halt, cache_misses = 12996
preemptive halt, cache_misses = 12996
preemptive halt, cache_misses = 12996
preemptive halt, cache_misses = 12996
preemptive halt, cache_misses = 12996
preemptive halt, cache_misses = 12996
preemptive halt, cache_misses = 12996
preemptive halt, cache_misses = 12996
preemptive halt, cache_misses = 12996
preemptive halt, cache_misses = 12996
preemptive halt, cache_misses = 12996
preemptive halt, cache_misses = 12996
preemptive halt, cache_misses = 12996
preemptive halt, cache_misses = 12996
preemptive halt, cache_misses = 12996
preemptive halt, cache_misses = 12996
preemptive halt, cache_misses = 12996
preemptive halt, cache_misses = 12996
preemptive halt, cache_misses = 12996
preemptive halt, cache_misses = 12996
preemptive halt, cache_misses = 12996
preemptive halt, cache_misses = 12996
preemptive halt, cache_misses = 12996
preemptive halt, cache_misses = 12996
preemptive halt, cache_misses = 12996
preemptive halt, cache_misses = 12996
preemptive halt, cache_misses = 12996
preemptive halt, cache_misses = 12996
preemptive halt, cache_misses = 12996
preemptive halt, cache_misses = 12996
preemptive halt, cache_misses = 12996
preemptive halt, cache_misses = 12996
preemptive halt, cache_misses = 12996
preemptive halt, cache_misses = 12996
preemptive halt, cache_misses = 12996
preemptive halt, cache_misses = 12996
binary search, size 8125  misses 12996  min 7500  max 8750
preemptive halt, cache_misses = 12997
preemptive halt, cache_misses = 12997
preemptive halt, cache_misses = 12997
preemptive halt, cache_misses = 12997
preemptive halt, cache_misses = 12997
preemptive halt, cache_misses = 12997
preemptive halt, cache_misses = 12997
preemptive halt, cache_misses = 12997
preemptive halt, cache_misses = 12997
preemptive halt, cache_misses = 12997
preemptive halt, cache_misses = 12997
preemptive halt, cache_misses = 12997
preemptive halt, cache_misses = 12997
preemptive halt, cache_misses = 12997
preemptive halt, cache_misses = 12997
preemptive halt, cache_misses = 12997
preemptive halt, cache_misses = 12997
preemptive halt, cache_misses = 12997
preemptive halt, cache_misses = 12997
preemptive halt, cache_misses = 12997
preemptive halt, cache_misses = 12997
preemptive halt, cache_misses = 12997
preemptive halt, cache_misses = 12997
preemptive halt, cache_misses = 12997
preemptive halt, cache_misses = 12997
preemptive halt, cache_misses = 12997
preemptive halt, cache_misses = 12997
preemptive halt, cache_misses = 12997
preemptive halt, cache_misses = 12997
preemptive halt, cache_misses = 12997
preemptive halt, cache_misses = 12997
preemptive halt, cache_misses = 12997
preemptive halt, cache_misses = 12997
preemptive halt, cache_misses = 12997
preemptive halt, cache_misses = 12997
preemptive halt, cache_misses = 12997
preemptive halt, cache_misses = 12997
preemptive halt, cache_misses = 12997
preemptive halt, cache_misses = 12997
preemptive halt, cache_misses = 12997
preemptive halt, cache_misses = 12997
preemptive halt, cache_misses = 12997
preemptive halt, cache_misses = 12997
preemptive halt, cache_misses = 12997
preemptive halt, cache_misses = 12997
preemptive halt, cache_misses = 12997
preemptive halt, cache_misses = 12997
preemptive halt, cache_misses = 12997
preemptive halt, cache_misses = 12997
preemptive halt, cache_misses = 12997
preemptive halt, cache_misses = 12997
preemptive halt, cache_misses = 12997
preemptive halt, cache_misses = 12997
preemptive halt, cache_misses = 12997
preemptive halt, cache_misses = 12997
preemptive halt, cache_misses = 12997
preemptive halt, cache_misses = 12997
preemptive halt, cache_misses = 12997
preemptive halt, cache_misses = 12997
preemptive halt, cache_misses = 12997
preemptive halt, cache_misses = 12997
preemptive halt, cache_misses = 12997
preemptive halt, cache_misses = 12997
preemptive halt, cache_misses = 12997
preemptive halt, cache_misses = 12997
preemptive halt, cache_misses = 12997
preemptive halt, cache_misses = 12997
preemptive halt, cache_misses = 12997
preemptive halt, cache_misses = 12997
preemptive halt, cache_misses = 12997
preemptive halt, cache_misses = 12997
preemptive halt, cache_misses = 12997
preemptive halt, cache_misses = 12997
preemptive halt, cache_misses = 12997
preemptive halt, cache_misses = 12997
preemptive halt, cache_misses = 12997
preemptive halt, cache_misses = 12997
preemptive halt, cache_misses = 12997
binary search, size 8437  misses 12997  min 8125  max 8750
preemptive halt, cache_misses = 12998
preemptive halt, cache_misses = 12998
preemptive halt, cache_misses = 12998
preemptive halt, cache_misses = 12998
preemptive halt, cache_misses = 12998
preemptive halt, cache_misses = 12998
preemptive halt, cache_misses = 12998
preemptive halt, cache_misses = 12998
preemptive halt, cache_misses = 12998
preemptive halt, cache_misses = 12998
preemptive halt, cache_misses = 12998
preemptive halt, cache_misses = 12998
preemptive halt, cache_misses = 12998
preemptive halt, cache_misses = 12998
preemptive halt, cache_misses = 12998
preemptive halt, cache_misses = 12998
preemptive halt, cache_misses = 12998
preemptive halt, cache_misses = 12998
preemptive halt, cache_misses = 12998
preemptive halt, cache_misses = 12998
preemptive halt, cache_misses = 12998
preemptive halt, cache_misses = 12998
preemptive halt, cache_misses = 12998
preemptive halt, cache_misses = 12998
preemptive halt, cache_misses = 12998
preemptive halt, cache_misses = 12998
preemptive halt, cache_misses = 12998
preemptive halt, cache_misses = 12998
preemptive halt, cache_misses = 12998
preemptive halt, cache_misses = 12998
preemptive halt, cache_misses = 12998
preemptive halt, cache_misses = 12998
preemptive halt, cache_misses = 12998
preemptive halt, cache_misses = 12998
preemptive halt, cache_misses = 12998
preemptive halt, cache_misses = 12998
preemptive halt, cache_misses = 12998
preemptive halt, cache_misses = 12998
preemptive halt, cache_misses = 12998
preemptive halt, cache_misses = 12998
preemptive halt, cache_misses = 12998
preemptive halt, cache_misses = 12998
preemptive halt, cache_misses = 12998
preemptive halt, cache_misses = 12998
preemptive halt, cache_misses = 12998
preemptive halt, cache_misses = 12998
preemptive halt, cache_misses = 12998
preemptive halt, cache_misses = 12998
preemptive halt, cache_misses = 12998
preemptive halt, cache_misses = 12998
preemptive halt, cache_misses = 12998
preemptive halt, cache_misses = 12998
preemptive halt, cache_misses = 12998
preemptive halt, cache_misses = 12998
preemptive halt, cache_misses = 12998
preemptive halt, cache_misses = 12998
preemptive halt, cache_misses = 12998
preemptive halt, cache_misses = 12998
preemptive halt, cache_misses = 12998
preemptive halt, cache_misses = 12998
preemptive halt, cache_misses = 12998
preemptive halt, cache_misses = 12998
preemptive halt, cache_misses = 12998
preemptive halt, cache_misses = 12998
preemptive halt, cache_misses = 12998
preemptive halt, cache_misses = 12998
preemptive halt, cache_misses = 12998
preemptive halt, cache_misses = 12998
preemptive halt, cache_misses = 12998
preemptive halt, cache_misses = 12998
preemptive halt, cache_misses = 12998
preemptive halt, cache_misses = 12998
preemptive halt, cache_misses = 12998
preemptive halt, cache_misses = 12998
preemptive halt, cache_misses = 12998
preemptive halt, cache_misses = 12998
preemptive halt, cache_misses = 12998
preemptive halt, cache_misses = 12998
preemptive halt, cache_misses = 12998
preemptive halt, cache_misses = 12998
binary search, size 8593  misses 12998  min 8437  max 8750
preemptive halt, cache_misses = 12999
preemptive halt, cache_misses = 12999
preemptive halt, cache_misses = 12999
preemptive halt, cache_misses = 12999
preemptive halt, cache_misses = 12999
preemptive halt, cache_misses = 12999
preemptive halt, cache_misses = 12999
preemptive halt, cache_misses = 12999
preemptive halt, cache_misses = 12999
preemptive halt, cache_misses = 12999
preemptive halt, cache_misses = 12999
preemptive halt, cache_misses = 12999
preemptive halt, cache_misses = 12999
preemptive halt, cache_misses = 12999
preemptive halt, cache_misses = 12999
preemptive halt, cache_misses = 12999
preemptive halt, cache_misses = 12999
preemptive halt, cache_misses = 12999
preemptive halt, cache_misses = 12999
preemptive halt, cache_misses = 12999
preemptive halt, cache_misses = 12999
preemptive halt, cache_misses = 12999
preemptive halt, cache_misses = 12999
preemptive halt, cache_misses = 12999
preemptive halt, cache_misses = 12999
preemptive halt, cache_misses = 12999
preemptive halt, cache_misses = 12999
preemptive halt, cache_misses = 12999
preemptive halt, cache_misses = 12999
preemptive halt, cache_misses = 12999
preemptive halt, cache_misses = 12999
preemptive halt, cache_misses = 12999
preemptive halt, cache_misses = 12999
preemptive halt, cache_misses = 12999
preemptive halt, cache_misses = 12999
preemptive halt, cache_misses = 12999
preemptive halt, cache_misses = 12999
preemptive halt, cache_misses = 12999
preemptive halt, cache_misses = 12999
preemptive halt, cache_misses = 12999
preemptive halt, cache_misses = 12999
preemptive halt, cache_misses = 12999
preemptive halt, cache_misses = 12999
preemptive halt, cache_misses = 12999
preemptive halt, cache_misses = 12999
preemptive halt, cache_misses = 12999
preemptive halt, cache_misses = 12999
preemptive halt, cache_misses = 12999
preemptive halt, cache_misses = 12999
preemptive halt, cache_misses = 12999
preemptive halt, cache_misses = 12999
preemptive halt, cache_misses = 12999
preemptive halt, cache_misses = 12999
preemptive halt, cache_misses = 12999
preemptive halt, cache_misses = 12999
preemptive halt, cache_misses = 12999
preemptive halt, cache_misses = 12999
preemptive halt, cache_misses = 12999
preemptive halt, cache_misses = 12999
preemptive halt, cache_misses = 12999
preemptive halt, cache_misses = 12999
preemptive halt, cache_misses = 12999
preemptive halt, cache_misses = 12999
preemptive halt, cache_misses = 12999
preemptive halt, cache_misses = 12999
preemptive halt, cache_misses = 12999
preemptive halt, cache_misses = 12999
preemptive halt, cache_misses = 12999
preemptive halt, cache_misses = 12999
preemptive halt, cache_misses = 12999
preemptive halt, cache_misses = 12999
preemptive halt, cache_misses = 12999
preemptive halt, cache_misses = 12999
preemptive halt, cache_misses = 12999
preemptive halt, cache_misses = 12999
preemptive halt, cache_misses = 12999
preemptive halt, cache_misses = 12999
preemptive halt, cache_misses = 12999
preemptive halt, cache_misses = 12999
preemptive halt, cache_misses = 12999
preemptive halt, cache_misses = 12999
preemptive halt, cache_misses = 12999
binary search, size 8671  misses 12999  min 8593  max 8750
binary search, size 8710  misses 12995  min 8671  max 8750
preemptive halt, cache_misses = 12996
preemptive halt, cache_misses = 12996
preemptive halt, cache_misses = 12996
preemptive halt, cache_misses = 12996
preemptive halt, cache_misses = 12996
preemptive halt, cache_misses = 12996
preemptive halt, cache_misses = 12996
preemptive halt, cache_misses = 12996
preemptive halt, cache_misses = 12996
preemptive halt, cache_misses = 12996
preemptive halt, cache_misses = 12996
preemptive halt, cache_misses = 12996
preemptive halt, cache_misses = 12996
preemptive halt, cache_misses = 12996
preemptive halt, cache_misses = 12996
preemptive halt, cache_misses = 12996
preemptive halt, cache_misses = 12996
preemptive halt, cache_misses = 12996
preemptive halt, cache_misses = 12996
preemptive halt, cache_misses = 12996
preemptive halt, cache_misses = 12996
preemptive halt, cache_misses = 12996
preemptive halt, cache_misses = 12996
preemptive halt, cache_misses = 12996
preemptive halt, cache_misses = 12996
preemptive halt, cache_misses = 12996
preemptive halt, cache_misses = 12996
preemptive halt, cache_misses = 12996
preemptive halt, cache_misses = 12996
preemptive halt, cache_misses = 12996
preemptive halt, cache_misses = 12996
preemptive halt, cache_misses = 12996
preemptive halt, cache_misses = 12996
preemptive halt, cache_misses = 12996
preemptive halt, cache_misses = 12996
preemptive halt, cache_misses = 12996
preemptive halt, cache_misses = 12996
preemptive halt, cache_misses = 12996
preemptive halt, cache_misses = 12996
preemptive halt, cache_misses = 12996
preemptive halt, cache_misses = 12996
preemptive halt, cache_misses = 12996
preemptive halt, cache_misses = 12996
preemptive halt, cache_misses = 12996
preemptive halt, cache_misses = 12996
preemptive halt, cache_misses = 12996
preemptive halt, cache_misses = 12996
preemptive halt, cache_misses = 12996
preemptive halt, cache_misses = 12996
preemptive halt, cache_misses = 12996
preemptive halt, cache_misses = 12996
preemptive halt, cache_misses = 12996
preemptive halt, cache_misses = 12996
preemptive halt, cache_misses = 12996
preemptive halt, cache_misses = 12996
preemptive halt, cache_misses = 12996
preemptive halt, cache_misses = 12996
preemptive halt, cache_misses = 12996
preemptive halt, cache_misses = 12996
preemptive halt, cache_misses = 12996
preemptive halt, cache_misses = 12996
preemptive halt, cache_misses = 12996
preemptive halt, cache_misses = 12996
preemptive halt, cache_misses = 12996
preemptive halt, cache_misses = 12996
preemptive halt, cache_misses = 12996
preemptive halt, cache_misses = 12996
preemptive halt, cache_misses = 12996
preemptive halt, cache_misses = 12996
preemptive halt, cache_misses = 12996
preemptive halt, cache_misses = 12996
preemptive halt, cache_misses = 12996
preemptive halt, cache_misses = 12996
preemptive halt, cache_misses = 12996
preemptive halt, cache_misses = 12996
preemptive halt, cache_misses = 12996
binary search, size 8690  misses 12996  min 8671  max 8710
preemptive halt, cache_misses = 12997
preemptive halt, cache_misses = 12997
preemptive halt, cache_misses = 12997
preemptive halt, cache_misses = 12997
preemptive halt, cache_misses = 12997
preemptive halt, cache_misses = 12997
preemptive halt, cache_misses = 12997
preemptive halt, cache_misses = 12997
preemptive halt, cache_misses = 12997
preemptive halt, cache_misses = 12997
preemptive halt, cache_misses = 12997
preemptive halt, cache_misses = 12997
preemptive halt, cache_misses = 12997
preemptive halt, cache_misses = 12997
preemptive halt, cache_misses = 12997
preemptive halt, cache_misses = 12997
preemptive halt, cache_misses = 12997
preemptive halt, cache_misses = 12997
preemptive halt, cache_misses = 12997
preemptive halt, cache_misses = 12997
preemptive halt, cache_misses = 12997
preemptive halt, cache_misses = 12997
preemptive halt, cache_misses = 12997
preemptive halt, cache_misses = 12997
preemptive halt, cache_misses = 12997
preemptive halt, cache_misses = 12997
preemptive halt, cache_misses = 12997
preemptive halt, cache_misses = 12997
preemptive halt, cache_misses = 12997
preemptive halt, cache_misses = 12997
preemptive halt, cache_misses = 12997
preemptive halt, cache_misses = 12997
preemptive halt, cache_misses = 12997
preemptive halt, cache_misses = 12997
preemptive halt, cache_misses = 12997
preemptive halt, cache_misses = 12997
preemptive halt, cache_misses = 12997
preemptive halt, cache_misses = 12997
preemptive halt, cache_misses = 12997
preemptive halt, cache_misses = 12997
preemptive halt, cache_misses = 12997
preemptive halt, cache_misses = 12997
preemptive halt, cache_misses = 12997
preemptive halt, cache_misses = 12997
preemptive halt, cache_misses = 12997
preemptive halt, cache_misses = 12997
preemptive halt, cache_misses = 12997
preemptive halt, cache_misses = 12997
preemptive halt, cache_misses = 12997
preemptive halt, cache_misses = 12997
preemptive halt, cache_misses = 12997
preemptive halt, cache_misses = 12997
preemptive halt, cache_misses = 12997
preemptive halt, cache_misses = 12997
preemptive halt, cache_misses = 12997
preemptive halt, cache_misses = 12997
preemptive halt, cache_misses = 12997
preemptive halt, cache_misses = 12997
preemptive halt, cache_misses = 12997
preemptive halt, cache_misses = 12997
preemptive halt, cache_misses = 12997
preemptive halt, cache_misses = 12997
preemptive halt, cache_misses = 12997
preemptive halt, cache_misses = 12997
preemptive halt, cache_misses = 12997
preemptive halt, cache_misses = 12997
preemptive halt, cache_misses = 12997
preemptive halt, cache_misses = 12997
preemptive halt, cache_misses = 12997
preemptive halt, cache_misses = 12997
preemptive halt, cache_misses = 12997
preemptive halt, cache_misses = 12997
preemptive halt, cache_misses = 12997
preemptive halt, cache_misses = 12997
preemptive halt, cache_misses = 12997
preemptive halt, cache_misses = 12997
preemptive halt, cache_misses = 12997
preemptive halt, cache_misses = 12997
binary search, size 8700  misses 12997  min 8690  max 8710
binary search, size 8705  misses 12995  min 8700  max 8710
binary search, size 8702  misses 12995  min 8700  max 8705
binary search, size 8701  misses 12995  min 8700  max 8702
characteristic cache size (binary search) for 113 = 8701
End at: 2021-04-02 15:36:29.190751
Time elapsed: 0:00:00.268898
