Begin at: 2021-04-02 02:17:32.513201
['../dist/Debug/GNU-Linux/memo_batch_tester', '', '--mbt_execution_trace_fname', 'olcs4_traceback_csize_input_types/OLCS4_lru_2021_04_02__02_16_05_k_3__d_2_cache_size_160000_problems_10_to_400/OLCS4_lru_2021_04_02__02_16_05_k_3__d_2_cache_size_160000_problems_10_to_400/OLCS4__do_traceback_prob_size_225_cache_size_160000_lru_k_3_d_2_execution_trace_2021_4_2_2_17_32_pid_11018.log', '--mbt_cache_misses_fname', 'olcs4_traceback_csize_input_types/OLCS4_lru_2021_04_02__02_16_05_k_3__d_2_cache_size_160000_problems_10_to_400/lcs_cost_OLCS4_lru_misses_for_cache_size.csv', '--mbt_misses_for_problem_size_fname', 'olcs4_traceback_csize_input_types/OLCS4_lru_2021_04_02__02_16_05_k_3__d_2_cache_size_160000_problems_10_to_400/lcs_cost_OLCS4_lru_misses_for_problem_size.csv', '--mbt_exact_cutoff_min_cache_size', '160000', '--mbt_exact_cutoff_max_cache_size', '160000', '--mbt_problem_type', 'lcs', '--mbt_metric_type', 'csize_binary_search', '--mbt_cutoff_ratio', '2.2', '--mbt_instance_fname', '225', '--mbt_detailed_cache_misses_out_fname', 'csize_olcs4_traceback_0011nc_nc1100_0_8.csv', '--mbt_phi_N', '5.0', '--mbt_problem_size', '225', '--lcs_compute_length', '0', '--lcs_perform_traceback', '1', '--lig_instance_type', '0011nc_nc1100', '--lig_n', '225', '--lig_c', '0.8', '--lig_b', '3.0', '--lcs_oblivious', '4', '--lcs_execution_trace_fname', 'olcs4_traceback_csize_input_types/OLCS4_lru_2021_04_02__02_16_05_k_3__d_2_cache_size_160000_problems_10_to_400/OLCS4_lru_2021_04_02__02_16_05_k_3__d_2_cache_size_160000_problems_10_to_400/OLCS4__do_traceback_prob_size_225_cache_size_160000_lru_k_3_d_2_execution_trace_2021_4_2_2_17_32_pid_11018.log', '--memo_caching_strategy', 'lru', '--memo_cache_size', '160001', '--memo_lru_queue_size', '160000', '--memo_cuckoo_k', '4', '--memo_key_length', '8', '--memo_value_length', '8', '--memo_k_timestamps', '3', '--memo_d_recent_timestamps', '2', '--memo_a_items_per_timestamp_factor', '0.4375']

csize_binary_search chosen
lcs problem_type lcs cache_size 160001
initialize_long_int_cache begin
init_memo
arguments to memo:
 --mbt_execution_trace_fname olcs4_traceback_csize_input_types/OLCS4_lru_2021_04_02__02_16_05_k_3__d_2_cache_size_160000_problems_10_to_400/OLCS4_lru_2021_04_02__02_16_05_k_3__d_2_cache_size_160000_problems_10_to_400/OLCS4__do_traceback_prob_size_225_cache_size_160000_lru_k_3_d_2_execution_trace_2021_4_2_2_17_32_pid_11018.log --mbt_cache_misses_fname olcs4_traceback_csize_input_types/OLCS4_lru_2021_04_02__02_16_05_k_3__d_2_cache_size_160000_problems_10_to_400/lcs_cost_OLCS4_lru_misses_for_cache_size.csv --mbt_misses_for_problem_size_fname olcs4_traceback_csize_input_types/OLCS4_lru_2021_04_02__02_16_05_k_3__d_2_cache_size_160000_problems_10_to_400/lcs_cost_OLCS4_lru_misses_for_problem_size.csv --mbt_exact_cutoff_min_cache_size 160000 --mbt_exact_cutoff_max_cache_size 160000 --mbt_problem_type lcs --mbt_metric_type csize_binary_search --mbt_cutoff_ratio 2.2 --mbt_instance_fname 225 --mbt_detailed_cache_misses_out_fname csize_olcs4_traceback_0011nc_nc1100_0_8.csv --mbt_phi_N 5.0 --mbt_problem_size 225 --lcs_compute_length 0 --lcs_perform_traceback 1 --lig_instance_type 0011nc_nc1100 --lig_n 225 --lig_c 0.8 --lig_b 3.0 --lcs_oblivious 4 --lcs_execution_trace_fname olcs4_traceback_csize_input_types/OLCS4_lru_2021_04_02__02_16_05_k_3__d_2_cache_size_160000_problems_10_to_400/OLCS4_lru_2021_04_02__02_16_05_k_3__d_2_cache_size_160000_problems_10_to_400/OLCS4__do_traceback_prob_size_225_cache_size_160000_lru_k_3_d_2_execution_trace_2021_4_2_2_17_32_pid_11018.log --memo_caching_strategy lru --memo_cache_size 160001 --memo_lru_queue_size 160000 --memo_cuckoo_k 4 --memo_key_length 8 --memo_value_length 8 --memo_k_timestamps 3 --memo_d_recent_timestamps 2 --memo_a_items_per_timestamp_factor 0.4375 
calculate_table_size: table_size is 262144, original is 160001
Finished initializing cache
initialize_long_int_cache end
done initializing cache
initializing problem
done initializing problem
commence trials
Starting characteristic_cache_size_binary_search with max cache size 160001
binary search, size 160001  misses 51075
binary search, size 80000  misses 51075  min 0  max 160001
binary search, size 40000  misses 51075  min 0  max 80000
preemptive halt, cache_misses = 51076
preemptive halt, cache_misses = 51076
preemptive halt, cache_misses = 51076
preemptive halt, cache_misses = 51076
preemptive halt, cache_misses = 51076
preemptive halt, cache_misses = 51076
preemptive halt, cache_misses = 51076
preemptive halt, cache_misses = 51076
preemptive halt, cache_misses = 51076
preemptive halt, cache_misses = 51076
preemptive halt, cache_misses = 51076
preemptive halt, cache_misses = 51076
preemptive halt, cache_misses = 51076
preemptive halt, cache_misses = 51076
preemptive halt, cache_misses = 51076
preemptive halt, cache_misses = 51076
preemptive halt, cache_misses = 51076
preemptive halt, cache_misses = 51076
preemptive halt, cache_misses = 51076
preemptive halt, cache_misses = 51076
preemptive halt, cache_misses = 51076
preemptive halt, cache_misses = 51076
preemptive halt, cache_misses = 51076
preemptive halt, cache_misses = 51076
preemptive halt, cache_misses = 51076
preemptive halt, cache_misses = 51076
preemptive halt, cache_misses = 51076
preemptive halt, cache_misses = 51076
preemptive halt, cache_misses = 51076
preemptive halt, cache_misses = 51076
preemptive halt, cache_misses = 51076
preemptive halt, cache_misses = 51076
preemptive halt, cache_misses = 51076
preemptive halt, cache_misses = 51076
preemptive halt, cache_misses = 51076
preemptive halt, cache_misses = 51076
preemptive halt, cache_misses = 51076
preemptive halt, cache_misses = 51076
preemptive halt, cache_misses = 51076
preemptive halt, cache_misses = 51076
preemptive halt, cache_misses = 51076
preemptive halt, cache_misses = 51076
preemptive halt, cache_misses = 51076
preemptive halt, cache_misses = 51076
preemptive halt, cache_misses = 51076
preemptive halt, cache_misses = 51076
preemptive halt, cache_misses = 51076
preemptive halt, cache_misses = 51076
preemptive halt, cache_misses = 51076
preemptive halt, cache_misses = 51076
preemptive halt, cache_misses = 51076
preemptive halt, cache_misses = 51076
preemptive halt, cache_misses = 51076
preemptive halt, cache_misses = 51076
preemptive halt, cache_misses = 51076
preemptive halt, cache_misses = 51076
preemptive halt, cache_misses = 51076
preemptive halt, cache_misses = 51076
preemptive halt, cache_misses = 51076
preemptive halt, cache_misses = 51076
preemptive halt, cache_misses = 51076
preemptive halt, cache_misses = 51076
preemptive halt, cache_misses = 51076
preemptive halt, cache_misses = 51076
preemptive halt, cache_misses = 51076
preemptive halt, cache_misses = 51076
preemptive halt, cache_misses = 51076
preemptive halt, cache_misses = 51076
preemptive halt, cache_misses = 51076
preemptive halt, cache_misses = 51076
preemptive halt, cache_misses = 51076
preemptive halt, cache_misses = 51076
preemptive halt, cache_misses = 51076
preemptive halt, cache_misses = 51076
preemptive halt, cache_misses = 51076
preemptive halt, cache_misses = 51076
preemptive halt, cache_misses = 51076
preemptive halt, cache_misses = 51076
preemptive halt, cache_misses = 51076
preemptive halt, cache_misses = 51076
preemptive halt, cache_misses = 51076
preemptive halt, cache_misses = 51076
preemptive halt, cache_misses = 51076
preemptive halt, cache_misses = 51076
preemptive halt, cache_misses = 51076
preemptive halt, cache_misses = 51076
preemptive halt, cache_misses = 51076
preemptive halt, cache_misses = 51076
preemptive halt, cache_misses = 51076
preemptive halt, cache_misses = 51076
preemptive halt, cache_misses = 51076
preemptive halt, cache_misses = 51076
preemptive halt, cache_misses = 51076
preemptive halt, cache_misses = 51076
preemptive halt, cache_misses = 51076
preemptive halt, cache_misses = 51076
preemptive halt, cache_misses = 51076
preemptive halt, cache_misses = 51076
preemptive halt, cache_misses = 51076
preemptive halt, cache_misses = 51076
preemptive halt, cache_misses = 51076
preemptive halt, cache_misses = 51076
preemptive halt, cache_misses = 51076
preemptive halt, cache_misses = 51076
preemptive halt, cache_misses = 51076
preemptive halt, cache_misses = 51076
preemptive halt, cache_misses = 51076
preemptive halt, cache_misses = 51076
preemptive halt, cache_misses = 51076
preemptive halt, cache_misses = 51076
preemptive halt, cache_misses = 51076
preemptive halt, cache_misses = 51076
preemptive halt, cache_misses = 51076
preemptive halt, cache_misses = 51076
preemptive halt, cache_misses = 51076
preemptive halt, cache_misses = 51076
preemptive halt, cache_misses = 51076
preemptive halt, cache_misses = 51076
preemptive halt, cache_misses = 51076
preemptive halt, cache_misses = 51076
preemptive halt, cache_misses = 51076
preemptive halt, cache_misses = 51076
preemptive halt, cache_misses = 51076
preemptive halt, cache_misses = 51076
preemptive halt, cache_misses = 51076
preemptive halt, cache_misses = 51076
preemptive halt, cache_misses = 51076
preemptive halt, cache_misses = 51076
preemptive halt, cache_misses = 51076
preemptive halt, cache_misses = 51076
preemptive halt, cache_misses = 51076
preemptive halt, cache_misses = 51076
preemptive halt, cache_misses = 51076
preemptive halt, cache_misses = 51076
preemptive halt, cache_misses = 51076
preemptive halt, cache_misses = 51076
preemptive halt, cache_misses = 51076
preemptive halt, cache_misses = 51076
preemptive halt, cache_misses = 51076
preemptive halt, cache_misses = 51076
preemptive halt, cache_misses = 51076
preemptive halt, cache_misses = 51076
preemptive halt, cache_misses = 51076
preemptive halt, cache_misses = 51076
preemptive halt, cache_misses = 51076
preemptive halt, cache_misses = 51076
preemptive halt, cache_misses = 51076
preemptive halt, cache_misses = 51076
binary search, size 20000  misses 51076  min 0  max 40000
preemptive halt, cache_misses = 51077
preemptive halt, cache_misses = 51077
preemptive halt, cache_misses = 51077
preemptive halt, cache_misses = 51077
preemptive halt, cache_misses = 51077
preemptive halt, cache_misses = 51077
preemptive halt, cache_misses = 51077
preemptive halt, cache_misses = 51077
preemptive halt, cache_misses = 51077
preemptive halt, cache_misses = 51077
preemptive halt, cache_misses = 51077
preemptive halt, cache_misses = 51077
preemptive halt, cache_misses = 51077
preemptive halt, cache_misses = 51077
preemptive halt, cache_misses = 51077
preemptive halt, cache_misses = 51077
preemptive halt, cache_misses = 51077
preemptive halt, cache_misses = 51077
preemptive halt, cache_misses = 51077
preemptive halt, cache_misses = 51077
preemptive halt, cache_misses = 51077
preemptive halt, cache_misses = 51077
preemptive halt, cache_misses = 51077
preemptive halt, cache_misses = 51077
preemptive halt, cache_misses = 51077
preemptive halt, cache_misses = 51077
preemptive halt, cache_misses = 51077
preemptive halt, cache_misses = 51077
preemptive halt, cache_misses = 51077
preemptive halt, cache_misses = 51077
preemptive halt, cache_misses = 51077
preemptive halt, cache_misses = 51077
preemptive halt, cache_misses = 51077
preemptive halt, cache_misses = 51077
preemptive halt, cache_misses = 51077
preemptive halt, cache_misses = 51077
preemptive halt, cache_misses = 51077
preemptive halt, cache_misses = 51077
preemptive halt, cache_misses = 51077
preemptive halt, cache_misses = 51077
preemptive halt, cache_misses = 51077
preemptive halt, cache_misses = 51077
preemptive halt, cache_misses = 51077
preemptive halt, cache_misses = 51077
preemptive halt, cache_misses = 51077
preemptive halt, cache_misses = 51077
preemptive halt, cache_misses = 51077
preemptive halt, cache_misses = 51077
preemptive halt, cache_misses = 51077
preemptive halt, cache_misses = 51077
preemptive halt, cache_misses = 51077
preemptive halt, cache_misses = 51077
preemptive halt, cache_misses = 51077
preemptive halt, cache_misses = 51077
preemptive halt, cache_misses = 51077
preemptive halt, cache_misses = 51077
preemptive halt, cache_misses = 51077
preemptive halt, cache_misses = 51077
preemptive halt, cache_misses = 51077
preemptive halt, cache_misses = 51077
preemptive halt, cache_misses = 51077
preemptive halt, cache_misses = 51077
preemptive halt, cache_misses = 51077
preemptive halt, cache_misses = 51077
preemptive halt, cache_misses = 51077
preemptive halt, cache_misses = 51077
preemptive halt, cache_misses = 51077
preemptive halt, cache_misses = 51077
preemptive halt, cache_misses = 51077
preemptive halt, cache_misses = 51077
preemptive halt, cache_misses = 51077
preemptive halt, cache_misses = 51077
preemptive halt, cache_misses = 51077
preemptive halt, cache_misses = 51077
preemptive halt, cache_misses = 51077
preemptive halt, cache_misses = 51077
preemptive halt, cache_misses = 51077
preemptive halt, cache_misses = 51077
preemptive halt, cache_misses = 51077
preemptive halt, cache_misses = 51077
preemptive halt, cache_misses = 51077
preemptive halt, cache_misses = 51077
preemptive halt, cache_misses = 51077
preemptive halt, cache_misses = 51077
preemptive halt, cache_misses = 51077
preemptive halt, cache_misses = 51077
preemptive halt, cache_misses = 51077
preemptive halt, cache_misses = 51077
preemptive halt, cache_misses = 51077
preemptive halt, cache_misses = 51077
preemptive halt, cache_misses = 51077
preemptive halt, cache_misses = 51077
preemptive halt, cache_misses = 51077
preemptive halt, cache_misses = 51077
preemptive halt, cache_misses = 51077
preemptive halt, cache_misses = 51077
preemptive halt, cache_misses = 51077
preemptive halt, cache_misses = 51077
preemptive halt, cache_misses = 51077
preemptive halt, cache_misses = 51077
preemptive halt, cache_misses = 51077
preemptive halt, cache_misses = 51077
preemptive halt, cache_misses = 51077
preemptive halt, cache_misses = 51077
preemptive halt, cache_misses = 51077
preemptive halt, cache_misses = 51077
preemptive halt, cache_misses = 51077
preemptive halt, cache_misses = 51077
preemptive halt, cache_misses = 51077
preemptive halt, cache_misses = 51077
preemptive halt, cache_misses = 51077
preemptive halt, cache_misses = 51077
preemptive halt, cache_misses = 51077
preemptive halt, cache_misses = 51077
preemptive halt, cache_misses = 51077
preemptive halt, cache_misses = 51077
preemptive halt, cache_misses = 51077
preemptive halt, cache_misses = 51077
preemptive halt, cache_misses = 51077
preemptive halt, cache_misses = 51077
preemptive halt, cache_misses = 51077
preemptive halt, cache_misses = 51077
preemptive halt, cache_misses = 51077
preemptive halt, cache_misses = 51077
preemptive halt, cache_misses = 51077
preemptive halt, cache_misses = 51077
preemptive halt, cache_misses = 51077
preemptive halt, cache_misses = 51077
preemptive halt, cache_misses = 51077
preemptive halt, cache_misses = 51077
preemptive halt, cache_misses = 51077
preemptive halt, cache_misses = 51077
preemptive halt, cache_misses = 51077
preemptive halt, cache_misses = 51077
preemptive halt, cache_misses = 51077
preemptive halt, cache_misses = 51077
preemptive halt, cache_misses = 51077
preemptive halt, cache_misses = 51077
preemptive halt, cache_misses = 51077
preemptive halt, cache_misses = 51077
preemptive halt, cache_misses = 51077
preemptive halt, cache_misses = 51077
preemptive halt, cache_misses = 51077
preemptive halt, cache_misses = 51077
preemptive halt, cache_misses = 51077
preemptive halt, cache_misses = 51077
preemptive halt, cache_misses = 51077
preemptive halt, cache_misses = 51077
preemptive halt, cache_misses = 51077
preemptive halt, cache_misses = 51077
binary search, size 30000  misses 51077  min 20000  max 40000
binary search, size 35000  misses 51075  min 30000  max 40000
preemptive halt, cache_misses = 51076
preemptive halt, cache_misses = 51076
preemptive halt, cache_misses = 51076
preemptive halt, cache_misses = 51076
preemptive halt, cache_misses = 51076
preemptive halt, cache_misses = 51076
preemptive halt, cache_misses = 51076
preemptive halt, cache_misses = 51076
preemptive halt, cache_misses = 51076
preemptive halt, cache_misses = 51076
preemptive halt, cache_misses = 51076
preemptive halt, cache_misses = 51076
preemptive halt, cache_misses = 51076
preemptive halt, cache_misses = 51076
preemptive halt, cache_misses = 51076
preemptive halt, cache_misses = 51076
preemptive halt, cache_misses = 51076
preemptive halt, cache_misses = 51076
preemptive halt, cache_misses = 51076
preemptive halt, cache_misses = 51076
preemptive halt, cache_misses = 51076
preemptive halt, cache_misses = 51076
preemptive halt, cache_misses = 51076
preemptive halt, cache_misses = 51076
preemptive halt, cache_misses = 51076
preemptive halt, cache_misses = 51076
preemptive halt, cache_misses = 51076
preemptive halt, cache_misses = 51076
preemptive halt, cache_misses = 51076
preemptive halt, cache_misses = 51076
preemptive halt, cache_misses = 51076
preemptive halt, cache_misses = 51076
preemptive halt, cache_misses = 51076
preemptive halt, cache_misses = 51076
preemptive halt, cache_misses = 51076
preemptive halt, cache_misses = 51076
preemptive halt, cache_misses = 51076
preemptive halt, cache_misses = 51076
preemptive halt, cache_misses = 51076
preemptive halt, cache_misses = 51076
preemptive halt, cache_misses = 51076
preemptive halt, cache_misses = 51076
preemptive halt, cache_misses = 51076
preemptive halt, cache_misses = 51076
preemptive halt, cache_misses = 51076
preemptive halt, cache_misses = 51076
preemptive halt, cache_misses = 51076
preemptive halt, cache_misses = 51076
preemptive halt, cache_misses = 51076
preemptive halt, cache_misses = 51076
preemptive halt, cache_misses = 51076
preemptive halt, cache_misses = 51076
preemptive halt, cache_misses = 51076
preemptive halt, cache_misses = 51076
preemptive halt, cache_misses = 51076
preemptive halt, cache_misses = 51076
preemptive halt, cache_misses = 51076
preemptive halt, cache_misses = 51076
preemptive halt, cache_misses = 51076
preemptive halt, cache_misses = 51076
preemptive halt, cache_misses = 51076
preemptive halt, cache_misses = 51076
preemptive halt, cache_misses = 51076
preemptive halt, cache_misses = 51076
preemptive halt, cache_misses = 51076
preemptive halt, cache_misses = 51076
preemptive halt, cache_misses = 51076
preemptive halt, cache_misses = 51076
preemptive halt, cache_misses = 51076
preemptive halt, cache_misses = 51076
preemptive halt, cache_misses = 51076
preemptive halt, cache_misses = 51076
preemptive halt, cache_misses = 51076
preemptive halt, cache_misses = 51076
preemptive halt, cache_misses = 51076
preemptive halt, cache_misses = 51076
preemptive halt, cache_misses = 51076
preemptive halt, cache_misses = 51076
preemptive halt, cache_misses = 51076
preemptive halt, cache_misses = 51076
preemptive halt, cache_misses = 51076
preemptive halt, cache_misses = 51076
preemptive halt, cache_misses = 51076
preemptive halt, cache_misses = 51076
preemptive halt, cache_misses = 51076
preemptive halt, cache_misses = 51076
preemptive halt, cache_misses = 51076
preemptive halt, cache_misses = 51076
preemptive halt, cache_misses = 51076
preemptive halt, cache_misses = 51076
preemptive halt, cache_misses = 51076
preemptive halt, cache_misses = 51076
preemptive halt, cache_misses = 51076
preemptive halt, cache_misses = 51076
preemptive halt, cache_misses = 51076
preemptive halt, cache_misses = 51076
preemptive halt, cache_misses = 51076
preemptive halt, cache_misses = 51076
preemptive halt, cache_misses = 51076
preemptive halt, cache_misses = 51076
preemptive halt, cache_misses = 51076
preemptive halt, cache_misses = 51076
preemptive halt, cache_misses = 51076
preemptive halt, cache_misses = 51076
preemptive halt, cache_misses = 51076
preemptive halt, cache_misses = 51076
preemptive halt, cache_misses = 51076
preemptive halt, cache_misses = 51076
preemptive halt, cache_misses = 51076
preemptive halt, cache_misses = 51076
preemptive halt, cache_misses = 51076
preemptive halt, cache_misses = 51076
preemptive halt, cache_misses = 51076
preemptive halt, cache_misses = 51076
preemptive halt, cache_misses = 51076
preemptive halt, cache_misses = 51076
preemptive halt, cache_misses = 51076
preemptive halt, cache_misses = 51076
preemptive halt, cache_misses = 51076
preemptive halt, cache_misses = 51076
preemptive halt, cache_misses = 51076
preemptive halt, cache_misses = 51076
preemptive halt, cache_misses = 51076
preemptive halt, cache_misses = 51076
preemptive halt, cache_misses = 51076
preemptive halt, cache_misses = 51076
preemptive halt, cache_misses = 51076
preemptive halt, cache_misses = 51076
preemptive halt, cache_misses = 51076
preemptive halt, cache_misses = 51076
preemptive halt, cache_misses = 51076
preemptive halt, cache_misses = 51076
preemptive halt, cache_misses = 51076
preemptive halt, cache_misses = 51076
preemptive halt, cache_misses = 51076
preemptive halt, cache_misses = 51076
preemptive halt, cache_misses = 51076
preemptive halt, cache_misses = 51076
preemptive halt, cache_misses = 51076
preemptive halt, cache_misses = 51076
preemptive halt, cache_misses = 51076
preemptive halt, cache_misses = 51076
preemptive halt, cache_misses = 51076
preemptive halt, cache_misses = 51076
preemptive halt, cache_misses = 51076
preemptive halt, cache_misses = 51076
preemptive halt, cache_misses = 51076
preemptive halt, cache_misses = 51076
binary search, size 32500  misses 51076  min 30000  max 35000
preemptive halt, cache_misses = 51077
preemptive halt, cache_misses = 51077
preemptive halt, cache_misses = 51077
preemptive halt, cache_misses = 51077
preemptive halt, cache_misses = 51077
preemptive halt, cache_misses = 51077
preemptive halt, cache_misses = 51077
preemptive halt, cache_misses = 51077
preemptive halt, cache_misses = 51077
preemptive halt, cache_misses = 51077
preemptive halt, cache_misses = 51077
preemptive halt, cache_misses = 51077
preemptive halt, cache_misses = 51077
preemptive halt, cache_misses = 51077
preemptive halt, cache_misses = 51077
preemptive halt, cache_misses = 51077
preemptive halt, cache_misses = 51077
preemptive halt, cache_misses = 51077
preemptive halt, cache_misses = 51077
preemptive halt, cache_misses = 51077
preemptive halt, cache_misses = 51077
preemptive halt, cache_misses = 51077
preemptive halt, cache_misses = 51077
preemptive halt, cache_misses = 51077
preemptive halt, cache_misses = 51077
preemptive halt, cache_misses = 51077
preemptive halt, cache_misses = 51077
preemptive halt, cache_misses = 51077
preemptive halt, cache_misses = 51077
preemptive halt, cache_misses = 51077
preemptive halt, cache_misses = 51077
preemptive halt, cache_misses = 51077
preemptive halt, cache_misses = 51077
preemptive halt, cache_misses = 51077
preemptive halt, cache_misses = 51077
preemptive halt, cache_misses = 51077
preemptive halt, cache_misses = 51077
preemptive halt, cache_misses = 51077
preemptive halt, cache_misses = 51077
preemptive halt, cache_misses = 51077
preemptive halt, cache_misses = 51077
preemptive halt, cache_misses = 51077
preemptive halt, cache_misses = 51077
preemptive halt, cache_misses = 51077
preemptive halt, cache_misses = 51077
preemptive halt, cache_misses = 51077
preemptive halt, cache_misses = 51077
preemptive halt, cache_misses = 51077
preemptive halt, cache_misses = 51077
preemptive halt, cache_misses = 51077
preemptive halt, cache_misses = 51077
preemptive halt, cache_misses = 51077
preemptive halt, cache_misses = 51077
preemptive halt, cache_misses = 51077
preemptive halt, cache_misses = 51077
preemptive halt, cache_misses = 51077
preemptive halt, cache_misses = 51077
preemptive halt, cache_misses = 51077
preemptive halt, cache_misses = 51077
preemptive halt, cache_misses = 51077
preemptive halt, cache_misses = 51077
preemptive halt, cache_misses = 51077
preemptive halt, cache_misses = 51077
preemptive halt, cache_misses = 51077
preemptive halt, cache_misses = 51077
preemptive halt, cache_misses = 51077
preemptive halt, cache_misses = 51077
preemptive halt, cache_misses = 51077
preemptive halt, cache_misses = 51077
preemptive halt, cache_misses = 51077
preemptive halt, cache_misses = 51077
preemptive halt, cache_misses = 51077
preemptive halt, cache_misses = 51077
preemptive halt, cache_misses = 51077
preemptive halt, cache_misses = 51077
preemptive halt, cache_misses = 51077
preemptive halt, cache_misses = 51077
preemptive halt, cache_misses = 51077
preemptive halt, cache_misses = 51077
preemptive halt, cache_misses = 51077
preemptive halt, cache_misses = 51077
preemptive halt, cache_misses = 51077
preemptive halt, cache_misses = 51077
preemptive halt, cache_misses = 51077
preemptive halt, cache_misses = 51077
preemptive halt, cache_misses = 51077
preemptive halt, cache_misses = 51077
preemptive halt, cache_misses = 51077
preemptive halt, cache_misses = 51077
preemptive halt, cache_misses = 51077
preemptive halt, cache_misses = 51077
preemptive halt, cache_misses = 51077
preemptive halt, cache_misses = 51077
preemptive halt, cache_misses = 51077
preemptive halt, cache_misses = 51077
preemptive halt, cache_misses = 51077
preemptive halt, cache_misses = 51077
preemptive halt, cache_misses = 51077
preemptive halt, cache_misses = 51077
preemptive halt, cache_misses = 51077
preemptive halt, cache_misses = 51077
preemptive halt, cache_misses = 51077
preemptive halt, cache_misses = 51077
preemptive halt, cache_misses = 51077
preemptive halt, cache_misses = 51077
preemptive halt, cache_misses = 51077
preemptive halt, cache_misses = 51077
preemptive halt, cache_misses = 51077
preemptive halt, cache_misses = 51077
preemptive halt, cache_misses = 51077
preemptive halt, cache_misses = 51077
preemptive halt, cache_misses = 51077
preemptive halt, cache_misses = 51077
preemptive halt, cache_misses = 51077
preemptive halt, cache_misses = 51077
preemptive halt, cache_misses = 51077
preemptive halt, cache_misses = 51077
preemptive halt, cache_misses = 51077
preemptive halt, cache_misses = 51077
preemptive halt, cache_misses = 51077
preemptive halt, cache_misses = 51077
preemptive halt, cache_misses = 51077
preemptive halt, cache_misses = 51077
preemptive halt, cache_misses = 51077
preemptive halt, cache_misses = 51077
preemptive halt, cache_misses = 51077
preemptive halt, cache_misses = 51077
preemptive halt, cache_misses = 51077
preemptive halt, cache_misses = 51077
preemptive halt, cache_misses = 51077
preemptive halt, cache_misses = 51077
preemptive halt, cache_misses = 51077
preemptive halt, cache_misses = 51077
preemptive halt, cache_misses = 51077
preemptive halt, cache_misses = 51077
preemptive halt, cache_misses = 51077
preemptive halt, cache_misses = 51077
preemptive halt, cache_misses = 51077
preemptive halt, cache_misses = 51077
preemptive halt, cache_misses = 51077
preemptive halt, cache_misses = 51077
preemptive halt, cache_misses = 51077
preemptive halt, cache_misses = 51077
preemptive halt, cache_misses = 51077
preemptive halt, cache_misses = 51077
preemptive halt, cache_misses = 51077
preemptive halt, cache_misses = 51077
preemptive halt, cache_misses = 51077
preemptive halt, cache_misses = 51077
preemptive halt, cache_misses = 51077
binary search, size 33750  misses 51077  min 32500  max 35000
binary search, size 34375  misses 51075  min 33750  max 35000
binary search, size 34062  misses 51075  min 33750  max 34375
preemptive halt, cache_misses = 51076
preemptive halt, cache_misses = 51076
preemptive halt, cache_misses = 51076
preemptive halt, cache_misses = 51076
preemptive halt, cache_misses = 51076
preemptive halt, cache_misses = 51076
preemptive halt, cache_misses = 51076
preemptive halt, cache_misses = 51076
preemptive halt, cache_misses = 51076
preemptive halt, cache_misses = 51076
preemptive halt, cache_misses = 51076
preemptive halt, cache_misses = 51076
preemptive halt, cache_misses = 51076
preemptive halt, cache_misses = 51076
preemptive halt, cache_misses = 51076
preemptive halt, cache_misses = 51076
preemptive halt, cache_misses = 51076
preemptive halt, cache_misses = 51076
preemptive halt, cache_misses = 51076
preemptive halt, cache_misses = 51076
preemptive halt, cache_misses = 51076
preemptive halt, cache_misses = 51076
preemptive halt, cache_misses = 51076
preemptive halt, cache_misses = 51076
preemptive halt, cache_misses = 51076
preemptive halt, cache_misses = 51076
preemptive halt, cache_misses = 51076
preemptive halt, cache_misses = 51076
preemptive halt, cache_misses = 51076
preemptive halt, cache_misses = 51076
preemptive halt, cache_misses = 51076
preemptive halt, cache_misses = 51076
preemptive halt, cache_misses = 51076
preemptive halt, cache_misses = 51076
preemptive halt, cache_misses = 51076
preemptive halt, cache_misses = 51076
preemptive halt, cache_misses = 51076
preemptive halt, cache_misses = 51076
preemptive halt, cache_misses = 51076
preemptive halt, cache_misses = 51076
preemptive halt, cache_misses = 51076
preemptive halt, cache_misses = 51076
preemptive halt, cache_misses = 51076
preemptive halt, cache_misses = 51076
preemptive halt, cache_misses = 51076
preemptive halt, cache_misses = 51076
preemptive halt, cache_misses = 51076
preemptive halt, cache_misses = 51076
preemptive halt, cache_misses = 51076
preemptive halt, cache_misses = 51076
preemptive halt, cache_misses = 51076
preemptive halt, cache_misses = 51076
preemptive halt, cache_misses = 51076
preemptive halt, cache_misses = 51076
preemptive halt, cache_misses = 51076
preemptive halt, cache_misses = 51076
preemptive halt, cache_misses = 51076
preemptive halt, cache_misses = 51076
preemptive halt, cache_misses = 51076
preemptive halt, cache_misses = 51076
preemptive halt, cache_misses = 51076
preemptive halt, cache_misses = 51076
preemptive halt, cache_misses = 51076
preemptive halt, cache_misses = 51076
preemptive halt, cache_misses = 51076
preemptive halt, cache_misses = 51076
preemptive halt, cache_misses = 51076
preemptive halt, cache_misses = 51076
preemptive halt, cache_misses = 51076
preemptive halt, cache_misses = 51076
preemptive halt, cache_misses = 51076
preemptive halt, cache_misses = 51076
preemptive halt, cache_misses = 51076
preemptive halt, cache_misses = 51076
preemptive halt, cache_misses = 51076
preemptive halt, cache_misses = 51076
preemptive halt, cache_misses = 51076
preemptive halt, cache_misses = 51076
preemptive halt, cache_misses = 51076
preemptive halt, cache_misses = 51076
preemptive halt, cache_misses = 51076
preemptive halt, cache_misses = 51076
preemptive halt, cache_misses = 51076
preemptive halt, cache_misses = 51076
preemptive halt, cache_misses = 51076
preemptive halt, cache_misses = 51076
preemptive halt, cache_misses = 51076
preemptive halt, cache_misses = 51076
preemptive halt, cache_misses = 51076
preemptive halt, cache_misses = 51076
preemptive halt, cache_misses = 51076
preemptive halt, cache_misses = 51076
preemptive halt, cache_misses = 51076
preemptive halt, cache_misses = 51076
preemptive halt, cache_misses = 51076
preemptive halt, cache_misses = 51076
preemptive halt, cache_misses = 51076
preemptive halt, cache_misses = 51076
preemptive halt, cache_misses = 51076
preemptive halt, cache_misses = 51076
preemptive halt, cache_misses = 51076
preemptive halt, cache_misses = 51076
preemptive halt, cache_misses = 51076
preemptive halt, cache_misses = 51076
preemptive halt, cache_misses = 51076
preemptive halt, cache_misses = 51076
preemptive halt, cache_misses = 51076
preemptive halt, cache_misses = 51076
preemptive halt, cache_misses = 51076
preemptive halt, cache_misses = 51076
preemptive halt, cache_misses = 51076
preemptive halt, cache_misses = 51076
preemptive halt, cache_misses = 51076
preemptive halt, cache_misses = 51076
preemptive halt, cache_misses = 51076
preemptive halt, cache_misses = 51076
preemptive halt, cache_misses = 51076
preemptive halt, cache_misses = 51076
preemptive halt, cache_misses = 51076
preemptive halt, cache_misses = 51076
preemptive halt, cache_misses = 51076
preemptive halt, cache_misses = 51076
preemptive halt, cache_misses = 51076
preemptive halt, cache_misses = 51076
preemptive halt, cache_misses = 51076
preemptive halt, cache_misses = 51076
preemptive halt, cache_misses = 51076
preemptive halt, cache_misses = 51076
preemptive halt, cache_misses = 51076
preemptive halt, cache_misses = 51076
preemptive halt, cache_misses = 51076
preemptive halt, cache_misses = 51076
preemptive halt, cache_misses = 51076
preemptive halt, cache_misses = 51076
preemptive halt, cache_misses = 51076
preemptive halt, cache_misses = 51076
preemptive halt, cache_misses = 51076
preemptive halt, cache_misses = 51076
preemptive halt, cache_misses = 51076
preemptive halt, cache_misses = 51076
preemptive halt, cache_misses = 51076
preemptive halt, cache_misses = 51076
preemptive halt, cache_misses = 51076
preemptive halt, cache_misses = 51076
preemptive halt, cache_misses = 51076
preemptive halt, cache_misses = 51076
preemptive halt, cache_misses = 51076
preemptive halt, cache_misses = 51076
binary search, size 33906  misses 51076  min 33750  max 34062
binary search, size 33984  misses 51075  min 33906  max 34062
preemptive halt, cache_misses = 51076
preemptive halt, cache_misses = 51076
preemptive halt, cache_misses = 51076
preemptive halt, cache_misses = 51076
preemptive halt, cache_misses = 51076
preemptive halt, cache_misses = 51076
preemptive halt, cache_misses = 51076
preemptive halt, cache_misses = 51076
preemptive halt, cache_misses = 51076
preemptive halt, cache_misses = 51076
preemptive halt, cache_misses = 51076
preemptive halt, cache_misses = 51076
preemptive halt, cache_misses = 51076
preemptive halt, cache_misses = 51076
preemptive halt, cache_misses = 51076
preemptive halt, cache_misses = 51076
preemptive halt, cache_misses = 51076
preemptive halt, cache_misses = 51076
preemptive halt, cache_misses = 51076
preemptive halt, cache_misses = 51076
preemptive halt, cache_misses = 51076
preemptive halt, cache_misses = 51076
preemptive halt, cache_misses = 51076
preemptive halt, cache_misses = 51076
preemptive halt, cache_misses = 51076
preemptive halt, cache_misses = 51076
preemptive halt, cache_misses = 51076
preemptive halt, cache_misses = 51076
preemptive halt, cache_misses = 51076
preemptive halt, cache_misses = 51076
preemptive halt, cache_misses = 51076
preemptive halt, cache_misses = 51076
preemptive halt, cache_misses = 51076
preemptive halt, cache_misses = 51076
preemptive halt, cache_misses = 51076
preemptive halt, cache_misses = 51076
preemptive halt, cache_misses = 51076
preemptive halt, cache_misses = 51076
preemptive halt, cache_misses = 51076
preemptive halt, cache_misses = 51076
preemptive halt, cache_misses = 51076
preemptive halt, cache_misses = 51076
preemptive halt, cache_misses = 51076
preemptive halt, cache_misses = 51076
preemptive halt, cache_misses = 51076
preemptive halt, cache_misses = 51076
preemptive halt, cache_misses = 51076
preemptive halt, cache_misses = 51076
preemptive halt, cache_misses = 51076
preemptive halt, cache_misses = 51076
preemptive halt, cache_misses = 51076
preemptive halt, cache_misses = 51076
preemptive halt, cache_misses = 51076
preemptive halt, cache_misses = 51076
preemptive halt, cache_misses = 51076
preemptive halt, cache_misses = 51076
preemptive halt, cache_misses = 51076
preemptive halt, cache_misses = 51076
preemptive halt, cache_misses = 51076
preemptive halt, cache_misses = 51076
preemptive halt, cache_misses = 51076
preemptive halt, cache_misses = 51076
preemptive halt, cache_misses = 51076
preemptive halt, cache_misses = 51076
preemptive halt, cache_misses = 51076
preemptive halt, cache_misses = 51076
preemptive halt, cache_misses = 51076
preemptive halt, cache_misses = 51076
preemptive halt, cache_misses = 51076
preemptive halt, cache_misses = 51076
preemptive halt, cache_misses = 51076
preemptive halt, cache_misses = 51076
preemptive halt, cache_misses = 51076
preemptive halt, cache_misses = 51076
preemptive halt, cache_misses = 51076
preemptive halt, cache_misses = 51076
preemptive halt, cache_misses = 51076
preemptive halt, cache_misses = 51076
preemptive halt, cache_misses = 51076
preemptive halt, cache_misses = 51076
preemptive halt, cache_misses = 51076
preemptive halt, cache_misses = 51076
preemptive halt, cache_misses = 51076
preemptive halt, cache_misses = 51076
preemptive halt, cache_misses = 51076
preemptive halt, cache_misses = 51076
preemptive halt, cache_misses = 51076
preemptive halt, cache_misses = 51076
preemptive halt, cache_misses = 51076
preemptive halt, cache_misses = 51076
preemptive halt, cache_misses = 51076
preemptive halt, cache_misses = 51076
preemptive halt, cache_misses = 51076
preemptive halt, cache_misses = 51076
preemptive halt, cache_misses = 51076
preemptive halt, cache_misses = 51076
preemptive halt, cache_misses = 51076
preemptive halt, cache_misses = 51076
preemptive halt, cache_misses = 51076
preemptive halt, cache_misses = 51076
preemptive halt, cache_misses = 51076
preemptive halt, cache_misses = 51076
preemptive halt, cache_misses = 51076
preemptive halt, cache_misses = 51076
preemptive halt, cache_misses = 51076
preemptive halt, cache_misses = 51076
preemptive halt, cache_misses = 51076
preemptive halt, cache_misses = 51076
preemptive halt, cache_misses = 51076
preemptive halt, cache_misses = 51076
preemptive halt, cache_misses = 51076
preemptive halt, cache_misses = 51076
preemptive halt, cache_misses = 51076
preemptive halt, cache_misses = 51076
preemptive halt, cache_misses = 51076
preemptive halt, cache_misses = 51076
preemptive halt, cache_misses = 51076
preemptive halt, cache_misses = 51076
preemptive halt, cache_misses = 51076
preemptive halt, cache_misses = 51076
preemptive halt, cache_misses = 51076
preemptive halt, cache_misses = 51076
preemptive halt, cache_misses = 51076
preemptive halt, cache_misses = 51076
preemptive halt, cache_misses = 51076
preemptive halt, cache_misses = 51076
preemptive halt, cache_misses = 51076
preemptive halt, cache_misses = 51076
preemptive halt, cache_misses = 51076
preemptive halt, cache_misses = 51076
preemptive halt, cache_misses = 51076
preemptive halt, cache_misses = 51076
preemptive halt, cache_misses = 51076
preemptive halt, cache_misses = 51076
preemptive halt, cache_misses = 51076
preemptive halt, cache_misses = 51076
preemptive halt, cache_misses = 51076
preemptive halt, cache_misses = 51076
preemptive halt, cache_misses = 51076
preemptive halt, cache_misses = 51076
preemptive halt, cache_misses = 51076
preemptive halt, cache_misses = 51076
preemptive halt, cache_misses = 51076
preemptive halt, cache_misses = 51076
preemptive halt, cache_misses = 51076
preemptive halt, cache_misses = 51076
preemptive halt, cache_misses = 51076
preemptive halt, cache_misses = 51076
binary search, size 33945  misses 51076  min 33906  max 33984
preemptive halt, cache_misses = 51077
preemptive halt, cache_misses = 51077
preemptive halt, cache_misses = 51077
preemptive halt, cache_misses = 51077
preemptive halt, cache_misses = 51077
preemptive halt, cache_misses = 51077
preemptive halt, cache_misses = 51077
preemptive halt, cache_misses = 51077
preemptive halt, cache_misses = 51077
preemptive halt, cache_misses = 51077
preemptive halt, cache_misses = 51077
preemptive halt, cache_misses = 51077
preemptive halt, cache_misses = 51077
preemptive halt, cache_misses = 51077
preemptive halt, cache_misses = 51077
preemptive halt, cache_misses = 51077
preemptive halt, cache_misses = 51077
preemptive halt, cache_misses = 51077
preemptive halt, cache_misses = 51077
preemptive halt, cache_misses = 51077
preemptive halt, cache_misses = 51077
preemptive halt, cache_misses = 51077
preemptive halt, cache_misses = 51077
preemptive halt, cache_misses = 51077
preemptive halt, cache_misses = 51077
preemptive halt, cache_misses = 51077
preemptive halt, cache_misses = 51077
preemptive halt, cache_misses = 51077
preemptive halt, cache_misses = 51077
preemptive halt, cache_misses = 51077
preemptive halt, cache_misses = 51077
preemptive halt, cache_misses = 51077
preemptive halt, cache_misses = 51077
preemptive halt, cache_misses = 51077
preemptive halt, cache_misses = 51077
preemptive halt, cache_misses = 51077
preemptive halt, cache_misses = 51077
preemptive halt, cache_misses = 51077
preemptive halt, cache_misses = 51077
preemptive halt, cache_misses = 51077
preemptive halt, cache_misses = 51077
preemptive halt, cache_misses = 51077
preemptive halt, cache_misses = 51077
preemptive halt, cache_misses = 51077
preemptive halt, cache_misses = 51077
preemptive halt, cache_misses = 51077
preemptive halt, cache_misses = 51077
preemptive halt, cache_misses = 51077
preemptive halt, cache_misses = 51077
preemptive halt, cache_misses = 51077
preemptive halt, cache_misses = 51077
preemptive halt, cache_misses = 51077
preemptive halt, cache_misses = 51077
preemptive halt, cache_misses = 51077
preemptive halt, cache_misses = 51077
preemptive halt, cache_misses = 51077
preemptive halt, cache_misses = 51077
preemptive halt, cache_misses = 51077
preemptive halt, cache_misses = 51077
preemptive halt, cache_misses = 51077
preemptive halt, cache_misses = 51077
preemptive halt, cache_misses = 51077
preemptive halt, cache_misses = 51077
preemptive halt, cache_misses = 51077
preemptive halt, cache_misses = 51077
preemptive halt, cache_misses = 51077
preemptive halt, cache_misses = 51077
preemptive halt, cache_misses = 51077
preemptive halt, cache_misses = 51077
preemptive halt, cache_misses = 51077
preemptive halt, cache_misses = 51077
preemptive halt, cache_misses = 51077
preemptive halt, cache_misses = 51077
preemptive halt, cache_misses = 51077
preemptive halt, cache_misses = 51077
preemptive halt, cache_misses = 51077
preemptive halt, cache_misses = 51077
preemptive halt, cache_misses = 51077
preemptive halt, cache_misses = 51077
preemptive halt, cache_misses = 51077
preemptive halt, cache_misses = 51077
preemptive halt, cache_misses = 51077
preemptive halt, cache_misses = 51077
preemptive halt, cache_misses = 51077
preemptive halt, cache_misses = 51077
preemptive halt, cache_misses = 51077
preemptive halt, cache_misses = 51077
preemptive halt, cache_misses = 51077
preemptive halt, cache_misses = 51077
preemptive halt, cache_misses = 51077
preemptive halt, cache_misses = 51077
preemptive halt, cache_misses = 51077
preemptive halt, cache_misses = 51077
preemptive halt, cache_misses = 51077
preemptive halt, cache_misses = 51077
preemptive halt, cache_misses = 51077
preemptive halt, cache_misses = 51077
preemptive halt, cache_misses = 51077
preemptive halt, cache_misses = 51077
preemptive halt, cache_misses = 51077
preemptive halt, cache_misses = 51077
preemptive halt, cache_misses = 51077
preemptive halt, cache_misses = 51077
preemptive halt, cache_misses = 51077
preemptive halt, cache_misses = 51077
preemptive halt, cache_misses = 51077
preemptive halt, cache_misses = 51077
preemptive halt, cache_misses = 51077
preemptive halt, cache_misses = 51077
preemptive halt, cache_misses = 51077
preemptive halt, cache_misses = 51077
preemptive halt, cache_misses = 51077
preemptive halt, cache_misses = 51077
preemptive halt, cache_misses = 51077
preemptive halt, cache_misses = 51077
preemptive halt, cache_misses = 51077
preemptive halt, cache_misses = 51077
preemptive halt, cache_misses = 51077
preemptive halt, cache_misses = 51077
preemptive halt, cache_misses = 51077
preemptive halt, cache_misses = 51077
preemptive halt, cache_misses = 51077
preemptive halt, cache_misses = 51077
preemptive halt, cache_misses = 51077
preemptive halt, cache_misses = 51077
preemptive halt, cache_misses = 51077
preemptive halt, cache_misses = 51077
preemptive halt, cache_misses = 51077
preemptive halt, cache_misses = 51077
preemptive halt, cache_misses = 51077
preemptive halt, cache_misses = 51077
preemptive halt, cache_misses = 51077
preemptive halt, cache_misses = 51077
preemptive halt, cache_misses = 51077
preemptive halt, cache_misses = 51077
preemptive halt, cache_misses = 51077
preemptive halt, cache_misses = 51077
preemptive halt, cache_misses = 51077
preemptive halt, cache_misses = 51077
preemptive halt, cache_misses = 51077
preemptive halt, cache_misses = 51077
preemptive halt, cache_misses = 51077
preemptive halt, cache_misses = 51077
preemptive halt, cache_misses = 51077
preemptive halt, cache_misses = 51077
preemptive halt, cache_misses = 51077
preemptive halt, cache_misses = 51077
preemptive halt, cache_misses = 51077
preemptive halt, cache_misses = 51077
preemptive halt, cache_misses = 51077
binary search, size 33964  misses 51077  min 33945  max 33984
binary search, size 33974  misses 51075  min 33964  max 33984
preemptive halt, cache_misses = 51076
preemptive halt, cache_misses = 51076
preemptive halt, cache_misses = 51076
preemptive halt, cache_misses = 51076
preemptive halt, cache_misses = 51076
preemptive halt, cache_misses = 51076
preemptive halt, cache_misses = 51076
preemptive halt, cache_misses = 51076
preemptive halt, cache_misses = 51076
preemptive halt, cache_misses = 51076
preemptive halt, cache_misses = 51076
preemptive halt, cache_misses = 51076
preemptive halt, cache_misses = 51076
preemptive halt, cache_misses = 51076
preemptive halt, cache_misses = 51076
preemptive halt, cache_misses = 51076
preemptive halt, cache_misses = 51076
preemptive halt, cache_misses = 51076
preemptive halt, cache_misses = 51076
preemptive halt, cache_misses = 51076
preemptive halt, cache_misses = 51076
preemptive halt, cache_misses = 51076
preemptive halt, cache_misses = 51076
preemptive halt, cache_misses = 51076
preemptive halt, cache_misses = 51076
preemptive halt, cache_misses = 51076
preemptive halt, cache_misses = 51076
preemptive halt, cache_misses = 51076
preemptive halt, cache_misses = 51076
preemptive halt, cache_misses = 51076
preemptive halt, cache_misses = 51076
preemptive halt, cache_misses = 51076
preemptive halt, cache_misses = 51076
preemptive halt, cache_misses = 51076
preemptive halt, cache_misses = 51076
preemptive halt, cache_misses = 51076
preemptive halt, cache_misses = 51076
preemptive halt, cache_misses = 51076
preemptive halt, cache_misses = 51076
preemptive halt, cache_misses = 51076
preemptive halt, cache_misses = 51076
preemptive halt, cache_misses = 51076
preemptive halt, cache_misses = 51076
preemptive halt, cache_misses = 51076
preemptive halt, cache_misses = 51076
preemptive halt, cache_misses = 51076
preemptive halt, cache_misses = 51076
preemptive halt, cache_misses = 51076
preemptive halt, cache_misses = 51076
preemptive halt, cache_misses = 51076
preemptive halt, cache_misses = 51076
preemptive halt, cache_misses = 51076
preemptive halt, cache_misses = 51076
preemptive halt, cache_misses = 51076
preemptive halt, cache_misses = 51076
preemptive halt, cache_misses = 51076
preemptive halt, cache_misses = 51076
preemptive halt, cache_misses = 51076
preemptive halt, cache_misses = 51076
preemptive halt, cache_misses = 51076
preemptive halt, cache_misses = 51076
preemptive halt, cache_misses = 51076
preemptive halt, cache_misses = 51076
preemptive halt, cache_misses = 51076
preemptive halt, cache_misses = 51076
preemptive halt, cache_misses = 51076
preemptive halt, cache_misses = 51076
preemptive halt, cache_misses = 51076
preemptive halt, cache_misses = 51076
preemptive halt, cache_misses = 51076
preemptive halt, cache_misses = 51076
preemptive halt, cache_misses = 51076
preemptive halt, cache_misses = 51076
preemptive halt, cache_misses = 51076
preemptive halt, cache_misses = 51076
preemptive halt, cache_misses = 51076
preemptive halt, cache_misses = 51076
preemptive halt, cache_misses = 51076
preemptive halt, cache_misses = 51076
preemptive halt, cache_misses = 51076
preemptive halt, cache_misses = 51076
preemptive halt, cache_misses = 51076
preemptive halt, cache_misses = 51076
preemptive halt, cache_misses = 51076
preemptive halt, cache_misses = 51076
preemptive halt, cache_misses = 51076
preemptive halt, cache_misses = 51076
preemptive halt, cache_misses = 51076
preemptive halt, cache_misses = 51076
preemptive halt, cache_misses = 51076
preemptive halt, cache_misses = 51076
preemptive halt, cache_misses = 51076
preemptive halt, cache_misses = 51076
preemptive halt, cache_misses = 51076
preemptive halt, cache_misses = 51076
preemptive halt, cache_misses = 51076
preemptive halt, cache_misses = 51076
preemptive halt, cache_misses = 51076
preemptive halt, cache_misses = 51076
preemptive halt, cache_misses = 51076
preemptive halt, cache_misses = 51076
preemptive halt, cache_misses = 51076
preemptive halt, cache_misses = 51076
preemptive halt, cache_misses = 51076
preemptive halt, cache_misses = 51076
preemptive halt, cache_misses = 51076
preemptive halt, cache_misses = 51076
preemptive halt, cache_misses = 51076
preemptive halt, cache_misses = 51076
preemptive halt, cache_misses = 51076
preemptive halt, cache_misses = 51076
preemptive halt, cache_misses = 51076
preemptive halt, cache_misses = 51076
preemptive halt, cache_misses = 51076
preemptive halt, cache_misses = 51076
preemptive halt, cache_misses = 51076
preemptive halt, cache_misses = 51076
preemptive halt, cache_misses = 51076
preemptive halt, cache_misses = 51076
preemptive halt, cache_misses = 51076
preemptive halt, cache_misses = 51076
preemptive halt, cache_misses = 51076
preemptive halt, cache_misses = 51076
preemptive halt, cache_misses = 51076
preemptive halt, cache_misses = 51076
preemptive halt, cache_misses = 51076
preemptive halt, cache_misses = 51076
preemptive halt, cache_misses = 51076
preemptive halt, cache_misses = 51076
preemptive halt, cache_misses = 51076
preemptive halt, cache_misses = 51076
preemptive halt, cache_misses = 51076
preemptive halt, cache_misses = 51076
preemptive halt, cache_misses = 51076
preemptive halt, cache_misses = 51076
preemptive halt, cache_misses = 51076
preemptive halt, cache_misses = 51076
preemptive halt, cache_misses = 51076
preemptive halt, cache_misses = 51076
preemptive halt, cache_misses = 51076
preemptive halt, cache_misses = 51076
preemptive halt, cache_misses = 51076
preemptive halt, cache_misses = 51076
preemptive halt, cache_misses = 51076
preemptive halt, cache_misses = 51076
preemptive halt, cache_misses = 51076
preemptive halt, cache_misses = 51076
preemptive halt, cache_misses = 51076
binary search, size 33969  misses 51076  min 33964  max 33974
preemptive halt, cache_misses = 51077
preemptive halt, cache_misses = 51077
preemptive halt, cache_misses = 51077
preemptive halt, cache_misses = 51077
preemptive halt, cache_misses = 51077
preemptive halt, cache_misses = 51077
preemptive halt, cache_misses = 51077
preemptive halt, cache_misses = 51077
preemptive halt, cache_misses = 51077
preemptive halt, cache_misses = 51077
preemptive halt, cache_misses = 51077
preemptive halt, cache_misses = 51077
preemptive halt, cache_misses = 51077
preemptive halt, cache_misses = 51077
preemptive halt, cache_misses = 51077
preemptive halt, cache_misses = 51077
preemptive halt, cache_misses = 51077
preemptive halt, cache_misses = 51077
preemptive halt, cache_misses = 51077
preemptive halt, cache_misses = 51077
preemptive halt, cache_misses = 51077
preemptive halt, cache_misses = 51077
preemptive halt, cache_misses = 51077
preemptive halt, cache_misses = 51077
preemptive halt, cache_misses = 51077
preemptive halt, cache_misses = 51077
preemptive halt, cache_misses = 51077
preemptive halt, cache_misses = 51077
preemptive halt, cache_misses = 51077
preemptive halt, cache_misses = 51077
preemptive halt, cache_misses = 51077
preemptive halt, cache_misses = 51077
preemptive halt, cache_misses = 51077
preemptive halt, cache_misses = 51077
preemptive halt, cache_misses = 51077
preemptive halt, cache_misses = 51077
preemptive halt, cache_misses = 51077
preemptive halt, cache_misses = 51077
preemptive halt, cache_misses = 51077
preemptive halt, cache_misses = 51077
preemptive halt, cache_misses = 51077
preemptive halt, cache_misses = 51077
preemptive halt, cache_misses = 51077
preemptive halt, cache_misses = 51077
preemptive halt, cache_misses = 51077
preemptive halt, cache_misses = 51077
preemptive halt, cache_misses = 51077
preemptive halt, cache_misses = 51077
preemptive halt, cache_misses = 51077
preemptive halt, cache_misses = 51077
preemptive halt, cache_misses = 51077
preemptive halt, cache_misses = 51077
preemptive halt, cache_misses = 51077
preemptive halt, cache_misses = 51077
preemptive halt, cache_misses = 51077
preemptive halt, cache_misses = 51077
preemptive halt, cache_misses = 51077
preemptive halt, cache_misses = 51077
preemptive halt, cache_misses = 51077
preemptive halt, cache_misses = 51077
preemptive halt, cache_misses = 51077
preemptive halt, cache_misses = 51077
preemptive halt, cache_misses = 51077
preemptive halt, cache_misses = 51077
preemptive halt, cache_misses = 51077
preemptive halt, cache_misses = 51077
preemptive halt, cache_misses = 51077
preemptive halt, cache_misses = 51077
preemptive halt, cache_misses = 51077
preemptive halt, cache_misses = 51077
preemptive halt, cache_misses = 51077
preemptive halt, cache_misses = 51077
preemptive halt, cache_misses = 51077
preemptive halt, cache_misses = 51077
preemptive halt, cache_misses = 51077
preemptive halt, cache_misses = 51077
preemptive halt, cache_misses = 51077
preemptive halt, cache_misses = 51077
preemptive halt, cache_misses = 51077
preemptive halt, cache_misses = 51077
preemptive halt, cache_misses = 51077
preemptive halt, cache_misses = 51077
preemptive halt, cache_misses = 51077
preemptive halt, cache_misses = 51077
preemptive halt, cache_misses = 51077
preemptive halt, cache_misses = 51077
preemptive halt, cache_misses = 51077
preemptive halt, cache_misses = 51077
preemptive halt, cache_misses = 51077
preemptive halt, cache_misses = 51077
preemptive halt, cache_misses = 51077
preemptive halt, cache_misses = 51077
preemptive halt, cache_misses = 51077
preemptive halt, cache_misses = 51077
preemptive halt, cache_misses = 51077
preemptive halt, cache_misses = 51077
preemptive halt, cache_misses = 51077
preemptive halt, cache_misses = 51077
preemptive halt, cache_misses = 51077
preemptive halt, cache_misses = 51077
preemptive halt, cache_misses = 51077
preemptive halt, cache_misses = 51077
preemptive halt, cache_misses = 51077
preemptive halt, cache_misses = 51077
preemptive halt, cache_misses = 51077
preemptive halt, cache_misses = 51077
preemptive halt, cache_misses = 51077
preemptive halt, cache_misses = 51077
preemptive halt, cache_misses = 51077
preemptive halt, cache_misses = 51077
preemptive halt, cache_misses = 51077
preemptive halt, cache_misses = 51077
preemptive halt, cache_misses = 51077
preemptive halt, cache_misses = 51077
preemptive halt, cache_misses = 51077
preemptive halt, cache_misses = 51077
preemptive halt, cache_misses = 51077
preemptive halt, cache_misses = 51077
preemptive halt, cache_misses = 51077
preemptive halt, cache_misses = 51077
preemptive halt, cache_misses = 51077
preemptive halt, cache_misses = 51077
preemptive halt, cache_misses = 51077
preemptive halt, cache_misses = 51077
preemptive halt, cache_misses = 51077
preemptive halt, cache_misses = 51077
preemptive halt, cache_misses = 51077
preemptive halt, cache_misses = 51077
preemptive halt, cache_misses = 51077
preemptive halt, cache_misses = 51077
preemptive halt, cache_misses = 51077
preemptive halt, cache_misses = 51077
preemptive halt, cache_misses = 51077
preemptive halt, cache_misses = 51077
preemptive halt, cache_misses = 51077
preemptive halt, cache_misses = 51077
preemptive halt, cache_misses = 51077
preemptive halt, cache_misses = 51077
preemptive halt, cache_misses = 51077
preemptive halt, cache_misses = 51077
preemptive halt, cache_misses = 51077
preemptive halt, cache_misses = 51077
preemptive halt, cache_misses = 51077
preemptive halt, cache_misses = 51077
preemptive halt, cache_misses = 51077
preemptive halt, cache_misses = 51077
preemptive halt, cache_misses = 51077
preemptive halt, cache_misses = 51077
preemptive halt, cache_misses = 51077
preemptive halt, cache_misses = 51077
binary search, size 33971  misses 51077  min 33969  max 33974
preemptive halt, cache_misses = 51078
preemptive halt, cache_misses = 51078
preemptive halt, cache_misses = 51078
preemptive halt, cache_misses = 51078
preemptive halt, cache_misses = 51078
preemptive halt, cache_misses = 51078
preemptive halt, cache_misses = 51078
preemptive halt, cache_misses = 51078
preemptive halt, cache_misses = 51078
preemptive halt, cache_misses = 51078
preemptive halt, cache_misses = 51078
preemptive halt, cache_misses = 51078
preemptive halt, cache_misses = 51078
preemptive halt, cache_misses = 51078
preemptive halt, cache_misses = 51078
preemptive halt, cache_misses = 51078
preemptive halt, cache_misses = 51078
preemptive halt, cache_misses = 51078
preemptive halt, cache_misses = 51078
preemptive halt, cache_misses = 51078
preemptive halt, cache_misses = 51078
preemptive halt, cache_misses = 51078
preemptive halt, cache_misses = 51078
preemptive halt, cache_misses = 51078
preemptive halt, cache_misses = 51078
preemptive halt, cache_misses = 51078
preemptive halt, cache_misses = 51078
preemptive halt, cache_misses = 51078
preemptive halt, cache_misses = 51078
preemptive halt, cache_misses = 51078
preemptive halt, cache_misses = 51078
preemptive halt, cache_misses = 51078
preemptive halt, cache_misses = 51078
preemptive halt, cache_misses = 51078
preemptive halt, cache_misses = 51078
preemptive halt, cache_misses = 51078
preemptive halt, cache_misses = 51078
preemptive halt, cache_misses = 51078
preemptive halt, cache_misses = 51078
preemptive halt, cache_misses = 51078
preemptive halt, cache_misses = 51078
preemptive halt, cache_misses = 51078
preemptive halt, cache_misses = 51078
preemptive halt, cache_misses = 51078
preemptive halt, cache_misses = 51078
preemptive halt, cache_misses = 51078
preemptive halt, cache_misses = 51078
preemptive halt, cache_misses = 51078
preemptive halt, cache_misses = 51078
preemptive halt, cache_misses = 51078
preemptive halt, cache_misses = 51078
preemptive halt, cache_misses = 51078
preemptive halt, cache_misses = 51078
preemptive halt, cache_misses = 51078
preemptive halt, cache_misses = 51078
preemptive halt, cache_misses = 51078
preemptive halt, cache_misses = 51078
preemptive halt, cache_misses = 51078
preemptive halt, cache_misses = 51078
preemptive halt, cache_misses = 51078
preemptive halt, cache_misses = 51078
preemptive halt, cache_misses = 51078
preemptive halt, cache_misses = 51078
preemptive halt, cache_misses = 51078
preemptive halt, cache_misses = 51078
preemptive halt, cache_misses = 51078
preemptive halt, cache_misses = 51078
preemptive halt, cache_misses = 51078
preemptive halt, cache_misses = 51078
preemptive halt, cache_misses = 51078
preemptive halt, cache_misses = 51078
preemptive halt, cache_misses = 51078
preemptive halt, cache_misses = 51078
preemptive halt, cache_misses = 51078
preemptive halt, cache_misses = 51078
preemptive halt, cache_misses = 51078
preemptive halt, cache_misses = 51078
preemptive halt, cache_misses = 51078
preemptive halt, cache_misses = 51078
preemptive halt, cache_misses = 51078
preemptive halt, cache_misses = 51078
preemptive halt, cache_misses = 51078
preemptive halt, cache_misses = 51078
preemptive halt, cache_misses = 51078
preemptive halt, cache_misses = 51078
preemptive halt, cache_misses = 51078
preemptive halt, cache_misses = 51078
preemptive halt, cache_misses = 51078
preemptive halt, cache_misses = 51078
preemptive halt, cache_misses = 51078
preemptive halt, cache_misses = 51078
preemptive halt, cache_misses = 51078
preemptive halt, cache_misses = 51078
preemptive halt, cache_misses = 51078
preemptive halt, cache_misses = 51078
preemptive halt, cache_misses = 51078
preemptive halt, cache_misses = 51078
preemptive halt, cache_misses = 51078
preemptive halt, cache_misses = 51078
preemptive halt, cache_misses = 51078
preemptive halt, cache_misses = 51078
preemptive halt, cache_misses = 51078
preemptive halt, cache_misses = 51078
preemptive halt, cache_misses = 51078
preemptive halt, cache_misses = 51078
preemptive halt, cache_misses = 51078
preemptive halt, cache_misses = 51078
preemptive halt, cache_misses = 51078
preemptive halt, cache_misses = 51078
preemptive halt, cache_misses = 51078
preemptive halt, cache_misses = 51078
preemptive halt, cache_misses = 51078
preemptive halt, cache_misses = 51078
preemptive halt, cache_misses = 51078
preemptive halt, cache_misses = 51078
preemptive halt, cache_misses = 51078
preemptive halt, cache_misses = 51078
preemptive halt, cache_misses = 51078
preemptive halt, cache_misses = 51078
preemptive halt, cache_misses = 51078
preemptive halt, cache_misses = 51078
preemptive halt, cache_misses = 51078
preemptive halt, cache_misses = 51078
preemptive halt, cache_misses = 51078
preemptive halt, cache_misses = 51078
preemptive halt, cache_misses = 51078
preemptive halt, cache_misses = 51078
preemptive halt, cache_misses = 51078
preemptive halt, cache_misses = 51078
preemptive halt, cache_misses = 51078
preemptive halt, cache_misses = 51078
preemptive halt, cache_misses = 51078
preemptive halt, cache_misses = 51078
preemptive halt, cache_misses = 51078
preemptive halt, cache_misses = 51078
preemptive halt, cache_misses = 51078
preemptive halt, cache_misses = 51078
preemptive halt, cache_misses = 51078
preemptive halt, cache_misses = 51078
preemptive halt, cache_misses = 51078
preemptive halt, cache_misses = 51078
preemptive halt, cache_misses = 51078
preemptive halt, cache_misses = 51078
preemptive halt, cache_misses = 51078
preemptive halt, cache_misses = 51078
preemptive halt, cache_misses = 51078
preemptive halt, cache_misses = 51078
preemptive halt, cache_misses = 51078
preemptive halt, cache_misses = 51078
preemptive halt, cache_misses = 51078
preemptive halt, cache_misses = 51078
preemptive halt, cache_misses = 51078
binary search, size 33972  misses 51078  min 33971  max 33974
binary search, size 33973  misses 51075  min 33972  max 33974
characteristic cache size (binary search) for 225 = 33973
End at: 2021-04-02 02:17:33.477699
Time elapsed: 0:00:00.964515
