Begin at: 2021-04-02 02:17:56.128347
['../dist/Debug/GNU-Linux/memo_batch_tester', '', '--mbt_execution_trace_fname', 'olcs4_traceback_csize_input_types/OLCS4_lru_2021_04_02__02_16_05_k_3__d_2_cache_size_160000_problems_10_to_400/OLCS4_lru_2021_04_02__02_16_05_k_3__d_2_cache_size_160000_problems_10_to_400/OLCS4__do_traceback_prob_size_247_cache_size_160000_lru_k_3_d_2_execution_trace_2021_4_2_2_17_56_pid_11065.log', '--mbt_cache_misses_fname', 'olcs4_traceback_csize_input_types/OLCS4_lru_2021_04_02__02_16_05_k_3__d_2_cache_size_160000_problems_10_to_400/lcs_cost_OLCS4_lru_misses_for_cache_size.csv', '--mbt_misses_for_problem_size_fname', 'olcs4_traceback_csize_input_types/OLCS4_lru_2021_04_02__02_16_05_k_3__d_2_cache_size_160000_problems_10_to_400/lcs_cost_OLCS4_lru_misses_for_problem_size.csv', '--mbt_exact_cutoff_min_cache_size', '160000', '--mbt_exact_cutoff_max_cache_size', '160000', '--mbt_problem_type', 'lcs', '--mbt_metric_type', 'csize_binary_search', '--mbt_cutoff_ratio', '2.2', '--mbt_instance_fname', '247', '--mbt_detailed_cache_misses_out_fname', 'csize_olcs4_traceback_0011nc_nc1100_0_8.csv', '--mbt_phi_N', '5.0', '--mbt_problem_size', '247', '--lcs_compute_length', '0', '--lcs_perform_traceback', '1', '--lig_instance_type', '0011nc_nc1100', '--lig_n', '247', '--lig_c', '0.8', '--lig_b', '3.0', '--lcs_oblivious', '4', '--lcs_execution_trace_fname', 'olcs4_traceback_csize_input_types/OLCS4_lru_2021_04_02__02_16_05_k_3__d_2_cache_size_160000_problems_10_to_400/OLCS4_lru_2021_04_02__02_16_05_k_3__d_2_cache_size_160000_problems_10_to_400/OLCS4__do_traceback_prob_size_247_cache_size_160000_lru_k_3_d_2_execution_trace_2021_4_2_2_17_56_pid_11065.log', '--memo_caching_strategy', 'lru', '--memo_cache_size', '160001', '--memo_lru_queue_size', '160000', '--memo_cuckoo_k', '4', '--memo_key_length', '8', '--memo_value_length', '8', '--memo_k_timestamps', '3', '--memo_d_recent_timestamps', '2', '--memo_a_items_per_timestamp_factor', '0.4375']

csize_binary_search chosen
lcs problem_type lcs cache_size 160001
initialize_long_int_cache begin
init_memo
arguments to memo:
 --mbt_execution_trace_fname olcs4_traceback_csize_input_types/OLCS4_lru_2021_04_02__02_16_05_k_3__d_2_cache_size_160000_problems_10_to_400/OLCS4_lru_2021_04_02__02_16_05_k_3__d_2_cache_size_160000_problems_10_to_400/OLCS4__do_traceback_prob_size_247_cache_size_160000_lru_k_3_d_2_execution_trace_2021_4_2_2_17_56_pid_11065.log --mbt_cache_misses_fname olcs4_traceback_csize_input_types/OLCS4_lru_2021_04_02__02_16_05_k_3__d_2_cache_size_160000_problems_10_to_400/lcs_cost_OLCS4_lru_misses_for_cache_size.csv --mbt_misses_for_problem_size_fname olcs4_traceback_csize_input_types/OLCS4_lru_2021_04_02__02_16_05_k_3__d_2_cache_size_160000_problems_10_to_400/lcs_cost_OLCS4_lru_misses_for_problem_size.csv --mbt_exact_cutoff_min_cache_size 160000 --mbt_exact_cutoff_max_cache_size 160000 --mbt_problem_type lcs --mbt_metric_type csize_binary_search --mbt_cutoff_ratio 2.2 --mbt_instance_fname 247 --mbt_detailed_cache_misses_out_fname csize_olcs4_traceback_0011nc_nc1100_0_8.csv --mbt_phi_N 5.0 --mbt_problem_size 247 --lcs_compute_length 0 --lcs_perform_traceback 1 --lig_instance_type 0011nc_nc1100 --lig_n 247 --lig_c 0.8 --lig_b 3.0 --lcs_oblivious 4 --lcs_execution_trace_fname olcs4_traceback_csize_input_types/OLCS4_lru_2021_04_02__02_16_05_k_3__d_2_cache_size_160000_problems_10_to_400/OLCS4_lru_2021_04_02__02_16_05_k_3__d_2_cache_size_160000_problems_10_to_400/OLCS4__do_traceback_prob_size_247_cache_size_160000_lru_k_3_d_2_execution_trace_2021_4_2_2_17_56_pid_11065.log --memo_caching_strategy lru --memo_cache_size 160001 --memo_lru_queue_size 160000 --memo_cuckoo_k 4 --memo_key_length 8 --memo_value_length 8 --memo_k_timestamps 3 --memo_d_recent_timestamps 2 --memo_a_items_per_timestamp_factor 0.4375 
calculate_table_size: table_size is 262144, original is 160001
Finished initializing cache
initialize_long_int_cache end
done initializing cache
initializing problem
done initializing problem
commence trials
Starting characteristic_cache_size_binary_search with max cache size 160001
binary search, size 160001  misses 61503
binary search, size 80000  misses 61503  min 0  max 160001
binary search, size 40000  misses 61503  min 0  max 80000
preemptive halt, cache_misses = 61504
preemptive halt, cache_misses = 61504
preemptive halt, cache_misses = 61504
preemptive halt, cache_misses = 61504
binary search, size 20000  misses 61504  min 0  max 40000
binary search, size 30000  misses 61503  min 20000  max 40000
binary search, size 25000  misses 61503  min 20000  max 30000
binary search, size 22500  misses 61503  min 20000  max 25000
binary search, size 21250  misses 61503  min 20000  max 22500
preemptive halt, cache_misses = 61504
preemptive halt, cache_misses = 61504
preemptive halt, cache_misses = 61504
preemptive halt, cache_misses = 61504
binary search, size 20625  misses 61504  min 20000  max 21250
binary search, size 20937  misses 61503  min 20625  max 21250
preemptive halt, cache_misses = 61504
preemptive halt, cache_misses = 61504
preemptive halt, cache_misses = 61504
preemptive halt, cache_misses = 61504
binary search, size 20781  misses 61504  min 20625  max 20937
binary search, size 20859  misses 61503  min 20781  max 20937
preemptive halt, cache_misses = 61504
preemptive halt, cache_misses = 61504
preemptive halt, cache_misses = 61504
preemptive halt, cache_misses = 61504
binary search, size 20820  misses 61504  min 20781  max 20859
binary search, size 20839  misses 61503  min 20820  max 20859
preemptive halt, cache_misses = 61504
preemptive halt, cache_misses = 61504
preemptive halt, cache_misses = 61504
preemptive halt, cache_misses = 61504
binary search, size 20829  misses 61504  min 20820  max 20839
binary search, size 20834  misses 61503  min 20829  max 20839
preemptive halt, cache_misses = 61504
preemptive halt, cache_misses = 61504
preemptive halt, cache_misses = 61504
preemptive halt, cache_misses = 61504
binary search, size 20831  misses 61504  min 20829  max 20834
preemptive halt, cache_misses = 61505
preemptive halt, cache_misses = 61505
preemptive halt, cache_misses = 61505
preemptive halt, cache_misses = 61505
preemptive halt, cache_misses = 61505
preemptive halt, cache_misses = 61505
binary search, size 20832  misses 61505  min 20831  max 20834
binary search, size 20833  misses 61503  min 20832  max 20834
characteristic cache size (binary search) for 247 = 20833
End at: 2021-04-02 02:17:57.319605
Time elapsed: 0:00:01.191274
