Begin at: 2021-04-02 02:20:25.919773
['../dist/Debug/GNU-Linux/memo_batch_tester', '', '--mbt_execution_trace_fname', 'olcs4_traceback_csize_input_types/OLCS4_lru_2021_04_02__02_16_05_k_3__d_2_cache_size_160000_problems_10_to_400/OLCS4_lru_2021_04_02__02_16_05_k_3__d_2_cache_size_160000_problems_10_to_400/OLCS4__do_traceback_prob_size_340_cache_size_160000_lru_k_3_d_2_execution_trace_2021_4_2_2_20_25_pid_11261.log', '--mbt_cache_misses_fname', 'olcs4_traceback_csize_input_types/OLCS4_lru_2021_04_02__02_16_05_k_3__d_2_cache_size_160000_problems_10_to_400/lcs_cost_OLCS4_lru_misses_for_cache_size.csv', '--mbt_misses_for_problem_size_fname', 'olcs4_traceback_csize_input_types/OLCS4_lru_2021_04_02__02_16_05_k_3__d_2_cache_size_160000_problems_10_to_400/lcs_cost_OLCS4_lru_misses_for_problem_size.csv', '--mbt_exact_cutoff_min_cache_size', '160000', '--mbt_exact_cutoff_max_cache_size', '160000', '--mbt_problem_type', 'lcs', '--mbt_metric_type', 'csize_binary_search', '--mbt_cutoff_ratio', '2.2', '--mbt_instance_fname', '340', '--mbt_detailed_cache_misses_out_fname', 'csize_olcs4_traceback_0011nc_nc1100_0_8.csv', '--mbt_phi_N', '5.0', '--mbt_problem_size', '340', '--lcs_compute_length', '0', '--lcs_perform_traceback', '1', '--lig_instance_type', '0011nc_nc1100', '--lig_n', '340', '--lig_c', '0.8', '--lig_b', '3.0', '--lcs_oblivious', '4', '--lcs_execution_trace_fname', 'olcs4_traceback_csize_input_types/OLCS4_lru_2021_04_02__02_16_05_k_3__d_2_cache_size_160000_problems_10_to_400/OLCS4_lru_2021_04_02__02_16_05_k_3__d_2_cache_size_160000_problems_10_to_400/OLCS4__do_traceback_prob_size_340_cache_size_160000_lru_k_3_d_2_execution_trace_2021_4_2_2_20_25_pid_11261.log', '--memo_caching_strategy', 'lru', '--memo_cache_size', '160001', '--memo_lru_queue_size', '160000', '--memo_cuckoo_k', '4', '--memo_key_length', '8', '--memo_value_length', '8', '--memo_k_timestamps', '3', '--memo_d_recent_timestamps', '2', '--memo_a_items_per_timestamp_factor', '0.4375']

csize_binary_search chosen
lcs problem_type lcs cache_size 160001
initialize_long_int_cache begin
init_memo
arguments to memo:
 --mbt_execution_trace_fname olcs4_traceback_csize_input_types/OLCS4_lru_2021_04_02__02_16_05_k_3__d_2_cache_size_160000_problems_10_to_400/OLCS4_lru_2021_04_02__02_16_05_k_3__d_2_cache_size_160000_problems_10_to_400/OLCS4__do_traceback_prob_size_340_cache_size_160000_lru_k_3_d_2_execution_trace_2021_4_2_2_20_25_pid_11261.log --mbt_cache_misses_fname olcs4_traceback_csize_input_types/OLCS4_lru_2021_04_02__02_16_05_k_3__d_2_cache_size_160000_problems_10_to_400/lcs_cost_OLCS4_lru_misses_for_cache_size.csv --mbt_misses_for_problem_size_fname olcs4_traceback_csize_input_types/OLCS4_lru_2021_04_02__02_16_05_k_3__d_2_cache_size_160000_problems_10_to_400/lcs_cost_OLCS4_lru_misses_for_problem_size.csv --mbt_exact_cutoff_min_cache_size 160000 --mbt_exact_cutoff_max_cache_size 160000 --mbt_problem_type lcs --mbt_metric_type csize_binary_search --mbt_cutoff_ratio 2.2 --mbt_instance_fname 340 --mbt_detailed_cache_misses_out_fname csize_olcs4_traceback_0011nc_nc1100_0_8.csv --mbt_phi_N 5.0 --mbt_problem_size 340 --lcs_compute_length 0 --lcs_perform_traceback 1 --lig_instance_type 0011nc_nc1100 --lig_n 340 --lig_c 0.8 --lig_b 3.0 --lcs_oblivious 4 --lcs_execution_trace_fname olcs4_traceback_csize_input_types/OLCS4_lru_2021_04_02__02_16_05_k_3__d_2_cache_size_160000_problems_10_to_400/OLCS4_lru_2021_04_02__02_16_05_k_3__d_2_cache_size_160000_problems_10_to_400/OLCS4__do_traceback_prob_size_340_cache_size_160000_lru_k_3_d_2_execution_trace_2021_4_2_2_20_25_pid_11261.log --memo_caching_strategy lru --memo_cache_size 160001 --memo_lru_queue_size 160000 --memo_cuckoo_k 4 --memo_key_length 8 --memo_value_length 8 --memo_k_timestamps 3 --memo_d_recent_timestamps 2 --memo_a_items_per_timestamp_factor 0.4375 
calculate_table_size: table_size is 262144, original is 160001
Finished initializing cache
initialize_long_int_cache end
done initializing cache
initializing problem
done initializing problem
commence trials
Starting characteristic_cache_size_binary_search with max cache size 160001
binary search, size 160001  misses 116280
binary search, size 80000  misses 116280  min 0  max 160001
preemptive halt, cache_misses = 116281
preemptive halt, cache_misses = 116281
preemptive halt, cache_misses = 116281
preemptive halt, cache_misses = 116281
preemptive halt, cache_misses = 116281
preemptive halt, cache_misses = 116281
preemptive halt, cache_misses = 116281
preemptive halt, cache_misses = 116281
preemptive halt, cache_misses = 116281
preemptive halt, cache_misses = 116281
preemptive halt, cache_misses = 116281
preemptive halt, cache_misses = 116281
preemptive halt, cache_misses = 116281
preemptive halt, cache_misses = 116281
preemptive halt, cache_misses = 116281
preemptive halt, cache_misses = 116281
preemptive halt, cache_misses = 116281
preemptive halt, cache_misses = 116281
preemptive halt, cache_misses = 116281
preemptive halt, cache_misses = 116281
preemptive halt, cache_misses = 116281
preemptive halt, cache_misses = 116281
preemptive halt, cache_misses = 116281
preemptive halt, cache_misses = 116281
preemptive halt, cache_misses = 116281
preemptive halt, cache_misses = 116281
preemptive halt, cache_misses = 116281
preemptive halt, cache_misses = 116281
preemptive halt, cache_misses = 116281
preemptive halt, cache_misses = 116281
preemptive halt, cache_misses = 116281
preemptive halt, cache_misses = 116281
preemptive halt, cache_misses = 116281
preemptive halt, cache_misses = 116281
preemptive halt, cache_misses = 116281
preemptive halt, cache_misses = 116281
preemptive halt, cache_misses = 116281
preemptive halt, cache_misses = 116281
preemptive halt, cache_misses = 116281
preemptive halt, cache_misses = 116281
preemptive halt, cache_misses = 116281
preemptive halt, cache_misses = 116281
preemptive halt, cache_misses = 116281
preemptive halt, cache_misses = 116281
preemptive halt, cache_misses = 116281
preemptive halt, cache_misses = 116281
preemptive halt, cache_misses = 116281
preemptive halt, cache_misses = 116281
preemptive halt, cache_misses = 116281
preemptive halt, cache_misses = 116281
preemptive halt, cache_misses = 116281
preemptive halt, cache_misses = 116281
binary search, size 40000  misses 116281  min 0  max 80000
binary search, size 60000  misses 116280  min 40000  max 80000
binary search, size 50000  misses 116280  min 40000  max 60000
binary search, size 45000  misses 116280  min 40000  max 50000
preemptive halt, cache_misses = 116281
preemptive halt, cache_misses = 116281
preemptive halt, cache_misses = 116281
preemptive halt, cache_misses = 116281
preemptive halt, cache_misses = 116281
preemptive halt, cache_misses = 116281
preemptive halt, cache_misses = 116281
preemptive halt, cache_misses = 116281
preemptive halt, cache_misses = 116281
preemptive halt, cache_misses = 116281
preemptive halt, cache_misses = 116281
preemptive halt, cache_misses = 116281
preemptive halt, cache_misses = 116281
preemptive halt, cache_misses = 116281
preemptive halt, cache_misses = 116281
preemptive halt, cache_misses = 116281
preemptive halt, cache_misses = 116281
preemptive halt, cache_misses = 116281
preemptive halt, cache_misses = 116281
preemptive halt, cache_misses = 116281
preemptive halt, cache_misses = 116281
preemptive halt, cache_misses = 116281
preemptive halt, cache_misses = 116281
preemptive halt, cache_misses = 116281
preemptive halt, cache_misses = 116281
preemptive halt, cache_misses = 116281
preemptive halt, cache_misses = 116281
preemptive halt, cache_misses = 116281
preemptive halt, cache_misses = 116281
preemptive halt, cache_misses = 116281
preemptive halt, cache_misses = 116281
preemptive halt, cache_misses = 116281
preemptive halt, cache_misses = 116281
preemptive halt, cache_misses = 116281
preemptive halt, cache_misses = 116281
preemptive halt, cache_misses = 116281
preemptive halt, cache_misses = 116281
preemptive halt, cache_misses = 116281
preemptive halt, cache_misses = 116281
preemptive halt, cache_misses = 116281
preemptive halt, cache_misses = 116281
preemptive halt, cache_misses = 116281
preemptive halt, cache_misses = 116281
preemptive halt, cache_misses = 116281
preemptive halt, cache_misses = 116281
preemptive halt, cache_misses = 116281
preemptive halt, cache_misses = 116281
preemptive halt, cache_misses = 116281
preemptive halt, cache_misses = 116281
preemptive halt, cache_misses = 116281
preemptive halt, cache_misses = 116281
preemptive halt, cache_misses = 116281
binary search, size 42500  misses 116281  min 40000  max 45000
preemptive halt, cache_misses = 116282
preemptive halt, cache_misses = 116282
preemptive halt, cache_misses = 116282
preemptive halt, cache_misses = 116282
preemptive halt, cache_misses = 116282
preemptive halt, cache_misses = 116282
preemptive halt, cache_misses = 116282
preemptive halt, cache_misses = 116282
preemptive halt, cache_misses = 116282
preemptive halt, cache_misses = 116282
preemptive halt, cache_misses = 116282
preemptive halt, cache_misses = 116282
preemptive halt, cache_misses = 116282
preemptive halt, cache_misses = 116282
preemptive halt, cache_misses = 116282
preemptive halt, cache_misses = 116282
preemptive halt, cache_misses = 116282
preemptive halt, cache_misses = 116282
preemptive halt, cache_misses = 116282
preemptive halt, cache_misses = 116282
preemptive halt, cache_misses = 116282
preemptive halt, cache_misses = 116282
preemptive halt, cache_misses = 116282
preemptive halt, cache_misses = 116282
preemptive halt, cache_misses = 116282
preemptive halt, cache_misses = 116282
preemptive halt, cache_misses = 116282
preemptive halt, cache_misses = 116282
preemptive halt, cache_misses = 116282
preemptive halt, cache_misses = 116282
preemptive halt, cache_misses = 116282
preemptive halt, cache_misses = 116282
preemptive halt, cache_misses = 116282
preemptive halt, cache_misses = 116282
preemptive halt, cache_misses = 116282
preemptive halt, cache_misses = 116282
preemptive halt, cache_misses = 116282
preemptive halt, cache_misses = 116282
preemptive halt, cache_misses = 116282
preemptive halt, cache_misses = 116282
preemptive halt, cache_misses = 116282
preemptive halt, cache_misses = 116282
preemptive halt, cache_misses = 116282
preemptive halt, cache_misses = 116282
preemptive halt, cache_misses = 116282
preemptive halt, cache_misses = 116282
preemptive halt, cache_misses = 116282
preemptive halt, cache_misses = 116282
preemptive halt, cache_misses = 116282
preemptive halt, cache_misses = 116282
preemptive halt, cache_misses = 116282
preemptive halt, cache_misses = 116282
preemptive halt, cache_misses = 116282
preemptive halt, cache_misses = 116282
binary search, size 43750  misses 116282  min 42500  max 45000
preemptive halt, cache_misses = 116283
preemptive halt, cache_misses = 116283
preemptive halt, cache_misses = 116283
preemptive halt, cache_misses = 116283
preemptive halt, cache_misses = 116283
preemptive halt, cache_misses = 116283
preemptive halt, cache_misses = 116283
preemptive halt, cache_misses = 116283
preemptive halt, cache_misses = 116283
preemptive halt, cache_misses = 116283
preemptive halt, cache_misses = 116283
preemptive halt, cache_misses = 116283
preemptive halt, cache_misses = 116283
preemptive halt, cache_misses = 116283
preemptive halt, cache_misses = 116283
preemptive halt, cache_misses = 116283
preemptive halt, cache_misses = 116283
preemptive halt, cache_misses = 116283
preemptive halt, cache_misses = 116283
preemptive halt, cache_misses = 116283
preemptive halt, cache_misses = 116283
preemptive halt, cache_misses = 116283
preemptive halt, cache_misses = 116283
preemptive halt, cache_misses = 116283
preemptive halt, cache_misses = 116283
preemptive halt, cache_misses = 116283
preemptive halt, cache_misses = 116283
preemptive halt, cache_misses = 116283
preemptive halt, cache_misses = 116283
preemptive halt, cache_misses = 116283
preemptive halt, cache_misses = 116283
preemptive halt, cache_misses = 116283
preemptive halt, cache_misses = 116283
preemptive halt, cache_misses = 116283
preemptive halt, cache_misses = 116283
preemptive halt, cache_misses = 116283
preemptive halt, cache_misses = 116283
preemptive halt, cache_misses = 116283
preemptive halt, cache_misses = 116283
preemptive halt, cache_misses = 116283
preemptive halt, cache_misses = 116283
preemptive halt, cache_misses = 116283
preemptive halt, cache_misses = 116283
preemptive halt, cache_misses = 116283
preemptive halt, cache_misses = 116283
preemptive halt, cache_misses = 116283
preemptive halt, cache_misses = 116283
preemptive halt, cache_misses = 116283
preemptive halt, cache_misses = 116283
preemptive halt, cache_misses = 116283
preemptive halt, cache_misses = 116283
preemptive halt, cache_misses = 116283
preemptive halt, cache_misses = 116283
preemptive halt, cache_misses = 116283
preemptive halt, cache_misses = 116283
preemptive halt, cache_misses = 116283
binary search, size 44375  misses 116283  min 43750  max 45000
preemptive halt, cache_misses = 116284
preemptive halt, cache_misses = 116284
preemptive halt, cache_misses = 116284
preemptive halt, cache_misses = 116284
preemptive halt, cache_misses = 116284
preemptive halt, cache_misses = 116284
preemptive halt, cache_misses = 116284
preemptive halt, cache_misses = 116284
preemptive halt, cache_misses = 116284
preemptive halt, cache_misses = 116284
preemptive halt, cache_misses = 116284
preemptive halt, cache_misses = 116284
preemptive halt, cache_misses = 116284
preemptive halt, cache_misses = 116284
preemptive halt, cache_misses = 116284
preemptive halt, cache_misses = 116284
preemptive halt, cache_misses = 116284
preemptive halt, cache_misses = 116284
preemptive halt, cache_misses = 116284
preemptive halt, cache_misses = 116284
preemptive halt, cache_misses = 116284
preemptive halt, cache_misses = 116284
preemptive halt, cache_misses = 116284
preemptive halt, cache_misses = 116284
preemptive halt, cache_misses = 116284
preemptive halt, cache_misses = 116284
preemptive halt, cache_misses = 116284
preemptive halt, cache_misses = 116284
preemptive halt, cache_misses = 116284
preemptive halt, cache_misses = 116284
preemptive halt, cache_misses = 116284
preemptive halt, cache_misses = 116284
preemptive halt, cache_misses = 116284
preemptive halt, cache_misses = 116284
preemptive halt, cache_misses = 116284
preemptive halt, cache_misses = 116284
preemptive halt, cache_misses = 116284
preemptive halt, cache_misses = 116284
preemptive halt, cache_misses = 116284
preemptive halt, cache_misses = 116284
preemptive halt, cache_misses = 116284
preemptive halt, cache_misses = 116284
preemptive halt, cache_misses = 116284
preemptive halt, cache_misses = 116284
preemptive halt, cache_misses = 116284
preemptive halt, cache_misses = 116284
preemptive halt, cache_misses = 116284
preemptive halt, cache_misses = 116284
preemptive halt, cache_misses = 116284
preemptive halt, cache_misses = 116284
preemptive halt, cache_misses = 116284
preemptive halt, cache_misses = 116284
preemptive halt, cache_misses = 116284
preemptive halt, cache_misses = 116284
preemptive halt, cache_misses = 116284
preemptive halt, cache_misses = 116284
preemptive halt, cache_misses = 116284
preemptive halt, cache_misses = 116284
binary search, size 44687  misses 116284  min 44375  max 45000
binary search, size 44843  misses 116280  min 44687  max 45000
binary search, size 44765  misses 116280  min 44687  max 44843
binary search, size 44726  misses 116280  min 44687  max 44765
binary search, size 44706  misses 116280  min 44687  max 44726
binary search, size 44696  misses 116280  min 44687  max 44706
preemptive halt, cache_misses = 116281
preemptive halt, cache_misses = 116281
preemptive halt, cache_misses = 116281
preemptive halt, cache_misses = 116281
preemptive halt, cache_misses = 116281
preemptive halt, cache_misses = 116281
preemptive halt, cache_misses = 116281
preemptive halt, cache_misses = 116281
preemptive halt, cache_misses = 116281
preemptive halt, cache_misses = 116281
preemptive halt, cache_misses = 116281
preemptive halt, cache_misses = 116281
preemptive halt, cache_misses = 116281
preemptive halt, cache_misses = 116281
preemptive halt, cache_misses = 116281
preemptive halt, cache_misses = 116281
preemptive halt, cache_misses = 116281
preemptive halt, cache_misses = 116281
preemptive halt, cache_misses = 116281
preemptive halt, cache_misses = 116281
preemptive halt, cache_misses = 116281
preemptive halt, cache_misses = 116281
preemptive halt, cache_misses = 116281
preemptive halt, cache_misses = 116281
preemptive halt, cache_misses = 116281
preemptive halt, cache_misses = 116281
preemptive halt, cache_misses = 116281
preemptive halt, cache_misses = 116281
preemptive halt, cache_misses = 116281
preemptive halt, cache_misses = 116281
preemptive halt, cache_misses = 116281
preemptive halt, cache_misses = 116281
preemptive halt, cache_misses = 116281
preemptive halt, cache_misses = 116281
preemptive halt, cache_misses = 116281
preemptive halt, cache_misses = 116281
preemptive halt, cache_misses = 116281
preemptive halt, cache_misses = 116281
preemptive halt, cache_misses = 116281
preemptive halt, cache_misses = 116281
preemptive halt, cache_misses = 116281
preemptive halt, cache_misses = 116281
preemptive halt, cache_misses = 116281
preemptive halt, cache_misses = 116281
preemptive halt, cache_misses = 116281
preemptive halt, cache_misses = 116281
preemptive halt, cache_misses = 116281
preemptive halt, cache_misses = 116281
preemptive halt, cache_misses = 116281
preemptive halt, cache_misses = 116281
preemptive halt, cache_misses = 116281
preemptive halt, cache_misses = 116281
binary search, size 44691  misses 116281  min 44687  max 44696
preemptive halt, cache_misses = 116282
preemptive halt, cache_misses = 116282
preemptive halt, cache_misses = 116282
preemptive halt, cache_misses = 116282
preemptive halt, cache_misses = 116282
preemptive halt, cache_misses = 116282
preemptive halt, cache_misses = 116282
preemptive halt, cache_misses = 116282
preemptive halt, cache_misses = 116282
preemptive halt, cache_misses = 116282
preemptive halt, cache_misses = 116282
preemptive halt, cache_misses = 116282
preemptive halt, cache_misses = 116282
preemptive halt, cache_misses = 116282
preemptive halt, cache_misses = 116282
preemptive halt, cache_misses = 116282
preemptive halt, cache_misses = 116282
preemptive halt, cache_misses = 116282
preemptive halt, cache_misses = 116282
preemptive halt, cache_misses = 116282
preemptive halt, cache_misses = 116282
preemptive halt, cache_misses = 116282
preemptive halt, cache_misses = 116282
preemptive halt, cache_misses = 116282
preemptive halt, cache_misses = 116282
preemptive halt, cache_misses = 116282
preemptive halt, cache_misses = 116282
preemptive halt, cache_misses = 116282
preemptive halt, cache_misses = 116282
preemptive halt, cache_misses = 116282
preemptive halt, cache_misses = 116282
preemptive halt, cache_misses = 116282
preemptive halt, cache_misses = 116282
preemptive halt, cache_misses = 116282
preemptive halt, cache_misses = 116282
preemptive halt, cache_misses = 116282
preemptive halt, cache_misses = 116282
preemptive halt, cache_misses = 116282
preemptive halt, cache_misses = 116282
preemptive halt, cache_misses = 116282
preemptive halt, cache_misses = 116282
preemptive halt, cache_misses = 116282
preemptive halt, cache_misses = 116282
preemptive halt, cache_misses = 116282
preemptive halt, cache_misses = 116282
preemptive halt, cache_misses = 116282
preemptive halt, cache_misses = 116282
preemptive halt, cache_misses = 116282
preemptive halt, cache_misses = 116282
preemptive halt, cache_misses = 116282
preemptive halt, cache_misses = 116282
preemptive halt, cache_misses = 116282
preemptive halt, cache_misses = 116282
preemptive halt, cache_misses = 116282
binary search, size 44693  misses 116282  min 44691  max 44696
preemptive halt, cache_misses = 116283
preemptive halt, cache_misses = 116283
preemptive halt, cache_misses = 116283
preemptive halt, cache_misses = 116283
preemptive halt, cache_misses = 116283
preemptive halt, cache_misses = 116283
preemptive halt, cache_misses = 116283
preemptive halt, cache_misses = 116283
preemptive halt, cache_misses = 116283
preemptive halt, cache_misses = 116283
preemptive halt, cache_misses = 116283
preemptive halt, cache_misses = 116283
preemptive halt, cache_misses = 116283
preemptive halt, cache_misses = 116283
preemptive halt, cache_misses = 116283
preemptive halt, cache_misses = 116283
preemptive halt, cache_misses = 116283
preemptive halt, cache_misses = 116283
preemptive halt, cache_misses = 116283
preemptive halt, cache_misses = 116283
preemptive halt, cache_misses = 116283
preemptive halt, cache_misses = 116283
preemptive halt, cache_misses = 116283
preemptive halt, cache_misses = 116283
preemptive halt, cache_misses = 116283
preemptive halt, cache_misses = 116283
preemptive halt, cache_misses = 116283
preemptive halt, cache_misses = 116283
preemptive halt, cache_misses = 116283
preemptive halt, cache_misses = 116283
preemptive halt, cache_misses = 116283
preemptive halt, cache_misses = 116283
preemptive halt, cache_misses = 116283
preemptive halt, cache_misses = 116283
preemptive halt, cache_misses = 116283
preemptive halt, cache_misses = 116283
preemptive halt, cache_misses = 116283
preemptive halt, cache_misses = 116283
preemptive halt, cache_misses = 116283
preemptive halt, cache_misses = 116283
preemptive halt, cache_misses = 116283
preemptive halt, cache_misses = 116283
preemptive halt, cache_misses = 116283
preemptive halt, cache_misses = 116283
preemptive halt, cache_misses = 116283
preemptive halt, cache_misses = 116283
preemptive halt, cache_misses = 116283
preemptive halt, cache_misses = 116283
preemptive halt, cache_misses = 116283
preemptive halt, cache_misses = 116283
preemptive halt, cache_misses = 116283
preemptive halt, cache_misses = 116283
preemptive halt, cache_misses = 116283
preemptive halt, cache_misses = 116283
preemptive halt, cache_misses = 116283
preemptive halt, cache_misses = 116283
binary search, size 44694  misses 116283  min 44693  max 44696
preemptive halt, cache_misses = 116284
preemptive halt, cache_misses = 116284
preemptive halt, cache_misses = 116284
preemptive halt, cache_misses = 116284
preemptive halt, cache_misses = 116284
preemptive halt, cache_misses = 116284
preemptive halt, cache_misses = 116284
preemptive halt, cache_misses = 116284
preemptive halt, cache_misses = 116284
preemptive halt, cache_misses = 116284
preemptive halt, cache_misses = 116284
preemptive halt, cache_misses = 116284
preemptive halt, cache_misses = 116284
preemptive halt, cache_misses = 116284
preemptive halt, cache_misses = 116284
preemptive halt, cache_misses = 116284
preemptive halt, cache_misses = 116284
preemptive halt, cache_misses = 116284
preemptive halt, cache_misses = 116284
preemptive halt, cache_misses = 116284
preemptive halt, cache_misses = 116284
preemptive halt, cache_misses = 116284
preemptive halt, cache_misses = 116284
preemptive halt, cache_misses = 116284
preemptive halt, cache_misses = 116284
preemptive halt, cache_misses = 116284
preemptive halt, cache_misses = 116284
preemptive halt, cache_misses = 116284
preemptive halt, cache_misses = 116284
preemptive halt, cache_misses = 116284
preemptive halt, cache_misses = 116284
preemptive halt, cache_misses = 116284
preemptive halt, cache_misses = 116284
preemptive halt, cache_misses = 116284
preemptive halt, cache_misses = 116284
preemptive halt, cache_misses = 116284
preemptive halt, cache_misses = 116284
preemptive halt, cache_misses = 116284
preemptive halt, cache_misses = 116284
preemptive halt, cache_misses = 116284
preemptive halt, cache_misses = 116284
preemptive halt, cache_misses = 116284
preemptive halt, cache_misses = 116284
preemptive halt, cache_misses = 116284
preemptive halt, cache_misses = 116284
preemptive halt, cache_misses = 116284
preemptive halt, cache_misses = 116284
preemptive halt, cache_misses = 116284
preemptive halt, cache_misses = 116284
preemptive halt, cache_misses = 116284
preemptive halt, cache_misses = 116284
preemptive halt, cache_misses = 116284
preemptive halt, cache_misses = 116284
preemptive halt, cache_misses = 116284
preemptive halt, cache_misses = 116284
preemptive halt, cache_misses = 116284
preemptive halt, cache_misses = 116284
preemptive halt, cache_misses = 116284
binary search, size 44695  misses 116284  min 44694  max 44696
characteristic cache size (binary search) for 340 = 44696
End at: 2021-04-02 02:20:28.062478
Time elapsed: 0:00:02.142720
