Begin at: 2021-04-02 02:17:29.723180
['../dist/Debug/GNU-Linux/memo_batch_tester', '', '--mbt_execution_trace_fname', 'olcs4_traceback_csize_input_types/OLCS4_lru_2021_04_02__02_16_05_k_3__d_2_cache_size_160000_problems_10_to_400/OLCS4_lru_2021_04_02__02_16_05_k_3__d_2_cache_size_160000_problems_10_to_400/OLCS4__do_traceback_prob_size_222_cache_size_160000_lru_k_3_d_2_execution_trace_2021_4_2_2_17_29_pid_11012.log', '--mbt_cache_misses_fname', 'olcs4_traceback_csize_input_types/OLCS4_lru_2021_04_02__02_16_05_k_3__d_2_cache_size_160000_problems_10_to_400/lcs_cost_OLCS4_lru_misses_for_cache_size.csv', '--mbt_misses_for_problem_size_fname', 'olcs4_traceback_csize_input_types/OLCS4_lru_2021_04_02__02_16_05_k_3__d_2_cache_size_160000_problems_10_to_400/lcs_cost_OLCS4_lru_misses_for_problem_size.csv', '--mbt_exact_cutoff_min_cache_size', '160000', '--mbt_exact_cutoff_max_cache_size', '160000', '--mbt_problem_type', 'lcs', '--mbt_metric_type', 'csize_binary_search', '--mbt_cutoff_ratio', '2.2', '--mbt_instance_fname', '222', '--mbt_detailed_cache_misses_out_fname', 'csize_olcs4_traceback_0011nc_nc1100_0_8.csv', '--mbt_phi_N', '5.0', '--mbt_problem_size', '222', '--lcs_compute_length', '0', '--lcs_perform_traceback', '1', '--lig_instance_type', '0011nc_nc1100', '--lig_n', '222', '--lig_c', '0.8', '--lig_b', '3.0', '--lcs_oblivious', '4', '--lcs_execution_trace_fname', 'olcs4_traceback_csize_input_types/OLCS4_lru_2021_04_02__02_16_05_k_3__d_2_cache_size_160000_problems_10_to_400/OLCS4_lru_2021_04_02__02_16_05_k_3__d_2_cache_size_160000_problems_10_to_400/OLCS4__do_traceback_prob_size_222_cache_size_160000_lru_k_3_d_2_execution_trace_2021_4_2_2_17_29_pid_11012.log', '--memo_caching_strategy', 'lru', '--memo_cache_size', '160001', '--memo_lru_queue_size', '160000', '--memo_cuckoo_k', '4', '--memo_key_length', '8', '--memo_value_length', '8', '--memo_k_timestamps', '3', '--memo_d_recent_timestamps', '2', '--memo_a_items_per_timestamp_factor', '0.4375']

csize_binary_search chosen
lcs problem_type lcs cache_size 160001
initialize_long_int_cache begin
init_memo
arguments to memo:
 --mbt_execution_trace_fname olcs4_traceback_csize_input_types/OLCS4_lru_2021_04_02__02_16_05_k_3__d_2_cache_size_160000_problems_10_to_400/OLCS4_lru_2021_04_02__02_16_05_k_3__d_2_cache_size_160000_problems_10_to_400/OLCS4__do_traceback_prob_size_222_cache_size_160000_lru_k_3_d_2_execution_trace_2021_4_2_2_17_29_pid_11012.log --mbt_cache_misses_fname olcs4_traceback_csize_input_types/OLCS4_lru_2021_04_02__02_16_05_k_3__d_2_cache_size_160000_problems_10_to_400/lcs_cost_OLCS4_lru_misses_for_cache_size.csv --mbt_misses_for_problem_size_fname olcs4_traceback_csize_input_types/OLCS4_lru_2021_04_02__02_16_05_k_3__d_2_cache_size_160000_problems_10_to_400/lcs_cost_OLCS4_lru_misses_for_problem_size.csv --mbt_exact_cutoff_min_cache_size 160000 --mbt_exact_cutoff_max_cache_size 160000 --mbt_problem_type lcs --mbt_metric_type csize_binary_search --mbt_cutoff_ratio 2.2 --mbt_instance_fname 222 --mbt_detailed_cache_misses_out_fname csize_olcs4_traceback_0011nc_nc1100_0_8.csv --mbt_phi_N 5.0 --mbt_problem_size 222 --lcs_compute_length 0 --lcs_perform_traceback 1 --lig_instance_type 0011nc_nc1100 --lig_n 222 --lig_c 0.8 --lig_b 3.0 --lcs_oblivious 4 --lcs_execution_trace_fname olcs4_traceback_csize_input_types/OLCS4_lru_2021_04_02__02_16_05_k_3__d_2_cache_size_160000_problems_10_to_400/OLCS4_lru_2021_04_02__02_16_05_k_3__d_2_cache_size_160000_problems_10_to_400/OLCS4__do_traceback_prob_size_222_cache_size_160000_lru_k_3_d_2_execution_trace_2021_4_2_2_17_29_pid_11012.log --memo_caching_strategy lru --memo_cache_size 160001 --memo_lru_queue_size 160000 --memo_cuckoo_k 4 --memo_key_length 8 --memo_value_length 8 --memo_k_timestamps 3 --memo_d_recent_timestamps 2 --memo_a_items_per_timestamp_factor 0.4375 
calculate_table_size: table_size is 262144, original is 160001
Finished initializing cache
initialize_long_int_cache end
done initializing cache
initializing problem
done initializing problem
commence trials
Starting characteristic_cache_size_binary_search with max cache size 160001
binary search, size 160001  misses 49728
binary search, size 80000  misses 49728  min 0  max 160001
binary search, size 40000  misses 49728  min 0  max 80000
preemptive halt, cache_misses = 49729
preemptive halt, cache_misses = 49729
preemptive halt, cache_misses = 49729
preemptive halt, cache_misses = 49729
preemptive halt, cache_misses = 49729
preemptive halt, cache_misses = 49729
preemptive halt, cache_misses = 49729
preemptive halt, cache_misses = 49729
preemptive halt, cache_misses = 49729
preemptive halt, cache_misses = 49729
preemptive halt, cache_misses = 49729
preemptive halt, cache_misses = 49729
preemptive halt, cache_misses = 49729
preemptive halt, cache_misses = 49729
preemptive halt, cache_misses = 49729
preemptive halt, cache_misses = 49729
preemptive halt, cache_misses = 49729
preemptive halt, cache_misses = 49729
preemptive halt, cache_misses = 49729
preemptive halt, cache_misses = 49729
preemptive halt, cache_misses = 49729
preemptive halt, cache_misses = 49729
preemptive halt, cache_misses = 49729
preemptive halt, cache_misses = 49729
preemptive halt, cache_misses = 49729
preemptive halt, cache_misses = 49729
preemptive halt, cache_misses = 49729
preemptive halt, cache_misses = 49729
preemptive halt, cache_misses = 49729
preemptive halt, cache_misses = 49729
preemptive halt, cache_misses = 49729
preemptive halt, cache_misses = 49729
preemptive halt, cache_misses = 49729
preemptive halt, cache_misses = 49729
preemptive halt, cache_misses = 49729
preemptive halt, cache_misses = 49729
preemptive halt, cache_misses = 49729
preemptive halt, cache_misses = 49729
preemptive halt, cache_misses = 49729
preemptive halt, cache_misses = 49729
preemptive halt, cache_misses = 49729
preemptive halt, cache_misses = 49729
preemptive halt, cache_misses = 49729
preemptive halt, cache_misses = 49729
preemptive halt, cache_misses = 49729
preemptive halt, cache_misses = 49729
preemptive halt, cache_misses = 49729
preemptive halt, cache_misses = 49729
preemptive halt, cache_misses = 49729
preemptive halt, cache_misses = 49729
preemptive halt, cache_misses = 49729
preemptive halt, cache_misses = 49729
preemptive halt, cache_misses = 49729
preemptive halt, cache_misses = 49729
preemptive halt, cache_misses = 49729
preemptive halt, cache_misses = 49729
preemptive halt, cache_misses = 49729
preemptive halt, cache_misses = 49729
preemptive halt, cache_misses = 49729
preemptive halt, cache_misses = 49729
preemptive halt, cache_misses = 49729
preemptive halt, cache_misses = 49729
preemptive halt, cache_misses = 49729
preemptive halt, cache_misses = 49729
preemptive halt, cache_misses = 49729
preemptive halt, cache_misses = 49729
preemptive halt, cache_misses = 49729
preemptive halt, cache_misses = 49729
preemptive halt, cache_misses = 49729
preemptive halt, cache_misses = 49729
preemptive halt, cache_misses = 49729
preemptive halt, cache_misses = 49729
preemptive halt, cache_misses = 49729
preemptive halt, cache_misses = 49729
preemptive halt, cache_misses = 49729
preemptive halt, cache_misses = 49729
preemptive halt, cache_misses = 49729
preemptive halt, cache_misses = 49729
preemptive halt, cache_misses = 49729
preemptive halt, cache_misses = 49729
preemptive halt, cache_misses = 49729
preemptive halt, cache_misses = 49729
preemptive halt, cache_misses = 49729
preemptive halt, cache_misses = 49729
preemptive halt, cache_misses = 49729
preemptive halt, cache_misses = 49729
preemptive halt, cache_misses = 49729
preemptive halt, cache_misses = 49729
preemptive halt, cache_misses = 49729
preemptive halt, cache_misses = 49729
preemptive halt, cache_misses = 49729
preemptive halt, cache_misses = 49729
preemptive halt, cache_misses = 49729
preemptive halt, cache_misses = 49729
preemptive halt, cache_misses = 49729
preemptive halt, cache_misses = 49729
preemptive halt, cache_misses = 49729
preemptive halt, cache_misses = 49729
preemptive halt, cache_misses = 49729
preemptive halt, cache_misses = 49729
preemptive halt, cache_misses = 49729
preemptive halt, cache_misses = 49729
preemptive halt, cache_misses = 49729
preemptive halt, cache_misses = 49729
preemptive halt, cache_misses = 49729
preemptive halt, cache_misses = 49729
preemptive halt, cache_misses = 49729
preemptive halt, cache_misses = 49729
preemptive halt, cache_misses = 49729
preemptive halt, cache_misses = 49729
preemptive halt, cache_misses = 49729
preemptive halt, cache_misses = 49729
preemptive halt, cache_misses = 49729
preemptive halt, cache_misses = 49729
preemptive halt, cache_misses = 49729
preemptive halt, cache_misses = 49729
preemptive halt, cache_misses = 49729
preemptive halt, cache_misses = 49729
preemptive halt, cache_misses = 49729
preemptive halt, cache_misses = 49729
preemptive halt, cache_misses = 49729
preemptive halt, cache_misses = 49729
preemptive halt, cache_misses = 49729
preemptive halt, cache_misses = 49729
preemptive halt, cache_misses = 49729
preemptive halt, cache_misses = 49729
preemptive halt, cache_misses = 49729
preemptive halt, cache_misses = 49729
preemptive halt, cache_misses = 49729
preemptive halt, cache_misses = 49729
preemptive halt, cache_misses = 49729
preemptive halt, cache_misses = 49729
preemptive halt, cache_misses = 49729
preemptive halt, cache_misses = 49729
preemptive halt, cache_misses = 49729
preemptive halt, cache_misses = 49729
preemptive halt, cache_misses = 49729
preemptive halt, cache_misses = 49729
preemptive halt, cache_misses = 49729
preemptive halt, cache_misses = 49729
preemptive halt, cache_misses = 49729
preemptive halt, cache_misses = 49729
preemptive halt, cache_misses = 49729
preemptive halt, cache_misses = 49729
preemptive halt, cache_misses = 49729
preemptive halt, cache_misses = 49729
binary search, size 20000  misses 49729  min 0  max 40000
preemptive halt, cache_misses = 49730
preemptive halt, cache_misses = 49730
preemptive halt, cache_misses = 49730
preemptive halt, cache_misses = 49730
preemptive halt, cache_misses = 49730
preemptive halt, cache_misses = 49730
preemptive halt, cache_misses = 49730
preemptive halt, cache_misses = 49730
preemptive halt, cache_misses = 49730
preemptive halt, cache_misses = 49730
preemptive halt, cache_misses = 49730
preemptive halt, cache_misses = 49730
preemptive halt, cache_misses = 49730
preemptive halt, cache_misses = 49730
preemptive halt, cache_misses = 49730
preemptive halt, cache_misses = 49730
preemptive halt, cache_misses = 49730
preemptive halt, cache_misses = 49730
preemptive halt, cache_misses = 49730
preemptive halt, cache_misses = 49730
preemptive halt, cache_misses = 49730
preemptive halt, cache_misses = 49730
preemptive halt, cache_misses = 49730
preemptive halt, cache_misses = 49730
preemptive halt, cache_misses = 49730
preemptive halt, cache_misses = 49730
preemptive halt, cache_misses = 49730
preemptive halt, cache_misses = 49730
preemptive halt, cache_misses = 49730
preemptive halt, cache_misses = 49730
preemptive halt, cache_misses = 49730
preemptive halt, cache_misses = 49730
preemptive halt, cache_misses = 49730
preemptive halt, cache_misses = 49730
preemptive halt, cache_misses = 49730
preemptive halt, cache_misses = 49730
preemptive halt, cache_misses = 49730
preemptive halt, cache_misses = 49730
preemptive halt, cache_misses = 49730
preemptive halt, cache_misses = 49730
preemptive halt, cache_misses = 49730
preemptive halt, cache_misses = 49730
preemptive halt, cache_misses = 49730
preemptive halt, cache_misses = 49730
preemptive halt, cache_misses = 49730
preemptive halt, cache_misses = 49730
preemptive halt, cache_misses = 49730
preemptive halt, cache_misses = 49730
preemptive halt, cache_misses = 49730
preemptive halt, cache_misses = 49730
preemptive halt, cache_misses = 49730
preemptive halt, cache_misses = 49730
preemptive halt, cache_misses = 49730
preemptive halt, cache_misses = 49730
preemptive halt, cache_misses = 49730
preemptive halt, cache_misses = 49730
preemptive halt, cache_misses = 49730
preemptive halt, cache_misses = 49730
preemptive halt, cache_misses = 49730
preemptive halt, cache_misses = 49730
preemptive halt, cache_misses = 49730
preemptive halt, cache_misses = 49730
preemptive halt, cache_misses = 49730
preemptive halt, cache_misses = 49730
preemptive halt, cache_misses = 49730
preemptive halt, cache_misses = 49730
preemptive halt, cache_misses = 49730
preemptive halt, cache_misses = 49730
preemptive halt, cache_misses = 49730
preemptive halt, cache_misses = 49730
preemptive halt, cache_misses = 49730
preemptive halt, cache_misses = 49730
preemptive halt, cache_misses = 49730
preemptive halt, cache_misses = 49730
preemptive halt, cache_misses = 49730
preemptive halt, cache_misses = 49730
preemptive halt, cache_misses = 49730
preemptive halt, cache_misses = 49730
preemptive halt, cache_misses = 49730
preemptive halt, cache_misses = 49730
preemptive halt, cache_misses = 49730
preemptive halt, cache_misses = 49730
preemptive halt, cache_misses = 49730
preemptive halt, cache_misses = 49730
preemptive halt, cache_misses = 49730
preemptive halt, cache_misses = 49730
preemptive halt, cache_misses = 49730
preemptive halt, cache_misses = 49730
preemptive halt, cache_misses = 49730
preemptive halt, cache_misses = 49730
preemptive halt, cache_misses = 49730
preemptive halt, cache_misses = 49730
preemptive halt, cache_misses = 49730
preemptive halt, cache_misses = 49730
preemptive halt, cache_misses = 49730
preemptive halt, cache_misses = 49730
preemptive halt, cache_misses = 49730
preemptive halt, cache_misses = 49730
preemptive halt, cache_misses = 49730
preemptive halt, cache_misses = 49730
preemptive halt, cache_misses = 49730
preemptive halt, cache_misses = 49730
preemptive halt, cache_misses = 49730
preemptive halt, cache_misses = 49730
preemptive halt, cache_misses = 49730
preemptive halt, cache_misses = 49730
preemptive halt, cache_misses = 49730
preemptive halt, cache_misses = 49730
preemptive halt, cache_misses = 49730
preemptive halt, cache_misses = 49730
preemptive halt, cache_misses = 49730
preemptive halt, cache_misses = 49730
preemptive halt, cache_misses = 49730
preemptive halt, cache_misses = 49730
preemptive halt, cache_misses = 49730
preemptive halt, cache_misses = 49730
preemptive halt, cache_misses = 49730
preemptive halt, cache_misses = 49730
preemptive halt, cache_misses = 49730
preemptive halt, cache_misses = 49730
preemptive halt, cache_misses = 49730
preemptive halt, cache_misses = 49730
preemptive halt, cache_misses = 49730
preemptive halt, cache_misses = 49730
preemptive halt, cache_misses = 49730
preemptive halt, cache_misses = 49730
preemptive halt, cache_misses = 49730
preemptive halt, cache_misses = 49730
preemptive halt, cache_misses = 49730
preemptive halt, cache_misses = 49730
preemptive halt, cache_misses = 49730
preemptive halt, cache_misses = 49730
preemptive halt, cache_misses = 49730
preemptive halt, cache_misses = 49730
preemptive halt, cache_misses = 49730
preemptive halt, cache_misses = 49730
preemptive halt, cache_misses = 49730
preemptive halt, cache_misses = 49730
preemptive halt, cache_misses = 49730
preemptive halt, cache_misses = 49730
preemptive halt, cache_misses = 49730
preemptive halt, cache_misses = 49730
preemptive halt, cache_misses = 49730
preemptive halt, cache_misses = 49730
preemptive halt, cache_misses = 49730
preemptive halt, cache_misses = 49730
preemptive halt, cache_misses = 49730
preemptive halt, cache_misses = 49730
binary search, size 30000  misses 49730  min 20000  max 40000
binary search, size 35000  misses 49728  min 30000  max 40000
preemptive halt, cache_misses = 49729
preemptive halt, cache_misses = 49729
preemptive halt, cache_misses = 49729
preemptive halt, cache_misses = 49729
preemptive halt, cache_misses = 49729
preemptive halt, cache_misses = 49729
preemptive halt, cache_misses = 49729
preemptive halt, cache_misses = 49729
preemptive halt, cache_misses = 49729
preemptive halt, cache_misses = 49729
preemptive halt, cache_misses = 49729
preemptive halt, cache_misses = 49729
preemptive halt, cache_misses = 49729
preemptive halt, cache_misses = 49729
preemptive halt, cache_misses = 49729
preemptive halt, cache_misses = 49729
preemptive halt, cache_misses = 49729
preemptive halt, cache_misses = 49729
preemptive halt, cache_misses = 49729
preemptive halt, cache_misses = 49729
preemptive halt, cache_misses = 49729
preemptive halt, cache_misses = 49729
preemptive halt, cache_misses = 49729
preemptive halt, cache_misses = 49729
preemptive halt, cache_misses = 49729
preemptive halt, cache_misses = 49729
preemptive halt, cache_misses = 49729
preemptive halt, cache_misses = 49729
preemptive halt, cache_misses = 49729
preemptive halt, cache_misses = 49729
preemptive halt, cache_misses = 49729
preemptive halt, cache_misses = 49729
preemptive halt, cache_misses = 49729
preemptive halt, cache_misses = 49729
preemptive halt, cache_misses = 49729
preemptive halt, cache_misses = 49729
preemptive halt, cache_misses = 49729
preemptive halt, cache_misses = 49729
preemptive halt, cache_misses = 49729
preemptive halt, cache_misses = 49729
preemptive halt, cache_misses = 49729
preemptive halt, cache_misses = 49729
preemptive halt, cache_misses = 49729
preemptive halt, cache_misses = 49729
preemptive halt, cache_misses = 49729
preemptive halt, cache_misses = 49729
preemptive halt, cache_misses = 49729
preemptive halt, cache_misses = 49729
preemptive halt, cache_misses = 49729
preemptive halt, cache_misses = 49729
preemptive halt, cache_misses = 49729
preemptive halt, cache_misses = 49729
preemptive halt, cache_misses = 49729
preemptive halt, cache_misses = 49729
preemptive halt, cache_misses = 49729
preemptive halt, cache_misses = 49729
preemptive halt, cache_misses = 49729
preemptive halt, cache_misses = 49729
preemptive halt, cache_misses = 49729
preemptive halt, cache_misses = 49729
preemptive halt, cache_misses = 49729
preemptive halt, cache_misses = 49729
preemptive halt, cache_misses = 49729
preemptive halt, cache_misses = 49729
preemptive halt, cache_misses = 49729
preemptive halt, cache_misses = 49729
preemptive halt, cache_misses = 49729
preemptive halt, cache_misses = 49729
preemptive halt, cache_misses = 49729
preemptive halt, cache_misses = 49729
preemptive halt, cache_misses = 49729
preemptive halt, cache_misses = 49729
preemptive halt, cache_misses = 49729
preemptive halt, cache_misses = 49729
preemptive halt, cache_misses = 49729
preemptive halt, cache_misses = 49729
preemptive halt, cache_misses = 49729
preemptive halt, cache_misses = 49729
preemptive halt, cache_misses = 49729
preemptive halt, cache_misses = 49729
preemptive halt, cache_misses = 49729
preemptive halt, cache_misses = 49729
preemptive halt, cache_misses = 49729
preemptive halt, cache_misses = 49729
preemptive halt, cache_misses = 49729
preemptive halt, cache_misses = 49729
preemptive halt, cache_misses = 49729
preemptive halt, cache_misses = 49729
preemptive halt, cache_misses = 49729
preemptive halt, cache_misses = 49729
preemptive halt, cache_misses = 49729
preemptive halt, cache_misses = 49729
preemptive halt, cache_misses = 49729
preemptive halt, cache_misses = 49729
preemptive halt, cache_misses = 49729
preemptive halt, cache_misses = 49729
preemptive halt, cache_misses = 49729
preemptive halt, cache_misses = 49729
preemptive halt, cache_misses = 49729
preemptive halt, cache_misses = 49729
preemptive halt, cache_misses = 49729
preemptive halt, cache_misses = 49729
preemptive halt, cache_misses = 49729
preemptive halt, cache_misses = 49729
preemptive halt, cache_misses = 49729
preemptive halt, cache_misses = 49729
preemptive halt, cache_misses = 49729
preemptive halt, cache_misses = 49729
preemptive halt, cache_misses = 49729
preemptive halt, cache_misses = 49729
preemptive halt, cache_misses = 49729
preemptive halt, cache_misses = 49729
preemptive halt, cache_misses = 49729
preemptive halt, cache_misses = 49729
preemptive halt, cache_misses = 49729
preemptive halt, cache_misses = 49729
preemptive halt, cache_misses = 49729
preemptive halt, cache_misses = 49729
preemptive halt, cache_misses = 49729
preemptive halt, cache_misses = 49729
preemptive halt, cache_misses = 49729
preemptive halt, cache_misses = 49729
preemptive halt, cache_misses = 49729
preemptive halt, cache_misses = 49729
preemptive halt, cache_misses = 49729
preemptive halt, cache_misses = 49729
preemptive halt, cache_misses = 49729
preemptive halt, cache_misses = 49729
preemptive halt, cache_misses = 49729
preemptive halt, cache_misses = 49729
preemptive halt, cache_misses = 49729
preemptive halt, cache_misses = 49729
preemptive halt, cache_misses = 49729
preemptive halt, cache_misses = 49729
preemptive halt, cache_misses = 49729
preemptive halt, cache_misses = 49729
preemptive halt, cache_misses = 49729
preemptive halt, cache_misses = 49729
preemptive halt, cache_misses = 49729
preemptive halt, cache_misses = 49729
preemptive halt, cache_misses = 49729
preemptive halt, cache_misses = 49729
preemptive halt, cache_misses = 49729
preemptive halt, cache_misses = 49729
preemptive halt, cache_misses = 49729
preemptive halt, cache_misses = 49729
binary search, size 32500  misses 49729  min 30000  max 35000
binary search, size 33750  misses 49728  min 32500  max 35000
binary search, size 33125  misses 49728  min 32500  max 33750
preemptive halt, cache_misses = 49729
preemptive halt, cache_misses = 49729
preemptive halt, cache_misses = 49729
preemptive halt, cache_misses = 49729
preemptive halt, cache_misses = 49729
preemptive halt, cache_misses = 49729
preemptive halt, cache_misses = 49729
preemptive halt, cache_misses = 49729
preemptive halt, cache_misses = 49729
preemptive halt, cache_misses = 49729
preemptive halt, cache_misses = 49729
preemptive halt, cache_misses = 49729
preemptive halt, cache_misses = 49729
preemptive halt, cache_misses = 49729
preemptive halt, cache_misses = 49729
preemptive halt, cache_misses = 49729
preemptive halt, cache_misses = 49729
preemptive halt, cache_misses = 49729
preemptive halt, cache_misses = 49729
preemptive halt, cache_misses = 49729
preemptive halt, cache_misses = 49729
preemptive halt, cache_misses = 49729
preemptive halt, cache_misses = 49729
preemptive halt, cache_misses = 49729
preemptive halt, cache_misses = 49729
preemptive halt, cache_misses = 49729
preemptive halt, cache_misses = 49729
preemptive halt, cache_misses = 49729
preemptive halt, cache_misses = 49729
preemptive halt, cache_misses = 49729
preemptive halt, cache_misses = 49729
preemptive halt, cache_misses = 49729
preemptive halt, cache_misses = 49729
preemptive halt, cache_misses = 49729
preemptive halt, cache_misses = 49729
preemptive halt, cache_misses = 49729
preemptive halt, cache_misses = 49729
preemptive halt, cache_misses = 49729
preemptive halt, cache_misses = 49729
preemptive halt, cache_misses = 49729
preemptive halt, cache_misses = 49729
preemptive halt, cache_misses = 49729
preemptive halt, cache_misses = 49729
preemptive halt, cache_misses = 49729
preemptive halt, cache_misses = 49729
preemptive halt, cache_misses = 49729
preemptive halt, cache_misses = 49729
preemptive halt, cache_misses = 49729
preemptive halt, cache_misses = 49729
preemptive halt, cache_misses = 49729
preemptive halt, cache_misses = 49729
preemptive halt, cache_misses = 49729
preemptive halt, cache_misses = 49729
preemptive halt, cache_misses = 49729
preemptive halt, cache_misses = 49729
preemptive halt, cache_misses = 49729
preemptive halt, cache_misses = 49729
preemptive halt, cache_misses = 49729
preemptive halt, cache_misses = 49729
preemptive halt, cache_misses = 49729
preemptive halt, cache_misses = 49729
preemptive halt, cache_misses = 49729
preemptive halt, cache_misses = 49729
preemptive halt, cache_misses = 49729
preemptive halt, cache_misses = 49729
preemptive halt, cache_misses = 49729
preemptive halt, cache_misses = 49729
preemptive halt, cache_misses = 49729
preemptive halt, cache_misses = 49729
preemptive halt, cache_misses = 49729
preemptive halt, cache_misses = 49729
preemptive halt, cache_misses = 49729
preemptive halt, cache_misses = 49729
preemptive halt, cache_misses = 49729
preemptive halt, cache_misses = 49729
preemptive halt, cache_misses = 49729
preemptive halt, cache_misses = 49729
preemptive halt, cache_misses = 49729
preemptive halt, cache_misses = 49729
preemptive halt, cache_misses = 49729
preemptive halt, cache_misses = 49729
preemptive halt, cache_misses = 49729
preemptive halt, cache_misses = 49729
preemptive halt, cache_misses = 49729
preemptive halt, cache_misses = 49729
preemptive halt, cache_misses = 49729
preemptive halt, cache_misses = 49729
preemptive halt, cache_misses = 49729
preemptive halt, cache_misses = 49729
preemptive halt, cache_misses = 49729
preemptive halt, cache_misses = 49729
preemptive halt, cache_misses = 49729
preemptive halt, cache_misses = 49729
preemptive halt, cache_misses = 49729
preemptive halt, cache_misses = 49729
preemptive halt, cache_misses = 49729
preemptive halt, cache_misses = 49729
preemptive halt, cache_misses = 49729
preemptive halt, cache_misses = 49729
preemptive halt, cache_misses = 49729
preemptive halt, cache_misses = 49729
preemptive halt, cache_misses = 49729
preemptive halt, cache_misses = 49729
preemptive halt, cache_misses = 49729
preemptive halt, cache_misses = 49729
preemptive halt, cache_misses = 49729
preemptive halt, cache_misses = 49729
preemptive halt, cache_misses = 49729
preemptive halt, cache_misses = 49729
preemptive halt, cache_misses = 49729
preemptive halt, cache_misses = 49729
preemptive halt, cache_misses = 49729
preemptive halt, cache_misses = 49729
preemptive halt, cache_misses = 49729
preemptive halt, cache_misses = 49729
preemptive halt, cache_misses = 49729
preemptive halt, cache_misses = 49729
preemptive halt, cache_misses = 49729
preemptive halt, cache_misses = 49729
preemptive halt, cache_misses = 49729
preemptive halt, cache_misses = 49729
preemptive halt, cache_misses = 49729
preemptive halt, cache_misses = 49729
preemptive halt, cache_misses = 49729
preemptive halt, cache_misses = 49729
preemptive halt, cache_misses = 49729
preemptive halt, cache_misses = 49729
preemptive halt, cache_misses = 49729
preemptive halt, cache_misses = 49729
preemptive halt, cache_misses = 49729
preemptive halt, cache_misses = 49729
preemptive halt, cache_misses = 49729
preemptive halt, cache_misses = 49729
preemptive halt, cache_misses = 49729
preemptive halt, cache_misses = 49729
preemptive halt, cache_misses = 49729
preemptive halt, cache_misses = 49729
preemptive halt, cache_misses = 49729
preemptive halt, cache_misses = 49729
preemptive halt, cache_misses = 49729
preemptive halt, cache_misses = 49729
preemptive halt, cache_misses = 49729
preemptive halt, cache_misses = 49729
preemptive halt, cache_misses = 49729
preemptive halt, cache_misses = 49729
preemptive halt, cache_misses = 49729
binary search, size 32812  misses 49729  min 32500  max 33125
preemptive halt, cache_misses = 49730
preemptive halt, cache_misses = 49730
preemptive halt, cache_misses = 49730
preemptive halt, cache_misses = 49730
preemptive halt, cache_misses = 49730
preemptive halt, cache_misses = 49730
preemptive halt, cache_misses = 49730
preemptive halt, cache_misses = 49730
preemptive halt, cache_misses = 49730
preemptive halt, cache_misses = 49730
preemptive halt, cache_misses = 49730
preemptive halt, cache_misses = 49730
preemptive halt, cache_misses = 49730
preemptive halt, cache_misses = 49730
preemptive halt, cache_misses = 49730
preemptive halt, cache_misses = 49730
preemptive halt, cache_misses = 49730
preemptive halt, cache_misses = 49730
preemptive halt, cache_misses = 49730
preemptive halt, cache_misses = 49730
preemptive halt, cache_misses = 49730
preemptive halt, cache_misses = 49730
preemptive halt, cache_misses = 49730
preemptive halt, cache_misses = 49730
preemptive halt, cache_misses = 49730
preemptive halt, cache_misses = 49730
preemptive halt, cache_misses = 49730
preemptive halt, cache_misses = 49730
preemptive halt, cache_misses = 49730
preemptive halt, cache_misses = 49730
preemptive halt, cache_misses = 49730
preemptive halt, cache_misses = 49730
preemptive halt, cache_misses = 49730
preemptive halt, cache_misses = 49730
preemptive halt, cache_misses = 49730
preemptive halt, cache_misses = 49730
preemptive halt, cache_misses = 49730
preemptive halt, cache_misses = 49730
preemptive halt, cache_misses = 49730
preemptive halt, cache_misses = 49730
preemptive halt, cache_misses = 49730
preemptive halt, cache_misses = 49730
preemptive halt, cache_misses = 49730
preemptive halt, cache_misses = 49730
preemptive halt, cache_misses = 49730
preemptive halt, cache_misses = 49730
preemptive halt, cache_misses = 49730
preemptive halt, cache_misses = 49730
preemptive halt, cache_misses = 49730
preemptive halt, cache_misses = 49730
preemptive halt, cache_misses = 49730
preemptive halt, cache_misses = 49730
preemptive halt, cache_misses = 49730
preemptive halt, cache_misses = 49730
preemptive halt, cache_misses = 49730
preemptive halt, cache_misses = 49730
preemptive halt, cache_misses = 49730
preemptive halt, cache_misses = 49730
preemptive halt, cache_misses = 49730
preemptive halt, cache_misses = 49730
preemptive halt, cache_misses = 49730
preemptive halt, cache_misses = 49730
preemptive halt, cache_misses = 49730
preemptive halt, cache_misses = 49730
preemptive halt, cache_misses = 49730
preemptive halt, cache_misses = 49730
preemptive halt, cache_misses = 49730
preemptive halt, cache_misses = 49730
preemptive halt, cache_misses = 49730
preemptive halt, cache_misses = 49730
preemptive halt, cache_misses = 49730
preemptive halt, cache_misses = 49730
preemptive halt, cache_misses = 49730
preemptive halt, cache_misses = 49730
preemptive halt, cache_misses = 49730
preemptive halt, cache_misses = 49730
preemptive halt, cache_misses = 49730
preemptive halt, cache_misses = 49730
preemptive halt, cache_misses = 49730
preemptive halt, cache_misses = 49730
preemptive halt, cache_misses = 49730
preemptive halt, cache_misses = 49730
preemptive halt, cache_misses = 49730
preemptive halt, cache_misses = 49730
preemptive halt, cache_misses = 49730
preemptive halt, cache_misses = 49730
preemptive halt, cache_misses = 49730
preemptive halt, cache_misses = 49730
preemptive halt, cache_misses = 49730
preemptive halt, cache_misses = 49730
preemptive halt, cache_misses = 49730
preemptive halt, cache_misses = 49730
preemptive halt, cache_misses = 49730
preemptive halt, cache_misses = 49730
preemptive halt, cache_misses = 49730
preemptive halt, cache_misses = 49730
preemptive halt, cache_misses = 49730
preemptive halt, cache_misses = 49730
preemptive halt, cache_misses = 49730
preemptive halt, cache_misses = 49730
preemptive halt, cache_misses = 49730
preemptive halt, cache_misses = 49730
preemptive halt, cache_misses = 49730
preemptive halt, cache_misses = 49730
preemptive halt, cache_misses = 49730
preemptive halt, cache_misses = 49730
preemptive halt, cache_misses = 49730
preemptive halt, cache_misses = 49730
preemptive halt, cache_misses = 49730
preemptive halt, cache_misses = 49730
preemptive halt, cache_misses = 49730
preemptive halt, cache_misses = 49730
preemptive halt, cache_misses = 49730
preemptive halt, cache_misses = 49730
preemptive halt, cache_misses = 49730
preemptive halt, cache_misses = 49730
preemptive halt, cache_misses = 49730
preemptive halt, cache_misses = 49730
preemptive halt, cache_misses = 49730
preemptive halt, cache_misses = 49730
preemptive halt, cache_misses = 49730
preemptive halt, cache_misses = 49730
preemptive halt, cache_misses = 49730
preemptive halt, cache_misses = 49730
preemptive halt, cache_misses = 49730
preemptive halt, cache_misses = 49730
preemptive halt, cache_misses = 49730
preemptive halt, cache_misses = 49730
preemptive halt, cache_misses = 49730
preemptive halt, cache_misses = 49730
preemptive halt, cache_misses = 49730
preemptive halt, cache_misses = 49730
preemptive halt, cache_misses = 49730
preemptive halt, cache_misses = 49730
preemptive halt, cache_misses = 49730
preemptive halt, cache_misses = 49730
preemptive halt, cache_misses = 49730
preemptive halt, cache_misses = 49730
preemptive halt, cache_misses = 49730
preemptive halt, cache_misses = 49730
preemptive halt, cache_misses = 49730
preemptive halt, cache_misses = 49730
preemptive halt, cache_misses = 49730
preemptive halt, cache_misses = 49730
preemptive halt, cache_misses = 49730
preemptive halt, cache_misses = 49730
preemptive halt, cache_misses = 49730
preemptive halt, cache_misses = 49730
binary search, size 32968  misses 49730  min 32812  max 33125
preemptive halt, cache_misses = 49731
preemptive halt, cache_misses = 49731
preemptive halt, cache_misses = 49731
preemptive halt, cache_misses = 49731
preemptive halt, cache_misses = 49731
preemptive halt, cache_misses = 49731
preemptive halt, cache_misses = 49731
preemptive halt, cache_misses = 49731
preemptive halt, cache_misses = 49731
preemptive halt, cache_misses = 49731
preemptive halt, cache_misses = 49731
preemptive halt, cache_misses = 49731
preemptive halt, cache_misses = 49731
preemptive halt, cache_misses = 49731
preemptive halt, cache_misses = 49731
preemptive halt, cache_misses = 49731
preemptive halt, cache_misses = 49731
preemptive halt, cache_misses = 49731
preemptive halt, cache_misses = 49731
preemptive halt, cache_misses = 49731
preemptive halt, cache_misses = 49731
preemptive halt, cache_misses = 49731
preemptive halt, cache_misses = 49731
preemptive halt, cache_misses = 49731
preemptive halt, cache_misses = 49731
preemptive halt, cache_misses = 49731
preemptive halt, cache_misses = 49731
preemptive halt, cache_misses = 49731
preemptive halt, cache_misses = 49731
preemptive halt, cache_misses = 49731
preemptive halt, cache_misses = 49731
preemptive halt, cache_misses = 49731
preemptive halt, cache_misses = 49731
preemptive halt, cache_misses = 49731
preemptive halt, cache_misses = 49731
preemptive halt, cache_misses = 49731
preemptive halt, cache_misses = 49731
preemptive halt, cache_misses = 49731
preemptive halt, cache_misses = 49731
preemptive halt, cache_misses = 49731
preemptive halt, cache_misses = 49731
preemptive halt, cache_misses = 49731
preemptive halt, cache_misses = 49731
preemptive halt, cache_misses = 49731
preemptive halt, cache_misses = 49731
preemptive halt, cache_misses = 49731
preemptive halt, cache_misses = 49731
preemptive halt, cache_misses = 49731
preemptive halt, cache_misses = 49731
preemptive halt, cache_misses = 49731
preemptive halt, cache_misses = 49731
preemptive halt, cache_misses = 49731
preemptive halt, cache_misses = 49731
preemptive halt, cache_misses = 49731
preemptive halt, cache_misses = 49731
preemptive halt, cache_misses = 49731
preemptive halt, cache_misses = 49731
preemptive halt, cache_misses = 49731
preemptive halt, cache_misses = 49731
preemptive halt, cache_misses = 49731
preemptive halt, cache_misses = 49731
preemptive halt, cache_misses = 49731
preemptive halt, cache_misses = 49731
preemptive halt, cache_misses = 49731
preemptive halt, cache_misses = 49731
preemptive halt, cache_misses = 49731
preemptive halt, cache_misses = 49731
preemptive halt, cache_misses = 49731
preemptive halt, cache_misses = 49731
preemptive halt, cache_misses = 49731
preemptive halt, cache_misses = 49731
preemptive halt, cache_misses = 49731
preemptive halt, cache_misses = 49731
preemptive halt, cache_misses = 49731
preemptive halt, cache_misses = 49731
preemptive halt, cache_misses = 49731
preemptive halt, cache_misses = 49731
preemptive halt, cache_misses = 49731
preemptive halt, cache_misses = 49731
preemptive halt, cache_misses = 49731
preemptive halt, cache_misses = 49731
preemptive halt, cache_misses = 49731
preemptive halt, cache_misses = 49731
preemptive halt, cache_misses = 49731
preemptive halt, cache_misses = 49731
preemptive halt, cache_misses = 49731
preemptive halt, cache_misses = 49731
preemptive halt, cache_misses = 49731
preemptive halt, cache_misses = 49731
preemptive halt, cache_misses = 49731
preemptive halt, cache_misses = 49731
preemptive halt, cache_misses = 49731
preemptive halt, cache_misses = 49731
preemptive halt, cache_misses = 49731
preemptive halt, cache_misses = 49731
preemptive halt, cache_misses = 49731
preemptive halt, cache_misses = 49731
preemptive halt, cache_misses = 49731
preemptive halt, cache_misses = 49731
preemptive halt, cache_misses = 49731
preemptive halt, cache_misses = 49731
preemptive halt, cache_misses = 49731
preemptive halt, cache_misses = 49731
preemptive halt, cache_misses = 49731
preemptive halt, cache_misses = 49731
preemptive halt, cache_misses = 49731
preemptive halt, cache_misses = 49731
preemptive halt, cache_misses = 49731
preemptive halt, cache_misses = 49731
preemptive halt, cache_misses = 49731
preemptive halt, cache_misses = 49731
preemptive halt, cache_misses = 49731
preemptive halt, cache_misses = 49731
preemptive halt, cache_misses = 49731
preemptive halt, cache_misses = 49731
preemptive halt, cache_misses = 49731
preemptive halt, cache_misses = 49731
preemptive halt, cache_misses = 49731
preemptive halt, cache_misses = 49731
preemptive halt, cache_misses = 49731
preemptive halt, cache_misses = 49731
preemptive halt, cache_misses = 49731
preemptive halt, cache_misses = 49731
preemptive halt, cache_misses = 49731
preemptive halt, cache_misses = 49731
preemptive halt, cache_misses = 49731
preemptive halt, cache_misses = 49731
preemptive halt, cache_misses = 49731
preemptive halt, cache_misses = 49731
preemptive halt, cache_misses = 49731
preemptive halt, cache_misses = 49731
preemptive halt, cache_misses = 49731
preemptive halt, cache_misses = 49731
preemptive halt, cache_misses = 49731
preemptive halt, cache_misses = 49731
preemptive halt, cache_misses = 49731
preemptive halt, cache_misses = 49731
preemptive halt, cache_misses = 49731
preemptive halt, cache_misses = 49731
preemptive halt, cache_misses = 49731
preemptive halt, cache_misses = 49731
preemptive halt, cache_misses = 49731
preemptive halt, cache_misses = 49731
preemptive halt, cache_misses = 49731
preemptive halt, cache_misses = 49731
preemptive halt, cache_misses = 49731
preemptive halt, cache_misses = 49731
preemptive halt, cache_misses = 49731
preemptive halt, cache_misses = 49731
preemptive halt, cache_misses = 49731
binary search, size 33046  misses 49731  min 32968  max 33125
binary search, size 33085  misses 49728  min 33046  max 33125
preemptive halt, cache_misses = 49729
preemptive halt, cache_misses = 49729
preemptive halt, cache_misses = 49729
preemptive halt, cache_misses = 49729
preemptive halt, cache_misses = 49729
preemptive halt, cache_misses = 49729
preemptive halt, cache_misses = 49729
preemptive halt, cache_misses = 49729
preemptive halt, cache_misses = 49729
preemptive halt, cache_misses = 49729
preemptive halt, cache_misses = 49729
preemptive halt, cache_misses = 49729
preemptive halt, cache_misses = 49729
preemptive halt, cache_misses = 49729
preemptive halt, cache_misses = 49729
preemptive halt, cache_misses = 49729
preemptive halt, cache_misses = 49729
preemptive halt, cache_misses = 49729
preemptive halt, cache_misses = 49729
preemptive halt, cache_misses = 49729
preemptive halt, cache_misses = 49729
preemptive halt, cache_misses = 49729
preemptive halt, cache_misses = 49729
preemptive halt, cache_misses = 49729
preemptive halt, cache_misses = 49729
preemptive halt, cache_misses = 49729
preemptive halt, cache_misses = 49729
preemptive halt, cache_misses = 49729
preemptive halt, cache_misses = 49729
preemptive halt, cache_misses = 49729
preemptive halt, cache_misses = 49729
preemptive halt, cache_misses = 49729
preemptive halt, cache_misses = 49729
preemptive halt, cache_misses = 49729
preemptive halt, cache_misses = 49729
preemptive halt, cache_misses = 49729
preemptive halt, cache_misses = 49729
preemptive halt, cache_misses = 49729
preemptive halt, cache_misses = 49729
preemptive halt, cache_misses = 49729
preemptive halt, cache_misses = 49729
preemptive halt, cache_misses = 49729
preemptive halt, cache_misses = 49729
preemptive halt, cache_misses = 49729
preemptive halt, cache_misses = 49729
preemptive halt, cache_misses = 49729
preemptive halt, cache_misses = 49729
preemptive halt, cache_misses = 49729
preemptive halt, cache_misses = 49729
preemptive halt, cache_misses = 49729
preemptive halt, cache_misses = 49729
preemptive halt, cache_misses = 49729
preemptive halt, cache_misses = 49729
preemptive halt, cache_misses = 49729
preemptive halt, cache_misses = 49729
preemptive halt, cache_misses = 49729
preemptive halt, cache_misses = 49729
preemptive halt, cache_misses = 49729
preemptive halt, cache_misses = 49729
preemptive halt, cache_misses = 49729
preemptive halt, cache_misses = 49729
preemptive halt, cache_misses = 49729
preemptive halt, cache_misses = 49729
preemptive halt, cache_misses = 49729
preemptive halt, cache_misses = 49729
preemptive halt, cache_misses = 49729
preemptive halt, cache_misses = 49729
preemptive halt, cache_misses = 49729
preemptive halt, cache_misses = 49729
preemptive halt, cache_misses = 49729
preemptive halt, cache_misses = 49729
preemptive halt, cache_misses = 49729
preemptive halt, cache_misses = 49729
preemptive halt, cache_misses = 49729
preemptive halt, cache_misses = 49729
preemptive halt, cache_misses = 49729
preemptive halt, cache_misses = 49729
preemptive halt, cache_misses = 49729
preemptive halt, cache_misses = 49729
preemptive halt, cache_misses = 49729
preemptive halt, cache_misses = 49729
preemptive halt, cache_misses = 49729
preemptive halt, cache_misses = 49729
preemptive halt, cache_misses = 49729
preemptive halt, cache_misses = 49729
preemptive halt, cache_misses = 49729
preemptive halt, cache_misses = 49729
preemptive halt, cache_misses = 49729
preemptive halt, cache_misses = 49729
preemptive halt, cache_misses = 49729
preemptive halt, cache_misses = 49729
preemptive halt, cache_misses = 49729
preemptive halt, cache_misses = 49729
preemptive halt, cache_misses = 49729
preemptive halt, cache_misses = 49729
preemptive halt, cache_misses = 49729
preemptive halt, cache_misses = 49729
preemptive halt, cache_misses = 49729
preemptive halt, cache_misses = 49729
preemptive halt, cache_misses = 49729
preemptive halt, cache_misses = 49729
preemptive halt, cache_misses = 49729
preemptive halt, cache_misses = 49729
preemptive halt, cache_misses = 49729
preemptive halt, cache_misses = 49729
preemptive halt, cache_misses = 49729
preemptive halt, cache_misses = 49729
preemptive halt, cache_misses = 49729
preemptive halt, cache_misses = 49729
preemptive halt, cache_misses = 49729
preemptive halt, cache_misses = 49729
preemptive halt, cache_misses = 49729
preemptive halt, cache_misses = 49729
preemptive halt, cache_misses = 49729
preemptive halt, cache_misses = 49729
preemptive halt, cache_misses = 49729
preemptive halt, cache_misses = 49729
preemptive halt, cache_misses = 49729
preemptive halt, cache_misses = 49729
preemptive halt, cache_misses = 49729
preemptive halt, cache_misses = 49729
preemptive halt, cache_misses = 49729
preemptive halt, cache_misses = 49729
preemptive halt, cache_misses = 49729
preemptive halt, cache_misses = 49729
preemptive halt, cache_misses = 49729
preemptive halt, cache_misses = 49729
preemptive halt, cache_misses = 49729
preemptive halt, cache_misses = 49729
preemptive halt, cache_misses = 49729
preemptive halt, cache_misses = 49729
preemptive halt, cache_misses = 49729
preemptive halt, cache_misses = 49729
preemptive halt, cache_misses = 49729
preemptive halt, cache_misses = 49729
preemptive halt, cache_misses = 49729
preemptive halt, cache_misses = 49729
preemptive halt, cache_misses = 49729
preemptive halt, cache_misses = 49729
preemptive halt, cache_misses = 49729
preemptive halt, cache_misses = 49729
preemptive halt, cache_misses = 49729
preemptive halt, cache_misses = 49729
preemptive halt, cache_misses = 49729
preemptive halt, cache_misses = 49729
preemptive halt, cache_misses = 49729
binary search, size 33065  misses 49729  min 33046  max 33085
preemptive halt, cache_misses = 49730
preemptive halt, cache_misses = 49730
preemptive halt, cache_misses = 49730
preemptive halt, cache_misses = 49730
preemptive halt, cache_misses = 49730
preemptive halt, cache_misses = 49730
preemptive halt, cache_misses = 49730
preemptive halt, cache_misses = 49730
preemptive halt, cache_misses = 49730
preemptive halt, cache_misses = 49730
preemptive halt, cache_misses = 49730
preemptive halt, cache_misses = 49730
preemptive halt, cache_misses = 49730
preemptive halt, cache_misses = 49730
preemptive halt, cache_misses = 49730
preemptive halt, cache_misses = 49730
preemptive halt, cache_misses = 49730
preemptive halt, cache_misses = 49730
preemptive halt, cache_misses = 49730
preemptive halt, cache_misses = 49730
preemptive halt, cache_misses = 49730
preemptive halt, cache_misses = 49730
preemptive halt, cache_misses = 49730
preemptive halt, cache_misses = 49730
preemptive halt, cache_misses = 49730
preemptive halt, cache_misses = 49730
preemptive halt, cache_misses = 49730
preemptive halt, cache_misses = 49730
preemptive halt, cache_misses = 49730
preemptive halt, cache_misses = 49730
preemptive halt, cache_misses = 49730
preemptive halt, cache_misses = 49730
preemptive halt, cache_misses = 49730
preemptive halt, cache_misses = 49730
preemptive halt, cache_misses = 49730
preemptive halt, cache_misses = 49730
preemptive halt, cache_misses = 49730
preemptive halt, cache_misses = 49730
preemptive halt, cache_misses = 49730
preemptive halt, cache_misses = 49730
preemptive halt, cache_misses = 49730
preemptive halt, cache_misses = 49730
preemptive halt, cache_misses = 49730
preemptive halt, cache_misses = 49730
preemptive halt, cache_misses = 49730
preemptive halt, cache_misses = 49730
preemptive halt, cache_misses = 49730
preemptive halt, cache_misses = 49730
preemptive halt, cache_misses = 49730
preemptive halt, cache_misses = 49730
preemptive halt, cache_misses = 49730
preemptive halt, cache_misses = 49730
preemptive halt, cache_misses = 49730
preemptive halt, cache_misses = 49730
preemptive halt, cache_misses = 49730
preemptive halt, cache_misses = 49730
preemptive halt, cache_misses = 49730
preemptive halt, cache_misses = 49730
preemptive halt, cache_misses = 49730
preemptive halt, cache_misses = 49730
preemptive halt, cache_misses = 49730
preemptive halt, cache_misses = 49730
preemptive halt, cache_misses = 49730
preemptive halt, cache_misses = 49730
preemptive halt, cache_misses = 49730
preemptive halt, cache_misses = 49730
preemptive halt, cache_misses = 49730
preemptive halt, cache_misses = 49730
preemptive halt, cache_misses = 49730
preemptive halt, cache_misses = 49730
preemptive halt, cache_misses = 49730
preemptive halt, cache_misses = 49730
preemptive halt, cache_misses = 49730
preemptive halt, cache_misses = 49730
preemptive halt, cache_misses = 49730
preemptive halt, cache_misses = 49730
preemptive halt, cache_misses = 49730
preemptive halt, cache_misses = 49730
preemptive halt, cache_misses = 49730
preemptive halt, cache_misses = 49730
preemptive halt, cache_misses = 49730
preemptive halt, cache_misses = 49730
preemptive halt, cache_misses = 49730
preemptive halt, cache_misses = 49730
preemptive halt, cache_misses = 49730
preemptive halt, cache_misses = 49730
preemptive halt, cache_misses = 49730
preemptive halt, cache_misses = 49730
preemptive halt, cache_misses = 49730
preemptive halt, cache_misses = 49730
preemptive halt, cache_misses = 49730
preemptive halt, cache_misses = 49730
preemptive halt, cache_misses = 49730
preemptive halt, cache_misses = 49730
preemptive halt, cache_misses = 49730
preemptive halt, cache_misses = 49730
preemptive halt, cache_misses = 49730
preemptive halt, cache_misses = 49730
preemptive halt, cache_misses = 49730
preemptive halt, cache_misses = 49730
preemptive halt, cache_misses = 49730
preemptive halt, cache_misses = 49730
preemptive halt, cache_misses = 49730
preemptive halt, cache_misses = 49730
preemptive halt, cache_misses = 49730
preemptive halt, cache_misses = 49730
preemptive halt, cache_misses = 49730
preemptive halt, cache_misses = 49730
preemptive halt, cache_misses = 49730
preemptive halt, cache_misses = 49730
preemptive halt, cache_misses = 49730
preemptive halt, cache_misses = 49730
preemptive halt, cache_misses = 49730
preemptive halt, cache_misses = 49730
preemptive halt, cache_misses = 49730
preemptive halt, cache_misses = 49730
preemptive halt, cache_misses = 49730
preemptive halt, cache_misses = 49730
preemptive halt, cache_misses = 49730
preemptive halt, cache_misses = 49730
preemptive halt, cache_misses = 49730
preemptive halt, cache_misses = 49730
preemptive halt, cache_misses = 49730
preemptive halt, cache_misses = 49730
preemptive halt, cache_misses = 49730
preemptive halt, cache_misses = 49730
preemptive halt, cache_misses = 49730
preemptive halt, cache_misses = 49730
preemptive halt, cache_misses = 49730
preemptive halt, cache_misses = 49730
preemptive halt, cache_misses = 49730
preemptive halt, cache_misses = 49730
preemptive halt, cache_misses = 49730
preemptive halt, cache_misses = 49730
preemptive halt, cache_misses = 49730
preemptive halt, cache_misses = 49730
preemptive halt, cache_misses = 49730
preemptive halt, cache_misses = 49730
preemptive halt, cache_misses = 49730
preemptive halt, cache_misses = 49730
preemptive halt, cache_misses = 49730
preemptive halt, cache_misses = 49730
preemptive halt, cache_misses = 49730
preemptive halt, cache_misses = 49730
preemptive halt, cache_misses = 49730
preemptive halt, cache_misses = 49730
preemptive halt, cache_misses = 49730
preemptive halt, cache_misses = 49730
binary search, size 33075  misses 49730  min 33065  max 33085
binary search, size 33080  misses 49728  min 33075  max 33085
binary search, size 33077  misses 49728  min 33075  max 33080
binary search, size 33076  misses 49728  min 33075  max 33077
characteristic cache size (binary search) for 222 = 33076
End at: 2021-04-02 02:17:30.614212
Time elapsed: 0:00:00.891051
