Begin at: 2021-04-02 02:16:57.868036
['../dist/Debug/GNU-Linux/memo_batch_tester', '', '--mbt_execution_trace_fname', 'olcs4_traceback_csize_input_types/OLCS4_lru_2021_04_02__02_16_05_k_3__d_2_cache_size_160000_problems_10_to_400/OLCS4_lru_2021_04_02__02_16_05_k_3__d_2_cache_size_160000_problems_10_to_400/OLCS4__do_traceback_prob_size_182_cache_size_160000_lru_k_3_d_2_execution_trace_2021_4_2_2_16_57_pid_10927.log', '--mbt_cache_misses_fname', 'olcs4_traceback_csize_input_types/OLCS4_lru_2021_04_02__02_16_05_k_3__d_2_cache_size_160000_problems_10_to_400/lcs_cost_OLCS4_lru_misses_for_cache_size.csv', '--mbt_misses_for_problem_size_fname', 'olcs4_traceback_csize_input_types/OLCS4_lru_2021_04_02__02_16_05_k_3__d_2_cache_size_160000_problems_10_to_400/lcs_cost_OLCS4_lru_misses_for_problem_size.csv', '--mbt_exact_cutoff_min_cache_size', '160000', '--mbt_exact_cutoff_max_cache_size', '160000', '--mbt_problem_type', 'lcs', '--mbt_metric_type', 'csize_binary_search', '--mbt_cutoff_ratio', '2.2', '--mbt_instance_fname', '182', '--mbt_detailed_cache_misses_out_fname', 'csize_olcs4_traceback_0011nc_nc1100_0_8.csv', '--mbt_phi_N', '5.0', '--mbt_problem_size', '182', '--lcs_compute_length', '0', '--lcs_perform_traceback', '1', '--lig_instance_type', '0011nc_nc1100', '--lig_n', '182', '--lig_c', '0.8', '--lig_b', '3.0', '--lcs_oblivious', '4', '--lcs_execution_trace_fname', 'olcs4_traceback_csize_input_types/OLCS4_lru_2021_04_02__02_16_05_k_3__d_2_cache_size_160000_problems_10_to_400/OLCS4_lru_2021_04_02__02_16_05_k_3__d_2_cache_size_160000_problems_10_to_400/OLCS4__do_traceback_prob_size_182_cache_size_160000_lru_k_3_d_2_execution_trace_2021_4_2_2_16_57_pid_10927.log', '--memo_caching_strategy', 'lru', '--memo_cache_size', '160001', '--memo_lru_queue_size', '160000', '--memo_cuckoo_k', '4', '--memo_key_length', '8', '--memo_value_length', '8', '--memo_k_timestamps', '3', '--memo_d_recent_timestamps', '2', '--memo_a_items_per_timestamp_factor', '0.4375']

csize_binary_search chosen
lcs problem_type lcs cache_size 160001
initialize_long_int_cache begin
init_memo
arguments to memo:
 --mbt_execution_trace_fname olcs4_traceback_csize_input_types/OLCS4_lru_2021_04_02__02_16_05_k_3__d_2_cache_size_160000_problems_10_to_400/OLCS4_lru_2021_04_02__02_16_05_k_3__d_2_cache_size_160000_problems_10_to_400/OLCS4__do_traceback_prob_size_182_cache_size_160000_lru_k_3_d_2_execution_trace_2021_4_2_2_16_57_pid_10927.log --mbt_cache_misses_fname olcs4_traceback_csize_input_types/OLCS4_lru_2021_04_02__02_16_05_k_3__d_2_cache_size_160000_problems_10_to_400/lcs_cost_OLCS4_lru_misses_for_cache_size.csv --mbt_misses_for_problem_size_fname olcs4_traceback_csize_input_types/OLCS4_lru_2021_04_02__02_16_05_k_3__d_2_cache_size_160000_problems_10_to_400/lcs_cost_OLCS4_lru_misses_for_problem_size.csv --mbt_exact_cutoff_min_cache_size 160000 --mbt_exact_cutoff_max_cache_size 160000 --mbt_problem_type lcs --mbt_metric_type csize_binary_search --mbt_cutoff_ratio 2.2 --mbt_instance_fname 182 --mbt_detailed_cache_misses_out_fname csize_olcs4_traceback_0011nc_nc1100_0_8.csv --mbt_phi_N 5.0 --mbt_problem_size 182 --lcs_compute_length 0 --lcs_perform_traceback 1 --lig_instance_type 0011nc_nc1100 --lig_n 182 --lig_c 0.8 --lig_b 3.0 --lcs_oblivious 4 --lcs_execution_trace_fname olcs4_traceback_csize_input_types/OLCS4_lru_2021_04_02__02_16_05_k_3__d_2_cache_size_160000_problems_10_to_400/OLCS4_lru_2021_04_02__02_16_05_k_3__d_2_cache_size_160000_problems_10_to_400/OLCS4__do_traceback_prob_size_182_cache_size_160000_lru_k_3_d_2_execution_trace_2021_4_2_2_16_57_pid_10927.log --memo_caching_strategy lru --memo_cache_size 160001 --memo_lru_queue_size 160000 --memo_cuckoo_k 4 --memo_key_length 8 --memo_value_length 8 --memo_k_timestamps 3 --memo_d_recent_timestamps 2 --memo_a_items_per_timestamp_factor 0.4375 
calculate_table_size: table_size is 262144, original is 160001
Finished initializing cache
initialize_long_int_cache end
done initializing cache
initializing problem
done initializing problem
commence trials
Starting characteristic_cache_size_binary_search with max cache size 160001
binary search, size 160001  misses 33488
binary search, size 80000  misses 33488  min 0  max 160001
binary search, size 40000  misses 33488  min 0  max 80000
preemptive halt, cache_misses = 33489
preemptive halt, cache_misses = 33489
preemptive halt, cache_misses = 33489
preemptive halt, cache_misses = 33489
preemptive halt, cache_misses = 33489
preemptive halt, cache_misses = 33489
preemptive halt, cache_misses = 33489
preemptive halt, cache_misses = 33489
preemptive halt, cache_misses = 33489
preemptive halt, cache_misses = 33489
preemptive halt, cache_misses = 33489
preemptive halt, cache_misses = 33489
preemptive halt, cache_misses = 33489
preemptive halt, cache_misses = 33489
preemptive halt, cache_misses = 33489
preemptive halt, cache_misses = 33489
preemptive halt, cache_misses = 33489
preemptive halt, cache_misses = 33489
preemptive halt, cache_misses = 33489
preemptive halt, cache_misses = 33489
preemptive halt, cache_misses = 33489
preemptive halt, cache_misses = 33489
preemptive halt, cache_misses = 33489
preemptive halt, cache_misses = 33489
preemptive halt, cache_misses = 33489
preemptive halt, cache_misses = 33489
preemptive halt, cache_misses = 33489
preemptive halt, cache_misses = 33489
preemptive halt, cache_misses = 33489
preemptive halt, cache_misses = 33489
preemptive halt, cache_misses = 33489
preemptive halt, cache_misses = 33489
preemptive halt, cache_misses = 33489
preemptive halt, cache_misses = 33489
preemptive halt, cache_misses = 33489
preemptive halt, cache_misses = 33489
preemptive halt, cache_misses = 33489
preemptive halt, cache_misses = 33489
preemptive halt, cache_misses = 33489
preemptive halt, cache_misses = 33489
preemptive halt, cache_misses = 33489
preemptive halt, cache_misses = 33489
preemptive halt, cache_misses = 33489
preemptive halt, cache_misses = 33489
preemptive halt, cache_misses = 33489
preemptive halt, cache_misses = 33489
preemptive halt, cache_misses = 33489
preemptive halt, cache_misses = 33489
preemptive halt, cache_misses = 33489
preemptive halt, cache_misses = 33489
preemptive halt, cache_misses = 33489
preemptive halt, cache_misses = 33489
preemptive halt, cache_misses = 33489
preemptive halt, cache_misses = 33489
preemptive halt, cache_misses = 33489
preemptive halt, cache_misses = 33489
preemptive halt, cache_misses = 33489
preemptive halt, cache_misses = 33489
preemptive halt, cache_misses = 33489
preemptive halt, cache_misses = 33489
preemptive halt, cache_misses = 33489
preemptive halt, cache_misses = 33489
preemptive halt, cache_misses = 33489
preemptive halt, cache_misses = 33489
preemptive halt, cache_misses = 33489
preemptive halt, cache_misses = 33489
preemptive halt, cache_misses = 33489
preemptive halt, cache_misses = 33489
preemptive halt, cache_misses = 33489
preemptive halt, cache_misses = 33489
preemptive halt, cache_misses = 33489
preemptive halt, cache_misses = 33489
preemptive halt, cache_misses = 33489
preemptive halt, cache_misses = 33489
preemptive halt, cache_misses = 33489
preemptive halt, cache_misses = 33489
preemptive halt, cache_misses = 33489
preemptive halt, cache_misses = 33489
preemptive halt, cache_misses = 33489
preemptive halt, cache_misses = 33489
preemptive halt, cache_misses = 33489
preemptive halt, cache_misses = 33489
preemptive halt, cache_misses = 33489
preemptive halt, cache_misses = 33489
preemptive halt, cache_misses = 33489
preemptive halt, cache_misses = 33489
preemptive halt, cache_misses = 33489
preemptive halt, cache_misses = 33489
preemptive halt, cache_misses = 33489
preemptive halt, cache_misses = 33489
preemptive halt, cache_misses = 33489
preemptive halt, cache_misses = 33489
preemptive halt, cache_misses = 33489
preemptive halt, cache_misses = 33489
preemptive halt, cache_misses = 33489
preemptive halt, cache_misses = 33489
preemptive halt, cache_misses = 33489
preemptive halt, cache_misses = 33489
preemptive halt, cache_misses = 33489
preemptive halt, cache_misses = 33489
preemptive halt, cache_misses = 33489
preemptive halt, cache_misses = 33489
preemptive halt, cache_misses = 33489
preemptive halt, cache_misses = 33489
preemptive halt, cache_misses = 33489
preemptive halt, cache_misses = 33489
preemptive halt, cache_misses = 33489
preemptive halt, cache_misses = 33489
preemptive halt, cache_misses = 33489
preemptive halt, cache_misses = 33489
binary search, size 20000  misses 33489  min 0  max 40000
binary search, size 30000  misses 33488  min 20000  max 40000
binary search, size 25000  misses 33488  min 20000  max 30000
binary search, size 22500  misses 33488  min 20000  max 25000
preemptive halt, cache_misses = 33489
preemptive halt, cache_misses = 33489
preemptive halt, cache_misses = 33489
preemptive halt, cache_misses = 33489
preemptive halt, cache_misses = 33489
preemptive halt, cache_misses = 33489
preemptive halt, cache_misses = 33489
preemptive halt, cache_misses = 33489
preemptive halt, cache_misses = 33489
preemptive halt, cache_misses = 33489
preemptive halt, cache_misses = 33489
preemptive halt, cache_misses = 33489
preemptive halt, cache_misses = 33489
preemptive halt, cache_misses = 33489
preemptive halt, cache_misses = 33489
preemptive halt, cache_misses = 33489
preemptive halt, cache_misses = 33489
preemptive halt, cache_misses = 33489
preemptive halt, cache_misses = 33489
preemptive halt, cache_misses = 33489
preemptive halt, cache_misses = 33489
preemptive halt, cache_misses = 33489
preemptive halt, cache_misses = 33489
preemptive halt, cache_misses = 33489
preemptive halt, cache_misses = 33489
preemptive halt, cache_misses = 33489
preemptive halt, cache_misses = 33489
preemptive halt, cache_misses = 33489
preemptive halt, cache_misses = 33489
preemptive halt, cache_misses = 33489
preemptive halt, cache_misses = 33489
preemptive halt, cache_misses = 33489
preemptive halt, cache_misses = 33489
preemptive halt, cache_misses = 33489
preemptive halt, cache_misses = 33489
preemptive halt, cache_misses = 33489
preemptive halt, cache_misses = 33489
preemptive halt, cache_misses = 33489
preemptive halt, cache_misses = 33489
preemptive halt, cache_misses = 33489
preemptive halt, cache_misses = 33489
preemptive halt, cache_misses = 33489
preemptive halt, cache_misses = 33489
preemptive halt, cache_misses = 33489
preemptive halt, cache_misses = 33489
preemptive halt, cache_misses = 33489
preemptive halt, cache_misses = 33489
preemptive halt, cache_misses = 33489
preemptive halt, cache_misses = 33489
preemptive halt, cache_misses = 33489
preemptive halt, cache_misses = 33489
preemptive halt, cache_misses = 33489
preemptive halt, cache_misses = 33489
preemptive halt, cache_misses = 33489
preemptive halt, cache_misses = 33489
preemptive halt, cache_misses = 33489
preemptive halt, cache_misses = 33489
preemptive halt, cache_misses = 33489
preemptive halt, cache_misses = 33489
preemptive halt, cache_misses = 33489
preemptive halt, cache_misses = 33489
preemptive halt, cache_misses = 33489
preemptive halt, cache_misses = 33489
preemptive halt, cache_misses = 33489
preemptive halt, cache_misses = 33489
preemptive halt, cache_misses = 33489
preemptive halt, cache_misses = 33489
preemptive halt, cache_misses = 33489
preemptive halt, cache_misses = 33489
preemptive halt, cache_misses = 33489
preemptive halt, cache_misses = 33489
preemptive halt, cache_misses = 33489
preemptive halt, cache_misses = 33489
preemptive halt, cache_misses = 33489
preemptive halt, cache_misses = 33489
preemptive halt, cache_misses = 33489
preemptive halt, cache_misses = 33489
preemptive halt, cache_misses = 33489
preemptive halt, cache_misses = 33489
preemptive halt, cache_misses = 33489
preemptive halt, cache_misses = 33489
preemptive halt, cache_misses = 33489
preemptive halt, cache_misses = 33489
preemptive halt, cache_misses = 33489
preemptive halt, cache_misses = 33489
preemptive halt, cache_misses = 33489
preemptive halt, cache_misses = 33489
preemptive halt, cache_misses = 33489
preemptive halt, cache_misses = 33489
preemptive halt, cache_misses = 33489
preemptive halt, cache_misses = 33489
preemptive halt, cache_misses = 33489
preemptive halt, cache_misses = 33489
preemptive halt, cache_misses = 33489
preemptive halt, cache_misses = 33489
preemptive halt, cache_misses = 33489
preemptive halt, cache_misses = 33489
preemptive halt, cache_misses = 33489
preemptive halt, cache_misses = 33489
preemptive halt, cache_misses = 33489
preemptive halt, cache_misses = 33489
preemptive halt, cache_misses = 33489
preemptive halt, cache_misses = 33489
preemptive halt, cache_misses = 33489
preemptive halt, cache_misses = 33489
preemptive halt, cache_misses = 33489
preemptive halt, cache_misses = 33489
preemptive halt, cache_misses = 33489
preemptive halt, cache_misses = 33489
preemptive halt, cache_misses = 33489
binary search, size 21250  misses 33489  min 20000  max 22500
binary search, size 21875  misses 33488  min 21250  max 22500
preemptive halt, cache_misses = 33489
preemptive halt, cache_misses = 33489
preemptive halt, cache_misses = 33489
preemptive halt, cache_misses = 33489
preemptive halt, cache_misses = 33489
preemptive halt, cache_misses = 33489
preemptive halt, cache_misses = 33489
preemptive halt, cache_misses = 33489
preemptive halt, cache_misses = 33489
preemptive halt, cache_misses = 33489
preemptive halt, cache_misses = 33489
preemptive halt, cache_misses = 33489
preemptive halt, cache_misses = 33489
preemptive halt, cache_misses = 33489
preemptive halt, cache_misses = 33489
preemptive halt, cache_misses = 33489
preemptive halt, cache_misses = 33489
preemptive halt, cache_misses = 33489
preemptive halt, cache_misses = 33489
preemptive halt, cache_misses = 33489
preemptive halt, cache_misses = 33489
preemptive halt, cache_misses = 33489
preemptive halt, cache_misses = 33489
preemptive halt, cache_misses = 33489
preemptive halt, cache_misses = 33489
preemptive halt, cache_misses = 33489
preemptive halt, cache_misses = 33489
preemptive halt, cache_misses = 33489
preemptive halt, cache_misses = 33489
preemptive halt, cache_misses = 33489
preemptive halt, cache_misses = 33489
preemptive halt, cache_misses = 33489
preemptive halt, cache_misses = 33489
preemptive halt, cache_misses = 33489
preemptive halt, cache_misses = 33489
preemptive halt, cache_misses = 33489
preemptive halt, cache_misses = 33489
preemptive halt, cache_misses = 33489
preemptive halt, cache_misses = 33489
preemptive halt, cache_misses = 33489
preemptive halt, cache_misses = 33489
preemptive halt, cache_misses = 33489
preemptive halt, cache_misses = 33489
preemptive halt, cache_misses = 33489
preemptive halt, cache_misses = 33489
preemptive halt, cache_misses = 33489
preemptive halt, cache_misses = 33489
preemptive halt, cache_misses = 33489
preemptive halt, cache_misses = 33489
preemptive halt, cache_misses = 33489
preemptive halt, cache_misses = 33489
preemptive halt, cache_misses = 33489
preemptive halt, cache_misses = 33489
preemptive halt, cache_misses = 33489
preemptive halt, cache_misses = 33489
preemptive halt, cache_misses = 33489
preemptive halt, cache_misses = 33489
preemptive halt, cache_misses = 33489
preemptive halt, cache_misses = 33489
preemptive halt, cache_misses = 33489
preemptive halt, cache_misses = 33489
preemptive halt, cache_misses = 33489
preemptive halt, cache_misses = 33489
preemptive halt, cache_misses = 33489
preemptive halt, cache_misses = 33489
preemptive halt, cache_misses = 33489
preemptive halt, cache_misses = 33489
preemptive halt, cache_misses = 33489
preemptive halt, cache_misses = 33489
preemptive halt, cache_misses = 33489
preemptive halt, cache_misses = 33489
preemptive halt, cache_misses = 33489
preemptive halt, cache_misses = 33489
preemptive halt, cache_misses = 33489
preemptive halt, cache_misses = 33489
preemptive halt, cache_misses = 33489
preemptive halt, cache_misses = 33489
preemptive halt, cache_misses = 33489
preemptive halt, cache_misses = 33489
preemptive halt, cache_misses = 33489
preemptive halt, cache_misses = 33489
preemptive halt, cache_misses = 33489
preemptive halt, cache_misses = 33489
preemptive halt, cache_misses = 33489
preemptive halt, cache_misses = 33489
preemptive halt, cache_misses = 33489
preemptive halt, cache_misses = 33489
preemptive halt, cache_misses = 33489
preemptive halt, cache_misses = 33489
preemptive halt, cache_misses = 33489
preemptive halt, cache_misses = 33489
preemptive halt, cache_misses = 33489
preemptive halt, cache_misses = 33489
preemptive halt, cache_misses = 33489
preemptive halt, cache_misses = 33489
preemptive halt, cache_misses = 33489
preemptive halt, cache_misses = 33489
preemptive halt, cache_misses = 33489
preemptive halt, cache_misses = 33489
preemptive halt, cache_misses = 33489
preemptive halt, cache_misses = 33489
preemptive halt, cache_misses = 33489
preemptive halt, cache_misses = 33489
preemptive halt, cache_misses = 33489
preemptive halt, cache_misses = 33489
preemptive halt, cache_misses = 33489
preemptive halt, cache_misses = 33489
preemptive halt, cache_misses = 33489
preemptive halt, cache_misses = 33489
preemptive halt, cache_misses = 33489
binary search, size 21562  misses 33489  min 21250  max 21875
preemptive halt, cache_misses = 33490
preemptive halt, cache_misses = 33490
preemptive halt, cache_misses = 33490
preemptive halt, cache_misses = 33490
preemptive halt, cache_misses = 33490
preemptive halt, cache_misses = 33490
preemptive halt, cache_misses = 33490
preemptive halt, cache_misses = 33490
preemptive halt, cache_misses = 33490
preemptive halt, cache_misses = 33490
preemptive halt, cache_misses = 33490
preemptive halt, cache_misses = 33490
preemptive halt, cache_misses = 33490
preemptive halt, cache_misses = 33490
preemptive halt, cache_misses = 33490
preemptive halt, cache_misses = 33490
preemptive halt, cache_misses = 33490
preemptive halt, cache_misses = 33490
preemptive halt, cache_misses = 33490
preemptive halt, cache_misses = 33490
preemptive halt, cache_misses = 33490
preemptive halt, cache_misses = 33490
preemptive halt, cache_misses = 33490
preemptive halt, cache_misses = 33490
preemptive halt, cache_misses = 33490
preemptive halt, cache_misses = 33490
preemptive halt, cache_misses = 33490
preemptive halt, cache_misses = 33490
preemptive halt, cache_misses = 33490
preemptive halt, cache_misses = 33490
preemptive halt, cache_misses = 33490
preemptive halt, cache_misses = 33490
preemptive halt, cache_misses = 33490
preemptive halt, cache_misses = 33490
preemptive halt, cache_misses = 33490
preemptive halt, cache_misses = 33490
preemptive halt, cache_misses = 33490
preemptive halt, cache_misses = 33490
preemptive halt, cache_misses = 33490
preemptive halt, cache_misses = 33490
preemptive halt, cache_misses = 33490
preemptive halt, cache_misses = 33490
preemptive halt, cache_misses = 33490
preemptive halt, cache_misses = 33490
preemptive halt, cache_misses = 33490
preemptive halt, cache_misses = 33490
preemptive halt, cache_misses = 33490
preemptive halt, cache_misses = 33490
preemptive halt, cache_misses = 33490
preemptive halt, cache_misses = 33490
preemptive halt, cache_misses = 33490
preemptive halt, cache_misses = 33490
preemptive halt, cache_misses = 33490
preemptive halt, cache_misses = 33490
preemptive halt, cache_misses = 33490
preemptive halt, cache_misses = 33490
preemptive halt, cache_misses = 33490
preemptive halt, cache_misses = 33490
preemptive halt, cache_misses = 33490
preemptive halt, cache_misses = 33490
preemptive halt, cache_misses = 33490
preemptive halt, cache_misses = 33490
preemptive halt, cache_misses = 33490
preemptive halt, cache_misses = 33490
preemptive halt, cache_misses = 33490
preemptive halt, cache_misses = 33490
preemptive halt, cache_misses = 33490
preemptive halt, cache_misses = 33490
preemptive halt, cache_misses = 33490
preemptive halt, cache_misses = 33490
preemptive halt, cache_misses = 33490
preemptive halt, cache_misses = 33490
preemptive halt, cache_misses = 33490
preemptive halt, cache_misses = 33490
preemptive halt, cache_misses = 33490
preemptive halt, cache_misses = 33490
preemptive halt, cache_misses = 33490
preemptive halt, cache_misses = 33490
preemptive halt, cache_misses = 33490
preemptive halt, cache_misses = 33490
preemptive halt, cache_misses = 33490
preemptive halt, cache_misses = 33490
preemptive halt, cache_misses = 33490
preemptive halt, cache_misses = 33490
preemptive halt, cache_misses = 33490
preemptive halt, cache_misses = 33490
preemptive halt, cache_misses = 33490
preemptive halt, cache_misses = 33490
preemptive halt, cache_misses = 33490
preemptive halt, cache_misses = 33490
preemptive halt, cache_misses = 33490
preemptive halt, cache_misses = 33490
preemptive halt, cache_misses = 33490
preemptive halt, cache_misses = 33490
preemptive halt, cache_misses = 33490
preemptive halt, cache_misses = 33490
preemptive halt, cache_misses = 33490
preemptive halt, cache_misses = 33490
preemptive halt, cache_misses = 33490
preemptive halt, cache_misses = 33490
preemptive halt, cache_misses = 33490
preemptive halt, cache_misses = 33490
preemptive halt, cache_misses = 33490
preemptive halt, cache_misses = 33490
preemptive halt, cache_misses = 33490
preemptive halt, cache_misses = 33490
preemptive halt, cache_misses = 33490
preemptive halt, cache_misses = 33490
preemptive halt, cache_misses = 33490
preemptive halt, cache_misses = 33490
preemptive halt, cache_misses = 33490
preemptive halt, cache_misses = 33490
binary search, size 21718  misses 33490  min 21562  max 21875
preemptive halt, cache_misses = 33491
preemptive halt, cache_misses = 33491
preemptive halt, cache_misses = 33491
preemptive halt, cache_misses = 33491
preemptive halt, cache_misses = 33491
preemptive halt, cache_misses = 33491
preemptive halt, cache_misses = 33491
preemptive halt, cache_misses = 33491
preemptive halt, cache_misses = 33491
preemptive halt, cache_misses = 33491
preemptive halt, cache_misses = 33491
preemptive halt, cache_misses = 33491
preemptive halt, cache_misses = 33491
preemptive halt, cache_misses = 33491
preemptive halt, cache_misses = 33491
preemptive halt, cache_misses = 33491
preemptive halt, cache_misses = 33491
preemptive halt, cache_misses = 33491
preemptive halt, cache_misses = 33491
preemptive halt, cache_misses = 33491
preemptive halt, cache_misses = 33491
preemptive halt, cache_misses = 33491
preemptive halt, cache_misses = 33491
preemptive halt, cache_misses = 33491
preemptive halt, cache_misses = 33491
preemptive halt, cache_misses = 33491
preemptive halt, cache_misses = 33491
preemptive halt, cache_misses = 33491
preemptive halt, cache_misses = 33491
preemptive halt, cache_misses = 33491
preemptive halt, cache_misses = 33491
preemptive halt, cache_misses = 33491
preemptive halt, cache_misses = 33491
preemptive halt, cache_misses = 33491
preemptive halt, cache_misses = 33491
preemptive halt, cache_misses = 33491
preemptive halt, cache_misses = 33491
preemptive halt, cache_misses = 33491
preemptive halt, cache_misses = 33491
preemptive halt, cache_misses = 33491
preemptive halt, cache_misses = 33491
preemptive halt, cache_misses = 33491
preemptive halt, cache_misses = 33491
preemptive halt, cache_misses = 33491
preemptive halt, cache_misses = 33491
preemptive halt, cache_misses = 33491
preemptive halt, cache_misses = 33491
preemptive halt, cache_misses = 33491
preemptive halt, cache_misses = 33491
preemptive halt, cache_misses = 33491
preemptive halt, cache_misses = 33491
preemptive halt, cache_misses = 33491
preemptive halt, cache_misses = 33491
preemptive halt, cache_misses = 33491
preemptive halt, cache_misses = 33491
preemptive halt, cache_misses = 33491
preemptive halt, cache_misses = 33491
preemptive halt, cache_misses = 33491
preemptive halt, cache_misses = 33491
preemptive halt, cache_misses = 33491
preemptive halt, cache_misses = 33491
preemptive halt, cache_misses = 33491
preemptive halt, cache_misses = 33491
preemptive halt, cache_misses = 33491
preemptive halt, cache_misses = 33491
preemptive halt, cache_misses = 33491
preemptive halt, cache_misses = 33491
preemptive halt, cache_misses = 33491
preemptive halt, cache_misses = 33491
preemptive halt, cache_misses = 33491
preemptive halt, cache_misses = 33491
preemptive halt, cache_misses = 33491
preemptive halt, cache_misses = 33491
preemptive halt, cache_misses = 33491
preemptive halt, cache_misses = 33491
preemptive halt, cache_misses = 33491
preemptive halt, cache_misses = 33491
preemptive halt, cache_misses = 33491
preemptive halt, cache_misses = 33491
preemptive halt, cache_misses = 33491
preemptive halt, cache_misses = 33491
preemptive halt, cache_misses = 33491
preemptive halt, cache_misses = 33491
preemptive halt, cache_misses = 33491
preemptive halt, cache_misses = 33491
preemptive halt, cache_misses = 33491
preemptive halt, cache_misses = 33491
preemptive halt, cache_misses = 33491
preemptive halt, cache_misses = 33491
preemptive halt, cache_misses = 33491
preemptive halt, cache_misses = 33491
preemptive halt, cache_misses = 33491
preemptive halt, cache_misses = 33491
preemptive halt, cache_misses = 33491
preemptive halt, cache_misses = 33491
preemptive halt, cache_misses = 33491
preemptive halt, cache_misses = 33491
preemptive halt, cache_misses = 33491
preemptive halt, cache_misses = 33491
preemptive halt, cache_misses = 33491
preemptive halt, cache_misses = 33491
preemptive halt, cache_misses = 33491
preemptive halt, cache_misses = 33491
preemptive halt, cache_misses = 33491
preemptive halt, cache_misses = 33491
preemptive halt, cache_misses = 33491
preemptive halt, cache_misses = 33491
preemptive halt, cache_misses = 33491
preemptive halt, cache_misses = 33491
preemptive halt, cache_misses = 33491
preemptive halt, cache_misses = 33491
preemptive halt, cache_misses = 33491
preemptive halt, cache_misses = 33491
preemptive halt, cache_misses = 33491
binary search, size 21796  misses 33491  min 21718  max 21875
binary search, size 21835  misses 33488  min 21796  max 21875
preemptive halt, cache_misses = 33489
preemptive halt, cache_misses = 33489
preemptive halt, cache_misses = 33489
preemptive halt, cache_misses = 33489
preemptive halt, cache_misses = 33489
preemptive halt, cache_misses = 33489
preemptive halt, cache_misses = 33489
preemptive halt, cache_misses = 33489
preemptive halt, cache_misses = 33489
preemptive halt, cache_misses = 33489
preemptive halt, cache_misses = 33489
preemptive halt, cache_misses = 33489
preemptive halt, cache_misses = 33489
preemptive halt, cache_misses = 33489
preemptive halt, cache_misses = 33489
preemptive halt, cache_misses = 33489
preemptive halt, cache_misses = 33489
preemptive halt, cache_misses = 33489
preemptive halt, cache_misses = 33489
preemptive halt, cache_misses = 33489
preemptive halt, cache_misses = 33489
preemptive halt, cache_misses = 33489
preemptive halt, cache_misses = 33489
preemptive halt, cache_misses = 33489
preemptive halt, cache_misses = 33489
preemptive halt, cache_misses = 33489
preemptive halt, cache_misses = 33489
preemptive halt, cache_misses = 33489
preemptive halt, cache_misses = 33489
preemptive halt, cache_misses = 33489
preemptive halt, cache_misses = 33489
preemptive halt, cache_misses = 33489
preemptive halt, cache_misses = 33489
preemptive halt, cache_misses = 33489
preemptive halt, cache_misses = 33489
preemptive halt, cache_misses = 33489
preemptive halt, cache_misses = 33489
preemptive halt, cache_misses = 33489
preemptive halt, cache_misses = 33489
preemptive halt, cache_misses = 33489
preemptive halt, cache_misses = 33489
preemptive halt, cache_misses = 33489
preemptive halt, cache_misses = 33489
preemptive halt, cache_misses = 33489
preemptive halt, cache_misses = 33489
preemptive halt, cache_misses = 33489
preemptive halt, cache_misses = 33489
preemptive halt, cache_misses = 33489
preemptive halt, cache_misses = 33489
preemptive halt, cache_misses = 33489
preemptive halt, cache_misses = 33489
preemptive halt, cache_misses = 33489
preemptive halt, cache_misses = 33489
preemptive halt, cache_misses = 33489
preemptive halt, cache_misses = 33489
preemptive halt, cache_misses = 33489
preemptive halt, cache_misses = 33489
preemptive halt, cache_misses = 33489
preemptive halt, cache_misses = 33489
preemptive halt, cache_misses = 33489
preemptive halt, cache_misses = 33489
preemptive halt, cache_misses = 33489
preemptive halt, cache_misses = 33489
preemptive halt, cache_misses = 33489
preemptive halt, cache_misses = 33489
preemptive halt, cache_misses = 33489
preemptive halt, cache_misses = 33489
preemptive halt, cache_misses = 33489
preemptive halt, cache_misses = 33489
preemptive halt, cache_misses = 33489
preemptive halt, cache_misses = 33489
preemptive halt, cache_misses = 33489
preemptive halt, cache_misses = 33489
preemptive halt, cache_misses = 33489
preemptive halt, cache_misses = 33489
preemptive halt, cache_misses = 33489
preemptive halt, cache_misses = 33489
preemptive halt, cache_misses = 33489
preemptive halt, cache_misses = 33489
preemptive halt, cache_misses = 33489
preemptive halt, cache_misses = 33489
preemptive halt, cache_misses = 33489
preemptive halt, cache_misses = 33489
preemptive halt, cache_misses = 33489
preemptive halt, cache_misses = 33489
preemptive halt, cache_misses = 33489
preemptive halt, cache_misses = 33489
preemptive halt, cache_misses = 33489
preemptive halt, cache_misses = 33489
preemptive halt, cache_misses = 33489
preemptive halt, cache_misses = 33489
preemptive halt, cache_misses = 33489
preemptive halt, cache_misses = 33489
preemptive halt, cache_misses = 33489
preemptive halt, cache_misses = 33489
preemptive halt, cache_misses = 33489
preemptive halt, cache_misses = 33489
preemptive halt, cache_misses = 33489
preemptive halt, cache_misses = 33489
preemptive halt, cache_misses = 33489
preemptive halt, cache_misses = 33489
preemptive halt, cache_misses = 33489
preemptive halt, cache_misses = 33489
preemptive halt, cache_misses = 33489
preemptive halt, cache_misses = 33489
preemptive halt, cache_misses = 33489
preemptive halt, cache_misses = 33489
preemptive halt, cache_misses = 33489
preemptive halt, cache_misses = 33489
preemptive halt, cache_misses = 33489
binary search, size 21815  misses 33489  min 21796  max 21835
preemptive halt, cache_misses = 33490
preemptive halt, cache_misses = 33490
preemptive halt, cache_misses = 33490
preemptive halt, cache_misses = 33490
preemptive halt, cache_misses = 33490
preemptive halt, cache_misses = 33490
preemptive halt, cache_misses = 33490
preemptive halt, cache_misses = 33490
preemptive halt, cache_misses = 33490
preemptive halt, cache_misses = 33490
preemptive halt, cache_misses = 33490
preemptive halt, cache_misses = 33490
preemptive halt, cache_misses = 33490
preemptive halt, cache_misses = 33490
preemptive halt, cache_misses = 33490
preemptive halt, cache_misses = 33490
preemptive halt, cache_misses = 33490
preemptive halt, cache_misses = 33490
preemptive halt, cache_misses = 33490
preemptive halt, cache_misses = 33490
preemptive halt, cache_misses = 33490
preemptive halt, cache_misses = 33490
preemptive halt, cache_misses = 33490
preemptive halt, cache_misses = 33490
preemptive halt, cache_misses = 33490
preemptive halt, cache_misses = 33490
preemptive halt, cache_misses = 33490
preemptive halt, cache_misses = 33490
preemptive halt, cache_misses = 33490
preemptive halt, cache_misses = 33490
preemptive halt, cache_misses = 33490
preemptive halt, cache_misses = 33490
preemptive halt, cache_misses = 33490
preemptive halt, cache_misses = 33490
preemptive halt, cache_misses = 33490
preemptive halt, cache_misses = 33490
preemptive halt, cache_misses = 33490
preemptive halt, cache_misses = 33490
preemptive halt, cache_misses = 33490
preemptive halt, cache_misses = 33490
preemptive halt, cache_misses = 33490
preemptive halt, cache_misses = 33490
preemptive halt, cache_misses = 33490
preemptive halt, cache_misses = 33490
preemptive halt, cache_misses = 33490
preemptive halt, cache_misses = 33490
preemptive halt, cache_misses = 33490
preemptive halt, cache_misses = 33490
preemptive halt, cache_misses = 33490
preemptive halt, cache_misses = 33490
preemptive halt, cache_misses = 33490
preemptive halt, cache_misses = 33490
preemptive halt, cache_misses = 33490
preemptive halt, cache_misses = 33490
preemptive halt, cache_misses = 33490
preemptive halt, cache_misses = 33490
preemptive halt, cache_misses = 33490
preemptive halt, cache_misses = 33490
preemptive halt, cache_misses = 33490
preemptive halt, cache_misses = 33490
preemptive halt, cache_misses = 33490
preemptive halt, cache_misses = 33490
preemptive halt, cache_misses = 33490
preemptive halt, cache_misses = 33490
preemptive halt, cache_misses = 33490
preemptive halt, cache_misses = 33490
preemptive halt, cache_misses = 33490
preemptive halt, cache_misses = 33490
preemptive halt, cache_misses = 33490
preemptive halt, cache_misses = 33490
preemptive halt, cache_misses = 33490
preemptive halt, cache_misses = 33490
preemptive halt, cache_misses = 33490
preemptive halt, cache_misses = 33490
preemptive halt, cache_misses = 33490
preemptive halt, cache_misses = 33490
preemptive halt, cache_misses = 33490
preemptive halt, cache_misses = 33490
preemptive halt, cache_misses = 33490
preemptive halt, cache_misses = 33490
preemptive halt, cache_misses = 33490
preemptive halt, cache_misses = 33490
preemptive halt, cache_misses = 33490
preemptive halt, cache_misses = 33490
preemptive halt, cache_misses = 33490
preemptive halt, cache_misses = 33490
preemptive halt, cache_misses = 33490
preemptive halt, cache_misses = 33490
preemptive halt, cache_misses = 33490
preemptive halt, cache_misses = 33490
preemptive halt, cache_misses = 33490
preemptive halt, cache_misses = 33490
preemptive halt, cache_misses = 33490
preemptive halt, cache_misses = 33490
preemptive halt, cache_misses = 33490
preemptive halt, cache_misses = 33490
preemptive halt, cache_misses = 33490
preemptive halt, cache_misses = 33490
preemptive halt, cache_misses = 33490
preemptive halt, cache_misses = 33490
preemptive halt, cache_misses = 33490
preemptive halt, cache_misses = 33490
preemptive halt, cache_misses = 33490
preemptive halt, cache_misses = 33490
preemptive halt, cache_misses = 33490
preemptive halt, cache_misses = 33490
preemptive halt, cache_misses = 33490
preemptive halt, cache_misses = 33490
preemptive halt, cache_misses = 33490
preemptive halt, cache_misses = 33490
preemptive halt, cache_misses = 33490
preemptive halt, cache_misses = 33490
binary search, size 21825  misses 33490  min 21815  max 21835
preemptive halt, cache_misses = 33491
preemptive halt, cache_misses = 33491
preemptive halt, cache_misses = 33491
preemptive halt, cache_misses = 33491
preemptive halt, cache_misses = 33491
preemptive halt, cache_misses = 33491
preemptive halt, cache_misses = 33491
preemptive halt, cache_misses = 33491
preemptive halt, cache_misses = 33491
preemptive halt, cache_misses = 33491
preemptive halt, cache_misses = 33491
preemptive halt, cache_misses = 33491
preemptive halt, cache_misses = 33491
preemptive halt, cache_misses = 33491
preemptive halt, cache_misses = 33491
preemptive halt, cache_misses = 33491
preemptive halt, cache_misses = 33491
preemptive halt, cache_misses = 33491
preemptive halt, cache_misses = 33491
preemptive halt, cache_misses = 33491
preemptive halt, cache_misses = 33491
preemptive halt, cache_misses = 33491
preemptive halt, cache_misses = 33491
preemptive halt, cache_misses = 33491
preemptive halt, cache_misses = 33491
preemptive halt, cache_misses = 33491
preemptive halt, cache_misses = 33491
preemptive halt, cache_misses = 33491
preemptive halt, cache_misses = 33491
preemptive halt, cache_misses = 33491
preemptive halt, cache_misses = 33491
preemptive halt, cache_misses = 33491
preemptive halt, cache_misses = 33491
preemptive halt, cache_misses = 33491
preemptive halt, cache_misses = 33491
preemptive halt, cache_misses = 33491
preemptive halt, cache_misses = 33491
preemptive halt, cache_misses = 33491
preemptive halt, cache_misses = 33491
preemptive halt, cache_misses = 33491
preemptive halt, cache_misses = 33491
preemptive halt, cache_misses = 33491
preemptive halt, cache_misses = 33491
preemptive halt, cache_misses = 33491
preemptive halt, cache_misses = 33491
preemptive halt, cache_misses = 33491
preemptive halt, cache_misses = 33491
preemptive halt, cache_misses = 33491
preemptive halt, cache_misses = 33491
preemptive halt, cache_misses = 33491
preemptive halt, cache_misses = 33491
preemptive halt, cache_misses = 33491
preemptive halt, cache_misses = 33491
preemptive halt, cache_misses = 33491
preemptive halt, cache_misses = 33491
preemptive halt, cache_misses = 33491
preemptive halt, cache_misses = 33491
preemptive halt, cache_misses = 33491
preemptive halt, cache_misses = 33491
preemptive halt, cache_misses = 33491
preemptive halt, cache_misses = 33491
preemptive halt, cache_misses = 33491
preemptive halt, cache_misses = 33491
preemptive halt, cache_misses = 33491
preemptive halt, cache_misses = 33491
preemptive halt, cache_misses = 33491
preemptive halt, cache_misses = 33491
preemptive halt, cache_misses = 33491
preemptive halt, cache_misses = 33491
preemptive halt, cache_misses = 33491
preemptive halt, cache_misses = 33491
preemptive halt, cache_misses = 33491
preemptive halt, cache_misses = 33491
preemptive halt, cache_misses = 33491
preemptive halt, cache_misses = 33491
preemptive halt, cache_misses = 33491
preemptive halt, cache_misses = 33491
preemptive halt, cache_misses = 33491
preemptive halt, cache_misses = 33491
preemptive halt, cache_misses = 33491
preemptive halt, cache_misses = 33491
preemptive halt, cache_misses = 33491
preemptive halt, cache_misses = 33491
preemptive halt, cache_misses = 33491
preemptive halt, cache_misses = 33491
preemptive halt, cache_misses = 33491
preemptive halt, cache_misses = 33491
preemptive halt, cache_misses = 33491
preemptive halt, cache_misses = 33491
preemptive halt, cache_misses = 33491
preemptive halt, cache_misses = 33491
preemptive halt, cache_misses = 33491
preemptive halt, cache_misses = 33491
preemptive halt, cache_misses = 33491
preemptive halt, cache_misses = 33491
preemptive halt, cache_misses = 33491
preemptive halt, cache_misses = 33491
preemptive halt, cache_misses = 33491
preemptive halt, cache_misses = 33491
preemptive halt, cache_misses = 33491
preemptive halt, cache_misses = 33491
preemptive halt, cache_misses = 33491
preemptive halt, cache_misses = 33491
preemptive halt, cache_misses = 33491
preemptive halt, cache_misses = 33491
preemptive halt, cache_misses = 33491
preemptive halt, cache_misses = 33491
preemptive halt, cache_misses = 33491
preemptive halt, cache_misses = 33491
preemptive halt, cache_misses = 33491
preemptive halt, cache_misses = 33491
preemptive halt, cache_misses = 33491
preemptive halt, cache_misses = 33491
preemptive halt, cache_misses = 33491
binary search, size 21830  misses 33491  min 21825  max 21835
binary search, size 21832  misses 33488  min 21830  max 21835
binary search, size 21831  misses 33488  min 21830  max 21832
characteristic cache size (binary search) for 182 = 21831
End at: 2021-04-02 02:16:58.488451
Time elapsed: 0:00:00.620431
