Begin at: 2021-04-02 02:16:25.839085
['../dist/Debug/GNU-Linux/memo_batch_tester', '', '--mbt_execution_trace_fname', 'olcs4_traceback_csize_input_types/OLCS4_lru_2021_04_02__02_16_05_k_3__d_2_cache_size_160000_problems_10_to_400/OLCS4_lru_2021_04_02__02_16_05_k_3__d_2_cache_size_160000_problems_10_to_400/OLCS4__do_traceback_prob_size_116_cache_size_160000_lru_k_3_d_2_execution_trace_2021_4_2_2_16_25_pid_10795.log', '--mbt_cache_misses_fname', 'olcs4_traceback_csize_input_types/OLCS4_lru_2021_04_02__02_16_05_k_3__d_2_cache_size_160000_problems_10_to_400/lcs_cost_OLCS4_lru_misses_for_cache_size.csv', '--mbt_misses_for_problem_size_fname', 'olcs4_traceback_csize_input_types/OLCS4_lru_2021_04_02__02_16_05_k_3__d_2_cache_size_160000_problems_10_to_400/lcs_cost_OLCS4_lru_misses_for_problem_size.csv', '--mbt_exact_cutoff_min_cache_size', '160000', '--mbt_exact_cutoff_max_cache_size', '160000', '--mbt_problem_type', 'lcs', '--mbt_metric_type', 'csize_binary_search', '--mbt_cutoff_ratio', '2.2', '--mbt_instance_fname', '116', '--mbt_detailed_cache_misses_out_fname', 'csize_olcs4_traceback_0011nc_nc1100_0_8.csv', '--mbt_phi_N', '5.0', '--mbt_problem_size', '116', '--lcs_compute_length', '0', '--lcs_perform_traceback', '1', '--lig_instance_type', '0011nc_nc1100', '--lig_n', '116', '--lig_c', '0.8', '--lig_b', '3.0', '--lcs_oblivious', '4', '--lcs_execution_trace_fname', 'olcs4_traceback_csize_input_types/OLCS4_lru_2021_04_02__02_16_05_k_3__d_2_cache_size_160000_problems_10_to_400/OLCS4_lru_2021_04_02__02_16_05_k_3__d_2_cache_size_160000_problems_10_to_400/OLCS4__do_traceback_prob_size_116_cache_size_160000_lru_k_3_d_2_execution_trace_2021_4_2_2_16_25_pid_10795.log', '--memo_caching_strategy', 'lru', '--memo_cache_size', '160001', '--memo_lru_queue_size', '160000', '--memo_cuckoo_k', '4', '--memo_key_length', '8', '--memo_value_length', '8', '--memo_k_timestamps', '3', '--memo_d_recent_timestamps', '2', '--memo_a_items_per_timestamp_factor', '0.4375']

csize_binary_search chosen
lcs problem_type lcs cache_size 160001
initialize_long_int_cache begin
init_memo
arguments to memo:
 --mbt_execution_trace_fname olcs4_traceback_csize_input_types/OLCS4_lru_2021_04_02__02_16_05_k_3__d_2_cache_size_160000_problems_10_to_400/OLCS4_lru_2021_04_02__02_16_05_k_3__d_2_cache_size_160000_problems_10_to_400/OLCS4__do_traceback_prob_size_116_cache_size_160000_lru_k_3_d_2_execution_trace_2021_4_2_2_16_25_pid_10795.log --mbt_cache_misses_fname olcs4_traceback_csize_input_types/OLCS4_lru_2021_04_02__02_16_05_k_3__d_2_cache_size_160000_problems_10_to_400/lcs_cost_OLCS4_lru_misses_for_cache_size.csv --mbt_misses_for_problem_size_fname olcs4_traceback_csize_input_types/OLCS4_lru_2021_04_02__02_16_05_k_3__d_2_cache_size_160000_problems_10_to_400/lcs_cost_OLCS4_lru_misses_for_problem_size.csv --mbt_exact_cutoff_min_cache_size 160000 --mbt_exact_cutoff_max_cache_size 160000 --mbt_problem_type lcs --mbt_metric_type csize_binary_search --mbt_cutoff_ratio 2.2 --mbt_instance_fname 116 --mbt_detailed_cache_misses_out_fname csize_olcs4_traceback_0011nc_nc1100_0_8.csv --mbt_phi_N 5.0 --mbt_problem_size 116 --lcs_compute_length 0 --lcs_perform_traceback 1 --lig_instance_type 0011nc_nc1100 --lig_n 116 --lig_c 0.8 --lig_b 3.0 --lcs_oblivious 4 --lcs_execution_trace_fname olcs4_traceback_csize_input_types/OLCS4_lru_2021_04_02__02_16_05_k_3__d_2_cache_size_160000_problems_10_to_400/OLCS4_lru_2021_04_02__02_16_05_k_3__d_2_cache_size_160000_problems_10_to_400/OLCS4__do_traceback_prob_size_116_cache_size_160000_lru_k_3_d_2_execution_trace_2021_4_2_2_16_25_pid_10795.log --memo_caching_strategy lru --memo_cache_size 160001 --memo_lru_queue_size 160000 --memo_cuckoo_k 4 --memo_key_length 8 --memo_value_length 8 --memo_k_timestamps 3 --memo_d_recent_timestamps 2 --memo_a_items_per_timestamp_factor 0.4375 
calculate_table_size: table_size is 262144, original is 160001
Finished initializing cache
initialize_long_int_cache end
done initializing cache
initializing problem
done initializing problem
commence trials
Starting characteristic_cache_size_binary_search with max cache size 160001
binary search, size 160001  misses 13688
binary search, size 80000  misses 13688  min 0  max 160001
binary search, size 40000  misses 13688  min 0  max 80000
binary search, size 20000  misses 13688  min 0  max 40000
binary search, size 10000  misses 13688  min 0  max 20000
preemptive halt, cache_misses = 13689
preemptive halt, cache_misses = 13689
preemptive halt, cache_misses = 13689
preemptive halt, cache_misses = 13689
preemptive halt, cache_misses = 13689
preemptive halt, cache_misses = 13689
preemptive halt, cache_misses = 13689
preemptive halt, cache_misses = 13689
preemptive halt, cache_misses = 13689
preemptive halt, cache_misses = 13689
preemptive halt, cache_misses = 13689
preemptive halt, cache_misses = 13689
preemptive halt, cache_misses = 13689
preemptive halt, cache_misses = 13689
preemptive halt, cache_misses = 13689
preemptive halt, cache_misses = 13689
preemptive halt, cache_misses = 13689
preemptive halt, cache_misses = 13689
preemptive halt, cache_misses = 13689
preemptive halt, cache_misses = 13689
preemptive halt, cache_misses = 13689
preemptive halt, cache_misses = 13689
preemptive halt, cache_misses = 13689
preemptive halt, cache_misses = 13689
preemptive halt, cache_misses = 13689
preemptive halt, cache_misses = 13689
preemptive halt, cache_misses = 13689
preemptive halt, cache_misses = 13689
preemptive halt, cache_misses = 13689
preemptive halt, cache_misses = 13689
preemptive halt, cache_misses = 13689
preemptive halt, cache_misses = 13689
preemptive halt, cache_misses = 13689
preemptive halt, cache_misses = 13689
preemptive halt, cache_misses = 13689
preemptive halt, cache_misses = 13689
preemptive halt, cache_misses = 13689
preemptive halt, cache_misses = 13689
preemptive halt, cache_misses = 13689
preemptive halt, cache_misses = 13689
preemptive halt, cache_misses = 13689
preemptive halt, cache_misses = 13689
preemptive halt, cache_misses = 13689
preemptive halt, cache_misses = 13689
preemptive halt, cache_misses = 13689
preemptive halt, cache_misses = 13689
preemptive halt, cache_misses = 13689
preemptive halt, cache_misses = 13689
preemptive halt, cache_misses = 13689
preemptive halt, cache_misses = 13689
preemptive halt, cache_misses = 13689
preemptive halt, cache_misses = 13689
preemptive halt, cache_misses = 13689
preemptive halt, cache_misses = 13689
preemptive halt, cache_misses = 13689
preemptive halt, cache_misses = 13689
preemptive halt, cache_misses = 13689
preemptive halt, cache_misses = 13689
binary search, size 5000  misses 13689  min 0  max 10000
preemptive halt, cache_misses = 13690
preemptive halt, cache_misses = 13690
preemptive halt, cache_misses = 13690
preemptive halt, cache_misses = 13690
preemptive halt, cache_misses = 13690
preemptive halt, cache_misses = 13690
preemptive halt, cache_misses = 13690
preemptive halt, cache_misses = 13690
preemptive halt, cache_misses = 13690
preemptive halt, cache_misses = 13690
preemptive halt, cache_misses = 13690
preemptive halt, cache_misses = 13690
preemptive halt, cache_misses = 13690
preemptive halt, cache_misses = 13690
preemptive halt, cache_misses = 13690
preemptive halt, cache_misses = 13690
preemptive halt, cache_misses = 13690
preemptive halt, cache_misses = 13690
preemptive halt, cache_misses = 13690
preemptive halt, cache_misses = 13690
preemptive halt, cache_misses = 13690
preemptive halt, cache_misses = 13690
preemptive halt, cache_misses = 13690
preemptive halt, cache_misses = 13690
preemptive halt, cache_misses = 13690
preemptive halt, cache_misses = 13690
preemptive halt, cache_misses = 13690
preemptive halt, cache_misses = 13690
preemptive halt, cache_misses = 13690
preemptive halt, cache_misses = 13690
preemptive halt, cache_misses = 13690
preemptive halt, cache_misses = 13690
preemptive halt, cache_misses = 13690
preemptive halt, cache_misses = 13690
preemptive halt, cache_misses = 13690
preemptive halt, cache_misses = 13690
preemptive halt, cache_misses = 13690
preemptive halt, cache_misses = 13690
preemptive halt, cache_misses = 13690
preemptive halt, cache_misses = 13690
preemptive halt, cache_misses = 13690
preemptive halt, cache_misses = 13690
preemptive halt, cache_misses = 13690
preemptive halt, cache_misses = 13690
preemptive halt, cache_misses = 13690
preemptive halt, cache_misses = 13690
preemptive halt, cache_misses = 13690
preemptive halt, cache_misses = 13690
preemptive halt, cache_misses = 13690
preemptive halt, cache_misses = 13690
preemptive halt, cache_misses = 13690
preemptive halt, cache_misses = 13690
preemptive halt, cache_misses = 13690
preemptive halt, cache_misses = 13690
preemptive halt, cache_misses = 13690
preemptive halt, cache_misses = 13690
preemptive halt, cache_misses = 13690
preemptive halt, cache_misses = 13690
preemptive halt, cache_misses = 13690
preemptive halt, cache_misses = 13690
binary search, size 7500  misses 13690  min 5000  max 10000
binary search, size 8750  misses 13688  min 7500  max 10000
preemptive halt, cache_misses = 13689
preemptive halt, cache_misses = 13689
preemptive halt, cache_misses = 13689
preemptive halt, cache_misses = 13689
preemptive halt, cache_misses = 13689
preemptive halt, cache_misses = 13689
preemptive halt, cache_misses = 13689
preemptive halt, cache_misses = 13689
preemptive halt, cache_misses = 13689
preemptive halt, cache_misses = 13689
preemptive halt, cache_misses = 13689
preemptive halt, cache_misses = 13689
preemptive halt, cache_misses = 13689
preemptive halt, cache_misses = 13689
preemptive halt, cache_misses = 13689
preemptive halt, cache_misses = 13689
preemptive halt, cache_misses = 13689
preemptive halt, cache_misses = 13689
preemptive halt, cache_misses = 13689
preemptive halt, cache_misses = 13689
preemptive halt, cache_misses = 13689
preemptive halt, cache_misses = 13689
preemptive halt, cache_misses = 13689
preemptive halt, cache_misses = 13689
preemptive halt, cache_misses = 13689
preemptive halt, cache_misses = 13689
preemptive halt, cache_misses = 13689
preemptive halt, cache_misses = 13689
preemptive halt, cache_misses = 13689
preemptive halt, cache_misses = 13689
preemptive halt, cache_misses = 13689
preemptive halt, cache_misses = 13689
preemptive halt, cache_misses = 13689
preemptive halt, cache_misses = 13689
preemptive halt, cache_misses = 13689
preemptive halt, cache_misses = 13689
preemptive halt, cache_misses = 13689
preemptive halt, cache_misses = 13689
preemptive halt, cache_misses = 13689
preemptive halt, cache_misses = 13689
preemptive halt, cache_misses = 13689
preemptive halt, cache_misses = 13689
preemptive halt, cache_misses = 13689
preemptive halt, cache_misses = 13689
preemptive halt, cache_misses = 13689
preemptive halt, cache_misses = 13689
preemptive halt, cache_misses = 13689
preemptive halt, cache_misses = 13689
preemptive halt, cache_misses = 13689
preemptive halt, cache_misses = 13689
preemptive halt, cache_misses = 13689
preemptive halt, cache_misses = 13689
preemptive halt, cache_misses = 13689
preemptive halt, cache_misses = 13689
preemptive halt, cache_misses = 13689
preemptive halt, cache_misses = 13689
preemptive halt, cache_misses = 13689
preemptive halt, cache_misses = 13689
binary search, size 8125  misses 13689  min 7500  max 8750
preemptive halt, cache_misses = 13690
preemptive halt, cache_misses = 13690
preemptive halt, cache_misses = 13690
preemptive halt, cache_misses = 13690
preemptive halt, cache_misses = 13690
preemptive halt, cache_misses = 13690
preemptive halt, cache_misses = 13690
preemptive halt, cache_misses = 13690
preemptive halt, cache_misses = 13690
preemptive halt, cache_misses = 13690
preemptive halt, cache_misses = 13690
preemptive halt, cache_misses = 13690
preemptive halt, cache_misses = 13690
preemptive halt, cache_misses = 13690
preemptive halt, cache_misses = 13690
preemptive halt, cache_misses = 13690
preemptive halt, cache_misses = 13690
preemptive halt, cache_misses = 13690
preemptive halt, cache_misses = 13690
preemptive halt, cache_misses = 13690
preemptive halt, cache_misses = 13690
preemptive halt, cache_misses = 13690
preemptive halt, cache_misses = 13690
preemptive halt, cache_misses = 13690
preemptive halt, cache_misses = 13690
preemptive halt, cache_misses = 13690
preemptive halt, cache_misses = 13690
preemptive halt, cache_misses = 13690
preemptive halt, cache_misses = 13690
preemptive halt, cache_misses = 13690
preemptive halt, cache_misses = 13690
preemptive halt, cache_misses = 13690
preemptive halt, cache_misses = 13690
preemptive halt, cache_misses = 13690
preemptive halt, cache_misses = 13690
preemptive halt, cache_misses = 13690
preemptive halt, cache_misses = 13690
preemptive halt, cache_misses = 13690
preemptive halt, cache_misses = 13690
preemptive halt, cache_misses = 13690
preemptive halt, cache_misses = 13690
preemptive halt, cache_misses = 13690
preemptive halt, cache_misses = 13690
preemptive halt, cache_misses = 13690
preemptive halt, cache_misses = 13690
preemptive halt, cache_misses = 13690
preemptive halt, cache_misses = 13690
preemptive halt, cache_misses = 13690
preemptive halt, cache_misses = 13690
preemptive halt, cache_misses = 13690
preemptive halt, cache_misses = 13690
preemptive halt, cache_misses = 13690
preemptive halt, cache_misses = 13690
preemptive halt, cache_misses = 13690
preemptive halt, cache_misses = 13690
preemptive halt, cache_misses = 13690
preemptive halt, cache_misses = 13690
preemptive halt, cache_misses = 13690
preemptive halt, cache_misses = 13690
preemptive halt, cache_misses = 13690
binary search, size 8437  misses 13690  min 8125  max 8750
binary search, size 8593  misses 13688  min 8437  max 8750
preemptive halt, cache_misses = 13689
preemptive halt, cache_misses = 13689
preemptive halt, cache_misses = 13689
preemptive halt, cache_misses = 13689
preemptive halt, cache_misses = 13689
preemptive halt, cache_misses = 13689
preemptive halt, cache_misses = 13689
preemptive halt, cache_misses = 13689
preemptive halt, cache_misses = 13689
preemptive halt, cache_misses = 13689
preemptive halt, cache_misses = 13689
preemptive halt, cache_misses = 13689
preemptive halt, cache_misses = 13689
preemptive halt, cache_misses = 13689
preemptive halt, cache_misses = 13689
preemptive halt, cache_misses = 13689
preemptive halt, cache_misses = 13689
preemptive halt, cache_misses = 13689
preemptive halt, cache_misses = 13689
preemptive halt, cache_misses = 13689
preemptive halt, cache_misses = 13689
preemptive halt, cache_misses = 13689
preemptive halt, cache_misses = 13689
preemptive halt, cache_misses = 13689
preemptive halt, cache_misses = 13689
preemptive halt, cache_misses = 13689
preemptive halt, cache_misses = 13689
preemptive halt, cache_misses = 13689
preemptive halt, cache_misses = 13689
preemptive halt, cache_misses = 13689
preemptive halt, cache_misses = 13689
preemptive halt, cache_misses = 13689
preemptive halt, cache_misses = 13689
preemptive halt, cache_misses = 13689
preemptive halt, cache_misses = 13689
preemptive halt, cache_misses = 13689
preemptive halt, cache_misses = 13689
preemptive halt, cache_misses = 13689
preemptive halt, cache_misses = 13689
preemptive halt, cache_misses = 13689
preemptive halt, cache_misses = 13689
preemptive halt, cache_misses = 13689
preemptive halt, cache_misses = 13689
preemptive halt, cache_misses = 13689
preemptive halt, cache_misses = 13689
preemptive halt, cache_misses = 13689
preemptive halt, cache_misses = 13689
preemptive halt, cache_misses = 13689
preemptive halt, cache_misses = 13689
preemptive halt, cache_misses = 13689
preemptive halt, cache_misses = 13689
preemptive halt, cache_misses = 13689
preemptive halt, cache_misses = 13689
preemptive halt, cache_misses = 13689
preemptive halt, cache_misses = 13689
preemptive halt, cache_misses = 13689
preemptive halt, cache_misses = 13689
preemptive halt, cache_misses = 13689
binary search, size 8515  misses 13689  min 8437  max 8593
preemptive halt, cache_misses = 13690
preemptive halt, cache_misses = 13690
preemptive halt, cache_misses = 13690
preemptive halt, cache_misses = 13690
preemptive halt, cache_misses = 13690
preemptive halt, cache_misses = 13690
preemptive halt, cache_misses = 13690
preemptive halt, cache_misses = 13690
preemptive halt, cache_misses = 13690
preemptive halt, cache_misses = 13690
preemptive halt, cache_misses = 13690
preemptive halt, cache_misses = 13690
preemptive halt, cache_misses = 13690
preemptive halt, cache_misses = 13690
preemptive halt, cache_misses = 13690
preemptive halt, cache_misses = 13690
preemptive halt, cache_misses = 13690
preemptive halt, cache_misses = 13690
preemptive halt, cache_misses = 13690
preemptive halt, cache_misses = 13690
preemptive halt, cache_misses = 13690
preemptive halt, cache_misses = 13690
preemptive halt, cache_misses = 13690
preemptive halt, cache_misses = 13690
preemptive halt, cache_misses = 13690
preemptive halt, cache_misses = 13690
preemptive halt, cache_misses = 13690
preemptive halt, cache_misses = 13690
preemptive halt, cache_misses = 13690
preemptive halt, cache_misses = 13690
preemptive halt, cache_misses = 13690
preemptive halt, cache_misses = 13690
preemptive halt, cache_misses = 13690
preemptive halt, cache_misses = 13690
preemptive halt, cache_misses = 13690
preemptive halt, cache_misses = 13690
preemptive halt, cache_misses = 13690
preemptive halt, cache_misses = 13690
preemptive halt, cache_misses = 13690
preemptive halt, cache_misses = 13690
preemptive halt, cache_misses = 13690
preemptive halt, cache_misses = 13690
preemptive halt, cache_misses = 13690
preemptive halt, cache_misses = 13690
preemptive halt, cache_misses = 13690
preemptive halt, cache_misses = 13690
preemptive halt, cache_misses = 13690
preemptive halt, cache_misses = 13690
preemptive halt, cache_misses = 13690
preemptive halt, cache_misses = 13690
preemptive halt, cache_misses = 13690
preemptive halt, cache_misses = 13690
preemptive halt, cache_misses = 13690
preemptive halt, cache_misses = 13690
preemptive halt, cache_misses = 13690
preemptive halt, cache_misses = 13690
preemptive halt, cache_misses = 13690
preemptive halt, cache_misses = 13690
preemptive halt, cache_misses = 13690
preemptive halt, cache_misses = 13690
binary search, size 8554  misses 13690  min 8515  max 8593
binary search, size 8573  misses 13688  min 8554  max 8593
preemptive halt, cache_misses = 13689
preemptive halt, cache_misses = 13689
preemptive halt, cache_misses = 13689
preemptive halt, cache_misses = 13689
preemptive halt, cache_misses = 13689
preemptive halt, cache_misses = 13689
preemptive halt, cache_misses = 13689
preemptive halt, cache_misses = 13689
preemptive halt, cache_misses = 13689
preemptive halt, cache_misses = 13689
preemptive halt, cache_misses = 13689
preemptive halt, cache_misses = 13689
preemptive halt, cache_misses = 13689
preemptive halt, cache_misses = 13689
preemptive halt, cache_misses = 13689
preemptive halt, cache_misses = 13689
preemptive halt, cache_misses = 13689
preemptive halt, cache_misses = 13689
preemptive halt, cache_misses = 13689
preemptive halt, cache_misses = 13689
preemptive halt, cache_misses = 13689
preemptive halt, cache_misses = 13689
preemptive halt, cache_misses = 13689
preemptive halt, cache_misses = 13689
preemptive halt, cache_misses = 13689
preemptive halt, cache_misses = 13689
preemptive halt, cache_misses = 13689
preemptive halt, cache_misses = 13689
preemptive halt, cache_misses = 13689
preemptive halt, cache_misses = 13689
preemptive halt, cache_misses = 13689
preemptive halt, cache_misses = 13689
preemptive halt, cache_misses = 13689
preemptive halt, cache_misses = 13689
preemptive halt, cache_misses = 13689
preemptive halt, cache_misses = 13689
preemptive halt, cache_misses = 13689
preemptive halt, cache_misses = 13689
preemptive halt, cache_misses = 13689
preemptive halt, cache_misses = 13689
preemptive halt, cache_misses = 13689
preemptive halt, cache_misses = 13689
preemptive halt, cache_misses = 13689
preemptive halt, cache_misses = 13689
preemptive halt, cache_misses = 13689
preemptive halt, cache_misses = 13689
preemptive halt, cache_misses = 13689
preemptive halt, cache_misses = 13689
preemptive halt, cache_misses = 13689
preemptive halt, cache_misses = 13689
preemptive halt, cache_misses = 13689
preemptive halt, cache_misses = 13689
preemptive halt, cache_misses = 13689
preemptive halt, cache_misses = 13689
preemptive halt, cache_misses = 13689
preemptive halt, cache_misses = 13689
preemptive halt, cache_misses = 13689
preemptive halt, cache_misses = 13689
binary search, size 8563  misses 13689  min 8554  max 8573
preemptive halt, cache_misses = 13690
preemptive halt, cache_misses = 13690
preemptive halt, cache_misses = 13690
preemptive halt, cache_misses = 13690
preemptive halt, cache_misses = 13690
preemptive halt, cache_misses = 13690
preemptive halt, cache_misses = 13690
preemptive halt, cache_misses = 13690
preemptive halt, cache_misses = 13690
preemptive halt, cache_misses = 13690
preemptive halt, cache_misses = 13690
preemptive halt, cache_misses = 13690
preemptive halt, cache_misses = 13690
preemptive halt, cache_misses = 13690
preemptive halt, cache_misses = 13690
preemptive halt, cache_misses = 13690
preemptive halt, cache_misses = 13690
preemptive halt, cache_misses = 13690
preemptive halt, cache_misses = 13690
preemptive halt, cache_misses = 13690
preemptive halt, cache_misses = 13690
preemptive halt, cache_misses = 13690
preemptive halt, cache_misses = 13690
preemptive halt, cache_misses = 13690
preemptive halt, cache_misses = 13690
preemptive halt, cache_misses = 13690
preemptive halt, cache_misses = 13690
preemptive halt, cache_misses = 13690
preemptive halt, cache_misses = 13690
preemptive halt, cache_misses = 13690
preemptive halt, cache_misses = 13690
preemptive halt, cache_misses = 13690
preemptive halt, cache_misses = 13690
preemptive halt, cache_misses = 13690
preemptive halt, cache_misses = 13690
preemptive halt, cache_misses = 13690
preemptive halt, cache_misses = 13690
preemptive halt, cache_misses = 13690
preemptive halt, cache_misses = 13690
preemptive halt, cache_misses = 13690
preemptive halt, cache_misses = 13690
preemptive halt, cache_misses = 13690
preemptive halt, cache_misses = 13690
preemptive halt, cache_misses = 13690
preemptive halt, cache_misses = 13690
preemptive halt, cache_misses = 13690
preemptive halt, cache_misses = 13690
preemptive halt, cache_misses = 13690
preemptive halt, cache_misses = 13690
preemptive halt, cache_misses = 13690
preemptive halt, cache_misses = 13690
preemptive halt, cache_misses = 13690
preemptive halt, cache_misses = 13690
preemptive halt, cache_misses = 13690
preemptive halt, cache_misses = 13690
preemptive halt, cache_misses = 13690
preemptive halt, cache_misses = 13690
preemptive halt, cache_misses = 13690
preemptive halt, cache_misses = 13690
preemptive halt, cache_misses = 13690
binary search, size 8568  misses 13690  min 8563  max 8573
binary search, size 8570  misses 13688  min 8568  max 8573
binary search, size 8569  misses 13688  min 8568  max 8570
characteristic cache size (binary search) for 116 = 8569
End at: 2021-04-02 02:16:26.137457
Time elapsed: 0:00:00.298418
