Begin at: 2021-04-02 02:22:44.230296
['../dist/Debug/GNU-Linux/memo_batch_tester', '', '--mbt_execution_trace_fname', 'olcs4_traceback_csize_input_types/OLCS4_lru_2021_04_02__02_16_05_k_3__d_2_cache_size_160000_problems_10_to_400/OLCS4_lru_2021_04_02__02_16_05_k_3__d_2_cache_size_160000_problems_10_to_400/OLCS4__do_traceback_prob_size_396_cache_size_160000_lru_k_3_d_2_execution_trace_2021_4_2_2_22_44_pid_11385.log', '--mbt_cache_misses_fname', 'olcs4_traceback_csize_input_types/OLCS4_lru_2021_04_02__02_16_05_k_3__d_2_cache_size_160000_problems_10_to_400/lcs_cost_OLCS4_lru_misses_for_cache_size.csv', '--mbt_misses_for_problem_size_fname', 'olcs4_traceback_csize_input_types/OLCS4_lru_2021_04_02__02_16_05_k_3__d_2_cache_size_160000_problems_10_to_400/lcs_cost_OLCS4_lru_misses_for_problem_size.csv', '--mbt_exact_cutoff_min_cache_size', '160000', '--mbt_exact_cutoff_max_cache_size', '160000', '--mbt_problem_type', 'lcs', '--mbt_metric_type', 'csize_binary_search', '--mbt_cutoff_ratio', '2.2', '--mbt_instance_fname', '396', '--mbt_detailed_cache_misses_out_fname', 'csize_olcs4_traceback_0011nc_nc1100_0_8.csv', '--mbt_phi_N', '5.0', '--mbt_problem_size', '396', '--lcs_compute_length', '0', '--lcs_perform_traceback', '1', '--lig_instance_type', '0011nc_nc1100', '--lig_n', '396', '--lig_c', '0.8', '--lig_b', '3.0', '--lcs_oblivious', '4', '--lcs_execution_trace_fname', 'olcs4_traceback_csize_input_types/OLCS4_lru_2021_04_02__02_16_05_k_3__d_2_cache_size_160000_problems_10_to_400/OLCS4_lru_2021_04_02__02_16_05_k_3__d_2_cache_size_160000_problems_10_to_400/OLCS4__do_traceback_prob_size_396_cache_size_160000_lru_k_3_d_2_execution_trace_2021_4_2_2_22_44_pid_11385.log', '--memo_caching_strategy', 'lru', '--memo_cache_size', '160001', '--memo_lru_queue_size', '160000', '--memo_cuckoo_k', '4', '--memo_key_length', '8', '--memo_value_length', '8', '--memo_k_timestamps', '3', '--memo_d_recent_timestamps', '2', '--memo_a_items_per_timestamp_factor', '0.4375']

csize_binary_search chosen
lcs problem_type lcs cache_size 160001
initialize_long_int_cache begin
init_memo
arguments to memo:
 --mbt_execution_trace_fname olcs4_traceback_csize_input_types/OLCS4_lru_2021_04_02__02_16_05_k_3__d_2_cache_size_160000_problems_10_to_400/OLCS4_lru_2021_04_02__02_16_05_k_3__d_2_cache_size_160000_problems_10_to_400/OLCS4__do_traceback_prob_size_396_cache_size_160000_lru_k_3_d_2_execution_trace_2021_4_2_2_22_44_pid_11385.log --mbt_cache_misses_fname olcs4_traceback_csize_input_types/OLCS4_lru_2021_04_02__02_16_05_k_3__d_2_cache_size_160000_problems_10_to_400/lcs_cost_OLCS4_lru_misses_for_cache_size.csv --mbt_misses_for_problem_size_fname olcs4_traceback_csize_input_types/OLCS4_lru_2021_04_02__02_16_05_k_3__d_2_cache_size_160000_problems_10_to_400/lcs_cost_OLCS4_lru_misses_for_problem_size.csv --mbt_exact_cutoff_min_cache_size 160000 --mbt_exact_cutoff_max_cache_size 160000 --mbt_problem_type lcs --mbt_metric_type csize_binary_search --mbt_cutoff_ratio 2.2 --mbt_instance_fname 396 --mbt_detailed_cache_misses_out_fname csize_olcs4_traceback_0011nc_nc1100_0_8.csv --mbt_phi_N 5.0 --mbt_problem_size 396 --lcs_compute_length 0 --lcs_perform_traceback 1 --lig_instance_type 0011nc_nc1100 --lig_n 396 --lig_c 0.8 --lig_b 3.0 --lcs_oblivious 4 --lcs_execution_trace_fname olcs4_traceback_csize_input_types/OLCS4_lru_2021_04_02__02_16_05_k_3__d_2_cache_size_160000_problems_10_to_400/OLCS4_lru_2021_04_02__02_16_05_k_3__d_2_cache_size_160000_problems_10_to_400/OLCS4__do_traceback_prob_size_396_cache_size_160000_lru_k_3_d_2_execution_trace_2021_4_2_2_22_44_pid_11385.log --memo_caching_strategy lru --memo_cache_size 160001 --memo_lru_queue_size 160000 --memo_cuckoo_k 4 --memo_key_length 8 --memo_value_length 8 --memo_k_timestamps 3 --memo_d_recent_timestamps 2 --memo_a_items_per_timestamp_factor 0.4375 
calculate_table_size: table_size is 262144, original is 160001
Finished initializing cache
initialize_long_int_cache end
done initializing cache
initializing problem
done initializing problem
commence trials
Starting characteristic_cache_size_binary_search with max cache size 160001
binary search, size 160001  misses 157608
binary search, size 80000  misses 157608  min 0  max 160001
preemptive halt, cache_misses = 157609
preemptive halt, cache_misses = 157609
preemptive halt, cache_misses = 157609
preemptive halt, cache_misses = 157609
preemptive halt, cache_misses = 157609
preemptive halt, cache_misses = 157609
preemptive halt, cache_misses = 157609
preemptive halt, cache_misses = 157609
preemptive halt, cache_misses = 157609
preemptive halt, cache_misses = 157609
preemptive halt, cache_misses = 157609
preemptive halt, cache_misses = 157609
preemptive halt, cache_misses = 157609
preemptive halt, cache_misses = 157609
preemptive halt, cache_misses = 157609
preemptive halt, cache_misses = 157609
preemptive halt, cache_misses = 157609
preemptive halt, cache_misses = 157609
preemptive halt, cache_misses = 157609
preemptive halt, cache_misses = 157609
preemptive halt, cache_misses = 157609
preemptive halt, cache_misses = 157609
preemptive halt, cache_misses = 157609
preemptive halt, cache_misses = 157609
preemptive halt, cache_misses = 157609
preemptive halt, cache_misses = 157609
preemptive halt, cache_misses = 157609
preemptive halt, cache_misses = 157609
preemptive halt, cache_misses = 157609
preemptive halt, cache_misses = 157609
preemptive halt, cache_misses = 157609
preemptive halt, cache_misses = 157609
preemptive halt, cache_misses = 157609
preemptive halt, cache_misses = 157609
preemptive halt, cache_misses = 157609
preemptive halt, cache_misses = 157609
preemptive halt, cache_misses = 157609
preemptive halt, cache_misses = 157609
preemptive halt, cache_misses = 157609
preemptive halt, cache_misses = 157609
preemptive halt, cache_misses = 157609
preemptive halt, cache_misses = 157609
preemptive halt, cache_misses = 157609
preemptive halt, cache_misses = 157609
preemptive halt, cache_misses = 157609
preemptive halt, cache_misses = 157609
preemptive halt, cache_misses = 157609
preemptive halt, cache_misses = 157609
preemptive halt, cache_misses = 157609
preemptive halt, cache_misses = 157609
preemptive halt, cache_misses = 157609
preemptive halt, cache_misses = 157609
preemptive halt, cache_misses = 157609
preemptive halt, cache_misses = 157609
preemptive halt, cache_misses = 157609
preemptive halt, cache_misses = 157609
preemptive halt, cache_misses = 157609
preemptive halt, cache_misses = 157609
preemptive halt, cache_misses = 157609
preemptive halt, cache_misses = 157609
preemptive halt, cache_misses = 157609
preemptive halt, cache_misses = 157609
preemptive halt, cache_misses = 157609
preemptive halt, cache_misses = 157609
preemptive halt, cache_misses = 157609
preemptive halt, cache_misses = 157609
preemptive halt, cache_misses = 157609
preemptive halt, cache_misses = 157609
preemptive halt, cache_misses = 157609
preemptive halt, cache_misses = 157609
preemptive halt, cache_misses = 157609
preemptive halt, cache_misses = 157609
preemptive halt, cache_misses = 157609
preemptive halt, cache_misses = 157609
preemptive halt, cache_misses = 157609
preemptive halt, cache_misses = 157609
preemptive halt, cache_misses = 157609
preemptive halt, cache_misses = 157609
preemptive halt, cache_misses = 157609
preemptive halt, cache_misses = 157609
binary search, size 40000  misses 157609  min 0  max 80000
preemptive halt, cache_misses = 157610
preemptive halt, cache_misses = 157610
preemptive halt, cache_misses = 157610
preemptive halt, cache_misses = 157610
preemptive halt, cache_misses = 157610
preemptive halt, cache_misses = 157610
preemptive halt, cache_misses = 157610
preemptive halt, cache_misses = 157610
preemptive halt, cache_misses = 157610
preemptive halt, cache_misses = 157610
preemptive halt, cache_misses = 157610
preemptive halt, cache_misses = 157610
preemptive halt, cache_misses = 157610
preemptive halt, cache_misses = 157610
preemptive halt, cache_misses = 157610
preemptive halt, cache_misses = 157610
preemptive halt, cache_misses = 157610
preemptive halt, cache_misses = 157610
preemptive halt, cache_misses = 157610
preemptive halt, cache_misses = 157610
preemptive halt, cache_misses = 157610
preemptive halt, cache_misses = 157610
preemptive halt, cache_misses = 157610
preemptive halt, cache_misses = 157610
preemptive halt, cache_misses = 157610
preemptive halt, cache_misses = 157610
preemptive halt, cache_misses = 157610
preemptive halt, cache_misses = 157610
preemptive halt, cache_misses = 157610
preemptive halt, cache_misses = 157610
preemptive halt, cache_misses = 157610
preemptive halt, cache_misses = 157610
preemptive halt, cache_misses = 157610
preemptive halt, cache_misses = 157610
preemptive halt, cache_misses = 157610
preemptive halt, cache_misses = 157610
preemptive halt, cache_misses = 157610
preemptive halt, cache_misses = 157610
preemptive halt, cache_misses = 157610
preemptive halt, cache_misses = 157610
preemptive halt, cache_misses = 157610
preemptive halt, cache_misses = 157610
preemptive halt, cache_misses = 157610
preemptive halt, cache_misses = 157610
preemptive halt, cache_misses = 157610
preemptive halt, cache_misses = 157610
preemptive halt, cache_misses = 157610
preemptive halt, cache_misses = 157610
preemptive halt, cache_misses = 157610
preemptive halt, cache_misses = 157610
preemptive halt, cache_misses = 157610
preemptive halt, cache_misses = 157610
preemptive halt, cache_misses = 157610
preemptive halt, cache_misses = 157610
preemptive halt, cache_misses = 157610
preemptive halt, cache_misses = 157610
preemptive halt, cache_misses = 157610
preemptive halt, cache_misses = 157610
preemptive halt, cache_misses = 157610
preemptive halt, cache_misses = 157610
preemptive halt, cache_misses = 157610
preemptive halt, cache_misses = 157610
preemptive halt, cache_misses = 157610
preemptive halt, cache_misses = 157610
preemptive halt, cache_misses = 157610
preemptive halt, cache_misses = 157610
preemptive halt, cache_misses = 157610
preemptive halt, cache_misses = 157610
preemptive halt, cache_misses = 157610
preemptive halt, cache_misses = 157610
preemptive halt, cache_misses = 157610
preemptive halt, cache_misses = 157610
preemptive halt, cache_misses = 157610
preemptive halt, cache_misses = 157610
preemptive halt, cache_misses = 157610
preemptive halt, cache_misses = 157610
preemptive halt, cache_misses = 157610
preemptive halt, cache_misses = 157610
preemptive halt, cache_misses = 157610
preemptive halt, cache_misses = 157610
preemptive halt, cache_misses = 157610
preemptive halt, cache_misses = 157610
binary search, size 60000  misses 157610  min 40000  max 80000
binary search, size 70000  misses 157608  min 60000  max 80000
binary search, size 65000  misses 157608  min 60000  max 70000
preemptive halt, cache_misses = 157609
preemptive halt, cache_misses = 157609
preemptive halt, cache_misses = 157609
preemptive halt, cache_misses = 157609
preemptive halt, cache_misses = 157609
preemptive halt, cache_misses = 157609
preemptive halt, cache_misses = 157609
preemptive halt, cache_misses = 157609
preemptive halt, cache_misses = 157609
preemptive halt, cache_misses = 157609
preemptive halt, cache_misses = 157609
preemptive halt, cache_misses = 157609
preemptive halt, cache_misses = 157609
preemptive halt, cache_misses = 157609
preemptive halt, cache_misses = 157609
preemptive halt, cache_misses = 157609
preemptive halt, cache_misses = 157609
preemptive halt, cache_misses = 157609
preemptive halt, cache_misses = 157609
preemptive halt, cache_misses = 157609
preemptive halt, cache_misses = 157609
preemptive halt, cache_misses = 157609
preemptive halt, cache_misses = 157609
preemptive halt, cache_misses = 157609
preemptive halt, cache_misses = 157609
preemptive halt, cache_misses = 157609
preemptive halt, cache_misses = 157609
preemptive halt, cache_misses = 157609
preemptive halt, cache_misses = 157609
preemptive halt, cache_misses = 157609
preemptive halt, cache_misses = 157609
preemptive halt, cache_misses = 157609
preemptive halt, cache_misses = 157609
preemptive halt, cache_misses = 157609
preemptive halt, cache_misses = 157609
preemptive halt, cache_misses = 157609
preemptive halt, cache_misses = 157609
preemptive halt, cache_misses = 157609
preemptive halt, cache_misses = 157609
preemptive halt, cache_misses = 157609
preemptive halt, cache_misses = 157609
preemptive halt, cache_misses = 157609
preemptive halt, cache_misses = 157609
preemptive halt, cache_misses = 157609
preemptive halt, cache_misses = 157609
preemptive halt, cache_misses = 157609
preemptive halt, cache_misses = 157609
preemptive halt, cache_misses = 157609
preemptive halt, cache_misses = 157609
preemptive halt, cache_misses = 157609
preemptive halt, cache_misses = 157609
preemptive halt, cache_misses = 157609
preemptive halt, cache_misses = 157609
preemptive halt, cache_misses = 157609
preemptive halt, cache_misses = 157609
preemptive halt, cache_misses = 157609
preemptive halt, cache_misses = 157609
preemptive halt, cache_misses = 157609
preemptive halt, cache_misses = 157609
preemptive halt, cache_misses = 157609
preemptive halt, cache_misses = 157609
preemptive halt, cache_misses = 157609
preemptive halt, cache_misses = 157609
preemptive halt, cache_misses = 157609
preemptive halt, cache_misses = 157609
preemptive halt, cache_misses = 157609
preemptive halt, cache_misses = 157609
preemptive halt, cache_misses = 157609
preemptive halt, cache_misses = 157609
preemptive halt, cache_misses = 157609
preemptive halt, cache_misses = 157609
preemptive halt, cache_misses = 157609
preemptive halt, cache_misses = 157609
preemptive halt, cache_misses = 157609
preemptive halt, cache_misses = 157609
preemptive halt, cache_misses = 157609
preemptive halt, cache_misses = 157609
preemptive halt, cache_misses = 157609
preemptive halt, cache_misses = 157609
preemptive halt, cache_misses = 157609
binary search, size 62500  misses 157609  min 60000  max 65000
binary search, size 63750  misses 157608  min 62500  max 65000
preemptive halt, cache_misses = 157609
preemptive halt, cache_misses = 157609
preemptive halt, cache_misses = 157609
preemptive halt, cache_misses = 157609
preemptive halt, cache_misses = 157609
preemptive halt, cache_misses = 157609
preemptive halt, cache_misses = 157609
preemptive halt, cache_misses = 157609
preemptive halt, cache_misses = 157609
preemptive halt, cache_misses = 157609
preemptive halt, cache_misses = 157609
preemptive halt, cache_misses = 157609
preemptive halt, cache_misses = 157609
preemptive halt, cache_misses = 157609
preemptive halt, cache_misses = 157609
preemptive halt, cache_misses = 157609
preemptive halt, cache_misses = 157609
preemptive halt, cache_misses = 157609
preemptive halt, cache_misses = 157609
preemptive halt, cache_misses = 157609
preemptive halt, cache_misses = 157609
preemptive halt, cache_misses = 157609
preemptive halt, cache_misses = 157609
preemptive halt, cache_misses = 157609
preemptive halt, cache_misses = 157609
preemptive halt, cache_misses = 157609
preemptive halt, cache_misses = 157609
preemptive halt, cache_misses = 157609
preemptive halt, cache_misses = 157609
preemptive halt, cache_misses = 157609
preemptive halt, cache_misses = 157609
preemptive halt, cache_misses = 157609
preemptive halt, cache_misses = 157609
preemptive halt, cache_misses = 157609
preemptive halt, cache_misses = 157609
preemptive halt, cache_misses = 157609
preemptive halt, cache_misses = 157609
preemptive halt, cache_misses = 157609
preemptive halt, cache_misses = 157609
preemptive halt, cache_misses = 157609
preemptive halt, cache_misses = 157609
preemptive halt, cache_misses = 157609
preemptive halt, cache_misses = 157609
preemptive halt, cache_misses = 157609
preemptive halt, cache_misses = 157609
preemptive halt, cache_misses = 157609
preemptive halt, cache_misses = 157609
preemptive halt, cache_misses = 157609
preemptive halt, cache_misses = 157609
preemptive halt, cache_misses = 157609
preemptive halt, cache_misses = 157609
preemptive halt, cache_misses = 157609
preemptive halt, cache_misses = 157609
preemptive halt, cache_misses = 157609
preemptive halt, cache_misses = 157609
preemptive halt, cache_misses = 157609
preemptive halt, cache_misses = 157609
preemptive halt, cache_misses = 157609
preemptive halt, cache_misses = 157609
preemptive halt, cache_misses = 157609
preemptive halt, cache_misses = 157609
preemptive halt, cache_misses = 157609
preemptive halt, cache_misses = 157609
preemptive halt, cache_misses = 157609
preemptive halt, cache_misses = 157609
preemptive halt, cache_misses = 157609
preemptive halt, cache_misses = 157609
preemptive halt, cache_misses = 157609
preemptive halt, cache_misses = 157609
preemptive halt, cache_misses = 157609
preemptive halt, cache_misses = 157609
preemptive halt, cache_misses = 157609
preemptive halt, cache_misses = 157609
preemptive halt, cache_misses = 157609
preemptive halt, cache_misses = 157609
preemptive halt, cache_misses = 157609
preemptive halt, cache_misses = 157609
preemptive halt, cache_misses = 157609
preemptive halt, cache_misses = 157609
preemptive halt, cache_misses = 157609
binary search, size 63125  misses 157609  min 62500  max 63750
binary search, size 63437  misses 157608  min 63125  max 63750
binary search, size 63281  misses 157608  min 63125  max 63437
binary search, size 63203  misses 157608  min 63125  max 63281
binary search, size 63164  misses 157608  min 63125  max 63203
preemptive halt, cache_misses = 157609
preemptive halt, cache_misses = 157609
preemptive halt, cache_misses = 157609
preemptive halt, cache_misses = 157609
preemptive halt, cache_misses = 157609
preemptive halt, cache_misses = 157609
preemptive halt, cache_misses = 157609
preemptive halt, cache_misses = 157609
preemptive halt, cache_misses = 157609
preemptive halt, cache_misses = 157609
preemptive halt, cache_misses = 157609
preemptive halt, cache_misses = 157609
preemptive halt, cache_misses = 157609
preemptive halt, cache_misses = 157609
preemptive halt, cache_misses = 157609
preemptive halt, cache_misses = 157609
preemptive halt, cache_misses = 157609
preemptive halt, cache_misses = 157609
preemptive halt, cache_misses = 157609
preemptive halt, cache_misses = 157609
preemptive halt, cache_misses = 157609
preemptive halt, cache_misses = 157609
preemptive halt, cache_misses = 157609
preemptive halt, cache_misses = 157609
preemptive halt, cache_misses = 157609
preemptive halt, cache_misses = 157609
preemptive halt, cache_misses = 157609
preemptive halt, cache_misses = 157609
preemptive halt, cache_misses = 157609
preemptive halt, cache_misses = 157609
preemptive halt, cache_misses = 157609
preemptive halt, cache_misses = 157609
preemptive halt, cache_misses = 157609
preemptive halt, cache_misses = 157609
preemptive halt, cache_misses = 157609
preemptive halt, cache_misses = 157609
preemptive halt, cache_misses = 157609
preemptive halt, cache_misses = 157609
preemptive halt, cache_misses = 157609
preemptive halt, cache_misses = 157609
preemptive halt, cache_misses = 157609
preemptive halt, cache_misses = 157609
preemptive halt, cache_misses = 157609
preemptive halt, cache_misses = 157609
preemptive halt, cache_misses = 157609
preemptive halt, cache_misses = 157609
preemptive halt, cache_misses = 157609
preemptive halt, cache_misses = 157609
preemptive halt, cache_misses = 157609
preemptive halt, cache_misses = 157609
preemptive halt, cache_misses = 157609
preemptive halt, cache_misses = 157609
preemptive halt, cache_misses = 157609
preemptive halt, cache_misses = 157609
preemptive halt, cache_misses = 157609
preemptive halt, cache_misses = 157609
preemptive halt, cache_misses = 157609
preemptive halt, cache_misses = 157609
preemptive halt, cache_misses = 157609
preemptive halt, cache_misses = 157609
preemptive halt, cache_misses = 157609
preemptive halt, cache_misses = 157609
preemptive halt, cache_misses = 157609
preemptive halt, cache_misses = 157609
preemptive halt, cache_misses = 157609
preemptive halt, cache_misses = 157609
preemptive halt, cache_misses = 157609
preemptive halt, cache_misses = 157609
preemptive halt, cache_misses = 157609
preemptive halt, cache_misses = 157609
preemptive halt, cache_misses = 157609
preemptive halt, cache_misses = 157609
preemptive halt, cache_misses = 157609
preemptive halt, cache_misses = 157609
preemptive halt, cache_misses = 157609
preemptive halt, cache_misses = 157609
preemptive halt, cache_misses = 157609
preemptive halt, cache_misses = 157609
preemptive halt, cache_misses = 157609
preemptive halt, cache_misses = 157609
binary search, size 63144  misses 157609  min 63125  max 63164
preemptive halt, cache_misses = 157610
preemptive halt, cache_misses = 157610
preemptive halt, cache_misses = 157610
preemptive halt, cache_misses = 157610
preemptive halt, cache_misses = 157610
preemptive halt, cache_misses = 157610
preemptive halt, cache_misses = 157610
preemptive halt, cache_misses = 157610
preemptive halt, cache_misses = 157610
preemptive halt, cache_misses = 157610
preemptive halt, cache_misses = 157610
preemptive halt, cache_misses = 157610
preemptive halt, cache_misses = 157610
preemptive halt, cache_misses = 157610
preemptive halt, cache_misses = 157610
preemptive halt, cache_misses = 157610
preemptive halt, cache_misses = 157610
preemptive halt, cache_misses = 157610
preemptive halt, cache_misses = 157610
preemptive halt, cache_misses = 157610
preemptive halt, cache_misses = 157610
preemptive halt, cache_misses = 157610
preemptive halt, cache_misses = 157610
preemptive halt, cache_misses = 157610
preemptive halt, cache_misses = 157610
preemptive halt, cache_misses = 157610
preemptive halt, cache_misses = 157610
preemptive halt, cache_misses = 157610
preemptive halt, cache_misses = 157610
preemptive halt, cache_misses = 157610
preemptive halt, cache_misses = 157610
preemptive halt, cache_misses = 157610
preemptive halt, cache_misses = 157610
preemptive halt, cache_misses = 157610
preemptive halt, cache_misses = 157610
preemptive halt, cache_misses = 157610
preemptive halt, cache_misses = 157610
preemptive halt, cache_misses = 157610
preemptive halt, cache_misses = 157610
preemptive halt, cache_misses = 157610
preemptive halt, cache_misses = 157610
preemptive halt, cache_misses = 157610
preemptive halt, cache_misses = 157610
preemptive halt, cache_misses = 157610
preemptive halt, cache_misses = 157610
preemptive halt, cache_misses = 157610
preemptive halt, cache_misses = 157610
preemptive halt, cache_misses = 157610
preemptive halt, cache_misses = 157610
preemptive halt, cache_misses = 157610
preemptive halt, cache_misses = 157610
preemptive halt, cache_misses = 157610
preemptive halt, cache_misses = 157610
preemptive halt, cache_misses = 157610
preemptive halt, cache_misses = 157610
preemptive halt, cache_misses = 157610
preemptive halt, cache_misses = 157610
preemptive halt, cache_misses = 157610
preemptive halt, cache_misses = 157610
preemptive halt, cache_misses = 157610
preemptive halt, cache_misses = 157610
preemptive halt, cache_misses = 157610
preemptive halt, cache_misses = 157610
preemptive halt, cache_misses = 157610
preemptive halt, cache_misses = 157610
preemptive halt, cache_misses = 157610
preemptive halt, cache_misses = 157610
preemptive halt, cache_misses = 157610
preemptive halt, cache_misses = 157610
preemptive halt, cache_misses = 157610
preemptive halt, cache_misses = 157610
preemptive halt, cache_misses = 157610
preemptive halt, cache_misses = 157610
preemptive halt, cache_misses = 157610
preemptive halt, cache_misses = 157610
preemptive halt, cache_misses = 157610
preemptive halt, cache_misses = 157610
preemptive halt, cache_misses = 157610
preemptive halt, cache_misses = 157610
preemptive halt, cache_misses = 157610
preemptive halt, cache_misses = 157610
preemptive halt, cache_misses = 157610
binary search, size 63154  misses 157610  min 63144  max 63164
preemptive halt, cache_misses = 157611
preemptive halt, cache_misses = 157611
preemptive halt, cache_misses = 157611
preemptive halt, cache_misses = 157611
preemptive halt, cache_misses = 157611
preemptive halt, cache_misses = 157611
preemptive halt, cache_misses = 157611
preemptive halt, cache_misses = 157611
preemptive halt, cache_misses = 157611
preemptive halt, cache_misses = 157611
preemptive halt, cache_misses = 157611
preemptive halt, cache_misses = 157611
preemptive halt, cache_misses = 157611
preemptive halt, cache_misses = 157611
preemptive halt, cache_misses = 157611
preemptive halt, cache_misses = 157611
preemptive halt, cache_misses = 157611
preemptive halt, cache_misses = 157611
preemptive halt, cache_misses = 157611
preemptive halt, cache_misses = 157611
preemptive halt, cache_misses = 157611
preemptive halt, cache_misses = 157611
preemptive halt, cache_misses = 157611
preemptive halt, cache_misses = 157611
preemptive halt, cache_misses = 157611
preemptive halt, cache_misses = 157611
preemptive halt, cache_misses = 157611
preemptive halt, cache_misses = 157611
preemptive halt, cache_misses = 157611
preemptive halt, cache_misses = 157611
preemptive halt, cache_misses = 157611
preemptive halt, cache_misses = 157611
preemptive halt, cache_misses = 157611
preemptive halt, cache_misses = 157611
preemptive halt, cache_misses = 157611
preemptive halt, cache_misses = 157611
preemptive halt, cache_misses = 157611
preemptive halt, cache_misses = 157611
preemptive halt, cache_misses = 157611
preemptive halt, cache_misses = 157611
preemptive halt, cache_misses = 157611
preemptive halt, cache_misses = 157611
preemptive halt, cache_misses = 157611
preemptive halt, cache_misses = 157611
preemptive halt, cache_misses = 157611
preemptive halt, cache_misses = 157611
preemptive halt, cache_misses = 157611
preemptive halt, cache_misses = 157611
preemptive halt, cache_misses = 157611
preemptive halt, cache_misses = 157611
preemptive halt, cache_misses = 157611
preemptive halt, cache_misses = 157611
preemptive halt, cache_misses = 157611
preemptive halt, cache_misses = 157611
preemptive halt, cache_misses = 157611
preemptive halt, cache_misses = 157611
preemptive halt, cache_misses = 157611
preemptive halt, cache_misses = 157611
preemptive halt, cache_misses = 157611
preemptive halt, cache_misses = 157611
preemptive halt, cache_misses = 157611
preemptive halt, cache_misses = 157611
preemptive halt, cache_misses = 157611
preemptive halt, cache_misses = 157611
preemptive halt, cache_misses = 157611
preemptive halt, cache_misses = 157611
preemptive halt, cache_misses = 157611
preemptive halt, cache_misses = 157611
preemptive halt, cache_misses = 157611
preemptive halt, cache_misses = 157611
preemptive halt, cache_misses = 157611
preemptive halt, cache_misses = 157611
preemptive halt, cache_misses = 157611
preemptive halt, cache_misses = 157611
preemptive halt, cache_misses = 157611
preemptive halt, cache_misses = 157611
preemptive halt, cache_misses = 157611
preemptive halt, cache_misses = 157611
preemptive halt, cache_misses = 157611
preemptive halt, cache_misses = 157611
preemptive halt, cache_misses = 157611
preemptive halt, cache_misses = 157611
preemptive halt, cache_misses = 157611
preemptive halt, cache_misses = 157611
binary search, size 63159  misses 157611  min 63154  max 63164
preemptive halt, cache_misses = 157612
preemptive halt, cache_misses = 157612
preemptive halt, cache_misses = 157612
preemptive halt, cache_misses = 157612
preemptive halt, cache_misses = 157612
preemptive halt, cache_misses = 157612
preemptive halt, cache_misses = 157612
preemptive halt, cache_misses = 157612
preemptive halt, cache_misses = 157612
preemptive halt, cache_misses = 157612
preemptive halt, cache_misses = 157612
preemptive halt, cache_misses = 157612
preemptive halt, cache_misses = 157612
preemptive halt, cache_misses = 157612
preemptive halt, cache_misses = 157612
preemptive halt, cache_misses = 157612
preemptive halt, cache_misses = 157612
preemptive halt, cache_misses = 157612
preemptive halt, cache_misses = 157612
preemptive halt, cache_misses = 157612
preemptive halt, cache_misses = 157612
preemptive halt, cache_misses = 157612
preemptive halt, cache_misses = 157612
preemptive halt, cache_misses = 157612
preemptive halt, cache_misses = 157612
preemptive halt, cache_misses = 157612
preemptive halt, cache_misses = 157612
preemptive halt, cache_misses = 157612
preemptive halt, cache_misses = 157612
preemptive halt, cache_misses = 157612
preemptive halt, cache_misses = 157612
preemptive halt, cache_misses = 157612
preemptive halt, cache_misses = 157612
preemptive halt, cache_misses = 157612
preemptive halt, cache_misses = 157612
preemptive halt, cache_misses = 157612
preemptive halt, cache_misses = 157612
preemptive halt, cache_misses = 157612
preemptive halt, cache_misses = 157612
preemptive halt, cache_misses = 157612
preemptive halt, cache_misses = 157612
preemptive halt, cache_misses = 157612
preemptive halt, cache_misses = 157612
preemptive halt, cache_misses = 157612
preemptive halt, cache_misses = 157612
preemptive halt, cache_misses = 157612
preemptive halt, cache_misses = 157612
preemptive halt, cache_misses = 157612
preemptive halt, cache_misses = 157612
preemptive halt, cache_misses = 157612
preemptive halt, cache_misses = 157612
preemptive halt, cache_misses = 157612
preemptive halt, cache_misses = 157612
preemptive halt, cache_misses = 157612
preemptive halt, cache_misses = 157612
preemptive halt, cache_misses = 157612
preemptive halt, cache_misses = 157612
preemptive halt, cache_misses = 157612
preemptive halt, cache_misses = 157612
preemptive halt, cache_misses = 157612
preemptive halt, cache_misses = 157612
preemptive halt, cache_misses = 157612
preemptive halt, cache_misses = 157612
preemptive halt, cache_misses = 157612
preemptive halt, cache_misses = 157612
preemptive halt, cache_misses = 157612
preemptive halt, cache_misses = 157612
preemptive halt, cache_misses = 157612
preemptive halt, cache_misses = 157612
preemptive halt, cache_misses = 157612
preemptive halt, cache_misses = 157612
preemptive halt, cache_misses = 157612
preemptive halt, cache_misses = 157612
preemptive halt, cache_misses = 157612
preemptive halt, cache_misses = 157612
preemptive halt, cache_misses = 157612
preemptive halt, cache_misses = 157612
preemptive halt, cache_misses = 157612
preemptive halt, cache_misses = 157612
preemptive halt, cache_misses = 157612
preemptive halt, cache_misses = 157612
preemptive halt, cache_misses = 157612
preemptive halt, cache_misses = 157612
preemptive halt, cache_misses = 157612
preemptive halt, cache_misses = 157612
preemptive halt, cache_misses = 157612
binary search, size 63161  misses 157612  min 63159  max 63164
binary search, size 63162  misses 157608  min 63161  max 63164
characteristic cache size (binary search) for 396 = 63162
End at: 2021-04-02 02:22:47.009016
Time elapsed: 0:00:02.778737
