Begin at: 2021-04-02 02:21:57.888798
['../dist/Debug/GNU-Linux/memo_batch_tester', '', '--mbt_execution_trace_fname', 'olcs4_traceback_csize_input_types/OLCS4_lru_2021_04_02__02_16_05_k_3__d_2_cache_size_160000_problems_10_to_400/OLCS4_lru_2021_04_02__02_16_05_k_3__d_2_cache_size_160000_problems_10_to_400/OLCS4__do_traceback_prob_size_379_cache_size_160000_lru_k_3_d_2_execution_trace_2021_4_2_2_21_57_pid_11350.log', '--mbt_cache_misses_fname', 'olcs4_traceback_csize_input_types/OLCS4_lru_2021_04_02__02_16_05_k_3__d_2_cache_size_160000_problems_10_to_400/lcs_cost_OLCS4_lru_misses_for_cache_size.csv', '--mbt_misses_for_problem_size_fname', 'olcs4_traceback_csize_input_types/OLCS4_lru_2021_04_02__02_16_05_k_3__d_2_cache_size_160000_problems_10_to_400/lcs_cost_OLCS4_lru_misses_for_problem_size.csv', '--mbt_exact_cutoff_min_cache_size', '160000', '--mbt_exact_cutoff_max_cache_size', '160000', '--mbt_problem_type', 'lcs', '--mbt_metric_type', 'csize_binary_search', '--mbt_cutoff_ratio', '2.2', '--mbt_instance_fname', '379', '--mbt_detailed_cache_misses_out_fname', 'csize_olcs4_traceback_0011nc_nc1100_0_8.csv', '--mbt_phi_N', '5.0', '--mbt_problem_size', '379', '--lcs_compute_length', '0', '--lcs_perform_traceback', '1', '--lig_instance_type', '0011nc_nc1100', '--lig_n', '379', '--lig_c', '0.8', '--lig_b', '3.0', '--lcs_oblivious', '4', '--lcs_execution_trace_fname', 'olcs4_traceback_csize_input_types/OLCS4_lru_2021_04_02__02_16_05_k_3__d_2_cache_size_160000_problems_10_to_400/OLCS4_lru_2021_04_02__02_16_05_k_3__d_2_cache_size_160000_problems_10_to_400/OLCS4__do_traceback_prob_size_379_cache_size_160000_lru_k_3_d_2_execution_trace_2021_4_2_2_21_57_pid_11350.log', '--memo_caching_strategy', 'lru', '--memo_cache_size', '160001', '--memo_lru_queue_size', '160000', '--memo_cuckoo_k', '4', '--memo_key_length', '8', '--memo_value_length', '8', '--memo_k_timestamps', '3', '--memo_d_recent_timestamps', '2', '--memo_a_items_per_timestamp_factor', '0.4375']

csize_binary_search chosen
lcs problem_type lcs cache_size 160001
initialize_long_int_cache begin
init_memo
arguments to memo:
 --mbt_execution_trace_fname olcs4_traceback_csize_input_types/OLCS4_lru_2021_04_02__02_16_05_k_3__d_2_cache_size_160000_problems_10_to_400/OLCS4_lru_2021_04_02__02_16_05_k_3__d_2_cache_size_160000_problems_10_to_400/OLCS4__do_traceback_prob_size_379_cache_size_160000_lru_k_3_d_2_execution_trace_2021_4_2_2_21_57_pid_11350.log --mbt_cache_misses_fname olcs4_traceback_csize_input_types/OLCS4_lru_2021_04_02__02_16_05_k_3__d_2_cache_size_160000_problems_10_to_400/lcs_cost_OLCS4_lru_misses_for_cache_size.csv --mbt_misses_for_problem_size_fname olcs4_traceback_csize_input_types/OLCS4_lru_2021_04_02__02_16_05_k_3__d_2_cache_size_160000_problems_10_to_400/lcs_cost_OLCS4_lru_misses_for_problem_size.csv --mbt_exact_cutoff_min_cache_size 160000 --mbt_exact_cutoff_max_cache_size 160000 --mbt_problem_type lcs --mbt_metric_type csize_binary_search --mbt_cutoff_ratio 2.2 --mbt_instance_fname 379 --mbt_detailed_cache_misses_out_fname csize_olcs4_traceback_0011nc_nc1100_0_8.csv --mbt_phi_N 5.0 --mbt_problem_size 379 --lcs_compute_length 0 --lcs_perform_traceback 1 --lig_instance_type 0011nc_nc1100 --lig_n 379 --lig_c 0.8 --lig_b 3.0 --lcs_oblivious 4 --lcs_execution_trace_fname olcs4_traceback_csize_input_types/OLCS4_lru_2021_04_02__02_16_05_k_3__d_2_cache_size_160000_problems_10_to_400/OLCS4_lru_2021_04_02__02_16_05_k_3__d_2_cache_size_160000_problems_10_to_400/OLCS4__do_traceback_prob_size_379_cache_size_160000_lru_k_3_d_2_execution_trace_2021_4_2_2_21_57_pid_11350.log --memo_caching_strategy lru --memo_cache_size 160001 --memo_lru_queue_size 160000 --memo_cuckoo_k 4 --memo_key_length 8 --memo_value_length 8 --memo_k_timestamps 3 --memo_d_recent_timestamps 2 --memo_a_items_per_timestamp_factor 0.4375 
calculate_table_size: table_size is 262144, original is 160001
Finished initializing cache
initialize_long_int_cache end
done initializing cache
initializing problem
done initializing problem
commence trials
Starting characteristic_cache_size_binary_search with max cache size 160001
binary search, size 160001  misses 144399
binary search, size 80000  misses 144399  min 0  max 160001
preemptive halt, cache_misses = 144400
preemptive halt, cache_misses = 144400
preemptive halt, cache_misses = 144400
preemptive halt, cache_misses = 144400
preemptive halt, cache_misses = 144400
preemptive halt, cache_misses = 144400
preemptive halt, cache_misses = 144400
preemptive halt, cache_misses = 144400
preemptive halt, cache_misses = 144400
preemptive halt, cache_misses = 144400
preemptive halt, cache_misses = 144400
preemptive halt, cache_misses = 144400
preemptive halt, cache_misses = 144400
preemptive halt, cache_misses = 144400
preemptive halt, cache_misses = 144400
preemptive halt, cache_misses = 144400
preemptive halt, cache_misses = 144400
preemptive halt, cache_misses = 144400
preemptive halt, cache_misses = 144400
preemptive halt, cache_misses = 144400
preemptive halt, cache_misses = 144400
preemptive halt, cache_misses = 144400
preemptive halt, cache_misses = 144400
preemptive halt, cache_misses = 144400
preemptive halt, cache_misses = 144400
preemptive halt, cache_misses = 144400
preemptive halt, cache_misses = 144400
preemptive halt, cache_misses = 144400
preemptive halt, cache_misses = 144400
preemptive halt, cache_misses = 144400
preemptive halt, cache_misses = 144400
preemptive halt, cache_misses = 144400
preemptive halt, cache_misses = 144400
preemptive halt, cache_misses = 144400
preemptive halt, cache_misses = 144400
preemptive halt, cache_misses = 144400
preemptive halt, cache_misses = 144400
preemptive halt, cache_misses = 144400
preemptive halt, cache_misses = 144400
preemptive halt, cache_misses = 144400
preemptive halt, cache_misses = 144400
preemptive halt, cache_misses = 144400
preemptive halt, cache_misses = 144400
preemptive halt, cache_misses = 144400
preemptive halt, cache_misses = 144400
preemptive halt, cache_misses = 144400
preemptive halt, cache_misses = 144400
preemptive halt, cache_misses = 144400
preemptive halt, cache_misses = 144400
preemptive halt, cache_misses = 144400
preemptive halt, cache_misses = 144400
preemptive halt, cache_misses = 144400
preemptive halt, cache_misses = 144400
preemptive halt, cache_misses = 144400
preemptive halt, cache_misses = 144400
preemptive halt, cache_misses = 144400
preemptive halt, cache_misses = 144400
preemptive halt, cache_misses = 144400
preemptive halt, cache_misses = 144400
preemptive halt, cache_misses = 144400
preemptive halt, cache_misses = 144400
preemptive halt, cache_misses = 144400
preemptive halt, cache_misses = 144400
preemptive halt, cache_misses = 144400
preemptive halt, cache_misses = 144400
preemptive halt, cache_misses = 144400
preemptive halt, cache_misses = 144400
preemptive halt, cache_misses = 144400
preemptive halt, cache_misses = 144400
preemptive halt, cache_misses = 144400
binary search, size 40000  misses 144400  min 0  max 80000
binary search, size 60000  misses 144399  min 40000  max 80000
preemptive halt, cache_misses = 144400
preemptive halt, cache_misses = 144400
preemptive halt, cache_misses = 144400
preemptive halt, cache_misses = 144400
preemptive halt, cache_misses = 144400
preemptive halt, cache_misses = 144400
preemptive halt, cache_misses = 144400
preemptive halt, cache_misses = 144400
preemptive halt, cache_misses = 144400
preemptive halt, cache_misses = 144400
preemptive halt, cache_misses = 144400
preemptive halt, cache_misses = 144400
preemptive halt, cache_misses = 144400
preemptive halt, cache_misses = 144400
preemptive halt, cache_misses = 144400
preemptive halt, cache_misses = 144400
preemptive halt, cache_misses = 144400
preemptive halt, cache_misses = 144400
preemptive halt, cache_misses = 144400
preemptive halt, cache_misses = 144400
preemptive halt, cache_misses = 144400
preemptive halt, cache_misses = 144400
preemptive halt, cache_misses = 144400
preemptive halt, cache_misses = 144400
preemptive halt, cache_misses = 144400
preemptive halt, cache_misses = 144400
preemptive halt, cache_misses = 144400
preemptive halt, cache_misses = 144400
preemptive halt, cache_misses = 144400
preemptive halt, cache_misses = 144400
preemptive halt, cache_misses = 144400
preemptive halt, cache_misses = 144400
preemptive halt, cache_misses = 144400
preemptive halt, cache_misses = 144400
preemptive halt, cache_misses = 144400
preemptive halt, cache_misses = 144400
preemptive halt, cache_misses = 144400
preemptive halt, cache_misses = 144400
preemptive halt, cache_misses = 144400
preemptive halt, cache_misses = 144400
preemptive halt, cache_misses = 144400
preemptive halt, cache_misses = 144400
preemptive halt, cache_misses = 144400
preemptive halt, cache_misses = 144400
preemptive halt, cache_misses = 144400
preemptive halt, cache_misses = 144400
preemptive halt, cache_misses = 144400
preemptive halt, cache_misses = 144400
preemptive halt, cache_misses = 144400
preemptive halt, cache_misses = 144400
preemptive halt, cache_misses = 144400
preemptive halt, cache_misses = 144400
preemptive halt, cache_misses = 144400
preemptive halt, cache_misses = 144400
preemptive halt, cache_misses = 144400
preemptive halt, cache_misses = 144400
preemptive halt, cache_misses = 144400
preemptive halt, cache_misses = 144400
preemptive halt, cache_misses = 144400
preemptive halt, cache_misses = 144400
preemptive halt, cache_misses = 144400
preemptive halt, cache_misses = 144400
preemptive halt, cache_misses = 144400
preemptive halt, cache_misses = 144400
preemptive halt, cache_misses = 144400
preemptive halt, cache_misses = 144400
preemptive halt, cache_misses = 144400
preemptive halt, cache_misses = 144400
preemptive halt, cache_misses = 144400
preemptive halt, cache_misses = 144400
binary search, size 50000  misses 144400  min 40000  max 60000
preemptive halt, cache_misses = 144401
preemptive halt, cache_misses = 144401
preemptive halt, cache_misses = 144401
preemptive halt, cache_misses = 144401
preemptive halt, cache_misses = 144401
preemptive halt, cache_misses = 144401
preemptive halt, cache_misses = 144401
preemptive halt, cache_misses = 144401
preemptive halt, cache_misses = 144401
preemptive halt, cache_misses = 144401
preemptive halt, cache_misses = 144401
preemptive halt, cache_misses = 144401
preemptive halt, cache_misses = 144401
preemptive halt, cache_misses = 144401
preemptive halt, cache_misses = 144401
preemptive halt, cache_misses = 144401
preemptive halt, cache_misses = 144401
preemptive halt, cache_misses = 144401
preemptive halt, cache_misses = 144401
preemptive halt, cache_misses = 144401
preemptive halt, cache_misses = 144401
preemptive halt, cache_misses = 144401
preemptive halt, cache_misses = 144401
preemptive halt, cache_misses = 144401
preemptive halt, cache_misses = 144401
preemptive halt, cache_misses = 144401
preemptive halt, cache_misses = 144401
preemptive halt, cache_misses = 144401
preemptive halt, cache_misses = 144401
preemptive halt, cache_misses = 144401
preemptive halt, cache_misses = 144401
preemptive halt, cache_misses = 144401
preemptive halt, cache_misses = 144401
preemptive halt, cache_misses = 144401
preemptive halt, cache_misses = 144401
preemptive halt, cache_misses = 144401
preemptive halt, cache_misses = 144401
preemptive halt, cache_misses = 144401
preemptive halt, cache_misses = 144401
preemptive halt, cache_misses = 144401
preemptive halt, cache_misses = 144401
preemptive halt, cache_misses = 144401
preemptive halt, cache_misses = 144401
preemptive halt, cache_misses = 144401
preemptive halt, cache_misses = 144401
preemptive halt, cache_misses = 144401
preemptive halt, cache_misses = 144401
preemptive halt, cache_misses = 144401
preemptive halt, cache_misses = 144401
preemptive halt, cache_misses = 144401
preemptive halt, cache_misses = 144401
preemptive halt, cache_misses = 144401
preemptive halt, cache_misses = 144401
preemptive halt, cache_misses = 144401
preemptive halt, cache_misses = 144401
preemptive halt, cache_misses = 144401
preemptive halt, cache_misses = 144401
preemptive halt, cache_misses = 144401
preemptive halt, cache_misses = 144401
preemptive halt, cache_misses = 144401
preemptive halt, cache_misses = 144401
preemptive halt, cache_misses = 144401
preemptive halt, cache_misses = 144401
preemptive halt, cache_misses = 144401
preemptive halt, cache_misses = 144401
preemptive halt, cache_misses = 144401
preemptive halt, cache_misses = 144401
preemptive halt, cache_misses = 144401
preemptive halt, cache_misses = 144401
preemptive halt, cache_misses = 144401
preemptive halt, cache_misses = 144401
preemptive halt, cache_misses = 144401
binary search, size 55000  misses 144401  min 50000  max 60000
binary search, size 57500  misses 144399  min 55000  max 60000
preemptive halt, cache_misses = 144400
preemptive halt, cache_misses = 144400
preemptive halt, cache_misses = 144400
preemptive halt, cache_misses = 144400
preemptive halt, cache_misses = 144400
preemptive halt, cache_misses = 144400
preemptive halt, cache_misses = 144400
preemptive halt, cache_misses = 144400
preemptive halt, cache_misses = 144400
preemptive halt, cache_misses = 144400
preemptive halt, cache_misses = 144400
preemptive halt, cache_misses = 144400
preemptive halt, cache_misses = 144400
preemptive halt, cache_misses = 144400
preemptive halt, cache_misses = 144400
preemptive halt, cache_misses = 144400
preemptive halt, cache_misses = 144400
preemptive halt, cache_misses = 144400
preemptive halt, cache_misses = 144400
preemptive halt, cache_misses = 144400
preemptive halt, cache_misses = 144400
preemptive halt, cache_misses = 144400
preemptive halt, cache_misses = 144400
preemptive halt, cache_misses = 144400
preemptive halt, cache_misses = 144400
preemptive halt, cache_misses = 144400
preemptive halt, cache_misses = 144400
preemptive halt, cache_misses = 144400
preemptive halt, cache_misses = 144400
preemptive halt, cache_misses = 144400
preemptive halt, cache_misses = 144400
preemptive halt, cache_misses = 144400
preemptive halt, cache_misses = 144400
preemptive halt, cache_misses = 144400
preemptive halt, cache_misses = 144400
preemptive halt, cache_misses = 144400
preemptive halt, cache_misses = 144400
preemptive halt, cache_misses = 144400
preemptive halt, cache_misses = 144400
preemptive halt, cache_misses = 144400
preemptive halt, cache_misses = 144400
preemptive halt, cache_misses = 144400
preemptive halt, cache_misses = 144400
preemptive halt, cache_misses = 144400
preemptive halt, cache_misses = 144400
preemptive halt, cache_misses = 144400
preemptive halt, cache_misses = 144400
preemptive halt, cache_misses = 144400
preemptive halt, cache_misses = 144400
preemptive halt, cache_misses = 144400
preemptive halt, cache_misses = 144400
preemptive halt, cache_misses = 144400
preemptive halt, cache_misses = 144400
preemptive halt, cache_misses = 144400
preemptive halt, cache_misses = 144400
preemptive halt, cache_misses = 144400
preemptive halt, cache_misses = 144400
preemptive halt, cache_misses = 144400
preemptive halt, cache_misses = 144400
preemptive halt, cache_misses = 144400
preemptive halt, cache_misses = 144400
preemptive halt, cache_misses = 144400
preemptive halt, cache_misses = 144400
preemptive halt, cache_misses = 144400
preemptive halt, cache_misses = 144400
preemptive halt, cache_misses = 144400
preemptive halt, cache_misses = 144400
preemptive halt, cache_misses = 144400
preemptive halt, cache_misses = 144400
preemptive halt, cache_misses = 144400
binary search, size 56250  misses 144400  min 55000  max 57500
preemptive halt, cache_misses = 144401
preemptive halt, cache_misses = 144401
preemptive halt, cache_misses = 144401
preemptive halt, cache_misses = 144401
preemptive halt, cache_misses = 144401
preemptive halt, cache_misses = 144401
preemptive halt, cache_misses = 144401
preemptive halt, cache_misses = 144401
preemptive halt, cache_misses = 144401
preemptive halt, cache_misses = 144401
preemptive halt, cache_misses = 144401
preemptive halt, cache_misses = 144401
preemptive halt, cache_misses = 144401
preemptive halt, cache_misses = 144401
preemptive halt, cache_misses = 144401
preemptive halt, cache_misses = 144401
preemptive halt, cache_misses = 144401
preemptive halt, cache_misses = 144401
preemptive halt, cache_misses = 144401
preemptive halt, cache_misses = 144401
preemptive halt, cache_misses = 144401
preemptive halt, cache_misses = 144401
preemptive halt, cache_misses = 144401
preemptive halt, cache_misses = 144401
preemptive halt, cache_misses = 144401
preemptive halt, cache_misses = 144401
preemptive halt, cache_misses = 144401
preemptive halt, cache_misses = 144401
preemptive halt, cache_misses = 144401
preemptive halt, cache_misses = 144401
preemptive halt, cache_misses = 144401
preemptive halt, cache_misses = 144401
preemptive halt, cache_misses = 144401
preemptive halt, cache_misses = 144401
preemptive halt, cache_misses = 144401
preemptive halt, cache_misses = 144401
preemptive halt, cache_misses = 144401
preemptive halt, cache_misses = 144401
preemptive halt, cache_misses = 144401
preemptive halt, cache_misses = 144401
preemptive halt, cache_misses = 144401
preemptive halt, cache_misses = 144401
preemptive halt, cache_misses = 144401
preemptive halt, cache_misses = 144401
preemptive halt, cache_misses = 144401
preemptive halt, cache_misses = 144401
preemptive halt, cache_misses = 144401
preemptive halt, cache_misses = 144401
preemptive halt, cache_misses = 144401
preemptive halt, cache_misses = 144401
preemptive halt, cache_misses = 144401
preemptive halt, cache_misses = 144401
preemptive halt, cache_misses = 144401
preemptive halt, cache_misses = 144401
preemptive halt, cache_misses = 144401
preemptive halt, cache_misses = 144401
preemptive halt, cache_misses = 144401
preemptive halt, cache_misses = 144401
preemptive halt, cache_misses = 144401
preemptive halt, cache_misses = 144401
preemptive halt, cache_misses = 144401
preemptive halt, cache_misses = 144401
preemptive halt, cache_misses = 144401
preemptive halt, cache_misses = 144401
preemptive halt, cache_misses = 144401
preemptive halt, cache_misses = 144401
preemptive halt, cache_misses = 144401
preemptive halt, cache_misses = 144401
preemptive halt, cache_misses = 144401
preemptive halt, cache_misses = 144401
preemptive halt, cache_misses = 144401
preemptive halt, cache_misses = 144401
binary search, size 56875  misses 144401  min 56250  max 57500
binary search, size 57187  misses 144399  min 56875  max 57500
preemptive halt, cache_misses = 144400
preemptive halt, cache_misses = 144400
preemptive halt, cache_misses = 144400
preemptive halt, cache_misses = 144400
preemptive halt, cache_misses = 144400
preemptive halt, cache_misses = 144400
preemptive halt, cache_misses = 144400
preemptive halt, cache_misses = 144400
preemptive halt, cache_misses = 144400
preemptive halt, cache_misses = 144400
preemptive halt, cache_misses = 144400
preemptive halt, cache_misses = 144400
preemptive halt, cache_misses = 144400
preemptive halt, cache_misses = 144400
preemptive halt, cache_misses = 144400
preemptive halt, cache_misses = 144400
preemptive halt, cache_misses = 144400
preemptive halt, cache_misses = 144400
preemptive halt, cache_misses = 144400
preemptive halt, cache_misses = 144400
preemptive halt, cache_misses = 144400
preemptive halt, cache_misses = 144400
preemptive halt, cache_misses = 144400
preemptive halt, cache_misses = 144400
preemptive halt, cache_misses = 144400
preemptive halt, cache_misses = 144400
preemptive halt, cache_misses = 144400
preemptive halt, cache_misses = 144400
preemptive halt, cache_misses = 144400
preemptive halt, cache_misses = 144400
preemptive halt, cache_misses = 144400
preemptive halt, cache_misses = 144400
preemptive halt, cache_misses = 144400
preemptive halt, cache_misses = 144400
preemptive halt, cache_misses = 144400
preemptive halt, cache_misses = 144400
preemptive halt, cache_misses = 144400
preemptive halt, cache_misses = 144400
preemptive halt, cache_misses = 144400
preemptive halt, cache_misses = 144400
preemptive halt, cache_misses = 144400
preemptive halt, cache_misses = 144400
preemptive halt, cache_misses = 144400
preemptive halt, cache_misses = 144400
preemptive halt, cache_misses = 144400
preemptive halt, cache_misses = 144400
preemptive halt, cache_misses = 144400
preemptive halt, cache_misses = 144400
preemptive halt, cache_misses = 144400
preemptive halt, cache_misses = 144400
preemptive halt, cache_misses = 144400
preemptive halt, cache_misses = 144400
preemptive halt, cache_misses = 144400
preemptive halt, cache_misses = 144400
preemptive halt, cache_misses = 144400
preemptive halt, cache_misses = 144400
preemptive halt, cache_misses = 144400
preemptive halt, cache_misses = 144400
preemptive halt, cache_misses = 144400
preemptive halt, cache_misses = 144400
preemptive halt, cache_misses = 144400
preemptive halt, cache_misses = 144400
preemptive halt, cache_misses = 144400
preemptive halt, cache_misses = 144400
preemptive halt, cache_misses = 144400
preemptive halt, cache_misses = 144400
preemptive halt, cache_misses = 144400
preemptive halt, cache_misses = 144400
preemptive halt, cache_misses = 144400
preemptive halt, cache_misses = 144400
binary search, size 57031  misses 144400  min 56875  max 57187
binary search, size 57109  misses 144399  min 57031  max 57187
binary search, size 57070  misses 144399  min 57031  max 57109
binary search, size 57050  misses 144399  min 57031  max 57070
binary search, size 57040  misses 144399  min 57031  max 57050
binary search, size 57035  misses 144399  min 57031  max 57040
preemptive halt, cache_misses = 144400
preemptive halt, cache_misses = 144400
preemptive halt, cache_misses = 144400
preemptive halt, cache_misses = 144400
preemptive halt, cache_misses = 144400
preemptive halt, cache_misses = 144400
preemptive halt, cache_misses = 144400
preemptive halt, cache_misses = 144400
preemptive halt, cache_misses = 144400
preemptive halt, cache_misses = 144400
preemptive halt, cache_misses = 144400
preemptive halt, cache_misses = 144400
preemptive halt, cache_misses = 144400
preemptive halt, cache_misses = 144400
preemptive halt, cache_misses = 144400
preemptive halt, cache_misses = 144400
preemptive halt, cache_misses = 144400
preemptive halt, cache_misses = 144400
preemptive halt, cache_misses = 144400
preemptive halt, cache_misses = 144400
preemptive halt, cache_misses = 144400
preemptive halt, cache_misses = 144400
preemptive halt, cache_misses = 144400
preemptive halt, cache_misses = 144400
preemptive halt, cache_misses = 144400
preemptive halt, cache_misses = 144400
preemptive halt, cache_misses = 144400
preemptive halt, cache_misses = 144400
preemptive halt, cache_misses = 144400
preemptive halt, cache_misses = 144400
preemptive halt, cache_misses = 144400
preemptive halt, cache_misses = 144400
preemptive halt, cache_misses = 144400
preemptive halt, cache_misses = 144400
preemptive halt, cache_misses = 144400
preemptive halt, cache_misses = 144400
preemptive halt, cache_misses = 144400
preemptive halt, cache_misses = 144400
preemptive halt, cache_misses = 144400
preemptive halt, cache_misses = 144400
preemptive halt, cache_misses = 144400
preemptive halt, cache_misses = 144400
preemptive halt, cache_misses = 144400
preemptive halt, cache_misses = 144400
preemptive halt, cache_misses = 144400
preemptive halt, cache_misses = 144400
preemptive halt, cache_misses = 144400
preemptive halt, cache_misses = 144400
preemptive halt, cache_misses = 144400
preemptive halt, cache_misses = 144400
preemptive halt, cache_misses = 144400
preemptive halt, cache_misses = 144400
preemptive halt, cache_misses = 144400
preemptive halt, cache_misses = 144400
preemptive halt, cache_misses = 144400
preemptive halt, cache_misses = 144400
preemptive halt, cache_misses = 144400
preemptive halt, cache_misses = 144400
preemptive halt, cache_misses = 144400
preemptive halt, cache_misses = 144400
preemptive halt, cache_misses = 144400
preemptive halt, cache_misses = 144400
preemptive halt, cache_misses = 144400
preemptive halt, cache_misses = 144400
preemptive halt, cache_misses = 144400
preemptive halt, cache_misses = 144400
preemptive halt, cache_misses = 144400
preemptive halt, cache_misses = 144400
preemptive halt, cache_misses = 144400
preemptive halt, cache_misses = 144400
binary search, size 57033  misses 144400  min 57031  max 57035
binary search, size 57034  misses 144399  min 57033  max 57035
characteristic cache size (binary search) for 379 = 57034
End at: 2021-04-02 02:22:00.430865
Time elapsed: 0:00:02.542084
