Begin at: 2021-04-02 02:16:40.551978
['../dist/Debug/GNU-Linux/memo_batch_tester', '', '--mbt_execution_trace_fname', 'olcs4_traceback_csize_input_types/OLCS4_lru_2021_04_02__02_16_05_k_3__d_2_cache_size_160000_problems_10_to_400/OLCS4_lru_2021_04_02__02_16_05_k_3__d_2_cache_size_160000_problems_10_to_400/OLCS4__do_traceback_prob_size_152_cache_size_160000_lru_k_3_d_2_execution_trace_2021_4_2_2_16_40_pid_10867.log', '--mbt_cache_misses_fname', 'olcs4_traceback_csize_input_types/OLCS4_lru_2021_04_02__02_16_05_k_3__d_2_cache_size_160000_problems_10_to_400/lcs_cost_OLCS4_lru_misses_for_cache_size.csv', '--mbt_misses_for_problem_size_fname', 'olcs4_traceback_csize_input_types/OLCS4_lru_2021_04_02__02_16_05_k_3__d_2_cache_size_160000_problems_10_to_400/lcs_cost_OLCS4_lru_misses_for_problem_size.csv', '--mbt_exact_cutoff_min_cache_size', '160000', '--mbt_exact_cutoff_max_cache_size', '160000', '--mbt_problem_type', 'lcs', '--mbt_metric_type', 'csize_binary_search', '--mbt_cutoff_ratio', '2.2', '--mbt_instance_fname', '152', '--mbt_detailed_cache_misses_out_fname', 'csize_olcs4_traceback_0011nc_nc1100_0_8.csv', '--mbt_phi_N', '5.0', '--mbt_problem_size', '152', '--lcs_compute_length', '0', '--lcs_perform_traceback', '1', '--lig_instance_type', '0011nc_nc1100', '--lig_n', '152', '--lig_c', '0.8', '--lig_b', '3.0', '--lcs_oblivious', '4', '--lcs_execution_trace_fname', 'olcs4_traceback_csize_input_types/OLCS4_lru_2021_04_02__02_16_05_k_3__d_2_cache_size_160000_problems_10_to_400/OLCS4_lru_2021_04_02__02_16_05_k_3__d_2_cache_size_160000_problems_10_to_400/OLCS4__do_traceback_prob_size_152_cache_size_160000_lru_k_3_d_2_execution_trace_2021_4_2_2_16_40_pid_10867.log', '--memo_caching_strategy', 'lru', '--memo_cache_size', '160001', '--memo_lru_queue_size', '160000', '--memo_cuckoo_k', '4', '--memo_key_length', '8', '--memo_value_length', '8', '--memo_k_timestamps', '3', '--memo_d_recent_timestamps', '2', '--memo_a_items_per_timestamp_factor', '0.4375']

csize_binary_search chosen
lcs problem_type lcs cache_size 160001
initialize_long_int_cache begin
init_memo
arguments to memo:
 --mbt_execution_trace_fname olcs4_traceback_csize_input_types/OLCS4_lru_2021_04_02__02_16_05_k_3__d_2_cache_size_160000_problems_10_to_400/OLCS4_lru_2021_04_02__02_16_05_k_3__d_2_cache_size_160000_problems_10_to_400/OLCS4__do_traceback_prob_size_152_cache_size_160000_lru_k_3_d_2_execution_trace_2021_4_2_2_16_40_pid_10867.log --mbt_cache_misses_fname olcs4_traceback_csize_input_types/OLCS4_lru_2021_04_02__02_16_05_k_3__d_2_cache_size_160000_problems_10_to_400/lcs_cost_OLCS4_lru_misses_for_cache_size.csv --mbt_misses_for_problem_size_fname olcs4_traceback_csize_input_types/OLCS4_lru_2021_04_02__02_16_05_k_3__d_2_cache_size_160000_problems_10_to_400/lcs_cost_OLCS4_lru_misses_for_problem_size.csv --mbt_exact_cutoff_min_cache_size 160000 --mbt_exact_cutoff_max_cache_size 160000 --mbt_problem_type lcs --mbt_metric_type csize_binary_search --mbt_cutoff_ratio 2.2 --mbt_instance_fname 152 --mbt_detailed_cache_misses_out_fname csize_olcs4_traceback_0011nc_nc1100_0_8.csv --mbt_phi_N 5.0 --mbt_problem_size 152 --lcs_compute_length 0 --lcs_perform_traceback 1 --lig_instance_type 0011nc_nc1100 --lig_n 152 --lig_c 0.8 --lig_b 3.0 --lcs_oblivious 4 --lcs_execution_trace_fname olcs4_traceback_csize_input_types/OLCS4_lru_2021_04_02__02_16_05_k_3__d_2_cache_size_160000_problems_10_to_400/OLCS4_lru_2021_04_02__02_16_05_k_3__d_2_cache_size_160000_problems_10_to_400/OLCS4__do_traceback_prob_size_152_cache_size_160000_lru_k_3_d_2_execution_trace_2021_4_2_2_16_40_pid_10867.log --memo_caching_strategy lru --memo_cache_size 160001 --memo_lru_queue_size 160000 --memo_cuckoo_k 4 --memo_key_length 8 --memo_value_length 8 --memo_k_timestamps 3 --memo_d_recent_timestamps 2 --memo_a_items_per_timestamp_factor 0.4375 
calculate_table_size: table_size is 262144, original is 160001
Finished initializing cache
initialize_long_int_cache end
done initializing cache
initializing problem
done initializing problem
commence trials
Starting characteristic_cache_size_binary_search with max cache size 160001
binary search, size 160001  misses 23408
binary search, size 80000  misses 23408  min 0  max 160001
binary search, size 40000  misses 23408  min 0  max 80000
binary search, size 20000  misses 23408  min 0  max 40000
preemptive halt, cache_misses = 23409
preemptive halt, cache_misses = 23409
preemptive halt, cache_misses = 23409
preemptive halt, cache_misses = 23409
preemptive halt, cache_misses = 23409
preemptive halt, cache_misses = 23409
preemptive halt, cache_misses = 23409
preemptive halt, cache_misses = 23409
preemptive halt, cache_misses = 23409
preemptive halt, cache_misses = 23409
preemptive halt, cache_misses = 23409
preemptive halt, cache_misses = 23409
preemptive halt, cache_misses = 23409
preemptive halt, cache_misses = 23409
preemptive halt, cache_misses = 23409
preemptive halt, cache_misses = 23409
preemptive halt, cache_misses = 23409
preemptive halt, cache_misses = 23409
preemptive halt, cache_misses = 23409
preemptive halt, cache_misses = 23409
preemptive halt, cache_misses = 23409
preemptive halt, cache_misses = 23409
preemptive halt, cache_misses = 23409
preemptive halt, cache_misses = 23409
preemptive halt, cache_misses = 23409
preemptive halt, cache_misses = 23409
preemptive halt, cache_misses = 23409
preemptive halt, cache_misses = 23409
preemptive halt, cache_misses = 23409
preemptive halt, cache_misses = 23409
preemptive halt, cache_misses = 23409
preemptive halt, cache_misses = 23409
preemptive halt, cache_misses = 23409
preemptive halt, cache_misses = 23409
preemptive halt, cache_misses = 23409
preemptive halt, cache_misses = 23409
preemptive halt, cache_misses = 23409
preemptive halt, cache_misses = 23409
preemptive halt, cache_misses = 23409
preemptive halt, cache_misses = 23409
preemptive halt, cache_misses = 23409
preemptive halt, cache_misses = 23409
preemptive halt, cache_misses = 23409
preemptive halt, cache_misses = 23409
preemptive halt, cache_misses = 23409
preemptive halt, cache_misses = 23409
preemptive halt, cache_misses = 23409
preemptive halt, cache_misses = 23409
preemptive halt, cache_misses = 23409
preemptive halt, cache_misses = 23409
preemptive halt, cache_misses = 23409
preemptive halt, cache_misses = 23409
preemptive halt, cache_misses = 23409
preemptive halt, cache_misses = 23409
preemptive halt, cache_misses = 23409
preemptive halt, cache_misses = 23409
preemptive halt, cache_misses = 23409
preemptive halt, cache_misses = 23409
preemptive halt, cache_misses = 23409
preemptive halt, cache_misses = 23409
preemptive halt, cache_misses = 23409
preemptive halt, cache_misses = 23409
preemptive halt, cache_misses = 23409
preemptive halt, cache_misses = 23409
preemptive halt, cache_misses = 23409
preemptive halt, cache_misses = 23409
preemptive halt, cache_misses = 23409
preemptive halt, cache_misses = 23409
preemptive halt, cache_misses = 23409
preemptive halt, cache_misses = 23409
preemptive halt, cache_misses = 23409
preemptive halt, cache_misses = 23409
preemptive halt, cache_misses = 23409
preemptive halt, cache_misses = 23409
preemptive halt, cache_misses = 23409
preemptive halt, cache_misses = 23409
preemptive halt, cache_misses = 23409
preemptive halt, cache_misses = 23409
preemptive halt, cache_misses = 23409
preemptive halt, cache_misses = 23409
preemptive halt, cache_misses = 23409
preemptive halt, cache_misses = 23409
preemptive halt, cache_misses = 23409
preemptive halt, cache_misses = 23409
preemptive halt, cache_misses = 23409
preemptive halt, cache_misses = 23409
binary search, size 10000  misses 23409  min 0  max 20000
preemptive halt, cache_misses = 23410
preemptive halt, cache_misses = 23410
preemptive halt, cache_misses = 23410
preemptive halt, cache_misses = 23410
preemptive halt, cache_misses = 23410
preemptive halt, cache_misses = 23410
preemptive halt, cache_misses = 23410
preemptive halt, cache_misses = 23410
preemptive halt, cache_misses = 23410
preemptive halt, cache_misses = 23410
preemptive halt, cache_misses = 23410
preemptive halt, cache_misses = 23410
preemptive halt, cache_misses = 23410
preemptive halt, cache_misses = 23410
preemptive halt, cache_misses = 23410
preemptive halt, cache_misses = 23410
preemptive halt, cache_misses = 23410
preemptive halt, cache_misses = 23410
preemptive halt, cache_misses = 23410
preemptive halt, cache_misses = 23410
preemptive halt, cache_misses = 23410
preemptive halt, cache_misses = 23410
preemptive halt, cache_misses = 23410
preemptive halt, cache_misses = 23410
preemptive halt, cache_misses = 23410
preemptive halt, cache_misses = 23410
preemptive halt, cache_misses = 23410
preemptive halt, cache_misses = 23410
preemptive halt, cache_misses = 23410
preemptive halt, cache_misses = 23410
preemptive halt, cache_misses = 23410
preemptive halt, cache_misses = 23410
preemptive halt, cache_misses = 23410
preemptive halt, cache_misses = 23410
preemptive halt, cache_misses = 23410
preemptive halt, cache_misses = 23410
preemptive halt, cache_misses = 23410
preemptive halt, cache_misses = 23410
preemptive halt, cache_misses = 23410
preemptive halt, cache_misses = 23410
preemptive halt, cache_misses = 23410
preemptive halt, cache_misses = 23410
preemptive halt, cache_misses = 23410
preemptive halt, cache_misses = 23410
preemptive halt, cache_misses = 23410
preemptive halt, cache_misses = 23410
preemptive halt, cache_misses = 23410
preemptive halt, cache_misses = 23410
preemptive halt, cache_misses = 23410
preemptive halt, cache_misses = 23410
preemptive halt, cache_misses = 23410
preemptive halt, cache_misses = 23410
preemptive halt, cache_misses = 23410
preemptive halt, cache_misses = 23410
preemptive halt, cache_misses = 23410
preemptive halt, cache_misses = 23410
preemptive halt, cache_misses = 23410
preemptive halt, cache_misses = 23410
preemptive halt, cache_misses = 23410
preemptive halt, cache_misses = 23410
preemptive halt, cache_misses = 23410
preemptive halt, cache_misses = 23410
preemptive halt, cache_misses = 23410
preemptive halt, cache_misses = 23410
preemptive halt, cache_misses = 23410
preemptive halt, cache_misses = 23410
preemptive halt, cache_misses = 23410
preemptive halt, cache_misses = 23410
preemptive halt, cache_misses = 23410
preemptive halt, cache_misses = 23410
preemptive halt, cache_misses = 23410
preemptive halt, cache_misses = 23410
preemptive halt, cache_misses = 23410
preemptive halt, cache_misses = 23410
preemptive halt, cache_misses = 23410
preemptive halt, cache_misses = 23410
preemptive halt, cache_misses = 23410
preemptive halt, cache_misses = 23410
preemptive halt, cache_misses = 23410
preemptive halt, cache_misses = 23410
preemptive halt, cache_misses = 23410
preemptive halt, cache_misses = 23410
preemptive halt, cache_misses = 23410
preemptive halt, cache_misses = 23410
preemptive halt, cache_misses = 23410
preemptive halt, cache_misses = 23410
preemptive halt, cache_misses = 23410
preemptive halt, cache_misses = 23410
binary search, size 15000  misses 23410  min 10000  max 20000
binary search, size 17500  misses 23408  min 15000  max 20000
binary search, size 16250  misses 23408  min 15000  max 17500
binary search, size 15625  misses 23408  min 15000  max 16250
binary search, size 15312  misses 23408  min 15000  max 15625
binary search, size 15156  misses 23408  min 15000  max 15312
binary search, size 15078  misses 23408  min 15000  max 15156
binary search, size 15039  misses 23408  min 15000  max 15078
preemptive halt, cache_misses = 23409
preemptive halt, cache_misses = 23409
preemptive halt, cache_misses = 23409
preemptive halt, cache_misses = 23409
preemptive halt, cache_misses = 23409
preemptive halt, cache_misses = 23409
preemptive halt, cache_misses = 23409
preemptive halt, cache_misses = 23409
preemptive halt, cache_misses = 23409
preemptive halt, cache_misses = 23409
preemptive halt, cache_misses = 23409
preemptive halt, cache_misses = 23409
preemptive halt, cache_misses = 23409
preemptive halt, cache_misses = 23409
preemptive halt, cache_misses = 23409
preemptive halt, cache_misses = 23409
preemptive halt, cache_misses = 23409
preemptive halt, cache_misses = 23409
preemptive halt, cache_misses = 23409
preemptive halt, cache_misses = 23409
preemptive halt, cache_misses = 23409
preemptive halt, cache_misses = 23409
preemptive halt, cache_misses = 23409
preemptive halt, cache_misses = 23409
preemptive halt, cache_misses = 23409
preemptive halt, cache_misses = 23409
preemptive halt, cache_misses = 23409
preemptive halt, cache_misses = 23409
preemptive halt, cache_misses = 23409
preemptive halt, cache_misses = 23409
preemptive halt, cache_misses = 23409
preemptive halt, cache_misses = 23409
preemptive halt, cache_misses = 23409
preemptive halt, cache_misses = 23409
preemptive halt, cache_misses = 23409
preemptive halt, cache_misses = 23409
preemptive halt, cache_misses = 23409
preemptive halt, cache_misses = 23409
preemptive halt, cache_misses = 23409
preemptive halt, cache_misses = 23409
preemptive halt, cache_misses = 23409
preemptive halt, cache_misses = 23409
preemptive halt, cache_misses = 23409
preemptive halt, cache_misses = 23409
preemptive halt, cache_misses = 23409
preemptive halt, cache_misses = 23409
preemptive halt, cache_misses = 23409
preemptive halt, cache_misses = 23409
preemptive halt, cache_misses = 23409
preemptive halt, cache_misses = 23409
preemptive halt, cache_misses = 23409
preemptive halt, cache_misses = 23409
preemptive halt, cache_misses = 23409
preemptive halt, cache_misses = 23409
preemptive halt, cache_misses = 23409
preemptive halt, cache_misses = 23409
preemptive halt, cache_misses = 23409
preemptive halt, cache_misses = 23409
preemptive halt, cache_misses = 23409
preemptive halt, cache_misses = 23409
preemptive halt, cache_misses = 23409
preemptive halt, cache_misses = 23409
preemptive halt, cache_misses = 23409
preemptive halt, cache_misses = 23409
preemptive halt, cache_misses = 23409
preemptive halt, cache_misses = 23409
preemptive halt, cache_misses = 23409
preemptive halt, cache_misses = 23409
preemptive halt, cache_misses = 23409
preemptive halt, cache_misses = 23409
preemptive halt, cache_misses = 23409
preemptive halt, cache_misses = 23409
preemptive halt, cache_misses = 23409
preemptive halt, cache_misses = 23409
preemptive halt, cache_misses = 23409
preemptive halt, cache_misses = 23409
preemptive halt, cache_misses = 23409
preemptive halt, cache_misses = 23409
preemptive halt, cache_misses = 23409
preemptive halt, cache_misses = 23409
preemptive halt, cache_misses = 23409
preemptive halt, cache_misses = 23409
preemptive halt, cache_misses = 23409
preemptive halt, cache_misses = 23409
preemptive halt, cache_misses = 23409
preemptive halt, cache_misses = 23409
binary search, size 15019  misses 23409  min 15000  max 15039
preemptive halt, cache_misses = 23410
preemptive halt, cache_misses = 23410
preemptive halt, cache_misses = 23410
preemptive halt, cache_misses = 23410
preemptive halt, cache_misses = 23410
preemptive halt, cache_misses = 23410
preemptive halt, cache_misses = 23410
preemptive halt, cache_misses = 23410
preemptive halt, cache_misses = 23410
preemptive halt, cache_misses = 23410
preemptive halt, cache_misses = 23410
preemptive halt, cache_misses = 23410
preemptive halt, cache_misses = 23410
preemptive halt, cache_misses = 23410
preemptive halt, cache_misses = 23410
preemptive halt, cache_misses = 23410
preemptive halt, cache_misses = 23410
preemptive halt, cache_misses = 23410
preemptive halt, cache_misses = 23410
preemptive halt, cache_misses = 23410
preemptive halt, cache_misses = 23410
preemptive halt, cache_misses = 23410
preemptive halt, cache_misses = 23410
preemptive halt, cache_misses = 23410
preemptive halt, cache_misses = 23410
preemptive halt, cache_misses = 23410
preemptive halt, cache_misses = 23410
preemptive halt, cache_misses = 23410
preemptive halt, cache_misses = 23410
preemptive halt, cache_misses = 23410
preemptive halt, cache_misses = 23410
preemptive halt, cache_misses = 23410
preemptive halt, cache_misses = 23410
preemptive halt, cache_misses = 23410
preemptive halt, cache_misses = 23410
preemptive halt, cache_misses = 23410
preemptive halt, cache_misses = 23410
preemptive halt, cache_misses = 23410
preemptive halt, cache_misses = 23410
preemptive halt, cache_misses = 23410
preemptive halt, cache_misses = 23410
preemptive halt, cache_misses = 23410
preemptive halt, cache_misses = 23410
preemptive halt, cache_misses = 23410
preemptive halt, cache_misses = 23410
preemptive halt, cache_misses = 23410
preemptive halt, cache_misses = 23410
preemptive halt, cache_misses = 23410
preemptive halt, cache_misses = 23410
preemptive halt, cache_misses = 23410
preemptive halt, cache_misses = 23410
preemptive halt, cache_misses = 23410
preemptive halt, cache_misses = 23410
preemptive halt, cache_misses = 23410
preemptive halt, cache_misses = 23410
preemptive halt, cache_misses = 23410
preemptive halt, cache_misses = 23410
preemptive halt, cache_misses = 23410
preemptive halt, cache_misses = 23410
preemptive halt, cache_misses = 23410
preemptive halt, cache_misses = 23410
preemptive halt, cache_misses = 23410
preemptive halt, cache_misses = 23410
preemptive halt, cache_misses = 23410
preemptive halt, cache_misses = 23410
preemptive halt, cache_misses = 23410
preemptive halt, cache_misses = 23410
preemptive halt, cache_misses = 23410
preemptive halt, cache_misses = 23410
preemptive halt, cache_misses = 23410
preemptive halt, cache_misses = 23410
preemptive halt, cache_misses = 23410
preemptive halt, cache_misses = 23410
preemptive halt, cache_misses = 23410
preemptive halt, cache_misses = 23410
preemptive halt, cache_misses = 23410
preemptive halt, cache_misses = 23410
preemptive halt, cache_misses = 23410
preemptive halt, cache_misses = 23410
preemptive halt, cache_misses = 23410
preemptive halt, cache_misses = 23410
preemptive halt, cache_misses = 23410
preemptive halt, cache_misses = 23410
preemptive halt, cache_misses = 23410
preemptive halt, cache_misses = 23410
preemptive halt, cache_misses = 23410
preemptive halt, cache_misses = 23410
preemptive halt, cache_misses = 23410
binary search, size 15029  misses 23410  min 15019  max 15039
preemptive halt, cache_misses = 23411
preemptive halt, cache_misses = 23411
preemptive halt, cache_misses = 23411
preemptive halt, cache_misses = 23411
preemptive halt, cache_misses = 23411
preemptive halt, cache_misses = 23411
preemptive halt, cache_misses = 23411
preemptive halt, cache_misses = 23411
preemptive halt, cache_misses = 23411
preemptive halt, cache_misses = 23411
preemptive halt, cache_misses = 23411
preemptive halt, cache_misses = 23411
preemptive halt, cache_misses = 23411
preemptive halt, cache_misses = 23411
preemptive halt, cache_misses = 23411
preemptive halt, cache_misses = 23411
preemptive halt, cache_misses = 23411
preemptive halt, cache_misses = 23411
preemptive halt, cache_misses = 23411
preemptive halt, cache_misses = 23411
preemptive halt, cache_misses = 23411
preemptive halt, cache_misses = 23411
preemptive halt, cache_misses = 23411
preemptive halt, cache_misses = 23411
preemptive halt, cache_misses = 23411
preemptive halt, cache_misses = 23411
preemptive halt, cache_misses = 23411
preemptive halt, cache_misses = 23411
preemptive halt, cache_misses = 23411
preemptive halt, cache_misses = 23411
preemptive halt, cache_misses = 23411
preemptive halt, cache_misses = 23411
preemptive halt, cache_misses = 23411
preemptive halt, cache_misses = 23411
preemptive halt, cache_misses = 23411
preemptive halt, cache_misses = 23411
preemptive halt, cache_misses = 23411
preemptive halt, cache_misses = 23411
preemptive halt, cache_misses = 23411
preemptive halt, cache_misses = 23411
preemptive halt, cache_misses = 23411
preemptive halt, cache_misses = 23411
preemptive halt, cache_misses = 23411
preemptive halt, cache_misses = 23411
preemptive halt, cache_misses = 23411
preemptive halt, cache_misses = 23411
preemptive halt, cache_misses = 23411
preemptive halt, cache_misses = 23411
preemptive halt, cache_misses = 23411
preemptive halt, cache_misses = 23411
preemptive halt, cache_misses = 23411
preemptive halt, cache_misses = 23411
preemptive halt, cache_misses = 23411
preemptive halt, cache_misses = 23411
preemptive halt, cache_misses = 23411
preemptive halt, cache_misses = 23411
preemptive halt, cache_misses = 23411
preemptive halt, cache_misses = 23411
preemptive halt, cache_misses = 23411
preemptive halt, cache_misses = 23411
preemptive halt, cache_misses = 23411
preemptive halt, cache_misses = 23411
preemptive halt, cache_misses = 23411
preemptive halt, cache_misses = 23411
preemptive halt, cache_misses = 23411
preemptive halt, cache_misses = 23411
preemptive halt, cache_misses = 23411
preemptive halt, cache_misses = 23411
preemptive halt, cache_misses = 23411
preemptive halt, cache_misses = 23411
preemptive halt, cache_misses = 23411
preemptive halt, cache_misses = 23411
preemptive halt, cache_misses = 23411
preemptive halt, cache_misses = 23411
preemptive halt, cache_misses = 23411
preemptive halt, cache_misses = 23411
preemptive halt, cache_misses = 23411
preemptive halt, cache_misses = 23411
preemptive halt, cache_misses = 23411
preemptive halt, cache_misses = 23411
preemptive halt, cache_misses = 23411
preemptive halt, cache_misses = 23411
preemptive halt, cache_misses = 23411
preemptive halt, cache_misses = 23411
preemptive halt, cache_misses = 23411
preemptive halt, cache_misses = 23411
preemptive halt, cache_misses = 23411
preemptive halt, cache_misses = 23411
preemptive halt, cache_misses = 23411
preemptive halt, cache_misses = 23411
binary search, size 15034  misses 23411  min 15029  max 15039
binary search, size 15036  misses 23408  min 15034  max 15039
preemptive halt, cache_misses = 23409
preemptive halt, cache_misses = 23409
preemptive halt, cache_misses = 23409
preemptive halt, cache_misses = 23409
preemptive halt, cache_misses = 23409
preemptive halt, cache_misses = 23409
preemptive halt, cache_misses = 23409
preemptive halt, cache_misses = 23409
preemptive halt, cache_misses = 23409
preemptive halt, cache_misses = 23409
preemptive halt, cache_misses = 23409
preemptive halt, cache_misses = 23409
preemptive halt, cache_misses = 23409
preemptive halt, cache_misses = 23409
preemptive halt, cache_misses = 23409
preemptive halt, cache_misses = 23409
preemptive halt, cache_misses = 23409
preemptive halt, cache_misses = 23409
preemptive halt, cache_misses = 23409
preemptive halt, cache_misses = 23409
preemptive halt, cache_misses = 23409
preemptive halt, cache_misses = 23409
preemptive halt, cache_misses = 23409
preemptive halt, cache_misses = 23409
preemptive halt, cache_misses = 23409
preemptive halt, cache_misses = 23409
preemptive halt, cache_misses = 23409
preemptive halt, cache_misses = 23409
preemptive halt, cache_misses = 23409
preemptive halt, cache_misses = 23409
preemptive halt, cache_misses = 23409
preemptive halt, cache_misses = 23409
preemptive halt, cache_misses = 23409
preemptive halt, cache_misses = 23409
preemptive halt, cache_misses = 23409
preemptive halt, cache_misses = 23409
preemptive halt, cache_misses = 23409
preemptive halt, cache_misses = 23409
preemptive halt, cache_misses = 23409
preemptive halt, cache_misses = 23409
preemptive halt, cache_misses = 23409
preemptive halt, cache_misses = 23409
preemptive halt, cache_misses = 23409
preemptive halt, cache_misses = 23409
preemptive halt, cache_misses = 23409
preemptive halt, cache_misses = 23409
preemptive halt, cache_misses = 23409
preemptive halt, cache_misses = 23409
preemptive halt, cache_misses = 23409
preemptive halt, cache_misses = 23409
preemptive halt, cache_misses = 23409
preemptive halt, cache_misses = 23409
preemptive halt, cache_misses = 23409
preemptive halt, cache_misses = 23409
preemptive halt, cache_misses = 23409
preemptive halt, cache_misses = 23409
preemptive halt, cache_misses = 23409
preemptive halt, cache_misses = 23409
preemptive halt, cache_misses = 23409
preemptive halt, cache_misses = 23409
preemptive halt, cache_misses = 23409
preemptive halt, cache_misses = 23409
preemptive halt, cache_misses = 23409
preemptive halt, cache_misses = 23409
preemptive halt, cache_misses = 23409
preemptive halt, cache_misses = 23409
preemptive halt, cache_misses = 23409
preemptive halt, cache_misses = 23409
preemptive halt, cache_misses = 23409
preemptive halt, cache_misses = 23409
preemptive halt, cache_misses = 23409
preemptive halt, cache_misses = 23409
preemptive halt, cache_misses = 23409
preemptive halt, cache_misses = 23409
preemptive halt, cache_misses = 23409
preemptive halt, cache_misses = 23409
preemptive halt, cache_misses = 23409
preemptive halt, cache_misses = 23409
preemptive halt, cache_misses = 23409
preemptive halt, cache_misses = 23409
preemptive halt, cache_misses = 23409
preemptive halt, cache_misses = 23409
preemptive halt, cache_misses = 23409
preemptive halt, cache_misses = 23409
preemptive halt, cache_misses = 23409
preemptive halt, cache_misses = 23409
binary search, size 15035  misses 23409  min 15034  max 15036
characteristic cache size (binary search) for 152 = 15036
End at: 2021-04-02 02:16:41.011636
Time elapsed: 0:00:00.459675
