Begin at: 2021-04-02 02:16:50.389523
['../dist/Debug/GNU-Linux/memo_batch_tester', '', '--mbt_execution_trace_fname', 'olcs4_traceback_csize_input_types/OLCS4_lru_2021_04_02__02_16_05_k_3__d_2_cache_size_160000_problems_10_to_400/OLCS4_lru_2021_04_02__02_16_05_k_3__d_2_cache_size_160000_problems_10_to_400/OLCS4__do_traceback_prob_size_170_cache_size_160000_lru_k_3_d_2_execution_trace_2021_4_2_2_16_50_pid_10903.log', '--mbt_cache_misses_fname', 'olcs4_traceback_csize_input_types/OLCS4_lru_2021_04_02__02_16_05_k_3__d_2_cache_size_160000_problems_10_to_400/lcs_cost_OLCS4_lru_misses_for_cache_size.csv', '--mbt_misses_for_problem_size_fname', 'olcs4_traceback_csize_input_types/OLCS4_lru_2021_04_02__02_16_05_k_3__d_2_cache_size_160000_problems_10_to_400/lcs_cost_OLCS4_lru_misses_for_problem_size.csv', '--mbt_exact_cutoff_min_cache_size', '160000', '--mbt_exact_cutoff_max_cache_size', '160000', '--mbt_problem_type', 'lcs', '--mbt_metric_type', 'csize_binary_search', '--mbt_cutoff_ratio', '2.2', '--mbt_instance_fname', '170', '--mbt_detailed_cache_misses_out_fname', 'csize_olcs4_traceback_0011nc_nc1100_0_8.csv', '--mbt_phi_N', '5.0', '--mbt_problem_size', '170', '--lcs_compute_length', '0', '--lcs_perform_traceback', '1', '--lig_instance_type', '0011nc_nc1100', '--lig_n', '170', '--lig_c', '0.8', '--lig_b', '3.0', '--lcs_oblivious', '4', '--lcs_execution_trace_fname', 'olcs4_traceback_csize_input_types/OLCS4_lru_2021_04_02__02_16_05_k_3__d_2_cache_size_160000_problems_10_to_400/OLCS4_lru_2021_04_02__02_16_05_k_3__d_2_cache_size_160000_problems_10_to_400/OLCS4__do_traceback_prob_size_170_cache_size_160000_lru_k_3_d_2_execution_trace_2021_4_2_2_16_50_pid_10903.log', '--memo_caching_strategy', 'lru', '--memo_cache_size', '160001', '--memo_lru_queue_size', '160000', '--memo_cuckoo_k', '4', '--memo_key_length', '8', '--memo_value_length', '8', '--memo_k_timestamps', '3', '--memo_d_recent_timestamps', '2', '--memo_a_items_per_timestamp_factor', '0.4375']

csize_binary_search chosen
lcs problem_type lcs cache_size 160001
initialize_long_int_cache begin
init_memo
arguments to memo:
 --mbt_execution_trace_fname olcs4_traceback_csize_input_types/OLCS4_lru_2021_04_02__02_16_05_k_3__d_2_cache_size_160000_problems_10_to_400/OLCS4_lru_2021_04_02__02_16_05_k_3__d_2_cache_size_160000_problems_10_to_400/OLCS4__do_traceback_prob_size_170_cache_size_160000_lru_k_3_d_2_execution_trace_2021_4_2_2_16_50_pid_10903.log --mbt_cache_misses_fname olcs4_traceback_csize_input_types/OLCS4_lru_2021_04_02__02_16_05_k_3__d_2_cache_size_160000_problems_10_to_400/lcs_cost_OLCS4_lru_misses_for_cache_size.csv --mbt_misses_for_problem_size_fname olcs4_traceback_csize_input_types/OLCS4_lru_2021_04_02__02_16_05_k_3__d_2_cache_size_160000_problems_10_to_400/lcs_cost_OLCS4_lru_misses_for_problem_size.csv --mbt_exact_cutoff_min_cache_size 160000 --mbt_exact_cutoff_max_cache_size 160000 --mbt_problem_type lcs --mbt_metric_type csize_binary_search --mbt_cutoff_ratio 2.2 --mbt_instance_fname 170 --mbt_detailed_cache_misses_out_fname csize_olcs4_traceback_0011nc_nc1100_0_8.csv --mbt_phi_N 5.0 --mbt_problem_size 170 --lcs_compute_length 0 --lcs_perform_traceback 1 --lig_instance_type 0011nc_nc1100 --lig_n 170 --lig_c 0.8 --lig_b 3.0 --lcs_oblivious 4 --lcs_execution_trace_fname olcs4_traceback_csize_input_types/OLCS4_lru_2021_04_02__02_16_05_k_3__d_2_cache_size_160000_problems_10_to_400/OLCS4_lru_2021_04_02__02_16_05_k_3__d_2_cache_size_160000_problems_10_to_400/OLCS4__do_traceback_prob_size_170_cache_size_160000_lru_k_3_d_2_execution_trace_2021_4_2_2_16_50_pid_10903.log --memo_caching_strategy lru --memo_cache_size 160001 --memo_lru_queue_size 160000 --memo_cuckoo_k 4 --memo_key_length 8 --memo_value_length 8 --memo_k_timestamps 3 --memo_d_recent_timestamps 2 --memo_a_items_per_timestamp_factor 0.4375 
calculate_table_size: table_size is 262144, original is 160001
Finished initializing cache
initialize_long_int_cache end
done initializing cache
initializing problem
done initializing problem
commence trials
Starting characteristic_cache_size_binary_search with max cache size 160001
binary search, size 160001  misses 29240
binary search, size 80000  misses 29240  min 0  max 160001
binary search, size 40000  misses 29240  min 0  max 80000
binary search, size 20000  misses 29240  min 0  max 40000
preemptive halt, cache_misses = 29241
preemptive halt, cache_misses = 29241
preemptive halt, cache_misses = 29241
preemptive halt, cache_misses = 29241
preemptive halt, cache_misses = 29241
preemptive halt, cache_misses = 29241
preemptive halt, cache_misses = 29241
preemptive halt, cache_misses = 29241
preemptive halt, cache_misses = 29241
preemptive halt, cache_misses = 29241
preemptive halt, cache_misses = 29241
preemptive halt, cache_misses = 29241
preemptive halt, cache_misses = 29241
preemptive halt, cache_misses = 29241
preemptive halt, cache_misses = 29241
preemptive halt, cache_misses = 29241
preemptive halt, cache_misses = 29241
preemptive halt, cache_misses = 29241
preemptive halt, cache_misses = 29241
preemptive halt, cache_misses = 29241
preemptive halt, cache_misses = 29241
preemptive halt, cache_misses = 29241
preemptive halt, cache_misses = 29241
preemptive halt, cache_misses = 29241
preemptive halt, cache_misses = 29241
preemptive halt, cache_misses = 29241
preemptive halt, cache_misses = 29241
preemptive halt, cache_misses = 29241
preemptive halt, cache_misses = 29241
preemptive halt, cache_misses = 29241
preemptive halt, cache_misses = 29241
preemptive halt, cache_misses = 29241
preemptive halt, cache_misses = 29241
preemptive halt, cache_misses = 29241
preemptive halt, cache_misses = 29241
preemptive halt, cache_misses = 29241
preemptive halt, cache_misses = 29241
preemptive halt, cache_misses = 29241
preemptive halt, cache_misses = 29241
preemptive halt, cache_misses = 29241
preemptive halt, cache_misses = 29241
preemptive halt, cache_misses = 29241
preemptive halt, cache_misses = 29241
preemptive halt, cache_misses = 29241
preemptive halt, cache_misses = 29241
preemptive halt, cache_misses = 29241
preemptive halt, cache_misses = 29241
preemptive halt, cache_misses = 29241
preemptive halt, cache_misses = 29241
preemptive halt, cache_misses = 29241
preemptive halt, cache_misses = 29241
preemptive halt, cache_misses = 29241
preemptive halt, cache_misses = 29241
preemptive halt, cache_misses = 29241
preemptive halt, cache_misses = 29241
preemptive halt, cache_misses = 29241
preemptive halt, cache_misses = 29241
preemptive halt, cache_misses = 29241
preemptive halt, cache_misses = 29241
preemptive halt, cache_misses = 29241
preemptive halt, cache_misses = 29241
preemptive halt, cache_misses = 29241
preemptive halt, cache_misses = 29241
preemptive halt, cache_misses = 29241
preemptive halt, cache_misses = 29241
preemptive halt, cache_misses = 29241
preemptive halt, cache_misses = 29241
preemptive halt, cache_misses = 29241
preemptive halt, cache_misses = 29241
preemptive halt, cache_misses = 29241
preemptive halt, cache_misses = 29241
preemptive halt, cache_misses = 29241
preemptive halt, cache_misses = 29241
preemptive halt, cache_misses = 29241
preemptive halt, cache_misses = 29241
preemptive halt, cache_misses = 29241
preemptive halt, cache_misses = 29241
preemptive halt, cache_misses = 29241
preemptive halt, cache_misses = 29241
preemptive halt, cache_misses = 29241
preemptive halt, cache_misses = 29241
preemptive halt, cache_misses = 29241
preemptive halt, cache_misses = 29241
preemptive halt, cache_misses = 29241
preemptive halt, cache_misses = 29241
preemptive halt, cache_misses = 29241
preemptive halt, cache_misses = 29241
preemptive halt, cache_misses = 29241
preemptive halt, cache_misses = 29241
preemptive halt, cache_misses = 29241
preemptive halt, cache_misses = 29241
preemptive halt, cache_misses = 29241
preemptive halt, cache_misses = 29241
preemptive halt, cache_misses = 29241
preemptive halt, cache_misses = 29241
preemptive halt, cache_misses = 29241
preemptive halt, cache_misses = 29241
preemptive halt, cache_misses = 29241
preemptive halt, cache_misses = 29241
preemptive halt, cache_misses = 29241
preemptive halt, cache_misses = 29241
preemptive halt, cache_misses = 29241
binary search, size 10000  misses 29241  min 0  max 20000
preemptive halt, cache_misses = 29242
preemptive halt, cache_misses = 29242
preemptive halt, cache_misses = 29242
preemptive halt, cache_misses = 29242
preemptive halt, cache_misses = 29242
preemptive halt, cache_misses = 29242
preemptive halt, cache_misses = 29242
preemptive halt, cache_misses = 29242
preemptive halt, cache_misses = 29242
preemptive halt, cache_misses = 29242
preemptive halt, cache_misses = 29242
preemptive halt, cache_misses = 29242
preemptive halt, cache_misses = 29242
preemptive halt, cache_misses = 29242
preemptive halt, cache_misses = 29242
preemptive halt, cache_misses = 29242
preemptive halt, cache_misses = 29242
preemptive halt, cache_misses = 29242
preemptive halt, cache_misses = 29242
preemptive halt, cache_misses = 29242
preemptive halt, cache_misses = 29242
preemptive halt, cache_misses = 29242
preemptive halt, cache_misses = 29242
preemptive halt, cache_misses = 29242
preemptive halt, cache_misses = 29242
preemptive halt, cache_misses = 29242
preemptive halt, cache_misses = 29242
preemptive halt, cache_misses = 29242
preemptive halt, cache_misses = 29242
preemptive halt, cache_misses = 29242
preemptive halt, cache_misses = 29242
preemptive halt, cache_misses = 29242
preemptive halt, cache_misses = 29242
preemptive halt, cache_misses = 29242
preemptive halt, cache_misses = 29242
preemptive halt, cache_misses = 29242
preemptive halt, cache_misses = 29242
preemptive halt, cache_misses = 29242
preemptive halt, cache_misses = 29242
preemptive halt, cache_misses = 29242
preemptive halt, cache_misses = 29242
preemptive halt, cache_misses = 29242
preemptive halt, cache_misses = 29242
preemptive halt, cache_misses = 29242
preemptive halt, cache_misses = 29242
preemptive halt, cache_misses = 29242
preemptive halt, cache_misses = 29242
preemptive halt, cache_misses = 29242
preemptive halt, cache_misses = 29242
preemptive halt, cache_misses = 29242
preemptive halt, cache_misses = 29242
preemptive halt, cache_misses = 29242
preemptive halt, cache_misses = 29242
preemptive halt, cache_misses = 29242
preemptive halt, cache_misses = 29242
preemptive halt, cache_misses = 29242
preemptive halt, cache_misses = 29242
preemptive halt, cache_misses = 29242
preemptive halt, cache_misses = 29242
preemptive halt, cache_misses = 29242
preemptive halt, cache_misses = 29242
preemptive halt, cache_misses = 29242
preemptive halt, cache_misses = 29242
preemptive halt, cache_misses = 29242
preemptive halt, cache_misses = 29242
preemptive halt, cache_misses = 29242
preemptive halt, cache_misses = 29242
preemptive halt, cache_misses = 29242
preemptive halt, cache_misses = 29242
preemptive halt, cache_misses = 29242
preemptive halt, cache_misses = 29242
preemptive halt, cache_misses = 29242
preemptive halt, cache_misses = 29242
preemptive halt, cache_misses = 29242
preemptive halt, cache_misses = 29242
preemptive halt, cache_misses = 29242
preemptive halt, cache_misses = 29242
preemptive halt, cache_misses = 29242
preemptive halt, cache_misses = 29242
preemptive halt, cache_misses = 29242
preemptive halt, cache_misses = 29242
preemptive halt, cache_misses = 29242
preemptive halt, cache_misses = 29242
preemptive halt, cache_misses = 29242
preemptive halt, cache_misses = 29242
preemptive halt, cache_misses = 29242
preemptive halt, cache_misses = 29242
preemptive halt, cache_misses = 29242
preemptive halt, cache_misses = 29242
preemptive halt, cache_misses = 29242
preemptive halt, cache_misses = 29242
preemptive halt, cache_misses = 29242
preemptive halt, cache_misses = 29242
preemptive halt, cache_misses = 29242
preemptive halt, cache_misses = 29242
preemptive halt, cache_misses = 29242
preemptive halt, cache_misses = 29242
preemptive halt, cache_misses = 29242
preemptive halt, cache_misses = 29242
preemptive halt, cache_misses = 29242
preemptive halt, cache_misses = 29242
preemptive halt, cache_misses = 29242
preemptive halt, cache_misses = 29242
preemptive halt, cache_misses = 29242
binary search, size 15000  misses 29242  min 10000  max 20000
preemptive halt, cache_misses = 29243
preemptive halt, cache_misses = 29243
preemptive halt, cache_misses = 29243
preemptive halt, cache_misses = 29243
preemptive halt, cache_misses = 29243
preemptive halt, cache_misses = 29243
preemptive halt, cache_misses = 29243
preemptive halt, cache_misses = 29243
preemptive halt, cache_misses = 29243
preemptive halt, cache_misses = 29243
preemptive halt, cache_misses = 29243
preemptive halt, cache_misses = 29243
preemptive halt, cache_misses = 29243
preemptive halt, cache_misses = 29243
preemptive halt, cache_misses = 29243
preemptive halt, cache_misses = 29243
preemptive halt, cache_misses = 29243
preemptive halt, cache_misses = 29243
preemptive halt, cache_misses = 29243
preemptive halt, cache_misses = 29243
preemptive halt, cache_misses = 29243
preemptive halt, cache_misses = 29243
preemptive halt, cache_misses = 29243
preemptive halt, cache_misses = 29243
preemptive halt, cache_misses = 29243
preemptive halt, cache_misses = 29243
preemptive halt, cache_misses = 29243
preemptive halt, cache_misses = 29243
preemptive halt, cache_misses = 29243
preemptive halt, cache_misses = 29243
preemptive halt, cache_misses = 29243
preemptive halt, cache_misses = 29243
preemptive halt, cache_misses = 29243
preemptive halt, cache_misses = 29243
preemptive halt, cache_misses = 29243
preemptive halt, cache_misses = 29243
preemptive halt, cache_misses = 29243
preemptive halt, cache_misses = 29243
preemptive halt, cache_misses = 29243
preemptive halt, cache_misses = 29243
preemptive halt, cache_misses = 29243
preemptive halt, cache_misses = 29243
preemptive halt, cache_misses = 29243
preemptive halt, cache_misses = 29243
preemptive halt, cache_misses = 29243
preemptive halt, cache_misses = 29243
preemptive halt, cache_misses = 29243
preemptive halt, cache_misses = 29243
preemptive halt, cache_misses = 29243
preemptive halt, cache_misses = 29243
preemptive halt, cache_misses = 29243
preemptive halt, cache_misses = 29243
preemptive halt, cache_misses = 29243
preemptive halt, cache_misses = 29243
preemptive halt, cache_misses = 29243
preemptive halt, cache_misses = 29243
preemptive halt, cache_misses = 29243
preemptive halt, cache_misses = 29243
preemptive halt, cache_misses = 29243
preemptive halt, cache_misses = 29243
preemptive halt, cache_misses = 29243
preemptive halt, cache_misses = 29243
preemptive halt, cache_misses = 29243
preemptive halt, cache_misses = 29243
preemptive halt, cache_misses = 29243
preemptive halt, cache_misses = 29243
preemptive halt, cache_misses = 29243
preemptive halt, cache_misses = 29243
preemptive halt, cache_misses = 29243
preemptive halt, cache_misses = 29243
preemptive halt, cache_misses = 29243
preemptive halt, cache_misses = 29243
preemptive halt, cache_misses = 29243
preemptive halt, cache_misses = 29243
preemptive halt, cache_misses = 29243
preemptive halt, cache_misses = 29243
preemptive halt, cache_misses = 29243
preemptive halt, cache_misses = 29243
preemptive halt, cache_misses = 29243
preemptive halt, cache_misses = 29243
preemptive halt, cache_misses = 29243
preemptive halt, cache_misses = 29243
preemptive halt, cache_misses = 29243
preemptive halt, cache_misses = 29243
preemptive halt, cache_misses = 29243
preemptive halt, cache_misses = 29243
preemptive halt, cache_misses = 29243
preemptive halt, cache_misses = 29243
preemptive halt, cache_misses = 29243
preemptive halt, cache_misses = 29243
preemptive halt, cache_misses = 29243
preemptive halt, cache_misses = 29243
preemptive halt, cache_misses = 29243
preemptive halt, cache_misses = 29243
preemptive halt, cache_misses = 29243
preemptive halt, cache_misses = 29243
preemptive halt, cache_misses = 29243
preemptive halt, cache_misses = 29243
preemptive halt, cache_misses = 29243
preemptive halt, cache_misses = 29243
preemptive halt, cache_misses = 29243
preemptive halt, cache_misses = 29243
preemptive halt, cache_misses = 29243
preemptive halt, cache_misses = 29243
preemptive halt, cache_misses = 29243
preemptive halt, cache_misses = 29243
binary search, size 17500  misses 29243  min 15000  max 20000
preemptive halt, cache_misses = 29244
preemptive halt, cache_misses = 29244
preemptive halt, cache_misses = 29244
preemptive halt, cache_misses = 29244
preemptive halt, cache_misses = 29244
preemptive halt, cache_misses = 29244
preemptive halt, cache_misses = 29244
preemptive halt, cache_misses = 29244
preemptive halt, cache_misses = 29244
preemptive halt, cache_misses = 29244
preemptive halt, cache_misses = 29244
preemptive halt, cache_misses = 29244
preemptive halt, cache_misses = 29244
preemptive halt, cache_misses = 29244
preemptive halt, cache_misses = 29244
preemptive halt, cache_misses = 29244
preemptive halt, cache_misses = 29244
preemptive halt, cache_misses = 29244
preemptive halt, cache_misses = 29244
preemptive halt, cache_misses = 29244
preemptive halt, cache_misses = 29244
preemptive halt, cache_misses = 29244
preemptive halt, cache_misses = 29244
preemptive halt, cache_misses = 29244
preemptive halt, cache_misses = 29244
preemptive halt, cache_misses = 29244
preemptive halt, cache_misses = 29244
preemptive halt, cache_misses = 29244
preemptive halt, cache_misses = 29244
preemptive halt, cache_misses = 29244
preemptive halt, cache_misses = 29244
preemptive halt, cache_misses = 29244
preemptive halt, cache_misses = 29244
preemptive halt, cache_misses = 29244
preemptive halt, cache_misses = 29244
preemptive halt, cache_misses = 29244
preemptive halt, cache_misses = 29244
preemptive halt, cache_misses = 29244
preemptive halt, cache_misses = 29244
preemptive halt, cache_misses = 29244
preemptive halt, cache_misses = 29244
preemptive halt, cache_misses = 29244
preemptive halt, cache_misses = 29244
preemptive halt, cache_misses = 29244
preemptive halt, cache_misses = 29244
preemptive halt, cache_misses = 29244
preemptive halt, cache_misses = 29244
preemptive halt, cache_misses = 29244
preemptive halt, cache_misses = 29244
preemptive halt, cache_misses = 29244
preemptive halt, cache_misses = 29244
preemptive halt, cache_misses = 29244
preemptive halt, cache_misses = 29244
preemptive halt, cache_misses = 29244
preemptive halt, cache_misses = 29244
preemptive halt, cache_misses = 29244
preemptive halt, cache_misses = 29244
preemptive halt, cache_misses = 29244
preemptive halt, cache_misses = 29244
preemptive halt, cache_misses = 29244
preemptive halt, cache_misses = 29244
preemptive halt, cache_misses = 29244
preemptive halt, cache_misses = 29244
preemptive halt, cache_misses = 29244
preemptive halt, cache_misses = 29244
preemptive halt, cache_misses = 29244
preemptive halt, cache_misses = 29244
preemptive halt, cache_misses = 29244
preemptive halt, cache_misses = 29244
preemptive halt, cache_misses = 29244
preemptive halt, cache_misses = 29244
preemptive halt, cache_misses = 29244
preemptive halt, cache_misses = 29244
preemptive halt, cache_misses = 29244
preemptive halt, cache_misses = 29244
preemptive halt, cache_misses = 29244
preemptive halt, cache_misses = 29244
preemptive halt, cache_misses = 29244
preemptive halt, cache_misses = 29244
preemptive halt, cache_misses = 29244
preemptive halt, cache_misses = 29244
preemptive halt, cache_misses = 29244
preemptive halt, cache_misses = 29244
preemptive halt, cache_misses = 29244
preemptive halt, cache_misses = 29244
preemptive halt, cache_misses = 29244
preemptive halt, cache_misses = 29244
preemptive halt, cache_misses = 29244
preemptive halt, cache_misses = 29244
preemptive halt, cache_misses = 29244
preemptive halt, cache_misses = 29244
preemptive halt, cache_misses = 29244
preemptive halt, cache_misses = 29244
preemptive halt, cache_misses = 29244
preemptive halt, cache_misses = 29244
preemptive halt, cache_misses = 29244
preemptive halt, cache_misses = 29244
preemptive halt, cache_misses = 29244
preemptive halt, cache_misses = 29244
preemptive halt, cache_misses = 29244
preemptive halt, cache_misses = 29244
preemptive halt, cache_misses = 29244
preemptive halt, cache_misses = 29244
preemptive halt, cache_misses = 29244
preemptive halt, cache_misses = 29244
preemptive halt, cache_misses = 29244
preemptive halt, cache_misses = 29244
preemptive halt, cache_misses = 29244
binary search, size 18750  misses 29244  min 17500  max 20000
binary search, size 19375  misses 29240  min 18750  max 20000
binary search, size 19062  misses 29240  min 18750  max 19375
preemptive halt, cache_misses = 29241
preemptive halt, cache_misses = 29241
preemptive halt, cache_misses = 29241
preemptive halt, cache_misses = 29241
preemptive halt, cache_misses = 29241
preemptive halt, cache_misses = 29241
preemptive halt, cache_misses = 29241
preemptive halt, cache_misses = 29241
preemptive halt, cache_misses = 29241
preemptive halt, cache_misses = 29241
preemptive halt, cache_misses = 29241
preemptive halt, cache_misses = 29241
preemptive halt, cache_misses = 29241
preemptive halt, cache_misses = 29241
preemptive halt, cache_misses = 29241
preemptive halt, cache_misses = 29241
preemptive halt, cache_misses = 29241
preemptive halt, cache_misses = 29241
preemptive halt, cache_misses = 29241
preemptive halt, cache_misses = 29241
preemptive halt, cache_misses = 29241
preemptive halt, cache_misses = 29241
preemptive halt, cache_misses = 29241
preemptive halt, cache_misses = 29241
preemptive halt, cache_misses = 29241
preemptive halt, cache_misses = 29241
preemptive halt, cache_misses = 29241
preemptive halt, cache_misses = 29241
preemptive halt, cache_misses = 29241
preemptive halt, cache_misses = 29241
preemptive halt, cache_misses = 29241
preemptive halt, cache_misses = 29241
preemptive halt, cache_misses = 29241
preemptive halt, cache_misses = 29241
preemptive halt, cache_misses = 29241
preemptive halt, cache_misses = 29241
preemptive halt, cache_misses = 29241
preemptive halt, cache_misses = 29241
preemptive halt, cache_misses = 29241
preemptive halt, cache_misses = 29241
preemptive halt, cache_misses = 29241
preemptive halt, cache_misses = 29241
preemptive halt, cache_misses = 29241
preemptive halt, cache_misses = 29241
preemptive halt, cache_misses = 29241
preemptive halt, cache_misses = 29241
preemptive halt, cache_misses = 29241
preemptive halt, cache_misses = 29241
preemptive halt, cache_misses = 29241
preemptive halt, cache_misses = 29241
preemptive halt, cache_misses = 29241
preemptive halt, cache_misses = 29241
preemptive halt, cache_misses = 29241
preemptive halt, cache_misses = 29241
preemptive halt, cache_misses = 29241
preemptive halt, cache_misses = 29241
preemptive halt, cache_misses = 29241
preemptive halt, cache_misses = 29241
preemptive halt, cache_misses = 29241
preemptive halt, cache_misses = 29241
preemptive halt, cache_misses = 29241
preemptive halt, cache_misses = 29241
preemptive halt, cache_misses = 29241
preemptive halt, cache_misses = 29241
preemptive halt, cache_misses = 29241
preemptive halt, cache_misses = 29241
preemptive halt, cache_misses = 29241
preemptive halt, cache_misses = 29241
preemptive halt, cache_misses = 29241
preemptive halt, cache_misses = 29241
preemptive halt, cache_misses = 29241
preemptive halt, cache_misses = 29241
preemptive halt, cache_misses = 29241
preemptive halt, cache_misses = 29241
preemptive halt, cache_misses = 29241
preemptive halt, cache_misses = 29241
preemptive halt, cache_misses = 29241
preemptive halt, cache_misses = 29241
preemptive halt, cache_misses = 29241
preemptive halt, cache_misses = 29241
preemptive halt, cache_misses = 29241
preemptive halt, cache_misses = 29241
preemptive halt, cache_misses = 29241
preemptive halt, cache_misses = 29241
preemptive halt, cache_misses = 29241
preemptive halt, cache_misses = 29241
preemptive halt, cache_misses = 29241
preemptive halt, cache_misses = 29241
preemptive halt, cache_misses = 29241
preemptive halt, cache_misses = 29241
preemptive halt, cache_misses = 29241
preemptive halt, cache_misses = 29241
preemptive halt, cache_misses = 29241
preemptive halt, cache_misses = 29241
preemptive halt, cache_misses = 29241
preemptive halt, cache_misses = 29241
preemptive halt, cache_misses = 29241
preemptive halt, cache_misses = 29241
preemptive halt, cache_misses = 29241
preemptive halt, cache_misses = 29241
preemptive halt, cache_misses = 29241
preemptive halt, cache_misses = 29241
binary search, size 18906  misses 29241  min 18750  max 19062
preemptive halt, cache_misses = 29242
preemptive halt, cache_misses = 29242
preemptive halt, cache_misses = 29242
preemptive halt, cache_misses = 29242
preemptive halt, cache_misses = 29242
preemptive halt, cache_misses = 29242
preemptive halt, cache_misses = 29242
preemptive halt, cache_misses = 29242
preemptive halt, cache_misses = 29242
preemptive halt, cache_misses = 29242
preemptive halt, cache_misses = 29242
preemptive halt, cache_misses = 29242
preemptive halt, cache_misses = 29242
preemptive halt, cache_misses = 29242
preemptive halt, cache_misses = 29242
preemptive halt, cache_misses = 29242
preemptive halt, cache_misses = 29242
preemptive halt, cache_misses = 29242
preemptive halt, cache_misses = 29242
preemptive halt, cache_misses = 29242
preemptive halt, cache_misses = 29242
preemptive halt, cache_misses = 29242
preemptive halt, cache_misses = 29242
preemptive halt, cache_misses = 29242
preemptive halt, cache_misses = 29242
preemptive halt, cache_misses = 29242
preemptive halt, cache_misses = 29242
preemptive halt, cache_misses = 29242
preemptive halt, cache_misses = 29242
preemptive halt, cache_misses = 29242
preemptive halt, cache_misses = 29242
preemptive halt, cache_misses = 29242
preemptive halt, cache_misses = 29242
preemptive halt, cache_misses = 29242
preemptive halt, cache_misses = 29242
preemptive halt, cache_misses = 29242
preemptive halt, cache_misses = 29242
preemptive halt, cache_misses = 29242
preemptive halt, cache_misses = 29242
preemptive halt, cache_misses = 29242
preemptive halt, cache_misses = 29242
preemptive halt, cache_misses = 29242
preemptive halt, cache_misses = 29242
preemptive halt, cache_misses = 29242
preemptive halt, cache_misses = 29242
preemptive halt, cache_misses = 29242
preemptive halt, cache_misses = 29242
preemptive halt, cache_misses = 29242
preemptive halt, cache_misses = 29242
preemptive halt, cache_misses = 29242
preemptive halt, cache_misses = 29242
preemptive halt, cache_misses = 29242
preemptive halt, cache_misses = 29242
preemptive halt, cache_misses = 29242
preemptive halt, cache_misses = 29242
preemptive halt, cache_misses = 29242
preemptive halt, cache_misses = 29242
preemptive halt, cache_misses = 29242
preemptive halt, cache_misses = 29242
preemptive halt, cache_misses = 29242
preemptive halt, cache_misses = 29242
preemptive halt, cache_misses = 29242
preemptive halt, cache_misses = 29242
preemptive halt, cache_misses = 29242
preemptive halt, cache_misses = 29242
preemptive halt, cache_misses = 29242
preemptive halt, cache_misses = 29242
preemptive halt, cache_misses = 29242
preemptive halt, cache_misses = 29242
preemptive halt, cache_misses = 29242
preemptive halt, cache_misses = 29242
preemptive halt, cache_misses = 29242
preemptive halt, cache_misses = 29242
preemptive halt, cache_misses = 29242
preemptive halt, cache_misses = 29242
preemptive halt, cache_misses = 29242
preemptive halt, cache_misses = 29242
preemptive halt, cache_misses = 29242
preemptive halt, cache_misses = 29242
preemptive halt, cache_misses = 29242
preemptive halt, cache_misses = 29242
preemptive halt, cache_misses = 29242
preemptive halt, cache_misses = 29242
preemptive halt, cache_misses = 29242
preemptive halt, cache_misses = 29242
preemptive halt, cache_misses = 29242
preemptive halt, cache_misses = 29242
preemptive halt, cache_misses = 29242
preemptive halt, cache_misses = 29242
preemptive halt, cache_misses = 29242
preemptive halt, cache_misses = 29242
preemptive halt, cache_misses = 29242
preemptive halt, cache_misses = 29242
preemptive halt, cache_misses = 29242
preemptive halt, cache_misses = 29242
preemptive halt, cache_misses = 29242
preemptive halt, cache_misses = 29242
preemptive halt, cache_misses = 29242
preemptive halt, cache_misses = 29242
preemptive halt, cache_misses = 29242
preemptive halt, cache_misses = 29242
preemptive halt, cache_misses = 29242
preemptive halt, cache_misses = 29242
preemptive halt, cache_misses = 29242
binary search, size 18984  misses 29242  min 18906  max 19062
preemptive halt, cache_misses = 29243
preemptive halt, cache_misses = 29243
preemptive halt, cache_misses = 29243
preemptive halt, cache_misses = 29243
preemptive halt, cache_misses = 29243
preemptive halt, cache_misses = 29243
preemptive halt, cache_misses = 29243
preemptive halt, cache_misses = 29243
preemptive halt, cache_misses = 29243
preemptive halt, cache_misses = 29243
preemptive halt, cache_misses = 29243
preemptive halt, cache_misses = 29243
preemptive halt, cache_misses = 29243
preemptive halt, cache_misses = 29243
preemptive halt, cache_misses = 29243
preemptive halt, cache_misses = 29243
preemptive halt, cache_misses = 29243
preemptive halt, cache_misses = 29243
preemptive halt, cache_misses = 29243
preemptive halt, cache_misses = 29243
preemptive halt, cache_misses = 29243
preemptive halt, cache_misses = 29243
preemptive halt, cache_misses = 29243
preemptive halt, cache_misses = 29243
preemptive halt, cache_misses = 29243
preemptive halt, cache_misses = 29243
preemptive halt, cache_misses = 29243
preemptive halt, cache_misses = 29243
preemptive halt, cache_misses = 29243
preemptive halt, cache_misses = 29243
preemptive halt, cache_misses = 29243
preemptive halt, cache_misses = 29243
preemptive halt, cache_misses = 29243
preemptive halt, cache_misses = 29243
preemptive halt, cache_misses = 29243
preemptive halt, cache_misses = 29243
preemptive halt, cache_misses = 29243
preemptive halt, cache_misses = 29243
preemptive halt, cache_misses = 29243
preemptive halt, cache_misses = 29243
preemptive halt, cache_misses = 29243
preemptive halt, cache_misses = 29243
preemptive halt, cache_misses = 29243
preemptive halt, cache_misses = 29243
preemptive halt, cache_misses = 29243
preemptive halt, cache_misses = 29243
preemptive halt, cache_misses = 29243
preemptive halt, cache_misses = 29243
preemptive halt, cache_misses = 29243
preemptive halt, cache_misses = 29243
preemptive halt, cache_misses = 29243
preemptive halt, cache_misses = 29243
preemptive halt, cache_misses = 29243
preemptive halt, cache_misses = 29243
preemptive halt, cache_misses = 29243
preemptive halt, cache_misses = 29243
preemptive halt, cache_misses = 29243
preemptive halt, cache_misses = 29243
preemptive halt, cache_misses = 29243
preemptive halt, cache_misses = 29243
preemptive halt, cache_misses = 29243
preemptive halt, cache_misses = 29243
preemptive halt, cache_misses = 29243
preemptive halt, cache_misses = 29243
preemptive halt, cache_misses = 29243
preemptive halt, cache_misses = 29243
preemptive halt, cache_misses = 29243
preemptive halt, cache_misses = 29243
preemptive halt, cache_misses = 29243
preemptive halt, cache_misses = 29243
preemptive halt, cache_misses = 29243
preemptive halt, cache_misses = 29243
preemptive halt, cache_misses = 29243
preemptive halt, cache_misses = 29243
preemptive halt, cache_misses = 29243
preemptive halt, cache_misses = 29243
preemptive halt, cache_misses = 29243
preemptive halt, cache_misses = 29243
preemptive halt, cache_misses = 29243
preemptive halt, cache_misses = 29243
preemptive halt, cache_misses = 29243
preemptive halt, cache_misses = 29243
preemptive halt, cache_misses = 29243
preemptive halt, cache_misses = 29243
preemptive halt, cache_misses = 29243
preemptive halt, cache_misses = 29243
preemptive halt, cache_misses = 29243
preemptive halt, cache_misses = 29243
preemptive halt, cache_misses = 29243
preemptive halt, cache_misses = 29243
preemptive halt, cache_misses = 29243
preemptive halt, cache_misses = 29243
preemptive halt, cache_misses = 29243
preemptive halt, cache_misses = 29243
preemptive halt, cache_misses = 29243
preemptive halt, cache_misses = 29243
preemptive halt, cache_misses = 29243
preemptive halt, cache_misses = 29243
preemptive halt, cache_misses = 29243
preemptive halt, cache_misses = 29243
preemptive halt, cache_misses = 29243
preemptive halt, cache_misses = 29243
preemptive halt, cache_misses = 29243
preemptive halt, cache_misses = 29243
preemptive halt, cache_misses = 29243
preemptive halt, cache_misses = 29243
binary search, size 19023  misses 29243  min 18984  max 19062
binary search, size 19042  misses 29240  min 19023  max 19062
binary search, size 19032  misses 29240  min 19023  max 19042
preemptive halt, cache_misses = 29241
preemptive halt, cache_misses = 29241
preemptive halt, cache_misses = 29241
preemptive halt, cache_misses = 29241
preemptive halt, cache_misses = 29241
preemptive halt, cache_misses = 29241
preemptive halt, cache_misses = 29241
preemptive halt, cache_misses = 29241
preemptive halt, cache_misses = 29241
preemptive halt, cache_misses = 29241
preemptive halt, cache_misses = 29241
preemptive halt, cache_misses = 29241
preemptive halt, cache_misses = 29241
preemptive halt, cache_misses = 29241
preemptive halt, cache_misses = 29241
preemptive halt, cache_misses = 29241
preemptive halt, cache_misses = 29241
preemptive halt, cache_misses = 29241
preemptive halt, cache_misses = 29241
preemptive halt, cache_misses = 29241
preemptive halt, cache_misses = 29241
preemptive halt, cache_misses = 29241
preemptive halt, cache_misses = 29241
preemptive halt, cache_misses = 29241
preemptive halt, cache_misses = 29241
preemptive halt, cache_misses = 29241
preemptive halt, cache_misses = 29241
preemptive halt, cache_misses = 29241
preemptive halt, cache_misses = 29241
preemptive halt, cache_misses = 29241
preemptive halt, cache_misses = 29241
preemptive halt, cache_misses = 29241
preemptive halt, cache_misses = 29241
preemptive halt, cache_misses = 29241
preemptive halt, cache_misses = 29241
preemptive halt, cache_misses = 29241
preemptive halt, cache_misses = 29241
preemptive halt, cache_misses = 29241
preemptive halt, cache_misses = 29241
preemptive halt, cache_misses = 29241
preemptive halt, cache_misses = 29241
preemptive halt, cache_misses = 29241
preemptive halt, cache_misses = 29241
preemptive halt, cache_misses = 29241
preemptive halt, cache_misses = 29241
preemptive halt, cache_misses = 29241
preemptive halt, cache_misses = 29241
preemptive halt, cache_misses = 29241
preemptive halt, cache_misses = 29241
preemptive halt, cache_misses = 29241
preemptive halt, cache_misses = 29241
preemptive halt, cache_misses = 29241
preemptive halt, cache_misses = 29241
preemptive halt, cache_misses = 29241
preemptive halt, cache_misses = 29241
preemptive halt, cache_misses = 29241
preemptive halt, cache_misses = 29241
preemptive halt, cache_misses = 29241
preemptive halt, cache_misses = 29241
preemptive halt, cache_misses = 29241
preemptive halt, cache_misses = 29241
preemptive halt, cache_misses = 29241
preemptive halt, cache_misses = 29241
preemptive halt, cache_misses = 29241
preemptive halt, cache_misses = 29241
preemptive halt, cache_misses = 29241
preemptive halt, cache_misses = 29241
preemptive halt, cache_misses = 29241
preemptive halt, cache_misses = 29241
preemptive halt, cache_misses = 29241
preemptive halt, cache_misses = 29241
preemptive halt, cache_misses = 29241
preemptive halt, cache_misses = 29241
preemptive halt, cache_misses = 29241
preemptive halt, cache_misses = 29241
preemptive halt, cache_misses = 29241
preemptive halt, cache_misses = 29241
preemptive halt, cache_misses = 29241
preemptive halt, cache_misses = 29241
preemptive halt, cache_misses = 29241
preemptive halt, cache_misses = 29241
preemptive halt, cache_misses = 29241
preemptive halt, cache_misses = 29241
preemptive halt, cache_misses = 29241
preemptive halt, cache_misses = 29241
preemptive halt, cache_misses = 29241
preemptive halt, cache_misses = 29241
preemptive halt, cache_misses = 29241
preemptive halt, cache_misses = 29241
preemptive halt, cache_misses = 29241
preemptive halt, cache_misses = 29241
preemptive halt, cache_misses = 29241
preemptive halt, cache_misses = 29241
preemptive halt, cache_misses = 29241
preemptive halt, cache_misses = 29241
preemptive halt, cache_misses = 29241
preemptive halt, cache_misses = 29241
preemptive halt, cache_misses = 29241
preemptive halt, cache_misses = 29241
preemptive halt, cache_misses = 29241
preemptive halt, cache_misses = 29241
preemptive halt, cache_misses = 29241
binary search, size 19027  misses 29241  min 19023  max 19032
preemptive halt, cache_misses = 29242
preemptive halt, cache_misses = 29242
preemptive halt, cache_misses = 29242
preemptive halt, cache_misses = 29242
preemptive halt, cache_misses = 29242
preemptive halt, cache_misses = 29242
preemptive halt, cache_misses = 29242
preemptive halt, cache_misses = 29242
preemptive halt, cache_misses = 29242
preemptive halt, cache_misses = 29242
preemptive halt, cache_misses = 29242
preemptive halt, cache_misses = 29242
preemptive halt, cache_misses = 29242
preemptive halt, cache_misses = 29242
preemptive halt, cache_misses = 29242
preemptive halt, cache_misses = 29242
preemptive halt, cache_misses = 29242
preemptive halt, cache_misses = 29242
preemptive halt, cache_misses = 29242
preemptive halt, cache_misses = 29242
preemptive halt, cache_misses = 29242
preemptive halt, cache_misses = 29242
preemptive halt, cache_misses = 29242
preemptive halt, cache_misses = 29242
preemptive halt, cache_misses = 29242
preemptive halt, cache_misses = 29242
preemptive halt, cache_misses = 29242
preemptive halt, cache_misses = 29242
preemptive halt, cache_misses = 29242
preemptive halt, cache_misses = 29242
preemptive halt, cache_misses = 29242
preemptive halt, cache_misses = 29242
preemptive halt, cache_misses = 29242
preemptive halt, cache_misses = 29242
preemptive halt, cache_misses = 29242
preemptive halt, cache_misses = 29242
preemptive halt, cache_misses = 29242
preemptive halt, cache_misses = 29242
preemptive halt, cache_misses = 29242
preemptive halt, cache_misses = 29242
preemptive halt, cache_misses = 29242
preemptive halt, cache_misses = 29242
preemptive halt, cache_misses = 29242
preemptive halt, cache_misses = 29242
preemptive halt, cache_misses = 29242
preemptive halt, cache_misses = 29242
preemptive halt, cache_misses = 29242
preemptive halt, cache_misses = 29242
preemptive halt, cache_misses = 29242
preemptive halt, cache_misses = 29242
preemptive halt, cache_misses = 29242
preemptive halt, cache_misses = 29242
preemptive halt, cache_misses = 29242
preemptive halt, cache_misses = 29242
preemptive halt, cache_misses = 29242
preemptive halt, cache_misses = 29242
preemptive halt, cache_misses = 29242
preemptive halt, cache_misses = 29242
preemptive halt, cache_misses = 29242
preemptive halt, cache_misses = 29242
preemptive halt, cache_misses = 29242
preemptive halt, cache_misses = 29242
preemptive halt, cache_misses = 29242
preemptive halt, cache_misses = 29242
preemptive halt, cache_misses = 29242
preemptive halt, cache_misses = 29242
preemptive halt, cache_misses = 29242
preemptive halt, cache_misses = 29242
preemptive halt, cache_misses = 29242
preemptive halt, cache_misses = 29242
preemptive halt, cache_misses = 29242
preemptive halt, cache_misses = 29242
preemptive halt, cache_misses = 29242
preemptive halt, cache_misses = 29242
preemptive halt, cache_misses = 29242
preemptive halt, cache_misses = 29242
preemptive halt, cache_misses = 29242
preemptive halt, cache_misses = 29242
preemptive halt, cache_misses = 29242
preemptive halt, cache_misses = 29242
preemptive halt, cache_misses = 29242
preemptive halt, cache_misses = 29242
preemptive halt, cache_misses = 29242
preemptive halt, cache_misses = 29242
preemptive halt, cache_misses = 29242
preemptive halt, cache_misses = 29242
preemptive halt, cache_misses = 29242
preemptive halt, cache_misses = 29242
preemptive halt, cache_misses = 29242
preemptive halt, cache_misses = 29242
preemptive halt, cache_misses = 29242
preemptive halt, cache_misses = 29242
preemptive halt, cache_misses = 29242
preemptive halt, cache_misses = 29242
preemptive halt, cache_misses = 29242
preemptive halt, cache_misses = 29242
preemptive halt, cache_misses = 29242
preemptive halt, cache_misses = 29242
preemptive halt, cache_misses = 29242
preemptive halt, cache_misses = 29242
preemptive halt, cache_misses = 29242
preemptive halt, cache_misses = 29242
preemptive halt, cache_misses = 29242
preemptive halt, cache_misses = 29242
binary search, size 19029  misses 29242  min 19027  max 19032
preemptive halt, cache_misses = 29243
preemptive halt, cache_misses = 29243
preemptive halt, cache_misses = 29243
preemptive halt, cache_misses = 29243
preemptive halt, cache_misses = 29243
preemptive halt, cache_misses = 29243
preemptive halt, cache_misses = 29243
preemptive halt, cache_misses = 29243
preemptive halt, cache_misses = 29243
preemptive halt, cache_misses = 29243
preemptive halt, cache_misses = 29243
preemptive halt, cache_misses = 29243
preemptive halt, cache_misses = 29243
preemptive halt, cache_misses = 29243
preemptive halt, cache_misses = 29243
preemptive halt, cache_misses = 29243
preemptive halt, cache_misses = 29243
preemptive halt, cache_misses = 29243
preemptive halt, cache_misses = 29243
preemptive halt, cache_misses = 29243
preemptive halt, cache_misses = 29243
preemptive halt, cache_misses = 29243
preemptive halt, cache_misses = 29243
preemptive halt, cache_misses = 29243
preemptive halt, cache_misses = 29243
preemptive halt, cache_misses = 29243
preemptive halt, cache_misses = 29243
preemptive halt, cache_misses = 29243
preemptive halt, cache_misses = 29243
preemptive halt, cache_misses = 29243
preemptive halt, cache_misses = 29243
preemptive halt, cache_misses = 29243
preemptive halt, cache_misses = 29243
preemptive halt, cache_misses = 29243
preemptive halt, cache_misses = 29243
preemptive halt, cache_misses = 29243
preemptive halt, cache_misses = 29243
preemptive halt, cache_misses = 29243
preemptive halt, cache_misses = 29243
preemptive halt, cache_misses = 29243
preemptive halt, cache_misses = 29243
preemptive halt, cache_misses = 29243
preemptive halt, cache_misses = 29243
preemptive halt, cache_misses = 29243
preemptive halt, cache_misses = 29243
preemptive halt, cache_misses = 29243
preemptive halt, cache_misses = 29243
preemptive halt, cache_misses = 29243
preemptive halt, cache_misses = 29243
preemptive halt, cache_misses = 29243
preemptive halt, cache_misses = 29243
preemptive halt, cache_misses = 29243
preemptive halt, cache_misses = 29243
preemptive halt, cache_misses = 29243
preemptive halt, cache_misses = 29243
preemptive halt, cache_misses = 29243
preemptive halt, cache_misses = 29243
preemptive halt, cache_misses = 29243
preemptive halt, cache_misses = 29243
preemptive halt, cache_misses = 29243
preemptive halt, cache_misses = 29243
preemptive halt, cache_misses = 29243
preemptive halt, cache_misses = 29243
preemptive halt, cache_misses = 29243
preemptive halt, cache_misses = 29243
preemptive halt, cache_misses = 29243
preemptive halt, cache_misses = 29243
preemptive halt, cache_misses = 29243
preemptive halt, cache_misses = 29243
preemptive halt, cache_misses = 29243
preemptive halt, cache_misses = 29243
preemptive halt, cache_misses = 29243
preemptive halt, cache_misses = 29243
preemptive halt, cache_misses = 29243
preemptive halt, cache_misses = 29243
preemptive halt, cache_misses = 29243
preemptive halt, cache_misses = 29243
preemptive halt, cache_misses = 29243
preemptive halt, cache_misses = 29243
preemptive halt, cache_misses = 29243
preemptive halt, cache_misses = 29243
preemptive halt, cache_misses = 29243
preemptive halt, cache_misses = 29243
preemptive halt, cache_misses = 29243
preemptive halt, cache_misses = 29243
preemptive halt, cache_misses = 29243
preemptive halt, cache_misses = 29243
preemptive halt, cache_misses = 29243
preemptive halt, cache_misses = 29243
preemptive halt, cache_misses = 29243
preemptive halt, cache_misses = 29243
preemptive halt, cache_misses = 29243
preemptive halt, cache_misses = 29243
preemptive halt, cache_misses = 29243
preemptive halt, cache_misses = 29243
preemptive halt, cache_misses = 29243
preemptive halt, cache_misses = 29243
preemptive halt, cache_misses = 29243
preemptive halt, cache_misses = 29243
preemptive halt, cache_misses = 29243
preemptive halt, cache_misses = 29243
preemptive halt, cache_misses = 29243
preemptive halt, cache_misses = 29243
preemptive halt, cache_misses = 29243
preemptive halt, cache_misses = 29243
preemptive halt, cache_misses = 29243
binary search, size 19030  misses 29243  min 19029  max 19032
binary search, size 19031  misses 29240  min 19030  max 19032
characteristic cache size (binary search) for 170 = 19031
End at: 2021-04-02 02:16:50.994939
Time elapsed: 0:00:00.605434
