Begin at: 2021-04-02 02:16:59.189868
['../dist/Debug/GNU-Linux/memo_batch_tester', '', '--mbt_execution_trace_fname', 'olcs4_traceback_csize_input_types/OLCS4_lru_2021_04_02__02_16_05_k_3__d_2_cache_size_160000_problems_10_to_400/OLCS4_lru_2021_04_02__02_16_05_k_3__d_2_cache_size_160000_problems_10_to_400/OLCS4__do_traceback_prob_size_184_cache_size_160000_lru_k_3_d_2_execution_trace_2021_4_2_2_16_59_pid_10931.log', '--mbt_cache_misses_fname', 'olcs4_traceback_csize_input_types/OLCS4_lru_2021_04_02__02_16_05_k_3__d_2_cache_size_160000_problems_10_to_400/lcs_cost_OLCS4_lru_misses_for_cache_size.csv', '--mbt_misses_for_problem_size_fname', 'olcs4_traceback_csize_input_types/OLCS4_lru_2021_04_02__02_16_05_k_3__d_2_cache_size_160000_problems_10_to_400/lcs_cost_OLCS4_lru_misses_for_problem_size.csv', '--mbt_exact_cutoff_min_cache_size', '160000', '--mbt_exact_cutoff_max_cache_size', '160000', '--mbt_problem_type', 'lcs', '--mbt_metric_type', 'csize_binary_search', '--mbt_cutoff_ratio', '2.2', '--mbt_instance_fname', '184', '--mbt_detailed_cache_misses_out_fname', 'csize_olcs4_traceback_0011nc_nc1100_0_8.csv', '--mbt_phi_N', '5.0', '--mbt_problem_size', '184', '--lcs_compute_length', '0', '--lcs_perform_traceback', '1', '--lig_instance_type', '0011nc_nc1100', '--lig_n', '184', '--lig_c', '0.8', '--lig_b', '3.0', '--lcs_oblivious', '4', '--lcs_execution_trace_fname', 'olcs4_traceback_csize_input_types/OLCS4_lru_2021_04_02__02_16_05_k_3__d_2_cache_size_160000_problems_10_to_400/OLCS4_lru_2021_04_02__02_16_05_k_3__d_2_cache_size_160000_problems_10_to_400/OLCS4__do_traceback_prob_size_184_cache_size_160000_lru_k_3_d_2_execution_trace_2021_4_2_2_16_59_pid_10931.log', '--memo_caching_strategy', 'lru', '--memo_cache_size', '160001', '--memo_lru_queue_size', '160000', '--memo_cuckoo_k', '4', '--memo_key_length', '8', '--memo_value_length', '8', '--memo_k_timestamps', '3', '--memo_d_recent_timestamps', '2', '--memo_a_items_per_timestamp_factor', '0.4375']

csize_binary_search chosen
lcs problem_type lcs cache_size 160001
initialize_long_int_cache begin
init_memo
arguments to memo:
 --mbt_execution_trace_fname olcs4_traceback_csize_input_types/OLCS4_lru_2021_04_02__02_16_05_k_3__d_2_cache_size_160000_problems_10_to_400/OLCS4_lru_2021_04_02__02_16_05_k_3__d_2_cache_size_160000_problems_10_to_400/OLCS4__do_traceback_prob_size_184_cache_size_160000_lru_k_3_d_2_execution_trace_2021_4_2_2_16_59_pid_10931.log --mbt_cache_misses_fname olcs4_traceback_csize_input_types/OLCS4_lru_2021_04_02__02_16_05_k_3__d_2_cache_size_160000_problems_10_to_400/lcs_cost_OLCS4_lru_misses_for_cache_size.csv --mbt_misses_for_problem_size_fname olcs4_traceback_csize_input_types/OLCS4_lru_2021_04_02__02_16_05_k_3__d_2_cache_size_160000_problems_10_to_400/lcs_cost_OLCS4_lru_misses_for_problem_size.csv --mbt_exact_cutoff_min_cache_size 160000 --mbt_exact_cutoff_max_cache_size 160000 --mbt_problem_type lcs --mbt_metric_type csize_binary_search --mbt_cutoff_ratio 2.2 --mbt_instance_fname 184 --mbt_detailed_cache_misses_out_fname csize_olcs4_traceback_0011nc_nc1100_0_8.csv --mbt_phi_N 5.0 --mbt_problem_size 184 --lcs_compute_length 0 --lcs_perform_traceback 1 --lig_instance_type 0011nc_nc1100 --lig_n 184 --lig_c 0.8 --lig_b 3.0 --lcs_oblivious 4 --lcs_execution_trace_fname olcs4_traceback_csize_input_types/OLCS4_lru_2021_04_02__02_16_05_k_3__d_2_cache_size_160000_problems_10_to_400/OLCS4_lru_2021_04_02__02_16_05_k_3__d_2_cache_size_160000_problems_10_to_400/OLCS4__do_traceback_prob_size_184_cache_size_160000_lru_k_3_d_2_execution_trace_2021_4_2_2_16_59_pid_10931.log --memo_caching_strategy lru --memo_cache_size 160001 --memo_lru_queue_size 160000 --memo_cuckoo_k 4 --memo_key_length 8 --memo_value_length 8 --memo_k_timestamps 3 --memo_d_recent_timestamps 2 --memo_a_items_per_timestamp_factor 0.4375 
calculate_table_size: table_size is 262144, original is 160001
Finished initializing cache
initialize_long_int_cache end
done initializing cache
initializing problem
done initializing problem
commence trials
Starting characteristic_cache_size_binary_search with max cache size 160001
binary search, size 160001  misses 34224
binary search, size 80000  misses 34224  min 0  max 160001
binary search, size 40000  misses 34224  min 0  max 80000
preemptive halt, cache_misses = 34225
preemptive halt, cache_misses = 34225
preemptive halt, cache_misses = 34225
preemptive halt, cache_misses = 34225
preemptive halt, cache_misses = 34225
preemptive halt, cache_misses = 34225
preemptive halt, cache_misses = 34225
preemptive halt, cache_misses = 34225
preemptive halt, cache_misses = 34225
preemptive halt, cache_misses = 34225
preemptive halt, cache_misses = 34225
preemptive halt, cache_misses = 34225
preemptive halt, cache_misses = 34225
preemptive halt, cache_misses = 34225
preemptive halt, cache_misses = 34225
preemptive halt, cache_misses = 34225
preemptive halt, cache_misses = 34225
preemptive halt, cache_misses = 34225
preemptive halt, cache_misses = 34225
preemptive halt, cache_misses = 34225
preemptive halt, cache_misses = 34225
preemptive halt, cache_misses = 34225
preemptive halt, cache_misses = 34225
preemptive halt, cache_misses = 34225
preemptive halt, cache_misses = 34225
preemptive halt, cache_misses = 34225
preemptive halt, cache_misses = 34225
preemptive halt, cache_misses = 34225
preemptive halt, cache_misses = 34225
preemptive halt, cache_misses = 34225
preemptive halt, cache_misses = 34225
preemptive halt, cache_misses = 34225
preemptive halt, cache_misses = 34225
preemptive halt, cache_misses = 34225
preemptive halt, cache_misses = 34225
preemptive halt, cache_misses = 34225
preemptive halt, cache_misses = 34225
preemptive halt, cache_misses = 34225
preemptive halt, cache_misses = 34225
preemptive halt, cache_misses = 34225
preemptive halt, cache_misses = 34225
preemptive halt, cache_misses = 34225
preemptive halt, cache_misses = 34225
preemptive halt, cache_misses = 34225
preemptive halt, cache_misses = 34225
preemptive halt, cache_misses = 34225
preemptive halt, cache_misses = 34225
preemptive halt, cache_misses = 34225
preemptive halt, cache_misses = 34225
preemptive halt, cache_misses = 34225
preemptive halt, cache_misses = 34225
preemptive halt, cache_misses = 34225
preemptive halt, cache_misses = 34225
preemptive halt, cache_misses = 34225
preemptive halt, cache_misses = 34225
preemptive halt, cache_misses = 34225
preemptive halt, cache_misses = 34225
preemptive halt, cache_misses = 34225
preemptive halt, cache_misses = 34225
preemptive halt, cache_misses = 34225
preemptive halt, cache_misses = 34225
preemptive halt, cache_misses = 34225
preemptive halt, cache_misses = 34225
preemptive halt, cache_misses = 34225
preemptive halt, cache_misses = 34225
preemptive halt, cache_misses = 34225
preemptive halt, cache_misses = 34225
preemptive halt, cache_misses = 34225
preemptive halt, cache_misses = 34225
preemptive halt, cache_misses = 34225
preemptive halt, cache_misses = 34225
preemptive halt, cache_misses = 34225
preemptive halt, cache_misses = 34225
preemptive halt, cache_misses = 34225
preemptive halt, cache_misses = 34225
preemptive halt, cache_misses = 34225
preemptive halt, cache_misses = 34225
preemptive halt, cache_misses = 34225
preemptive halt, cache_misses = 34225
preemptive halt, cache_misses = 34225
preemptive halt, cache_misses = 34225
preemptive halt, cache_misses = 34225
preemptive halt, cache_misses = 34225
preemptive halt, cache_misses = 34225
preemptive halt, cache_misses = 34225
preemptive halt, cache_misses = 34225
preemptive halt, cache_misses = 34225
preemptive halt, cache_misses = 34225
preemptive halt, cache_misses = 34225
preemptive halt, cache_misses = 34225
preemptive halt, cache_misses = 34225
preemptive halt, cache_misses = 34225
preemptive halt, cache_misses = 34225
preemptive halt, cache_misses = 34225
preemptive halt, cache_misses = 34225
preemptive halt, cache_misses = 34225
preemptive halt, cache_misses = 34225
preemptive halt, cache_misses = 34225
preemptive halt, cache_misses = 34225
preemptive halt, cache_misses = 34225
preemptive halt, cache_misses = 34225
preemptive halt, cache_misses = 34225
preemptive halt, cache_misses = 34225
preemptive halt, cache_misses = 34225
preemptive halt, cache_misses = 34225
preemptive halt, cache_misses = 34225
preemptive halt, cache_misses = 34225
preemptive halt, cache_misses = 34225
preemptive halt, cache_misses = 34225
preemptive halt, cache_misses = 34225
preemptive halt, cache_misses = 34225
preemptive halt, cache_misses = 34225
preemptive halt, cache_misses = 34225
preemptive halt, cache_misses = 34225
binary search, size 20000  misses 34225  min 0  max 40000
binary search, size 30000  misses 34224  min 20000  max 40000
binary search, size 25000  misses 34224  min 20000  max 30000
binary search, size 22500  misses 34224  min 20000  max 25000
preemptive halt, cache_misses = 34225
preemptive halt, cache_misses = 34225
preemptive halt, cache_misses = 34225
preemptive halt, cache_misses = 34225
preemptive halt, cache_misses = 34225
preemptive halt, cache_misses = 34225
preemptive halt, cache_misses = 34225
preemptive halt, cache_misses = 34225
preemptive halt, cache_misses = 34225
preemptive halt, cache_misses = 34225
preemptive halt, cache_misses = 34225
preemptive halt, cache_misses = 34225
preemptive halt, cache_misses = 34225
preemptive halt, cache_misses = 34225
preemptive halt, cache_misses = 34225
preemptive halt, cache_misses = 34225
preemptive halt, cache_misses = 34225
preemptive halt, cache_misses = 34225
preemptive halt, cache_misses = 34225
preemptive halt, cache_misses = 34225
preemptive halt, cache_misses = 34225
preemptive halt, cache_misses = 34225
preemptive halt, cache_misses = 34225
preemptive halt, cache_misses = 34225
preemptive halt, cache_misses = 34225
preemptive halt, cache_misses = 34225
preemptive halt, cache_misses = 34225
preemptive halt, cache_misses = 34225
preemptive halt, cache_misses = 34225
preemptive halt, cache_misses = 34225
preemptive halt, cache_misses = 34225
preemptive halt, cache_misses = 34225
preemptive halt, cache_misses = 34225
preemptive halt, cache_misses = 34225
preemptive halt, cache_misses = 34225
preemptive halt, cache_misses = 34225
preemptive halt, cache_misses = 34225
preemptive halt, cache_misses = 34225
preemptive halt, cache_misses = 34225
preemptive halt, cache_misses = 34225
preemptive halt, cache_misses = 34225
preemptive halt, cache_misses = 34225
preemptive halt, cache_misses = 34225
preemptive halt, cache_misses = 34225
preemptive halt, cache_misses = 34225
preemptive halt, cache_misses = 34225
preemptive halt, cache_misses = 34225
preemptive halt, cache_misses = 34225
preemptive halt, cache_misses = 34225
preemptive halt, cache_misses = 34225
preemptive halt, cache_misses = 34225
preemptive halt, cache_misses = 34225
preemptive halt, cache_misses = 34225
preemptive halt, cache_misses = 34225
preemptive halt, cache_misses = 34225
preemptive halt, cache_misses = 34225
preemptive halt, cache_misses = 34225
preemptive halt, cache_misses = 34225
preemptive halt, cache_misses = 34225
preemptive halt, cache_misses = 34225
preemptive halt, cache_misses = 34225
preemptive halt, cache_misses = 34225
preemptive halt, cache_misses = 34225
preemptive halt, cache_misses = 34225
preemptive halt, cache_misses = 34225
preemptive halt, cache_misses = 34225
preemptive halt, cache_misses = 34225
preemptive halt, cache_misses = 34225
preemptive halt, cache_misses = 34225
preemptive halt, cache_misses = 34225
preemptive halt, cache_misses = 34225
preemptive halt, cache_misses = 34225
preemptive halt, cache_misses = 34225
preemptive halt, cache_misses = 34225
preemptive halt, cache_misses = 34225
preemptive halt, cache_misses = 34225
preemptive halt, cache_misses = 34225
preemptive halt, cache_misses = 34225
preemptive halt, cache_misses = 34225
preemptive halt, cache_misses = 34225
preemptive halt, cache_misses = 34225
preemptive halt, cache_misses = 34225
preemptive halt, cache_misses = 34225
preemptive halt, cache_misses = 34225
preemptive halt, cache_misses = 34225
preemptive halt, cache_misses = 34225
preemptive halt, cache_misses = 34225
preemptive halt, cache_misses = 34225
preemptive halt, cache_misses = 34225
preemptive halt, cache_misses = 34225
preemptive halt, cache_misses = 34225
preemptive halt, cache_misses = 34225
preemptive halt, cache_misses = 34225
preemptive halt, cache_misses = 34225
preemptive halt, cache_misses = 34225
preemptive halt, cache_misses = 34225
preemptive halt, cache_misses = 34225
preemptive halt, cache_misses = 34225
preemptive halt, cache_misses = 34225
preemptive halt, cache_misses = 34225
preemptive halt, cache_misses = 34225
preemptive halt, cache_misses = 34225
preemptive halt, cache_misses = 34225
preemptive halt, cache_misses = 34225
preemptive halt, cache_misses = 34225
preemptive halt, cache_misses = 34225
preemptive halt, cache_misses = 34225
preemptive halt, cache_misses = 34225
preemptive halt, cache_misses = 34225
preemptive halt, cache_misses = 34225
preemptive halt, cache_misses = 34225
preemptive halt, cache_misses = 34225
preemptive halt, cache_misses = 34225
preemptive halt, cache_misses = 34225
binary search, size 21250  misses 34225  min 20000  max 22500
preemptive halt, cache_misses = 34226
preemptive halt, cache_misses = 34226
preemptive halt, cache_misses = 34226
preemptive halt, cache_misses = 34226
preemptive halt, cache_misses = 34226
preemptive halt, cache_misses = 34226
preemptive halt, cache_misses = 34226
preemptive halt, cache_misses = 34226
preemptive halt, cache_misses = 34226
preemptive halt, cache_misses = 34226
preemptive halt, cache_misses = 34226
preemptive halt, cache_misses = 34226
preemptive halt, cache_misses = 34226
preemptive halt, cache_misses = 34226
preemptive halt, cache_misses = 34226
preemptive halt, cache_misses = 34226
preemptive halt, cache_misses = 34226
preemptive halt, cache_misses = 34226
preemptive halt, cache_misses = 34226
preemptive halt, cache_misses = 34226
preemptive halt, cache_misses = 34226
preemptive halt, cache_misses = 34226
preemptive halt, cache_misses = 34226
preemptive halt, cache_misses = 34226
preemptive halt, cache_misses = 34226
preemptive halt, cache_misses = 34226
preemptive halt, cache_misses = 34226
preemptive halt, cache_misses = 34226
preemptive halt, cache_misses = 34226
preemptive halt, cache_misses = 34226
preemptive halt, cache_misses = 34226
preemptive halt, cache_misses = 34226
preemptive halt, cache_misses = 34226
preemptive halt, cache_misses = 34226
preemptive halt, cache_misses = 34226
preemptive halt, cache_misses = 34226
preemptive halt, cache_misses = 34226
preemptive halt, cache_misses = 34226
preemptive halt, cache_misses = 34226
preemptive halt, cache_misses = 34226
preemptive halt, cache_misses = 34226
preemptive halt, cache_misses = 34226
preemptive halt, cache_misses = 34226
preemptive halt, cache_misses = 34226
preemptive halt, cache_misses = 34226
preemptive halt, cache_misses = 34226
preemptive halt, cache_misses = 34226
preemptive halt, cache_misses = 34226
preemptive halt, cache_misses = 34226
preemptive halt, cache_misses = 34226
preemptive halt, cache_misses = 34226
preemptive halt, cache_misses = 34226
preemptive halt, cache_misses = 34226
preemptive halt, cache_misses = 34226
preemptive halt, cache_misses = 34226
preemptive halt, cache_misses = 34226
preemptive halt, cache_misses = 34226
preemptive halt, cache_misses = 34226
preemptive halt, cache_misses = 34226
preemptive halt, cache_misses = 34226
preemptive halt, cache_misses = 34226
preemptive halt, cache_misses = 34226
preemptive halt, cache_misses = 34226
preemptive halt, cache_misses = 34226
preemptive halt, cache_misses = 34226
preemptive halt, cache_misses = 34226
preemptive halt, cache_misses = 34226
preemptive halt, cache_misses = 34226
preemptive halt, cache_misses = 34226
preemptive halt, cache_misses = 34226
preemptive halt, cache_misses = 34226
preemptive halt, cache_misses = 34226
preemptive halt, cache_misses = 34226
preemptive halt, cache_misses = 34226
preemptive halt, cache_misses = 34226
preemptive halt, cache_misses = 34226
preemptive halt, cache_misses = 34226
preemptive halt, cache_misses = 34226
preemptive halt, cache_misses = 34226
preemptive halt, cache_misses = 34226
preemptive halt, cache_misses = 34226
preemptive halt, cache_misses = 34226
preemptive halt, cache_misses = 34226
preemptive halt, cache_misses = 34226
preemptive halt, cache_misses = 34226
preemptive halt, cache_misses = 34226
preemptive halt, cache_misses = 34226
preemptive halt, cache_misses = 34226
preemptive halt, cache_misses = 34226
preemptive halt, cache_misses = 34226
preemptive halt, cache_misses = 34226
preemptive halt, cache_misses = 34226
preemptive halt, cache_misses = 34226
preemptive halt, cache_misses = 34226
preemptive halt, cache_misses = 34226
preemptive halt, cache_misses = 34226
preemptive halt, cache_misses = 34226
preemptive halt, cache_misses = 34226
preemptive halt, cache_misses = 34226
preemptive halt, cache_misses = 34226
preemptive halt, cache_misses = 34226
preemptive halt, cache_misses = 34226
preemptive halt, cache_misses = 34226
preemptive halt, cache_misses = 34226
preemptive halt, cache_misses = 34226
preemptive halt, cache_misses = 34226
preemptive halt, cache_misses = 34226
preemptive halt, cache_misses = 34226
preemptive halt, cache_misses = 34226
preemptive halt, cache_misses = 34226
preemptive halt, cache_misses = 34226
preemptive halt, cache_misses = 34226
preemptive halt, cache_misses = 34226
preemptive halt, cache_misses = 34226
preemptive halt, cache_misses = 34226
preemptive halt, cache_misses = 34226
binary search, size 21875  misses 34226  min 21250  max 22500
preemptive halt, cache_misses = 34227
preemptive halt, cache_misses = 34227
preemptive halt, cache_misses = 34227
preemptive halt, cache_misses = 34227
preemptive halt, cache_misses = 34227
preemptive halt, cache_misses = 34227
preemptive halt, cache_misses = 34227
preemptive halt, cache_misses = 34227
preemptive halt, cache_misses = 34227
preemptive halt, cache_misses = 34227
preemptive halt, cache_misses = 34227
preemptive halt, cache_misses = 34227
preemptive halt, cache_misses = 34227
preemptive halt, cache_misses = 34227
preemptive halt, cache_misses = 34227
preemptive halt, cache_misses = 34227
preemptive halt, cache_misses = 34227
preemptive halt, cache_misses = 34227
preemptive halt, cache_misses = 34227
preemptive halt, cache_misses = 34227
preemptive halt, cache_misses = 34227
preemptive halt, cache_misses = 34227
preemptive halt, cache_misses = 34227
preemptive halt, cache_misses = 34227
preemptive halt, cache_misses = 34227
preemptive halt, cache_misses = 34227
preemptive halt, cache_misses = 34227
preemptive halt, cache_misses = 34227
preemptive halt, cache_misses = 34227
preemptive halt, cache_misses = 34227
preemptive halt, cache_misses = 34227
preemptive halt, cache_misses = 34227
preemptive halt, cache_misses = 34227
preemptive halt, cache_misses = 34227
preemptive halt, cache_misses = 34227
preemptive halt, cache_misses = 34227
preemptive halt, cache_misses = 34227
preemptive halt, cache_misses = 34227
preemptive halt, cache_misses = 34227
preemptive halt, cache_misses = 34227
preemptive halt, cache_misses = 34227
preemptive halt, cache_misses = 34227
preemptive halt, cache_misses = 34227
preemptive halt, cache_misses = 34227
preemptive halt, cache_misses = 34227
preemptive halt, cache_misses = 34227
preemptive halt, cache_misses = 34227
preemptive halt, cache_misses = 34227
preemptive halt, cache_misses = 34227
preemptive halt, cache_misses = 34227
preemptive halt, cache_misses = 34227
preemptive halt, cache_misses = 34227
preemptive halt, cache_misses = 34227
preemptive halt, cache_misses = 34227
preemptive halt, cache_misses = 34227
preemptive halt, cache_misses = 34227
preemptive halt, cache_misses = 34227
preemptive halt, cache_misses = 34227
preemptive halt, cache_misses = 34227
preemptive halt, cache_misses = 34227
preemptive halt, cache_misses = 34227
preemptive halt, cache_misses = 34227
preemptive halt, cache_misses = 34227
preemptive halt, cache_misses = 34227
preemptive halt, cache_misses = 34227
preemptive halt, cache_misses = 34227
preemptive halt, cache_misses = 34227
preemptive halt, cache_misses = 34227
preemptive halt, cache_misses = 34227
preemptive halt, cache_misses = 34227
preemptive halt, cache_misses = 34227
preemptive halt, cache_misses = 34227
preemptive halt, cache_misses = 34227
preemptive halt, cache_misses = 34227
preemptive halt, cache_misses = 34227
preemptive halt, cache_misses = 34227
preemptive halt, cache_misses = 34227
preemptive halt, cache_misses = 34227
preemptive halt, cache_misses = 34227
preemptive halt, cache_misses = 34227
preemptive halt, cache_misses = 34227
preemptive halt, cache_misses = 34227
preemptive halt, cache_misses = 34227
preemptive halt, cache_misses = 34227
preemptive halt, cache_misses = 34227
preemptive halt, cache_misses = 34227
preemptive halt, cache_misses = 34227
preemptive halt, cache_misses = 34227
preemptive halt, cache_misses = 34227
preemptive halt, cache_misses = 34227
preemptive halt, cache_misses = 34227
preemptive halt, cache_misses = 34227
preemptive halt, cache_misses = 34227
preemptive halt, cache_misses = 34227
preemptive halt, cache_misses = 34227
preemptive halt, cache_misses = 34227
preemptive halt, cache_misses = 34227
preemptive halt, cache_misses = 34227
preemptive halt, cache_misses = 34227
preemptive halt, cache_misses = 34227
preemptive halt, cache_misses = 34227
preemptive halt, cache_misses = 34227
preemptive halt, cache_misses = 34227
preemptive halt, cache_misses = 34227
preemptive halt, cache_misses = 34227
preemptive halt, cache_misses = 34227
preemptive halt, cache_misses = 34227
preemptive halt, cache_misses = 34227
preemptive halt, cache_misses = 34227
preemptive halt, cache_misses = 34227
preemptive halt, cache_misses = 34227
preemptive halt, cache_misses = 34227
preemptive halt, cache_misses = 34227
preemptive halt, cache_misses = 34227
preemptive halt, cache_misses = 34227
preemptive halt, cache_misses = 34227
preemptive halt, cache_misses = 34227
preemptive halt, cache_misses = 34227
binary search, size 22187  misses 34227  min 21875  max 22500
preemptive halt, cache_misses = 34228
preemptive halt, cache_misses = 34228
preemptive halt, cache_misses = 34228
preemptive halt, cache_misses = 34228
preemptive halt, cache_misses = 34228
preemptive halt, cache_misses = 34228
preemptive halt, cache_misses = 34228
preemptive halt, cache_misses = 34228
preemptive halt, cache_misses = 34228
preemptive halt, cache_misses = 34228
preemptive halt, cache_misses = 34228
preemptive halt, cache_misses = 34228
preemptive halt, cache_misses = 34228
preemptive halt, cache_misses = 34228
preemptive halt, cache_misses = 34228
preemptive halt, cache_misses = 34228
preemptive halt, cache_misses = 34228
preemptive halt, cache_misses = 34228
preemptive halt, cache_misses = 34228
preemptive halt, cache_misses = 34228
preemptive halt, cache_misses = 34228
preemptive halt, cache_misses = 34228
preemptive halt, cache_misses = 34228
preemptive halt, cache_misses = 34228
preemptive halt, cache_misses = 34228
preemptive halt, cache_misses = 34228
preemptive halt, cache_misses = 34228
preemptive halt, cache_misses = 34228
preemptive halt, cache_misses = 34228
preemptive halt, cache_misses = 34228
preemptive halt, cache_misses = 34228
preemptive halt, cache_misses = 34228
preemptive halt, cache_misses = 34228
preemptive halt, cache_misses = 34228
preemptive halt, cache_misses = 34228
preemptive halt, cache_misses = 34228
preemptive halt, cache_misses = 34228
preemptive halt, cache_misses = 34228
preemptive halt, cache_misses = 34228
preemptive halt, cache_misses = 34228
preemptive halt, cache_misses = 34228
preemptive halt, cache_misses = 34228
preemptive halt, cache_misses = 34228
preemptive halt, cache_misses = 34228
preemptive halt, cache_misses = 34228
preemptive halt, cache_misses = 34228
preemptive halt, cache_misses = 34228
preemptive halt, cache_misses = 34228
preemptive halt, cache_misses = 34228
preemptive halt, cache_misses = 34228
preemptive halt, cache_misses = 34228
preemptive halt, cache_misses = 34228
preemptive halt, cache_misses = 34228
preemptive halt, cache_misses = 34228
preemptive halt, cache_misses = 34228
preemptive halt, cache_misses = 34228
preemptive halt, cache_misses = 34228
preemptive halt, cache_misses = 34228
preemptive halt, cache_misses = 34228
preemptive halt, cache_misses = 34228
preemptive halt, cache_misses = 34228
preemptive halt, cache_misses = 34228
preemptive halt, cache_misses = 34228
preemptive halt, cache_misses = 34228
preemptive halt, cache_misses = 34228
preemptive halt, cache_misses = 34228
preemptive halt, cache_misses = 34228
preemptive halt, cache_misses = 34228
preemptive halt, cache_misses = 34228
preemptive halt, cache_misses = 34228
preemptive halt, cache_misses = 34228
preemptive halt, cache_misses = 34228
preemptive halt, cache_misses = 34228
preemptive halt, cache_misses = 34228
preemptive halt, cache_misses = 34228
preemptive halt, cache_misses = 34228
preemptive halt, cache_misses = 34228
preemptive halt, cache_misses = 34228
preemptive halt, cache_misses = 34228
preemptive halt, cache_misses = 34228
preemptive halt, cache_misses = 34228
preemptive halt, cache_misses = 34228
preemptive halt, cache_misses = 34228
preemptive halt, cache_misses = 34228
preemptive halt, cache_misses = 34228
preemptive halt, cache_misses = 34228
preemptive halt, cache_misses = 34228
preemptive halt, cache_misses = 34228
preemptive halt, cache_misses = 34228
preemptive halt, cache_misses = 34228
preemptive halt, cache_misses = 34228
preemptive halt, cache_misses = 34228
preemptive halt, cache_misses = 34228
preemptive halt, cache_misses = 34228
preemptive halt, cache_misses = 34228
preemptive halt, cache_misses = 34228
preemptive halt, cache_misses = 34228
preemptive halt, cache_misses = 34228
preemptive halt, cache_misses = 34228
preemptive halt, cache_misses = 34228
preemptive halt, cache_misses = 34228
preemptive halt, cache_misses = 34228
preemptive halt, cache_misses = 34228
preemptive halt, cache_misses = 34228
preemptive halt, cache_misses = 34228
preemptive halt, cache_misses = 34228
preemptive halt, cache_misses = 34228
preemptive halt, cache_misses = 34228
preemptive halt, cache_misses = 34228
preemptive halt, cache_misses = 34228
preemptive halt, cache_misses = 34228
preemptive halt, cache_misses = 34228
preemptive halt, cache_misses = 34228
preemptive halt, cache_misses = 34228
preemptive halt, cache_misses = 34228
preemptive halt, cache_misses = 34228
preemptive halt, cache_misses = 34228
preemptive halt, cache_misses = 34228
preemptive halt, cache_misses = 34228
preemptive halt, cache_misses = 34228
binary search, size 22343  misses 34228  min 22187  max 22500
preemptive halt, cache_misses = 34229
preemptive halt, cache_misses = 34229
preemptive halt, cache_misses = 34229
preemptive halt, cache_misses = 34229
preemptive halt, cache_misses = 34229
preemptive halt, cache_misses = 34229
preemptive halt, cache_misses = 34229
preemptive halt, cache_misses = 34229
preemptive halt, cache_misses = 34229
preemptive halt, cache_misses = 34229
preemptive halt, cache_misses = 34229
preemptive halt, cache_misses = 34229
preemptive halt, cache_misses = 34229
preemptive halt, cache_misses = 34229
preemptive halt, cache_misses = 34229
preemptive halt, cache_misses = 34229
preemptive halt, cache_misses = 34229
preemptive halt, cache_misses = 34229
preemptive halt, cache_misses = 34229
preemptive halt, cache_misses = 34229
preemptive halt, cache_misses = 34229
preemptive halt, cache_misses = 34229
preemptive halt, cache_misses = 34229
preemptive halt, cache_misses = 34229
preemptive halt, cache_misses = 34229
preemptive halt, cache_misses = 34229
preemptive halt, cache_misses = 34229
preemptive halt, cache_misses = 34229
preemptive halt, cache_misses = 34229
preemptive halt, cache_misses = 34229
preemptive halt, cache_misses = 34229
preemptive halt, cache_misses = 34229
preemptive halt, cache_misses = 34229
preemptive halt, cache_misses = 34229
preemptive halt, cache_misses = 34229
preemptive halt, cache_misses = 34229
preemptive halt, cache_misses = 34229
preemptive halt, cache_misses = 34229
preemptive halt, cache_misses = 34229
preemptive halt, cache_misses = 34229
preemptive halt, cache_misses = 34229
preemptive halt, cache_misses = 34229
preemptive halt, cache_misses = 34229
preemptive halt, cache_misses = 34229
preemptive halt, cache_misses = 34229
preemptive halt, cache_misses = 34229
preemptive halt, cache_misses = 34229
preemptive halt, cache_misses = 34229
preemptive halt, cache_misses = 34229
preemptive halt, cache_misses = 34229
preemptive halt, cache_misses = 34229
preemptive halt, cache_misses = 34229
preemptive halt, cache_misses = 34229
preemptive halt, cache_misses = 34229
preemptive halt, cache_misses = 34229
preemptive halt, cache_misses = 34229
preemptive halt, cache_misses = 34229
preemptive halt, cache_misses = 34229
preemptive halt, cache_misses = 34229
preemptive halt, cache_misses = 34229
preemptive halt, cache_misses = 34229
preemptive halt, cache_misses = 34229
preemptive halt, cache_misses = 34229
preemptive halt, cache_misses = 34229
preemptive halt, cache_misses = 34229
preemptive halt, cache_misses = 34229
preemptive halt, cache_misses = 34229
preemptive halt, cache_misses = 34229
preemptive halt, cache_misses = 34229
preemptive halt, cache_misses = 34229
preemptive halt, cache_misses = 34229
preemptive halt, cache_misses = 34229
preemptive halt, cache_misses = 34229
preemptive halt, cache_misses = 34229
preemptive halt, cache_misses = 34229
preemptive halt, cache_misses = 34229
preemptive halt, cache_misses = 34229
preemptive halt, cache_misses = 34229
preemptive halt, cache_misses = 34229
preemptive halt, cache_misses = 34229
preemptive halt, cache_misses = 34229
preemptive halt, cache_misses = 34229
preemptive halt, cache_misses = 34229
preemptive halt, cache_misses = 34229
preemptive halt, cache_misses = 34229
preemptive halt, cache_misses = 34229
preemptive halt, cache_misses = 34229
preemptive halt, cache_misses = 34229
preemptive halt, cache_misses = 34229
preemptive halt, cache_misses = 34229
preemptive halt, cache_misses = 34229
preemptive halt, cache_misses = 34229
preemptive halt, cache_misses = 34229
preemptive halt, cache_misses = 34229
preemptive halt, cache_misses = 34229
preemptive halt, cache_misses = 34229
preemptive halt, cache_misses = 34229
preemptive halt, cache_misses = 34229
preemptive halt, cache_misses = 34229
preemptive halt, cache_misses = 34229
preemptive halt, cache_misses = 34229
preemptive halt, cache_misses = 34229
preemptive halt, cache_misses = 34229
preemptive halt, cache_misses = 34229
preemptive halt, cache_misses = 34229
preemptive halt, cache_misses = 34229
preemptive halt, cache_misses = 34229
preemptive halt, cache_misses = 34229
preemptive halt, cache_misses = 34229
preemptive halt, cache_misses = 34229
preemptive halt, cache_misses = 34229
preemptive halt, cache_misses = 34229
preemptive halt, cache_misses = 34229
preemptive halt, cache_misses = 34229
preemptive halt, cache_misses = 34229
preemptive halt, cache_misses = 34229
preemptive halt, cache_misses = 34229
preemptive halt, cache_misses = 34229
preemptive halt, cache_misses = 34229
preemptive halt, cache_misses = 34229
preemptive halt, cache_misses = 34229
preemptive halt, cache_misses = 34229
binary search, size 22421  misses 34229  min 22343  max 22500
binary search, size 22460  misses 34224  min 22421  max 22500
preemptive halt, cache_misses = 34225
preemptive halt, cache_misses = 34225
preemptive halt, cache_misses = 34225
preemptive halt, cache_misses = 34225
preemptive halt, cache_misses = 34225
preemptive halt, cache_misses = 34225
preemptive halt, cache_misses = 34225
preemptive halt, cache_misses = 34225
preemptive halt, cache_misses = 34225
preemptive halt, cache_misses = 34225
preemptive halt, cache_misses = 34225
preemptive halt, cache_misses = 34225
preemptive halt, cache_misses = 34225
preemptive halt, cache_misses = 34225
preemptive halt, cache_misses = 34225
preemptive halt, cache_misses = 34225
preemptive halt, cache_misses = 34225
preemptive halt, cache_misses = 34225
preemptive halt, cache_misses = 34225
preemptive halt, cache_misses = 34225
preemptive halt, cache_misses = 34225
preemptive halt, cache_misses = 34225
preemptive halt, cache_misses = 34225
preemptive halt, cache_misses = 34225
preemptive halt, cache_misses = 34225
preemptive halt, cache_misses = 34225
preemptive halt, cache_misses = 34225
preemptive halt, cache_misses = 34225
preemptive halt, cache_misses = 34225
preemptive halt, cache_misses = 34225
preemptive halt, cache_misses = 34225
preemptive halt, cache_misses = 34225
preemptive halt, cache_misses = 34225
preemptive halt, cache_misses = 34225
preemptive halt, cache_misses = 34225
preemptive halt, cache_misses = 34225
preemptive halt, cache_misses = 34225
preemptive halt, cache_misses = 34225
preemptive halt, cache_misses = 34225
preemptive halt, cache_misses = 34225
preemptive halt, cache_misses = 34225
preemptive halt, cache_misses = 34225
preemptive halt, cache_misses = 34225
preemptive halt, cache_misses = 34225
preemptive halt, cache_misses = 34225
preemptive halt, cache_misses = 34225
preemptive halt, cache_misses = 34225
preemptive halt, cache_misses = 34225
preemptive halt, cache_misses = 34225
preemptive halt, cache_misses = 34225
preemptive halt, cache_misses = 34225
preemptive halt, cache_misses = 34225
preemptive halt, cache_misses = 34225
preemptive halt, cache_misses = 34225
preemptive halt, cache_misses = 34225
preemptive halt, cache_misses = 34225
preemptive halt, cache_misses = 34225
preemptive halt, cache_misses = 34225
preemptive halt, cache_misses = 34225
preemptive halt, cache_misses = 34225
preemptive halt, cache_misses = 34225
preemptive halt, cache_misses = 34225
preemptive halt, cache_misses = 34225
preemptive halt, cache_misses = 34225
preemptive halt, cache_misses = 34225
preemptive halt, cache_misses = 34225
preemptive halt, cache_misses = 34225
preemptive halt, cache_misses = 34225
preemptive halt, cache_misses = 34225
preemptive halt, cache_misses = 34225
preemptive halt, cache_misses = 34225
preemptive halt, cache_misses = 34225
preemptive halt, cache_misses = 34225
preemptive halt, cache_misses = 34225
preemptive halt, cache_misses = 34225
preemptive halt, cache_misses = 34225
preemptive halt, cache_misses = 34225
preemptive halt, cache_misses = 34225
preemptive halt, cache_misses = 34225
preemptive halt, cache_misses = 34225
preemptive halt, cache_misses = 34225
preemptive halt, cache_misses = 34225
preemptive halt, cache_misses = 34225
preemptive halt, cache_misses = 34225
preemptive halt, cache_misses = 34225
preemptive halt, cache_misses = 34225
preemptive halt, cache_misses = 34225
preemptive halt, cache_misses = 34225
preemptive halt, cache_misses = 34225
preemptive halt, cache_misses = 34225
preemptive halt, cache_misses = 34225
preemptive halt, cache_misses = 34225
preemptive halt, cache_misses = 34225
preemptive halt, cache_misses = 34225
preemptive halt, cache_misses = 34225
preemptive halt, cache_misses = 34225
preemptive halt, cache_misses = 34225
preemptive halt, cache_misses = 34225
preemptive halt, cache_misses = 34225
preemptive halt, cache_misses = 34225
preemptive halt, cache_misses = 34225
preemptive halt, cache_misses = 34225
preemptive halt, cache_misses = 34225
preemptive halt, cache_misses = 34225
preemptive halt, cache_misses = 34225
preemptive halt, cache_misses = 34225
preemptive halt, cache_misses = 34225
preemptive halt, cache_misses = 34225
preemptive halt, cache_misses = 34225
preemptive halt, cache_misses = 34225
preemptive halt, cache_misses = 34225
preemptive halt, cache_misses = 34225
preemptive halt, cache_misses = 34225
preemptive halt, cache_misses = 34225
binary search, size 22440  misses 34225  min 22421  max 22460
binary search, size 22450  misses 34224  min 22440  max 22460
binary search, size 22445  misses 34224  min 22440  max 22450
binary search, size 22442  misses 34224  min 22440  max 22445
binary search, size 22441  misses 34224  min 22440  max 22442
characteristic cache size (binary search) for 184 = 22441
End at: 2021-04-02 02:16:59.830636
Time elapsed: 0:00:00.640784
